logs for node: 1

----- Stdout -----
2530902:C 19 Oct 2023 11:26:01.733 # WARNING Memory overcommit must be enabled! Without it, a background save or replication may fail under low memory condition. Being disabled, it can also cause failures without low memory condition, see https://github.com/jemalloc/jemalloc/issues/1328. To fix this issue add 'vm.overcommit_memory = 1' to /etc/sysctl.conf and then reboot or run the command 'sysctl vm.overcommit_memory=1' for this to take effect.
2530902:C 19 Oct 2023 11:26:01.733 * oO0OoO0OoO0Oo Redis is starting oO0OoO0OoO0Oo
2530902:C 19 Oct 2023 11:26:01.733 * Redis version=255.255.255, bits=64, commit=e04ebdb8, modified=1, pid=2530902, just started
2530902:C 19 Oct 2023 11:26:01.733 * Configuration loaded
2530902:M 19 Oct 2023 11:26:01.733 * monotonic clock: POSIX clock_gettime
2530902:M 19 Oct 2023 11:26:01.734 * Running mode=standalone, port=5071.
2530902:M 19 Oct 2023 11:26:01.738 * <raft> RedisRaft version 255.255.255 [c259f3d2]
2530902:M 19 Oct 2023 11:26:01.742 * <raft> Initializing test network
2530902:M 19 Oct 2023 11:26:01.743 * <raft> Created test network client
2530902:M 19 Oct 2023 11:26:01.745 * <raft> Raft module loaded, state is 'loading'
2530902:M 19 Oct 2023 11:26:01.745 * Module 'raft' loaded from /home/snagendra/Fuzzing/redisraft-fuzzing/redisraft.so
2530902:M 19 Oct 2023 11:26:01.745 * Server initialized
2530902:M 19 Oct 2023 11:26:01.745 . The AOF directory appendonlydir doesn't exist
2530902:M 19 Oct 2023 11:26:01.745 * Ready to accept connections tcp
2530902:M 19 Oct 2023 11:26:01.745 . 0 clients connected (0 replicas), 1746656 bytes in use

----- Stderr -----




logs for node: 2

----- Stdout -----
2530051:C 19 Oct 2023 11:26:00.737 # WARNING Memory overcommit must be enabled! Without it, a background save or replication may fail under low memory condition. Being disabled, it can also cause failures without low memory condition, see https://github.com/jemalloc/jemalloc/issues/1328. To fix this issue add 'vm.overcommit_memory = 1' to /etc/sysctl.conf and then reboot or run the command 'sysctl vm.overcommit_memory=1' for this to take effect.
2530051:C 19 Oct 2023 11:26:00.737 * oO0OoO0OoO0Oo Redis is starting oO0OoO0OoO0Oo
2530051:C 19 Oct 2023 11:26:00.737 * Redis version=255.255.255, bits=64, commit=e04ebdb8, modified=1, pid=2530051, just started
2530051:C 19 Oct 2023 11:26:00.737 * Configuration loaded
2530051:M 19 Oct 2023 11:26:00.738 * monotonic clock: POSIX clock_gettime
2530051:M 19 Oct 2023 11:26:00.738 * Running mode=standalone, port=5072.
2530051:M 19 Oct 2023 11:26:00.742 * <raft> RedisRaft version 255.255.255 [c259f3d2]
2530051:M 19 Oct 2023 11:26:00.747 * <raft> Initializing test network
2530051:M 19 Oct 2023 11:26:00.747 * <raft> Created test network client
2530051:M 19 Oct 2023 11:26:00.764 * <raft> Raft module loaded, state is 'loading'
2530051:M 19 Oct 2023 11:26:00.764 * Module 'raft' loaded from /home/snagendra/Fuzzing/redisraft-fuzzing/redisraft.so
2530051:M 19 Oct 2023 11:26:00.765 * Server initialized
2530051:M 19 Oct 2023 11:26:00.765 . The AOF directory appendonlydir doesn't exist
2530051:M 19 Oct 2023 11:26:00.765 * Ready to accept connections tcp
2530051:M 19 Oct 2023 11:26:00.765 . 0 clients connected (0 replicas), 1746656 bytes in use
2530051:M 19 Oct 2023 11:26:00.865 * <raft> Loading: Redis loading complete, snapshot NOT LOADED
2530051:M 19 Oct 2023 11:26:00.866 * <raft> Cluster Membership: term:0 index:0 nodes: id=2,voting=0,active=1,addr=-
2530051:M 19 Oct 2023 11:26:00.866 * <raft> Test network starting message polling thread
2530051:M 19 Oct 2023 11:26:00.866 * <raft> Cluster Membership: term:0 index:4 nodes: id=2,voting=0,active=1,addr=- id=1,voting=1,active=1,addr=localhost:5071
2530051:M 19 Oct 2023 11:26:00.867 * <raft> Cluster Membership: term:0 index:4 nodes: id=2,voting=0,active=1,addr=- id=1,voting=1,active=1,addr=localhost:5071 id=3,voting=0,active=1,addr=localhost:5073
2530051:M 19 Oct 2023 11:26:00.867 * <raft> Raft state after loading log: log_count=4, first_idx=1, current_idx=4, last_applied_idx=0
2530051:M 19 Oct 2023 11:26:00.867 . <raft> Raft term=1, vote=-1
2530051:M 19 Oct 2023 11:26:00.985 - Accepted 127.0.0.1:59492
2530051:M 19 Oct 2023 11:26:00.985 # Missing implement of connection type tls
2530051:M 19 Oct 2023 11:26:01.136 - Client closed connection id=8 addr=127.0.0.1:59492 laddr=127.0.0.1:5072 fd=11 name= age=1 idle=1 flags=N db=0 sub=0 psub=0 ssub=0 multi=-1 qbuf=0 qbuf-free=20474 argv-mem=0 multi-mem=0 rbs=16384 rbp=0 obl=0 oll=0 omem=0 tot-mem=37760 events=r cmd=auth user=default redir=-1 resp=2 lib-name= lib-ver=

----- Stderr -----




logs for node: 3

----- Stdout -----
2530700:C 19 Oct 2023 11:26:01.422 # WARNING Memory overcommit must be enabled! Without it, a background save or replication may fail under low memory condition. Being disabled, it can also cause failures without low memory condition, see https://github.com/jemalloc/jemalloc/issues/1328. To fix this issue add 'vm.overcommit_memory = 1' to /etc/sysctl.conf and then reboot or run the command 'sysctl vm.overcommit_memory=1' for this to take effect.
2530700:C 19 Oct 2023 11:26:01.422 * oO0OoO0OoO0Oo Redis is starting oO0OoO0OoO0Oo
2530700:C 19 Oct 2023 11:26:01.422 * Redis version=255.255.255, bits=64, commit=e04ebdb8, modified=1, pid=2530700, just started
2530700:C 19 Oct 2023 11:26:01.422 * Configuration loaded
2530700:M 19 Oct 2023 11:26:01.423 * monotonic clock: POSIX clock_gettime
2530700:M 19 Oct 2023 11:26:01.423 * Running mode=standalone, port=5073.
2530700:M 19 Oct 2023 11:26:01.427 * <raft> RedisRaft version 255.255.255 [c259f3d2]
2530700:M 19 Oct 2023 11:26:01.431 * <raft> Initializing test network
2530700:M 19 Oct 2023 11:26:01.432 * <raft> Created test network client
2530700:M 19 Oct 2023 11:26:01.453 * <raft> Raft module loaded, state is 'loading'
2530700:M 19 Oct 2023 11:26:01.453 * Module 'raft' loaded from /home/snagendra/Fuzzing/redisraft-fuzzing/redisraft.so
2530700:M 19 Oct 2023 11:26:01.453 * Server initialized
2530700:M 19 Oct 2023 11:26:01.453 . The AOF directory appendonlydir doesn't exist
2530700:M 19 Oct 2023 11:26:01.453 * Ready to accept connections tcp
2530700:M 19 Oct 2023 11:26:01.453 . 0 clients connected (0 replicas), 1746688 bytes in use
2530700:M 19 Oct 2023 11:26:01.553 * <raft> Loading: Redis loading complete, snapshot NOT LOADED
2530700:M 19 Oct 2023 11:26:01.554 * <raft> Cluster Membership: term:0 index:0 nodes: id=3,voting=0,active=1,addr=-
2530700:M 19 Oct 2023 11:26:01.554 * <raft> Test network starting message polling thread


=== REDIS BUG REPORT START: Cut & paste starting from here ===
2530700:M 19 Oct 2023 11:26:01.554 # Redis 255.255.255 crashed by signal: 6, si_code: -6
2530700:M 19 Oct 2023 11:26:01.554 # Crashed running the instruction at: 0x7f1ab3ce7ce1

------ STACK TRACE ------
EIP:
/lib/x86_64-linux-gnu/libc.so.6(gsignal+0x141)[0x7f1ab3ce7ce1]

Backtrace:
/lib/x86_64-linux-gnu/libpthread.so.0(+0x13140)[0x7f1ab3e96140]
/lib/x86_64-linux-gnu/libc.so.6(gsignal+0x141)[0x7f1ab3ce7ce1]
/lib/x86_64-linux-gnu/libc.so.6(abort+0x123)[0x7f1ab3cd1537]
/lib/x86_64-linux-gnu/libc.so.6(+0x2240f)[0x7f1ab3cd140f]
/lib/x86_64-linux-gnu/libc.so.6(+0x31662)[0x7f1ab3ce0662]
/home/snagendra/Fuzzing/redisraft-fuzzing/redisraft.so(+0x3cc2a)[0x7f1ab3c5dc2a]
/home/snagendra/Fuzzing/redisraft-fuzzing/redisraft.so(callRaftPeriodic+0x477)[0x7f1ab3c4e1b7]
/home/snagendra/Fuzzing/redis/src/redis-server 0.0.0.0:5073(moduleTimerHandler+0x21c)[0x564cbe4c698c]
/home/snagendra/Fuzzing/redis/src/redis-server 0.0.0.0:5073(+0x81705)[0x564cbe3d0705]
/home/snagendra/Fuzzing/redis/src/redis-server 0.0.0.0:5073(aeMain+0x1c8)[0x564cbe3dacb8]
/home/snagendra/Fuzzing/redis/src/redis-server 0.0.0.0:5073(main+0x3cd)[0x564cbe3cfe2d]
/lib/x86_64-linux-gnu/libc.so.6(__libc_start_main+0xea)[0x7f1ab3cd2d0a]
/home/snagendra/Fuzzing/redis/src/redis-server 0.0.0.0:5073(_start+0x2a)[0x564cbe3d05aa]

------ REGISTERS ------
2530700:M 19 Oct 2023 11:26:01.555 # 
RAX:0000000000000000 RBX:00007f1ab3cae680
RCX:00007f1ab3ce7ce1 RDX:0000000000000000
RDI:0000000000000002 RSI:00007ffcf4cde8e0
RBP:00007f1ab3e48688 RSP:00007ffcf4cde8e0
R8 :0000000000000000 R9 :00007ffcf4cde8e0
R10:0000000000000008 R11:0000000000000246
R12:00007f1ab3c896e0 R13:00000000000006a6
R14:00007f1ab3c8a01c R15:0000000000000000
RIP:00007f1ab3ce7ce1 EFL:0000000000000246
CSGSFS:002b000000000033
2530700:M 19 Oct 2023 11:26:01.555 # (00007ffcf4cde8ef) -> 0000000000000000
2530700:M 19 Oct 2023 11:26:01.555 # (00007ffcf4cde8ee) -> 0000000000000000
2530700:M 19 Oct 2023 11:26:01.555 # (00007ffcf4cde8ed) -> 0000000000000000
2530700:M 19 Oct 2023 11:26:01.555 # (00007ffcf4cde8ec) -> 0000000000000000
2530700:M 19 Oct 2023 11:26:01.555 # (00007ffcf4cde8eb) -> 0000000000000000
2530700:M 19 Oct 2023 11:26:01.555 # (00007ffcf4cde8ea) -> 0000564cc016dc9c
2530700:M 19 Oct 2023 11:26:01.555 # (00007ffcf4cde8e9) -> 0000564cc016db70
2530700:M 19 Oct 2023 11:26:01.555 # (00007ffcf4cde8e8) -> 0000564cc016dc9c
2530700:M 19 Oct 2023 11:26:01.555 # (00007ffcf4cde8e7) -> 0000564cc016dc15
2530700:M 19 Oct 2023 11:26:01.555 # (00007ffcf4cde8e6) -> 0000564cc016db70
2530700:M 19 Oct 2023 11:26:01.555 # (00007ffcf4cde8e5) -> 0000564cc016db70
2530700:M 19 Oct 2023 11:26:01.555 # (00007ffcf4cde8e4) -> 0000564cc016dbd5
2530700:M 19 Oct 2023 11:26:01.555 # (00007ffcf4cde8e3) -> 0000564cc016db70
2530700:M 19 Oct 2023 11:26:01.555 # (00007ffcf4cde8e2) -> 00007f1afbad8000
2530700:M 19 Oct 2023 11:26:01.555 # (00007ffcf4cde8e1) -> 00007f1ab3d282ac
2530700:M 19 Oct 2023 11:26:01.555 # (00007ffcf4cde8e0) -> 0000000000000000

------ INFO OUTPUT ------
# Server
redis_version:255.255.255
redis_git_sha1:e04ebdb8
redis_git_dirty:1
redis_build_id:1f78dcc7b4fbdd25
redis_mode:standalone
os:Linux 5.15.111.1.amd64-smp x86_64
arch_bits:64
monotonic_clock:POSIX clock_gettime
multiplexing_api:epoll
atomicvar_api:c11-builtin
gcc_version:10.2.1
process_id:2530700
process_supervised:no
run_id:f522221220df448363adb416984fb8b1cf46d088
tcp_port:5073
server_time_usec:1697707561553819
uptime_in_seconds:0
uptime_in_days:0
hz:10
configured_hz:10
lru_clock:3208745
executable:/home/snagendra/Fuzzing/redis/src/redis-server
config_file:
io_threads_active:0
listener0:name=tcp,bind=0.0.0.0,port=5073

# Clients
connected_clients:0
cluster_connections:0
maxclients:10000
client_recent_max_input_buffer:0
client_recent_max_output_buffer:0
blocked_clients:0
tracking_clients:0
clients_in_timeout_table:0
total_blocking_keys:0
total_blocking_keys_on_nokey:0

# Memory
used_memory:1753904
used_memory_human:1.67M
used_memory_rss:15241216
used_memory_rss_human:14.54M
used_memory_peak:1753904
used_memory_peak_human:1.67M
used_memory_peak_perc:100.41%
used_memory_overhead:1746728
used_memory_startup:1746544
used_memory_dataset:7176
used_memory_dataset_perc:97.50%
allocator_allocated:2062152
allocator_active:2621440
allocator_resident:10874880
total_system_memory:270386737152
total_system_memory_human:251.82G
used_memory_lua:31744
used_memory_vm_eval:31744
used_memory_lua_human:31.00K
used_memory_scripts_eval:0
number_of_cached_scripts:0
number_of_functions:0
number_of_libraries:0
used_memory_vm_functions:32768
used_memory_vm_total:64512
used_memory_vm_total_human:63.00K
used_memory_functions:184
used_memory_scripts:184
used_memory_scripts_human:184B
maxmemory:0
maxmemory_human:0B
maxmemory_policy:noeviction
allocator_frag_ratio:1.27
allocator_frag_bytes:559288
allocator_rss_ratio:4.15
allocator_rss_bytes:8253440
rss_overhead_ratio:1.40
rss_overhead_bytes:4366336
mem_fragmentation_ratio:8.73
mem_fragmentation_bytes:13494528
mem_not_counted_for_evict:0
mem_replication_backlog:0
mem_total_replication_buffers:0
mem_clients_slaves:0
mem_clients_normal:0
mem_cluster_links:0
mem_aof_buffer:0
mem_allocator:jemalloc-5.3.0
active_defrag_running:0
lazyfree_pending_objects:0
lazyfreed_objects:0

# Persistence
loading:0
async_loading:0
current_cow_peak:0
current_cow_size:0
current_cow_size_age:0
current_fork_perc:0.00
current_save_keys_processed:0
current_save_keys_total:0
rdb_changes_since_last_save:0
rdb_bgsave_in_progress:0
rdb_last_save_time:1697707561
rdb_last_bgsave_status:ok
rdb_last_bgsave_time_sec:-1
rdb_current_bgsave_time_sec:-1
rdb_saves:0
rdb_last_cow_size:0
rdb_last_load_keys_expired:0
rdb_last_load_keys_loaded:0
aof_enabled:0
aof_rewrite_in_progress:0
aof_rewrite_scheduled:0
aof_last_rewrite_time_sec:-1
aof_current_rewrite_time_sec:-1
aof_last_bgrewrite_status:ok
aof_rewrites:0
aof_rewrites_consecutive_failures:0
aof_last_write_status:ok
aof_last_cow_size:0
module_fork_in_progress:0
module_fork_last_cow_size:0

# Stats
total_connections_received:0
total_commands_processed:6
instantaneous_ops_per_sec:12
total_net_input_bytes:0
total_net_output_bytes:0
total_net_repl_input_bytes:0
total_net_repl_output_bytes:0
instantaneous_input_kbps:0.00
instantaneous_output_kbps:0.00
instantaneous_input_repl_kbps:0.00
instantaneous_output_repl_kbps:0.00
rejected_connections:0
sync_full:0
sync_partial_ok:0
sync_partial_err:0
expired_keys:0
expired_stale_perc:0.00
expired_time_cap_reached_count:0
expire_cycle_cpu_milliseconds:0
evicted_keys:0
evicted_clients:0
total_eviction_exceeded_time:0
current_eviction_exceeded_time:0
keyspace_hits:0
keyspace_misses:0
pubsub_channels:0
pubsub_patterns:0
pubsubshard_channels:0
latest_fork_usec:0
total_forks:0
migrate_cached_sockets:0
slave_expires_tracked_keys:0
active_defrag_hits:0
active_defrag_misses:0
active_defrag_key_hits:0
active_defrag_key_misses:0
total_active_defrag_time:0
current_active_defrag_time:0
tracking_total_keys:0
tracking_total_items:0
tracking_total_prefixes:0
unexpected_error_replies:0
total_error_replies:0
dump_payload_sanitizations:0
total_reads_processed:0
total_writes_processed:0
io_threaded_reads_processed:0
io_threaded_writes_processed:0
reply_buffer_shrinks:0
reply_buffer_expands:0
acl_access_denied_auth:0
acl_access_denied_cmd:0
acl_access_denied_key:0
acl_access_denied_channel:0

# Replication
role:master
connected_slaves:0
master_failover_state:no-failover
master_replid:184133f95e562822cc08e1d2701032eabb2fd91f
master_replid2:0000000000000000000000000000000000000000
master_repl_offset:0
second_repl_offset:-1
repl_backlog_active:0
repl_backlog_size:1048576
repl_backlog_first_byte_offset:0
repl_backlog_histlen:0

# CPU
used_cpu_sys:0.007052
used_cpu_user:0.007052
used_cpu_sys_children:0.000000
used_cpu_user_children:0.000000
used_cpu_sys_main_thread:0.006820
used_cpu_user_main_thread:0.006820

# Modules
module:name=raft,ver=1,api=1,filters=1,usedby=[],using=[],options=[]

# Commandstats
cmdstat_command:calls=2,usec=1415,usec_per_call=707.50,rejected_calls=0,failed_calls=0
cmdstat_config|get:calls=3,usec=5,usec_per_call=1.67,rejected_calls=0,failed_calls=0
cmdstat_config|set:calls=1,usec=11,usec_per_call=11.00,rejected_calls=0,failed_calls=0

# Errorstats

# Latencystats
latency_percentiles_usec_command:p50=684.031,p99=737.279,p99.9=737.279
latency_percentiles_usec_config|get:p50=2.007,p99=2.007,p99.9=2.007
latency_percentiles_usec_config|set:p50=11.007,p99=11.007,p99.9=11.007

# Cluster
cluster_enabled:0

# Keyspace

------ CLIENT LIST OUTPUT ------

------ MODULES INFO OUTPUT ------
# raft_version
raft_version:255.255.255
raft_git_sha1:c259f3d2

# raft_general
raft_dbid:8eac317eb31c7c7a1ac0199cd9c32304
raft_node_id:3
raft_state:up
raft_role:follower
raft_is_voting:no
raft_voted_for:-1
raft_leader_id:-1
raft_current_term:0
raft_num_nodes:1
raft_num_voting_nodes:0

# raft_log
raft_log_entries:0
raft_current_index:0
raft_commit_index:0
raft_last_applied_index:0
raft_file_size:101
raft_cache_memory_size:0
raft_cache_entries:0
raft_client_attached_entries:0
raft_fsync_count:0
raft_fsync_max_microseconds:0
raft_fsync_avg_microseconds:0

# raft_snapshot
raft_snapshot_filename:redis3.rdb
raft_snapshot_last_idx:0
raft_snapshot_last_term:0
raft_snapshot_size:0
raft_snapshot_time_secs:-1
raft_snapshots_created:0
raft_snapshots_received:0
raft_snapshot_in_progress:no
raft_snapshot_in_progress_last_idx:-1
raft_snapshot_in_progress_last_term:-1

# raft_clients
raft_proxy_reqs:0
raft_proxy_failed_reqs:0
raft_proxy_failed_responses:0
raft_proxy_outstanding_reqs:0

# raft_stats
raft_appendreq_received:0
raft_appendreq_with_entry_received:0
raft_snapshotreq_received:0
raft_exec_throttled:0
raft_num_sessions:0

------ CONFIG DEBUG OUTPUT ------
repl-diskless-sync yes
proto-max-bulk-len 512mb
lazyfree-lazy-user-del no
lazyfree-lazy-expire no
sanitize-dump-payload no
lazyfree-lazy-server-del no
lazyfree-lazy-user-flush no
io-threads 1
lazyfree-lazy-eviction no
list-compress-depth 0
repl-diskless-load disabled
activedefrag no
replica-read-only yes
io-threads-do-reads no
slave-read-only yes
client-query-buffer-limit 1gb

------ FAST MEMORY TEST ------
2530700:M 19 Oct 2023 11:26:01.555 # Bio worker thread #0 terminated
2530700:M 19 Oct 2023 11:26:01.555 # Bio worker thread #1 terminated
2530700:M 19 Oct 2023 11:26:01.555 # Bio worker thread #2 terminated
*** Preparing to test memory region 564cbe6a6000 (2273280 bytes)
*** Preparing to test memory region 564cc0126000 (405504 bytes)
*** Preparing to test memory region 7f1aa0000000 (135168 bytes)
*** Preparing to test memory region 7f1aa6fff000 (8388608 bytes)
*** Preparing to test memory region 7f1aa7800000 (8388608 bytes)
*** Preparing to test memory region 7f1aa8000000 (6291456 bytes)
*** Preparing to test memory region 7f1aa87fa000 (8388608 bytes)
*** Preparing to test memory region 7f1aa8ffb000 (8388608 bytes)
*** Preparing to test memory region 7f1aa97fc000 (8388608 bytes)
*** Preparing to test memory region 7f1aa9ffd000 (8388608 bytes)
*** Preparing to test memory region 7f1aaa7fe000 (8388608 bytes)
*** Preparing to test memory region 7f1aaafff000 (8388608 bytes)
*** Preparing to test memory region 7f1aab800000 (8388608 bytes)
*** Preparing to test memory region 7f1aac000000 (135168 bytes)
*** Preparing to test memory region 7f1ab06a0000 (8388608 bytes)
*** Preparing to test memory region 7f1ab0ea1000 (8388608 bytes)
*** Preparing to test memory region 7f1ab16a2000 (8388608 bytes)
*** Preparing to test memory region 7f1ab1ea2000 (2621440 bytes)
*** Preparing to test memory region 7f1ab21b3000 (8192 bytes)
*** Preparing to test memory region 7f1ab21f3000 (4096 bytes)
*** Preparing to test memory region 7f1ab2821000 (8192 bytes)
*** Preparing to test memory region 7f1ab2a74000 (8192 bytes)
*** Preparing to test memory region 7f1ab2bec000 (4096 bytes)
*** Preparing to test memory region 7f1ab3400000 (8388608 bytes)
*** Preparing to test memory region 7f1ab3ca4000 (45056 bytes)
*** Preparing to test memory region 7f1ab3e7f000 (16384 bytes)
*** Preparing to test memory region 7f1ab3ea1000 (16384 bytes)
*** Preparing to test memory region 7f1ab3fef000 (8192 bytes)
*** Preparing to test memory region 7f1ab3ff2000 (8192 bytes)
*** Preparing to test memory region 7f1ab4010000 (4096 bytes)
*** Preparing to test memory region 7f1ab4051000 (4096 bytes)
*** Preparing to test memory region 7f1ab4054000 (4096 bytes)
.O.2530700:M 19 Oct 2023 11:26:01.563 # Redis 255.255.255 crashed by signal: 11, si_code: 128
2530700:M 19 Oct 2023 11:26:01.563 # Accessing address: (nil)
2530700:M 19 Oct 2023 11:26:01.563 # Crashed running the instruction at: 0x7f1ab3c7769d

------ STACK TRACE ------
EIP:
E.E.
----- Stderr -----
redis-server: /home/snagendra/Fuzzing/redisraft-fuzzing/deps/raft/src/raft_server.c:1702: raft_get_first_entry_idx: Assertion `0 < raft_get_current_idx(me)' failed.



