logs for node: 1

----- Stdout -----
976313:C 03 Jan 2024 03:05:29.707 # WARNING Memory overcommit must be enabled! Without it, a background save or replication may fail under low memory condition. Being disabled, it can also cause failures without low memory condition, see https://github.com/jemalloc/jemalloc/issues/1328. To fix this issue add 'vm.overcommit_memory = 1' to /etc/sysctl.conf and then reboot or run the command 'sysctl vm.overcommit_memory=1' for this to take effect.
976313:C 03 Jan 2024 03:05:29.707 * oO0OoO0OoO0Oo Redis is starting oO0OoO0OoO0Oo
976313:C 03 Jan 2024 03:05:29.707 * Redis version=255.255.255, bits=64, commit=e04ebdb8, modified=1, pid=976313, just started
976313:C 03 Jan 2024 03:05:29.707 * Configuration loaded
976313:M 03 Jan 2024 03:05:29.707 * monotonic clock: POSIX clock_gettime
976313:M 03 Jan 2024 03:05:29.708 * Running mode=standalone, port=5071.
976313:M 03 Jan 2024 03:05:29.715 * <raft> RedisRaft version 255.255.255 [b779b199]
976313:M 03 Jan 2024 03:05:29.720 * <raft> Initializing test network
976313:M 03 Jan 2024 03:05:29.721 * <raft> Created test network client
976313:M 03 Jan 2024 03:05:29.721 * <raft> Raft module loaded, state is 'uninitialized'
976313:M 03 Jan 2024 03:05:29.721 * Module 'raft' loaded from /home/snagendra/Fuzzing/redisraft-fuzzing/redisraft.so
976313:M 03 Jan 2024 03:05:29.722 * Server initialized
976313:M 03 Jan 2024 03:05:29.722 . The AOF directory appendonlydir doesn't exist
976313:M 03 Jan 2024 03:05:29.723 * Ready to accept connections tcp
976313:M 03 Jan 2024 03:05:29.723 . 0 clients connected (0 replicas), 1726128 bytes in use
976313:M 03 Jan 2024 03:05:29.733 - Accepted 127.0.0.1:35344
976313:M 03 Jan 2024 03:05:29.733 # Missing implement of connection type tls
976313:M 03 Jan 2024 03:05:29.739 * <raft> Cluster Membership: term:0 index:0 nodes: id=1,voting=0,active=1,addr=-
976313:M 03 Jan 2024 03:05:29.744 * <raft> State change: Node is now a leader, term 1
976313:M 03 Jan 2024 03:05:29.744 * <raft> Cluster Membership: term:1 index:1 nodes: id=1,voting=0,active=1,addr=-
976313:M 03 Jan 2024 03:05:29.744 * <raft> Test network starting message polling thread
976313:M 03 Jan 2024 03:05:29.745 * <raft> Raft Cluster initialized, node id: 1, dbid: 5b811e3286f74064201014793e6bc08a
976313:M 03 Jan 2024 03:05:29.863 - Accepted 127.0.0.1:35360
976313:M 03 Jan 2024 03:05:29.864 * <raft> Cluster Membership: term:1 index:3 nodes: id=1,voting=1,active=1,addr=- id=2,voting=0,active=1,addr=localhost:5072
976313:M 03 Jan 2024 03:05:29.871 - Client closed connection id=9 addr=127.0.0.1:35360 laddr=127.0.0.1:5071 fd=12 name= age=0 idle=0 flags=N db=0 sub=0 psub=0 ssub=0 multi=-1 qbuf=0 qbuf-free=20474 argv-mem=0 multi-mem=0 rbs=16384 rbp=16384 obl=0 oll=0 omem=0 tot-mem=37760 events=r cmd=raft.node user=default redir=-1 resp=2 lib-name= lib-ver=
976313:M 03 Jan 2024 03:05:29.987 - Accepted 127.0.0.1:35374
976313:M 03 Jan 2024 03:05:29.988 * <raft> Cluster Membership: term:1 index:4 nodes: id=1,voting=1,active=1,addr=- id=2,voting=0,active=1,addr=localhost:5072 id=3,voting=0,active=1,addr=localhost:5073
976313:M 03 Jan 2024 03:05:29.995 - Client closed connection id=10 addr=127.0.0.1:35374 laddr=127.0.0.1:5071 fd=13 name= age=0 idle=0 flags=N db=0 sub=0 psub=0 ssub=0 multi=-1 qbuf=0 qbuf-free=20474 argv-mem=0 multi-mem=0 rbs=16384 rbp=16384 obl=0 oll=0 omem=0 tot-mem=37760 events=r cmd=raft.node user=default redir=-1 resp=2 lib-name= lib-ver=
976313:signal-handler (1704247530) Received SIGINT scheduling shutdown...
976313:signal-handler (1704247530) You insist... exiting now.
977119:C 03 Jan 2024 03:05:31.404 # WARNING Memory overcommit must be enabled! Without it, a background save or replication may fail under low memory condition. Being disabled, it can also cause failures without low memory condition, see https://github.com/jemalloc/jemalloc/issues/1328. To fix this issue add 'vm.overcommit_memory = 1' to /etc/sysctl.conf and then reboot or run the command 'sysctl vm.overcommit_memory=1' for this to take effect.
977119:C 03 Jan 2024 03:05:31.404 * oO0OoO0OoO0Oo Redis is starting oO0OoO0OoO0Oo
977119:C 03 Jan 2024 03:05:31.404 * Redis version=255.255.255, bits=64, commit=e04ebdb8, modified=1, pid=977119, just started
977119:C 03 Jan 2024 03:05:31.404 * Configuration loaded
977119:M 03 Jan 2024 03:05:31.405 * monotonic clock: POSIX clock_gettime
977119:M 03 Jan 2024 03:05:31.405 * Running mode=standalone, port=5071.
977119:M 03 Jan 2024 03:05:31.412 * <raft> RedisRaft version 255.255.255 [b779b199]
977119:M 03 Jan 2024 03:05:31.416 * <raft> Initializing test network
977119:M 03 Jan 2024 03:05:31.417 * <raft> Created test network client
977119:M 03 Jan 2024 03:05:31.421 * <raft> Raft module loaded, state is 'loading'
977119:M 03 Jan 2024 03:05:31.421 * Module 'raft' loaded from /home/snagendra/Fuzzing/redisraft-fuzzing/redisraft.so
977119:M 03 Jan 2024 03:05:31.421 * Server initialized
977119:M 03 Jan 2024 03:05:31.421 . The AOF directory appendonlydir doesn't exist
977119:M 03 Jan 2024 03:05:31.421 * Ready to accept connections tcp
977119:M 03 Jan 2024 03:05:31.421 . 0 clients connected (0 replicas), 1746592 bytes in use
977119:M 03 Jan 2024 03:05:31.468 - Accepted 127.0.0.1:35378
977119:M 03 Jan 2024 03:05:31.468 # Missing implement of connection type tls
977119:M 03 Jan 2024 03:05:31.495 - Accepted 127.0.0.1:35380
977119:M 03 Jan 2024 03:05:31.521 * <raft> Loading: Redis loading complete, snapshot NOT LOADED
977119:M 03 Jan 2024 03:05:31.522 * <raft> Cluster Membership: term:0 index:0 nodes: id=1,voting=0,active=1,addr=-
977119:M 03 Jan 2024 03:05:31.522 * <raft> Test network starting message polling thread
977119:M 03 Jan 2024 03:05:31.522 * <raft> Cluster Membership: term:0 index:4 nodes: id=1,voting=1,active=1,addr=- id=2,voting=0,active=1,addr=localhost:5072
977119:M 03 Jan 2024 03:05:31.523 * <raft> Cluster Membership: term:0 index:4 nodes: id=1,voting=1,active=1,addr=- id=2,voting=0,active=1,addr=localhost:5072 id=3,voting=0,active=1,addr=localhost:5073
977119:M 03 Jan 2024 03:05:31.523 * <raft> Raft state after loading log: log_count=4, first_idx=1, current_idx=4, last_applied_idx=0
977119:M 03 Jan 2024 03:05:31.523 . <raft> Raft term=1, vote=-1
977119:M 03 Jan 2024 03:05:31.529 * <raft> State change: Node is now a leader, term 2
977119:M 03 Jan 2024 03:05:31.529 * <raft> Cluster Membership: term:2 index:5 nodes: id=1,voting=1,active=1,addr=- id=2,voting=0,active=1,addr=localhost:5072 id=3,voting=0,active=1,addr=localhost:5073
977119:M 03 Jan 2024 03:05:31.596 # <raft> Redis connection authentication failed: connection died
977119:M 03 Jan 2024 03:05:31.628 - Client closed connection id=8 addr=127.0.0.1:35378 laddr=127.0.0.1:5071 fd=11 name= age=0 idle=0 flags=N db=0 sub=0 psub=0 ssub=0 multi=-1 qbuf=0 qbuf-free=20474 argv-mem=0 multi-mem=0 rbs=16384 rbp=0 obl=0 oll=0 omem=0 tot-mem=37760 events=r cmd=auth user=default redir=-1 resp=2 lib-name= lib-ver=
977119:M 03 Jan 2024 03:05:32.326 - Accepted 127.0.0.1:35384
977119:M 03 Jan 2024 03:05:32.493 - Client closed connection id=11 addr=127.0.0.1:35384 laddr=127.0.0.1:5071 fd=11 name= age=0 idle=0 flags=N db=0 sub=0 psub=0 ssub=0 multi=-1 qbuf=0 qbuf-free=20474 argv-mem=0 multi-mem=0 rbs=1024 rbp=0 obl=0 oll=0 omem=0 tot-mem=22400 events=r cmd=auth user=default redir=-1 resp=2 lib-name= lib-ver=
977119:signal-handler (1704247532) Received SIGINT scheduling shutdown...
977119:signal-handler (1704247532) You insist... exiting now.
977874:C 03 Jan 2024 03:05:33.017 # WARNING Memory overcommit must be enabled! Without it, a background save or replication may fail under low memory condition. Being disabled, it can also cause failures without low memory condition, see https://github.com/jemalloc/jemalloc/issues/1328. To fix this issue add 'vm.overcommit_memory = 1' to /etc/sysctl.conf and then reboot or run the command 'sysctl vm.overcommit_memory=1' for this to take effect.
977874:C 03 Jan 2024 03:05:33.017 * oO0OoO0OoO0Oo Redis is starting oO0OoO0OoO0Oo
977874:C 03 Jan 2024 03:05:33.017 * Redis version=255.255.255, bits=64, commit=e04ebdb8, modified=1, pid=977874, just started
977874:C 03 Jan 2024 03:05:33.017 * Configuration loaded
977874:M 03 Jan 2024 03:05:33.017 * monotonic clock: POSIX clock_gettime
977874:M 03 Jan 2024 03:05:33.018 * Running mode=standalone, port=5071.
977874:M 03 Jan 2024 03:05:33.024 * <raft> RedisRaft version 255.255.255 [b779b199]
977874:M 03 Jan 2024 03:05:33.029 * <raft> Initializing test network
977874:M 03 Jan 2024 03:05:33.030 * <raft> Created test network client
977874:M 03 Jan 2024 03:05:33.034 * <raft> Raft module loaded, state is 'loading'
977874:M 03 Jan 2024 03:05:33.035 * Module 'raft' loaded from /home/snagendra/Fuzzing/redisraft-fuzzing/redisraft.so
977874:M 03 Jan 2024 03:05:33.035 * Server initialized
977874:M 03 Jan 2024 03:05:33.035 . The AOF directory appendonlydir doesn't exist
977874:M 03 Jan 2024 03:05:33.035 * Ready to accept connections tcp
977874:M 03 Jan 2024 03:05:33.035 . 0 clients connected (0 replicas), 1746720 bytes in use
977874:M 03 Jan 2024 03:05:33.135 * <raft> Loading: Redis loading complete, snapshot NOT LOADED
977874:M 03 Jan 2024 03:05:33.136 * <raft> Cluster Membership: term:0 index:0 nodes: id=1,voting=0,active=1,addr=-
977874:M 03 Jan 2024 03:05:33.136 * <raft> Test network starting message polling thread
977874:M 03 Jan 2024 03:05:33.136 * <raft> Cluster Membership: term:0 index:6 nodes: id=1,voting=1,active=1,addr=- id=2,voting=0,active=1,addr=localhost:5072
977874:M 03 Jan 2024 03:05:33.137 * <raft> Cluster Membership: term:0 index:6 nodes: id=1,voting=1,active=1,addr=- id=2,voting=0,active=1,addr=localhost:5072 id=3,voting=0,active=1,addr=localhost:5073
977874:M 03 Jan 2024 03:05:33.137 * <raft> Raft state after loading log: log_count=6, first_idx=1, current_idx=6, last_applied_idx=0
977874:M 03 Jan 2024 03:05:33.137 . <raft> Raft term=2, vote=-1
977874:M 03 Jan 2024 03:05:33.143 * <raft> State change: Node is now a leader, term 3
977874:M 03 Jan 2024 03:05:33.143 * <raft> Cluster Membership: term:3 index:7 nodes: id=1,voting=1,active=1,addr=- id=2,voting=0,active=1,addr=localhost:5072 id=3,voting=0,active=1,addr=localhost:5073
977874:signal-handler (1704247533) Received SIGINT scheduling shutdown...
977874:signal-handler (1704247533) You insist... exiting now.

----- Stderr -----
libgcov profiling error:/home/snagendra/Fuzzing/redisraft-fuzzing/build/deps/raft/CMakeFiles/raft.dir/src/raft_server_properties.c.gcda:Merge mismatch for function 4
libgcov profiling error:/home/snagendra/Fuzzing/redisraft-fuzzing/build/deps/raft/CMakeFiles/raft.dir/src/raft_node.c.gcda:Merge mismatch for function 1
libgcov profiling error:/home/snagendra/Fuzzing/redisraft-fuzzing/build/deps/raft/CMakeFiles/raft.dir/src/raft_server.c.gcda:Merge mismatch for function 4
libgcov profiling error:/home/snagendra/Fuzzing/redisraft-fuzzing/build/deps/raft/CMakeFiles/raft.dir/src/raft_server_properties.c.gcda:Merge mismatch for function 4
libgcov profiling error:/home/snagendra/Fuzzing/redisraft-fuzzing/build/deps/raft/CMakeFiles/raft.dir/src/raft_node.c.gcda:Merge mismatch for function 1
libgcov profiling error:/home/snagendra/Fuzzing/redisraft-fuzzing/build/deps/raft/CMakeFiles/raft.dir/src/raft_server.c.gcda:Merge mismatch for function 4
libgcov profiling error:/home/snagendra/Fuzzing/redisraft-fuzzing/build/deps/raft/CMakeFiles/raft.dir/src/raft_server_properties.c.gcda:Merge mismatch for function 4
libgcov profiling error:/home/snagendra/Fuzzing/redisraft-fuzzing/build/deps/raft/CMakeFiles/raft.dir/src/raft_node.c.gcda:Merge mismatch for function 1
libgcov profiling error:/home/snagendra/Fuzzing/redisraft-fuzzing/build/deps/raft/CMakeFiles/raft.dir/src/raft_server.c.gcda:Merge mismatch for function 4




logs for node: 2

----- Stdout -----
976341:C 03 Jan 2024 03:05:29.747 # WARNING Memory overcommit must be enabled! Without it, a background save or replication may fail under low memory condition. Being disabled, it can also cause failures without low memory condition, see https://github.com/jemalloc/jemalloc/issues/1328. To fix this issue add 'vm.overcommit_memory = 1' to /etc/sysctl.conf and then reboot or run the command 'sysctl vm.overcommit_memory=1' for this to take effect.
976341:C 03 Jan 2024 03:05:29.747 * oO0OoO0OoO0Oo Redis is starting oO0OoO0OoO0Oo
976341:C 03 Jan 2024 03:05:29.747 * Redis version=255.255.255, bits=64, commit=e04ebdb8, modified=1, pid=976341, just started
976341:C 03 Jan 2024 03:05:29.747 * Configuration loaded
976341:M 03 Jan 2024 03:05:29.748 * monotonic clock: POSIX clock_gettime
976341:M 03 Jan 2024 03:05:29.748 * Running mode=standalone, port=5072.
976341:M 03 Jan 2024 03:05:29.755 * <raft> RedisRaft version 255.255.255 [b779b199]
976341:M 03 Jan 2024 03:05:29.761 * <raft> Initializing test network
976341:M 03 Jan 2024 03:05:29.761 * <raft> Created test network client
976341:M 03 Jan 2024 03:05:29.762 * <raft> Raft module loaded, state is 'uninitialized'
976341:M 03 Jan 2024 03:05:29.762 * Module 'raft' loaded from /home/snagendra/Fuzzing/redisraft-fuzzing/redisraft.so
976341:M 03 Jan 2024 03:05:29.763 * Server initialized
976341:M 03 Jan 2024 03:05:29.763 . The AOF directory appendonlydir doesn't exist
976341:M 03 Jan 2024 03:05:29.764 * Ready to accept connections tcp
976341:M 03 Jan 2024 03:05:29.764 . 0 clients connected (0 replicas), 1726192 bytes in use
976341:M 03 Jan 2024 03:05:29.785 - Accepted 127.0.0.1:41970
976341:M 03 Jan 2024 03:05:29.785 # Missing implement of connection type tls
976341:M 03 Jan 2024 03:05:29.863 - <raft> join cluster, connecting to localhost:5071
976341:M 03 Jan 2024 03:05:29.864 * <raft> Joined Raft cluster, node id: 2, dbid: 5b811e3286f74064201014793e6bc08a
976341:M 03 Jan 2024 03:05:29.871 * <raft> Cluster Membership: term:0 index:0 nodes: id=2,voting=0,active=1,addr=-
976341:M 03 Jan 2024 03:05:29.871 * <raft> Test network starting message polling thread
976341:M 03 Jan 2024 03:05:29.923 - Accepted 127.0.0.1:41972
976341:M 03 Jan 2024 03:05:30.364 * <raft> State change: Election starting, node is now a pre-candidate, term 0
976341:M 03 Jan 2024 03:05:30.364 * <raft> Cluster Membership: term:0 index:0 nodes: id=2,voting=0,active=1,addr=-
976341:M 03 Jan 2024 03:05:30.665 * <raft> State change: Election starting, node is now a pre-candidate, term 0
976341:M 03 Jan 2024 03:05:30.665 * <raft> Cluster Membership: term:0 index:0 nodes: id=2,voting=0,active=1,addr=-
976341:M 03 Jan 2024 03:05:30.714 - Client closed connection id=9 addr=127.0.0.1:41972 laddr=127.0.0.1:5072 fd=10 name= age=1 idle=1 flags=N db=0 sub=0 psub=0 ssub=0 multi=-1 qbuf=0 qbuf-free=20474 argv-mem=0 multi-mem=0 rbs=1024 rbp=0 obl=0 oll=0 omem=0 tot-mem=22400 events=r cmd=auth user=default redir=-1 resp=2 lib-name= lib-ver=
976341:M 03 Jan 2024 03:05:30.966 * <raft> State change: Election starting, node is now a pre-candidate, term 0
976341:M 03 Jan 2024 03:05:30.966 * <raft> Cluster Membership: term:0 index:0 nodes: id=2,voting=0,active=1,addr=-
976341:M 03 Jan 2024 03:05:31.267 * <raft> State change: Election starting, node is now a pre-candidate, term 0
976341:M 03 Jan 2024 03:05:31.267 * <raft> Cluster Membership: term:0 index:0 nodes: id=2,voting=0,active=1,addr=-
976341:M 03 Jan 2024 03:05:31.439 * <raft> State change: Node is now a follower, term 1
976341:M 03 Jan 2024 03:05:31.439 * <raft> Cluster Membership: term:1 index:0 nodes: id=2,voting=0,active=1,addr=-
976341:M 03 Jan 2024 03:05:31.440 * <raft> Cluster Membership: term:1 index:2 nodes: id=2,voting=0,active=1,addr=- id=1,voting=1,active=1,addr=localhost:5071
976341:M 03 Jan 2024 03:05:31.529 - Accepted 127.0.0.1:41984
976341:signal-handler (1704247531) Received SIGINT scheduling shutdown...
976341:signal-handler (1704247531) You insist... exiting now.
977474:C 03 Jan 2024 03:05:32.208 # WARNING Memory overcommit must be enabled! Without it, a background save or replication may fail under low memory condition. Being disabled, it can also cause failures without low memory condition, see https://github.com/jemalloc/jemalloc/issues/1328. To fix this issue add 'vm.overcommit_memory = 1' to /etc/sysctl.conf and then reboot or run the command 'sysctl vm.overcommit_memory=1' for this to take effect.
977474:C 03 Jan 2024 03:05:32.208 * oO0OoO0OoO0Oo Redis is starting oO0OoO0OoO0Oo
977474:C 03 Jan 2024 03:05:32.208 * Redis version=255.255.255, bits=64, commit=e04ebdb8, modified=1, pid=977474, just started
977474:C 03 Jan 2024 03:05:32.208 * Configuration loaded
977474:M 03 Jan 2024 03:05:32.208 * monotonic clock: POSIX clock_gettime
977474:M 03 Jan 2024 03:05:32.209 * Running mode=standalone, port=5072.
977474:M 03 Jan 2024 03:05:32.215 * <raft> RedisRaft version 255.255.255 [b779b199]
977474:M 03 Jan 2024 03:05:32.219 * <raft> Initializing test network
977474:M 03 Jan 2024 03:05:32.220 * <raft> Created test network client
977474:M 03 Jan 2024 03:05:32.223 * <raft> Raft module loaded, state is 'loading'
977474:M 03 Jan 2024 03:05:32.223 * Module 'raft' loaded from /home/snagendra/Fuzzing/redisraft-fuzzing/redisraft.so
977474:M 03 Jan 2024 03:05:32.224 * Server initialized
977474:M 03 Jan 2024 03:05:32.224 . The AOF directory appendonlydir doesn't exist
977474:M 03 Jan 2024 03:05:32.224 * Ready to accept connections tcp
977474:M 03 Jan 2024 03:05:32.224 . 0 clients connected (0 replicas), 1746656 bytes in use
977474:M 03 Jan 2024 03:05:32.232 - Accepted 127.0.0.1:42048
977474:M 03 Jan 2024 03:05:32.232 # Missing implement of connection type tls
977474:M 03 Jan 2024 03:05:32.324 * <raft> Loading: Redis loading complete, snapshot NOT LOADED
977474:M 03 Jan 2024 03:05:32.324 * <raft> Cluster Membership: term:0 index:0 nodes: id=2,voting=0,active=1,addr=-
977474:M 03 Jan 2024 03:05:32.325 * <raft> Test network starting message polling thread
977474:M 03 Jan 2024 03:05:32.325 * <raft> Cluster Membership: term:0 index:3 nodes: id=2,voting=0,active=1,addr=- id=1,voting=1,active=1,addr=localhost:5071
977474:M 03 Jan 2024 03:05:32.325 * <raft> Raft state after loading log: log_count=3, first_idx=1, current_idx=3, last_applied_idx=0
977474:M 03 Jan 2024 03:05:32.325 . <raft> Raft term=1, vote=-1
977474:signal-handler (1704247532) Received SIGINT scheduling shutdown...
977474:signal-handler (1704247532) You insist... exiting now.
977669:C 03 Jan 2024 03:05:32.691 # WARNING Memory overcommit must be enabled! Without it, a background save or replication may fail under low memory condition. Being disabled, it can also cause failures without low memory condition, see https://github.com/jemalloc/jemalloc/issues/1328. To fix this issue add 'vm.overcommit_memory = 1' to /etc/sysctl.conf and then reboot or run the command 'sysctl vm.overcommit_memory=1' for this to take effect.
977669:C 03 Jan 2024 03:05:32.691 * oO0OoO0OoO0Oo Redis is starting oO0OoO0OoO0Oo
977669:C 03 Jan 2024 03:05:32.691 * Redis version=255.255.255, bits=64, commit=e04ebdb8, modified=1, pid=977669, just started
977669:C 03 Jan 2024 03:05:32.691 * Configuration loaded
977669:M 03 Jan 2024 03:05:32.692 * monotonic clock: POSIX clock_gettime
977669:M 03 Jan 2024 03:05:32.692 * Running mode=standalone, port=5072.
977669:M 03 Jan 2024 03:05:32.698 * <raft> RedisRaft version 255.255.255 [b779b199]
977669:M 03 Jan 2024 03:05:32.703 * <raft> Initializing test network
977669:M 03 Jan 2024 03:05:32.703 * <raft> Created test network client
977669:M 03 Jan 2024 03:05:32.708 * <raft> Raft module loaded, state is 'loading'
977669:M 03 Jan 2024 03:05:32.708 * Module 'raft' loaded from /home/snagendra/Fuzzing/redisraft-fuzzing/redisraft.so
977669:M 03 Jan 2024 03:05:32.709 * Server initialized
977669:M 03 Jan 2024 03:05:32.709 . The AOF directory appendonlydir doesn't exist
977669:M 03 Jan 2024 03:05:32.709 * Ready to accept connections tcp
977669:M 03 Jan 2024 03:05:32.709 . 0 clients connected (0 replicas), 1746656 bytes in use
977669:M 03 Jan 2024 03:05:32.809 * <raft> Loading: Redis loading complete, snapshot NOT LOADED
977669:M 03 Jan 2024 03:05:32.809 * <raft> Cluster Membership: term:0 index:0 nodes: id=2,voting=0,active=1,addr=-
977669:M 03 Jan 2024 03:05:32.810 * <raft> Test network starting message polling thread
977669:M 03 Jan 2024 03:05:32.810 * <raft> Cluster Membership: term:0 index:3 nodes: id=2,voting=0,active=1,addr=- id=1,voting=1,active=1,addr=localhost:5071
977669:M 03 Jan 2024 03:05:32.810 * <raft> Raft state after loading log: log_count=3, first_idx=1, current_idx=3, last_applied_idx=0
977669:M 03 Jan 2024 03:05:32.810 . <raft> Raft term=1, vote=-1
977669:signal-handler (1704247532) Received SIGINT scheduling shutdown...
977900:C 03 Jan 2024 03:05:33.048 # WARNING Memory overcommit must be enabled! Without it, a background save or replication may fail under low memory condition. Being disabled, it can also cause failures without low memory condition, see https://github.com/jemalloc/jemalloc/issues/1328. To fix this issue add 'vm.overcommit_memory = 1' to /etc/sysctl.conf and then reboot or run the command 'sysctl vm.overcommit_memory=1' for this to take effect.
977900:C 03 Jan 2024 03:05:33.048 * oO0OoO0OoO0Oo Redis is starting oO0OoO0OoO0Oo
977900:C 03 Jan 2024 03:05:33.048 * Redis version=255.255.255, bits=64, commit=e04ebdb8, modified=1, pid=977900, just started
977900:C 03 Jan 2024 03:05:33.048 * Configuration loaded
977900:M 03 Jan 2024 03:05:33.049 * monotonic clock: POSIX clock_gettime
977900:M 03 Jan 2024 03:05:33.049 * Running mode=standalone, port=5072.
977900:M 03 Jan 2024 03:05:33.056 * <raft> RedisRaft version 255.255.255 [b779b199]
977900:M 03 Jan 2024 03:05:33.061 * <raft> Initializing test network
977900:M 03 Jan 2024 03:05:33.061 * <raft> Created test network client
977900:M 03 Jan 2024 03:05:33.064 * <raft> Raft module loaded, state is 'loading'
977900:M 03 Jan 2024 03:05:33.064 * Module 'raft' loaded from /home/snagendra/Fuzzing/redisraft-fuzzing/redisraft.so
977900:M 03 Jan 2024 03:05:33.064 * Server initialized
977900:M 03 Jan 2024 03:05:33.064 . The AOF directory appendonlydir doesn't exist
977900:M 03 Jan 2024 03:05:33.064 * Ready to accept connections tcp
977900:M 03 Jan 2024 03:05:33.064 . 0 clients connected (0 replicas), 1746784 bytes in use
977900:signal-handler (1704247533) Received SIGINT scheduling shutdown...
977900:signal-handler (1704247533) You insist... exiting now.
977900:M 03 Jan 2024 03:05:33.144 - Accepted 127.0.0.1:58292
977900:M 03 Jan 2024 03:05:33.144 # Missing implement of connection type tls

----- Stderr -----
libgcov profiling error:/home/snagendra/Fuzzing/redisraft-fuzzing/build/deps/raft/CMakeFiles/raft.dir/src/raft_server_properties.c.gcda:Merge mismatch for function 4
libgcov profiling error:/home/snagendra/Fuzzing/redisraft-fuzzing/build/deps/raft/CMakeFiles/raft.dir/src/raft_node.c.gcda:Merge mismatch for function 1
libgcov profiling error:/home/snagendra/Fuzzing/redisraft-fuzzing/build/deps/raft/CMakeFiles/raft.dir/src/raft_server.c.gcda:Merge mismatch for function 4
libgcov profiling error:/home/snagendra/Fuzzing/redisraft-fuzzing/build/deps/raft/CMakeFiles/raft.dir/src/raft_server_properties.c.gcda:Merge mismatch for function 4
libgcov profiling error:/home/snagendra/Fuzzing/redisraft-fuzzing/build/deps/raft/CMakeFiles/raft.dir/src/raft_node.c.gcda:Merge mismatch for function 1
libgcov profiling error:/home/snagendra/Fuzzing/redisraft-fuzzing/build/deps/raft/CMakeFiles/raft.dir/src/raft_server.c.gcda:Merge mismatch for function 4
libgcov profiling error:/home/snagendra/Fuzzing/redisraft-fuzzing/build/deps/raft/CMakeFiles/raft.dir/src/raft_server_properties.c.gcda:Merge mismatch for function 4
libgcov profiling error:/home/snagendra/Fuzzing/redisraft-fuzzing/build/deps/raft/CMakeFiles/raft.dir/src/raft_node.c.gcda:Merge mismatch for function 1
libgcov profiling error:/home/snagendra/Fuzzing/redisraft-fuzzing/build/deps/raft/CMakeFiles/raft.dir/src/raft_server.c.gcda:Merge mismatch for function 4




logs for node: 3

----- Stdout -----
976412:C 03 Jan 2024 03:05:29.874 # WARNING Memory overcommit must be enabled! Without it, a background save or replication may fail under low memory condition. Being disabled, it can also cause failures without low memory condition, see https://github.com/jemalloc/jemalloc/issues/1328. To fix this issue add 'vm.overcommit_memory = 1' to /etc/sysctl.conf and then reboot or run the command 'sysctl vm.overcommit_memory=1' for this to take effect.
976412:C 03 Jan 2024 03:05:29.874 * oO0OoO0OoO0Oo Redis is starting oO0OoO0OoO0Oo
976412:C 03 Jan 2024 03:05:29.874 * Redis version=255.255.255, bits=64, commit=e04ebdb8, modified=1, pid=976412, just started
976412:C 03 Jan 2024 03:05:29.874 * Configuration loaded
976412:M 03 Jan 2024 03:05:29.874 * monotonic clock: POSIX clock_gettime
976412:M 03 Jan 2024 03:05:29.874 * Running mode=standalone, port=5073.
976412:M 03 Jan 2024 03:05:29.881 * <raft> RedisRaft version 255.255.255 [b779b199]
976412:M 03 Jan 2024 03:05:29.885 * <raft> Initializing test network
976412:M 03 Jan 2024 03:05:29.886 * <raft> Created test network client
976412:M 03 Jan 2024 03:05:29.887 * <raft> Raft module loaded, state is 'uninitialized'
976412:M 03 Jan 2024 03:05:29.887 * Module 'raft' loaded from /home/snagendra/Fuzzing/redisraft-fuzzing/redisraft.so
976412:M 03 Jan 2024 03:05:29.887 * Server initialized
976412:M 03 Jan 2024 03:05:29.888 . The AOF directory appendonlydir doesn't exist
976412:M 03 Jan 2024 03:05:29.888 * Ready to accept connections tcp
976412:M 03 Jan 2024 03:05:29.888 . 0 clients connected (0 replicas), 1726224 bytes in use
976412:M 03 Jan 2024 03:05:29.894 - Accepted 127.0.0.1:45420
976412:M 03 Jan 2024 03:05:29.895 # Missing implement of connection type tls
976412:M 03 Jan 2024 03:05:29.987 - <raft> join cluster, connecting to localhost:5071
976412:M 03 Jan 2024 03:05:29.989 * <raft> Joined Raft cluster, node id: 3, dbid: 5b811e3286f74064201014793e6bc08a
976412:M 03 Jan 2024 03:05:29.995 * <raft> Cluster Membership: term:0 index:0 nodes: id=3,voting=0,active=1,addr=-
976412:M 03 Jan 2024 03:05:29.995 * <raft> Test network starting message polling thread
976412:M 03 Jan 2024 03:05:30.024 - Accepted 127.0.0.1:45434
976412:M 03 Jan 2024 03:05:30.388 * <raft> State change: Election starting, node is now a pre-candidate, term 1
976412:M 03 Jan 2024 03:05:30.388 * <raft> Cluster Membership: term:1 index:0 nodes: id=3,voting=0,active=1,addr=-
976412:M 03 Jan 2024 03:05:30.635 * <raft> State change: Node is now a follower, term 1
976412:M 03 Jan 2024 03:05:30.635 * <raft> Cluster Membership: term:1 index:0 nodes: id=3,voting=0,active=1,addr=-
976412:M 03 Jan 2024 03:05:30.714 - Client closed connection id=9 addr=127.0.0.1:45434 laddr=127.0.0.1:5073 fd=10 name= age=0 idle=0 flags=N db=0 sub=0 psub=0 ssub=0 multi=-1 qbuf=0 qbuf-free=20474 argv-mem=0 multi-mem=0 rbs=1024 rbp=0 obl=0 oll=0 omem=0 tot-mem=22400 events=r cmd=auth user=default redir=-1 resp=2 lib-name= lib-ver=
976412:signal-handler (1704247531) Received SIGINT scheduling shutdown...
976412:signal-handler (1704247531) You insist... exiting now.
977044:C 03 Jan 2024 03:05:31.128 # WARNING Memory overcommit must be enabled! Without it, a background save or replication may fail under low memory condition. Being disabled, it can also cause failures without low memory condition, see https://github.com/jemalloc/jemalloc/issues/1328. To fix this issue add 'vm.overcommit_memory = 1' to /etc/sysctl.conf and then reboot or run the command 'sysctl vm.overcommit_memory=1' for this to take effect.
977044:C 03 Jan 2024 03:05:31.128 * oO0OoO0OoO0Oo Redis is starting oO0OoO0OoO0Oo
977044:C 03 Jan 2024 03:05:31.128 * Redis version=255.255.255, bits=64, commit=e04ebdb8, modified=1, pid=977044, just started
977044:C 03 Jan 2024 03:05:31.128 * Configuration loaded
977044:M 03 Jan 2024 03:05:31.128 * monotonic clock: POSIX clock_gettime
977044:M 03 Jan 2024 03:05:31.129 * Running mode=standalone, port=5073.
977044:M 03 Jan 2024 03:05:31.135 * <raft> RedisRaft version 255.255.255 [b779b199]
977044:M 03 Jan 2024 03:05:31.140 * <raft> Initializing test network
977044:M 03 Jan 2024 03:05:31.140 * <raft> Created test network client
977044:M 03 Jan 2024 03:05:31.143 * <raft> Raft module loaded, state is 'loading'
977044:M 03 Jan 2024 03:05:31.143 * Module 'raft' loaded from /home/snagendra/Fuzzing/redisraft-fuzzing/redisraft.so
977044:M 03 Jan 2024 03:05:31.144 * Server initialized
977044:M 03 Jan 2024 03:05:31.144 . The AOF directory appendonlydir doesn't exist
977044:M 03 Jan 2024 03:05:31.144 * Ready to accept connections tcp
977044:M 03 Jan 2024 03:05:31.144 . 0 clients connected (0 replicas), 1746720 bytes in use
977044:M 03 Jan 2024 03:05:31.244 * <raft> Loading: Redis loading complete, snapshot NOT LOADED
977044:M 03 Jan 2024 03:05:31.245 * <raft> Cluster Membership: term:0 index:0 nodes: id=3,voting=0,active=1,addr=-
977044:M 03 Jan 2024 03:05:31.245 * <raft> Test network starting message polling thread


=== REDIS BUG REPORT START: Cut & paste starting from here ===
977044:M 03 Jan 2024 03:05:31.245 # Redis 255.255.255 crashed by signal: 6, si_code: -6
977044:M 03 Jan 2024 03:05:31.245 # Crashed running the instruction at: 0x7f08fcdfed3c

------ STACK TRACE ------
EIP:
/lib/x86_64-linux-gnu/libc.so.6(+0x8ad3c)[0x7f08fcdfed3c]

Backtrace:
/lib/x86_64-linux-gnu/libc.so.6(+0x3bfd0)[0x7f08fcdaffd0]
/lib/x86_64-linux-gnu/libc.so.6(+0x8ad3c)[0x7f08fcdfed3c]
/lib/x86_64-linux-gnu/libc.so.6(gsignal+0x12)[0x7f08fcdaff32]
/lib/x86_64-linux-gnu/libc.so.6(abort+0xd3)[0x7f08fcd9a472]
/lib/x86_64-linux-gnu/libc.so.6(+0x26395)[0x7f08fcd9a395]
/lib/x86_64-linux-gnu/libc.so.6(+0x34e32)[0x7f08fcda8e32]
/home/snagendra/Fuzzing/redisraft-fuzzing/redisraft.so(+0x3caea)[0x7f08fcd23aea]
/home/snagendra/Fuzzing/redisraft-fuzzing/redisraft.so(callRaftPeriodic+0x478)[0x7f08fcd14088]
/home/snagendra/Fuzzing/redis/src/redis-server 0.0.0.0:5073(moduleTimerHandler+0x21c)[0x5635937ee98c]
/home/snagendra/Fuzzing/redis/src/redis-server 0.0.0.0:5073(+0x81705)[0x5635936f8705]
/home/snagendra/Fuzzing/redis/src/redis-server 0.0.0.0:5073(aeMain+0x1c8)[0x563593702cb8]
/home/snagendra/Fuzzing/redis/src/redis-server 0.0.0.0:5073(main+0x3cd)[0x5635936f7e2d]
/lib/x86_64-linux-gnu/libc.so.6(+0x271ca)[0x7f08fcd9b1ca]
/lib/x86_64-linux-gnu/libc.so.6(__libc_start_main+0x85)[0x7f08fcd9b285]
/home/snagendra/Fuzzing/redis/src/redis-server 0.0.0.0:5073(_start+0x2a)[0x5635936f85aa]

------ REGISTERS ------
977044:M 03 Jan 2024 03:05:31.246 # 
RAX:0000000000000000 RBX:00000000000ee894
RCX:00007f08fcdfed3c RDX:0000000000000006
RDI:00000000000ee894 RSI:00000000000ee894
RBP:00007f08fcd701c0 RSP:00007fff6fc8b410
R8 :0000000000000007 R9 :0000563595240820
R10:0000000000000008 R11:0000000000000246
R12:0000000000000006 R13:00000000000006a6
R14:00007f08fcd5005c R15:00005635937ed2b0
RIP:00007f08fcdfed3c EFL:0000000000000246
CSGSFS:002b000000000033
977044:M 03 Jan 2024 03:05:31.246 # (00007fff6fc8b41f) -> 00005635952408d0
977044:M 03 Jan 2024 03:05:31.246 # (00007fff6fc8b41e) -> 00007f08fcf46c60
977044:M 03 Jan 2024 03:05:31.246 # (00007fff6fc8b41d) -> 00000000000002b1
977044:M 03 Jan 2024 03:05:31.246 # (00007fff6fc8b41c) -> 0000563595240820
977044:M 03 Jan 2024 03:05:31.246 # (00007fff6fc8b41b) -> 00000000000006a6
977044:M 03 Jan 2024 03:05:31.246 # (00007fff6fc8b41a) -> 0000000000000020
977044:M 03 Jan 2024 03:05:31.246 # (00007fff6fc8b419) -> 00007f08fcd9a472
977044:M 03 Jan 2024 03:05:31.246 # (00007fff6fc8b418) -> 00007f08fcf47e70
977044:M 03 Jan 2024 03:05:31.246 # (00007fff6fc8b417) -> 00007f08fcdaff32
977044:M 03 Jan 2024 03:05:31.246 # (00007fff6fc8b416) -> 00007f08fcd5005c
977044:M 03 Jan 2024 03:05:31.246 # (00007fff6fc8b415) -> 00000000000006a6
977044:M 03 Jan 2024 03:05:31.246 # (00007fff6fc8b414) -> 00007f08fcd4f720
977044:M 03 Jan 2024 03:05:31.246 # (00007fff6fc8b413) -> 00007f08fcd701c0
977044:M 03 Jan 2024 03:05:31.246 # (00007fff6fc8b412) -> 0000000000000006
977044:M 03 Jan 2024 03:05:31.246 # (00007fff6fc8b411) -> 927eb71d6ba53400
977044:M 03 Jan 2024 03:05:31.246 # (00007fff6fc8b410) -> 00005635937ed2b0

------ INFO OUTPUT ------
# Server
redis_version:255.255.255
redis_git_sha1:e04ebdb8
redis_git_dirty:1
redis_build_id:1f78dcc7b4fbdd25
redis_mode:standalone
os:Linux 6.1.60.1.amd64-smp x86_64
arch_bits:64
monotonic_clock:POSIX clock_gettime
multiplexing_api:epoll
atomicvar_api:c11-builtin
gcc_version:10.2.1
process_id:977044
process_supervised:no
run_id:d77212e07bea7d58293b38d6744f95635bf9ec9f
tcp_port:5073
server_time_usec:1704247531244661
uptime_in_seconds:0
uptime_in_days:0
hz:10
configured_hz:10
lru_clock:9748715
executable:/home/snagendra/Fuzzing/redis/src/redis-server
config_file:
io_threads_active:0
listener0:name=tcp,bind=0.0.0.0,port=5073

# Clients
connected_clients:0
cluster_connections:0
maxclients:10000
client_recent_max_input_buffer:0
client_recent_max_output_buffer:0
blocked_clients:0
tracking_clients:0
clients_in_timeout_table:0
total_blocking_keys:0
total_blocking_keys_on_nokey:0

# Memory
used_memory:1753936
used_memory_human:1.67M
used_memory_rss:17653760
used_memory_rss_human:16.84M
used_memory_peak:1753936
used_memory_peak_human:1.67M
used_memory_peak_perc:100.41%
used_memory_overhead:1746760
used_memory_startup:1746576
used_memory_dataset:7176
used_memory_dataset_perc:97.50%
allocator_allocated:2064680
allocator_active:2592768
allocator_resident:10907648
total_system_memory:270388695040
total_system_memory_human:251.82G
used_memory_lua:31744
used_memory_vm_eval:31744
used_memory_lua_human:31.00K
used_memory_scripts_eval:0
number_of_cached_scripts:0
number_of_functions:0
number_of_libraries:0
used_memory_vm_functions:32768
used_memory_vm_total:64512
used_memory_vm_total_human:63.00K
used_memory_functions:184
used_memory_scripts:184
used_memory_scripts_human:184B
maxmemory:0
maxmemory_human:0B
maxmemory_policy:noeviction
allocator_frag_ratio:1.26
allocator_frag_bytes:528088
allocator_rss_ratio:4.21
allocator_rss_bytes:8314880
rss_overhead_ratio:1.62
rss_overhead_bytes:6746112
mem_fragmentation_ratio:10.11
mem_fragmentation_bytes:15907040
mem_not_counted_for_evict:0
mem_replication_backlog:0
mem_total_replication_buffers:0
mem_clients_slaves:0
mem_clients_normal:0
mem_cluster_links:0
mem_aof_buffer:0
mem_allocator:jemalloc-5.3.0
active_defrag_running:0
lazyfree_pending_objects:0
lazyfreed_objects:0

# Persistence
loading:0
async_loading:0
current_cow_peak:0
current_cow_size:0
current_cow_size_age:0
current_fork_perc:0.00
current_save_keys_processed:0
current_save_keys_total:0
rdb_changes_since_last_save:0
rdb_bgsave_in_progress:0
rdb_last_save_time:1704247531
rdb_last_bgsave_status:ok
rdb_last_bgsave_time_sec:-1
rdb_current_bgsave_time_sec:-1
rdb_saves:0
rdb_last_cow_size:0
rdb_last_load_keys_expired:0
rdb_last_load_keys_loaded:0
aof_enabled:0
aof_rewrite_in_progress:0
aof_rewrite_scheduled:0
aof_last_rewrite_time_sec:-1
aof_current_rewrite_time_sec:-1
aof_last_bgrewrite_status:ok
aof_rewrites:0
aof_rewrites_consecutive_failures:0
aof_last_write_status:ok
aof_last_cow_size:0
module_fork_in_progress:0
module_fork_last_cow_size:0

# Stats
total_connections_received:0
total_commands_processed:6
instantaneous_ops_per_sec:23
total_net_input_bytes:0
total_net_output_bytes:0
total_net_repl_input_bytes:0
total_net_repl_output_bytes:0
instantaneous_input_kbps:0.00
instantaneous_output_kbps:0.00
instantaneous_input_repl_kbps:0.00
instantaneous_output_repl_kbps:0.00
rejected_connections:0
sync_full:0
sync_partial_ok:0
sync_partial_err:0
expired_keys:0
expired_stale_perc:0.00
expired_time_cap_reached_count:0
expire_cycle_cpu_milliseconds:0
evicted_keys:0
evicted_clients:0
total_eviction_exceeded_time:0
current_eviction_exceeded_time:0
keyspace_hits:0
keyspace_misses:0
pubsub_channels:0
pubsub_patterns:0
pubsubshard_channels:0
latest_fork_usec:0
total_forks:0
migrate_cached_sockets:0
slave_expires_tracked_keys:0
active_defrag_hits:0
active_defrag_misses:0
active_defrag_key_hits:0
active_defrag_key_misses:0
total_active_defrag_time:0
current_active_defrag_time:0
tracking_total_keys:0
tracking_total_items:0
tracking_total_prefixes:0
unexpected_error_replies:0
total_error_replies:0
dump_payload_sanitizations:0
total_reads_processed:0
total_writes_processed:0
io_threaded_reads_processed:0
io_threaded_writes_processed:0
reply_buffer_shrinks:0
reply_buffer_expands:0
acl_access_denied_auth:0
acl_access_denied_cmd:0
acl_access_denied_key:0
acl_access_denied_channel:0

# Replication
role:master
connected_slaves:0
master_failover_state:no-failover
master_replid:1ca682d3d672b25535db41673b03858d7247dcc2
master_replid2:0000000000000000000000000000000000000000
master_repl_offset:0
second_repl_offset:-1
repl_backlog_active:0
repl_backlog_size:1048576
repl_backlog_first_byte_offset:0
repl_backlog_histlen:0

# CPU
used_cpu_sys:0.001806
used_cpu_user:0.015755
used_cpu_sys_children:0.000000
used_cpu_user_children:0.000000
used_cpu_sys_main_thread:0.004294
used_cpu_user_main_thread:0.012882

# Modules
module:name=raft,ver=1,api=1,filters=1,usedby=[],using=[],options=[]

# Commandstats
cmdstat_command:calls=2,usec=1541,usec_per_call=770.50,rejected_calls=0,failed_calls=0
cmdstat_config|set:calls=1,usec=10,usec_per_call=10.00,rejected_calls=0,failed_calls=0
cmdstat_config|get:calls=3,usec=5,usec_per_call=1.67,rejected_calls=0,failed_calls=0

# Errorstats

# Latencystats
latency_percentiles_usec_command:p50=753.663,p99=790.527,p99.9=790.527
latency_percentiles_usec_config|set:p50=10.047,p99=10.047,p99.9=10.047
latency_percentiles_usec_config|get:p50=2.007,p99=2.007,p99.9=2.007

# Cluster
cluster_enabled:0

# Keyspace

------ CLIENT LIST OUTPUT ------

------ MODULES INFO OUTPUT ------
# raft_version
raft_version:255.255.255
raft_git_sha1:b779b199

# raft_general
raft_dbid:5b811e3286f74064201014793e6bc08a
raft_node_id:3
raft_state:up
raft_role:follower
raft_is_voting:no
raft_voted_for:-1
raft_leader_id:-1
raft_current_term:0
raft_num_nodes:1
raft_num_voting_nodes:0

# raft_log
raft_log_entries:0
raft_current_index:0
raft_commit_index:0
raft_last_applied_index:0
raft_file_size:101
raft_cache_memory_size:0
raft_cache_entries:0
raft_client_attached_entries:0
raft_fsync_count:0
raft_fsync_max_microseconds:0
raft_fsync_avg_microseconds:0

# raft_snapshot
raft_snapshot_filename:redis3.rdb
raft_snapshot_last_idx:0
raft_snapshot_last_term:0
raft_snapshot_size:0
raft_snapshot_time_secs:-1
raft_snapshots_created:0
raft_snapshots_received:0
raft_snapshot_in_progress:no
raft_snapshot_in_progress_last_idx:-1
raft_snapshot_in_progress_last_term:-1

# raft_clients
raft_proxy_reqs:0
raft_proxy_failed_reqs:0
raft_proxy_failed_responses:0
raft_proxy_outstanding_reqs:0

# raft_stats
raft_appendreq_received:0
raft_appendreq_with_entry_received:0
raft_snapshotreq_received:0
raft_exec_throttled:0
raft_num_sessions:0

------ CONFIG DEBUG OUTPUT ------
slave-read-only yes
replica-read-only yes
lazyfree-lazy-user-flush no
lazyfree-lazy-user-del no
lazyfree-lazy-server-del no
proto-max-bulk-len 512mb
list-compress-depth 0
repl-diskless-load disabled
lazyfree-lazy-eviction no
sanitize-dump-payload no
activedefrag no
io-threads 1
repl-diskless-sync yes
lazyfree-lazy-expire no
client-query-buffer-limit 1gb
io-threads-do-reads no

------ FAST MEMORY TEST ------
977044:M 03 Jan 2024 03:05:31.246 # Bio worker thread #0 terminated
977044:M 03 Jan 2024 03:05:31.246 # Bio worker thread #1 terminated
977044:M 03 Jan 2024 03:05:31.246 # Bio worker thread #2 terminated
*** Preparing to test memory region 5635939ce000 (2273280 bytes)
*** Preparing to test memory region 5635951eb000 (405504 bytes)
*** Preparing to test memory region 7f08effff000 (8388608 bytes)
*** Preparing to test memory region 7f08f0800000 (8388608 bytes)
*** Preparing to test memory region 7f08f1000000 (6291456 bytes)
*** Preparing to test memory region 7f08f17fc000 (8388608 bytes)
*** Preparing to test memory region 7f08f1ffd000 (8388608 bytes)
*** Preparing to test memory region 7f08f27fe000 (8388608 bytes)
*** Preparing to test memory region 7f08f2fff000 (8388608 bytes)
*** Preparing to test memory region 7f08f3800000 (8388608 bytes)
*** Preparing to test memory region 7f08f4000000 (135168 bytes)
*** Preparing to test memory region 7f08f82dd000 (8388608 bytes)
*** Preparing to test memory region 7f08f8ade000 (8388608 bytes)
*** Preparing to test memory region 7f08f92df000 (8388608 bytes)
*** Preparing to test memory region 7f08f9ae0000 (8388608 bytes)
*** Preparing to test memory region 7f08fa2e1000 (8388608 bytes)
*** Preparing to test memory region 7f08faae1000 (2621440 bytes)
*** Preparing to test memory region 7f08fad70000 (8192 bytes)
*** Preparing to test memory region 7f08fb47f000 (12288 bytes)
*** Preparing to test memory region 7f08fba18000 (16384 bytes)
*** Preparing to test memory region 7f08fba88000 (8192 bytes)
*** Preparing to test memory region 7f08fbbff000 (4096 bytes)
*** Preparing to test memory region 7f08fc400000 (8388608 bytes)
*** Preparing to test memory region 7f08fcce4000 (12288 bytes)
*** Preparing to test memory region 7f08fcd69000 (45056 bytes)
*** Preparing to test memory region 7f08fcf48000 (53248 bytes)
*** Preparing to test memory region 7f08fd065000 (8192 bytes)
.O.O.O.O.O.O.O.O.O.O.O.O.O.O.O.O.O.O.O.O.O.O.O.O.O.O.O
Fast memory test PASSED, however your memory can still be broken. Please run a memory test for several hours if possible.

------ DUMPING CODE AROUND EIP ------
Symbol: (null) (base: (nil))
Module: /lib/x86_64-linux-gnu/libc.so.6 (base 0x7f08fcd74000)
$ xxd -r -p /tmp/dump.hex /tmp/dump.bin
$ objdump --adjust-vma=(nil) -D -b binary -m i386:x86-64 /tmp/dump.bin
------

=== REDIS BUG REPORT END. Make sure to include from START to END. ===

       Please report the crash by opening an issue on github:

           http://github.com/redis/redis/issues

  If a Redis module was involved, please open in the module's repo instead.

  Suspect RAM error? Use redis-server --test-memory to verify it.

  Some other issues could be detected by redis-server --check-system
977710:C 03 Jan 2024 03:05:32.845 # WARNING Memory overcommit must be enabled! Without it, a background save or replication may fail under low memory condition. Being disabled, it can also cause failures without low memory condition, see https://github.com/jemalloc/jemalloc/issues/1328. To fix this issue add 'vm.overcommit_memory = 1' to /etc/sysctl.conf and then reboot or run the command 'sysctl vm.overcommit_memory=1' for this to take effect.
977710:C 03 Jan 2024 03:05:32.845 * oO0OoO0OoO0Oo Redis is starting oO0OoO0OoO0Oo
977710:C 03 Jan 2024 03:05:32.845 * Redis version=255.255.255, bits=64, commit=e04ebdb8, modified=1, pid=977710, just started
977710:C 03 Jan 2024 03:05:32.845 * Configuration loaded
977710:M 03 Jan 2024 03:05:32.845 * monotonic clock: POSIX clock_gettime
977710:M 03 Jan 2024 03:05:32.846 * Running mode=standalone, port=5073.
977710:M 03 Jan 2024 03:05:32.853 * <raft> RedisRaft version 255.255.255 [b779b199]
977710:M 03 Jan 2024 03:05:32.857 * <raft> Initializing test network
977710:M 03 Jan 2024 03:05:32.858 * <raft> Created test network client
977710:M 03 Jan 2024 03:05:32.861 * <raft> Raft module loaded, state is 'loading'
977710:M 03 Jan 2024 03:05:32.861 * Module 'raft' loaded from /home/snagendra/Fuzzing/redisraft-fuzzing/redisraft.so
977710:M 03 Jan 2024 03:05:32.862 * Server initialized
977710:M 03 Jan 2024 03:05:32.862 . The AOF directory appendonlydir doesn't exist
977710:M 03 Jan 2024 03:05:32.862 * Ready to accept connections tcp
977710:M 03 Jan 2024 03:05:32.862 . 0 clients connected (0 replicas), 1746720 bytes in use
977710:M 03 Jan 2024 03:05:32.961 * <raft> Loading: Redis loading complete, snapshot NOT LOADED
977710:M 03 Jan 2024 03:05:32.961 * <raft> Cluster Membership: term:0 index:0 nodes: id=3,voting=0,active=1,addr=-
977710:M 03 Jan 2024 03:05:32.961 * <raft> Test network starting message polling thread


=== REDIS BUG REPORT START: Cut & paste starting from here ===
977710:M 03 Jan 2024 03:05:32.962 # Redis 255.255.255 crashed by signal: 6, si_code: -6
977710:M 03 Jan 2024 03:05:32.962 # Crashed running the instruction at: 0x7f6a8fc41d3c

------ STACK TRACE ------
EIP:
/lib/x86_64-linux-gnu/libc.so.6(+0x8ad3c)[0x7f6a8fc41d3c]

Backtrace:
/lib/x86_64-linux-gnu/libc.so.6(+0x3bfd0)[0x7f6a8fbf2fd0]
/lib/x86_64-linux-gnu/libc.so.6(+0x8ad3c)[0x7f6a8fc41d3c]
/lib/x86_64-linux-gnu/libc.so.6(gsignal+0x12)[0x7f6a8fbf2f32]
/lib/x86_64-linux-gnu/libc.so.6(abort+0xd3)[0x7f6a8fbdd472]
/lib/x86_64-linux-gnu/libc.so.6(+0x26395)[0x7f6a8fbdd395]
/lib/x86_64-linux-gnu/libc.so.6(+0x34e32)[0x7f6a8fbebe32]
/home/snagendra/Fuzzing/redisraft-fuzzing/redisraft.so(+0x3caea)[0x7f6a8fb66aea]
/home/snagendra/Fuzzing/redisraft-fuzzing/redisraft.so(callRaftPeriodic+0x478)[0x7f6a8fb57088]
/home/snagendra/Fuzzing/redis/src/redis-server 0.0.0.0:5073(moduleTimerHandler+0x21c)[0x561fba93898c]
/home/snagendra/Fuzzing/redis/src/redis-server 0.0.0.0:5073(+0x81705)[0x561fba842705]
/home/snagendra/Fuzzing/redis/src/redis-server 0.0.0.0:5073(aeMain+0x1c8)[0x561fba84ccb8]
/home/snagendra/Fuzzing/redis/src/redis-server 0.0.0.0:5073(main+0x3cd)[0x561fba841e2d]
/lib/x86_64-linux-gnu/libc.so.6(+0x271ca)[0x7f6a8fbde1ca]
/lib/x86_64-linux-gnu/libc.so.6(__libc_start_main+0x85)[0x7f6a8fbde285]
/home/snagendra/Fuzzing/redis/src/redis-server 0.0.0.0:5073(_start+0x2a)[0x561fba8425aa]

------ REGISTERS ------
977710:M 03 Jan 2024 03:05:32.962 # 
RAX:0000000000000000 RBX:00000000000eeb2e
RCX:00007f6a8fc41d3c RDX:0000000000000006
RDI:00000000000eeb2e RSI:00000000000eeb2e
RBP:00007f6a8fbb31c0 RSP:00007ffd91914ab0
R8 :0000000000000007 R9 :0000561fbbdda820
R10:0000000000000008 R11:0000000000000246
R12:0000000000000006 R13:00000000000006a6
R14:00007f6a8fb9305c R15:0000561fba9372b0
RIP:00007f6a8fc41d3c EFL:0000000000000246
CSGSFS:002b000000000033
977710:M 03 Jan 2024 03:05:32.962 # (00007ffd91914abf) -> 0000561fbbdda8d0
977710:M 03 Jan 2024 03:05:32.962 # (00007ffd91914abe) -> 00007f6a8fd89c60
977710:M 03 Jan 2024 03:05:32.962 # (00007ffd91914abd) -> 00000000000002b1
977710:M 03 Jan 2024 03:05:32.962 # (00007ffd91914abc) -> 0000561fbbdda820
977710:M 03 Jan 2024 03:05:32.962 # (00007ffd91914abb) -> 00000000000006a6
977710:M 03 Jan 2024 03:05:32.962 # (00007ffd91914aba) -> 0000000000000020
977710:M 03 Jan 2024 03:05:32.962 # (00007ffd91914ab9) -> 00007f6a8fbdd472
977710:M 03 Jan 2024 03:05:32.962 # (00007ffd91914ab8) -> 00007f6a8fd8ae70
977710:M 03 Jan 2024 03:05:32.962 # (00007ffd91914ab7) -> 00007f6a8fbf2f32
977710:M 03 Jan 2024 03:05:32.962 # (00007ffd91914ab6) -> 00007f6a8fb9305c
977710:M 03 Jan 2024 03:05:32.962 # (00007ffd91914ab5) -> 00000000000006a6
977710:M 03 Jan 2024 03:05:32.962 # (00007ffd91914ab4) -> 00007f6a8fb92720
977710:M 03 Jan 2024 03:05:32.962 # (00007ffd91914ab3) -> 00007f6a8fbb31c0
977710:M 03 Jan 2024 03:05:32.962 # (00007ffd91914ab2) -> 0000000000000006
977710:M 03 Jan 2024 03:05:32.962 # (00007ffd91914ab1) -> 18e77d301895ea00
977710:M 03 Jan 2024 03:05:32.962 # (00007ffd91914ab0) -> 0000561fba9372b0

------ INFO OUTPUT ------
# Server
redis_version:255.255.255
redis_git_sha1:e04ebdb8
redis_git_dirty:1
redis_build_id:1f78dcc7b4fbdd25
redis_mode:standalone
os:Linux 6.1.60.1.amd64-smp x86_64
arch_bits:64
monotonic_clock:POSIX clock_gettime
multiplexing_api:epoll
atomicvar_api:c11-builtin
gcc_version:10.2.1
process_id:977710
process_supervised:no
run_id:cd3b36ecc4f3d7b27c8fb074be50f1b3fdd2beef
tcp_port:5073
server_time_usec:1704247532961188
uptime_in_seconds:0
uptime_in_days:0
hz:10
configured_hz:10
lru_clock:9748716
executable:/home/snagendra/Fuzzing/redis/src/redis-server
config_file:
io_threads_active:0
listener0:name=tcp,bind=0.0.0.0,port=5073

# Clients
connected_clients:0
cluster_connections:0
maxclients:10000
client_recent_max_input_buffer:0
client_recent_max_output_buffer:0
blocked_clients:0
tracking_clients:0
clients_in_timeout_table:0
total_blocking_keys:0
total_blocking_keys_on_nokey:0

# Memory
used_memory:1753936
used_memory_human:1.67M
used_memory_rss:17682432
used_memory_rss_human:16.86M
used_memory_peak:1753936
used_memory_peak_human:1.67M
used_memory_peak_perc:100.41%
used_memory_overhead:1746760
used_memory_startup:1746576
used_memory_dataset:7176
used_memory_dataset_perc:97.50%
allocator_allocated:2118832
allocator_active:2654208
allocator_resident:10887168
total_system_memory:270388695040
total_system_memory_human:251.82G
used_memory_lua:31744
used_memory_vm_eval:31744
used_memory_lua_human:31.00K
used_memory_scripts_eval:0
number_of_cached_scripts:0
number_of_functions:0
number_of_libraries:0
used_memory_vm_functions:32768
used_memory_vm_total:64512
used_memory_vm_total_human:63.00K
used_memory_functions:184
used_memory_scripts:184
used_memory_scripts_human:184B
maxmemory:0
maxmemory_human:0B
maxmemory_policy:noeviction
allocator_frag_ratio:1.25
allocator_frag_bytes:535376
allocator_rss_ratio:4.10
allocator_rss_bytes:8232960
rss_overhead_ratio:1.62
rss_overhead_bytes:6795264
mem_fragmentation_ratio:10.12
mem_fragmentation_bytes:15935712
mem_not_counted_for_evict:0
mem_replication_backlog:0
mem_total_replication_buffers:0
mem_clients_slaves:0
mem_clients_normal:0
mem_cluster_links:0
mem_aof_buffer:0
mem_allocator:jemalloc-5.3.0
active_defrag_running:0
lazyfree_pending_objects:0
lazyfreed_objects:0

# Persistence
loading:0
async_loading:0
current_cow_peak:0
current_cow_size:0
current_cow_size_age:0
current_fork_perc:0.00
current_save_keys_processed:0
current_save_keys_total:0
rdb_changes_since_last_save:0
rdb_bgsave_in_progress:0
rdb_last_save_time:1704247532
rdb_last_bgsave_status:ok
rdb_last_bgsave_time_sec:-1
rdb_current_bgsave_time_sec:-1
rdb_saves:0
rdb_last_cow_size:0
rdb_last_load_keys_expired:0
rdb_last_load_keys_loaded:0
aof_enabled:0
aof_rewrite_in_progress:0
aof_rewrite_scheduled:0
aof_last_rewrite_time_sec:-1
aof_current_rewrite_time_sec:-1
aof_last_bgrewrite_status:ok
aof_rewrites:0
aof_rewrites_consecutive_failures:0
aof_last_write_status:ok
aof_last_cow_size:0
module_fork_in_progress:0
module_fork_last_cow_size:0

# Stats
total_connections_received:0
total_commands_processed:6
instantaneous_ops_per_sec:22
total_net_input_bytes:0
total_net_output_bytes:0
total_net_repl_input_bytes:0
total_net_repl_output_bytes:0
instantaneous_input_kbps:0.00
instantaneous_output_kbps:0.00
instantaneous_input_repl_kbps:0.00
instantaneous_output_repl_kbps:0.00
rejected_connections:0
sync_full:0
sync_partial_ok:0
sync_partial_err:0
expired_keys:0
expired_stale_perc:0.00
expired_time_cap_reached_count:0
expire_cycle_cpu_milliseconds:0
evicted_keys:0
evicted_clients:0
total_eviction_exceeded_time:0
current_eviction_exceeded_time:0
keyspace_hits:0
keyspace_misses:0
pubsub_channels:0
pubsub_patterns:0
pubsubshard_channels:0
latest_fork_usec:0
total_forks:0
migrate_cached_sockets:0
slave_expires_tracked_keys:0
active_defrag_hits:0
active_defrag_misses:0
active_defrag_key_hits:0
active_defrag_key_misses:0
total_active_defrag_time:0
current_active_defrag_time:0
tracking_total_keys:0
tracking_total_items:0
tracking_total_prefixes:0
unexpected_error_replies:0
total_error_replies:0
dump_payload_sanitizations:0
total_reads_processed:0
total_writes_processed:0
io_threaded_reads_processed:0
io_threaded_writes_processed:0
reply_buffer_shrinks:0
reply_buffer_expands:0
acl_access_denied_auth:0
acl_access_denied_cmd:0
acl_access_denied_key:0
acl_access_denied_channel:0

# Replication
role:master
connected_slaves:0
master_failover_state:no-failover
master_replid:7e597d3967f41951716c298c55ea9d3b7566b22f
master_replid2:0000000000000000000000000000000000000000
master_repl_offset:0
second_repl_offset:-1
repl_backlog_active:0
repl_backlog_size:1048576
repl_backlog_first_byte_offset:0
repl_backlog_histlen:0

# CPU
used_cpu_sys:0.008112
used_cpu_user:0.009781
used_cpu_sys_children:0.000000
used_cpu_user_children:0.000000
used_cpu_sys_main_thread:0.008769
used_cpu_user_main_thread:0.008769

# Modules
module:name=raft,ver=1,api=1,filters=1,usedby=[],using=[],options=[]

# Commandstats
cmdstat_config|set:calls=1,usec=11,usec_per_call=11.00,rejected_calls=0,failed_calls=0
cmdstat_config|get:calls=3,usec=4,usec_per_call=1.33,rejected_calls=0,failed_calls=0
cmdstat_command:calls=2,usec=1535,usec_per_call=767.50,rejected_calls=0,failed_calls=0

# Errorstats

# Latencystats
latency_percentiles_usec_config|set:p50=11.007,p99=11.007,p99.9=11.007
latency_percentiles_usec_config|get:p50=1.003,p99=2.007,p99.9=2.007
latency_percentiles_usec_command:p50=741.375,p99=798.719,p99.9=798.719

# Cluster
cluster_enabled:0

# Keyspace

------ CLIENT LIST OUTPUT ------

------ MODULES INFO OUTPUT ------
# raft_version
raft_version:255.255.255
raft_git_sha1:b779b199

# raft_general
raft_dbid:5b811e3286f74064201014793e6bc08a
raft_node_id:3
raft_state:up
raft_role:follower
raft_is_voting:no
raft_voted_for:-1
raft_leader_id:-1
raft_current_term:0
raft_num_nodes:1
raft_num_voting_nodes:0

# raft_log
raft_log_entries:0
raft_current_index:0
raft_commit_index:0
raft_last_applied_index:0
raft_file_size:101
raft_cache_memory_size:0
raft_cache_entries:0
raft_client_attached_entries:0
raft_fsync_count:0
raft_fsync_max_microseconds:0
raft_fsync_avg_microseconds:0

# raft_snapshot
raft_snapshot_filename:redis3.rdb
raft_snapshot_last_idx:0
raft_snapshot_last_term:0
raft_snapshot_size:0
raft_snapshot_time_secs:-1
raft_snapshots_created:0
raft_snapshots_received:0
raft_snapshot_in_progress:no
raft_snapshot_in_progress_last_idx:-1
raft_snapshot_in_progress_last_term:-1

# raft_clients
raft_proxy_reqs:0
raft_proxy_failed_reqs:0
raft_proxy_failed_responses:0
raft_proxy_outstanding_reqs:0

# raft_stats
raft_appendreq_received:0
raft_appendreq_with_entry_received:0
raft_snapshotreq_received:0
raft_exec_throttled:0
raft_num_sessions:0

------ CONFIG DEBUG OUTPUT ------
lazyfree-lazy-user-del no
client-query-buffer-limit 1gb
activedefrag no
io-threads 1
repl-diskless-sync yes
proto-max-bulk-len 512mb
lazyfree-lazy-user-flush no
repl-diskless-load disabled
sanitize-dump-payload no
replica-read-only yes
lazyfree-lazy-server-del no
io-threads-do-reads no
slave-read-only yes
lazyfree-lazy-eviction no
list-compress-depth 0
lazyfree-lazy-expire no

------ FAST MEMORY TEST ------
977710:M 03 Jan 2024 03:05:32.962 # Bio worker thread #0 terminated
977710:M 03 Jan 2024 03:05:32.963 # Bio worker thread #1 terminated
977710:M 03 Jan 2024 03:05:32.963 # Bio worker thread #2 terminated
*** Preparing to test memory region 561fbab18000 (2273280 bytes)
*** Preparing to test memory region 561fbbd85000 (405504 bytes)
*** Preparing to test memory region 7f6a82fff000 (8388608 bytes)
*** Preparing to test memory region 7f6a83800000 (8388608 bytes)
*** Preparing to test memory region 7f6a84000000 (6291456 bytes)
*** Preparing to test memory region 7f6a847fa000 (8388608 bytes)
*** Preparing to test memory region 7f6a84ffb000 (8388608 bytes)
*** Preparing to test memory region 7f6a857fc000 (8388608 bytes)
*** Preparing to test memory region 7f6a85ffd000 (8388608 bytes)
*** Preparing to test memory region 7f6a867fe000 (8388608 bytes)
*** Preparing to test memory region 7f6a86fff000 (8388608 bytes)
*** Preparing to test memory region 7f6a87800000 (8388608 bytes)
*** Preparing to test memory region 7f6a88000000 (135168 bytes)
*** Preparing to test memory region 7f6a8c11f000 (8388608 bytes)
*** Preparing to test memory region 7f6a8c920000 (8388608 bytes)
*** Preparing to test memory region 7f6a8d121000 (8388608 bytes)
*** Preparing to test memory region 7f6a8d921000 (2621440 bytes)
*** Preparing to test memory region 7f6a8dbb0000 (8192 bytes)
*** Preparing to test memory region 7f6a8e27f000 (12288 bytes)
*** Preparing to test memory region 7f6a8e818000 (16384 bytes)
*** Preparing to test memory region 7f6a8e8cd000 (8192 bytes)
*** Preparing to test memory region 7f6a8f200000 (8388608 bytes)
*** Preparing to test memory region 7f6a8fa57000 (4096 bytes)
*** Preparing to test memory region 7f6a8fb27000 (12288 bytes)
*** Preparing to test memory region 7f6a8fbac000 (45056 bytes)
*** Preparing to test memory region 7f6a8fd8b000 (53248 bytes)
*** Preparing to test memory region 7f6a8fea8000 (8192 bytes)
.O.O.O.O.O.O.O.O.O.O.O.O.O.977710:signal-handler (1704247533) Received SIGINT scheduling shutdown...
977710:signal-handler (1704247533) You insist... exiting now.

----- Stderr -----
libgcov profiling error:/home/snagendra/Fuzzing/redisraft-fuzzing/build/deps/raft/CMakeFiles/raft.dir/src/raft_server_properties.c.gcda:Merge mismatch for function 4
libgcov profiling error:/home/snagendra/Fuzzing/redisraft-fuzzing/build/deps/raft/CMakeFiles/raft.dir/src/raft_node.c.gcda:Merge mismatch for function 1
libgcov profiling error:/home/snagendra/Fuzzing/redisraft-fuzzing/build/deps/raft/CMakeFiles/raft.dir/src/raft_server.c.gcda:Merge mismatch for function 4
redis-server: /home/snagendra/Fuzzing/redisraft-fuzzing/deps/raft/src/raft_server.c:1702: raft_get_first_entry_idx: Assertion `0 < raft_get_current_idx(me)' failed.
redis-server: /home/snagendra/Fuzzing/redisraft-fuzzing/deps/raft/src/raft_server.c:1702: raft_get_first_entry_idx: Assertion `0 < raft_get_current_idx(me)' failed.
libgcov profiling error:/home/snagendra/Fuzzing/redisraft-fuzzing/build/deps/raft/CMakeFiles/raft.dir/src/raft_server_properties.c.gcda:Merge mismatch for function 4
libgcov profiling error:/home/snagendra/Fuzzing/redisraft-fuzzing/build/deps/raft/CMakeFiles/raft.dir/src/raft_node.c.gcda:Merge mismatch for function 1
libgcov profiling error:/home/snagendra/Fuzzing/redisraft-fuzzing/build/deps/raft/CMakeFiles/raft.dir/src/raft_server.c.gcda:Merge mismatch for function 4



