logs for node: 3

----- Stdout -----
4136765:C 03 Jan 2024 02:27:39.346 # WARNING Memory overcommit must be enabled! Without it, a background save or replication may fail under low memory condition. Being disabled, it can also cause failures without low memory condition, see https://github.com/jemalloc/jemalloc/issues/1328. To fix this issue add 'vm.overcommit_memory = 1' to /etc/sysctl.conf and then reboot or run the command 'sysctl vm.overcommit_memory=1' for this to take effect.
4136765:C 03 Jan 2024 02:27:39.346 * oO0OoO0OoO0Oo Redis is starting oO0OoO0OoO0Oo
4136765:C 03 Jan 2024 02:27:39.346 * Redis version=255.255.255, bits=64, commit=e04ebdb8, modified=1, pid=4136765, just started
4136765:C 03 Jan 2024 02:27:39.346 * Configuration loaded
4136765:M 03 Jan 2024 02:27:39.346 * monotonic clock: POSIX clock_gettime
4136765:M 03 Jan 2024 02:27:39.347 * Running mode=standalone, port=5003.
4136765:M 03 Jan 2024 02:27:39.354 * <raft> RedisRaft version 255.255.255 [b779b199]
4136765:M 03 Jan 2024 02:27:39.359 * <raft> Initializing test network
4136765:M 03 Jan 2024 02:27:39.360 * <raft> Created test network client
4136765:M 03 Jan 2024 02:27:39.361 * <raft> Raft module loaded, state is 'uninitialized'
4136765:M 03 Jan 2024 02:27:39.361 * Module 'raft' loaded from /home/snagendra/Fuzzing/redisraft-fuzzing/redisraft.so
4136765:M 03 Jan 2024 02:27:39.361 * Server initialized
4136765:M 03 Jan 2024 02:27:39.362 . The AOF directory appendonlydir doesn't exist
4136765:M 03 Jan 2024 02:27:39.362 * Ready to accept connections tcp
4136765:M 03 Jan 2024 02:27:39.362 . 0 clients connected (0 replicas), 1726160 bytes in use
4136765:M 03 Jan 2024 02:27:39.383 - Accepted 127.0.0.1:55402
4136765:M 03 Jan 2024 02:27:39.383 # Missing implement of connection type tls
4136765:M 03 Jan 2024 02:27:39.460 - <raft> join cluster, connecting to localhost:5001
4136765:M 03 Jan 2024 02:27:39.462 * <raft> Joined Raft cluster, node id: 3, dbid: 3f48aaeb792956f0c6e806340104a0ba
4136765:M 03 Jan 2024 02:27:39.470 * <raft> Cluster Membership: term:0 index:0 nodes: id=3,voting=0,active=1,addr=-
4136765:M 03 Jan 2024 02:27:39.470 * <raft> Test network starting message polling thread
4136765:M 03 Jan 2024 02:27:39.505 - Accepted 127.0.0.1:55410
4136765:M 03 Jan 2024 02:27:39.610 - Client closed connection id=9 addr=127.0.0.1:55410 laddr=127.0.0.1:5003 fd=10 name= age=0 idle=0 flags=N db=0 sub=0 psub=0 ssub=0 multi=-1 qbuf=0 qbuf-free=20474 argv-mem=0 multi-mem=0 rbs=16384 rbp=0 obl=0 oll=0 omem=0 tot-mem=37760 events=r cmd=auth user=default redir=-1 resp=2 lib-name= lib-ver=
4136765:signal-handler (1704245259) Received SIGINT scheduling shutdown...
4136765:signal-handler (1704245259) You insist... exiting now.
4137571:C 03 Jan 2024 02:27:41.247 # WARNING Memory overcommit must be enabled! Without it, a background save or replication may fail under low memory condition. Being disabled, it can also cause failures without low memory condition, see https://github.com/jemalloc/jemalloc/issues/1328. To fix this issue add 'vm.overcommit_memory = 1' to /etc/sysctl.conf and then reboot or run the command 'sysctl vm.overcommit_memory=1' for this to take effect.
4137571:C 03 Jan 2024 02:27:41.247 * oO0OoO0OoO0Oo Redis is starting oO0OoO0OoO0Oo
4137571:C 03 Jan 2024 02:27:41.247 * Redis version=255.255.255, bits=64, commit=e04ebdb8, modified=1, pid=4137571, just started
4137571:C 03 Jan 2024 02:27:41.247 * Configuration loaded
4137571:M 03 Jan 2024 02:27:41.248 * monotonic clock: POSIX clock_gettime
4137571:M 03 Jan 2024 02:27:41.248 * Running mode=standalone, port=5003.
4137571:M 03 Jan 2024 02:27:41.254 * <raft> RedisRaft version 255.255.255 [b779b199]
4137571:M 03 Jan 2024 02:27:41.259 * <raft> Initializing test network
4137571:M 03 Jan 2024 02:27:41.260 * <raft> Created test network client
4137571:M 03 Jan 2024 02:27:41.262 * <raft> Raft module loaded, state is 'loading'
4137571:M 03 Jan 2024 02:27:41.262 * Module 'raft' loaded from /home/snagendra/Fuzzing/redisraft-fuzzing/redisraft.so
4137571:M 03 Jan 2024 02:27:41.263 * Server initialized
4137571:M 03 Jan 2024 02:27:41.263 . The AOF directory appendonlydir doesn't exist
4137571:M 03 Jan 2024 02:27:41.263 * Ready to accept connections tcp
4137571:M 03 Jan 2024 02:27:41.263 . 0 clients connected (0 replicas), 1746624 bytes in use
4137571:M 03 Jan 2024 02:27:41.363 * <raft> Loading: Redis loading complete, snapshot NOT LOADED
4137571:M 03 Jan 2024 02:27:41.364 * <raft> Cluster Membership: term:0 index:0 nodes: id=3,voting=0,active=1,addr=-
4137571:M 03 Jan 2024 02:27:41.364 * <raft> Test network starting message polling thread


=== REDIS BUG REPORT START: Cut & paste starting from here ===
4137571:M 03 Jan 2024 02:27:41.364 # Redis 255.255.255 crashed by signal: 6, si_code: -6
4137571:M 03 Jan 2024 02:27:41.364 # Crashed running the instruction at: 0x7f46d66b6d3c

------ STACK TRACE ------
EIP:
/lib/x86_64-linux-gnu/libc.so.6(+0x8ad3c)[0x7f46d66b6d3c]

Backtrace:
/lib/x86_64-linux-gnu/libc.so.6(+0x3bfd0)[0x7f46d6667fd0]
/lib/x86_64-linux-gnu/libc.so.6(+0x8ad3c)[0x7f46d66b6d3c]
/lib/x86_64-linux-gnu/libc.so.6(gsignal+0x12)[0x7f46d6667f32]
/lib/x86_64-linux-gnu/libc.so.6(abort+0xd3)[0x7f46d6652472]
/lib/x86_64-linux-gnu/libc.so.6(+0x26395)[0x7f46d6652395]
/lib/x86_64-linux-gnu/libc.so.6(+0x34e32)[0x7f46d6660e32]
/home/snagendra/Fuzzing/redisraft-fuzzing/redisraft.so(+0x3caea)[0x7f46d55b4aea]
/home/snagendra/Fuzzing/redisraft-fuzzing/redisraft.so(callRaftPeriodic+0x478)[0x7f46d55a5088]
/home/snagendra/Fuzzing/redis/src/redis-server 0.0.0.0:5003(moduleTimerHandler+0x21c)[0x55fcfe00e98c]
/home/snagendra/Fuzzing/redis/src/redis-server 0.0.0.0:5003(+0x81705)[0x55fcfdf18705]
/home/snagendra/Fuzzing/redis/src/redis-server 0.0.0.0:5003(aeMain+0x1c8)[0x55fcfdf22cb8]
/home/snagendra/Fuzzing/redis/src/redis-server 0.0.0.0:5003(main+0x3cd)[0x55fcfdf17e2d]
/lib/x86_64-linux-gnu/libc.so.6(+0x271ca)[0x7f46d66531ca]
/lib/x86_64-linux-gnu/libc.so.6(__libc_start_main+0x85)[0x7f46d6653285]
/home/snagendra/Fuzzing/redis/src/redis-server 0.0.0.0:5003(_start+0x2a)[0x55fcfdf185aa]

------ REGISTERS ------
4137571:M 03 Jan 2024 02:27:41.365 # 
RAX:0000000000000000 RBX:00000000003f2263
RCX:00007f46d66b6d3c RDX:0000000000000006
RDI:00000000003f2263 RSI:00000000003f2263
RBP:00007f46d66281c0 RSP:00007ffe6c598770
R8 :0000000000000007 R9 :000055fcfec95820
R10:0000000000000008 R11:0000000000000246
R12:0000000000000006 R13:00000000000006a6
R14:00007f46d55e105c R15:000055fcfe00d2b0
RIP:00007f46d66b6d3c EFL:0000000000000246
CSGSFS:002b000000000033
4137571:M 03 Jan 2024 02:27:41.365 # (00007ffe6c59877f) -> 000055fcfec958d0
4137571:M 03 Jan 2024 02:27:41.365 # (00007ffe6c59877e) -> 00007f46d67fec60
4137571:M 03 Jan 2024 02:27:41.365 # (00007ffe6c59877d) -> 00000000000002b1
4137571:M 03 Jan 2024 02:27:41.365 # (00007ffe6c59877c) -> 000055fcfec95820
4137571:M 03 Jan 2024 02:27:41.365 # (00007ffe6c59877b) -> 00000000000006a6
4137571:M 03 Jan 2024 02:27:41.365 # (00007ffe6c59877a) -> 0000000000000020
4137571:M 03 Jan 2024 02:27:41.365 # (00007ffe6c598779) -> 00007f46d6652472
4137571:M 03 Jan 2024 02:27:41.365 # (00007ffe6c598778) -> 00007f46d67ffe70
4137571:M 03 Jan 2024 02:27:41.365 # (00007ffe6c598777) -> 00007f46d6667f32
4137571:M 03 Jan 2024 02:27:41.365 # (00007ffe6c598776) -> 00007f46d55e105c
4137571:M 03 Jan 2024 02:27:41.365 # (00007ffe6c598775) -> 00000000000006a6
4137571:M 03 Jan 2024 02:27:41.365 # (00007ffe6c598774) -> 00007f46d55e0720
4137571:M 03 Jan 2024 02:27:41.365 # (00007ffe6c598773) -> 00007f46d66281c0
4137571:M 03 Jan 2024 02:27:41.365 # (00007ffe6c598772) -> 0000000000000006
4137571:M 03 Jan 2024 02:27:41.365 # (00007ffe6c598771) -> 45ce0ac12b52f200
4137571:M 03 Jan 2024 02:27:41.365 # (00007ffe6c598770) -> 000055fcfe00d2b0

------ INFO OUTPUT ------
# Server
redis_version:255.255.255
redis_git_sha1:e04ebdb8
redis_git_dirty:1
redis_build_id:1f78dcc7b4fbdd25
redis_mode:standalone
os:Linux 6.1.60.1.amd64-smp x86_64
arch_bits:64
monotonic_clock:POSIX clock_gettime
multiplexing_api:epoll
atomicvar_api:c11-builtin
gcc_version:10.2.1
process_id:4137571
process_supervised:no
run_id:14e0a48f5f0a78418404e7e1a110da0a905dd186
tcp_port:5003
server_time_usec:1704245261363784
uptime_in_seconds:0
uptime_in_days:0
hz:10
configured_hz:10
lru_clock:9746445
executable:/home/snagendra/Fuzzing/redis/src/redis-server
config_file:
io_threads_active:0
listener0:name=tcp,bind=0.0.0.0,port=5003

# Clients
connected_clients:0
cluster_connections:0
maxclients:10000
client_recent_max_input_buffer:0
client_recent_max_output_buffer:0
blocked_clients:0
tracking_clients:0
clients_in_timeout_table:0
total_blocking_keys:0
total_blocking_keys_on_nokey:0

# Memory
used_memory:1753840
used_memory_human:1.67M
used_memory_rss:17588224
used_memory_rss_human:16.77M
used_memory_peak:1753840
used_memory_peak_human:1.67M
used_memory_peak_perc:100.41%
used_memory_overhead:1746664
used_memory_startup:1746480
used_memory_dataset:7176
used_memory_dataset_perc:97.50%
allocator_allocated:2061232
allocator_active:2596864
allocator_resident:10928128
total_system_memory:270388695040
total_system_memory_human:251.82G
used_memory_lua:31744
used_memory_vm_eval:31744
used_memory_lua_human:31.00K
used_memory_scripts_eval:0
number_of_cached_scripts:0
number_of_functions:0
number_of_libraries:0
used_memory_vm_functions:32768
used_memory_vm_total:64512
used_memory_vm_total_human:63.00K
used_memory_functions:184
used_memory_scripts:184
used_memory_scripts_human:184B
maxmemory:0
maxmemory_human:0B
maxmemory_policy:noeviction
allocator_frag_ratio:1.26
allocator_frag_bytes:535632
allocator_rss_ratio:4.21
allocator_rss_bytes:8331264
rss_overhead_ratio:1.61
rss_overhead_bytes:6660096
mem_fragmentation_ratio:10.07
mem_fragmentation_bytes:15841600
mem_not_counted_for_evict:0
mem_replication_backlog:0
mem_total_replication_buffers:0
mem_clients_slaves:0
mem_clients_normal:0
mem_cluster_links:0
mem_aof_buffer:0
mem_allocator:jemalloc-5.3.0
active_defrag_running:0
lazyfree_pending_objects:0
lazyfreed_objects:0

# Persistence
loading:0
async_loading:0
current_cow_peak:0
current_cow_size:0
current_cow_size_age:0
current_fork_perc:0.00
current_save_keys_processed:0
current_save_keys_total:0
rdb_changes_since_last_save:0
rdb_bgsave_in_progress:0
rdb_last_save_time:1704245261
rdb_last_bgsave_status:ok
rdb_last_bgsave_time_sec:-1
rdb_current_bgsave_time_sec:-1
rdb_saves:0
rdb_last_cow_size:0
rdb_last_load_keys_expired:0
rdb_last_load_keys_loaded:0
aof_enabled:0
aof_rewrite_in_progress:0
aof_rewrite_scheduled:0
aof_last_rewrite_time_sec:-1
aof_current_rewrite_time_sec:-1
aof_last_bgrewrite_status:ok
aof_rewrites:0
aof_rewrites_consecutive_failures:0
aof_last_write_status:ok
aof_last_cow_size:0
module_fork_in_progress:0
module_fork_last_cow_size:0

# Stats
total_connections_received:0
total_commands_processed:6
instantaneous_ops_per_sec:25
total_net_input_bytes:0
total_net_output_bytes:0
total_net_repl_input_bytes:0
total_net_repl_output_bytes:0
instantaneous_input_kbps:0.00
instantaneous_output_kbps:0.00
instantaneous_input_repl_kbps:0.00
instantaneous_output_repl_kbps:0.00
rejected_connections:0
sync_full:0
sync_partial_ok:0
sync_partial_err:0
expired_keys:0
expired_stale_perc:0.00
expired_time_cap_reached_count:0
expire_cycle_cpu_milliseconds:0
evicted_keys:0
evicted_clients:0
total_eviction_exceeded_time:0
current_eviction_exceeded_time:0
keyspace_hits:0
keyspace_misses:0
pubsub_channels:0
pubsub_patterns:0
pubsubshard_channels:0
latest_fork_usec:0
total_forks:0
migrate_cached_sockets:0
slave_expires_tracked_keys:0
active_defrag_hits:0
active_defrag_misses:0
active_defrag_key_hits:0
active_defrag_key_misses:0
total_active_defrag_time:0
current_active_defrag_time:0
tracking_total_keys:0
tracking_total_items:0
tracking_total_prefixes:0
unexpected_error_replies:0
total_error_replies:0
dump_payload_sanitizations:0
total_reads_processed:0
total_writes_processed:0
io_threaded_reads_processed:0
io_threaded_writes_processed:0
reply_buffer_shrinks:0
reply_buffer_expands:0
acl_access_denied_auth:0
acl_access_denied_cmd:0
acl_access_denied_key:0
acl_access_denied_channel:0

# Replication
role:master
connected_slaves:0
master_failover_state:no-failover
master_replid:1a199defaf234e9ee3201e2d4166185458a04925
master_replid2:0000000000000000000000000000000000000000
master_repl_offset:0
second_repl_offset:-1
repl_backlog_active:0
repl_backlog_size:1048576
repl_backlog_first_byte_offset:0
repl_backlog_histlen:0

# CPU
used_cpu_sys:0.005653
used_cpu_user:0.011307
used_cpu_sys_children:0.000000
used_cpu_user_children:0.000000
used_cpu_sys_main_thread:0.005537
used_cpu_user_main_thread:0.011075

# Modules
module:name=raft,ver=1,api=1,filters=1,usedby=[],using=[],options=[]

# Commandstats
cmdstat_command:calls=2,usec=1380,usec_per_call=690.00,rejected_calls=0,failed_calls=0
cmdstat_config|get:calls=3,usec=5,usec_per_call=1.67,rejected_calls=0,failed_calls=0
cmdstat_config|set:calls=1,usec=9,usec_per_call=9.00,rejected_calls=0,failed_calls=0

# Errorstats

# Latencystats
latency_percentiles_usec_command:p50=679.935,p99=704.511,p99.9=704.511
latency_percentiles_usec_config|get:p50=2.007,p99=2.007,p99.9=2.007
latency_percentiles_usec_config|set:p50=9.023,p99=9.023,p99.9=9.023

# Cluster
cluster_enabled:0

# Keyspace

------ CLIENT LIST OUTPUT ------

------ MODULES INFO OUTPUT ------
# raft_version
raft_version:255.255.255
raft_git_sha1:b779b199

# raft_general
raft_dbid:3f48aaeb792956f0c6e806340104a0ba
raft_node_id:3
raft_state:up
raft_role:follower
raft_is_voting:no
raft_voted_for:-1
raft_leader_id:-1
raft_current_term:0
raft_num_nodes:1
raft_num_voting_nodes:0

# raft_log
raft_log_entries:0
raft_current_index:0
raft_commit_index:0
raft_last_applied_index:0
raft_file_size:101
raft_cache_memory_size:0
raft_cache_entries:0
raft_client_attached_entries:0
raft_fsync_count:0
raft_fsync_max_microseconds:0
raft_fsync_avg_microseconds:0

# raft_snapshot
raft_snapshot_filename:redis3.rdb
raft_snapshot_last_idx:0
raft_snapshot_last_term:0
raft_snapshot_size:0
raft_snapshot_time_secs:-1
raft_snapshots_created:0
raft_snapshots_received:0
raft_snapshot_in_progress:no
raft_snapshot_in_progress_last_idx:-1
raft_snapshot_in_progress_last_term:-1

# raft_clients
raft_proxy_reqs:0
raft_proxy_failed_reqs:0
raft_proxy_failed_responses:0
raft_proxy_outstanding_reqs:0

# raft_stats
raft_appendreq_received:0
raft_appendreq_with_entry_received:0
raft_snapshotreq_received:0
raft_exec_throttled:0
raft_num_sessions:0

------ CONFIG DEBUG OUTPUT ------
lazyfree-lazy-user-flush no
lazyfree-lazy-user-del no
repl-diskless-sync yes
slave-read-only yes
lazyfree-lazy-expire no
io-threads 1
replica-read-only yes
lazyfree-lazy-eviction no
lazyfree-lazy-server-del no
list-compress-depth 0
activedefrag no
repl-diskless-load disabled
io-threads-do-reads no
client-query-buffer-limit 1gb
proto-max-bulk-len 512mb
sanitize-dump-payload no

------ FAST MEMORY TEST ------
4137571:M 03 Jan 2024 02:27:41.365 # Bio worker thread #0 terminated
4137571:M 03 Jan 2024 02:27:41.365 # Bio worker thread #1 terminated
4137571:M 03 Jan 2024 02:27:41.365 # Bio worker thread #2 terminated
*** Preparing to test memory region 55fcfe1ee000 (2273280 bytes)
*** Preparing to test memory region 55fcfec40000 (405504 bytes)
*** Preparing to test memory region 7f46c97ff000 (8388608 bytes)
*** Preparing to test memory region 7f46ca000000 (8388608 bytes)
*** Preparing to test memory region 7f46ca800000 (6291456 bytes)
*** Preparing to test memory region 7f46cafff000 (8388608 bytes)
*** Preparing to test memory region 7f46cb800000 (8388608 bytes)
*** Preparing to test memory region 7f46cc000000 (135168 bytes)
*** Preparing to test memory region 7f46d036b000 (8388608 bytes)
*** Preparing to test memory region 7f46d0b6c000 (8388608 bytes)
*** Preparing to test memory region 7f46d136d000 (8388608 bytes)
*** Preparing to test memory region 7f46d1b6e000 (8388608 bytes)
*** Preparing to test memory region 7f46d236f000 (8388608 bytes)
*** Preparing to test memory region 7f46d2b70000 (8388608 bytes)
*** Preparing to test memory region 7f46d3371000 (8388608 bytes)
*** Preparing to test memory region 7f46d3b72000 (8388608 bytes)
*** Preparing to test memory region 7f46d4372000 (2621440 bytes)
*** Preparing to test memory region 7f46d4c7f000 (12288 bytes)
*** Preparing to test memory region 7f46d4cbc000 (8192 bytes)
*** Preparing to test memory region 7f46d5218000 (16384 bytes)
*** Preparing to test memory region 7f46d5355000 (8192 bytes)
*** Preparing to test memory region 7f46d54cc000 (4096 bytes)
*** Preparing to test memory region 7f46d55fa000 (24576 bytes)
*** Preparing to test memory region 7f46d5e00000 (8388608 bytes)
*** Preparing to test memory region 7f46d6624000 (32768 bytes)
*** Preparing to test memory region 7f46d6800000 (53248 bytes)
*** Preparing to test memory region 7f46d691d000 (8192 bytes)
.O.O.4137571:signal-handler (1704245261) Received SIGINT scheduling shutdown...
4137571:signal-handler (1704245261) You insist... exiting now.
O.4137690:C 03 Jan 2024 02:27:41.511 # WARNING Memory overcommit must be enabled! Without it, a background save or replication may fail under low memory condition. Being disabled, it can also cause failures without low memory condition, see https://github.com/jemalloc/jemalloc/issues/1328. To fix this issue add 'vm.overcommit_memory = 1' to /etc/sysctl.conf and then reboot or run the command 'sysctl vm.overcommit_memory=1' for this to take effect.
4137690:C 03 Jan 2024 02:27:41.511 * oO0OoO0OoO0Oo Redis is starting oO0OoO0OoO0Oo
4137690:C 03 Jan 2024 02:27:41.511 * Redis version=255.255.255, bits=64, commit=e04ebdb8, modified=1, pid=4137690, just started
4137690:C 03 Jan 2024 02:27:41.511 * Configuration loaded
4137690:M 03 Jan 2024 02:27:41.511 * monotonic clock: POSIX clock_gettime
4137690:M 03 Jan 2024 02:27:41.511 * Running mode=standalone, port=5003.
4137690:M 03 Jan 2024 02:27:41.518 * <raft> RedisRaft version 255.255.255 [b779b199]
4137690:M 03 Jan 2024 02:27:41.522 * <raft> Initializing test network
4137690:M 03 Jan 2024 02:27:41.523 * <raft> Created test network client
4137690:M 03 Jan 2024 02:27:41.526 * <raft> Raft module loaded, state is 'loading'
4137690:M 03 Jan 2024 02:27:41.526 * Module 'raft' loaded from /home/snagendra/Fuzzing/redisraft-fuzzing/redisraft.so
4137690:M 03 Jan 2024 02:27:41.526 * Server initialized
4137690:M 03 Jan 2024 02:27:41.526 . The AOF directory appendonlydir doesn't exist
4137690:M 03 Jan 2024 02:27:41.526 * Ready to accept connections tcp
4137690:M 03 Jan 2024 02:27:41.527 . 0 clients connected (0 replicas), 1746688 bytes in use
4137690:M 03 Jan 2024 02:27:41.627 * <raft> Loading: Redis loading complete, snapshot NOT LOADED
4137690:M 03 Jan 2024 02:27:41.627 * <raft> Cluster Membership: term:0 index:0 nodes: id=3,voting=0,active=1,addr=-
4137690:M 03 Jan 2024 02:27:41.627 * <raft> Test network starting message polling thread


=== REDIS BUG REPORT START: Cut & paste starting from here ===
4137690:M 03 Jan 2024 02:27:41.627 # Redis 255.255.255 crashed by signal: 6, si_code: -6
4137690:M 03 Jan 2024 02:27:41.627 # Crashed running the instruction at: 0x7f1266461d3c

------ STACK TRACE ------
EIP:
/lib/x86_64-linux-gnu/libc.so.6(+0x8ad3c)[0x7f1266461d3c]

Backtrace:
/lib/x86_64-linux-gnu/libc.so.6(+0x3bfd0)[0x7f1266412fd0]
/lib/x86_64-linux-gnu/libc.so.6(+0x8ad3c)[0x7f1266461d3c]
/lib/x86_64-linux-gnu/libc.so.6(gsignal+0x12)[0x7f1266412f32]
/lib/x86_64-linux-gnu/libc.so.6(abort+0xd3)[0x7f12663fd472]
/lib/x86_64-linux-gnu/libc.so.6(+0x26395)[0x7f12663fd395]
/lib/x86_64-linux-gnu/libc.so.6(+0x34e32)[0x7f126640be32]
/home/snagendra/Fuzzing/redisraft-fuzzing/redisraft.so(+0x3caea)[0x7f1266386aea]
/home/snagendra/Fuzzing/redisraft-fuzzing/redisraft.so(callRaftPeriodic+0x478)[0x7f1266377088]
/home/snagendra/Fuzzing/redis/src/redis-server 0.0.0.0:5003(moduleTimerHandler+0x21c)[0x55ba2b9df98c]
/home/snagendra/Fuzzing/redis/src/redis-server 0.0.0.0:5003(+0x81705)[0x55ba2b8e9705]
/home/snagendra/Fuzzing/redis/src/redis-server 0.0.0.0:5003(aeMain+0x1c8)[0x55ba2b8f3cb8]
/home/snagendra/Fuzzing/redis/src/redis-server 0.0.0.0:5003(main+0x3cd)[0x55ba2b8e8e2d]
/lib/x86_64-linux-gnu/libc.so.6(+0x271ca)[0x7f12663fe1ca]
/lib/x86_64-linux-gnu/libc.so.6(__libc_start_main+0x85)[0x7f12663fe285]
/home/snagendra/Fuzzing/redis/src/redis-server 0.0.0.0:5003(_start+0x2a)[0x55ba2b8e95aa]

------ REGISTERS ------
4137690:M 03 Jan 2024 02:27:41.628 # 
RAX:0000000000000000 RBX:00000000003f22da
RCX:00007f1266461d3c RDX:0000000000000006
RDI:00000000003f22da RSI:00000000003f22da
RBP:00007f12663d31c0 RSP:00007ffd6df365a0
R8 :0000000000000007 R9 :000055ba2d2c1820
R10:0000000000000008 R11:0000000000000246
R12:0000000000000006 R13:00000000000006a6
R14:00007f12663b305c R15:000055ba2b9de2b0
RIP:00007f1266461d3c EFL:0000000000000246
CSGSFS:002b000000000033
4137690:M 03 Jan 2024 02:27:41.628 # (00007ffd6df365af) -> 000055ba2d2c18d0
4137690:M 03 Jan 2024 02:27:41.628 # (00007ffd6df365ae) -> 00007f12665a9c60
4137690:M 03 Jan 2024 02:27:41.628 # (00007ffd6df365ad) -> 00000000000002b1
4137690:M 03 Jan 2024 02:27:41.628 # (00007ffd6df365ac) -> 000055ba2d2c1820
4137690:M 03 Jan 2024 02:27:41.628 # (00007ffd6df365ab) -> 00000000000006a6
4137690:M 03 Jan 2024 02:27:41.628 # (00007ffd6df365aa) -> 0000000000000020
4137690:M 03 Jan 2024 02:27:41.628 # (00007ffd6df365a9) -> 00007f12663fd472
4137690:M 03 Jan 2024 02:27:41.628 # (00007ffd6df365a8) -> 00007f12665aae70
4137690:M 03 Jan 2024 02:27:41.628 # (00007ffd6df365a7) -> 00007f1266412f32
4137690:M 03 Jan 2024 02:27:41.628 # (00007ffd6df365a6) -> 00007f12663b305c
4137690:M 03 Jan 2024 02:27:41.628 # (00007ffd6df365a5) -> 00000000000006a6
4137690:M 03 Jan 2024 02:27:41.628 # (00007ffd6df365a4) -> 00007f12663b2720
4137690:M 03 Jan 2024 02:27:41.628 # (00007ffd6df365a3) -> 00007f12663d31c0
4137690:M 03 Jan 2024 02:27:41.628 # (00007ffd6df365a2) -> 0000000000000006
4137690:M 03 Jan 2024 02:27:41.628 # (00007ffd6df365a1) -> 3211dfd661fcb600
4137690:M 03 Jan 2024 02:27:41.628 # (00007ffd6df365a0) -> 000055ba2b9de2b0

------ INFO OUTPUT ------
# Server
redis_version:255.255.255
redis_git_sha1:e04ebdb8
redis_git_dirty:1
redis_build_id:1f78dcc7b4fbdd25
redis_mode:standalone
os:Linux 6.1.60.1.amd64-smp x86_64
arch_bits:64
monotonic_clock:POSIX clock_gettime
multiplexing_api:epoll
atomicvar_api:c11-builtin
gcc_version:10.2.1
process_id:4137690
process_supervised:no
run_id:6ff0fc1d05e5ee032fbc142b76d7e80b0a2e71e0
tcp_port:5003
server_time_usec:1704245261627066
uptime_in_seconds:0
uptime_in_days:0
hz:10
configured_hz:10
lru_clock:9746445
executable:/home/snagendra/Fuzzing/redis/src/redis-server
config_file:
io_threads_active:0
listener0:name=tcp,bind=0.0.0.0,port=5003

# Clients
connected_clients:0
cluster_connections:0
maxclients:10000
client_recent_max_input_buffer:0
client_recent_max_output_buffer:0
blocked_clients:0
tracking_clients:0
clients_in_timeout_table:0
total_blocking_keys:0
total_blocking_keys_on_nokey:0

# Memory
used_memory:1753904
used_memory_human:1.67M
used_memory_rss:17494016
used_memory_rss_human:16.68M
used_memory_peak:1753904
used_memory_peak_human:1.67M
used_memory_peak_perc:100.41%
used_memory_overhead:1746728
used_memory_startup:1746544
used_memory_dataset:7176
used_memory_dataset_perc:97.50%
allocator_allocated:2052656
allocator_active:2629632
allocator_resident:10702848
total_system_memory:270388695040
total_system_memory_human:251.82G
used_memory_lua:31744
used_memory_vm_eval:31744
used_memory_lua_human:31.00K
used_memory_scripts_eval:0
number_of_cached_scripts:0
number_of_functions:0
number_of_libraries:0
used_memory_vm_functions:32768
used_memory_vm_total:64512
used_memory_vm_total_human:63.00K
used_memory_functions:184
used_memory_scripts:184
used_memory_scripts_human:184B
maxmemory:0
maxmemory_human:0B
maxmemory_policy:noeviction
allocator_frag_ratio:1.28
allocator_frag_bytes:576976
allocator_rss_ratio:4.07
allocator_rss_bytes:8073216
rss_overhead_ratio:1.63
rss_overhead_bytes:6791168
mem_fragmentation_ratio:10.02
mem_fragmentation_bytes:15747328
mem_not_counted_for_evict:0
mem_replication_backlog:0
mem_total_replication_buffers:0
mem_clients_slaves:0
mem_clients_normal:0
mem_cluster_links:0
mem_aof_buffer:0
mem_allocator:jemalloc-5.3.0
active_defrag_running:0
lazyfree_pending_objects:0
lazyfreed_objects:0

# Persistence
loading:0
async_loading:0
current_cow_peak:0
current_cow_size:0
current_cow_size_age:0
current_fork_perc:0.00
current_save_keys_processed:0
current_save_keys_total:0
rdb_changes_since_last_save:0
rdb_bgsave_in_progress:0
rdb_last_save_time:1704245261
rdb_last_bgsave_status:ok
rdb_last_bgsave_time_sec:-1
rdb_current_bgsave_time_sec:-1
rdb_saves:0
rdb_last_cow_size:0
rdb_last_load_keys_expired:0
rdb_last_load_keys_loaded:0
aof_enabled:0
aof_rewrite_in_progress:0
aof_rewrite_scheduled:0
aof_last_rewrite_time_sec:-1
aof_current_rewrite_time_sec:-1
aof_last_bgrewrite_status:ok
aof_rewrites:0
aof_rewrites_consecutive_failures:0
aof_last_write_status:ok
aof_last_cow_size:0
module_fork_in_progress:0
module_fork_last_cow_size:0

# Stats
total_connections_received:0
total_commands_processed:6
instantaneous_ops_per_sec:25
total_net_input_bytes:0
total_net_output_bytes:0
total_net_repl_input_bytes:0
total_net_repl_output_bytes:0
instantaneous_input_kbps:0.00
instantaneous_output_kbps:0.00
instantaneous_input_repl_kbps:0.00
instantaneous_output_repl_kbps:0.00
rejected_connections:0
sync_full:0
sync_partial_ok:0
sync_partial_err:0
expired_keys:0
expired_stale_perc:0.00
expired_time_cap_reached_count:0
expire_cycle_cpu_milliseconds:0
evicted_keys:0
evicted_clients:0
total_eviction_exceeded_time:0
current_eviction_exceeded_time:0
keyspace_hits:0
keyspace_misses:0
pubsub_channels:0
pubsub_patterns:0
pubsubshard_channels:0
latest_fork_usec:0
total_forks:0
migrate_cached_sockets:0
slave_expires_tracked_keys:0
active_defrag_hits:0
active_defrag_misses:0
active_defrag_key_hits:0
active_defrag_key_misses:0
total_active_defrag_time:0
current_active_defrag_time:0
tracking_total_keys:0
tracking_total_items:0
tracking_total_prefixes:0
unexpected_error_replies:0
total_error_replies:0
dump_payload_sanitizations:0
total_reads_processed:0
total_writes_processed:0
io_threaded_reads_processed:0
io_threaded_writes_processed:0
reply_buffer_shrinks:0
reply_buffer_expands:0
acl_access_denied_auth:0
acl_access_denied_cmd:0
acl_access_denied_key:0
acl_access_denied_channel:0

# Replication
role:master
connected_slaves:0
master_failover_state:no-failover
master_replid:ad052071da315e50aac4556ab6e6972b7cc59f32
master_replid2:0000000000000000000000000000000000000000
master_repl_offset:0
second_repl_offset:-1
repl_backlog_active:0
repl_backlog_size:1048576
repl_backlog_first_byte_offset:0
repl_backlog_histlen:0

# CPU
used_cpu_sys:0.004285
used_cpu_user:0.012855
used_cpu_sys_children:0.000000
used_cpu_user_children:0.000000
used_cpu_sys_main_thread:0.004182
used_cpu_user_main_thread:0.012548

# Modules
module:name=raft,ver=1,api=1,filters=1,usedby=[],using=[],options=[]

# Commandstats
cmdstat_config|set:calls=1,usec=6,usec_per_call=6.00,rejected_calls=0,failed_calls=0
cmdstat_config|get:calls=3,usec=4,usec_per_call=1.33,rejected_calls=0,failed_calls=0
cmdstat_command:calls=2,usec=1497,usec_per_call=748.50,rejected_calls=0,failed_calls=0

# Errorstats

# Latencystats
latency_percentiles_usec_config|set:p50=6.015,p99=6.015,p99.9=6.015
latency_percentiles_usec_config|get:p50=1.003,p99=2.007,p99.9=2.007
latency_percentiles_usec_command:p50=696.319,p99=806.911,p99.9=806.911

# Cluster
cluster_enabled:0

# Keyspace

------ CLIENT LIST OUTPUT ------

------ MODULES INFO OUTPUT ------
# raft_version
raft_version:255.255.255
raft_git_sha1:b779b199

# raft_general
raft_dbid:3f48aaeb792956f0c6e806340104a0ba
raft_node_id:3
raft_state:up
raft_role:follower
raft_is_voting:no
raft_voted_for:-1
raft_leader_id:-1
raft_current_term:0
raft_num_nodes:1
raft_num_voting_nodes:0

# raft_log
raft_log_entries:0
raft_current_index:0
raft_commit_index:0
raft_last_applied_index:0
raft_file_size:101
raft_cache_memory_size:0
raft_cache_entries:0
raft_client_attached_entries:0
raft_fsync_count:0
raft_fsync_max_microseconds:0
raft_fsync_avg_microseconds:0

# raft_snapshot
raft_snapshot_filename:redis3.rdb
raft_snapshot_last_idx:0
raft_snapshot_last_term:0
raft_snapshot_size:0
raft_snapshot_time_secs:-1
raft_snapshots_created:0
raft_snapshots_received:0
raft_snapshot_in_progress:no
raft_snapshot_in_progress_last_idx:-1
raft_snapshot_in_progress_last_term:-1

# raft_clients
raft_proxy_reqs:0
raft_proxy_failed_reqs:0
raft_proxy_failed_responses:0
raft_proxy_outstanding_reqs:0

# raft_stats
raft_appendreq_received:0
raft_appendreq_with_entry_received:0
raft_snapshotreq_received:0
raft_exec_throttled:0
raft_num_sessions:0

------ CONFIG DEBUG OUTPUT ------
slave-read-only yes
lazyfree-lazy-user-del no
replica-read-only yes
client-query-buffer-limit 1gb
lazyfree-lazy-server-del no
lazyfree-lazy-eviction no
io-threads-do-reads no
repl-diskless-load disabled
sanitize-dump-payload no
lazyfree-lazy-expire no
list-compress-depth 0
io-threads 1
proto-max-bulk-len 512mb
activedefrag no
lazyfree-lazy-user-flush no
repl-diskless-sync yes

------ FAST MEMORY TEST ------
4137690:M 03 Jan 2024 02:27:41.628 # Bio worker thread #0 terminated
4137690:M 03 Jan 2024 02:27:41.628 # Bio worker thread #1 terminated
4137690:M 03 Jan 2024 02:27:41.628 # Bio worker thread #2 terminated
*** Preparing to test memory region 55ba2bbbf000 (2273280 bytes)
*** Preparing to test memory region 55ba2d26c000 (405504 bytes)
*** Preparing to test memory region 7f12597ff000 (8388608 bytes)
*** Preparing to test memory region 7f125a000000 (8388608 bytes)
*** Preparing to test memory region 7f125a800000 (6291456 bytes)
*** Preparing to test memory region 7f125afff000 (8388608 bytes)
*** Preparing to test memory region 7f125b800000 (8388608 bytes)
*** Preparing to test memory region 7f125c000000 (135168 bytes)
*** Preparing to test memory region 7f1260137000 (8388608 bytes)
*** Preparing to test memory region 7f1260938000 (8388608 bytes)
*** Preparing to test memory region 7f1261139000 (8388608 bytes)
*** Preparing to test memory region 7f126193a000 (8388608 bytes)
*** Preparing to test memory region 7f126213b000 (8388608 bytes)
*** Preparing to test memory region 7f126293c000 (8388608 bytes)
*** Preparing to test memory region 7f126313d000 (8388608 bytes)
*** Preparing to test memory region 7f126393e000 (8388608 bytes)
*** Preparing to test memory region 7f126413e000 (2621440 bytes)
*** Preparing to test memory region 7f12643cd000 (8192 bytes)
*** Preparing to test memory region 7f1264a7f000 (12288 bytes)
*** Preparing to test memory region 7f1265018000 (16384 bytes)
*** Preparing to test memory region 7f12650fe000 (8192 bytes)
*** Preparing to test memory region 7f1265a00000 (8388608 bytes)
*** Preparing to test memory region 7f1266277000 (4096 bytes)
*** Preparing to test memory region 7f1266347000 (12288 bytes)
*** Preparing to test memory region 7f12663cc000 (45056 bytes)
*** Preparing to test memory region 7f12665ab000 (53248 bytes)
*** Preparing to test memory region 7f12666c8000 (8192 bytes)
.O.O.O.O.O.O.O.O.O.O.O.O.O.O.O.O.O.O.O.O.O.O.O.O.O.O.O
Fast memory test PASSED, however your memory can still be broken. Please run a memory test for several hours if possible.

------ DUMPING CODE AROUND EIP ------
Symbol: (null) (base: (nil))
Module: /lib/x86_64-linux-gnu/libc.so.6 (base 0x7f12663d7000)
$ xxd -r -p /tmp/dump.hex /tmp/dump.bin
$ objdump --adjust-vma=(nil) -D -b binary -m i386:x86-64 /tmp/dump.bin
------

=== REDIS BUG REPORT END. Make sure to include from START to END. ===

       Please report the crash by opening an issue on github:

           http://github.com/redis/redis/issues

  If a Redis module was involved, please open in the module's repo instead.

  Suspect RAM error? Use redis-server --test-memory to verify it.

  Some other issues could be detected by redis-server --check-system

----- Stderr -----
libgcov profiling error:/home/snagendra/Fuzzing/redisraft-fuzzing/build/deps/raft/CMakeFiles/raft.dir/src/raft_node.c.gcda:Merge mismatch for function 1
libgcov profiling error:/home/snagendra/Fuzzing/redisraft-fuzzing/build/deps/raft/CMakeFiles/raft.dir/src/raft_server.c.gcda:Merge mismatch for function 4
redis-server: /home/snagendra/Fuzzing/redisraft-fuzzing/deps/raft/src/raft_server.c:1702: raft_get_first_entry_idx: Assertion `0 < raft_get_current_idx(me)' failed.
libgcov profiling error:/home/snagendra/Fuzzing/redisraft-fuzzing/build/deps/raft/CMakeFiles/raft.dir/src/raft_node.c.gcda:Merge mismatch for function 1
libgcov profiling error:/home/snagendra/Fuzzing/redisraft-fuzzing/build/deps/raft/CMakeFiles/raft.dir/src/raft_server.c.gcda:Merge mismatch for function 4
redis-server: /home/snagendra/Fuzzing/redisraft-fuzzing/deps/raft/src/raft_server.c:1702: raft_get_first_entry_idx: Assertion `0 < raft_get_current_idx(me)' failed.




logs for node: 1

----- Stdout -----
4136603:C 03 Jan 2024 02:27:39.189 # WARNING Memory overcommit must be enabled! Without it, a background save or replication may fail under low memory condition. Being disabled, it can also cause failures without low memory condition, see https://github.com/jemalloc/jemalloc/issues/1328. To fix this issue add 'vm.overcommit_memory = 1' to /etc/sysctl.conf and then reboot or run the command 'sysctl vm.overcommit_memory=1' for this to take effect.
4136603:C 03 Jan 2024 02:27:39.189 * oO0OoO0OoO0Oo Redis is starting oO0OoO0OoO0Oo
4136603:C 03 Jan 2024 02:27:39.189 * Redis version=255.255.255, bits=64, commit=e04ebdb8, modified=1, pid=4136603, just started
4136603:C 03 Jan 2024 02:27:39.189 * Configuration loaded
4136603:M 03 Jan 2024 02:27:39.190 * monotonic clock: POSIX clock_gettime
4136603:M 03 Jan 2024 02:27:39.190 * Running mode=standalone, port=5001.
4136603:M 03 Jan 2024 02:27:39.197 * <raft> RedisRaft version 255.255.255 [b779b199]
4136603:M 03 Jan 2024 02:27:39.201 * <raft> Initializing test network
4136603:M 03 Jan 2024 02:27:39.202 * <raft> Created test network client
4136603:M 03 Jan 2024 02:27:39.203 * <raft> Raft module loaded, state is 'uninitialized'
4136603:M 03 Jan 2024 02:27:39.203 * Module 'raft' loaded from /home/snagendra/Fuzzing/redisraft-fuzzing/redisraft.so
4136603:M 03 Jan 2024 02:27:39.203 * Server initialized
4136603:M 03 Jan 2024 02:27:39.204 . The AOF directory appendonlydir doesn't exist
4136603:M 03 Jan 2024 02:27:39.204 * Ready to accept connections tcp
4136603:M 03 Jan 2024 02:27:39.204 . 0 clients connected (0 replicas), 1726288 bytes in use
4136603:M 03 Jan 2024 02:27:39.205 - Accepted 127.0.0.1:37248
4136603:M 03 Jan 2024 02:27:39.205 # Missing implement of connection type tls
4136603:M 03 Jan 2024 02:27:39.211 * <raft> Cluster Membership: term:0 index:0 nodes: id=1,voting=0,active=1,addr=-
4136603:M 03 Jan 2024 02:27:39.217 * <raft> State change: Node is now a leader, term 1
4136603:M 03 Jan 2024 02:27:39.217 * <raft> Cluster Membership: term:1 index:1 nodes: id=1,voting=0,active=1,addr=-
4136603:M 03 Jan 2024 02:27:39.218 * <raft> Test network starting message polling thread
4136603:M 03 Jan 2024 02:27:39.218 * <raft> Raft Cluster initialized, node id: 1, dbid: 3f48aaeb792956f0c6e806340104a0ba
4136603:M 03 Jan 2024 02:27:39.335 - Accepted 127.0.0.1:37258
4136603:M 03 Jan 2024 02:27:39.336 * <raft> Cluster Membership: term:1 index:3 nodes: id=1,voting=1,active=1,addr=- id=2,voting=0,active=1,addr=localhost:5002
4136603:M 03 Jan 2024 02:27:39.343 - Client closed connection id=9 addr=127.0.0.1:37258 laddr=127.0.0.1:5001 fd=12 name= age=0 idle=0 flags=N db=0 sub=0 psub=0 ssub=0 multi=-1 qbuf=0 qbuf-free=20474 argv-mem=0 multi-mem=0 rbs=16384 rbp=16384 obl=0 oll=0 omem=0 tot-mem=37760 events=r cmd=raft.node user=default redir=-1 resp=2 lib-name= lib-ver=
4136603:M 03 Jan 2024 02:27:39.461 - Accepted 127.0.0.1:37266
4136603:M 03 Jan 2024 02:27:39.462 * <raft> Cluster Membership: term:1 index:4 nodes: id=1,voting=1,active=1,addr=- id=2,voting=0,active=1,addr=localhost:5002 id=3,voting=0,active=1,addr=localhost:5003
4136603:M 03 Jan 2024 02:27:39.470 - Client closed connection id=10 addr=127.0.0.1:37266 laddr=127.0.0.1:5001 fd=13 name= age=0 idle=0 flags=N db=0 sub=0 psub=0 ssub=0 multi=-1 qbuf=0 qbuf-free=20474 argv-mem=0 multi-mem=0 rbs=16384 rbp=16384 obl=0 oll=0 omem=0 tot-mem=37760 events=r cmd=raft.node user=default redir=-1 resp=2 lib-name= lib-ver=
4136603:signal-handler (1704245259) Received SIGINT scheduling shutdown...
4136603:signal-handler (1704245259) You insist... exiting now.
4137729:C 03 Jan 2024 02:27:41.572 # WARNING Memory overcommit must be enabled! Without it, a background save or replication may fail under low memory condition. Being disabled, it can also cause failures without low memory condition, see https://github.com/jemalloc/jemalloc/issues/1328. To fix this issue add 'vm.overcommit_memory = 1' to /etc/sysctl.conf and then reboot or run the command 'sysctl vm.overcommit_memory=1' for this to take effect.
4137729:C 03 Jan 2024 02:27:41.572 * oO0OoO0OoO0Oo Redis is starting oO0OoO0OoO0Oo
4137729:C 03 Jan 2024 02:27:41.572 * Redis version=255.255.255, bits=64, commit=e04ebdb8, modified=1, pid=4137729, just started
4137729:C 03 Jan 2024 02:27:41.572 * Configuration loaded
4137729:M 03 Jan 2024 02:27:41.573 * monotonic clock: POSIX clock_gettime
4137729:M 03 Jan 2024 02:27:41.573 * Running mode=standalone, port=5001.
4137729:M 03 Jan 2024 02:27:41.580 * <raft> RedisRaft version 255.255.255 [b779b199]
4137729:M 03 Jan 2024 02:27:41.584 * <raft> Initializing test network
4137729:M 03 Jan 2024 02:27:41.585 * <raft> Created test network client
4137729:M 03 Jan 2024 02:27:41.588 * <raft> Raft module loaded, state is 'loading'
4137729:M 03 Jan 2024 02:27:41.588 * Module 'raft' loaded from /home/snagendra/Fuzzing/redisraft-fuzzing/redisraft.so
4137729:M 03 Jan 2024 02:27:41.589 * Server initialized
4137729:M 03 Jan 2024 02:27:41.589 . The AOF directory appendonlydir doesn't exist
4137729:M 03 Jan 2024 02:27:41.589 * Ready to accept connections tcp
4137729:M 03 Jan 2024 02:27:41.589 - Accepted 127.0.0.1:37314
4137729:M 03 Jan 2024 02:27:41.589 # Missing implement of connection type tls
4137729:M 03 Jan 2024 02:27:41.589 . 1 clients connected (0 replicas), 1764520 bytes in use
4137729:M 03 Jan 2024 02:27:41.635 - Accepted 127.0.0.1:37320
4137729:M 03 Jan 2024 02:27:41.688 * <raft> Loading: Redis loading complete, snapshot NOT LOADED
4137729:M 03 Jan 2024 02:27:41.689 * <raft> Cluster Membership: term:0 index:0 nodes: id=1,voting=0,active=1,addr=-
4137729:M 03 Jan 2024 02:27:41.689 * <raft> Test network starting message polling thread
4137729:M 03 Jan 2024 02:27:41.690 * <raft> Cluster Membership: term:0 index:4 nodes: id=1,voting=1,active=1,addr=- id=2,voting=0,active=1,addr=localhost:5002
4137729:M 03 Jan 2024 02:27:41.690 * <raft> Cluster Membership: term:0 index:4 nodes: id=1,voting=1,active=1,addr=- id=2,voting=0,active=1,addr=localhost:5002 id=3,voting=0,active=1,addr=localhost:5003
4137729:M 03 Jan 2024 02:27:41.690 * <raft> Raft state after loading log: log_count=4, first_idx=1, current_idx=4, last_applied_idx=0
4137729:M 03 Jan 2024 02:27:41.690 . <raft> Raft term=1, vote=-1
4137729:M 03 Jan 2024 02:27:41.696 * <raft> State change: Node is now a leader, term 2
4137729:M 03 Jan 2024 02:27:41.696 * <raft> Cluster Membership: term:2 index:5 nodes: id=1,voting=1,active=1,addr=- id=2,voting=0,active=1,addr=localhost:5002 id=3,voting=0,active=1,addr=localhost:5003
4137729:signal-handler (1704245261) Received SIGINT scheduling shutdown...
4137729:M 03 Jan 2024 02:27:41.796 * User requested shutdown...
4137729:M 03 Jan 2024 02:27:41.796 # Redis is now ready to exit, bye bye...
4137888:C 03 Jan 2024 02:27:41.989 # WARNING Memory overcommit must be enabled! Without it, a background save or replication may fail under low memory condition. Being disabled, it can also cause failures without low memory condition, see https://github.com/jemalloc/jemalloc/issues/1328. To fix this issue add 'vm.overcommit_memory = 1' to /etc/sysctl.conf and then reboot or run the command 'sysctl vm.overcommit_memory=1' for this to take effect.
4137888:C 03 Jan 2024 02:27:41.989 * oO0OoO0OoO0Oo Redis is starting oO0OoO0OoO0Oo
4137888:C 03 Jan 2024 02:27:41.989 * Redis version=255.255.255, bits=64, commit=e04ebdb8, modified=1, pid=4137888, just started
4137888:C 03 Jan 2024 02:27:41.989 * Configuration loaded
4137888:M 03 Jan 2024 02:27:41.989 * monotonic clock: POSIX clock_gettime
4137888:M 03 Jan 2024 02:27:41.990 * Running mode=standalone, port=5001.
4137888:M 03 Jan 2024 02:27:41.996 * <raft> RedisRaft version 255.255.255 [b779b199]
4137888:M 03 Jan 2024 02:27:42.000 * <raft> Initializing test network
4137888:M 03 Jan 2024 02:27:42.001 * <raft> Created test network client
4137888:M 03 Jan 2024 02:27:42.005 * <raft> Raft module loaded, state is 'loading'
4137888:M 03 Jan 2024 02:27:42.005 * Module 'raft' loaded from /home/snagendra/Fuzzing/redisraft-fuzzing/redisraft.so
4137888:M 03 Jan 2024 02:27:42.006 * Server initialized
4137888:M 03 Jan 2024 02:27:42.006 . The AOF directory appendonlydir doesn't exist
4137888:M 03 Jan 2024 02:27:42.006 * Ready to accept connections tcp
4137888:M 03 Jan 2024 02:27:42.006 . 0 clients connected (0 replicas), 1746720 bytes in use
4137888:M 03 Jan 2024 02:27:42.018 - Accepted 127.0.0.1:37334
4137888:M 03 Jan 2024 02:27:42.018 # Missing implement of connection type tls
4137888:M 03 Jan 2024 02:27:42.038 - Accepted 127.0.0.1:37342
4137888:M 03 Jan 2024 02:27:42.106 * <raft> Loading: Redis loading complete, snapshot NOT LOADED
4137888:M 03 Jan 2024 02:27:42.106 * <raft> Cluster Membership: term:0 index:0 nodes: id=1,voting=0,active=1,addr=-
4137888:M 03 Jan 2024 02:27:42.107 * <raft> Test network starting message polling thread
4137888:M 03 Jan 2024 02:27:42.107 * <raft> Cluster Membership: term:0 index:5 nodes: id=1,voting=1,active=1,addr=- id=2,voting=0,active=1,addr=localhost:5002
4137888:M 03 Jan 2024 02:27:42.107 * <raft> Cluster Membership: term:0 index:5 nodes: id=1,voting=1,active=1,addr=- id=2,voting=0,active=1,addr=localhost:5002 id=3,voting=0,active=1,addr=localhost:5003
4137888:M 03 Jan 2024 02:27:42.107 * <raft> Raft state after loading log: log_count=5, first_idx=1, current_idx=5, last_applied_idx=0
4137888:M 03 Jan 2024 02:27:42.107 . <raft> Raft term=2, vote=-1
4137888:M 03 Jan 2024 02:27:42.114 * <raft> State change: Node is now a leader, term 3
4137888:M 03 Jan 2024 02:27:42.114 * <raft> Cluster Membership: term:3 index:6 nodes: id=1,voting=1,active=1,addr=- id=2,voting=0,active=1,addr=localhost:5002 id=3,voting=0,active=1,addr=localhost:5003
4137888:M 03 Jan 2024 02:27:42.114 - Accepted 127.0.0.1:37344
4137888:signal-handler (1704245262) Received SIGINT scheduling shutdown...
4137888:signal-handler (1704245262) You insist... exiting now.
4137888:M 03 Jan 2024 02:27:42.415 * User requested shutdown...
4137888:M 03 Jan 2024 02:27:42.415 # Redis is now ready to exit, bye bye...
4138198:C 03 Jan 2024 02:27:42.558 # WARNING Memory overcommit must be enabled! Without it, a background save or replication may fail under low memory condition. Being disabled, it can also cause failures without low memory condition, see https://github.com/jemalloc/jemalloc/issues/1328. To fix this issue add 'vm.overcommit_memory = 1' to /etc/sysctl.conf and then reboot or run the command 'sysctl vm.overcommit_memory=1' for this to take effect.
4138198:C 03 Jan 2024 02:27:42.558 * oO0OoO0OoO0Oo Redis is starting oO0OoO0OoO0Oo
4138198:C 03 Jan 2024 02:27:42.558 * Redis version=255.255.255, bits=64, commit=e04ebdb8, modified=1, pid=4138198, just started
4138198:C 03 Jan 2024 02:27:42.558 * Configuration loaded
4138198:M 03 Jan 2024 02:27:42.559 * monotonic clock: POSIX clock_gettime
4138198:M 03 Jan 2024 02:27:42.559 * Running mode=standalone, port=5001.
4138198:M 03 Jan 2024 02:27:42.565 * <raft> RedisRaft version 255.255.255 [b779b199]
4138198:M 03 Jan 2024 02:27:42.569 * <raft> Initializing test network
4138198:M 03 Jan 2024 02:27:42.570 * <raft> Created test network client
4138198:M 03 Jan 2024 02:27:42.574 * <raft> Raft module loaded, state is 'loading'
4138198:M 03 Jan 2024 02:27:42.574 * Module 'raft' loaded from /home/snagendra/Fuzzing/redisraft-fuzzing/redisraft.so
4138198:M 03 Jan 2024 02:27:42.574 * Server initialized
4138198:M 03 Jan 2024 02:27:42.574 . The AOF directory appendonlydir doesn't exist
4138198:M 03 Jan 2024 02:27:42.574 * Ready to accept connections tcp
4138198:M 03 Jan 2024 02:27:42.574 . 0 clients connected (0 replicas), 1746592 bytes in use
4138198:M 03 Jan 2024 02:27:42.674 * <raft> Loading: Redis loading complete, snapshot NOT LOADED
4138198:M 03 Jan 2024 02:27:42.675 * <raft> Cluster Membership: term:0 index:0 nodes: id=1,voting=0,active=1,addr=-
4138198:M 03 Jan 2024 02:27:42.675 * <raft> Test network starting message polling thread
4138198:M 03 Jan 2024 02:27:42.676 * <raft> Cluster Membership: term:0 index:8 nodes: id=1,voting=1,active=1,addr=- id=2,voting=0,active=1,addr=localhost:5002
4138198:M 03 Jan 2024 02:27:42.676 * <raft> Cluster Membership: term:0 index:8 nodes: id=1,voting=1,active=1,addr=- id=2,voting=0,active=1,addr=localhost:5002 id=3,voting=0,active=1,addr=localhost:5003
4138198:M 03 Jan 2024 02:27:42.676 * <raft> Raft state after loading log: log_count=8, first_idx=1, current_idx=8, last_applied_idx=0
4138198:M 03 Jan 2024 02:27:42.676 . <raft> Raft term=3, vote=-1
4138198:M 03 Jan 2024 02:27:42.682 * <raft> State change: Node is now a leader, term 4
4138198:M 03 Jan 2024 02:27:42.683 * <raft> Cluster Membership: term:4 index:9 nodes: id=1,voting=1,active=1,addr=- id=2,voting=0,active=1,addr=localhost:5002 id=3,voting=0,active=1,addr=localhost:5003
4138198:signal-handler (1704245262) Received SIGINT scheduling shutdown...
4138198:signal-handler (1704245262) You insist... exiting now.

----- Stderr -----
libgcov profiling error:/home/snagendra/Fuzzing/redisraft-fuzzing/build/deps/raft/CMakeFiles/raft.dir/src/raft_node.c.gcda:Merge mismatch for function 1
libgcov profiling error:/home/snagendra/Fuzzing/redisraft-fuzzing/build/deps/raft/CMakeFiles/raft.dir/src/raft_server.c.gcda:Merge mismatch for function 4
libgcov profiling error:/home/snagendra/Fuzzing/redisraft-fuzzing/build/deps/raft/CMakeFiles/raft.dir/src/raft_node.c.gcda:Merge mismatch for function 1
libgcov profiling error:/home/snagendra/Fuzzing/redisraft-fuzzing/build/deps/raft/CMakeFiles/raft.dir/src/raft_server.c.gcda:Merge mismatch for function 4




logs for node: 2

----- Stdout -----
4136644:C 03 Jan 2024 02:27:39.220 # WARNING Memory overcommit must be enabled! Without it, a background save or replication may fail under low memory condition. Being disabled, it can also cause failures without low memory condition, see https://github.com/jemalloc/jemalloc/issues/1328. To fix this issue add 'vm.overcommit_memory = 1' to /etc/sysctl.conf and then reboot or run the command 'sysctl vm.overcommit_memory=1' for this to take effect.
4136644:C 03 Jan 2024 02:27:39.220 * oO0OoO0OoO0Oo Redis is starting oO0OoO0OoO0Oo
4136644:C 03 Jan 2024 02:27:39.220 * Redis version=255.255.255, bits=64, commit=e04ebdb8, modified=1, pid=4136644, just started
4136644:C 03 Jan 2024 02:27:39.220 * Configuration loaded
4136644:M 03 Jan 2024 02:27:39.221 * monotonic clock: POSIX clock_gettime
4136644:M 03 Jan 2024 02:27:39.221 * Running mode=standalone, port=5002.
4136644:M 03 Jan 2024 02:27:39.228 * <raft> RedisRaft version 255.255.255 [b779b199]
4136644:M 03 Jan 2024 02:27:39.233 * <raft> Initializing test network
4136644:M 03 Jan 2024 02:27:39.234 * <raft> Created test network client
4136644:M 03 Jan 2024 02:27:39.235 * <raft> Raft module loaded, state is 'uninitialized'
4136644:M 03 Jan 2024 02:27:39.235 * Module 'raft' loaded from /home/snagendra/Fuzzing/redisraft-fuzzing/redisraft.so
4136644:M 03 Jan 2024 02:27:39.235 * Server initialized
4136644:M 03 Jan 2024 02:27:39.236 . The AOF directory appendonlydir doesn't exist
4136644:M 03 Jan 2024 02:27:39.236 * Ready to accept connections tcp
4136644:M 03 Jan 2024 02:27:39.236 . 0 clients connected (0 replicas), 1726320 bytes in use
4136644:M 03 Jan 2024 02:27:39.259 - Accepted 127.0.0.1:55632
4136644:M 03 Jan 2024 02:27:39.259 # Missing implement of connection type tls
4136644:M 03 Jan 2024 02:27:39.335 - <raft> join cluster, connecting to localhost:5001
4136644:M 03 Jan 2024 02:27:39.337 * <raft> Joined Raft cluster, node id: 2, dbid: 3f48aaeb792956f0c6e806340104a0ba
4136644:M 03 Jan 2024 02:27:39.343 * <raft> Cluster Membership: term:0 index:0 nodes: id=2,voting=0,active=1,addr=-
4136644:M 03 Jan 2024 02:27:39.343 * <raft> Test network starting message polling thread
4136644:M 03 Jan 2024 02:27:39.404 - Accepted 127.0.0.1:55648
4136644:M 03 Jan 2024 02:27:39.610 - Client closed connection id=9 addr=127.0.0.1:55648 laddr=127.0.0.1:5002 fd=10 name= age=0 idle=0 flags=N db=0 sub=0 psub=0 ssub=0 multi=-1 qbuf=0 qbuf-free=20474 argv-mem=0 multi-mem=0 rbs=1024 rbp=0 obl=0 oll=0 omem=0 tot-mem=22400 events=r cmd=auth user=default redir=-1 resp=2 lib-name= lib-ver=
4136644:M 03 Jan 2024 02:27:39.770 * <raft> Cluster Membership: term:1 index:2 nodes: id=2,voting=0,active=1,addr=- id=1,voting=1,active=1,addr=localhost:5001
4136644:signal-handler (1704245260) Received SIGINT scheduling shutdown...
4136644:signal-handler (1704245260) You insist... exiting now.
4137546:C 03 Jan 2024 02:27:41.216 # WARNING Memory overcommit must be enabled! Without it, a background save or replication may fail under low memory condition. Being disabled, it can also cause failures without low memory condition, see https://github.com/jemalloc/jemalloc/issues/1328. To fix this issue add 'vm.overcommit_memory = 1' to /etc/sysctl.conf and then reboot or run the command 'sysctl vm.overcommit_memory=1' for this to take effect.
4137546:C 03 Jan 2024 02:27:41.216 * oO0OoO0OoO0Oo Redis is starting oO0OoO0OoO0Oo
4137546:C 03 Jan 2024 02:27:41.216 * Redis version=255.255.255, bits=64, commit=e04ebdb8, modified=1, pid=4137546, just started
4137546:C 03 Jan 2024 02:27:41.216 * Configuration loaded
4137546:M 03 Jan 2024 02:27:41.217 * monotonic clock: POSIX clock_gettime
4137546:M 03 Jan 2024 02:27:41.217 * Running mode=standalone, port=5002.
4137546:M 03 Jan 2024 02:27:41.223 * <raft> RedisRaft version 255.255.255 [b779b199]
4137546:M 03 Jan 2024 02:27:41.228 * <raft> Initializing test network
4137546:M 03 Jan 2024 02:27:41.228 * <raft> Created test network client
4137546:M 03 Jan 2024 02:27:41.231 * <raft> Raft module loaded, state is 'loading'
4137546:M 03 Jan 2024 02:27:41.231 * Module 'raft' loaded from /home/snagendra/Fuzzing/redisraft-fuzzing/redisraft.so
4137546:M 03 Jan 2024 02:27:41.232 * Server initialized
4137546:M 03 Jan 2024 02:27:41.232 . The AOF directory appendonlydir doesn't exist
4137546:M 03 Jan 2024 02:27:41.232 * Ready to accept connections tcp
4137546:M 03 Jan 2024 02:27:41.232 . 0 clients connected (0 replicas), 1746560 bytes in use
4137546:M 03 Jan 2024 02:27:41.332 * <raft> Loading: Redis loading complete, snapshot NOT LOADED
4137546:M 03 Jan 2024 02:27:41.332 * <raft> Cluster Membership: term:0 index:0 nodes: id=2,voting=0,active=1,addr=-
4137546:M 03 Jan 2024 02:27:41.333 * <raft> Test network starting message polling thread
4137546:M 03 Jan 2024 02:27:41.333 * <raft> Cluster Membership: term:0 index:3 nodes: id=2,voting=0,active=1,addr=- id=1,voting=1,active=1,addr=localhost:5001
4137546:M 03 Jan 2024 02:27:41.333 * <raft> Raft state after loading log: log_count=3, first_idx=1, current_idx=3, last_applied_idx=0
4137546:M 03 Jan 2024 02:27:41.333 . <raft> Raft term=1, vote=-1
4137546:M 03 Jan 2024 02:27:41.634 * <raft> Cluster Membership: term:1 index:4 nodes: id=2,voting=0,active=1,addr=- id=1,voting=1,active=1,addr=localhost:5001 id=3,voting=0,active=1,addr=localhost:5003
4137546:M 03 Jan 2024 02:27:41.697 - Accepted 127.0.0.1:55658
4137546:M 03 Jan 2024 02:27:41.697 # Missing implement of connection type tls
4137546:M 03 Jan 2024 02:27:41.807 - Client closed connection id=8 addr=127.0.0.1:55658 laddr=127.0.0.1:5002 fd=11 name= age=0 idle=0 flags=N db=0 sub=0 psub=0 ssub=0 multi=-1 qbuf=0 qbuf-free=20474 argv-mem=0 multi-mem=0 rbs=16384 rbp=0 obl=0 oll=0 omem=0 tot-mem=37760 events=r cmd=auth user=default redir=-1 resp=2 lib-name= lib-ver=
4137546:M 03 Jan 2024 02:27:41.981 # <raft> Redis connection authentication failed: connection died
4137546:M 03 Jan 2024 02:27:42.115 - Accepted 127.0.0.1:55670
4137546:M 03 Jan 2024 02:27:42.419 - Client closed connection id=9 addr=127.0.0.1:55670 laddr=127.0.0.1:5002 fd=11 name= age=0 idle=0 flags=N db=0 sub=0 psub=0 ssub=0 multi=-1 qbuf=0 qbuf-free=20474 argv-mem=0 multi-mem=0 rbs=1024 rbp=0 obl=0 oll=0 omem=0 tot-mem=22400 events=r cmd=auth user=default redir=-1 resp=2 lib-name= lib-ver=
4137546:signal-handler (1704245262) Received SIGINT scheduling shutdown...
4137546:signal-handler (1704245262) You insist... exiting now.

----- Stderr -----
libgcov profiling error:/home/snagendra/Fuzzing/redisraft-fuzzing/build/deps/raft/CMakeFiles/raft.dir/src/raft_node.c.gcda:Merge mismatch for function 1
libgcov profiling error:/home/snagendra/Fuzzing/redisraft-fuzzing/build/deps/raft/CMakeFiles/raft.dir/src/raft_server.c.gcda:Merge mismatch for function 4
libgcov profiling error:/home/snagendra/Fuzzing/redisraft-fuzzing/build/deps/raft/CMakeFiles/raft.dir/src/raft_node.c.gcda:Merge mismatch for function 1
libgcov profiling error:/home/snagendra/Fuzzing/redisraft-fuzzing/build/deps/raft/CMakeFiles/raft.dir/src/raft_server.c.gcda:Merge mismatch for function 4



