logs for node: 1

----- Stdout -----
635096:C 03 Jan 2024 02:52:59.896 # WARNING Memory overcommit must be enabled! Without it, a background save or replication may fail under low memory condition. Being disabled, it can also cause failures without low memory condition, see https://github.com/jemalloc/jemalloc/issues/1328. To fix this issue add 'vm.overcommit_memory = 1' to /etc/sysctl.conf and then reboot or run the command 'sysctl vm.overcommit_memory=1' for this to take effect.
635096:C 03 Jan 2024 02:52:59.896 * oO0OoO0OoO0Oo Redis is starting oO0OoO0OoO0Oo
635096:C 03 Jan 2024 02:52:59.896 * Redis version=255.255.255, bits=64, commit=e04ebdb8, modified=1, pid=635096, just started
635096:C 03 Jan 2024 02:52:59.896 * Configuration loaded
635096:M 03 Jan 2024 02:52:59.897 * monotonic clock: POSIX clock_gettime
635096:M 03 Jan 2024 02:52:59.897 * Running mode=standalone, port=5081.
635096:M 03 Jan 2024 02:52:59.904 * <raft> RedisRaft version 255.255.255 [b779b199]
635096:M 03 Jan 2024 02:52:59.910 * <raft> Initializing test network
635096:M 03 Jan 2024 02:52:59.910 * <raft> Created test network client
635096:M 03 Jan 2024 02:52:59.911 * <raft> Raft module loaded, state is 'uninitialized'
635096:M 03 Jan 2024 02:52:59.911 * Module 'raft' loaded from /home/snagendra/Fuzzing/redisraft-fuzzing/redisraft.so
635096:M 03 Jan 2024 02:52:59.912 * Server initialized
635096:M 03 Jan 2024 02:52:59.912 . The AOF directory appendonlydir doesn't exist
635096:M 03 Jan 2024 02:52:59.913 * Ready to accept connections tcp
635096:M 03 Jan 2024 02:52:59.913 . 0 clients connected (0 replicas), 1726160 bytes in use
635096:M 03 Jan 2024 02:52:59.948 - Accepted 127.0.0.1:54142
635096:M 03 Jan 2024 02:52:59.948 # Missing implement of connection type tls
635096:M 03 Jan 2024 02:52:59.955 * <raft> Cluster Membership: term:0 index:0 nodes: id=1,voting=0,active=1,addr=-
635096:M 03 Jan 2024 02:52:59.960 * <raft> State change: Node is now a leader, term 1
635096:M 03 Jan 2024 02:52:59.961 * <raft> Cluster Membership: term:1 index:1 nodes: id=1,voting=0,active=1,addr=-
635096:M 03 Jan 2024 02:52:59.961 * <raft> Test network starting message polling thread
635096:M 03 Jan 2024 02:52:59.961 * <raft> Raft Cluster initialized, node id: 1, dbid: a34fa02995345c71f52543c332e79c60
635096:M 03 Jan 2024 02:53:00.079 - Accepted 127.0.0.1:54148
635096:M 03 Jan 2024 02:53:00.080 * <raft> Cluster Membership: term:1 index:3 nodes: id=1,voting=1,active=1,addr=- id=2,voting=0,active=1,addr=localhost:5082
635096:M 03 Jan 2024 02:53:00.087 - Client closed connection id=9 addr=127.0.0.1:54148 laddr=127.0.0.1:5081 fd=12 name= age=0 idle=0 flags=N db=0 sub=0 psub=0 ssub=0 multi=-1 qbuf=0 qbuf-free=20474 argv-mem=0 multi-mem=0 rbs=16384 rbp=16384 obl=0 oll=0 omem=0 tot-mem=37760 events=r cmd=raft.node user=default redir=-1 resp=2 lib-name= lib-ver=
635096:M 03 Jan 2024 02:53:00.203 - Accepted 127.0.0.1:54150
635096:M 03 Jan 2024 02:53:00.204 * <raft> Cluster Membership: term:1 index:4 nodes: id=1,voting=1,active=1,addr=- id=2,voting=0,active=1,addr=localhost:5082 id=3,voting=0,active=1,addr=localhost:5083
635096:M 03 Jan 2024 02:53:00.211 - Client closed connection id=10 addr=127.0.0.1:54150 laddr=127.0.0.1:5081 fd=13 name= age=0 idle=0 flags=N db=0 sub=0 psub=0 ssub=0 multi=-1 qbuf=0 qbuf-free=20474 argv-mem=0 multi-mem=0 rbs=16384 rbp=16384 obl=0 oll=0 omem=0 tot-mem=37760 events=r cmd=raft.node user=default redir=-1 resp=2 lib-name= lib-ver=
635096:M 03 Jan 2024 02:53:00.579 * <raft> node:3 has sufficient logs, adding as voting node.
635096:M 03 Jan 2024 02:53:00.605 - Accepted 127.0.0.1:54160
635096:M 03 Jan 2024 02:53:00.781 - Accepted 127.0.0.1:54164
635096:M 03 Jan 2024 02:53:00.867 - Client closed connection id=11 addr=127.0.0.1:54160 laddr=127.0.0.1:5081 fd=14 name= age=0 idle=0 flags=N db=0 sub=0 psub=0 ssub=0 multi=-1 qbuf=0 qbuf-free=20474 argv-mem=0 multi-mem=0 rbs=1024 rbp=0 obl=0 oll=0 omem=0 tot-mem=22400 events=r cmd=auth user=default redir=-1 resp=2 lib-name= lib-ver=
635096:signal-handler (1704246780) Received SIGINT scheduling shutdown...
636132:C 03 Jan 2024 02:53:02.338 # WARNING Memory overcommit must be enabled! Without it, a background save or replication may fail under low memory condition. Being disabled, it can also cause failures without low memory condition, see https://github.com/jemalloc/jemalloc/issues/1328. To fix this issue add 'vm.overcommit_memory = 1' to /etc/sysctl.conf and then reboot or run the command 'sysctl vm.overcommit_memory=1' for this to take effect.
636132:C 03 Jan 2024 02:53:02.338 * oO0OoO0OoO0Oo Redis is starting oO0OoO0OoO0Oo
636132:C 03 Jan 2024 02:53:02.338 * Redis version=255.255.255, bits=64, commit=e04ebdb8, modified=1, pid=636132, just started
636132:C 03 Jan 2024 02:53:02.338 * Configuration loaded
636132:M 03 Jan 2024 02:53:02.339 * monotonic clock: POSIX clock_gettime
636132:M 03 Jan 2024 02:53:02.339 * Running mode=standalone, port=5081.
636132:M 03 Jan 2024 02:53:02.345 * <raft> RedisRaft version 255.255.255 [b779b199]
636132:M 03 Jan 2024 02:53:02.349 * <raft> Initializing test network
636132:M 03 Jan 2024 02:53:02.350 * <raft> Created test network client
636132:M 03 Jan 2024 02:53:02.354 * <raft> Raft module loaded, state is 'loading'
636132:M 03 Jan 2024 02:53:02.354 * Module 'raft' loaded from /home/snagendra/Fuzzing/redisraft-fuzzing/redisraft.so
636132:M 03 Jan 2024 02:53:02.355 * Server initialized
636132:M 03 Jan 2024 02:53:02.355 . The AOF directory appendonlydir doesn't exist
636132:M 03 Jan 2024 02:53:02.355 * Ready to accept connections tcp
636132:M 03 Jan 2024 02:53:02.355 . 0 clients connected (0 replicas), 1746720 bytes in use
636132:M 03 Jan 2024 02:53:02.360 - Accepted 127.0.0.1:54196
636132:M 03 Jan 2024 02:53:02.360 # Missing implement of connection type tls
636132:M 03 Jan 2024 02:53:02.365 - Accepted 127.0.0.1:54202
636132:M 03 Jan 2024 02:53:02.454 * <raft> Loading: Redis loading complete, snapshot NOT LOADED
636132:M 03 Jan 2024 02:53:02.455 * <raft> Cluster Membership: term:0 index:0 nodes: id=1,voting=0,active=1,addr=-
636132:M 03 Jan 2024 02:53:02.455 * <raft> Test network starting message polling thread
636132:M 03 Jan 2024 02:53:02.455 * <raft> Cluster Membership: term:0 index:5 nodes: id=1,voting=1,active=1,addr=- id=2,voting=0,active=1,addr=localhost:5082
636132:M 03 Jan 2024 02:53:02.455 * <raft> Cluster Membership: term:0 index:5 nodes: id=1,voting=1,active=1,addr=- id=2,voting=0,active=1,addr=localhost:5082 id=3,voting=0,active=1,addr=localhost:5083
636132:M 03 Jan 2024 02:53:02.455 * <raft> Raft state after loading log: log_count=5, first_idx=1, current_idx=5, last_applied_idx=0
636132:M 03 Jan 2024 02:53:02.455 . <raft> Raft term=1, vote=-1
636132:M 03 Jan 2024 02:53:02.516 - Accepted 127.0.0.1:55020
636132:M 03 Jan 2024 02:53:02.755 * <raft> State change: Election starting, node is now a pre-candidate, term 1
636132:M 03 Jan 2024 02:53:02.756 * <raft> Cluster Membership: term:1 index:5 nodes: id=1,voting=1,active=1,addr=- id=2,voting=0,active=1,addr=localhost:5082 id=3,voting=1,active=1,addr=localhost:5083
636132:signal-handler (1704246783) Received SIGINT scheduling shutdown...
636132:signal-handler (1704246783) You insist... exiting now.
636721:C 03 Jan 2024 02:53:03.329 # WARNING Memory overcommit must be enabled! Without it, a background save or replication may fail under low memory condition. Being disabled, it can also cause failures without low memory condition, see https://github.com/jemalloc/jemalloc/issues/1328. To fix this issue add 'vm.overcommit_memory = 1' to /etc/sysctl.conf and then reboot or run the command 'sysctl vm.overcommit_memory=1' for this to take effect.
636721:C 03 Jan 2024 02:53:03.329 * oO0OoO0OoO0Oo Redis is starting oO0OoO0OoO0Oo
636721:C 03 Jan 2024 02:53:03.329 * Redis version=255.255.255, bits=64, commit=e04ebdb8, modified=1, pid=636721, just started
636721:C 03 Jan 2024 02:53:03.329 * Configuration loaded
636721:M 03 Jan 2024 02:53:03.330 * monotonic clock: POSIX clock_gettime
636721:M 03 Jan 2024 02:53:03.330 * Running mode=standalone, port=5081.
636721:M 03 Jan 2024 02:53:03.337 * <raft> RedisRaft version 255.255.255 [b779b199]
636721:M 03 Jan 2024 02:53:03.342 * <raft> Initializing test network
636721:M 03 Jan 2024 02:53:03.342 * <raft> Created test network client
636721:M 03 Jan 2024 02:53:03.346 * <raft> Raft module loaded, state is 'loading'
636721:M 03 Jan 2024 02:53:03.346 * Module 'raft' loaded from /home/snagendra/Fuzzing/redisraft-fuzzing/redisraft.so
636721:M 03 Jan 2024 02:53:03.347 * Server initialized
636721:M 03 Jan 2024 02:53:03.347 . The AOF directory appendonlydir doesn't exist
636721:M 03 Jan 2024 02:53:03.347 * Ready to accept connections tcp
636721:M 03 Jan 2024 02:53:03.347 . 0 clients connected (0 replicas), 1746720 bytes in use
636721:M 03 Jan 2024 02:53:03.371 - Accepted 127.0.0.1:55076
636721:M 03 Jan 2024 02:53:03.371 # Missing implement of connection type tls
636721:M 03 Jan 2024 02:53:03.446 * <raft> Loading: Redis loading complete, snapshot NOT LOADED
636721:M 03 Jan 2024 02:53:03.447 * <raft> Cluster Membership: term:0 index:0 nodes: id=1,voting=0,active=1,addr=-
636721:M 03 Jan 2024 02:53:03.447 * <raft> Test network starting message polling thread
636721:M 03 Jan 2024 02:53:03.447 * <raft> Cluster Membership: term:0 index:5 nodes: id=1,voting=1,active=1,addr=- id=2,voting=0,active=1,addr=localhost:5082
636721:M 03 Jan 2024 02:53:03.448 * <raft> Cluster Membership: term:0 index:5 nodes: id=1,voting=1,active=1,addr=- id=2,voting=0,active=1,addr=localhost:5082 id=3,voting=0,active=1,addr=localhost:5083
636721:M 03 Jan 2024 02:53:03.448 * <raft> Raft state after loading log: log_count=5, first_idx=1, current_idx=5, last_applied_idx=0
636721:M 03 Jan 2024 02:53:03.448 . <raft> Raft term=1, vote=-1
636721:signal-handler (1704246783) Received SIGINT scheduling shutdown...
636721:signal-handler (1704246783) You insist... exiting now.

----- Stderr -----
libgcov profiling error:/home/snagendra/Fuzzing/redisraft-fuzzing/build/deps/raft/CMakeFiles/raft.dir/src/raft_server_properties.c.gcda:Merge mismatch for function 4
libgcov profiling error:/home/snagendra/Fuzzing/redisraft-fuzzing/build/deps/raft/CMakeFiles/raft.dir/src/raft_node.c.gcda:Merge mismatch for function 1
libgcov profiling error:/home/snagendra/Fuzzing/redisraft-fuzzing/build/deps/raft/CMakeFiles/raft.dir/src/raft_server.c.gcda:Merge mismatch for function 4
libgcov profiling error:/home/snagendra/Fuzzing/redisraft-fuzzing/build/deps/raft/CMakeFiles/raft.dir/src/raft_server_properties.c.gcda:Merge mismatch for function 4
libgcov profiling error:/home/snagendra/Fuzzing/redisraft-fuzzing/build/deps/raft/CMakeFiles/raft.dir/src/raft_node.c.gcda:Merge mismatch for function 1
libgcov profiling error:/home/snagendra/Fuzzing/redisraft-fuzzing/build/deps/raft/CMakeFiles/raft.dir/src/raft_server.c.gcda:Merge mismatch for function 4




logs for node: 2

----- Stdout -----
635141:C 03 Jan 2024 02:52:59.964 # WARNING Memory overcommit must be enabled! Without it, a background save or replication may fail under low memory condition. Being disabled, it can also cause failures without low memory condition, see https://github.com/jemalloc/jemalloc/issues/1328. To fix this issue add 'vm.overcommit_memory = 1' to /etc/sysctl.conf and then reboot or run the command 'sysctl vm.overcommit_memory=1' for this to take effect.
635141:C 03 Jan 2024 02:52:59.964 * oO0OoO0OoO0Oo Redis is starting oO0OoO0OoO0Oo
635141:C 03 Jan 2024 02:52:59.964 * Redis version=255.255.255, bits=64, commit=e04ebdb8, modified=1, pid=635141, just started
635141:C 03 Jan 2024 02:52:59.964 * Configuration loaded
635141:M 03 Jan 2024 02:52:59.964 * monotonic clock: POSIX clock_gettime
635141:M 03 Jan 2024 02:52:59.965 * Running mode=standalone, port=5082.
635141:M 03 Jan 2024 02:52:59.972 * <raft> RedisRaft version 255.255.255 [b779b199]
635141:M 03 Jan 2024 02:52:59.977 * <raft> Initializing test network
635141:M 03 Jan 2024 02:52:59.978 * <raft> Created test network client
635141:M 03 Jan 2024 02:52:59.979 * <raft> Raft module loaded, state is 'uninitialized'
635141:M 03 Jan 2024 02:52:59.979 * Module 'raft' loaded from /home/snagendra/Fuzzing/redisraft-fuzzing/redisraft.so
635141:M 03 Jan 2024 02:52:59.979 * Server initialized
635141:M 03 Jan 2024 02:52:59.980 . The AOF directory appendonlydir doesn't exist
635141:M 03 Jan 2024 02:52:59.980 * Ready to accept connections tcp
635141:M 03 Jan 2024 02:52:59.980 . 0 clients connected (0 replicas), 1726192 bytes in use
635141:M 03 Jan 2024 02:52:59.984 - Accepted 127.0.0.1:48420
635141:M 03 Jan 2024 02:52:59.984 # Missing implement of connection type tls
635141:M 03 Jan 2024 02:53:00.079 - <raft> join cluster, connecting to localhost:5081
635141:M 03 Jan 2024 02:53:00.080 * <raft> Joined Raft cluster, node id: 2, dbid: a34fa02995345c71f52543c332e79c60
635141:M 03 Jan 2024 02:53:00.086 * <raft> Cluster Membership: term:0 index:0 nodes: id=2,voting=0,active=1,addr=-
635141:M 03 Jan 2024 02:53:00.087 * <raft> Test network starting message polling thread
635141:M 03 Jan 2024 02:53:00.113 - Accepted 127.0.0.1:48424
635141:M 03 Jan 2024 02:53:00.480 * <raft> State change: Election starting, node is now a pre-candidate, term 0
635141:M 03 Jan 2024 02:53:00.480 * <raft> Cluster Membership: term:0 index:0 nodes: id=2,voting=0,active=1,addr=-
635141:M 03 Jan 2024 02:53:00.605 - Accepted 127.0.0.1:48432
635141:M 03 Jan 2024 02:53:00.705 * <raft> State change: Node is now a follower, term 1
635141:M 03 Jan 2024 02:53:00.705 * <raft> Cluster Membership: term:1 index:0 nodes: id=2,voting=0,active=1,addr=-
635141:M 03 Jan 2024 02:53:00.707 * <raft> Cluster Membership: term:1 index:2 nodes: id=2,voting=0,active=1,addr=- id=1,voting=1,active=1,addr=localhost:5081
635141:M 03 Jan 2024 02:53:00.867 - Client closed connection id=10 addr=127.0.0.1:48432 laddr=127.0.0.1:5082 fd=13 name= age=0 idle=0 flags=N db=0 sub=0 psub=0 ssub=0 multi=-1 qbuf=0 qbuf-free=20474 argv-mem=0 multi-mem=0 rbs=1024 rbp=0 obl=0 oll=0 omem=0 tot-mem=22400 events=r cmd=auth user=default redir=-1 resp=2 lib-name= lib-ver=
635141:M 03 Jan 2024 02:53:00.982 - Client closed connection id=9 addr=127.0.0.1:48424 laddr=127.0.0.1:5082 fd=10 name= age=0 idle=0 flags=N db=0 sub=0 psub=0 ssub=0 multi=-1 qbuf=0 qbuf-free=20474 argv-mem=0 multi-mem=0 rbs=1024 rbp=0 obl=0 oll=0 omem=0 tot-mem=22400 events=r cmd=auth user=default redir=-1 resp=2 lib-name= lib-ver=
635141:signal-handler (1704246781) Received SIGINT scheduling shutdown...
636193:C 03 Jan 2024 02:53:02.399 # WARNING Memory overcommit must be enabled! Without it, a background save or replication may fail under low memory condition. Being disabled, it can also cause failures without low memory condition, see https://github.com/jemalloc/jemalloc/issues/1328. To fix this issue add 'vm.overcommit_memory = 1' to /etc/sysctl.conf and then reboot or run the command 'sysctl vm.overcommit_memory=1' for this to take effect.
636193:C 03 Jan 2024 02:53:02.399 * oO0OoO0OoO0Oo Redis is starting oO0OoO0OoO0Oo
636193:C 03 Jan 2024 02:53:02.399 * Redis version=255.255.255, bits=64, commit=e04ebdb8, modified=1, pid=636193, just started
636193:C 03 Jan 2024 02:53:02.399 * Configuration loaded
636193:M 03 Jan 2024 02:53:02.400 * monotonic clock: POSIX clock_gettime
636193:M 03 Jan 2024 02:53:02.400 * Running mode=standalone, port=5082.
636193:M 03 Jan 2024 02:53:02.406 * <raft> RedisRaft version 255.255.255 [b779b199]
636193:M 03 Jan 2024 02:53:02.411 * <raft> Initializing test network
636193:M 03 Jan 2024 02:53:02.411 * <raft> Created test network client
636193:M 03 Jan 2024 02:53:02.414 * <raft> Raft module loaded, state is 'loading'
636193:M 03 Jan 2024 02:53:02.414 * Module 'raft' loaded from /home/snagendra/Fuzzing/redisraft-fuzzing/redisraft.so
636193:M 03 Jan 2024 02:53:02.415 * Server initialized
636193:M 03 Jan 2024 02:53:02.415 . The AOF directory appendonlydir doesn't exist
636193:M 03 Jan 2024 02:53:02.415 * Ready to accept connections tcp
636193:M 03 Jan 2024 02:53:02.415 . 0 clients connected (0 replicas), 1746720 bytes in use
636193:M 03 Jan 2024 02:53:02.456 - Accepted 127.0.0.1:48442
636193:M 03 Jan 2024 02:53:02.456 # Missing implement of connection type tls
636193:M 03 Jan 2024 02:53:02.466 - Accepted 127.0.0.1:48446
636193:M 03 Jan 2024 02:53:02.515 * <raft> Loading: Redis loading complete, snapshot NOT LOADED
636193:M 03 Jan 2024 02:53:02.515 * <raft> Cluster Membership: term:0 index:0 nodes: id=2,voting=0,active=1,addr=-
636193:M 03 Jan 2024 02:53:02.516 * <raft> Test network starting message polling thread
636193:M 03 Jan 2024 02:53:02.516 * <raft> Cluster Membership: term:0 index:3 nodes: id=2,voting=0,active=1,addr=- id=1,voting=1,active=1,addr=localhost:5081
636193:M 03 Jan 2024 02:53:02.516 * <raft> Raft state after loading log: log_count=3, first_idx=1, current_idx=3, last_applied_idx=0
636193:M 03 Jan 2024 02:53:02.516 . <raft> Raft term=1, vote=-1
636193:M 03 Jan 2024 02:53:03.021 - Client closed connection id=8 addr=127.0.0.1:48442 laddr=127.0.0.1:5082 fd=11 name= age=1 idle=1 flags=N db=0 sub=0 psub=0 ssub=0 multi=-1 qbuf=0 qbuf-free=20474 argv-mem=0 multi-mem=0 rbs=1024 rbp=0 obl=0 oll=0 omem=0 tot-mem=22400 events=r cmd=auth user=default redir=-1 resp=2 lib-name= lib-ver=
636193:M 03 Jan 2024 02:53:03.118 * <raft> State change: Election starting, node is now a pre-candidate, term 1
636193:M 03 Jan 2024 02:53:03.118 * <raft> Cluster Membership: term:1 index:3 nodes: id=2,voting=0,active=1,addr=- id=1,voting=1,active=1,addr=localhost:5081
636193:M 03 Jan 2024 02:53:03.144 * <raft> State change: Node is now a follower, term 1
636193:M 03 Jan 2024 02:53:03.144 * <raft> Cluster Membership: term:1 index:3 nodes: id=2,voting=0,active=1,addr=- id=1,voting=1,active=1,addr=localhost:5081
636193:signal-handler (1704246783) Received SIGINT scheduling shutdown...
636193:signal-handler (1704246783) You insist... exiting now.

----- Stderr -----
libgcov profiling error:/home/snagendra/Fuzzing/redisraft-fuzzing/build/deps/raft/CMakeFiles/raft.dir/src/raft_server_properties.c.gcda:Merge mismatch for function 4
libgcov profiling error:/home/snagendra/Fuzzing/redisraft-fuzzing/build/deps/raft/CMakeFiles/raft.dir/src/raft_node.c.gcda:Merge mismatch for function 1
libgcov profiling error:/home/snagendra/Fuzzing/redisraft-fuzzing/build/deps/raft/CMakeFiles/raft.dir/src/raft_server.c.gcda:Merge mismatch for function 4




logs for node: 3

----- Stdout -----
635227:C 03 Jan 2024 02:53:00.089 # WARNING Memory overcommit must be enabled! Without it, a background save or replication may fail under low memory condition. Being disabled, it can also cause failures without low memory condition, see https://github.com/jemalloc/jemalloc/issues/1328. To fix this issue add 'vm.overcommit_memory = 1' to /etc/sysctl.conf and then reboot or run the command 'sysctl vm.overcommit_memory=1' for this to take effect.
635227:C 03 Jan 2024 02:53:00.089 * oO0OoO0OoO0Oo Redis is starting oO0OoO0OoO0Oo
635227:C 03 Jan 2024 02:53:00.089 * Redis version=255.255.255, bits=64, commit=e04ebdb8, modified=1, pid=635227, just started
635227:C 03 Jan 2024 02:53:00.089 * Configuration loaded
635227:M 03 Jan 2024 02:53:00.090 * monotonic clock: POSIX clock_gettime
635227:M 03 Jan 2024 02:53:00.090 * Running mode=standalone, port=5083.
635227:M 03 Jan 2024 02:53:00.097 * <raft> RedisRaft version 255.255.255 [b779b199]
635227:M 03 Jan 2024 02:53:00.101 * <raft> Initializing test network
635227:M 03 Jan 2024 02:53:00.102 * <raft> Created test network client
635227:M 03 Jan 2024 02:53:00.103 * <raft> Raft module loaded, state is 'uninitialized'
635227:M 03 Jan 2024 02:53:00.103 * Module 'raft' loaded from /home/snagendra/Fuzzing/redisraft-fuzzing/redisraft.so
635227:M 03 Jan 2024 02:53:00.104 * Server initialized
635227:M 03 Jan 2024 02:53:00.104 . The AOF directory appendonlydir doesn't exist
635227:M 03 Jan 2024 02:53:00.104 * Ready to accept connections tcp
635227:M 03 Jan 2024 02:53:00.105 . 0 clients connected (0 replicas), 1726192 bytes in use
635227:M 03 Jan 2024 02:53:00.137 - Accepted 127.0.0.1:50902
635227:M 03 Jan 2024 02:53:00.137 # Missing implement of connection type tls
635227:M 03 Jan 2024 02:53:00.203 - <raft> join cluster, connecting to localhost:5081
635227:M 03 Jan 2024 02:53:00.205 * <raft> Joined Raft cluster, node id: 3, dbid: a34fa02995345c71f52543c332e79c60
635227:M 03 Jan 2024 02:53:00.211 * <raft> Cluster Membership: term:0 index:0 nodes: id=3,voting=0,active=1,addr=-
635227:M 03 Jan 2024 02:53:00.211 * <raft> Test network starting message polling thread
635227:M 03 Jan 2024 02:53:00.213 - Accepted 127.0.0.1:50904
635227:M 03 Jan 2024 02:53:00.524 * <raft> Cluster Membership: term:1 index:2 nodes: id=3,voting=0,active=1,addr=- id=1,voting=1,active=1,addr=localhost:5081
635227:M 03 Jan 2024 02:53:00.524 * <raft> Cluster Membership: term:1 index:3 nodes: id=3,voting=0,active=1,addr=- id=1,voting=1,active=1,addr=localhost:5081 id=2,voting=0,active=1,addr=localhost:5082
635227:signal-handler (1704246780) Received SIGINT scheduling shutdown...
635227:signal-handler (1704246780) You insist... exiting now.
635882:C 03 Jan 2024 02:53:01.830 # WARNING Memory overcommit must be enabled! Without it, a background save or replication may fail under low memory condition. Being disabled, it can also cause failures without low memory condition, see https://github.com/jemalloc/jemalloc/issues/1328. To fix this issue add 'vm.overcommit_memory = 1' to /etc/sysctl.conf and then reboot or run the command 'sysctl vm.overcommit_memory=1' for this to take effect.
635882:C 03 Jan 2024 02:53:01.830 * oO0OoO0OoO0Oo Redis is starting oO0OoO0OoO0Oo
635882:C 03 Jan 2024 02:53:01.830 * Redis version=255.255.255, bits=64, commit=e04ebdb8, modified=1, pid=635882, just started
635882:C 03 Jan 2024 02:53:01.830 * Configuration loaded
635882:M 03 Jan 2024 02:53:01.830 * monotonic clock: POSIX clock_gettime
635882:M 03 Jan 2024 02:53:01.831 * Running mode=standalone, port=5083.
635882:M 03 Jan 2024 02:53:01.837 * <raft> RedisRaft version 255.255.255 [b779b199]
635882:M 03 Jan 2024 02:53:01.842 * <raft> Initializing test network
635882:M 03 Jan 2024 02:53:01.843 * <raft> Created test network client
635882:M 03 Jan 2024 02:53:01.846 * <raft> Raft module loaded, state is 'loading'
635882:M 03 Jan 2024 02:53:01.846 * Module 'raft' loaded from /home/snagendra/Fuzzing/redisraft-fuzzing/redisraft.so
635882:M 03 Jan 2024 02:53:01.847 * Server initialized
635882:M 03 Jan 2024 02:53:01.847 . The AOF directory appendonlydir doesn't exist
635882:M 03 Jan 2024 02:53:01.847 * Ready to accept connections tcp
635882:M 03 Jan 2024 02:53:01.847 . 0 clients connected (0 replicas), 1746688 bytes in use
635882:signal-handler (1704246781) Received SIGINT scheduling shutdown...
635882:M 03 Jan 2024 02:53:01.946 * <raft> Loading: Redis loading complete, snapshot NOT LOADED
635882:M 03 Jan 2024 02:53:01.947 * <raft> Cluster Membership: term:0 index:0 nodes: id=3,voting=0,active=1,addr=-
635882:M 03 Jan 2024 02:53:01.947 * <raft> Test network starting message polling thread
635882:M 03 Jan 2024 02:53:01.948 * <raft> Cluster Membership: term:0 index:4 nodes: id=3,voting=0,active=1,addr=- id=1,voting=1,active=1,addr=localhost:5081
635882:M 03 Jan 2024 02:53:01.948 * <raft> Cluster Membership: term:0 index:4 nodes: id=3,voting=0,active=1,addr=- id=1,voting=1,active=1,addr=localhost:5081 id=2,voting=0,active=1,addr=localhost:5082
635882:M 03 Jan 2024 02:53:01.948 * <raft> Raft state after loading log: log_count=4, first_idx=1, current_idx=4, last_applied_idx=0
635882:M 03 Jan 2024 02:53:01.948 . <raft> Raft term=1, vote=-1
635882:M 03 Jan 2024 02:53:01.948 * User requested shutdown...
635882:M 03 Jan 2024 02:53:01.948 # Redis is now ready to exit, bye bye...


=== REDIS BUG REPORT START: Cut & paste starting from here ===
635882:M 03 Jan 2024 02:53:01.953 # Redis 255.255.255 crashed by signal: 11, si_code: 1
635882:M 03 Jan 2024 02:53:01.953 # Accessing address: 0x18
635882:M 03 Jan 2024 02:53:01.953 # Crashed running the instruction at: 0x7f6db69130b0

------ STACK TRACE ------
EIP:
/lib/x86_64-linux-gnu/libc.so.6(__pthread_rwlock_wrlock+0x0)[0x7f6db69130b0]

Backtrace:
/lib/x86_64-linux-gnu/libc.so.6(+0x3bfd0)[0x7f6db68bffd0]
/lib/x86_64-linux-gnu/libc.so.6(__pthread_rwlock_wrlock+0x0)[0x7f6db69130b0]
/lib/x86_64-linux-gnu/libcrypto.so.3(CRYPTO_THREAD_write_lock+0x9)[0x7f6db4c3df49]
/lib/x86_64-linux-gnu/libcrypto.so.3(ENGINE_get_first+0x3a)[0x7f6db4be408a]
/lib/x86_64-linux-gnu/libcrypto.so.3(ENGINE_register_all_complete+0x6)[0x7f6db4be3486]
/lib/x86_64-linux-gnu/libssh2.so.1(libssh2_init+0x39)[0x7f6db566a389]
/lib/x86_64-linux-gnu/libcurl-gnutls.so.4(+0x8146b)[0x7f6db574e46b]
/lib/x86_64-linux-gnu/libcurl-gnutls.so.4(+0x22125)[0x7f6db56ef125]
/lib/x86_64-linux-gnu/libcurl-gnutls.so.4(curl_global_init+0x3a)[0x7f6db56ef22a]
/home/snagendra/Fuzzing/redisraft-fuzzing/redisraft.so(redis_test_http_do+0x2c)[0x7f6db57c486c]
/home/snagendra/Fuzzing/redisraft-fuzzing/redisraft.so(redis_test_http_post+0x26)[0x7f6db57c4a86]
/home/snagendra/Fuzzing/redisraft-fuzzing/redisraft.so(redis_test_send_message+0x9d)[0x7f6db57c3efd]
/home/snagendra/Fuzzing/redisraft-fuzzing/redisraft.so(testNetworkSendAppendEntriesResponse+0x6a)[0x7f6db57ad22a]
/home/snagendra/Fuzzing/redisraft-fuzzing/redisraft.so(handleTestNetworkMessage+0x130)[0x7f6db57ad4a0]
/home/snagendra/Fuzzing/redisraft-fuzzing/redisraft.so(poll_redis_test_messages+0x89)[0x7f6db57ad5c9]
/lib/x86_64-linux-gnu/libc.so.6(+0x89044)[0x7f6db690d044]
/lib/x86_64-linux-gnu/libc.so.6(+0x10961c)[0x7f6db698d61c]

------ REGISTERS ------
635882:M 03 Jan 2024 02:53:01.953 # 
RAX:0000000000000001 RBX:00007f6da4001b10
RCX:0000000000000000 RDX:0000000000000000
RDI:0000000000000000 RSI:0000000000000000
RBP:00007f6db4e7e638 RSP:00007f6da9ffd228
R8 :0000000000000000 R9 :0000000000000000
R10:0000000000000000 R11:0000000000000000
R12:00007f6da9ffd320 R13:00007f6da4002440
R14:0000000000000000 R15:00007f6db46c2800
RIP:00007f6db69130b0 EFL:0000000000010206
CSGSFS:002b000000000033
635882:M 03 Jan 2024 02:53:01.953 # (00007f6da9ffd237) -> 00007f6da4001b10
635882:M 03 Jan 2024 02:53:01.953 # (00007f6da9ffd236) -> 00007f6db56ef125
635882:M 03 Jan 2024 02:53:01.953 # (00007f6da9ffd235) -> 00007f6db46c2800
635882:M 03 Jan 2024 02:53:01.953 # (00007f6da9ffd234) -> 00007f6db574e46b
635882:M 03 Jan 2024 02:53:01.953 # (00007f6da9ffd233) -> 00007f6da4002440
635882:M 03 Jan 2024 02:53:01.953 # (00007f6da9ffd232) -> 00000000a9ffd320
635882:M 03 Jan 2024 02:53:01.953 # (00007f6da9ffd231) -> 00007f6da4002570
635882:M 03 Jan 2024 02:53:01.953 # (00007f6da9ffd230) -> 00007f6db566a389
635882:M 03 Jan 2024 02:53:01.953 # (00007f6da9ffd22f) -> 00007f6da4001b10
635882:M 03 Jan 2024 02:53:01.953 # (00007f6da9ffd22e) -> 00007f6db4be3486
635882:M 03 Jan 2024 02:53:01.953 # (00007f6da9ffd22d) -> 00007f6da4002570
635882:M 03 Jan 2024 02:53:01.954 # (00007f6da9ffd22c) -> 00007f6da4001b10
635882:M 03 Jan 2024 02:53:01.954 # (00007f6da9ffd22b) -> 00007f6da9ffd320
635882:M 03 Jan 2024 02:53:01.954 # (00007f6da9ffd22a) -> 00007f6db4be408a
635882:M 03 Jan 2024 02:53:01.954 # (00007f6da9ffd229) -> 00007f6da4001b10
635882:M 03 Jan 2024 02:53:01.954 # (00007f6da9ffd228) -> 00007f6db4c3df49

------ INFO OUTPUT ------
# Server
redis_version:255.255.255
redis_git_sha1:e04ebdb8
redis_git_dirty:1
redis_build_id:1f78dcc7b4fbdd25
redis_mode:standalone
os:Linux 6.1.60.1.amd64-smp x86_64
arch_bits:64
monotonic_clock:POSIX clock_gettime
multiplexing_api:epoll
atomicvar_api:c11-builtin
gcc_version:10.2.1
process_id:635882
process_supervised:no
run_id:c175c75ca6b020c86be6760a6597767044acab0c
tcp_port:5083
server_time_usec:1704246781948317
uptime_in_seconds:0
uptime_in_days:0
hz:10
configured_hz:10
lru_clock:9747965
executable:/home/snagendra/Fuzzing/redis/src/redis-server
config_file:
io_threads_active:0
listener0:name=tcp,bind=0.0.0.0,port=5083

# Clients
connected_clients:0
cluster_connections:0
maxclients:10000
client_recent_max_input_buffer:0
client_recent_max_output_buffer:0
blocked_clients:0
tracking_clients:0
clients_in_timeout_table:0
total_blocking_keys:0
total_blocking_keys_on_nokey:0

# Memory
used_memory:1755824
used_memory_human:1.67M
used_memory_rss:18460672
used_memory_rss_human:17.61M
used_memory_peak:1755824
used_memory_peak_human:1.67M
used_memory_peak_perc:100.10%
used_memory_overhead:1746728
used_memory_startup:1746544
used_memory_dataset:9096
used_memory_dataset_perc:98.02%
allocator_allocated:2293424
allocator_active:2822144
allocator_resident:11014144
total_system_memory:270388695040
total_system_memory_human:251.82G
used_memory_lua:31744
used_memory_vm_eval:31744
used_memory_lua_human:31.00K
used_memory_scripts_eval:0
number_of_cached_scripts:0
number_of_functions:0
number_of_libraries:0
used_memory_vm_functions:32768
used_memory_vm_total:64512
used_memory_vm_total_human:63.00K
used_memory_functions:184
used_memory_scripts:184
used_memory_scripts_human:184B
maxmemory:0
maxmemory_human:0B
maxmemory_policy:noeviction
allocator_frag_ratio:1.23
allocator_frag_bytes:528720
allocator_rss_ratio:3.90
allocator_rss_bytes:8192000
rss_overhead_ratio:1.68
rss_overhead_bytes:7446528
mem_fragmentation_ratio:10.52
mem_fragmentation_bytes:16706672
mem_not_counted_for_evict:0
mem_replication_backlog:0
mem_total_replication_buffers:0
mem_clients_slaves:0
mem_clients_normal:0
mem_cluster_links:0
mem_aof_buffer:0
mem_allocator:jemalloc-5.3.0
active_defrag_running:0
lazyfree_pending_objects:0
lazyfreed_objects:0

# Persistence
loading:0
async_loading:0
current_cow_peak:0
current_cow_size:0
current_cow_size_age:0
current_fork_perc:0.00
current_save_keys_processed:0
current_save_keys_total:0
rdb_changes_since_last_save:0
rdb_bgsave_in_progress:0
rdb_last_save_time:1704246781
rdb_last_bgsave_status:ok
rdb_last_bgsave_time_sec:-1
rdb_current_bgsave_time_sec:-1
rdb_saves:0
rdb_last_cow_size:0
rdb_last_load_keys_expired:0
rdb_last_load_keys_loaded:0
aof_enabled:0
aof_rewrite_in_progress:0
aof_rewrite_scheduled:0
aof_last_rewrite_time_sec:-1
aof_current_rewrite_time_sec:-1
aof_last_bgrewrite_status:ok
aof_rewrites:0
aof_rewrites_consecutive_failures:0
aof_last_write_status:ok
aof_last_cow_size:0
module_fork_in_progress:0
module_fork_last_cow_size:0

# Stats
total_connections_received:0
total_commands_processed:6
instantaneous_ops_per_sec:22
total_net_input_bytes:0
total_net_output_bytes:0
total_net_repl_input_bytes:0
total_net_repl_output_bytes:0
instantaneous_input_kbps:0.00
instantaneous_output_kbps:0.00
instantaneous_input_repl_kbps:0.00
instantaneous_output_repl_kbps:0.00
rejected_connections:0
sync_full:0
sync_partial_ok:0
sync_partial_err:0
expired_keys:0
expired_stale_perc:0.00
expired_time_cap_reached_count:0
expire_cycle_cpu_milliseconds:0
evicted_keys:0
evicted_clients:0
total_eviction_exceeded_time:0
current_eviction_exceeded_time:0
keyspace_hits:0
keyspace_misses:0
pubsub_channels:0
pubsub_patterns:0
pubsubshard_channels:0
latest_fork_usec:0
total_forks:0
migrate_cached_sockets:0
slave_expires_tracked_keys:0
active_defrag_hits:0
active_defrag_misses:0
active_defrag_key_hits:0
active_defrag_key_misses:0
total_active_defrag_time:0
current_active_defrag_time:0
tracking_total_keys:0
tracking_total_items:0
tracking_total_prefixes:0
unexpected_error_replies:0
total_error_replies:0
dump_payload_sanitizations:0
total_reads_processed:0
total_writes_processed:0
io_threaded_reads_processed:0
io_threaded_writes_processed:0
reply_buffer_shrinks:0
reply_buffer_expands:0
acl_access_denied_auth:0
acl_access_denied_cmd:0
acl_access_denied_key:0
acl_access_denied_channel:0

# Replication
role:master
connected_slaves:0
master_failover_state:no-failover
master_replid:deca1bc3a6c0b717ce12f79eea45151e12ded6ed
master_replid2:0000000000000000000000000000000000000000
master_repl_offset:0
second_repl_offset:-1
repl_backlog_active:0
repl_backlog_size:1048576
repl_backlog_first_byte_offset:0
repl_backlog_histlen:0

# CPU
used_cpu_sys:0.009461
used_cpu_user:0.011804
used_cpu_sys_children:0.000000
used_cpu_user_children:0.000000
used_cpu_sys_main_thread:0.000000
used_cpu_user_main_thread:0.001350

# Modules
module:name=raft,ver=1,api=1,filters=1,usedby=[],using=[],options=[]

# Commandstats
cmdstat_command:calls=2,usec=1634,usec_per_call=817.00,rejected_calls=0,failed_calls=0
cmdstat_config|set:calls=1,usec=12,usec_per_call=12.00,rejected_calls=0,failed_calls=0
cmdstat_config|get:calls=3,usec=5,usec_per_call=1.67,rejected_calls=0,failed_calls=0

# Errorstats

# Latencystats
latency_percentiles_usec_command:p50=774.143,p99=864.255,p99.9=864.255
latency_percentiles_usec_config|set:p50=12.031,p99=12.031,p99.9=12.031
latency_percentiles_usec_config|get:p50=2.007,p99=2.007,p99.9=2.007

# Cluster
cluster_enabled:0

# Keyspace

------ CLIENT LIST OUTPUT ------

------ MODULES INFO OUTPUT ------
# raft_version
raft_version:255.255.255
raft_git_sha1:b779b199

# raft_general
raft_dbid:a34fa02995345c71f52543c332e79c60
raft_node_id:3
raft_state:up
raft_role:follower
raft_is_voting:no
raft_voted_for:-1
raft_leader_id:1
raft_current_term:1
raft_num_nodes:3
raft_num_voting_nodes:1
raft_node1:id=1,state=resolving,voting=yes,addr=localhost,port=5081,last_conn_secs=-1,conn_errors=0,conn_oks=0
raft_node2:id=2,state=resolving,voting=no,addr=localhost,port=5082,last_conn_secs=-1,conn_errors=0,conn_oks=0

# raft_log
raft_log_entries:4
raft_current_index:4
raft_commit_index:4
raft_last_applied_index:0
raft_file_size:1186
raft_cache_memory_size:0
raft_cache_entries:0
raft_client_attached_entries:0
raft_fsync_count:0
raft_fsync_max_microseconds:0
raft_entry1:term=1,id=0,data_len=0
raft_entry2:term=1,id=980974321,data_len=264
raft_entry3:term=1,id=2066016637,data_len=264
raft_fsync_avg_microseconds:0

# raft_snapshot
raft_snapshot_filename:redis3.rdb
raft_snapshot_last_idx:0
raft_snapshot_last_term:0
raft_snapshot_size:0
raft_snapshot_time_secs:-1
raft_snapshots_created:0
raft_snapshots_received:0
raft_snapshot_in_progress:no
raft_snapshot_in_progress_last_idx:-1
raft_snapshot_in_progress_last_term:-1

# raft_clients
raft_proxy_reqs:0
raft_proxy_failed_reqs:0
raft_proxy_failed_responses:0
raft_proxy_outstanding_reqs:0

# raft_stats
raft_appendreq_received:0
raft_appendreq_with_entry_received:0
raft_snapshotreq_received:0
raft_exec_throttled:0
raft_num_sessions:0

------ CONFIG DEBUG OUTPUT ------
repl-diskless-sync yes
replica-read-only yes
io-threads 1
lazyfree-lazy-expire no
repl-diskless-load disabled
io-threads-do-reads no
list-compress-depth 0
client-query-buffer-limit 1gb
proto-max-bulk-len 512mb
sanitize-dump-payload no
lazyfree-lazy-user-del no
lazyfree-lazy-eviction no
activedefrag no
lazyfree-lazy-user-flush no
lazyfree-lazy-server-del no
slave-read-only yes

------ FAST MEMORY TEST ------
635882:M 03 Jan 2024 02:53:01.954 # main thread terminated
635882:M 03 Jan 2024 02:53:01.954 # Bio worker thread #0 terminated
635882:M 03 Jan 2024 02:53:01.954 # Bio worker thread #1 terminated
635882:M 03 Jan 2024 02:53:01.954 # Bio worker thread #2 terminated

Fast memory test PASSED, however your memory can still be broken. Please run a memory test for several hours if possible.

------ DUMPING CODE AROUND EIP ------
Symbol: __pthread_rwlock_wrlock (base: 0x7f6db69130b0)
Module: /lib/x86_64-linux-gnu/libc.so.6 (base 0x7f6db6884000)
$ xxd -r -p /tmp/dump.hex /tmp/dump.bin
$ objdump --adjust-vma=0x7f6db69130b0 -D -b binary -m i386:x86-64 /tmp/dump.bin
------
635882:M 03 Jan 2024 02:53:01.954 # dump of function (hexdump of 128 bytes):
8b5718648b0425d002000039c20f8485000000415741564155415455534889fb4883ec088b0789c189c283c902f00fb10b75f3488d6b0cb801000000f6c202755f89430cf6c201752889d089d183e001c1e90309c80f854501000089d189d083c901f00fb10b89c275dfc7430801000000648b0425d00200008943184531c948

=== REDIS BUG REPORT END. Make sure to include from START to END. ===

       Please report the crash by opening an issue on github:

           http://github.com/redis/redis/issues

  If a Redis module was involved, please open in the module's repo instead.

  Suspect RAM error? Use redis-server --test-memory to verify it.

  Some other issues could be detected by redis-server --check-system
636044:C 03 Jan 2024 02:53:02.246 # WARNING Memory overcommit must be enabled! Without it, a background save or replication may fail under low memory condition. Being disabled, it can also cause failures without low memory condition, see https://github.com/jemalloc/jemalloc/issues/1328. To fix this issue add 'vm.overcommit_memory = 1' to /etc/sysctl.conf and then reboot or run the command 'sysctl vm.overcommit_memory=1' for this to take effect.
636044:C 03 Jan 2024 02:53:02.246 * oO0OoO0OoO0Oo Redis is starting oO0OoO0OoO0Oo
636044:C 03 Jan 2024 02:53:02.246 * Redis version=255.255.255, bits=64, commit=e04ebdb8, modified=1, pid=636044, just started
636044:C 03 Jan 2024 02:53:02.246 * Configuration loaded
636044:M 03 Jan 2024 02:53:02.246 * monotonic clock: POSIX clock_gettime
636044:M 03 Jan 2024 02:53:02.247 * Running mode=standalone, port=5083.
636044:M 03 Jan 2024 02:53:02.253 * <raft> RedisRaft version 255.255.255 [b779b199]
636044:M 03 Jan 2024 02:53:02.257 * <raft> Initializing test network
636044:M 03 Jan 2024 02:53:02.258 * <raft> Created test network client
636044:M 03 Jan 2024 02:53:02.262 * <raft> Raft module loaded, state is 'loading'
636044:M 03 Jan 2024 02:53:02.262 * Module 'raft' loaded from /home/snagendra/Fuzzing/redisraft-fuzzing/redisraft.so
636044:M 03 Jan 2024 02:53:02.263 * Server initialized
636044:M 03 Jan 2024 02:53:02.263 . The AOF directory appendonlydir doesn't exist
636044:M 03 Jan 2024 02:53:02.263 * Ready to accept connections tcp
636044:M 03 Jan 2024 02:53:02.263 . 0 clients connected (0 replicas), 1746720 bytes in use
636044:M 03 Jan 2024 02:53:02.363 * <raft> Loading: Redis loading complete, snapshot NOT LOADED
636044:M 03 Jan 2024 02:53:02.363 * <raft> Cluster Membership: term:0 index:0 nodes: id=3,voting=0,active=1,addr=-
636044:M 03 Jan 2024 02:53:02.364 * <raft> Test network starting message polling thread
636044:M 03 Jan 2024 02:53:02.364 * <raft> Cluster Membership: term:0 index:4 nodes: id=3,voting=0,active=1,addr=- id=1,voting=1,active=1,addr=localhost:5081
636044:M 03 Jan 2024 02:53:02.364 * <raft> Cluster Membership: term:0 index:4 nodes: id=3,voting=0,active=1,addr=- id=1,voting=1,active=1,addr=localhost:5081 id=2,voting=0,active=1,addr=localhost:5082
636044:M 03 Jan 2024 02:53:02.364 * <raft> Raft state after loading log: log_count=4, first_idx=1, current_idx=4, last_applied_idx=0
636044:M 03 Jan 2024 02:53:02.364 . <raft> Raft term=1, vote=-1
636044:M 03 Jan 2024 02:53:02.456 - Accepted 127.0.0.1:50908
636044:M 03 Jan 2024 02:53:02.456 # Missing implement of connection type tls
636044:M 03 Jan 2024 02:53:02.765 * <raft> State change: Election starting, node is now a pre-candidate, term 1
636044:M 03 Jan 2024 02:53:02.765 * <raft> Cluster Membership: term:1 index:4 nodes: id=3,voting=0,active=1,addr=- id=1,voting=1,active=1,addr=localhost:5081 id=2,voting=0,active=1,addr=localhost:5082
636044:M 03 Jan 2024 02:53:03.021 - Client closed connection id=8 addr=127.0.0.1:50908 laddr=127.0.0.1:5083 fd=11 name= age=1 idle=1 flags=N db=0 sub=0 psub=0 ssub=0 multi=-1 qbuf=0 qbuf-free=20474 argv-mem=0 multi-mem=0 rbs=1024 rbp=0 obl=0 oll=0 omem=0 tot-mem=22400 events=r cmd=auth user=default redir=-1 resp=2 lib-name= lib-ver=
636044:M 03 Jan 2024 02:53:03.067 * <raft> State change: Election starting, node is now a pre-candidate, term 1
636044:M 03 Jan 2024 02:53:03.067 * <raft> Cluster Membership: term:1 index:4 nodes: id=3,voting=0,active=1,addr=- id=1,voting=1,active=1,addr=localhost:5081 id=2,voting=0,active=1,addr=localhost:5082
636044:M 03 Jan 2024 02:53:03.328 * <raft> State change: Node is now a follower, term 1
636044:M 03 Jan 2024 02:53:03.328 * <raft> Cluster Membership: term:1 index:4 nodes: id=3,voting=0,active=1,addr=- id=1,voting=1,active=1,addr=localhost:5081 id=2,voting=0,active=1,addr=localhost:5082
636044:M 03 Jan 2024 02:53:03.448 - Accepted 127.0.0.1:59138
636044:M 03 Jan 2024 02:53:03.478 - Client closed connection id=9 addr=127.0.0.1:59138 laddr=127.0.0.1:5083 fd=12 name= age=0 idle=0 flags=N db=0 sub=0 psub=0 ssub=0 multi=-1 qbuf=0 qbuf-free=20474 argv-mem=0 multi-mem=0 rbs=16384 rbp=0 obl=0 oll=0 omem=0 tot-mem=37760 events=r cmd=auth user=default redir=-1 resp=2 lib-name= lib-ver=
636044:signal-handler (1704246783) Received SIGINT scheduling shutdown...

----- Stderr -----
libgcov profiling error:/home/snagendra/Fuzzing/redisraft-fuzzing/build/deps/raft/CMakeFiles/raft.dir/src/raft_server_properties.c.gcda:Merge mismatch for function 4
libgcov profiling error:/home/snagendra/Fuzzing/redisraft-fuzzing/build/deps/raft/CMakeFiles/raft.dir/src/raft_node.c.gcda:Merge mismatch for function 1
libgcov profiling error:/home/snagendra/Fuzzing/redisraft-fuzzing/build/deps/raft/CMakeFiles/raft.dir/src/raft_server.c.gcda:Merge mismatch for function 4



