logs for node: 1

----- Stdout -----
511319:C 03 Jan 2024 05:22:59.923 # WARNING Memory overcommit must be enabled! Without it, a background save or replication may fail under low memory condition. Being disabled, it can also cause failures without low memory condition, see https://github.com/jemalloc/jemalloc/issues/1328. To fix this issue add 'vm.overcommit_memory = 1' to /etc/sysctl.conf and then reboot or run the command 'sysctl vm.overcommit_memory=1' for this to take effect.
511319:C 03 Jan 2024 05:22:59.923 * oO0OoO0OoO0Oo Redis is starting oO0OoO0OoO0Oo
511319:C 03 Jan 2024 05:22:59.923 * Redis version=255.255.255, bits=64, commit=e04ebdb8, modified=1, pid=511319, just started
511319:C 03 Jan 2024 05:22:59.923 * Configuration loaded
511319:M 03 Jan 2024 05:22:59.924 * monotonic clock: POSIX clock_gettime
511319:M 03 Jan 2024 05:22:59.924 * Running mode=standalone, port=5091.
511319:M 03 Jan 2024 05:22:59.931 * <raft> RedisRaft version 255.255.255 [b779b199]
511319:M 03 Jan 2024 05:22:59.936 * <raft> Initializing test network
511319:M 03 Jan 2024 05:22:59.937 * <raft> Created test network client
511319:M 03 Jan 2024 05:22:59.938 * <raft> Raft module loaded, state is 'uninitialized'
511319:M 03 Jan 2024 05:22:59.938 * Module 'raft' loaded from /home/snagendra/Fuzzing/redisraft-fuzzing/redisraft.so
511319:M 03 Jan 2024 05:22:59.938 * Server initialized
511319:M 03 Jan 2024 05:22:59.939 . The AOF directory appendonlydir doesn't exist
511319:M 03 Jan 2024 05:22:59.939 * Ready to accept connections tcp
511319:M 03 Jan 2024 05:22:59.939 . 0 clients connected (0 replicas), 1726192 bytes in use
511319:M 03 Jan 2024 05:22:59.970 - Accepted 127.0.0.1:54974
511319:M 03 Jan 2024 05:22:59.970 # Missing implement of connection type tls
511319:M 03 Jan 2024 05:22:59.976 * <raft> Cluster Membership: term:0 index:0 nodes: id=1,voting=0,active=1,addr=-
511319:M 03 Jan 2024 05:22:59.981 * <raft> State change: Node is now a leader, term 1
511319:M 03 Jan 2024 05:22:59.981 * <raft> Cluster Membership: term:1 index:1 nodes: id=1,voting=0,active=1,addr=-
511319:M 03 Jan 2024 05:22:59.982 * <raft> Test network starting message polling thread
511319:M 03 Jan 2024 05:22:59.982 * <raft> Raft Cluster initialized, node id: 1, dbid: 5146a98992643268dfec14db14373de5
511319:M 03 Jan 2024 05:23:00.099 - Accepted 127.0.0.1:54986
511319:M 03 Jan 2024 05:23:00.100 * <raft> Cluster Membership: term:1 index:3 nodes: id=1,voting=1,active=1,addr=- id=2,voting=0,active=1,addr=localhost:5092
511319:M 03 Jan 2024 05:23:00.107 - Client closed connection id=9 addr=127.0.0.1:54986 laddr=127.0.0.1:5091 fd=12 name= age=0 idle=0 flags=N db=0 sub=0 psub=0 ssub=0 multi=-1 qbuf=0 qbuf-free=20474 argv-mem=0 multi-mem=0 rbs=16384 rbp=16384 obl=0 oll=0 omem=0 tot-mem=37760 events=r cmd=raft.node user=default redir=-1 resp=2 lib-name= lib-ver=
511319:M 03 Jan 2024 05:23:00.224 - Accepted 127.0.0.1:54994
511319:M 03 Jan 2024 05:23:00.225 * <raft> Cluster Membership: term:1 index:4 nodes: id=1,voting=1,active=1,addr=- id=2,voting=0,active=1,addr=localhost:5092 id=3,voting=0,active=1,addr=localhost:5093
511319:M 03 Jan 2024 05:23:00.232 - Client closed connection id=10 addr=127.0.0.1:54994 laddr=127.0.0.1:5091 fd=13 name= age=0 idle=0 flags=N db=0 sub=0 psub=0 ssub=0 multi=-1 qbuf=0 qbuf-free=20474 argv-mem=0 multi-mem=0 rbs=16384 rbp=16384 obl=0 oll=0 omem=0 tot-mem=37760 events=r cmd=raft.node user=default redir=-1 resp=2 lib-name= lib-ver=
511319:signal-handler (1704255780) Received SIGINT scheduling shutdown...
511319:signal-handler (1704255780) You insist... exiting now.
512478:C 03 Jan 2024 05:23:02.561 # WARNING Memory overcommit must be enabled! Without it, a background save or replication may fail under low memory condition. Being disabled, it can also cause failures without low memory condition, see https://github.com/jemalloc/jemalloc/issues/1328. To fix this issue add 'vm.overcommit_memory = 1' to /etc/sysctl.conf and then reboot or run the command 'sysctl vm.overcommit_memory=1' for this to take effect.
512478:C 03 Jan 2024 05:23:02.561 * oO0OoO0OoO0Oo Redis is starting oO0OoO0OoO0Oo
512478:C 03 Jan 2024 05:23:02.561 * Redis version=255.255.255, bits=64, commit=e04ebdb8, modified=1, pid=512478, just started
512478:C 03 Jan 2024 05:23:02.561 * Configuration loaded
512478:M 03 Jan 2024 05:23:02.561 * monotonic clock: POSIX clock_gettime
512478:M 03 Jan 2024 05:23:02.562 * Running mode=standalone, port=5091.
512478:M 03 Jan 2024 05:23:02.569 * <raft> RedisRaft version 255.255.255 [b779b199]
512478:M 03 Jan 2024 05:23:02.573 * <raft> Initializing test network
512478:M 03 Jan 2024 05:23:02.574 * <raft> Created test network client
512478:M 03 Jan 2024 05:23:02.577 * <raft> Raft module loaded, state is 'loading'
512478:M 03 Jan 2024 05:23:02.577 * Module 'raft' loaded from /home/snagendra/Fuzzing/redisraft-fuzzing/redisraft.so
512478:M 03 Jan 2024 05:23:02.578 * Server initialized
512478:M 03 Jan 2024 05:23:02.578 . The AOF directory appendonlydir doesn't exist
512478:M 03 Jan 2024 05:23:02.578 * Ready to accept connections tcp
512478:M 03 Jan 2024 05:23:02.578 . 0 clients connected (0 replicas), 1746624 bytes in use
512478:M 03 Jan 2024 05:23:02.678 * <raft> Loading: Redis loading complete, snapshot NOT LOADED
512478:M 03 Jan 2024 05:23:02.679 * <raft> Cluster Membership: term:0 index:0 nodes: id=1,voting=0,active=1,addr=-
512478:M 03 Jan 2024 05:23:02.679 * <raft> Test network starting message polling thread
512478:M 03 Jan 2024 05:23:02.679 * <raft> Cluster Membership: term:0 index:4 nodes: id=1,voting=1,active=1,addr=- id=2,voting=0,active=1,addr=localhost:5092
512478:M 03 Jan 2024 05:23:02.680 * <raft> Cluster Membership: term:0 index:4 nodes: id=1,voting=1,active=1,addr=- id=2,voting=0,active=1,addr=localhost:5092 id=3,voting=0,active=1,addr=localhost:5093
512478:M 03 Jan 2024 05:23:02.680 * <raft> Raft state after loading log: log_count=4, first_idx=1, current_idx=4, last_applied_idx=0
512478:M 03 Jan 2024 05:23:02.680 . <raft> Raft term=1, vote=-1
512478:M 03 Jan 2024 05:23:02.686 * <raft> State change: Node is now a leader, term 2
512478:M 03 Jan 2024 05:23:02.686 * <raft> Cluster Membership: term:2 index:5 nodes: id=1,voting=1,active=1,addr=- id=2,voting=0,active=1,addr=localhost:5092 id=3,voting=0,active=1,addr=localhost:5093
512478:M 03 Jan 2024 05:23:02.782 # <raft> Redis connection authentication failed: connection died
512478:M 03 Jan 2024 05:23:02.803 - Accepted 127.0.0.1:44122
512478:M 03 Jan 2024 05:23:02.803 # Missing implement of connection type tls
512478:signal-handler (1704255783) Received SIGINT scheduling shutdown...
512478:signal-handler (1704255783) You insist... exiting now.

----- Stderr -----
libgcov profiling error:/home/snagendra/Fuzzing/redisraft-fuzzing/build/deps/raft/CMakeFiles/raft.dir/src/raft_server.c.gcda:Merge mismatch for function 12
libgcov profiling error:/home/snagendra/Fuzzing/redisraft-fuzzing/build/deps/raft/CMakeFiles/raft.dir/src/raft_server.c.gcda:Merge mismatch for function 12




logs for node: 2

----- Stdout -----
511361:C 03 Jan 2024 05:22:59.984 # WARNING Memory overcommit must be enabled! Without it, a background save or replication may fail under low memory condition. Being disabled, it can also cause failures without low memory condition, see https://github.com/jemalloc/jemalloc/issues/1328. To fix this issue add 'vm.overcommit_memory = 1' to /etc/sysctl.conf and then reboot or run the command 'sysctl vm.overcommit_memory=1' for this to take effect.
511361:C 03 Jan 2024 05:22:59.985 * oO0OoO0OoO0Oo Redis is starting oO0OoO0OoO0Oo
511361:C 03 Jan 2024 05:22:59.985 * Redis version=255.255.255, bits=64, commit=e04ebdb8, modified=1, pid=511361, just started
511361:C 03 Jan 2024 05:22:59.985 * Configuration loaded
511361:M 03 Jan 2024 05:22:59.985 * monotonic clock: POSIX clock_gettime
511361:M 03 Jan 2024 05:22:59.986 * Running mode=standalone, port=5092.
511361:M 03 Jan 2024 05:22:59.992 * <raft> RedisRaft version 255.255.255 [b779b199]
511361:M 03 Jan 2024 05:22:59.997 * <raft> Initializing test network
511361:M 03 Jan 2024 05:22:59.998 * <raft> Created test network client
511361:M 03 Jan 2024 05:22:59.998 * <raft> Raft module loaded, state is 'uninitialized'
511361:M 03 Jan 2024 05:22:59.998 * Module 'raft' loaded from /home/snagendra/Fuzzing/redisraft-fuzzing/redisraft.so
511361:M 03 Jan 2024 05:22:59.999 * Server initialized
511361:M 03 Jan 2024 05:23:00.000 . The AOF directory appendonlydir doesn't exist
511361:M 03 Jan 2024 05:23:00.000 * Ready to accept connections tcp
511361:M 03 Jan 2024 05:23:00.000 . 0 clients connected (0 replicas), 1726256 bytes in use
511361:M 03 Jan 2024 05:23:00.005 - Accepted 127.0.0.1:49410
511361:M 03 Jan 2024 05:23:00.005 # Missing implement of connection type tls
511361:M 03 Jan 2024 05:23:00.098 - <raft> join cluster, connecting to localhost:5091
511361:M 03 Jan 2024 05:23:00.100 * <raft> Joined Raft cluster, node id: 2, dbid: 5146a98992643268dfec14db14373de5
511361:M 03 Jan 2024 05:23:00.107 * <raft> Cluster Membership: term:0 index:0 nodes: id=2,voting=0,active=1,addr=-
511361:M 03 Jan 2024 05:23:00.107 * <raft> Test network starting message polling thread
511361:M 03 Jan 2024 05:23:00.139 - Accepted 127.0.0.1:49412
511361:M 03 Jan 2024 05:23:00.250 - Client closed connection id=9 addr=127.0.0.1:49412 laddr=127.0.0.1:5092 fd=10 name= age=0 idle=0 flags=N db=0 sub=0 psub=0 ssub=0 multi=-1 qbuf=0 qbuf-free=20474 argv-mem=0 multi-mem=0 rbs=16384 rbp=0 obl=0 oll=0 omem=0 tot-mem=37760 events=r cmd=auth user=default redir=-1 resp=2 lib-name= lib-ver=
511361:M 03 Jan 2024 05:23:00.625 - Accepted 127.0.0.1:49420
511361:M 03 Jan 2024 05:23:00.702 * <raft> State change: Election starting, node is now a pre-candidate, term 1
511361:M 03 Jan 2024 05:23:00.702 * <raft> Cluster Membership: term:1 index:0 nodes: id=2,voting=0,active=1,addr=-
511361:M 03 Jan 2024 05:23:01.003 * <raft> State change: Election starting, node is now a pre-candidate, term 1
511361:M 03 Jan 2024 05:23:01.003 * <raft> Cluster Membership: term:1 index:0 nodes: id=2,voting=0,active=1,addr=-
511361:M 03 Jan 2024 05:23:01.239 - Client closed connection id=10 addr=127.0.0.1:49420 laddr=127.0.0.1:5092 fd=10 name= age=1 idle=1 flags=N db=0 sub=0 psub=0 ssub=0 multi=-1 qbuf=0 qbuf-free=20474 argv-mem=0 multi-mem=0 rbs=1024 rbp=0 obl=0 oll=0 omem=0 tot-mem=22400 events=r cmd=auth user=default redir=-1 resp=2 lib-name= lib-ver=
511361:M 03 Jan 2024 05:23:01.404 * <raft> State change: Election starting, node is now a pre-candidate, term 1
511361:M 03 Jan 2024 05:23:01.404 * <raft> Cluster Membership: term:1 index:0 nodes: id=2,voting=0,active=1,addr=-
511361:M 03 Jan 2024 05:23:01.705 * <raft> State change: Election starting, node is now a pre-candidate, term 1
511361:M 03 Jan 2024 05:23:01.705 * <raft> Cluster Membership: term:1 index:0 nodes: id=2,voting=0,active=1,addr=-
511361:M 03 Jan 2024 05:23:02.000 - Accepted 127.0.0.1:49432
511361:signal-handler (1704255782) Received SIGINT scheduling shutdown...
511361:M 03 Jan 2024 05:23:02.107 * <raft> State change: Election starting, node is now a pre-candidate, term 1
511361:M 03 Jan 2024 05:23:02.107 * <raft> Cluster Membership: term:1 index:0 nodes: id=2,voting=0,active=1,addr=-
512369:C 03 Jan 2024 05:23:02.317 # WARNING Memory overcommit must be enabled! Without it, a background save or replication may fail under low memory condition. Being disabled, it can also cause failures without low memory condition, see https://github.com/jemalloc/jemalloc/issues/1328. To fix this issue add 'vm.overcommit_memory = 1' to /etc/sysctl.conf and then reboot or run the command 'sysctl vm.overcommit_memory=1' for this to take effect.
512369:C 03 Jan 2024 05:23:02.317 * oO0OoO0OoO0Oo Redis is starting oO0OoO0OoO0Oo
512369:C 03 Jan 2024 05:23:02.317 * Redis version=255.255.255, bits=64, commit=e04ebdb8, modified=1, pid=512369, just started
512369:C 03 Jan 2024 05:23:02.317 * Configuration loaded
512369:M 03 Jan 2024 05:23:02.318 * monotonic clock: POSIX clock_gettime
512369:M 03 Jan 2024 05:23:02.318 * Running mode=standalone, port=5092.
512369:M 03 Jan 2024 05:23:02.324 * <raft> RedisRaft version 255.255.255 [b779b199]
512369:M 03 Jan 2024 05:23:02.328 * <raft> Initializing test network
512369:M 03 Jan 2024 05:23:02.329 * <raft> Created test network client
512369:M 03 Jan 2024 05:23:02.333 * <raft> Raft module loaded, state is 'loading'
512369:M 03 Jan 2024 05:23:02.333 * Module 'raft' loaded from /home/snagendra/Fuzzing/redisraft-fuzzing/redisraft.so
512369:M 03 Jan 2024 05:23:02.333 * Server initialized
512369:M 03 Jan 2024 05:23:02.333 . The AOF directory appendonlydir doesn't exist
512369:M 03 Jan 2024 05:23:02.333 * Ready to accept connections tcp
512369:M 03 Jan 2024 05:23:02.334 . 0 clients connected (0 replicas), 1746624 bytes in use
512369:M 03 Jan 2024 05:23:02.433 * <raft> Loading: Redis loading complete, snapshot NOT LOADED
512369:M 03 Jan 2024 05:23:02.433 * <raft> Cluster Membership: term:0 index:0 nodes: id=2,voting=0,active=1,addr=-
512369:M 03 Jan 2024 05:23:02.433 * <raft> Test network starting message polling thread


=== REDIS BUG REPORT START: Cut & paste starting from here ===
512369:M 03 Jan 2024 05:23:02.433 # Redis 255.255.255 crashed by signal: 6, si_code: -6
512369:M 03 Jan 2024 05:23:02.434 # Crashed running the instruction at: 0x7f3473eadd3c

------ STACK TRACE ------
EIP:
/lib/x86_64-linux-gnu/libc.so.6(+0x8ad3c)[0x7f3473eadd3c]

Backtrace:
/lib/x86_64-linux-gnu/libc.so.6(+0x3bfd0)[0x7f3473e5efd0]
/lib/x86_64-linux-gnu/libc.so.6(+0x8ad3c)[0x7f3473eadd3c]
/lib/x86_64-linux-gnu/libc.so.6(gsignal+0x12)[0x7f3473e5ef32]
/lib/x86_64-linux-gnu/libc.so.6(abort+0xd3)[0x7f3473e49472]
/lib/x86_64-linux-gnu/libc.so.6(+0x26395)[0x7f3473e49395]
/lib/x86_64-linux-gnu/libc.so.6(+0x34e32)[0x7f3473e57e32]
/home/snagendra/Fuzzing/redisraft-fuzzing/redisraft.so(+0x3caea)[0x7f3472db4aea]
/home/snagendra/Fuzzing/redisraft-fuzzing/redisraft.so(callRaftPeriodic+0x478)[0x7f3472da5088]
/home/snagendra/Fuzzing/redis/src/redis-server 0.0.0.0:5092(moduleTimerHandler+0x21c)[0x5588a480b98c]
/home/snagendra/Fuzzing/redis/src/redis-server 0.0.0.0:5092(+0x81705)[0x5588a4715705]
/home/snagendra/Fuzzing/redis/src/redis-server 0.0.0.0:5092(aeMain+0x1c8)[0x5588a471fcb8]
/home/snagendra/Fuzzing/redis/src/redis-server 0.0.0.0:5092(main+0x3cd)[0x5588a4714e2d]
/lib/x86_64-linux-gnu/libc.so.6(+0x271ca)[0x7f3473e4a1ca]
/lib/x86_64-linux-gnu/libc.so.6(__libc_start_main+0x85)[0x7f3473e4a285]
/home/snagendra/Fuzzing/redis/src/redis-server 0.0.0.0:5092(_start+0x2a)[0x5588a47155aa]

------ REGISTERS ------
512369:M 03 Jan 2024 05:23:02.434 # 
RAX:0000000000000000 RBX:000000000007d171
RCX:00007f3473eadd3c RDX:0000000000000006
RDI:000000000007d171 RSI:000000000007d171
RBP:00007f3473e1f1c0 RSP:00007ffdd0e50060
R8 :0000000000000007 R9 :00005588a538e820
R10:0000000000000008 R11:0000000000000246
R12:0000000000000006 R13:00000000000006a6
R14:00007f3472de105c R15:00005588a480a2b0
RIP:00007f3473eadd3c EFL:0000000000000246
CSGSFS:002b000000000033
512369:M 03 Jan 2024 05:23:02.434 # (00007ffdd0e5006f) -> 00005588a538e8d0
512369:M 03 Jan 2024 05:23:02.434 # (00007ffdd0e5006e) -> 00007f3473ff5c60
512369:M 03 Jan 2024 05:23:02.434 # (00007ffdd0e5006d) -> 00000000000002b1
512369:M 03 Jan 2024 05:23:02.434 # (00007ffdd0e5006c) -> 00005588a538e820
512369:M 03 Jan 2024 05:23:02.434 # (00007ffdd0e5006b) -> 00000000000006a6
512369:M 03 Jan 2024 05:23:02.434 # (00007ffdd0e5006a) -> 0000000000000020
512369:M 03 Jan 2024 05:23:02.434 # (00007ffdd0e50069) -> 00007f3473e49472
512369:M 03 Jan 2024 05:23:02.434 # (00007ffdd0e50068) -> 00007f3473ff6e70
512369:M 03 Jan 2024 05:23:02.434 # (00007ffdd0e50067) -> 00007f3473e5ef32
512369:M 03 Jan 2024 05:23:02.434 # (00007ffdd0e50066) -> 00007f3472de105c
512369:M 03 Jan 2024 05:23:02.434 # (00007ffdd0e50065) -> 00000000000006a6
512369:M 03 Jan 2024 05:23:02.434 # (00007ffdd0e50064) -> 00007f3472de0720
512369:M 03 Jan 2024 05:23:02.434 # (00007ffdd0e50063) -> 00007f3473e1f1c0
512369:M 03 Jan 2024 05:23:02.434 # (00007ffdd0e50062) -> 0000000000000006
512369:M 03 Jan 2024 05:23:02.434 # (00007ffdd0e50061) -> 1cdc37935400fc00
512369:M 03 Jan 2024 05:23:02.434 # (00007ffdd0e50060) -> 00005588a480a2b0

------ INFO OUTPUT ------
# Server
redis_version:255.255.255
redis_git_sha1:e04ebdb8
redis_git_dirty:1
redis_build_id:1f78dcc7b4fbdd25
redis_mode:standalone
os:Linux 6.1.60.1.amd64-smp x86_64
arch_bits:64
monotonic_clock:POSIX clock_gettime
multiplexing_api:epoll
atomicvar_api:c11-builtin
gcc_version:10.2.1
process_id:512369
process_supervised:no
run_id:ac40a820bc67b1a60e8ccd5ae56462283520a17f
tcp_port:5092
server_time_usec:1704255782433064
uptime_in_seconds:0
uptime_in_days:0
hz:10
configured_hz:10
lru_clock:9756966
executable:/home/snagendra/Fuzzing/redis/src/redis-server
config_file:
io_threads_active:0
listener0:name=tcp,bind=0.0.0.0,port=5092

# Clients
connected_clients:0
cluster_connections:0
maxclients:10000
client_recent_max_input_buffer:0
client_recent_max_output_buffer:0
blocked_clients:0
tracking_clients:0
clients_in_timeout_table:0
total_blocking_keys:0
total_blocking_keys_on_nokey:0

# Memory
used_memory:1753840
used_memory_human:1.67M
used_memory_rss:17756160
used_memory_rss_human:16.93M
used_memory_peak:1753840
used_memory_peak_human:1.67M
used_memory_peak_perc:100.41%
used_memory_overhead:1746664
used_memory_startup:1746480
used_memory_dataset:7176
used_memory_dataset_perc:97.50%
allocator_allocated:2168048
allocator_active:2703360
allocator_resident:10887168
total_system_memory:270388695040
total_system_memory_human:251.82G
used_memory_lua:31744
used_memory_vm_eval:31744
used_memory_lua_human:31.00K
used_memory_scripts_eval:0
number_of_cached_scripts:0
number_of_functions:0
number_of_libraries:0
used_memory_vm_functions:32768
used_memory_vm_total:64512
used_memory_vm_total_human:63.00K
used_memory_functions:184
used_memory_scripts:184
used_memory_scripts_human:184B
maxmemory:0
maxmemory_human:0B
maxmemory_policy:noeviction
allocator_frag_ratio:1.25
allocator_frag_bytes:535312
allocator_rss_ratio:4.03
allocator_rss_bytes:8183808
rss_overhead_ratio:1.63
rss_overhead_bytes:6868992
mem_fragmentation_ratio:10.17
mem_fragmentation_bytes:16009536
mem_not_counted_for_evict:0
mem_replication_backlog:0
mem_total_replication_buffers:0
mem_clients_slaves:0
mem_clients_normal:0
mem_cluster_links:0
mem_aof_buffer:0
mem_allocator:jemalloc-5.3.0
active_defrag_running:0
lazyfree_pending_objects:0
lazyfreed_objects:0

# Persistence
loading:0
async_loading:0
current_cow_peak:0
current_cow_size:0
current_cow_size_age:0
current_fork_perc:0.00
current_save_keys_processed:0
current_save_keys_total:0
rdb_changes_since_last_save:0
rdb_bgsave_in_progress:0
rdb_last_save_time:1704255782
rdb_last_bgsave_status:ok
rdb_last_bgsave_time_sec:-1
rdb_current_bgsave_time_sec:-1
rdb_saves:0
rdb_last_cow_size:0
rdb_last_load_keys_expired:0
rdb_last_load_keys_loaded:0
aof_enabled:0
aof_rewrite_in_progress:0
aof_rewrite_scheduled:0
aof_last_rewrite_time_sec:-1
aof_current_rewrite_time_sec:-1
aof_last_bgrewrite_status:ok
aof_rewrites:0
aof_rewrites_consecutive_failures:0
aof_last_write_status:ok
aof_last_cow_size:0
module_fork_in_progress:0
module_fork_last_cow_size:0

# Stats
total_connections_received:0
total_commands_processed:6
instantaneous_ops_per_sec:25
total_net_input_bytes:0
total_net_output_bytes:0
total_net_repl_input_bytes:0
total_net_repl_output_bytes:0
instantaneous_input_kbps:0.00
instantaneous_output_kbps:0.00
instantaneous_input_repl_kbps:0.00
instantaneous_output_repl_kbps:0.00
rejected_connections:0
sync_full:0
sync_partial_ok:0
sync_partial_err:0
expired_keys:0
expired_stale_perc:0.00
expired_time_cap_reached_count:0
expire_cycle_cpu_milliseconds:0
evicted_keys:0
evicted_clients:0
total_eviction_exceeded_time:0
current_eviction_exceeded_time:0
keyspace_hits:0
keyspace_misses:0
pubsub_channels:0
pubsub_patterns:0
pubsubshard_channels:0
latest_fork_usec:0
total_forks:0
migrate_cached_sockets:0
slave_expires_tracked_keys:0
active_defrag_hits:0
active_defrag_misses:0
active_defrag_key_hits:0
active_defrag_key_misses:0
total_active_defrag_time:0
current_active_defrag_time:0
tracking_total_keys:0
tracking_total_items:0
tracking_total_prefixes:0
unexpected_error_replies:0
total_error_replies:0
dump_payload_sanitizations:0
total_reads_processed:0
total_writes_processed:0
io_threaded_reads_processed:0
io_threaded_writes_processed:0
reply_buffer_shrinks:0
reply_buffer_expands:0
acl_access_denied_auth:0
acl_access_denied_cmd:0
acl_access_denied_key:0
acl_access_denied_channel:0

# Replication
role:master
connected_slaves:0
master_failover_state:no-failover
master_replid:dc99e8e03283b7ccb998fd7eda0b2e96bda59ac3
master_replid2:0000000000000000000000000000000000000000
master_repl_offset:0
second_repl_offset:-1
repl_backlog_active:0
repl_backlog_size:1048576
repl_backlog_first_byte_offset:0
repl_backlog_histlen:0

# CPU
used_cpu_sys:0.004233
used_cpu_user:0.012701
used_cpu_sys_children:0.000000
used_cpu_user_children:0.000000
used_cpu_sys_main_thread:0.004129
used_cpu_user_main_thread:0.012389

# Modules
module:name=raft,ver=1,api=1,filters=1,usedby=[],using=[],options=[]

# Commandstats
cmdstat_command:calls=2,usec=1467,usec_per_call=733.50,rejected_calls=0,failed_calls=0
cmdstat_config|set:calls=1,usec=10,usec_per_call=10.00,rejected_calls=0,failed_calls=0
cmdstat_config|get:calls=3,usec=5,usec_per_call=1.67,rejected_calls=0,failed_calls=0

# Errorstats

# Latencystats
latency_percentiles_usec_command:p50=671.743,p99=798.719,p99.9=798.719
latency_percentiles_usec_config|set:p50=10.047,p99=10.047,p99.9=10.047
latency_percentiles_usec_config|get:p50=2.007,p99=2.007,p99.9=2.007

# Cluster
cluster_enabled:0

# Keyspace

------ CLIENT LIST OUTPUT ------

------ MODULES INFO OUTPUT ------
# raft_version
raft_version:255.255.255
raft_git_sha1:b779b199

# raft_general
raft_dbid:5146a98992643268dfec14db14373de5
raft_node_id:2
raft_state:up
raft_role:follower
raft_is_voting:no
raft_voted_for:-1
raft_leader_id:-1
raft_current_term:0
raft_num_nodes:1
raft_num_voting_nodes:0

# raft_log
raft_log_entries:0
raft_current_index:0
raft_commit_index:0
raft_last_applied_index:0
raft_file_size:101
raft_cache_memory_size:0
raft_cache_entries:0
raft_client_attached_entries:0
raft_fsync_count:0
raft_fsync_max_microseconds:0
raft_fsync_avg_microseconds:0

# raft_snapshot
raft_snapshot_filename:redis2.rdb
raft_snapshot_last_idx:0
raft_snapshot_last_term:0
raft_snapshot_size:0
raft_snapshot_time_secs:-1
raft_snapshots_created:0
raft_snapshots_received:0
raft_snapshot_in_progress:no
raft_snapshot_in_progress_last_idx:-1
raft_snapshot_in_progress_last_term:-1

# raft_clients
raft_proxy_reqs:0
raft_proxy_failed_reqs:0
raft_proxy_failed_responses:0
raft_proxy_outstanding_reqs:0

# raft_stats
raft_appendreq_received:0
raft_appendreq_with_entry_received:0
raft_snapshotreq_received:0
raft_exec_throttled:0
raft_num_sessions:0

------ CONFIG DEBUG OUTPUT ------
repl-diskless-load disabled
activedefrag no
io-threads-do-reads no
lazyfree-lazy-user-flush no
proto-max-bulk-len 512mb
io-threads 1
lazyfree-lazy-user-del no
lazyfree-lazy-eviction no
client-query-buffer-limit 1gb
list-compress-depth 0
replica-read-only yes
repl-diskless-sync yes
sanitize-dump-payload no
lazyfree-lazy-server-del no
slave-read-only yes
lazyfree-lazy-expire no

------ FAST MEMORY TEST ------
512369:M 03 Jan 2024 05:23:02.434 # Bio worker thread #0 terminated
512369:M 03 Jan 2024 05:23:02.434 # Bio worker thread #1 terminated
512369:M 03 Jan 2024 05:23:02.435 # Bio worker thread #2 terminated
*** Preparing to test memory region 5588a49eb000 (2273280 bytes)
*** Preparing to test memory region 5588a5339000 (405504 bytes)
*** Preparing to test memory region 7f3466fff000 (8388608 bytes)
*** Preparing to test memory region 7f3467800000 (8388608 bytes)
*** Preparing to test memory region 7f3468000000 (6291456 bytes)
*** Preparing to test memory region 7f34687fa000 (8388608 bytes)
*** Preparing to test memory region 7f3468ffb000 (8388608 bytes)
*** Preparing to test memory region 7f34697fc000 (8388608 bytes)
*** Preparing to test memory region 7f3469ffd000 (8388608 bytes)
*** Preparing to test memory region 7f346a7fe000 (8388608 bytes)
*** Preparing to test memory region 7f346afff000 (8388608 bytes)
*** Preparing to test memory region 7f346b800000 (8388608 bytes)
*** Preparing to test memory region 7f346c000000 (135168 bytes)
*** Preparing to test memory region 7f3470370000 (8388608 bytes)
*** Preparing to test memory region 7f3470b71000 (8388608 bytes)
*** Preparing to test memory region 7f3471372000 (8388608 bytes)
*** Preparing to test memory region 7f3471b72000 (2621440 bytes)
*** Preparing to test memory region 7f347247f000 (12288 bytes)
*** Preparing to test memory region 7f34724af000 (8192 bytes)
*** Preparing to test memory region 7f3472a18000 (16384 bytes)
*** Preparing to test memory region 7f3472b44000 (8192 bytes)
*** Preparing to test memory region 7f3472d77000 (4096 bytes)
*** Preparing to test memory region 7f3472dfa000 (24576 bytes)
*** Preparing to test memory region 7f3473600000 (8388608 bytes)
*** Preparing to test memory region 7f3473e00000 (8192 bytes)
*** Preparing to test memory region 7f3473e1d000 (24576 bytes)
*** Preparing to test memory region 7f3473ff7000 (53248 bytes)
*** Preparing to test memory region 7f3474114000 (8192 bytes)
.O.O.O.O.O.O.O.O.O.O.O.O.O.O.O.O.O.O.O.O.O.O.O.O.O.O.O.O
Fast memory test PASSED, however your memory can still be broken. Please run a memory test for several hours if possible.

------ DUMPING CODE AROUND EIP ------
Symbol: (null) (base: (nil))
Module: /lib/x86_64-linux-gnu/libc.so.6 (base 0x7f3473e23000)
$ xxd -r -p /tmp/dump.hex /tmp/dump.bin
$ objdump --adjust-vma=(nil) -D -b binary -m i386:x86-64 /tmp/dump.bin
------

=== REDIS BUG REPORT END. Make sure to include from START to END. ===

       Please report the crash by opening an issue on github:

           http://github.com/redis/redis/issues

  If a Redis module was involved, please open in the module's repo instead.

  Suspect RAM error? Use redis-server --test-memory to verify it.

  Some other issues could be detected by redis-server --check-system
512643:C 03 Jan 2024 05:23:03.019 # WARNING Memory overcommit must be enabled! Without it, a background save or replication may fail under low memory condition. Being disabled, it can also cause failures without low memory condition, see https://github.com/jemalloc/jemalloc/issues/1328. To fix this issue add 'vm.overcommit_memory = 1' to /etc/sysctl.conf and then reboot or run the command 'sysctl vm.overcommit_memory=1' for this to take effect.
512643:C 03 Jan 2024 05:23:03.019 * oO0OoO0OoO0Oo Redis is starting oO0OoO0OoO0Oo
512643:C 03 Jan 2024 05:23:03.019 * Redis version=255.255.255, bits=64, commit=e04ebdb8, modified=1, pid=512643, just started
512643:C 03 Jan 2024 05:23:03.019 * Configuration loaded
512643:M 03 Jan 2024 05:23:03.019 * monotonic clock: POSIX clock_gettime
512643:M 03 Jan 2024 05:23:03.020 * Running mode=standalone, port=5092.
512643:M 03 Jan 2024 05:23:03.026 * <raft> RedisRaft version 255.255.255 [b779b199]
512643:M 03 Jan 2024 05:23:03.030 * <raft> Initializing test network
512643:M 03 Jan 2024 05:23:03.031 * <raft> Created test network client
512643:M 03 Jan 2024 05:23:03.034 * <raft> Raft module loaded, state is 'loading'
512643:M 03 Jan 2024 05:23:03.034 * Module 'raft' loaded from /home/snagendra/Fuzzing/redisraft-fuzzing/redisraft.so
512643:M 03 Jan 2024 05:23:03.035 * Server initialized
512643:M 03 Jan 2024 05:23:03.035 . The AOF directory appendonlydir doesn't exist
512643:M 03 Jan 2024 05:23:03.035 * Ready to accept connections tcp
512643:M 03 Jan 2024 05:23:03.035 . 0 clients connected (0 replicas), 1746688 bytes in use
512643:M 03 Jan 2024 05:23:03.088 - Accepted 127.0.0.1:47282
512643:M 03 Jan 2024 05:23:03.088 # Missing implement of connection type tls
512643:M 03 Jan 2024 05:23:03.135 * <raft> Loading: Redis loading complete, snapshot NOT LOADED
512643:M 03 Jan 2024 05:23:03.135 * <raft> Cluster Membership: term:0 index:0 nodes: id=2,voting=0,active=1,addr=-
512643:M 03 Jan 2024 05:23:03.135 * <raft> Test network starting message polling thread


=== REDIS BUG REPORT START: Cut & paste starting from here ===
512643:M 03 Jan 2024 05:23:03.135 # Redis 255.255.255 crashed by signal: 6, si_code: -6
512643:M 03 Jan 2024 05:23:03.135 # Crashed running the instruction at: 0x7fc65d5d8d3c

------ STACK TRACE ------
EIP:
/lib/x86_64-linux-gnu/libc.so.6(+0x8ad3c)[0x7fc65d5d8d3c]

Backtrace:
/lib/x86_64-linux-gnu/libc.so.6(+0x3bfd0)[0x7fc65d589fd0]
/lib/x86_64-linux-gnu/libc.so.6(+0x8ad3c)[0x7fc65d5d8d3c]
/lib/x86_64-linux-gnu/libc.so.6(gsignal+0x12)[0x7fc65d589f32]
/lib/x86_64-linux-gnu/libc.so.6(abort+0xd3)[0x7fc65d574472]
/lib/x86_64-linux-gnu/libc.so.6(+0x26395)[0x7fc65d574395]
/lib/x86_64-linux-gnu/libc.so.6(+0x34e32)[0x7fc65d582e32]
/home/snagendra/Fuzzing/redisraft-fuzzing/redisraft.so(+0x3caea)[0x7fc65d4fdaea]
/home/snagendra/Fuzzing/redisraft-fuzzing/redisraft.so(callRaftPeriodic+0x478)[0x7fc65d4ee088]
/home/snagendra/Fuzzing/redis/src/redis-server 0.0.0.0:5092(moduleTimerHandler+0x21c)[0x559fcc82e98c]
/home/snagendra/Fuzzing/redis/src/redis-server 0.0.0.0:5092(+0x81705)[0x559fcc738705]
/home/snagendra/Fuzzing/redis/src/redis-server 0.0.0.0:5092(aeMain+0x1c8)[0x559fcc742cb8]
/home/snagendra/Fuzzing/redis/src/redis-server 0.0.0.0:5092(main+0x3cd)[0x559fcc737e2d]
/lib/x86_64-linux-gnu/libc.so.6(+0x271ca)[0x7fc65d5751ca]
/lib/x86_64-linux-gnu/libc.so.6(__libc_start_main+0x85)[0x7fc65d575285]
/home/snagendra/Fuzzing/redis/src/redis-server 0.0.0.0:5092(_start+0x2a)[0x559fcc7385aa]

------ REGISTERS ------
512643:M 03 Jan 2024 05:23:03.136 # 
RAX:0000000000000000 RBX:000000000007d283
RCX:00007fc65d5d8d3c RDX:0000000000000006
RDI:000000000007d283 RSI:000000000007d283
RBP:00007fc65d54a1c0 RSP:00007fff0e662c40
R8 :0000000000000007 R9 :0000559fcd37a820
R10:0000000000000008 R11:0000000000000246
R12:0000000000000006 R13:00000000000006a6
R14:00007fc65d52a05c R15:0000559fcc82d2b0
RIP:00007fc65d5d8d3c EFL:0000000000000246
CSGSFS:002b000000000033
512643:M 03 Jan 2024 05:23:03.136 # (00007fff0e662c4f) -> 0000559fcd37a8d0
512643:M 03 Jan 2024 05:23:03.136 # (00007fff0e662c4e) -> 00007fc65d720c60
512643:M 03 Jan 2024 05:23:03.136 # (00007fff0e662c4d) -> 00000000000002b1
512643:M 03 Jan 2024 05:23:03.136 # (00007fff0e662c4c) -> 0000559fcd37a820
512643:M 03 Jan 2024 05:23:03.136 # (00007fff0e662c4b) -> 00000000000006a6
512643:M 03 Jan 2024 05:23:03.136 # (00007fff0e662c4a) -> 0000000000000020
512643:M 03 Jan 2024 05:23:03.136 # (00007fff0e662c49) -> 00007fc65d574472
512643:M 03 Jan 2024 05:23:03.136 # (00007fff0e662c48) -> 00007fc65d721e70
512643:M 03 Jan 2024 05:23:03.136 # (00007fff0e662c47) -> 00007fc65d589f32
512643:M 03 Jan 2024 05:23:03.136 # (00007fff0e662c46) -> 00007fc65d52a05c
512643:M 03 Jan 2024 05:23:03.136 # (00007fff0e662c45) -> 00000000000006a6
512643:M 03 Jan 2024 05:23:03.136 # (00007fff0e662c44) -> 00007fc65d529720
512643:M 03 Jan 2024 05:23:03.136 # (00007fff0e662c43) -> 00007fc65d54a1c0
512643:M 03 Jan 2024 05:23:03.136 # (00007fff0e662c42) -> 0000000000000006
512643:M 03 Jan 2024 05:23:03.136 # (00007fff0e662c41) -> dee62782cd311e00
512643:M 03 Jan 2024 05:23:03.136 # (00007fff0e662c40) -> 0000559fcc82d2b0

------ INFO OUTPUT ------
# Server
redis_version:255.255.255
redis_git_sha1:e04ebdb8
redis_git_dirty:1
redis_build_id:1f78dcc7b4fbdd25
redis_mode:standalone
os:Linux 6.1.60.1.amd64-smp x86_64
arch_bits:64
monotonic_clock:POSIX clock_gettime
multiplexing_api:epoll
atomicvar_api:c11-builtin
gcc_version:10.2.1
process_id:512643
process_supervised:no
run_id:420e43e8e93391c3688f0deb8373ce3953e816dd
tcp_port:5092
server_time_usec:1704255783135165
uptime_in_seconds:0
uptime_in_days:0
hz:10
configured_hz:10
lru_clock:9756967
executable:/home/snagendra/Fuzzing/redis/src/redis-server
config_file:
io_threads_active:0
listener0:name=tcp,bind=0.0.0.0,port=5092

# Clients
connected_clients:1
cluster_connections:0
maxclients:10000
client_recent_max_input_buffer:0
client_recent_max_output_buffer:0
blocked_clients:0
tracking_clients:0
clients_in_timeout_table:0
total_blocking_keys:0
total_blocking_keys_on_nokey:0

# Memory
used_memory:1816896
used_memory_human:1.73M
used_memory_rss:17932288
used_memory_rss_human:17.10M
used_memory_peak:1816896
used_memory_peak_human:1.73M
used_memory_peak_perc:100.39%
used_memory_overhead:1746728
used_memory_startup:1746544
used_memory_dataset:70168
used_memory_dataset_perc:99.74%
allocator_allocated:2192488
allocator_active:2719744
allocator_resident:10878976
total_system_memory:270388695040
total_system_memory_human:251.82G
used_memory_lua:31744
used_memory_vm_eval:31744
used_memory_lua_human:31.00K
used_memory_scripts_eval:0
number_of_cached_scripts:0
number_of_functions:0
number_of_libraries:0
used_memory_vm_functions:32768
used_memory_vm_total:64512
used_memory_vm_total_human:63.00K
used_memory_functions:184
used_memory_scripts:184
used_memory_scripts_human:184B
maxmemory:0
maxmemory_human:0B
maxmemory_policy:noeviction
allocator_frag_ratio:1.24
allocator_frag_bytes:527256
allocator_rss_ratio:4.00
allocator_rss_bytes:8159232
rss_overhead_ratio:1.65
rss_overhead_bytes:7053312
mem_fragmentation_ratio:10.27
mem_fragmentation_bytes:16185600
mem_not_counted_for_evict:0
mem_replication_backlog:0
mem_total_replication_buffers:0
mem_clients_slaves:0
mem_clients_normal:0
mem_cluster_links:0
mem_aof_buffer:0
mem_allocator:jemalloc-5.3.0
active_defrag_running:0
lazyfree_pending_objects:0
lazyfreed_objects:0

# Persistence
loading:0
async_loading:0
current_cow_peak:0
current_cow_size:0
current_cow_size_age:0
current_fork_perc:0.00
current_save_keys_processed:0
current_save_keys_total:0
rdb_changes_since_last_save:0
rdb_bgsave_in_progress:0
rdb_last_save_time:1704255783
rdb_last_bgsave_status:ok
rdb_last_bgsave_time_sec:-1
rdb_current_bgsave_time_sec:-1
rdb_saves:0
rdb_last_cow_size:0
rdb_last_load_keys_expired:0
rdb_last_load_keys_loaded:0
aof_enabled:0
aof_rewrite_in_progress:0
aof_rewrite_scheduled:0
aof_last_rewrite_time_sec:-1
aof_current_rewrite_time_sec:-1
aof_last_bgrewrite_status:ok
aof_rewrites:0
aof_rewrites_consecutive_failures:0
aof_last_write_status:ok
aof_last_cow_size:0
module_fork_in_progress:0
module_fork_last_cow_size:0

# Stats
total_connections_received:1
total_commands_processed:7
instantaneous_ops_per_sec:23
total_net_input_bytes:33
total_net_output_bytes:5
total_net_repl_input_bytes:0
total_net_repl_output_bytes:0
instantaneous_input_kbps:0.00
instantaneous_output_kbps:0.00
instantaneous_input_repl_kbps:0.00
instantaneous_output_repl_kbps:0.00
rejected_connections:0
sync_full:0
sync_partial_ok:0
sync_partial_err:0
expired_keys:0
expired_stale_perc:0.00
expired_time_cap_reached_count:0
expire_cycle_cpu_milliseconds:0
evicted_keys:0
evicted_clients:0
total_eviction_exceeded_time:0
current_eviction_exceeded_time:0
keyspace_hits:0
keyspace_misses:0
pubsub_channels:0
pubsub_patterns:0
pubsubshard_channels:0
latest_fork_usec:0
total_forks:0
migrate_cached_sockets:0
slave_expires_tracked_keys:0
active_defrag_hits:0
active_defrag_misses:0
active_defrag_key_hits:0
active_defrag_key_misses:0
total_active_defrag_time:0
current_active_defrag_time:0
tracking_total_keys:0
tracking_total_items:0
tracking_total_prefixes:0
unexpected_error_replies:0
total_error_replies:0
dump_payload_sanitizations:0
total_reads_processed:1
total_writes_processed:1
io_threaded_reads_processed:0
io_threaded_writes_processed:0
reply_buffer_shrinks:0
reply_buffer_expands:0
acl_access_denied_auth:0
acl_access_denied_cmd:0
acl_access_denied_key:0
acl_access_denied_channel:0

# Replication
role:master
connected_slaves:0
master_failover_state:no-failover
master_replid:2f86b4a6eab26ab819729798f3b626142108424f
master_replid2:0000000000000000000000000000000000000000
master_repl_offset:0
second_repl_offset:-1
repl_backlog_active:0
repl_backlog_size:1048576
repl_backlog_first_byte_offset:0
repl_backlog_histlen:0

# CPU
used_cpu_sys:0.008859
used_cpu_user:0.008859
used_cpu_sys_children:0.000000
used_cpu_user_children:0.000000
used_cpu_sys_main_thread:0.008694
used_cpu_user_main_thread:0.008694

# Modules
module:name=raft,ver=1,api=1,filters=1,usedby=[],using=[],options=[]

# Commandstats
cmdstat_config|get:calls=3,usec=5,usec_per_call=1.67,rejected_calls=0,failed_calls=0
cmdstat_config|set:calls=1,usec=11,usec_per_call=11.00,rejected_calls=0,failed_calls=0
cmdstat_command:calls=2,usec=1454,usec_per_call=727.00,rejected_calls=0,failed_calls=0
cmdstat_auth:calls=1,usec=2,usec_per_call=2.00,rejected_calls=0,failed_calls=0

# Errorstats

# Latencystats
latency_percentiles_usec_config|get:p50=2.007,p99=2.007,p99.9=2.007
latency_percentiles_usec_config|set:p50=11.007,p99=11.007,p99.9=11.007
latency_percentiles_usec_command:p50=700.415,p99=757.759,p99.9=757.759
latency_percentiles_usec_auth:p50=2.007,p99=2.007,p99.9=2.007

# Cluster
cluster_enabled:0

# Keyspace

------ CLIENT LIST OUTPUT ------
id=8 addr=127.0.0.1:47282 laddr=127.0.0.1:5092 fd=11 name= age=0 idle=0 flags=N db=0 sub=0 psub=0 ssub=0 multi=-1 qbuf=0 qbuf-free=20474 argv-mem=0 multi-mem=0 rbs=16384 rbp=16384 obl=0 oll=0 omem=0 tot-mem=37760 events=r cmd=auth user=default redir=-1 resp=2 lib-name= lib-ver=

------ MODULES INFO OUTPUT ------
# raft_version
raft_version:255.255.255
raft_git_sha1:b779b199

# raft_general
raft_dbid:5146a98992643268dfec14db14373de5
raft_node_id:2
raft_state:up
raft_role:follower
raft_is_voting:no
raft_voted_for:-1
raft_leader_id:-1
raft_current_term:0
raft_num_nodes:1
raft_num_voting_nodes:0

# raft_log
raft_log_entries:0
raft_current_index:0
raft_commit_index:0
raft_last_applied_index:0
raft_file_size:101
raft_cache_memory_size:0
raft_cache_entries:0
raft_client_attached_entries:0
raft_fsync_count:0
raft_fsync_max_microseconds:0
raft_fsync_avg_microseconds:0

# raft_snapshot
raft_snapshot_filename:redis2.rdb
raft_snapshot_last_idx:0
raft_snapshot_last_term:0
raft_snapshot_size:0
raft_snapshot_time_secs:-1
raft_snapshots_created:0
raft_snapshots_received:0
raft_snapshot_in_progress:no
raft_snapshot_in_progress_last_idx:-1
raft_snapshot_in_progress_last_term:-1

# raft_clients
raft_proxy_reqs:0
raft_proxy_failed_reqs:0
raft_proxy_failed_responses:0
raft_proxy_outstanding_reqs:0

# raft_stats
raft_appendreq_received:0
raft_appendreq_with_entry_received:0
raft_snapshotreq_received:0
raft_exec_throttled:0
raft_num_sessions:0

------ CONFIG DEBUG OUTPUT ------
proto-max-bulk-len 512mb
repl-diskless-sync yes
io-threads 1
replica-read-only yes
client-query-buffer-limit 1gb
lazyfree-lazy-eviction no
lazyfree-lazy-expire no
lazyfree-lazy-user-flush no
activedefrag no
io-threads-do-reads no
slave-read-only yes
repl-diskless-load disabled
sanitize-dump-payload no
lazyfree-lazy-user-del no
list-compress-depth 0
lazyfree-lazy-server-del no

------ FAST MEMORY TEST ------
512643:M 03 Jan 2024 05:23:03.136 # Bio worker thread #0 terminated
512643:M 03 Jan 2024 05:23:03.137 # Bio worker thread #1 terminated
512643:M 03 Jan 2024 05:23:03.137 # Bio worker thread #2 terminated
*** Preparing to test memory region 559fcca0e000 (2273280 bytes)
*** Preparing to test memory region 559fcd325000 (405504 bytes)
*** Preparing to test memory region 7fc6507ff000 (8388608 bytes)
*** Preparing to test memory region 7fc651000000 (8388608 bytes)
*** Preparing to test memory region 7fc651800000 (6291456 bytes)
*** Preparing to test memory region 7fc651ffd000 (8388608 bytes)
*** Preparing to test memory region 7fc6527fe000 (8388608 bytes)
*** Preparing to test memory region 7fc652fff000 (8388608 bytes)
*** Preparing to test memory region 7fc653800000 (8388608 bytes)
*** Preparing to test memory region 7fc654000000 (135168 bytes)
*** Preparing to test memory region 7fc6582a1000 (8388608 bytes)
*** Preparing to test memory region 7fc658aa2000 (8388608 bytes)
*** Preparing to test memory region 7fc6592a3000 (8388608 bytes)
*** Preparing to test memory region 7fc659aa4000 (8388608 bytes)
*** Preparing to test memory region 7fc65a2a5000 (8388608 bytes)
*** Preparing to test memory region 7fc65aaa6000 (8388608 bytes)
*** Preparing to test memory region 7fc65b2a6000 (2621440 bytes)
*** Preparing to test memory region 7fc65ba7f000 (12288 bytes)
*** Preparing to test memory region 7fc65baa1000 (8192 bytes)
*** Preparing to test memory region 7fc65bffe000 (8192 bytes)
*** Preparing to test memory region 7fc65c218000 (16384 bytes)
*** Preparing to test memory region 7fc65cc00000 (8388608 bytes)
*** Preparing to test memory region 7fc65d499000 (4096 bytes)
*** Preparing to test memory region 7fc65d4be000 (12288 bytes)
*** Preparing to test memory region 7fc65d543000 (45056 bytes)
*** Preparing to test memory region 7fc65d722000 (53248 bytes)
*** Preparing to test memory region 7fc65d83f000 (8192 bytes)
.512789:C 03 Jan 2024 05:23:03.332 # WARNING Memory overcommit must be enabled! Without it, a background save or replication may fail under low memory condition. Being disabled, it can also cause failures without low memory condition, see https://github.com/jemalloc/jemalloc/issues/1328. To fix this issue add 'vm.overcommit_memory = 1' to /etc/sysctl.conf and then reboot or run the command 'sysctl vm.overcommit_memory=1' for this to take effect.
512789:C 03 Jan 2024 05:23:03.332 * oO0OoO0OoO0Oo Redis is starting oO0OoO0OoO0Oo
512789:C 03 Jan 2024 05:23:03.332 * Redis version=255.255.255, bits=64, commit=e04ebdb8, modified=1, pid=512789, just started
512789:C 03 Jan 2024 05:23:03.332 * Configuration loaded
512789:M 03 Jan 2024 05:23:03.332 * monotonic clock: POSIX clock_gettime
512789:M 03 Jan 2024 05:23:03.333 * Running mode=standalone, port=5092.
512789:M 03 Jan 2024 05:23:03.339 * <raft> RedisRaft version 255.255.255 [b779b199]
512789:M 03 Jan 2024 05:23:03.344 * <raft> Initializing test network
512789:M 03 Jan 2024 05:23:03.345 * <raft> Created test network client
512789:M 03 Jan 2024 05:23:03.346 * <raft> Raft module loaded, state is 'loading'
512789:M 03 Jan 2024 05:23:03.346 * Module 'raft' loaded from /home/snagendra/Fuzzing/redisraft-fuzzing/redisraft.so
512789:M 03 Jan 2024 05:23:03.347 * Server initialized
512789:M 03 Jan 2024 05:23:03.347 . The AOF directory appendonlydir doesn't exist
512789:M 03 Jan 2024 05:23:03.347 * Ready to accept connections tcp
512789:M 03 Jan 2024 05:23:03.347 . 0 clients connected (0 replicas), 1746688 bytes in use
512789:M 03 Jan 2024 05:23:03.391 - Accepted 127.0.0.1:47300
512789:M 03 Jan 2024 05:23:03.391 # Missing implement of connection type tls
512789:M 03 Jan 2024 05:23:03.443 - Client closed connection id=8 addr=127.0.0.1:47300 laddr=127.0.0.1:5092 fd=11 name= age=0 idle=0 flags=N db=0 sub=0 psub=0 ssub=0 multi=-1 qbuf=0 qbuf-free=20474 argv-mem=0 multi-mem=0 rbs=16384 rbp=16384 obl=0 oll=0 omem=0 tot-mem=37760 events=r cmd=auth user=default redir=-1 resp=2 lib-name= lib-ver=
512789:M 03 Jan 2024 05:23:03.447 * <raft> Loading: Redis loading complete, snapshot NOT LOADED
512789:M 03 Jan 2024 05:23:03.447 * <raft> Cluster Membership: term:0 index:0 nodes: id=2,voting=0,active=1,addr=-
512789:M 03 Jan 2024 05:23:03.447 * <raft> Test network starting message polling thread


=== REDIS BUG REPORT START: Cut & paste starting from here ===
512789:M 03 Jan 2024 05:23:03.447 # Redis 255.255.255 crashed by signal: 6, si_code: -6
512789:M 03 Jan 2024 05:23:03.447 # Crashed running the instruction at: 0x7fde33603d3c

------ STACK TRACE ------
EIP:
/lib/x86_64-linux-gnu/libc.so.6(+0x8ad3c)[0x7fde33603d3c]

Backtrace:
/lib/x86_64-linux-gnu/libc.so.6(+0x3bfd0)[0x7fde335b4fd0]
/lib/x86_64-linux-gnu/libc.so.6(+0x8ad3c)[0x7fde33603d3c]
/lib/x86_64-linux-gnu/libc.so.6(gsignal+0x12)[0x7fde335b4f32]
/lib/x86_64-linux-gnu/libc.so.6(abort+0xd3)[0x7fde3359f472]
/lib/x86_64-linux-gnu/libc.so.6(+0x26395)[0x7fde3359f395]
/lib/x86_64-linux-gnu/libc.so.6(+0x34e32)[0x7fde335ade32]
/home/snagendra/Fuzzing/redisraft-fuzzing/redisraft.so(+0x3caea)[0x7fde33528aea]
/home/snagendra/Fuzzing/redisraft-fuzzing/redisraft.so(callRaftPeriodic+0x478)[0x7fde33519088]
/home/snagendra/Fuzzing/redis/src/redis-server 0.0.0.0:5092(moduleTimerHandler+0x21c)[0x555c3a40898c]
/home/snagendra/Fuzzing/redis/src/redis-server 0.0.0.0:5092(+0x81705)[0x555c3a312705]
/home/snagendra/Fuzzing/redis/src/redis-server 0.0.0.0:5092(aeMain+0x1c8)[0x555c3a31ccb8]
/home/snagendra/Fuzzing/redis/src/redis-server 0.0.0.0:5092(main+0x3cd)[0x555c3a311e2d]
/lib/x86_64-linux-gnu/libc.so.6(+0x271ca)[0x7fde335a01ca]
/lib/x86_64-linux-gnu/libc.so.6(__libc_start_main+0x85)[0x7fde335a0285]
/home/snagendra/Fuzzing/redis/src/redis-server 0.0.0.0:5092(_start+0x2a)[0x555c3a3125aa]

------ REGISTERS ------
512789:M 03 Jan 2024 05:23:03.448 # 
RAX:0000000000000000 RBX:000000000007d315
RCX:00007fde33603d3c RDX:0000000000000006
RDI:000000000007d315 RSI:000000000007d315
RBP:00007fde335751c0 RSP:00007ffe01bef900
R8 :0000000000000007 R9 :0000555c3b793820
R10:0000000000000008 R11:0000000000000246
R12:0000000000000006 R13:00000000000006a6
R14:00007fde3355505c R15:0000555c3a4072b0
RIP:00007fde33603d3c EFL:0000000000000246
CSGSFS:002b000000000033
512789:M 03 Jan 2024 05:23:03.448 # (00007ffe01bef90f) -> 0000555c3b7938d0
512789:M 03 Jan 2024 05:23:03.448 # (00007ffe01bef90e) -> 00007fde3374bc60
512789:M 03 Jan 2024 05:23:03.448 # (00007ffe01bef90d) -> 00000000000002b1
512789:M 03 Jan 2024 05:23:03.448 # (00007ffe01bef90c) -> 0000555c3b793820
512789:M 03 Jan 2024 05:23:03.448 # (00007ffe01bef90b) -> 00000000000006a6
512789:M 03 Jan 2024 05:23:03.448 # (00007ffe01bef90a) -> 0000000000000020
512789:M 03 Jan 2024 05:23:03.448 # (00007ffe01bef909) -> 00007fde3359f472
512789:M 03 Jan 2024 05:23:03.448 # (00007ffe01bef908) -> 00007fde3374ce70
512789:M 03 Jan 2024 05:23:03.448 # (00007ffe01bef907) -> 00007fde335b4f32
512789:M 03 Jan 2024 05:23:03.448 # (00007ffe01bef906) -> 00007fde3355505c
512789:M 03 Jan 2024 05:23:03.448 # (00007ffe01bef905) -> 00000000000006a6
512789:M 03 Jan 2024 05:23:03.448 # (00007ffe01bef904) -> 00007fde33554720
512789:M 03 Jan 2024 05:23:03.448 # (00007ffe01bef903) -> 00007fde335751c0
512789:M 03 Jan 2024 05:23:03.448 # (00007ffe01bef902) -> 0000000000000006
512789:M 03 Jan 2024 05:23:03.448 # (00007ffe01bef901) -> 67a9a55a119ad200
512789:M 03 Jan 2024 05:23:03.448 # (00007ffe01bef900) -> 0000555c3a4072b0

------ INFO OUTPUT ------
# Server
redis_version:255.255.255
redis_git_sha1:e04ebdb8
redis_git_dirty:1
redis_build_id:1f78dcc7b4fbdd25
redis_mode:standalone
os:Linux 6.1.60.1.amd64-smp x86_64
arch_bits:64
monotonic_clock:POSIX clock_gettime
multiplexing_api:epoll
atomicvar_api:c11-builtin
gcc_version:10.2.1
process_id:512789
process_supervised:no
run_id:29e133f89f7b47420ea977b1fc7df8d61da3a95c
tcp_port:5092
server_time_usec:1704255783447046
uptime_in_seconds:0
uptime_in_days:0
hz:10
configured_hz:10
lru_clock:9756967
executable:/home/snagendra/Fuzzing/redis/src/redis-server
config_file:
io_threads_active:0
listener0:name=tcp,bind=0.0.0.0,port=5092

# Clients
connected_clients:0
cluster_connections:0
maxclients:10000
client_recent_max_input_buffer:0
client_recent_max_output_buffer:0
blocked_clients:0
tracking_clients:0
clients_in_timeout_table:0
total_blocking_keys:0
total_blocking_keys_on_nokey:0

# Memory
used_memory:1778624
used_memory_human:1.70M
used_memory_rss:17981440
used_memory_rss_human:17.15M
used_memory_peak:1809784
used_memory_peak_human:1.73M
used_memory_peak_perc:98.28%
used_memory_overhead:1746728
used_memory_startup:1746544
used_memory_dataset:31896
used_memory_dataset_perc:99.43%
allocator_allocated:2226016
allocator_active:2756608
allocator_resident:10948608
total_system_memory:270388695040
total_system_memory_human:251.82G
used_memory_lua:31744
used_memory_vm_eval:31744
used_memory_lua_human:31.00K
used_memory_scripts_eval:0
number_of_cached_scripts:0
number_of_functions:0
number_of_libraries:0
used_memory_vm_functions:32768
used_memory_vm_total:64512
used_memory_vm_total_human:63.00K
used_memory_functions:184
used_memory_scripts:184
used_memory_scripts_human:184B
maxmemory:0
maxmemory_human:0B
maxmemory_policy:noeviction
allocator_frag_ratio:1.24
allocator_frag_bytes:530592
allocator_rss_ratio:3.97
allocator_rss_bytes:8192000
rss_overhead_ratio:1.64
rss_overhead_bytes:7032832
mem_fragmentation_ratio:10.29
mem_fragmentation_bytes:16234752
mem_not_counted_for_evict:0
mem_replication_backlog:0
mem_total_replication_buffers:0
mem_clients_slaves:0
mem_clients_normal:0
mem_cluster_links:0
mem_aof_buffer:0
mem_allocator:jemalloc-5.3.0
active_defrag_running:0
lazyfree_pending_objects:0
lazyfreed_objects:0

# Persistence
loading:0
async_loading:0
current_cow_peak:0
current_cow_size:0
current_cow_size_age:0
current_fork_perc:0.00
current_save_keys_processed:0
current_save_keys_total:0
rdb_changes_since_last_save:0
rdb_bgsave_in_progress:0
rdb_last_save_time:1704255783
rdb_last_bgsave_status:ok
rdb_last_bgsave_time_sec:-1
rdb_current_bgsave_time_sec:-1
rdb_saves:0
rdb_last_cow_size:0
rdb_last_load_keys_expired:0
rdb_last_load_keys_loaded:0
aof_enabled:0
aof_rewrite_in_progress:0
aof_rewrite_scheduled:0
aof_last_rewrite_time_sec:-1
aof_current_rewrite_time_sec:-1
aof_last_bgrewrite_status:ok
aof_rewrites:0
aof_rewrites_consecutive_failures:0
aof_last_write_status:ok
aof_last_cow_size:0
module_fork_in_progress:0
module_fork_last_cow_size:0

# Stats
total_connections_received:1
total_commands_processed:7
instantaneous_ops_per_sec:25
total_net_input_bytes:33
total_net_output_bytes:5
total_net_repl_input_bytes:0
total_net_repl_output_bytes:0
instantaneous_input_kbps:0.00
instantaneous_output_kbps:0.00
instantaneous_input_repl_kbps:0.00
instantaneous_output_repl_kbps:0.00
rejected_connections:0
sync_full:0
sync_partial_ok:0
sync_partial_err:0
expired_keys:0
expired_stale_perc:0.00
expired_time_cap_reached_count:0
expire_cycle_cpu_milliseconds:0
evicted_keys:0
evicted_clients:0
total_eviction_exceeded_time:0
current_eviction_exceeded_time:0
keyspace_hits:0
keyspace_misses:0
pubsub_channels:0
pubsub_patterns:0
pubsubshard_channels:0
latest_fork_usec:0
total_forks:0
migrate_cached_sockets:0
slave_expires_tracked_keys:0
active_defrag_hits:0
active_defrag_misses:0
active_defrag_key_hits:0
active_defrag_key_misses:0
total_active_defrag_time:0
current_active_defrag_time:0
tracking_total_keys:0
tracking_total_items:0
tracking_total_prefixes:0
unexpected_error_replies:0
total_error_replies:0
dump_payload_sanitizations:0
total_reads_processed:2
total_writes_processed:1
io_threaded_reads_processed:0
io_threaded_writes_processed:0
reply_buffer_shrinks:0
reply_buffer_expands:0
acl_access_denied_auth:0
acl_access_denied_cmd:0
acl_access_denied_key:0
acl_access_denied_channel:0

# Replication
role:master
connected_slaves:0
master_failover_state:no-failover
master_replid:8de3be889b677d211f5b34991debde0f87ec9e7e
master_replid2:0000000000000000000000000000000000000000
master_repl_offset:0
second_repl_offset:-1
repl_backlog_active:0
repl_backlog_size:1048576
repl_backlog_first_byte_offset:0
repl_backlog_histlen:0

# CPU
used_cpu_sys:0.006120
used_cpu_user:0.012240
used_cpu_sys_children:0.000000
used_cpu_user_children:0.000000
used_cpu_sys_main_thread:0.005996
used_cpu_user_main_thread:0.011993

# Modules
module:name=raft,ver=1,api=1,filters=1,usedby=[],using=[],options=[]

# Commandstats
cmdstat_auth:calls=1,usec=1,usec_per_call=1.00,rejected_calls=0,failed_calls=0
cmdstat_config|get:calls=3,usec=5,usec_per_call=1.67,rejected_calls=0,failed_calls=0
cmdstat_config|set:calls=1,usec=11,usec_per_call=11.00,rejected_calls=0,failed_calls=0
cmdstat_command:calls=2,usec=1629,usec_per_call=814.50,rejected_calls=0,failed_calls=0

# Errorstats

# Latencystats
latency_percentiles_usec_auth:p50=1.003,p99=1.003,p99.9=1.003
latency_percentiles_usec_config|get:p50=2.007,p99=2.007,p99.9=2.007
latency_percentiles_usec_config|set:p50=11.007,p99=11.007,p99.9=11.007
latency_percentiles_usec_command:p50=798.719,p99=835.583,p99.9=835.583

# Cluster
cluster_enabled:0

# Keyspace

------ CLIENT LIST OUTPUT ------

------ MODULES INFO OUTPUT ------
# raft_version
raft_version:255.255.255
raft_git_sha1:b779b199

# raft_general
raft_dbid:5146a98992643268dfec14db14373de5
raft_node_id:2
raft_state:up
raft_role:follower
raft_is_voting:no
raft_voted_for:-1
raft_leader_id:-1
raft_current_term:0
raft_num_nodes:1
raft_num_voting_nodes:0

# raft_log
raft_log_entries:0
raft_current_index:0
raft_commit_index:0
raft_last_applied_index:0
raft_file_size:101
raft_cache_memory_size:0
raft_cache_entries:0
raft_client_attached_entries:0
raft_fsync_count:0
raft_fsync_max_microseconds:0
raft_fsync_avg_microseconds:0

# raft_snapshot
raft_snapshot_filename:redis2.rdb
raft_snapshot_last_idx:0
raft_snapshot_last_term:0
raft_snapshot_size:0
raft_snapshot_time_secs:-1
raft_snapshots_created:0
raft_snapshots_received:0
raft_snapshot_in_progress:no
raft_snapshot_in_progress_last_idx:-1
raft_snapshot_in_progress_last_term:-1

# raft_clients
raft_proxy_reqs:0
raft_proxy_failed_reqs:0
raft_proxy_failed_responses:0
raft_proxy_outstanding_reqs:0

# raft_stats
raft_appendreq_received:0
raft_appendreq_with_entry_received:0
raft_snapshotreq_received:0
raft_exec_throttled:0
raft_num_sessions:0

------ CONFIG DEBUG OUTPUT ------
io-threads-do-reads no
sanitize-dump-payload no
lazyfree-lazy-expire no
lazyfree-lazy-user-del no
repl-diskless-load disabled
list-compress-depth 0
repl-diskless-sync yes
slave-read-only yes
replica-read-only yes
proto-max-bulk-len 512mb
io-threads 1
lazyfree-lazy-server-del no
lazyfree-lazy-user-flush no
activedefrag no
lazyfree-lazy-eviction no
client-query-buffer-limit 1gb

------ FAST MEMORY TEST ------
512789:M 03 Jan 2024 05:23:03.448 # Bio worker thread #0 terminated
512789:M 03 Jan 2024 05:23:03.448 # Bio worker thread #1 terminated
512789:M 03 Jan 2024 05:23:03.448 # Bio worker thread #2 terminated
*** Preparing to test memory region 555c3a5e8000 (2273280 bytes)
*** Preparing to test memory region 555c3b73e000 (405504 bytes)
*** Preparing to test memory region 7fde267ff000 (8388608 bytes)
*** Preparing to test memory region 7fde27000000 (8388608 bytes)
*** Preparing to test memory region 7fde27800000 (6291456 bytes)
*** Preparing to test memory region 7fde27ff9000 (8388608 bytes)
*** Preparing to test memory region 7fde287fa000 (8388608 bytes)
*** Preparing to test memory region 7fde28ffb000 (8388608 bytes)
*** Preparing to test memory region 7fde297fc000 (8388608 bytes)
*** Preparing to test memory region 7fde29ffd000 (8388608 bytes)
*** Preparing to test memory region 7fde2a7fe000 (8388608 bytes)
*** Preparing to test memory region 7fde2afff000 (8388608 bytes)
*** Preparing to test memory region 7fde2b800000 (8388608 bytes)
*** Preparing to test memory region 7fde2c000000 (135168 bytes)
*** Preparing to test memory region 7fde302e0000 (8388608 bytes)
*** Preparing to test memory region 7fde30ae1000 (8388608 bytes)
*** Preparing to test memory region 7fde312e1000 (2621440 bytes)
*** Preparing to test memory region 7fde31570000 (8192 bytes)
*** Preparing to test memory region 7fde31c7f000 (12288 bytes)
*** Preparing to test memory region 7fde32218000 (16384 bytes)
*** Preparing to test memory region 7fde3229e000 (8192 bytes)
*** Preparing to test memory region 7fde32c00000 (8388608 bytes)
*** Preparing to test memory region 7fde33419000 (4096 bytes)
*** Preparing to test memory region 7fde334e9000 (12288 bytes)
*** Preparing to test memory region 7fde3356e000 (45056 bytes)
*** Preparing to test memory region 7fde3374d000 (53248 bytes)
*** Preparing to test memory region 7fde3386a000 (8192 bytes)
.
----- Stderr -----
redis-server: /home/snagendra/Fuzzing/redisraft-fuzzing/deps/raft/src/raft_server.c:1702: raft_get_first_entry_idx: Assertion `0 < raft_get_current_idx(me)' failed.
redis-server: /home/snagendra/Fuzzing/redisraft-fuzzing/deps/raft/src/raft_server.c:1702: raft_get_first_entry_idx: Assertion `0 < raft_get_current_idx(me)' failed.
redis-server: /home/snagendra/Fuzzing/redisraft-fuzzing/deps/raft/src/raft_server.c:1702: raft_get_first_entry_idx: Assertion `0 < raft_get_current_idx(me)' failed.




logs for node: 3

----- Stdout -----
511433:C 03 Jan 2024 05:23:00.110 # WARNING Memory overcommit must be enabled! Without it, a background save or replication may fail under low memory condition. Being disabled, it can also cause failures without low memory condition, see https://github.com/jemalloc/jemalloc/issues/1328. To fix this issue add 'vm.overcommit_memory = 1' to /etc/sysctl.conf and then reboot or run the command 'sysctl vm.overcommit_memory=1' for this to take effect.
511433:C 03 Jan 2024 05:23:00.110 * oO0OoO0OoO0Oo Redis is starting oO0OoO0OoO0Oo
511433:C 03 Jan 2024 05:23:00.110 * Redis version=255.255.255, bits=64, commit=e04ebdb8, modified=1, pid=511433, just started
511433:C 03 Jan 2024 05:23:00.110 * Configuration loaded
511433:M 03 Jan 2024 05:23:00.110 * monotonic clock: POSIX clock_gettime
511433:M 03 Jan 2024 05:23:00.111 * Running mode=standalone, port=5093.
511433:M 03 Jan 2024 05:23:00.117 * <raft> RedisRaft version 255.255.255 [b779b199]
511433:M 03 Jan 2024 05:23:00.122 * <raft> Initializing test network
511433:M 03 Jan 2024 05:23:00.123 * <raft> Created test network client
511433:M 03 Jan 2024 05:23:00.124 * <raft> Raft module loaded, state is 'uninitialized'
511433:M 03 Jan 2024 05:23:00.124 * Module 'raft' loaded from /home/snagendra/Fuzzing/redisraft-fuzzing/redisraft.so
511433:M 03 Jan 2024 05:23:00.124 * Server initialized
511433:M 03 Jan 2024 05:23:00.125 . The AOF directory appendonlydir doesn't exist
511433:M 03 Jan 2024 05:23:00.125 * Ready to accept connections tcp
511433:M 03 Jan 2024 05:23:00.125 . 0 clients connected (0 replicas), 1726160 bytes in use
511433:M 03 Jan 2024 05:23:00.144 - Accepted 127.0.0.1:41688
511433:M 03 Jan 2024 05:23:00.144 # Missing implement of connection type tls
511433:M 03 Jan 2024 05:23:00.224 - <raft> join cluster, connecting to localhost:5091
511433:M 03 Jan 2024 05:23:00.226 * <raft> Joined Raft cluster, node id: 3, dbid: 5146a98992643268dfec14db14373de5
511433:M 03 Jan 2024 05:23:00.232 * <raft> Cluster Membership: term:0 index:0 nodes: id=3,voting=0,active=1,addr=-
511433:M 03 Jan 2024 05:23:00.232 * <raft> Test network starting message polling thread
511433:M 03 Jan 2024 05:23:00.591 * <raft> Cluster Membership: term:1 index:2 nodes: id=3,voting=0,active=1,addr=- id=1,voting=1,active=1,addr=localhost:5091
511433:M 03 Jan 2024 05:23:00.591 * <raft> Cluster Membership: term:1 index:3 nodes: id=3,voting=0,active=1,addr=- id=1,voting=1,active=1,addr=localhost:5091 id=2,voting=0,active=1,addr=localhost:5092
511433:M 03 Jan 2024 05:23:00.827 * <raft> State change: Election starting, node is now a pre-candidate, term 1
511433:M 03 Jan 2024 05:23:00.827 * <raft> Cluster Membership: term:1 index:4 nodes: id=3,voting=0,active=1,addr=- id=1,voting=1,active=1,addr=localhost:5091 id=2,voting=0,active=1,addr=localhost:5092
511433:signal-handler (1704255781) Received SIGINT scheduling shutdown...
511433:signal-handler (1704255781) You insist... exiting now.
512239:C 03 Jan 2024 05:23:01.882 # WARNING Memory overcommit must be enabled! Without it, a background save or replication may fail under low memory condition. Being disabled, it can also cause failures without low memory condition, see https://github.com/jemalloc/jemalloc/issues/1328. To fix this issue add 'vm.overcommit_memory = 1' to /etc/sysctl.conf and then reboot or run the command 'sysctl vm.overcommit_memory=1' for this to take effect.
512239:C 03 Jan 2024 05:23:01.882 * oO0OoO0OoO0Oo Redis is starting oO0OoO0OoO0Oo
512239:C 03 Jan 2024 05:23:01.882 * Redis version=255.255.255, bits=64, commit=e04ebdb8, modified=1, pid=512239, just started
512239:C 03 Jan 2024 05:23:01.882 * Configuration loaded
512239:M 03 Jan 2024 05:23:01.883 * monotonic clock: POSIX clock_gettime
512239:M 03 Jan 2024 05:23:01.883 * Running mode=standalone, port=5093.
512239:M 03 Jan 2024 05:23:01.890 * <raft> RedisRaft version 255.255.255 [b779b199]
512239:M 03 Jan 2024 05:23:01.894 * <raft> Initializing test network
512239:M 03 Jan 2024 05:23:01.894 * <raft> Created test network client
512239:M 03 Jan 2024 05:23:01.897 * <raft> Raft module loaded, state is 'loading'
512239:M 03 Jan 2024 05:23:01.897 * Module 'raft' loaded from /home/snagendra/Fuzzing/redisraft-fuzzing/redisraft.so
512239:M 03 Jan 2024 05:23:01.898 * Server initialized
512239:M 03 Jan 2024 05:23:01.898 . The AOF directory appendonlydir doesn't exist
512239:M 03 Jan 2024 05:23:01.898 * Ready to accept connections tcp
512239:M 03 Jan 2024 05:23:01.898 . 0 clients connected (0 replicas), 1746656 bytes in use
512239:M 03 Jan 2024 05:23:01.998 * <raft> Loading: Redis loading complete, snapshot NOT LOADED
512239:M 03 Jan 2024 05:23:01.999 * <raft> Cluster Membership: term:0 index:0 nodes: id=3,voting=0,active=1,addr=-
512239:M 03 Jan 2024 05:23:01.999 * <raft> Test network starting message polling thread
512239:M 03 Jan 2024 05:23:01.999 * <raft> Cluster Membership: term:0 index:4 nodes: id=3,voting=0,active=1,addr=- id=1,voting=1,active=1,addr=localhost:5091
512239:M 03 Jan 2024 05:23:02.000 * <raft> Cluster Membership: term:0 index:4 nodes: id=3,voting=0,active=1,addr=- id=1,voting=1,active=1,addr=localhost:5091 id=2,voting=0,active=1,addr=localhost:5092
512239:M 03 Jan 2024 05:23:02.000 * <raft> Raft state after loading log: log_count=4, first_idx=1, current_idx=4, last_applied_idx=0
512239:M 03 Jan 2024 05:23:02.000 . <raft> Raft term=1, vote=-1
512239:signal-handler (1704255782) Received SIGINT scheduling shutdown...
512239:signal-handler (1704255782) You insist... exiting now.

----- Stderr -----
libgcov profiling error:/home/snagendra/Fuzzing/redisraft-fuzzing/build/deps/raft/CMakeFiles/raft.dir/src/raft_server.c.gcda:Merge mismatch for function 12
libgcov profiling error:/home/snagendra/Fuzzing/redisraft-fuzzing/build/deps/raft/CMakeFiles/raft.dir/src/raft_server.c.gcda:Merge mismatch for function 12



