logs for node: 3

----- Stdout -----
2927703:C 03 Jan 2024 09:22:26.918 # WARNING Memory overcommit must be enabled! Without it, a background save or replication may fail under low memory condition. Being disabled, it can also cause failures without low memory condition, see https://github.com/jemalloc/jemalloc/issues/1328. To fix this issue add 'vm.overcommit_memory = 1' to /etc/sysctl.conf and then reboot or run the command 'sysctl vm.overcommit_memory=1' for this to take effect.
2927703:C 03 Jan 2024 09:22:26.918 * oO0OoO0OoO0Oo Redis is starting oO0OoO0OoO0Oo
2927703:C 03 Jan 2024 09:22:26.918 * Redis version=255.255.255, bits=64, commit=e04ebdb8, modified=1, pid=2927703, just started
2927703:C 03 Jan 2024 09:22:26.918 * Configuration loaded
2927703:M 03 Jan 2024 09:22:26.918 * monotonic clock: POSIX clock_gettime
2927703:M 03 Jan 2024 09:22:26.919 * Running mode=standalone, port=5033.
2927703:M 03 Jan 2024 09:22:26.925 * <raft> RedisRaft version 255.255.255 [b779b199]
2927703:M 03 Jan 2024 09:22:26.929 * <raft> Initializing test network
2927703:M 03 Jan 2024 09:22:26.930 * <raft> Created test network client
2927703:M 03 Jan 2024 09:22:26.931 * <raft> Raft module loaded, state is 'uninitialized'
2927703:M 03 Jan 2024 09:22:26.931 * Module 'raft' loaded from /home/snagendra/Fuzzing/redisraft-fuzzing/redisraft.so
2927703:M 03 Jan 2024 09:22:26.931 * Server initialized
2927703:M 03 Jan 2024 09:22:26.932 . The AOF directory appendonlydir doesn't exist
2927703:M 03 Jan 2024 09:22:26.932 * Ready to accept connections tcp
2927703:M 03 Jan 2024 09:22:26.932 . 0 clients connected (0 replicas), 1726160 bytes in use
2927703:M 03 Jan 2024 09:22:26.953 - Accepted 127.0.0.1:41798
2927703:M 03 Jan 2024 09:22:26.953 # Missing implement of connection type tls
2927703:M 03 Jan 2024 09:22:27.031 - <raft> join cluster, connecting to localhost:5031
2927703:M 03 Jan 2024 09:22:27.033 * <raft> Joined Raft cluster, node id: 3, dbid: 169aa4200a5c77dd482ff91a84bb4776
2927703:M 03 Jan 2024 09:22:27.039 * <raft> Cluster Membership: term:0 index:0 nodes: id=3,voting=0,active=1,addr=-
2927703:M 03 Jan 2024 09:22:27.039 * <raft> Test network starting message polling thread
2927703:M 03 Jan 2024 09:22:27.049 - Accepted 127.0.0.1:41812
2927703:M 03 Jan 2024 09:22:27.231 * <raft> Cluster Membership: term:1 index:2 nodes: id=3,voting=0,active=1,addr=- id=1,voting=1,active=1,addr=localhost:5031
2927703:M 03 Jan 2024 09:22:27.231 * <raft> Cluster Membership: term:1 index:3 nodes: id=3,voting=0,active=1,addr=- id=1,voting=1,active=1,addr=localhost:5031 id=2,voting=0,active=1,addr=localhost:5032
2927703:M 03 Jan 2024 09:22:28.245 - Client closed connection id=9 addr=127.0.0.1:41812 laddr=127.0.0.1:5033 fd=10 name= age=1 idle=1 flags=N db=0 sub=0 psub=0 ssub=0 multi=-1 qbuf=0 qbuf-free=20474 argv-mem=0 multi-mem=0 rbs=1024 rbp=0 obl=0 oll=0 omem=0 tot-mem=22400 events=r cmd=auth user=default redir=-1 resp=2 lib-name= lib-ver=
2927703:M 03 Jan 2024 09:22:28.336 * <raft> State change: Election starting, node is now a pre-candidate, term 1
2927703:M 03 Jan 2024 09:22:28.336 * <raft> Cluster Membership: term:1 index:7 nodes: id=3,voting=1,active=1,addr=- id=1,voting=1,active=1,addr=localhost:5031 id=2,voting=0,active=1,addr=localhost:5032
2927703:M 03 Jan 2024 09:22:28.428 - Accepted 127.0.0.1:41816
2927703:signal-handler (1704270148) Received SIGINT scheduling shutdown...
2927703:signal-handler (1704270148) You insist... exiting now.
2928845:C 03 Jan 2024 09:22:29.231 # WARNING Memory overcommit must be enabled! Without it, a background save or replication may fail under low memory condition. Being disabled, it can also cause failures without low memory condition, see https://github.com/jemalloc/jemalloc/issues/1328. To fix this issue add 'vm.overcommit_memory = 1' to /etc/sysctl.conf and then reboot or run the command 'sysctl vm.overcommit_memory=1' for this to take effect.
2928845:C 03 Jan 2024 09:22:29.231 * oO0OoO0OoO0Oo Redis is starting oO0OoO0OoO0Oo
2928845:C 03 Jan 2024 09:22:29.231 * Redis version=255.255.255, bits=64, commit=e04ebdb8, modified=1, pid=2928845, just started
2928845:C 03 Jan 2024 09:22:29.231 * Configuration loaded
2928845:M 03 Jan 2024 09:22:29.232 * monotonic clock: POSIX clock_gettime
2928845:M 03 Jan 2024 09:22:29.232 * Running mode=standalone, port=5033.
2928845:M 03 Jan 2024 09:22:29.240 * <raft> RedisRaft version 255.255.255 [b779b199]
2928845:M 03 Jan 2024 09:22:29.245 * <raft> Initializing test network
2928845:M 03 Jan 2024 09:22:29.245 * <raft> Created test network client
2928845:M 03 Jan 2024 09:22:29.248 * <raft> Raft module loaded, state is 'loading'
2928845:M 03 Jan 2024 09:22:29.248 * Module 'raft' loaded from /home/snagendra/Fuzzing/redisraft-fuzzing/redisraft.so
2928845:M 03 Jan 2024 09:22:29.249 * Server initialized
2928845:M 03 Jan 2024 09:22:29.249 . The AOF directory appendonlydir doesn't exist
2928845:M 03 Jan 2024 09:22:29.249 * Ready to accept connections tcp
2928845:M 03 Jan 2024 09:22:29.249 . 0 clients connected (0 replicas), 1746656 bytes in use
2928845:M 03 Jan 2024 09:22:29.332 - Accepted 127.0.0.1:41886
2928845:M 03 Jan 2024 09:22:29.332 # Missing implement of connection type tls
2928845:M 03 Jan 2024 09:22:29.349 * <raft> Loading: Redis loading complete, snapshot NOT LOADED
2928845:M 03 Jan 2024 09:22:29.349 * <raft> Cluster Membership: term:0 index:0 nodes: id=3,voting=0,active=1,addr=-
2928845:M 03 Jan 2024 09:22:29.349 * <raft> Test network starting message polling thread
2928845:M 03 Jan 2024 09:22:29.350 * <raft> Cluster Membership: term:0 index:7 nodes: id=3,voting=0,active=1,addr=- id=1,voting=1,active=1,addr=localhost:5031
2928845:M 03 Jan 2024 09:22:29.350 * <raft> Cluster Membership: term:0 index:7 nodes: id=3,voting=0,active=1,addr=- id=1,voting=1,active=1,addr=localhost:5031 id=2,voting=0,active=1,addr=localhost:5032
2928845:M 03 Jan 2024 09:22:29.350 * <raft> Raft state after loading log: log_count=7, first_idx=1, current_idx=7, last_applied_idx=0
2928845:M 03 Jan 2024 09:22:29.350 . <raft> Raft term=1, vote=-1
2928845:signal-handler (1704270149) Received SIGINT scheduling shutdown...
2928845:signal-handler (1704270149) You insist... exiting now.


=== REDIS BUG REPORT START: Cut & paste starting from here ===
2928845:M 03 Jan 2024 09:22:29.355 # Redis 255.255.255 crashed by signal: 11, si_code: 1
2928845:M 03 Jan 2024 09:22:29.355 # Accessing address: 0x18
2928845:M 03 Jan 2024 09:22:29.355 # Crashed running the instruction at: 0x7f1e6e6480b0

------ STACK TRACE ------
EIP:
/lib/x86_64-linux-gnu/libc.so.6(__pthread_rwlock_wrlock+0x0)[0x7f1e6e6480b0]

Backtrace:
/lib/x86_64-linux-gnu/libc.so.6(+0x3bfd0)[0x7f1e6e5f4fd0]
/lib/x86_64-linux-gnu/libc.so.6(__pthread_rwlock_wrlock+0x0)[0x7f1e6e6480b0]
/lib/x86_64-linux-gnu/libcrypto.so.3(CRYPTO_THREAD_write_lock+0x9)[0x7f1e6ca3df49]
/lib/x86_64-linux-gnu/libcrypto.so.3(ENGINE_get_first+0x3a)[0x7f1e6c9e408a]
/lib/x86_64-linux-gnu/libcrypto.so.3(ENGINE_register_all_complete+0x6)[0x7f1e6c9e3486]
/lib/x86_64-linux-gnu/libssh2.so.1(libssh2_init+0x39)[0x7f1e6d39d389]
/lib/x86_64-linux-gnu/libcurl-gnutls.so.4(+0x8146b)[0x7f1e6e4db46b]
/lib/x86_64-linux-gnu/libcurl-gnutls.so.4(+0x22125)[0x7f1e6e47c125]
/lib/x86_64-linux-gnu/libcurl-gnutls.so.4(curl_global_init+0x3a)[0x7f1e6e47c22a]
/home/snagendra/Fuzzing/redisraft-fuzzing/redisraft.so(redis_test_http_do+0x2c)[0x7f1e6e57886c]
/home/snagendra/Fuzzing/redisraft-fuzzing/redisraft.so(redis_test_http_post+0x26)[0x7f1e6e578a86]
/home/snagendra/Fuzzing/redisraft-fuzzing/redisraft.so(redis_test_send_message+0x9d)[0x7f1e6e577efd]
/home/snagendra/Fuzzing/redisraft-fuzzing/redisraft.so(testNetworkSendAppendEntriesResponse+0x6a)[0x7f1e6e56122a]
/home/snagendra/Fuzzing/redisraft-fuzzing/redisraft.so(handleTestNetworkMessage+0x130)[0x7f1e6e5614a0]
/home/snagendra/Fuzzing/redisraft-fuzzing/redisraft.so(poll_redis_test_messages+0x89)[0x7f1e6e5615c9]
/lib/x86_64-linux-gnu/libc.so.6(+0x89044)[0x7f1e6e642044]
/lib/x86_64-linux-gnu/libc.so.6(+0x10961c)[0x7f1e6e6c261c]

------ REGISTERS ------
2928845:M 03 Jan 2024 09:22:29.356 # 
RAX:0000000000000001 RBX:00007f1e50002160
RCX:0000000000000000 RDX:0000000000000000
RDI:0000000000000000 RSI:0000000000000000
RBP:00007f1e6cc7e638 RSP:00007f1e60ffb228
R8 :0000000000000000 R9 :0000000000000000
R10:0000000000000000 R11:0000000000000000
R12:00007f1e60ffb320 R13:00007f1e50001800
R14:0000000000000000 R15:00007f1e6c3c0800
RIP:00007f1e6e6480b0 EFL:0000000000010206
CSGSFS:002b000000000033
2928845:M 03 Jan 2024 09:22:29.356 # (00007f1e60ffb237) -> 00007f1e50002160
2928845:M 03 Jan 2024 09:22:29.356 # (00007f1e60ffb236) -> 00007f1e6e47c125
2928845:M 03 Jan 2024 09:22:29.356 # (00007f1e60ffb235) -> 00007f1e6c3c0800
2928845:M 03 Jan 2024 09:22:29.356 # (00007f1e60ffb234) -> 00007f1e6e4db46b
2928845:M 03 Jan 2024 09:22:29.356 # (00007f1e60ffb233) -> 00007f1e50001800
2928845:M 03 Jan 2024 09:22:29.356 # (00007f1e60ffb232) -> 0000000060ffb320
2928845:M 03 Jan 2024 09:22:29.356 # (00007f1e60ffb231) -> 00007f1e50002ab0
2928845:M 03 Jan 2024 09:22:29.356 # (00007f1e60ffb230) -> 00007f1e6d39d389
2928845:M 03 Jan 2024 09:22:29.356 # (00007f1e60ffb22f) -> 00007f1e50002160
2928845:M 03 Jan 2024 09:22:29.356 # (00007f1e60ffb22e) -> 00007f1e6c9e3486
2928845:M 03 Jan 2024 09:22:29.356 # (00007f1e60ffb22d) -> 00007f1e50002ab0
2928845:M 03 Jan 2024 09:22:29.356 # (00007f1e60ffb22c) -> 00007f1e50002160
2928845:M 03 Jan 2024 09:22:29.356 # (00007f1e60ffb22b) -> 00007f1e60ffb320
2928845:M 03 Jan 2024 09:22:29.356 # (00007f1e60ffb22a) -> 00007f1e6c9e408a
2928845:M 03 Jan 2024 09:22:29.356 # (00007f1e60ffb229) -> 00007f1e50002160
2928845:M 03 Jan 2024 09:22:29.356 # (00007f1e60ffb228) -> 00007f1e6ca3df49

------ INFO OUTPUT ------
# Server
redis_version:255.255.255
redis_git_sha1:e04ebdb8
redis_git_dirty:1
redis_build_id:1f78dcc7b4fbdd25
redis_mode:standalone
os:Linux 6.1.60.1.amd64-smp x86_64
arch_bits:64
monotonic_clock:POSIX clock_gettime
multiplexing_api:epoll
atomicvar_api:c11-builtin
gcc_version:10.2.1
process_id:2928845
process_supervised:no
run_id:0b140663b4c35222f850cfa775b9e3dc42d01def
tcp_port:5033
server_time_usec:1704270149350763
uptime_in_seconds:0
uptime_in_days:0
hz:10
configured_hz:10
lru_clock:9771333
executable:/home/snagendra/Fuzzing/redis/src/redis-server
config_file:
io_threads_active:0
listener0:name=tcp,bind=0.0.0.0,port=5033

# Clients
connected_clients:1
cluster_connections:0
maxclients:10000
client_recent_max_input_buffer:20480
client_recent_max_output_buffer:0
blocked_clients:0
tracking_clients:0
clients_in_timeout_table:0
total_blocking_keys:0
total_blocking_keys_on_nokey:0

# Memory
used_memory:1819016
used_memory_human:1.73M
used_memory_rss:18165760
used_memory_rss_human:17.32M
used_memory_peak:1819016
used_memory_peak_human:1.73M
used_memory_peak_perc:100.10%
used_memory_overhead:1784456
used_memory_startup:1746512
used_memory_dataset:34560
used_memory_dataset_perc:47.67%
allocator_allocated:2203328
allocator_active:2826240
allocator_resident:10936320
total_system_memory:270388695040
total_system_memory_human:251.82G
used_memory_lua:31744
used_memory_vm_eval:31744
used_memory_lua_human:31.00K
used_memory_scripts_eval:0
number_of_cached_scripts:0
number_of_functions:0
number_of_libraries:0
used_memory_vm_functions:32768
used_memory_vm_total:64512
used_memory_vm_total_human:63.00K
used_memory_functions:184
used_memory_scripts:184
used_memory_scripts_human:184B
maxmemory:0
maxmemory_human:0B
maxmemory_policy:noeviction
allocator_frag_ratio:1.28
allocator_frag_bytes:622912
allocator_rss_ratio:3.87
allocator_rss_bytes:8110080
rss_overhead_ratio:1.66
rss_overhead_bytes:7229440
mem_fragmentation_ratio:10.00
mem_fragmentation_bytes:16348656
mem_not_counted_for_evict:0
mem_replication_backlog:0
mem_total_replication_buffers:0
mem_clients_slaves:0
mem_clients_normal:37760
mem_cluster_links:0
mem_aof_buffer:0
mem_allocator:jemalloc-5.3.0
active_defrag_running:0
lazyfree_pending_objects:0
lazyfreed_objects:0

# Persistence
loading:0
async_loading:0
current_cow_peak:0
current_cow_size:0
current_cow_size_age:0
current_fork_perc:0.00
current_save_keys_processed:0
current_save_keys_total:0
rdb_changes_since_last_save:0
rdb_bgsave_in_progress:0
rdb_last_save_time:1704270149
rdb_last_bgsave_status:ok
rdb_last_bgsave_time_sec:-1
rdb_current_bgsave_time_sec:-1
rdb_saves:0
rdb_last_cow_size:0
rdb_last_load_keys_expired:0
rdb_last_load_keys_loaded:0
aof_enabled:0
aof_rewrite_in_progress:0
aof_rewrite_scheduled:0
aof_last_rewrite_time_sec:-1
aof_current_rewrite_time_sec:-1
aof_last_bgrewrite_status:ok
aof_rewrites:0
aof_rewrites_consecutive_failures:0
aof_last_write_status:ok
aof_last_cow_size:0
module_fork_in_progress:0
module_fork_last_cow_size:0

# Stats
total_connections_received:1
total_commands_processed:7
instantaneous_ops_per_sec:22
total_net_input_bytes:33
total_net_output_bytes:5
total_net_repl_input_bytes:0
total_net_repl_output_bytes:0
instantaneous_input_kbps:0.02
instantaneous_output_kbps:0.00
instantaneous_input_repl_kbps:0.00
instantaneous_output_repl_kbps:0.00
rejected_connections:0
sync_full:0
sync_partial_ok:0
sync_partial_err:0
expired_keys:0
expired_stale_perc:0.00
expired_time_cap_reached_count:0
expire_cycle_cpu_milliseconds:0
evicted_keys:0
evicted_clients:0
total_eviction_exceeded_time:0
current_eviction_exceeded_time:0
keyspace_hits:0
keyspace_misses:0
pubsub_channels:0
pubsub_patterns:0
pubsubshard_channels:0
latest_fork_usec:0
total_forks:0
migrate_cached_sockets:0
slave_expires_tracked_keys:0
active_defrag_hits:0
active_defrag_misses:0
active_defrag_key_hits:0
active_defrag_key_misses:0
total_active_defrag_time:0
current_active_defrag_time:0
tracking_total_keys:0
tracking_total_items:0
tracking_total_prefixes:0
unexpected_error_replies:0
total_error_replies:0
dump_payload_sanitizations:0
total_reads_processed:1
total_writes_processed:1
io_threaded_reads_processed:0
io_threaded_writes_processed:0
reply_buffer_shrinks:0
reply_buffer_expands:0
acl_access_denied_auth:0
acl_access_denied_cmd:0
acl_access_denied_key:0
acl_access_denied_channel:0

# Replication
role:master
connected_slaves:0
master_failover_state:no-failover
master_replid:76f8ed2c12408b49341ad56ce82d985de533ddac
master_replid2:0000000000000000000000000000000000000000
master_repl_offset:0
second_repl_offset:-1
repl_backlog_active:0
repl_backlog_size:1048576
repl_backlog_first_byte_offset:0
repl_backlog_histlen:0

# CPU
used_cpu_sys:0.004655
used_cpu_user:0.017564
used_cpu_sys_children:0.000000
used_cpu_user_children:0.000000
used_cpu_sys_main_thread:0.000000
used_cpu_user_main_thread:0.001304

# Modules
module:name=raft,ver=1,api=1,filters=1,usedby=[],using=[],options=[]

# Commandstats
cmdstat_auth:calls=1,usec=1,usec_per_call=1.00,rejected_calls=0,failed_calls=0
cmdstat_config|set:calls=1,usec=12,usec_per_call=12.00,rejected_calls=0,failed_calls=0
cmdstat_config|get:calls=3,usec=5,usec_per_call=1.67,rejected_calls=0,failed_calls=0
cmdstat_command:calls=2,usec=1672,usec_per_call=836.00,rejected_calls=0,failed_calls=0

# Errorstats

# Latencystats
latency_percentiles_usec_auth:p50=1.003,p99=1.003,p99.9=1.003
latency_percentiles_usec_config|set:p50=12.031,p99=12.031,p99.9=12.031
latency_percentiles_usec_config|get:p50=2.007,p99=2.007,p99.9=2.007
latency_percentiles_usec_command:p50=782.335,p99=892.927,p99.9=892.927

# Cluster
cluster_enabled:0

# Keyspace

------ CLIENT LIST OUTPUT ------
id=8 addr=127.0.0.1:41886 laddr=127.0.0.1:5033 fd=11 name= age=0 idle=0 flags=N db=0 sub=0 psub=0 ssub=0 multi=-1 qbuf=0 qbuf-free=20474 argv-mem=0 multi-mem=0 rbs=16384 rbp=0 obl=0 oll=0 omem=0 tot-mem=37760 events=r cmd=auth user=default redir=-1 resp=2 lib-name= lib-ver=

------ MODULES INFO OUTPUT ------
# raft_version
raft_version:255.255.255
raft_git_sha1:b779b199

# raft_general
raft_dbid:169aa4200a5c77dd482ff91a84bb4776
raft_node_id:3
raft_state:up
raft_role:follower
raft_is_voting:yes
raft_voted_for:-1
raft_leader_id:1
raft_current_term:1
raft_num_nodes:3
raft_num_voting_nodes:2
raft_node1:id=1,state=connected,voting=yes,addr=localhost,port=5031,last_conn_secs=0,conn_errors=0,conn_oks=1
raft_node2:id=2,state=connect_error,voting=no,addr=localhost,port=5032,last_conn_secs=-1,conn_errors=1,conn_oks=0

# raft_log
raft_log_entries:8
raft_current_index:8
raft_commit_index:5
raft_last_applied_index:0
raft_file_size:1855
raft_cache_memory_size:91
raft_cache_entries:1
raft_client_attached_entries:0
raft_fsync_count:1
raft_fsync_max_microseconds:6
raft_entry1:term=1,id=0,data_len=0
raft_entry2:term=1,id=1226215724,data_len=264
raft_entry3:term=1,id=1790288484,data_len=264
raft_entry4:term=1,id=200474720,data_len=264
raft_entry5:term=1,id=328157465,data_len=35
raft_entry6:term=1,id=1607887297,data_len=264
raft_entry7:term=1,id=2137104649,data_len=35
raft_fsync_avg_microseconds:6

# raft_snapshot
raft_snapshot_filename:redis3.rdb
raft_snapshot_last_idx:0
raft_snapshot_last_term:0
raft_snapshot_size:0
raft_snapshot_time_secs:-1
raft_snapshots_created:0
raft_snapshots_received:0
raft_snapshot_in_progress:no
raft_snapshot_in_progress_last_idx:-1
raft_snapshot_in_progress_last_term:-1

# raft_clients
raft_proxy_reqs:0
raft_proxy_failed_reqs:0
raft_proxy_failed_responses:0
raft_proxy_outstanding_reqs:0

# raft_stats
raft_appendreq_received:0
raft_appendreq_with_entry_received:0
raft_snapshotreq_received:0
raft_exec_throttled:0
raft_num_sessions:0

------ CONFIG DEBUG OUTPUT ------
activedefrag no
list-compress-depth 0
lazyfree-lazy-user-flush no
sanitize-dump-payload no
replica-read-only yes
repl-diskless-load disabled
repl-diskless-sync yes
slave-read-only yes
proto-max-bulk-len 512mb
io-threads 1
io-threads-do-reads no
lazyfree-lazy-expire no
lazyfree-lazy-eviction no
lazyfree-lazy-user-del no
client-query-buffer-limit 1gb
lazyfree-lazy-server-del no

------ FAST MEMORY TEST ------
2928845:M 03 Jan 2024 09:22:29.356 # main thread terminated
2928845:M 03 Jan 2024 09:22:29.356 # Bio worker thread #0 terminated
2928845:M 03 Jan 2024 09:22:29.356 # Bio worker thread #1 terminated
2928845:M 03 Jan 2024 09:22:29.356 # Bio worker thread #2 terminated

Fast memory test PASSED, however your memory can still be broken. Please run a memory test for several hours if possible.

------ DUMPING CODE AROUND EIP ------
Symbol: __pthread_rwlock_wrlock (base: 0x7f1e6e6480b0)
Module: /lib/x86_64-linux-gnu/libc.so.6 (base 0x7f1e6e5b9000)
$ xxd -r -p /tmp/dump.hex /tmp/dump.bin
$ objdump --adjust-vma=0x7f1e6e6480b0 -D -b binary -m i386:x86-64 /tmp/dump.bin
------
2928845:M 03 Jan 2024 09:22:29.356 # dump of function (hexdump of 128 bytes):
8b5718648b0425d002000039c20f8485000000415741564155415455534889fb4883ec088b0789c189c283c902f00fb10b75f3488d6b0cb801000000f6c202755f89430cf6c201752889d089d183e001c1e90309c80f854501000089d189d083c901f00fb10b89c275dfc7430801000000648b0425d00200008943184531c948

=== REDIS BUG REPORT END. Make sure to include from START to END. ===

       Please report the crash by opening an issue on github:

           http://github.com/redis/redis/issues

  If a Redis module was involved, please open in the module's repo instead.

  Suspect RAM error? Use redis-server --test-memory to verify it.

  Some other issues could be detected by redis-server --check-system
2929092:C 03 Jan 2024 09:22:29.771 # WARNING Memory overcommit must be enabled! Without it, a background save or replication may fail under low memory condition. Being disabled, it can also cause failures without low memory condition, see https://github.com/jemalloc/jemalloc/issues/1328. To fix this issue add 'vm.overcommit_memory = 1' to /etc/sysctl.conf and then reboot or run the command 'sysctl vm.overcommit_memory=1' for this to take effect.
2929092:C 03 Jan 2024 09:22:29.771 * oO0OoO0OoO0Oo Redis is starting oO0OoO0OoO0Oo
2929092:C 03 Jan 2024 09:22:29.771 * Redis version=255.255.255, bits=64, commit=e04ebdb8, modified=1, pid=2929092, just started
2929092:C 03 Jan 2024 09:22:29.771 * Configuration loaded
2929092:M 03 Jan 2024 09:22:29.771 * monotonic clock: POSIX clock_gettime
2929092:M 03 Jan 2024 09:22:29.772 * Running mode=standalone, port=5033.
2929092:M 03 Jan 2024 09:22:29.778 * <raft> RedisRaft version 255.255.255 [b779b199]
2929092:M 03 Jan 2024 09:22:29.782 * <raft> Initializing test network
2929092:M 03 Jan 2024 09:22:29.783 * <raft> Created test network client
2929092:M 03 Jan 2024 09:22:29.787 * <raft> Raft module loaded, state is 'loading'
2929092:M 03 Jan 2024 09:22:29.787 * Module 'raft' loaded from /home/snagendra/Fuzzing/redisraft-fuzzing/redisraft.so
2929092:M 03 Jan 2024 09:22:29.788 * Server initialized
2929092:M 03 Jan 2024 09:22:29.788 . The AOF directory appendonlydir doesn't exist
2929092:M 03 Jan 2024 09:22:29.788 * Ready to accept connections tcp
2929092:M 03 Jan 2024 09:22:29.788 . 0 clients connected (0 replicas), 1746720 bytes in use
2929092:M 03 Jan 2024 09:22:29.835 - Accepted 127.0.0.1:41926
2929092:M 03 Jan 2024 09:22:29.835 # Missing implement of connection type tls
2929092:M 03 Jan 2024 09:22:29.887 * <raft> Loading: Redis loading complete, snapshot NOT LOADED
2929092:M 03 Jan 2024 09:22:29.888 * <raft> Cluster Membership: term:0 index:0 nodes: id=3,voting=0,active=1,addr=-
2929092:M 03 Jan 2024 09:22:29.888 * <raft> Test network starting message polling thread
2929092:M 03 Jan 2024 09:22:29.888 * <raft> Cluster Membership: term:0 index:8 nodes: id=3,voting=0,active=1,addr=- id=1,voting=1,active=1,addr=localhost:5031
2929092:M 03 Jan 2024 09:22:29.888 * <raft> Cluster Membership: term:0 index:8 nodes: id=3,voting=0,active=1,addr=- id=1,voting=1,active=1,addr=localhost:5031 id=2,voting=0,active=1,addr=localhost:5032
2929092:M 03 Jan 2024 09:22:29.888 * <raft> Raft state after loading log: log_count=8, first_idx=1, current_idx=8, last_applied_idx=0
2929092:M 03 Jan 2024 09:22:29.888 . <raft> Raft term=1, vote=-1
2929092:M 03 Jan 2024 09:22:29.896 - Accepted 127.0.0.1:41942
2929092:M 03 Jan 2024 09:22:30.123 - Client closed connection id=9 addr=127.0.0.1:41942 laddr=127.0.0.1:5033 fd=14 name= age=1 idle=1 flags=N db=0 sub=0 psub=0 ssub=0 multi=-1 qbuf=0 qbuf-free=20474 argv-mem=0 multi-mem=0 rbs=1024 rbp=0 obl=0 oll=0 omem=0 tot-mem=22400 events=r cmd=auth user=default redir=-1 resp=2 lib-name= lib-ver=
2929092:M 03 Jan 2024 09:22:30.201 - Client closed connection id=8 addr=127.0.0.1:41926 laddr=127.0.0.1:5033 fd=11 name= age=1 idle=1 flags=N db=0 sub=0 psub=0 ssub=0 multi=-1 qbuf=0 qbuf-free=20474 argv-mem=0 multi-mem=0 rbs=1024 rbp=0 obl=0 oll=0 omem=0 tot-mem=22400 events=r cmd=auth user=default redir=-1 resp=2 lib-name= lib-ver=
2929092:signal-handler (1704270150) Received SIGINT scheduling shutdown...
2929092:signal-handler (1704270150) You insist... exiting now.

----- Stderr -----
libgcov profiling error:/home/snagendra/Fuzzing/redisraft-fuzzing/build/deps/raft/CMakeFiles/raft.dir/src/raft_server.c.gcda:Merge mismatch for function 21
libgcov profiling error:/home/snagendra/Fuzzing/redisraft-fuzzing/build/deps/raft/CMakeFiles/raft.dir/src/raft_server.c.gcda:Merge mismatch for function 21




logs for node: 1

----- Stdout -----
2927558:C 03 Jan 2024 09:22:26.732 # WARNING Memory overcommit must be enabled! Without it, a background save or replication may fail under low memory condition. Being disabled, it can also cause failures without low memory condition, see https://github.com/jemalloc/jemalloc/issues/1328. To fix this issue add 'vm.overcommit_memory = 1' to /etc/sysctl.conf and then reboot or run the command 'sysctl vm.overcommit_memory=1' for this to take effect.
2927558:C 03 Jan 2024 09:22:26.732 * oO0OoO0OoO0Oo Redis is starting oO0OoO0OoO0Oo
2927558:C 03 Jan 2024 09:22:26.733 * Redis version=255.255.255, bits=64, commit=e04ebdb8, modified=1, pid=2927558, just started
2927558:C 03 Jan 2024 09:22:26.733 * Configuration loaded
2927558:M 03 Jan 2024 09:22:26.733 * monotonic clock: POSIX clock_gettime
2927558:M 03 Jan 2024 09:22:26.733 * Running mode=standalone, port=5031.
2927558:M 03 Jan 2024 09:22:26.740 * <raft> RedisRaft version 255.255.255 [b779b199]
2927558:M 03 Jan 2024 09:22:26.744 * <raft> Initializing test network
2927558:M 03 Jan 2024 09:22:26.745 * <raft> Created test network client
2927558:M 03 Jan 2024 09:22:26.746 * <raft> Raft module loaded, state is 'uninitialized'
2927558:M 03 Jan 2024 09:22:26.746 * Module 'raft' loaded from /home/snagendra/Fuzzing/redisraft-fuzzing/redisraft.so
2927558:M 03 Jan 2024 09:22:26.746 * Server initialized
2927558:M 03 Jan 2024 09:22:26.747 . The AOF directory appendonlydir doesn't exist
2927558:M 03 Jan 2024 09:22:26.747 * Ready to accept connections tcp
2927558:M 03 Jan 2024 09:22:26.747 . 0 clients connected (0 replicas), 1726160 bytes in use
2927558:M 03 Jan 2024 09:22:26.778 - Accepted 127.0.0.1:57304
2927558:M 03 Jan 2024 09:22:26.778 # Missing implement of connection type tls
2927558:M 03 Jan 2024 09:22:26.784 * <raft> Cluster Membership: term:0 index:0 nodes: id=1,voting=0,active=1,addr=-
2927558:M 03 Jan 2024 09:22:26.789 * <raft> State change: Node is now a leader, term 1
2927558:M 03 Jan 2024 09:22:26.790 * <raft> Cluster Membership: term:1 index:1 nodes: id=1,voting=0,active=1,addr=-
2927558:M 03 Jan 2024 09:22:26.790 * <raft> Test network starting message polling thread
2927558:M 03 Jan 2024 09:22:26.790 * <raft> Raft Cluster initialized, node id: 1, dbid: 169aa4200a5c77dd482ff91a84bb4776
2927558:M 03 Jan 2024 09:22:26.907 - Accepted 127.0.0.1:57308
2927558:M 03 Jan 2024 09:22:26.908 * <raft> Cluster Membership: term:1 index:3 nodes: id=1,voting=1,active=1,addr=- id=2,voting=0,active=1,addr=localhost:5032
2927558:M 03 Jan 2024 09:22:26.915 - Client closed connection id=9 addr=127.0.0.1:57308 laddr=127.0.0.1:5031 fd=12 name= age=0 idle=0 flags=N db=0 sub=0 psub=0 ssub=0 multi=-1 qbuf=0 qbuf-free=20474 argv-mem=0 multi-mem=0 rbs=16384 rbp=16384 obl=0 oll=0 omem=0 tot-mem=37760 events=r cmd=raft.node user=default redir=-1 resp=2 lib-name= lib-ver=
2927558:M 03 Jan 2024 09:22:27.031 - Accepted 127.0.0.1:57318
2927558:M 03 Jan 2024 09:22:27.032 * <raft> Cluster Membership: term:1 index:4 nodes: id=1,voting=1,active=1,addr=- id=2,voting=0,active=1,addr=localhost:5032 id=3,voting=0,active=1,addr=localhost:5033
2927558:M 03 Jan 2024 09:22:27.039 - Client closed connection id=10 addr=127.0.0.1:57318 laddr=127.0.0.1:5031 fd=13 name= age=0 idle=0 flags=N db=0 sub=0 psub=0 ssub=0 multi=-1 qbuf=0 qbuf-free=20474 argv-mem=0 multi-mem=0 rbs=16384 rbp=16384 obl=0 oll=0 omem=0 tot-mem=37760 events=r cmd=raft.node user=default redir=-1 resp=2 lib-name= lib-ver=
2927558:M 03 Jan 2024 09:22:27.232 - Accepted 127.0.0.1:57324
2927558:M 03 Jan 2024 09:22:27.498 * <raft> node:3 has sufficient logs, adding as voting node.
2927558:M 03 Jan 2024 09:22:27.861 - Accepted 127.0.0.1:57332
2927558:signal-handler (1704270148) Received SIGINT scheduling shutdown...
2927558:signal-handler (1704270148) You insist... exiting now.
2928439:C 03 Jan 2024 09:22:28.309 # WARNING Memory overcommit must be enabled! Without it, a background save or replication may fail under low memory condition. Being disabled, it can also cause failures without low memory condition, see https://github.com/jemalloc/jemalloc/issues/1328. To fix this issue add 'vm.overcommit_memory = 1' to /etc/sysctl.conf and then reboot or run the command 'sysctl vm.overcommit_memory=1' for this to take effect.
2928439:C 03 Jan 2024 09:22:28.309 * oO0OoO0OoO0Oo Redis is starting oO0OoO0OoO0Oo
2928439:C 03 Jan 2024 09:22:28.309 * Redis version=255.255.255, bits=64, commit=e04ebdb8, modified=1, pid=2928439, just started
2928439:C 03 Jan 2024 09:22:28.309 * Configuration loaded
2928439:M 03 Jan 2024 09:22:28.310 * monotonic clock: POSIX clock_gettime
2928439:M 03 Jan 2024 09:22:28.310 * Running mode=standalone, port=5031.
2928439:M 03 Jan 2024 09:22:28.318 * <raft> RedisRaft version 255.255.255 [b779b199]
2928439:M 03 Jan 2024 09:22:28.322 * <raft> Initializing test network
2928439:M 03 Jan 2024 09:22:28.323 * <raft> Created test network client
2928439:M 03 Jan 2024 09:22:28.326 * <raft> Raft module loaded, state is 'loading'
2928439:M 03 Jan 2024 09:22:28.326 * Module 'raft' loaded from /home/snagendra/Fuzzing/redisraft-fuzzing/redisraft.so
2928439:M 03 Jan 2024 09:22:28.327 * Server initialized
2928439:M 03 Jan 2024 09:22:28.327 . The AOF directory appendonlydir doesn't exist
2928439:M 03 Jan 2024 09:22:28.327 * Ready to accept connections tcp
2928439:M 03 Jan 2024 09:22:28.327 . 0 clients connected (0 replicas), 1746656 bytes in use
2928439:M 03 Jan 2024 09:22:28.336 - Accepted 127.0.0.1:57394
2928439:M 03 Jan 2024 09:22:28.336 # Missing implement of connection type tls
2928439:M 03 Jan 2024 09:22:28.337 - Accepted 127.0.0.1:57400
2928439:M 03 Jan 2024 09:22:28.426 * <raft> Loading: Redis loading complete, snapshot NOT LOADED
2928439:M 03 Jan 2024 09:22:28.426 * <raft> Cluster Membership: term:0 index:0 nodes: id=1,voting=0,active=1,addr=-
2928439:M 03 Jan 2024 09:22:28.427 * <raft> Test network starting message polling thread
2928439:M 03 Jan 2024 09:22:28.427 * <raft> Cluster Membership: term:0 index:8 nodes: id=1,voting=1,active=1,addr=- id=2,voting=0,active=1,addr=localhost:5032
2928439:M 03 Jan 2024 09:22:28.427 * <raft> Cluster Membership: term:0 index:8 nodes: id=1,voting=1,active=1,addr=- id=2,voting=0,active=1,addr=localhost:5032 id=3,voting=0,active=1,addr=localhost:5033
2928439:M 03 Jan 2024 09:22:28.427 * <raft> Raft state after loading log: log_count=8, first_idx=1, current_idx=8, last_applied_idx=0
2928439:M 03 Jan 2024 09:22:28.427 . <raft> Raft term=1, vote=-1
2928439:M 03 Jan 2024 09:22:28.512 - Accepted 127.0.0.1:57414
2928439:M 03 Jan 2024 09:22:28.608 - Client closed connection id=9 addr=127.0.0.1:57400 laddr=127.0.0.1:5031 fd=12 name= age=0 idle=0 flags=N db=0 sub=0 psub=0 ssub=0 multi=-1 qbuf=0 qbuf-free=20474 argv-mem=0 multi-mem=0 rbs=1024 rbp=0 obl=0 oll=0 omem=0 tot-mem=22400 events=r cmd=auth user=default redir=-1 resp=2 lib-name= lib-ver=
2928439:M 03 Jan 2024 09:22:28.828 * <raft> State change: Election starting, node is now a pre-candidate, term 1
2928439:M 03 Jan 2024 09:22:28.828 * <raft> Cluster Membership: term:1 index:8 nodes: id=1,voting=1,active=1,addr=- id=2,voting=0,active=1,addr=localhost:5032 id=3,voting=1,active=1,addr=localhost:5033
2928439:M 03 Jan 2024 09:22:28.956 - Client closed connection id=10 addr=127.0.0.1:57414 laddr=127.0.0.1:5031 fd=15 name= age=0 idle=0 flags=N db=0 sub=0 psub=0 ssub=0 multi=-1 qbuf=0 qbuf-free=20474 argv-mem=0 multi-mem=0 rbs=1024 rbp=0 obl=0 oll=0 omem=0 tot-mem=22400 events=r cmd=auth user=default redir=-1 resp=2 lib-name= lib-ver=
2928439:M 03 Jan 2024 09:22:29.230 * <raft> State change: Election starting, node is now a pre-candidate, term 1
2928439:M 03 Jan 2024 09:22:29.230 * <raft> Cluster Membership: term:1 index:8 nodes: id=1,voting=1,active=1,addr=- id=2,voting=0,active=1,addr=localhost:5032 id=3,voting=1,active=1,addr=localhost:5033
2928439:M 03 Jan 2024 09:22:29.350 - Accepted 127.0.0.1:57428
2928439:M 03 Jan 2024 09:22:29.401 - Client closed connection id=11 addr=127.0.0.1:57428 laddr=127.0.0.1:5031 fd=13 name= age=0 idle=0 flags=N db=0 sub=0 psub=0 ssub=0 multi=-1 qbuf=0 qbuf-free=20474 argv-mem=0 multi-mem=0 rbs=16384 rbp=16384 obl=0 oll=0 omem=0 tot-mem=37760 events=r cmd=auth user=default redir=-1 resp=2 lib-name= lib-ver=
2928439:M 03 Jan 2024 09:22:29.532 * <raft> State change: Election starting, node is now a pre-candidate, term 1
2928439:M 03 Jan 2024 09:22:29.532 * <raft> Cluster Membership: term:1 index:8 nodes: id=1,voting=1,active=1,addr=- id=2,voting=0,active=1,addr=localhost:5032 id=3,voting=1,active=1,addr=localhost:5033
2928439:M 03 Jan 2024 09:22:29.796 - Accepted 127.0.0.1:57442
2928439:M 03 Jan 2024 09:22:29.889 - Accepted 127.0.0.1:57458
2928439:M 03 Jan 2024 09:22:29.934 * <raft> State change: Election starting, node is now a pre-candidate, term 1
2928439:M 03 Jan 2024 09:22:29.934 * <raft> Cluster Membership: term:1 index:8 nodes: id=1,voting=1,active=1,addr=- id=2,voting=0,active=1,addr=localhost:5032 id=3,voting=1,active=1,addr=localhost:5033
2928439:M 03 Jan 2024 09:22:30.123 - Client closed connection id=12 addr=127.0.0.1:57442 laddr=127.0.0.1:5031 fd=12 name= age=1 idle=1 flags=N db=0 sub=0 psub=0 ssub=0 multi=-1 qbuf=0 qbuf-free=20474 argv-mem=0 multi-mem=0 rbs=1024 rbp=0 obl=0 oll=0 omem=0 tot-mem=22400 events=r cmd=auth user=default redir=-1 resp=2 lib-name= lib-ver=
2928439:signal-handler (1704270150) Received SIGINT scheduling shutdown...
2928439:signal-handler (1704270150) You insist... exiting now.

----- Stderr -----
libgcov profiling error:/home/snagendra/Fuzzing/redisraft-fuzzing/build/deps/raft/CMakeFiles/raft.dir/src/raft_server.c.gcda:Merge mismatch for function 21
libgcov profiling error:/home/snagendra/Fuzzing/redisraft-fuzzing/build/deps/raft/CMakeFiles/raft.dir/src/raft_server.c.gcda:Merge mismatch for function 21




logs for node: 2

----- Stdout -----
2927600:C 03 Jan 2024 09:22:26.793 # WARNING Memory overcommit must be enabled! Without it, a background save or replication may fail under low memory condition. Being disabled, it can also cause failures without low memory condition, see https://github.com/jemalloc/jemalloc/issues/1328. To fix this issue add 'vm.overcommit_memory = 1' to /etc/sysctl.conf and then reboot or run the command 'sysctl vm.overcommit_memory=1' for this to take effect.
2927600:C 03 Jan 2024 09:22:26.793 * oO0OoO0OoO0Oo Redis is starting oO0OoO0OoO0Oo
2927600:C 03 Jan 2024 09:22:26.793 * Redis version=255.255.255, bits=64, commit=e04ebdb8, modified=1, pid=2927600, just started
2927600:C 03 Jan 2024 09:22:26.793 * Configuration loaded
2927600:M 03 Jan 2024 09:22:26.793 * monotonic clock: POSIX clock_gettime
2927600:M 03 Jan 2024 09:22:26.794 * Running mode=standalone, port=5032.
2927600:M 03 Jan 2024 09:22:26.800 * <raft> RedisRaft version 255.255.255 [b779b199]
2927600:M 03 Jan 2024 09:22:26.805 * <raft> Initializing test network
2927600:M 03 Jan 2024 09:22:26.806 * <raft> Created test network client
2927600:M 03 Jan 2024 09:22:26.807 * <raft> Raft module loaded, state is 'uninitialized'
2927600:M 03 Jan 2024 09:22:26.807 * Module 'raft' loaded from /home/snagendra/Fuzzing/redisraft-fuzzing/redisraft.so
2927600:M 03 Jan 2024 09:22:26.807 * Server initialized
2927600:M 03 Jan 2024 09:22:26.808 . The AOF directory appendonlydir doesn't exist
2927600:M 03 Jan 2024 09:22:26.808 * Ready to accept connections tcp
2927600:M 03 Jan 2024 09:22:26.808 . 0 clients connected (0 replicas), 1726192 bytes in use
2927600:M 03 Jan 2024 09:22:26.810 - Accepted 127.0.0.1:51008
2927600:M 03 Jan 2024 09:22:26.810 # Missing implement of connection type tls
2927600:M 03 Jan 2024 09:22:26.907 - <raft> join cluster, connecting to localhost:5031
2927600:M 03 Jan 2024 09:22:26.909 * <raft> Joined Raft cluster, node id: 2, dbid: 169aa4200a5c77dd482ff91a84bb4776
2927600:M 03 Jan 2024 09:22:26.915 * <raft> Cluster Membership: term:0 index:0 nodes: id=2,voting=0,active=1,addr=-
2927600:M 03 Jan 2024 09:22:26.915 * <raft> Test network starting message polling thread
2927600:M 03 Jan 2024 09:22:26.948 - Accepted 127.0.0.1:51024
2927600:M 03 Jan 2024 09:22:27.232 - Accepted 127.0.0.1:51034
2927600:M 03 Jan 2024 09:22:27.308 * <raft> State change: Election starting, node is now a pre-candidate, term 0
2927600:M 03 Jan 2024 09:22:27.308 * <raft> Cluster Membership: term:0 index:0 nodes: id=2,voting=0,active=1,addr=-
2927600:M 03 Jan 2024 09:22:27.709 * <raft> State change: Election starting, node is now a pre-candidate, term 0
2927600:M 03 Jan 2024 09:22:27.709 * <raft> Cluster Membership: term:0 index:0 nodes: id=2,voting=0,active=1,addr=-
2927600:M 03 Jan 2024 09:22:28.010 * <raft> State change: Election starting, node is now a pre-candidate, term 0
2927600:M 03 Jan 2024 09:22:28.010 * <raft> Cluster Membership: term:0 index:0 nodes: id=2,voting=0,active=1,addr=-
2927600:M 03 Jan 2024 09:22:28.245 - Client closed connection id=9 addr=127.0.0.1:51024 laddr=127.0.0.1:5032 fd=10 name= age=2 idle=2 flags=N db=0 sub=0 psub=0 ssub=0 multi=-1 qbuf=0 qbuf-free=20474 argv-mem=0 multi-mem=0 rbs=1024 rbp=0 obl=0 oll=0 omem=0 tot-mem=22400 events=r cmd=auth user=default redir=-1 resp=2 lib-name= lib-ver=
2927600:M 03 Jan 2024 09:22:28.411 * <raft> State change: Election starting, node is now a pre-candidate, term 0
2927600:M 03 Jan 2024 09:22:28.411 * <raft> Cluster Membership: term:0 index:0 nodes: id=2,voting=0,active=1,addr=-
2927600:M 03 Jan 2024 09:22:28.428 - Accepted 127.0.0.1:51036
2927600:M 03 Jan 2024 09:22:28.497 * <raft> State change: Node is now a follower, term 1
2927600:M 03 Jan 2024 09:22:28.497 * <raft> Cluster Membership: term:1 index:0 nodes: id=2,voting=0,active=1,addr=-
2927600:M 03 Jan 2024 09:22:28.498 * <raft> Cluster Membership: term:1 index:2 nodes: id=2,voting=0,active=1,addr=- id=1,voting=1,active=1,addr=localhost:5031
2927600:M 03 Jan 2024 09:22:28.607 - Client closed connection id=10 addr=127.0.0.1:51034 laddr=127.0.0.1:5032 fd=13 name= age=1 idle=1 flags=N db=0 sub=0 psub=0 ssub=0 multi=-1 qbuf=0 qbuf-free=20474 argv-mem=0 multi-mem=0 rbs=1024 rbp=0 obl=0 oll=0 omem=0 tot-mem=22400 events=r cmd=auth user=default redir=-1 resp=2 lib-name= lib-ver=
2927600:M 03 Jan 2024 09:22:28.714 * <raft> State change: Election starting, node is now a pre-candidate, term 1
2927600:M 03 Jan 2024 09:22:28.714 * <raft> Cluster Membership: term:1 index:3 nodes: id=2,voting=0,active=1,addr=- id=1,voting=1,active=1,addr=localhost:5031
2927600:signal-handler (1704270148) Received SIGINT scheduling shutdown...
2927600:signal-handler (1704270148) You insist... exiting now.
2929044:C 03 Jan 2024 09:22:29.679 # WARNING Memory overcommit must be enabled! Without it, a background save or replication may fail under low memory condition. Being disabled, it can also cause failures without low memory condition, see https://github.com/jemalloc/jemalloc/issues/1328. To fix this issue add 'vm.overcommit_memory = 1' to /etc/sysctl.conf and then reboot or run the command 'sysctl vm.overcommit_memory=1' for this to take effect.
2929044:C 03 Jan 2024 09:22:29.679 * oO0OoO0OoO0Oo Redis is starting oO0OoO0OoO0Oo
2929044:C 03 Jan 2024 09:22:29.679 * Redis version=255.255.255, bits=64, commit=e04ebdb8, modified=1, pid=2929044, just started
2929044:C 03 Jan 2024 09:22:29.679 * Configuration loaded
2929044:M 03 Jan 2024 09:22:29.680 * monotonic clock: POSIX clock_gettime
2929044:M 03 Jan 2024 09:22:29.680 * Running mode=standalone, port=5032.
2929044:M 03 Jan 2024 09:22:29.686 * <raft> RedisRaft version 255.255.255 [b779b199]
2929044:M 03 Jan 2024 09:22:29.690 * <raft> Initializing test network
2929044:M 03 Jan 2024 09:22:29.691 * <raft> Created test network client
2929044:M 03 Jan 2024 09:22:29.694 * <raft> Raft module loaded, state is 'loading'
2929044:M 03 Jan 2024 09:22:29.694 * Module 'raft' loaded from /home/snagendra/Fuzzing/redisraft-fuzzing/redisraft.so
2929044:M 03 Jan 2024 09:22:29.694 * Server initialized
2929044:M 03 Jan 2024 09:22:29.695 . The AOF directory appendonlydir doesn't exist
2929044:M 03 Jan 2024 09:22:29.695 * Ready to accept connections tcp
2929044:M 03 Jan 2024 09:22:29.695 . 0 clients connected (0 replicas), 1746656 bytes in use
2929044:M 03 Jan 2024 09:22:29.735 - Accepted 127.0.0.1:51108
2929044:M 03 Jan 2024 09:22:29.735 # Missing implement of connection type tls
2929044:M 03 Jan 2024 09:22:29.794 * <raft> Loading: Redis loading complete, snapshot NOT LOADED
2929044:M 03 Jan 2024 09:22:29.795 * <raft> Cluster Membership: term:0 index:0 nodes: id=2,voting=0,active=1,addr=-
2929044:M 03 Jan 2024 09:22:29.795 * <raft> Test network starting message polling thread
2929044:M 03 Jan 2024 09:22:29.795 * <raft> Cluster Membership: term:0 index:3 nodes: id=2,voting=0,active=1,addr=- id=1,voting=1,active=1,addr=localhost:5031
2929044:M 03 Jan 2024 09:22:29.795 * <raft> Raft state after loading log: log_count=3, first_idx=1, current_idx=3, last_applied_idx=0
2929044:M 03 Jan 2024 09:22:29.795 . <raft> Raft term=1, vote=-1
2929044:M 03 Jan 2024 09:22:29.831 * <raft> Cluster Membership: term:1 index:4 nodes: id=2,voting=0,active=1,addr=- id=1,voting=1,active=1,addr=localhost:5031 id=3,voting=0,active=1,addr=localhost:5033
2929044:M 03 Jan 2024 09:22:29.889 - Accepted 127.0.0.1:51120
2929044:signal-handler (1704270150) Received SIGINT scheduling shutdown...
2929044:signal-handler (1704270150) You insist... exiting now.
2929309:C 03 Jan 2024 09:22:30.187 # WARNING Memory overcommit must be enabled! Without it, a background save or replication may fail under low memory condition. Being disabled, it can also cause failures without low memory condition, see https://github.com/jemalloc/jemalloc/issues/1328. To fix this issue add 'vm.overcommit_memory = 1' to /etc/sysctl.conf and then reboot or run the command 'sysctl vm.overcommit_memory=1' for this to take effect.
2929309:C 03 Jan 2024 09:22:30.187 * oO0OoO0OoO0Oo Redis is starting oO0OoO0OoO0Oo
2929309:C 03 Jan 2024 09:22:30.187 * Redis version=255.255.255, bits=64, commit=e04ebdb8, modified=1, pid=2929309, just started
2929309:C 03 Jan 2024 09:22:30.187 * Configuration loaded
2929309:M 03 Jan 2024 09:22:30.187 * monotonic clock: POSIX clock_gettime
2929309:M 03 Jan 2024 09:22:30.188 * Running mode=standalone, port=5032.
2929309:M 03 Jan 2024 09:22:30.194 * <raft> RedisRaft version 255.255.255 [b779b199]
2929309:M 03 Jan 2024 09:22:30.198 * <raft> Initializing test network
2929309:M 03 Jan 2024 09:22:30.199 * <raft> Created test network client
2929309:M 03 Jan 2024 09:22:30.205 * <raft> Raft module loaded, state is 'loading'
2929309:M 03 Jan 2024 09:22:30.205 * Module 'raft' loaded from /home/snagendra/Fuzzing/redisraft-fuzzing/redisraft.so
2929309:M 03 Jan 2024 09:22:30.206 * Server initialized
2929309:M 03 Jan 2024 09:22:30.206 . The AOF directory appendonlydir doesn't exist
2929309:M 03 Jan 2024 09:22:30.206 * Ready to accept connections tcp
2929309:M 03 Jan 2024 09:22:30.206 . 0 clients connected (0 replicas), 1746688 bytes in use
2929309:signal-handler (1704270150) Received SIGINT scheduling shutdown...
2929309:signal-handler (1704270150) You insist... exiting now.

----- Stderr -----
libgcov profiling error:/home/snagendra/Fuzzing/redisraft-fuzzing/build/deps/raft/CMakeFiles/raft.dir/src/raft_server.c.gcda:Merge mismatch for function 21
libgcov profiling error:/home/snagendra/Fuzzing/redisraft-fuzzing/build/deps/raft/CMakeFiles/raft.dir/src/raft_server.c.gcda:Merge mismatch for function 21
libgcov profiling error:/home/snagendra/Fuzzing/redisraft-fuzzing/build/deps/raft/CMakeFiles/raft.dir/src/raft_server.c.gcda:Merge mismatch for function 21



