logs for node: 1

----- Stdout -----
3603776:C 03 Jan 2024 09:46:43.488 # WARNING Memory overcommit must be enabled! Without it, a background save or replication may fail under low memory condition. Being disabled, it can also cause failures without low memory condition, see https://github.com/jemalloc/jemalloc/issues/1328. To fix this issue add 'vm.overcommit_memory = 1' to /etc/sysctl.conf and then reboot or run the command 'sysctl vm.overcommit_memory=1' for this to take effect.
3603776:C 03 Jan 2024 09:46:43.488 * oO0OoO0OoO0Oo Redis is starting oO0OoO0OoO0Oo
3603776:C 03 Jan 2024 09:46:43.488 * Redis version=255.255.255, bits=64, commit=e04ebdb8, modified=1, pid=3603776, just started
3603776:C 03 Jan 2024 09:46:43.488 * Configuration loaded
3603776:M 03 Jan 2024 09:46:43.489 * monotonic clock: POSIX clock_gettime
3603776:M 03 Jan 2024 09:46:43.489 * Running mode=standalone, port=5021.
3603776:M 03 Jan 2024 09:46:43.497 * <raft> RedisRaft version 255.255.255 [b779b199]
3603776:M 03 Jan 2024 09:46:43.502 * <raft> Initializing test network
3603776:M 03 Jan 2024 09:46:43.503 * <raft> Created test network client
3603776:M 03 Jan 2024 09:46:43.503 * <raft> Raft module loaded, state is 'uninitialized'
3603776:M 03 Jan 2024 09:46:43.503 * Module 'raft' loaded from /home/snagendra/Fuzzing/redisraft-fuzzing/redisraft.so
3603776:M 03 Jan 2024 09:46:43.504 * Server initialized
3603776:M 03 Jan 2024 09:46:43.505 . The AOF directory appendonlydir doesn't exist
3603776:M 03 Jan 2024 09:46:43.505 * Ready to accept connections tcp
3603776:M 03 Jan 2024 09:46:43.505 . 0 clients connected (0 replicas), 1726192 bytes in use
3603776:M 03 Jan 2024 09:46:43.508 - Accepted 127.0.0.1:53722
3603776:M 03 Jan 2024 09:46:43.508 # Missing implement of connection type tls
3603776:M 03 Jan 2024 09:46:43.515 * <raft> Cluster Membership: term:0 index:0 nodes: id=1,voting=0,active=1,addr=-
3603776:M 03 Jan 2024 09:46:43.526 * <raft> State change: Node is now a leader, term 1
3603776:M 03 Jan 2024 09:46:43.526 * <raft> Cluster Membership: term:1 index:1 nodes: id=1,voting=0,active=1,addr=-
3603776:M 03 Jan 2024 09:46:43.526 * <raft> Test network starting message polling thread
3603776:M 03 Jan 2024 09:46:43.526 * <raft> Raft Cluster initialized, node id: 1, dbid: 4da6c59ad5529c74569c084ebed44d4f
3603776:M 03 Jan 2024 09:46:43.643 - Accepted 127.0.0.1:53730
3603776:M 03 Jan 2024 09:46:43.643 * <raft> Cluster Membership: term:1 index:3 nodes: id=1,voting=1,active=1,addr=- id=2,voting=0,active=1,addr=localhost:5022
3603776:M 03 Jan 2024 09:46:43.651 - Client closed connection id=9 addr=127.0.0.1:53730 laddr=127.0.0.1:5021 fd=12 name= age=0 idle=0 flags=N db=0 sub=0 psub=0 ssub=0 multi=-1 qbuf=0 qbuf-free=20474 argv-mem=0 multi-mem=0 rbs=16384 rbp=16384 obl=0 oll=0 omem=0 tot-mem=37760 events=r cmd=raft.node user=default redir=-1 resp=2 lib-name= lib-ver=
3603776:M 03 Jan 2024 09:46:43.769 - Accepted 127.0.0.1:53736
3603776:M 03 Jan 2024 09:46:43.770 * <raft> Cluster Membership: term:1 index:4 nodes: id=1,voting=1,active=1,addr=- id=2,voting=0,active=1,addr=localhost:5022 id=3,voting=0,active=1,addr=localhost:5023
3603776:M 03 Jan 2024 09:46:43.778 - Client closed connection id=10 addr=127.0.0.1:53736 laddr=127.0.0.1:5021 fd=13 name= age=0 idle=0 flags=N db=0 sub=0 psub=0 ssub=0 multi=-1 qbuf=0 qbuf-free=20474 argv-mem=0 multi-mem=0 rbs=16384 rbp=16384 obl=0 oll=0 omem=0 tot-mem=37760 events=r cmd=raft.node user=default redir=-1 resp=2 lib-name= lib-ver=
3603776:M 03 Jan 2024 09:46:44.224 * <raft> node:2 has sufficient logs, adding as voting node.
3603776:M 03 Jan 2024 09:46:44.245 - Accepted 127.0.0.1:53744
3603776:M 03 Jan 2024 09:46:44.790 - Client closed connection id=12 addr=127.0.0.1:53744 laddr=127.0.0.1:5021 fd=13 name= age=0 idle=0 flags=N db=0 sub=0 psub=0 ssub=0 multi=-1 qbuf=0 qbuf-free=20474 argv-mem=0 multi-mem=0 rbs=1024 rbp=0 obl=0 oll=0 omem=0 tot-mem=22400 events=r cmd=auth user=default redir=-1 resp=2 lib-name= lib-ver=
3603776:M 03 Jan 2024 09:46:44.809 * <raft> State change: Node is now a follower, term 1
3603776:M 03 Jan 2024 09:46:44.809 * <raft> Cluster Membership: term:1 index:6 nodes: id=1,voting=1,active=1,addr=- id=2,voting=1,active=1,addr=localhost:5022 id=3,voting=0,active=1,addr=localhost:5023
3603776:M 03 Jan 2024 09:46:45.010 * <raft> State change: Election starting, node is now a pre-candidate, term 1
3603776:M 03 Jan 2024 09:46:45.010 * <raft> Cluster Membership: term:1 index:6 nodes: id=1,voting=1,active=1,addr=- id=2,voting=1,active=1,addr=localhost:5022 id=3,voting=0,active=1,addr=localhost:5023
3603776:M 03 Jan 2024 09:46:45.246 - Accepted 127.0.0.1:53750
3603776:M 03 Jan 2024 09:46:45.312 * <raft> State change: Election starting, node is now a pre-candidate, term 1
3603776:M 03 Jan 2024 09:46:45.312 * <raft> Cluster Membership: term:1 index:6 nodes: id=1,voting=1,active=1,addr=- id=2,voting=1,active=1,addr=localhost:5022 id=3,voting=0,active=1,addr=localhost:5023
3603776:M 03 Jan 2024 09:46:45.460 - Accepted 127.0.0.1:53758
3603776:M 03 Jan 2024 09:46:45.601 - Client closed connection id=14 addr=127.0.0.1:53758 laddr=127.0.0.1:5021 fd=15 name= age=0 idle=0 flags=N db=0 sub=0 psub=0 ssub=0 multi=-1 qbuf=0 qbuf-free=20474 argv-mem=0 multi-mem=0 rbs=16384 rbp=0 obl=0 oll=0 omem=0 tot-mem=37760 events=r cmd=auth user=default redir=-1 resp=2 lib-name= lib-ver=
3603776:M 03 Jan 2024 09:46:45.615 * <raft> State change: Election starting, node is now a pre-candidate, term 1
3603776:M 03 Jan 2024 09:46:45.615 * <raft> Cluster Membership: term:1 index:6 nodes: id=1,voting=1,active=1,addr=- id=2,voting=1,active=1,addr=localhost:5022 id=3,voting=0,active=1,addr=localhost:5023
3603776:M 03 Jan 2024 09:46:45.768 - Client closed connection id=13 addr=127.0.0.1:53750 laddr=127.0.0.1:5021 fd=13 name= age=0 idle=0 flags=N db=0 sub=0 psub=0 ssub=0 multi=-1 qbuf=0 qbuf-free=20474 argv-mem=0 multi-mem=0 rbs=1024 rbp=0 obl=0 oll=0 omem=0 tot-mem=22400 events=r cmd=auth user=default redir=-1 resp=2 lib-name= lib-ver=
3603776:M 03 Jan 2024 09:46:45.916 * <raft> State change: Election starting, node is now a pre-candidate, term 1
3603776:M 03 Jan 2024 09:46:45.917 * <raft> Cluster Membership: term:1 index:6 nodes: id=1,voting=1,active=1,addr=- id=2,voting=1,active=1,addr=localhost:5022 id=3,voting=0,active=1,addr=localhost:5023
3603776:M 03 Jan 2024 09:46:46.103 - Accepted 127.0.0.1:53760
3603776:signal-handler (1704271606) Received SIGINT scheduling shutdown...
3603776:signal-handler (1704271606) You insist... exiting now.
3604965:C 03 Jan 2024 09:46:46.304 # WARNING Memory overcommit must be enabled! Without it, a background save or replication may fail under low memory condition. Being disabled, it can also cause failures without low memory condition, see https://github.com/jemalloc/jemalloc/issues/1328. To fix this issue add 'vm.overcommit_memory = 1' to /etc/sysctl.conf and then reboot or run the command 'sysctl vm.overcommit_memory=1' for this to take effect.
3604965:C 03 Jan 2024 09:46:46.304 * oO0OoO0OoO0Oo Redis is starting oO0OoO0OoO0Oo
3604965:C 03 Jan 2024 09:46:46.304 * Redis version=255.255.255, bits=64, commit=e04ebdb8, modified=1, pid=3604965, just started
3604965:C 03 Jan 2024 09:46:46.304 * Configuration loaded
3604965:M 03 Jan 2024 09:46:46.305 * monotonic clock: POSIX clock_gettime
3604965:M 03 Jan 2024 09:46:46.305 * Running mode=standalone, port=5021.
3604965:M 03 Jan 2024 09:46:46.312 * <raft> RedisRaft version 255.255.255 [b779b199]
3604965:M 03 Jan 2024 09:46:46.316 * <raft> Initializing test network
3604965:M 03 Jan 2024 09:46:46.317 * <raft> Created test network client
3604965:M 03 Jan 2024 09:46:46.320 * <raft> Raft module loaded, state is 'loading'
3604965:M 03 Jan 2024 09:46:46.320 * Module 'raft' loaded from /home/snagendra/Fuzzing/redisraft-fuzzing/redisraft.so
3604965:M 03 Jan 2024 09:46:46.320 * Server initialized
3604965:M 03 Jan 2024 09:46:46.320 . The AOF directory appendonlydir doesn't exist
3604965:M 03 Jan 2024 09:46:46.320 * Ready to accept connections tcp
3604965:M 03 Jan 2024 09:46:46.321 . 0 clients connected (0 replicas), 1746816 bytes in use
3604965:M 03 Jan 2024 09:46:46.378 - Accepted 127.0.0.1:53794
3604965:M 03 Jan 2024 09:46:46.378 # Missing implement of connection type tls
3604965:M 03 Jan 2024 09:46:46.420 * <raft> Loading: Redis loading complete, snapshot NOT LOADED
3604965:M 03 Jan 2024 09:46:46.420 * <raft> Cluster Membership: term:0 index:0 nodes: id=1,voting=0,active=1,addr=-
3604965:M 03 Jan 2024 09:46:46.421 * <raft> Test network starting message polling thread
3604965:M 03 Jan 2024 09:46:46.421 * <raft> Cluster Membership: term:0 index:6 nodes: id=1,voting=1,active=1,addr=- id=2,voting=0,active=1,addr=localhost:5022
3604965:M 03 Jan 2024 09:46:46.421 * <raft> Cluster Membership: term:0 index:6 nodes: id=1,voting=1,active=1,addr=- id=2,voting=0,active=1,addr=localhost:5022 id=3,voting=0,active=1,addr=localhost:5023
3604965:M 03 Jan 2024 09:46:46.421 * <raft> Raft state after loading log: log_count=6, first_idx=1, current_idx=6, last_applied_idx=0
3604965:M 03 Jan 2024 09:46:46.421 . <raft> Raft term=1, vote=-1
3604965:signal-handler (1704271606) Received SIGINT scheduling shutdown...
3604965:signal-handler (1704271606) You insist... exiting now.
3605178:C 03 Jan 2024 09:46:46.669 # WARNING Memory overcommit must be enabled! Without it, a background save or replication may fail under low memory condition. Being disabled, it can also cause failures without low memory condition, see https://github.com/jemalloc/jemalloc/issues/1328. To fix this issue add 'vm.overcommit_memory = 1' to /etc/sysctl.conf and then reboot or run the command 'sysctl vm.overcommit_memory=1' for this to take effect.
3605178:C 03 Jan 2024 09:46:46.669 * oO0OoO0OoO0Oo Redis is starting oO0OoO0OoO0Oo
3605178:C 03 Jan 2024 09:46:46.669 * Redis version=255.255.255, bits=64, commit=e04ebdb8, modified=1, pid=3605178, just started
3605178:C 03 Jan 2024 09:46:46.669 * Configuration loaded
3605178:M 03 Jan 2024 09:46:46.670 * monotonic clock: POSIX clock_gettime
3605178:M 03 Jan 2024 09:46:46.670 * Running mode=standalone, port=5021.
3605178:M 03 Jan 2024 09:46:46.676 * <raft> RedisRaft version 255.255.255 [b779b199]
3605178:M 03 Jan 2024 09:46:46.680 * <raft> Initializing test network
3605178:M 03 Jan 2024 09:46:46.681 * <raft> Created test network client
3605178:M 03 Jan 2024 09:46:46.685 * <raft> Raft module loaded, state is 'loading'
3605178:M 03 Jan 2024 09:46:46.685 * Module 'raft' loaded from /home/snagendra/Fuzzing/redisraft-fuzzing/redisraft.so
3605178:M 03 Jan 2024 09:46:46.686 * Server initialized
3605178:M 03 Jan 2024 09:46:46.686 . The AOF directory appendonlydir doesn't exist
3605178:M 03 Jan 2024 09:46:46.686 * Ready to accept connections tcp
3605178:M 03 Jan 2024 09:46:46.686 . 0 clients connected (0 replicas), 1746688 bytes in use
3605178:M 03 Jan 2024 09:46:46.719 - Accepted 127.0.0.1:53828
3605178:M 03 Jan 2024 09:46:46.719 # Missing implement of connection type tls
3605178:M 03 Jan 2024 09:46:46.753 - Accepted 127.0.0.1:53836
3605178:M 03 Jan 2024 09:46:46.786 * <raft> Loading: Redis loading complete, snapshot NOT LOADED
3605178:M 03 Jan 2024 09:46:46.786 * <raft> Cluster Membership: term:0 index:0 nodes: id=1,voting=0,active=1,addr=-
3605178:M 03 Jan 2024 09:46:46.786 * <raft> Test network starting message polling thread
3605178:M 03 Jan 2024 09:46:46.787 * <raft> Cluster Membership: term:0 index:6 nodes: id=1,voting=1,active=1,addr=- id=2,voting=0,active=1,addr=localhost:5022
3605178:M 03 Jan 2024 09:46:46.787 * <raft> Cluster Membership: term:0 index:6 nodes: id=1,voting=1,active=1,addr=- id=2,voting=0,active=1,addr=localhost:5022 id=3,voting=0,active=1,addr=localhost:5023
3605178:M 03 Jan 2024 09:46:46.787 * <raft> Raft state after loading log: log_count=6, first_idx=1, current_idx=6, last_applied_idx=0
3605178:M 03 Jan 2024 09:46:46.787 . <raft> Raft term=1, vote=-1
3605178:signal-handler (1704271606) Received SIGINT scheduling shutdown...
3605178:M 03 Jan 2024 09:46:46.989 * User requested shutdown...
3605178:M 03 Jan 2024 09:46:46.989 # Redis is now ready to exit, bye bye...

----- Stderr -----
libgcov profiling error:/home/snagendra/Fuzzing/redisraft-fuzzing/build/deps/raft/CMakeFiles/raft.dir/src/raft_server.c.gcda:Merge mismatch for function 21
libgcov profiling error:/home/snagendra/Fuzzing/redisraft-fuzzing/build/deps/raft/CMakeFiles/raft.dir/src/raft_server.c.gcda:Merge mismatch for function 21




logs for node: 2

----- Stdout -----
3603797:C 03 Jan 2024 09:46:43.529 # WARNING Memory overcommit must be enabled! Without it, a background save or replication may fail under low memory condition. Being disabled, it can also cause failures without low memory condition, see https://github.com/jemalloc/jemalloc/issues/1328. To fix this issue add 'vm.overcommit_memory = 1' to /etc/sysctl.conf and then reboot or run the command 'sysctl vm.overcommit_memory=1' for this to take effect.
3603797:C 03 Jan 2024 09:46:43.529 * oO0OoO0OoO0Oo Redis is starting oO0OoO0OoO0Oo
3603797:C 03 Jan 2024 09:46:43.529 * Redis version=255.255.255, bits=64, commit=e04ebdb8, modified=1, pid=3603797, just started
3603797:C 03 Jan 2024 09:46:43.529 * Configuration loaded
3603797:M 03 Jan 2024 09:46:43.529 * monotonic clock: POSIX clock_gettime
3603797:M 03 Jan 2024 09:46:43.530 * Running mode=standalone, port=5022.
3603797:M 03 Jan 2024 09:46:43.536 * <raft> RedisRaft version 255.255.255 [b779b199]
3603797:M 03 Jan 2024 09:46:43.541 * <raft> Initializing test network
3603797:M 03 Jan 2024 09:46:43.542 * <raft> Created test network client
3603797:M 03 Jan 2024 09:46:43.542 * <raft> Raft module loaded, state is 'uninitialized'
3603797:M 03 Jan 2024 09:46:43.542 * Module 'raft' loaded from /home/snagendra/Fuzzing/redisraft-fuzzing/redisraft.so
3603797:M 03 Jan 2024 09:46:43.543 * Server initialized
3603797:M 03 Jan 2024 09:46:43.544 . The AOF directory appendonlydir doesn't exist
3603797:M 03 Jan 2024 09:46:43.544 * Ready to accept connections tcp
3603797:M 03 Jan 2024 09:46:43.544 . 0 clients connected (0 replicas), 1726160 bytes in use
3603797:M 03 Jan 2024 09:46:43.575 - Accepted 127.0.0.1:42748
3603797:M 03 Jan 2024 09:46:43.575 # Missing implement of connection type tls
3603797:M 03 Jan 2024 09:46:43.642 - <raft> join cluster, connecting to localhost:5021
3603797:M 03 Jan 2024 09:46:43.644 * <raft> Joined Raft cluster, node id: 2, dbid: 4da6c59ad5529c74569c084ebed44d4f
3603797:M 03 Jan 2024 09:46:43.650 * <raft> Cluster Membership: term:0 index:0 nodes: id=2,voting=0,active=1,addr=-
3603797:M 03 Jan 2024 09:46:43.651 * <raft> Test network starting message polling thread
3603797:M 03 Jan 2024 09:46:43.705 - Accepted 127.0.0.1:42764
3603797:M 03 Jan 2024 09:46:44.044 * <raft> State change: Election starting, node is now a pre-candidate, term 0
3603797:M 03 Jan 2024 09:46:44.044 * <raft> Cluster Membership: term:0 index:0 nodes: id=2,voting=0,active=1,addr=-
3603797:M 03 Jan 2024 09:46:44.199 * <raft> State change: Node is now a follower, term 1
3603797:M 03 Jan 2024 09:46:44.199 * <raft> Cluster Membership: term:1 index:0 nodes: id=2,voting=0,active=1,addr=-
3603797:M 03 Jan 2024 09:46:44.199 * <raft> Cluster Membership: term:1 index:2 nodes: id=2,voting=0,active=1,addr=- id=1,voting=1,active=1,addr=localhost:5021
3603797:M 03 Jan 2024 09:46:44.200 * <raft> Cluster Membership: term:1 index:4 nodes: id=2,voting=0,active=1,addr=- id=1,voting=1,active=1,addr=localhost:5021 id=3,voting=0,active=1,addr=localhost:5023
3603797:M 03 Jan 2024 09:46:44.546 * <raft> State change: Election starting, node is now a pre-candidate, term 1
3603797:M 03 Jan 2024 09:46:44.546 * <raft> Cluster Membership: term:1 index:4 nodes: id=2,voting=0,active=1,addr=- id=1,voting=1,active=1,addr=localhost:5021 id=3,voting=0,active=1,addr=localhost:5023
3603797:signal-handler (1704271604) Received SIGINT scheduling shutdown...
3603797:signal-handler (1704271604) You insist... exiting now.
3604395:C 03 Jan 2024 09:46:45.129 # WARNING Memory overcommit must be enabled! Without it, a background save or replication may fail under low memory condition. Being disabled, it can also cause failures without low memory condition, see https://github.com/jemalloc/jemalloc/issues/1328. To fix this issue add 'vm.overcommit_memory = 1' to /etc/sysctl.conf and then reboot or run the command 'sysctl vm.overcommit_memory=1' for this to take effect.
3604395:C 03 Jan 2024 09:46:45.129 * oO0OoO0OoO0Oo Redis is starting oO0OoO0OoO0Oo
3604395:C 03 Jan 2024 09:46:45.129 * Redis version=255.255.255, bits=64, commit=e04ebdb8, modified=1, pid=3604395, just started
3604395:C 03 Jan 2024 09:46:45.129 * Configuration loaded
3604395:M 03 Jan 2024 09:46:45.129 * monotonic clock: POSIX clock_gettime
3604395:M 03 Jan 2024 09:46:45.130 * Running mode=standalone, port=5022.
3604395:M 03 Jan 2024 09:46:45.136 * <raft> RedisRaft version 255.255.255 [b779b199]
3604395:M 03 Jan 2024 09:46:45.140 * <raft> Initializing test network
3604395:M 03 Jan 2024 09:46:45.141 * <raft> Created test network client
3604395:M 03 Jan 2024 09:46:45.144 * <raft> Raft module loaded, state is 'loading'
3604395:M 03 Jan 2024 09:46:45.144 * Module 'raft' loaded from /home/snagendra/Fuzzing/redisraft-fuzzing/redisraft.so
3604395:M 03 Jan 2024 09:46:45.145 * Server initialized
3604395:M 03 Jan 2024 09:46:45.145 . The AOF directory appendonlydir doesn't exist
3604395:M 03 Jan 2024 09:46:45.145 * Ready to accept connections tcp
3604395:M 03 Jan 2024 09:46:45.145 . 0 clients connected (0 replicas), 1746720 bytes in use
3604395:M 03 Jan 2024 09:46:45.213 - Accepted 127.0.0.1:42802
3604395:M 03 Jan 2024 09:46:45.213 # Missing implement of connection type tls
3604395:M 03 Jan 2024 09:46:45.244 * <raft> Loading: Redis loading complete, snapshot NOT LOADED
3604395:M 03 Jan 2024 09:46:45.245 * <raft> Cluster Membership: term:0 index:0 nodes: id=2,voting=0,active=1,addr=-
3604395:M 03 Jan 2024 09:46:45.245 * <raft> Test network starting message polling thread
3604395:M 03 Jan 2024 09:46:45.245 * <raft> Cluster Membership: term:0 index:4 nodes: id=2,voting=0,active=1,addr=- id=1,voting=1,active=1,addr=localhost:5021
3604395:M 03 Jan 2024 09:46:45.246 * <raft> Cluster Membership: term:0 index:4 nodes: id=2,voting=0,active=1,addr=- id=1,voting=1,active=1,addr=localhost:5021 id=3,voting=0,active=1,addr=localhost:5023
3604395:M 03 Jan 2024 09:46:45.246 * <raft> Raft state after loading log: log_count=4, first_idx=1, current_idx=4, last_applied_idx=0
3604395:M 03 Jan 2024 09:46:45.246 . <raft> Raft term=1, vote=-1
3604395:M 03 Jan 2024 09:46:45.460 - Accepted 127.0.0.1:42816
3604395:M 03 Jan 2024 09:46:45.546 * <raft> State change: Election starting, node is now a pre-candidate, term 1
3604395:M 03 Jan 2024 09:46:45.546 * <raft> Cluster Membership: term:1 index:4 nodes: id=2,voting=0,active=1,addr=- id=1,voting=1,active=1,addr=localhost:5021 id=3,voting=0,active=1,addr=localhost:5023
3604395:M 03 Jan 2024 09:46:45.601 - Client closed connection id=9 addr=127.0.0.1:42816 laddr=127.0.0.1:5022 fd=14 name= age=0 idle=0 flags=N db=0 sub=0 psub=0 ssub=0 multi=-1 qbuf=0 qbuf-free=20474 argv-mem=0 multi-mem=0 rbs=16384 rbp=0 obl=0 oll=0 omem=0 tot-mem=37760 events=r cmd=auth user=default redir=-1 resp=2 lib-name= lib-ver=
3604395:signal-handler (1704271605) Received SIGINT scheduling shutdown...
3604395:signal-handler (1704271605) You insist... exiting now.
3605090:C 03 Jan 2024 09:46:46.534 # WARNING Memory overcommit must be enabled! Without it, a background save or replication may fail under low memory condition. Being disabled, it can also cause failures without low memory condition, see https://github.com/jemalloc/jemalloc/issues/1328. To fix this issue add 'vm.overcommit_memory = 1' to /etc/sysctl.conf and then reboot or run the command 'sysctl vm.overcommit_memory=1' for this to take effect.
3605090:C 03 Jan 2024 09:46:46.534 * oO0OoO0OoO0Oo Redis is starting oO0OoO0OoO0Oo
3605090:C 03 Jan 2024 09:46:46.534 * Redis version=255.255.255, bits=64, commit=e04ebdb8, modified=1, pid=3605090, just started
3605090:C 03 Jan 2024 09:46:46.534 * Configuration loaded
3605090:M 03 Jan 2024 09:46:46.534 * monotonic clock: POSIX clock_gettime
3605090:M 03 Jan 2024 09:46:46.535 * Running mode=standalone, port=5022.
3605090:M 03 Jan 2024 09:46:46.542 * <raft> RedisRaft version 255.255.255 [b779b199]
3605090:M 03 Jan 2024 09:46:46.546 * <raft> Initializing test network
3605090:M 03 Jan 2024 09:46:46.547 * <raft> Created test network client
3605090:M 03 Jan 2024 09:46:46.551 * <raft> Raft module loaded, state is 'loading'
3605090:M 03 Jan 2024 09:46:46.551 * Module 'raft' loaded from /home/snagendra/Fuzzing/redisraft-fuzzing/redisraft.so
3605090:M 03 Jan 2024 09:46:46.551 * Server initialized
3605090:M 03 Jan 2024 09:46:46.551 . The AOF directory appendonlydir doesn't exist
3605090:M 03 Jan 2024 09:46:46.551 * Ready to accept connections tcp
3605090:M 03 Jan 2024 09:46:46.552 . 0 clients connected (0 replicas), 1746688 bytes in use
3605090:M 03 Jan 2024 09:46:46.620 - Accepted 127.0.0.1:42908
3605090:M 03 Jan 2024 09:46:46.620 # Missing implement of connection type tls
3605090:M 03 Jan 2024 09:46:46.651 * <raft> Loading: Redis loading complete, snapshot NOT LOADED
3605090:M 03 Jan 2024 09:46:46.651 * <raft> Cluster Membership: term:0 index:0 nodes: id=2,voting=0,active=1,addr=-
3605090:M 03 Jan 2024 09:46:46.652 * <raft> Test network starting message polling thread
3605090:M 03 Jan 2024 09:46:46.652 * <raft> Cluster Membership: term:0 index:4 nodes: id=2,voting=0,active=1,addr=- id=1,voting=1,active=1,addr=localhost:5021
3605090:M 03 Jan 2024 09:46:46.652 * <raft> Cluster Membership: term:0 index:4 nodes: id=2,voting=0,active=1,addr=- id=1,voting=1,active=1,addr=localhost:5021 id=3,voting=0,active=1,addr=localhost:5023
3605090:M 03 Jan 2024 09:46:46.652 * <raft> Raft state after loading log: log_count=4, first_idx=1, current_idx=4, last_applied_idx=0
3605090:M 03 Jan 2024 09:46:46.652 . <raft> Raft term=1, vote=-1
3605090:M 03 Jan 2024 09:46:46.788 - Accepted 127.0.0.1:42912
3605090:M 03 Jan 2024 09:46:46.994 - Client closed connection id=9 addr=127.0.0.1:42912 laddr=127.0.0.1:5022 fd=14 name= age=0 idle=0 flags=N db=0 sub=0 psub=0 ssub=0 multi=-1 qbuf=0 qbuf-free=20474 argv-mem=0 multi-mem=0 rbs=1024 rbp=0 obl=0 oll=0 omem=0 tot-mem=22400 events=r cmd=auth user=default redir=-1 resp=2 lib-name= lib-ver=
3605090:signal-handler (1704271606) Received SIGINT scheduling shutdown...
3605090:signal-handler (1704271606) You insist... exiting now.

----- Stderr -----
libgcov profiling error:/home/snagendra/Fuzzing/redisraft-fuzzing/build/deps/raft/CMakeFiles/raft.dir/src/raft_server.c.gcda:Merge mismatch for function 21
libgcov profiling error:/home/snagendra/Fuzzing/redisraft-fuzzing/build/deps/raft/CMakeFiles/raft.dir/src/raft_server.c.gcda:Merge mismatch for function 21
libgcov profiling error:/home/snagendra/Fuzzing/redisraft-fuzzing/build/deps/raft/CMakeFiles/raft.dir/src/raft_server.c.gcda:Merge mismatch for function 21




logs for node: 3

----- Stdout -----
3603866:C 03 Jan 2024 09:46:43.654 # WARNING Memory overcommit must be enabled! Without it, a background save or replication may fail under low memory condition. Being disabled, it can also cause failures without low memory condition, see https://github.com/jemalloc/jemalloc/issues/1328. To fix this issue add 'vm.overcommit_memory = 1' to /etc/sysctl.conf and then reboot or run the command 'sysctl vm.overcommit_memory=1' for this to take effect.
3603866:C 03 Jan 2024 09:46:43.654 * oO0OoO0OoO0Oo Redis is starting oO0OoO0OoO0Oo
3603866:C 03 Jan 2024 09:46:43.654 * Redis version=255.255.255, bits=64, commit=e04ebdb8, modified=1, pid=3603866, just started
3603866:C 03 Jan 2024 09:46:43.654 * Configuration loaded
3603866:M 03 Jan 2024 09:46:43.654 * monotonic clock: POSIX clock_gettime
3603866:M 03 Jan 2024 09:46:43.655 * Running mode=standalone, port=5023.
3603866:M 03 Jan 2024 09:46:43.662 * <raft> RedisRaft version 255.255.255 [b779b199]
3603866:M 03 Jan 2024 09:46:43.667 * <raft> Initializing test network
3603866:M 03 Jan 2024 09:46:43.668 * <raft> Created test network client
3603866:M 03 Jan 2024 09:46:43.669 * <raft> Raft module loaded, state is 'uninitialized'
3603866:M 03 Jan 2024 09:46:43.669 * Module 'raft' loaded from /home/snagendra/Fuzzing/redisraft-fuzzing/redisraft.so
3603866:M 03 Jan 2024 09:46:43.669 * Server initialized
3603866:M 03 Jan 2024 09:46:43.670 . The AOF directory appendonlydir doesn't exist
3603866:M 03 Jan 2024 09:46:43.670 * Ready to accept connections tcp
3603866:M 03 Jan 2024 09:46:43.670 . 0 clients connected (0 replicas), 1726160 bytes in use
3603866:M 03 Jan 2024 09:46:43.676 - Accepted 127.0.0.1:35492
3603866:M 03 Jan 2024 09:46:43.676 # Missing implement of connection type tls
3603866:M 03 Jan 2024 09:46:43.769 - <raft> join cluster, connecting to localhost:5021
3603866:M 03 Jan 2024 09:46:43.771 * <raft> Joined Raft cluster, node id: 3, dbid: 4da6c59ad5529c74569c084ebed44d4f
3603866:M 03 Jan 2024 09:46:43.777 * <raft> Cluster Membership: term:0 index:0 nodes: id=3,voting=0,active=1,addr=-
3603866:M 03 Jan 2024 09:46:43.777 * <raft> Test network starting message polling thread
3603866:M 03 Jan 2024 09:46:43.806 - Accepted 127.0.0.1:35498
3603866:M 03 Jan 2024 09:46:43.846 * <raft> Cluster Membership: term:1 index:2 nodes: id=3,voting=0,active=1,addr=- id=1,voting=1,active=1,addr=localhost:5021
3603866:M 03 Jan 2024 09:46:43.846 * <raft> Cluster Membership: term:1 index:3 nodes: id=3,voting=0,active=1,addr=- id=1,voting=1,active=1,addr=localhost:5021 id=2,voting=0,active=1,addr=localhost:5022
3603866:signal-handler (1704271603) Received SIGINT scheduling shutdown...
3603866:signal-handler (1704271603) You insist... exiting now.
3604485:C 03 Jan 2024 09:46:45.343 # WARNING Memory overcommit must be enabled! Without it, a background save or replication may fail under low memory condition. Being disabled, it can also cause failures without low memory condition, see https://github.com/jemalloc/jemalloc/issues/1328. To fix this issue add 'vm.overcommit_memory = 1' to /etc/sysctl.conf and then reboot or run the command 'sysctl vm.overcommit_memory=1' for this to take effect.
3604485:C 03 Jan 2024 09:46:45.343 * oO0OoO0OoO0Oo Redis is starting oO0OoO0OoO0Oo
3604485:C 03 Jan 2024 09:46:45.343 * Redis version=255.255.255, bits=64, commit=e04ebdb8, modified=1, pid=3604485, just started
3604485:C 03 Jan 2024 09:46:45.343 * Configuration loaded
3604485:M 03 Jan 2024 09:46:45.343 * monotonic clock: POSIX clock_gettime
3604485:M 03 Jan 2024 09:46:45.344 * Running mode=standalone, port=5023.
3604485:M 03 Jan 2024 09:46:45.350 * <raft> RedisRaft version 255.255.255 [b779b199]
3604485:M 03 Jan 2024 09:46:45.354 * <raft> Initializing test network
3604485:M 03 Jan 2024 09:46:45.355 * <raft> Created test network client
3604485:M 03 Jan 2024 09:46:45.358 * <raft> Raft module loaded, state is 'loading'
3604485:M 03 Jan 2024 09:46:45.358 * Module 'raft' loaded from /home/snagendra/Fuzzing/redisraft-fuzzing/redisraft.so
3604485:M 03 Jan 2024 09:46:45.359 * Server initialized
3604485:M 03 Jan 2024 09:46:45.359 . The AOF directory appendonlydir doesn't exist
3604485:M 03 Jan 2024 09:46:45.359 * Ready to accept connections tcp
3604485:M 03 Jan 2024 09:46:45.359 . 0 clients connected (0 replicas), 1746816 bytes in use
3604485:M 03 Jan 2024 09:46:45.415 - Accepted 127.0.0.1:35746
3604485:M 03 Jan 2024 09:46:45.415 # Missing implement of connection type tls
3604485:M 03 Jan 2024 09:46:45.447 - Accepted 127.0.0.1:35754
3604485:M 03 Jan 2024 09:46:45.458 * <raft> Loading: Redis loading complete, snapshot NOT LOADED
3604485:M 03 Jan 2024 09:46:45.459 * <raft> Cluster Membership: term:0 index:0 nodes: id=3,voting=0,active=1,addr=-
3604485:M 03 Jan 2024 09:46:45.459 * <raft> Test network starting message polling thread
3604485:M 03 Jan 2024 09:46:45.459 * <raft> Cluster Membership: term:0 index:4 nodes: id=3,voting=0,active=1,addr=- id=1,voting=1,active=1,addr=localhost:5021
3604485:M 03 Jan 2024 09:46:45.460 * <raft> Cluster Membership: term:0 index:4 nodes: id=3,voting=0,active=1,addr=- id=1,voting=1,active=1,addr=localhost:5021 id=2,voting=0,active=1,addr=localhost:5022
3604485:M 03 Jan 2024 09:46:45.460 * <raft> Raft state after loading log: log_count=4, first_idx=1, current_idx=4, last_applied_idx=0
3604485:M 03 Jan 2024 09:46:45.460 . <raft> Raft term=1, vote=-1
3604485:signal-handler (1704271605) Received SIGINT scheduling shutdown...
3604485:signal-handler (1704271605) You insist... exiting now.
3604773:C 03 Jan 2024 09:46:45.984 # WARNING Memory overcommit must be enabled! Without it, a background save or replication may fail under low memory condition. Being disabled, it can also cause failures without low memory condition, see https://github.com/jemalloc/jemalloc/issues/1328. To fix this issue add 'vm.overcommit_memory = 1' to /etc/sysctl.conf and then reboot or run the command 'sysctl vm.overcommit_memory=1' for this to take effect.
3604773:C 03 Jan 2024 09:46:45.984 * oO0OoO0OoO0Oo Redis is starting oO0OoO0OoO0Oo
3604773:C 03 Jan 2024 09:46:45.984 * Redis version=255.255.255, bits=64, commit=e04ebdb8, modified=1, pid=3604773, just started
3604773:C 03 Jan 2024 09:46:45.984 * Configuration loaded
3604773:M 03 Jan 2024 09:46:45.984 * monotonic clock: POSIX clock_gettime
3604773:M 03 Jan 2024 09:46:45.985 * Running mode=standalone, port=5023.
3604773:M 03 Jan 2024 09:46:45.991 * <raft> RedisRaft version 255.255.255 [b779b199]
3604773:M 03 Jan 2024 09:46:45.996 * <raft> Initializing test network
3604773:M 03 Jan 2024 09:46:45.996 * <raft> Created test network client
3604773:M 03 Jan 2024 09:46:46.000 * <raft> Raft module loaded, state is 'loading'
3604773:M 03 Jan 2024 09:46:46.000 * Module 'raft' loaded from /home/snagendra/Fuzzing/redisraft-fuzzing/redisraft.so
3604773:M 03 Jan 2024 09:46:46.001 * Server initialized
3604773:M 03 Jan 2024 09:46:46.001 . The AOF directory appendonlydir doesn't exist
3604773:M 03 Jan 2024 09:46:46.001 * Ready to accept connections tcp
3604773:M 03 Jan 2024 09:46:46.001 . 0 clients connected (0 replicas), 1746720 bytes in use
3604773:M 03 Jan 2024 09:46:46.018 - Accepted 127.0.0.1:35804
3604773:M 03 Jan 2024 09:46:46.018 # Missing implement of connection type tls
3604773:M 03 Jan 2024 09:46:46.101 * <raft> Loading: Redis loading complete, snapshot NOT LOADED
3604773:M 03 Jan 2024 09:46:46.101 * <raft> Cluster Membership: term:0 index:0 nodes: id=3,voting=0,active=1,addr=-
3604773:M 03 Jan 2024 09:46:46.101 * <raft> Test network starting message polling thread
3604773:M 03 Jan 2024 09:46:46.102 * <raft> Cluster Membership: term:0 index:4 nodes: id=3,voting=0,active=1,addr=- id=1,voting=1,active=1,addr=localhost:5021
3604773:M 03 Jan 2024 09:46:46.102 * <raft> Cluster Membership: term:0 index:4 nodes: id=3,voting=0,active=1,addr=- id=1,voting=1,active=1,addr=localhost:5021 id=2,voting=0,active=1,addr=localhost:5022
3604773:M 03 Jan 2024 09:46:46.102 * <raft> Raft state after loading log: log_count=4, first_idx=1, current_idx=4, last_applied_idx=0
3604773:M 03 Jan 2024 09:46:46.102 . <raft> Raft term=1, vote=-1
3604773:M 03 Jan 2024 09:46:46.149 - Client closed connection id=8 addr=127.0.0.1:35804 laddr=127.0.0.1:5023 fd=11 name= age=0 idle=0 flags=N db=0 sub=0 psub=0 ssub=0 multi=-1 qbuf=0 qbuf-free=20474 argv-mem=0 multi-mem=0 rbs=16384 rbp=0 obl=0 oll=0 omem=0 tot-mem=37760 events=r cmd=auth user=default redir=-1 resp=2 lib-name= lib-ver=
3604773:signal-handler (1704271606) Received SIGINT scheduling shutdown...
3604773:signal-handler (1704271606) You insist... exiting now.
3605069:C 03 Jan 2024 09:46:46.503 # WARNING Memory overcommit must be enabled! Without it, a background save or replication may fail under low memory condition. Being disabled, it can also cause failures without low memory condition, see https://github.com/jemalloc/jemalloc/issues/1328. To fix this issue add 'vm.overcommit_memory = 1' to /etc/sysctl.conf and then reboot or run the command 'sysctl vm.overcommit_memory=1' for this to take effect.
3605069:C 03 Jan 2024 09:46:46.503 * oO0OoO0OoO0Oo Redis is starting oO0OoO0OoO0Oo
3605069:C 03 Jan 2024 09:46:46.503 * Redis version=255.255.255, bits=64, commit=e04ebdb8, modified=1, pid=3605069, just started
3605069:C 03 Jan 2024 09:46:46.503 * Configuration loaded
3605069:M 03 Jan 2024 09:46:46.503 * monotonic clock: POSIX clock_gettime
3605069:M 03 Jan 2024 09:46:46.504 * Running mode=standalone, port=5023.
3605069:M 03 Jan 2024 09:46:46.510 * <raft> RedisRaft version 255.255.255 [b779b199]
3605069:M 03 Jan 2024 09:46:46.514 * <raft> Initializing test network
3605069:M 03 Jan 2024 09:46:46.515 * <raft> Created test network client
3605069:M 03 Jan 2024 09:46:46.517 * <raft> Raft module loaded, state is 'loading'
3605069:M 03 Jan 2024 09:46:46.517 * Module 'raft' loaded from /home/snagendra/Fuzzing/redisraft-fuzzing/redisraft.so
3605069:M 03 Jan 2024 09:46:46.518 * Server initialized
3605069:M 03 Jan 2024 09:46:46.518 . The AOF directory appendonlydir doesn't exist
3605069:M 03 Jan 2024 09:46:46.518 * Ready to accept connections tcp
3605069:M 03 Jan 2024 09:46:46.518 . 0 clients connected (0 replicas), 1746688 bytes in use
3605069:M 03 Jan 2024 09:46:46.522 - Accepted 127.0.0.1:35820
3605069:M 03 Jan 2024 09:46:46.523 # Missing implement of connection type tls
3605069:M 03 Jan 2024 09:46:46.575 - Client closed connection id=8 addr=127.0.0.1:35820 laddr=127.0.0.1:5023 fd=11 name= age=0 idle=0 flags=N db=0 sub=0 psub=0 ssub=0 multi=-1 qbuf=0 qbuf-free=20474 argv-mem=0 multi-mem=0 rbs=16384 rbp=16384 obl=0 oll=0 omem=0 tot-mem=37760 events=r cmd=auth user=default redir=-1 resp=2 lib-name= lib-ver=
3605069:M 03 Jan 2024 09:46:46.617 * <raft> Loading: Redis loading complete, snapshot NOT LOADED
3605069:M 03 Jan 2024 09:46:46.618 * <raft> Cluster Membership: term:0 index:0 nodes: id=3,voting=0,active=1,addr=-
3605069:M 03 Jan 2024 09:46:46.618 * <raft> Test network starting message polling thread
3605069:M 03 Jan 2024 09:46:46.619 * <raft> Cluster Membership: term:0 index:4 nodes: id=3,voting=0,active=1,addr=- id=1,voting=1,active=1,addr=localhost:5021
3605069:M 03 Jan 2024 09:46:46.619 * <raft> Cluster Membership: term:0 index:4 nodes: id=3,voting=0,active=1,addr=- id=1,voting=1,active=1,addr=localhost:5021 id=2,voting=0,active=1,addr=localhost:5022
3605069:M 03 Jan 2024 09:46:46.619 * <raft> Raft state after loading log: log_count=4, first_idx=1, current_idx=4, last_applied_idx=0
3605069:M 03 Jan 2024 09:46:46.619 . <raft> Raft term=1, vote=-1
3605069:M 03 Jan 2024 09:46:46.653 - Accepted 127.0.0.1:35826
3605069:M 03 Jan 2024 09:46:46.788 - Accepted 127.0.0.1:35842
3605069:M 03 Jan 2024 09:46:46.994 - Client closed connection id=10 addr=127.0.0.1:35842 laddr=127.0.0.1:5023 fd=14 name= age=0 idle=0 flags=N db=0 sub=0 psub=0 ssub=0 multi=-1 qbuf=0 qbuf-free=20474 argv-mem=0 multi-mem=0 rbs=1024 rbp=0 obl=0 oll=0 omem=0 tot-mem=22400 events=r cmd=auth user=default redir=-1 resp=2 lib-name= lib-ver=
3605069:M 03 Jan 2024 09:46:47.012 - Client closed connection id=9 addr=127.0.0.1:35826 laddr=127.0.0.1:5023 fd=12 name= age=1 idle=1 flags=N db=0 sub=0 psub=0 ssub=0 multi=-1 qbuf=0 qbuf-free=20474 argv-mem=0 multi-mem=0 rbs=1024 rbp=0 obl=0 oll=0 omem=0 tot-mem=22400 events=r cmd=auth user=default redir=-1 resp=2 lib-name= lib-ver=
3605069:signal-handler (1704271607) Received SIGINT scheduling shutdown...
3605069:signal-handler (1704271607) You insist... exiting now.


=== REDIS BUG REPORT START: Cut & paste starting from here ===
3605069:M 03 Jan 2024 09:46:47.020 # Redis 255.255.255 crashed by signal: 11, si_code: 1
3605069:M 03 Jan 2024 09:46:47.020 # Accessing address: 0x18
3605069:M 03 Jan 2024 09:46:47.020 # Crashed running the instruction at: 0x7f785b70b0b0

------ STACK TRACE ------
EIP:
/lib/x86_64-linux-gnu/libc.so.6(__pthread_rwlock_wrlock+0x0)[0x7f785b70b0b0]

Backtrace:
/lib/x86_64-linux-gnu/libc.so.6(+0x3bfd0)[0x7f785b6b7fd0]
/lib/x86_64-linux-gnu/libc.so.6(__pthread_rwlock_wrlock+0x0)[0x7f785b70b0b0]
/lib/x86_64-linux-gnu/libcrypto.so.3(CRYPTO_THREAD_write_lock+0x9)[0x7f7859a3df49]
/lib/x86_64-linux-gnu/libcrypto.so.3(ENGINE_get_first+0x3a)[0x7f78599e408a]
/lib/x86_64-linux-gnu/libcrypto.so.3(ENGINE_register_all_complete+0x6)[0x7f78599e3486]
/lib/x86_64-linux-gnu/libssh2.so.1(libssh2_init+0x39)[0x7f785a46a389]
/lib/x86_64-linux-gnu/libcurl-gnutls.so.4(+0x8146b)[0x7f785a54e46b]
/lib/x86_64-linux-gnu/libcurl-gnutls.so.4(+0x22125)[0x7f785a4ef125]
/lib/x86_64-linux-gnu/libcurl-gnutls.so.4(curl_global_init+0x3a)[0x7f785a4ef22a]
/home/snagendra/Fuzzing/redisraft-fuzzing/redisraft.so(redis_test_http_do+0x2c)[0x7f785a5c486c]
/home/snagendra/Fuzzing/redisraft-fuzzing/redisraft.so(redis_test_http_post+0x26)[0x7f785a5c4a86]
/home/snagendra/Fuzzing/redisraft-fuzzing/redisraft.so(redis_test_send_message+0x9d)[0x7f785a5c3efd]
/home/snagendra/Fuzzing/redisraft-fuzzing/redisraft.so(testNetworkSendRequestVote+0x6a)[0x7f785a5ad2ba]
/home/snagendra/Fuzzing/redisraft-fuzzing/redisraft.so(raft_send_requestvote+0x126)[0x7f785a5b35e6]
/home/snagendra/Fuzzing/redisraft-fuzzing/redisraft.so(raft_become_precandidate+0x113)[0x7f785a5b37a3]
/home/snagendra/Fuzzing/redisraft-fuzzing/redisraft.so(raft_election_start+0x80)[0x7f785a5b3f10]
/home/snagendra/Fuzzing/redisraft-fuzzing/redisraft.so(raft_periodic_internal+0x9a)[0x7f785a5b863a]
/home/snagendra/Fuzzing/redisraft-fuzzing/redisraft.so(raft_periodic+0x18)[0x7f785a5b8868]
/home/snagendra/Fuzzing/redisraft-fuzzing/redisraft.so(+0x2b765)[0x7f785a5a3765]
/home/snagendra/Fuzzing/redis/src/redis-server 0.0.0.0:5023(moduleTimerHandler+0x21c)[0x55a5431b398c]
/home/snagendra/Fuzzing/redis/src/redis-server 0.0.0.0:5023(+0x81705)[0x55a5430bd705]
/home/snagendra/Fuzzing/redis/src/redis-server 0.0.0.0:5023(aeMain+0x1c8)[0x55a5430c7cb8]
/home/snagendra/Fuzzing/redis/src/redis-server 0.0.0.0:5023(main+0x3cd)[0x55a5430bce2d]
/lib/x86_64-linux-gnu/libc.so.6(+0x271ca)[0x7f785b6a31ca]
/lib/x86_64-linux-gnu/libc.so.6(__libc_start_main+0x85)[0x7f785b6a3285]
/home/snagendra/Fuzzing/redis/src/redis-server 0.0.0.0:5023(_start+0x2a)[0x55a5430bd5aa]

------ REGISTERS ------
3605069:M 03 Jan 2024 09:46:47.021 # 
RAX:0000000000000001 RBX:000055a5444562f0
RCX:0000000000000000 RDX:0000000000000000
RDI:0000000000000000 RSI:0000000000000000
RBP:00007f7859c7e638 RSP:00007ffff60fe338
R8 :0000000000000000 R9 :0000000000000000
R10:0000000000000000 R11:0000000000000000
R12:00007ffff60fe430 R13:000055a5444563b0
R14:0000000000000001 R15:0000000000000002
RIP:00007f785b70b0b0 EFL:0000000000010202
CSGSFS:002b000000000033
3605069:M 03 Jan 2024 09:46:47.021 # (00007ffff60fe347) -> 000055a5444562f0
3605069:M 03 Jan 2024 09:46:47.021 # (00007ffff60fe346) -> 00007f785a4ef125
3605069:M 03 Jan 2024 09:46:47.021 # (00007ffff60fe345) -> 0000000000000002
3605069:M 03 Jan 2024 09:46:47.021 # (00007ffff60fe344) -> 00007f785a54e46b
3605069:M 03 Jan 2024 09:46:47.021 # (00007ffff60fe343) -> 000055a5444563b0
3605069:M 03 Jan 2024 09:46:47.021 # (00007ffff60fe342) -> 00000000f60fe430
3605069:M 03 Jan 2024 09:46:47.021 # (00007ffff60fe341) -> 000055a544480440
3605069:M 03 Jan 2024 09:46:47.021 # (00007ffff60fe340) -> 00007f785a46a389
3605069:M 03 Jan 2024 09:46:47.021 # (00007ffff60fe33f) -> 000055a5444562f0
3605069:M 03 Jan 2024 09:46:47.021 # (00007ffff60fe33e) -> 00007f78599e3486
3605069:M 03 Jan 2024 09:46:47.021 # (00007ffff60fe33d) -> 000055a544480440
3605069:M 03 Jan 2024 09:46:47.021 # (00007ffff60fe33c) -> 000055a5444562f0
3605069:M 03 Jan 2024 09:46:47.021 # (00007ffff60fe33b) -> 00007ffff60fe430
3605069:M 03 Jan 2024 09:46:47.021 # (00007ffff60fe33a) -> 00007f78599e408a
3605069:M 03 Jan 2024 09:46:47.021 # (00007ffff60fe339) -> 000055a5444562f0
3605069:M 03 Jan 2024 09:46:47.021 # (00007ffff60fe338) -> 00007f7859a3df49

------ INFO OUTPUT ------
# Server
redis_version:255.255.255
redis_git_sha1:e04ebdb8
redis_git_dirty:1
redis_build_id:1f78dcc7b4fbdd25
redis_mode:standalone
os:Linux 6.1.60.1.amd64-smp x86_64
arch_bits:64
monotonic_clock:POSIX clock_gettime
multiplexing_api:epoll
atomicvar_api:c11-builtin
gcc_version:10.2.1
process_id:3605069
process_supervised:no
run_id:8ea60b5dbb4274a8a78482645223f6f3154cd55d
tcp_port:5023
server_time_usec:1704271607020653
uptime_in_seconds:1
uptime_in_days:0
hz:10
configured_hz:10
lru_clock:9772790
executable:/home/snagendra/Fuzzing/redis/src/redis-server
config_file:
io_threads_active:0
listener0:name=tcp,bind=0.0.0.0,port=5023

# Clients
connected_clients:0
cluster_connections:0
maxclients:10000
client_recent_max_input_buffer:20480
client_recent_max_output_buffer:0
blocked_clients:0
tracking_clients:0
clients_in_timeout_table:0
total_blocking_keys:0
total_blocking_keys_on_nokey:0

# Memory
used_memory:1806888
used_memory_human:1.72M
used_memory_rss:18214912
used_memory_rss_human:17.37M
used_memory_peak:1881720
used_memory_peak_human:1.79M
used_memory_peak_perc:96.02%
used_memory_overhead:1746800
used_memory_startup:1746544
used_memory_dataset:60088
used_memory_dataset_perc:99.58%
allocator_allocated:2404088
allocator_active:3096576
allocator_resident:11390976
total_system_memory:270388695040
total_system_memory_human:251.82G
used_memory_lua:31744
used_memory_vm_eval:31744
used_memory_lua_human:31.00K
used_memory_scripts_eval:0
number_of_cached_scripts:0
number_of_functions:0
number_of_libraries:0
used_memory_vm_functions:32768
used_memory_vm_total:64512
used_memory_vm_total_human:63.00K
used_memory_functions:184
used_memory_scripts:184
used_memory_scripts_human:184B
maxmemory:0
maxmemory_human:0B
maxmemory_policy:noeviction
allocator_frag_ratio:1.29
allocator_frag_bytes:692488
allocator_rss_ratio:3.68
allocator_rss_bytes:8294400
rss_overhead_ratio:1.60
rss_overhead_bytes:6823936
mem_fragmentation_ratio:9.76
mem_fragmentation_bytes:16348712
mem_not_counted_for_evict:0
mem_replication_backlog:0
mem_total_replication_buffers:0
mem_clients_slaves:0
mem_clients_normal:0
mem_cluster_links:0
mem_aof_buffer:0
mem_allocator:jemalloc-5.3.0
active_defrag_running:0
lazyfree_pending_objects:0
lazyfreed_objects:0

# Persistence
loading:0
async_loading:0
current_cow_peak:0
current_cow_size:0
current_cow_size_age:0
current_fork_perc:0.00
current_save_keys_processed:0
current_save_keys_total:0
rdb_changes_since_last_save:1
rdb_bgsave_in_progress:0
rdb_last_save_time:1704271606
rdb_last_bgsave_status:ok
rdb_last_bgsave_time_sec:-1
rdb_current_bgsave_time_sec:-1
rdb_saves:0
rdb_last_cow_size:0
rdb_last_load_keys_expired:0
rdb_last_load_keys_loaded:0
aof_enabled:0
aof_rewrite_in_progress:0
aof_rewrite_scheduled:0
aof_last_rewrite_time_sec:-1
aof_current_rewrite_time_sec:-1
aof_last_bgrewrite_status:ok
aof_rewrites:0
aof_rewrites_consecutive_failures:0
aof_last_write_status:ok
aof_last_cow_size:0
module_fork_in_progress:0
module_fork_last_cow_size:0

# Stats
total_connections_received:3
total_commands_processed:10
instantaneous_ops_per_sec:29
total_net_input_bytes:99
total_net_output_bytes:15
total_net_repl_input_bytes:0
total_net_repl_output_bytes:0
instantaneous_input_kbps:0.06
instantaneous_output_kbps:0.01
instantaneous_input_repl_kbps:0.00
instantaneous_output_repl_kbps:0.00
rejected_connections:0
sync_full:0
sync_partial_ok:0
sync_partial_err:0
expired_keys:0
expired_stale_perc:0.00
expired_time_cap_reached_count:0
expire_cycle_cpu_milliseconds:0
evicted_keys:0
evicted_clients:0
total_eviction_exceeded_time:0
current_eviction_exceeded_time:0
keyspace_hits:0
keyspace_misses:0
pubsub_channels:0
pubsub_patterns:0
pubsubshard_channels:0
latest_fork_usec:0
total_forks:0
migrate_cached_sockets:0
slave_expires_tracked_keys:0
active_defrag_hits:0
active_defrag_misses:0
active_defrag_key_hits:0
active_defrag_key_misses:0
total_active_defrag_time:0
current_active_defrag_time:0
tracking_total_keys:0
tracking_total_items:0
tracking_total_prefixes:0
unexpected_error_replies:0
total_error_replies:0
dump_payload_sanitizations:0
total_reads_processed:6
total_writes_processed:3
io_threaded_reads_processed:0
io_threaded_writes_processed:0
reply_buffer_shrinks:2
reply_buffer_expands:0
acl_access_denied_auth:0
acl_access_denied_cmd:0
acl_access_denied_key:0
acl_access_denied_channel:0

# Replication
role:master
connected_slaves:0
master_failover_state:no-failover
master_replid:422a5a69ea7e1958aa34f78cbe759f182b37a13b
master_replid2:0000000000000000000000000000000000000000
master_repl_offset:0
second_repl_offset:-1
repl_backlog_active:0
repl_backlog_size:1048576
repl_backlog_first_byte_offset:0
repl_backlog_histlen:0

# CPU
used_cpu_sys:0.031623
used_cpu_user:0.013552
used_cpu_sys_children:0.000000
used_cpu_user_children:0.000000
used_cpu_sys_main_thread:0.007655
used_cpu_user_main_thread:0.011483

# Modules
module:name=raft,ver=1,api=1,filters=1,usedby=[],using=[],options=[]

# Commandstats
cmdstat_command:calls=2,usec=1504,usec_per_call=752.00,rejected_calls=0,failed_calls=0
cmdstat_config|set:calls=1,usec=6,usec_per_call=6.00,rejected_calls=0,failed_calls=0
cmdstat_config|get:calls=3,usec=3,usec_per_call=1.00,rejected_calls=0,failed_calls=0
cmdstat_auth:calls=3,usec=3,usec_per_call=1.00,rejected_calls=0,failed_calls=0
cmdstat_incr:calls=1,usec=3,usec_per_call=3.00,rejected_calls=0,failed_calls=0

# Errorstats

# Latencystats
latency_percentiles_usec_command:p50=712.703,p99=794.623,p99.9=794.623
latency_percentiles_usec_config|set:p50=6.015,p99=6.015,p99.9=6.015
latency_percentiles_usec_config|get:p50=1.003,p99=1.003,p99.9=1.003
latency_percentiles_usec_auth:p50=1.003,p99=1.003,p99.9=1.003
latency_percentiles_usec_incr:p50=3.007,p99=3.007,p99.9=3.007

# Cluster
cluster_enabled:0

# Keyspace
db0:keys=1,expires=0,avg_ttl=0

------ CLIENT LIST OUTPUT ------

------ MODULES INFO OUTPUT ------
# raft_version
raft_version:255.255.255
raft_git_sha1:b779b199

# raft_general
raft_dbid:4da6c59ad5529c74569c084ebed44d4f
raft_node_id:3
raft_state:up
raft_role:pre-candidate
raft_is_voting:no
raft_voted_for:-1
raft_leader_id:-1
raft_current_term:1
raft_num_nodes:3
raft_num_voting_nodes:1
raft_node1:id=1,state=disconnected,voting=yes,addr=localhost,port=5021,last_conn_secs=0,conn_errors=1,conn_oks=1
raft_node2:id=2,state=disconnected,voting=no,addr=localhost,port=5022,last_conn_secs=0,conn_errors=0,conn_oks=1

# raft_log
raft_log_entries:5
raft_current_index:5
raft_commit_index:5
raft_last_applied_index:5
raft_file_size:1295
raft_cache_memory_size:91
raft_cache_entries:1
raft_client_attached_entries:0
raft_fsync_count:1
raft_fsync_max_microseconds:7
raft_entry1:term=1,id=0,data_len=0
raft_entry2:term=1,id=886794337,data_len=264
raft_entry3:term=1,id=1166018151,data_len=264
raft_entry4:term=1,id=1731246133,data_len=264
raft_fsync_avg_microseconds:7

# raft_snapshot
raft_snapshot_filename:redis3.rdb
raft_snapshot_last_idx:0
raft_snapshot_last_term:0
raft_snapshot_size:0
raft_snapshot_time_secs:-1
raft_snapshots_created:0
raft_snapshots_received:0
raft_snapshot_in_progress:no
raft_snapshot_in_progress_last_idx:-1
raft_snapshot_in_progress_last_term:-1

# raft_clients
raft_proxy_reqs:0
raft_proxy_failed_reqs:0
raft_proxy_failed_responses:0
raft_proxy_outstanding_reqs:0

# raft_stats
raft_appendreq_received:0
raft_appendreq_with_entry_received:0
raft_snapshotreq_received:0
raft_exec_throttled:0
raft_num_sessions:0

------ CONFIG DEBUG OUTPUT ------
list-compress-depth 0
proto-max-bulk-len 512mb
lazyfree-lazy-user-flush no
lazyfree-lazy-eviction no
lazyfree-lazy-server-del no
slave-read-only yes
replica-read-only yes
sanitize-dump-payload no
io-threads-do-reads no
lazyfree-lazy-user-del no
activedefrag no
client-query-buffer-limit 1gb
io-threads 1
repl-diskless-sync yes
lazyfree-lazy-expire no
repl-diskless-load disabled

------ FAST MEMORY TEST ------
3605069:M 03 Jan 2024 09:46:47.021 # Bio worker thread #0 terminated
3605069:M 03 Jan 2024 09:46:47.022 # Bio worker thread #1 terminated
3605069:M 03 Jan 2024 09:46:47.022 # Bio worker thread #2 terminated
*** Preparing to test memory region 55a543393000 (2273280 bytes)
*** Preparing to test memory region 55a54442a000 (405504 bytes)
*** Preparing to test memory region 7f782c000000 (135168 bytes)
*** Preparing to test memory region 7f7830000000 (135168 bytes)
*** Preparing to test memory region 7f7834000000 (135168 bytes)
*** Preparing to test memory region 7f7838000000 (135168 bytes)
*** Preparing to test memory region 7f783e7fe000 (8388608 bytes)
*** Preparing to test memory region 7f783f800000 (8388608 bytes)
*** Preparing to test memory region 7f7840000000 (135168 bytes)
*** Preparing to test memory region 7f7844000000 (135168 bytes)
*** Preparing to test memory region 7f7848000000 (135168 bytes)
*** Preparing to test memory region 7f784c400000 (8388608 bytes)
*** Preparing to test memory region 7f784ce00000 (8388608 bytes)
*** Preparing to test memory region 7f784d600000 (2097152 bytes)
*** Preparing to test memory region 7f784da00000 (8388608 bytes)
*** Preparing to test memory region 7f784e200000 (4194304 bytes)
*** Preparing to test memory region 7f784e7ff000 (8388608 bytes)
*** Preparing to test memory region 7f784f000000 (8388608 bytes)
*** Preparing to test memory region 7f784f800000 (6291456 bytes)
*** Preparing to test memory region 7f784fff9000 (8388608 bytes)
*** Preparing to test memory region 7f78507fa000 (8388608 bytes)
*** Preparing to test memory region 7f7850ffb000 (8388608 bytes)
*** Preparing to test memory region 7f78517fc000 (8388608 bytes)
*** Preparing to test memory region 7f7851ffd000 (8388608 bytes)
*** Preparing to test memory region 7f78527fe000 (8388608 bytes)
*** Preparing to test memory region 7f7852fff000 (8388608 bytes)
*** Preparing to test memory region 7f7853800000 (8388608 bytes)
*** Preparing to test memory region 7f7854000000 (135168 bytes)
*** Preparing to test memory region 7f78581a8000 (2097152 bytes)
*** Preparing to test memory region 7f78583de000 (8388608 bytes)
*** Preparing to test memory region 7f7858bdf000 (8388608 bytes)
*** Preparing to test memory region 7f78593df000 (2621440 bytes)
*** Preparing to test memory region 7f785966e000 (8192 bytes)
*** Preparing to test memory region 7f7859c7f000 (12288 bytes)
*** Preparing to test memory region 7f785a218000 (16384 bytes)
*** Preparing to test memory region 7f785a39a000 (8192 bytes)
*** Preparing to test memory region 7f785a5fa000 (24576 bytes)
*** Preparing to test memory region 7f785ae00000 (8388608 bytes)
*** Preparing to test memory region 7f785b64f000 (4096 bytes)
*** Preparing to test memory region 7f785b675000 (28672 bytes)
*** Preparing to test memory region 7f785b850000 (53248 bytes)
*** Preparing to test memory region 7f785b96d000 (8192 bytes)
.O.O.O.O.O.O.
----- Stderr -----
libgcov profiling error:/home/snagendra/Fuzzing/redisraft-fuzzing/build/deps/raft/CMakeFiles/raft.dir/src/raft_server.c.gcda:Merge mismatch for function 21
libgcov profiling error:/home/snagendra/Fuzzing/redisraft-fuzzing/build/deps/raft/CMakeFiles/raft.dir/src/raft_server.c.gcda:Merge mismatch for function 21
libgcov profiling error:/home/snagendra/Fuzzing/redisraft-fuzzing/build/deps/raft/CMakeFiles/raft.dir/src/raft_server.c.gcda:Merge mismatch for function 21
libgcov profiling error:/home/snagendra/Fuzzing/redisraft-fuzzing/build/deps/raft/CMakeFiles/raft.dir/src/raft_server.c.gcda:Merge mismatch for function 21



