logs for node: 1

----- Stdout -----
8556:C 02 Jan 2024 18:43:40.015 # WARNING Memory overcommit must be enabled! Without it, a background save or replication may fail under low memory condition. Being disabled, it can also cause failures without low memory condition, see https://github.com/jemalloc/jemalloc/issues/1328. To fix this issue add 'vm.overcommit_memory = 1' to /etc/sysctl.conf and then reboot or run the command 'sysctl vm.overcommit_memory=1' for this to take effect.
8556:C 02 Jan 2024 18:43:40.015 * oO0OoO0OoO0Oo Redis is starting oO0OoO0OoO0Oo
8556:C 02 Jan 2024 18:43:40.015 * Redis version=255.255.255, bits=64, commit=e04ebdb8, modified=1, pid=8556, just started
8556:C 02 Jan 2024 18:43:40.015 * Configuration loaded
8556:M 02 Jan 2024 18:43:40.016 * monotonic clock: POSIX clock_gettime
8556:M 02 Jan 2024 18:43:40.016 * Running mode=standalone, port=5011.
8556:M 02 Jan 2024 18:43:40.023 * <raft> RedisRaft version 255.255.255 [b779b199]
8556:M 02 Jan 2024 18:43:40.027 * <raft> Initializing test network
8556:M 02 Jan 2024 18:43:40.028 * <raft> Created test network client
8556:M 02 Jan 2024 18:43:40.029 * <raft> Raft module loaded, state is 'uninitialized'
8556:M 02 Jan 2024 18:43:40.029 * Module 'raft' loaded from /home/snagendra/Fuzzing/redisraft-fuzzing/redisraft.so
8556:M 02 Jan 2024 18:43:40.030 * Server initialized
8556:M 02 Jan 2024 18:43:40.030 . The AOF directory appendonlydir doesn't exist
8556:M 02 Jan 2024 18:43:40.031 * Ready to accept connections tcp
8556:M 02 Jan 2024 18:43:40.031 - Accepted 127.0.0.1:51596
8556:M 02 Jan 2024 18:43:40.031 # Missing implement of connection type tls
8556:M 02 Jan 2024 18:43:40.031 . 1 clients connected (0 replicas), 1743960 bytes in use
8556:M 02 Jan 2024 18:43:40.037 * <raft> Cluster Membership: term:0 index:0 nodes: id=1,voting=0,active=1,addr=-
8556:M 02 Jan 2024 18:43:40.042 * <raft> State change: Node is now a leader, term 1
8556:M 02 Jan 2024 18:43:40.042 * <raft> Cluster Membership: term:1 index:1 nodes: id=1,voting=0,active=1,addr=-
8556:M 02 Jan 2024 18:43:40.043 * <raft> Test network starting message polling thread
8556:M 02 Jan 2024 18:43:40.043 * <raft> Raft Cluster initialized, node id: 1, dbid: fa9e142fb1c6ee2ad273cfb260366beb
8556:M 02 Jan 2024 18:43:40.159 - Accepted 127.0.0.1:51606
8556:M 02 Jan 2024 18:43:40.160 * <raft> Cluster Membership: term:1 index:3 nodes: id=1,voting=1,active=1,addr=- id=2,voting=0,active=1,addr=localhost:5012
8556:M 02 Jan 2024 18:43:40.167 - Client closed connection id=9 addr=127.0.0.1:51606 laddr=127.0.0.1:5011 fd=12 name= age=0 idle=0 flags=N db=0 sub=0 psub=0 ssub=0 multi=-1 qbuf=0 qbuf-free=20474 argv-mem=0 multi-mem=0 rbs=16384 rbp=16384 obl=0 oll=0 omem=0 tot-mem=37760 events=r cmd=raft.node user=default redir=-1 resp=2 lib-name= lib-ver=
8556:M 02 Jan 2024 18:43:40.285 - Accepted 127.0.0.1:51620
8556:M 02 Jan 2024 18:43:40.286 * <raft> Cluster Membership: term:1 index:4 nodes: id=1,voting=1,active=1,addr=- id=2,voting=0,active=1,addr=localhost:5012 id=3,voting=0,active=1,addr=localhost:5013
8556:M 02 Jan 2024 18:43:40.293 - Client closed connection id=10 addr=127.0.0.1:51620 laddr=127.0.0.1:5011 fd=13 name= age=0 idle=0 flags=N db=0 sub=0 psub=0 ssub=0 multi=-1 qbuf=0 qbuf-free=20474 argv-mem=0 multi-mem=0 rbs=16384 rbp=16384 obl=0 oll=0 omem=0 tot-mem=37760 events=r cmd=raft.node user=default redir=-1 resp=2 lib-name= lib-ver=
8556:signal-handler (1704217422) Received SIGINT scheduling shutdown...
8556:signal-handler (1704217422) You insist... exiting now.
9424:C 02 Jan 2024 18:43:42.578 # WARNING Memory overcommit must be enabled! Without it, a background save or replication may fail under low memory condition. Being disabled, it can also cause failures without low memory condition, see https://github.com/jemalloc/jemalloc/issues/1328. To fix this issue add 'vm.overcommit_memory = 1' to /etc/sysctl.conf and then reboot or run the command 'sysctl vm.overcommit_memory=1' for this to take effect.
9424:C 02 Jan 2024 18:43:42.578 * oO0OoO0OoO0Oo Redis is starting oO0OoO0OoO0Oo
9424:C 02 Jan 2024 18:43:42.578 * Redis version=255.255.255, bits=64, commit=e04ebdb8, modified=1, pid=9424, just started
9424:C 02 Jan 2024 18:43:42.578 * Configuration loaded
9424:M 02 Jan 2024 18:43:42.578 * monotonic clock: POSIX clock_gettime
9424:M 02 Jan 2024 18:43:42.579 * Running mode=standalone, port=5011.
9424:M 02 Jan 2024 18:43:42.585 * <raft> RedisRaft version 255.255.255 [b779b199]
9424:M 02 Jan 2024 18:43:42.589 * <raft> Initializing test network
9424:M 02 Jan 2024 18:43:42.590 * <raft> Created test network client
9424:M 02 Jan 2024 18:43:42.593 * <raft> Raft module loaded, state is 'loading'
9424:M 02 Jan 2024 18:43:42.593 * Module 'raft' loaded from /home/snagendra/Fuzzing/redisraft-fuzzing/redisraft.so
9424:M 02 Jan 2024 18:43:42.594 * Server initialized
9424:M 02 Jan 2024 18:43:42.594 . The AOF directory appendonlydir doesn't exist
9424:M 02 Jan 2024 18:43:42.594 * Ready to accept connections tcp
9424:M 02 Jan 2024 18:43:42.594 . 0 clients connected (0 replicas), 1746720 bytes in use
9424:M 02 Jan 2024 18:43:42.694 * <raft> Loading: Redis loading complete, snapshot NOT LOADED
9424:M 02 Jan 2024 18:43:42.695 * <raft> Cluster Membership: term:0 index:0 nodes: id=1,voting=0,active=1,addr=-
9424:M 02 Jan 2024 18:43:42.695 * <raft> Test network starting message polling thread
9424:M 02 Jan 2024 18:43:42.695 * <raft> Cluster Membership: term:0 index:4 nodes: id=1,voting=1,active=1,addr=- id=2,voting=0,active=1,addr=localhost:5012
9424:M 02 Jan 2024 18:43:42.695 * <raft> Cluster Membership: term:0 index:4 nodes: id=1,voting=1,active=1,addr=- id=2,voting=0,active=1,addr=localhost:5012 id=3,voting=0,active=1,addr=localhost:5013
9424:M 02 Jan 2024 18:43:42.695 * <raft> Raft state after loading log: log_count=4, first_idx=1, current_idx=4, last_applied_idx=0
9424:M 02 Jan 2024 18:43:42.695 . <raft> Raft term=1, vote=-1
9424:M 02 Jan 2024 18:43:42.702 * <raft> State change: Node is now a leader, term 2
9424:M 02 Jan 2024 18:43:42.702 * <raft> Cluster Membership: term:2 index:5 nodes: id=1,voting=1,active=1,addr=- id=2,voting=0,active=1,addr=localhost:5012 id=3,voting=0,active=1,addr=localhost:5013
9424:M 02 Jan 2024 18:43:42.759 - Accepted 127.0.0.1:35774
9424:M 02 Jan 2024 18:43:42.759 # Missing implement of connection type tls
9424:signal-handler (1704217422) Received SIGINT scheduling shutdown...
9424:signal-handler (1704217422) You insist... exiting now.
9782:C 02 Jan 2024 18:43:43.219 # WARNING Memory overcommit must be enabled! Without it, a background save or replication may fail under low memory condition. Being disabled, it can also cause failures without low memory condition, see https://github.com/jemalloc/jemalloc/issues/1328. To fix this issue add 'vm.overcommit_memory = 1' to /etc/sysctl.conf and then reboot or run the command 'sysctl vm.overcommit_memory=1' for this to take effect.
9782:C 02 Jan 2024 18:43:43.219 * oO0OoO0OoO0Oo Redis is starting oO0OoO0OoO0Oo
9782:C 02 Jan 2024 18:43:43.219 * Redis version=255.255.255, bits=64, commit=e04ebdb8, modified=1, pid=9782, just started
9782:C 02 Jan 2024 18:43:43.219 * Configuration loaded
9782:M 02 Jan 2024 18:43:43.219 * monotonic clock: POSIX clock_gettime
9782:M 02 Jan 2024 18:43:43.220 * Running mode=standalone, port=5011.
9782:M 02 Jan 2024 18:43:43.226 * <raft> RedisRaft version 255.255.255 [b779b199]
9782:M 02 Jan 2024 18:43:43.231 * <raft> Initializing test network
9782:M 02 Jan 2024 18:43:43.231 * <raft> Created test network client
9782:M 02 Jan 2024 18:43:43.236 * <raft> Raft module loaded, state is 'loading'
9782:M 02 Jan 2024 18:43:43.236 * Module 'raft' loaded from /home/snagendra/Fuzzing/redisraft-fuzzing/redisraft.so
9782:M 02 Jan 2024 18:43:43.236 * Server initialized
9782:M 02 Jan 2024 18:43:43.236 . The AOF directory appendonlydir doesn't exist
9782:M 02 Jan 2024 18:43:43.236 * Ready to accept connections tcp
9782:M 02 Jan 2024 18:43:43.236 . 0 clients connected (0 replicas), 1746688 bytes in use
9782:signal-handler (1704217423) Received SIGINT scheduling shutdown...
9782:signal-handler (1704217423) You insist... exiting now.
10002:C 02 Jan 2024 18:43:43.417 # WARNING Memory overcommit must be enabled! Without it, a background save or replication may fail under low memory condition. Being disabled, it can also cause failures without low memory condition, see https://github.com/jemalloc/jemalloc/issues/1328. To fix this issue add 'vm.overcommit_memory = 1' to /etc/sysctl.conf and then reboot or run the command 'sysctl vm.overcommit_memory=1' for this to take effect.
10002:C 02 Jan 2024 18:43:43.417 * oO0OoO0OoO0Oo Redis is starting oO0OoO0OoO0Oo
10002:C 02 Jan 2024 18:43:43.417 * Redis version=255.255.255, bits=64, commit=e04ebdb8, modified=1, pid=10002, just started
10002:C 02 Jan 2024 18:43:43.417 * Configuration loaded
10002:M 02 Jan 2024 18:43:43.417 * monotonic clock: POSIX clock_gettime
10002:M 02 Jan 2024 18:43:43.418 * Running mode=standalone, port=5011.
10002:M 02 Jan 2024 18:43:43.424 * <raft> RedisRaft version 255.255.255 [b779b199]
10002:M 02 Jan 2024 18:43:43.428 * <raft> Initializing test network
10002:M 02 Jan 2024 18:43:43.429 * <raft> Created test network client
10002:M 02 Jan 2024 18:43:43.431 * <raft> Raft module loaded, state is 'loading'
10002:M 02 Jan 2024 18:43:43.431 * Module 'raft' loaded from /home/snagendra/Fuzzing/redisraft-fuzzing/redisraft.so
10002:M 02 Jan 2024 18:43:43.432 * Server initialized
10002:M 02 Jan 2024 18:43:43.432 . The AOF directory appendonlydir doesn't exist
10002:M 02 Jan 2024 18:43:43.432 * Ready to accept connections tcp
10002:M 02 Jan 2024 18:43:43.432 . 0 clients connected (0 replicas), 1746720 bytes in use
10002:M 02 Jan 2024 18:43:43.469 - Accepted 127.0.0.1:35790
10002:M 02 Jan 2024 18:43:43.469 # Missing implement of connection type tls
10002:signal-handler (1704217423) Received SIGINT scheduling shutdown...
10002:signal-handler (1704217423) You insist... exiting now.

----- Stderr -----
libgcov profiling error:/home/snagendra/Fuzzing/redisraft-fuzzing/build/deps/raft/CMakeFiles/raft.dir/src/raft_server_properties.c.gcda:Version mismatch - expected 12.2 (release) (B22*) got (unknown) (I²Ë«)
libgcov profiling error:/home/snagendra/Fuzzing/redisraft-fuzzing/build/deps/raft/CMakeFiles/raft.dir/src/raft_server.c.gcda:Merge mismatch for function 14
libgcov profiling error:/home/snagendra/Fuzzing/redisraft-fuzzing/build/deps/raft/CMakeFiles/raft.dir/src/raft_server_properties.c.gcda:Version mismatch - expected 12.2 (release) (B22*) got (unknown) (I²Ë«)
libgcov profiling error:/home/snagendra/Fuzzing/redisraft-fuzzing/build/deps/raft/CMakeFiles/raft.dir/src/raft_server.c.gcda:Merge mismatch for function 14
libgcov profiling error:/home/snagendra/Fuzzing/redisraft-fuzzing/build/deps/raft/CMakeFiles/raft.dir/src/raft_server_properties.c.gcda:Version mismatch - expected 12.2 (release) (B22*) got (unknown) (I²Ë«)
libgcov profiling error:/home/snagendra/Fuzzing/redisraft-fuzzing/build/deps/raft/CMakeFiles/raft.dir/src/raft_server.c.gcda:Merge mismatch for function 14
libgcov profiling error:/home/snagendra/Fuzzing/redisraft-fuzzing/build/deps/raft/CMakeFiles/raft.dir/src/raft_server_properties.c.gcda:Version mismatch - expected 12.2 (release) (B22*) got (unknown) (I²Ë«)
libgcov profiling error:/home/snagendra/Fuzzing/redisraft-fuzzing/build/deps/raft/CMakeFiles/raft.dir/src/raft_server.c.gcda:Merge mismatch for function 14




logs for node: 2

----- Stdout -----
8580:C 02 Jan 2024 18:43:40.045 # WARNING Memory overcommit must be enabled! Without it, a background save or replication may fail under low memory condition. Being disabled, it can also cause failures without low memory condition, see https://github.com/jemalloc/jemalloc/issues/1328. To fix this issue add 'vm.overcommit_memory = 1' to /etc/sysctl.conf and then reboot or run the command 'sysctl vm.overcommit_memory=1' for this to take effect.
8580:C 02 Jan 2024 18:43:40.045 * oO0OoO0OoO0Oo Redis is starting oO0OoO0OoO0Oo
8580:C 02 Jan 2024 18:43:40.045 * Redis version=255.255.255, bits=64, commit=e04ebdb8, modified=1, pid=8580, just started
8580:C 02 Jan 2024 18:43:40.045 * Configuration loaded
8580:M 02 Jan 2024 18:43:40.046 * monotonic clock: POSIX clock_gettime
8580:M 02 Jan 2024 18:43:40.046 * Running mode=standalone, port=5012.
8580:M 02 Jan 2024 18:43:40.053 * <raft> RedisRaft version 255.255.255 [b779b199]
8580:M 02 Jan 2024 18:43:40.058 * <raft> Initializing test network
8580:M 02 Jan 2024 18:43:40.058 * <raft> Created test network client
8580:M 02 Jan 2024 18:43:40.059 * <raft> Raft module loaded, state is 'uninitialized'
8580:M 02 Jan 2024 18:43:40.059 * Module 'raft' loaded from /home/snagendra/Fuzzing/redisraft-fuzzing/redisraft.so
8580:M 02 Jan 2024 18:43:40.060 * Server initialized
8580:M 02 Jan 2024 18:43:40.060 . The AOF directory appendonlydir doesn't exist
8580:M 02 Jan 2024 18:43:40.061 * Ready to accept connections tcp
8580:M 02 Jan 2024 18:43:40.061 . 0 clients connected (0 replicas), 1726128 bytes in use
8580:M 02 Jan 2024 18:43:40.061 - Accepted 127.0.0.1:37458
8580:M 02 Jan 2024 18:43:40.061 # Missing implement of connection type tls
8580:M 02 Jan 2024 18:43:40.159 - <raft> join cluster, connecting to localhost:5011
8580:M 02 Jan 2024 18:43:40.161 * <raft> Joined Raft cluster, node id: 2, dbid: fa9e142fb1c6ee2ad273cfb260366beb
8580:M 02 Jan 2024 18:43:40.167 * <raft> Cluster Membership: term:0 index:0 nodes: id=2,voting=0,active=1,addr=-
8580:M 02 Jan 2024 18:43:40.167 * <raft> Test network starting message polling thread
8580:M 02 Jan 2024 18:43:40.231 - Accepted 127.0.0.1:37460
8580:signal-handler (1704217420) Received SIGINT scheduling shutdown...
8580:signal-handler (1704217420) You insist... exiting now.
9595:C 02 Jan 2024 18:43:42.898 # WARNING Memory overcommit must be enabled! Without it, a background save or replication may fail under low memory condition. Being disabled, it can also cause failures without low memory condition, see https://github.com/jemalloc/jemalloc/issues/1328. To fix this issue add 'vm.overcommit_memory = 1' to /etc/sysctl.conf and then reboot or run the command 'sysctl vm.overcommit_memory=1' for this to take effect.
9595:C 02 Jan 2024 18:43:42.898 * oO0OoO0OoO0Oo Redis is starting oO0OoO0OoO0Oo
9595:C 02 Jan 2024 18:43:42.898 * Redis version=255.255.255, bits=64, commit=e04ebdb8, modified=1, pid=9595, just started
9595:C 02 Jan 2024 18:43:42.898 * Configuration loaded
9595:M 02 Jan 2024 18:43:42.898 * monotonic clock: POSIX clock_gettime
9595:M 02 Jan 2024 18:43:42.899 * Running mode=standalone, port=5012.
9595:M 02 Jan 2024 18:43:42.905 * <raft> RedisRaft version 255.255.255 [b779b199]
9595:M 02 Jan 2024 18:43:42.910 * <raft> Initializing test network
9595:M 02 Jan 2024 18:43:42.911 * <raft> Created test network client
9595:M 02 Jan 2024 18:43:42.911 * <raft> Raft module loaded, state is 'uninitialized'
9595:M 02 Jan 2024 18:43:42.911 * Module 'raft' loaded from /home/snagendra/Fuzzing/redisraft-fuzzing/redisraft.so
9595:M 02 Jan 2024 18:43:42.912 * Server initialized
9595:M 02 Jan 2024 18:43:42.912 . The AOF directory appendonlydir doesn't exist
9595:M 02 Jan 2024 18:43:42.912 * Ready to accept connections tcp
9595:M 02 Jan 2024 18:43:42.912 . 0 clients connected (0 replicas), 1726160 bytes in use
9595:M 02 Jan 2024 18:43:43.369 - Accepted 127.0.0.1:33438
9595:M 02 Jan 2024 18:43:43.369 # Missing implement of connection type tls
9595:signal-handler (1704217423) Received SIGINT scheduling shutdown...
9595:signal-handler (1704217423) You insist... exiting now.

----- Stderr -----
libgcov profiling error:/home/snagendra/Fuzzing/redisraft-fuzzing/build/deps/raft/CMakeFiles/raft.dir/src/raft_server_properties.c.gcda:Version mismatch - expected 12.2 (release) (B22*) got (unknown) (I²Ë«)
libgcov profiling error:/home/snagendra/Fuzzing/redisraft-fuzzing/build/deps/raft/CMakeFiles/raft.dir/src/raft_server.c.gcda:Merge mismatch for function 14
libgcov profiling error:/home/snagendra/Fuzzing/redisraft-fuzzing/build/deps/raft/CMakeFiles/raft.dir/src/raft_server_properties.c.gcda:Version mismatch - expected 12.2 (release) (B22*) got (unknown) (I²Ë«)
libgcov profiling error:/home/snagendra/Fuzzing/redisraft-fuzzing/build/deps/raft/CMakeFiles/raft.dir/src/raft_server.c.gcda:Merge mismatch for function 14




logs for node: 3

----- Stdout -----
8642:C 02 Jan 2024 18:43:40.170 # WARNING Memory overcommit must be enabled! Without it, a background save or replication may fail under low memory condition. Being disabled, it can also cause failures without low memory condition, see https://github.com/jemalloc/jemalloc/issues/1328. To fix this issue add 'vm.overcommit_memory = 1' to /etc/sysctl.conf and then reboot or run the command 'sysctl vm.overcommit_memory=1' for this to take effect.
8642:C 02 Jan 2024 18:43:40.170 * oO0OoO0OoO0Oo Redis is starting oO0OoO0OoO0Oo
8642:C 02 Jan 2024 18:43:40.170 * Redis version=255.255.255, bits=64, commit=e04ebdb8, modified=1, pid=8642, just started
8642:C 02 Jan 2024 18:43:40.170 * Configuration loaded
8642:M 02 Jan 2024 18:43:40.170 * monotonic clock: POSIX clock_gettime
8642:M 02 Jan 2024 18:43:40.171 * Running mode=standalone, port=5013.
8642:M 02 Jan 2024 18:43:40.178 * <raft> RedisRaft version 255.255.255 [b779b199]
8642:M 02 Jan 2024 18:43:40.183 * <raft> Initializing test network
8642:M 02 Jan 2024 18:43:40.184 * <raft> Created test network client
8642:M 02 Jan 2024 18:43:40.185 * <raft> Raft module loaded, state is 'uninitialized'
8642:M 02 Jan 2024 18:43:40.185 * Module 'raft' loaded from /home/snagendra/Fuzzing/redisraft-fuzzing/redisraft.so
8642:M 02 Jan 2024 18:43:40.185 * Server initialized
8642:M 02 Jan 2024 18:43:40.186 . The AOF directory appendonlydir doesn't exist
8642:M 02 Jan 2024 18:43:40.186 * Ready to accept connections tcp
8642:M 02 Jan 2024 18:43:40.186 - Accepted 127.0.0.1:52846
8642:M 02 Jan 2024 18:43:40.186 # Missing implement of connection type tls
8642:M 02 Jan 2024 18:43:40.186 . 1 clients connected (0 replicas), 1744024 bytes in use
8642:M 02 Jan 2024 18:43:40.285 - <raft> join cluster, connecting to localhost:5011
8642:M 02 Jan 2024 18:43:40.286 * <raft> Joined Raft cluster, node id: 3, dbid: fa9e142fb1c6ee2ad273cfb260366beb
8642:M 02 Jan 2024 18:43:40.293 * <raft> Cluster Membership: term:0 index:0 nodes: id=3,voting=0,active=1,addr=-
8642:M 02 Jan 2024 18:43:40.293 * <raft> Test network starting message polling thread
8642:M 02 Jan 2024 18:43:40.332 - Accepted 127.0.0.1:52862
8642:M 02 Jan 2024 18:43:40.686 * <raft> State change: Election starting, node is now a pre-candidate, term 0
8642:M 02 Jan 2024 18:43:40.686 * <raft> Cluster Membership: term:0 index:0 nodes: id=3,voting=0,active=1,addr=-
8642:M 02 Jan 2024 18:43:40.836 * <raft> State change: Node is now a follower, term 1
8642:M 02 Jan 2024 18:43:40.836 * <raft> Cluster Membership: term:1 index:0 nodes: id=3,voting=0,active=1,addr=-
8642:M 02 Jan 2024 18:43:41.188 * <raft> State change: Election starting, node is now a pre-candidate, term 1
8642:M 02 Jan 2024 18:43:41.188 * <raft> Cluster Membership: term:1 index:0 nodes: id=3,voting=0,active=1,addr=-
8642:M 02 Jan 2024 18:43:41.196 * <raft> State change: Node is now a follower, term 1
8642:M 02 Jan 2024 18:43:41.196 * <raft> Cluster Membership: term:1 index:0 nodes: id=3,voting=0,active=1,addr=-
8642:signal-handler (1704217421) Received SIGINT scheduling shutdown...
8642:signal-handler (1704217421) You insist... exiting now.
9060:C 02 Jan 2024 18:43:41.394 # WARNING Memory overcommit must be enabled! Without it, a background save or replication may fail under low memory condition. Being disabled, it can also cause failures without low memory condition, see https://github.com/jemalloc/jemalloc/issues/1328. To fix this issue add 'vm.overcommit_memory = 1' to /etc/sysctl.conf and then reboot or run the command 'sysctl vm.overcommit_memory=1' for this to take effect.
9060:C 02 Jan 2024 18:43:41.394 * oO0OoO0OoO0Oo Redis is starting oO0OoO0OoO0Oo
9060:C 02 Jan 2024 18:43:41.394 * Redis version=255.255.255, bits=64, commit=e04ebdb8, modified=1, pid=9060, just started
9060:C 02 Jan 2024 18:43:41.394 * Configuration loaded
9060:M 02 Jan 2024 18:43:41.394 * monotonic clock: POSIX clock_gettime
9060:M 02 Jan 2024 18:43:41.395 * Running mode=standalone, port=5013.
9060:M 02 Jan 2024 18:43:41.401 * <raft> RedisRaft version 255.255.255 [b779b199]
9060:M 02 Jan 2024 18:43:41.405 * <raft> Initializing test network
9060:M 02 Jan 2024 18:43:41.406 * <raft> Created test network client
9060:M 02 Jan 2024 18:43:41.409 * <raft> Raft module loaded, state is 'loading'
9060:M 02 Jan 2024 18:43:41.409 * Module 'raft' loaded from /home/snagendra/Fuzzing/redisraft-fuzzing/redisraft.so
9060:M 02 Jan 2024 18:43:41.409 * Server initialized
9060:M 02 Jan 2024 18:43:41.409 . The AOF directory appendonlydir doesn't exist
9060:M 02 Jan 2024 18:43:41.409 * Ready to accept connections tcp
9060:M 02 Jan 2024 18:43:41.409 . 0 clients connected (0 replicas), 1746688 bytes in use
9060:M 02 Jan 2024 18:43:41.435 - Accepted 127.0.0.1:52884
9060:M 02 Jan 2024 18:43:41.435 # Missing implement of connection type tls
9060:M 02 Jan 2024 18:43:41.509 * <raft> Loading: Redis loading complete, snapshot NOT LOADED
9060:M 02 Jan 2024 18:43:41.510 * <raft> Cluster Membership: term:0 index:0 nodes: id=3,voting=0,active=1,addr=-
9060:M 02 Jan 2024 18:43:41.510 * <raft> Test network starting message polling thread


=== REDIS BUG REPORT START: Cut & paste starting from here ===
9060:M 02 Jan 2024 18:43:41.510 # Redis 255.255.255 crashed by signal: 6, si_code: -6
9060:M 02 Jan 2024 18:43:41.510 # Crashed running the instruction at: 0x7f6fc2313d3c

------ STACK TRACE ------
EIP:
/lib/x86_64-linux-gnu/libc.so.6(+0x8ad3c)[0x7f6fc2313d3c]

Backtrace:
/lib/x86_64-linux-gnu/libc.so.6(+0x3bfd0)[0x7f6fc22c4fd0]
/lib/x86_64-linux-gnu/libc.so.6(+0x8ad3c)[0x7f6fc2313d3c]
/lib/x86_64-linux-gnu/libc.so.6(gsignal+0x12)[0x7f6fc22c4f32]
/lib/x86_64-linux-gnu/libc.so.6(abort+0xd3)[0x7f6fc22af472]
/lib/x86_64-linux-gnu/libc.so.6(+0x26395)[0x7f6fc22af395]
/lib/x86_64-linux-gnu/libc.so.6(+0x34e32)[0x7f6fc22bde32]
/home/snagendra/Fuzzing/redisraft-fuzzing/redisraft.so(+0x3caea)[0x7f6fc11b4aea]
/home/snagendra/Fuzzing/redisraft-fuzzing/redisraft.so(callRaftPeriodic+0x478)[0x7f6fc11a5088]
/home/snagendra/Fuzzing/redis/src/redis-server 0.0.0.0:5013(moduleTimerHandler+0x21c)[0x55ada948c98c]
/home/snagendra/Fuzzing/redis/src/redis-server 0.0.0.0:5013(+0x81705)[0x55ada9396705]
/home/snagendra/Fuzzing/redis/src/redis-server 0.0.0.0:5013(aeMain+0x1c8)[0x55ada93a0cb8]
/home/snagendra/Fuzzing/redis/src/redis-server 0.0.0.0:5013(main+0x3cd)[0x55ada9395e2d]
/lib/x86_64-linux-gnu/libc.so.6(+0x271ca)[0x7f6fc22b01ca]
/lib/x86_64-linux-gnu/libc.so.6(__libc_start_main+0x85)[0x7f6fc22b0285]
/home/snagendra/Fuzzing/redis/src/redis-server 0.0.0.0:5013(_start+0x2a)[0x55ada93965aa]

------ REGISTERS ------
9060:M 02 Jan 2024 18:43:41.511 # 
RAX:0000000000000000 RBX:0000000000002364
RCX:00007f6fc2313d3c RDX:0000000000000006
RDI:0000000000002364 RSI:0000000000002364
RBP:00007f6fc22851c0 RSP:00007ffef26a6dd0
R8 :0000000000000007 R9 :000055adab414820
R10:0000000000000008 R11:0000000000000246
R12:0000000000000006 R13:00000000000006a6
R14:00007f6fc11e105c R15:000055ada948b2b0
RIP:00007f6fc2313d3c EFL:0000000000000246
CSGSFS:002b000000000033
9060:M 02 Jan 2024 18:43:41.511 # (00007ffef26a6ddf) -> 000055adab4148d0
9060:M 02 Jan 2024 18:43:41.511 # (00007ffef26a6dde) -> 00007f6fc245bc60
9060:M 02 Jan 2024 18:43:41.511 # (00007ffef26a6ddd) -> 00000000000002b1
9060:M 02 Jan 2024 18:43:41.511 # (00007ffef26a6ddc) -> 000055adab414820
9060:M 02 Jan 2024 18:43:41.511 # (00007ffef26a6ddb) -> 00000000000006a6
9060:M 02 Jan 2024 18:43:41.511 # (00007ffef26a6dda) -> 0000000000000020
9060:M 02 Jan 2024 18:43:41.511 # (00007ffef26a6dd9) -> 00007f6fc22af472
9060:M 02 Jan 2024 18:43:41.511 # (00007ffef26a6dd8) -> 00007f6fc245ce70
9060:M 02 Jan 2024 18:43:41.511 # (00007ffef26a6dd7) -> 00007f6fc22c4f32
9060:M 02 Jan 2024 18:43:41.511 # (00007ffef26a6dd6) -> 00007f6fc11e105c
9060:M 02 Jan 2024 18:43:41.511 # (00007ffef26a6dd5) -> 00000000000006a6
9060:M 02 Jan 2024 18:43:41.511 # (00007ffef26a6dd4) -> 00007f6fc11e0720
9060:M 02 Jan 2024 18:43:41.511 # (00007ffef26a6dd3) -> 00007f6fc22851c0
9060:M 02 Jan 2024 18:43:41.511 # (00007ffef26a6dd2) -> 0000000000000006
9060:M 02 Jan 2024 18:43:41.511 # (00007ffef26a6dd1) -> 235b77e63fa23b00
9060:M 02 Jan 2024 18:43:41.511 # (00007ffef26a6dd0) -> 000055ada948b2b0

------ INFO OUTPUT ------
# Server
redis_version:255.255.255
redis_git_sha1:e04ebdb8
redis_git_dirty:1
redis_build_id:1f78dcc7b4fbdd25
redis_mode:standalone
os:Linux 6.1.60.1.amd64-smp x86_64
arch_bits:64
monotonic_clock:POSIX clock_gettime
multiplexing_api:epoll
atomicvar_api:c11-builtin
gcc_version:10.2.1
process_id:9060
process_supervised:no
run_id:3edb75e8969c8fef43136669a322bbec73e8bd7b
tcp_port:5013
server_time_usec:1704217421509607
uptime_in_seconds:0
uptime_in_days:0
hz:10
configured_hz:10
lru_clock:9718605
executable:/home/snagendra/Fuzzing/redis/src/redis-server
config_file:
io_threads_active:0
listener0:name=tcp,bind=0.0.0.0,port=5013

# Clients
connected_clients:1
cluster_connections:0
maxclients:10000
client_recent_max_input_buffer:0
client_recent_max_output_buffer:0
blocked_clients:0
tracking_clients:0
clients_in_timeout_table:0
total_blocking_keys:0
total_blocking_keys_on_nokey:0

# Memory
used_memory:1816896
used_memory_human:1.73M
used_memory_rss:17764352
used_memory_rss_human:16.94M
used_memory_peak:1816896
used_memory_peak_human:1.73M
used_memory_peak_perc:100.39%
used_memory_overhead:1746728
used_memory_startup:1746544
used_memory_dataset:70168
used_memory_dataset_perc:99.74%
allocator_allocated:2259552
allocator_active:2818048
allocator_resident:13107200
total_system_memory:270388695040
total_system_memory_human:251.82G
used_memory_lua:31744
used_memory_vm_eval:31744
used_memory_lua_human:31.00K
used_memory_scripts_eval:0
number_of_cached_scripts:0
number_of_functions:0
number_of_libraries:0
used_memory_vm_functions:32768
used_memory_vm_total:64512
used_memory_vm_total_human:63.00K
used_memory_functions:184
used_memory_scripts:184
used_memory_scripts_human:184B
maxmemory:0
maxmemory_human:0B
maxmemory_policy:noeviction
allocator_frag_ratio:1.25
allocator_frag_bytes:558496
allocator_rss_ratio:4.65
allocator_rss_bytes:10289152
rss_overhead_ratio:1.36
rss_overhead_bytes:4657152
mem_fragmentation_ratio:10.17
mem_fragmentation_bytes:16017664
mem_not_counted_for_evict:0
mem_replication_backlog:0
mem_total_replication_buffers:0
mem_clients_slaves:0
mem_clients_normal:0
mem_cluster_links:0
mem_aof_buffer:0
mem_allocator:jemalloc-5.3.0
active_defrag_running:0
lazyfree_pending_objects:0
lazyfreed_objects:0

# Persistence
loading:0
async_loading:0
current_cow_peak:0
current_cow_size:0
current_cow_size_age:0
current_fork_perc:0.00
current_save_keys_processed:0
current_save_keys_total:0
rdb_changes_since_last_save:0
rdb_bgsave_in_progress:0
rdb_last_save_time:1704217421
rdb_last_bgsave_status:ok
rdb_last_bgsave_time_sec:-1
rdb_current_bgsave_time_sec:-1
rdb_saves:0
rdb_last_cow_size:0
rdb_last_load_keys_expired:0
rdb_last_load_keys_loaded:0
aof_enabled:0
aof_rewrite_in_progress:0
aof_rewrite_scheduled:0
aof_last_rewrite_time_sec:-1
aof_current_rewrite_time_sec:-1
aof_last_bgrewrite_status:ok
aof_rewrites:0
aof_rewrites_consecutive_failures:0
aof_last_write_status:ok
aof_last_cow_size:0
module_fork_in_progress:0
module_fork_last_cow_size:0

# Stats
total_connections_received:1
total_commands_processed:7
instantaneous_ops_per_sec:25
total_net_input_bytes:33
total_net_output_bytes:5
total_net_repl_input_bytes:0
total_net_repl_output_bytes:0
instantaneous_input_kbps:0.00
instantaneous_output_kbps:0.00
instantaneous_input_repl_kbps:0.00
instantaneous_output_repl_kbps:0.00
rejected_connections:0
sync_full:0
sync_partial_ok:0
sync_partial_err:0
expired_keys:0
expired_stale_perc:0.00
expired_time_cap_reached_count:0
expire_cycle_cpu_milliseconds:0
evicted_keys:0
evicted_clients:0
total_eviction_exceeded_time:0
current_eviction_exceeded_time:0
keyspace_hits:0
keyspace_misses:0
pubsub_channels:0
pubsub_patterns:0
pubsubshard_channels:0
latest_fork_usec:0
total_forks:0
migrate_cached_sockets:0
slave_expires_tracked_keys:0
active_defrag_hits:0
active_defrag_misses:0
active_defrag_key_hits:0
active_defrag_key_misses:0
total_active_defrag_time:0
current_active_defrag_time:0
tracking_total_keys:0
tracking_total_items:0
tracking_total_prefixes:0
unexpected_error_replies:0
total_error_replies:0
dump_payload_sanitizations:0
total_reads_processed:1
total_writes_processed:1
io_threaded_reads_processed:0
io_threaded_writes_processed:0
reply_buffer_shrinks:0
reply_buffer_expands:0
acl_access_denied_auth:0
acl_access_denied_cmd:0
acl_access_denied_key:0
acl_access_denied_channel:0

# Replication
role:master
connected_slaves:0
master_failover_state:no-failover
master_replid:0ac4b1bdf3636cdfed65eb70841869748a844ad0
master_replid2:0000000000000000000000000000000000000000
master_repl_offset:0
second_repl_offset:-1
repl_backlog_active:0
repl_backlog_size:1048576
repl_backlog_first_byte_offset:0
repl_backlog_histlen:0

# CPU
used_cpu_sys:0.006996
used_cpu_user:0.010494
used_cpu_sys_children:0.000000
used_cpu_user_children:0.000000
used_cpu_sys_main_thread:0.006855
used_cpu_user_main_thread:0.010283

# Modules
module:name=raft,ver=1,api=1,filters=1,usedby=[],using=[],options=[]

# Commandstats
cmdstat_auth:calls=1,usec=2,usec_per_call=2.00,rejected_calls=0,failed_calls=0
cmdstat_command:calls=2,usec=1444,usec_per_call=722.00,rejected_calls=0,failed_calls=0
cmdstat_config|get:calls=3,usec=4,usec_per_call=1.33,rejected_calls=0,failed_calls=0
cmdstat_config|set:calls=1,usec=10,usec_per_call=10.00,rejected_calls=0,failed_calls=0

# Errorstats

# Latencystats
latency_percentiles_usec_auth:p50=2.007,p99=2.007,p99.9=2.007
latency_percentiles_usec_command:p50=667.647,p99=782.335,p99.9=782.335
latency_percentiles_usec_config|get:p50=2.007,p99=2.007,p99.9=2.007
latency_percentiles_usec_config|set:p50=10.047,p99=10.047,p99.9=10.047

# Cluster
cluster_enabled:0

# Keyspace

------ CLIENT LIST OUTPUT ------
id=8 addr=127.0.0.1:52884 laddr=127.0.0.1:5013 fd=11 name= age=0 idle=0 flags=N db=0 sub=0 psub=0 ssub=0 multi=-1 qbuf=0 qbuf-free=20474 argv-mem=0 multi-mem=0 rbs=16384 rbp=16384 obl=0 oll=0 omem=0 tot-mem=37760 events=r cmd=auth user=default redir=-1 resp=2 lib-name= lib-ver=

------ MODULES INFO OUTPUT ------
# raft_version
raft_version:255.255.255
raft_git_sha1:b779b199

# raft_general
raft_dbid:fa9e142fb1c6ee2ad273cfb260366beb
raft_node_id:3
raft_state:up
raft_role:follower
raft_is_voting:no
raft_voted_for:-1
raft_leader_id:-1
raft_current_term:0
raft_num_nodes:1
raft_num_voting_nodes:0

# raft_log
raft_log_entries:0
raft_current_index:0
raft_commit_index:0
raft_last_applied_index:0
raft_file_size:101
raft_cache_memory_size:0
raft_cache_entries:0
raft_client_attached_entries:0
raft_fsync_count:0
raft_fsync_max_microseconds:0
raft_fsync_avg_microseconds:0

# raft_snapshot
raft_snapshot_filename:redis3.rdb
raft_snapshot_last_idx:0
raft_snapshot_last_term:0
raft_snapshot_size:0
raft_snapshot_time_secs:-1
raft_snapshots_created:0
raft_snapshots_received:0
raft_snapshot_in_progress:no
raft_snapshot_in_progress_last_idx:-1
raft_snapshot_in_progress_last_term:-1

# raft_clients
raft_proxy_reqs:0
raft_proxy_failed_reqs:0
raft_proxy_failed_responses:0
raft_proxy_outstanding_reqs:0

# raft_stats
raft_appendreq_received:0
raft_appendreq_with_entry_received:0
raft_snapshotreq_received:0
raft_exec_throttled:0
raft_num_sessions:0

------ CONFIG DEBUG OUTPUT ------
activedefrag no
lazyfree-lazy-expire no
client-query-buffer-limit 1gb
io-threads 1
lazyfree-lazy-eviction no
repl-diskless-load disabled
lazyfree-lazy-server-del no
sanitize-dump-payload no
lazyfree-lazy-user-flush no
replica-read-only yes
repl-diskless-sync yes
lazyfree-lazy-user-del no
io-threads-do-reads no
slave-read-only yes
list-compress-depth 0
proto-max-bulk-len 512mb

------ FAST MEMORY TEST ------
9060:M 02 Jan 2024 18:43:41.511 # Bio worker thread #0 terminated
9060:M 02 Jan 2024 18:43:41.511 # Bio worker thread #1 terminated
9060:M 02 Jan 2024 18:43:41.511 # Bio worker thread #2 terminated
*** Preparing to test memory region 55ada966c000 (2273280 bytes)
*** Preparing to test memory region 55adab3bf000 (405504 bytes)
*** Preparing to test memory region 7f6fb4ffb000 (8388608 bytes)
*** Preparing to test memory region 7f6fb57fc000 (8388608 bytes)
*** Preparing to test memory region 7f6fb5ffd000 (8388608 bytes)
*** Preparing to test memory region 7f6fb67fe000 (8388608 bytes)
*** Preparing to test memory region 7f6fb6fff000 (8388608 bytes)
*** Preparing to test memory region 7f6fb7800000 (8388608 bytes)
*** Preparing to test memory region 7f6fb8000000 (135168 bytes)
*** Preparing to test memory region 7f6fbc7fb000 (8388608 bytes)
*** Preparing to test memory region 7f6fbcffc000 (8388608 bytes)
*** Preparing to test memory region 7f6fbd7fd000 (8388608 bytes)
*** Preparing to test memory region 7f6fbdffe000 (8388608 bytes)
*** Preparing to test memory region 7f6fbe7ff000 (8388608 bytes)
*** Preparing to test memory region 7f6fbf000000 (8388608 bytes)
*** Preparing to test memory region 7f6fbf800000 (6291456 bytes)
*** Preparing to test memory region 7f6fbffeb000 (2621440 bytes)
*** Preparing to test memory region 7f6fc027a000 (8192 bytes)
*** Preparing to test memory region 7f6fc087f000 (12288 bytes)
*** Preparing to test memory region 7f6fc0e18000 (16384 bytes)
*** Preparing to test memory region 7f6fc0f9a000 (8192 bytes)
*** Preparing to test memory region 7f6fc11fa000 (24576 bytes)
*** Preparing to test memory region 7f6fc1a00000 (8388608 bytes)
*** Preparing to test memory region 7f6fc225c000 (4096 bytes)
*** Preparing to test memory region 7f6fc2281000 (32768 bytes)
*** Preparing to test memory region 7f6fc245d000 (53248 bytes)
*** Preparing to test memory region 7f6fc257a000 (8192 bytes)
.O.O.O.O.O.9060:signal-handler (1704217421) Received SIGINT scheduling shutdown...
9060:signal-handler (1704217421) You insist... exiting now.
9232:C 02 Jan 2024 18:43:42.103 # WARNING Memory overcommit must be enabled! Without it, a background save or replication may fail under low memory condition. Being disabled, it can also cause failures without low memory condition, see https://github.com/jemalloc/jemalloc/issues/1328. To fix this issue add 'vm.overcommit_memory = 1' to /etc/sysctl.conf and then reboot or run the command 'sysctl vm.overcommit_memory=1' for this to take effect.
9232:C 02 Jan 2024 18:43:42.103 * oO0OoO0OoO0Oo Redis is starting oO0OoO0OoO0Oo
9232:C 02 Jan 2024 18:43:42.103 * Redis version=255.255.255, bits=64, commit=e04ebdb8, modified=1, pid=9232, just started
9232:C 02 Jan 2024 18:43:42.103 * Configuration loaded
9232:M 02 Jan 2024 18:43:42.103 * monotonic clock: POSIX clock_gettime
9232:M 02 Jan 2024 18:43:42.104 * Running mode=standalone, port=5013.
9232:M 02 Jan 2024 18:43:42.110 * <raft> RedisRaft version 255.255.255 [b779b199]
9232:M 02 Jan 2024 18:43:42.114 * <raft> Initializing test network
9232:M 02 Jan 2024 18:43:42.115 * <raft> Created test network client
9232:M 02 Jan 2024 18:43:42.118 * <raft> Raft module loaded, state is 'loading'
9232:M 02 Jan 2024 18:43:42.118 * Module 'raft' loaded from /home/snagendra/Fuzzing/redisraft-fuzzing/redisraft.so
9232:M 02 Jan 2024 18:43:42.118 * Server initialized
9232:M 02 Jan 2024 18:43:42.118 . The AOF directory appendonlydir doesn't exist
9232:M 02 Jan 2024 18:43:42.118 * Ready to accept connections tcp
9232:M 02 Jan 2024 18:43:42.119 . 0 clients connected (0 replicas), 1746848 bytes in use
9232:M 02 Jan 2024 18:43:42.219 * <raft> Loading: Redis loading complete, snapshot NOT LOADED
9232:M 02 Jan 2024 18:43:42.219 * <raft> Cluster Membership: term:0 index:0 nodes: id=3,voting=0,active=1,addr=-
9232:M 02 Jan 2024 18:43:42.219 * <raft> Test network starting message polling thread


=== REDIS BUG REPORT START: Cut & paste starting from here ===
9232:M 02 Jan 2024 18:43:42.220 # Redis 255.255.255 crashed by signal: 6, si_code: -6
9232:M 02 Jan 2024 18:43:42.220 # Crashed running the instruction at: 0x7f9b227cfd3c

------ STACK TRACE ------
EIP:
/lib/x86_64-linux-gnu/libc.so.6(+0x8ad3c)[0x7f9b227cfd3c]

Backtrace:
/lib/x86_64-linux-gnu/libc.so.6(+0x3bfd0)[0x7f9b22780fd0]
/lib/x86_64-linux-gnu/libc.so.6(+0x8ad3c)[0x7f9b227cfd3c]
/lib/x86_64-linux-gnu/libc.so.6(gsignal+0x12)[0x7f9b22780f32]
/lib/x86_64-linux-gnu/libc.so.6(abort+0xd3)[0x7f9b2276b472]
/lib/x86_64-linux-gnu/libc.so.6(+0x26395)[0x7f9b2276b395]
/lib/x86_64-linux-gnu/libc.so.6(+0x34e32)[0x7f9b22779e32]
/home/snagendra/Fuzzing/redisraft-fuzzing/redisraft.so(+0x3caea)[0x7f9b226f4aea]
/home/snagendra/Fuzzing/redisraft-fuzzing/redisraft.so(callRaftPeriodic+0x478)[0x7f9b226e5088]
/home/snagendra/Fuzzing/redis/src/redis-server 0.0.0.0:5013(moduleTimerHandler+0x21c)[0x55683169198c]
/home/snagendra/Fuzzing/redis/src/redis-server 0.0.0.0:5013(+0x81705)[0x55683159b705]
/home/snagendra/Fuzzing/redis/src/redis-server 0.0.0.0:5013(aeMain+0x1c8)[0x5568315a5cb8]
/home/snagendra/Fuzzing/redis/src/redis-server 0.0.0.0:5013(main+0x3cd)[0x55683159ae2d]
/lib/x86_64-linux-gnu/libc.so.6(+0x271ca)[0x7f9b2276c1ca]
/lib/x86_64-linux-gnu/libc.so.6(__libc_start_main+0x85)[0x7f9b2276c285]
/home/snagendra/Fuzzing/redis/src/redis-server 0.0.0.0:5013(_start+0x2a)[0x55683159b5aa]

------ REGISTERS ------
9232:M 02 Jan 2024 18:43:42.220 # 
RAX:0000000000000000 RBX:0000000000002410
RCX:00007f9b227cfd3c RDX:0000000000000006
RDI:0000000000002410 RSI:0000000000002410
RBP:00007f9b227411c0 RSP:00007ffc3d3b68d0
R8 :0000000000000007 R9 :0000556832fe76b0
R10:0000000000000008 R11:0000000000000246
R12:0000000000000006 R13:00000000000006a6
R14:00007f9b2272105c R15:00005568316902b0
RIP:00007f9b227cfd3c EFL:0000000000000246
CSGSFS:002b000000000033
9232:M 02 Jan 2024 18:43:42.220 # (00007ffc3d3b68df) -> 0000556832fe7760
9232:M 02 Jan 2024 18:43:42.220 # (00007ffc3d3b68de) -> 00007f9b22917c60
9232:M 02 Jan 2024 18:43:42.220 # (00007ffc3d3b68dd) -> 0000000000000421
9232:M 02 Jan 2024 18:43:42.220 # (00007ffc3d3b68dc) -> 0000556832fe76b0
9232:M 02 Jan 2024 18:43:42.220 # (00007ffc3d3b68db) -> 00000000000006a6
9232:M 02 Jan 2024 18:43:42.220 # (00007ffc3d3b68da) -> 0000000000000020
9232:M 02 Jan 2024 18:43:42.220 # (00007ffc3d3b68d9) -> 00007f9b2276b472
9232:M 02 Jan 2024 18:43:42.220 # (00007ffc3d3b68d8) -> 00007f9b22918e70
9232:M 02 Jan 2024 18:43:42.220 # (00007ffc3d3b68d7) -> 00007f9b22780f32
9232:M 02 Jan 2024 18:43:42.220 # (00007ffc3d3b68d6) -> 00007f9b2272105c
9232:M 02 Jan 2024 18:43:42.220 # (00007ffc3d3b68d5) -> 00000000000006a6
9232:M 02 Jan 2024 18:43:42.220 # (00007ffc3d3b68d4) -> 00007f9b22720720
9232:M 02 Jan 2024 18:43:42.220 # (00007ffc3d3b68d3) -> 00007f9b227411c0
9232:M 02 Jan 2024 18:43:42.220 # (00007ffc3d3b68d2) -> 0000000000000006
9232:M 02 Jan 2024 18:43:42.220 # (00007ffc3d3b68d1) -> 9e059b72421c1800
9232:M 02 Jan 2024 18:43:42.220 # (00007ffc3d3b68d0) -> 00005568316902b0

------ INFO OUTPUT ------
# Server
redis_version:255.255.255
redis_git_sha1:e04ebdb8
redis_git_dirty:1
redis_build_id:1f78dcc7b4fbdd25
redis_mode:standalone
os:Linux 6.1.60.1.amd64-smp x86_64
arch_bits:64
monotonic_clock:POSIX clock_gettime
multiplexing_api:epoll
atomicvar_api:c11-builtin
gcc_version:10.2.1
process_id:9232
process_supervised:no
run_id:c4a3e865203de4070e2d3d729cc35a81386e31cb
tcp_port:5013
server_time_usec:1704217422219132
uptime_in_seconds:0
uptime_in_days:0
hz:10
configured_hz:10
lru_clock:9718606
executable:/home/snagendra/Fuzzing/redis/src/redis-server
config_file:
io_threads_active:0
listener0:name=tcp,bind=0.0.0.0,port=5013

# Clients
connected_clients:0
cluster_connections:0
maxclients:10000
client_recent_max_input_buffer:0
client_recent_max_output_buffer:0
blocked_clients:0
tracking_clients:0
clients_in_timeout_table:0
total_blocking_keys:0
total_blocking_keys_on_nokey:0

# Memory
used_memory:1755304
used_memory_human:1.67M
used_memory_rss:17670144
used_memory_rss_human:16.85M
used_memory_peak:1755304
used_memory_peak_human:1.67M
used_memory_peak_perc:100.48%
used_memory_overhead:1746888
used_memory_startup:1746704
used_memory_dataset:8416
used_memory_dataset_perc:97.86%
allocator_allocated:2119920
allocator_active:2654208
allocator_resident:10903552
total_system_memory:270388695040
total_system_memory_human:251.82G
used_memory_lua:31744
used_memory_vm_eval:31744
used_memory_lua_human:31.00K
used_memory_scripts_eval:0
number_of_cached_scripts:0
number_of_functions:0
number_of_libraries:0
used_memory_vm_functions:32768
used_memory_vm_total:64512
used_memory_vm_total_human:63.00K
used_memory_functions:184
used_memory_scripts:184
used_memory_scripts_human:184B
maxmemory:0
maxmemory_human:0B
maxmemory_policy:noeviction
allocator_frag_ratio:1.25
allocator_frag_bytes:534288
allocator_rss_ratio:4.11
allocator_rss_bytes:8249344
rss_overhead_ratio:1.62
rss_overhead_bytes:6766592
mem_fragmentation_ratio:10.12
mem_fragmentation_bytes:15923296
mem_not_counted_for_evict:0
mem_replication_backlog:0
mem_total_replication_buffers:0
mem_clients_slaves:0
mem_clients_normal:0
mem_cluster_links:0
mem_aof_buffer:0
mem_allocator:jemalloc-5.3.0
active_defrag_running:0
lazyfree_pending_objects:0
lazyfreed_objects:0

# Persistence
loading:0
async_loading:0
current_cow_peak:0
current_cow_size:0
current_cow_size_age:0
current_fork_perc:0.00
current_save_keys_processed:0
current_save_keys_total:0
rdb_changes_since_last_save:0
rdb_bgsave_in_progress:0
rdb_last_save_time:1704217422
rdb_last_bgsave_status:ok
rdb_last_bgsave_time_sec:-1
rdb_current_bgsave_time_sec:-1
rdb_saves:0
rdb_last_cow_size:0
rdb_last_load_keys_expired:0
rdb_last_load_keys_loaded:0
aof_enabled:0
aof_rewrite_in_progress:0
aof_rewrite_scheduled:0
aof_last_rewrite_time_sec:-1
aof_current_rewrite_time_sec:-1
aof_last_bgrewrite_status:ok
aof_rewrites:0
aof_rewrites_consecutive_failures:0
aof_last_write_status:ok
aof_last_cow_size:0
module_fork_in_progress:0
module_fork_last_cow_size:0

# Stats
total_connections_received:0
total_commands_processed:6
instantaneous_ops_per_sec:23
total_net_input_bytes:0
total_net_output_bytes:0
total_net_repl_input_bytes:0
total_net_repl_output_bytes:0
instantaneous_input_kbps:0.00
instantaneous_output_kbps:0.00
instantaneous_input_repl_kbps:0.00
instantaneous_output_repl_kbps:0.00
rejected_connections:0
sync_full:0
sync_partial_ok:0
sync_partial_err:0
expired_keys:0
expired_stale_perc:0.00
expired_time_cap_reached_count:0
expire_cycle_cpu_milliseconds:0
evicted_keys:0
evicted_clients:0
total_eviction_exceeded_time:0
current_eviction_exceeded_time:0
keyspace_hits:0
keyspace_misses:0
pubsub_channels:0
pubsub_patterns:0
pubsubshard_channels:0
latest_fork_usec:0
total_forks:0
migrate_cached_sockets:0
slave_expires_tracked_keys:0
active_defrag_hits:0
active_defrag_misses:0
active_defrag_key_hits:0
active_defrag_key_misses:0
total_active_defrag_time:0
current_active_defrag_time:0
tracking_total_keys:0
tracking_total_items:0
tracking_total_prefixes:0
unexpected_error_replies:0
total_error_replies:0
dump_payload_sanitizations:0
total_reads_processed:0
total_writes_processed:0
io_threaded_reads_processed:0
io_threaded_writes_processed:0
reply_buffer_shrinks:0
reply_buffer_expands:0
acl_access_denied_auth:0
acl_access_denied_cmd:0
acl_access_denied_key:0
acl_access_denied_channel:0

# Replication
role:master
connected_slaves:0
master_failover_state:no-failover
master_replid:8da5d19d86cbe82efe11fe4a44823a45ab8f0d67
master_replid2:0000000000000000000000000000000000000000
master_repl_offset:0
second_repl_offset:-1
repl_backlog_active:0
repl_backlog_size:1048576
repl_backlog_first_byte_offset:0
repl_backlog_histlen:0

# CPU
used_cpu_sys:0.004638
used_cpu_user:0.013914
used_cpu_sys_children:0.000000
used_cpu_user_children:0.000000
used_cpu_sys_main_thread:0.004255
used_cpu_user_main_thread:0.012767

# Modules
module:name=raft,ver=1,api=1,filters=1,usedby=[],using=[],options=[]

# Commandstats
cmdstat_command:calls=2,usec=1504,usec_per_call=752.00,rejected_calls=0,failed_calls=0
cmdstat_config|set:calls=1,usec=6,usec_per_call=6.00,rejected_calls=0,failed_calls=0
cmdstat_config|get:calls=3,usec=5,usec_per_call=1.67,rejected_calls=0,failed_calls=0

# Errorstats

# Latencystats
latency_percentiles_usec_command:p50=733.183,p99=774.143,p99.9=774.143
latency_percentiles_usec_config|set:p50=6.015,p99=6.015,p99.9=6.015
latency_percentiles_usec_config|get:p50=2.007,p99=2.007,p99.9=2.007

# Cluster
cluster_enabled:0

# Keyspace

------ CLIENT LIST OUTPUT ------

------ MODULES INFO OUTPUT ------
# raft_version
raft_version:255.255.255
raft_git_sha1:b779b199

# raft_general
raft_dbid:fa9e142fb1c6ee2ad273cfb260366beb
raft_node_id:3
raft_state:up
raft_role:follower
raft_is_voting:no
raft_voted_for:-1
raft_leader_id:-1
raft_current_term:0
raft_num_nodes:1
raft_num_voting_nodes:0

# raft_log
raft_log_entries:0
raft_current_index:0
raft_commit_index:0
raft_last_applied_index:0
raft_file_size:101
raft_cache_memory_size:0
raft_cache_entries:0
raft_client_attached_entries:0
raft_fsync_count:0
raft_fsync_max_microseconds:0
raft_fsync_avg_microseconds:0

# raft_snapshot
raft_snapshot_filename:redis3.rdb
raft_snapshot_last_idx:0
raft_snapshot_last_term:0
raft_snapshot_size:0
raft_snapshot_time_secs:-1
raft_snapshots_created:0
raft_snapshots_received:0
raft_snapshot_in_progress:no
raft_snapshot_in_progress_last_idx:-1
raft_snapshot_in_progress_last_term:-1

# raft_clients
raft_proxy_reqs:0
raft_proxy_failed_reqs:0
raft_proxy_failed_responses:0
raft_proxy_outstanding_reqs:0

# raft_stats
raft_appendreq_received:0
raft_appendreq_with_entry_received:0
raft_snapshotreq_received:0
raft_exec_throttled:0
raft_num_sessions:0

------ CONFIG DEBUG OUTPUT ------
proto-max-bulk-len 512mb
lazyfree-lazy-user-del no
lazyfree-lazy-eviction no
list-compress-depth 0
lazyfree-lazy-expire no
io-threads-do-reads no
lazyfree-lazy-server-del no
sanitize-dump-payload no
replica-read-only yes
activedefrag no
lazyfree-lazy-user-flush no
client-query-buffer-limit 1gb
slave-read-only yes
repl-diskless-sync yes
io-threads 1
repl-diskless-load disabled

------ FAST MEMORY TEST ------
9232:M 02 Jan 2024 18:43:42.220 # Bio worker thread #0 terminated
9232:M 02 Jan 2024 18:43:42.221 # Bio worker thread #1 terminated
9232:M 02 Jan 2024 18:43:42.221 # Bio worker thread #2 terminated
*** Preparing to test memory region 556831871000 (2273280 bytes)
*** Preparing to test memory region 556832f92000 (405504 bytes)
*** Preparing to test memory region 7f9b00000000 (135168 bytes)
*** Preparing to test memory region 7f9b04000000 (135168 bytes)
*** Preparing to test memory region 7f9b08000000 (135168 bytes)
*** Preparing to test memory region 7f9b0f800000 (8388608 bytes)
*** Preparing to test memory region 7f9b10000000 (135168 bytes)
*** Preparing to test memory region 7f9b147fd000 (8388608 bytes)
*** Preparing to test memory region 7f9b14ffe000 (8388608 bytes)
*** Preparing to test memory region 7f9b16000000 (8388608 bytes)
*** Preparing to test memory region 7f9b16800000 (6291456 bytes)
*** Preparing to test memory region 7f9b16fff000 (8388608 bytes)
*** Preparing to test memory region 7f9b17800000 (8388608 bytes)
*** Preparing to test memory region 7f9b18000000 (135168 bytes)
*** Preparing to test memory region 7f9b1c000000 (4194304 bytes)
*** Preparing to test memory region 7f9b1c49f000 (8388608 bytes)
*** Preparing to test memory region 7f9b1cca0000 (8388608 bytes)
*** Preparing to test memory region 7f9b1d4a1000 (8388608 bytes)
*** Preparing to test memory region 7f9b1dca2000 (8388608 bytes)
*** Preparing to test memory region 7f9b1e4a3000 (8388608 bytes)
*** Preparing to test memory region 7f9b1eca4000 (8388608 bytes)
*** Preparing to test memory region 7f9b1f4a5000 (8388608 bytes)
*** Preparing to test memory region 7f9b1fca6000 (8388608 bytes)
*** Preparing to test memory region 7f9b204a6000 (2621440 bytes)
*** Preparing to test memory region 7f9b20c7f000 (12288 bytes)
*** Preparing to test memory region 7f9b20c9f000 (8192 bytes)
*** Preparing to test memory region 7f9b211fe000 (8192 bytes)
*** Preparing to test memory region 7f9b21418000 (16384 bytes)
*** Preparing to test memory region 7f9b21e00000 (8388608 bytes)
*** Preparing to test memory region 7f9b22690000 (4096 bytes)
*** Preparing to test memory region 7f9b226b5000 (12288 bytes)
*** Preparing to test memory region 7f9b2273a000 (45056 bytes)
*** Preparing to test memory region 7f9b22919000 (53248 bytes)
*** Preparing to test memory region 7f9b22a36000 (8192 bytes)
.9232:M 02 Jan 2024 18:43:42.227 * <raft> Cluster Membership: term:1 index:2 nodes: id=3,voting=0,active=1,addr=- id=1,voting=1,active=1,addr=localhost:5011
9232:M 02 Jan 2024 18:43:42.227 * <raft> Cluster Membership: term:1 index:3 nodes: id=3,voting=0,active=1,addr=- id=1,voting=1,active=1,addr=localhost:5011 id=2,voting=0,active=1,addr=localhost:5012
O.9232:M 02 Jan 2024 18:43:42.228 # Redis 255.255.255 crashed by signal: 11, si_code: 128
9232:M 02 Jan 2024 18:43:42.228 # Accessing address: (nil)
9232:M 02 Jan 2024 18:43:42.228 # Crashed running the instruction at: 0x7f9b227840cd
O.O.9697:C 02 Jan 2024 18:43:43.081 # WARNING Memory overcommit must be enabled! Without it, a background save or replication may fail under low memory condition. Being disabled, it can also cause failures without low memory condition, see https://github.com/jemalloc/jemalloc/issues/1328. To fix this issue add 'vm.overcommit_memory = 1' to /etc/sysctl.conf and then reboot or run the command 'sysctl vm.overcommit_memory=1' for this to take effect.
9697:C 02 Jan 2024 18:43:43.081 * oO0OoO0OoO0Oo Redis is starting oO0OoO0OoO0Oo
9697:C 02 Jan 2024 18:43:43.081 * Redis version=255.255.255, bits=64, commit=e04ebdb8, modified=1, pid=9697, just started
9697:C 02 Jan 2024 18:43:43.081 * Configuration loaded
9697:M 02 Jan 2024 18:43:43.081 * monotonic clock: POSIX clock_gettime
9697:M 02 Jan 2024 18:43:43.082 * Running mode=standalone, port=5013.
9697:M 02 Jan 2024 18:43:43.088 * <raft> RedisRaft version 255.255.255 [b779b199]
9697:M 02 Jan 2024 18:43:43.092 * <raft> Initializing test network
9697:M 02 Jan 2024 18:43:43.093 * <raft> Created test network client
9697:M 02 Jan 2024 18:43:43.096 * <raft> Raft module loaded, state is 'loading'
9697:M 02 Jan 2024 18:43:43.096 * Module 'raft' loaded from /home/snagendra/Fuzzing/redisraft-fuzzing/redisraft.so
9697:M 02 Jan 2024 18:43:43.096 * Server initialized
9697:M 02 Jan 2024 18:43:43.096 . The AOF directory appendonlydir doesn't exist
9697:M 02 Jan 2024 18:43:43.096 * Ready to accept connections tcp
9697:M 02 Jan 2024 18:43:43.096 . 0 clients connected (0 replicas), 1746688 bytes in use
9697:signal-handler (1704217423) Received SIGINT scheduling shutdown...
9697:signal-handler (1704217423) You insist... exiting now.
9834:C 02 Jan 2024 18:43:43.250 # WARNING Memory overcommit must be enabled! Without it, a background save or replication may fail under low memory condition. Being disabled, it can also cause failures without low memory condition, see https://github.com/jemalloc/jemalloc/issues/1328. To fix this issue add 'vm.overcommit_memory = 1' to /etc/sysctl.conf and then reboot or run the command 'sysctl vm.overcommit_memory=1' for this to take effect.
9834:C 02 Jan 2024 18:43:43.250 * oO0OoO0OoO0Oo Redis is starting oO0OoO0OoO0Oo
9834:C 02 Jan 2024 18:43:43.250 * Redis version=255.255.255, bits=64, commit=e04ebdb8, modified=1, pid=9834, just started
9834:C 02 Jan 2024 18:43:43.250 * Configuration loaded
9834:M 02 Jan 2024 18:43:43.250 * monotonic clock: POSIX clock_gettime
9834:M 02 Jan 2024 18:43:43.251 * Running mode=standalone, port=5013.
9834:M 02 Jan 2024 18:43:43.258 * <raft> RedisRaft version 255.255.255 [b779b199]
9834:M 02 Jan 2024 18:43:43.262 * <raft> Initializing test network
9834:M 02 Jan 2024 18:43:43.263 * <raft> Created test network client
9834:M 02 Jan 2024 18:43:43.266 * <raft> Raft module loaded, state is 'loading'
9834:M 02 Jan 2024 18:43:43.266 * Module 'raft' loaded from /home/snagendra/Fuzzing/redisraft-fuzzing/redisraft.so
9834:M 02 Jan 2024 18:43:43.266 * Server initialized
9834:M 02 Jan 2024 18:43:43.266 . The AOF directory appendonlydir doesn't exist
9834:M 02 Jan 2024 18:43:43.266 * Ready to accept connections tcp
9834:M 02 Jan 2024 18:43:43.266 . 0 clients connected (0 replicas), 1746656 bytes in use
9834:M 02 Jan 2024 18:43:43.367 * <raft> Loading: Redis loading complete, snapshot NOT LOADED
9834:M 02 Jan 2024 18:43:43.367 * <raft> Cluster Membership: term:0 index:0 nodes: id=3,voting=0,active=1,addr=-
9834:M 02 Jan 2024 18:43:43.368 * <raft> Test network starting message polling thread
9834:M 02 Jan 2024 18:43:43.368 * <raft> Cluster Membership: term:0 index:4 nodes: id=3,voting=0,active=1,addr=- id=1,voting=1,active=1,addr=localhost:5011
9834:M 02 Jan 2024 18:43:43.368 * <raft> Cluster Membership: term:0 index:4 nodes: id=3,voting=0,active=1,addr=- id=1,voting=1,active=1,addr=localhost:5011 id=2,voting=0,active=1,addr=localhost:5012
9834:M 02 Jan 2024 18:43:43.368 * <raft> Raft state after loading log: log_count=4, first_idx=1, current_idx=4, last_applied_idx=0
9834:M 02 Jan 2024 18:43:43.368 . <raft> Raft term=1, vote=-1
9834:signal-handler (1704217423) Received SIGINT scheduling shutdown...
9834:signal-handler (1704217423) You insist... exiting now.

----- Stderr -----
libgcov profiling error:/home/snagendra/Fuzzing/redisraft-fuzzing/build/deps/raft/CMakeFiles/raft.dir/src/raft_server_properties.c.gcda:Version mismatch - expected 12.2 (release) (B22*) got (unknown) (I²Ë«)
libgcov profiling error:/home/snagendra/Fuzzing/redisraft-fuzzing/build/deps/raft/CMakeFiles/raft.dir/src/raft_server.c.gcda:Merge mismatch for function 14
redis-server: /home/snagendra/Fuzzing/redisraft-fuzzing/deps/raft/src/raft_server.c:1702: raft_get_first_entry_idx: Assertion `0 < raft_get_current_idx(me)' failed.
libgcov profiling error:/home/snagendra/Fuzzing/redisraft-fuzzing/build/deps/raft/CMakeFiles/raft.dir/src/raft_server_properties.c.gcda:Version mismatch - expected 12.2 (release) (B22*) got (unknown) (I²Ë«)
libgcov profiling error:/home/snagendra/Fuzzing/redisraft-fuzzing/build/deps/raft/CMakeFiles/raft.dir/src/raft_server.c.gcda:Merge mismatch for function 14
redis-server: /home/snagendra/Fuzzing/redisraft-fuzzing/deps/raft/src/raft_server.c:1702: raft_get_first_entry_idx: Assertion `0 < raft_get_current_idx(me)' failed.
libgcov profiling error:/home/snagendra/Fuzzing/redisraft-fuzzing/build/deps/raft/CMakeFiles/raft.dir/src/raft_server_properties.c.gcda:Version mismatch - expected 12.2 (release) (B22*) got (unknown) (I²Ë«)
libgcov profiling error:/home/snagendra/Fuzzing/redisraft-fuzzing/build/deps/raft/CMakeFiles/raft.dir/src/raft_server.c.gcda:Merge mismatch for function 14
libgcov profiling error:/home/snagendra/Fuzzing/redisraft-fuzzing/build/deps/raft/CMakeFiles/raft.dir/src/raft_server_properties.c.gcda:Version mismatch - expected 12.2 (release) (B22*) got (unknown) (I²Ë«)
libgcov profiling error:/home/snagendra/Fuzzing/redisraft-fuzzing/build/deps/raft/CMakeFiles/raft.dir/src/raft_server.c.gcda:Merge mismatch for function 14



