logs for node: 1

----- Stdout -----
2871599:C 02 Jan 2024 17:54:08.291 # WARNING Memory overcommit must be enabled! Without it, a background save or replication may fail under low memory condition. Being disabled, it can also cause failures without low memory condition, see https://github.com/jemalloc/jemalloc/issues/1328. To fix this issue add 'vm.overcommit_memory = 1' to /etc/sysctl.conf and then reboot or run the command 'sysctl vm.overcommit_memory=1' for this to take effect.
2871599:C 02 Jan 2024 17:54:08.291 * oO0OoO0OoO0Oo Redis is starting oO0OoO0OoO0Oo
2871599:C 02 Jan 2024 17:54:08.291 * Redis version=255.255.255, bits=64, commit=e04ebdb8, modified=1, pid=2871599, just started
2871599:C 02 Jan 2024 17:54:08.291 * Configuration loaded
2871599:M 02 Jan 2024 17:54:08.292 * monotonic clock: POSIX clock_gettime
2871599:M 02 Jan 2024 17:54:08.292 * Running mode=standalone, port=5051.
2871599:M 02 Jan 2024 17:54:08.299 * <raft> RedisRaft version 255.255.255 [b779b199]
2871599:M 02 Jan 2024 17:54:08.304 * <raft> Initializing test network
2871599:M 02 Jan 2024 17:54:08.305 * <raft> Created test network client
2871599:M 02 Jan 2024 17:54:08.305 * <raft> Raft module loaded, state is 'uninitialized'
2871599:M 02 Jan 2024 17:54:08.305 * Module 'raft' loaded from /home/snagendra/Fuzzing/redisraft-fuzzing/redisraft.so
2871599:M 02 Jan 2024 17:54:08.306 * Server initialized
2871599:M 02 Jan 2024 17:54:08.307 . The AOF directory appendonlydir doesn't exist
2871599:M 02 Jan 2024 17:54:08.307 * Ready to accept connections tcp
2871599:M 02 Jan 2024 17:54:08.307 . 0 clients connected (0 replicas), 1726192 bytes in use
2871599:M 02 Jan 2024 17:54:08.316 - Accepted 127.0.0.1:33494
2871599:M 02 Jan 2024 17:54:08.316 # Missing implement of connection type tls
2871599:M 02 Jan 2024 17:54:08.322 * <raft> Cluster Membership: term:0 index:0 nodes: id=1,voting=0,active=1,addr=-
2871599:M 02 Jan 2024 17:54:08.327 * <raft> State change: Node is now a leader, term 1
2871599:M 02 Jan 2024 17:54:08.328 * <raft> Cluster Membership: term:1 index:1 nodes: id=1,voting=0,active=1,addr=-
2871599:M 02 Jan 2024 17:54:08.328 * <raft> Test network starting message polling thread
2871599:M 02 Jan 2024 17:54:08.328 * <raft> Raft Cluster initialized, node id: 1, dbid: 8dbc15ba823cdac115b7b185a89bc91a
2871599:M 02 Jan 2024 17:54:08.446 - Accepted 127.0.0.1:33506
2871599:M 02 Jan 2024 17:54:08.447 * <raft> Cluster Membership: term:1 index:3 nodes: id=1,voting=1,active=1,addr=- id=2,voting=0,active=1,addr=localhost:5052
2871599:M 02 Jan 2024 17:54:08.454 - Client closed connection id=9 addr=127.0.0.1:33506 laddr=127.0.0.1:5051 fd=12 name= age=0 idle=0 flags=N db=0 sub=0 psub=0 ssub=0 multi=-1 qbuf=0 qbuf-free=20474 argv-mem=0 multi-mem=0 rbs=16384 rbp=16384 obl=0 oll=0 omem=0 tot-mem=37760 events=r cmd=raft.node user=default redir=-1 resp=2 lib-name= lib-ver=
2871599:M 02 Jan 2024 17:54:08.573 - Accepted 127.0.0.1:33518
2871599:M 02 Jan 2024 17:54:08.573 * <raft> Cluster Membership: term:1 index:4 nodes: id=1,voting=1,active=1,addr=- id=2,voting=0,active=1,addr=localhost:5052 id=3,voting=0,active=1,addr=localhost:5053
2871599:M 02 Jan 2024 17:54:08.581 - Client closed connection id=10 addr=127.0.0.1:33518 laddr=127.0.0.1:5051 fd=13 name= age=0 idle=0 flags=N db=0 sub=0 psub=0 ssub=0 multi=-1 qbuf=0 qbuf-free=20474 argv-mem=0 multi-mem=0 rbs=16384 rbp=16384 obl=0 oll=0 omem=0 tot-mem=37760 events=r cmd=raft.node user=default redir=-1 resp=2 lib-name= lib-ver=
2871599:M 02 Jan 2024 17:54:08.673 - Accepted 127.0.0.1:33532
2871599:M 02 Jan 2024 17:54:08.736 * <raft> node:3 has sufficient logs, adding as voting node.
2871599:signal-handler (1704214448) Received SIGINT scheduling shutdown...
2871599:signal-handler (1704214448) You insist... exiting now.
2872723:C 02 Jan 2024 17:54:10.649 # WARNING Memory overcommit must be enabled! Without it, a background save or replication may fail under low memory condition. Being disabled, it can also cause failures without low memory condition, see https://github.com/jemalloc/jemalloc/issues/1328. To fix this issue add 'vm.overcommit_memory = 1' to /etc/sysctl.conf and then reboot or run the command 'sysctl vm.overcommit_memory=1' for this to take effect.
2872723:C 02 Jan 2024 17:54:10.649 * oO0OoO0OoO0Oo Redis is starting oO0OoO0OoO0Oo
2872723:C 02 Jan 2024 17:54:10.649 * Redis version=255.255.255, bits=64, commit=e04ebdb8, modified=1, pid=2872723, just started
2872723:C 02 Jan 2024 17:54:10.649 * Configuration loaded
2872723:M 02 Jan 2024 17:54:10.649 * monotonic clock: POSIX clock_gettime
2872723:M 02 Jan 2024 17:54:10.650 * Running mode=standalone, port=5051.
2872723:M 02 Jan 2024 17:54:10.657 * <raft> RedisRaft version 255.255.255 [b779b199]
2872723:M 02 Jan 2024 17:54:10.661 * <raft> Initializing test network
2872723:M 02 Jan 2024 17:54:10.662 * <raft> Created test network client
2872723:M 02 Jan 2024 17:54:10.665 * <raft> Raft module loaded, state is 'loading'
2872723:M 02 Jan 2024 17:54:10.665 * Module 'raft' loaded from /home/snagendra/Fuzzing/redisraft-fuzzing/redisraft.so
2872723:M 02 Jan 2024 17:54:10.666 * Server initialized
2872723:M 02 Jan 2024 17:54:10.666 . The AOF directory appendonlydir doesn't exist
2872723:M 02 Jan 2024 17:54:10.666 * Ready to accept connections tcp
2872723:M 02 Jan 2024 17:54:10.666 . 0 clients connected (0 replicas), 1746688 bytes in use
2872723:M 02 Jan 2024 17:54:10.733 - Accepted 127.0.0.1:33652
2872723:M 02 Jan 2024 17:54:10.733 # Missing implement of connection type tls
2872723:M 02 Jan 2024 17:54:10.765 * <raft> Loading: Redis loading complete, snapshot NOT LOADED
2872723:M 02 Jan 2024 17:54:10.766 * <raft> Cluster Membership: term:0 index:0 nodes: id=1,voting=0,active=1,addr=-
2872723:M 02 Jan 2024 17:54:10.766 * <raft> Test network starting message polling thread
2872723:M 02 Jan 2024 17:54:10.766 * <raft> Cluster Membership: term:0 index:4 nodes: id=1,voting=1,active=1,addr=- id=2,voting=0,active=1,addr=localhost:5052
2872723:M 02 Jan 2024 17:54:10.767 * <raft> Cluster Membership: term:0 index:4 nodes: id=1,voting=1,active=1,addr=- id=2,voting=0,active=1,addr=localhost:5052 id=3,voting=0,active=1,addr=localhost:5053
2872723:M 02 Jan 2024 17:54:10.767 * <raft> Raft state after loading log: log_count=4, first_idx=1, current_idx=4, last_applied_idx=0
2872723:M 02 Jan 2024 17:54:10.767 . <raft> Raft term=1, vote=-1
2872723:M 02 Jan 2024 17:54:10.773 * <raft> State change: Node is now a leader, term 2
2872723:M 02 Jan 2024 17:54:10.773 * <raft> Cluster Membership: term:2 index:5 nodes: id=1,voting=1,active=1,addr=- id=2,voting=0,active=1,addr=localhost:5052 id=3,voting=0,active=1,addr=localhost:5053
2872723:M 02 Jan 2024 17:54:10.859 - Client closed connection id=8 addr=127.0.0.1:33652 laddr=127.0.0.1:5051 fd=11 name= age=0 idle=0 flags=N db=0 sub=0 psub=0 ssub=0 multi=-1 qbuf=0 qbuf-free=20474 argv-mem=0 multi-mem=0 rbs=16384 rbp=0 obl=0 oll=0 omem=0 tot-mem=37760 events=r cmd=auth user=default redir=-1 resp=2 lib-name= lib-ver=
2872723:M 02 Jan 2024 17:54:10.891 - Accepted 127.0.0.1:33658
2872723:signal-handler (1704214451) Received SIGINT scheduling shutdown...
2872723:signal-handler (1704214451) You insist... exiting now.
2873113:C 02 Jan 2024 17:54:11.519 # WARNING Memory overcommit must be enabled! Without it, a background save or replication may fail under low memory condition. Being disabled, it can also cause failures without low memory condition, see https://github.com/jemalloc/jemalloc/issues/1328. To fix this issue add 'vm.overcommit_memory = 1' to /etc/sysctl.conf and then reboot or run the command 'sysctl vm.overcommit_memory=1' for this to take effect.
2873113:C 02 Jan 2024 17:54:11.519 * oO0OoO0OoO0Oo Redis is starting oO0OoO0OoO0Oo
2873113:C 02 Jan 2024 17:54:11.519 * Redis version=255.255.255, bits=64, commit=e04ebdb8, modified=1, pid=2873113, just started
2873113:C 02 Jan 2024 17:54:11.519 * Configuration loaded
2873113:M 02 Jan 2024 17:54:11.519 * monotonic clock: POSIX clock_gettime
2873113:M 02 Jan 2024 17:54:11.520 * Running mode=standalone, port=5051.
2873113:M 02 Jan 2024 17:54:11.526 * <raft> RedisRaft version 255.255.255 [b779b199]
2873113:M 02 Jan 2024 17:54:11.531 * <raft> Initializing test network
2873113:M 02 Jan 2024 17:54:11.532 * <raft> Created test network client
2873113:M 02 Jan 2024 17:54:11.536 * <raft> Raft module loaded, state is 'loading'
2873113:M 02 Jan 2024 17:54:11.536 * Module 'raft' loaded from /home/snagendra/Fuzzing/redisraft-fuzzing/redisraft.so
2873113:M 02 Jan 2024 17:54:11.537 * Server initialized
2873113:M 02 Jan 2024 17:54:11.537 . The AOF directory appendonlydir doesn't exist
2873113:M 02 Jan 2024 17:54:11.537 * Ready to accept connections tcp
2873113:M 02 Jan 2024 17:54:11.537 . 0 clients connected (0 replicas), 1746720 bytes in use
2873113:M 02 Jan 2024 17:54:11.572 - Accepted 127.0.0.1:33736
2873113:M 02 Jan 2024 17:54:11.572 # Missing implement of connection type tls
2873113:M 02 Jan 2024 17:54:11.637 * <raft> Loading: Redis loading complete, snapshot NOT LOADED
2873113:M 02 Jan 2024 17:54:11.637 * <raft> Cluster Membership: term:0 index:0 nodes: id=1,voting=0,active=1,addr=-
2873113:M 02 Jan 2024 17:54:11.637 * <raft> Test network starting message polling thread
2873113:M 02 Jan 2024 17:54:11.638 * <raft> Cluster Membership: term:0 index:6 nodes: id=1,voting=1,active=1,addr=- id=2,voting=0,active=1,addr=localhost:5052
2873113:M 02 Jan 2024 17:54:11.638 * <raft> Cluster Membership: term:0 index:6 nodes: id=1,voting=1,active=1,addr=- id=2,voting=0,active=1,addr=localhost:5052 id=3,voting=0,active=1,addr=localhost:5053
2873113:M 02 Jan 2024 17:54:11.638 * <raft> Raft state after loading log: log_count=6, first_idx=1, current_idx=6, last_applied_idx=0
2873113:M 02 Jan 2024 17:54:11.638 . <raft> Raft term=2, vote=-1
2873113:M 02 Jan 2024 17:54:11.644 * <raft> State change: Node is now a leader, term 3
2873113:M 02 Jan 2024 17:54:11.644 * <raft> Cluster Membership: term:3 index:7 nodes: id=1,voting=1,active=1,addr=- id=2,voting=0,active=1,addr=localhost:5052 id=3,voting=0,active=1,addr=localhost:5053
2873113:signal-handler (1704214451) Received SIGINT scheduling shutdown...
2873113:signal-handler (1704214451) You insist... exiting now.

----- Stderr -----
libgcov profiling error:/home/snagendra/Fuzzing/redisraft-fuzzing/build/deps/raft/CMakeFiles/raft.dir/src/raft_server_properties.c.gcda:Version mismatch - expected 12.2 (release) (B22*) got (unknown) (I²Ë«)
libgcov profiling error:/home/snagendra/Fuzzing/redisraft-fuzzing/build/deps/raft/CMakeFiles/raft.dir/src/raft_server.c.gcda:Merge mismatch for function 14
libgcov profiling error:/home/snagendra/Fuzzing/redisraft-fuzzing/build/deps/raft/CMakeFiles/raft.dir/src/raft_server_properties.c.gcda:Version mismatch - expected 12.2 (release) (B22*) got (unknown) (I²Ë«)
libgcov profiling error:/home/snagendra/Fuzzing/redisraft-fuzzing/build/deps/raft/CMakeFiles/raft.dir/src/raft_server.c.gcda:Merge mismatch for function 14
libgcov profiling error:/home/snagendra/Fuzzing/redisraft-fuzzing/build/deps/raft/CMakeFiles/raft.dir/src/raft_server_properties.c.gcda:Version mismatch - expected 12.2 (release) (B22*) got (unknown) (I²Ë«)
libgcov profiling error:/home/snagendra/Fuzzing/redisraft-fuzzing/build/deps/raft/CMakeFiles/raft.dir/src/raft_server.c.gcda:Merge mismatch for function 14




logs for node: 2

----- Stdout -----
2871626:C 02 Jan 2024 17:54:08.330 # WARNING Memory overcommit must be enabled! Without it, a background save or replication may fail under low memory condition. Being disabled, it can also cause failures without low memory condition, see https://github.com/jemalloc/jemalloc/issues/1328. To fix this issue add 'vm.overcommit_memory = 1' to /etc/sysctl.conf and then reboot or run the command 'sysctl vm.overcommit_memory=1' for this to take effect.
2871626:C 02 Jan 2024 17:54:08.331 * oO0OoO0OoO0Oo Redis is starting oO0OoO0OoO0Oo
2871626:C 02 Jan 2024 17:54:08.331 * Redis version=255.255.255, bits=64, commit=e04ebdb8, modified=1, pid=2871626, just started
2871626:C 02 Jan 2024 17:54:08.331 * Configuration loaded
2871626:M 02 Jan 2024 17:54:08.331 * monotonic clock: POSIX clock_gettime
2871626:M 02 Jan 2024 17:54:08.332 * Running mode=standalone, port=5052.
2871626:M 02 Jan 2024 17:54:08.338 * <raft> RedisRaft version 255.255.255 [b779b199]
2871626:M 02 Jan 2024 17:54:08.344 * <raft> Initializing test network
2871626:M 02 Jan 2024 17:54:08.344 * <raft> Created test network client
2871626:M 02 Jan 2024 17:54:08.345 * <raft> Raft module loaded, state is 'uninitialized'
2871626:M 02 Jan 2024 17:54:08.345 * Module 'raft' loaded from /home/snagendra/Fuzzing/redisraft-fuzzing/redisraft.so
2871626:M 02 Jan 2024 17:54:08.346 * Server initialized
2871626:M 02 Jan 2024 17:54:08.346 . The AOF directory appendonlydir doesn't exist
2871626:M 02 Jan 2024 17:54:08.347 * Ready to accept connections tcp
2871626:M 02 Jan 2024 17:54:08.347 . 0 clients connected (0 replicas), 1726224 bytes in use
2871626:M 02 Jan 2024 17:54:08.376 - Accepted 127.0.0.1:58544
2871626:M 02 Jan 2024 17:54:08.376 # Missing implement of connection type tls
2871626:M 02 Jan 2024 17:54:08.446 - <raft> join cluster, connecting to localhost:5051
2871626:M 02 Jan 2024 17:54:08.448 * <raft> Joined Raft cluster, node id: 2, dbid: 8dbc15ba823cdac115b7b185a89bc91a
2871626:M 02 Jan 2024 17:54:08.454 * <raft> Cluster Membership: term:0 index:0 nodes: id=2,voting=0,active=1,addr=-
2871626:M 02 Jan 2024 17:54:08.454 * <raft> Test network starting message polling thread
2871626:M 02 Jan 2024 17:54:08.507 - Accepted 127.0.0.1:58560
2871626:M 02 Jan 2024 17:54:08.673 - Accepted 127.0.0.1:58566
2871626:M 02 Jan 2024 17:54:08.782 - Client closed connection id=9 addr=127.0.0.1:58560 laddr=127.0.0.1:5052 fd=10 name= age=0 idle=0 flags=N db=0 sub=0 psub=0 ssub=0 multi=-1 qbuf=0 qbuf-free=20474 argv-mem=0 multi-mem=0 rbs=1024 rbp=0 obl=0 oll=0 omem=0 tot-mem=22400 events=r cmd=auth user=default redir=-1 resp=2 lib-name= lib-ver=
2871626:M 02 Jan 2024 17:54:08.948 * <raft> State change: Election starting, node is now a pre-candidate, term 0
2871626:M 02 Jan 2024 17:54:08.948 * <raft> Cluster Membership: term:0 index:0 nodes: id=2,voting=0,active=1,addr=-
2871626:M 02 Jan 2024 17:54:09.011 - Client closed connection id=10 addr=127.0.0.1:58566 laddr=127.0.0.1:5052 fd=13 name= age=1 idle=1 flags=N db=0 sub=0 psub=0 ssub=0 multi=-1 qbuf=0 qbuf-free=20474 argv-mem=0 multi-mem=0 rbs=1024 rbp=0 obl=0 oll=0 omem=0 tot-mem=22400 events=r cmd=auth user=default redir=-1 resp=2 lib-name= lib-ver=
2871626:M 02 Jan 2024 17:54:09.202 * <raft> State change: Node is now a follower, term 1
2871626:M 02 Jan 2024 17:54:09.202 * <raft> Cluster Membership: term:1 index:0 nodes: id=2,voting=0,active=1,addr=-
2871626:M 02 Jan 2024 17:54:09.203 * <raft> Cluster Membership: term:1 index:2 nodes: id=2,voting=0,active=1,addr=- id=1,voting=1,active=1,addr=localhost:5051
2871626:M 02 Jan 2024 17:54:09.442 * <raft> Cluster Membership: term:1 index:4 nodes: id=2,voting=0,active=1,addr=- id=1,voting=1,active=1,addr=localhost:5051 id=3,voting=0,active=1,addr=localhost:5053
2871626:signal-handler (1704214449) Received SIGINT scheduling shutdown...
2871626:signal-handler (1704214449) You insist... exiting now.
2872893:C 02 Jan 2024 17:54:11.152 # WARNING Memory overcommit must be enabled! Without it, a background save or replication may fail under low memory condition. Being disabled, it can also cause failures without low memory condition, see https://github.com/jemalloc/jemalloc/issues/1328. To fix this issue add 'vm.overcommit_memory = 1' to /etc/sysctl.conf and then reboot or run the command 'sysctl vm.overcommit_memory=1' for this to take effect.
2872893:C 02 Jan 2024 17:54:11.152 * oO0OoO0OoO0Oo Redis is starting oO0OoO0OoO0Oo
2872893:C 02 Jan 2024 17:54:11.152 * Redis version=255.255.255, bits=64, commit=e04ebdb8, modified=1, pid=2872893, just started
2872893:C 02 Jan 2024 17:54:11.152 * Configuration loaded
2872893:M 02 Jan 2024 17:54:11.153 * monotonic clock: POSIX clock_gettime
2872893:M 02 Jan 2024 17:54:11.153 * Running mode=standalone, port=5052.
2872893:M 02 Jan 2024 17:54:11.160 * <raft> RedisRaft version 255.255.255 [b779b199]
2872893:M 02 Jan 2024 17:54:11.164 * <raft> Initializing test network
2872893:M 02 Jan 2024 17:54:11.165 * <raft> Created test network client
2872893:M 02 Jan 2024 17:54:11.168 * <raft> Raft module loaded, state is 'loading'
2872893:M 02 Jan 2024 17:54:11.168 * Module 'raft' loaded from /home/snagendra/Fuzzing/redisraft-fuzzing/redisraft.so
2872893:M 02 Jan 2024 17:54:11.169 * Server initialized
2872893:M 02 Jan 2024 17:54:11.169 . The AOF directory appendonlydir doesn't exist
2872893:M 02 Jan 2024 17:54:11.169 * Ready to accept connections tcp
2872893:M 02 Jan 2024 17:54:11.169 . 0 clients connected (0 replicas), 1746656 bytes in use
2872893:M 02 Jan 2024 17:54:11.205 - Accepted 127.0.0.1:58628
2872893:M 02 Jan 2024 17:54:11.205 # Missing implement of connection type tls
2872893:M 02 Jan 2024 17:54:11.269 * <raft> Loading: Redis loading complete, snapshot NOT LOADED
2872893:M 02 Jan 2024 17:54:11.269 * <raft> Cluster Membership: term:0 index:0 nodes: id=2,voting=0,active=1,addr=-
2872893:M 02 Jan 2024 17:54:11.269 * <raft> Test network starting message polling thread
2872893:M 02 Jan 2024 17:54:11.270 * <raft> Cluster Membership: term:0 index:4 nodes: id=2,voting=0,active=1,addr=- id=1,voting=1,active=1,addr=localhost:5051
2872893:M 02 Jan 2024 17:54:11.270 * <raft> Cluster Membership: term:0 index:4 nodes: id=2,voting=0,active=1,addr=- id=1,voting=1,active=1,addr=localhost:5051 id=3,voting=0,active=1,addr=localhost:5053
2872893:M 02 Jan 2024 17:54:11.270 * <raft> Raft state after loading log: log_count=4, first_idx=1, current_idx=4, last_applied_idx=0
2872893:M 02 Jan 2024 17:54:11.270 . <raft> Raft term=1, vote=-1
2872893:M 02 Jan 2024 17:54:11.566 - Client closed connection id=8 addr=127.0.0.1:58628 laddr=127.0.0.1:5052 fd=11 name= age=0 idle=0 flags=N db=0 sub=0 psub=0 ssub=0 multi=-1 qbuf=0 qbuf-free=20474 argv-mem=0 multi-mem=0 rbs=1024 rbp=0 obl=0 oll=0 omem=0 tot-mem=22400 events=r cmd=auth user=default redir=-1 resp=2 lib-name= lib-ver=
2872893:M 02 Jan 2024 17:54:11.645 - Accepted 127.0.0.1:58640
2872893:M 02 Jan 2024 17:54:11.767 - Client closed connection id=9 addr=127.0.0.1:58640 laddr=127.0.0.1:5052 fd=12 name= age=0 idle=0 flags=N db=0 sub=0 psub=0 ssub=0 multi=-1 qbuf=0 qbuf-free=20474 argv-mem=0 multi-mem=0 rbs=16384 rbp=0 obl=0 oll=0 omem=0 tot-mem=37760 events=r cmd=auth user=default redir=-1 resp=2 lib-name= lib-ver=
2872893:M 02 Jan 2024 17:54:11.771 * <raft> State change: Election starting, node is now a pre-candidate, term 2
2872893:M 02 Jan 2024 17:54:11.771 * <raft> Cluster Membership: term:2 index:5 nodes: id=2,voting=0,active=1,addr=- id=1,voting=1,active=1,addr=localhost:5051 id=3,voting=0,active=1,addr=localhost:5053
2872893:signal-handler (1704214451) Received SIGINT scheduling shutdown...
2872893:M 02 Jan 2024 17:54:11.774 * User requested shutdown...
2872893:M 02 Jan 2024 17:54:11.774 # Redis is now ready to exit, bye bye...

----- Stderr -----
libgcov profiling error:/home/snagendra/Fuzzing/redisraft-fuzzing/build/deps/raft/CMakeFiles/raft.dir/src/raft_server_properties.c.gcda:Version mismatch - expected 12.2 (release) (B22*) got (unknown) (I²Ë«)
libgcov profiling error:/home/snagendra/Fuzzing/redisraft-fuzzing/build/deps/raft/CMakeFiles/raft.dir/src/raft_server.c.gcda:Merge mismatch for function 14
libgcov profiling error:/home/snagendra/Fuzzing/redisraft-fuzzing/build/deps/raft/CMakeFiles/raft.dir/src/raft_server_properties.c.gcda:Version mismatch - expected 12.2 (release) (B22*) got (unknown) (I²Ë«)
libgcov profiling error:/home/snagendra/Fuzzing/redisraft-fuzzing/build/deps/raft/CMakeFiles/raft.dir/src/raft_server.c.gcda:Merge mismatch for function 14




logs for node: 3

----- Stdout -----
2871667:C 02 Jan 2024 17:54:08.457 # WARNING Memory overcommit must be enabled! Without it, a background save or replication may fail under low memory condition. Being disabled, it can also cause failures without low memory condition, see https://github.com/jemalloc/jemalloc/issues/1328. To fix this issue add 'vm.overcommit_memory = 1' to /etc/sysctl.conf and then reboot or run the command 'sysctl vm.overcommit_memory=1' for this to take effect.
2871667:C 02 Jan 2024 17:54:08.457 * oO0OoO0OoO0Oo Redis is starting oO0OoO0OoO0Oo
2871667:C 02 Jan 2024 17:54:08.457 * Redis version=255.255.255, bits=64, commit=e04ebdb8, modified=1, pid=2871667, just started
2871667:C 02 Jan 2024 17:54:08.457 * Configuration loaded
2871667:M 02 Jan 2024 17:54:08.458 * monotonic clock: POSIX clock_gettime
2871667:M 02 Jan 2024 17:54:08.458 * Running mode=standalone, port=5053.
2871667:M 02 Jan 2024 17:54:08.465 * <raft> RedisRaft version 255.255.255 [b779b199]
2871667:M 02 Jan 2024 17:54:08.470 * <raft> Initializing test network
2871667:M 02 Jan 2024 17:54:08.471 * <raft> Created test network client
2871667:M 02 Jan 2024 17:54:08.472 * <raft> Raft module loaded, state is 'uninitialized'
2871667:M 02 Jan 2024 17:54:08.472 * Module 'raft' loaded from /home/snagendra/Fuzzing/redisraft-fuzzing/redisraft.so
2871667:M 02 Jan 2024 17:54:08.472 * Server initialized
2871667:M 02 Jan 2024 17:54:08.473 . The AOF directory appendonlydir doesn't exist
2871667:M 02 Jan 2024 17:54:08.473 * Ready to accept connections tcp
2871667:M 02 Jan 2024 17:54:08.473 . 0 clients connected (0 replicas), 1726224 bytes in use
2871667:M 02 Jan 2024 17:54:08.476 - Accepted 127.0.0.1:51248
2871667:M 02 Jan 2024 17:54:08.476 # Missing implement of connection type tls
2871667:M 02 Jan 2024 17:54:08.572 - <raft> join cluster, connecting to localhost:5051
2871667:M 02 Jan 2024 17:54:08.574 * <raft> Joined Raft cluster, node id: 3, dbid: 8dbc15ba823cdac115b7b185a89bc91a
2871667:M 02 Jan 2024 17:54:08.580 * <raft> Cluster Membership: term:0 index:0 nodes: id=3,voting=0,active=1,addr=-
2871667:M 02 Jan 2024 17:54:08.581 * <raft> Test network starting message polling thread
2871667:M 02 Jan 2024 17:54:08.588 * <raft> Cluster Membership: term:1 index:2 nodes: id=3,voting=0,active=1,addr=- id=1,voting=1,active=1,addr=localhost:5051
2871667:M 02 Jan 2024 17:54:08.588 * <raft> Cluster Membership: term:1 index:3 nodes: id=3,voting=0,active=1,addr=- id=1,voting=1,active=1,addr=localhost:5051 id=2,voting=0,active=1,addr=localhost:5052
2871667:M 02 Jan 2024 17:54:08.609 - Accepted 127.0.0.1:51262
2871667:M 02 Jan 2024 17:54:08.782 - Client closed connection id=9 addr=127.0.0.1:51262 laddr=127.0.0.1:5053 fd=10 name= age=0 idle=0 flags=N db=0 sub=0 psub=0 ssub=0 multi=-1 qbuf=0 qbuf-free=20474 argv-mem=0 multi-mem=0 rbs=1024 rbp=0 obl=0 oll=0 omem=0 tot-mem=22400 events=r cmd=auth user=default redir=-1 resp=2 lib-name= lib-ver=
2871667:signal-handler (1704214448) Received SIGINT scheduling shutdown...
2871667:signal-handler (1704214448) You insist... exiting now.
2872569:C 02 Jan 2024 17:54:10.313 # WARNING Memory overcommit must be enabled! Without it, a background save or replication may fail under low memory condition. Being disabled, it can also cause failures without low memory condition, see https://github.com/jemalloc/jemalloc/issues/1328. To fix this issue add 'vm.overcommit_memory = 1' to /etc/sysctl.conf and then reboot or run the command 'sysctl vm.overcommit_memory=1' for this to take effect.
2872569:C 02 Jan 2024 17:54:10.313 * oO0OoO0OoO0Oo Redis is starting oO0OoO0OoO0Oo
2872569:C 02 Jan 2024 17:54:10.313 * Redis version=255.255.255, bits=64, commit=e04ebdb8, modified=1, pid=2872569, just started
2872569:C 02 Jan 2024 17:54:10.313 * Configuration loaded
2872569:M 02 Jan 2024 17:54:10.313 * monotonic clock: POSIX clock_gettime
2872569:M 02 Jan 2024 17:54:10.314 * Running mode=standalone, port=5053.
2872569:M 02 Jan 2024 17:54:10.320 * <raft> RedisRaft version 255.255.255 [b779b199]
2872569:M 02 Jan 2024 17:54:10.324 * <raft> Initializing test network
2872569:M 02 Jan 2024 17:54:10.326 * <raft> Created test network client
2872569:M 02 Jan 2024 17:54:10.328 * <raft> Raft module loaded, state is 'loading'
2872569:M 02 Jan 2024 17:54:10.328 * Module 'raft' loaded from /home/snagendra/Fuzzing/redisraft-fuzzing/redisraft.so
2872569:M 02 Jan 2024 17:54:10.329 * Server initialized
2872569:M 02 Jan 2024 17:54:10.329 . The AOF directory appendonlydir doesn't exist
2872569:M 02 Jan 2024 17:54:10.329 * Ready to accept connections tcp
2872569:M 02 Jan 2024 17:54:10.329 . 0 clients connected (0 replicas), 1746592 bytes in use
2872569:M 02 Jan 2024 17:54:10.429 * <raft> Loading: Redis loading complete, snapshot NOT LOADED
2872569:M 02 Jan 2024 17:54:10.430 * <raft> Cluster Membership: term:0 index:0 nodes: id=3,voting=0,active=1,addr=-
2872569:M 02 Jan 2024 17:54:10.430 * <raft> Test network starting message polling thread
2872569:M 02 Jan 2024 17:54:10.430 * <raft> Cluster Membership: term:0 index:4 nodes: id=3,voting=0,active=1,addr=- id=1,voting=1,active=1,addr=localhost:5051
2872569:M 02 Jan 2024 17:54:10.431 * <raft> Cluster Membership: term:0 index:4 nodes: id=3,voting=0,active=1,addr=- id=1,voting=1,active=1,addr=localhost:5051 id=2,voting=0,active=1,addr=localhost:5052
2872569:M 02 Jan 2024 17:54:10.431 * <raft> Raft state after loading log: log_count=4, first_idx=1, current_idx=4, last_applied_idx=0
2872569:M 02 Jan 2024 17:54:10.431 . <raft> Raft term=1, vote=-1
2872569:M 02 Jan 2024 17:54:10.773 - Accepted 127.0.0.1:51320
2872569:M 02 Jan 2024 17:54:10.773 # Missing implement of connection type tls
2872569:signal-handler (1704214450) Received SIGINT scheduling shutdown...
2872569:signal-handler (1704214450) You insist... exiting now.


=== REDIS BUG REPORT START: Cut & paste starting from here ===
2872569:M 02 Jan 2024 17:54:10.832 # Redis 255.255.255 crashed by signal: 11, si_code: 1
2872569:M 02 Jan 2024 17:54:10.832 # Accessing address: 0x18
2872569:M 02 Jan 2024 17:54:10.832 # Crashed running the instruction at: 0x7f4de6ed60b0

------ STACK TRACE ------
EIP:
/lib/x86_64-linux-gnu/libc.so.6(__pthread_rwlock_wrlock+0x0)[0x7f4de6ed60b0]

Backtrace:
/lib/x86_64-linux-gnu/libc.so.6(+0x3bfd0)[0x7f4de6e82fd0]
/lib/x86_64-linux-gnu/libc.so.6(__pthread_rwlock_wrlock+0x0)[0x7f4de6ed60b0]
/lib/x86_64-linux-gnu/libcrypto.so.3(CRYPTO_THREAD_write_lock+0x9)[0x7f4de523df49]
/lib/x86_64-linux-gnu/libcrypto.so.3(ENGINE_get_first+0x3a)[0x7f4de51e408a]
/lib/x86_64-linux-gnu/libcrypto.so.3(ENGINE_register_all_complete+0x6)[0x7f4de51e3486]
/lib/x86_64-linux-gnu/libssh2.so.1(libssh2_init+0x39)[0x7f4de5c3b389]
/lib/x86_64-linux-gnu/libcurl-gnutls.so.4(+0x8146b)[0x7f4de5d4e46b]
/lib/x86_64-linux-gnu/libcurl-gnutls.so.4(+0x22125)[0x7f4de5cef125]
/lib/x86_64-linux-gnu/libcurl-gnutls.so.4(curl_global_init+0x3a)[0x7f4de5cef22a]
/home/snagendra/Fuzzing/redisraft-fuzzing/redisraft.so(redis_test_http_do+0x2c)[0x7f4de5dc486c]
/home/snagendra/Fuzzing/redisraft-fuzzing/redisraft.so(redis_test_http_post+0x26)[0x7f4de5dc4a86]
/home/snagendra/Fuzzing/redisraft-fuzzing/redisraft.so(redis_test_send_message+0x9d)[0x7f4de5dc3efd]
/home/snagendra/Fuzzing/redisraft-fuzzing/redisraft.so(testNetworkSendRequestVote+0x6a)[0x7f4de5dad2ba]
/home/snagendra/Fuzzing/redisraft-fuzzing/redisraft.so(raft_send_requestvote+0x126)[0x7f4de5db35e6]
/home/snagendra/Fuzzing/redisraft-fuzzing/redisraft.so(raft_become_precandidate+0x113)[0x7f4de5db37a3]
/home/snagendra/Fuzzing/redisraft-fuzzing/redisraft.so(raft_election_start+0x80)[0x7f4de5db3f10]
/home/snagendra/Fuzzing/redisraft-fuzzing/redisraft.so(raft_periodic_internal+0x9a)[0x7f4de5db863a]
/home/snagendra/Fuzzing/redisraft-fuzzing/redisraft.so(raft_periodic+0x18)[0x7f4de5db8868]
/home/snagendra/Fuzzing/redisraft-fuzzing/redisraft.so(+0x2b765)[0x7f4de5da3765]
/home/snagendra/Fuzzing/redis/src/redis-server 0.0.0.0:5053(moduleTimerHandler+0x21c)[0x55aa1b26398c]
/home/snagendra/Fuzzing/redis/src/redis-server 0.0.0.0:5053(+0x81705)[0x55aa1b16d705]
/home/snagendra/Fuzzing/redis/src/redis-server 0.0.0.0:5053(aeMain+0x1c8)[0x55aa1b177cb8]
/home/snagendra/Fuzzing/redis/src/redis-server 0.0.0.0:5053(main+0x3cd)[0x55aa1b16ce2d]
/lib/x86_64-linux-gnu/libc.so.6(+0x271ca)[0x7f4de6e6e1ca]
/lib/x86_64-linux-gnu/libc.so.6(__libc_start_main+0x85)[0x7f4de6e6e285]
/home/snagendra/Fuzzing/redis/src/redis-server 0.0.0.0:5053(_start+0x2a)[0x55aa1b16d5aa]

------ REGISTERS ------
2872569:M 02 Jan 2024 17:54:10.833 # 
RAX:0000000000000001 RBX:000055aa1c4bcd30
RCX:0000000000000000 RDX:0000000000000000
RDI:0000000000000000 RSI:0000000000000000
RBP:00007f4de547e638 RSP:00007ffc0650c188
R8 :0000000000000000 R9 :0000000000000000
R10:0000000000000000 R11:0000000000000000
R12:00007ffc0650c280 R13:000055aa1c4d9780
R14:0000000000000001 R15:0000000000000002
RIP:00007f4de6ed60b0 EFL:0000000000010206
CSGSFS:002b000000000033
2872569:M 02 Jan 2024 17:54:10.833 # (00007ffc0650c197) -> 000055aa1c4bcd30
2872569:M 02 Jan 2024 17:54:10.833 # (00007ffc0650c196) -> 00007f4de5cef125
2872569:M 02 Jan 2024 17:54:10.833 # (00007ffc0650c195) -> 0000000000000002
2872569:M 02 Jan 2024 17:54:10.833 # (00007ffc0650c194) -> 00007f4de5d4e46b
2872569:M 02 Jan 2024 17:54:10.833 # (00007ffc0650c193) -> 000055aa1c4d9780
2872569:M 02 Jan 2024 17:54:10.833 # (00007ffc0650c192) -> 000000000650c280
2872569:M 02 Jan 2024 17:54:10.833 # (00007ffc0650c191) -> 000055aa1c4e7440
2872569:M 02 Jan 2024 17:54:10.833 # (00007ffc0650c190) -> 00007f4de5c3b389
2872569:M 02 Jan 2024 17:54:10.833 # (00007ffc0650c18f) -> 000055aa1c4bcd30
2872569:M 02 Jan 2024 17:54:10.833 # (00007ffc0650c18e) -> 00007f4de51e3486
2872569:M 02 Jan 2024 17:54:10.833 # (00007ffc0650c18d) -> 000055aa1c4e7440
2872569:M 02 Jan 2024 17:54:10.833 # (00007ffc0650c18c) -> 000055aa1c4bcd30
2872569:M 02 Jan 2024 17:54:10.833 # (00007ffc0650c18b) -> 00007ffc0650c280
2872569:M 02 Jan 2024 17:54:10.833 # (00007ffc0650c18a) -> 00007f4de51e408a
2872569:M 02 Jan 2024 17:54:10.833 # (00007ffc0650c189) -> 000055aa1c4bcd30
2872569:M 02 Jan 2024 17:54:10.833 # (00007ffc0650c188) -> 00007f4de523df49

------ INFO OUTPUT ------
# Server
redis_version:255.255.255
redis_git_sha1:e04ebdb8
redis_git_dirty:1
redis_build_id:1f78dcc7b4fbdd25
redis_mode:standalone
os:Linux 6.1.60.1.amd64-smp x86_64
arch_bits:64
monotonic_clock:POSIX clock_gettime
multiplexing_api:epoll
atomicvar_api:c11-builtin
gcc_version:10.2.1
process_id:2872569
process_supervised:no
run_id:fb5649cd4bc44e9b8cb52a1edebab96e693c7e1e
tcp_port:5053
server_time_usec:1704214450832235
uptime_in_seconds:0
uptime_in_days:0
hz:10
configured_hz:10
lru_clock:9715634
executable:/home/snagendra/Fuzzing/redis/src/redis-server
config_file:
io_threads_active:0
listener0:name=tcp,bind=0.0.0.0,port=5053

# Clients
connected_clients:1
cluster_connections:0
maxclients:10000
client_recent_max_input_buffer:0
client_recent_max_output_buffer:0
blocked_clients:0
tracking_clients:0
clients_in_timeout_table:0
total_blocking_keys:0
total_blocking_keys_on_nokey:0

# Memory
used_memory:1818888
used_memory_human:1.73M
used_memory_rss:18100224
used_memory_rss_human:17.26M
used_memory_peak:1818888
used_memory_peak_human:1.73M
used_memory_peak_perc:100.10%
used_memory_overhead:1746632
used_memory_startup:1746448
used_memory_dataset:72256
used_memory_dataset_perc:99.75%
allocator_allocated:2394112
allocator_active:3018752
allocator_resident:11407360
total_system_memory:270388695040
total_system_memory_human:251.82G
used_memory_lua:31744
used_memory_vm_eval:31744
used_memory_lua_human:31.00K
used_memory_scripts_eval:0
number_of_cached_scripts:0
number_of_functions:0
number_of_libraries:0
used_memory_vm_functions:32768
used_memory_vm_total:64512
used_memory_vm_total_human:63.00K
used_memory_functions:184
used_memory_scripts:184
used_memory_scripts_human:184B
maxmemory:0
maxmemory_human:0B
maxmemory_policy:noeviction
allocator_frag_ratio:1.26
allocator_frag_bytes:624640
allocator_rss_ratio:3.78
allocator_rss_bytes:8388608
rss_overhead_ratio:1.59
rss_overhead_bytes:6692864
mem_fragmentation_ratio:10.32
mem_fragmentation_bytes:16346264
mem_not_counted_for_evict:0
mem_replication_backlog:0
mem_total_replication_buffers:0
mem_clients_slaves:0
mem_clients_normal:0
mem_cluster_links:0
mem_aof_buffer:0
mem_allocator:jemalloc-5.3.0
active_defrag_running:0
lazyfree_pending_objects:0
lazyfreed_objects:0

# Persistence
loading:0
async_loading:0
current_cow_peak:0
current_cow_size:0
current_cow_size_age:0
current_fork_perc:0.00
current_save_keys_processed:0
current_save_keys_total:0
rdb_changes_since_last_save:0
rdb_bgsave_in_progress:0
rdb_last_save_time:1704214450
rdb_last_bgsave_status:ok
rdb_last_bgsave_time_sec:-1
rdb_current_bgsave_time_sec:-1
rdb_saves:0
rdb_last_cow_size:0
rdb_last_load_keys_expired:0
rdb_last_load_keys_loaded:0
aof_enabled:0
aof_rewrite_in_progress:0
aof_rewrite_scheduled:0
aof_last_rewrite_time_sec:-1
aof_current_rewrite_time_sec:-1
aof_last_bgrewrite_status:ok
aof_rewrites:0
aof_rewrites_consecutive_failures:0
aof_last_write_status:ok
aof_last_cow_size:0
module_fork_in_progress:0
module_fork_last_cow_size:0

# Stats
total_connections_received:1
total_commands_processed:7
instantaneous_ops_per_sec:25
total_net_input_bytes:33
total_net_output_bytes:5
total_net_repl_input_bytes:0
total_net_repl_output_bytes:0
instantaneous_input_kbps:0.00
instantaneous_output_kbps:0.00
instantaneous_input_repl_kbps:0.00
instantaneous_output_repl_kbps:0.00
rejected_connections:0
sync_full:0
sync_partial_ok:0
sync_partial_err:0
expired_keys:0
expired_stale_perc:0.00
expired_time_cap_reached_count:0
expire_cycle_cpu_milliseconds:0
evicted_keys:0
evicted_clients:0
total_eviction_exceeded_time:0
current_eviction_exceeded_time:0
keyspace_hits:0
keyspace_misses:0
pubsub_channels:0
pubsub_patterns:0
pubsubshard_channels:0
latest_fork_usec:0
total_forks:0
migrate_cached_sockets:0
slave_expires_tracked_keys:0
active_defrag_hits:0
active_defrag_misses:0
active_defrag_key_hits:0
active_defrag_key_misses:0
total_active_defrag_time:0
current_active_defrag_time:0
tracking_total_keys:0
tracking_total_items:0
tracking_total_prefixes:0
unexpected_error_replies:0
total_error_replies:0
dump_payload_sanitizations:0
total_reads_processed:1
total_writes_processed:1
io_threaded_reads_processed:0
io_threaded_writes_processed:0
reply_buffer_shrinks:0
reply_buffer_expands:0
acl_access_denied_auth:0
acl_access_denied_cmd:0
acl_access_denied_key:0
acl_access_denied_channel:0

# Replication
role:master
connected_slaves:0
master_failover_state:no-failover
master_replid:35f014ccac7d5612a21c4e01d3673404fc2078d8
master_replid2:0000000000000000000000000000000000000000
master_repl_offset:0
second_repl_offset:-1
repl_backlog_active:0
repl_backlog_size:1048576
repl_backlog_first_byte_offset:0
repl_backlog_histlen:0

# CPU
used_cpu_sys:0.022994
used_cpu_user:0.022994
used_cpu_sys_children:0.000000
used_cpu_user_children:0.000000
used_cpu_sys_main_thread:0.006404
used_cpu_user_main_thread:0.012809

# Modules
module:name=raft,ver=1,api=1,filters=1,usedby=[],using=[],options=[]

# Commandstats
cmdstat_auth:calls=1,usec=2,usec_per_call=2.00,rejected_calls=0,failed_calls=0
cmdstat_config|set:calls=1,usec=7,usec_per_call=7.00,rejected_calls=0,failed_calls=0
cmdstat_config|get:calls=3,usec=3,usec_per_call=1.00,rejected_calls=0,failed_calls=0
cmdstat_command:calls=2,usec=1432,usec_per_call=716.00,rejected_calls=0,failed_calls=0

# Errorstats

# Latencystats
latency_percentiles_usec_auth:p50=2.007,p99=2.007,p99.9=2.007
latency_percentiles_usec_config|set:p50=7.007,p99=7.007,p99.9=7.007
latency_percentiles_usec_config|get:p50=1.003,p99=1.003,p99.9=1.003
latency_percentiles_usec_command:p50=684.031,p99=753.663,p99.9=753.663

# Cluster
cluster_enabled:0

# Keyspace

------ CLIENT LIST OUTPUT ------
id=8 addr=127.0.0.1:51320 laddr=127.0.0.1:5053 fd=11 name= age=0 idle=0 flags=N db=0 sub=0 psub=0 ssub=0 multi=-1 qbuf=0 qbuf-free=20474 argv-mem=0 multi-mem=0 rbs=16384 rbp=16384 obl=0 oll=0 omem=0 tot-mem=37760 events=r cmd=auth user=default redir=-1 resp=2 lib-name= lib-ver=

------ MODULES INFO OUTPUT ------
# raft_version
raft_version:255.255.255
raft_git_sha1:b779b199

# raft_general
raft_dbid:8dbc15ba823cdac115b7b185a89bc91a
raft_node_id:3
raft_state:up
raft_role:pre-candidate
raft_is_voting:no
raft_voted_for:-1
raft_leader_id:-1
raft_current_term:1
raft_num_nodes:3
raft_num_voting_nodes:1
raft_node1:id=1,state=connected,voting=yes,addr=localhost,port=5051,last_conn_secs=0,conn_errors=3,conn_oks=1
raft_node2:id=2,state=connect_error,voting=no,addr=localhost,port=5052,last_conn_secs=-1,conn_errors=4,conn_oks=0

# raft_log
raft_log_entries:4
raft_current_index:4
raft_commit_index:0
raft_last_applied_index:0
raft_file_size:1185
raft_cache_memory_size:0
raft_cache_entries:0
raft_client_attached_entries:0
raft_fsync_count:0
raft_fsync_max_microseconds:0
raft_entry1:term=1,id=0,data_len=0
raft_entry2:term=1,id=1648075970,data_len=264
raft_entry3:term=1,id=980843027,data_len=264
raft_fsync_avg_microseconds:0

# raft_snapshot
raft_snapshot_filename:redis3.rdb
raft_snapshot_last_idx:0
raft_snapshot_last_term:0
raft_snapshot_size:0
raft_snapshot_time_secs:-1
raft_snapshots_created:0
raft_snapshots_received:0
raft_snapshot_in_progress:no
raft_snapshot_in_progress_last_idx:-1
raft_snapshot_in_progress_last_term:-1

# raft_clients
raft_proxy_reqs:0
raft_proxy_failed_reqs:0
raft_proxy_failed_responses:0
raft_proxy_outstanding_reqs:0

# raft_stats
raft_appendreq_received:0
raft_appendreq_with_entry_received:0
raft_snapshotreq_received:0
raft_exec_throttled:0
raft_num_sessions:0

------ CONFIG DEBUG OUTPUT ------
lazyfree-lazy-expire no
lazyfree-lazy-user-del no
lazyfree-lazy-server-del no
slave-read-only yes
replica-read-only yes
io-threads-do-reads no
client-query-buffer-limit 1gb
proto-max-bulk-len 512mb
repl-diskless-sync yes
io-threads 1
lazyfree-lazy-user-flush no
sanitize-dump-payload no
activedefrag no
lazyfree-lazy-eviction no
list-compress-depth 0
repl-diskless-load disabled

------ FAST MEMORY TEST ------
2872569:M 02 Jan 2024 17:54:10.833 # Bio worker thread #0 terminated
2872569:M 02 Jan 2024 17:54:10.833 # Bio worker thread #1 terminated
2872569:M 02 Jan 2024 17:54:10.833 # Bio worker thread #2 terminated
*** Preparing to test memory region 55aa1b443000 (2273280 bytes)
*** Preparing to test memory region 55aa1c491000 (405504 bytes)
*** Preparing to test memory region 7f4dbc000000 (135168 bytes)
*** Preparing to test memory region 7f4dc0000000 (135168 bytes)
*** Preparing to test memory region 7f4dc4000000 (135168 bytes)
*** Preparing to test memory region 7f4dc8000000 (135168 bytes)
*** Preparing to test memory region 7f4dcc000000 (135168 bytes)
*** Preparing to test memory region 7f4dd2e00000 (4194304 bytes)
*** Preparing to test memory region 7f4dd33ff000 (2097152 bytes)
*** Preparing to test memory region 7f4dd3600000 (8388608 bytes)
*** Preparing to test memory region 7f4dd3e00000 (2232320 bytes)
*** Preparing to test memory region 7f4dd8000000 (4194304 bytes)
*** Preparing to test memory region 7f4dd8600000 (8388608 bytes)
*** Preparing to test memory region 7f4dd8e00000 (2097152 bytes)
*** Preparing to test memory region 7f4dd9200000 (8388608 bytes)
*** Preparing to test memory region 7f4dd9a00000 (4194304 bytes)
*** Preparing to test memory region 7f4dd9fff000 (8388608 bytes)
*** Preparing to test memory region 7f4dda800000 (8388608 bytes)
*** Preparing to test memory region 7f4ddb000000 (6291456 bytes)
*** Preparing to test memory region 7f4ddb7f8000 (8388608 bytes)
*** Preparing to test memory region 7f4ddbff9000 (8388608 bytes)
*** Preparing to test memory region 7f4ddc7fa000 (8388608 bytes)
*** Preparing to test memory region 7f4ddcffb000 (8388608 bytes)
*** Preparing to test memory region 7f4ddd7fc000 (8388608 bytes)
*** Preparing to test memory region 7f4dddffd000 (8388608 bytes)
*** Preparing to test memory region 7f4dde7fe000 (8388608 bytes)
*** Preparing to test memory region 7f4ddefff000 (8388608 bytes)
*** Preparing to test memory region 7f4ddf800000 (8388608 bytes)
*** Preparing to test memory region 7f4de0000000 (135168 bytes)
*** Preparing to test memory region 7f4de4177000 (2097152 bytes)
*** Preparing to test memory region 7f4de43ad000 (8388608 bytes)
*** Preparing to test memory region 7f4de4bad000 (2621440 bytes)
*** Preparing to test memory region 7f4de4e3c000 (8192 bytes)
*** Preparing to test memory region 7f4de547f000 (12288 bytes)
*** Preparing to test memory region 7f4de5a18000 (16384 bytes)
*** Preparing to test memory region 7f4de5b6b000 (8192 bytes)
*** Preparing to test memory region 7f4de5dfa000 (24576 bytes)
*** Preparing to test memory region 7f4de6600000 (8388608 bytes)
*** Preparing to test memory region 7f4de6e1a000 (4096 bytes)
*** Preparing to test memory region 7f4de6e40000 (28672 bytes)
*** Preparing to test memory region 7f4de701b000 (53248 bytes)
*** Preparing to test memory region 7f4de7138000 (8192 bytes)
.O.O.2872859:C 02 Jan 2024 17:54:10.985 # WARNING Memory overcommit must be enabled! Without it, a background save or replication may fail under low memory condition. Being disabled, it can also cause failures without low memory condition, see https://github.com/jemalloc/jemalloc/issues/1328. To fix this issue add 'vm.overcommit_memory = 1' to /etc/sysctl.conf and then reboot or run the command 'sysctl vm.overcommit_memory=1' for this to take effect.
2872859:C 02 Jan 2024 17:54:10.985 * oO0OoO0OoO0Oo Redis is starting oO0OoO0OoO0Oo
2872859:C 02 Jan 2024 17:54:10.985 * Redis version=255.255.255, bits=64, commit=e04ebdb8, modified=1, pid=2872859, just started
2872859:C 02 Jan 2024 17:54:10.985 * Configuration loaded
2872859:M 02 Jan 2024 17:54:10.985 * monotonic clock: POSIX clock_gettime
2872859:M 02 Jan 2024 17:54:10.986 * Running mode=standalone, port=5053.
2872859:M 02 Jan 2024 17:54:10.993 * <raft> RedisRaft version 255.255.255 [b779b199]
2872859:M 02 Jan 2024 17:54:10.997 * <raft> Initializing test network
2872859:M 02 Jan 2024 17:54:10.998 * <raft> Created test network client
2872859:M 02 Jan 2024 17:54:11.002 * <raft> Raft module loaded, state is 'loading'
2872859:M 02 Jan 2024 17:54:11.002 * Module 'raft' loaded from /home/snagendra/Fuzzing/redisraft-fuzzing/redisraft.so
2872859:M 02 Jan 2024 17:54:11.003 * Server initialized
2872859:M 02 Jan 2024 17:54:11.003 . The AOF directory appendonlydir doesn't exist
2872859:M 02 Jan 2024 17:54:11.003 * Ready to accept connections tcp
2872859:M 02 Jan 2024 17:54:11.003 . 0 clients connected (0 replicas), 1746656 bytes in use
2872859:M 02 Jan 2024 17:54:11.103 * <raft> Loading: Redis loading complete, snapshot NOT LOADED
2872859:M 02 Jan 2024 17:54:11.103 * <raft> Cluster Membership: term:0 index:0 nodes: id=3,voting=0,active=1,addr=-
2872859:M 02 Jan 2024 17:54:11.103 * <raft> Test network starting message polling thread
2872859:M 02 Jan 2024 17:54:11.104 * <raft> Cluster Membership: term:0 index:4 nodes: id=3,voting=0,active=1,addr=- id=1,voting=1,active=1,addr=localhost:5051
2872859:M 02 Jan 2024 17:54:11.104 * <raft> Cluster Membership: term:0 index:4 nodes: id=3,voting=0,active=1,addr=- id=1,voting=1,active=1,addr=localhost:5051 id=2,voting=0,active=1,addr=localhost:5052
2872859:M 02 Jan 2024 17:54:11.104 * <raft> Raft state after loading log: log_count=4, first_idx=1, current_idx=4, last_applied_idx=0
2872859:M 02 Jan 2024 17:54:11.104 . <raft> Raft term=1, vote=-1
2872859:M 02 Jan 2024 17:54:11.271 - Accepted 127.0.0.1:51342
2872859:M 02 Jan 2024 17:54:11.271 # Missing implement of connection type tls
2872859:signal-handler (1704214451) Received SIGINT scheduling shutdown...
2872859:signal-handler (1704214451) You insist... exiting now.
2873261:C 02 Jan 2024 17:54:11.691 # WARNING Memory overcommit must be enabled! Without it, a background save or replication may fail under low memory condition. Being disabled, it can also cause failures without low memory condition, see https://github.com/jemalloc/jemalloc/issues/1328. To fix this issue add 'vm.overcommit_memory = 1' to /etc/sysctl.conf and then reboot or run the command 'sysctl vm.overcommit_memory=1' for this to take effect.
2873261:C 02 Jan 2024 17:54:11.691 * oO0OoO0OoO0Oo Redis is starting oO0OoO0OoO0Oo
2873261:C 02 Jan 2024 17:54:11.691 * Redis version=255.255.255, bits=64, commit=e04ebdb8, modified=1, pid=2873261, just started
2873261:C 02 Jan 2024 17:54:11.691 * Configuration loaded
2873261:M 02 Jan 2024 17:54:11.691 * monotonic clock: POSIX clock_gettime
2873261:M 02 Jan 2024 17:54:11.692 * Running mode=standalone, port=5053.
2873261:M 02 Jan 2024 17:54:11.699 * <raft> RedisRaft version 255.255.255 [b779b199]
2873261:M 02 Jan 2024 17:54:11.704 * <raft> Initializing test network
2873261:M 02 Jan 2024 17:54:11.705 * <raft> Created test network client
2873261:M 02 Jan 2024 17:54:11.708 * <raft> Raft module loaded, state is 'loading'
2873261:M 02 Jan 2024 17:54:11.708 * Module 'raft' loaded from /home/snagendra/Fuzzing/redisraft-fuzzing/redisraft.so
2873261:M 02 Jan 2024 17:54:11.709 * Server initialized
2873261:M 02 Jan 2024 17:54:11.709 . The AOF directory appendonlydir doesn't exist
2873261:M 02 Jan 2024 17:54:11.709 * Ready to accept connections tcp
2873261:M 02 Jan 2024 17:54:11.709 . 0 clients connected (0 replicas), 1746688 bytes in use
2873261:M 02 Jan 2024 17:54:11.745 - Accepted 127.0.0.1:51372
2873261:M 02 Jan 2024 17:54:11.745 # Missing implement of connection type tls
2873261:M 02 Jan 2024 17:54:11.767 - Client closed connection id=8 addr=127.0.0.1:51372 laddr=127.0.0.1:5053 fd=11 name= age=0 idle=0 flags=N db=0 sub=0 psub=0 ssub=0 multi=-1 qbuf=0 qbuf-free=20474 argv-mem=0 multi-mem=0 rbs=16384 rbp=16384 obl=0 oll=0 omem=0 tot-mem=37760 events=r cmd=auth user=default redir=-1 resp=2 lib-name= lib-ver=
2873261:signal-handler (1704214451) Received SIGINT scheduling shutdown...
2873261:signal-handler (1704214451) You insist... exiting now.

----- Stderr -----
libgcov profiling error:/home/snagendra/Fuzzing/redisraft-fuzzing/build/deps/raft/CMakeFiles/raft.dir/src/raft_server_properties.c.gcda:Version mismatch - expected 12.2 (release) (B22*) got (unknown) (I²Ë«)
libgcov profiling error:/home/snagendra/Fuzzing/redisraft-fuzzing/build/deps/raft/CMakeFiles/raft.dir/src/raft_server.c.gcda:Merge mismatch for function 14
libgcov profiling error:/home/snagendra/Fuzzing/redisraft-fuzzing/build/deps/raft/CMakeFiles/raft.dir/src/raft_server_properties.c.gcda:Version mismatch - expected 12.2 (release) (B22*) got (unknown) (I²Ë«)
libgcov profiling error:/home/snagendra/Fuzzing/redisraft-fuzzing/build/deps/raft/CMakeFiles/raft.dir/src/raft_server.c.gcda:Merge mismatch for function 14
libgcov profiling error:/home/snagendra/Fuzzing/redisraft-fuzzing/build/deps/raft/CMakeFiles/raft.dir/src/raft_server_properties.c.gcda:Version mismatch - expected 12.2 (release) (B22*) got (unknown) (I²Ë«)
libgcov profiling error:/home/snagendra/Fuzzing/redisraft-fuzzing/build/deps/raft/CMakeFiles/raft.dir/src/raft_server.c.gcda:Merge mismatch for function 14
libgcov profiling error:/home/snagendra/Fuzzing/redisraft-fuzzing/build/deps/raft/CMakeFiles/raft.dir/src/raft_server_properties.c.gcda:Version mismatch - expected 12.2 (release) (B22*) got (unknown) (I²Ë«)
libgcov profiling error:/home/snagendra/Fuzzing/redisraft-fuzzing/build/deps/raft/CMakeFiles/raft.dir/src/raft_server.c.gcda:Merge mismatch for function 14



