logs for node: 1

----- Stdout -----
1958493:C 02 Jan 2024 19:54:13.178 # WARNING Memory overcommit must be enabled! Without it, a background save or replication may fail under low memory condition. Being disabled, it can also cause failures without low memory condition, see https://github.com/jemalloc/jemalloc/issues/1328. To fix this issue add 'vm.overcommit_memory = 1' to /etc/sysctl.conf and then reboot or run the command 'sysctl vm.overcommit_memory=1' for this to take effect.
1958493:C 02 Jan 2024 19:54:13.178 * oO0OoO0OoO0Oo Redis is starting oO0OoO0OoO0Oo
1958493:C 02 Jan 2024 19:54:13.178 * Redis version=255.255.255, bits=64, commit=e04ebdb8, modified=1, pid=1958493, just started
1958493:C 02 Jan 2024 19:54:13.178 * Configuration loaded
1958493:M 02 Jan 2024 19:54:13.178 * monotonic clock: POSIX clock_gettime
1958493:M 02 Jan 2024 19:54:13.179 * Running mode=standalone, port=5021.
1958493:M 02 Jan 2024 19:54:13.185 * <raft> RedisRaft version 255.255.255 [b779b199]
1958493:M 02 Jan 2024 19:54:13.190 * <raft> Initializing test network
1958493:M 02 Jan 2024 19:54:13.190 * <raft> Created test network client
1958493:M 02 Jan 2024 19:54:13.191 * <raft> Raft module loaded, state is 'uninitialized'
1958493:M 02 Jan 2024 19:54:13.191 * Module 'raft' loaded from /home/snagendra/Fuzzing/redisraft-fuzzing/redisraft.so
1958493:M 02 Jan 2024 19:54:13.192 * Server initialized
1958493:M 02 Jan 2024 19:54:13.192 . The AOF directory appendonlydir doesn't exist
1958493:M 02 Jan 2024 19:54:13.193 * Ready to accept connections tcp
1958493:M 02 Jan 2024 19:54:13.193 . 0 clients connected (0 replicas), 1726192 bytes in use
1958493:M 02 Jan 2024 19:54:13.198 - Accepted 127.0.0.1:46918
1958493:M 02 Jan 2024 19:54:13.199 # Missing implement of connection type tls
1958493:M 02 Jan 2024 19:54:13.205 * <raft> Cluster Membership: term:0 index:0 nodes: id=1,voting=0,active=1,addr=-
1958493:M 02 Jan 2024 19:54:13.210 * <raft> State change: Node is now a leader, term 1
1958493:M 02 Jan 2024 19:54:13.210 * <raft> Cluster Membership: term:1 index:1 nodes: id=1,voting=0,active=1,addr=-
1958493:M 02 Jan 2024 19:54:13.210 * <raft> Test network starting message polling thread
1958493:M 02 Jan 2024 19:54:13.210 * <raft> Raft Cluster initialized, node id: 1, dbid: 74dfb0ebcce40cfef848f6a5832cd225
1958493:M 02 Jan 2024 19:54:13.329 - Accepted 127.0.0.1:46934
1958493:M 02 Jan 2024 19:54:13.330 * <raft> Cluster Membership: term:1 index:3 nodes: id=1,voting=1,active=1,addr=- id=2,voting=0,active=1,addr=localhost:5022
1958493:M 02 Jan 2024 19:54:13.336 - Client closed connection id=9 addr=127.0.0.1:46934 laddr=127.0.0.1:5021 fd=12 name= age=0 idle=0 flags=N db=0 sub=0 psub=0 ssub=0 multi=-1 qbuf=0 qbuf-free=20474 argv-mem=0 multi-mem=0 rbs=16384 rbp=16384 obl=0 oll=0 omem=0 tot-mem=37760 events=r cmd=raft.node user=default redir=-1 resp=2 lib-name= lib-ver=
1958493:M 02 Jan 2024 19:54:13.454 - Accepted 127.0.0.1:46946
1958493:M 02 Jan 2024 19:54:13.454 * <raft> Cluster Membership: term:1 index:4 nodes: id=1,voting=1,active=1,addr=- id=2,voting=0,active=1,addr=localhost:5022 id=3,voting=0,active=1,addr=localhost:5023
1958493:M 02 Jan 2024 19:54:13.462 - Client closed connection id=10 addr=127.0.0.1:46946 laddr=127.0.0.1:5021 fd=13 name= age=0 idle=0 flags=N db=0 sub=0 psub=0 ssub=0 multi=-1 qbuf=0 qbuf-free=20474 argv-mem=0 multi-mem=0 rbs=16384 rbp=16384 obl=0 oll=0 omem=0 tot-mem=37760 events=r cmd=raft.node user=default redir=-1 resp=2 lib-name= lib-ver=
1958493:M 02 Jan 2024 19:54:13.655 - Accepted 127.0.0.1:46950
1958493:M 02 Jan 2024 19:54:13.677 * <raft> node:2 has sufficient logs, adding as voting node.
1958493:M 02 Jan 2024 19:54:13.731 - Accepted 127.0.0.1:46962
1958493:signal-handler (1704221653) Received SIGINT scheduling shutdown...
1958493:signal-handler (1704221653) You insist... exiting now.
1958936:C 02 Jan 2024 19:54:13.849 # WARNING Memory overcommit must be enabled! Without it, a background save or replication may fail under low memory condition. Being disabled, it can also cause failures without low memory condition, see https://github.com/jemalloc/jemalloc/issues/1328. To fix this issue add 'vm.overcommit_memory = 1' to /etc/sysctl.conf and then reboot or run the command 'sysctl vm.overcommit_memory=1' for this to take effect.
1958936:C 02 Jan 2024 19:54:13.849 * oO0OoO0OoO0Oo Redis is starting oO0OoO0OoO0Oo
1958936:C 02 Jan 2024 19:54:13.849 * Redis version=255.255.255, bits=64, commit=e04ebdb8, modified=1, pid=1958936, just started
1958936:C 02 Jan 2024 19:54:13.849 * Configuration loaded
1958936:M 02 Jan 2024 19:54:13.849 * monotonic clock: POSIX clock_gettime
1958936:M 02 Jan 2024 19:54:13.850 * Running mode=standalone, port=5021.
1958936:M 02 Jan 2024 19:54:13.856 * <raft> RedisRaft version 255.255.255 [b779b199]
1958936:M 02 Jan 2024 19:54:13.860 * <raft> Initializing test network
1958936:M 02 Jan 2024 19:54:13.861 * <raft> Created test network client
1958936:M 02 Jan 2024 19:54:13.864 * <raft> Raft module loaded, state is 'loading'
1958936:M 02 Jan 2024 19:54:13.864 * Module 'raft' loaded from /home/snagendra/Fuzzing/redisraft-fuzzing/redisraft.so
1958936:M 02 Jan 2024 19:54:13.865 * Server initialized
1958936:M 02 Jan 2024 19:54:13.865 . The AOF directory appendonlydir doesn't exist
1958936:M 02 Jan 2024 19:54:13.865 * Ready to accept connections tcp
1958936:M 02 Jan 2024 19:54:13.865 . 0 clients connected (0 replicas), 1746720 bytes in use
1958936:M 02 Jan 2024 19:54:13.956 - Accepted 127.0.0.1:46988
1958936:M 02 Jan 2024 19:54:13.956 # Missing implement of connection type tls
1958936:M 02 Jan 2024 19:54:13.965 * <raft> Loading: Redis loading complete, snapshot NOT LOADED
1958936:M 02 Jan 2024 19:54:13.965 * <raft> Cluster Membership: term:0 index:0 nodes: id=1,voting=0,active=1,addr=-
1958936:M 02 Jan 2024 19:54:13.965 * <raft> Test network starting message polling thread
1958936:M 02 Jan 2024 19:54:13.966 * <raft> Cluster Membership: term:0 index:6 nodes: id=1,voting=1,active=1,addr=- id=2,voting=0,active=1,addr=localhost:5022
1958936:M 02 Jan 2024 19:54:13.966 * <raft> Cluster Membership: term:0 index:6 nodes: id=1,voting=1,active=1,addr=- id=2,voting=0,active=1,addr=localhost:5022 id=3,voting=0,active=1,addr=localhost:5023
1958936:M 02 Jan 2024 19:54:13.966 * <raft> Raft state after loading log: log_count=6, first_idx=1, current_idx=6, last_applied_idx=0
1958936:M 02 Jan 2024 19:54:13.966 . <raft> Raft term=1, vote=-1
1958936:signal-handler (1704221653) Received SIGINT scheduling shutdown...
1958936:signal-handler (1704221653) You insist... exiting now.
1959316:C 02 Jan 2024 19:54:14.586 # WARNING Memory overcommit must be enabled! Without it, a background save or replication may fail under low memory condition. Being disabled, it can also cause failures without low memory condition, see https://github.com/jemalloc/jemalloc/issues/1328. To fix this issue add 'vm.overcommit_memory = 1' to /etc/sysctl.conf and then reboot or run the command 'sysctl vm.overcommit_memory=1' for this to take effect.
1959316:C 02 Jan 2024 19:54:14.586 * oO0OoO0OoO0Oo Redis is starting oO0OoO0OoO0Oo
1959316:C 02 Jan 2024 19:54:14.586 * Redis version=255.255.255, bits=64, commit=e04ebdb8, modified=1, pid=1959316, just started
1959316:C 02 Jan 2024 19:54:14.586 * Configuration loaded
1959316:M 02 Jan 2024 19:54:14.587 * monotonic clock: POSIX clock_gettime
1959316:M 02 Jan 2024 19:54:14.587 * Running mode=standalone, port=5021.
1959316:M 02 Jan 2024 19:54:14.594 * <raft> RedisRaft version 255.255.255 [b779b199]
1959316:M 02 Jan 2024 19:54:14.599 * <raft> Initializing test network
1959316:M 02 Jan 2024 19:54:14.600 * <raft> Created test network client
1959316:M 02 Jan 2024 19:54:14.604 * <raft> Raft module loaded, state is 'loading'
1959316:M 02 Jan 2024 19:54:14.604 * Module 'raft' loaded from /home/snagendra/Fuzzing/redisraft-fuzzing/redisraft.so
1959316:M 02 Jan 2024 19:54:14.604 * Server initialized
1959316:M 02 Jan 2024 19:54:14.604 . The AOF directory appendonlydir doesn't exist
1959316:M 02 Jan 2024 19:54:14.604 * Ready to accept connections tcp
1959316:M 02 Jan 2024 19:54:14.604 . 0 clients connected (0 replicas), 1746720 bytes in use
1959316:M 02 Jan 2024 19:54:14.661 - Accepted 127.0.0.1:47088
1959316:M 02 Jan 2024 19:54:14.661 # Missing implement of connection type tls
1959316:M 02 Jan 2024 19:54:14.676 - Accepted 127.0.0.1:47090
1959316:M 02 Jan 2024 19:54:14.702 - Accepted 127.0.0.1:47092
1959316:M 02 Jan 2024 19:54:14.704 * <raft> Loading: Redis loading complete, snapshot NOT LOADED
1959316:M 02 Jan 2024 19:54:14.704 * <raft> Cluster Membership: term:0 index:0 nodes: id=1,voting=0,active=1,addr=-
1959316:M 02 Jan 2024 19:54:14.705 * <raft> Test network starting message polling thread
1959316:M 02 Jan 2024 19:54:14.705 * <raft> Cluster Membership: term:0 index:6 nodes: id=1,voting=1,active=1,addr=- id=2,voting=0,active=1,addr=localhost:5022
1959316:M 02 Jan 2024 19:54:14.705 * <raft> Cluster Membership: term:0 index:6 nodes: id=1,voting=1,active=1,addr=- id=2,voting=0,active=1,addr=localhost:5022 id=3,voting=0,active=1,addr=localhost:5023
1959316:M 02 Jan 2024 19:54:14.705 * <raft> Raft state after loading log: log_count=6, first_idx=1, current_idx=6, last_applied_idx=0
1959316:M 02 Jan 2024 19:54:14.705 . <raft> Raft term=1, vote=-1
1959316:M 02 Jan 2024 19:54:15.106 * <raft> State change: Election starting, node is now a pre-candidate, term 1
1959316:M 02 Jan 2024 19:54:15.106 * <raft> Cluster Membership: term:1 index:6 nodes: id=1,voting=1,active=1,addr=- id=2,voting=1,active=1,addr=localhost:5022 id=3,voting=0,active=1,addr=localhost:5023
1959316:M 02 Jan 2024 19:54:15.180 - Client closed connection id=8 addr=127.0.0.1:47088 laddr=127.0.0.1:5021 fd=11 name= age=1 idle=1 flags=N db=0 sub=0 psub=0 ssub=0 multi=-1 qbuf=0 qbuf-free=20474 argv-mem=0 multi-mem=0 rbs=1024 rbp=0 obl=0 oll=0 omem=0 tot-mem=22400 events=r cmd=auth user=default redir=-1 resp=2 lib-name= lib-ver=
1959316:M 02 Jan 2024 19:54:15.309 - Client closed connection id=10 addr=127.0.0.1:47092 laddr=127.0.0.1:5021 fd=13 name= age=1 idle=1 flags=N db=0 sub=0 psub=0 ssub=0 multi=-1 qbuf=0 qbuf-free=20474 argv-mem=0 multi-mem=0 rbs=1024 rbp=0 obl=0 oll=0 omem=0 tot-mem=22400 events=r cmd=auth user=default redir=-1 resp=2 lib-name= lib-ver=
1959316:M 02 Jan 2024 19:54:15.507 * <raft> State change: Election starting, node is now a pre-candidate, term 1
1959316:M 02 Jan 2024 19:54:15.507 * <raft> Cluster Membership: term:1 index:6 nodes: id=1,voting=1,active=1,addr=- id=2,voting=1,active=1,addr=localhost:5022 id=3,voting=0,active=1,addr=localhost:5023
1959316:signal-handler (1704221655) Received SIGINT scheduling shutdown...
1959316:signal-handler (1704221655) Received SIGINT scheduling shutdown...
1959316:M 02 Jan 2024 19:54:15.710 * User requested shutdown...
1959316:M 02 Jan 2024 19:54:15.710 # Redis is now ready to exit, bye bye...
1960140:C 02 Jan 2024 19:54:16.275 # WARNING Memory overcommit must be enabled! Without it, a background save or replication may fail under low memory condition. Being disabled, it can also cause failures without low memory condition, see https://github.com/jemalloc/jemalloc/issues/1328. To fix this issue add 'vm.overcommit_memory = 1' to /etc/sysctl.conf and then reboot or run the command 'sysctl vm.overcommit_memory=1' for this to take effect.
1960140:C 02 Jan 2024 19:54:16.275 * oO0OoO0OoO0Oo Redis is starting oO0OoO0OoO0Oo
1960140:C 02 Jan 2024 19:54:16.275 * Redis version=255.255.255, bits=64, commit=e04ebdb8, modified=1, pid=1960140, just started
1960140:C 02 Jan 2024 19:54:16.275 * Configuration loaded
1960140:M 02 Jan 2024 19:54:16.276 * monotonic clock: POSIX clock_gettime
1960140:M 02 Jan 2024 19:54:16.276 * Running mode=standalone, port=5021.
1960140:M 02 Jan 2024 19:54:16.283 * <raft> RedisRaft version 255.255.255 [b779b199]
1960140:M 02 Jan 2024 19:54:16.287 * <raft> Initializing test network
1960140:M 02 Jan 2024 19:54:16.288 * <raft> Created test network client
1960140:M 02 Jan 2024 19:54:16.290 * <raft> Raft module loaded, state is 'loading'
1960140:M 02 Jan 2024 19:54:16.290 * Module 'raft' loaded from /home/snagendra/Fuzzing/redisraft-fuzzing/redisraft.so
1960140:M 02 Jan 2024 19:54:16.291 * Server initialized
1960140:M 02 Jan 2024 19:54:16.291 . The AOF directory appendonlydir doesn't exist
1960140:M 02 Jan 2024 19:54:16.291 * Ready to accept connections tcp
1960140:M 02 Jan 2024 19:54:16.291 . 0 clients connected (0 replicas), 1746656 bytes in use
1960140:M 02 Jan 2024 19:54:16.339 - Accepted 127.0.0.1:47158
1960140:M 02 Jan 2024 19:54:16.339 # Missing implement of connection type tls
1960140:M 02 Jan 2024 19:54:16.390 * <raft> Loading: Redis loading complete, snapshot NOT LOADED
1960140:M 02 Jan 2024 19:54:16.391 * <raft> Cluster Membership: term:0 index:0 nodes: id=1,voting=0,active=1,addr=-
1960140:M 02 Jan 2024 19:54:16.391 * <raft> Test network starting message polling thread
1960140:M 02 Jan 2024 19:54:16.391 * <raft> Cluster Membership: term:0 index:6 nodes: id=1,voting=0,active=1,addr=- id=2,voting=1,active=1,addr=localhost:5022


=== REDIS BUG REPORT START: Cut & paste starting from here ===
1960140:M 02 Jan 2024 19:54:16.391 # Redis 255.255.255 crashed by signal: 6, si_code: -6
1960140:M 02 Jan 2024 19:54:16.391 # Crashed running the instruction at: 0x7f9a648e0d3c

------ STACK TRACE ------
EIP:
/lib/x86_64-linux-gnu/libc.so.6(+0x8ad3c)[0x7f9a648e0d3c]

Backtrace:
/lib/x86_64-linux-gnu/libc.so.6(+0x3bfd0)[0x7f9a64891fd0]
/lib/x86_64-linux-gnu/libc.so.6(+0x8ad3c)[0x7f9a648e0d3c]
/lib/x86_64-linux-gnu/libc.so.6(gsignal+0x12)[0x7f9a64891f32]
/lib/x86_64-linux-gnu/libc.so.6(abort+0xd3)[0x7f9a6487c472]
/lib/x86_64-linux-gnu/libc.so.6(+0x26395)[0x7f9a6487c395]
/lib/x86_64-linux-gnu/libc.so.6(+0x34e32)[0x7f9a6488ae32]
/home/snagendra/Fuzzing/redisraft-fuzzing/redisraft.so(raft_handle_append_cfg_change+0x2e9)[0x7f9a637b4969]
/home/snagendra/Fuzzing/redisraft-fuzzing/redisraft.so(raft_restore_log+0xb2)[0x7f9a637b8932]
/home/snagendra/Fuzzing/redisraft-fuzzing/redisraft.so(callRaftPeriodic+0x131)[0x7f9a637a4d41]
/home/snagendra/Fuzzing/redis/src/redis-server 0.0.0.0:5021(moduleTimerHandler+0x21c)[0x560614c1498c]
/home/snagendra/Fuzzing/redis/src/redis-server 0.0.0.0:5021(+0x81705)[0x560614b1e705]
/home/snagendra/Fuzzing/redis/src/redis-server 0.0.0.0:5021(aeMain+0x1c8)[0x560614b28cb8]
/home/snagendra/Fuzzing/redis/src/redis-server 0.0.0.0:5021(main+0x3cd)[0x560614b1de2d]
/lib/x86_64-linux-gnu/libc.so.6(+0x271ca)[0x7f9a6487d1ca]
/lib/x86_64-linux-gnu/libc.so.6(__libc_start_main+0x85)[0x7f9a6487d285]
/home/snagendra/Fuzzing/redis/src/redis-server 0.0.0.0:5021(_start+0x2a)[0x560614b1e5aa]

------ REGISTERS ------
1960140:M 02 Jan 2024 19:54:16.392 # 
RAX:0000000000000000 RBX:00000000001de8cc
RCX:00007f9a648e0d3c RDX:0000000000000006
RDI:00000000001de8cc RSI:00000000001de8cc
RBP:00007f9a648521c0 RSP:00007ffc419c8800
R8 :0000000000000007 R9 :0000560617066e80
R10:0000000000000008 R11:0000000000000246
R12:0000000000000006 R13:000000000000011e
R14:00007f9a637e0998 R15:00007ffc419c8ab0
RIP:00007f9a648e0d3c EFL:0000000000000246
CSGSFS:002b000000000033
1960140:M 02 Jan 2024 19:54:16.392 # (00007ffc419c880f) -> 0000560617066f40
1960140:M 02 Jan 2024 19:54:16.392 # (00007ffc419c880e) -> 00007f9a64a28c60
1960140:M 02 Jan 2024 19:54:16.392 # (00007ffc419c880d) -> 0000000000000006
1960140:M 02 Jan 2024 19:54:16.392 # (00007ffc419c880c) -> 0000560617066e80
1960140:M 02 Jan 2024 19:54:16.392 # (00007ffc419c880b) -> 000000000000011e
1960140:M 02 Jan 2024 19:54:16.392 # (00007ffc419c880a) -> 0000000000000020
1960140:M 02 Jan 2024 19:54:16.392 # (00007ffc419c8809) -> 00007f9a6487c472
1960140:M 02 Jan 2024 19:54:16.392 # (00007ffc419c8808) -> 00007f9a64a29e70
1960140:M 02 Jan 2024 19:54:16.392 # (00007ffc419c8807) -> 00007f9a64891f32
1960140:M 02 Jan 2024 19:54:16.392 # (00007ffc419c8806) -> 00007f9a637e0998
1960140:M 02 Jan 2024 19:54:16.392 # (00007ffc419c8805) -> 000000000000011e
1960140:M 02 Jan 2024 19:54:16.392 # (00007ffc419c8804) -> 00007f9a637e0720
1960140:M 02 Jan 2024 19:54:16.392 # (00007ffc419c8803) -> 00007f9a648521c0
1960140:M 02 Jan 2024 19:54:16.392 # (00007ffc419c8802) -> 0000000000000006
1960140:M 02 Jan 2024 19:54:16.392 # (00007ffc419c8801) -> 03726539bced9d00
1960140:M 02 Jan 2024 19:54:16.392 # (00007ffc419c8800) -> 00007ffc419c8ab0

------ INFO OUTPUT ------
# Server
redis_version:255.255.255
redis_git_sha1:e04ebdb8
redis_git_dirty:1
redis_build_id:1f78dcc7b4fbdd25
redis_mode:standalone
os:Linux 6.1.60.1.amd64-smp x86_64
arch_bits:64
monotonic_clock:POSIX clock_gettime
multiplexing_api:epoll
atomicvar_api:c11-builtin
gcc_version:10.2.1
process_id:1960140
process_supervised:no
run_id:648801ed8de2270cf2bc02bc728233ae4ec2f38f
tcp_port:5021
server_time_usec:1704221656390820
uptime_in_seconds:0
uptime_in_days:0
hz:10
configured_hz:10
lru_clock:9722840
executable:/home/snagendra/Fuzzing/redis/src/redis-server
config_file:
io_threads_active:0
listener0:name=tcp,bind=0.0.0.0,port=5021

# Clients
connected_clients:1
cluster_connections:0
maxclients:10000
client_recent_max_input_buffer:0
client_recent_max_output_buffer:0
blocked_clients:0
tracking_clients:0
clients_in_timeout_table:0
total_blocking_keys:0
total_blocking_keys_on_nokey:0

# Memory
used_memory:1818184
used_memory_human:1.73M
used_memory_rss:17494016
used_memory_rss_human:16.68M
used_memory_peak:1818184
used_memory_peak_human:1.73M
used_memory_peak_perc:100.47%
used_memory_overhead:1746696
used_memory_startup:1746512
used_memory_dataset:71488
used_memory_dataset_perc:99.74%
allocator_allocated:2083280
allocator_active:2637824
allocator_resident:10743808
total_system_memory:270388695040
total_system_memory_human:251.82G
used_memory_lua:31744
used_memory_vm_eval:31744
used_memory_lua_human:31.00K
used_memory_scripts_eval:0
number_of_cached_scripts:0
number_of_functions:0
number_of_libraries:0
used_memory_vm_functions:32768
used_memory_vm_total:64512
used_memory_vm_total_human:63.00K
used_memory_functions:184
used_memory_scripts:184
used_memory_scripts_human:184B
maxmemory:0
maxmemory_human:0B
maxmemory_policy:noeviction
allocator_frag_ratio:1.27
allocator_frag_bytes:554544
allocator_rss_ratio:4.07
allocator_rss_bytes:8105984
rss_overhead_ratio:1.63
rss_overhead_bytes:6750208
mem_fragmentation_ratio:10.02
mem_fragmentation_bytes:15747360
mem_not_counted_for_evict:0
mem_replication_backlog:0
mem_total_replication_buffers:0
mem_clients_slaves:0
mem_clients_normal:0
mem_cluster_links:0
mem_aof_buffer:0
mem_allocator:jemalloc-5.3.0
active_defrag_running:0
lazyfree_pending_objects:0
lazyfreed_objects:0

# Persistence
loading:0
async_loading:0
current_cow_peak:0
current_cow_size:0
current_cow_size_age:0
current_fork_perc:0.00
current_save_keys_processed:0
current_save_keys_total:0
rdb_changes_since_last_save:0
rdb_bgsave_in_progress:0
rdb_last_save_time:1704221656
rdb_last_bgsave_status:ok
rdb_last_bgsave_time_sec:-1
rdb_current_bgsave_time_sec:-1
rdb_saves:0
rdb_last_cow_size:0
rdb_last_load_keys_expired:0
rdb_last_load_keys_loaded:0
aof_enabled:0
aof_rewrite_in_progress:0
aof_rewrite_scheduled:0
aof_last_rewrite_time_sec:-1
aof_current_rewrite_time_sec:-1
aof_last_bgrewrite_status:ok
aof_rewrites:0
aof_rewrites_consecutive_failures:0
aof_last_write_status:ok
aof_last_cow_size:0
module_fork_in_progress:0
module_fork_last_cow_size:0

# Stats
total_connections_received:1
total_commands_processed:7
instantaneous_ops_per_sec:25
total_net_input_bytes:33
total_net_output_bytes:5
total_net_repl_input_bytes:0
total_net_repl_output_bytes:0
instantaneous_input_kbps:0.00
instantaneous_output_kbps:0.00
instantaneous_input_repl_kbps:0.00
instantaneous_output_repl_kbps:0.00
rejected_connections:0
sync_full:0
sync_partial_ok:0
sync_partial_err:0
expired_keys:0
expired_stale_perc:0.00
expired_time_cap_reached_count:0
expire_cycle_cpu_milliseconds:0
evicted_keys:0
evicted_clients:0
total_eviction_exceeded_time:0
current_eviction_exceeded_time:0
keyspace_hits:0
keyspace_misses:0
pubsub_channels:0
pubsub_patterns:0
pubsubshard_channels:0
latest_fork_usec:0
total_forks:0
migrate_cached_sockets:0
slave_expires_tracked_keys:0
active_defrag_hits:0
active_defrag_misses:0
active_defrag_key_hits:0
active_defrag_key_misses:0
total_active_defrag_time:0
current_active_defrag_time:0
tracking_total_keys:0
tracking_total_items:0
tracking_total_prefixes:0
unexpected_error_replies:0
total_error_replies:0
dump_payload_sanitizations:0
total_reads_processed:1
total_writes_processed:1
io_threaded_reads_processed:0
io_threaded_writes_processed:0
reply_buffer_shrinks:0
reply_buffer_expands:0
acl_access_denied_auth:0
acl_access_denied_cmd:0
acl_access_denied_key:0
acl_access_denied_channel:0

# Replication
role:master
connected_slaves:0
master_failover_state:no-failover
master_replid:3a81fbe3bf35054096b4d67e36da7a7644fd04da
master_replid2:0000000000000000000000000000000000000000
master_repl_offset:0
second_repl_offset:-1
repl_backlog_active:0
repl_backlog_size:1048576
repl_backlog_first_byte_offset:0
repl_backlog_histlen:0

# CPU
used_cpu_sys:0.006485
used_cpu_user:0.012970
used_cpu_sys_children:0.000000
used_cpu_user_children:0.000000
used_cpu_sys_main_thread:0.005626
used_cpu_user_main_thread:0.011252

# Modules
module:name=raft,ver=1,api=1,filters=1,usedby=[],using=[],options=[]

# Commandstats
cmdstat_config|get:calls=3,usec=5,usec_per_call=1.67,rejected_calls=0,failed_calls=0
cmdstat_config|set:calls=1,usec=6,usec_per_call=6.00,rejected_calls=0,failed_calls=0
cmdstat_command:calls=2,usec=1416,usec_per_call=708.00,rejected_calls=0,failed_calls=0
cmdstat_auth:calls=1,usec=0,usec_per_call=0.00,rejected_calls=0,failed_calls=0

# Errorstats

# Latencystats
latency_percentiles_usec_config|get:p50=2.007,p99=2.007,p99.9=2.007
latency_percentiles_usec_config|set:p50=6.015,p99=6.015,p99.9=6.015
latency_percentiles_usec_command:p50=688.127,p99=733.183,p99.9=733.183
latency_percentiles_usec_auth:p50=0.001,p99=0.001,p99.9=0.001

# Cluster
cluster_enabled:0

# Keyspace

------ CLIENT LIST OUTPUT ------
id=8 addr=127.0.0.1:47158 laddr=127.0.0.1:5021 fd=11 name= age=0 idle=0 flags=N db=0 sub=0 psub=0 ssub=0 multi=-1 qbuf=0 qbuf-free=20474 argv-mem=0 multi-mem=0 rbs=16384 rbp=16384 obl=0 oll=0 omem=0 tot-mem=37760 events=r cmd=auth user=default redir=-1 resp=2 lib-name= lib-ver=

------ MODULES INFO OUTPUT ------
# raft_version
raft_version:255.255.255
raft_git_sha1:b779b199

# raft_general
raft_dbid:74dfb0ebcce40cfef848f6a5832cd225
raft_node_id:1
raft_state:up
raft_role:follower
raft_is_voting:no
raft_voted_for:-1
raft_leader_id:-1
raft_current_term:0
raft_num_nodes:2
raft_num_voting_nodes:1
raft_node1:id=2,state=disconnected,voting=yes,addr=localhost,port=5022,last_conn_secs=-1,conn_errors=0,conn_oks=0

# raft_log
raft_log_entries:6
raft_current_index:6
raft_commit_index:0
raft_last_applied_index:0
raft_file_size:1630
raft_cache_memory_size:0
raft_cache_entries:0
raft_client_attached_entries:0
raft_fsync_count:0
raft_fsync_max_microseconds:0
raft_entry1:term=1,id=0,data_len=0
raft_entry2:term=1,id=1295226183,data_len=264
raft_entry3:term=1,id=111770515,data_len=264
raft_entry4:term=1,id=404922506,data_len=264
raft_entry5:term=1,id=912246844,data_len=35
raft_fsync_avg_microseconds:0

# raft_snapshot
raft_snapshot_filename:redis1.rdb
raft_snapshot_last_idx:0
raft_snapshot_last_term:0
raft_snapshot_size:0
raft_snapshot_time_secs:-1
raft_snapshots_created:0
raft_snapshots_received:0
raft_snapshot_in_progress:no
raft_snapshot_in_progress_last_idx:-1
raft_snapshot_in_progress_last_term:-1

# raft_clients
raft_proxy_reqs:0
raft_proxy_failed_reqs:0
raft_proxy_failed_responses:0
raft_proxy_outstanding_reqs:0

# raft_stats
raft_appendreq_received:0
raft_appendreq_with_entry_received:0
raft_snapshotreq_received:0
raft_exec_throttled:0
raft_num_sessions:0

------ CONFIG DEBUG OUTPUT ------
slave-read-only yes
io-threads 1
repl-diskless-load disabled
io-threads-do-reads no
activedefrag no
repl-diskless-sync yes
lazyfree-lazy-user-del no
sanitize-dump-payload no
lazyfree-lazy-eviction no
replica-read-only yes
proto-max-bulk-len 512mb
lazyfree-lazy-server-del no
list-compress-depth 0
lazyfree-lazy-user-flush no
lazyfree-lazy-expire no
client-query-buffer-limit 1gb

------ FAST MEMORY TEST ------
1960140:M 02 Jan 2024 19:54:16.393 # Bio worker thread #0 terminated
1960140:M 02 Jan 2024 19:54:16.393 # Bio worker thread #1 terminated
1960140:M 02 Jan 2024 19:54:16.393 # Bio worker thread #2 terminated
*** Preparing to test memory region 560614df4000 (2273280 bytes)
*** Preparing to test memory region 560617017000 (405504 bytes)
*** Preparing to test memory region 7f9a40000000 (135168 bytes)
*** Preparing to test memory region 7f9a48000000 (135168 bytes)
*** Preparing to test memory region 7f9a4effe000 (8388608 bytes)
*** Preparing to test memory region 7f9a50000000 (135168 bytes)
*** Preparing to test memory region 7f9a56ffe000 (8388608 bytes)
*** Preparing to test memory region 7f9a577ff000 (8388608 bytes)
*** Preparing to test memory region 7f9a58000000 (8388608 bytes)
*** Preparing to test memory region 7f9a58800000 (6291456 bytes)
*** Preparing to test memory region 7f9a58ffb000 (8388608 bytes)
*** Preparing to test memory region 7f9a597fc000 (8388608 bytes)
*** Preparing to test memory region 7f9a59ffd000 (8388608 bytes)
*** Preparing to test memory region 7f9a5a7fe000 (8388608 bytes)
*** Preparing to test memory region 7f9a5afff000 (8388608 bytes)
*** Preparing to test memory region 7f9a5b800000 (8388608 bytes)
*** Preparing to test memory region 7f9a5c000000 (135168 bytes)
*** Preparing to test memory region 7f9a60000000 (4194304 bytes)
*** Preparing to test memory region 7f9a605bf000 (8388608 bytes)
*** Preparing to test memory region 7f9a60dc0000 (8388608 bytes)
*** Preparing to test memory region 7f9a615c1000 (8388608 bytes)
*** Preparing to test memory region 7f9a61dc2000 (8388608 bytes)
*** Preparing to test memory region 7f9a625c2000 (2621440 bytes)
*** Preparing to test memory region 7f9a62851000 (8192 bytes)
*** Preparing to test memory region 7f9a62e7f000 (12288 bytes)
*** Preparing to test memory region 7f9a63418000 (16384 bytes)
*** Preparing to test memory region 7f9a6356b000 (8192 bytes)
*** Preparing to test memory region 7f9a637fa000 (24576 bytes)
*** Preparing to test memory region 7f9a64000000 (8388608 bytes)
*** Preparing to test memory region 7f9a64829000 (4096 bytes)
*** Preparing to test memory region 7f9a6484e000 (32768 bytes)
*** Preparing to test memory region 7f9a64a2a000 (53248 bytes)
*** Preparing to test memory region 7f9a64b47000 (8192 bytes)
.O.O.O.O.O.O.O.O.O.O.E.E.E.E.E.E.E.E.1960140:signal-handler (1704221656) Received SIGINT scheduling shutdown...
1960140:signal-handler (1704221656) You insist... exiting now.

----- Stderr -----
libgcov profiling error:/home/snagendra/Fuzzing/redisraft-fuzzing/build/deps/raft/CMakeFiles/raft.dir/src/raft_server.c.gcda:Merge mismatch for function 51
libgcov profiling error:/home/snagendra/Fuzzing/redisraft-fuzzing/build/deps/raft/CMakeFiles/raft.dir/src/raft_server.c.gcda:Merge mismatch for function 51
libgcov profiling error:/home/snagendra/Fuzzing/redisraft-fuzzing/build/deps/raft/CMakeFiles/raft.dir/src/raft_server.c.gcda:Merge mismatch for function 51
redis-server: /home/snagendra/Fuzzing/redisraft-fuzzing/deps/raft/src/raft_server.c:286: raft_handle_append_cfg_change: Assertion `!node || !raft_node_is_voting(node)' failed.
libgcov profiling error:/home/snagendra/Fuzzing/redisraft-fuzzing/build/deps/raft/CMakeFiles/raft.dir/src/raft_server.c.gcda:Merge mismatch for function 51




logs for node: 2

----- Stdout -----
1958511:C 02 Jan 2024 19:54:13.213 # WARNING Memory overcommit must be enabled! Without it, a background save or replication may fail under low memory condition. Being disabled, it can also cause failures without low memory condition, see https://github.com/jemalloc/jemalloc/issues/1328. To fix this issue add 'vm.overcommit_memory = 1' to /etc/sysctl.conf and then reboot or run the command 'sysctl vm.overcommit_memory=1' for this to take effect.
1958511:C 02 Jan 2024 19:54:13.213 * oO0OoO0OoO0Oo Redis is starting oO0OoO0OoO0Oo
1958511:C 02 Jan 2024 19:54:13.213 * Redis version=255.255.255, bits=64, commit=e04ebdb8, modified=1, pid=1958511, just started
1958511:C 02 Jan 2024 19:54:13.213 * Configuration loaded
1958511:M 02 Jan 2024 19:54:13.214 * monotonic clock: POSIX clock_gettime
1958511:M 02 Jan 2024 19:54:13.214 * Running mode=standalone, port=5022.
1958511:M 02 Jan 2024 19:54:13.221 * <raft> RedisRaft version 255.255.255 [b779b199]
1958511:M 02 Jan 2024 19:54:13.226 * <raft> Initializing test network
1958511:M 02 Jan 2024 19:54:13.227 * <raft> Created test network client
1958511:M 02 Jan 2024 19:54:13.228 * <raft> Raft module loaded, state is 'uninitialized'
1958511:M 02 Jan 2024 19:54:13.228 * Module 'raft' loaded from /home/snagendra/Fuzzing/redisraft-fuzzing/redisraft.so
1958511:M 02 Jan 2024 19:54:13.228 * Server initialized
1958511:M 02 Jan 2024 19:54:13.229 . The AOF directory appendonlydir doesn't exist
1958511:M 02 Jan 2024 19:54:13.229 * Ready to accept connections tcp
1958511:M 02 Jan 2024 19:54:13.230 . 0 clients connected (0 replicas), 1726192 bytes in use
1958511:M 02 Jan 2024 19:54:13.233 - Accepted 127.0.0.1:37322
1958511:M 02 Jan 2024 19:54:13.233 # Missing implement of connection type tls
1958511:M 02 Jan 2024 19:54:13.328 - <raft> join cluster, connecting to localhost:5021
1958511:M 02 Jan 2024 19:54:13.330 * <raft> Joined Raft cluster, node id: 2, dbid: 74dfb0ebcce40cfef848f6a5832cd225
1958511:M 02 Jan 2024 19:54:13.336 * <raft> Cluster Membership: term:0 index:0 nodes: id=2,voting=0,active=1,addr=-
1958511:M 02 Jan 2024 19:54:13.336 * <raft> Test network starting message polling thread
1958511:M 02 Jan 2024 19:54:13.393 - Accepted 127.0.0.1:37338
1958511:M 02 Jan 2024 19:54:13.652 * <raft> Cluster Membership: term:1 index:2 nodes: id=2,voting=0,active=1,addr=- id=1,voting=1,active=1,addr=localhost:5021
1958511:M 02 Jan 2024 19:54:13.653 * <raft> Cluster Membership: term:1 index:4 nodes: id=2,voting=0,active=1,addr=- id=1,voting=1,active=1,addr=localhost:5021 id=3,voting=0,active=1,addr=localhost:5023
1958511:M 02 Jan 2024 19:54:13.655 - Accepted 127.0.0.1:37340
1958511:M 02 Jan 2024 19:54:13.754 - Client closed connection id=9 addr=127.0.0.1:37338 laddr=127.0.0.1:5022 fd=10 name= age=0 idle=0 flags=N db=0 sub=0 psub=0 ssub=0 multi=-1 qbuf=0 qbuf-free=20474 argv-mem=0 multi-mem=0 rbs=1024 rbp=0 obl=0 oll=0 omem=0 tot-mem=22400 events=r cmd=auth user=default redir=-1 resp=2 lib-name= lib-ver=
1958511:signal-handler (1704221653) Received SIGINT scheduling shutdown...
1958511:signal-handler (1704221653) You insist... exiting now.
1959162:C 02 Jan 2024 19:54:14.281 # WARNING Memory overcommit must be enabled! Without it, a background save or replication may fail under low memory condition. Being disabled, it can also cause failures without low memory condition, see https://github.com/jemalloc/jemalloc/issues/1328. To fix this issue add 'vm.overcommit_memory = 1' to /etc/sysctl.conf and then reboot or run the command 'sysctl vm.overcommit_memory=1' for this to take effect.
1959162:C 02 Jan 2024 19:54:14.281 * oO0OoO0OoO0Oo Redis is starting oO0OoO0OoO0Oo
1959162:C 02 Jan 2024 19:54:14.281 * Redis version=255.255.255, bits=64, commit=e04ebdb8, modified=1, pid=1959162, just started
1959162:C 02 Jan 2024 19:54:14.281 * Configuration loaded
1959162:M 02 Jan 2024 19:54:14.282 * monotonic clock: POSIX clock_gettime
1959162:M 02 Jan 2024 19:54:14.282 * Running mode=standalone, port=5022.
1959162:M 02 Jan 2024 19:54:14.290 * <raft> RedisRaft version 255.255.255 [b779b199]
1959162:M 02 Jan 2024 19:54:14.295 * <raft> Initializing test network
1959162:M 02 Jan 2024 19:54:14.296 * <raft> Created test network client
1959162:M 02 Jan 2024 19:54:14.298 * <raft> Raft module loaded, state is 'loading'
1959162:M 02 Jan 2024 19:54:14.298 * Module 'raft' loaded from /home/snagendra/Fuzzing/redisraft-fuzzing/redisraft.so
1959162:M 02 Jan 2024 19:54:14.299 * Server initialized
1959162:M 02 Jan 2024 19:54:14.299 . The AOF directory appendonlydir doesn't exist
1959162:M 02 Jan 2024 19:54:14.299 * Ready to accept connections tcp
1959162:M 02 Jan 2024 19:54:14.299 . 0 clients connected (0 replicas), 1746720 bytes in use
1959162:M 02 Jan 2024 19:54:14.359 - Accepted 127.0.0.1:37386
1959162:M 02 Jan 2024 19:54:14.359 # Missing implement of connection type tls
1959162:M 02 Jan 2024 19:54:14.398 * <raft> Loading: Redis loading complete, snapshot NOT LOADED
1959162:M 02 Jan 2024 19:54:14.398 * <raft> Cluster Membership: term:0 index:0 nodes: id=2,voting=0,active=1,addr=-
1959162:M 02 Jan 2024 19:54:14.399 * <raft> Test network starting message polling thread
1959162:M 02 Jan 2024 19:54:14.399 * <raft> Cluster Membership: term:0 index:6 nodes: id=2,voting=0,active=1,addr=- id=1,voting=1,active=1,addr=localhost:5021
1959162:M 02 Jan 2024 19:54:14.399 * <raft> Cluster Membership: term:0 index:6 nodes: id=2,voting=0,active=1,addr=- id=1,voting=1,active=1,addr=localhost:5021 id=3,voting=0,active=1,addr=localhost:5023
1959162:M 02 Jan 2024 19:54:14.399 * <raft> Raft state after loading log: log_count=6, first_idx=1, current_idx=6, last_applied_idx=0
1959162:M 02 Jan 2024 19:54:14.399 . <raft> Raft term=1, vote=-1
1959162:M 02 Jan 2024 19:54:14.706 - Accepted 127.0.0.1:37402
1959162:M 02 Jan 2024 19:54:14.800 * <raft> State change: Election starting, node is now a pre-candidate, term 1
1959162:M 02 Jan 2024 19:54:14.800 * <raft> Cluster Membership: term:1 index:6 nodes: id=2,voting=1,active=1,addr=- id=1,voting=1,active=1,addr=localhost:5021 id=3,voting=0,active=1,addr=localhost:5023
1959162:M 02 Jan 2024 19:54:15.102 * <raft> State change: Election starting, node is now a pre-candidate, term 1
1959162:M 02 Jan 2024 19:54:15.102 * <raft> Cluster Membership: term:1 index:6 nodes: id=2,voting=1,active=1,addr=- id=1,voting=1,active=1,addr=localhost:5021 id=3,voting=0,active=1,addr=localhost:5023
1959162:M 02 Jan 2024 19:54:15.181 - Client closed connection id=8 addr=127.0.0.1:37386 laddr=127.0.0.1:5022 fd=11 name= age=1 idle=1 flags=N db=0 sub=0 psub=0 ssub=0 multi=-1 qbuf=0 qbuf-free=20474 argv-mem=0 multi-mem=0 rbs=1024 rbp=0 obl=0 oll=0 omem=0 tot-mem=22400 events=r cmd=auth user=default redir=-1 resp=2 lib-name= lib-ver=
1959162:signal-handler (1704221655) Received SIGINT scheduling shutdown...
1959162:signal-handler (1704221655) You insist... exiting now.
1959162:M 02 Jan 2024 19:54:15.306 * User requested shutdown...
1959162:M 02 Jan 2024 19:54:15.306 # Redis is now ready to exit, bye bye...
1959889:C 02 Jan 2024 19:54:15.848 # WARNING Memory overcommit must be enabled! Without it, a background save or replication may fail under low memory condition. Being disabled, it can also cause failures without low memory condition, see https://github.com/jemalloc/jemalloc/issues/1328. To fix this issue add 'vm.overcommit_memory = 1' to /etc/sysctl.conf and then reboot or run the command 'sysctl vm.overcommit_memory=1' for this to take effect.
1959889:C 02 Jan 2024 19:54:15.848 * oO0OoO0OoO0Oo Redis is starting oO0OoO0OoO0Oo
1959889:C 02 Jan 2024 19:54:15.848 * Redis version=255.255.255, bits=64, commit=e04ebdb8, modified=1, pid=1959889, just started
1959889:C 02 Jan 2024 19:54:15.848 * Configuration loaded
1959889:M 02 Jan 2024 19:54:15.849 * monotonic clock: POSIX clock_gettime
1959889:M 02 Jan 2024 19:54:15.849 * Running mode=standalone, port=5022.
1959889:M 02 Jan 2024 19:54:15.856 * <raft> RedisRaft version 255.255.255 [b779b199]
1959889:M 02 Jan 2024 19:54:15.860 * <raft> Initializing test network
1959889:M 02 Jan 2024 19:54:15.861 * <raft> Created test network client
1959889:M 02 Jan 2024 19:54:15.864 * <raft> Raft module loaded, state is 'loading'
1959889:M 02 Jan 2024 19:54:15.864 * Module 'raft' loaded from /home/snagendra/Fuzzing/redisraft-fuzzing/redisraft.so
1959889:M 02 Jan 2024 19:54:15.865 * Server initialized
1959889:M 02 Jan 2024 19:54:15.865 . The AOF directory appendonlydir doesn't exist
1959889:M 02 Jan 2024 19:54:15.865 * Ready to accept connections tcp
1959889:M 02 Jan 2024 19:54:15.865 . 0 clients connected (0 replicas), 1746688 bytes in use
1959889:M 02 Jan 2024 19:54:15.937 - Accepted 127.0.0.1:37454
1959889:M 02 Jan 2024 19:54:15.937 # Missing implement of connection type tls
1959889:M 02 Jan 2024 19:54:15.965 * <raft> Loading: Redis loading complete, snapshot NOT LOADED
1959889:M 02 Jan 2024 19:54:15.965 * <raft> Cluster Membership: term:0 index:0 nodes: id=2,voting=0,active=1,addr=-
1959889:M 02 Jan 2024 19:54:15.966 * <raft> Test network starting message polling thread
1959889:M 02 Jan 2024 19:54:15.966 # <raft> error, fd: 9, write(): Bad address
1959889:M 02 Jan 2024 19:54:15.966 # <raft> error, fd: 9, write(): Bad address
1959889:M 02 Jan 2024 19:54:15.966 * <raft> Raft state after loading log: log_count=6, first_idx=1, current_idx=6, last_applied_idx=0
1959889:M 02 Jan 2024 19:54:15.966 . <raft> Raft term=1, vote=-1
1959889:M 02 Jan 2024 19:54:15.966 # <raft> error, fd: 9, write(): Bad address
1959889:M 02 Jan 2024 19:54:16.366 * <raft> State change: Election starting, node is now a pre-candidate, term 1
1959889:M 02 Jan 2024 19:54:16.366 * <raft> Cluster Membership: term:1 index:6 nodes: id=2,voting=0,active=1,addr=-
1959889:signal-handler (1704221656) Received SIGINT scheduling shutdown...
1959889:signal-handler (1704221656) You insist... exiting now.

----- Stderr -----
libgcov profiling error:/home/snagendra/Fuzzing/redisraft-fuzzing/build/deps/raft/CMakeFiles/raft.dir/src/raft_server.c.gcda:Merge mismatch for function 51
libgcov profiling error:/home/snagendra/Fuzzing/redisraft-fuzzing/build/deps/raft/CMakeFiles/raft.dir/src/raft_server.c.gcda:Merge mismatch for function 51




logs for node: 3

----- Stdout -----
1958583:C 02 Jan 2024 19:54:13.339 # WARNING Memory overcommit must be enabled! Without it, a background save or replication may fail under low memory condition. Being disabled, it can also cause failures without low memory condition, see https://github.com/jemalloc/jemalloc/issues/1328. To fix this issue add 'vm.overcommit_memory = 1' to /etc/sysctl.conf and then reboot or run the command 'sysctl vm.overcommit_memory=1' for this to take effect.
1958583:C 02 Jan 2024 19:54:13.339 * oO0OoO0OoO0Oo Redis is starting oO0OoO0OoO0Oo
1958583:C 02 Jan 2024 19:54:13.339 * Redis version=255.255.255, bits=64, commit=e04ebdb8, modified=1, pid=1958583, just started
1958583:C 02 Jan 2024 19:54:13.339 * Configuration loaded
1958583:M 02 Jan 2024 19:54:13.339 * monotonic clock: POSIX clock_gettime
1958583:M 02 Jan 2024 19:54:13.340 * Running mode=standalone, port=5023.
1958583:M 02 Jan 2024 19:54:13.346 * <raft> RedisRaft version 255.255.255 [b779b199]
1958583:M 02 Jan 2024 19:54:13.351 * <raft> Initializing test network
1958583:M 02 Jan 2024 19:54:13.352 * <raft> Created test network client
1958583:M 02 Jan 2024 19:54:13.353 * <raft> Raft module loaded, state is 'uninitialized'
1958583:M 02 Jan 2024 19:54:13.353 * Module 'raft' loaded from /home/snagendra/Fuzzing/redisraft-fuzzing/redisraft.so
1958583:M 02 Jan 2024 19:54:13.354 * Server initialized
1958583:M 02 Jan 2024 19:54:13.354 . The AOF directory appendonlydir doesn't exist
1958583:M 02 Jan 2024 19:54:13.354 * Ready to accept connections tcp
1958583:M 02 Jan 2024 19:54:13.355 . 0 clients connected (0 replicas), 1726224 bytes in use
1958583:M 02 Jan 2024 19:54:13.369 - Accepted 127.0.0.1:47442
1958583:M 02 Jan 2024 19:54:13.369 # Missing implement of connection type tls
1958583:M 02 Jan 2024 19:54:13.453 - <raft> join cluster, connecting to localhost:5021
1958583:M 02 Jan 2024 19:54:13.455 * <raft> Joined Raft cluster, node id: 3, dbid: 74dfb0ebcce40cfef848f6a5832cd225
1958583:M 02 Jan 2024 19:54:13.461 * <raft> Cluster Membership: term:0 index:0 nodes: id=3,voting=0,active=1,addr=-
1958583:M 02 Jan 2024 19:54:13.462 * <raft> Test network starting message polling thread
1958583:M 02 Jan 2024 19:54:13.494 - Accepted 127.0.0.1:47444
1958583:M 02 Jan 2024 19:54:13.591 * <raft> Cluster Membership: term:1 index:2 nodes: id=3,voting=0,active=1,addr=- id=1,voting=1,active=1,addr=localhost:5021
1958583:M 02 Jan 2024 19:54:13.591 * <raft> Cluster Membership: term:1 index:3 nodes: id=3,voting=0,active=1,addr=- id=1,voting=1,active=1,addr=localhost:5021 id=2,voting=0,active=1,addr=localhost:5022
1958583:M 02 Jan 2024 19:54:13.731 - Accepted 127.0.0.1:47450
1958583:M 02 Jan 2024 19:54:13.754 - Client closed connection id=9 addr=127.0.0.1:47444 laddr=127.0.0.1:5023 fd=10 name= age=0 idle=0 flags=N db=0 sub=0 psub=0 ssub=0 multi=-1 qbuf=0 qbuf-free=20474 argv-mem=0 multi-mem=0 rbs=1024 rbp=0 obl=0 oll=0 omem=0 tot-mem=22400 events=r cmd=auth user=default redir=-1 resp=2 lib-name= lib-ver=
1958583:M 02 Jan 2024 19:54:13.856 * <raft> State change: Election starting, node is now a pre-candidate, term 1
1958583:M 02 Jan 2024 19:54:13.856 * <raft> Cluster Membership: term:1 index:4 nodes: id=3,voting=0,active=1,addr=- id=1,voting=1,active=1,addr=localhost:5021 id=2,voting=0,active=1,addr=localhost:5022
1958583:M 02 Jan 2024 19:54:13.895 - Client closed connection id=10 addr=127.0.0.1:47450 laddr=127.0.0.1:5023 fd=15 name= age=0 idle=0 flags=N db=0 sub=0 psub=0 ssub=0 multi=-1 qbuf=0 qbuf-free=20474 argv-mem=0 multi-mem=0 rbs=1024 rbp=0 obl=0 oll=0 omem=0 tot-mem=22400 events=r cmd=auth user=default redir=-1 resp=2 lib-name= lib-ver=
1958583:M 02 Jan 2024 19:54:13.967 - Accepted 127.0.0.1:47454
1958583:M 02 Jan 2024 19:54:14.004 - Client closed connection id=11 addr=127.0.0.1:47454 laddr=127.0.0.1:5023 fd=10 name= age=1 idle=1 flags=N db=0 sub=0 psub=0 ssub=0 multi=-1 qbuf=0 qbuf-free=20474 argv-mem=0 multi-mem=0 rbs=16384 rbp=16384 obl=0 oll=0 omem=0 tot-mem=37760 events=r cmd=auth user=default redir=-1 resp=2 lib-name= lib-ver=
1958583:M 02 Jan 2024 19:54:14.158 * <raft> State change: Election starting, node is now a pre-candidate, term 1
1958583:M 02 Jan 2024 19:54:14.158 * <raft> Cluster Membership: term:1 index:4 nodes: id=3,voting=0,active=1,addr=- id=1,voting=1,active=1,addr=localhost:5021 id=2,voting=0,active=1,addr=localhost:5022
1958583:M 02 Jan 2024 19:54:14.400 - Accepted 127.0.0.1:47466
1958583:M 02 Jan 2024 19:54:14.459 * <raft> State change: Election starting, node is now a pre-candidate, term 1
1958583:M 02 Jan 2024 19:54:14.459 * <raft> Cluster Membership: term:1 index:4 nodes: id=3,voting=0,active=1,addr=- id=1,voting=1,active=1,addr=localhost:5021 id=2,voting=0,active=1,addr=localhost:5022
1958583:M 02 Jan 2024 19:54:14.706 - Accepted 127.0.0.1:47474
1958583:M 02 Jan 2024 19:54:14.862 * <raft> State change: Election starting, node is now a pre-candidate, term 1
1958583:M 02 Jan 2024 19:54:14.862 * <raft> Cluster Membership: term:1 index:4 nodes: id=3,voting=0,active=1,addr=- id=1,voting=1,active=1,addr=localhost:5021 id=2,voting=0,active=1,addr=localhost:5022
1958583:M 02 Jan 2024 19:54:15.163 * <raft> State change: Election starting, node is now a pre-candidate, term 1
1958583:M 02 Jan 2024 19:54:15.163 * <raft> Cluster Membership: term:1 index:4 nodes: id=3,voting=0,active=1,addr=- id=1,voting=1,active=1,addr=localhost:5021 id=2,voting=0,active=1,addr=localhost:5022
1958583:signal-handler (1704221655) Received SIGINT scheduling shutdown...
1958583:signal-handler (1704221655) Received SIGINT scheduling shutdown...
1958583:M 02 Jan 2024 19:54:15.167 * User requested shutdown...
1958583:M 02 Jan 2024 19:54:15.167 # Redis is now ready to exit, bye bye...
1959776:C 02 Jan 2024 19:54:15.617 # WARNING Memory overcommit must be enabled! Without it, a background save or replication may fail under low memory condition. Being disabled, it can also cause failures without low memory condition, see https://github.com/jemalloc/jemalloc/issues/1328. To fix this issue add 'vm.overcommit_memory = 1' to /etc/sysctl.conf and then reboot or run the command 'sysctl vm.overcommit_memory=1' for this to take effect.
1959776:C 02 Jan 2024 19:54:15.617 * oO0OoO0OoO0Oo Redis is starting oO0OoO0OoO0Oo
1959776:C 02 Jan 2024 19:54:15.617 * Redis version=255.255.255, bits=64, commit=e04ebdb8, modified=1, pid=1959776, just started
1959776:C 02 Jan 2024 19:54:15.617 * Configuration loaded
1959776:M 02 Jan 2024 19:54:15.618 * monotonic clock: POSIX clock_gettime
1959776:M 02 Jan 2024 19:54:15.618 * Running mode=standalone, port=5023.
1959776:M 02 Jan 2024 19:54:15.624 * <raft> RedisRaft version 255.255.255 [b779b199]
1959776:M 02 Jan 2024 19:54:15.629 * <raft> Initializing test network
1959776:M 02 Jan 2024 19:54:15.629 * <raft> Created test network client
1959776:M 02 Jan 2024 19:54:15.633 * <raft> Raft module loaded, state is 'loading'
1959776:M 02 Jan 2024 19:54:15.633 * Module 'raft' loaded from /home/snagendra/Fuzzing/redisraft-fuzzing/redisraft.so
1959776:M 02 Jan 2024 19:54:15.633 * Server initialized
1959776:M 02 Jan 2024 19:54:15.633 . The AOF directory appendonlydir doesn't exist
1959776:M 02 Jan 2024 19:54:15.633 * Ready to accept connections tcp
1959776:M 02 Jan 2024 19:54:15.633 . 0 clients connected (0 replicas), 1746688 bytes in use
1959776:M 02 Jan 2024 19:54:15.733 * <raft> Loading: Redis loading complete, snapshot NOT LOADED
1959776:M 02 Jan 2024 19:54:15.734 * <raft> Cluster Membership: term:0 index:0 nodes: id=3,voting=0,active=1,addr=-
1959776:M 02 Jan 2024 19:54:15.734 * <raft> Test network starting message polling thread
1959776:M 02 Jan 2024 19:54:15.734 * <raft> Cluster Membership: term:0 index:4 nodes: id=3,voting=0,active=1,addr=- id=1,voting=1,active=1,addr=localhost:5021
1959776:M 02 Jan 2024 19:54:15.735 * <raft> Cluster Membership: term:0 index:4 nodes: id=3,voting=0,active=1,addr=- id=1,voting=1,active=1,addr=localhost:5021 id=2,voting=0,active=1,addr=localhost:5022
1959776:M 02 Jan 2024 19:54:15.735 * <raft> Raft state after loading log: log_count=4, first_idx=1, current_idx=4, last_applied_idx=0
1959776:M 02 Jan 2024 19:54:15.735 . <raft> Raft term=1, vote=-1
1959776:M 02 Jan 2024 19:54:16.136 * <raft> State change: Election starting, node is now a pre-candidate, term 1
1959776:M 02 Jan 2024 19:54:16.136 * <raft> Cluster Membership: term:1 index:4 nodes: id=3,voting=0,active=1,addr=- id=1,voting=1,active=1,addr=localhost:5021 id=2,voting=0,active=1,addr=localhost:5022
1959776:M 02 Jan 2024 19:54:16.438 * <raft> State change: Election starting, node is now a pre-candidate, term 1
1959776:M 02 Jan 2024 19:54:16.438 * <raft> Cluster Membership: term:1 index:4 nodes: id=3,voting=0,active=1,addr=- id=1,voting=1,active=1,addr=localhost:5021 id=2,voting=0,active=1,addr=localhost:5022
1959776:M 02 Jan 2024 19:54:16.492 * <raft> State change: Node is now a candidate, term 2
1959776:M 02 Jan 2024 19:54:16.492 * <raft> Cluster Membership: term:2 index:4 nodes: id=3,voting=0,active=1,addr=- id=1,voting=1,active=1,addr=localhost:5021 id=2,voting=0,active=1,addr=localhost:5022
1959776:signal-handler (1704221656) Received SIGINT scheduling shutdown...
1959776:signal-handler (1704221656) You insist... exiting now.

----- Stderr -----
libgcov profiling error:/home/snagendra/Fuzzing/redisraft-fuzzing/build/deps/raft/CMakeFiles/raft.dir/src/raft_server.c.gcda:Merge mismatch for function 51
libgcov profiling error:/home/snagendra/Fuzzing/redisraft-fuzzing/build/deps/raft/CMakeFiles/raft.dir/src/raft_server.c.gcda:Merge mismatch for function 51



