logs for node: 1

----- Stdout -----
669455:C 02 Jan 2024 21:36:23.128 # WARNING Memory overcommit must be enabled! Without it, a background save or replication may fail under low memory condition. Being disabled, it can also cause failures without low memory condition, see https://github.com/jemalloc/jemalloc/issues/1328. To fix this issue add 'vm.overcommit_memory = 1' to /etc/sysctl.conf and then reboot or run the command 'sysctl vm.overcommit_memory=1' for this to take effect.
669455:C 02 Jan 2024 21:36:23.128 * oO0OoO0OoO0Oo Redis is starting oO0OoO0OoO0Oo
669455:C 02 Jan 2024 21:36:23.128 * Redis version=255.255.255, bits=64, commit=e04ebdb8, modified=1, pid=669455, just started
669455:C 02 Jan 2024 21:36:23.128 * Configuration loaded
669455:M 02 Jan 2024 21:36:23.128 * monotonic clock: POSIX clock_gettime
669455:M 02 Jan 2024 21:36:23.129 * Running mode=standalone, port=5071.
669455:M 02 Jan 2024 21:36:23.136 * <raft> RedisRaft version 255.255.255 [b779b199]
669455:M 02 Jan 2024 21:36:23.140 * <raft> Initializing test network
669455:M 02 Jan 2024 21:36:23.141 * <raft> Created test network client
669455:M 02 Jan 2024 21:36:23.142 * <raft> Raft module loaded, state is 'uninitialized'
669455:M 02 Jan 2024 21:36:23.142 * Module 'raft' loaded from /home/snagendra/Fuzzing/redisraft-fuzzing/redisraft.so
669455:M 02 Jan 2024 21:36:23.142 * Server initialized
669455:M 02 Jan 2024 21:36:23.143 . The AOF directory appendonlydir doesn't exist
669455:M 02 Jan 2024 21:36:23.143 * Ready to accept connections tcp
669455:M 02 Jan 2024 21:36:23.143 . 0 clients connected (0 replicas), 1726192 bytes in use
669455:M 02 Jan 2024 21:36:23.159 - Accepted 127.0.0.1:45672
669455:M 02 Jan 2024 21:36:23.159 # Missing implement of connection type tls
669455:M 02 Jan 2024 21:36:23.165 * <raft> Cluster Membership: term:0 index:0 nodes: id=1,voting=0,active=1,addr=-
669455:M 02 Jan 2024 21:36:23.170 * <raft> State change: Node is now a leader, term 1
669455:M 02 Jan 2024 21:36:23.170 * <raft> Cluster Membership: term:1 index:1 nodes: id=1,voting=0,active=1,addr=-
669455:M 02 Jan 2024 21:36:23.170 * <raft> Test network starting message polling thread
669455:M 02 Jan 2024 21:36:23.171 * <raft> Raft Cluster initialized, node id: 1, dbid: d3b516469fed24c64ff1e41c961a5d49
669455:M 02 Jan 2024 21:36:23.289 - Accepted 127.0.0.1:45676
669455:M 02 Jan 2024 21:36:23.290 * <raft> Cluster Membership: term:1 index:3 nodes: id=1,voting=1,active=1,addr=- id=2,voting=0,active=1,addr=localhost:5072
669455:M 02 Jan 2024 21:36:23.297 - Client closed connection id=9 addr=127.0.0.1:45676 laddr=127.0.0.1:5071 fd=12 name= age=0 idle=0 flags=N db=0 sub=0 psub=0 ssub=0 multi=-1 qbuf=0 qbuf-free=20474 argv-mem=0 multi-mem=0 rbs=16384 rbp=16384 obl=0 oll=0 omem=0 tot-mem=37760 events=r cmd=raft.node user=default redir=-1 resp=2 lib-name= lib-ver=
669455:M 02 Jan 2024 21:36:23.414 - Accepted 127.0.0.1:45680
669455:M 02 Jan 2024 21:36:23.415 * <raft> Cluster Membership: term:1 index:4 nodes: id=1,voting=1,active=1,addr=- id=2,voting=0,active=1,addr=localhost:5072 id=3,voting=0,active=1,addr=localhost:5073
669455:M 02 Jan 2024 21:36:23.422 - Client closed connection id=10 addr=127.0.0.1:45680 laddr=127.0.0.1:5071 fd=13 name= age=0 idle=0 flags=N db=0 sub=0 psub=0 ssub=0 multi=-1 qbuf=0 qbuf-free=20474 argv-mem=0 multi-mem=0 rbs=16384 rbp=16384 obl=0 oll=0 omem=0 tot-mem=37760 events=r cmd=raft.node user=default redir=-1 resp=2 lib-name= lib-ver=
669455:M 02 Jan 2024 21:36:23.515 - Accepted 127.0.0.1:45694
669455:M 02 Jan 2024 21:36:23.590 - Accepted 127.0.0.1:45696
669455:M 02 Jan 2024 21:36:23.637 * <raft> node:2 has sufficient logs, adding as voting node.
669455:M 02 Jan 2024 21:36:23.679 - Client closed connection id=11 addr=127.0.0.1:45694 laddr=127.0.0.1:5071 fd=14 name= age=0 idle=0 flags=N db=0 sub=0 psub=0 ssub=0 multi=-1 qbuf=0 qbuf-free=20474 argv-mem=0 multi-mem=0 rbs=1024 rbp=0 obl=0 oll=0 omem=0 tot-mem=22400 events=r cmd=auth user=default redir=-1 resp=2 lib-name= lib-ver=
669455:signal-handler (1704227783) Received SIGINT scheduling shutdown...
669455:signal-handler (1704227783) You insist... exiting now.


=== REDIS BUG REPORT START: Cut & paste starting from here ===
669455:M 02 Jan 2024 21:36:23.845 # Redis 255.255.255 crashed by signal: 11, si_code: 1
669455:M 02 Jan 2024 21:36:23.845 # Accessing address: 0x18
669455:M 02 Jan 2024 21:36:23.845 # Crashed running the instruction at: 0x7fb0f8da00b0

------ STACK TRACE ------
EIP:
/lib/x86_64-linux-gnu/libc.so.6(__pthread_rwlock_wrlock+0x0)[0x7fb0f8da00b0]

Backtrace:
/lib/x86_64-linux-gnu/libc.so.6(+0x3bfd0)[0x7fb0f8d4cfd0]
/lib/x86_64-linux-gnu/libc.so.6(__pthread_rwlock_wrlock+0x0)[0x7fb0f8da00b0]
/lib/x86_64-linux-gnu/libcrypto.so.3(CRYPTO_THREAD_write_lock+0x9)[0x7fb0f703df49]
/lib/x86_64-linux-gnu/libcrypto.so.3(ENGINE_get_first+0x3a)[0x7fb0f6fe408a]
/lib/x86_64-linux-gnu/libcrypto.so.3(ENGINE_register_all_complete+0x6)[0x7fb0f6fe3486]
/lib/x86_64-linux-gnu/libssh2.so.1(libssh2_init+0x39)[0x7fb0f7af2389]
/lib/x86_64-linux-gnu/libcurl-gnutls.so.4(+0x8146b)[0x7fb0f7bd646b]
/lib/x86_64-linux-gnu/libcurl-gnutls.so.4(+0x22125)[0x7fb0f7b77125]
/lib/x86_64-linux-gnu/libcurl-gnutls.so.4(curl_global_init+0x3a)[0x7fb0f7b7722a]
/home/snagendra/Fuzzing/redisraft-fuzzing/redisraft.so(redis_test_http_do+0x2c)[0x7fb0f8cd086c]
/home/snagendra/Fuzzing/redisraft-fuzzing/redisraft.so(redis_test_http_post+0x26)[0x7fb0f8cd0a86]
/home/snagendra/Fuzzing/redisraft-fuzzing/redisraft.so(redis_test_send_message+0x9d)[0x7fb0f8ccfefd]
/home/snagendra/Fuzzing/redisraft-fuzzing/redisraft.so(testNetworkSendAppendEntries+0x6a)[0x7fb0f8cb919a]
/home/snagendra/Fuzzing/redisraft-fuzzing/redisraft.so(raft_send_appendentries+0x1ea)[0x7fb0f8cc1baa]
/home/snagendra/Fuzzing/redisraft-fuzzing/redisraft.so(raft_send_appendentries_all+0x4d)[0x7fb0f8cc1e8d]
/home/snagendra/Fuzzing/redisraft-fuzzing/redisraft.so(raft_periodic_internal+0x240)[0x7fb0f8cc47e0]
/home/snagendra/Fuzzing/redisraft-fuzzing/redisraft.so(raft_periodic+0x18)[0x7fb0f8cc4868]
/home/snagendra/Fuzzing/redisraft-fuzzing/redisraft.so(+0x2b765)[0x7fb0f8caf765]
/home/snagendra/Fuzzing/redis/src/redis-server 0.0.0.0:5071(moduleTimerHandler+0x21c)[0x557cd6fc498c]
/home/snagendra/Fuzzing/redis/src/redis-server 0.0.0.0:5071(+0x81705)[0x557cd6ece705]
/home/snagendra/Fuzzing/redis/src/redis-server 0.0.0.0:5071(aeMain+0x1c8)[0x557cd6ed8cb8]
/home/snagendra/Fuzzing/redis/src/redis-server 0.0.0.0:5071(main+0x3cd)[0x557cd6ecde2d]
/lib/x86_64-linux-gnu/libc.so.6(+0x271ca)[0x7fb0f8d381ca]
/lib/x86_64-linux-gnu/libc.so.6(__libc_start_main+0x85)[0x7fb0f8d38285]
/home/snagendra/Fuzzing/redis/src/redis-server 0.0.0.0:5071(_start+0x2a)[0x557cd6ece5aa]

------ REGISTERS ------
669455:M 02 Jan 2024 21:36:23.846 # 
RAX:0000000000000001 RBX:0000557cd77a0ba0
RCX:0000000000000000 RDX:0000000000000000
RDI:0000000000000000 RSI:0000000000000000
RBP:00007fb0f727e638 RSP:00007fff3570d718
R8 :0000000000000000 R9 :0000000000000000
R10:0000000000000000 R11:0000000000000000
R12:00007fff3570d810 R13:0000557cd7768c70
R14:0000000000000006 R15:0000000000000001
RIP:00007fb0f8da00b0 EFL:0000000000010202
CSGSFS:002b000000000033
669455:M 02 Jan 2024 21:36:23.846 # (00007fff3570d727) -> 0000557cd77a0ba0
669455:M 02 Jan 2024 21:36:23.846 # (00007fff3570d726) -> 00007fb0f7b77125
669455:M 02 Jan 2024 21:36:23.846 # (00007fff3570d725) -> 0000000000000001
669455:M 02 Jan 2024 21:36:23.846 # (00007fff3570d724) -> 00007fb0f7bd646b
669455:M 02 Jan 2024 21:36:23.846 # (00007fff3570d723) -> 0000557cd7768c70
669455:M 02 Jan 2024 21:36:23.846 # (00007fff3570d722) -> 000000003570d810
669455:M 02 Jan 2024 21:36:23.846 # (00007fff3570d721) -> 0000557cd779eb30
669455:M 02 Jan 2024 21:36:23.846 # (00007fff3570d720) -> 00007fb0f7af2389
669455:M 02 Jan 2024 21:36:23.846 # (00007fff3570d71f) -> 0000557cd77a0ba0
669455:M 02 Jan 2024 21:36:23.846 # (00007fff3570d71e) -> 00007fb0f6fe3486
669455:M 02 Jan 2024 21:36:23.846 # (00007fff3570d71d) -> 0000557cd779eb30
669455:M 02 Jan 2024 21:36:23.846 # (00007fff3570d71c) -> 0000557cd77a0ba0
669455:M 02 Jan 2024 21:36:23.846 # (00007fff3570d71b) -> 00007fff3570d810
669455:M 02 Jan 2024 21:36:23.846 # (00007fff3570d71a) -> 00007fb0f6fe408a
669455:M 02 Jan 2024 21:36:23.846 # (00007fff3570d719) -> 0000557cd77a0ba0
669455:M 02 Jan 2024 21:36:23.846 # (00007fff3570d718) -> 00007fb0f703df49

------ INFO OUTPUT ------
# Server
redis_version:255.255.255
redis_git_sha1:e04ebdb8
redis_git_dirty:1
redis_build_id:1f78dcc7b4fbdd25
redis_mode:standalone
os:Linux 6.1.60.1.amd64-smp x86_64
arch_bits:64
monotonic_clock:POSIX clock_gettime
multiplexing_api:epoll
atomicvar_api:c11-builtin
gcc_version:10.2.1
process_id:669455
process_supervised:no
run_id:e10cbcfd25176e824c2e87f26eaa064fda2d521d
tcp_port:5071
server_time_usec:1704227783845534
uptime_in_seconds:0
uptime_in_days:0
hz:10
configured_hz:10
lru_clock:9728967
executable:/home/snagendra/Fuzzing/redis/src/redis-server
config_file:
io_threads_active:0
listener0:name=tcp,bind=0.0.0.0,port=5071

# Clients
connected_clients:2
cluster_connections:0
maxclients:10000
client_recent_max_input_buffer:20515
client_recent_max_output_buffer:0
blocked_clients:1
tracking_clients:0
clients_in_timeout_table:0
total_blocking_keys:0
total_blocking_keys_on_nokey:0

# Memory
used_memory:1928248
used_memory_human:1.84M
used_memory_rss:18460672
used_memory_rss_human:17.61M
used_memory_peak:1978704
used_memory_peak_human:1.89M
used_memory_peak_perc:97.45%
used_memory_overhead:1771067
used_memory_startup:1726048
used_memory_dataset:157181
used_memory_dataset_perc:77.74%
allocator_allocated:2593840
allocator_active:3203072
allocator_resident:11272192
total_system_memory:270388695040
total_system_memory_human:251.82G
used_memory_lua:31744
used_memory_vm_eval:31744
used_memory_lua_human:31.00K
used_memory_scripts_eval:0
number_of_cached_scripts:0
number_of_functions:0
number_of_libraries:0
used_memory_vm_functions:32768
used_memory_vm_total:64512
used_memory_vm_total_human:63.00K
used_memory_functions:184
used_memory_scripts:184
used_memory_scripts_human:184B
maxmemory:0
maxmemory_human:0B
maxmemory_policy:noeviction
allocator_frag_ratio:1.23
allocator_frag_bytes:609232
allocator_rss_ratio:3.52
allocator_rss_bytes:8069120
rss_overhead_ratio:1.64
rss_overhead_bytes:7188480
mem_fragmentation_ratio:9.51
mem_fragmentation_bytes:16519024
mem_not_counted_for_evict:0
mem_replication_backlog:0
mem_total_replication_buffers:0
mem_clients_slaves:0
mem_clients_normal:44835
mem_cluster_links:0
mem_aof_buffer:0
mem_allocator:jemalloc-5.3.0
active_defrag_running:0
lazyfree_pending_objects:0
lazyfreed_objects:0

# Persistence
loading:0
async_loading:0
current_cow_peak:0
current_cow_size:0
current_cow_size_age:0
current_fork_perc:0.00
current_save_keys_processed:0
current_save_keys_total:0
rdb_changes_since_last_save:0
rdb_bgsave_in_progress:0
rdb_last_save_time:1704227783
rdb_last_bgsave_status:ok
rdb_last_bgsave_time_sec:-1
rdb_current_bgsave_time_sec:-1
rdb_saves:0
rdb_last_cow_size:0
rdb_last_load_keys_expired:0
rdb_last_load_keys_loaded:0
aof_enabled:0
aof_rewrite_in_progress:0
aof_rewrite_scheduled:0
aof_last_rewrite_time_sec:-1
aof_current_rewrite_time_sec:-1
aof_last_bgrewrite_status:ok
aof_rewrites:0
aof_rewrites_consecutive_failures:0
aof_last_write_status:ok
aof_last_cow_size:0
module_fork_in_progress:0
module_fork_last_cow_size:0

# Stats
total_connections_received:5
total_commands_processed:16
instantaneous_ops_per_sec:31
total_net_input_bytes:448
total_net_output_bytes:427
total_net_repl_input_bytes:0
total_net_repl_output_bytes:0
instantaneous_input_kbps:0.27
instantaneous_output_kbps:0.26
instantaneous_input_repl_kbps:0.00
instantaneous_output_repl_kbps:0.00
rejected_connections:0
sync_full:0
sync_partial_ok:0
sync_partial_err:0
expired_keys:0
expired_stale_perc:0.00
expired_time_cap_reached_count:0
expire_cycle_cpu_milliseconds:0
evicted_keys:0
evicted_clients:0
total_eviction_exceeded_time:0
current_eviction_exceeded_time:0
keyspace_hits:0
keyspace_misses:0
pubsub_channels:0
pubsub_patterns:0
pubsubshard_channels:0
latest_fork_usec:0
total_forks:0
migrate_cached_sockets:0
slave_expires_tracked_keys:0
active_defrag_hits:0
active_defrag_misses:0
active_defrag_key_hits:0
active_defrag_key_misses:0
total_active_defrag_time:0
current_active_defrag_time:0
tracking_total_keys:0
tracking_total_items:0
tracking_total_prefixes:0
unexpected_error_replies:0
total_error_replies:0
dump_payload_sanitizations:0
total_reads_processed:14
total_writes_processed:10
io_threaded_reads_processed:0
io_threaded_writes_processed:0
reply_buffer_shrinks:3
reply_buffer_expands:0
acl_access_denied_auth:0
acl_access_denied_cmd:0
acl_access_denied_key:0
acl_access_denied_channel:0

# Replication
role:master
connected_slaves:0
master_failover_state:no-failover
master_replid:c62f53e62cd8767caa88a4f96b2ab57ec5a713c1
master_replid2:0000000000000000000000000000000000000000
master_repl_offset:0
second_repl_offset:-1
repl_backlog_active:0
repl_backlog_size:1048576
repl_backlog_first_byte_offset:0
repl_backlog_histlen:0

# CPU
used_cpu_sys:0.052829
used_cpu_user:0.020350
used_cpu_sys_children:0.000000
used_cpu_user_children:0.000000
used_cpu_sys_main_thread:0.015759
used_cpu_user_main_thread:0.009455

# Modules
module:name=raft,ver=1,api=1,filters=1,usedby=[],using=[],options=[]

# Commandstats
cmdstat_hello:calls=1,usec=4,usec_per_call=4.00,rejected_calls=0,failed_calls=0
cmdstat_client|setinfo:calls=2,usec=0,usec_per_call=0.00,rejected_calls=0,failed_calls=0
cmdstat_raft.cluster:calls=1,usec=11609,usec_per_call=11609.00,rejected_calls=0,failed_calls=0
cmdstat_config|set:calls=1,usec=8,usec_per_call=8.00,rejected_calls=0,failed_calls=0
cmdstat_config|get:calls=3,usec=4,usec_per_call=1.33,rejected_calls=0,failed_calls=0
cmdstat_auth:calls=4,usec=7,usec_per_call=1.75,rejected_calls=0,failed_calls=0
cmdstat_raft.node:calls=2,usec=1186,usec_per_call=593.00,rejected_calls=0,failed_calls=0
cmdstat_command:calls=2,usec=1568,usec_per_call=784.00,rejected_calls=0,failed_calls=0

# Errorstats

# Latencystats
latency_percentiles_usec_hello:p50=4.015,p99=4.015,p99.9=4.015
latency_percentiles_usec_client|setinfo:p50=0.001,p99=0.001,p99.9=0.001
latency_percentiles_usec_raft.cluster:p50=11665.407,p99=11665.407,p99.9=11665.407
latency_percentiles_usec_config|set:p50=8.031,p99=8.031,p99.9=8.031
latency_percentiles_usec_config|get:p50=1.003,p99=2.007,p99.9=2.007
latency_percentiles_usec_auth:p50=2.007,p99=2.007,p99.9=2.007
latency_percentiles_usec_raft.node:p50=565.247,p99=622.591,p99.9=622.591
latency_percentiles_usec_command:p50=720.895,p99=851.967,p99.9=851.967

# Cluster
cluster_enabled:0

# Keyspace

------ CLIENT LIST OUTPUT ------
id=8 addr=127.0.0.1:45672 laddr=127.0.0.1:5071 fd=9 name= age=0 idle=0 flags=b db=0 sub=0 psub=0 ssub=0 multi=-1 qbuf=0 qbuf-free=20474 argv-mem=11 multi-mem=0 rbs=1024 rbp=0 obl=0 oll=0 omem=0 tot-mem=22435 events=r cmd=raft user=default redir=-1 resp=3 lib-name=go-redis(,go1.21.4) lib-ver=9.2.1
id=12 addr=127.0.0.1:45696 laddr=127.0.0.1:5071 fd=15 name= age=0 idle=0 flags=N db=0 sub=0 psub=0 ssub=0 multi=-1 qbuf=0 qbuf-free=20474 argv-mem=0 multi-mem=0 rbs=1024 rbp=0 obl=0 oll=0 omem=0 tot-mem=22400 events=r cmd=auth user=default redir=-1 resp=2 lib-name= lib-ver=

------ MODULES INFO OUTPUT ------
# raft_version
raft_version:255.255.255
raft_git_sha1:b779b199

# raft_general
raft_dbid:d3b516469fed24c64ff1e41c961a5d49
raft_node_id:1
raft_state:up
raft_role:leader
raft_is_voting:yes
raft_voted_for:-1
raft_leader_id:1
raft_current_term:1
raft_num_nodes:3
raft_num_voting_nodes:2
raft_node1:id=2,state=connected,voting=yes,addr=localhost,port=5072,last_conn_secs=0,conn_errors=0,conn_oks=1
raft_node2:id=3,state=connect_error,voting=no,addr=localhost,port=5073,last_conn_secs=0,conn_errors=1,conn_oks=1

# raft_log
raft_log_entries:6
raft_current_index:6
raft_commit_index:4
raft_last_applied_index:4
raft_file_size:1639
raft_cache_memory_size:1427
raft_cache_entries:6
raft_client_attached_entries:1
raft_fsync_count:1
raft_fsync_max_microseconds:8
raft_entry1:term=1,id=0,data_len=0
raft_entry2:term=1,id=198954829,data_len=264
raft_entry3:term=1,id=648250199,data_len=264
raft_entry4:term=1,id=1985314170,data_len=264
raft_entry5:term=1,id=1445925511,data_len=264
raft_fsync_avg_microseconds:8

# raft_snapshot
raft_snapshot_filename:redis1.rdb
raft_snapshot_last_idx:0
raft_snapshot_last_term:0
raft_snapshot_size:0
raft_snapshot_time_secs:-1
raft_snapshots_created:0
raft_snapshots_received:0
raft_snapshot_in_progress:no
raft_snapshot_in_progress_last_idx:-1
raft_snapshot_in_progress_last_term:-1

# raft_clients
raft_proxy_reqs:0
raft_proxy_failed_reqs:0
raft_proxy_failed_responses:0
raft_proxy_outstanding_reqs:0

# raft_stats
raft_appendreq_received:0
raft_appendreq_with_entry_received:0
raft_snapshotreq_received:0
raft_exec_throttled:0
raft_num_sessions:0

------ CONFIG DEBUG OUTPUT ------
slave-read-only yes
replica-read-only yes
io-threads-do-reads no
lazyfree-lazy-server-del no
lazyfree-lazy-user-del no
repl-diskless-load disabled
lazyfree-lazy-eviction no
repl-diskless-sync yes
proto-max-bulk-len 512mb
io-threads 1
lazyfree-lazy-expire no
client-query-buffer-limit 1gb
activedefrag no
sanitize-dump-payload no
list-compress-depth 0
lazyfree-lazy-user-flush no

------ FAST MEMORY TEST ------
669455:M 02 Jan 2024 21:36:23.847 # Bio worker thread #0 terminated
669455:M 02 Jan 2024 21:36:23.847 # Bio worker thread #1 terminated
669455:M 02 Jan 2024 21:36:23.847 # Bio worker thread #2 terminated
*** Preparing to test memory region 557cd71a4000 (2273280 bytes)
*** Preparing to test memory region 557cd773d000 (540672 bytes)
*** Preparing to test memory region 7fb0cc000000 (135168 bytes)
*** Preparing to test memory region 7fb0d0000000 (135168 bytes)
*** Preparing to test memory region 7fb0d4000000 (135168 bytes)
*** Preparing to test memory region 7fb0d8000000 (135168 bytes)
*** Preparing to test memory region 7fb0dc000000 (135168 bytes)
*** Preparing to test memory region 7fb0e0000000 (135168 bytes)
*** Preparing to test memory region 7fb0e4000000 (135168 bytes)
*** Preparing to test memory region 7fb0e8400000 (8388608 bytes)
*** Preparing to test memory region 7fb0e95fe000 (8388608 bytes)
*** Preparing to test memory region 7fb0e9dff000 (8388608 bytes)
*** Preparing to test memory region 7fb0ea600000 (8388608 bytes)
*** Preparing to test memory region 7fb0eae00000 (4194304 bytes)
*** Preparing to test memory region 7fb0eb400000 (8388608 bytes)
*** Preparing to test memory region 7fb0ebc00000 (2097152 bytes)
*** Preparing to test memory region 7fb0ebfff000 (8388608 bytes)
*** Preparing to test memory region 7fb0ec800000 (8388608 bytes)
*** Preparing to test memory region 7fb0ed000000 (6291456 bytes)
*** Preparing to test memory region 7fb0ed7fc000 (8388608 bytes)
*** Preparing to test memory region 7fb0edffd000 (8388608 bytes)
*** Preparing to test memory region 7fb0ee7fe000 (8388608 bytes)
*** Preparing to test memory region 7fb0eefff000 (8388608 bytes)
*** Preparing to test memory region 7fb0ef800000 (8388608 bytes)
*** Preparing to test memory region 7fb0f0000000 (135168 bytes)
*** Preparing to test memory region 7fb0f4038000 (2097152 bytes)
*** Preparing to test memory region 7fb0f426e000 (8388608 bytes)
*** Preparing to test memory region 7fb0f4a6f000 (8388608 bytes)
*** Preparing to test memory region 7fb0f5270000 (8388608 bytes)
*** Preparing to test memory region 7fb0f5a71000 (8388608 bytes)
*** Preparing to test memory region 7fb0f6272000 (8388608 bytes)
*** Preparing to test memory region 7fb0f6a72000 (2621440 bytes)
*** Preparing to test memory region 7fb0f6d01000 (8192 bytes)
*** Preparing to test memory region 7fb0f727f000 (12288 bytes)
*** Preparing to test memory region 7fb0f77fe000 (8192 bytes)
*** Preparing to test memory region 7fb0f7a18000 (16384 bytes)
*** Preparing to test memory region 7fb0f8400000 (8388608 bytes)
*** Preparing to test memory region 7fb0f8c5c000 (4096 bytes)
*** Preparing to test memory region 7fb0f8c82000 (8192 bytes)
*** Preparing to test memory region 7fb0f8d06000 (45056 bytes)
*** Preparing to test memory region 7fb0f8ee5000 (53248 bytes)
*** Preparing to test memory region 7fb0f9002000 (8192 bytes)
.669770:C 02 Jan 2024 21:36:23.884 # WARNING Memory overcommit must be enabled! Without it, a background save or replication may fail under low memory condition. Being disabled, it can also cause failures without low memory condition, see https://github.com/jemalloc/jemalloc/issues/1328. To fix this issue add 'vm.overcommit_memory = 1' to /etc/sysctl.conf and then reboot or run the command 'sysctl vm.overcommit_memory=1' for this to take effect.
669770:C 02 Jan 2024 21:36:23.884 * oO0OoO0OoO0Oo Redis is starting oO0OoO0OoO0Oo
669770:C 02 Jan 2024 21:36:23.884 * Redis version=255.255.255, bits=64, commit=e04ebdb8, modified=1, pid=669770, just started
669770:C 02 Jan 2024 21:36:23.884 * Configuration loaded
669770:M 02 Jan 2024 21:36:23.885 * monotonic clock: POSIX clock_gettime
669770:M 02 Jan 2024 21:36:23.885 * Running mode=standalone, port=5071.
669770:M 02 Jan 2024 21:36:23.893 * <raft> RedisRaft version 255.255.255 [b779b199]
669770:M 02 Jan 2024 21:36:23.897 * <raft> Initializing test network
669770:M 02 Jan 2024 21:36:23.898 * <raft> Created test network client
669770:M 02 Jan 2024 21:36:23.902 * <raft> Raft module loaded, state is 'loading'
669770:M 02 Jan 2024 21:36:23.902 * Module 'raft' loaded from /home/snagendra/Fuzzing/redisraft-fuzzing/redisraft.so
669770:M 02 Jan 2024 21:36:23.903 * Server initialized
669770:M 02 Jan 2024 21:36:23.903 . The AOF directory appendonlydir doesn't exist
669770:M 02 Jan 2024 21:36:23.903 * Ready to accept connections tcp
669770:M 02 Jan 2024 21:36:23.903 . 0 clients connected (0 replicas), 1746688 bytes in use
669770:M 02 Jan 2024 21:36:23.923 - Accepted 127.0.0.1:45726
669770:M 02 Jan 2024 21:36:23.923 # Missing implement of connection type tls
669770:M 02 Jan 2024 21:36:23.992 - Accepted 127.0.0.1:45742
669770:M 02 Jan 2024 21:36:24.003 * <raft> Loading: Redis loading complete, snapshot NOT LOADED
669770:M 02 Jan 2024 21:36:24.003 * <raft> Cluster Membership: term:0 index:0 nodes: id=1,voting=0,active=1,addr=-
669770:M 02 Jan 2024 21:36:24.003 * <raft> Test network starting message polling thread
669770:M 02 Jan 2024 21:36:24.004 * <raft> Cluster Membership: term:0 index:6 nodes: id=1,voting=1,active=1,addr=- id=2,voting=0,active=1,addr=localhost:5072
669770:M 02 Jan 2024 21:36:24.004 * <raft> Cluster Membership: term:0 index:6 nodes: id=1,voting=1,active=1,addr=- id=2,voting=0,active=1,addr=localhost:5072 id=3,voting=0,active=1,addr=localhost:5073
669770:M 02 Jan 2024 21:36:24.004 * <raft> Raft state after loading log: log_count=6, first_idx=1, current_idx=6, last_applied_idx=0
669770:M 02 Jan 2024 21:36:24.004 . <raft> Raft term=1, vote=-1
669770:M 02 Jan 2024 21:36:24.405 * <raft> State change: Election starting, node is now a pre-candidate, term 1
669770:M 02 Jan 2024 21:36:24.405 * <raft> Cluster Membership: term:1 index:6 nodes: id=1,voting=1,active=1,addr=- id=2,voting=1,active=1,addr=localhost:5072 id=3,voting=0,active=1,addr=localhost:5073
669770:signal-handler (1704227784) Received SIGINT scheduling shutdown...
669770:signal-handler (1704227784) You insist... exiting now.
670334:C 02 Jan 2024 21:36:25.353 # WARNING Memory overcommit must be enabled! Without it, a background save or replication may fail under low memory condition. Being disabled, it can also cause failures without low memory condition, see https://github.com/jemalloc/jemalloc/issues/1328. To fix this issue add 'vm.overcommit_memory = 1' to /etc/sysctl.conf and then reboot or run the command 'sysctl vm.overcommit_memory=1' for this to take effect.
670334:C 02 Jan 2024 21:36:25.353 * oO0OoO0OoO0Oo Redis is starting oO0OoO0OoO0Oo
670334:C 02 Jan 2024 21:36:25.353 * Redis version=255.255.255, bits=64, commit=e04ebdb8, modified=1, pid=670334, just started
670334:C 02 Jan 2024 21:36:25.353 * Configuration loaded
670334:M 02 Jan 2024 21:36:25.354 * monotonic clock: POSIX clock_gettime
670334:M 02 Jan 2024 21:36:25.354 * Running mode=standalone, port=5071.
670334:M 02 Jan 2024 21:36:25.361 * <raft> RedisRaft version 255.255.255 [b779b199]
670334:M 02 Jan 2024 21:36:25.366 * <raft> Initializing test network
670334:M 02 Jan 2024 21:36:25.366 * <raft> Created test network client
670334:M 02 Jan 2024 21:36:25.370 * <raft> Raft module loaded, state is 'loading'
670334:M 02 Jan 2024 21:36:25.370 * Module 'raft' loaded from /home/snagendra/Fuzzing/redisraft-fuzzing/redisraft.so
670334:M 02 Jan 2024 21:36:25.371 * Server initialized
670334:M 02 Jan 2024 21:36:25.371 . The AOF directory appendonlydir doesn't exist
670334:M 02 Jan 2024 21:36:25.371 * Ready to accept connections tcp
670334:M 02 Jan 2024 21:36:25.371 . 0 clients connected (0 replicas), 1746624 bytes in use
670334:M 02 Jan 2024 21:36:25.401 - Accepted 127.0.0.1:45854
670334:M 02 Jan 2024 21:36:25.401 # Missing implement of connection type tls
670334:M 02 Jan 2024 21:36:25.471 * <raft> Loading: Redis loading complete, snapshot NOT LOADED
670334:M 02 Jan 2024 21:36:25.471 * <raft> Cluster Membership: term:0 index:0 nodes: id=1,voting=0,active=1,addr=-
670334:M 02 Jan 2024 21:36:25.472 * <raft> Test network starting message polling thread
670334:M 02 Jan 2024 21:36:25.472 * <raft> Cluster Membership: term:0 index:6 nodes: id=1,voting=1,active=1,addr=- id=2,voting=0,active=1,addr=localhost:5072
670334:M 02 Jan 2024 21:36:25.472 * <raft> Cluster Membership: term:0 index:6 nodes: id=1,voting=1,active=1,addr=- id=2,voting=0,active=1,addr=localhost:5072 id=3,voting=0,active=1,addr=localhost:5073
670334:M 02 Jan 2024 21:36:25.472 * <raft> Raft state after loading log: log_count=6, first_idx=1, current_idx=6, last_applied_idx=0
670334:M 02 Jan 2024 21:36:25.472 . <raft> Raft term=1, vote=-1
670334:M 02 Jan 2024 21:36:25.686 - Accepted 127.0.0.1:45858
670334:M 02 Jan 2024 21:36:25.746 - Accepted 127.0.0.1:45870
670334:M 02 Jan 2024 21:36:25.873 * <raft> State change: Election starting, node is now a pre-candidate, term 1
670334:M 02 Jan 2024 21:36:25.873 * <raft> Cluster Membership: term:1 index:6 nodes: id=1,voting=1,active=1,addr=- id=2,voting=1,active=1,addr=localhost:5072 id=3,voting=0,active=1,addr=localhost:5073
670334:M 02 Jan 2024 21:36:26.174 * <raft> State change: Election starting, node is now a pre-candidate, term 1
670334:M 02 Jan 2024 21:36:26.174 * <raft> Cluster Membership: term:1 index:6 nodes: id=1,voting=1,active=1,addr=- id=2,voting=1,active=1,addr=localhost:5072 id=3,voting=0,active=1,addr=localhost:5073
670334:M 02 Jan 2024 21:36:26.276 * <raft> State change: Node is now a candidate, term 2
670334:M 02 Jan 2024 21:36:26.277 * <raft> Cluster Membership: term:2 index:6 nodes: id=1,voting=1,active=1,addr=- id=2,voting=1,active=1,addr=localhost:5072 id=3,voting=0,active=1,addr=localhost:5073
670334:signal-handler (1704227786) Received SIGINT scheduling shutdown...
670334:signal-handler (1704227786) You insist... exiting now.
671057:C 02 Jan 2024 21:36:26.466 # WARNING Memory overcommit must be enabled! Without it, a background save or replication may fail under low memory condition. Being disabled, it can also cause failures without low memory condition, see https://github.com/jemalloc/jemalloc/issues/1328. To fix this issue add 'vm.overcommit_memory = 1' to /etc/sysctl.conf and then reboot or run the command 'sysctl vm.overcommit_memory=1' for this to take effect.
671057:C 02 Jan 2024 21:36:26.466 * oO0OoO0OoO0Oo Redis is starting oO0OoO0OoO0Oo
671057:C 02 Jan 2024 21:36:26.466 * Redis version=255.255.255, bits=64, commit=e04ebdb8, modified=1, pid=671057, just started
671057:C 02 Jan 2024 21:36:26.466 * Configuration loaded
671057:M 02 Jan 2024 21:36:26.466 * monotonic clock: POSIX clock_gettime
671057:M 02 Jan 2024 21:36:26.466 * Running mode=standalone, port=5071.
671057:M 02 Jan 2024 21:36:26.473 * <raft> RedisRaft version 255.255.255 [b779b199]
671057:M 02 Jan 2024 21:36:26.477 * <raft> Initializing test network
671057:M 02 Jan 2024 21:36:26.478 * <raft> Created test network client
671057:M 02 Jan 2024 21:36:26.480 * <raft> Raft module loaded, state is 'loading'
671057:M 02 Jan 2024 21:36:26.480 * Module 'raft' loaded from /home/snagendra/Fuzzing/redisraft-fuzzing/redisraft.so
671057:M 02 Jan 2024 21:36:26.481 * Server initialized
671057:M 02 Jan 2024 21:36:26.481 . The AOF directory appendonlydir doesn't exist
671057:M 02 Jan 2024 21:36:26.481 * Ready to accept connections tcp
671057:M 02 Jan 2024 21:36:26.481 . 0 clients connected (0 replicas), 1746688 bytes in use
671057:M 02 Jan 2024 21:36:26.507 - Accepted 127.0.0.1:45888
671057:M 02 Jan 2024 21:36:26.507 # Missing implement of connection type tls
671057:M 02 Jan 2024 21:36:26.550 - Accepted 127.0.0.1:45900
671057:M 02 Jan 2024 21:36:26.568 - Client closed connection id=8 addr=127.0.0.1:45888 laddr=127.0.0.1:5071 fd=11 name= age=0 idle=0 flags=N db=0 sub=0 psub=0 ssub=0 multi=-1 qbuf=0 qbuf-free=20474 argv-mem=0 multi-mem=0 rbs=16384 rbp=16384 obl=0 oll=0 omem=0 tot-mem=37760 events=r cmd=auth user=default redir=-1 resp=2 lib-name= lib-ver=
671057:M 02 Jan 2024 21:36:26.581 * <raft> Loading: Redis loading complete, snapshot NOT LOADED
671057:M 02 Jan 2024 21:36:26.581 * <raft> Cluster Membership: term:0 index:0 nodes: id=1,voting=0,active=1,addr=-
671057:M 02 Jan 2024 21:36:26.582 * <raft> Test network starting message polling thread
671057:M 02 Jan 2024 21:36:26.582 * <raft> Cluster Membership: term:0 index:6 nodes: id=1,voting=1,active=1,addr=- id=2,voting=0,active=1,addr=localhost:5072
671057:M 02 Jan 2024 21:36:26.582 * <raft> Cluster Membership: term:0 index:6 nodes: id=1,voting=1,active=1,addr=- id=2,voting=0,active=1,addr=localhost:5072 id=3,voting=0,active=1,addr=localhost:5073
671057:M 02 Jan 2024 21:36:26.582 * <raft> Raft state after loading log: log_count=6, first_idx=1, current_idx=6, last_applied_idx=0
671057:M 02 Jan 2024 21:36:26.582 . <raft> Raft term=2, vote=1
671057:M 02 Jan 2024 21:36:26.588 - Client closed connection id=9 addr=127.0.0.1:45900 laddr=127.0.0.1:5071 fd=12 name= age=0 idle=0 flags=N db=0 sub=0 psub=0 ssub=0 multi=-1 qbuf=0 qbuf-free=20474 argv-mem=0 multi-mem=0 rbs=16384 rbp=0 obl=0 oll=0 omem=0 tot-mem=37760 events=r cmd=auth user=default redir=-1 resp=2 lib-name= lib-ver=
671057:M 02 Jan 2024 21:36:26.588 # <raft> Redis connection authentication failed: connection died
671057:signal-handler (1704227786) Received SIGINT scheduling shutdown...
671057:signal-handler (1704227786) You insist... exiting now.

----- Stderr -----
libgcov profiling error:/home/snagendra/Fuzzing/redisraft-fuzzing/build/deps/raft/CMakeFiles/raft.dir/src/raft_server_properties.c.gcda:Merge mismatch for function 7
libgcov profiling error:/home/snagendra/Fuzzing/redisraft-fuzzing/build/deps/raft/CMakeFiles/raft.dir/src/raft_server.c.gcda:Merge mismatch for function 51
libgcov profiling error:/home/snagendra/Fuzzing/redisraft-fuzzing/build/deps/raft/CMakeFiles/raft.dir/src/raft_server_properties.c.gcda:Merge mismatch for function 7
libgcov profiling error:/home/snagendra/Fuzzing/redisraft-fuzzing/build/deps/raft/CMakeFiles/raft.dir/src/raft_server.c.gcda:Merge mismatch for function 51
libgcov profiling error:/home/snagendra/Fuzzing/redisraft-fuzzing/build/deps/raft/CMakeFiles/raft.dir/src/raft_server_properties.c.gcda:Merge mismatch for function 7
libgcov profiling error:/home/snagendra/Fuzzing/redisraft-fuzzing/build/deps/raft/CMakeFiles/raft.dir/src/raft_server.c.gcda:Merge mismatch for function 51
libgcov profiling error:/home/snagendra/Fuzzing/redisraft-fuzzing/build/deps/raft/CMakeFiles/raft.dir/src/raft_server_properties.c.gcda:Merge mismatch for function 7
libgcov profiling error:/home/snagendra/Fuzzing/redisraft-fuzzing/build/deps/raft/CMakeFiles/raft.dir/src/raft_server.c.gcda:Merge mismatch for function 51




logs for node: 2

----- Stdout -----
669486:C 02 Jan 2024 21:36:23.173 # WARNING Memory overcommit must be enabled! Without it, a background save or replication may fail under low memory condition. Being disabled, it can also cause failures without low memory condition, see https://github.com/jemalloc/jemalloc/issues/1328. To fix this issue add 'vm.overcommit_memory = 1' to /etc/sysctl.conf and then reboot or run the command 'sysctl vm.overcommit_memory=1' for this to take effect.
669486:C 02 Jan 2024 21:36:23.173 * oO0OoO0OoO0Oo Redis is starting oO0OoO0OoO0Oo
669486:C 02 Jan 2024 21:36:23.173 * Redis version=255.255.255, bits=64, commit=e04ebdb8, modified=1, pid=669486, just started
669486:C 02 Jan 2024 21:36:23.173 * Configuration loaded
669486:M 02 Jan 2024 21:36:23.174 * monotonic clock: POSIX clock_gettime
669486:M 02 Jan 2024 21:36:23.174 * Running mode=standalone, port=5072.
669486:M 02 Jan 2024 21:36:23.181 * <raft> RedisRaft version 255.255.255 [b779b199]
669486:M 02 Jan 2024 21:36:23.186 * <raft> Initializing test network
669486:M 02 Jan 2024 21:36:23.187 * <raft> Created test network client
669486:M 02 Jan 2024 21:36:23.188 * <raft> Raft module loaded, state is 'uninitialized'
669486:M 02 Jan 2024 21:36:23.188 * Module 'raft' loaded from /home/snagendra/Fuzzing/redisraft-fuzzing/redisraft.so
669486:M 02 Jan 2024 21:36:23.189 * Server initialized
669486:M 02 Jan 2024 21:36:23.189 . The AOF directory appendonlydir doesn't exist
669486:M 02 Jan 2024 21:36:23.190 * Ready to accept connections tcp
669486:M 02 Jan 2024 21:36:23.190 . 0 clients connected (0 replicas), 1726320 bytes in use
669486:M 02 Jan 2024 21:36:23.220 - Accepted 127.0.0.1:47402
669486:M 02 Jan 2024 21:36:23.220 # Missing implement of connection type tls
669486:M 02 Jan 2024 21:36:23.289 - <raft> join cluster, connecting to localhost:5071
669486:M 02 Jan 2024 21:36:23.290 * <raft> Joined Raft cluster, node id: 2, dbid: d3b516469fed24c64ff1e41c961a5d49
669486:M 02 Jan 2024 21:36:23.296 * <raft> Cluster Membership: term:0 index:0 nodes: id=2,voting=0,active=1,addr=-
669486:M 02 Jan 2024 21:36:23.297 * <raft> Test network starting message polling thread
669486:M 02 Jan 2024 21:36:23.344 - Accepted 127.0.0.1:47412
669486:M 02 Jan 2024 21:36:23.515 - Accepted 127.0.0.1:47416
669486:M 02 Jan 2024 21:36:23.521 * <raft> Cluster Membership: term:1 index:2 nodes: id=2,voting=0,active=1,addr=- id=1,voting=1,active=1,addr=localhost:5071
669486:M 02 Jan 2024 21:36:23.607 * <raft> Cluster Membership: term:1 index:4 nodes: id=2,voting=0,active=1,addr=- id=1,voting=1,active=1,addr=localhost:5071 id=3,voting=0,active=1,addr=localhost:5073
669486:M 02 Jan 2024 21:36:23.679 - Client closed connection id=10 addr=127.0.0.1:47416 laddr=127.0.0.1:5072 fd=13 name= age=0 idle=0 flags=N db=0 sub=0 psub=0 ssub=0 multi=-1 qbuf=0 qbuf-free=20474 argv-mem=0 multi-mem=0 rbs=16384 rbp=0 obl=0 oll=0 omem=0 tot-mem=37760 events=r cmd=auth user=default redir=-1 resp=2 lib-name= lib-ver=
669486:M 02 Jan 2024 21:36:23.851 - Client closed connection id=9 addr=127.0.0.1:47412 laddr=127.0.0.1:5072 fd=10 name= age=0 idle=0 flags=N db=0 sub=0 psub=0 ssub=0 multi=-1 qbuf=0 qbuf-free=20474 argv-mem=0 multi-mem=0 rbs=1024 rbp=0 obl=0 oll=0 omem=0 tot-mem=22400 events=r cmd=auth user=default redir=-1 resp=2 lib-name= lib-ver=
669486:M 02 Jan 2024 21:36:24.005 - Accepted 127.0.0.1:47426
669486:M 02 Jan 2024 21:36:24.092 * <raft> State change: Election starting, node is now a pre-candidate, term 1
669486:M 02 Jan 2024 21:36:24.092 * <raft> Cluster Membership: term:1 index:5 nodes: id=2,voting=1,active=1,addr=- id=1,voting=1,active=1,addr=localhost:5071 id=3,voting=0,active=1,addr=localhost:5073
669486:M 02 Jan 2024 21:36:24.096 * <raft> State change: Node is now a follower, term 1
669486:M 02 Jan 2024 21:36:24.096 * <raft> Cluster Membership: term:1 index:5 nodes: id=2,voting=1,active=1,addr=- id=1,voting=1,active=1,addr=localhost:5071 id=3,voting=0,active=1,addr=localhost:5073
669486:M 02 Jan 2024 21:36:24.394 * <raft> State change: Election starting, node is now a pre-candidate, term 1
669486:M 02 Jan 2024 21:36:24.394 * <raft> Cluster Membership: term:1 index:6 nodes: id=2,voting=1,active=1,addr=- id=1,voting=1,active=1,addr=localhost:5071 id=3,voting=0,active=1,addr=localhost:5073
669486:M 02 Jan 2024 21:36:24.598 - Client closed connection id=11 addr=127.0.0.1:47426 laddr=127.0.0.1:5072 fd=10 name= age=0 idle=0 flags=N db=0 sub=0 psub=0 ssub=0 multi=-1 qbuf=0 qbuf-free=20474 argv-mem=0 multi-mem=0 rbs=1024 rbp=0 obl=0 oll=0 omem=0 tot-mem=22400 events=r cmd=auth user=default redir=-1 resp=2 lib-name= lib-ver=
669486:M 02 Jan 2024 21:36:24.614 - Accepted 127.0.0.1:47436
669486:M 02 Jan 2024 21:36:24.696 * <raft> State change: Election starting, node is now a pre-candidate, term 1
669486:M 02 Jan 2024 21:36:24.696 * <raft> Cluster Membership: term:1 index:6 nodes: id=2,voting=1,active=1,addr=- id=1,voting=1,active=1,addr=localhost:5071 id=3,voting=0,active=1,addr=localhost:5073
669486:M 02 Jan 2024 21:36:24.771 - Client closed connection id=12 addr=127.0.0.1:47436 laddr=127.0.0.1:5072 fd=10 name= age=0 idle=0 flags=N db=0 sub=0 psub=0 ssub=0 multi=-1 qbuf=0 qbuf-free=20474 argv-mem=0 multi-mem=0 rbs=16384 rbp=0 obl=0 oll=0 omem=0 tot-mem=37760 events=r cmd=auth user=default redir=-1 resp=2 lib-name= lib-ver=
669486:M 02 Jan 2024 21:36:24.997 * <raft> State change: Election starting, node is now a pre-candidate, term 1
669486:M 02 Jan 2024 21:36:24.997 * <raft> Cluster Membership: term:1 index:6 nodes: id=2,voting=1,active=1,addr=- id=1,voting=1,active=1,addr=localhost:5071 id=3,voting=0,active=1,addr=localhost:5073
669486:M 02 Jan 2024 21:36:25.399 * <raft> State change: Election starting, node is now a pre-candidate, term 1
669486:M 02 Jan 2024 21:36:25.399 * <raft> Cluster Membership: term:1 index:6 nodes: id=2,voting=1,active=1,addr=- id=1,voting=1,active=1,addr=localhost:5071 id=3,voting=0,active=1,addr=localhost:5073
669486:M 02 Jan 2024 21:36:25.473 - Accepted 127.0.0.1:47440
669486:M 02 Jan 2024 21:36:25.701 * <raft> State change: Election starting, node is now a pre-candidate, term 1
669486:M 02 Jan 2024 21:36:25.701 * <raft> Cluster Membership: term:1 index:6 nodes: id=2,voting=1,active=1,addr=- id=1,voting=1,active=1,addr=localhost:5071 id=3,voting=0,active=1,addr=localhost:5073
669486:M 02 Jan 2024 21:36:25.746 - Accepted 127.0.0.1:47450
669486:M 02 Jan 2024 21:36:26.104 * <raft> State change: Election starting, node is now a pre-candidate, term 1
669486:M 02 Jan 2024 21:36:26.104 * <raft> Cluster Membership: term:1 index:6 nodes: id=2,voting=1,active=1,addr=- id=1,voting=1,active=1,addr=localhost:5071 id=3,voting=0,active=1,addr=localhost:5073
669486:M 02 Jan 2024 21:36:26.300 * <raft> State change: Node is now a follower, term 2
669486:M 02 Jan 2024 21:36:26.300 * <raft> Cluster Membership: term:2 index:6 nodes: id=2,voting=1,active=1,addr=- id=1,voting=1,active=1,addr=localhost:5071 id=3,voting=0,active=1,addr=localhost:5073
669486:M 02 Jan 2024 21:36:26.433 - Client closed connection id=13 addr=127.0.0.1:47440 laddr=127.0.0.1:5072 fd=10 name= age=1 idle=1 flags=N db=0 sub=0 psub=0 ssub=0 multi=-1 qbuf=0 qbuf-free=20474 argv-mem=0 multi-mem=0 rbs=1024 rbp=0 obl=0 oll=0 omem=0 tot-mem=22400 events=r cmd=auth user=default redir=-1 resp=2 lib-name= lib-ver=
669486:signal-handler (1704227786) Received SIGINT scheduling shutdown...
669486:signal-handler (1704227786) You insist... exiting now.

----- Stderr -----
libgcov profiling error:/home/snagendra/Fuzzing/redisraft-fuzzing/build/deps/raft/CMakeFiles/raft.dir/src/raft_server_properties.c.gcda:Merge mismatch for function 7
libgcov profiling error:/home/snagendra/Fuzzing/redisraft-fuzzing/build/deps/raft/CMakeFiles/raft.dir/src/raft_server.c.gcda:Merge mismatch for function 51




logs for node: 3

----- Stdout -----
669563:C 02 Jan 2024 21:36:23.299 # WARNING Memory overcommit must be enabled! Without it, a background save or replication may fail under low memory condition. Being disabled, it can also cause failures without low memory condition, see https://github.com/jemalloc/jemalloc/issues/1328. To fix this issue add 'vm.overcommit_memory = 1' to /etc/sysctl.conf and then reboot or run the command 'sysctl vm.overcommit_memory=1' for this to take effect.
669563:C 02 Jan 2024 21:36:23.299 * oO0OoO0OoO0Oo Redis is starting oO0OoO0OoO0Oo
669563:C 02 Jan 2024 21:36:23.299 * Redis version=255.255.255, bits=64, commit=e04ebdb8, modified=1, pid=669563, just started
669563:C 02 Jan 2024 21:36:23.299 * Configuration loaded
669563:M 02 Jan 2024 21:36:23.300 * monotonic clock: POSIX clock_gettime
669563:M 02 Jan 2024 21:36:23.300 * Running mode=standalone, port=5073.
669563:M 02 Jan 2024 21:36:23.307 * <raft> RedisRaft version 255.255.255 [b779b199]
669563:M 02 Jan 2024 21:36:23.312 * <raft> Initializing test network
669563:M 02 Jan 2024 21:36:23.313 * <raft> Created test network client
669563:M 02 Jan 2024 21:36:23.313 * <raft> Raft module loaded, state is 'uninitialized'
669563:M 02 Jan 2024 21:36:23.313 * Module 'raft' loaded from /home/snagendra/Fuzzing/redisraft-fuzzing/redisraft.so
669563:M 02 Jan 2024 21:36:23.314 * Server initialized
669563:M 02 Jan 2024 21:36:23.315 . The AOF directory appendonlydir doesn't exist
669563:M 02 Jan 2024 21:36:23.315 * Ready to accept connections tcp
669563:M 02 Jan 2024 21:36:23.315 . 0 clients connected (0 replicas), 1726288 bytes in use
669563:M 02 Jan 2024 21:36:23.318 - Accepted 127.0.0.1:38020
669563:M 02 Jan 2024 21:36:23.318 # Missing implement of connection type tls
669563:M 02 Jan 2024 21:36:23.414 - <raft> join cluster, connecting to localhost:5071
669563:M 02 Jan 2024 21:36:23.416 * <raft> Joined Raft cluster, node id: 3, dbid: d3b516469fed24c64ff1e41c961a5d49
669563:M 02 Jan 2024 21:36:23.422 * <raft> Cluster Membership: term:0 index:0 nodes: id=3,voting=0,active=1,addr=-
669563:M 02 Jan 2024 21:36:23.422 * <raft> Test network starting message polling thread
669563:M 02 Jan 2024 21:36:23.444 - Accepted 127.0.0.1:38024
669563:M 02 Jan 2024 21:36:23.491 * <raft> Cluster Membership: term:1 index:2 nodes: id=3,voting=0,active=1,addr=- id=1,voting=1,active=1,addr=localhost:5071
669563:M 02 Jan 2024 21:36:23.491 * <raft> Cluster Membership: term:1 index:3 nodes: id=3,voting=0,active=1,addr=- id=1,voting=1,active=1,addr=localhost:5071 id=2,voting=0,active=1,addr=localhost:5072
669563:signal-handler (1704227783) Received SIGINT scheduling shutdown...
669563:signal-handler (1704227783) You insist... exiting now.
669969:C 02 Jan 2024 21:36:24.496 # WARNING Memory overcommit must be enabled! Without it, a background save or replication may fail under low memory condition. Being disabled, it can also cause failures without low memory condition, see https://github.com/jemalloc/jemalloc/issues/1328. To fix this issue add 'vm.overcommit_memory = 1' to /etc/sysctl.conf and then reboot or run the command 'sysctl vm.overcommit_memory=1' for this to take effect.
669969:C 02 Jan 2024 21:36:24.496 * oO0OoO0OoO0Oo Redis is starting oO0OoO0OoO0Oo
669969:C 02 Jan 2024 21:36:24.496 * Redis version=255.255.255, bits=64, commit=e04ebdb8, modified=1, pid=669969, just started
669969:C 02 Jan 2024 21:36:24.496 * Configuration loaded
669969:M 02 Jan 2024 21:36:24.496 * monotonic clock: POSIX clock_gettime
669969:M 02 Jan 2024 21:36:24.497 * Running mode=standalone, port=5073.
669969:M 02 Jan 2024 21:36:24.504 * <raft> RedisRaft version 255.255.255 [b779b199]
669969:M 02 Jan 2024 21:36:24.508 * <raft> Initializing test network
669969:M 02 Jan 2024 21:36:24.509 * <raft> Created test network client
669969:M 02 Jan 2024 21:36:24.512 * <raft> Raft module loaded, state is 'loading'
669969:M 02 Jan 2024 21:36:24.512 * Module 'raft' loaded from /home/snagendra/Fuzzing/redisraft-fuzzing/redisraft.so
669969:M 02 Jan 2024 21:36:24.513 * Server initialized
669969:M 02 Jan 2024 21:36:24.513 . The AOF directory appendonlydir doesn't exist
669969:M 02 Jan 2024 21:36:24.513 * Ready to accept connections tcp
669969:M 02 Jan 2024 21:36:24.513 . 0 clients connected (0 replicas), 1746720 bytes in use
669969:M 02 Jan 2024 21:36:24.595 - Accepted 127.0.0.1:38164
669969:M 02 Jan 2024 21:36:24.595 # Missing implement of connection type tls
669969:M 02 Jan 2024 21:36:24.612 * <raft> Loading: Redis loading complete, snapshot NOT LOADED
669969:M 02 Jan 2024 21:36:24.613 * <raft> Cluster Membership: term:0 index:0 nodes: id=3,voting=0,active=1,addr=-
669969:M 02 Jan 2024 21:36:24.613 * <raft> Test network starting message polling thread
669969:M 02 Jan 2024 21:36:24.613 * <raft> Cluster Membership: term:0 index:4 nodes: id=3,voting=0,active=1,addr=- id=1,voting=1,active=1,addr=localhost:5071
669969:M 02 Jan 2024 21:36:24.614 * <raft> Cluster Membership: term:0 index:4 nodes: id=3,voting=0,active=1,addr=- id=1,voting=1,active=1,addr=localhost:5071 id=2,voting=0,active=1,addr=localhost:5072
669969:M 02 Jan 2024 21:36:24.614 * <raft> Raft state after loading log: log_count=4, first_idx=1, current_idx=4, last_applied_idx=0
669969:M 02 Jan 2024 21:36:24.614 . <raft> Raft term=1, vote=-1
669969:signal-handler (1704227784) Received SIGINT scheduling shutdown...
669969:signal-handler (1704227784) You insist... exiting now.
670504:C 02 Jan 2024 21:36:25.627 # WARNING Memory overcommit must be enabled! Without it, a background save or replication may fail under low memory condition. Being disabled, it can also cause failures without low memory condition, see https://github.com/jemalloc/jemalloc/issues/1328. To fix this issue add 'vm.overcommit_memory = 1' to /etc/sysctl.conf and then reboot or run the command 'sysctl vm.overcommit_memory=1' for this to take effect.
670504:C 02 Jan 2024 21:36:25.627 * oO0OoO0OoO0Oo Redis is starting oO0OoO0OoO0Oo
670504:C 02 Jan 2024 21:36:25.627 * Redis version=255.255.255, bits=64, commit=e04ebdb8, modified=1, pid=670504, just started
670504:C 02 Jan 2024 21:36:25.627 * Configuration loaded
670504:M 02 Jan 2024 21:36:25.627 * monotonic clock: POSIX clock_gettime
670504:M 02 Jan 2024 21:36:25.628 * Running mode=standalone, port=5073.
670504:M 02 Jan 2024 21:36:25.634 * <raft> RedisRaft version 255.255.255 [b779b199]
670504:M 02 Jan 2024 21:36:25.638 * <raft> Initializing test network
670504:M 02 Jan 2024 21:36:25.639 * <raft> Created test network client
670504:M 02 Jan 2024 21:36:25.644 * <raft> Raft module loaded, state is 'loading'
670504:M 02 Jan 2024 21:36:25.644 * Module 'raft' loaded from /home/snagendra/Fuzzing/redisraft-fuzzing/redisraft.so
670504:M 02 Jan 2024 21:36:25.644 * Server initialized
670504:M 02 Jan 2024 21:36:25.644 . The AOF directory appendonlydir doesn't exist
670504:M 02 Jan 2024 21:36:25.644 * Ready to accept connections tcp
670504:M 02 Jan 2024 21:36:25.645 . 0 clients connected (0 replicas), 1746816 bytes in use
670504:M 02 Jan 2024 21:36:25.674 - Accepted 127.0.0.1:38268
670504:M 02 Jan 2024 21:36:25.674 # Missing implement of connection type tls
670504:M 02 Jan 2024 21:36:25.703 - Accepted 127.0.0.1:38274
670504:M 02 Jan 2024 21:36:25.744 * <raft> Loading: Redis loading complete, snapshot NOT LOADED
670504:M 02 Jan 2024 21:36:25.744 * <raft> Cluster Membership: term:0 index:0 nodes: id=3,voting=0,active=1,addr=-
670504:M 02 Jan 2024 21:36:25.745 * <raft> Test network starting message polling thread
670504:M 02 Jan 2024 21:36:25.745 * <raft> Cluster Membership: term:0 index:4 nodes: id=3,voting=0,active=1,addr=- id=1,voting=1,active=1,addr=localhost:5071
670504:M 02 Jan 2024 21:36:25.745 * <raft> Cluster Membership: term:0 index:4 nodes: id=3,voting=0,active=1,addr=- id=1,voting=1,active=1,addr=localhost:5071 id=2,voting=0,active=1,addr=localhost:5072
670504:M 02 Jan 2024 21:36:25.745 * <raft> Raft state after loading log: log_count=4, first_idx=1, current_idx=4, last_applied_idx=0
670504:M 02 Jan 2024 21:36:25.745 . <raft> Raft term=1, vote=-1
670504:M 02 Jan 2024 21:36:26.045 * <raft> State change: Election starting, node is now a pre-candidate, term 1
670504:M 02 Jan 2024 21:36:26.045 * <raft> Cluster Membership: term:1 index:4 nodes: id=3,voting=0,active=1,addr=- id=1,voting=1,active=1,addr=localhost:5071 id=2,voting=0,active=1,addr=localhost:5072
670504:M 02 Jan 2024 21:36:26.204 * <raft> State change: Node is now a follower, term 1
670504:M 02 Jan 2024 21:36:26.204 * <raft> Cluster Membership: term:1 index:4 nodes: id=3,voting=0,active=1,addr=- id=1,voting=1,active=1,addr=localhost:5071 id=2,voting=0,active=1,addr=localhost:5072
670504:M 02 Jan 2024 21:36:26.433 - Client closed connection id=8 addr=127.0.0.1:38268 laddr=127.0.0.1:5073 fd=11 name= age=1 idle=1 flags=N db=0 sub=0 psub=0 ssub=0 multi=-1 qbuf=0 qbuf-free=20474 argv-mem=0 multi-mem=0 rbs=1024 rbp=0 obl=0 oll=0 omem=0 tot-mem=22400 events=r cmd=auth user=default redir=-1 resp=2 lib-name= lib-ver=
670504:M 02 Jan 2024 21:36:26.567 - Client closed connection id=9 addr=127.0.0.1:38274 laddr=127.0.0.1:5073 fd=12 name= age=1 idle=1 flags=N db=0 sub=0 psub=0 ssub=0 multi=-1 qbuf=0 qbuf-free=20474 argv-mem=0 multi-mem=0 rbs=1024 rbp=0 obl=0 oll=0 omem=0 tot-mem=22400 events=r cmd=auth user=default redir=-1 resp=2 lib-name= lib-ver=
670504:signal-handler (1704227786) Received SIGINT scheduling shutdown...
670504:signal-handler (1704227786) You insist... exiting now.

----- Stderr -----
libgcov profiling error:/home/snagendra/Fuzzing/redisraft-fuzzing/build/deps/raft/CMakeFiles/raft.dir/src/raft_server_properties.c.gcda:Merge mismatch for function 7
libgcov profiling error:/home/snagendra/Fuzzing/redisraft-fuzzing/build/deps/raft/CMakeFiles/raft.dir/src/raft_server.c.gcda:Merge mismatch for function 51
libgcov profiling error:/home/snagendra/Fuzzing/redisraft-fuzzing/build/deps/raft/CMakeFiles/raft.dir/src/raft_server_properties.c.gcda:Merge mismatch for function 7
libgcov profiling error:/home/snagendra/Fuzzing/redisraft-fuzzing/build/deps/raft/CMakeFiles/raft.dir/src/raft_server.c.gcda:Merge mismatch for function 51
libgcov profiling error:/home/snagendra/Fuzzing/redisraft-fuzzing/build/deps/raft/CMakeFiles/raft.dir/src/raft_server_properties.c.gcda:Merge mismatch for function 7
libgcov profiling error:/home/snagendra/Fuzzing/redisraft-fuzzing/build/deps/raft/CMakeFiles/raft.dir/src/raft_server.c.gcda:Merge mismatch for function 51



