logs for node: 1

----- Stdout -----
2473875:C 02 Jan 2024 22:42:49.174 # WARNING Memory overcommit must be enabled! Without it, a background save or replication may fail under low memory condition. Being disabled, it can also cause failures without low memory condition, see https://github.com/jemalloc/jemalloc/issues/1328. To fix this issue add 'vm.overcommit_memory = 1' to /etc/sysctl.conf and then reboot or run the command 'sysctl vm.overcommit_memory=1' for this to take effect.
2473875:C 02 Jan 2024 22:42:49.174 * oO0OoO0OoO0Oo Redis is starting oO0OoO0OoO0Oo
2473875:C 02 Jan 2024 22:42:49.174 * Redis version=255.255.255, bits=64, commit=e04ebdb8, modified=1, pid=2473875, just started
2473875:C 02 Jan 2024 22:42:49.174 * Configuration loaded
2473875:M 02 Jan 2024 22:42:49.174 * monotonic clock: POSIX clock_gettime
2473875:M 02 Jan 2024 22:42:49.175 * Running mode=standalone, port=5071.
2473875:M 02 Jan 2024 22:42:49.181 * <raft> RedisRaft version 255.255.255 [b779b199]
2473875:M 02 Jan 2024 22:42:49.185 * <raft> Initializing test network
2473875:M 02 Jan 2024 22:42:49.186 * <raft> Created test network client
2473875:M 02 Jan 2024 22:42:49.187 * <raft> Raft module loaded, state is 'uninitialized'
2473875:M 02 Jan 2024 22:42:49.187 * Module 'raft' loaded from /home/snagendra/Fuzzing/redisraft-fuzzing/redisraft.so
2473875:M 02 Jan 2024 22:42:49.187 * Server initialized
2473875:M 02 Jan 2024 22:42:49.188 . The AOF directory appendonlydir doesn't exist
2473875:M 02 Jan 2024 22:42:49.188 * Ready to accept connections tcp
2473875:M 02 Jan 2024 22:42:49.188 . 0 clients connected (0 replicas), 1726192 bytes in use
2473875:M 02 Jan 2024 22:42:49.190 - Accepted 127.0.0.1:52144
2473875:M 02 Jan 2024 22:42:49.190 # Missing implement of connection type tls
2473875:M 02 Jan 2024 22:42:49.196 * <raft> Cluster Membership: term:0 index:0 nodes: id=1,voting=0,active=1,addr=-
2473875:M 02 Jan 2024 22:42:49.201 * <raft> State change: Node is now a leader, term 1
2473875:M 02 Jan 2024 22:42:49.201 * <raft> Cluster Membership: term:1 index:1 nodes: id=1,voting=0,active=1,addr=-
2473875:M 02 Jan 2024 22:42:49.202 * <raft> Test network starting message polling thread
2473875:M 02 Jan 2024 22:42:49.202 * <raft> Raft Cluster initialized, node id: 1, dbid: 34e2acb7ffca9059b8c4b532cae3fa6b
2473875:M 02 Jan 2024 22:42:49.319 - Accepted 127.0.0.1:52146
2473875:M 02 Jan 2024 22:42:49.320 * <raft> Cluster Membership: term:1 index:3 nodes: id=1,voting=1,active=1,addr=- id=2,voting=0,active=1,addr=localhost:5072
2473875:M 02 Jan 2024 22:42:49.327 - Client closed connection id=9 addr=127.0.0.1:52146 laddr=127.0.0.1:5071 fd=12 name= age=0 idle=0 flags=N db=0 sub=0 psub=0 ssub=0 multi=-1 qbuf=0 qbuf-free=20474 argv-mem=0 multi-mem=0 rbs=16384 rbp=16384 obl=0 oll=0 omem=0 tot-mem=37760 events=r cmd=raft.node user=default redir=-1 resp=2 lib-name= lib-ver=
2473875:M 02 Jan 2024 22:42:49.444 - Accepted 127.0.0.1:52162
2473875:M 02 Jan 2024 22:42:49.444 * <raft> Cluster Membership: term:1 index:4 nodes: id=1,voting=1,active=1,addr=- id=2,voting=0,active=1,addr=localhost:5072 id=3,voting=0,active=1,addr=localhost:5073
2473875:M 02 Jan 2024 22:42:49.452 - Client closed connection id=10 addr=127.0.0.1:52162 laddr=127.0.0.1:5071 fd=13 name= age=0 idle=0 flags=N db=0 sub=0 psub=0 ssub=0 multi=-1 qbuf=0 qbuf-free=20474 argv-mem=0 multi-mem=0 rbs=16384 rbp=16384 obl=0 oll=0 omem=0 tot-mem=37760 events=r cmd=raft.node user=default redir=-1 resp=2 lib-name= lib-ver=
2473875:M 02 Jan 2024 22:42:49.720 - Accepted 127.0.0.1:52174
2473875:M 02 Jan 2024 22:42:49.908 * <raft> node:2 has sufficient logs, adding as voting node.
2473875:signal-handler (1704231769) Received SIGINT scheduling shutdown...
2473875:signal-handler (1704231769) You insist... exiting now.
2474482:C 02 Jan 2024 22:42:50.420 # WARNING Memory overcommit must be enabled! Without it, a background save or replication may fail under low memory condition. Being disabled, it can also cause failures without low memory condition, see https://github.com/jemalloc/jemalloc/issues/1328. To fix this issue add 'vm.overcommit_memory = 1' to /etc/sysctl.conf and then reboot or run the command 'sysctl vm.overcommit_memory=1' for this to take effect.
2474482:C 02 Jan 2024 22:42:50.420 * oO0OoO0OoO0Oo Redis is starting oO0OoO0OoO0Oo
2474482:C 02 Jan 2024 22:42:50.420 * Redis version=255.255.255, bits=64, commit=e04ebdb8, modified=1, pid=2474482, just started
2474482:C 02 Jan 2024 22:42:50.420 * Configuration loaded
2474482:M 02 Jan 2024 22:42:50.421 * monotonic clock: POSIX clock_gettime
2474482:M 02 Jan 2024 22:42:50.421 * Running mode=standalone, port=5071.
2474482:M 02 Jan 2024 22:42:50.428 * <raft> RedisRaft version 255.255.255 [b779b199]
2474482:M 02 Jan 2024 22:42:50.433 * <raft> Initializing test network
2474482:M 02 Jan 2024 22:42:50.434 * <raft> Created test network client
2474482:M 02 Jan 2024 22:42:50.437 * <raft> Raft module loaded, state is 'loading'
2474482:M 02 Jan 2024 22:42:50.437 * Module 'raft' loaded from /home/snagendra/Fuzzing/redisraft-fuzzing/redisraft.so
2474482:M 02 Jan 2024 22:42:50.438 * Server initialized
2474482:M 02 Jan 2024 22:42:50.438 . The AOF directory appendonlydir doesn't exist
2474482:M 02 Jan 2024 22:42:50.438 * Ready to accept connections tcp
2474482:M 02 Jan 2024 22:42:50.438 . 0 clients connected (0 replicas), 1746688 bytes in use
2474482:M 02 Jan 2024 22:42:50.525 - Accepted 127.0.0.1:52232
2474482:M 02 Jan 2024 22:42:50.525 # Missing implement of connection type tls
2474482:M 02 Jan 2024 22:42:50.538 * <raft> Loading: Redis loading complete, snapshot NOT LOADED
2474482:M 02 Jan 2024 22:42:50.538 * <raft> Cluster Membership: term:0 index:0 nodes: id=1,voting=0,active=1,addr=-
2474482:M 02 Jan 2024 22:42:50.539 * <raft> Test network starting message polling thread
2474482:M 02 Jan 2024 22:42:50.539 * <raft> Cluster Membership: term:0 index:4 nodes: id=1,voting=1,active=1,addr=- id=2,voting=0,active=1,addr=localhost:5072
2474482:M 02 Jan 2024 22:42:50.539 * <raft> Cluster Membership: term:0 index:4 nodes: id=1,voting=1,active=1,addr=- id=2,voting=0,active=1,addr=localhost:5072 id=3,voting=0,active=1,addr=localhost:5073
2474482:M 02 Jan 2024 22:42:50.539 * <raft> Raft state after loading log: log_count=4, first_idx=1, current_idx=4, last_applied_idx=0
2474482:M 02 Jan 2024 22:42:50.539 . <raft> Raft term=1, vote=-1
2474482:M 02 Jan 2024 22:42:50.545 * <raft> State change: Node is now a leader, term 2
2474482:M 02 Jan 2024 22:42:50.545 * <raft> Cluster Membership: term:2 index:5 nodes: id=1,voting=1,active=1,addr=- id=2,voting=0,active=1,addr=localhost:5072 id=3,voting=0,active=1,addr=localhost:5073
2474482:M 02 Jan 2024 22:42:50.677 - Accepted 127.0.0.1:52236
2474482:signal-handler (1704231771) Received SIGINT scheduling shutdown...
2474482:signal-handler (1704231771) You insist... exiting now.
2475024:C 02 Jan 2024 22:42:51.797 # WARNING Memory overcommit must be enabled! Without it, a background save or replication may fail under low memory condition. Being disabled, it can also cause failures without low memory condition, see https://github.com/jemalloc/jemalloc/issues/1328. To fix this issue add 'vm.overcommit_memory = 1' to /etc/sysctl.conf and then reboot or run the command 'sysctl vm.overcommit_memory=1' for this to take effect.
2475024:C 02 Jan 2024 22:42:51.797 * oO0OoO0OoO0Oo Redis is starting oO0OoO0OoO0Oo
2475024:C 02 Jan 2024 22:42:51.797 * Redis version=255.255.255, bits=64, commit=e04ebdb8, modified=1, pid=2475024, just started
2475024:C 02 Jan 2024 22:42:51.797 * Configuration loaded
2475024:M 02 Jan 2024 22:42:51.797 * monotonic clock: POSIX clock_gettime
2475024:M 02 Jan 2024 22:42:51.798 * Running mode=standalone, port=5071.
2475024:M 02 Jan 2024 22:42:51.804 * <raft> RedisRaft version 255.255.255 [b779b199]
2475024:M 02 Jan 2024 22:42:51.808 * <raft> Initializing test network
2475024:M 02 Jan 2024 22:42:51.809 * <raft> Created test network client
2475024:M 02 Jan 2024 22:42:51.813 * <raft> Raft module loaded, state is 'loading'
2475024:M 02 Jan 2024 22:42:51.813 * Module 'raft' loaded from /home/snagendra/Fuzzing/redisraft-fuzzing/redisraft.so
2475024:M 02 Jan 2024 22:42:51.814 * Server initialized
2475024:M 02 Jan 2024 22:42:51.814 . The AOF directory appendonlydir doesn't exist
2475024:M 02 Jan 2024 22:42:51.814 * Ready to accept connections tcp
2475024:M 02 Jan 2024 22:42:51.814 . 0 clients connected (0 replicas), 1746688 bytes in use
2475024:M 02 Jan 2024 22:42:51.831 - Accepted 127.0.0.1:52278
2475024:M 02 Jan 2024 22:42:51.831 # Missing implement of connection type tls
2475024:M 02 Jan 2024 22:42:51.913 * <raft> Loading: Redis loading complete, snapshot NOT LOADED
2475024:M 02 Jan 2024 22:42:51.914 * <raft> Cluster Membership: term:0 index:0 nodes: id=1,voting=0,active=1,addr=-
2475024:M 02 Jan 2024 22:42:51.914 * <raft> Test network starting message polling thread
2475024:M 02 Jan 2024 22:42:51.914 * <raft> Cluster Membership: term:0 index:6 nodes: id=1,voting=1,active=1,addr=- id=2,voting=0,active=1,addr=localhost:5072
2475024:M 02 Jan 2024 22:42:51.914 * <raft> Cluster Membership: term:0 index:6 nodes: id=1,voting=1,active=1,addr=- id=2,voting=0,active=1,addr=localhost:5072 id=3,voting=0,active=1,addr=localhost:5073
2475024:M 02 Jan 2024 22:42:51.914 * <raft> Raft state after loading log: log_count=6, first_idx=1, current_idx=6, last_applied_idx=0
2475024:M 02 Jan 2024 22:42:51.914 . <raft> Raft term=2, vote=-1
2475024:M 02 Jan 2024 22:42:51.921 * <raft> State change: Node is now a leader, term 3
2475024:M 02 Jan 2024 22:42:51.921 * <raft> Cluster Membership: term:3 index:7 nodes: id=1,voting=1,active=1,addr=- id=2,voting=0,active=1,addr=localhost:5072 id=3,voting=0,active=1,addr=localhost:5073
2475024:M 02 Jan 2024 22:42:52.026 - Client closed connection id=8 addr=127.0.0.1:52278 laddr=127.0.0.1:5071 fd=11 name= age=1 idle=1 flags=N db=0 sub=0 psub=0 ssub=0 multi=-1 qbuf=0 qbuf-free=20474 argv-mem=0 multi-mem=0 rbs=1024 rbp=0 obl=0 oll=0 omem=0 tot-mem=22400 events=r cmd=auth user=default redir=-1 resp=2 lib-name= lib-ver=
2475024:M 02 Jan 2024 22:42:52.027 - Accepted 127.0.0.1:52288
2475024:M 02 Jan 2024 22:42:52.594 - Accepted 127.0.0.1:58132
2475024:signal-handler (1704231772) Received SIGINT scheduling shutdown...
2475024:signal-handler (1704231772) You insist... exiting now.

----- Stderr -----
libgcov profiling error:/home/snagendra/Fuzzing/redisraft-fuzzing/build/deps/raft/CMakeFiles/raft.dir/src/raft_server.c.gcda:Merge mismatch for function 9
libgcov profiling error:/home/snagendra/Fuzzing/redisraft-fuzzing/build/deps/raft/CMakeFiles/raft.dir/src/raft_server.c.gcda:Merge mismatch for function 9
libgcov profiling error:/home/snagendra/Fuzzing/redisraft-fuzzing/build/deps/raft/CMakeFiles/raft.dir/src/raft_server.c.gcda:Merge mismatch for function 9




logs for node: 2

----- Stdout -----
2473915:C 02 Jan 2024 22:42:49.204 # WARNING Memory overcommit must be enabled! Without it, a background save or replication may fail under low memory condition. Being disabled, it can also cause failures without low memory condition, see https://github.com/jemalloc/jemalloc/issues/1328. To fix this issue add 'vm.overcommit_memory = 1' to /etc/sysctl.conf and then reboot or run the command 'sysctl vm.overcommit_memory=1' for this to take effect.
2473915:C 02 Jan 2024 22:42:49.204 * oO0OoO0OoO0Oo Redis is starting oO0OoO0OoO0Oo
2473915:C 02 Jan 2024 22:42:49.204 * Redis version=255.255.255, bits=64, commit=e04ebdb8, modified=1, pid=2473915, just started
2473915:C 02 Jan 2024 22:42:49.204 * Configuration loaded
2473915:M 02 Jan 2024 22:42:49.205 * monotonic clock: POSIX clock_gettime
2473915:M 02 Jan 2024 22:42:49.205 * Running mode=standalone, port=5072.
2473915:M 02 Jan 2024 22:42:49.212 * <raft> RedisRaft version 255.255.255 [b779b199]
2473915:M 02 Jan 2024 22:42:49.216 * <raft> Initializing test network
2473915:M 02 Jan 2024 22:42:49.217 * <raft> Created test network client
2473915:M 02 Jan 2024 22:42:49.218 * <raft> Raft module loaded, state is 'uninitialized'
2473915:M 02 Jan 2024 22:42:49.218 * Module 'raft' loaded from /home/snagendra/Fuzzing/redisraft-fuzzing/redisraft.so
2473915:M 02 Jan 2024 22:42:49.218 * Server initialized
2473915:M 02 Jan 2024 22:42:49.219 . The AOF directory appendonlydir doesn't exist
2473915:M 02 Jan 2024 22:42:49.219 * Ready to accept connections tcp
2473915:M 02 Jan 2024 22:42:49.219 . 0 clients connected (0 replicas), 1726224 bytes in use
2473915:M 02 Jan 2024 22:42:49.243 - Accepted 127.0.0.1:42808
2473915:M 02 Jan 2024 22:42:49.243 # Missing implement of connection type tls
2473915:M 02 Jan 2024 22:42:49.319 - <raft> join cluster, connecting to localhost:5071
2473915:M 02 Jan 2024 22:42:49.320 * <raft> Joined Raft cluster, node id: 2, dbid: 34e2acb7ffca9059b8c4b532cae3fa6b
2473915:M 02 Jan 2024 22:42:49.327 * <raft> Cluster Membership: term:0 index:0 nodes: id=2,voting=0,active=1,addr=-
2473915:M 02 Jan 2024 22:42:49.327 * <raft> Test network starting message polling thread
2473915:M 02 Jan 2024 22:42:49.388 - Accepted 127.0.0.1:42810
2473915:M 02 Jan 2024 22:42:49.671 * <raft> Cluster Membership: term:1 index:2 nodes: id=2,voting=0,active=1,addr=- id=1,voting=1,active=1,addr=localhost:5071
2473915:M 02 Jan 2024 22:42:49.848 * <raft> Cluster Membership: term:1 index:4 nodes: id=2,voting=0,active=1,addr=- id=1,voting=1,active=1,addr=localhost:5071 id=3,voting=0,active=1,addr=localhost:5073
2473915:M 02 Jan 2024 22:42:49.990 - Client closed connection id=9 addr=127.0.0.1:42810 laddr=127.0.0.1:5072 fd=10 name= age=0 idle=0 flags=N db=0 sub=0 psub=0 ssub=0 multi=-1 qbuf=0 qbuf-free=20474 argv-mem=0 multi-mem=0 rbs=1024 rbp=0 obl=0 oll=0 omem=0 tot-mem=22400 events=r cmd=auth user=default redir=-1 resp=2 lib-name= lib-ver=
2473915:M 02 Jan 2024 22:42:50.424 * <raft> State change: Election starting, node is now a pre-candidate, term 1
2473915:M 02 Jan 2024 22:42:50.424 * <raft> Cluster Membership: term:1 index:4 nodes: id=2,voting=0,active=1,addr=- id=1,voting=1,active=1,addr=localhost:5071 id=3,voting=0,active=1,addr=localhost:5073
2473915:M 02 Jan 2024 22:42:50.526 * <raft> State change: Node is now a follower, term 1
2473915:M 02 Jan 2024 22:42:50.526 * <raft> Cluster Membership: term:1 index:4 nodes: id=2,voting=0,active=1,addr=- id=1,voting=1,active=1,addr=localhost:5071 id=3,voting=0,active=1,addr=localhost:5073
2473915:M 02 Jan 2024 22:42:50.545 - Accepted 127.0.0.1:42814
2473915:M 02 Jan 2024 22:42:50.926 * <raft> State change: Election starting, node is now a pre-candidate, term 1
2473915:M 02 Jan 2024 22:42:50.926 * <raft> Cluster Membership: term:1 index:4 nodes: id=2,voting=0,active=1,addr=- id=1,voting=1,active=1,addr=localhost:5071 id=3,voting=0,active=1,addr=localhost:5073
2473915:M 02 Jan 2024 22:42:51.109 * <raft> State change: Node is now a follower, term 2
2473915:M 02 Jan 2024 22:42:51.109 * <raft> Cluster Membership: term:2 index:4 nodes: id=2,voting=0,active=1,addr=- id=1,voting=1,active=1,addr=localhost:5071 id=3,voting=0,active=1,addr=localhost:5073
2473915:M 02 Jan 2024 22:42:51.336 - Client closed connection id=10 addr=127.0.0.1:42814 laddr=127.0.0.1:5072 fd=13 name= age=1 idle=1 flags=N db=0 sub=0 psub=0 ssub=0 multi=-1 qbuf=0 qbuf-free=20474 argv-mem=0 multi-mem=0 rbs=1024 rbp=0 obl=0 oll=0 omem=0 tot-mem=22400 events=r cmd=auth user=default redir=-1 resp=2 lib-name= lib-ver=
2473915:M 02 Jan 2024 22:42:51.529 * <raft> State change: Election starting, node is now a pre-candidate, term 2
2473915:M 02 Jan 2024 22:42:51.529 * <raft> Cluster Membership: term:2 index:6 nodes: id=2,voting=0,active=1,addr=- id=1,voting=1,active=1,addr=localhost:5071 id=3,voting=0,active=1,addr=localhost:5073
2473915:M 02 Jan 2024 22:42:51.922 - Accepted 127.0.0.1:42824
2473915:M 02 Jan 2024 22:42:51.932 * <raft> State change: Election starting, node is now a pre-candidate, term 2
2473915:M 02 Jan 2024 22:42:51.932 * <raft> Cluster Membership: term:2 index:6 nodes: id=2,voting=0,active=1,addr=- id=1,voting=1,active=1,addr=localhost:5071 id=3,voting=0,active=1,addr=localhost:5073
2473915:signal-handler (1704231772) Received SIGINT scheduling shutdown...
2473915:signal-handler (1704231772) You insist... exiting now.
2475266:C 02 Jan 2024 22:42:52.476 # WARNING Memory overcommit must be enabled! Without it, a background save or replication may fail under low memory condition. Being disabled, it can also cause failures without low memory condition, see https://github.com/jemalloc/jemalloc/issues/1328. To fix this issue add 'vm.overcommit_memory = 1' to /etc/sysctl.conf and then reboot or run the command 'sysctl vm.overcommit_memory=1' for this to take effect.
2475266:C 02 Jan 2024 22:42:52.476 * oO0OoO0OoO0Oo Redis is starting oO0OoO0OoO0Oo
2475266:C 02 Jan 2024 22:42:52.476 * Redis version=255.255.255, bits=64, commit=e04ebdb8, modified=1, pid=2475266, just started
2475266:C 02 Jan 2024 22:42:52.476 * Configuration loaded
2475266:M 02 Jan 2024 22:42:52.476 * monotonic clock: POSIX clock_gettime
2475266:M 02 Jan 2024 22:42:52.477 * Running mode=standalone, port=5072.
2475266:M 02 Jan 2024 22:42:52.483 * <raft> RedisRaft version 255.255.255 [b779b199]
2475266:M 02 Jan 2024 22:42:52.487 * <raft> Initializing test network
2475266:M 02 Jan 2024 22:42:52.488 * <raft> Created test network client
2475266:M 02 Jan 2024 22:42:52.491 * <raft> Raft module loaded, state is 'loading'
2475266:M 02 Jan 2024 22:42:52.491 * Module 'raft' loaded from /home/snagendra/Fuzzing/redisraft-fuzzing/redisraft.so
2475266:M 02 Jan 2024 22:42:52.492 * Server initialized
2475266:M 02 Jan 2024 22:42:52.492 . The AOF directory appendonlydir doesn't exist
2475266:M 02 Jan 2024 22:42:52.492 * Ready to accept connections tcp
2475266:M 02 Jan 2024 22:42:52.492 . 0 clients connected (0 replicas), 1746720 bytes in use
2475266:M 02 Jan 2024 22:42:52.523 - Accepted 127.0.0.1:48040
2475266:M 02 Jan 2024 22:42:52.523 # Missing implement of connection type tls
2475266:M 02 Jan 2024 22:42:52.592 * <raft> Loading: Redis loading complete, snapshot NOT LOADED
2475266:M 02 Jan 2024 22:42:52.592 * <raft> Cluster Membership: term:0 index:0 nodes: id=2,voting=0,active=1,addr=-
2475266:M 02 Jan 2024 22:42:52.593 * <raft> Test network starting message polling thread
2475266:M 02 Jan 2024 22:42:52.593 * <raft> Cluster Membership: term:0 index:6 nodes: id=2,voting=0,active=1,addr=- id=1,voting=1,active=1,addr=localhost:5071
2475266:M 02 Jan 2024 22:42:52.593 * <raft> Cluster Membership: term:0 index:6 nodes: id=2,voting=0,active=1,addr=- id=1,voting=1,active=1,addr=localhost:5071 id=3,voting=0,active=1,addr=localhost:5073
2475266:M 02 Jan 2024 22:42:52.593 * <raft> Raft state after loading log: log_count=6, first_idx=1, current_idx=6, last_applied_idx=0
2475266:M 02 Jan 2024 22:42:52.593 . <raft> Raft term=2, vote=-1
2475266:M 02 Jan 2024 22:42:52.614 - Client closed connection id=8 addr=127.0.0.1:48040 laddr=127.0.0.1:5072 fd=11 name= age=0 idle=0 flags=N db=0 sub=0 psub=0 ssub=0 multi=-1 qbuf=0 qbuf-free=20474 argv-mem=0 multi-mem=0 rbs=16384 rbp=0 obl=0 oll=0 omem=0 tot-mem=37760 events=r cmd=auth user=default redir=-1 resp=2 lib-name= lib-ver=
2475266:signal-handler (1704231772) Received SIGINT scheduling shutdown...
2475266:signal-handler (1704231772) You insist... exiting now.

----- Stderr -----
libgcov profiling error:/home/snagendra/Fuzzing/redisraft-fuzzing/build/deps/raft/CMakeFiles/raft.dir/src/raft_server.c.gcda:Merge mismatch for function 9
libgcov profiling error:/home/snagendra/Fuzzing/redisraft-fuzzing/build/deps/raft/CMakeFiles/raft.dir/src/raft_server.c.gcda:Merge mismatch for function 9




logs for node: 3

----- Stdout -----
2473963:C 02 Jan 2024 22:42:49.330 # WARNING Memory overcommit must be enabled! Without it, a background save or replication may fail under low memory condition. Being disabled, it can also cause failures without low memory condition, see https://github.com/jemalloc/jemalloc/issues/1328. To fix this issue add 'vm.overcommit_memory = 1' to /etc/sysctl.conf and then reboot or run the command 'sysctl vm.overcommit_memory=1' for this to take effect.
2473963:C 02 Jan 2024 22:42:49.330 * oO0OoO0OoO0Oo Redis is starting oO0OoO0OoO0Oo
2473963:C 02 Jan 2024 22:42:49.330 * Redis version=255.255.255, bits=64, commit=e04ebdb8, modified=1, pid=2473963, just started
2473963:C 02 Jan 2024 22:42:49.330 * Configuration loaded
2473963:M 02 Jan 2024 22:42:49.330 * monotonic clock: POSIX clock_gettime
2473963:M 02 Jan 2024 22:42:49.331 * Running mode=standalone, port=5073.
2473963:M 02 Jan 2024 22:42:49.337 * <raft> RedisRaft version 255.255.255 [b779b199]
2473963:M 02 Jan 2024 22:42:49.342 * <raft> Initializing test network
2473963:M 02 Jan 2024 22:42:49.342 * <raft> Created test network client
2473963:M 02 Jan 2024 22:42:49.343 * <raft> Raft module loaded, state is 'uninitialized'
2473963:M 02 Jan 2024 22:42:49.343 * Module 'raft' loaded from /home/snagendra/Fuzzing/redisraft-fuzzing/redisraft.so
2473963:M 02 Jan 2024 22:42:49.344 * Server initialized
2473963:M 02 Jan 2024 22:42:49.344 . The AOF directory appendonlydir doesn't exist
2473963:M 02 Jan 2024 22:42:49.345 * Ready to accept connections tcp
2473963:M 02 Jan 2024 22:42:49.345 - Accepted 127.0.0.1:49652
2473963:M 02 Jan 2024 22:42:49.345 # Missing implement of connection type tls
2473963:M 02 Jan 2024 22:42:49.345 . 1 clients connected (0 replicas), 1744056 bytes in use
2473963:M 02 Jan 2024 22:42:49.443 - <raft> join cluster, connecting to localhost:5071
2473963:M 02 Jan 2024 22:42:49.445 * <raft> Joined Raft cluster, node id: 3, dbid: 34e2acb7ffca9059b8c4b532cae3fa6b
2473963:M 02 Jan 2024 22:42:49.452 * <raft> Cluster Membership: term:0 index:0 nodes: id=3,voting=0,active=1,addr=-
2473963:M 02 Jan 2024 22:42:49.452 * <raft> Test network starting message polling thread
2473963:M 02 Jan 2024 22:42:49.489 - Accepted 127.0.0.1:49662
2473963:M 02 Jan 2024 22:42:49.921 - Accepted 127.0.0.1:49672
2473963:M 02 Jan 2024 22:42:49.946 * <raft> State change: Election starting, node is now a pre-candidate, term 0
2473963:M 02 Jan 2024 22:42:49.946 * <raft> Cluster Membership: term:0 index:0 nodes: id=3,voting=0,active=1,addr=-
2473963:M 02 Jan 2024 22:42:49.990 - Client closed connection id=9 addr=127.0.0.1:49662 laddr=127.0.0.1:5073 fd=10 name= age=0 idle=0 flags=N db=0 sub=0 psub=0 ssub=0 multi=-1 qbuf=0 qbuf-free=20474 argv-mem=0 multi-mem=0 rbs=1024 rbp=0 obl=0 oll=0 omem=0 tot-mem=22400 events=r cmd=auth user=default redir=-1 resp=2 lib-name= lib-ver=
2473963:M 02 Jan 2024 22:42:50.087 * <raft> State change: Node is now a follower, term 1
2473963:M 02 Jan 2024 22:42:50.088 * <raft> Cluster Membership: term:1 index:0 nodes: id=3,voting=0,active=1,addr=-
2473963:M 02 Jan 2024 22:42:50.347 * <raft> State change: Election starting, node is now a pre-candidate, term 1
2473963:M 02 Jan 2024 22:42:50.347 * <raft> Cluster Membership: term:1 index:0 nodes: id=3,voting=0,active=1,addr=-
2473963:signal-handler (1704231770) Received SIGINT scheduling shutdown...
2473963:signal-handler (1704231770) You insist... exiting now.
2474839:C 02 Jan 2024 22:42:51.227 # WARNING Memory overcommit must be enabled! Without it, a background save or replication may fail under low memory condition. Being disabled, it can also cause failures without low memory condition, see https://github.com/jemalloc/jemalloc/issues/1328. To fix this issue add 'vm.overcommit_memory = 1' to /etc/sysctl.conf and then reboot or run the command 'sysctl vm.overcommit_memory=1' for this to take effect.
2474839:C 02 Jan 2024 22:42:51.227 * oO0OoO0OoO0Oo Redis is starting oO0OoO0OoO0Oo
2474839:C 02 Jan 2024 22:42:51.227 * Redis version=255.255.255, bits=64, commit=e04ebdb8, modified=1, pid=2474839, just started
2474839:C 02 Jan 2024 22:42:51.227 * Configuration loaded
2474839:M 02 Jan 2024 22:42:51.228 * monotonic clock: POSIX clock_gettime
2474839:M 02 Jan 2024 22:42:51.228 * Running mode=standalone, port=5073.
2474839:M 02 Jan 2024 22:42:51.234 * <raft> RedisRaft version 255.255.255 [b779b199]
2474839:M 02 Jan 2024 22:42:51.239 * <raft> Initializing test network
2474839:M 02 Jan 2024 22:42:51.239 * <raft> Created test network client
2474839:M 02 Jan 2024 22:42:51.242 * <raft> Raft module loaded, state is 'loading'
2474839:M 02 Jan 2024 22:42:51.242 * Module 'raft' loaded from /home/snagendra/Fuzzing/redisraft-fuzzing/redisraft.so
2474839:M 02 Jan 2024 22:42:51.243 * Server initialized
2474839:M 02 Jan 2024 22:42:51.243 . The AOF directory appendonlydir doesn't exist
2474839:M 02 Jan 2024 22:42:51.243 * Ready to accept connections tcp
2474839:M 02 Jan 2024 22:42:51.243 . 0 clients connected (0 replicas), 1746720 bytes in use
2474839:M 02 Jan 2024 22:42:51.247 - Accepted 127.0.0.1:49816
2474839:M 02 Jan 2024 22:42:51.248 # Missing implement of connection type tls
2474839:M 02 Jan 2024 22:42:51.328 - Accepted 127.0.0.1:49832
2474839:M 02 Jan 2024 22:42:51.336 - Client closed connection id=8 addr=127.0.0.1:49816 laddr=127.0.0.1:5073 fd=11 name= age=0 idle=0 flags=N db=0 sub=0 psub=0 ssub=0 multi=-1 qbuf=0 qbuf-free=20474 argv-mem=0 multi-mem=0 rbs=16384 rbp=16384 obl=0 oll=0 omem=0 tot-mem=37760 events=r cmd=auth user=default redir=-1 resp=2 lib-name= lib-ver=
2474839:M 02 Jan 2024 22:42:51.342 * <raft> Loading: Redis loading complete, snapshot NOT LOADED
2474839:M 02 Jan 2024 22:42:51.343 * <raft> Cluster Membership: term:0 index:0 nodes: id=3,voting=0,active=1,addr=-
2474839:M 02 Jan 2024 22:42:51.343 * <raft> Test network starting message polling thread


=== REDIS BUG REPORT START: Cut & paste starting from here ===
2474839:M 02 Jan 2024 22:42:51.343 # Redis 255.255.255 crashed by signal: 6, si_code: -6
2474839:M 02 Jan 2024 22:42:51.343 # Crashed running the instruction at: 0x7efd8b3fcd3c

------ STACK TRACE ------
EIP:
/lib/x86_64-linux-gnu/libc.so.6(+0x8ad3c)[0x7efd8b3fcd3c]

Backtrace:
/lib/x86_64-linux-gnu/libc.so.6(+0x3bfd0)[0x7efd8b3adfd0]
/lib/x86_64-linux-gnu/libc.so.6(+0x8ad3c)[0x7efd8b3fcd3c]
/lib/x86_64-linux-gnu/libc.so.6(gsignal+0x12)[0x7efd8b3adf32]
/lib/x86_64-linux-gnu/libc.so.6(abort+0xd3)[0x7efd8b398472]
/lib/x86_64-linux-gnu/libc.so.6(+0x26395)[0x7efd8b398395]
/lib/x86_64-linux-gnu/libc.so.6(+0x34e32)[0x7efd8b3a6e32]
/home/snagendra/Fuzzing/redisraft-fuzzing/redisraft.so(+0x3caea)[0x7efd8b321aea]
/home/snagendra/Fuzzing/redisraft-fuzzing/redisraft.so(callRaftPeriodic+0x478)[0x7efd8b312088]
/home/snagendra/Fuzzing/redis/src/redis-server 0.0.0.0:5073(moduleTimerHandler+0x21c)[0x5560f88d098c]
/home/snagendra/Fuzzing/redis/src/redis-server 0.0.0.0:5073(+0x81705)[0x5560f87da705]
/home/snagendra/Fuzzing/redis/src/redis-server 0.0.0.0:5073(aeMain+0x1c8)[0x5560f87e4cb8]
/home/snagendra/Fuzzing/redis/src/redis-server 0.0.0.0:5073(main+0x3cd)[0x5560f87d9e2d]
/lib/x86_64-linux-gnu/libc.so.6(+0x271ca)[0x7efd8b3991ca]
/lib/x86_64-linux-gnu/libc.so.6(__libc_start_main+0x85)[0x7efd8b399285]
/home/snagendra/Fuzzing/redis/src/redis-server 0.0.0.0:5073(_start+0x2a)[0x5560f87da5aa]

------ REGISTERS ------
2474839:M 02 Jan 2024 22:42:51.344 # 
RAX:0000000000000000 RBX:000000000025c357
RCX:00007efd8b3fcd3c RDX:0000000000000006
RDI:000000000025c357 RSI:000000000025c357
RBP:00007efd8b36e1c0 RSP:00007fff9f786590
R8 :0000000000000007 R9 :00005560f8ffc820
R10:0000000000000008 R11:0000000000000246
R12:0000000000000006 R13:00000000000006a6
R14:00007efd8b34e05c R15:00005560f88cf2b0
RIP:00007efd8b3fcd3c EFL:0000000000000246
CSGSFS:002b000000000033
2474839:M 02 Jan 2024 22:42:51.344 # (00007fff9f78659f) -> 00005560f8ffc8d0
2474839:M 02 Jan 2024 22:42:51.344 # (00007fff9f78659e) -> 00007efd8b544c60
2474839:M 02 Jan 2024 22:42:51.344 # (00007fff9f78659d) -> 00000000000002b1
2474839:M 02 Jan 2024 22:42:51.344 # (00007fff9f78659c) -> 00005560f8ffc820
2474839:M 02 Jan 2024 22:42:51.344 # (00007fff9f78659b) -> 00000000000006a6
2474839:M 02 Jan 2024 22:42:51.344 # (00007fff9f78659a) -> 0000000000000020
2474839:M 02 Jan 2024 22:42:51.344 # (00007fff9f786599) -> 00007efd8b398472
2474839:M 02 Jan 2024 22:42:51.344 # (00007fff9f786598) -> 00007efd8b545e70
2474839:M 02 Jan 2024 22:42:51.344 # (00007fff9f786597) -> 00007efd8b3adf32
2474839:M 02 Jan 2024 22:42:51.344 # (00007fff9f786596) -> 00007efd8b34e05c
2474839:M 02 Jan 2024 22:42:51.344 # (00007fff9f786595) -> 00000000000006a6
2474839:M 02 Jan 2024 22:42:51.344 # (00007fff9f786594) -> 00007efd8b34d720
2474839:M 02 Jan 2024 22:42:51.344 # (00007fff9f786593) -> 00007efd8b36e1c0
2474839:M 02 Jan 2024 22:42:51.344 # (00007fff9f786592) -> 0000000000000006
2474839:M 02 Jan 2024 22:42:51.344 # (00007fff9f786591) -> 96d74f9d60adb100
2474839:M 02 Jan 2024 22:42:51.344 # (00007fff9f786590) -> 00005560f88cf2b0

------ INFO OUTPUT ------
# Server
redis_version:255.255.255
redis_git_sha1:e04ebdb8
redis_git_dirty:1
redis_build_id:1f78dcc7b4fbdd25
redis_mode:standalone
os:Linux 6.1.60.1.amd64-smp x86_64
arch_bits:64
monotonic_clock:POSIX clock_gettime
multiplexing_api:epoll
atomicvar_api:c11-builtin
gcc_version:10.2.1
process_id:2474839
process_supervised:no
run_id:45839d4f7c04ceaecc8a5b02e3484e748c903298
tcp_port:5073
server_time_usec:1704231771342665
uptime_in_seconds:0
uptime_in_days:0
hz:10
configured_hz:10
lru_clock:9732955
executable:/home/snagendra/Fuzzing/redis/src/redis-server
config_file:
io_threads_active:0
listener0:name=tcp,bind=0.0.0.0,port=5073

# Clients
connected_clients:1
cluster_connections:0
maxclients:10000
client_recent_max_input_buffer:0
client_recent_max_output_buffer:0
blocked_clients:0
tracking_clients:0
clients_in_timeout_table:0
total_blocking_keys:0
total_blocking_keys_on_nokey:0

# Memory
used_memory:1816928
used_memory_human:1.73M
used_memory_rss:17944576
used_memory_rss_human:17.11M
used_memory_peak:1848160
used_memory_peak_human:1.76M
used_memory_peak_perc:98.31%
used_memory_overhead:1746760
used_memory_startup:1746576
used_memory_dataset:70168
used_memory_dataset_perc:99.74%
allocator_allocated:2205000
allocator_active:2744320
allocator_resident:10948608
total_system_memory:270388695040
total_system_memory_human:251.82G
used_memory_lua:31744
used_memory_vm_eval:31744
used_memory_lua_human:31.00K
used_memory_scripts_eval:0
number_of_cached_scripts:0
number_of_functions:0
number_of_libraries:0
used_memory_vm_functions:32768
used_memory_vm_total:64512
used_memory_vm_total_human:63.00K
used_memory_functions:184
used_memory_scripts:184
used_memory_scripts_human:184B
maxmemory:0
maxmemory_human:0B
maxmemory_policy:noeviction
allocator_frag_ratio:1.24
allocator_frag_bytes:539320
allocator_rss_ratio:3.99
allocator_rss_bytes:8204288
rss_overhead_ratio:1.64
rss_overhead_bytes:6995968
mem_fragmentation_ratio:10.27
mem_fragmentation_bytes:16197856
mem_not_counted_for_evict:0
mem_replication_backlog:0
mem_total_replication_buffers:0
mem_clients_slaves:0
mem_clients_normal:0
mem_cluster_links:0
mem_aof_buffer:0
mem_allocator:jemalloc-5.3.0
active_defrag_running:0
lazyfree_pending_objects:0
lazyfreed_objects:0

# Persistence
loading:0
async_loading:0
current_cow_peak:0
current_cow_size:0
current_cow_size_age:0
current_fork_perc:0.00
current_save_keys_processed:0
current_save_keys_total:0
rdb_changes_since_last_save:0
rdb_bgsave_in_progress:0
rdb_last_save_time:1704231771
rdb_last_bgsave_status:ok
rdb_last_bgsave_time_sec:-1
rdb_current_bgsave_time_sec:-1
rdb_saves:0
rdb_last_cow_size:0
rdb_last_load_keys_expired:0
rdb_last_load_keys_loaded:0
aof_enabled:0
aof_rewrite_in_progress:0
aof_rewrite_scheduled:0
aof_last_rewrite_time_sec:-1
aof_current_rewrite_time_sec:-1
aof_last_bgrewrite_status:ok
aof_rewrites:0
aof_rewrites_consecutive_failures:0
aof_last_write_status:ok
aof_last_cow_size:0
module_fork_in_progress:0
module_fork_last_cow_size:0

# Stats
total_connections_received:2
total_commands_processed:8
instantaneous_ops_per_sec:25
total_net_input_bytes:66
total_net_output_bytes:10
total_net_repl_input_bytes:0
total_net_repl_output_bytes:0
instantaneous_input_kbps:0.00
instantaneous_output_kbps:0.00
instantaneous_input_repl_kbps:0.00
instantaneous_output_repl_kbps:0.00
rejected_connections:0
sync_full:0
sync_partial_ok:0
sync_partial_err:0
expired_keys:0
expired_stale_perc:0.00
expired_time_cap_reached_count:0
expire_cycle_cpu_milliseconds:0
evicted_keys:0
evicted_clients:0
total_eviction_exceeded_time:0
current_eviction_exceeded_time:0
keyspace_hits:0
keyspace_misses:0
pubsub_channels:0
pubsub_patterns:0
pubsubshard_channels:0
latest_fork_usec:0
total_forks:0
migrate_cached_sockets:0
slave_expires_tracked_keys:0
active_defrag_hits:0
active_defrag_misses:0
active_defrag_key_hits:0
active_defrag_key_misses:0
total_active_defrag_time:0
current_active_defrag_time:0
tracking_total_keys:0
tracking_total_items:0
tracking_total_prefixes:0
unexpected_error_replies:0
total_error_replies:0
dump_payload_sanitizations:0
total_reads_processed:3
total_writes_processed:2
io_threaded_reads_processed:0
io_threaded_writes_processed:0
reply_buffer_shrinks:0
reply_buffer_expands:0
acl_access_denied_auth:0
acl_access_denied_cmd:0
acl_access_denied_key:0
acl_access_denied_channel:0

# Replication
role:master
connected_slaves:0
master_failover_state:no-failover
master_replid:662db246483d03b92867c4013822fa2ae4107fdd
master_replid2:0000000000000000000000000000000000000000
master_repl_offset:0
second_repl_offset:-1
repl_backlog_active:0
repl_backlog_size:1048576
repl_backlog_first_byte_offset:0
repl_backlog_histlen:0

# CPU
used_cpu_sys:0.005900
used_cpu_user:0.011800
used_cpu_sys_children:0.000000
used_cpu_user_children:0.000000
used_cpu_sys_main_thread:0.005777
used_cpu_user_main_thread:0.011555

# Modules
module:name=raft,ver=1,api=1,filters=1,usedby=[],using=[],options=[]

# Commandstats
cmdstat_config|get:calls=3,usec=4,usec_per_call=1.33,rejected_calls=0,failed_calls=0
cmdstat_config|set:calls=1,usec=6,usec_per_call=6.00,rejected_calls=0,failed_calls=0
cmdstat_auth:calls=2,usec=3,usec_per_call=1.50,rejected_calls=0,failed_calls=0
cmdstat_command:calls=2,usec=1563,usec_per_call=781.50,rejected_calls=0,failed_calls=0

# Errorstats

# Latencystats
latency_percentiles_usec_config|get:p50=1.003,p99=2.007,p99.9=2.007
latency_percentiles_usec_config|set:p50=6.015,p99=6.015,p99.9=6.015
latency_percentiles_usec_auth:p50=1.003,p99=2.007,p99.9=2.007
latency_percentiles_usec_command:p50=770.047,p99=794.623,p99.9=794.623

# Cluster
cluster_enabled:0

# Keyspace

------ CLIENT LIST OUTPUT ------
id=9 addr=127.0.0.1:49832 laddr=127.0.0.1:5073 fd=12 name= age=0 idle=0 flags=N db=0 sub=0 psub=0 ssub=0 multi=-1 qbuf=0 qbuf-free=20474 argv-mem=0 multi-mem=0 rbs=16384 rbp=16384 obl=0 oll=0 omem=0 tot-mem=37760 events=r cmd=auth user=default redir=-1 resp=2 lib-name= lib-ver=

------ MODULES INFO OUTPUT ------
# raft_version
raft_version:255.255.255
raft_git_sha1:b779b199

# raft_general
raft_dbid:34e2acb7ffca9059b8c4b532cae3fa6b
raft_node_id:3
raft_state:up
raft_role:follower
raft_is_voting:no
raft_voted_for:-1
raft_leader_id:-1
raft_current_term:0
raft_num_nodes:1
raft_num_voting_nodes:0

# raft_log
raft_log_entries:0
raft_current_index:0
raft_commit_index:0
raft_last_applied_index:0
raft_file_size:99
raft_cache_memory_size:0
raft_cache_entries:0
raft_client_attached_entries:0
raft_fsync_count:0
raft_fsync_max_microseconds:0
raft_fsync_avg_microseconds:0

# raft_snapshot
raft_snapshot_filename:redis3.rdb
raft_snapshot_last_idx:0
raft_snapshot_last_term:0
raft_snapshot_size:0
raft_snapshot_time_secs:-1
raft_snapshots_created:0
raft_snapshots_received:0
raft_snapshot_in_progress:no
raft_snapshot_in_progress_last_idx:-1
raft_snapshot_in_progress_last_term:-1

# raft_clients
raft_proxy_reqs:0
raft_proxy_failed_reqs:0
raft_proxy_failed_responses:0
raft_proxy_outstanding_reqs:0

# raft_stats
raft_appendreq_received:0
raft_appendreq_with_entry_received:0
raft_snapshotreq_received:0
raft_exec_throttled:0
raft_num_sessions:0

------ CONFIG DEBUG OUTPUT ------
sanitize-dump-payload no
lazyfree-lazy-eviction no
client-query-buffer-limit 1gb
lazyfree-lazy-user-del no
io-threads 1
list-compress-depth 0
repl-diskless-load disabled
lazyfree-lazy-server-del no
slave-read-only yes
lazyfree-lazy-expire no
replica-read-only yes
io-threads-do-reads no
activedefrag no
proto-max-bulk-len 512mb
repl-diskless-sync yes
lazyfree-lazy-user-flush no

------ FAST MEMORY TEST ------
2474839:M 02 Jan 2024 22:42:51.344 # Bio worker thread #0 terminated
2474839:M 02 Jan 2024 22:42:51.344 # Bio worker thread #1 terminated
2474839:M 02 Jan 2024 22:42:51.344 # Bio worker thread #2 terminated
*** Preparing to test memory region 5560f8ab0000 (2273280 bytes)
*** Preparing to test memory region 5560f8fa7000 (405504 bytes)
*** Preparing to test memory region 7efd7e7ff000 (8388608 bytes)
*** Preparing to test memory region 7efd7f000000 (8388608 bytes)
*** Preparing to test memory region 7efd7f800000 (6291456 bytes)
*** Preparing to test memory region 7efd7fff9000 (8388608 bytes)
*** Preparing to test memory region 7efd807fa000 (8388608 bytes)
*** Preparing to test memory region 7efd80ffb000 (8388608 bytes)
*** Preparing to test memory region 7efd817fc000 (8388608 bytes)
*** Preparing to test memory region 7efd81ffd000 (8388608 bytes)
*** Preparing to test memory region 7efd827fe000 (8388608 bytes)
*** Preparing to test memory region 7efd82fff000 (8388608 bytes)
*** Preparing to test memory region 7efd83800000 (8388608 bytes)
*** Preparing to test memory region 7efd84000000 (135168 bytes)
*** Preparing to test memory region 7efd880e0000 (8388608 bytes)
*** Preparing to test memory region 7efd888e1000 (8388608 bytes)
*** Preparing to test memory region 7efd890e1000 (2621440 bytes)
*** Preparing to test memory region 7efd89370000 (8192 bytes)
*** Preparing to test memory region 7efd89a7f000 (12288 bytes)
*** Preparing to test memory region 7efd8a018000 (16384 bytes)
*** Preparing to test memory region 7efd8a088000 (8192 bytes)
*** Preparing to test memory region 7efd8a1ff000 (4096 bytes)
*** Preparing to test memory region 7efd8aa00000 (8388608 bytes)
*** Preparing to test memory region 7efd8b2e2000 (12288 bytes)
*** Preparing to test memory region 7efd8b367000 (45056 bytes)
*** Preparing to test memory region 7efd8b546000 (53248 bytes)
*** Preparing to test memory region 7efd8b663000 (8192 bytes)
.O.O.O.O.O.O.O.O.O.O.O.O.O.O.O.O.O.O.O.O.O.O.O.O.O.O.O
Fast memory test PASSED, however your memory can still be broken. Please run a memory test for several hours if possible.

------ DUMPING CODE AROUND EIP ------
Symbol: (null) (base: (nil))
Module: /lib/x86_64-linux-gnu/libc.so.6 (base 0x7efd8b372000)
$ xxd -r -p /tmp/dump.hex /tmp/dump.bin
$ objdump --adjust-vma=(nil) -D -b binary -m i386:x86-64 /tmp/dump.bin
------

=== REDIS BUG REPORT END. Make sure to include from START to END. ===

       Please report the crash by opening an issue on github:

           http://github.com/redis/redis/issues

  If a Redis module was involved, please open in the module's repo instead.

  Suspect RAM error? Use redis-server --test-memory to verify it.

  Some other issues could be detected by redis-server --check-system
2475156:C 02 Jan 2024 22:42:52.089 # WARNING Memory overcommit must be enabled! Without it, a background save or replication may fail under low memory condition. Being disabled, it can also cause failures without low memory condition, see https://github.com/jemalloc/jemalloc/issues/1328. To fix this issue add 'vm.overcommit_memory = 1' to /etc/sysctl.conf and then reboot or run the command 'sysctl vm.overcommit_memory=1' for this to take effect.
2475156:C 02 Jan 2024 22:42:52.089 * oO0OoO0OoO0Oo Redis is starting oO0OoO0OoO0Oo
2475156:C 02 Jan 2024 22:42:52.089 * Redis version=255.255.255, bits=64, commit=e04ebdb8, modified=1, pid=2475156, just started
2475156:C 02 Jan 2024 22:42:52.089 * Configuration loaded
2475156:M 02 Jan 2024 22:42:52.090 * monotonic clock: POSIX clock_gettime
2475156:M 02 Jan 2024 22:42:52.090 * Running mode=standalone, port=5073.
2475156:M 02 Jan 2024 22:42:52.097 * <raft> RedisRaft version 255.255.255 [b779b199]
2475156:M 02 Jan 2024 22:42:52.101 * <raft> Initializing test network
2475156:M 02 Jan 2024 22:42:52.102 * <raft> Created test network client
2475156:M 02 Jan 2024 22:42:52.105 * <raft> Raft module loaded, state is 'loading'
2475156:M 02 Jan 2024 22:42:52.105 * Module 'raft' loaded from /home/snagendra/Fuzzing/redisraft-fuzzing/redisraft.so
2475156:M 02 Jan 2024 22:42:52.105 * Server initialized
2475156:M 02 Jan 2024 22:42:52.105 . The AOF directory appendonlydir doesn't exist
2475156:M 02 Jan 2024 22:42:52.105 * Ready to accept connections tcp
2475156:M 02 Jan 2024 22:42:52.105 . 0 clients connected (0 replicas), 1746720 bytes in use
2475156:M 02 Jan 2024 22:42:52.122 - Accepted 127.0.0.1:49862
2475156:M 02 Jan 2024 22:42:52.122 # Missing implement of connection type tls
2475156:M 02 Jan 2024 22:42:52.205 * <raft> Loading: Redis loading complete, snapshot NOT LOADED
2475156:M 02 Jan 2024 22:42:52.206 * <raft> Cluster Membership: term:0 index:0 nodes: id=3,voting=0,active=1,addr=-
2475156:M 02 Jan 2024 22:42:52.206 * <raft> Test network starting message polling thread


=== REDIS BUG REPORT START: Cut & paste starting from here ===
2475156:M 02 Jan 2024 22:42:52.206 # Redis 255.255.255 crashed by signal: 6, si_code: -6
2475156:M 02 Jan 2024 22:42:52.206 # Crashed running the instruction at: 0x7f96faed1d3c

------ STACK TRACE ------
EIP:
/lib/x86_64-linux-gnu/libc.so.6(+0x8ad3c)[0x7f96faed1d3c]

Backtrace:
/lib/x86_64-linux-gnu/libc.so.6(+0x3bfd0)[0x7f96fae82fd0]
/lib/x86_64-linux-gnu/libc.so.6(+0x8ad3c)[0x7f96faed1d3c]
/lib/x86_64-linux-gnu/libc.so.6(gsignal+0x12)[0x7f96fae82f32]
/lib/x86_64-linux-gnu/libc.so.6(abort+0xd3)[0x7f96fae6d472]
/lib/x86_64-linux-gnu/libc.so.6(+0x26395)[0x7f96fae6d395]
/lib/x86_64-linux-gnu/libc.so.6(+0x34e32)[0x7f96fae7be32]
/home/snagendra/Fuzzing/redisraft-fuzzing/redisraft.so(+0x3caea)[0x7f96f9db4aea]
/home/snagendra/Fuzzing/redisraft-fuzzing/redisraft.so(callRaftPeriodic+0x478)[0x7f96f9da5088]
/home/snagendra/Fuzzing/redis/src/redis-server 0.0.0.0:5073(moduleTimerHandler+0x21c)[0x55bd4de1d98c]
/home/snagendra/Fuzzing/redis/src/redis-server 0.0.0.0:5073(+0x81705)[0x55bd4dd27705]
/home/snagendra/Fuzzing/redis/src/redis-server 0.0.0.0:5073(aeMain+0x1c8)[0x55bd4dd31cb8]
/home/snagendra/Fuzzing/redis/src/redis-server 0.0.0.0:5073(main+0x3cd)[0x55bd4dd26e2d]
/lib/x86_64-linux-gnu/libc.so.6(+0x271ca)[0x7f96fae6e1ca]
/lib/x86_64-linux-gnu/libc.so.6(__libc_start_main+0x85)[0x7f96fae6e285]
/home/snagendra/Fuzzing/redis/src/redis-server 0.0.0.0:5073(_start+0x2a)[0x55bd4dd275aa]

------ REGISTERS ------
2475156:M 02 Jan 2024 22:42:52.207 # 
RAX:0000000000000000 RBX:000000000025c494
RCX:00007f96faed1d3c RDX:0000000000000006
RDI:000000000025c494 RSI:000000000025c494
RBP:00007f96fae431c0 RSP:00007fffe7d25e30
R8 :0000000000000007 R9 :000055bd4ee64820
R10:0000000000000008 R11:0000000000000246
R12:0000000000000006 R13:00000000000006a6
R14:00007f96f9de105c R15:000055bd4de1c2b0
RIP:00007f96faed1d3c EFL:0000000000000246
CSGSFS:002b000000000033
2475156:M 02 Jan 2024 22:42:52.207 # (00007fffe7d25e3f) -> 000055bd4ee648d0
2475156:M 02 Jan 2024 22:42:52.207 # (00007fffe7d25e3e) -> 00007f96fb019c60
2475156:M 02 Jan 2024 22:42:52.207 # (00007fffe7d25e3d) -> 00000000000002b1
2475156:M 02 Jan 2024 22:42:52.207 # (00007fffe7d25e3c) -> 000055bd4ee64820
2475156:M 02 Jan 2024 22:42:52.207 # (00007fffe7d25e3b) -> 00000000000006a6
2475156:M 02 Jan 2024 22:42:52.207 # (00007fffe7d25e3a) -> 0000000000000020
2475156:M 02 Jan 2024 22:42:52.207 # (00007fffe7d25e39) -> 00007f96fae6d472
2475156:M 02 Jan 2024 22:42:52.207 # (00007fffe7d25e38) -> 00007f96fb01ae70
2475156:M 02 Jan 2024 22:42:52.207 # (00007fffe7d25e37) -> 00007f96fae82f32
2475156:M 02 Jan 2024 22:42:52.207 # (00007fffe7d25e36) -> 00007f96f9de105c
2475156:M 02 Jan 2024 22:42:52.207 # (00007fffe7d25e35) -> 00000000000006a6
2475156:M 02 Jan 2024 22:42:52.207 # (00007fffe7d25e34) -> 00007f96f9de0720
2475156:M 02 Jan 2024 22:42:52.207 # (00007fffe7d25e33) -> 00007f96fae431c0
2475156:M 02 Jan 2024 22:42:52.207 # (00007fffe7d25e32) -> 0000000000000006
2475156:M 02 Jan 2024 22:42:52.207 # (00007fffe7d25e31) -> 216fd62922e27400
2475156:M 02 Jan 2024 22:42:52.207 # (00007fffe7d25e30) -> 000055bd4de1c2b0

------ INFO OUTPUT ------
# Server
redis_version:255.255.255
redis_git_sha1:e04ebdb8
redis_git_dirty:1
redis_build_id:1f78dcc7b4fbdd25
redis_mode:standalone
os:Linux 6.1.60.1.amd64-smp x86_64
arch_bits:64
monotonic_clock:POSIX clock_gettime
multiplexing_api:epoll
atomicvar_api:c11-builtin
gcc_version:10.2.1
process_id:2475156
process_supervised:no
run_id:f863435c57e7a3b24aef6f70cf9ffe6c06c38215
tcp_port:5073
server_time_usec:1704231772205827
uptime_in_seconds:0
uptime_in_days:0
hz:10
configured_hz:10
lru_clock:9732956
executable:/home/snagendra/Fuzzing/redis/src/redis-server
config_file:
io_threads_active:0
listener0:name=tcp,bind=0.0.0.0,port=5073

# Clients
connected_clients:1
cluster_connections:0
maxclients:10000
client_recent_max_input_buffer:0
client_recent_max_output_buffer:0
blocked_clients:0
tracking_clients:0
clients_in_timeout_table:0
total_blocking_keys:0
total_blocking_keys_on_nokey:0

# Memory
used_memory:1816928
used_memory_human:1.73M
used_memory_rss:17883136
used_memory_rss_human:17.05M
used_memory_peak:1816928
used_memory_peak_human:1.73M
used_memory_peak_perc:100.39%
used_memory_overhead:1746760
used_memory_startup:1746576
used_memory_dataset:70168
used_memory_dataset_perc:99.74%
allocator_allocated:2060792
allocator_active:2592768
allocator_resident:10883072
total_system_memory:270388695040
total_system_memory_human:251.82G
used_memory_lua:31744
used_memory_vm_eval:31744
used_memory_lua_human:31.00K
used_memory_scripts_eval:0
number_of_cached_scripts:0
number_of_functions:0
number_of_libraries:0
used_memory_vm_functions:32768
used_memory_vm_total:64512
used_memory_vm_total_human:63.00K
used_memory_functions:184
used_memory_scripts:184
used_memory_scripts_human:184B
maxmemory:0
maxmemory_human:0B
maxmemory_policy:noeviction
allocator_frag_ratio:1.26
allocator_frag_bytes:531976
allocator_rss_ratio:4.20
allocator_rss_bytes:8290304
rss_overhead_ratio:1.64
rss_overhead_bytes:7000064
mem_fragmentation_ratio:10.24
mem_fragmentation_bytes:16136416
mem_not_counted_for_evict:0
mem_replication_backlog:0
mem_total_replication_buffers:0
mem_clients_slaves:0
mem_clients_normal:0
mem_cluster_links:0
mem_aof_buffer:0
mem_allocator:jemalloc-5.3.0
active_defrag_running:0
lazyfree_pending_objects:0
lazyfreed_objects:0

# Persistence
loading:0
async_loading:0
current_cow_peak:0
current_cow_size:0
current_cow_size_age:0
current_fork_perc:0.00
current_save_keys_processed:0
current_save_keys_total:0
rdb_changes_since_last_save:0
rdb_bgsave_in_progress:0
rdb_last_save_time:1704231772
rdb_last_bgsave_status:ok
rdb_last_bgsave_time_sec:-1
rdb_current_bgsave_time_sec:-1
rdb_saves:0
rdb_last_cow_size:0
rdb_last_load_keys_expired:0
rdb_last_load_keys_loaded:0
aof_enabled:0
aof_rewrite_in_progress:0
aof_rewrite_scheduled:0
aof_last_rewrite_time_sec:-1
aof_current_rewrite_time_sec:-1
aof_last_bgrewrite_status:ok
aof_rewrites:0
aof_rewrites_consecutive_failures:0
aof_last_write_status:ok
aof_last_cow_size:0
module_fork_in_progress:0
module_fork_last_cow_size:0

# Stats
total_connections_received:1
total_commands_processed:7
instantaneous_ops_per_sec:25
total_net_input_bytes:33
total_net_output_bytes:5
total_net_repl_input_bytes:0
total_net_repl_output_bytes:0
instantaneous_input_kbps:0.00
instantaneous_output_kbps:0.00
instantaneous_input_repl_kbps:0.00
instantaneous_output_repl_kbps:0.00
rejected_connections:0
sync_full:0
sync_partial_ok:0
sync_partial_err:0
expired_keys:0
expired_stale_perc:0.00
expired_time_cap_reached_count:0
expire_cycle_cpu_milliseconds:0
evicted_keys:0
evicted_clients:0
total_eviction_exceeded_time:0
current_eviction_exceeded_time:0
keyspace_hits:0
keyspace_misses:0
pubsub_channels:0
pubsub_patterns:0
pubsubshard_channels:0
latest_fork_usec:0
total_forks:0
migrate_cached_sockets:0
slave_expires_tracked_keys:0
active_defrag_hits:0
active_defrag_misses:0
active_defrag_key_hits:0
active_defrag_key_misses:0
total_active_defrag_time:0
current_active_defrag_time:0
tracking_total_keys:0
tracking_total_items:0
tracking_total_prefixes:0
unexpected_error_replies:0
total_error_replies:0
dump_payload_sanitizations:0
total_reads_processed:1
total_writes_processed:1
io_threaded_reads_processed:0
io_threaded_writes_processed:0
reply_buffer_shrinks:0
reply_buffer_expands:0
acl_access_denied_auth:0
acl_access_denied_cmd:0
acl_access_denied_key:0
acl_access_denied_channel:0

# Replication
role:master
connected_slaves:0
master_failover_state:no-failover
master_replid:ce9e4204ffbb67102e892288cea962659130031a
master_replid2:0000000000000000000000000000000000000000
master_repl_offset:0
second_repl_offset:-1
repl_backlog_active:0
repl_backlog_size:1048576
repl_backlog_first_byte_offset:0
repl_backlog_histlen:0

# CPU
used_cpu_sys:0.010650
used_cpu_user:0.007100
used_cpu_sys_children:0.000000
used_cpu_user_children:0.000000
used_cpu_sys_main_thread:0.010459
used_cpu_user_main_thread:0.006972

# Modules
module:name=raft,ver=1,api=1,filters=1,usedby=[],using=[],options=[]

# Commandstats
cmdstat_command:calls=2,usec=1475,usec_per_call=737.50,rejected_calls=0,failed_calls=0
cmdstat_auth:calls=1,usec=1,usec_per_call=1.00,rejected_calls=0,failed_calls=0
cmdstat_config|get:calls=3,usec=4,usec_per_call=1.33,rejected_calls=0,failed_calls=0
cmdstat_config|set:calls=1,usec=11,usec_per_call=11.00,rejected_calls=0,failed_calls=0

# Errorstats

# Latencystats
latency_percentiles_usec_command:p50=700.415,p99=778.239,p99.9=778.239
latency_percentiles_usec_auth:p50=1.003,p99=1.003,p99.9=1.003
latency_percentiles_usec_config|get:p50=1.003,p99=2.007,p99.9=2.007
latency_percentiles_usec_config|set:p50=11.007,p99=11.007,p99.9=11.007

# Cluster
cluster_enabled:0

# Keyspace

------ CLIENT LIST OUTPUT ------
id=8 addr=127.0.0.1:49862 laddr=127.0.0.1:5073 fd=11 name= age=0 idle=0 flags=N db=0 sub=0 psub=0 ssub=0 multi=-1 qbuf=0 qbuf-free=20474 argv-mem=0 multi-mem=0 rbs=16384 rbp=16384 obl=0 oll=0 omem=0 tot-mem=37760 events=r cmd=auth user=default redir=-1 resp=2 lib-name= lib-ver=

------ MODULES INFO OUTPUT ------
# raft_version
raft_version:255.255.255
raft_git_sha1:b779b199

# raft_general
raft_dbid:34e2acb7ffca9059b8c4b532cae3fa6b
raft_node_id:3
raft_state:up
raft_role:follower
raft_is_voting:no
raft_voted_for:-1
raft_leader_id:-1
raft_current_term:0
raft_num_nodes:1
raft_num_voting_nodes:0

# raft_log
raft_log_entries:0
raft_current_index:0
raft_commit_index:0
raft_last_applied_index:0
raft_file_size:99
raft_cache_memory_size:0
raft_cache_entries:0
raft_client_attached_entries:0
raft_fsync_count:0
raft_fsync_max_microseconds:0
raft_fsync_avg_microseconds:0

# raft_snapshot
raft_snapshot_filename:redis3.rdb
raft_snapshot_last_idx:0
raft_snapshot_last_term:0
raft_snapshot_size:0
raft_snapshot_time_secs:-1
raft_snapshots_created:0
raft_snapshots_received:0
raft_snapshot_in_progress:no
raft_snapshot_in_progress_last_idx:-1
raft_snapshot_in_progress_last_term:-1

# raft_clients
raft_proxy_reqs:0
raft_proxy_failed_reqs:0
raft_proxy_failed_responses:0
raft_proxy_outstanding_reqs:0

# raft_stats
raft_appendreq_received:0
raft_appendreq_with_entry_received:0
raft_snapshotreq_received:0
raft_exec_throttled:0
raft_num_sessions:0

------ CONFIG DEBUG OUTPUT ------
client-query-buffer-limit 1gb
replica-read-only yes
repl-diskless-sync yes
list-compress-depth 0
io-threads 1
proto-max-bulk-len 512mb
sanitize-dump-payload no
activedefrag no
lazyfree-lazy-expire no
lazyfree-lazy-user-del no
io-threads-do-reads no
repl-diskless-load disabled
lazyfree-lazy-user-flush no
lazyfree-lazy-eviction no
slave-read-only yes
lazyfree-lazy-server-del no

------ FAST MEMORY TEST ------
2475156:M 02 Jan 2024 22:42:52.207 # Bio worker thread #0 terminated
2475156:M 02 Jan 2024 22:42:52.207 # Bio worker thread #1 terminated
2475156:M 02 Jan 2024 22:42:52.207 # Bio worker thread #2 terminated
*** Preparing to test memory region 55bd4dffd000 (2273280 bytes)
*** Preparing to test memory region 55bd4ee0f000 (405504 bytes)
*** Preparing to test memory region 7f96edfff000 (8388608 bytes)
*** Preparing to test memory region 7f96ee800000 (8388608 bytes)
*** Preparing to test memory region 7f96ef000000 (6291456 bytes)
*** Preparing to test memory region 7f96ef7f8000 (8388608 bytes)
*** Preparing to test memory region 7f96efff9000 (8388608 bytes)
*** Preparing to test memory region 7f96f07fa000 (8388608 bytes)
*** Preparing to test memory region 7f96f0ffb000 (8388608 bytes)
*** Preparing to test memory region 7f96f17fc000 (8388608 bytes)
*** Preparing to test memory region 7f96f1ffd000 (8388608 bytes)
*** Preparing to test memory region 7f96f27fe000 (8388608 bytes)
*** Preparing to test memory region 7f96f2fff000 (8388608 bytes)
*** Preparing to test memory region 7f96f3800000 (8388608 bytes)
*** Preparing to test memory region 7f96f4000000 (135168 bytes)
*** Preparing to test memory region 7f96f83ad000 (8388608 bytes)
*** Preparing to test memory region 7f96f8bad000 (2621440 bytes)
*** Preparing to test memory region 7f96f8e3c000 (8192 bytes)
*** Preparing to test memory region 7f96f947f000 (12288 bytes)
*** Preparing to test memory region 7f96f9a18000 (16384 bytes)
*** Preparing to test memory region 7f96f9b6b000 (8192 bytes)
*** Preparing to test memory region 7f96f9dfa000 (24576 bytes)
*** Preparing to test memory region 7f96fa600000 (8388608 bytes)
*** Preparing to test memory region 7f96fae1a000 (4096 bytes)
*** Preparing to test memory region 7f96fae3f000 (32768 bytes)
*** Preparing to test memory region 7f96fb01b000 (53248 bytes)
*** Preparing to test memory region 7f96fb138000 (8192 bytes)
.O.O.2475156:signal-handler (1704231772) Received SIGINT scheduling shutdown...
2475156:signal-handler (1704231772) You insist... exiting now.
2475298:C 02 Jan 2024 22:42:52.567 # WARNING Memory overcommit must be enabled! Without it, a background save or replication may fail under low memory condition. Being disabled, it can also cause failures without low memory condition, see https://github.com/jemalloc/jemalloc/issues/1328. To fix this issue add 'vm.overcommit_memory = 1' to /etc/sysctl.conf and then reboot or run the command 'sysctl vm.overcommit_memory=1' for this to take effect.
2475298:C 02 Jan 2024 22:42:52.567 * oO0OoO0OoO0Oo Redis is starting oO0OoO0OoO0Oo
2475298:C 02 Jan 2024 22:42:52.567 * Redis version=255.255.255, bits=64, commit=e04ebdb8, modified=1, pid=2475298, just started
2475298:C 02 Jan 2024 22:42:52.567 * Configuration loaded
2475298:M 02 Jan 2024 22:42:52.568 * monotonic clock: POSIX clock_gettime
2475298:M 02 Jan 2024 22:42:52.568 * Running mode=standalone, port=5073.
2475298:M 02 Jan 2024 22:42:52.574 * <raft> RedisRaft version 255.255.255 [b779b199]
2475298:M 02 Jan 2024 22:42:52.578 * <raft> Initializing test network
2475298:M 02 Jan 2024 22:42:52.579 * <raft> Created test network client
2475298:M 02 Jan 2024 22:42:52.580 * <raft> Raft module loaded, state is 'loading'
2475298:M 02 Jan 2024 22:42:52.580 * Module 'raft' loaded from /home/snagendra/Fuzzing/redisraft-fuzzing/redisraft.so
2475298:M 02 Jan 2024 22:42:52.581 * Server initialized
2475298:M 02 Jan 2024 22:42:52.581 . The AOF directory appendonlydir doesn't exist
2475298:M 02 Jan 2024 22:42:52.581 * Ready to accept connections tcp
2475298:M 02 Jan 2024 22:42:52.581 . 0 clients connected (0 replicas), 1746624 bytes in use
2475298:M 02 Jan 2024 22:42:52.594 - Accepted 127.0.0.1:52508
2475298:M 02 Jan 2024 22:42:52.594 # Missing implement of connection type tls
2475298:M 02 Jan 2024 22:42:52.635 - Client closed connection id=8 addr=127.0.0.1:52508 laddr=127.0.0.1:5073 fd=11 name= age=0 idle=0 flags=N db=0 sub=0 psub=0 ssub=0 multi=-1 qbuf=0 qbuf-free=20474 argv-mem=0 multi-mem=0 rbs=16384 rbp=16384 obl=0 oll=0 omem=0 tot-mem=37760 events=r cmd=auth user=default redir=-1 resp=2 lib-name= lib-ver=
2475298:signal-handler (1704231772) Received SIGINT scheduling shutdown...
2475298:M 02 Jan 2024 22:42:52.680 * <raft> Loading: Redis loading complete, snapshot NOT LOADED
2475298:M 02 Jan 2024 22:42:52.681 * <raft> Cluster Membership: term:0 index:0 nodes: id=3,voting=0,active=1,addr=-
2475298:M 02 Jan 2024 22:42:52.681 * <raft> Test network starting message polling thread


=== REDIS BUG REPORT START: Cut & paste starting from here ===
2475298:M 02 Jan 2024 22:42:52.681 # Redis 255.255.255 crashed by signal: 6, si_code: -6
2475298:M 02 Jan 2024 22:42:52.681 # Crashed running the instruction at: 0x7ff6ca24cd3c

------ STACK TRACE ------
EIP:
/lib/x86_64-linux-gnu/libc.so.6(+0x8ad3c)[0x7ff6ca24cd3c]

Backtrace:
/lib/x86_64-linux-gnu/libc.so.6(+0x3bfd0)[0x7ff6ca1fdfd0]
/lib/x86_64-linux-gnu/libc.so.6(+0x8ad3c)[0x7ff6ca24cd3c]
/lib/x86_64-linux-gnu/libc.so.6(gsignal+0x12)[0x7ff6ca1fdf32]
/lib/x86_64-linux-gnu/libc.so.6(abort+0xd3)[0x7ff6ca1e8472]
/lib/x86_64-linux-gnu/libc.so.6(+0x26395)[0x7ff6ca1e8395]
/lib/x86_64-linux-gnu/libc.so.6(+0x34e32)[0x7ff6ca1f6e32]
/home/snagendra/Fuzzing/redisraft-fuzzing/redisraft.so(+0x3caea)[0x7ff6ca171aea]
/home/snagendra/Fuzzing/redisraft-fuzzing/redisraft.so(callRaftPeriodic+0x478)[0x7ff6ca162088]
/home/snagendra/Fuzzing/redis/src/redis-server 0.0.0.0:5073(moduleTimerHandler+0x21c)[0x558df874c98c]
/home/snagendra/Fuzzing/redis/src/redis-server 0.0.0.0:5073(+0x81705)[0x558df8656705]
/home/snagendra/Fuzzing/redis/src/redis-server 0.0.0.0:5073(aeMain+0x1c8)[0x558df8660cb8]
/home/snagendra/Fuzzing/redis/src/redis-server 0.0.0.0:5073(main+0x3cd)[0x558df8655e2d]
/lib/x86_64-linux-gnu/libc.so.6(+0x271ca)[0x7ff6ca1e91ca]
/lib/x86_64-linux-gnu/libc.so.6(__libc_start_main+0x85)[0x7ff6ca1e9285]
/home/snagendra/Fuzzing/redis/src/redis-server 0.0.0.0:5073(_start+0x2a)[0x558df86565aa]

------ REGISTERS ------
2475298:M 02 Jan 2024 22:42:52.682 # 
RAX:0000000000000000 RBX:000000000025c522
RCX:00007ff6ca24cd3c RDX:0000000000000006
RDI:000000000025c522 RSI:000000000025c522
RBP:00007ff6ca1be1c0 RSP:00007fffbe1d9c80
R8 :0000000000000007 R9 :0000558df9312820
R10:0000000000000008 R11:0000000000000246
R12:0000000000000006 R13:00000000000006a6
R14:00007ff6ca19e05c R15:0000558df874b2b0
RIP:00007ff6ca24cd3c EFL:0000000000000246
CSGSFS:002b000000000033
2475298:M 02 Jan 2024 22:42:52.682 # (00007fffbe1d9c8f) -> 0000558df93128d0
2475298:M 02 Jan 2024 22:42:52.682 # (00007fffbe1d9c8e) -> 00007ff6ca394c60
2475298:M 02 Jan 2024 22:42:52.682 # (00007fffbe1d9c8d) -> 00000000000002b1
2475298:M 02 Jan 2024 22:42:52.682 # (00007fffbe1d9c8c) -> 0000558df9312820
2475298:M 02 Jan 2024 22:42:52.682 # (00007fffbe1d9c8b) -> 00000000000006a6
2475298:M 02 Jan 2024 22:42:52.682 # (00007fffbe1d9c8a) -> 0000000000000020
2475298:M 02 Jan 2024 22:42:52.682 # (00007fffbe1d9c89) -> 00007ff6ca1e8472
2475298:M 02 Jan 2024 22:42:52.682 # (00007fffbe1d9c88) -> 00007ff6ca395e70
2475298:M 02 Jan 2024 22:42:52.682 # (00007fffbe1d9c87) -> 00007ff6ca1fdf32
2475298:M 02 Jan 2024 22:42:52.682 # (00007fffbe1d9c86) -> 00007ff6ca19e05c
2475298:M 02 Jan 2024 22:42:52.682 # (00007fffbe1d9c85) -> 00000000000006a6
2475298:M 02 Jan 2024 22:42:52.682 # (00007fffbe1d9c84) -> 00007ff6ca19d720
2475298:M 02 Jan 2024 22:42:52.682 # (00007fffbe1d9c83) -> 00007ff6ca1be1c0
2475298:M 02 Jan 2024 22:42:52.682 # (00007fffbe1d9c82) -> 0000000000000006
2475298:M 02 Jan 2024 22:42:52.682 # (00007fffbe1d9c81) -> fd58f673ff27dd00
2475298:M 02 Jan 2024 22:42:52.682 # (00007fffbe1d9c80) -> 0000558df874b2b0

------ INFO OUTPUT ------
# Server
redis_version:255.255.255
redis_git_sha1:e04ebdb8
redis_git_dirty:1
redis_build_id:1f78dcc7b4fbdd25
redis_mode:standalone
os:Linux 6.1.60.1.amd64-smp x86_64
arch_bits:64
monotonic_clock:POSIX clock_gettime
multiplexing_api:epoll
atomicvar_api:c11-builtin
gcc_version:10.2.1
process_id:2475298
process_supervised:no
run_id:315b9061faf864e92a87f88e86519e2e20e0161c
tcp_port:5073
server_time_usec:1704231772680891
uptime_in_seconds:0
uptime_in_days:0
hz:10
configured_hz:10
lru_clock:9732956
executable:/home/snagendra/Fuzzing/redis/src/redis-server
config_file:
io_threads_active:0
listener0:name=tcp,bind=0.0.0.0,port=5073

# Clients
connected_clients:0
cluster_connections:0
maxclients:10000
client_recent_max_input_buffer:0
client_recent_max_output_buffer:0
blocked_clients:0
tracking_clients:0
clients_in_timeout_table:0
total_blocking_keys:0
total_blocking_keys_on_nokey:0

# Memory
used_memory:1778560
used_memory_human:1.70M
used_memory_rss:17678336
used_memory_rss_human:16.86M
used_memory_peak:1809720
used_memory_peak_human:1.73M
used_memory_peak_perc:98.28%
used_memory_overhead:1746664
used_memory_startup:1746480
used_memory_dataset:31896
used_memory_dataset_perc:99.43%
allocator_allocated:2157800
allocator_active:2703360
allocator_resident:10911744
total_system_memory:270388695040
total_system_memory_human:251.82G
used_memory_lua:31744
used_memory_vm_eval:31744
used_memory_lua_human:31.00K
used_memory_scripts_eval:0
number_of_cached_scripts:0
number_of_functions:0
number_of_libraries:0
used_memory_vm_functions:32768
used_memory_vm_total:64512
used_memory_vm_total_human:63.00K
used_memory_functions:184
used_memory_scripts:184
used_memory_scripts_human:184B
maxmemory:0
maxmemory_human:0B
maxmemory_policy:noeviction
allocator_frag_ratio:1.25
allocator_frag_bytes:545560
allocator_rss_ratio:4.04
allocator_rss_bytes:8208384
rss_overhead_ratio:1.62
rss_overhead_bytes:6766592
mem_fragmentation_ratio:10.12
mem_fragmentation_bytes:15931712
mem_not_counted_for_evict:0
mem_replication_backlog:0
mem_total_replication_buffers:0
mem_clients_slaves:0
mem_clients_normal:0
mem_cluster_links:0
mem_aof_buffer:0
mem_allocator:jemalloc-5.3.0
active_defrag_running:0
lazyfree_pending_objects:0
lazyfreed_objects:0

# Persistence
loading:0
async_loading:0
current_cow_peak:0
current_cow_size:0
current_cow_size_age:0
current_fork_perc:0.00
current_save_keys_processed:0
current_save_keys_total:0
rdb_changes_since_last_save:0
rdb_bgsave_in_progress:0
rdb_last_save_time:1704231772
rdb_last_bgsave_status:ok
rdb_last_bgsave_time_sec:-1
rdb_current_bgsave_time_sec:-1
rdb_saves:0
rdb_last_cow_size:0
rdb_last_load_keys_expired:0
rdb_last_load_keys_loaded:0
aof_enabled:0
aof_rewrite_in_progress:0
aof_rewrite_scheduled:0
aof_last_rewrite_time_sec:-1
aof_current_rewrite_time_sec:-1
aof_last_bgrewrite_status:ok
aof_rewrites:0
aof_rewrites_consecutive_failures:0
aof_last_write_status:ok
aof_last_cow_size:0
module_fork_in_progress:0
module_fork_last_cow_size:0

# Stats
total_connections_received:1
total_commands_processed:7
instantaneous_ops_per_sec:28
total_net_input_bytes:33
total_net_output_bytes:5
total_net_repl_input_bytes:0
total_net_repl_output_bytes:0
instantaneous_input_kbps:0.00
instantaneous_output_kbps:0.00
instantaneous_input_repl_kbps:0.00
instantaneous_output_repl_kbps:0.00
rejected_connections:0
sync_full:0
sync_partial_ok:0
sync_partial_err:0
expired_keys:0
expired_stale_perc:0.00
expired_time_cap_reached_count:0
expire_cycle_cpu_milliseconds:0
evicted_keys:0
evicted_clients:0
total_eviction_exceeded_time:0
current_eviction_exceeded_time:0
keyspace_hits:0
keyspace_misses:0
pubsub_channels:0
pubsub_patterns:0
pubsubshard_channels:0
latest_fork_usec:0
total_forks:0
migrate_cached_sockets:0
slave_expires_tracked_keys:0
active_defrag_hits:0
active_defrag_misses:0
active_defrag_key_hits:0
active_defrag_key_misses:0
total_active_defrag_time:0
current_active_defrag_time:0
tracking_total_keys:0
tracking_total_items:0
tracking_total_prefixes:0
unexpected_error_replies:0
total_error_replies:0
dump_payload_sanitizations:0
total_reads_processed:2
total_writes_processed:1
io_threaded_reads_processed:0
io_threaded_writes_processed:0
reply_buffer_shrinks:0
reply_buffer_expands:0
acl_access_denied_auth:0
acl_access_denied_cmd:0
acl_access_denied_key:0
acl_access_denied_channel:0

# Replication
role:master
connected_slaves:0
master_failover_state:no-failover
master_replid:f79f98c3e05573760a8ba230206f2f1b39bc6d1a
master_replid2:0000000000000000000000000000000000000000
master_repl_offset:0
second_repl_offset:-1
repl_backlog_active:0
repl_backlog_size:1048576
repl_backlog_first_byte_offset:0
repl_backlog_histlen:0

# CPU
used_cpu_sys:0.007505
used_cpu_user:0.009524
used_cpu_sys_children:0.000000
used_cpu_user_children:0.000000
used_cpu_sys_main_thread:0.006652
used_cpu_user_main_thread:0.009978

# Modules
module:name=raft,ver=1,api=1,filters=1,usedby=[],using=[],options=[]

# Commandstats
cmdstat_command:calls=2,usec=1465,usec_per_call=732.50,rejected_calls=0,failed_calls=0
cmdstat_auth:calls=1,usec=1,usec_per_call=1.00,rejected_calls=0,failed_calls=0
cmdstat_config|get:calls=3,usec=5,usec_per_call=1.67,rejected_calls=0,failed_calls=0
cmdstat_config|set:calls=1,usec=11,usec_per_call=11.00,rejected_calls=0,failed_calls=0

# Errorstats

# Latencystats
latency_percentiles_usec_command:p50=700.415,p99=770.047,p99.9=770.047
latency_percentiles_usec_auth:p50=1.003,p99=1.003,p99.9=1.003
latency_percentiles_usec_config|get:p50=2.007,p99=2.007,p99.9=2.007
latency_percentiles_usec_config|set:p50=11.007,p99=11.007,p99.9=11.007

# Cluster
cluster_enabled:0

# Keyspace

------ CLIENT LIST OUTPUT ------

------ MODULES INFO OUTPUT ------
# raft_version
raft_version:255.255.255
raft_git_sha1:b779b199

# raft_general
raft_dbid:34e2acb7ffca9059b8c4b532cae3fa6b
raft_node_id:3
raft_state:up
raft_role:follower
raft_is_voting:no
raft_voted_for:-1
raft_leader_id:-1
raft_current_term:0
raft_num_nodes:1
raft_num_voting_nodes:0

# raft_log
raft_log_entries:0
raft_current_index:0
raft_commit_index:0
raft_last_applied_index:0
raft_file_size:99
raft_cache_memory_size:0
raft_cache_entries:0
raft_client_attached_entries:0
raft_fsync_count:0
raft_fsync_max_microseconds:0
raft_fsync_avg_microseconds:0

# raft_snapshot
raft_snapshot_filename:redis3.rdb
raft_snapshot_last_idx:0
raft_snapshot_last_term:0
raft_snapshot_size:0
raft_snapshot_time_secs:-1
raft_snapshots_created:0
raft_snapshots_received:0
raft_snapshot_in_progress:no
raft_snapshot_in_progress_last_idx:-1
raft_snapshot_in_progress_last_term:-1

# raft_clients
raft_proxy_reqs:0
raft_proxy_failed_reqs:0
raft_proxy_failed_responses:0
raft_proxy_outstanding_reqs:0

# raft_stats
raft_appendreq_received:0
raft_appendreq_with_entry_received:0
raft_snapshotreq_received:0
raft_exec_throttled:0
raft_num_sessions:0

------ CONFIG DEBUG OUTPUT ------
slave-read-only yes
replica-read-only yes
list-compress-depth 0
lazyfree-lazy-server-del no
proto-max-bulk-len 512mb
io-threads 1
io-threads-do-reads no
lazyfree-lazy-user-del no
client-query-buffer-limit 1gb
lazyfree-lazy-user-flush no
repl-diskless-sync yes
sanitize-dump-payload no
lazyfree-lazy-eviction no
repl-diskless-load disabled
lazyfree-lazy-expire no
activedefrag no

------ FAST MEMORY TEST ------
2475298:M 02 Jan 2024 22:42:52.682 # Bio worker thread #0 terminated
2475298:M 02 Jan 2024 22:42:52.682 # Bio worker thread #1 terminated
2475298:M 02 Jan 2024 22:42:52.682 # Bio worker thread #2 terminated
*** Preparing to test memory region 558df892c000 (2273280 bytes)
*** Preparing to test memory region 558df92bd000 (405504 bytes)
*** Preparing to test memory region 7ff6bcfff000 (8388608 bytes)
*** Preparing to test memory region 7ff6bd800000 (8388608 bytes)
*** Preparing to test memory region 7ff6be000000 (6291456 bytes)
*** Preparing to test memory region 7ff6be7fe000 (8388608 bytes)
*** Preparing to test memory region 7ff6befff000 (8388608 bytes)
*** Preparing to test memory region 7ff6bf800000 (8388608 bytes)
*** Preparing to test memory region 7ff6c0000000 (135168 bytes)
*** Preparing to test memory region 7ff6c471b000 (8388608 bytes)
*** Preparing to test memory region 7ff6c4f1c000 (8388608 bytes)
*** Preparing to test memory region 7ff6c571d000 (8388608 bytes)
*** Preparing to test memory region 7ff6c5f1e000 (8388608 bytes)
*** Preparing to test memory region 7ff6c671f000 (8388608 bytes)
*** Preparing to test memory region 7ff6c6f20000 (8388608 bytes)
*** Preparing to test memory region 7ff6c7721000 (8388608 bytes)
*** Preparing to test memory region 7ff6c7f21000 (2621440 bytes)
*** Preparing to test memory region 7ff6c81b0000 (8192 bytes)
*** Preparing to test memory region 7ff6c887f000 (12288 bytes)
*** Preparing to test memory region 7ff6c8e18000 (16384 bytes)
*** Preparing to test memory region 7ff6c8ecd000 (8192 bytes)
*** Preparing to test memory region 7ff6c9800000 (8388608 bytes)
*** Preparing to test memory region 7ff6ca062000 (4096 bytes)
*** Preparing to test memory region 7ff6ca132000 (12288 bytes)
*** Preparing to test memory region 7ff6ca1b7000 (45056 bytes)
*** Preparing to test memory region 7ff6ca396000 (53248 bytes)
*** Preparing to test memory region 7ff6ca4b3000 (8192 bytes)
.O.2475298:EgWibslq.B068u+{p55.255 crashed by signal: 11, si_code: 128
2475298:M 02 Jan 2024 22:42:52.690 # Accessing address: (nil)
2475298:M 02 Jan 2024 22:42:52.690 # Crashed running the instruction at: 0x7ff6ca18b086

----- Stderr -----
libgcov profiling error:/home/snagendra/Fuzzing/redisraft-fuzzing/build/deps/raft/CMakeFiles/raft.dir/src/raft_server.c.gcda:Merge mismatch for function 9
redis-server: /home/snagendra/Fuzzing/redisraft-fuzzing/deps/raft/src/raft_server.c:1702: raft_get_first_entry_idx: Assertion `0 < raft_get_current_idx(me)' failed.
redis-server: /home/snagendra/Fuzzing/redisraft-fuzzing/deps/raft/src/raft_server.c:1702: raft_get_first_entry_idx: Assertion `0 < raft_get_current_idx(me)' failed.
libgcov profiling error:/home/snagendra/Fuzzing/redisraft-fuzzing/build/deps/raft/CMakeFiles/raft.dir/src/raft_server.c.gcda:Merge mismatch for function 9
redis-server: /home/snagendra/Fuzzing/redisraft-fuzzing/deps/raft/src/raft_server.c:1702: raft_get_first_entry_idx: Assertion `0 < raft_get_current_idx(me)' failed.



