logs for node: 1

----- Stdout -----
590975:C 08 Jan 2024 13:28:33.099 # WARNING Memory overcommit must be enabled! Without it, a background save or replication may fail under low memory condition. Being disabled, it can also cause failures without low memory condition, see https://github.com/jemalloc/jemalloc/issues/1328. To fix this issue add 'vm.overcommit_memory = 1' to /etc/sysctl.conf and then reboot or run the command 'sysctl vm.overcommit_memory=1' for this to take effect.
590975:C 08 Jan 2024 13:28:33.099 * oO0OoO0OoO0Oo Redis is starting oO0OoO0OoO0Oo
590975:C 08 Jan 2024 13:28:33.099 * Redis version=255.255.255, bits=64, commit=e04ebdb8, modified=1, pid=590975, just started
590975:C 08 Jan 2024 13:28:33.099 * Configuration loaded
590975:M 08 Jan 2024 13:28:33.100 * monotonic clock: POSIX clock_gettime
590975:M 08 Jan 2024 13:28:33.100 * Running mode=standalone, port=5051.
590975:M 08 Jan 2024 13:28:33.107 * <raft> RedisRaft version 255.255.255 [b779b199]
590975:M 08 Jan 2024 13:28:33.112 * <raft> Initializing test network
590975:M 08 Jan 2024 13:28:33.113 * <raft> Created test network client
590975:M 08 Jan 2024 13:28:33.113 * <raft> Raft module loaded, state is 'uninitialized'
590975:M 08 Jan 2024 13:28:33.113 * Module 'raft' loaded from /home/snagendra/Fuzzing/redisraft-fuzzing/redisraft.so
590975:M 08 Jan 2024 13:28:33.114 * Server initialized
590975:M 08 Jan 2024 13:28:33.115 . The AOF directory appendonlydir doesn't exist
590975:M 08 Jan 2024 13:28:33.115 * Ready to accept connections tcp
590975:M 08 Jan 2024 13:28:33.115 . 0 clients connected (0 replicas), 1726160 bytes in use
590975:M 08 Jan 2024 13:28:33.122 - Accepted 127.0.0.1:36058
590975:M 08 Jan 2024 13:28:33.122 # Missing implement of connection type tls
590975:M 08 Jan 2024 13:28:33.129 * <raft> Cluster Membership: term:0 index:0 nodes: id=1,voting=0,active=1,addr=-
590975:M 08 Jan 2024 13:28:33.134 * <raft> State change: Node is now a leader, term 1
590975:M 08 Jan 2024 13:28:33.134 * <raft> Cluster Membership: term:1 index:1 nodes: id=1,voting=0,active=1,addr=-
590975:M 08 Jan 2024 13:28:33.135 * <raft> Test network starting message polling thread
590975:M 08 Jan 2024 13:28:33.135 * <raft> Raft Cluster initialized, node id: 1, dbid: c37eed4a9db4a983cc6b3098a7939533
590975:M 08 Jan 2024 13:28:33.252 - Accepted 127.0.0.1:36060
590975:M 08 Jan 2024 13:28:33.253 * <raft> Cluster Membership: term:1 index:3 nodes: id=1,voting=1,active=1,addr=- id=2,voting=0,active=1,addr=localhost:5052
590975:M 08 Jan 2024 13:28:33.260 - Client closed connection id=9 addr=127.0.0.1:36060 laddr=127.0.0.1:5051 fd=12 name= age=0 idle=0 flags=N db=0 sub=0 psub=0 ssub=0 multi=-1 qbuf=0 qbuf-free=20474 argv-mem=0 multi-mem=0 rbs=16384 rbp=16384 obl=0 oll=0 omem=0 tot-mem=37760 events=r cmd=raft.node user=default redir=-1 resp=2 lib-name= lib-ver=
590975:M 08 Jan 2024 13:28:33.377 - Accepted 127.0.0.1:36066
590975:M 08 Jan 2024 13:28:33.378 * <raft> Cluster Membership: term:1 index:4 nodes: id=1,voting=1,active=1,addr=- id=2,voting=0,active=1,addr=localhost:5052 id=3,voting=0,active=1,addr=localhost:5053
590975:M 08 Jan 2024 13:28:33.386 - Client closed connection id=10 addr=127.0.0.1:36066 laddr=127.0.0.1:5051 fd=13 name= age=0 idle=0 flags=N db=0 sub=0 psub=0 ssub=0 multi=-1 qbuf=0 qbuf-free=20474 argv-mem=0 multi-mem=0 rbs=16384 rbp=16384 obl=0 oll=0 omem=0 tot-mem=37760 events=r cmd=raft.node user=default redir=-1 resp=2 lib-name= lib-ver=
590975:M 08 Jan 2024 13:28:33.453 - Accepted 127.0.0.1:36076
590975:signal-handler (1704716913) Received SIGINT scheduling shutdown...
590975:signal-handler (1704716913) You insist... exiting now.
591932:C 08 Jan 2024 13:28:35.459 # WARNING Memory overcommit must be enabled! Without it, a background save or replication may fail under low memory condition. Being disabled, it can also cause failures without low memory condition, see https://github.com/jemalloc/jemalloc/issues/1328. To fix this issue add 'vm.overcommit_memory = 1' to /etc/sysctl.conf and then reboot or run the command 'sysctl vm.overcommit_memory=1' for this to take effect.
591932:C 08 Jan 2024 13:28:35.459 * oO0OoO0OoO0Oo Redis is starting oO0OoO0OoO0Oo
591932:C 08 Jan 2024 13:28:35.459 * Redis version=255.255.255, bits=64, commit=e04ebdb8, modified=1, pid=591932, just started
591932:C 08 Jan 2024 13:28:35.459 * Configuration loaded
591932:M 08 Jan 2024 13:28:35.460 * monotonic clock: POSIX clock_gettime
591932:M 08 Jan 2024 13:28:35.460 * Running mode=standalone, port=5051.
591932:M 08 Jan 2024 13:28:35.466 * <raft> RedisRaft version 255.255.255 [b779b199]
591932:M 08 Jan 2024 13:28:35.470 * <raft> Initializing test network
591932:M 08 Jan 2024 13:28:35.471 * <raft> Created test network client
591932:M 08 Jan 2024 13:28:35.478 * <raft> Raft module loaded, state is 'loading'
591932:M 08 Jan 2024 13:28:35.478 * Module 'raft' loaded from /home/snagendra/Fuzzing/redisraft-fuzzing/redisraft.so
591932:M 08 Jan 2024 13:28:35.478 * Server initialized
591932:M 08 Jan 2024 13:28:35.478 . The AOF directory appendonlydir doesn't exist
591932:M 08 Jan 2024 13:28:35.479 * Ready to accept connections tcp
591932:M 08 Jan 2024 13:28:35.479 . 0 clients connected (0 replicas), 1746816 bytes in use
591932:M 08 Jan 2024 13:28:35.578 * <raft> Loading: Redis loading complete, snapshot NOT LOADED
591932:M 08 Jan 2024 13:28:35.578 * <raft> Cluster Membership: term:0 index:0 nodes: id=1,voting=0,active=1,addr=-
591932:M 08 Jan 2024 13:28:35.579 * <raft> Test network starting message polling thread
591932:M 08 Jan 2024 13:28:35.579 * <raft> Cluster Membership: term:0 index:5 nodes: id=1,voting=1,active=1,addr=- id=2,voting=0,active=1,addr=localhost:5052
591932:M 08 Jan 2024 13:28:35.579 * <raft> Cluster Membership: term:0 index:5 nodes: id=1,voting=1,active=1,addr=- id=2,voting=0,active=1,addr=localhost:5052 id=3,voting=0,active=1,addr=localhost:5053
591932:M 08 Jan 2024 13:28:35.579 * <raft> Raft state after loading log: log_count=5, first_idx=1, current_idx=5, last_applied_idx=0
591932:M 08 Jan 2024 13:28:35.579 . <raft> Raft term=1, vote=-1
591932:M 08 Jan 2024 13:28:35.590 * <raft> State change: Node is now a leader, term 2
591932:M 08 Jan 2024 13:28:35.590 * <raft> Cluster Membership: term:2 index:6 nodes: id=1,voting=1,active=1,addr=- id=2,voting=0,active=1,addr=localhost:5052 id=3,voting=0,active=1,addr=localhost:5053
591932:M 08 Jan 2024 13:28:35.591 - Accepted 127.0.0.1:36182
591932:M 08 Jan 2024 13:28:35.591 # Missing implement of connection type tls
591932:M 08 Jan 2024 13:28:35.840 # <raft> Redis connection authentication failed: connection died
591932:signal-handler (1704716916) Received SIGINT scheduling shutdown...
591932:signal-handler (1704716916) You insist... exiting now.
592363:C 08 Jan 2024 13:28:36.331 # WARNING Memory overcommit must be enabled! Without it, a background save or replication may fail under low memory condition. Being disabled, it can also cause failures without low memory condition, see https://github.com/jemalloc/jemalloc/issues/1328. To fix this issue add 'vm.overcommit_memory = 1' to /etc/sysctl.conf and then reboot or run the command 'sysctl vm.overcommit_memory=1' for this to take effect.
592363:C 08 Jan 2024 13:28:36.331 * oO0OoO0OoO0Oo Redis is starting oO0OoO0OoO0Oo
592363:C 08 Jan 2024 13:28:36.331 * Redis version=255.255.255, bits=64, commit=e04ebdb8, modified=1, pid=592363, just started
592363:C 08 Jan 2024 13:28:36.331 * Configuration loaded
592363:M 08 Jan 2024 13:28:36.331 * monotonic clock: POSIX clock_gettime
592363:M 08 Jan 2024 13:28:36.332 * Running mode=standalone, port=5051.
592363:M 08 Jan 2024 13:28:36.338 * <raft> RedisRaft version 255.255.255 [b779b199]
592363:M 08 Jan 2024 13:28:36.343 * <raft> Initializing test network
592363:M 08 Jan 2024 13:28:36.343 * <raft> Created test network client
592363:M 08 Jan 2024 13:28:36.348 * <raft> Raft module loaded, state is 'loading'
592363:M 08 Jan 2024 13:28:36.348 * Module 'raft' loaded from /home/snagendra/Fuzzing/redisraft-fuzzing/redisraft.so
592363:M 08 Jan 2024 13:28:36.349 * Server initialized
592363:M 08 Jan 2024 13:28:36.349 . The AOF directory appendonlydir doesn't exist
592363:M 08 Jan 2024 13:28:36.349 * Ready to accept connections tcp
592363:M 08 Jan 2024 13:28:36.349 . 0 clients connected (0 replicas), 1746688 bytes in use
592363:M 08 Jan 2024 13:28:36.383 - Accepted 127.0.0.1:36204
592363:M 08 Jan 2024 13:28:36.383 # Missing implement of connection type tls
592363:M 08 Jan 2024 13:28:36.440 - Client closed connection id=8 addr=127.0.0.1:36204 laddr=127.0.0.1:5051 fd=11 name= age=0 idle=0 flags=N db=0 sub=0 psub=0 ssub=0 multi=-1 qbuf=0 qbuf-free=20474 argv-mem=0 multi-mem=0 rbs=16384 rbp=16384 obl=0 oll=0 omem=0 tot-mem=37760 events=r cmd=auth user=default redir=-1 resp=2 lib-name= lib-ver=
592363:M 08 Jan 2024 13:28:36.448 * <raft> Loading: Redis loading complete, snapshot NOT LOADED
592363:M 08 Jan 2024 13:28:36.449 * <raft> Cluster Membership: term:0 index:0 nodes: id=1,voting=0,active=1,addr=-
592363:M 08 Jan 2024 13:28:36.449 * <raft> Test network starting message polling thread
592363:M 08 Jan 2024 13:28:36.449 * <raft> Cluster Membership: term:0 index:6 nodes: id=1,voting=1,active=1,addr=- id=2,voting=0,active=1,addr=localhost:5052
592363:M 08 Jan 2024 13:28:36.450 * <raft> Cluster Membership: term:0 index:6 nodes: id=1,voting=1,active=1,addr=- id=2,voting=0,active=1,addr=localhost:5052 id=3,voting=0,active=1,addr=localhost:5053
592363:M 08 Jan 2024 13:28:36.450 * <raft> Raft state after loading log: log_count=6, first_idx=1, current_idx=6, last_applied_idx=0
592363:M 08 Jan 2024 13:28:36.450 . <raft> Raft term=2, vote=-1
592363:M 08 Jan 2024 13:28:36.457 * <raft> State change: Node is now a leader, term 3
592363:M 08 Jan 2024 13:28:36.457 * <raft> Cluster Membership: term:3 index:7 nodes: id=1,voting=1,active=1,addr=- id=2,voting=0,active=1,addr=localhost:5052 id=3,voting=0,active=1,addr=localhost:5053
592363:signal-handler (1704716916) Received SIGINT scheduling shutdown...
592363:signal-handler (1704716916) You insist... exiting now.

----- Stderr -----
libgcov profiling error:/home/snagendra/Fuzzing/redisraft-fuzzing/build/deps/raft/CMakeFiles/raft.dir/src/raft_server.c.gcda:Merge mismatch for function 12
libgcov profiling error:/home/snagendra/Fuzzing/redisraft-fuzzing/build/deps/raft/CMakeFiles/raft.dir/src/raft_server.c.gcda:Merge mismatch for function 12
libgcov profiling error:/home/snagendra/Fuzzing/redisraft-fuzzing/build/deps/raft/CMakeFiles/raft.dir/src/raft_server.c.gcda:Merge mismatch for function 12




logs for node: 2

----- Stdout -----
590998:C 08 Jan 2024 13:28:33.137 # WARNING Memory overcommit must be enabled! Without it, a background save or replication may fail under low memory condition. Being disabled, it can also cause failures without low memory condition, see https://github.com/jemalloc/jemalloc/issues/1328. To fix this issue add 'vm.overcommit_memory = 1' to /etc/sysctl.conf and then reboot or run the command 'sysctl vm.overcommit_memory=1' for this to take effect.
590998:C 08 Jan 2024 13:28:33.137 * oO0OoO0OoO0Oo Redis is starting oO0OoO0OoO0Oo
590998:C 08 Jan 2024 13:28:33.137 * Redis version=255.255.255, bits=64, commit=e04ebdb8, modified=1, pid=590998, just started
590998:C 08 Jan 2024 13:28:33.137 * Configuration loaded
590998:M 08 Jan 2024 13:28:33.138 * monotonic clock: POSIX clock_gettime
590998:M 08 Jan 2024 13:28:33.138 * Running mode=standalone, port=5052.
590998:M 08 Jan 2024 13:28:33.145 * <raft> RedisRaft version 255.255.255 [b779b199]
590998:M 08 Jan 2024 13:28:33.150 * <raft> Initializing test network
590998:M 08 Jan 2024 13:28:33.150 * <raft> Created test network client
590998:M 08 Jan 2024 13:28:33.151 * <raft> Raft module loaded, state is 'uninitialized'
590998:M 08 Jan 2024 13:28:33.151 * Module 'raft' loaded from /home/snagendra/Fuzzing/redisraft-fuzzing/redisraft.so
590998:M 08 Jan 2024 13:28:33.152 * Server initialized
590998:M 08 Jan 2024 13:28:33.153 . The AOF directory appendonlydir doesn't exist
590998:M 08 Jan 2024 13:28:33.153 * Ready to accept connections tcp
590998:M 08 Jan 2024 13:28:33.153 - Accepted 127.0.0.1:57852
590998:M 08 Jan 2024 13:28:33.153 # Missing implement of connection type tls
590998:M 08 Jan 2024 13:28:33.153 . 1 clients connected (0 replicas), 1744024 bytes in use
590998:M 08 Jan 2024 13:28:33.252 - <raft> join cluster, connecting to localhost:5051
590998:M 08 Jan 2024 13:28:33.253 * <raft> Joined Raft cluster, node id: 2, dbid: c37eed4a9db4a983cc6b3098a7939533
590998:M 08 Jan 2024 13:28:33.260 * <raft> Cluster Membership: term:0 index:0 nodes: id=2,voting=0,active=1,addr=-
590998:M 08 Jan 2024 13:28:33.260 * <raft> Test network starting message polling thread
590998:M 08 Jan 2024 13:28:33.315 - Accepted 127.0.0.1:57854
590998:M 08 Jan 2024 13:28:33.393 * <raft> Cluster Membership: term:1 index:2 nodes: id=2,voting=0,active=1,addr=- id=1,voting=1,active=1,addr=localhost:5051
590998:M 08 Jan 2024 13:28:33.620 - Client closed connection id=9 addr=127.0.0.1:57854 laddr=127.0.0.1:5052 fd=10 name= age=0 idle=0 flags=N db=0 sub=0 psub=0 ssub=0 multi=-1 qbuf=0 qbuf-free=20474 argv-mem=0 multi-mem=0 rbs=1024 rbp=0 obl=0 oll=0 omem=0 tot-mem=22400 events=r cmd=auth user=default redir=-1 resp=2 lib-name= lib-ver=
590998:M 08 Jan 2024 13:28:33.755 * <raft> State change: Election starting, node is now a pre-candidate, term 1
590998:M 08 Jan 2024 13:28:33.755 * <raft> Cluster Membership: term:1 index:3 nodes: id=2,voting=0,active=1,addr=- id=1,voting=1,active=1,addr=localhost:5051
590998:M 08 Jan 2024 13:28:33.834 * <raft> State change: Node is now a follower, term 1
590998:M 08 Jan 2024 13:28:33.834 * <raft> Cluster Membership: term:1 index:3 nodes: id=2,voting=0,active=1,addr=- id=1,voting=1,active=1,addr=localhost:5051
590998:M 08 Jan 2024 13:28:33.835 * <raft> Cluster Membership: term:1 index:4 nodes: id=2,voting=0,active=1,addr=- id=1,voting=1,active=1,addr=localhost:5051 id=3,voting=0,active=1,addr=localhost:5053
590998:M 08 Jan 2024 13:28:34.358 * <raft> State change: Election starting, node is now a pre-candidate, term 1
590998:M 08 Jan 2024 13:28:34.358 * <raft> Cluster Membership: term:1 index:5 nodes: id=2,voting=0,active=1,addr=- id=1,voting=1,active=1,addr=localhost:5051 id=3,voting=0,active=1,addr=localhost:5053
590998:signal-handler (1704716914) Received SIGINT scheduling shutdown...
590998:signal-handler (1704716914) You insist... exiting now.
591754:C 08 Jan 2024 13:28:35.155 # WARNING Memory overcommit must be enabled! Without it, a background save or replication may fail under low memory condition. Being disabled, it can also cause failures without low memory condition, see https://github.com/jemalloc/jemalloc/issues/1328. To fix this issue add 'vm.overcommit_memory = 1' to /etc/sysctl.conf and then reboot or run the command 'sysctl vm.overcommit_memory=1' for this to take effect.
591754:C 08 Jan 2024 13:28:35.156 * oO0OoO0OoO0Oo Redis is starting oO0OoO0OoO0Oo
591754:C 08 Jan 2024 13:28:35.156 * Redis version=255.255.255, bits=64, commit=e04ebdb8, modified=1, pid=591754, just started
591754:C 08 Jan 2024 13:28:35.156 * Configuration loaded
591754:M 08 Jan 2024 13:28:35.156 * monotonic clock: POSIX clock_gettime
591754:M 08 Jan 2024 13:28:35.156 * Running mode=standalone, port=5052.
591754:M 08 Jan 2024 13:28:35.163 * <raft> RedisRaft version 255.255.255 [b779b199]
591754:M 08 Jan 2024 13:28:35.168 * <raft> Initializing test network
591754:M 08 Jan 2024 13:28:35.169 * <raft> Created test network client
591754:M 08 Jan 2024 13:28:35.173 * <raft> Raft module loaded, state is 'loading'
591754:M 08 Jan 2024 13:28:35.173 * Module 'raft' loaded from /home/snagendra/Fuzzing/redisraft-fuzzing/redisraft.so
591754:M 08 Jan 2024 13:28:35.174 * Server initialized
591754:M 08 Jan 2024 13:28:35.174 . The AOF directory appendonlydir doesn't exist
591754:M 08 Jan 2024 13:28:35.174 * Ready to accept connections tcp
591754:M 08 Jan 2024 13:28:35.174 . 0 clients connected (0 replicas), 1746848 bytes in use
591754:M 08 Jan 2024 13:28:35.274 * <raft> Loading: Redis loading complete, snapshot NOT LOADED
591754:M 08 Jan 2024 13:28:35.275 * <raft> Cluster Membership: term:0 index:0 nodes: id=2,voting=0,active=1,addr=-
591754:M 08 Jan 2024 13:28:35.275 * <raft> Test network starting message polling thread
591754:M 08 Jan 2024 13:28:35.275 * <raft> Cluster Membership: term:0 index:5 nodes: id=2,voting=0,active=1,addr=- id=1,voting=1,active=1,addr=localhost:5051
591754:M 08 Jan 2024 13:28:35.276 * <raft> Cluster Membership: term:0 index:5 nodes: id=2,voting=0,active=1,addr=- id=1,voting=1,active=1,addr=localhost:5051 id=3,voting=0,active=1,addr=localhost:5053
591754:M 08 Jan 2024 13:28:35.276 * <raft> Raft state after loading log: log_count=5, first_idx=1, current_idx=5, last_applied_idx=0
591754:M 08 Jan 2024 13:28:35.276 . <raft> Raft term=1, vote=-1
591754:M 08 Jan 2024 13:28:35.591 - Accepted 127.0.0.1:57870
591754:M 08 Jan 2024 13:28:35.591 # Missing implement of connection type tls
591754:M 08 Jan 2024 13:28:35.677 * <raft> State change: Election starting, node is now a pre-candidate, term 1
591754:M 08 Jan 2024 13:28:35.677 * <raft> Cluster Membership: term:1 index:5 nodes: id=2,voting=0,active=1,addr=- id=1,voting=1,active=1,addr=localhost:5051 id=3,voting=0,active=1,addr=localhost:5053
591754:M 08 Jan 2024 13:28:35.766 * <raft> State change: Node is now a follower, term 2
591754:M 08 Jan 2024 13:28:35.766 * <raft> Cluster Membership: term:2 index:5 nodes: id=2,voting=0,active=1,addr=- id=1,voting=1,active=1,addr=localhost:5051 id=3,voting=0,active=1,addr=localhost:5053
591754:M 08 Jan 2024 13:28:36.237 - Client closed connection id=8 addr=127.0.0.1:57870 laddr=127.0.0.1:5052 fd=13 name= age=1 idle=1 flags=N db=0 sub=0 psub=0 ssub=0 multi=-1 qbuf=0 qbuf-free=20474 argv-mem=0 multi-mem=0 rbs=1024 rbp=0 obl=0 oll=0 omem=0 tot-mem=22400 events=r cmd=auth user=default redir=-1 resp=2 lib-name= lib-ver=
591754:signal-handler (1704716916) Received SIGINT scheduling shutdown...
591754:signal-handler (1704716916) You insist... exiting now.
592460:C 08 Jan 2024 13:28:36.504 # WARNING Memory overcommit must be enabled! Without it, a background save or replication may fail under low memory condition. Being disabled, it can also cause failures without low memory condition, see https://github.com/jemalloc/jemalloc/issues/1328. To fix this issue add 'vm.overcommit_memory = 1' to /etc/sysctl.conf and then reboot or run the command 'sysctl vm.overcommit_memory=1' for this to take effect.
592460:C 08 Jan 2024 13:28:36.505 * oO0OoO0OoO0Oo Redis is starting oO0OoO0OoO0Oo
592460:C 08 Jan 2024 13:28:36.505 * Redis version=255.255.255, bits=64, commit=e04ebdb8, modified=1, pid=592460, just started
592460:C 08 Jan 2024 13:28:36.505 * Configuration loaded
592460:M 08 Jan 2024 13:28:36.505 * monotonic clock: POSIX clock_gettime
592460:M 08 Jan 2024 13:28:36.506 * Running mode=standalone, port=5052.
592460:M 08 Jan 2024 13:28:36.513 * <raft> RedisRaft version 255.255.255 [b779b199]
592460:M 08 Jan 2024 13:28:36.518 * <raft> Initializing test network
592460:M 08 Jan 2024 13:28:36.519 * <raft> Created test network client
592460:M 08 Jan 2024 13:28:36.526 * <raft> Raft module loaded, state is 'loading'
592460:M 08 Jan 2024 13:28:36.526 * Module 'raft' loaded from /home/snagendra/Fuzzing/redisraft-fuzzing/redisraft.so
592460:M 08 Jan 2024 13:28:36.526 * Server initialized
592460:M 08 Jan 2024 13:28:36.526 . The AOF directory appendonlydir doesn't exist
592460:M 08 Jan 2024 13:28:36.526 * Ready to accept connections tcp
592460:M 08 Jan 2024 13:28:36.526 . 0 clients connected (0 replicas), 1746656 bytes in use
592460:signal-handler (1704716916) Received SIGINT scheduling shutdown...
592460:signal-handler (1704716916) You insist... exiting now.

----- Stderr -----
libgcov profiling error:/home/snagendra/Fuzzing/redisraft-fuzzing/build/deps/raft/CMakeFiles/raft.dir/src/raft_server.c.gcda:Merge mismatch for function 12
libgcov profiling error:/home/snagendra/Fuzzing/redisraft-fuzzing/build/deps/raft/CMakeFiles/raft.dir/src/raft_server.c.gcda:Merge mismatch for function 12
libgcov profiling error:/home/snagendra/Fuzzing/redisraft-fuzzing/build/deps/raft/CMakeFiles/raft.dir/src/raft_server.c.gcda:Merge mismatch for function 12




logs for node: 3

----- Stdout -----
591112:C 08 Jan 2024 13:28:33.263 # WARNING Memory overcommit must be enabled! Without it, a background save or replication may fail under low memory condition. Being disabled, it can also cause failures without low memory condition, see https://github.com/jemalloc/jemalloc/issues/1328. To fix this issue add 'vm.overcommit_memory = 1' to /etc/sysctl.conf and then reboot or run the command 'sysctl vm.overcommit_memory=1' for this to take effect.
591112:C 08 Jan 2024 13:28:33.263 * oO0OoO0OoO0Oo Redis is starting oO0OoO0OoO0Oo
591112:C 08 Jan 2024 13:28:33.263 * Redis version=255.255.255, bits=64, commit=e04ebdb8, modified=1, pid=591112, just started
591112:C 08 Jan 2024 13:28:33.263 * Configuration loaded
591112:M 08 Jan 2024 13:28:33.263 * monotonic clock: POSIX clock_gettime
591112:M 08 Jan 2024 13:28:33.263 * Running mode=standalone, port=5053.
591112:M 08 Jan 2024 13:28:33.270 * <raft> RedisRaft version 255.255.255 [b779b199]
591112:M 08 Jan 2024 13:28:33.275 * <raft> Initializing test network
591112:M 08 Jan 2024 13:28:33.276 * <raft> Created test network client
591112:M 08 Jan 2024 13:28:33.277 * <raft> Raft module loaded, state is 'uninitialized'
591112:M 08 Jan 2024 13:28:33.277 * Module 'raft' loaded from /home/snagendra/Fuzzing/redisraft-fuzzing/redisraft.so
591112:M 08 Jan 2024 13:28:33.278 * Server initialized
591112:M 08 Jan 2024 13:28:33.278 . The AOF directory appendonlydir doesn't exist
591112:M 08 Jan 2024 13:28:33.278 * Ready to accept connections tcp
591112:M 08 Jan 2024 13:28:33.279 . 0 clients connected (0 replicas), 1726128 bytes in use
591112:M 08 Jan 2024 13:28:33.314 - Accepted 127.0.0.1:57738
591112:M 08 Jan 2024 13:28:33.314 # Missing implement of connection type tls
591112:M 08 Jan 2024 13:28:33.377 - <raft> join cluster, connecting to localhost:5051
591112:M 08 Jan 2024 13:28:33.379 * <raft> Joined Raft cluster, node id: 3, dbid: c37eed4a9db4a983cc6b3098a7939533
591112:M 08 Jan 2024 13:28:33.386 * <raft> Cluster Membership: term:0 index:0 nodes: id=3,voting=0,active=1,addr=-
591112:M 08 Jan 2024 13:28:33.386 * <raft> Test network starting message polling thread
591112:M 08 Jan 2024 13:28:33.416 - Accepted 127.0.0.1:57754
591112:M 08 Jan 2024 13:28:33.620 - Client closed connection id=9 addr=127.0.0.1:57754 laddr=127.0.0.1:5053 fd=10 name= age=0 idle=0 flags=N db=0 sub=0 psub=0 ssub=0 multi=-1 qbuf=0 qbuf-free=20474 argv-mem=0 multi-mem=0 rbs=1024 rbp=0 obl=0 oll=0 omem=0 tot-mem=22400 events=r cmd=auth user=default redir=-1 resp=2 lib-name= lib-ver=
591112:M 08 Jan 2024 13:28:33.778 * <raft> State change: Election starting, node is now a pre-candidate, term 1
591112:M 08 Jan 2024 13:28:33.778 * <raft> Cluster Membership: term:1 index:0 nodes: id=3,voting=0,active=1,addr=-
591112:M 08 Jan 2024 13:28:33.856 - Accepted 127.0.0.1:57768
591112:M 08 Jan 2024 13:28:34.180 * <raft> State change: Election starting, node is now a pre-candidate, term 1
591112:M 08 Jan 2024 13:28:34.180 * <raft> Cluster Membership: term:1 index:0 nodes: id=3,voting=0,active=1,addr=-
591112:M 08 Jan 2024 13:28:34.202 * <raft> State change: Node is now a follower, term 1
591112:M 08 Jan 2024 13:28:34.202 * <raft> Cluster Membership: term:1 index:0 nodes: id=3,voting=0,active=1,addr=-
591112:M 08 Jan 2024 13:28:34.461 - Client closed connection id=10 addr=127.0.0.1:57768 laddr=127.0.0.1:5053 fd=10 name= age=1 idle=1 flags=N db=0 sub=0 psub=0 ssub=0 multi=-1 qbuf=0 qbuf-free=20474 argv-mem=0 multi-mem=0 rbs=1024 rbp=0 obl=0 oll=0 omem=0 tot-mem=22400 events=r cmd=auth user=default redir=-1 resp=2 lib-name= lib-ver=
591112:M 08 Jan 2024 13:28:34.581 * <raft> State change: Election starting, node is now a pre-candidate, term 1
591112:M 08 Jan 2024 13:28:34.581 * <raft> Cluster Membership: term:1 index:0 nodes: id=3,voting=0,active=1,addr=-
591112:signal-handler (1704716914) Received SIGINT scheduling shutdown...
591112:signal-handler (1704716914) You insist... exiting now.
591888:C 08 Jan 2024 13:28:35.368 # WARNING Memory overcommit must be enabled! Without it, a background save or replication may fail under low memory condition. Being disabled, it can also cause failures without low memory condition, see https://github.com/jemalloc/jemalloc/issues/1328. To fix this issue add 'vm.overcommit_memory = 1' to /etc/sysctl.conf and then reboot or run the command 'sysctl vm.overcommit_memory=1' for this to take effect.
591888:C 08 Jan 2024 13:28:35.368 * oO0OoO0OoO0Oo Redis is starting oO0OoO0OoO0Oo
591888:C 08 Jan 2024 13:28:35.368 * Redis version=255.255.255, bits=64, commit=e04ebdb8, modified=1, pid=591888, just started
591888:C 08 Jan 2024 13:28:35.368 * Configuration loaded
591888:M 08 Jan 2024 13:28:35.369 * monotonic clock: POSIX clock_gettime
591888:M 08 Jan 2024 13:28:35.369 * Running mode=standalone, port=5053.
591888:M 08 Jan 2024 13:28:35.376 * <raft> RedisRaft version 255.255.255 [b779b199]
591888:M 08 Jan 2024 13:28:35.380 * <raft> Initializing test network
591888:M 08 Jan 2024 13:28:35.381 * <raft> Created test network client
591888:M 08 Jan 2024 13:28:35.386 * <raft> Raft module loaded, state is 'loading'
591888:M 08 Jan 2024 13:28:35.386 * Module 'raft' loaded from /home/snagendra/Fuzzing/redisraft-fuzzing/redisraft.so
591888:M 08 Jan 2024 13:28:35.387 * Server initialized
591888:M 08 Jan 2024 13:28:35.387 . The AOF directory appendonlydir doesn't exist
591888:M 08 Jan 2024 13:28:35.387 * Ready to accept connections tcp
591888:M 08 Jan 2024 13:28:35.387 . 0 clients connected (0 replicas), 1746720 bytes in use
591888:M 08 Jan 2024 13:28:35.478 - Accepted 127.0.0.1:57804
591888:M 08 Jan 2024 13:28:35.478 # Missing implement of connection type tls
591888:M 08 Jan 2024 13:28:35.486 * <raft> Loading: Redis loading complete, snapshot NOT LOADED
591888:M 08 Jan 2024 13:28:35.487 * <raft> Cluster Membership: term:0 index:0 nodes: id=3,voting=0,active=1,addr=-
591888:M 08 Jan 2024 13:28:35.487 * <raft> Test network starting message polling thread


=== REDIS BUG REPORT START: Cut & paste starting from here ===
591888:M 08 Jan 2024 13:28:35.487 # Redis 255.255.255 crashed by signal: 6, si_code: -6
591888:M 08 Jan 2024 13:28:35.487 # Crashed running the instruction at: 0x7f4805e6ad3c

------ STACK TRACE ------
EIP:
/lib/x86_64-linux-gnu/libc.so.6(+0x8ad3c)[0x7f4805e6ad3c]

Backtrace:
/lib/x86_64-linux-gnu/libc.so.6(+0x3bfd0)[0x7f4805e1bfd0]
/lib/x86_64-linux-gnu/libc.so.6(+0x8ad3c)[0x7f4805e6ad3c]
/lib/x86_64-linux-gnu/libc.so.6(gsignal+0x12)[0x7f4805e1bf32]
/lib/x86_64-linux-gnu/libc.so.6(abort+0xd3)[0x7f4805e06472]
/lib/x86_64-linux-gnu/libc.so.6(+0x26395)[0x7f4805e06395]
/lib/x86_64-linux-gnu/libc.so.6(+0x34e32)[0x7f4805e14e32]
/home/snagendra/Fuzzing/redisraft-fuzzing/redisraft.so(+0x3caea)[0x7f4805d8faea]
/home/snagendra/Fuzzing/redisraft-fuzzing/redisraft.so(callRaftPeriodic+0x478)[0x7f4805d80088]
/home/snagendra/Fuzzing/redis/src/redis-server 0.0.0.0:5053(moduleTimerHandler+0x21c)[0x55b1a4ac398c]
/home/snagendra/Fuzzing/redis/src/redis-server 0.0.0.0:5053(+0x81705)[0x55b1a49cd705]
/home/snagendra/Fuzzing/redis/src/redis-server 0.0.0.0:5053(aeMain+0x1c8)[0x55b1a49d7cb8]
/home/snagendra/Fuzzing/redis/src/redis-server 0.0.0.0:5053(main+0x3cd)[0x55b1a49cce2d]
/lib/x86_64-linux-gnu/libc.so.6(+0x271ca)[0x7f4805e071ca]
/lib/x86_64-linux-gnu/libc.so.6(__libc_start_main+0x85)[0x7f4805e07285]
/home/snagendra/Fuzzing/redis/src/redis-server 0.0.0.0:5053(_start+0x2a)[0x55b1a49cd5aa]

------ REGISTERS ------
591888:M 08 Jan 2024 13:28:35.488 # 
RAX:0000000000000000 RBX:0000000000090810
RCX:00007f4805e6ad3c RDX:0000000000000006
RDI:0000000000090810 RSI:0000000000090810
RBP:00007f4805ddc1c0 RSP:00007ffde4f085e0
R8 :0000000000000007 R9 :000055b1a58ac820
R10:0000000000000008 R11:0000000000000246
R12:0000000000000006 R13:00000000000006a6
R14:00007f4805dbc05c R15:000055b1a4ac22b0
RIP:00007f4805e6ad3c EFL:0000000000000246
CSGSFS:002b000000000033
591888:M 08 Jan 2024 13:28:35.488 # (00007ffde4f085ef) -> 000055b1a58ac8d0
591888:M 08 Jan 2024 13:28:35.488 # (00007ffde4f085ee) -> 00007f4805fb2c60
591888:M 08 Jan 2024 13:28:35.488 # (00007ffde4f085ed) -> 00000000000002b1
591888:M 08 Jan 2024 13:28:35.488 # (00007ffde4f085ec) -> 000055b1a58ac820
591888:M 08 Jan 2024 13:28:35.488 # (00007ffde4f085eb) -> 00000000000006a6
591888:M 08 Jan 2024 13:28:35.488 # (00007ffde4f085ea) -> 0000000000000020
591888:M 08 Jan 2024 13:28:35.488 # (00007ffde4f085e9) -> 00007f4805e06472
591888:M 08 Jan 2024 13:28:35.488 # (00007ffde4f085e8) -> 00007f4805fb3e70
591888:M 08 Jan 2024 13:28:35.488 # (00007ffde4f085e7) -> 00007f4805e1bf32
591888:M 08 Jan 2024 13:28:35.488 # (00007ffde4f085e6) -> 00007f4805dbc05c
591888:M 08 Jan 2024 13:28:35.488 # (00007ffde4f085e5) -> 00000000000006a6
591888:M 08 Jan 2024 13:28:35.488 # (00007ffde4f085e4) -> 00007f4805dbb720
591888:M 08 Jan 2024 13:28:35.488 # (00007ffde4f085e3) -> 00007f4805ddc1c0
591888:M 08 Jan 2024 13:28:35.488 # (00007ffde4f085e2) -> 0000000000000006
591888:M 08 Jan 2024 13:28:35.488 # (00007ffde4f085e1) -> b46d9482faabdc00
591888:M 08 Jan 2024 13:28:35.488 # (00007ffde4f085e0) -> 000055b1a4ac22b0

------ INFO OUTPUT ------
# Server
redis_version:255.255.255
redis_git_sha1:e04ebdb8
redis_git_dirty:1
redis_build_id:1f78dcc7b4fbdd25
redis_mode:standalone
os:Linux 6.1.60.1.amd64-smp x86_64
arch_bits:64
monotonic_clock:POSIX clock_gettime
multiplexing_api:epoll
atomicvar_api:c11-builtin
gcc_version:10.2.1
process_id:591888
process_supervised:no
run_id:46b99fe3a6b9143499f52dc32cb546fcaf3b9a37
tcp_port:5053
server_time_usec:1704716915486585
uptime_in_seconds:0
uptime_in_days:0
hz:10
configured_hz:10
lru_clock:10218099
executable:/home/snagendra/Fuzzing/redis/src/redis-server
config_file:
io_threads_active:0
listener0:name=tcp,bind=0.0.0.0,port=5053

# Clients
connected_clients:1
cluster_connections:0
maxclients:10000
client_recent_max_input_buffer:0
client_recent_max_output_buffer:0
blocked_clients:0
tracking_clients:0
clients_in_timeout_table:0
total_blocking_keys:0
total_blocking_keys_on_nokey:0

# Memory
used_memory:1816928
used_memory_human:1.73M
used_memory_rss:17887232
used_memory_rss_human:17.06M
used_memory_peak:1816928
used_memory_peak_human:1.73M
used_memory_peak_perc:100.39%
used_memory_overhead:1746760
used_memory_startup:1746576
used_memory_dataset:70168
used_memory_dataset_perc:99.74%
allocator_allocated:2221688
allocator_active:2785280
allocator_resident:10928128
total_system_memory:270388695040
total_system_memory_human:251.82G
used_memory_lua:31744
used_memory_vm_eval:31744
used_memory_lua_human:31.00K
used_memory_scripts_eval:0
number_of_cached_scripts:0
number_of_functions:0
number_of_libraries:0
used_memory_vm_functions:32768
used_memory_vm_total:64512
used_memory_vm_total_human:63.00K
used_memory_functions:184
used_memory_scripts:184
used_memory_scripts_human:184B
maxmemory:0
maxmemory_human:0B
maxmemory_policy:noeviction
allocator_frag_ratio:1.25
allocator_frag_bytes:563592
allocator_rss_ratio:3.92
allocator_rss_bytes:8142848
rss_overhead_ratio:1.64
rss_overhead_bytes:6959104
mem_fragmentation_ratio:10.24
mem_fragmentation_bytes:16140512
mem_not_counted_for_evict:0
mem_replication_backlog:0
mem_total_replication_buffers:0
mem_clients_slaves:0
mem_clients_normal:0
mem_cluster_links:0
mem_aof_buffer:0
mem_allocator:jemalloc-5.3.0
active_defrag_running:0
lazyfree_pending_objects:0
lazyfreed_objects:0

# Persistence
loading:0
async_loading:0
current_cow_peak:0
current_cow_size:0
current_cow_size_age:0
current_fork_perc:0.00
current_save_keys_processed:0
current_save_keys_total:0
rdb_changes_since_last_save:0
rdb_bgsave_in_progress:0
rdb_last_save_time:1704716915
rdb_last_bgsave_status:ok
rdb_last_bgsave_time_sec:-1
rdb_current_bgsave_time_sec:-1
rdb_saves:0
rdb_last_cow_size:0
rdb_last_load_keys_expired:0
rdb_last_load_keys_loaded:0
aof_enabled:0
aof_rewrite_in_progress:0
aof_rewrite_scheduled:0
aof_last_rewrite_time_sec:-1
aof_current_rewrite_time_sec:-1
aof_last_bgrewrite_status:ok
aof_rewrites:0
aof_rewrites_consecutive_failures:0
aof_last_write_status:ok
aof_last_cow_size:0
module_fork_in_progress:0
module_fork_last_cow_size:0

# Stats
total_connections_received:1
total_commands_processed:7
instantaneous_ops_per_sec:20
total_net_input_bytes:33
total_net_output_bytes:5
total_net_repl_input_bytes:0
total_net_repl_output_bytes:0
instantaneous_input_kbps:0.00
instantaneous_output_kbps:0.00
instantaneous_input_repl_kbps:0.00
instantaneous_output_repl_kbps:0.00
rejected_connections:0
sync_full:0
sync_partial_ok:0
sync_partial_err:0
expired_keys:0
expired_stale_perc:0.00
expired_time_cap_reached_count:0
expire_cycle_cpu_milliseconds:0
evicted_keys:0
evicted_clients:0
total_eviction_exceeded_time:0
current_eviction_exceeded_time:0
keyspace_hits:0
keyspace_misses:0
pubsub_channels:0
pubsub_patterns:0
pubsubshard_channels:0
latest_fork_usec:0
total_forks:0
migrate_cached_sockets:0
slave_expires_tracked_keys:0
active_defrag_hits:0
active_defrag_misses:0
active_defrag_key_hits:0
active_defrag_key_misses:0
total_active_defrag_time:0
current_active_defrag_time:0
tracking_total_keys:0
tracking_total_items:0
tracking_total_prefixes:0
unexpected_error_replies:0
total_error_replies:0
dump_payload_sanitizations:0
total_reads_processed:1
total_writes_processed:1
io_threaded_reads_processed:0
io_threaded_writes_processed:0
reply_buffer_shrinks:0
reply_buffer_expands:0
acl_access_denied_auth:0
acl_access_denied_cmd:0
acl_access_denied_key:0
acl_access_denied_channel:0

# Replication
role:master
connected_slaves:0
master_failover_state:no-failover
master_replid:57e27f4ad310394e9f6f5cf43fe735e64fc398de
master_replid2:0000000000000000000000000000000000000000
master_repl_offset:0
second_repl_offset:-1
repl_backlog_active:0
repl_backlog_size:1048576
repl_backlog_first_byte_offset:0
repl_backlog_histlen:0

# CPU
used_cpu_sys:0.009195
used_cpu_user:0.009195
used_cpu_sys_children:0.000000
used_cpu_user_children:0.000000
used_cpu_sys_main_thread:0.008997
used_cpu_user_main_thread:0.008997

# Modules
module:name=raft,ver=1,api=1,filters=1,usedby=[],using=[],options=[]

# Commandstats
cmdstat_command:calls=2,usec=1560,usec_per_call=780.00,rejected_calls=0,failed_calls=0
cmdstat_config|set:calls=1,usec=6,usec_per_call=6.00,rejected_calls=0,failed_calls=0
cmdstat_config|get:calls=3,usec=5,usec_per_call=1.67,rejected_calls=0,failed_calls=0
cmdstat_auth:calls=1,usec=1,usec_per_call=1.00,rejected_calls=0,failed_calls=0

# Errorstats

# Latencystats
latency_percentiles_usec_command:p50=749.567,p99=815.103,p99.9=815.103
latency_percentiles_usec_config|set:p50=6.015,p99=6.015,p99.9=6.015
latency_percentiles_usec_config|get:p50=2.007,p99=2.007,p99.9=2.007
latency_percentiles_usec_auth:p50=1.003,p99=1.003,p99.9=1.003

# Cluster
cluster_enabled:0

# Keyspace

------ CLIENT LIST OUTPUT ------
id=8 addr=127.0.0.1:57804 laddr=127.0.0.1:5053 fd=11 name= age=0 idle=0 flags=N db=0 sub=0 psub=0 ssub=0 multi=-1 qbuf=0 qbuf-free=20474 argv-mem=0 multi-mem=0 rbs=16384 rbp=16384 obl=0 oll=0 omem=0 tot-mem=37760 events=r cmd=auth user=default redir=-1 resp=2 lib-name= lib-ver=

------ MODULES INFO OUTPUT ------
# raft_version
raft_version:255.255.255
raft_git_sha1:b779b199

# raft_general
raft_dbid:c37eed4a9db4a983cc6b3098a7939533
raft_node_id:3
raft_state:up
raft_role:follower
raft_is_voting:no
raft_voted_for:-1
raft_leader_id:-1
raft_current_term:0
raft_num_nodes:1
raft_num_voting_nodes:0

# raft_log
raft_log_entries:0
raft_current_index:0
raft_commit_index:0
raft_last_applied_index:0
raft_file_size:101
raft_cache_memory_size:0
raft_cache_entries:0
raft_client_attached_entries:0
raft_fsync_count:0
raft_fsync_max_microseconds:0
raft_fsync_avg_microseconds:0

# raft_snapshot
raft_snapshot_filename:redis3.rdb
raft_snapshot_last_idx:0
raft_snapshot_last_term:0
raft_snapshot_size:0
raft_snapshot_time_secs:-1
raft_snapshots_created:0
raft_snapshots_received:0
raft_snapshot_in_progress:no
raft_snapshot_in_progress_last_idx:-1
raft_snapshot_in_progress_last_term:-1

# raft_clients
raft_proxy_reqs:0
raft_proxy_failed_reqs:0
raft_proxy_failed_responses:0
raft_proxy_outstanding_reqs:0

# raft_stats
raft_appendreq_received:0
raft_appendreq_with_entry_received:0
raft_snapshotreq_received:0
raft_exec_throttled:0
raft_num_sessions:0

------ CONFIG DEBUG OUTPUT ------
proto-max-bulk-len 512mb
repl-diskless-sync yes
repl-diskless-load disabled
lazyfree-lazy-user-flush no
client-query-buffer-limit 1gb
lazyfree-lazy-server-del no
io-threads 1
lazyfree-lazy-expire no
lazyfree-lazy-user-del no
list-compress-depth 0
slave-read-only yes
lazyfree-lazy-eviction no
io-threads-do-reads no
replica-read-only yes
sanitize-dump-payload no
activedefrag no

------ FAST MEMORY TEST ------
591888:M 08 Jan 2024 13:28:35.488 # Bio worker thread #0 terminated
591888:M 08 Jan 2024 13:28:35.488 # Bio worker thread #1 terminated
591888:M 08 Jan 2024 13:28:35.488 # Bio worker thread #2 terminated
*** Preparing to test memory region 55b1a4ca3000 (2273280 bytes)
*** Preparing to test memory region 55b1a5857000 (405504 bytes)
*** Preparing to test memory region 7f47f8fff000 (8388608 bytes)
*** Preparing to test memory region 7f47f9800000 (8388608 bytes)
*** Preparing to test memory region 7f47fa000000 (6291456 bytes)
*** Preparing to test memory region 7f47fa7fe000 (8388608 bytes)
*** Preparing to test memory region 7f47fafff000 (8388608 bytes)
*** Preparing to test memory region 7f47fb800000 (8388608 bytes)
*** Preparing to test memory region 7f47fc000000 (135168 bytes)
*** Preparing to test memory region 7f4800338000 (8388608 bytes)
*** Preparing to test memory region 7f4800b39000 (8388608 bytes)
*** Preparing to test memory region 7f480133a000 (8388608 bytes)
*** Preparing to test memory region 7f4801b3b000 (8388608 bytes)
*** Preparing to test memory region 7f480233c000 (8388608 bytes)
*** Preparing to test memory region 7f4802b3d000 (8388608 bytes)
*** Preparing to test memory region 7f480333e000 (8388608 bytes)
*** Preparing to test memory region 7f4803b3e000 (2621440 bytes)
*** Preparing to test memory region 7f4803dcd000 (8192 bytes)
*** Preparing to test memory region 7f480447f000 (12288 bytes)
*** Preparing to test memory region 7f4804a18000 (16384 bytes)
*** Preparing to test memory region 7f4804afe000 (8192 bytes)
*** Preparing to test memory region 7f4805400000 (8388608 bytes)
*** Preparing to test memory region 7f4805c80000 (4096 bytes)
*** Preparing to test memory region 7f4805d50000 (12288 bytes)
*** Preparing to test memory region 7f4805dd5000 (45056 bytes)
*** Preparing to test memory region 7f4805fb4000 (53248 bytes)
*** Preparing to test memory region 7f48060d1000 (8192 bytes)
.O.O.O.O.O.O.O.O.O.O.O.O.O.O.O.O.O.O.O.O.O.O.O.O.O.O.O
Fast memory test PASSED, however your memory can still be broken. Please run a memory test for several hours if possible.

------ DUMPING CODE AROUND EIP ------
Symbol: (null) (base: (nil))
Module: /lib/x86_64-linux-gnu/libc.so.6 (base 0x7f4805de0000)
$ xxd -r -p /tmp/dump.hex /tmp/dump.bin
$ objdump --adjust-vma=(nil) -D -b binary -m i386:x86-64 /tmp/dump.bin
------

=== REDIS BUG REPORT END. Make sure to include from START to END. ===

       Please report the crash by opening an issue on github:

           http://github.com/redis/redis/issues

  If a Redis module was involved, please open in the module's repo instead.

  Suspect RAM error? Use redis-server --test-memory to verify it.

  Some other issues could be detected by redis-server --check-system

----- Stderr -----
libgcov profiling error:/home/snagendra/Fuzzing/redisraft-fuzzing/build/deps/raft/CMakeFiles/raft.dir/src/raft_server.c.gcda:Merge mismatch for function 12
redis-server: /home/snagendra/Fuzzing/redisraft-fuzzing/deps/raft/src/raft_server.c:1702: raft_get_first_entry_idx: Assertion `0 < raft_get_current_idx(me)' failed.



