logs for node: 1

----- Stdout -----
985159:C 08 Jan 2024 13:43:13.096 # WARNING Memory overcommit must be enabled! Without it, a background save or replication may fail under low memory condition. Being disabled, it can also cause failures without low memory condition, see https://github.com/jemalloc/jemalloc/issues/1328. To fix this issue add 'vm.overcommit_memory = 1' to /etc/sysctl.conf and then reboot or run the command 'sysctl vm.overcommit_memory=1' for this to take effect.
985159:C 08 Jan 2024 13:43:13.096 * oO0OoO0OoO0Oo Redis is starting oO0OoO0OoO0Oo
985159:C 08 Jan 2024 13:43:13.096 * Redis version=255.255.255, bits=64, commit=e04ebdb8, modified=1, pid=985159, just started
985159:C 08 Jan 2024 13:43:13.096 * Configuration loaded
985159:M 08 Jan 2024 13:43:13.097 * monotonic clock: POSIX clock_gettime
985159:M 08 Jan 2024 13:43:13.097 * Running mode=standalone, port=5091.
985159:M 08 Jan 2024 13:43:13.104 * <raft> RedisRaft version 255.255.255 [b779b199]
985159:M 08 Jan 2024 13:43:13.109 * <raft> Initializing test network
985159:M 08 Jan 2024 13:43:13.109 * <raft> Created test network client
985159:M 08 Jan 2024 13:43:13.110 * <raft> Raft module loaded, state is 'uninitialized'
985159:M 08 Jan 2024 13:43:13.110 * Module 'raft' loaded from /home/snagendra/Fuzzing/redisraft-fuzzing/redisraft.so
985159:M 08 Jan 2024 13:43:13.111 * Server initialized
985159:M 08 Jan 2024 13:43:13.111 . The AOF directory appendonlydir doesn't exist
985159:M 08 Jan 2024 13:43:13.112 * Ready to accept connections tcp
985159:M 08 Jan 2024 13:43:13.112 . 0 clients connected (0 replicas), 1726352 bytes in use
985159:M 08 Jan 2024 13:43:13.117 - Accepted 127.0.0.1:52864
985159:M 08 Jan 2024 13:43:13.117 # Missing implement of connection type tls
985159:M 08 Jan 2024 13:43:13.124 * <raft> Cluster Membership: term:0 index:0 nodes: id=1,voting=0,active=1,addr=-
985159:M 08 Jan 2024 13:43:13.129 * <raft> State change: Node is now a leader, term 1
985159:M 08 Jan 2024 13:43:13.129 * <raft> Cluster Membership: term:1 index:1 nodes: id=1,voting=0,active=1,addr=-
985159:M 08 Jan 2024 13:43:13.129 * <raft> Test network starting message polling thread
985159:M 08 Jan 2024 13:43:13.130 * <raft> Raft Cluster initialized, node id: 1, dbid: 25046fa04d3fc63ad43fa6dd5177469a
985159:M 08 Jan 2024 13:43:13.246 - Accepted 127.0.0.1:52870
985159:M 08 Jan 2024 13:43:13.247 * <raft> Cluster Membership: term:1 index:3 nodes: id=1,voting=1,active=1,addr=- id=2,voting=0,active=1,addr=localhost:5092
985159:M 08 Jan 2024 13:43:13.254 - Client closed connection id=9 addr=127.0.0.1:52870 laddr=127.0.0.1:5091 fd=12 name= age=0 idle=0 flags=N db=0 sub=0 psub=0 ssub=0 multi=-1 qbuf=0 qbuf-free=20474 argv-mem=0 multi-mem=0 rbs=16384 rbp=16384 obl=0 oll=0 omem=0 tot-mem=37760 events=r cmd=raft.node user=default redir=-1 resp=2 lib-name= lib-ver=
985159:M 08 Jan 2024 13:43:13.371 - Accepted 127.0.0.1:52880
985159:M 08 Jan 2024 13:43:13.372 * <raft> Cluster Membership: term:1 index:4 nodes: id=1,voting=1,active=1,addr=- id=2,voting=0,active=1,addr=localhost:5092 id=3,voting=0,active=1,addr=localhost:5093
985159:M 08 Jan 2024 13:43:13.379 - Client closed connection id=10 addr=127.0.0.1:52880 laddr=127.0.0.1:5091 fd=13 name= age=0 idle=0 flags=N db=0 sub=0 psub=0 ssub=0 multi=-1 qbuf=0 qbuf-free=20474 argv-mem=0 multi-mem=0 rbs=16384 rbp=16384 obl=0 oll=0 omem=0 tot-mem=37760 events=r cmd=raft.node user=default redir=-1 resp=2 lib-name= lib-ver=
985159:signal-handler (1704717793) Received SIGINT scheduling shutdown...
985159:signal-handler (1704717793) You insist... exiting now.


=== REDIS BUG REPORT START: Cut & paste starting from here ===
985159:M 08 Jan 2024 13:43:13.412 # Redis 255.255.255 crashed by signal: 11, si_code: 1
985159:M 08 Jan 2024 13:43:13.412 # Accessing address: 0x18
985159:M 08 Jan 2024 13:43:13.412 # Crashed running the instruction at: 0x7f1a15ea90b0

------ STACK TRACE ------
EIP:
/lib/x86_64-linux-gnu/libc.so.6(__pthread_rwlock_wrlock+0x0)[0x7f1a15ea90b0]

Backtrace:
/lib/x86_64-linux-gnu/libc.so.6(+0x3bfd0)[0x7f1a15e55fd0]
/lib/x86_64-linux-gnu/libc.so.6(__pthread_rwlock_wrlock+0x0)[0x7f1a15ea90b0]
/lib/x86_64-linux-gnu/libcrypto.so.3(CRYPTO_THREAD_write_lock+0x9)[0x7f1a1423df49]
/lib/x86_64-linux-gnu/libcrypto.so.3(ENGINE_get_first+0x3a)[0x7f1a141e408a]
/lib/x86_64-linux-gnu/libcrypto.so.3(ENGINE_register_all_complete+0x6)[0x7f1a141e3486]
/lib/x86_64-linux-gnu/libssh2.so.1(libssh2_init+0x39)[0x7f1a14bfe389]
/lib/x86_64-linux-gnu/libcurl-gnutls.so.4(+0x8146b)[0x7f1a14d2746b]
/lib/x86_64-linux-gnu/libcurl-gnutls.so.4(+0x22125)[0x7f1a14cc8125]
/lib/x86_64-linux-gnu/libcurl-gnutls.so.4(curl_global_init+0x3a)[0x7f1a14cc822a]
/home/snagendra/Fuzzing/redisraft-fuzzing/redisraft.so(redis_test_http_do+0x2c)[0x7f1a14dc486c]
/home/snagendra/Fuzzing/redisraft-fuzzing/redisraft.so(redis_test_http_post+0x26)[0x7f1a14dc4a86]
/home/snagendra/Fuzzing/redisraft-fuzzing/redisraft.so(redis_test_send_message+0x9d)[0x7f1a14dc3efd]
/home/snagendra/Fuzzing/redisraft-fuzzing/redisraft.so(testNetworkSendAppendEntries+0x6a)[0x7f1a14dad19a]
/home/snagendra/Fuzzing/redisraft-fuzzing/redisraft.so(raft_send_appendentries+0x1ea)[0x7f1a14db5baa]
/home/snagendra/Fuzzing/redisraft-fuzzing/redisraft.so(raft_send_appendentries_all+0x4d)[0x7f1a14db5e8d]
/home/snagendra/Fuzzing/redisraft-fuzzing/redisraft.so(raft_periodic_internal+0x240)[0x7f1a14db87e0]
/home/snagendra/Fuzzing/redisraft-fuzzing/redisraft.so(raft_periodic+0x18)[0x7f1a14db8868]
/home/snagendra/Fuzzing/redisraft-fuzzing/redisraft.so(+0x2b765)[0x7f1a14da3765]
/home/snagendra/Fuzzing/redis/src/redis-server 0.0.0.0:5091(moduleTimerHandler+0x21c)[0x55ce925b998c]
/home/snagendra/Fuzzing/redis/src/redis-server 0.0.0.0:5091(+0x81705)[0x55ce924c3705]
/home/snagendra/Fuzzing/redis/src/redis-server 0.0.0.0:5091(aeMain+0x1c8)[0x55ce924cdcb8]
/home/snagendra/Fuzzing/redis/src/redis-server 0.0.0.0:5091(main+0x3cd)[0x55ce924c2e2d]
/lib/x86_64-linux-gnu/libc.so.6(+0x271ca)[0x7f1a15e411ca]
/lib/x86_64-linux-gnu/libc.so.6(__libc_start_main+0x85)[0x7f1a15e41285]
/home/snagendra/Fuzzing/redis/src/redis-server 0.0.0.0:5091(_start+0x2a)[0x55ce924c35aa]

------ REGISTERS ------
985159:M 08 Jan 2024 13:43:13.413 # 
RAX:0000000000000001 RBX:000055ce94963020
RCX:0000000000000000 RDX:0000000000000000
RDI:0000000000000000 RSI:0000000000000000
RBP:00007f1a1447e638 RSP:00007ffd5f8f4db8
R8 :0000000000000000 R9 :0000000000000000
R10:0000000000000000 R11:0000000000000000
R12:00007ffd5f8f4eb0 R13:000055ce94930c70
R14:0000000000000004 R15:0000000000000001
RIP:00007f1a15ea90b0 EFL:0000000000010206
CSGSFS:002b000000000033
985159:M 08 Jan 2024 13:43:13.413 # (00007ffd5f8f4dc7) -> 000055ce94963020
985159:M 08 Jan 2024 13:43:13.413 # (00007ffd5f8f4dc6) -> 00007f1a14cc8125
985159:M 08 Jan 2024 13:43:13.413 # (00007ffd5f8f4dc5) -> 0000000000000001
985159:M 08 Jan 2024 13:43:13.413 # (00007ffd5f8f4dc4) -> 00007f1a14d2746b
985159:M 08 Jan 2024 13:43:13.413 # (00007ffd5f8f4dc3) -> 000055ce94930c70
985159:M 08 Jan 2024 13:43:13.413 # (00007ffd5f8f4dc2) -> 000000005f8f4eb0
985159:M 08 Jan 2024 13:43:13.413 # (00007ffd5f8f4dc1) -> 000055ce9495e900
985159:M 08 Jan 2024 13:43:13.413 # (00007ffd5f8f4dc0) -> 00007f1a14bfe389
985159:M 08 Jan 2024 13:43:13.413 # (00007ffd5f8f4dbf) -> 000055ce94963020
985159:M 08 Jan 2024 13:43:13.413 # (00007ffd5f8f4dbe) -> 00007f1a141e3486
985159:M 08 Jan 2024 13:43:13.413 # (00007ffd5f8f4dbd) -> 000055ce9495e900
985159:M 08 Jan 2024 13:43:13.413 # (00007ffd5f8f4dbc) -> 000055ce94963020
985159:M 08 Jan 2024 13:43:13.413 # (00007ffd5f8f4dbb) -> 00007ffd5f8f4eb0
985159:M 08 Jan 2024 13:43:13.413 # (00007ffd5f8f4dba) -> 00007f1a141e408a
985159:M 08 Jan 2024 13:43:13.413 # (00007ffd5f8f4db9) -> 000055ce94963020
985159:M 08 Jan 2024 13:43:13.413 # (00007ffd5f8f4db8) -> 00007f1a1423df49

------ INFO OUTPUT ------
# Server
redis_version:255.255.255
redis_git_sha1:e04ebdb8
redis_git_dirty:1
redis_build_id:1f78dcc7b4fbdd25
redis_mode:standalone
os:Linux 6.1.60.1.amd64-smp x86_64
arch_bits:64
monotonic_clock:POSIX clock_gettime
multiplexing_api:epoll
atomicvar_api:c11-builtin
gcc_version:10.2.1
process_id:985159
process_supervised:no
run_id:02ffa8d7a3db8e3f004308f44d4d8a7e84a8d662
tcp_port:5091
server_time_usec:1704717793412458
uptime_in_seconds:0
uptime_in_days:0
hz:10
configured_hz:10
lru_clock:10218977
executable:/home/snagendra/Fuzzing/redis/src/redis-server
config_file:
io_threads_active:0
listener0:name=tcp,bind=0.0.0.0,port=5091

# Clients
connected_clients:1
cluster_connections:0
maxclients:10000
client_recent_max_input_buffer:20480
client_recent_max_output_buffer:0
blocked_clients:0
tracking_clients:0
clients_in_timeout_table:0
total_blocking_keys:0
total_blocking_keys_on_nokey:0

# Memory
used_memory:1903856
used_memory_human:1.82M
used_memory_rss:18378752
used_memory_rss_human:17.53M
used_memory_peak:1954144
used_memory_peak_human:1.86M
used_memory_peak_perc:97.43%
used_memory_overhead:1748792
used_memory_startup:1726208
used_memory_dataset:155064
used_memory_dataset_perc:87.29%
allocator_allocated:2287920
allocator_active:2871296
allocator_resident:10973184
total_system_memory:270388695040
total_system_memory_human:251.82G
used_memory_lua:31744
used_memory_vm_eval:31744
used_memory_lua_human:31.00K
used_memory_scripts_eval:0
number_of_cached_scripts:0
number_of_functions:0
number_of_libraries:0
used_memory_vm_functions:32768
used_memory_vm_total:64512
used_memory_vm_total_human:63.00K
used_memory_functions:184
used_memory_scripts:184
used_memory_scripts_human:184B
maxmemory:0
maxmemory_human:0B
maxmemory_policy:noeviction
allocator_frag_ratio:1.25
allocator_frag_bytes:583376
allocator_rss_ratio:3.82
allocator_rss_bytes:8101888
rss_overhead_ratio:1.67
rss_overhead_bytes:7405568
mem_fragmentation_ratio:9.59
mem_fragmentation_bytes:16462848
mem_not_counted_for_evict:0
mem_replication_backlog:0
mem_total_replication_buffers:0
mem_clients_slaves:0
mem_clients_normal:22400
mem_cluster_links:0
mem_aof_buffer:0
mem_allocator:jemalloc-5.3.0
active_defrag_running:0
lazyfree_pending_objects:0
lazyfreed_objects:0

# Persistence
loading:0
async_loading:0
current_cow_peak:0
current_cow_size:0
current_cow_size_age:0
current_fork_perc:0.00
current_save_keys_processed:0
current_save_keys_total:0
rdb_changes_since_last_save:0
rdb_bgsave_in_progress:0
rdb_last_save_time:1704717793
rdb_last_bgsave_status:ok
rdb_last_bgsave_time_sec:-1
rdb_current_bgsave_time_sec:-1
rdb_saves:0
rdb_last_cow_size:0
rdb_last_load_keys_expired:0
rdb_last_load_keys_loaded:0
aof_enabled:0
aof_rewrite_in_progress:0
aof_rewrite_scheduled:0
aof_last_rewrite_time_sec:-1
aof_current_rewrite_time_sec:-1
aof_last_bgrewrite_status:ok
aof_rewrites:0
aof_rewrites_consecutive_failures:0
aof_last_write_status:ok
aof_last_cow_size:0
module_fork_in_progress:0
module_fork_last_cow_size:0

# Stats
total_connections_received:3
total_commands_processed:14
instantaneous_ops_per_sec:28
total_net_input_bytes:355
total_net_output_bytes:417
total_net_repl_input_bytes:0
total_net_repl_output_bytes:0
instantaneous_input_kbps:0.16
instantaneous_output_kbps:0.22
instantaneous_input_repl_kbps:0.00
instantaneous_output_repl_kbps:0.00
rejected_connections:0
sync_full:0
sync_partial_ok:0
sync_partial_err:0
expired_keys:0
expired_stale_perc:0.00
expired_time_cap_reached_count:0
expire_cycle_cpu_milliseconds:0
evicted_keys:0
evicted_clients:0
total_eviction_exceeded_time:0
current_eviction_exceeded_time:0
keyspace_hits:0
keyspace_misses:0
pubsub_channels:0
pubsub_patterns:0
pubsubshard_channels:0
latest_fork_usec:0
total_forks:0
migrate_cached_sockets:0
slave_expires_tracked_keys:0
active_defrag_hits:0
active_defrag_misses:0
active_defrag_key_hits:0
active_defrag_key_misses:0
total_active_defrag_time:0
current_active_defrag_time:0
tracking_total_keys:0
tracking_total_items:0
tracking_total_prefixes:0
unexpected_error_replies:0
total_error_replies:0
dump_payload_sanitizations:0
total_reads_processed:10
total_writes_processed:8
io_threaded_reads_processed:0
io_threaded_writes_processed:0
reply_buffer_shrinks:1
reply_buffer_expands:0
acl_access_denied_auth:0
acl_access_denied_cmd:0
acl_access_denied_key:0
acl_access_denied_channel:0

# Replication
role:master
connected_slaves:0
master_failover_state:no-failover
master_replid:070c6c62999036561c4ecba4d3bc560412da3d3d
master_replid2:0000000000000000000000000000000000000000
master_repl_offset:0
second_repl_offset:-1
repl_backlog_active:0
repl_backlog_size:1048576
repl_backlog_first_byte_offset:0
repl_backlog_histlen:0

# CPU
used_cpu_sys:0.006356
used_cpu_user:0.031782
used_cpu_sys_children:0.000000
used_cpu_user_children:0.000000
used_cpu_sys_main_thread:0.003486
used_cpu_user_main_thread:0.017431

# Modules
module:name=raft,ver=1,api=1,filters=1,usedby=[],using=[],options=[]

# Commandstats
cmdstat_config|set:calls=1,usec=11,usec_per_call=11.00,rejected_calls=0,failed_calls=0
cmdstat_config|get:calls=3,usec=4,usec_per_call=1.33,rejected_calls=0,failed_calls=0
cmdstat_client|setinfo:calls=2,usec=1,usec_per_call=0.50,rejected_calls=0,failed_calls=0
cmdstat_hello:calls=1,usec=5,usec_per_call=5.00,rejected_calls=0,failed_calls=0
cmdstat_raft.cluster:calls=1,usec=12474,usec_per_call=12474.00,rejected_calls=0,failed_calls=0
cmdstat_command:calls=2,usec=1452,usec_per_call=726.00,rejected_calls=0,failed_calls=0
cmdstat_raft.node:calls=2,usec=1130,usec_per_call=565.00,rejected_calls=0,failed_calls=0
cmdstat_auth:calls=2,usec=3,usec_per_call=1.50,rejected_calls=0,failed_calls=0

# Errorstats

# Latencystats
latency_percentiles_usec_config|set:p50=11.007,p99=11.007,p99.9=11.007
latency_percentiles_usec_config|get:p50=1.003,p99=2.007,p99.9=2.007
latency_percentiles_usec_client|setinfo:p50=0.001,p99=1.003,p99.9=1.003
latency_percentiles_usec_hello:p50=5.023,p99=5.023,p99.9=5.023
latency_percentiles_usec_raft.cluster:p50=12517.375,p99=12517.375,p99.9=12517.375
latency_percentiles_usec_command:p50=688.127,p99=770.047,p99.9=770.047
latency_percentiles_usec_raft.node:p50=544.767,p99=589.823,p99.9=589.823
latency_percentiles_usec_auth:p50=1.003,p99=2.007,p99.9=2.007

# Cluster
cluster_enabled:0

# Keyspace

------ CLIENT LIST OUTPUT ------
id=8 addr=127.0.0.1:52864 laddr=127.0.0.1:5091 fd=9 name= age=0 idle=0 flags=N db=0 sub=0 psub=0 ssub=0 multi=-1 qbuf=0 qbuf-free=20474 argv-mem=0 multi-mem=0 rbs=1024 rbp=0 obl=0 oll=0 omem=0 tot-mem=22400 events=r cmd=raft.cluster user=default redir=-1 resp=3 lib-name=go-redis(,go1.21.4) lib-ver=9.2.1

------ MODULES INFO OUTPUT ------
# raft_version
raft_version:255.255.255
raft_git_sha1:b779b199

# raft_general
raft_dbid:25046fa04d3fc63ad43fa6dd5177469a
raft_node_id:1
raft_state:up
raft_role:leader
raft_is_voting:yes
raft_voted_for:-1
raft_leader_id:1
raft_current_term:1
raft_num_nodes:3
raft_num_voting_nodes:1
raft_node1:id=2,state=connected,voting=no,addr=localhost,port=5092,last_conn_secs=0,conn_errors=0,conn_oks=1
raft_node2:id=3,state=disconnected,voting=no,addr=localhost,port=5093,last_conn_secs=-1,conn_errors=0,conn_oks=0

# raft_log
raft_log_entries:4
raft_current_index:4
raft_commit_index:4
raft_last_applied_index:4
raft_file_size:1187
raft_cache_memory_size:1016
raft_cache_entries:4
raft_client_attached_entries:0
raft_fsync_count:1
raft_fsync_max_microseconds:5
raft_entry1:term=1,id=0,data_len=0
raft_entry2:term=1,id=248320691,data_len=264
raft_entry3:term=1,id=1025888917,data_len=264
raft_fsync_avg_microseconds:5

# raft_snapshot
raft_snapshot_filename:redis1.rdb
raft_snapshot_last_idx:0
raft_snapshot_last_term:0
raft_snapshot_size:0
raft_snapshot_time_secs:-1
raft_snapshots_created:0
raft_snapshots_received:0
raft_snapshot_in_progress:no
raft_snapshot_in_progress_last_idx:-1
raft_snapshot_in_progress_last_term:-1

# raft_clients
raft_proxy_reqs:0
raft_proxy_failed_reqs:0
raft_proxy_failed_responses:0
raft_proxy_outstanding_reqs:0

# raft_stats
raft_appendreq_received:0
raft_appendreq_with_entry_received:0
raft_snapshotreq_received:0
raft_exec_throttled:0
raft_num_sessions:0

------ CONFIG DEBUG OUTPUT ------
client-query-buffer-limit 1gb
proto-max-bulk-len 512mb
list-compress-depth 0
lazyfree-lazy-user-flush no
repl-diskless-sync yes
lazyfree-lazy-server-del no
lazyfree-lazy-expire no
io-threads-do-reads no
io-threads 1
repl-diskless-load disabled
lazyfree-lazy-user-del no
slave-read-only yes
lazyfree-lazy-eviction no
activedefrag no
replica-read-only yes
sanitize-dump-payload no

------ FAST MEMORY TEST ------
985159:M 08 Jan 2024 13:43:13.413 # Bio worker thread #0 terminated
985159:M 08 Jan 2024 13:43:13.413 # Bio worker thread #1 terminated
985159:M 08 Jan 2024 13:43:13.413 # Bio worker thread #2 terminated
*** Preparing to test memory region 55ce92799000 (2273280 bytes)
*** Preparing to test memory region 55ce94905000 (507904 bytes)
*** Preparing to test memory region 7f19fc000000 (135168 bytes)
*** Preparing to test memory region 7f1a04000000 (135168 bytes)
*** Preparing to test memory region 7f1a08400000 (8388608 bytes)
*** Preparing to test memory region 7f1a08c00000 (2097152 bytes)
*** Preparing to test memory region 7f1a08fff000 (8388608 bytes)
*** Preparing to test memory region 7f1a09800000 (8388608 bytes)
*** Preparing to test memory region 7f1a0a000000 (6291456 bytes)
*** Preparing to test memory region 7f1a0a7fe000 (8388608 bytes)
*** Preparing to test memory region 7f1a0afff000 (8388608 bytes)
*** Preparing to test memory region 7f1a0b800000 (8388608 bytes)
*** Preparing to test memory region 7f1a0c000000 (135168 bytes)
*** Preparing to test memory region 7f1a10136000 (2097152 bytes)
*** Preparing to test memory region 7f1a1036c000 (8388608 bytes)
*** Preparing to test memory region 7f1a10b6d000 (8388608 bytes)
*** Preparing to test memory region 7f1a1136e000 (8388608 bytes)
*** Preparing to test memory region 7f1a11b6f000 (8388608 bytes)
*** Preparing to test memory region 7f1a12370000 (8388608 bytes)
*** Preparing to test memory region 7f1a12b71000 (8388608 bytes)
*** Preparing to test memory region 7f1a13372000 (8388608 bytes)
*** Preparing to test memory region 7f1a13b72000 (2621440 bytes)
*** Preparing to test memory region 7f1a1447f000 (12288 bytes)
*** Preparing to test memory region 7f1a144a8000 (8192 bytes)
*** Preparing to test memory region 7f1a14a18000 (16384 bytes)
*** Preparing to test memory region 7f1a14b2e000 (8192 bytes)
*** Preparing to test memory region 7f1a14ca5000 (4096 bytes)
*** Preparing to test memory region 7f1a14dfa000 (24576 bytes)
*** Preparing to test memory region 7f1a155ec000 (4096 bytes)
*** Preparing to test memory region 7f1a15600000 (8388608 bytes)
*** Preparing to test memory region 7f1a15e00000 (4096 bytes)
*** Preparing to test memory region 7f1a15e15000 (20480 bytes)
*** Preparing to test memory region 7f1a15fee000 (53248 bytes)
*** Preparing to test memory region 7f1a1610b000 (8192 bytes)
.O.O.O.O.986105:C 08 Jan 2024 13:43:15.703 # WARNING Memory overcommit must be enabled! Without it, a background save or replication may fail under low memory condition. Being disabled, it can also cause failures without low memory condition, see https://github.com/jemalloc/jemalloc/issues/1328. To fix this issue add 'vm.overcommit_memory = 1' to /etc/sysctl.conf and then reboot or run the command 'sysctl vm.overcommit_memory=1' for this to take effect.
986105:C 08 Jan 2024 13:43:15.703 * oO0OoO0OoO0Oo Redis is starting oO0OoO0OoO0Oo
986105:C 08 Jan 2024 13:43:15.703 * Redis version=255.255.255, bits=64, commit=e04ebdb8, modified=1, pid=986105, just started
986105:C 08 Jan 2024 13:43:15.703 * Configuration loaded
986105:M 08 Jan 2024 13:43:15.704 * monotonic clock: POSIX clock_gettime
986105:M 08 Jan 2024 13:43:15.704 * Running mode=standalone, port=5091.
986105:M 08 Jan 2024 13:43:15.711 * <raft> RedisRaft version 255.255.255 [b779b199]
986105:M 08 Jan 2024 13:43:15.716 * <raft> Initializing test network
986105:M 08 Jan 2024 13:43:15.717 * <raft> Created test network client
986105:M 08 Jan 2024 13:43:15.721 * <raft> Raft module loaded, state is 'loading'
986105:M 08 Jan 2024 13:43:15.721 * Module 'raft' loaded from /home/snagendra/Fuzzing/redisraft-fuzzing/redisraft.so
986105:M 08 Jan 2024 13:43:15.721 * Server initialized
986105:M 08 Jan 2024 13:43:15.721 . The AOF directory appendonlydir doesn't exist
986105:M 08 Jan 2024 13:43:15.721 * Ready to accept connections tcp
986105:M 08 Jan 2024 13:43:15.721 . 0 clients connected (0 replicas), 1746720 bytes in use
986105:M 08 Jan 2024 13:43:15.780 - Accepted 127.0.0.1:53138
986105:M 08 Jan 2024 13:43:15.780 # Missing implement of connection type tls
986105:M 08 Jan 2024 13:43:15.821 * <raft> Loading: Redis loading complete, snapshot NOT LOADED
986105:M 08 Jan 2024 13:43:15.821 * <raft> Cluster Membership: term:0 index:0 nodes: id=1,voting=0,active=1,addr=-
986105:M 08 Jan 2024 13:43:15.821 * <raft> Test network starting message polling thread
986105:M 08 Jan 2024 13:43:15.822 * <raft> Cluster Membership: term:0 index:4 nodes: id=1,voting=1,active=1,addr=- id=2,voting=0,active=1,addr=localhost:5092
986105:M 08 Jan 2024 13:43:15.822 * <raft> Cluster Membership: term:0 index:4 nodes: id=1,voting=1,active=1,addr=- id=2,voting=0,active=1,addr=localhost:5092 id=3,voting=0,active=1,addr=localhost:5093
986105:M 08 Jan 2024 13:43:15.822 * <raft> Raft state after loading log: log_count=4, first_idx=1, current_idx=4, last_applied_idx=0
986105:M 08 Jan 2024 13:43:15.822 . <raft> Raft term=1, vote=-1
986105:M 08 Jan 2024 13:43:15.831 * <raft> State change: Node is now a leader, term 2
986105:M 08 Jan 2024 13:43:15.831 * <raft> Cluster Membership: term:2 index:5 nodes: id=1,voting=1,active=1,addr=- id=2,voting=0,active=1,addr=localhost:5092 id=3,voting=0,active=1,addr=localhost:5093
986105:M 08 Jan 2024 13:43:16.239 - Accepted 127.0.0.1:53152
986105:M 08 Jan 2024 13:43:16.327 - Accepted 127.0.0.1:53154
986105:M 08 Jan 2024 13:43:16.590 - Client closed connection id=10 addr=127.0.0.1:53154 laddr=127.0.0.1:5091 fd=15 name= age=0 idle=0 flags=N db=0 sub=0 psub=0 ssub=0 multi=-1 qbuf=0 qbuf-free=20474 argv-mem=0 multi-mem=0 rbs=1024 rbp=0 obl=0 oll=0 omem=0 tot-mem=22400 events=r cmd=auth user=default redir=-1 resp=2 lib-name= lib-ver=
986105:M 08 Jan 2024 13:43:16.614 - Client closed connection id=8 addr=127.0.0.1:53138 laddr=127.0.0.1:5091 fd=11 name= age=1 idle=1 flags=N db=0 sub=0 psub=0 ssub=0 multi=-1 qbuf=0 qbuf-free=20474 argv-mem=0 multi-mem=0 rbs=1024 rbp=0 obl=0 oll=0 omem=0 tot-mem=22400 events=r cmd=auth user=default redir=-1 resp=2 lib-name= lib-ver=
986105:signal-handler (1704717796) Received SIGINT scheduling shutdown...
986105:signal-handler (1704717796) You insist... exiting now.

----- Stderr -----
libgcov profiling error:/home/snagendra/Fuzzing/redisraft-fuzzing/build/deps/raft/CMakeFiles/raft.dir/src/raft_server.c.gcda:Merge mismatch for function 12
libgcov profiling error:/home/snagendra/Fuzzing/redisraft-fuzzing/build/deps/raft/CMakeFiles/raft.dir/src/raft_server.c.gcda:Merge mismatch for function 12




logs for node: 2

----- Stdout -----
985191:C 08 Jan 2024 13:43:13.132 # WARNING Memory overcommit must be enabled! Without it, a background save or replication may fail under low memory condition. Being disabled, it can also cause failures without low memory condition, see https://github.com/jemalloc/jemalloc/issues/1328. To fix this issue add 'vm.overcommit_memory = 1' to /etc/sysctl.conf and then reboot or run the command 'sysctl vm.overcommit_memory=1' for this to take effect.
985191:C 08 Jan 2024 13:43:13.132 * oO0OoO0OoO0Oo Redis is starting oO0OoO0OoO0Oo
985191:C 08 Jan 2024 13:43:13.132 * Redis version=255.255.255, bits=64, commit=e04ebdb8, modified=1, pid=985191, just started
985191:C 08 Jan 2024 13:43:13.132 * Configuration loaded
985191:M 08 Jan 2024 13:43:13.133 * monotonic clock: POSIX clock_gettime
985191:M 08 Jan 2024 13:43:13.133 * Running mode=standalone, port=5092.
985191:M 08 Jan 2024 13:43:13.139 * <raft> RedisRaft version 255.255.255 [b779b199]
985191:M 08 Jan 2024 13:43:13.144 * <raft> Initializing test network
985191:M 08 Jan 2024 13:43:13.145 * <raft> Created test network client
985191:M 08 Jan 2024 13:43:13.145 * <raft> Raft module loaded, state is 'uninitialized'
985191:M 08 Jan 2024 13:43:13.145 * Module 'raft' loaded from /home/snagendra/Fuzzing/redisraft-fuzzing/redisraft.so
985191:M 08 Jan 2024 13:43:13.146 * Server initialized
985191:M 08 Jan 2024 13:43:13.147 . The AOF directory appendonlydir doesn't exist
985191:M 08 Jan 2024 13:43:13.147 * Ready to accept connections tcp
985191:M 08 Jan 2024 13:43:13.147 . 0 clients connected (0 replicas), 1726192 bytes in use
985191:M 08 Jan 2024 13:43:13.154 - Accepted 127.0.0.1:43106
985191:M 08 Jan 2024 13:43:13.154 # Missing implement of connection type tls
985191:M 08 Jan 2024 13:43:13.246 - <raft> join cluster, connecting to localhost:5091
985191:M 08 Jan 2024 13:43:13.247 * <raft> Joined Raft cluster, node id: 2, dbid: 25046fa04d3fc63ad43fa6dd5177469a
985191:M 08 Jan 2024 13:43:13.254 * <raft> Cluster Membership: term:0 index:0 nodes: id=2,voting=0,active=1,addr=-
985191:M 08 Jan 2024 13:43:13.254 * <raft> Test network starting message polling thread
985191:M 08 Jan 2024 13:43:13.312 - Accepted 127.0.0.1:43120
985191:M 08 Jan 2024 13:43:13.428 - Client closed connection id=9 addr=127.0.0.1:43120 laddr=127.0.0.1:5092 fd=10 name= age=0 idle=0 flags=N db=0 sub=0 psub=0 ssub=0 multi=-1 qbuf=0 qbuf-free=20474 argv-mem=0 multi-mem=0 rbs=16384 rbp=0 obl=0 oll=0 omem=0 tot-mem=37760 events=r cmd=auth user=default redir=-1 resp=2 lib-name= lib-ver=
985191:M 08 Jan 2024 13:43:13.527 * <raft> Cluster Membership: term:1 index:2 nodes: id=2,voting=0,active=1,addr=- id=1,voting=1,active=1,addr=localhost:5091
985191:M 08 Jan 2024 13:43:13.672 - Accepted 127.0.0.1:43122
985191:M 08 Jan 2024 13:43:13.811 - Client closed connection id=10 addr=127.0.0.1:43122 laddr=127.0.0.1:5092 fd=10 name= age=0 idle=0 flags=N db=0 sub=0 psub=0 ssub=0 multi=-1 qbuf=0 qbuf-free=20474 argv-mem=0 multi-mem=0 rbs=16384 rbp=0 obl=0 oll=0 omem=0 tot-mem=37760 events=r cmd=auth user=default redir=-1 resp=2 lib-name= lib-ver=
985191:M 08 Jan 2024 13:43:13.850 * <raft> State change: Election starting, node is now a pre-candidate, term 1
985191:M 08 Jan 2024 13:43:13.850 * <raft> Cluster Membership: term:1 index:3 nodes: id=2,voting=0,active=1,addr=- id=1,voting=1,active=1,addr=localhost:5091
985191:M 08 Jan 2024 13:43:13.873 * <raft> State change: Node is now a follower, term 1
985191:M 08 Jan 2024 13:43:13.873 * <raft> Cluster Membership: term:1 index:3 nodes: id=2,voting=0,active=1,addr=- id=1,voting=1,active=1,addr=localhost:5091
985191:M 08 Jan 2024 13:43:13.874 * <raft> Cluster Membership: term:1 index:4 nodes: id=2,voting=0,active=1,addr=- id=1,voting=1,active=1,addr=localhost:5091 id=3,voting=0,active=1,addr=localhost:5093
985191:M 08 Jan 2024 13:43:14.152 * <raft> State change: Election starting, node is now a pre-candidate, term 1
985191:M 08 Jan 2024 13:43:14.152 * <raft> Cluster Membership: term:1 index:4 nodes: id=2,voting=0,active=1,addr=- id=1,voting=1,active=1,addr=localhost:5091 id=3,voting=0,active=1,addr=localhost:5093
985191:signal-handler (1704717794) Received SIGINT scheduling shutdown...
985191:signal-handler (1704717794) You insist... exiting now.
985542:C 08 Jan 2024 13:43:14.600 # WARNING Memory overcommit must be enabled! Without it, a background save or replication may fail under low memory condition. Being disabled, it can also cause failures without low memory condition, see https://github.com/jemalloc/jemalloc/issues/1328. To fix this issue add 'vm.overcommit_memory = 1' to /etc/sysctl.conf and then reboot or run the command 'sysctl vm.overcommit_memory=1' for this to take effect.
985542:C 08 Jan 2024 13:43:14.600 * oO0OoO0OoO0Oo Redis is starting oO0OoO0OoO0Oo
985542:C 08 Jan 2024 13:43:14.600 * Redis version=255.255.255, bits=64, commit=e04ebdb8, modified=1, pid=985542, just started
985542:C 08 Jan 2024 13:43:14.600 * Configuration loaded
985542:M 08 Jan 2024 13:43:14.600 * monotonic clock: POSIX clock_gettime
985542:M 08 Jan 2024 13:43:14.601 * Running mode=standalone, port=5092.
985542:M 08 Jan 2024 13:43:14.607 * <raft> RedisRaft version 255.255.255 [b779b199]
985542:M 08 Jan 2024 13:43:14.611 * <raft> Initializing test network
985542:M 08 Jan 2024 13:43:14.612 * <raft> Created test network client
985542:M 08 Jan 2024 13:43:14.615 * <raft> Raft module loaded, state is 'loading'
985542:M 08 Jan 2024 13:43:14.615 * Module 'raft' loaded from /home/snagendra/Fuzzing/redisraft-fuzzing/redisraft.so
985542:M 08 Jan 2024 13:43:14.616 * Server initialized
985542:M 08 Jan 2024 13:43:14.616 . The AOF directory appendonlydir doesn't exist
985542:M 08 Jan 2024 13:43:14.616 * Ready to accept connections tcp
985542:M 08 Jan 2024 13:43:14.616 . 0 clients connected (0 replicas), 1746656 bytes in use
985542:M 08 Jan 2024 13:43:14.671 - Accepted 127.0.0.1:43158
985542:M 08 Jan 2024 13:43:14.671 # Missing implement of connection type tls
985542:M 08 Jan 2024 13:43:14.715 * <raft> Loading: Redis loading complete, snapshot NOT LOADED
985542:M 08 Jan 2024 13:43:14.716 * <raft> Cluster Membership: term:0 index:0 nodes: id=2,voting=0,active=1,addr=-
985542:M 08 Jan 2024 13:43:14.716 * <raft> Test network starting message polling thread
985542:M 08 Jan 2024 13:43:14.717 * <raft> Cluster Membership: term:0 index:4 nodes: id=2,voting=0,active=1,addr=- id=1,voting=1,active=1,addr=localhost:5091
985542:M 08 Jan 2024 13:43:14.717 * <raft> Cluster Membership: term:0 index:4 nodes: id=2,voting=0,active=1,addr=- id=1,voting=1,active=1,addr=localhost:5091 id=3,voting=0,active=1,addr=localhost:5093
985542:M 08 Jan 2024 13:43:14.717 * <raft> Raft state after loading log: log_count=4, first_idx=1, current_idx=4, last_applied_idx=0
985542:M 08 Jan 2024 13:43:14.717 . <raft> Raft term=1, vote=-1
985542:M 08 Jan 2024 13:43:14.833 - Client closed connection id=8 addr=127.0.0.1:43158 laddr=127.0.0.1:5092 fd=11 name= age=0 idle=0 flags=N db=0 sub=0 psub=0 ssub=0 multi=-1 qbuf=0 qbuf-free=20474 argv-mem=0 multi-mem=0 rbs=1024 rbp=0 obl=0 oll=0 omem=0 tot-mem=22400 events=r cmd=auth user=default redir=-1 resp=2 lib-name= lib-ver=
985542:M 08 Jan 2024 13:43:15.018 * <raft> State change: Election starting, node is now a pre-candidate, term 1
985542:M 08 Jan 2024 13:43:15.018 * <raft> Cluster Membership: term:1 index:4 nodes: id=2,voting=0,active=1,addr=- id=1,voting=1,active=1,addr=localhost:5091 id=3,voting=0,active=1,addr=localhost:5093
985542:signal-handler (1704717795) Received SIGINT scheduling shutdown...
985542:signal-handler (1704717795) You insist... exiting now.
986166:C 08 Jan 2024 13:43:15.825 # WARNING Memory overcommit must be enabled! Without it, a background save or replication may fail under low memory condition. Being disabled, it can also cause failures without low memory condition, see https://github.com/jemalloc/jemalloc/issues/1328. To fix this issue add 'vm.overcommit_memory = 1' to /etc/sysctl.conf and then reboot or run the command 'sysctl vm.overcommit_memory=1' for this to take effect.
986166:C 08 Jan 2024 13:43:15.825 * oO0OoO0OoO0Oo Redis is starting oO0OoO0OoO0Oo
986166:C 08 Jan 2024 13:43:15.825 * Redis version=255.255.255, bits=64, commit=e04ebdb8, modified=1, pid=986166, just started
986166:C 08 Jan 2024 13:43:15.825 * Configuration loaded
986166:M 08 Jan 2024 13:43:15.826 * monotonic clock: POSIX clock_gettime
986166:M 08 Jan 2024 13:43:15.826 * Running mode=standalone, port=5092.
986166:M 08 Jan 2024 13:43:15.834 * <raft> RedisRaft version 255.255.255 [b779b199]
986166:M 08 Jan 2024 13:43:15.838 * <raft> Initializing test network
986166:M 08 Jan 2024 13:43:15.839 * <raft> Created test network client
986166:M 08 Jan 2024 13:43:15.843 * <raft> Raft module loaded, state is 'loading'
986166:M 08 Jan 2024 13:43:15.843 * Module 'raft' loaded from /home/snagendra/Fuzzing/redisraft-fuzzing/redisraft.so
986166:M 08 Jan 2024 13:43:15.844 * Server initialized
986166:M 08 Jan 2024 13:43:15.844 . The AOF directory appendonlydir doesn't exist
986166:M 08 Jan 2024 13:43:15.844 * Ready to accept connections tcp
986166:M 08 Jan 2024 13:43:15.844 . 0 clients connected (0 replicas), 1746848 bytes in use
986166:M 08 Jan 2024 13:43:15.881 - Accepted 127.0.0.1:43232
986166:M 08 Jan 2024 13:43:15.881 # Missing implement of connection type tls
986166:M 08 Jan 2024 13:43:15.932 - Accepted 127.0.0.1:43242
986166:M 08 Jan 2024 13:43:15.943 * <raft> Loading: Redis loading complete, snapshot NOT LOADED
986166:M 08 Jan 2024 13:43:15.944 * <raft> Cluster Membership: term:0 index:0 nodes: id=2,voting=0,active=1,addr=-
986166:M 08 Jan 2024 13:43:15.944 * <raft> Test network starting message polling thread
986166:M 08 Jan 2024 13:43:15.945 * <raft> Cluster Membership: term:0 index:4 nodes: id=2,voting=0,active=1,addr=- id=1,voting=1,active=1,addr=localhost:5091
986166:M 08 Jan 2024 13:43:15.945 * <raft> Cluster Membership: term:0 index:4 nodes: id=2,voting=0,active=1,addr=- id=1,voting=1,active=1,addr=localhost:5091 id=3,voting=0,active=1,addr=localhost:5093
986166:M 08 Jan 2024 13:43:15.945 * <raft> Raft state after loading log: log_count=4, first_idx=1, current_idx=4, last_applied_idx=0
986166:M 08 Jan 2024 13:43:15.945 . <raft> Raft term=1, vote=-1
986166:signal-handler (1704717795) Received SIGINT scheduling shutdown...
986166:signal-handler (1704717795) You insist... exiting now.
986520:C 08 Jan 2024 13:43:16.210 # WARNING Memory overcommit must be enabled! Without it, a background save or replication may fail under low memory condition. Being disabled, it can also cause failures without low memory condition, see https://github.com/jemalloc/jemalloc/issues/1328. To fix this issue add 'vm.overcommit_memory = 1' to /etc/sysctl.conf and then reboot or run the command 'sysctl vm.overcommit_memory=1' for this to take effect.
986520:C 08 Jan 2024 13:43:16.210 * oO0OoO0OoO0Oo Redis is starting oO0OoO0OoO0Oo
986520:C 08 Jan 2024 13:43:16.210 * Redis version=255.255.255, bits=64, commit=e04ebdb8, modified=1, pid=986520, just started
986520:C 08 Jan 2024 13:43:16.210 * Configuration loaded
986520:M 08 Jan 2024 13:43:16.211 * monotonic clock: POSIX clock_gettime
986520:M 08 Jan 2024 13:43:16.211 * Running mode=standalone, port=5092.
986520:M 08 Jan 2024 13:43:16.218 * <raft> RedisRaft version 255.255.255 [b779b199]
986520:M 08 Jan 2024 13:43:16.222 * <raft> Initializing test network
986520:M 08 Jan 2024 13:43:16.223 * <raft> Created test network client
986520:M 08 Jan 2024 13:43:16.225 * <raft> Raft module loaded, state is 'loading'
986520:M 08 Jan 2024 13:43:16.225 * Module 'raft' loaded from /home/snagendra/Fuzzing/redisraft-fuzzing/redisraft.so
986520:M 08 Jan 2024 13:43:16.226 * Server initialized
986520:M 08 Jan 2024 13:43:16.226 . The AOF directory appendonlydir doesn't exist
986520:M 08 Jan 2024 13:43:16.226 * Ready to accept connections tcp
986520:M 08 Jan 2024 13:43:16.226 . 0 clients connected (0 replicas), 1746720 bytes in use
986520:M 08 Jan 2024 13:43:16.233 - Accepted 127.0.0.1:43284
986520:M 08 Jan 2024 13:43:16.233 # Missing implement of connection type tls
986520:M 08 Jan 2024 13:43:16.284 - Accepted 127.0.0.1:43292
986520:M 08 Jan 2024 13:43:16.325 * <raft> Loading: Redis loading complete, snapshot NOT LOADED
986520:M 08 Jan 2024 13:43:16.326 * <raft> Cluster Membership: term:0 index:0 nodes: id=2,voting=0,active=1,addr=-
986520:M 08 Jan 2024 13:43:16.326 * <raft> Test network starting message polling thread
986520:M 08 Jan 2024 13:43:16.326 * <raft> Cluster Membership: term:0 index:4 nodes: id=2,voting=0,active=1,addr=- id=1,voting=1,active=1,addr=localhost:5091
986520:M 08 Jan 2024 13:43:16.327 * <raft> Cluster Membership: term:0 index:4 nodes: id=2,voting=0,active=1,addr=- id=1,voting=1,active=1,addr=localhost:5091 id=3,voting=0,active=1,addr=localhost:5093
986520:M 08 Jan 2024 13:43:16.327 * <raft> Raft state after loading log: log_count=4, first_idx=1, current_idx=4, last_applied_idx=0
986520:M 08 Jan 2024 13:43:16.327 . <raft> Raft term=1, vote=-1
986520:signal-handler (1704717796) Received SIGINT scheduling shutdown...
986520:signal-handler (1704717796) You insist... exiting now.

----- Stderr -----
libgcov profiling error:/home/snagendra/Fuzzing/redisraft-fuzzing/build/deps/raft/CMakeFiles/raft.dir/src/raft_server.c.gcda:Merge mismatch for function 12
libgcov profiling error:/home/snagendra/Fuzzing/redisraft-fuzzing/build/deps/raft/CMakeFiles/raft.dir/src/raft_server.c.gcda:Merge mismatch for function 12
libgcov profiling error:/home/snagendra/Fuzzing/redisraft-fuzzing/build/deps/raft/CMakeFiles/raft.dir/src/raft_server.c.gcda:Merge mismatch for function 12
libgcov profiling error:/home/snagendra/Fuzzing/redisraft-fuzzing/build/deps/raft/CMakeFiles/raft.dir/src/raft_server.c.gcda:Merge mismatch for function 12




logs for node: 3

----- Stdout -----
985218:C 08 Jan 2024 13:43:13.257 # WARNING Memory overcommit must be enabled! Without it, a background save or replication may fail under low memory condition. Being disabled, it can also cause failures without low memory condition, see https://github.com/jemalloc/jemalloc/issues/1328. To fix this issue add 'vm.overcommit_memory = 1' to /etc/sysctl.conf and then reboot or run the command 'sysctl vm.overcommit_memory=1' for this to take effect.
985218:C 08 Jan 2024 13:43:13.257 * oO0OoO0OoO0Oo Redis is starting oO0OoO0OoO0Oo
985218:C 08 Jan 2024 13:43:13.257 * Redis version=255.255.255, bits=64, commit=e04ebdb8, modified=1, pid=985218, just started
985218:C 08 Jan 2024 13:43:13.257 * Configuration loaded
985218:M 08 Jan 2024 13:43:13.258 * monotonic clock: POSIX clock_gettime
985218:M 08 Jan 2024 13:43:13.258 * Running mode=standalone, port=5093.
985218:M 08 Jan 2024 13:43:13.265 * <raft> RedisRaft version 255.255.255 [b779b199]
985218:M 08 Jan 2024 13:43:13.269 * <raft> Initializing test network
985218:M 08 Jan 2024 13:43:13.270 * <raft> Created test network client
985218:M 08 Jan 2024 13:43:13.271 * <raft> Raft module loaded, state is 'uninitialized'
985218:M 08 Jan 2024 13:43:13.271 * Module 'raft' loaded from /home/snagendra/Fuzzing/redisraft-fuzzing/redisraft.so
985218:M 08 Jan 2024 13:43:13.271 * Server initialized
985218:M 08 Jan 2024 13:43:13.272 . The AOF directory appendonlydir doesn't exist
985218:M 08 Jan 2024 13:43:13.272 * Ready to accept connections tcp
985218:M 08 Jan 2024 13:43:13.272 . 0 clients connected (0 replicas), 1726192 bytes in use
985218:M 08 Jan 2024 13:43:13.278 - Accepted 127.0.0.1:50122
985218:M 08 Jan 2024 13:43:13.278 # Missing implement of connection type tls
985218:M 08 Jan 2024 13:43:13.371 - <raft> join cluster, connecting to localhost:5091
985218:M 08 Jan 2024 13:43:13.373 * <raft> Joined Raft cluster, node id: 3, dbid: 25046fa04d3fc63ad43fa6dd5177469a
985218:M 08 Jan 2024 13:43:13.379 * <raft> Cluster Membership: term:0 index:0 nodes: id=3,voting=0,active=1,addr=-
985218:M 08 Jan 2024 13:43:13.379 * <raft> Test network starting message polling thread
985218:M 08 Jan 2024 13:43:13.619 * <raft> Cluster Membership: term:1 index:2 nodes: id=3,voting=0,active=1,addr=- id=1,voting=1,active=1,addr=localhost:5091
985218:M 08 Jan 2024 13:43:13.619 * <raft> Cluster Membership: term:1 index:3 nodes: id=3,voting=0,active=1,addr=- id=1,voting=1,active=1,addr=localhost:5091 id=2,voting=0,active=1,addr=localhost:5092
985218:signal-handler (1704717793) Received SIGINT scheduling shutdown...
985218:signal-handler (1704717793) You insist... exiting now.
985409:C 08 Jan 2024 13:43:14.151 # WARNING Memory overcommit must be enabled! Without it, a background save or replication may fail under low memory condition. Being disabled, it can also cause failures without low memory condition, see https://github.com/jemalloc/jemalloc/issues/1328. To fix this issue add 'vm.overcommit_memory = 1' to /etc/sysctl.conf and then reboot or run the command 'sysctl vm.overcommit_memory=1' for this to take effect.
985409:C 08 Jan 2024 13:43:14.151 * oO0OoO0OoO0Oo Redis is starting oO0OoO0OoO0Oo
985409:C 08 Jan 2024 13:43:14.151 * Redis version=255.255.255, bits=64, commit=e04ebdb8, modified=1, pid=985409, just started
985409:C 08 Jan 2024 13:43:14.151 * Configuration loaded
985409:M 08 Jan 2024 13:43:14.151 * monotonic clock: POSIX clock_gettime
985409:M 08 Jan 2024 13:43:14.152 * Running mode=standalone, port=5093.
985409:M 08 Jan 2024 13:43:14.159 * <raft> RedisRaft version 255.255.255 [b779b199]
985409:M 08 Jan 2024 13:43:14.163 * <raft> Initializing test network
985409:M 08 Jan 2024 13:43:14.164 * <raft> Created test network client
985409:M 08 Jan 2024 13:43:14.167 * <raft> Raft module loaded, state is 'loading'
985409:M 08 Jan 2024 13:43:14.167 * Module 'raft' loaded from /home/snagendra/Fuzzing/redisraft-fuzzing/redisraft.so
985409:M 08 Jan 2024 13:43:14.167 * Server initialized
985409:M 08 Jan 2024 13:43:14.167 . The AOF directory appendonlydir doesn't exist
985409:M 08 Jan 2024 13:43:14.167 * Ready to accept connections tcp
985409:M 08 Jan 2024 13:43:14.167 . 0 clients connected (0 replicas), 1746656 bytes in use
985409:M 08 Jan 2024 13:43:14.268 * <raft> Loading: Redis loading complete, snapshot NOT LOADED
985409:M 08 Jan 2024 13:43:14.268 * <raft> Cluster Membership: term:0 index:0 nodes: id=3,voting=0,active=1,addr=-
985409:M 08 Jan 2024 13:43:14.268 * <raft> Test network starting message polling thread
985409:M 08 Jan 2024 13:43:14.269 * <raft> Cluster Membership: term:0 index:4 nodes: id=3,voting=0,active=1,addr=- id=1,voting=1,active=1,addr=localhost:5091
985409:M 08 Jan 2024 13:43:14.269 * <raft> Cluster Membership: term:0 index:4 nodes: id=3,voting=0,active=1,addr=- id=1,voting=1,active=1,addr=localhost:5091 id=2,voting=0,active=1,addr=localhost:5092
985409:M 08 Jan 2024 13:43:14.269 * <raft> Raft state after loading log: log_count=4, first_idx=1, current_idx=4, last_applied_idx=0
985409:M 08 Jan 2024 13:43:14.269 . <raft> Raft term=1, vote=-1
985409:M 08 Jan 2024 13:43:14.569 * <raft> State change: Election starting, node is now a pre-candidate, term 1
985409:M 08 Jan 2024 13:43:14.569 * <raft> Cluster Membership: term:1 index:4 nodes: id=3,voting=0,active=1,addr=- id=1,voting=1,active=1,addr=localhost:5091 id=2,voting=0,active=1,addr=localhost:5092
985409:M 08 Jan 2024 13:43:14.718 - Accepted 127.0.0.1:50162
985409:M 08 Jan 2024 13:43:14.718 # Missing implement of connection type tls
985409:signal-handler (1704717794) Received SIGINT scheduling shutdown...
985888:C 08 Jan 2024 13:43:15.259 # WARNING Memory overcommit must be enabled! Without it, a background save or replication may fail under low memory condition. Being disabled, it can also cause failures without low memory condition, see https://github.com/jemalloc/jemalloc/issues/1328. To fix this issue add 'vm.overcommit_memory = 1' to /etc/sysctl.conf and then reboot or run the command 'sysctl vm.overcommit_memory=1' for this to take effect.
985888:C 08 Jan 2024 13:43:15.259 * oO0OoO0OoO0Oo Redis is starting oO0OoO0OoO0Oo
985888:C 08 Jan 2024 13:43:15.259 * Redis version=255.255.255, bits=64, commit=e04ebdb8, modified=1, pid=985888, just started
985888:C 08 Jan 2024 13:43:15.259 * Configuration loaded
985888:M 08 Jan 2024 13:43:15.260 * monotonic clock: POSIX clock_gettime
985888:M 08 Jan 2024 13:43:15.260 * Running mode=standalone, port=5093.
985888:M 08 Jan 2024 13:43:15.267 * <raft> RedisRaft version 255.255.255 [b779b199]
985888:M 08 Jan 2024 13:43:15.272 * <raft> Initializing test network
985888:M 08 Jan 2024 13:43:15.273 * <raft> Created test network client
985888:M 08 Jan 2024 13:43:15.277 * <raft> Raft module loaded, state is 'loading'
985888:M 08 Jan 2024 13:43:15.277 * Module 'raft' loaded from /home/snagendra/Fuzzing/redisraft-fuzzing/redisraft.so
985888:M 08 Jan 2024 13:43:15.278 * Server initialized
985888:M 08 Jan 2024 13:43:15.278 . The AOF directory appendonlydir doesn't exist
985888:M 08 Jan 2024 13:43:15.278 * Ready to accept connections tcp
985888:M 08 Jan 2024 13:43:15.278 . 0 clients connected (0 replicas), 1746720 bytes in use
985888:M 08 Jan 2024 13:43:15.377 * <raft> Loading: Redis loading complete, snapshot NOT LOADED
985888:M 08 Jan 2024 13:43:15.377 * <raft> Cluster Membership: term:0 index:0 nodes: id=3,voting=0,active=1,addr=-
985888:M 08 Jan 2024 13:43:15.378 * <raft> Test network starting message polling thread
985888:M 08 Jan 2024 13:43:15.378 * <raft> Cluster Membership: term:0 index:4 nodes: id=3,voting=0,active=1,addr=- id=1,voting=1,active=1,addr=localhost:5091
985888:M 08 Jan 2024 13:43:15.378 * <raft> Cluster Membership: term:0 index:4 nodes: id=3,voting=0,active=1,addr=- id=1,voting=1,active=1,addr=localhost:5091 id=2,voting=0,active=1,addr=localhost:5092
985888:M 08 Jan 2024 13:43:15.378 * <raft> Raft state after loading log: log_count=4, first_idx=1, current_idx=4, last_applied_idx=0
985888:M 08 Jan 2024 13:43:15.378 . <raft> Raft term=1, vote=-1
985888:M 08 Jan 2024 13:43:15.679 * <raft> State change: Election starting, node is now a pre-candidate, term 1
985888:M 08 Jan 2024 13:43:15.679 * <raft> Cluster Membership: term:1 index:4 nodes: id=3,voting=0,active=1,addr=- id=1,voting=1,active=1,addr=localhost:5091 id=2,voting=0,active=1,addr=localhost:5092
985888:M 08 Jan 2024 13:43:15.832 - Accepted 127.0.0.1:50200
985888:M 08 Jan 2024 13:43:15.832 # Missing implement of connection type tls
985888:M 08 Jan 2024 13:43:16.064 * <raft> State change: Node is now a follower, term 2
985888:M 08 Jan 2024 13:43:16.064 * <raft> Cluster Membership: term:2 index:4 nodes: id=3,voting=0,active=1,addr=- id=1,voting=1,active=1,addr=localhost:5091 id=2,voting=0,active=1,addr=localhost:5092
985888:M 08 Jan 2024 13:43:16.327 - Accepted 127.0.0.1:50206
985888:M 08 Jan 2024 13:43:16.590 - Client closed connection id=9 addr=127.0.0.1:50206 laddr=127.0.0.1:5093 fd=14 name= age=0 idle=0 flags=N db=0 sub=0 psub=0 ssub=0 multi=-1 qbuf=0 qbuf-free=20474 argv-mem=0 multi-mem=0 rbs=1024 rbp=0 obl=0 oll=0 omem=0 tot-mem=22400 events=r cmd=auth user=default redir=-1 resp=2 lib-name= lib-ver=
985888:signal-handler (1704717796) Received SIGINT scheduling shutdown...
985888:signal-handler (1704717796) You insist... exiting now.

----- Stderr -----
libgcov profiling error:/home/snagendra/Fuzzing/redisraft-fuzzing/build/deps/raft/CMakeFiles/raft.dir/src/raft_server.c.gcda:Merge mismatch for function 12
libgcov profiling error:/home/snagendra/Fuzzing/redisraft-fuzzing/build/deps/raft/CMakeFiles/raft.dir/src/raft_server.c.gcda:Merge mismatch for function 12



