logs for node: 1

----- Stdout -----
2787833:C 08 Jan 2024 17:26:32.534 # WARNING Memory overcommit must be enabled! Without it, a background save or replication may fail under low memory condition. Being disabled, it can also cause failures without low memory condition, see https://github.com/jemalloc/jemalloc/issues/1328. To fix this issue add 'vm.overcommit_memory = 1' to /etc/sysctl.conf and then reboot or run the command 'sysctl vm.overcommit_memory=1' for this to take effect.
2787833:C 08 Jan 2024 17:26:32.534 * oO0OoO0OoO0Oo Redis is starting oO0OoO0OoO0Oo
2787833:C 08 Jan 2024 17:26:32.534 * Redis version=255.255.255, bits=64, commit=e04ebdb8, modified=1, pid=2787833, just started
2787833:C 08 Jan 2024 17:26:32.534 * Configuration loaded
2787833:M 08 Jan 2024 17:26:32.535 * monotonic clock: POSIX clock_gettime
2787833:M 08 Jan 2024 17:26:32.535 * Running mode=standalone, port=5021.
2787833:M 08 Jan 2024 17:26:32.542 * <raft> RedisRaft version 255.255.255 [b779b199]
2787833:M 08 Jan 2024 17:26:32.547 * <raft> Initializing test network
2787833:M 08 Jan 2024 17:26:32.548 * <raft> Created test network client
2787833:M 08 Jan 2024 17:26:32.549 * <raft> Raft module loaded, state is 'uninitialized'
2787833:M 08 Jan 2024 17:26:32.549 * Module 'raft' loaded from /home/snagendra/Fuzzing/redisraft-fuzzing/redisraft.so
2787833:M 08 Jan 2024 17:26:32.550 * Server initialized
2787833:M 08 Jan 2024 17:26:32.550 . The AOF directory appendonlydir doesn't exist
2787833:M 08 Jan 2024 17:26:32.550 * Ready to accept connections tcp
2787833:M 08 Jan 2024 17:26:32.551 . 0 clients connected (0 replicas), 1726224 bytes in use
2787833:M 08 Jan 2024 17:26:32.555 - Accepted 127.0.0.1:37062
2787833:M 08 Jan 2024 17:26:32.555 # Missing implement of connection type tls
2787833:M 08 Jan 2024 17:26:32.561 * <raft> Cluster Membership: term:0 index:0 nodes: id=1,voting=0,active=1,addr=-
2787833:M 08 Jan 2024 17:26:32.566 * <raft> State change: Node is now a leader, term 1
2787833:M 08 Jan 2024 17:26:32.566 * <raft> Cluster Membership: term:1 index:1 nodes: id=1,voting=0,active=1,addr=-
2787833:M 08 Jan 2024 17:26:32.566 * <raft> Test network starting message polling thread
2787833:M 08 Jan 2024 17:26:32.566 * <raft> Raft Cluster initialized, node id: 1, dbid: f0d51a15c944a66a2134f1077496eea2
2787833:M 08 Jan 2024 17:26:32.684 - Accepted 127.0.0.1:37066
2787833:M 08 Jan 2024 17:26:32.684 * <raft> Cluster Membership: term:1 index:3 nodes: id=1,voting=1,active=1,addr=- id=2,voting=0,active=1,addr=localhost:5022
2787833:M 08 Jan 2024 17:26:32.691 - Client closed connection id=9 addr=127.0.0.1:37066 laddr=127.0.0.1:5021 fd=12 name= age=0 idle=0 flags=N db=0 sub=0 psub=0 ssub=0 multi=-1 qbuf=0 qbuf-free=20474 argv-mem=0 multi-mem=0 rbs=16384 rbp=16384 obl=0 oll=0 omem=0 tot-mem=37760 events=r cmd=raft.node user=default redir=-1 resp=2 lib-name= lib-ver=
2787833:M 08 Jan 2024 17:26:32.809 - Accepted 127.0.0.1:37078
2787833:M 08 Jan 2024 17:26:32.810 * <raft> Cluster Membership: term:1 index:4 nodes: id=1,voting=1,active=1,addr=- id=2,voting=0,active=1,addr=localhost:5022 id=3,voting=0,active=1,addr=localhost:5023
2787833:M 08 Jan 2024 17:26:32.817 - Client closed connection id=10 addr=127.0.0.1:37078 laddr=127.0.0.1:5021 fd=13 name= age=0 idle=0 flags=N db=0 sub=0 psub=0 ssub=0 multi=-1 qbuf=0 qbuf-free=20474 argv-mem=0 multi-mem=0 rbs=16384 rbp=16384 obl=0 oll=0 omem=0 tot-mem=37760 events=r cmd=raft.node user=default redir=-1 resp=2 lib-name= lib-ver=
2787833:M 08 Jan 2024 17:26:32.984 - Accepted 127.0.0.1:37080
2787833:M 08 Jan 2024 17:26:33.049 - Client closed connection id=11 addr=127.0.0.1:37080 laddr=127.0.0.1:5021 fd=14 name= age=1 idle=1 flags=N db=0 sub=0 psub=0 ssub=0 multi=-1 qbuf=0 qbuf-free=20474 argv-mem=0 multi-mem=0 rbs=16384 rbp=16384 obl=0 oll=0 omem=0 tot-mem=37760 events=r cmd=auth user=default redir=-1 resp=2 lib-name= lib-ver=
2787833:signal-handler (1704731193) Received SIGINT scheduling shutdown...
2787833:signal-handler (1704731193) You insist... exiting now.
2788287:C 08 Jan 2024 17:26:33.819 # WARNING Memory overcommit must be enabled! Without it, a background save or replication may fail under low memory condition. Being disabled, it can also cause failures without low memory condition, see https://github.com/jemalloc/jemalloc/issues/1328. To fix this issue add 'vm.overcommit_memory = 1' to /etc/sysctl.conf and then reboot or run the command 'sysctl vm.overcommit_memory=1' for this to take effect.
2788287:C 08 Jan 2024 17:26:33.819 * oO0OoO0OoO0Oo Redis is starting oO0OoO0OoO0Oo
2788287:C 08 Jan 2024 17:26:33.819 * Redis version=255.255.255, bits=64, commit=e04ebdb8, modified=1, pid=2788287, just started
2788287:C 08 Jan 2024 17:26:33.819 * Configuration loaded
2788287:M 08 Jan 2024 17:26:33.820 * monotonic clock: POSIX clock_gettime
2788287:M 08 Jan 2024 17:26:33.820 * Running mode=standalone, port=5021.
2788287:M 08 Jan 2024 17:26:33.827 * <raft> RedisRaft version 255.255.255 [b779b199]
2788287:M 08 Jan 2024 17:26:33.831 * <raft> Initializing test network
2788287:M 08 Jan 2024 17:26:33.831 * <raft> Created test network client
2788287:M 08 Jan 2024 17:26:33.835 * <raft> Raft module loaded, state is 'loading'
2788287:M 08 Jan 2024 17:26:33.835 * Module 'raft' loaded from /home/snagendra/Fuzzing/redisraft-fuzzing/redisraft.so
2788287:M 08 Jan 2024 17:26:33.836 * Server initialized
2788287:M 08 Jan 2024 17:26:33.836 . The AOF directory appendonlydir doesn't exist
2788287:M 08 Jan 2024 17:26:33.836 * Ready to accept connections tcp
2788287:M 08 Jan 2024 17:26:33.836 . 0 clients connected (0 replicas), 1746624 bytes in use
2788287:M 08 Jan 2024 17:26:33.936 * <raft> Loading: Redis loading complete, snapshot NOT LOADED
2788287:M 08 Jan 2024 17:26:33.936 * <raft> Cluster Membership: term:0 index:0 nodes: id=1,voting=0,active=1,addr=-
2788287:M 08 Jan 2024 17:26:33.937 * <raft> Test network starting message polling thread
2788287:M 08 Jan 2024 17:26:33.937 * <raft> Cluster Membership: term:0 index:5 nodes: id=1,voting=1,active=1,addr=- id=2,voting=0,active=1,addr=localhost:5022
2788287:M 08 Jan 2024 17:26:33.937 * <raft> Cluster Membership: term:0 index:5 nodes: id=1,voting=1,active=1,addr=- id=2,voting=0,active=1,addr=localhost:5022 id=3,voting=0,active=1,addr=localhost:5023
2788287:M 08 Jan 2024 17:26:33.937 * <raft> Raft state after loading log: log_count=5, first_idx=1, current_idx=5, last_applied_idx=0
2788287:M 08 Jan 2024 17:26:33.937 . <raft> Raft term=1, vote=-1
2788287:M 08 Jan 2024 17:26:33.943 * <raft> State change: Node is now a leader, term 2
2788287:M 08 Jan 2024 17:26:33.943 * <raft> Cluster Membership: term:2 index:6 nodes: id=1,voting=1,active=1,addr=- id=2,voting=0,active=1,addr=localhost:5022 id=3,voting=0,active=1,addr=localhost:5023
2788287:M 08 Jan 2024 17:26:34.203 # <raft> Redis connection authentication failed: connection died
2788287:M 08 Jan 2024 17:26:34.426 - Accepted 127.0.0.1:37086
2788287:M 08 Jan 2024 17:26:34.426 # Missing implement of connection type tls
2788287:signal-handler (1704731194) Received SIGINT scheduling shutdown...
2788287:signal-handler (1704731194) You insist... exiting now.
2789204:C 08 Jan 2024 17:26:35.465 # WARNING Memory overcommit must be enabled! Without it, a background save or replication may fail under low memory condition. Being disabled, it can also cause failures without low memory condition, see https://github.com/jemalloc/jemalloc/issues/1328. To fix this issue add 'vm.overcommit_memory = 1' to /etc/sysctl.conf and then reboot or run the command 'sysctl vm.overcommit_memory=1' for this to take effect.
2789204:C 08 Jan 2024 17:26:35.465 * oO0OoO0OoO0Oo Redis is starting oO0OoO0OoO0Oo
2789204:C 08 Jan 2024 17:26:35.465 * Redis version=255.255.255, bits=64, commit=e04ebdb8, modified=1, pid=2789204, just started
2789204:C 08 Jan 2024 17:26:35.465 * Configuration loaded
2789204:M 08 Jan 2024 17:26:35.465 * monotonic clock: POSIX clock_gettime
2789204:M 08 Jan 2024 17:26:35.466 * Running mode=standalone, port=5021.
2789204:M 08 Jan 2024 17:26:35.472 * <raft> RedisRaft version 255.255.255 [b779b199]
2789204:M 08 Jan 2024 17:26:35.477 * <raft> Initializing test network
2789204:M 08 Jan 2024 17:26:35.478 * <raft> Created test network client
2789204:M 08 Jan 2024 17:26:35.483 * <raft> Raft module loaded, state is 'loading'
2789204:M 08 Jan 2024 17:26:35.483 * Module 'raft' loaded from /home/snagendra/Fuzzing/redisraft-fuzzing/redisraft.so
2789204:M 08 Jan 2024 17:26:35.483 * Server initialized
2789204:M 08 Jan 2024 17:26:35.483 . The AOF directory appendonlydir doesn't exist
2789204:M 08 Jan 2024 17:26:35.483 * Ready to accept connections tcp
2789204:M 08 Jan 2024 17:26:35.483 . 0 clients connected (0 replicas), 1746688 bytes in use
2789204:M 08 Jan 2024 17:26:35.583 * <raft> Loading: Redis loading complete, snapshot NOT LOADED
2789204:M 08 Jan 2024 17:26:35.583 * <raft> Cluster Membership: term:0 index:0 nodes: id=1,voting=0,active=1,addr=-
2789204:M 08 Jan 2024 17:26:35.583 * <raft> Test network starting message polling thread
2789204:M 08 Jan 2024 17:26:35.584 * <raft> Cluster Membership: term:0 index:7 nodes: id=1,voting=1,active=1,addr=- id=2,voting=0,active=1,addr=localhost:5022
2789204:M 08 Jan 2024 17:26:35.584 * <raft> Cluster Membership: term:0 index:7 nodes: id=1,voting=1,active=1,addr=- id=2,voting=0,active=1,addr=localhost:5022 id=3,voting=0,active=1,addr=localhost:5023
2789204:M 08 Jan 2024 17:26:35.584 * <raft> Raft state after loading log: log_count=7, first_idx=1, current_idx=7, last_applied_idx=0
2789204:M 08 Jan 2024 17:26:35.584 . <raft> Raft term=2, vote=-1
2789204:M 08 Jan 2024 17:26:35.590 * <raft> State change: Node is now a leader, term 3
2789204:M 08 Jan 2024 17:26:35.590 * <raft> Cluster Membership: term:3 index:8 nodes: id=1,voting=1,active=1,addr=- id=2,voting=0,active=1,addr=localhost:5022 id=3,voting=0,active=1,addr=localhost:5023
2789204:M 08 Jan 2024 17:26:35.591 - Accepted 127.0.0.1:37098
2789204:M 08 Jan 2024 17:26:35.591 # Missing implement of connection type tls
2789204:M 08 Jan 2024 17:26:35.613 - Accepted 127.0.0.1:37102
2789204:signal-handler (1704731195) Received SIGINT scheduling shutdown...
2789204:signal-handler (1704731195) You insist... exiting now.

----- Stderr -----
libgcov profiling error:/home/snagendra/Fuzzing/redisraft-fuzzing/build/deps/raft/CMakeFiles/raft.dir/src/raft_server.c.gcda:Merge mismatch for function 47
libgcov profiling error:/home/snagendra/Fuzzing/redisraft-fuzzing/build/deps/raft/CMakeFiles/raft.dir/src/raft_server.c.gcda:Merge mismatch for function 47
libgcov profiling error:/home/snagendra/Fuzzing/redisraft-fuzzing/build/deps/raft/CMakeFiles/raft.dir/src/raft_server.c.gcda:Merge mismatch for function 47




logs for node: 2

----- Stdout -----
2787854:C 08 Jan 2024 17:26:32.569 # WARNING Memory overcommit must be enabled! Without it, a background save or replication may fail under low memory condition. Being disabled, it can also cause failures without low memory condition, see https://github.com/jemalloc/jemalloc/issues/1328. To fix this issue add 'vm.overcommit_memory = 1' to /etc/sysctl.conf and then reboot or run the command 'sysctl vm.overcommit_memory=1' for this to take effect.
2787854:C 08 Jan 2024 17:26:32.569 * oO0OoO0OoO0Oo Redis is starting oO0OoO0OoO0Oo
2787854:C 08 Jan 2024 17:26:32.569 * Redis version=255.255.255, bits=64, commit=e04ebdb8, modified=1, pid=2787854, just started
2787854:C 08 Jan 2024 17:26:32.569 * Configuration loaded
2787854:M 08 Jan 2024 17:26:32.570 * monotonic clock: POSIX clock_gettime
2787854:M 08 Jan 2024 17:26:32.570 * Running mode=standalone, port=5022.
2787854:M 08 Jan 2024 17:26:32.577 * <raft> RedisRaft version 255.255.255 [b779b199]
2787854:M 08 Jan 2024 17:26:32.582 * <raft> Initializing test network
2787854:M 08 Jan 2024 17:26:32.583 * <raft> Created test network client
2787854:M 08 Jan 2024 17:26:32.583 * <raft> Raft module loaded, state is 'uninitialized'
2787854:M 08 Jan 2024 17:26:32.583 * Module 'raft' loaded from /home/snagendra/Fuzzing/redisraft-fuzzing/redisraft.so
2787854:M 08 Jan 2024 17:26:32.584 * Server initialized
2787854:M 08 Jan 2024 17:26:32.584 . The AOF directory appendonlydir doesn't exist
2787854:M 08 Jan 2024 17:26:32.585 * Ready to accept connections tcp
2787854:M 08 Jan 2024 17:26:32.585 . 0 clients connected (0 replicas), 1726160 bytes in use
2787854:M 08 Jan 2024 17:26:32.590 - Accepted 127.0.0.1:45976
2787854:M 08 Jan 2024 17:26:32.590 # Missing implement of connection type tls
2787854:M 08 Jan 2024 17:26:32.683 - <raft> join cluster, connecting to localhost:5021
2787854:M 08 Jan 2024 17:26:32.685 * <raft> Joined Raft cluster, node id: 2, dbid: f0d51a15c944a66a2134f1077496eea2
2787854:M 08 Jan 2024 17:26:32.691 * <raft> Cluster Membership: term:0 index:0 nodes: id=2,voting=0,active=1,addr=-
2787854:M 08 Jan 2024 17:26:32.691 * <raft> Test network starting message polling thread
2787854:M 08 Jan 2024 17:26:32.751 - Accepted 127.0.0.1:45984
2787854:M 08 Jan 2024 17:26:32.917 * <raft> Cluster Membership: term:1 index:2 nodes: id=2,voting=0,active=1,addr=- id=1,voting=1,active=1,addr=localhost:5021
2787854:signal-handler (1704731193) Received SIGINT scheduling shutdown...
2787854:signal-handler (1704731193) You insist... exiting now.
2788935:C 08 Jan 2024 17:26:34.992 # WARNING Memory overcommit must be enabled! Without it, a background save or replication may fail under low memory condition. Being disabled, it can also cause failures without low memory condition, see https://github.com/jemalloc/jemalloc/issues/1328. To fix this issue add 'vm.overcommit_memory = 1' to /etc/sysctl.conf and then reboot or run the command 'sysctl vm.overcommit_memory=1' for this to take effect.
2788935:C 08 Jan 2024 17:26:34.992 * oO0OoO0OoO0Oo Redis is starting oO0OoO0OoO0Oo
2788935:C 08 Jan 2024 17:26:34.992 * Redis version=255.255.255, bits=64, commit=e04ebdb8, modified=1, pid=2788935, just started
2788935:C 08 Jan 2024 17:26:34.992 * Configuration loaded
2788935:M 08 Jan 2024 17:26:34.992 * monotonic clock: POSIX clock_gettime
2788935:M 08 Jan 2024 17:26:34.993 * Running mode=standalone, port=5022.
2788935:M 08 Jan 2024 17:26:34.999 * <raft> RedisRaft version 255.255.255 [b779b199]
2788935:M 08 Jan 2024 17:26:35.003 * <raft> Initializing test network
2788935:M 08 Jan 2024 17:26:35.004 * <raft> Created test network client
2788935:M 08 Jan 2024 17:26:35.007 * <raft> Raft module loaded, state is 'loading'
2788935:M 08 Jan 2024 17:26:35.007 * Module 'raft' loaded from /home/snagendra/Fuzzing/redisraft-fuzzing/redisraft.so
2788935:M 08 Jan 2024 17:26:35.008 * Server initialized
2788935:M 08 Jan 2024 17:26:35.008 . The AOF directory appendonlydir doesn't exist
2788935:M 08 Jan 2024 17:26:35.008 * Ready to accept connections tcp
2788935:M 08 Jan 2024 17:26:35.008 . 0 clients connected (0 replicas), 1746656 bytes in use
2788935:M 08 Jan 2024 17:26:35.108 * <raft> Loading: Redis loading complete, snapshot NOT LOADED
2788935:M 08 Jan 2024 17:26:35.108 * <raft> Cluster Membership: term:0 index:0 nodes: id=2,voting=0,active=1,addr=-
2788935:M 08 Jan 2024 17:26:35.109 * <raft> Test network starting message polling thread
2788935:M 08 Jan 2024 17:26:35.109 * <raft> Cluster Membership: term:0 index:3 nodes: id=2,voting=0,active=1,addr=- id=1,voting=1,active=1,addr=localhost:5021
2788935:M 08 Jan 2024 17:26:35.109 * <raft> Raft state after loading log: log_count=3, first_idx=1, current_idx=3, last_applied_idx=0
2788935:M 08 Jan 2024 17:26:35.109 . <raft> Raft term=1, vote=-1
2788935:signal-handler (1704731195) Received SIGINT scheduling shutdown...
2788935:signal-handler (1704731195) You insist... exiting now.
2789233:C 08 Jan 2024 17:26:35.495 # WARNING Memory overcommit must be enabled! Without it, a background save or replication may fail under low memory condition. Being disabled, it can also cause failures without low memory condition, see https://github.com/jemalloc/jemalloc/issues/1328. To fix this issue add 'vm.overcommit_memory = 1' to /etc/sysctl.conf and then reboot or run the command 'sysctl vm.overcommit_memory=1' for this to take effect.
2789233:C 08 Jan 2024 17:26:35.495 * oO0OoO0OoO0Oo Redis is starting oO0OoO0OoO0Oo
2789233:C 08 Jan 2024 17:26:35.495 * Redis version=255.255.255, bits=64, commit=e04ebdb8, modified=1, pid=2789233, just started
2789233:C 08 Jan 2024 17:26:35.495 * Configuration loaded
2789233:M 08 Jan 2024 17:26:35.496 * monotonic clock: POSIX clock_gettime
2789233:M 08 Jan 2024 17:26:35.496 * Running mode=standalone, port=5022.
2789233:M 08 Jan 2024 17:26:35.502 * <raft> RedisRaft version 255.255.255 [b779b199]
2789233:M 08 Jan 2024 17:26:35.506 * <raft> Initializing test network
2789233:M 08 Jan 2024 17:26:35.507 * <raft> Created test network client
2789233:M 08 Jan 2024 17:26:35.511 * <raft> Raft module loaded, state is 'loading'
2789233:M 08 Jan 2024 17:26:35.511 * Module 'raft' loaded from /home/snagendra/Fuzzing/redisraft-fuzzing/redisraft.so
2789233:M 08 Jan 2024 17:26:35.511 * Server initialized
2789233:M 08 Jan 2024 17:26:35.511 . The AOF directory appendonlydir doesn't exist
2789233:M 08 Jan 2024 17:26:35.511 * Ready to accept connections tcp
2789233:M 08 Jan 2024 17:26:35.511 . 0 clients connected (0 replicas), 1746656 bytes in use
2789233:M 08 Jan 2024 17:26:35.591 - Accepted 127.0.0.1:46142
2789233:M 08 Jan 2024 17:26:35.591 # Missing implement of connection type tls
2789233:M 08 Jan 2024 17:26:35.611 * <raft> Loading: Redis loading complete, snapshot NOT LOADED
2789233:M 08 Jan 2024 17:26:35.612 * <raft> Cluster Membership: term:0 index:0 nodes: id=2,voting=0,active=1,addr=-
2789233:M 08 Jan 2024 17:26:35.612 * <raft> Test network starting message polling thread
2789233:M 08 Jan 2024 17:26:35.612 * <raft> Cluster Membership: term:0 index:3 nodes: id=2,voting=0,active=1,addr=- id=1,voting=1,active=1,addr=localhost:5021
2789233:M 08 Jan 2024 17:26:35.612 * <raft> Raft state after loading log: log_count=3, first_idx=1, current_idx=3, last_applied_idx=0
2789233:M 08 Jan 2024 17:26:35.612 . <raft> Raft term=1, vote=-1
2789233:M 08 Jan 2024 17:26:35.813 * <raft> State change: Election starting, node is now a pre-candidate, term 1
2789233:M 08 Jan 2024 17:26:35.813 * <raft> Cluster Membership: term:1 index:3 nodes: id=2,voting=0,active=1,addr=- id=1,voting=1,active=1,addr=localhost:5021
2789233:M 08 Jan 2024 17:26:35.965 - Client closed connection id=8 addr=127.0.0.1:46142 laddr=127.0.0.1:5022 fd=11 name= age=0 idle=0 flags=N db=0 sub=0 psub=0 ssub=0 multi=-1 qbuf=0 qbuf-free=20474 argv-mem=0 multi-mem=0 rbs=1024 rbp=0 obl=0 oll=0 omem=0 tot-mem=22400 events=r cmd=auth user=default redir=-1 resp=2 lib-name= lib-ver=
2789233:signal-handler (1704731195) Received SIGINT scheduling shutdown...
2789233:signal-handler (1704731195) You insist... exiting now.

----- Stderr -----
libgcov profiling error:/home/snagendra/Fuzzing/redisraft-fuzzing/build/deps/raft/CMakeFiles/raft.dir/src/raft_server.c.gcda:Merge mismatch for function 47
libgcov profiling error:/home/snagendra/Fuzzing/redisraft-fuzzing/build/deps/raft/CMakeFiles/raft.dir/src/raft_server.c.gcda:Merge mismatch for function 47
libgcov profiling error:/home/snagendra/Fuzzing/redisraft-fuzzing/build/deps/raft/CMakeFiles/raft.dir/src/raft_server.c.gcda:Merge mismatch for function 47




logs for node: 3

----- Stdout -----
2787928:C 08 Jan 2024 17:26:32.694 # WARNING Memory overcommit must be enabled! Without it, a background save or replication may fail under low memory condition. Being disabled, it can also cause failures without low memory condition, see https://github.com/jemalloc/jemalloc/issues/1328. To fix this issue add 'vm.overcommit_memory = 1' to /etc/sysctl.conf and then reboot or run the command 'sysctl vm.overcommit_memory=1' for this to take effect.
2787928:C 08 Jan 2024 17:26:32.694 * oO0OoO0OoO0Oo Redis is starting oO0OoO0OoO0Oo
2787928:C 08 Jan 2024 17:26:32.694 * Redis version=255.255.255, bits=64, commit=e04ebdb8, modified=1, pid=2787928, just started
2787928:C 08 Jan 2024 17:26:32.694 * Configuration loaded
2787928:M 08 Jan 2024 17:26:32.695 * monotonic clock: POSIX clock_gettime
2787928:M 08 Jan 2024 17:26:32.695 * Running mode=standalone, port=5023.
2787928:M 08 Jan 2024 17:26:32.702 * <raft> RedisRaft version 255.255.255 [b779b199]
2787928:M 08 Jan 2024 17:26:32.707 * <raft> Initializing test network
2787928:M 08 Jan 2024 17:26:32.708 * <raft> Created test network client
2787928:M 08 Jan 2024 17:26:32.709 * <raft> Raft module loaded, state is 'uninitialized'
2787928:M 08 Jan 2024 17:26:32.709 * Module 'raft' loaded from /home/snagendra/Fuzzing/redisraft-fuzzing/redisraft.so
2787928:M 08 Jan 2024 17:26:32.709 * Server initialized
2787928:M 08 Jan 2024 17:26:32.710 . The AOF directory appendonlydir doesn't exist
2787928:M 08 Jan 2024 17:26:32.710 * Ready to accept connections tcp
2787928:M 08 Jan 2024 17:26:32.710 . 0 clients connected (0 replicas), 1726224 bytes in use
2787928:M 08 Jan 2024 17:26:32.715 - Accepted 127.0.0.1:43150
2787928:M 08 Jan 2024 17:26:32.715 # Missing implement of connection type tls
2787928:M 08 Jan 2024 17:26:32.809 - <raft> join cluster, connecting to localhost:5021
2787928:M 08 Jan 2024 17:26:32.810 * <raft> Joined Raft cluster, node id: 3, dbid: f0d51a15c944a66a2134f1077496eea2
2787928:M 08 Jan 2024 17:26:32.817 * <raft> Cluster Membership: term:0 index:0 nodes: id=3,voting=0,active=1,addr=-
2787928:M 08 Jan 2024 17:26:32.817 * <raft> Test network starting message polling thread
2787928:M 08 Jan 2024 17:26:32.852 - Accepted 127.0.0.1:43154
2787928:signal-handler (1704731193) Received SIGINT scheduling shutdown...
2787928:signal-handler (1704731193) You insist... exiting now.
2788243:C 08 Jan 2024 17:26:33.728 # WARNING Memory overcommit must be enabled! Without it, a background save or replication may fail under low memory condition. Being disabled, it can also cause failures without low memory condition, see https://github.com/jemalloc/jemalloc/issues/1328. To fix this issue add 'vm.overcommit_memory = 1' to /etc/sysctl.conf and then reboot or run the command 'sysctl vm.overcommit_memory=1' for this to take effect.
2788243:C 08 Jan 2024 17:26:33.728 * oO0OoO0OoO0Oo Redis is starting oO0OoO0OoO0Oo
2788243:C 08 Jan 2024 17:26:33.728 * Redis version=255.255.255, bits=64, commit=e04ebdb8, modified=1, pid=2788243, just started
2788243:C 08 Jan 2024 17:26:33.728 * Configuration loaded
2788243:M 08 Jan 2024 17:26:33.729 * monotonic clock: POSIX clock_gettime
2788243:M 08 Jan 2024 17:26:33.729 * Running mode=standalone, port=5023.
2788243:M 08 Jan 2024 17:26:33.735 * <raft> RedisRaft version 255.255.255 [b779b199]
2788243:M 08 Jan 2024 17:26:33.739 * <raft> Initializing test network
2788243:M 08 Jan 2024 17:26:33.740 * <raft> Created test network client
2788243:M 08 Jan 2024 17:26:33.743 * <raft> Raft module loaded, state is 'loading'
2788243:M 08 Jan 2024 17:26:33.743 * Module 'raft' loaded from /home/snagendra/Fuzzing/redisraft-fuzzing/redisraft.so
2788243:M 08 Jan 2024 17:26:33.744 * Server initialized
2788243:M 08 Jan 2024 17:26:33.744 . The AOF directory appendonlydir doesn't exist
2788243:M 08 Jan 2024 17:26:33.744 * Ready to accept connections tcp
2788243:M 08 Jan 2024 17:26:33.744 . 0 clients connected (0 replicas), 1746688 bytes in use
2788243:M 08 Jan 2024 17:26:33.844 * <raft> Loading: Redis loading complete, snapshot NOT LOADED
2788243:M 08 Jan 2024 17:26:33.845 * <raft> Cluster Membership: term:0 index:0 nodes: id=3,voting=0,active=1,addr=-
2788243:M 08 Jan 2024 17:26:33.845 * <raft> Test network starting message polling thread


=== REDIS BUG REPORT START: Cut & paste starting from here ===
2788243:M 08 Jan 2024 17:26:33.845 # Redis 255.255.255 crashed by signal: 6, si_code: -6
2788243:M 08 Jan 2024 17:26:33.845 # Crashed running the instruction at: 0x7fd3ef1a4d3c

------ STACK TRACE ------
EIP:
/lib/x86_64-linux-gnu/libc.so.6(+0x8ad3c)[0x7fd3ef1a4d3c]

Backtrace:
/lib/x86_64-linux-gnu/libc.so.6(+0x3bfd0)[0x7fd3ef155fd0]
/lib/x86_64-linux-gnu/libc.so.6(+0x8ad3c)[0x7fd3ef1a4d3c]
/lib/x86_64-linux-gnu/libc.so.6(gsignal+0x12)[0x7fd3ef155f32]
/lib/x86_64-linux-gnu/libc.so.6(abort+0xd3)[0x7fd3ef140472]
/lib/x86_64-linux-gnu/libc.so.6(+0x26395)[0x7fd3ef140395]
/lib/x86_64-linux-gnu/libc.so.6(+0x34e32)[0x7fd3ef14ee32]
/home/snagendra/Fuzzing/redisraft-fuzzing/redisraft.so(+0x3caea)[0x7fd3ef0c9aea]
/home/snagendra/Fuzzing/redisraft-fuzzing/redisraft.so(callRaftPeriodic+0x478)[0x7fd3ef0ba088]
/home/snagendra/Fuzzing/redis/src/redis-server 0.0.0.0:5023(moduleTimerHandler+0x21c)[0x555a3182e98c]
/home/snagendra/Fuzzing/redis/src/redis-server 0.0.0.0:5023(+0x81705)[0x555a31738705]
/home/snagendra/Fuzzing/redis/src/redis-server 0.0.0.0:5023(aeMain+0x1c8)[0x555a31742cb8]
/home/snagendra/Fuzzing/redis/src/redis-server 0.0.0.0:5023(main+0x3cd)[0x555a31737e2d]
/lib/x86_64-linux-gnu/libc.so.6(+0x271ca)[0x7fd3ef1411ca]
/lib/x86_64-linux-gnu/libc.so.6(__libc_start_main+0x85)[0x7fd3ef141285]
/home/snagendra/Fuzzing/redis/src/redis-server 0.0.0.0:5023(_start+0x2a)[0x555a317385aa]

------ REGISTERS ------
2788243:M 08 Jan 2024 17:26:33.846 # 
RAX:0000000000000000 RBX:00000000002a8b93
RCX:00007fd3ef1a4d3c RDX:0000000000000006
RDI:00000000002a8b93 RSI:00000000002a8b93
RBP:00007fd3ef1161c0 RSP:00007ffcabbc0300
R8 :0000000000000007 R9 :0000555a32211820
R10:0000000000000008 R11:0000000000000246
R12:0000000000000006 R13:00000000000006a6
R14:00007fd3ef0f605c R15:0000555a3182d2b0
RIP:00007fd3ef1a4d3c EFL:0000000000000246
CSGSFS:002b000000000033
2788243:M 08 Jan 2024 17:26:33.846 # (00007ffcabbc030f) -> 0000555a322118d0
2788243:M 08 Jan 2024 17:26:33.846 # (00007ffcabbc030e) -> 00007fd3ef2ecc60
2788243:M 08 Jan 2024 17:26:33.846 # (00007ffcabbc030d) -> 00000000000002b1
2788243:M 08 Jan 2024 17:26:33.846 # (00007ffcabbc030c) -> 0000555a32211820
2788243:M 08 Jan 2024 17:26:33.846 # (00007ffcabbc030b) -> 00000000000006a6
2788243:M 08 Jan 2024 17:26:33.846 # (00007ffcabbc030a) -> 0000000000000020
2788243:M 08 Jan 2024 17:26:33.846 # (00007ffcabbc0309) -> 00007fd3ef140472
2788243:M 08 Jan 2024 17:26:33.846 # (00007ffcabbc0308) -> 00007fd3ef2ede70
2788243:M 08 Jan 2024 17:26:33.846 # (00007ffcabbc0307) -> 00007fd3ef155f32
2788243:M 08 Jan 2024 17:26:33.846 # (00007ffcabbc0306) -> 00007fd3ef0f605c
2788243:M 08 Jan 2024 17:26:33.846 # (00007ffcabbc0305) -> 00000000000006a6
2788243:M 08 Jan 2024 17:26:33.846 # (00007ffcabbc0304) -> 00007fd3ef0f5720
2788243:M 08 Jan 2024 17:26:33.846 # (00007ffcabbc0303) -> 00007fd3ef1161c0
2788243:M 08 Jan 2024 17:26:33.846 # (00007ffcabbc0302) -> 0000000000000006
2788243:M 08 Jan 2024 17:26:33.846 # (00007ffcabbc0301) -> 890db359f8ab3200
2788243:M 08 Jan 2024 17:26:33.846 # (00007ffcabbc0300) -> 0000555a3182d2b0

------ INFO OUTPUT ------
# Server
redis_version:255.255.255
redis_git_sha1:e04ebdb8
redis_git_dirty:1
redis_build_id:1f78dcc7b4fbdd25
redis_mode:standalone
os:Linux 6.1.60.1.amd64-smp x86_64
arch_bits:64
monotonic_clock:POSIX clock_gettime
multiplexing_api:epoll
atomicvar_api:c11-builtin
gcc_version:10.2.1
process_id:2788243
process_supervised:no
run_id:08447216aaf1223dd390317467dd57081f3ba1ec
tcp_port:5023
server_time_usec:1704731193844702
uptime_in_seconds:0
uptime_in_days:0
hz:10
configured_hz:10
lru_clock:10232377
executable:/home/snagendra/Fuzzing/redis/src/redis-server
config_file:
io_threads_active:0
listener0:name=tcp,bind=0.0.0.0,port=5023

# Clients
connected_clients:0
cluster_connections:0
maxclients:10000
client_recent_max_input_buffer:0
client_recent_max_output_buffer:0
blocked_clients:0
tracking_clients:0
clients_in_timeout_table:0
total_blocking_keys:0
total_blocking_keys_on_nokey:0

# Memory
used_memory:1753904
used_memory_human:1.67M
used_memory_rss:17707008
used_memory_rss_human:16.89M
used_memory_peak:1753904
used_memory_peak_human:1.67M
used_memory_peak_perc:100.41%
used_memory_overhead:1746728
used_memory_startup:1746544
used_memory_dataset:7176
used_memory_dataset_perc:97.50%
allocator_allocated:2182040
allocator_active:2723840
allocator_resident:10903552
total_system_memory:270388695040
total_system_memory_human:251.82G
used_memory_lua:31744
used_memory_vm_eval:31744
used_memory_lua_human:31.00K
used_memory_scripts_eval:0
number_of_cached_scripts:0
number_of_functions:0
number_of_libraries:0
used_memory_vm_functions:32768
used_memory_vm_total:64512
used_memory_vm_total_human:63.00K
used_memory_functions:184
used_memory_scripts:184
used_memory_scripts_human:184B
maxmemory:0
maxmemory_human:0B
maxmemory_policy:noeviction
allocator_frag_ratio:1.25
allocator_frag_bytes:541800
allocator_rss_ratio:4.00
allocator_rss_bytes:8179712
rss_overhead_ratio:1.62
rss_overhead_bytes:6803456
mem_fragmentation_ratio:10.14
mem_fragmentation_bytes:15960320
mem_not_counted_for_evict:0
mem_replication_backlog:0
mem_total_replication_buffers:0
mem_clients_slaves:0
mem_clients_normal:0
mem_cluster_links:0
mem_aof_buffer:0
mem_allocator:jemalloc-5.3.0
active_defrag_running:0
lazyfree_pending_objects:0
lazyfreed_objects:0

# Persistence
loading:0
async_loading:0
current_cow_peak:0
current_cow_size:0
current_cow_size_age:0
current_fork_perc:0.00
current_save_keys_processed:0
current_save_keys_total:0
rdb_changes_since_last_save:0
rdb_bgsave_in_progress:0
rdb_last_save_time:1704731193
rdb_last_bgsave_status:ok
rdb_last_bgsave_time_sec:-1
rdb_current_bgsave_time_sec:-1
rdb_saves:0
rdb_last_cow_size:0
rdb_last_load_keys_expired:0
rdb_last_load_keys_loaded:0
aof_enabled:0
aof_rewrite_in_progress:0
aof_rewrite_scheduled:0
aof_last_rewrite_time_sec:-1
aof_current_rewrite_time_sec:-1
aof_last_bgrewrite_status:ok
aof_rewrites:0
aof_rewrites_consecutive_failures:0
aof_last_write_status:ok
aof_last_cow_size:0
module_fork_in_progress:0
module_fork_last_cow_size:0

# Stats
total_connections_received:0
total_commands_processed:6
instantaneous_ops_per_sec:25
total_net_input_bytes:0
total_net_output_bytes:0
total_net_repl_input_bytes:0
total_net_repl_output_bytes:0
instantaneous_input_kbps:0.00
instantaneous_output_kbps:0.00
instantaneous_input_repl_kbps:0.00
instantaneous_output_repl_kbps:0.00
rejected_connections:0
sync_full:0
sync_partial_ok:0
sync_partial_err:0
expired_keys:0
expired_stale_perc:0.00
expired_time_cap_reached_count:0
expire_cycle_cpu_milliseconds:0
evicted_keys:0
evicted_clients:0
total_eviction_exceeded_time:0
current_eviction_exceeded_time:0
keyspace_hits:0
keyspace_misses:0
pubsub_channels:0
pubsub_patterns:0
pubsubshard_channels:0
latest_fork_usec:0
total_forks:0
migrate_cached_sockets:0
slave_expires_tracked_keys:0
active_defrag_hits:0
active_defrag_misses:0
active_defrag_key_hits:0
active_defrag_key_misses:0
total_active_defrag_time:0
current_active_defrag_time:0
tracking_total_keys:0
tracking_total_items:0
tracking_total_prefixes:0
unexpected_error_replies:0
total_error_replies:0
dump_payload_sanitizations:0
total_reads_processed:0
total_writes_processed:0
io_threaded_reads_processed:0
io_threaded_writes_processed:0
reply_buffer_shrinks:0
reply_buffer_expands:0
acl_access_denied_auth:0
acl_access_denied_cmd:0
acl_access_denied_key:0
acl_access_denied_channel:0

# Replication
role:master
connected_slaves:0
master_failover_state:no-failover
master_replid:239e1d0a6cba761a477cde15a7552d77e430ae02
master_replid2:0000000000000000000000000000000000000000
master_repl_offset:0
second_repl_offset:-1
repl_backlog_active:0
repl_backlog_size:1048576
repl_backlog_first_byte_offset:0
repl_backlog_histlen:0

# CPU
used_cpu_sys:0.006650
used_cpu_user:0.009993
used_cpu_sys_children:0.000000
used_cpu_user_children:0.000000
used_cpu_sys_main_thread:0.008134
used_cpu_user_main_thread:0.008134

# Modules
module:name=raft,ver=1,api=1,filters=1,usedby=[],using=[],options=[]

# Commandstats
cmdstat_config|set:calls=1,usec=10,usec_per_call=10.00,rejected_calls=0,failed_calls=0
cmdstat_config|get:calls=3,usec=5,usec_per_call=1.67,rejected_calls=0,failed_calls=0
cmdstat_command:calls=2,usec=1424,usec_per_call=712.00,rejected_calls=0,failed_calls=0

# Errorstats

# Latencystats
latency_percentiles_usec_config|set:p50=10.047,p99=10.047,p99.9=10.047
latency_percentiles_usec_config|get:p50=2.007,p99=2.007,p99.9=2.007
latency_percentiles_usec_command:p50=675.839,p99=753.663,p99.9=753.663

# Cluster
cluster_enabled:0

# Keyspace

------ CLIENT LIST OUTPUT ------

------ MODULES INFO OUTPUT ------
# raft_version
raft_version:255.255.255
raft_git_sha1:b779b199

# raft_general
raft_dbid:f0d51a15c944a66a2134f1077496eea2
raft_node_id:3
raft_state:up
raft_role:follower
raft_is_voting:no
raft_voted_for:-1
raft_leader_id:-1
raft_current_term:0
raft_num_nodes:1
raft_num_voting_nodes:0

# raft_log
raft_log_entries:0
raft_current_index:0
raft_commit_index:0
raft_last_applied_index:0
raft_file_size:101
raft_cache_memory_size:0
raft_cache_entries:0
raft_client_attached_entries:0
raft_fsync_count:0
raft_fsync_max_microseconds:0
raft_fsync_avg_microseconds:0

# raft_snapshot
raft_snapshot_filename:redis3.rdb
raft_snapshot_last_idx:0
raft_snapshot_last_term:0
raft_snapshot_size:0
raft_snapshot_time_secs:-1
raft_snapshots_created:0
raft_snapshots_received:0
raft_snapshot_in_progress:no
raft_snapshot_in_progress_last_idx:-1
raft_snapshot_in_progress_last_term:-1

# raft_clients
raft_proxy_reqs:0
raft_proxy_failed_reqs:0
raft_proxy_failed_responses:0
raft_proxy_outstanding_reqs:0

# raft_stats
raft_appendreq_received:0
raft_appendreq_with_entry_received:0
raft_snapshotreq_received:0
raft_exec_throttled:0
raft_num_sessions:0

------ CONFIG DEBUG OUTPUT ------
io-threads 1
lazyfree-lazy-user-flush no
lazyfree-lazy-eviction no
lazyfree-lazy-server-del no
replica-read-only yes
lazyfree-lazy-user-del no
repl-diskless-sync yes
sanitize-dump-payload no
slave-read-only yes
list-compress-depth 0
repl-diskless-load disabled
proto-max-bulk-len 512mb
client-query-buffer-limit 1gb
lazyfree-lazy-expire no
activedefrag no
io-threads-do-reads no

------ FAST MEMORY TEST ------
2788243:M 08 Jan 2024 17:26:33.846 # Bio worker thread #0 terminated
2788243:M 08 Jan 2024 17:26:33.846 # Bio worker thread #1 terminated
2788243:M 08 Jan 2024 17:26:33.846 # Bio worker thread #2 terminated
*** Preparing to test memory region 555a31a0e000 (2273280 bytes)
*** Preparing to test memory region 555a321bc000 (405504 bytes)
*** Preparing to test memory region 7fd3e1fff000 (8388608 bytes)
*** Preparing to test memory region 7fd3e2800000 (8388608 bytes)
*** Preparing to test memory region 7fd3e3000000 (6291456 bytes)
*** Preparing to test memory region 7fd3e37f8000 (8388608 bytes)
*** Preparing to test memory region 7fd3e3ff9000 (8388608 bytes)
*** Preparing to test memory region 7fd3e47fa000 (8388608 bytes)
*** Preparing to test memory region 7fd3e4ffb000 (8388608 bytes)
*** Preparing to test memory region 7fd3e57fc000 (8388608 bytes)
*** Preparing to test memory region 7fd3e5ffd000 (8388608 bytes)
*** Preparing to test memory region 7fd3e67fe000 (8388608 bytes)
*** Preparing to test memory region 7fd3e6fff000 (8388608 bytes)
*** Preparing to test memory region 7fd3e7800000 (8388608 bytes)
*** Preparing to test memory region 7fd3e8000000 (135168 bytes)
*** Preparing to test memory region 7fd3ec689000 (8388608 bytes)
*** Preparing to test memory region 7fd3ece89000 (2621440 bytes)
*** Preparing to test memory region 7fd3ed118000 (8192 bytes)
*** Preparing to test memory region 7fd3ed67f000 (12288 bytes)
*** Preparing to test memory region 7fd3edbfe000 (8192 bytes)
*** Preparing to test memory region 7fd3ede18000 (16384 bytes)
*** Preparing to test memory region 7fd3ee800000 (8388608 bytes)
*** Preparing to test memory region 7fd3ef065000 (4096 bytes)
*** Preparing to test memory region 7fd3ef08a000 (12288 bytes)
*** Preparing to test memory region 7fd3ef10f000 (45056 bytes)
*** Preparing to test memory region 7fd3ef2ee000 (53248 bytes)
*** Preparing to test memory region 7fd3ef40b000 (8192 bytes)
.O.O.O.O.O.O.O.O.O.O.O.O.O.O.O.O.O.O.O.O.O.O.O.O.O.O.O
Fast memory test PASSED, however your memory can still be broken. Please run a memory test for several hours if possible.

------ DUMPING CODE AROUND EIP ------
Symbol: (null) (base: (nil))
Module: /lib/x86_64-linux-gnu/libc.so.6 (base 0x7fd3ef11a000)
$ xxd -r -p /tmp/dump.hex /tmp/dump.bin
$ objdump --adjust-vma=(nil) -D -b binary -m i386:x86-64 /tmp/dump.bin
------

=== REDIS BUG REPORT END. Make sure to include from START to END. ===

       Please report the crash by opening an issue on github:

           http://github.com/redis/redis/issues

  If a Redis module was involved, please open in the module's repo instead.

  Suspect RAM error? Use redis-server --test-memory to verify it.

  Some other issues could be detected by redis-server --check-system
2789301:C 08 Jan 2024 17:26:35.586 # WARNING Memory overcommit must be enabled! Without it, a background save or replication may fail under low memory condition. Being disabled, it can also cause failures without low memory condition, see https://github.com/jemalloc/jemalloc/issues/1328. To fix this issue add 'vm.overcommit_memory = 1' to /etc/sysctl.conf and then reboot or run the command 'sysctl vm.overcommit_memory=1' for this to take effect.
2789301:C 08 Jan 2024 17:26:35.586 * oO0OoO0OoO0Oo Redis is starting oO0OoO0OoO0Oo
2789301:C 08 Jan 2024 17:26:35.586 * Redis version=255.255.255, bits=64, commit=e04ebdb8, modified=1, pid=2789301, just started
2789301:C 08 Jan 2024 17:26:35.586 * Configuration loaded
2789301:M 08 Jan 2024 17:26:35.586 * monotonic clock: POSIX clock_gettime
2789301:M 08 Jan 2024 17:26:35.587 * Running mode=standalone, port=5023.
2789301:M 08 Jan 2024 17:26:35.593 * <raft> RedisRaft version 255.255.255 [b779b199]
2789301:M 08 Jan 2024 17:26:35.598 * <raft> Initializing test network
2789301:M 08 Jan 2024 17:26:35.598 * <raft> Created test network client
2789301:M 08 Jan 2024 17:26:35.601 * <raft> Raft module loaded, state is 'loading'
2789301:M 08 Jan 2024 17:26:35.601 * Module 'raft' loaded from /home/snagendra/Fuzzing/redisraft-fuzzing/redisraft.so
2789301:M 08 Jan 2024 17:26:35.602 * Server initialized
2789301:M 08 Jan 2024 17:26:35.602 . The AOF directory appendonlydir doesn't exist
2789301:M 08 Jan 2024 17:26:35.602 * Ready to accept connections tcp
2789301:M 08 Jan 2024 17:26:35.602 . 0 clients connected (0 replicas), 1746656 bytes in use
2789301:M 08 Jan 2024 17:26:35.691 - Accepted 127.0.0.1:43292
2789301:M 08 Jan 2024 17:26:35.691 # Missing implement of connection type tls
2789301:M 08 Jan 2024 17:26:35.702 * <raft> Loading: Redis loading complete, snapshot NOT LOADED
2789301:M 08 Jan 2024 17:26:35.703 * <raft> Cluster Membership: term:0 index:0 nodes: id=3,voting=0,active=1,addr=-
2789301:M 08 Jan 2024 17:26:35.703 * <raft> Test network starting message polling thread


=== REDIS BUG REPORT START: Cut & paste starting from here ===
2789301:M 08 Jan 2024 17:26:35.703 # Redis 255.255.255 crashed by signal: 6, si_code: -6
2789301:M 08 Jan 2024 17:26:35.703 # Crashed running the instruction at: 0x7f72d822dd3c

------ STACK TRACE ------
EIP:
/lib/x86_64-linux-gnu/libc.so.6(+0x8ad3c)[0x7f72d822dd3c]

Backtrace:
/lib/x86_64-linux-gnu/libc.so.6(+0x3bfd0)[0x7f72d81defd0]
/lib/x86_64-linux-gnu/libc.so.6(+0x8ad3c)[0x7f72d822dd3c]
/lib/x86_64-linux-gnu/libc.so.6(gsignal+0x12)[0x7f72d81def32]
/lib/x86_64-linux-gnu/libc.so.6(abort+0xd3)[0x7f72d81c9472]
/lib/x86_64-linux-gnu/libc.so.6(+0x26395)[0x7f72d81c9395]
/lib/x86_64-linux-gnu/libc.so.6(+0x34e32)[0x7f72d81d7e32]
/home/snagendra/Fuzzing/redisraft-fuzzing/redisraft.so(+0x3caea)[0x7f72d8152aea]
/home/snagendra/Fuzzing/redisraft-fuzzing/redisraft.so(callRaftPeriodic+0x478)[0x7f72d8143088]
/home/snagendra/Fuzzing/redis/src/redis-server 0.0.0.0:5023(moduleTimerHandler+0x21c)[0x562e8220998c]
/home/snagendra/Fuzzing/redis/src/redis-server 0.0.0.0:5023(+0x81705)[0x562e82113705]
/home/snagendra/Fuzzing/redis/src/redis-server 0.0.0.0:5023(aeMain+0x1c8)[0x562e8211dcb8]
/home/snagendra/Fuzzing/redis/src/redis-server 0.0.0.0:5023(main+0x3cd)[0x562e82112e2d]
/lib/x86_64-linux-gnu/libc.so.6(+0x271ca)[0x7f72d81ca1ca]
/lib/x86_64-linux-gnu/libc.so.6(__libc_start_main+0x85)[0x7f72d81ca285]
/home/snagendra/Fuzzing/redis/src/redis-server 0.0.0.0:5023(_start+0x2a)[0x562e821135aa]

------ REGISTERS ------
2789301:M 08 Jan 2024 17:26:35.704 # 
RAX:0000000000000000 RBX:00000000002a8fb5
RCX:00007f72d822dd3c RDX:0000000000000006
RDI:00000000002a8fb5 RSI:00000000002a8fb5
RBP:00007f72d819f1c0 RSP:00007ffd6e4e9290
R8 :0000000000000007 R9 :0000562e8448a820
R10:0000000000000008 R11:0000000000000246
R12:0000000000000006 R13:00000000000006a6
R14:00007f72d817f05c R15:0000562e822082b0
RIP:00007f72d822dd3c EFL:0000000000000246
CSGSFS:002b000000000033
2789301:M 08 Jan 2024 17:26:35.704 # (00007ffd6e4e929f) -> 0000562e8448a8d0
2789301:M 08 Jan 2024 17:26:35.704 # (00007ffd6e4e929e) -> 00007f72d8375c60
2789301:M 08 Jan 2024 17:26:35.704 # (00007ffd6e4e929d) -> 00000000000002b1
2789301:M 08 Jan 2024 17:26:35.704 # (00007ffd6e4e929c) -> 0000562e8448a820
2789301:M 08 Jan 2024 17:26:35.704 # (00007ffd6e4e929b) -> 00000000000006a6
2789301:M 08 Jan 2024 17:26:35.704 # (00007ffd6e4e929a) -> 0000000000000020
2789301:M 08 Jan 2024 17:26:35.704 # (00007ffd6e4e9299) -> 00007f72d81c9472
2789301:M 08 Jan 2024 17:26:35.704 # (00007ffd6e4e9298) -> 00007f72d8376e70
2789301:M 08 Jan 2024 17:26:35.704 # (00007ffd6e4e9297) -> 00007f72d81def32
2789301:M 08 Jan 2024 17:26:35.704 # (00007ffd6e4e9296) -> 00007f72d817f05c
2789301:M 08 Jan 2024 17:26:35.704 # (00007ffd6e4e9295) -> 00000000000006a6
2789301:M 08 Jan 2024 17:26:35.704 # (00007ffd6e4e9294) -> 00007f72d817e720
2789301:M 08 Jan 2024 17:26:35.704 # (00007ffd6e4e9293) -> 00007f72d819f1c0
2789301:M 08 Jan 2024 17:26:35.704 # (00007ffd6e4e9292) -> 0000000000000006
2789301:M 08 Jan 2024 17:26:35.704 # (00007ffd6e4e9291) -> 1b33ddb163348f00
2789301:M 08 Jan 2024 17:26:35.704 # (00007ffd6e4e9290) -> 0000562e822082b0

------ INFO OUTPUT ------
# Server
redis_version:255.255.255
redis_git_sha1:e04ebdb8
redis_git_dirty:1
redis_build_id:1f78dcc7b4fbdd25
redis_mode:standalone
os:Linux 6.1.60.1.amd64-smp x86_64
arch_bits:64
monotonic_clock:POSIX clock_gettime
multiplexing_api:epoll
atomicvar_api:c11-builtin
gcc_version:10.2.1
process_id:2789301
process_supervised:no
run_id:3d8eba9e8ba1503ef1d9ebaeabd585297d09bd22
tcp_port:5023
server_time_usec:1704731195702573
uptime_in_seconds:0
uptime_in_days:0
hz:10
configured_hz:10
lru_clock:10232379
executable:/home/snagendra/Fuzzing/redis/src/redis-server
config_file:
io_threads_active:0
listener0:name=tcp,bind=0.0.0.0,port=5023

# Clients
connected_clients:1
cluster_connections:0
maxclients:10000
client_recent_max_input_buffer:0
client_recent_max_output_buffer:0
blocked_clients:0
tracking_clients:0
clients_in_timeout_table:0
total_blocking_keys:0
total_blocking_keys_on_nokey:0

# Memory
used_memory:1816864
used_memory_human:1.73M
used_memory_rss:18001920
used_memory_rss_human:17.17M
used_memory_peak:1816864
used_memory_peak_human:1.73M
used_memory_peak_perc:100.39%
used_memory_overhead:1746696
used_memory_startup:1746512
used_memory_dataset:70168
used_memory_dataset_perc:99.74%
allocator_allocated:2109448
allocator_active:2658304
allocator_resident:10903552
total_system_memory:270388695040
total_system_memory_human:251.82G
used_memory_lua:31744
used_memory_vm_eval:31744
used_memory_lua_human:31.00K
used_memory_scripts_eval:0
number_of_cached_scripts:0
number_of_functions:0
number_of_libraries:0
used_memory_vm_functions:32768
used_memory_vm_total:64512
used_memory_vm_total_human:63.00K
used_memory_functions:184
used_memory_scripts:184
used_memory_scripts_human:184B
maxmemory:0
maxmemory_human:0B
maxmemory_policy:noeviction
allocator_frag_ratio:1.26
allocator_frag_bytes:548856
allocator_rss_ratio:4.10
allocator_rss_bytes:8245248
rss_overhead_ratio:1.65
rss_overhead_bytes:7098368
mem_fragmentation_ratio:10.31
mem_fragmentation_bytes:16255264
mem_not_counted_for_evict:0
mem_replication_backlog:0
mem_total_replication_buffers:0
mem_clients_slaves:0
mem_clients_normal:0
mem_cluster_links:0
mem_aof_buffer:0
mem_allocator:jemalloc-5.3.0
active_defrag_running:0
lazyfree_pending_objects:0
lazyfreed_objects:0

# Persistence
loading:0
async_loading:0
current_cow_peak:0
current_cow_size:0
current_cow_size_age:0
current_fork_perc:0.00
current_save_keys_processed:0
current_save_keys_total:0
rdb_changes_since_last_save:0
rdb_bgsave_in_progress:0
rdb_last_save_time:1704731195
rdb_last_bgsave_status:ok
rdb_last_bgsave_time_sec:-1
rdb_current_bgsave_time_sec:-1
rdb_saves:0
rdb_last_cow_size:0
rdb_last_load_keys_expired:0
rdb_last_load_keys_loaded:0
aof_enabled:0
aof_rewrite_in_progress:0
aof_rewrite_scheduled:0
aof_last_rewrite_time_sec:-1
aof_current_rewrite_time_sec:-1
aof_last_bgrewrite_status:ok
aof_rewrites:0
aof_rewrites_consecutive_failures:0
aof_last_write_status:ok
aof_last_cow_size:0
module_fork_in_progress:0
module_fork_last_cow_size:0

# Stats
total_connections_received:1
total_commands_processed:7
instantaneous_ops_per_sec:25
total_net_input_bytes:33
total_net_output_bytes:5
total_net_repl_input_bytes:0
total_net_repl_output_bytes:0
instantaneous_input_kbps:0.00
instantaneous_output_kbps:0.00
instantaneous_input_repl_kbps:0.00
instantaneous_output_repl_kbps:0.00
rejected_connections:0
sync_full:0
sync_partial_ok:0
sync_partial_err:0
expired_keys:0
expired_stale_perc:0.00
expired_time_cap_reached_count:0
expire_cycle_cpu_milliseconds:0
evicted_keys:0
evicted_clients:0
total_eviction_exceeded_time:0
current_eviction_exceeded_time:0
keyspace_hits:0
keyspace_misses:0
pubsub_channels:0
pubsub_patterns:0
pubsubshard_channels:0
latest_fork_usec:0
total_forks:0
migrate_cached_sockets:0
slave_expires_tracked_keys:0
active_defrag_hits:0
active_defrag_misses:0
active_defrag_key_hits:0
active_defrag_key_misses:0
total_active_defrag_time:0
current_active_defrag_time:0
tracking_total_keys:0
tracking_total_items:0
tracking_total_prefixes:0
unexpected_error_replies:0
total_error_replies:0
dump_payload_sanitizations:0
total_reads_processed:1
total_writes_processed:1
io_threaded_reads_processed:0
io_threaded_writes_processed:0
reply_buffer_shrinks:0
reply_buffer_expands:0
acl_access_denied_auth:0
acl_access_denied_cmd:0
acl_access_denied_key:0
acl_access_denied_channel:0

# Replication
role:master
connected_slaves:0
master_failover_state:no-failover
master_replid:3fc7ccf6b3bf214796b8b9d4b557dba544802a5b
master_replid2:0000000000000000000000000000000000000000
master_repl_offset:0
second_repl_offset:-1
repl_backlog_active:0
repl_backlog_size:1048576
repl_backlog_first_byte_offset:0
repl_backlog_histlen:0

# CPU
used_cpu_sys:0.008814
used_cpu_user:0.008814
used_cpu_sys_children:0.000000
used_cpu_user_children:0.000000
used_cpu_sys_main_thread:0.008636
used_cpu_user_main_thread:0.008636

# Modules
module:name=raft,ver=1,api=1,filters=1,usedby=[],using=[],options=[]

# Commandstats
cmdstat_command:calls=2,usec=1473,usec_per_call=736.50,rejected_calls=0,failed_calls=0
cmdstat_auth:calls=1,usec=1,usec_per_call=1.00,rejected_calls=0,failed_calls=0
cmdstat_config|set:calls=1,usec=11,usec_per_call=11.00,rejected_calls=0,failed_calls=0
cmdstat_config|get:calls=3,usec=5,usec_per_call=1.67,rejected_calls=0,failed_calls=0

# Errorstats

# Latencystats
latency_percentiles_usec_command:p50=712.703,p99=765.951,p99.9=765.951
latency_percentiles_usec_auth:p50=1.003,p99=1.003,p99.9=1.003
latency_percentiles_usec_config|set:p50=11.007,p99=11.007,p99.9=11.007
latency_percentiles_usec_config|get:p50=2.007,p99=2.007,p99.9=2.007

# Cluster
cluster_enabled:0

# Keyspace

------ CLIENT LIST OUTPUT ------
id=8 addr=127.0.0.1:43292 laddr=127.0.0.1:5023 fd=11 name= age=0 idle=0 flags=N db=0 sub=0 psub=0 ssub=0 multi=-1 qbuf=0 qbuf-free=20474 argv-mem=0 multi-mem=0 rbs=16384 rbp=16384 obl=0 oll=0 omem=0 tot-mem=37760 events=r cmd=auth user=default redir=-1 resp=2 lib-name= lib-ver=

------ MODULES INFO OUTPUT ------
# raft_version
raft_version:255.255.255
raft_git_sha1:b779b199

# raft_general
raft_dbid:f0d51a15c944a66a2134f1077496eea2
raft_node_id:3
raft_state:up
raft_role:follower
raft_is_voting:no
raft_voted_for:-1
raft_leader_id:-1
raft_current_term:0
raft_num_nodes:1
raft_num_voting_nodes:0

# raft_log
raft_log_entries:0
raft_current_index:0
raft_commit_index:0
raft_last_applied_index:0
raft_file_size:101
raft_cache_memory_size:0
raft_cache_entries:0
raft_client_attached_entries:0
raft_fsync_count:0
raft_fsync_max_microseconds:0
raft_fsync_avg_microseconds:0

# raft_snapshot
raft_snapshot_filename:redis3.rdb
raft_snapshot_last_idx:0
raft_snapshot_last_term:0
raft_snapshot_size:0
raft_snapshot_time_secs:-1
raft_snapshots_created:0
raft_snapshots_received:0
raft_snapshot_in_progress:no
raft_snapshot_in_progress_last_idx:-1
raft_snapshot_in_progress_last_term:-1

# raft_clients
raft_proxy_reqs:0
raft_proxy_failed_reqs:0
raft_proxy_failed_responses:0
raft_proxy_outstanding_reqs:0

# raft_stats
raft_appendreq_received:0
raft_appendreq_with_entry_received:0
raft_snapshotreq_received:0
raft_exec_throttled:0
raft_num_sessions:0

------ CONFIG DEBUG OUTPUT ------
repl-diskless-load disabled
replica-read-only yes
sanitize-dump-payload no
lazyfree-lazy-server-del no
io-threads-do-reads no
io-threads 1
activedefrag no
client-query-buffer-limit 1gb
lazyfree-lazy-eviction no
proto-max-bulk-len 512mb
list-compress-depth 0
slave-read-only yes
repl-diskless-sync yes
lazyfree-lazy-user-flush no
lazyfree-lazy-expire no
lazyfree-lazy-user-del no

------ FAST MEMORY TEST ------
2789301:M 08 Jan 2024 17:26:35.704 # Bio worker thread #0 terminated
2789301:M 08 Jan 2024 17:26:35.704 # Bio worker thread #1 terminated
2789301:M 08 Jan 2024 17:26:35.704 # Bio worker thread #2 terminated
*** Preparing to test memory region 562e823e9000 (2273280 bytes)
*** Preparing to test memory region 562e84435000 (405504 bytes)
*** Preparing to test memory region 7f72cafff000 (8388608 bytes)
*** Preparing to test memory region 7f72cb800000 (8388608 bytes)
*** Preparing to test memory region 7f72cc000000 (6291456 bytes)
*** Preparing to test memory region 7f72cc7fa000 (8388608 bytes)
*** Preparing to test memory region 7f72ccffb000 (8388608 bytes)
*** Preparing to test memory region 7f72cd7fc000 (8388608 bytes)
*** Preparing to test memory region 7f72cdffd000 (8388608 bytes)
*** Preparing to test memory region 7f72ce7fe000 (8388608 bytes)
*** Preparing to test memory region 7f72cefff000 (8388608 bytes)
*** Preparing to test memory region 7f72cf800000 (8388608 bytes)
*** Preparing to test memory region 7f72d0000000 (135168 bytes)
*** Preparing to test memory region 7f72d470c000 (8388608 bytes)
*** Preparing to test memory region 7f72d4f0d000 (8388608 bytes)
*** Preparing to test memory region 7f72d570e000 (8388608 bytes)
*** Preparing to test memory region 7f72d5f0e000 (2621440 bytes)
*** Preparing to test memory region 7f72d619d000 (8192 bytes)
*** Preparing to test memory region 7f72d687f000 (12288 bytes)
*** Preparing to test memory region 7f72d6e18000 (16384 bytes)
*** Preparing to test memory region 7f72d6ebd000 (8192 bytes)
*** Preparing to test memory region 7f72d7800000 (8388608 bytes)
*** Preparing to test memory region 7f72d8043000 (4096 bytes)
*** Preparing to test memory region 7f72d8113000 (12288 bytes)
*** Preparing to test memory region 7f72d8198000 (45056 bytes)
*** Preparing to test memory region 7f72d8377000 (53248 bytes)
*** Preparing to test memory region 7f72d8494000 (8192 bytes)
.O.O.O.O.O.O.O.O.O.O.O.O.O.O.2789301:signal-handler (1704731195) Received SIGINT scheduling shutdown...
2789301:signal-handler (1704731195) You insist... exiting now.

----- Stderr -----
libgcov profiling error:/home/snagendra/Fuzzing/redisraft-fuzzing/build/deps/raft/CMakeFiles/raft.dir/src/raft_server.c.gcda:Merge mismatch for function 47
redis-server: /home/snagendra/Fuzzing/redisraft-fuzzing/deps/raft/src/raft_server.c:1702: raft_get_first_entry_idx: Assertion `0 < raft_get_current_idx(me)' failed.
redis-server: /home/snagendra/Fuzzing/redisraft-fuzzing/deps/raft/src/raft_server.c:1702: raft_get_first_entry_idx: Assertion `0 < raft_get_current_idx(me)' failed.
libgcov profiling error:/home/snagendra/Fuzzing/redisraft-fuzzing/build/deps/raft/CMakeFiles/raft.dir/src/raft_server.c.gcda:Merge mismatch for function 47



