logs for node: 1

----- Stdout -----
888462:C 08 Jan 2024 18:52:52.553 # WARNING Memory overcommit must be enabled! Without it, a background save or replication may fail under low memory condition. Being disabled, it can also cause failures without low memory condition, see https://github.com/jemalloc/jemalloc/issues/1328. To fix this issue add 'vm.overcommit_memory = 1' to /etc/sysctl.conf and then reboot or run the command 'sysctl vm.overcommit_memory=1' for this to take effect.
888462:C 08 Jan 2024 18:52:52.553 * oO0OoO0OoO0Oo Redis is starting oO0OoO0OoO0Oo
888462:C 08 Jan 2024 18:52:52.553 * Redis version=255.255.255, bits=64, commit=e04ebdb8, modified=1, pid=888462, just started
888462:C 08 Jan 2024 18:52:52.553 * Configuration loaded
888462:M 08 Jan 2024 18:52:52.553 * monotonic clock: POSIX clock_gettime
888462:M 08 Jan 2024 18:52:52.554 * Running mode=standalone, port=5071.
888462:M 08 Jan 2024 18:52:52.561 * <raft> RedisRaft version 255.255.255 [b779b199]
888462:M 08 Jan 2024 18:52:52.566 * <raft> Initializing test network
888462:M 08 Jan 2024 18:52:52.567 * <raft> Created test network client
888462:M 08 Jan 2024 18:52:52.567 * <raft> Raft module loaded, state is 'uninitialized'
888462:M 08 Jan 2024 18:52:52.567 * Module 'raft' loaded from /home/snagendra/Fuzzing/redisraft-fuzzing/redisraft.so
888462:M 08 Jan 2024 18:52:52.568 * Server initialized
888462:M 08 Jan 2024 18:52:52.568 . The AOF directory appendonlydir doesn't exist
888462:M 08 Jan 2024 18:52:52.569 * Ready to accept connections tcp
888462:M 08 Jan 2024 18:52:52.569 . 0 clients connected (0 replicas), 1726160 bytes in use
888462:M 08 Jan 2024 18:52:52.569 - Accepted 127.0.0.1:37752
888462:M 08 Jan 2024 18:52:52.569 # Missing implement of connection type tls
888462:M 08 Jan 2024 18:52:52.575 * <raft> Cluster Membership: term:0 index:0 nodes: id=1,voting=0,active=1,addr=-
888462:M 08 Jan 2024 18:52:52.580 * <raft> State change: Node is now a leader, term 1
888462:M 08 Jan 2024 18:52:52.581 * <raft> Cluster Membership: term:1 index:1 nodes: id=1,voting=0,active=1,addr=-
888462:M 08 Jan 2024 18:52:52.581 * <raft> Test network starting message polling thread
888462:M 08 Jan 2024 18:52:52.581 * <raft> Raft Cluster initialized, node id: 1, dbid: a41a278e08a057928b528f2fd995574f
888462:M 08 Jan 2024 18:52:52.699 - Accepted 127.0.0.1:37756
888462:M 08 Jan 2024 18:52:52.700 * <raft> Cluster Membership: term:1 index:3 nodes: id=1,voting=1,active=1,addr=- id=2,voting=0,active=1,addr=localhost:5072
888462:M 08 Jan 2024 18:52:52.706 - Client closed connection id=9 addr=127.0.0.1:37756 laddr=127.0.0.1:5071 fd=12 name= age=0 idle=0 flags=N db=0 sub=0 psub=0 ssub=0 multi=-1 qbuf=0 qbuf-free=20474 argv-mem=0 multi-mem=0 rbs=16384 rbp=16384 obl=0 oll=0 omem=0 tot-mem=37760 events=r cmd=raft.node user=default redir=-1 resp=2 lib-name= lib-ver=
888462:M 08 Jan 2024 18:52:52.824 - Accepted 127.0.0.1:37760
888462:M 08 Jan 2024 18:52:52.825 * <raft> Cluster Membership: term:1 index:4 nodes: id=1,voting=1,active=1,addr=- id=2,voting=0,active=1,addr=localhost:5072 id=3,voting=0,active=1,addr=localhost:5073
888462:M 08 Jan 2024 18:52:52.832 - Client closed connection id=10 addr=127.0.0.1:37760 laddr=127.0.0.1:5071 fd=13 name= age=0 idle=0 flags=N db=0 sub=0 psub=0 ssub=0 multi=-1 qbuf=0 qbuf-free=20474 argv-mem=0 multi-mem=0 rbs=16384 rbp=16384 obl=0 oll=0 omem=0 tot-mem=37760 events=r cmd=raft.node user=default redir=-1 resp=2 lib-name= lib-ver=
888462:M 08 Jan 2024 18:52:52.986 * <raft> node:3 has sufficient logs, adding as voting node.
888462:M 08 Jan 2024 18:52:53.025 - Accepted 127.0.0.1:37770
888462:M 08 Jan 2024 18:52:53.301 - Accepted 127.0.0.1:37776
888462:M 08 Jan 2024 18:52:53.473 * <raft> State change: Node is now a follower, term 1
888462:M 08 Jan 2024 18:52:53.473 * <raft> Cluster Membership: term:1 index:5 nodes: id=1,voting=1,active=1,addr=- id=2,voting=0,active=1,addr=localhost:5072 id=3,voting=1,active=1,addr=localhost:5073
888462:M 08 Jan 2024 18:52:53.610 - Client closed connection id=11 addr=127.0.0.1:37770 laddr=127.0.0.1:5071 fd=14 name= age=0 idle=0 flags=N db=0 sub=0 psub=0 ssub=0 multi=-1 qbuf=0 qbuf-free=20474 argv-mem=0 multi-mem=0 rbs=1024 rbp=0 obl=0 oll=0 omem=0 tot-mem=22400 events=r cmd=auth user=default redir=-1 resp=2 lib-name= lib-ver=
888462:M 08 Jan 2024 18:52:53.656 - Client closed connection id=12 addr=127.0.0.1:37776 laddr=127.0.0.1:5071 fd=16 name= age=0 idle=0 flags=N db=0 sub=0 psub=0 ssub=0 multi=-1 qbuf=0 qbuf-free=20474 argv-mem=0 multi-mem=0 rbs=1024 rbp=0 obl=0 oll=0 omem=0 tot-mem=22400 events=r cmd=auth user=default redir=-1 resp=2 lib-name= lib-ver=
888462:M 08 Jan 2024 18:52:53.774 * <raft> State change: Election starting, node is now a pre-candidate, term 1
888462:M 08 Jan 2024 18:52:53.774 * <raft> Cluster Membership: term:1 index:5 nodes: id=1,voting=1,active=1,addr=- id=2,voting=0,active=1,addr=localhost:5072 id=3,voting=1,active=1,addr=localhost:5073
888462:signal-handler (1704736373) Received SIGINT scheduling shutdown...
888462:signal-handler (1704736373) You insist... exiting now.
889953:C 08 Jan 2024 18:52:55.218 # WARNING Memory overcommit must be enabled! Without it, a background save or replication may fail under low memory condition. Being disabled, it can also cause failures without low memory condition, see https://github.com/jemalloc/jemalloc/issues/1328. To fix this issue add 'vm.overcommit_memory = 1' to /etc/sysctl.conf and then reboot or run the command 'sysctl vm.overcommit_memory=1' for this to take effect.
889953:C 08 Jan 2024 18:52:55.218 * oO0OoO0OoO0Oo Redis is starting oO0OoO0OoO0Oo
889953:C 08 Jan 2024 18:52:55.218 * Redis version=255.255.255, bits=64, commit=e04ebdb8, modified=1, pid=889953, just started
889953:C 08 Jan 2024 18:52:55.218 * Configuration loaded
889953:M 08 Jan 2024 18:52:55.218 * monotonic clock: POSIX clock_gettime
889953:M 08 Jan 2024 18:52:55.219 * Running mode=standalone, port=5071.
889953:M 08 Jan 2024 18:52:55.225 * <raft> RedisRaft version 255.255.255 [b779b199]
889953:M 08 Jan 2024 18:52:55.229 * <raft> Initializing test network
889953:M 08 Jan 2024 18:52:55.230 * <raft> Created test network client
889953:M 08 Jan 2024 18:52:55.233 * <raft> Raft module loaded, state is 'loading'
889953:M 08 Jan 2024 18:52:55.233 * Module 'raft' loaded from /home/snagendra/Fuzzing/redisraft-fuzzing/redisraft.so
889953:M 08 Jan 2024 18:52:55.234 * Server initialized
889953:M 08 Jan 2024 18:52:55.234 . The AOF directory appendonlydir doesn't exist
889953:M 08 Jan 2024 18:52:55.234 * Ready to accept connections tcp
889953:M 08 Jan 2024 18:52:55.234 . 0 clients connected (0 replicas), 1746720 bytes in use
889953:M 08 Jan 2024 18:52:55.251 - Accepted 127.0.0.1:37814
889953:M 08 Jan 2024 18:52:55.251 # Missing implement of connection type tls
889953:M 08 Jan 2024 18:52:55.314 - Accepted 127.0.0.1:37828
889953:M 08 Jan 2024 18:52:55.333 * <raft> Loading: Redis loading complete, snapshot NOT LOADED
889953:M 08 Jan 2024 18:52:55.334 * <raft> Cluster Membership: term:0 index:0 nodes: id=1,voting=0,active=1,addr=-
889953:M 08 Jan 2024 18:52:55.334 * <raft> Test network starting message polling thread
889953:M 08 Jan 2024 18:52:55.334 * <raft> Cluster Membership: term:0 index:5 nodes: id=1,voting=1,active=1,addr=- id=2,voting=0,active=1,addr=localhost:5072
889953:M 08 Jan 2024 18:52:55.335 * <raft> Cluster Membership: term:0 index:5 nodes: id=1,voting=1,active=1,addr=- id=2,voting=0,active=1,addr=localhost:5072 id=3,voting=0,active=1,addr=localhost:5073
889953:M 08 Jan 2024 18:52:55.335 * <raft> Raft state after loading log: log_count=5, first_idx=1, current_idx=5, last_applied_idx=0
889953:M 08 Jan 2024 18:52:55.335 . <raft> Raft term=1, vote=-1
889953:signal-handler (1704736375) Received SIGINT scheduling shutdown...
889953:signal-handler (1704736375) You insist... exiting now.
890151:C 08 Jan 2024 18:52:55.631 # WARNING Memory overcommit must be enabled! Without it, a background save or replication may fail under low memory condition. Being disabled, it can also cause failures without low memory condition, see https://github.com/jemalloc/jemalloc/issues/1328. To fix this issue add 'vm.overcommit_memory = 1' to /etc/sysctl.conf and then reboot or run the command 'sysctl vm.overcommit_memory=1' for this to take effect.
890151:C 08 Jan 2024 18:52:55.631 * oO0OoO0OoO0Oo Redis is starting oO0OoO0OoO0Oo
890151:C 08 Jan 2024 18:52:55.631 * Redis version=255.255.255, bits=64, commit=e04ebdb8, modified=1, pid=890151, just started
890151:C 08 Jan 2024 18:52:55.631 * Configuration loaded
890151:M 08 Jan 2024 18:52:55.631 * monotonic clock: POSIX clock_gettime
890151:M 08 Jan 2024 18:52:55.632 * Running mode=standalone, port=5071.
890151:M 08 Jan 2024 18:52:55.638 * <raft> RedisRaft version 255.255.255 [b779b199]
890151:M 08 Jan 2024 18:52:55.642 * <raft> Initializing test network
890151:M 08 Jan 2024 18:52:55.643 * <raft> Created test network client
890151:M 08 Jan 2024 18:52:55.647 * <raft> Raft module loaded, state is 'loading'
890151:M 08 Jan 2024 18:52:55.647 * Module 'raft' loaded from /home/snagendra/Fuzzing/redisraft-fuzzing/redisraft.so
890151:M 08 Jan 2024 18:52:55.647 * Server initialized
890151:M 08 Jan 2024 18:52:55.647 . The AOF directory appendonlydir doesn't exist
890151:M 08 Jan 2024 18:52:55.647 * Ready to accept connections tcp
890151:M 08 Jan 2024 18:52:55.647 . 0 clients connected (0 replicas), 1746624 bytes in use
890151:M 08 Jan 2024 18:52:55.653 - Accepted 127.0.0.1:37844
890151:M 08 Jan 2024 18:52:55.653 # Missing implement of connection type tls
890151:M 08 Jan 2024 18:52:55.660 - Accepted 127.0.0.1:37852
890151:M 08 Jan 2024 18:52:55.716 - Accepted 127.0.0.1:37866
890151:M 08 Jan 2024 18:52:55.747 * <raft> Loading: Redis loading complete, snapshot NOT LOADED
890151:M 08 Jan 2024 18:52:55.748 * <raft> Cluster Membership: term:0 index:0 nodes: id=1,voting=0,active=1,addr=-
890151:M 08 Jan 2024 18:52:55.748 * <raft> Test network starting message polling thread


=== REDIS BUG REPORT START: Cut & paste starting from here ===
890151:M 08 Jan 2024 18:52:55.748 # === ASSERTION FAILED ===
890151:M 08 Jan 2024 18:52:55.748 # ==> /home/snagendra/Fuzzing/redisraft-fuzzing/src/log.c:509 'ety != NULL' is not true
890151:M 08 Jan 2024 18:52:55.748 # === ASSERTION FAILED ===
890151:M 08 Jan 2024 18:52:55.748 # ==> /home/snagendra/Fuzzing/redisraft-fuzzing/src/log.c:509 'ety != NULL' is not true

------ STACK TRACE ------

------ STACK TRACE ------

Backtrace:

Backtrace:
/home/snagendra/Fuzzing/redisraft-fuzzing/redisraft.so(+0x25e00)[0x7f43cf346e00]
/home/snagendra/Fuzzing/redisraft-fuzzing/redisraft.so(LogGet+0x60)[0x7f43cf3481b0]
/home/snagendra/Fuzzing/redisraft-fuzzing/redisraft.so(+0x25e00)[0x7f43cf346e00]
/home/snagendra/Fuzzing/redisraft-fuzzing/redisraft.so(+0x272ef)[0x7f43cf3482ef]
/home/snagendra/Fuzzing/redisraft-fuzzing/redisraft.so(raft_get_entry_from_idx+0x1a)[0x7f43cf35c45a]
/home/snagendra/Fuzzing/redisraft-fuzzing/redisraft.so(LogGet+0x60)[0x7f43cf3481b0]
/home/snagendra/Fuzzing/redisraft-fuzzing/redisraft.so(raft_get_last_log_term+0x36)[0x7f43cf362346]
/home/snagendra/Fuzzing/redisraft-fuzzing/redisraft.so(raft_recv_requestvote+0x16f)[0x7f43cf35d08f]
/home/snagendra/Fuzzing/redisraft-fuzzing/redisraft.so(handleTestNetworkMessage+0x1a2)[0x7f43cf356512]
/home/snagendra/Fuzzing/redisraft-fuzzing/redisraft.so(poll_redis_test_messages+0x89)[0x7f43cf3565c9]
/lib/x86_64-linux-gnu/libc.so.6(+0x89044)[0x7f43cf437044]
/lib/x86_64-linux-gnu/libc.so.6(+0x10961c)[0x7f43cf4b761c]

------ INFO OUTPUT ------
/home/snagendra/Fuzzing/redisraft-fuzzing/redisraft.so(+0x272ef)[0x7f43cf3482ef]
/home/snagendra/Fuzzing/redisraft-fuzzing/redisraft.so(raft_restore_log+0x54)[0x7f43cf3618d4]
/home/snagendra/Fuzzing/redisraft-fuzzing/redisraft.so(callRaftPeriodic+0x131)[0x7f43cf34dd41]
/home/snagendra/Fuzzing/redis/src/redis-server 0.0.0.0:5071(moduleTimerHandler+0x21c)[0x56249834998c]
/home/snagendra/Fuzzing/redis/src/redis-server 0.0.0.0:5071(+0x81705)[0x562498253705]
/home/snagendra/Fuzzing/redis/src/redis-server 0.0.0.0:5071(aeMain+0x1c8)[0x56249825dcb8]
/home/snagendra/Fuzzing/redis/src/redis-server 0.0.0.0:5071(main+0x3cd)[0x562498252e2d]
/lib/x86_64-linux-gnu/libc.so.6(+0x271ca)[0x7f43cf3d51ca]
/lib/x86_64-linux-gnu/libc.so.6(__libc_start_main+0x85)[0x7f43cf3d5285]
# Server
redis_version:255.255.255
redis_git_sha1:e04ebdb8
redis_git_dirty:1
redis_build_id:1f78dcc7b4fbdd25
redis_mode:standalone
os:Linux 6.1.60.1.amd64-smp x86_64
arch_bits:64
monotonic_clock:POSIX clock_gettime
multiplexing_api:epoll
atomicvar_api:c11-builtin
gcc_version:10.2.1
process_id:890151
process_supervised:no
run_id:6c11797800d54b48d1613323d18432bceca9ce2f
tcp_port:5071
server_time_usec:1704736375747919
uptime_in_seconds:0
uptime_in_days:0
hz:10
configured_hz:10
lru_clock:10237559
executable:/home/snagendra/Fuzzing/redis/src/redis-server
config_file:
io_threads_active:0
listener0:name=tcp,bind=0.0.0.0,port=5071

# Clients
connected_clients:3
cluster_connections:0
maxclients:10000
client_recent_max_input_buffer:0
client_recent_max_output_buffer:0
blocked_clients:0
tracking_clients:0
clients_in_timeout_table:0
total_blocking_keys:0
total_blocking_keys_on_nokey:0

# Memory
used_memory:1967664
used_memory_human:1.88M
used_memory_rss:17649664
used_memory_rss_human:16.83M
used_memory_peak:1967664
used_memory_peak_human:1.88M
used_memory_peak_perc:100.36%
used_memory_overhead:1746664
used_memory_startup:1746480
used_memory_dataset:221000
used_memory_dataset_perc:99.92%
allocator_allocated:2123056
allocator_active:2654208
allocator_resident:10752000
total_system_memory:270388695040
total_system_memory_human:251.82G
used_memory_lua:31744
used_memory_vm_eval:31744
used_memory_lua_human:31.00K
used_memory_scripts_eval:0
number_of_cached_scripts:0
number_of_functions:0
number_of_libraries:0
used_memory_vm_functions:32768
used_memory_vm_total:64512
used_memory_vm_total_human:63.00K
used_memory_functions:184
used_memory_scripts:184
used_memory_scripts_human:184B
maxmemory:0
maxmemory_human:0B
maxmemory_policy:noeviction
allocator_frag_ratio:1.25
allocator_frag_bytes:531152
allocator_rss_ratio:4.05
allocator_rss_bytes:8097792
rss_overhead_ratio:1.64
rss_overhead_bytes:6897664
mem_fragmentation_ratio:10.11
mem_fragmentation_bytes:15903040
mem_not_counted_for_evict:0
mem_replication_backlog:0
mem_total_replication_buffers:0
mem_clients_slaves:0
mem_clients_normal:0
mem_cluster_links:0
mem_aof_buffer:0
mem_allocator:jemalloc-5.3.0
active_defrag_running:0
lazyfree_pending_objects:0
lazyfreed_objects:0

# Persistence
loading:0
async_loading:0
current_cow_peak:0
current_cow_size:0
current_cow_size_age:0
current_fork_perc:0.00
current_save_keys_processed:0
current_save_keys_total:0
rdb_changes_since_last_save:0
rdb_bgsave_in_progress:0
rdb_last_save_time:1704736375
rdb_last_bgsave_status:ok
rdb_last_bgsave_time_sec:-1
rdb_current_bgsave_time_sec:-1
rdb_saves:0
rdb_last_cow_size:0
rdb_last_load_keys_expired:0
rdb_last_load_keys_loaded:0
aof_enabled:0
aof_rewrite_in_progress:0
aof_rewrite_scheduled:0
aof_last_rewrite_time_sec:-1
aof_current_rewrite_time_sec:-1
aof_last_bgrewrite_status:ok
aof_rewrites:0
aof_rewrites_consecutive_failures:0
aof_last_write_status:ok
aof_last_cow_size:0
module_fork_in_progress:0
module_fork_last_cow_size:0

# Stats
total_connections_received:3
total_commands_processed:14
instantaneous_ops_per_sec:23
total_net_input_bytes:291
total_net_output_bytes:407
total_net_repl_input_bytes:0
total_net_repl_output_bytes:0
instantaneous_input_kbps:0.00
instantaneous_output_kbps:0.00
instantaneous_input_repl_kbps:0.00
instantaneous_output_repl_kbps:0.00
rejected_connections:0
sync_full:0
sync_partial_ok:0
sync_partial_err:0
expired_keys:0
expired_stale_perc:0.00
expired_time_cap_reached_count:0
expire_cycle_cpu_milliseconds:0
evicted_keys:0
evicted_clients:0
total_eviction_exceeded_time:0
current_eviction_exceeded_time:0
keyspace_hits:0
keyspace_misses:0
pubsub_channels:0
pubsub_patterns:0
pubsubshard_channels:0
latest_fork_usec:0
total_forks:0
migrate_cached_sockets:0
slave_expires_tracked_keys:0
active_defrag_hits:0
active_defrag_misses:0
active_defrag_key_hits:0
active_defrag_key_misses:0
total_active_defrag_time:0
current_active_defrag_time:0
tracking_to/home/snagendra/Fuzzing/redis/src/redis-server 0.0.0.0:5071(_start+0x2a)[0x5624982535aa]
tal_keys:0
tracking_total_items:0
tracking_total_prefixes:0
unexpected_error_replies:0
total_error_replies:3
dump_payload_sanitizations:0
total_reads_processed:8
total_writes_processed:8
io_threaded_reads_processed:0
io_threaded_writes_processed:0
reply_buffer_shrinks:0
reply_buffer_expands:0
acl_access_denied_auth:0
acl_access_denied_cmd:0
acl_access_denied_key:0
acl_access_denied_channel:0

# Replication
role:master
connected_slaves:0
master_failover_state:no-failover
master_replid:2b9f42de7d5e217b9e0bf0289508eaaa1c16d2db
master_replid2:0000000000000000000000000000000000000000
master_repl_offset:0
second_repl_offset:-1
repl_backlog_active:0
repl_backlog_size:1048576
repl_backlog_first_byte_offset:0
repl_backlog_histlen:0

# CPU
used_cpu_sys:0.009273
used_cpu_user:0.009273
used_cpu_sys_children:0.000000
used_cpu_user_children:0.000000
used_cpu_sys_main_thread:0.000000
used_cpu_user_main_thread:0.000538

# Modules
module:name=raft,ver=1,api=1,filters=1,usedby=[],using=[],options=[]

# Commandstats
cmdstat_auth:calls=2,usec=2,usec_per_call=1.00,rejected_calls=0,failed_calls=0
cmdstat_client|setinfo:calls=2,usec=1,usec_per_call=0.50,rejected_calls=0,failed_calls=0
cmdstat_command:calls=2,usec=1463,usec_per_call=731.50,rejected_calls=0,failed_calls=0
cmdstat_hello:calls=1,usec=5,usec_per_call=5.00,rejected_calls=0,failed_calls=0
cmdstat_raft:calls=3,usec=12,usec_per_call=4.00,rejected_calls=0,failed_calls=3
cmdstat_config|set:calls=1,usec=11,usec_per_call=11.00,rejected_calls=0,failed_calls=0
cmdstat_config|get:calls=3,usec=4,usec_per_call=1.33,rejected_calls=0,failed_calls=0

# Errorstats
errorstat_LOADING:count=3

# Latencystats
latency_percentiles_usec_auth:p50=1.003,p99=1.003,p99.9=1.003
latency_percentiles_usec_client|setinfo:p50=0.001,p99=1.003,p99.9=1.003
latency_percentiles_usec_command:p50=688.127,p99=778.239,p99.9=778.239
latency_percentiles_usec_hello:p50=5.023,p99=5.023,p99.9=5.023
latency_percentiles_usec_raft:p50=4.015,p99=5.023,p99.9=5.023
latency_percentiles_usec_config|set:p50=11.007,p99=11.007,p99.9=11.007
latency_percentiles_usec_config|get:p50=1.003,p99=2.007,p99.9=2.007

# Cluster
cluster_enabled:0

# Keyspace

------ CLIENT LIST OUTPUT ------

------ INFO OUTPUT ------
id=8 addr=127.0.0.1:37844 laddr=127.0.0.1:5071 fd=11 name= age=0 idle=0 flags=N db=0 sub=0 psub=0 ssub=0 multi=-1 qbuf=0 qbuf-free=20474 argv-mem=0 multi-mem=0 rbs=16384 rbp=16384 obl=0 oll=0 omem=0 tot-mem=37760 events=r cmd=auth user=default redir=-1 resp=2 lib-name= lib-ver=
id=9 addr=127.0.0.1:37852 laddr=127.0.0.1:5071 fd=12 name= age=0 idle=0 flags=N db=0 sub=0 psub=0 ssub=0 multi=-1 qbuf=0 qbuf-free=20474 argv-mem=0 multi-mem=0 rbs=16384 rbp=16384 obl=0 oll=0 omem=0 tot-mem=37760 events=r cmd=raft user=default redir=-1 resp=3 lib-name=go-redis(,go1.21.4) lib-ver=9.2.1
id=10 addr=127.0.0.1:37866 laddr=127.0.0.1:5071 fd=13 name= age=0 idle=0 flags=N db=0 sub=0 psub=0 ssub=0 multi=-1 qbuf=0 qbuf-free=20474 argv-mem=0 multi-mem=0 rbs=16384 rbp=16384 obl=0 oll=0 omem=0 tot-mem=37760 events=r cmd=auth user=default redir=-1 resp=2 lib-name= lib-ver=

------ MODULES INFO OUTPUT ------
# raft_version
raft_version:255.255.255
raft_git_sha1:b779b199

# raft_general
raft_dbid:a41a278e08a057928b528f2fd995574f
raft_node_id:1
raft_state:up
raft_role:follower
raft_is_voting:yes
raft_voted_for:-1
raft_leader_id:-1
raft_current_term:0
raft_num_nodes:1
raft_num_voting_nodes:1

# raft_log
raft_log_entries:5
raft_current_index:5
raft_commit_index:0
raft_last_applied_index:0
raft_file_size:1527
raft_cache_memory_size:0
raft_cache_entries:0
raft_client_attached_entries:0
raft_fsync_count:0
raft_fsync_max_microseconds:0
raft_entry1:term=1,id=0,data_len=0
raft_entry2:term=1,id=1151124916,data_len=264
raft_entry3:term=1,id=119097241,data_len=264
raft_entry4:term=1,id=1798198254,data_len=264
raft_fsync_avg_microseconds:0

# raft_snapshot
raft_snapshot_filename:redis1.rdb
raft_snapshot_last_idx:0
raft_snapshot_last_term:0
raft_snapshot_size:0
raft_snapshot_time_secs:-1
raft_snapshots_created:0
raft_snapshots_received:0
raft_snapshot_in_progress:no
raft_snapshot_in_progress_last_idx:-1
raft_snapshot_in_progress_last_term:-1

# raft_clients
raft_proxy_reqs:0
raft_proxy_failed_reqs:0
raft_proxy_failed_responses:0
raft_proxy_outstanding_reqs:0

# raft_stats
raft_appendreq_received:0
raft_appendreq_with_entry_received:0
raft_snapshotreq_received:0
raft_exec_throttled:0
raft_num_sessions:0
# Server
redis_version:255.255.255
redis_git_sha1:e04ebdb8
redis_git_dirty:1
redis_build_id:1f78dcc7b4fbdd25
redis_mode:standalone
os:Linux 6.1.60.1.amd64-smp x86_64
arch_bits:64
monotonic_clock:POSIX clock_gettime
multiplexing_api:epoll
atomicvar_api:c11-builtin
gcc_version:10.2.1
process_id:890151
process_supervised:no
run_id:6c11797800d54b48d1613323d18432bceca9ce2f
tcp_port:5071
server_time_usec:1704736375747919
uptime_in_seconds:0
uptime_in_days:0
hz:10
configured_hz:10
lru_clock:10237559
executable:/home/snagendra/Fuzzing/redis/src/redis-server
config_file:
io_threads_active:0
listener0:name=tcp,bind=0.0.0.0,port=5071

# Clients
connected_clients:3
cluster_connections:0
maxclients:10000
client_recent_max_input_buffer:0
client_recent_max_output_buffer:0
blocked_clients:0
tracking_clients:0
clients_in_timeout_table:0
total_blocking_keys:0
total_blocking_keys_on_nokey:0

# Memory
used_memory:1980720
used_memory_human:1.89M
used_memory_rss:17649664
used_memory_rss_human:16.83M
used_memory_peak:1980720
used_memory_peak_human:1.89M
used_memory_peak_perc:100.66%
used_memory_overhead:1746664
used_memory_startup:1746480
used_memory_dataset:234080
used_memory_dataset_perc:99.92%
allocator_allocated:2123056
allocator_active:2654208
allocator_resident:10752000
total_system_memory:270388695040
total_system_memory_human:251.82G
used_memory_lua:31744
used_memory_vm_eval:31744
used_memory_lua_human:31.00K
used_memory_scripts_eval:0
number_of_cached_scripts:0
number_of_functions:0
number_of_libraries:0
used_memory_vm_functions:32768
used_memory_vm_total:64512
used_memory_vm_total_human:63.00K
used_memory_functions:184
used_memory_scripts:184
used_memory_scripts_human:184B
maxmemory:0
maxmemory_human:0B
maxmemory_policy:noeviction
allocator_frag_ratio:1.25
allocator_frag_bytes:531152
allocator_rss_ratio:4.05
allocator_rss_bytes:8097792
rss_overhead_ratio:1.64
rss_overhead_bytes:6897664
mem_fragmentation_ratio:10.11
mem_fragmentation_bytes:15903040
mem_not_counted_for_evict:0
mem_replication_backlog:0
mem_total_replication_buffers:0
mem_clients_slaves:0
mem_clients_normal:0
mem_cluster_links:0
mem_aof_buffer:0
mem_allocator:jemalloc-5.3.0
active_defrag_running:0
lazyfree_pending_objects:0
lazyfreed_objects:0

# Persistence
loading:0
async_loading:0
current_cow_peak:0
current_cow_size:0
current_cow_size_age:0
current_fork_perc:0.00
current_save_keys_processed:0
current_save_keys_total:0
rdb_changes_since_last_save:0
rdb_bgsave_in_progress:0
rdb_last_save_time:1704736375
rdb_last_bgsave_status:ok
rdb_last_bgsave_time_sec:-1
rdb_current_bgsave_time_sec:-1
rdb_saves:0
rdb_last_cow_size:0
rdb_last_load_keys_expired:0
rdb_last_load_keys_loaded:0
aof_enabled:0
aof_rewrite_in_progress:0
aof_rewrite_scheduled:0
aof_last_rewrite_time_sec:-1
aof_current_rewrite_time_sec:-1
aof_last_bgrewrite_status:ok
aof_rewrites:0
aof_rewrites_consecutive_failures:0
aof_last_write_status:ok
aof_last_cow_size:0
module_fork_in_progress:0
module_fork_last_cow_size:0

# Stats
total_connections_received:3
total_commands_processed:14
instantaneous_ops_per_sec:23
total_net_input_bytes:291
total_net_output_bytes:407
total_net_repl_input_bytes:0
total_net_repl_output_bytes:0
instantaneous_input_kbps:0.00
instantaneous_output_kbps:0.00
instantaneous_input_repl_kbps:0.00
instantaneous_output_repl_kbps:0.00
rejected_connections:0
sync_full:0
sync_partial_ok:0
sync_partial_err:0
expired_keys:0
expired_stale_perc:0.00
expired_time_cap_reached_count:0
expire_cycle_cpu_milliseconds:0
evicted_keys:0
evicted_clients:0
total_eviction_exceeded_time:0
current_eviction_exceeded_time:0
keyspace_hits:0
keyspace_misses:0
pubsub_channels:0
pubsub_patterns:0
pubsubshard_channels:0
latest_fork_usec:0
total_forks:0
migrate_cached_sockets:0
slave_expires_tracked_keys:0
active_defrag_hits:0
active_defrag_misses:0
active_defrag_key_hits:0
active_defrag_key_misses:0
total_active_defrag_time:0
current_active_defrag_time:0
tracking_total_keys:0
tracking_total_items:0
tracking_total_prefixes:0
unexpected_error_replies:0
total_error_replies:3
dump_payload_sanitizations:0
total_reads_processed:8
total_writes_processed:8
io_threaded_reads_processed:0
io_threaded_writes_processed:0
reply_buffer_shrinks:0
reply_buffer_expands:0
acl_access_denied_auth:0
acl_access_denied_cmd:0
acl_access_denied_key:0
acl_access_denied_channel:0

# Replication
role:master
connected_slaves:0
master_failover_state:no-failover
master_replid:2b9f42de7d5e217b9e0bf0289508eaaa1c16d2db
master_replid2:0000000000000000000000000000000000000000
master_repl_offset:0
second_repl_offset:-1
repl_backlog_active:0
repl_backlog_size:1048576
repl_backlog_first_byte_offset:0
repl_backlog_histlen:0

# CPU
used_cpu_sys:0.009520
used_cpu_user:0.009520
used_cpu_sys_children:0.000000
used_cpu_user_children:0.000000
used_cpu_sys_main_thread:0.006865
used_cpu_user_main_thread:0.010297

# Modules
module:name=raft,ver=1,api=1,filters=1,usedby=[],using=[],options=[]

# Commandstats
cmdstat_auth:calls=2,usec=2,usec_per_call=1.00,rejected_calls=0,failed_calls=0
cmdstat_client|setinfo:calls=2,usec=1,usec_per_call=0.50,rejected_calls=0,failed_calls=0
cmdstat_command:calls=2,usec=1463,usec_per_call=731.50,rejected_calls=0,failed_calls=0
cmdstat_hello:calls=1,usec=5,usec_per_call=5.00,rejected_calls=0,failed_calls=0
cmdstat_raft:calls=3,usec=12,usec_per_call=4.00,rejected_calls=0,failed_calls=3
cmdstat_config|set:calls=1,usec=11,usec_per_call=11.00,rejected_calls=0,failed_calls=0
cmdstat_config|get:calls=3,usec=4,usec_per_call=1.33,rejected_calls=0,failed_calls=0

# Errorstats
errorstat_LOADING:count=3

# Latencystats
latency_percentiles_usec_auth:p50=1.003,p99=1.003,p99.9=1.003
latency_percentiles_usec_client|setinfo:p50=0.001,p99=1.003,p99.9=1.003
latency_percentiles_usec_command:p50=688.127,p99=778.239,p99.9=778.239
latency_percentiles_usec_hello:p50=5.023,p99=5.023,p99.9=5.023
latency_percentiles_usec_raft:p50=4.015,p99=5.023,p99.9=5.023
latency_percentiles_usec_config|set:p50=11.007,p99=11.007,p99.9=11.007
latency_percentiles_usec_config|get:p50=1.003,p99=2.007,p99.9=2.007

# Cluster
cluster_enabled:0

# Keyspace

------ CLIENT LIST OUTPUT ------

------ CONFIG DEBUG OUTPUT ------
lazyfree-lazy-server-del no
io-threads-do-reads no
lazyfree-lazy-user-del no
lazyfree-lazy-eviction no
sanitize-dump-payload no
repl-diskless-load disabled
activedefrag no
client-query-buffer-limit 1gb
list-compress-depth 0
io-threads 1
replica-read-only yes
slave-read-only yes
repl-diskless-sync yes
proto-max-bulk-len 512mb
lazyfree-lazy-user-flush no
lazyfree-lazy-expire no

------ FAST MEMORY TEST ------
id=8 addr=127.0.0.1:37844 laddr=127.0.0.1:5071 fd=11 name= age=0 idle=0 flags=N db=0 sub=0 psub=0 ssub=0 multi=-1 qbuf=0 qbuf-free=20474 argv-mem=0 multi-mem=0 rbs=16384 rbp=16384 obl=0 oll=0 omem=0 tot-mem=37760 events=r cmd=auth user=default redir=-1 resp=2 lib-name= lib-ver=
id=9 addr=127.0.0.1:37852 laddr=127.0.0.1:5071 fd=12 name= age=0 idle=0 flags=N db=0 sub=0 psub=0 ssub=0 multi=-1 qbuf=0 qbuf-free=20474 argv-mem=0 multi-mem=0 rbs=16384 rbp=16384 obl=0 oll=0 omem=0 tot-mem=37760 events=r cmd=raft user=default redir=-1 resp=3 lib-name=go-redis(,go1.21.4) lib-ver=9.2.1
id=10 addr=127.0.0.1:37866 laddr=127.0.0.1:5071 fd=13 name= age=0 idle=0 flags=N db=0 sub=0 psub=0 ssub=0 multi=-1 qbuf=0 qbuf-free=20474 argv-mem=0 multi-mem=0 rbs=16384 rbp=16384 obl=0 oll=0 omem=0 tot-mem=37760 events=r cmd=auth user=default redir=-1 resp=2 lib-name= lib-ver=
890151:M 08 Jan 2024 18:52:55.749 # main thread terminated
890151:M 08 Jan 2024 18:52:55.749 # Bio worker thread #0 terminated
890151:M 08 Jan 2024 18:52:55.749 # Bio worker thread #1 terminated
890151:M 08 Jan 2024 18:52:55.749 # Bio worker thread #2 terminated

Fast memory test PASSED, however your memory can still be broken. Please run a memory test for several hours if possible.

=== REDIS BUG REPORT END. Make sure to include from START to END. ===

       Please report the crash by opening an issue on github:

           http://github.com/redis/redis/issues

  If a Redis module was involved, please open in the module's repo instead.

  Suspect RAM error? Use redis-server --test-memory to verify it.

  Some other issues could be detected by redis-server --check-system

----- Stderr -----
libgcov profiling error:/home/snagendra/Fuzzing/redisraft-fuzzing/build/deps/raft/CMakeFiles/raft.dir/src/raft_server.c.gcda:Merge mismatch for function 60
libgcov profiling error:/home/snagendra/Fuzzing/redisraft-fuzzing/build/deps/raft/CMakeFiles/raft.dir/src/raft_server.c.gcda:Merge mismatch for function 60




logs for node: 2

----- Stdout -----
888496:C 08 Jan 2024 18:52:52.584 # WARNING Memory overcommit must be enabled! Without it, a background save or replication may fail under low memory condition. Being disabled, it can also cause failures without low memory condition, see https://github.com/jemalloc/jemalloc/issues/1328. To fix this issue add 'vm.overcommit_memory = 1' to /etc/sysctl.conf and then reboot or run the command 'sysctl vm.overcommit_memory=1' for this to take effect.
888496:C 08 Jan 2024 18:52:52.584 * oO0OoO0OoO0Oo Redis is starting oO0OoO0OoO0Oo
888496:C 08 Jan 2024 18:52:52.584 * Redis version=255.255.255, bits=64, commit=e04ebdb8, modified=1, pid=888496, just started
888496:C 08 Jan 2024 18:52:52.584 * Configuration loaded
888496:M 08 Jan 2024 18:52:52.584 * monotonic clock: POSIX clock_gettime
888496:M 08 Jan 2024 18:52:52.585 * Running mode=standalone, port=5072.
888496:M 08 Jan 2024 18:52:52.591 * <raft> RedisRaft version 255.255.255 [b779b199]
888496:M 08 Jan 2024 18:52:52.596 * <raft> Initializing test network
888496:M 08 Jan 2024 18:52:52.597 * <raft> Created test network client
888496:M 08 Jan 2024 18:52:52.598 * <raft> Raft module loaded, state is 'uninitialized'
888496:M 08 Jan 2024 18:52:52.598 * Module 'raft' loaded from /home/snagendra/Fuzzing/redisraft-fuzzing/redisraft.so
888496:M 08 Jan 2024 18:52:52.599 * Server initialized
888496:M 08 Jan 2024 18:52:52.599 . The AOF directory appendonlydir doesn't exist
888496:M 08 Jan 2024 18:52:52.600 * Ready to accept connections tcp
888496:M 08 Jan 2024 18:52:52.600 . 0 clients connected (0 replicas), 1726096 bytes in use
888496:M 08 Jan 2024 18:52:52.613 - Accepted 127.0.0.1:49266
888496:M 08 Jan 2024 18:52:52.613 # Missing implement of connection type tls
888496:M 08 Jan 2024 18:52:52.698 - <raft> join cluster, connecting to localhost:5071
888496:M 08 Jan 2024 18:52:52.700 * <raft> Joined Raft cluster, node id: 2, dbid: a41a278e08a057928b528f2fd995574f
888496:M 08 Jan 2024 18:52:52.706 * <raft> Cluster Membership: term:0 index:0 nodes: id=2,voting=0,active=1,addr=-
888496:M 08 Jan 2024 18:52:52.706 * <raft> Test network starting message polling thread
888496:M 08 Jan 2024 18:52:52.768 - Accepted 127.0.0.1:49272
888496:M 08 Jan 2024 18:52:53.025 - Accepted 127.0.0.1:49282
888496:M 08 Jan 2024 18:52:53.100 * <raft> State change: Election starting, node is now a pre-candidate, term 0
888496:M 08 Jan 2024 18:52:53.100 * <raft> Cluster Membership: term:0 index:0 nodes: id=2,voting=0,active=1,addr=-
888496:M 08 Jan 2024 18:52:53.235 * <raft> State change: Node is now a follower, term 1
888496:M 08 Jan 2024 18:52:53.235 * <raft> Cluster Membership: term:1 index:0 nodes: id=2,voting=0,active=1,addr=-
888496:M 08 Jan 2024 18:52:53.236 * <raft> Cluster Membership: term:1 index:2 nodes: id=2,voting=0,active=1,addr=- id=1,voting=1,active=1,addr=localhost:5071
888496:M 08 Jan 2024 18:52:53.237 * <raft> Cluster Membership: term:1 index:4 nodes: id=2,voting=0,active=1,addr=- id=1,voting=1,active=1,addr=localhost:5071 id=3,voting=0,active=1,addr=localhost:5073
888496:M 08 Jan 2024 18:52:53.610 - Client closed connection id=10 addr=127.0.0.1:49282 laddr=127.0.0.1:5072 fd=13 name= age=0 idle=0 flags=N db=0 sub=0 psub=0 ssub=0 multi=-1 qbuf=0 qbuf-free=20474 argv-mem=0 multi-mem=0 rbs=1024 rbp=0 obl=0 oll=0 omem=0 tot-mem=22400 events=r cmd=auth user=default redir=-1 resp=2 lib-name= lib-ver=
888496:signal-handler (1704736373) Received SIGINT scheduling shutdown...
888496:signal-handler (1704736373) You insist... exiting now.
889447:C 08 Jan 2024 18:52:54.409 # WARNING Memory overcommit must be enabled! Without it, a background save or replication may fail under low memory condition. Being disabled, it can also cause failures without low memory condition, see https://github.com/jemalloc/jemalloc/issues/1328. To fix this issue add 'vm.overcommit_memory = 1' to /etc/sysctl.conf and then reboot or run the command 'sysctl vm.overcommit_memory=1' for this to take effect.
889447:C 08 Jan 2024 18:52:54.409 * oO0OoO0OoO0Oo Redis is starting oO0OoO0OoO0Oo
889447:C 08 Jan 2024 18:52:54.409 * Redis version=255.255.255, bits=64, commit=e04ebdb8, modified=1, pid=889447, just started
889447:C 08 Jan 2024 18:52:54.409 * Configuration loaded
889447:M 08 Jan 2024 18:52:54.409 * monotonic clock: POSIX clock_gettime
889447:M 08 Jan 2024 18:52:54.410 * Running mode=standalone, port=5072.
889447:M 08 Jan 2024 18:52:54.416 * <raft> RedisRaft version 255.255.255 [b779b199]
889447:M 08 Jan 2024 18:52:54.420 * <raft> Initializing test network
889447:M 08 Jan 2024 18:52:54.421 * <raft> Created test network client
889447:M 08 Jan 2024 18:52:54.424 * <raft> Raft module loaded, state is 'loading'
889447:M 08 Jan 2024 18:52:54.424 * Module 'raft' loaded from /home/snagendra/Fuzzing/redisraft-fuzzing/redisraft.so
889447:M 08 Jan 2024 18:52:54.425 * Server initialized
889447:M 08 Jan 2024 18:52:54.425 . The AOF directory appendonlydir doesn't exist
889447:M 08 Jan 2024 18:52:54.425 * Ready to accept connections tcp
889447:M 08 Jan 2024 18:52:54.425 . 0 clients connected (0 replicas), 1746688 bytes in use
889447:M 08 Jan 2024 18:52:54.524 * <raft> Loading: Redis loading complete, snapshot NOT LOADED
889447:M 08 Jan 2024 18:52:54.525 * <raft> Cluster Membership: term:0 index:0 nodes: id=2,voting=0,active=1,addr=-
889447:M 08 Jan 2024 18:52:54.525 * <raft> Test network starting message polling thread
889447:M 08 Jan 2024 18:52:54.525 * <raft> Cluster Membership: term:0 index:4 nodes: id=2,voting=0,active=1,addr=- id=1,voting=1,active=1,addr=localhost:5071
889447:M 08 Jan 2024 18:52:54.526 * <raft> Cluster Membership: term:0 index:4 nodes: id=2,voting=0,active=1,addr=- id=1,voting=1,active=1,addr=localhost:5071 id=3,voting=0,active=1,addr=localhost:5073
889447:M 08 Jan 2024 18:52:54.526 * <raft> Raft state after loading log: log_count=4, first_idx=1, current_idx=4, last_applied_idx=0
889447:M 08 Jan 2024 18:52:54.526 . <raft> Raft term=1, vote=-1
889447:signal-handler (1704736374) Received SIGINT scheduling shutdown...
889447:signal-handler (1704736374) You insist... exiting now.


=== REDIS BUG REPORT START: Cut & paste starting from here ===
889447:M 08 Jan 2024 18:52:54.531 # Redis 255.255.255 crashed by signal: 11, si_code: 1
889447:M 08 Jan 2024 18:52:54.531 # Accessing address: 0x18
889447:M 08 Jan 2024 18:52:54.531 # Crashed running the instruction at: 0x7f193db3a0b0

------ STACK TRACE ------
EIP:
/lib/x86_64-linux-gnu/libc.so.6(__pthread_rwlock_wrlock+0x0)[0x7f193db3a0b0]

Backtrace:
/lib/x86_64-linux-gnu/libc.so.6(+0x3bfd0)[0x7f193dae6fd0]
/lib/x86_64-linux-gnu/libc.so.6(__pthread_rwlock_wrlock+0x0)[0x7f193db3a0b0]
/lib/x86_64-linux-gnu/libcrypto.so.3(CRYPTO_THREAD_write_lock+0x9)[0x7f193be3df49]
/lib/x86_64-linux-gnu/libcrypto.so.3(ENGINE_get_first+0x3a)[0x7f193bde408a]
/lib/x86_64-linux-gnu/libcrypto.so.3(ENGINE_register_all_complete+0x6)[0x7f193bde3486]
/lib/x86_64-linux-gnu/libssh2.so.1(libssh2_init+0x39)[0x7f193c89c389]
/lib/x86_64-linux-gnu/libcurl-gnutls.so.4(+0x8146b)[0x7f193c9af46b]
/lib/x86_64-linux-gnu/libcurl-gnutls.so.4(+0x22125)[0x7f193c950125]
/lib/x86_64-linux-gnu/libcurl-gnutls.so.4(curl_global_init+0x3a)[0x7f193c95022a]
/home/snagendra/Fuzzing/redisraft-fuzzing/redisraft.so(redis_test_http_do+0x2c)[0x7f193da6a86c]
/home/snagendra/Fuzzing/redisraft-fuzzing/redisraft.so(redis_test_http_post+0x26)[0x7f193da6aa86]
/home/snagendra/Fuzzing/redisraft-fuzzing/redisraft.so(redis_test_send_message+0x9d)[0x7f193da69efd]
/home/snagendra/Fuzzing/redisraft-fuzzing/redisraft.so(testNetworkSendAppendEntriesResponse+0x6a)[0x7f193da5322a]
/home/snagendra/Fuzzing/redisraft-fuzzing/redisraft.so(handleTestNetworkMessage+0x130)[0x7f193da534a0]
/home/snagendra/Fuzzing/redisraft-fuzzing/redisraft.so(poll_redis_test_messages+0x89)[0x7f193da535c9]
/lib/x86_64-linux-gnu/libc.so.6(+0x89044)[0x7f193db34044]
/lib/x86_64-linux-gnu/libc.so.6(+0x10961c)[0x7f193dbb461c]

------ REGISTERS ------
889447:M 08 Jan 2024 18:52:54.531 # 
RAX:0000000000000001 RBX:00007f191c001b10
RCX:0000000000000000 RDX:0000000000000000
RDI:0000000000000000 RSI:0000000000000000
RBP:00007f193c07e638 RSP:00007f1930ffc228
R8 :0000000000000000 R9 :0000000000000000
R10:0000000000000000 R11:0000000000000000
R12:00007f1930ffc320 R13:00007f191c002440
R14:0000000000000000 R15:00007f193b8d6800
RIP:00007f193db3a0b0 EFL:0000000000010206
CSGSFS:002b000000000033
889447:M 08 Jan 2024 18:52:54.531 # (00007f1930ffc237) -> 00007f191c001b10
889447:M 08 Jan 2024 18:52:54.531 # (00007f1930ffc236) -> 00007f193c950125
889447:M 08 Jan 2024 18:52:54.531 # (00007f1930ffc235) -> 00007f193b8d6800
889447:M 08 Jan 2024 18:52:54.531 # (00007f1930ffc234) -> 00007f193c9af46b
889447:M 08 Jan 2024 18:52:54.531 # (00007f1930ffc233) -> 00007f191c002440
889447:M 08 Jan 2024 18:52:54.531 # (00007f1930ffc232) -> 0000000030ffc320
889447:M 08 Jan 2024 18:52:54.531 # (00007f1930ffc231) -> 00007f191c002570
889447:M 08 Jan 2024 18:52:54.531 # (00007f1930ffc230) -> 00007f193c89c389
889447:M 08 Jan 2024 18:52:54.531 # (00007f1930ffc22f) -> 00007f191c001b10
889447:M 08 Jan 2024 18:52:54.531 # (00007f1930ffc22e) -> 00007f193bde3486
889447:M 08 Jan 2024 18:52:54.531 # (00007f1930ffc22d) -> 00007f191c002570
889447:M 08 Jan 2024 18:52:54.531 # (00007f1930ffc22c) -> 00007f191c001b10
889447:M 08 Jan 2024 18:52:54.531 # (00007f1930ffc22b) -> 00007f1930ffc320
889447:M 08 Jan 2024 18:52:54.531 # (00007f1930ffc22a) -> 00007f193bde408a
889447:M 08 Jan 2024 18:52:54.531 # (00007f1930ffc229) -> 00007f191c001b10
889447:M 08 Jan 2024 18:52:54.531 # (00007f1930ffc228) -> 00007f193be3df49

------ INFO OUTPUT ------
# Server
redis_version:255.255.255
redis_git_sha1:e04ebdb8
redis_git_dirty:1
redis_build_id:1f78dcc7b4fbdd25
redis_mode:standalone
os:Linux 6.1.60.1.amd64-smp x86_64
arch_bits:64
monotonic_clock:POSIX clock_gettime
multiplexing_api:epoll
atomicvar_api:c11-builtin
gcc_version:10.2.1
process_id:889447
process_supervised:no
run_id:52e809dad01e988314976c812af64c702345e42e
tcp_port:5072
server_time_usec:1704736374526723
uptime_in_seconds:0
uptime_in_days:0
hz:10
configured_hz:10
lru_clock:10237558
executable:/home/snagendra/Fuzzing/redis/src/redis-server
config_file:
io_threads_active:0
listener0:name=tcp,bind=0.0.0.0,port=5072

# Clients
connected_clients:0
cluster_connections:0
maxclients:10000
client_recent_max_input_buffer:0
client_recent_max_output_buffer:0
blocked_clients:0
tracking_clients:0
clients_in_timeout_table:0
total_blocking_keys:0
total_blocking_keys_on_nokey:0

# Memory
used_memory:1755888
used_memory_human:1.67M
used_memory_rss:18124800
used_memory_rss_human:17.29M
used_memory_peak:1755888
used_memory_peak_human:1.67M
used_memory_peak_perc:100.11%
used_memory_overhead:1746728
used_memory_startup:1746544
used_memory_dataset:9160
used_memory_dataset_perc:98.03%
allocator_allocated:2239344
allocator_active:2781184
allocator_resident:10985472
total_system_memory:270388695040
total_system_memory_human:251.82G
used_memory_lua:31744
used_memory_vm_eval:31744
used_memory_lua_human:31.00K
used_memory_scripts_eval:0
number_of_cached_scripts:0
number_of_functions:0
number_of_libraries:0
used_memory_vm_functions:32768
used_memory_vm_total:64512
used_memory_vm_total_human:63.00K
used_memory_functions:184
used_memory_scripts:184
used_memory_scripts_human:184B
maxmemory:0
maxmemory_human:0B
maxmemory_policy:noeviction
allocator_frag_ratio:1.24
allocator_frag_bytes:541840
allocator_rss_ratio:3.95
allocator_rss_bytes:8204288
rss_overhead_ratio:1.65
rss_overhead_bytes:7139328
mem_fragmentation_ratio:10.33
mem_fragmentation_bytes:16370800
mem_not_counted_for_evict:0
mem_replication_backlog:0
mem_total_replication_buffers:0
mem_clients_slaves:0
mem_clients_normal:0
mem_cluster_links:0
mem_aof_buffer:0
mem_allocator:jemalloc-5.3.0
active_defrag_running:0
lazyfree_pending_objects:0
lazyfreed_objects:0

# Persistence
loading:0
async_loading:0
current_cow_peak:0
current_cow_size:0
current_cow_size_age:0
current_fork_perc:0.00
current_save_keys_processed:0
current_save_keys_total:0
rdb_changes_since_last_save:0
rdb_bgsave_in_progress:0
rdb_last_save_time:1704736374
rdb_last_bgsave_status:ok
rdb_last_bgsave_time_sec:-1
rdb_current_bgsave_time_sec:-1
rdb_saves:0
rdb_last_cow_size:0
rdb_last_load_keys_expired:0
rdb_last_load_keys_loaded:0
aof_enabled:0
aof_rewrite_in_progress:0
aof_rewrite_scheduled:0
aof_last_rewrite_time_sec:-1
aof_current_rewrite_time_sec:-1
aof_last_bgrewrite_status:ok
aof_rewrites:0
aof_rewrites_consecutive_failures:0
aof_last_write_status:ok
aof_last_cow_size:0
module_fork_in_progress:0
module_fork_last_cow_size:0

# Stats
total_connections_received:0
total_commands_processed:6
instantaneous_ops_per_sec:23
total_net_input_bytes:0
total_net_output_bytes:0
total_net_repl_input_bytes:0
total_net_repl_output_bytes:0
instantaneous_input_kbps:0.00
instantaneous_output_kbps:0.00
instantaneous_input_repl_kbps:0.00
instantaneous_output_repl_kbps:0.00
rejected_connections:0
sync_full:0
sync_partial_ok:0
sync_partial_err:0
expired_keys:0
expired_stale_perc:0.00
expired_time_cap_reached_count:0
expire_cycle_cpu_milliseconds:0
evicted_keys:0
evicted_clients:0
total_eviction_exceeded_time:0
current_eviction_exceeded_time:0
keyspace_hits:0
keyspace_misses:0
pubsub_channels:0
pubsub_patterns:0
pubsubshard_channels:0
latest_fork_usec:0
total_forks:0
migrate_cached_sockets:0
slave_expires_tracked_keys:0
active_defrag_hits:0
active_defrag_misses:0
active_defrag_key_hits:0
active_defrag_key_misses:0
total_active_defrag_time:0
current_active_defrag_time:0
tracking_total_keys:0
tracking_total_items:0
tracking_total_prefixes:0
unexpected_error_replies:0
total_error_replies:0
dump_payload_sanitizations:0
total_reads_processed:0
total_writes_processed:0
io_threaded_reads_processed:0
io_threaded_writes_processed:0
reply_buffer_shrinks:0
reply_buffer_expands:0
acl_access_denied_auth:0
acl_access_denied_cmd:0
acl_access_denied_key:0
acl_access_denied_channel:0

# Replication
role:master
connected_slaves:0
master_failover_state:no-failover
master_replid:56b9654d0cd3f1a60b9f8906a62581d5c6c41d1d
master_replid2:0000000000000000000000000000000000000000
master_repl_offset:0
second_repl_offset:-1
repl_backlog_active:0
repl_backlog_size:1048576
repl_backlog_first_byte_offset:0
repl_backlog_histlen:0

# CPU
used_cpu_sys:0.004166
used_cpu_user:0.016226
used_cpu_sys_children:0.000000
used_cpu_user_children:0.000000
used_cpu_sys_main_thread:0.000000
used_cpu_user_main_thread:0.001328

# Modules
module:name=raft,ver=1,api=1,filters=1,usedby=[],using=[],options=[]

# Commandstats
cmdstat_config|get:calls=3,usec=3,usec_per_call=1.00,rejected_calls=0,failed_calls=0
cmdstat_config|set:calls=1,usec=11,usec_per_call=11.00,rejected_calls=0,failed_calls=0
cmdstat_command:calls=2,usec=1469,usec_per_call=734.50,rejected_calls=0,failed_calls=0

# Errorstats

# Latencystats
latency_percentiles_usec_config|get:p50=1.003,p99=1.003,p99.9=1.003
latency_percentiles_usec_config|set:p50=11.007,p99=11.007,p99.9=11.007
latency_percentiles_usec_command:p50=679.935,p99=790.527,p99.9=790.527

# Cluster
cluster_enabled:0

# Keyspace

------ CLIENT LIST OUTPUT ------

------ MODULES INFO OUTPUT ------
# raft_version
raft_version:255.255.255
raft_git_sha1:b779b199

# raft_general
raft_dbid:a41a278e08a057928b528f2fd995574f
raft_node_id:2
raft_state:up
raft_role:follower
raft_is_voting:no
raft_voted_for:-1
raft_leader_id:1
raft_current_term:1
raft_num_nodes:3
raft_num_voting_nodes:1
raft_node1:id=1,state=connect_error,voting=yes,addr=localhost,port=5071,last_conn_secs=-1,conn_errors=1,conn_oks=0
raft_node2:id=3,state=connect_error,voting=no,addr=localhost,port=5073,last_conn_secs=-1,conn_errors=1,conn_oks=0

# raft_log
raft_log_entries:4
raft_current_index:4
raft_commit_index:4
raft_last_applied_index:0
raft_file_size:1189
raft_cache_memory_size:0
raft_cache_entries:0
raft_client_attached_entries:0
raft_fsync_count:0
raft_fsync_max_microseconds:0
raft_entry1:term=1,id=0,data_len=0
raft_entry2:term=1,id=1151124916,data_len=264
raft_entry3:term=1,id=119097241,data_len=264
raft_fsync_avg_microseconds:0

# raft_snapshot
raft_snapshot_filename:redis2.rdb
raft_snapshot_last_idx:0
raft_snapshot_last_term:0
raft_snapshot_size:0
raft_snapshot_time_secs:-1
raft_snapshots_created:0
raft_snapshots_received:0
raft_snapshot_in_progress:no
raft_snapshot_in_progress_last_idx:-1
raft_snapshot_in_progress_last_term:-1

# raft_clients
raft_proxy_reqs:0
raft_proxy_failed_reqs:0
raft_proxy_failed_responses:0
raft_proxy_outstanding_reqs:0

# raft_stats
raft_appendreq_received:0
raft_appendreq_with_entry_received:0
raft_snapshotreq_received:0
raft_exec_throttled:0
raft_num_sessions:0

------ CONFIG DEBUG OUTPUT ------
lazyfree-lazy-user-flush no
list-compress-depth 0
lazyfree-lazy-expire no
sanitize-dump-payload no
repl-diskless-sync yes
client-query-buffer-limit 1gb
replica-read-only yes
lazyfree-lazy-eviction no
repl-diskless-load disabled
io-threads-do-reads no
activedefrag no
io-threads 1
lazyfree-lazy-user-del no
proto-max-bulk-len 512mb
lazyfree-lazy-server-del no
slave-read-only yes

------ FAST MEMORY TEST ------
889447:M 08 Jan 2024 18:52:54.532 # main thread terminated
889447:M 08 Jan 2024 18:52:54.532 # Bio worker thread #0 terminated
889447:M 08 Jan 2024 18:52:54.532 # Bio worker thread #1 terminated
889447:M 08 Jan 2024 18:52:54.532 # Bio worker thread #2 terminated

Fast memory test PASSED, however your memory can still be broken. Please run a memory test for several hours if possible.

------ DUMPING CODE AROUND EIP ------
Symbol: __pthread_rwlock_wrlock (base: 0x7f193db3a0b0)
Module: /lib/x86_64-linux-gnu/libc.so.6 (base 0x7f193daab000)
$ xxd -r -p /tmp/dump.hex /tmp/dump.bin
$ objdump --adjust-vma=0x7f193db3a0b0 -D -b binary -m i386:x86-64 /tmp/dump.bin
------
889447:M 08 Jan 2024 18:52:54.532 # dump of function (hexdump of 128 bytes):
8b5718648b0425d002000039c20f8485000000415741564155415455534889fb4883ec088b0789c189c283c902f00fb10b75f3488d6b0cb801000000f6c202755f89430cf6c201752889d089d183e001c1e90309c80f854501000089d189d083c901f00fb10b89c275dfc7430801000000648b0425d00200008943184531c948

=== REDIS BUG REPORT END. Make sure to include from START to END. ===

       Please report the crash by opening an issue on github:

           http://github.com/redis/redis/issues

  If a Redis module was involved, please open in the module's repo instead.

  Suspect RAM error? Use redis-server --test-memory to verify it.

  Some other issues could be detected by redis-server --check-system
889679:C 08 Jan 2024 18:52:54.730 # WARNING Memory overcommit must be enabled! Without it, a background save or replication may fail under low memory condition. Being disabled, it can also cause failures without low memory condition, see https://github.com/jemalloc/jemalloc/issues/1328. To fix this issue add 'vm.overcommit_memory = 1' to /etc/sysctl.conf and then reboot or run the command 'sysctl vm.overcommit_memory=1' for this to take effect.
889679:C 08 Jan 2024 18:52:54.730 * oO0OoO0OoO0Oo Redis is starting oO0OoO0OoO0Oo
889679:C 08 Jan 2024 18:52:54.730 * Redis version=255.255.255, bits=64, commit=e04ebdb8, modified=1, pid=889679, just started
889679:C 08 Jan 2024 18:52:54.730 * Configuration loaded
889679:M 08 Jan 2024 18:52:54.731 * monotonic clock: POSIX clock_gettime
889679:M 08 Jan 2024 18:52:54.731 * Running mode=standalone, port=5072.
889679:M 08 Jan 2024 18:52:54.737 * <raft> RedisRaft version 255.255.255 [b779b199]
889679:M 08 Jan 2024 18:52:54.741 * <raft> Initializing test network
889679:M 08 Jan 2024 18:52:54.742 * <raft> Created test network client
889679:M 08 Jan 2024 18:52:54.746 * <raft> Raft module loaded, state is 'loading'
889679:M 08 Jan 2024 18:52:54.746 * Module 'raft' loaded from /home/snagendra/Fuzzing/redisraft-fuzzing/redisraft.so
889679:M 08 Jan 2024 18:52:54.747 * Server initialized
889679:M 08 Jan 2024 18:52:54.747 . The AOF directory appendonlydir doesn't exist
889679:M 08 Jan 2024 18:52:54.747 * Ready to accept connections tcp
889679:M 08 Jan 2024 18:52:54.747 . 0 clients connected (0 replicas), 1746720 bytes in use
889679:M 08 Jan 2024 18:52:54.847 * <raft> Loading: Redis loading complete, snapshot NOT LOADED
889679:M 08 Jan 2024 18:52:54.847 * <raft> Cluster Membership: term:0 index:0 nodes: id=2,voting=0,active=1,addr=-
889679:M 08 Jan 2024 18:52:54.847 * <raft> Test network starting message polling thread
889679:M 08 Jan 2024 18:52:54.848 * <raft> Cluster Membership: term:0 index:4 nodes: id=2,voting=0,active=1,addr=- id=1,voting=1,active=1,addr=localhost:5071
889679:M 08 Jan 2024 18:52:54.848 * <raft> Cluster Membership: term:0 index:4 nodes: id=2,voting=0,active=1,addr=- id=1,voting=1,active=1,addr=localhost:5071 id=3,voting=0,active=1,addr=localhost:5073
889679:M 08 Jan 2024 18:52:54.848 * <raft> Raft state after loading log: log_count=4, first_idx=1, current_idx=4, last_applied_idx=0
889679:M 08 Jan 2024 18:52:54.848 . <raft> Raft term=1, vote=-1
889679:M 08 Jan 2024 18:52:55.149 * <raft> State change: Election starting, node is now a pre-candidate, term 1
889679:M 08 Jan 2024 18:52:55.149 * <raft> Cluster Membership: term:1 index:4 nodes: id=2,voting=0,active=1,addr=- id=1,voting=1,active=1,addr=localhost:5071 id=3,voting=0,active=1,addr=localhost:5073
889679:M 08 Jan 2024 18:52:55.214 - Accepted 127.0.0.1:49314
889679:M 08 Jan 2024 18:52:55.214 # Missing implement of connection type tls
889679:M 08 Jan 2024 18:52:55.277 * <raft> State change: Node is now a follower, term 1
889679:M 08 Jan 2024 18:52:55.277 * <raft> Cluster Membership: term:1 index:4 nodes: id=2,voting=0,active=1,addr=- id=1,voting=1,active=1,addr=localhost:5071 id=3,voting=0,active=1,addr=localhost:5073
889679:M 08 Jan 2024 18:52:55.335 - Accepted 127.0.0.1:49330
889679:M 08 Jan 2024 18:52:55.567 - Client closed connection id=9 addr=127.0.0.1:49330 laddr=127.0.0.1:5072 fd=14 name= age=0 idle=0 flags=N db=0 sub=0 psub=0 ssub=0 multi=-1 qbuf=0 qbuf-free=20474 argv-mem=0 multi-mem=0 rbs=1024 rbp=0 obl=0 oll=0 omem=0 tot-mem=22400 events=r cmd=auth user=default redir=-1 resp=2 lib-name= lib-ver=
889679:M 08 Jan 2024 18:52:55.753 * <raft> State change: Election starting, node is now a pre-candidate, term 1
889679:M 08 Jan 2024 18:52:55.753 * <raft> Cluster Membership: term:1 index:5 nodes: id=2,voting=0,active=1,addr=- id=1,voting=1,active=1,addr=localhost:5071 id=3,voting=1,active=1,addr=localhost:5073
889679:M 08 Jan 2024 18:52:55.825 - Client closed connection id=8 addr=127.0.0.1:49314 laddr=127.0.0.1:5072 fd=12 name= age=0 idle=0 flags=N db=0 sub=0 psub=0 ssub=0 multi=-1 qbuf=0 qbuf-free=20474 argv-mem=0 multi-mem=0 rbs=1024 rbp=0 obl=0 oll=0 omem=0 tot-mem=22400 events=r cmd=auth user=default redir=-1 resp=2 lib-name= lib-ver=
889679:M 08 Jan 2024 18:52:55.857 * <raft> State change: Node is now a follower, term 1
889679:M 08 Jan 2024 18:52:55.857 * <raft> Cluster Membership: term:1 index:5 nodes: id=2,voting=0,active=1,addr=- id=1,voting=1,active=1,addr=localhost:5071 id=3,voting=1,active=1,addr=localhost:5073
889679:signal-handler (1704736376) Received SIGINT scheduling shutdown...
889679:signal-handler (1704736376) You insist... exiting now.

----- Stderr -----
libgcov profiling error:/home/snagendra/Fuzzing/redisraft-fuzzing/build/deps/raft/CMakeFiles/raft.dir/src/raft_server.c.gcda:Merge mismatch for function 60
libgcov profiling error:/home/snagendra/Fuzzing/redisraft-fuzzing/build/deps/raft/CMakeFiles/raft.dir/src/raft_server.c.gcda:Merge mismatch for function 60




logs for node: 3

----- Stdout -----
888600:C 08 Jan 2024 18:52:52.709 # WARNING Memory overcommit must be enabled! Without it, a background save or replication may fail under low memory condition. Being disabled, it can also cause failures without low memory condition, see https://github.com/jemalloc/jemalloc/issues/1328. To fix this issue add 'vm.overcommit_memory = 1' to /etc/sysctl.conf and then reboot or run the command 'sysctl vm.overcommit_memory=1' for this to take effect.
888600:C 08 Jan 2024 18:52:52.709 * oO0OoO0OoO0Oo Redis is starting oO0OoO0OoO0Oo
888600:C 08 Jan 2024 18:52:52.709 * Redis version=255.255.255, bits=64, commit=e04ebdb8, modified=1, pid=888600, just started
888600:C 08 Jan 2024 18:52:52.709 * Configuration loaded
888600:M 08 Jan 2024 18:52:52.710 * monotonic clock: POSIX clock_gettime
888600:M 08 Jan 2024 18:52:52.710 * Running mode=standalone, port=5073.
888600:M 08 Jan 2024 18:52:52.717 * <raft> RedisRaft version 255.255.255 [b779b199]
888600:M 08 Jan 2024 18:52:52.722 * <raft> Initializing test network
888600:M 08 Jan 2024 18:52:52.723 * <raft> Created test network client
888600:M 08 Jan 2024 18:52:52.723 * <raft> Raft module loaded, state is 'uninitialized'
888600:M 08 Jan 2024 18:52:52.723 * Module 'raft' loaded from /home/snagendra/Fuzzing/redisraft-fuzzing/redisraft.so
888600:M 08 Jan 2024 18:52:52.724 * Server initialized
888600:M 08 Jan 2024 18:52:52.725 . The AOF directory appendonlydir doesn't exist
888600:M 08 Jan 2024 18:52:52.725 * Ready to accept connections tcp
888600:M 08 Jan 2024 18:52:52.725 . 0 clients connected (0 replicas), 1726288 bytes in use
888600:M 08 Jan 2024 18:52:52.725 - Accepted 127.0.0.1:40680
888600:M 08 Jan 2024 18:52:52.725 # Missing implement of connection type tls
888600:M 08 Jan 2024 18:52:52.823 - <raft> join cluster, connecting to localhost:5071
888600:M 08 Jan 2024 18:52:52.825 * <raft> Joined Raft cluster, node id: 3, dbid: a41a278e08a057928b528f2fd995574f
888600:M 08 Jan 2024 18:52:52.831 * <raft> Cluster Membership: term:0 index:0 nodes: id=3,voting=0,active=1,addr=-
888600:M 08 Jan 2024 18:52:52.832 * <raft> Test network starting message polling thread
888600:M 08 Jan 2024 18:52:52.870 - Accepted 127.0.0.1:40688
888600:M 08 Jan 2024 18:52:52.961 * <raft> Cluster Membership: term:1 index:2 nodes: id=3,voting=0,active=1,addr=- id=1,voting=1,active=1,addr=localhost:5071
888600:M 08 Jan 2024 18:52:52.961 * <raft> Cluster Membership: term:1 index:3 nodes: id=3,voting=0,active=1,addr=- id=1,voting=1,active=1,addr=localhost:5071 id=2,voting=0,active=1,addr=localhost:5072
888600:M 08 Jan 2024 18:52:53.225 * <raft> State change: Election starting, node is now a pre-candidate, term 1
888600:M 08 Jan 2024 18:52:53.225 * <raft> Cluster Membership: term:1 index:4 nodes: id=3,voting=0,active=1,addr=- id=1,voting=1,active=1,addr=localhost:5071 id=2,voting=0,active=1,addr=localhost:5072
888600:M 08 Jan 2024 18:52:53.301 - Accepted 127.0.0.1:40700
888600:M 08 Jan 2024 18:52:53.536 * <raft> State change: Node is now a follower, term 1
888600:M 08 Jan 2024 18:52:53.536 * <raft> Cluster Membership: term:1 index:4 nodes: id=3,voting=0,active=1,addr=- id=1,voting=1,active=1,addr=localhost:5071 id=2,voting=0,active=1,addr=localhost:5072
888600:signal-handler (1704736373) Received SIGINT scheduling shutdown...
888600:signal-handler (1704736373) You insist... exiting now.
889864:C 08 Jan 2024 18:52:55.096 # WARNING Memory overcommit must be enabled! Without it, a background save or replication may fail under low memory condition. Being disabled, it can also cause failures without low memory condition, see https://github.com/jemalloc/jemalloc/issues/1328. To fix this issue add 'vm.overcommit_memory = 1' to /etc/sysctl.conf and then reboot or run the command 'sysctl vm.overcommit_memory=1' for this to take effect.
889864:C 08 Jan 2024 18:52:55.096 * oO0OoO0OoO0Oo Redis is starting oO0OoO0OoO0Oo
889864:C 08 Jan 2024 18:52:55.096 * Redis version=255.255.255, bits=64, commit=e04ebdb8, modified=1, pid=889864, just started
889864:C 08 Jan 2024 18:52:55.096 * Configuration loaded
889864:M 08 Jan 2024 18:52:55.097 * monotonic clock: POSIX clock_gettime
889864:M 08 Jan 2024 18:52:55.097 * Running mode=standalone, port=5073.
889864:M 08 Jan 2024 18:52:55.103 * <raft> RedisRaft version 255.255.255 [b779b199]
889864:M 08 Jan 2024 18:52:55.107 * <raft> Initializing test network
889864:M 08 Jan 2024 18:52:55.108 * <raft> Created test network client
889864:M 08 Jan 2024 18:52:55.111 * <raft> Raft module loaded, state is 'loading'
889864:M 08 Jan 2024 18:52:55.111 * Module 'raft' loaded from /home/snagendra/Fuzzing/redisraft-fuzzing/redisraft.so
889864:M 08 Jan 2024 18:52:55.112 * Server initialized
889864:M 08 Jan 2024 18:52:55.112 . The AOF directory appendonlydir doesn't exist
889864:M 08 Jan 2024 18:52:55.112 * Ready to accept connections tcp
889864:M 08 Jan 2024 18:52:55.112 . 0 clients connected (0 replicas), 1746592 bytes in use
889864:M 08 Jan 2024 18:52:55.151 - Accepted 127.0.0.1:40762
889864:M 08 Jan 2024 18:52:55.151 # Missing implement of connection type tls
889864:M 08 Jan 2024 18:52:55.212 * <raft> Loading: Redis loading complete, snapshot NOT LOADED
889864:M 08 Jan 2024 18:52:55.212 * <raft> Cluster Membership: term:0 index:0 nodes: id=3,voting=0,active=1,addr=-
889864:M 08 Jan 2024 18:52:55.213 * <raft> Test network starting message polling thread
889864:M 08 Jan 2024 18:52:55.213 * <raft> Cluster Membership: term:0 index:4 nodes: id=3,voting=0,active=1,addr=- id=1,voting=1,active=1,addr=localhost:5071
889864:M 08 Jan 2024 18:52:55.213 * <raft> Cluster Membership: term:0 index:4 nodes: id=3,voting=0,active=1,addr=- id=1,voting=1,active=1,addr=localhost:5071 id=2,voting=0,active=1,addr=localhost:5072
889864:M 08 Jan 2024 18:52:55.213 * <raft> Raft state after loading log: log_count=4, first_idx=1, current_idx=4, last_applied_idx=0
889864:M 08 Jan 2024 18:52:55.213 . <raft> Raft term=1, vote=-1
889864:M 08 Jan 2024 18:52:55.335 - Accepted 127.0.0.1:40774
889864:M 08 Jan 2024 18:52:55.513 * <raft> State change: Election starting, node is now a pre-candidate, term 1
889864:M 08 Jan 2024 18:52:55.513 * <raft> Cluster Membership: term:1 index:4 nodes: id=3,voting=0,active=1,addr=- id=1,voting=1,active=1,addr=localhost:5071 id=2,voting=0,active=1,addr=localhost:5072
889864:M 08 Jan 2024 18:52:55.567 - Client closed connection id=9 addr=127.0.0.1:40774 laddr=127.0.0.1:5073 fd=14 name= age=0 idle=0 flags=N db=0 sub=0 psub=0 ssub=0 multi=-1 qbuf=0 qbuf-free=20474 argv-mem=0 multi-mem=0 rbs=1024 rbp=0 obl=0 oll=0 omem=0 tot-mem=22400 events=r cmd=auth user=default redir=-1 resp=2 lib-name= lib-ver=
889864:M 08 Jan 2024 18:52:55.599 * <raft> State change: Node is now a follower, term 1
889864:M 08 Jan 2024 18:52:55.599 * <raft> Cluster Membership: term:1 index:4 nodes: id=3,voting=0,active=1,addr=- id=1,voting=1,active=1,addr=localhost:5071 id=2,voting=0,active=1,addr=localhost:5072
889864:signal-handler (1704736375) Received SIGINT scheduling shutdown...
889864:signal-handler (1704736375) You insist... exiting now.
890310:C 08 Jan 2024 18:52:55.951 # WARNING Memory overcommit must be enabled! Without it, a background save or replication may fail under low memory condition. Being disabled, it can also cause failures without low memory condition, see https://github.com/jemalloc/jemalloc/issues/1328. To fix this issue add 'vm.overcommit_memory = 1' to /etc/sysctl.conf and then reboot or run the command 'sysctl vm.overcommit_memory=1' for this to take effect.
890310:C 08 Jan 2024 18:52:55.951 * oO0OoO0OoO0Oo Redis is starting oO0OoO0OoO0Oo
890310:C 08 Jan 2024 18:52:55.951 * Redis version=255.255.255, bits=64, commit=e04ebdb8, modified=1, pid=890310, just started
890310:C 08 Jan 2024 18:52:55.951 * Configuration loaded
890310:M 08 Jan 2024 18:52:55.951 * monotonic clock: POSIX clock_gettime
890310:M 08 Jan 2024 18:52:55.952 * Running mode=standalone, port=5073.
890310:M 08 Jan 2024 18:52:55.958 * <raft> RedisRaft version 255.255.255 [b779b199]
890310:M 08 Jan 2024 18:52:55.963 * <raft> Initializing test network
890310:M 08 Jan 2024 18:52:55.963 * <raft> Created test network client
890310:M 08 Jan 2024 18:52:55.967 * <raft> Raft module loaded, state is 'loading'
890310:M 08 Jan 2024 18:52:55.967 * Module 'raft' loaded from /home/snagendra/Fuzzing/redisraft-fuzzing/redisraft.so
890310:M 08 Jan 2024 18:52:55.968 * Server initialized
890310:M 08 Jan 2024 18:52:55.968 . The AOF directory appendonlydir doesn't exist
890310:M 08 Jan 2024 18:52:55.968 * Ready to accept connections tcp
890310:M 08 Jan 2024 18:52:55.968 . 0 clients connected (0 replicas), 1746816 bytes in use
890310:signal-handler (1704736376) Received SIGINT scheduling shutdown...
890310:signal-handler (1704736376) You insist... exiting now.

----- Stderr -----
libgcov profiling error:/home/snagendra/Fuzzing/redisraft-fuzzing/build/deps/raft/CMakeFiles/raft.dir/src/raft_server.c.gcda:Merge mismatch for function 60
libgcov profiling error:/home/snagendra/Fuzzing/redisraft-fuzzing/build/deps/raft/CMakeFiles/raft.dir/src/raft_server.c.gcda:Merge mismatch for function 60
libgcov profiling error:/home/snagendra/Fuzzing/redisraft-fuzzing/build/deps/raft/CMakeFiles/raft.dir/src/raft_server.c.gcda:Merge mismatch for function 60



