logs for node: 1

----- Stdout -----
3260377:C 08 Jan 2024 20:17:02.532 # WARNING Memory overcommit must be enabled! Without it, a background save or replication may fail under low memory condition. Being disabled, it can also cause failures without low memory condition, see https://github.com/jemalloc/jemalloc/issues/1328. To fix this issue add 'vm.overcommit_memory = 1' to /etc/sysctl.conf and then reboot or run the command 'sysctl vm.overcommit_memory=1' for this to take effect.
3260377:C 08 Jan 2024 20:17:02.532 * oO0OoO0OoO0Oo Redis is starting oO0OoO0OoO0Oo
3260377:C 08 Jan 2024 20:17:02.532 * Redis version=255.255.255, bits=64, commit=e04ebdb8, modified=1, pid=3260377, just started
3260377:C 08 Jan 2024 20:17:02.532 * Configuration loaded
3260377:M 08 Jan 2024 20:17:02.532 * monotonic clock: POSIX clock_gettime
3260377:M 08 Jan 2024 20:17:02.533 * Running mode=standalone, port=5071.
3260377:M 08 Jan 2024 20:17:02.540 * <raft> RedisRaft version 255.255.255 [b779b199]
3260377:M 08 Jan 2024 20:17:02.545 * <raft> Initializing test network
3260377:M 08 Jan 2024 20:17:02.546 * <raft> Created test network client
3260377:M 08 Jan 2024 20:17:02.547 * <raft> Raft module loaded, state is 'uninitialized'
3260377:M 08 Jan 2024 20:17:02.547 * Module 'raft' loaded from /home/snagendra/Fuzzing/redisraft-fuzzing/redisraft.so
3260377:M 08 Jan 2024 20:17:02.547 * Server initialized
3260377:M 08 Jan 2024 20:17:02.548 . The AOF directory appendonlydir doesn't exist
3260377:M 08 Jan 2024 20:17:02.548 * Ready to accept connections tcp
3260377:M 08 Jan 2024 20:17:02.548 - Accepted 127.0.0.1:47284
3260377:M 08 Jan 2024 20:17:02.548 # Missing implement of connection type tls
3260377:M 08 Jan 2024 20:17:02.548 . 1 clients connected (0 replicas), 1744152 bytes in use
3260377:M 08 Jan 2024 20:17:02.554 * <raft> Cluster Membership: term:0 index:0 nodes: id=1,voting=0,active=1,addr=-
3260377:M 08 Jan 2024 20:17:02.559 * <raft> State change: Node is now a leader, term 1
3260377:M 08 Jan 2024 20:17:02.560 * <raft> Cluster Membership: term:1 index:1 nodes: id=1,voting=0,active=1,addr=-
3260377:M 08 Jan 2024 20:17:02.560 * <raft> Test network starting message polling thread
3260377:M 08 Jan 2024 20:17:02.560 * <raft> Raft Cluster initialized, node id: 1, dbid: dcc6f261369182aba8a256c4d2f85e5e
3260377:M 08 Jan 2024 20:17:02.677 - Accepted 127.0.0.1:47292
3260377:M 08 Jan 2024 20:17:02.678 * <raft> Cluster Membership: term:1 index:3 nodes: id=1,voting=1,active=1,addr=- id=2,voting=0,active=1,addr=localhost:5072
3260377:M 08 Jan 2024 20:17:02.685 - Client closed connection id=9 addr=127.0.0.1:47292 laddr=127.0.0.1:5071 fd=12 name= age=0 idle=0 flags=N db=0 sub=0 psub=0 ssub=0 multi=-1 qbuf=0 qbuf-free=20474 argv-mem=0 multi-mem=0 rbs=16384 rbp=16384 obl=0 oll=0 omem=0 tot-mem=37760 events=r cmd=raft.node user=default redir=-1 resp=2 lib-name= lib-ver=
3260377:M 08 Jan 2024 20:17:02.802 - Accepted 127.0.0.1:47302
3260377:M 08 Jan 2024 20:17:02.803 * <raft> Cluster Membership: term:1 index:4 nodes: id=1,voting=1,active=1,addr=- id=2,voting=0,active=1,addr=localhost:5072 id=3,voting=0,active=1,addr=localhost:5073
3260377:M 08 Jan 2024 20:17:02.810 - Client closed connection id=10 addr=127.0.0.1:47302 laddr=127.0.0.1:5071 fd=13 name= age=0 idle=0 flags=N db=0 sub=0 psub=0 ssub=0 multi=-1 qbuf=0 qbuf-free=20474 argv-mem=0 multi-mem=0 rbs=16384 rbp=16384 obl=0 oll=0 omem=0 tot-mem=37760 events=r cmd=raft.node user=default redir=-1 resp=2 lib-name= lib-ver=
3260377:M 08 Jan 2024 20:17:02.903 * <raft> node:3 has sufficient logs, adding as voting node.
3260377:M 08 Jan 2024 20:17:02.903 - Accepted 127.0.0.1:47314
3260377:signal-handler (1704741423) Received SIGINT scheduling shutdown...
3260377:signal-handler (1704741423) You insist... exiting now.
3260817:C 08 Jan 2024 20:17:03.317 # WARNING Memory overcommit must be enabled! Without it, a background save or replication may fail under low memory condition. Being disabled, it can also cause failures without low memory condition, see https://github.com/jemalloc/jemalloc/issues/1328. To fix this issue add 'vm.overcommit_memory = 1' to /etc/sysctl.conf and then reboot or run the command 'sysctl vm.overcommit_memory=1' for this to take effect.
3260817:C 08 Jan 2024 20:17:03.317 * oO0OoO0OoO0Oo Redis is starting oO0OoO0OoO0Oo
3260817:C 08 Jan 2024 20:17:03.317 * Redis version=255.255.255, bits=64, commit=e04ebdb8, modified=1, pid=3260817, just started
3260817:C 08 Jan 2024 20:17:03.317 * Configuration loaded
3260817:M 08 Jan 2024 20:17:03.317 * monotonic clock: POSIX clock_gettime
3260817:M 08 Jan 2024 20:17:03.318 * Running mode=standalone, port=5071.
3260817:M 08 Jan 2024 20:17:03.325 * <raft> RedisRaft version 255.255.255 [b779b199]
3260817:M 08 Jan 2024 20:17:03.330 * <raft> Initializing test network
3260817:M 08 Jan 2024 20:17:03.331 * <raft> Created test network client
3260817:M 08 Jan 2024 20:17:03.334 * <raft> Raft module loaded, state is 'loading'
3260817:M 08 Jan 2024 20:17:03.334 * Module 'raft' loaded from /home/snagendra/Fuzzing/redisraft-fuzzing/redisraft.so
3260817:M 08 Jan 2024 20:17:03.334 * Server initialized
3260817:M 08 Jan 2024 20:17:03.334 . The AOF directory appendonlydir doesn't exist
3260817:M 08 Jan 2024 20:17:03.334 * Ready to accept connections tcp
3260817:M 08 Jan 2024 20:17:03.334 . 0 clients connected (0 replicas), 1746720 bytes in use
3260817:M 08 Jan 2024 20:17:03.380 - Accepted 127.0.0.1:47372
3260817:M 08 Jan 2024 20:17:03.380 # Missing implement of connection type tls
3260817:M 08 Jan 2024 20:17:03.405 - Accepted 127.0.0.1:47386
3260817:M 08 Jan 2024 20:17:03.434 * <raft> Loading: Redis loading complete, snapshot NOT LOADED
3260817:M 08 Jan 2024 20:17:03.435 * <raft> Cluster Membership: term:0 index:0 nodes: id=1,voting=0,active=1,addr=-
3260817:M 08 Jan 2024 20:17:03.435 * <raft> Test network starting message polling thread
3260817:M 08 Jan 2024 20:17:03.435 * <raft> Cluster Membership: term:0 index:5 nodes: id=1,voting=1,active=1,addr=- id=2,voting=0,active=1,addr=localhost:5072
3260817:M 08 Jan 2024 20:17:03.436 * <raft> Cluster Membership: term:0 index:5 nodes: id=1,voting=1,active=1,addr=- id=2,voting=0,active=1,addr=localhost:5072 id=3,voting=0,active=1,addr=localhost:5073
3260817:M 08 Jan 2024 20:17:03.436 * <raft> Raft state after loading log: log_count=5, first_idx=1, current_idx=5, last_applied_idx=0
3260817:M 08 Jan 2024 20:17:03.436 . <raft> Raft term=1, vote=-1
3260817:M 08 Jan 2024 20:17:03.651 - Accepted 127.0.0.1:47402
3260817:M 08 Jan 2024 20:17:03.735 * <raft> State change: Election starting, node is now a pre-candidate, term 1
3260817:M 08 Jan 2024 20:17:03.735 * <raft> Cluster Membership: term:1 index:5 nodes: id=1,voting=1,active=1,addr=- id=2,voting=0,active=1,addr=localhost:5072 id=3,voting=1,active=1,addr=localhost:5073
3260817:M 08 Jan 2024 20:17:03.786 - Client closed connection id=9 addr=127.0.0.1:47386 laddr=127.0.0.1:5071 fd=11 name= age=0 idle=0 flags=N db=0 sub=0 psub=0 ssub=0 multi=-1 qbuf=0 qbuf-free=20474 argv-mem=0 multi-mem=0 rbs=1024 rbp=0 obl=0 oll=0 omem=0 tot-mem=22400 events=r cmd=auth user=default redir=-1 resp=2 lib-name= lib-ver=
3260817:M 08 Jan 2024 20:17:04.030 - Accepted 127.0.0.1:47416
3260817:M 08 Jan 2024 20:17:04.037 * <raft> State change: Election starting, node is now a pre-candidate, term 1
3260817:M 08 Jan 2024 20:17:04.037 * <raft> Cluster Membership: term:1 index:5 nodes: id=1,voting=1,active=1,addr=- id=2,voting=0,active=1,addr=localhost:5072 id=3,voting=1,active=1,addr=localhost:5073
3260817:M 08 Jan 2024 20:17:04.047 - Client closed connection id=8 addr=127.0.0.1:47372 laddr=127.0.0.1:5071 fd=12 name= age=1 idle=1 flags=N db=0 sub=0 psub=0 ssub=0 multi=-1 qbuf=0 qbuf-free=20474 argv-mem=0 multi-mem=0 rbs=1024 rbp=0 obl=0 oll=0 omem=0 tot-mem=22400 events=r cmd=auth user=default redir=-1 resp=2 lib-name= lib-ver=
3260817:signal-handler (1704741424) Received SIGINT scheduling shutdown...
3260817:signal-handler (1704741424) You insist... exiting now.
3261978:C 08 Jan 2024 20:17:05.704 # WARNING Memory overcommit must be enabled! Without it, a background save or replication may fail under low memory condition. Being disabled, it can also cause failures without low memory condition, see https://github.com/jemalloc/jemalloc/issues/1328. To fix this issue add 'vm.overcommit_memory = 1' to /etc/sysctl.conf and then reboot or run the command 'sysctl vm.overcommit_memory=1' for this to take effect.
3261978:C 08 Jan 2024 20:17:05.704 * oO0OoO0OoO0Oo Redis is starting oO0OoO0OoO0Oo
3261978:C 08 Jan 2024 20:17:05.704 * Redis version=255.255.255, bits=64, commit=e04ebdb8, modified=1, pid=3261978, just started
3261978:C 08 Jan 2024 20:17:05.704 * Configuration loaded
3261978:M 08 Jan 2024 20:17:05.704 * monotonic clock: POSIX clock_gettime
3261978:M 08 Jan 2024 20:17:05.705 * Running mode=standalone, port=5071.
3261978:M 08 Jan 2024 20:17:05.711 * <raft> RedisRaft version 255.255.255 [b779b199]
3261978:M 08 Jan 2024 20:17:05.716 * <raft> Initializing test network
3261978:M 08 Jan 2024 20:17:05.717 * <raft> Created test network client
3261978:M 08 Jan 2024 20:17:05.720 * <raft> Raft module loaded, state is 'loading'
3261978:M 08 Jan 2024 20:17:05.720 * Module 'raft' loaded from /home/snagendra/Fuzzing/redisraft-fuzzing/redisraft.so
3261978:M 08 Jan 2024 20:17:05.721 * Server initialized
3261978:M 08 Jan 2024 20:17:05.721 . The AOF directory appendonlydir doesn't exist
3261978:M 08 Jan 2024 20:17:05.721 * Ready to accept connections tcp
3261978:M 08 Jan 2024 20:17:05.721 . 0 clients connected (0 replicas), 1746784 bytes in use
3261978:M 08 Jan 2024 20:17:05.761 - Accepted 127.0.0.1:47464
3261978:M 08 Jan 2024 20:17:05.761 # Missing implement of connection type tls
3261978:M 08 Jan 2024 20:17:05.771 - Accepted 127.0.0.1:47470
3261978:M 08 Jan 2024 20:17:05.821 * <raft> Loading: Redis loading complete, snapshot NOT LOADED
3261978:M 08 Jan 2024 20:17:05.822 * <raft> Cluster Membership: term:0 index:0 nodes: id=1,voting=0,active=1,addr=-
3261978:M 08 Jan 2024 20:17:05.822 * <raft> Test network starting message polling thread
3261978:M 08 Jan 2024 20:17:05.822 * <raft> Cluster Membership: term:0 index:5 nodes: id=1,voting=1,active=1,addr=- id=2,voting=0,active=1,addr=localhost:5072
3261978:M 08 Jan 2024 20:17:05.823 * <raft> Cluster Membership: term:0 index:5 nodes: id=1,voting=1,active=1,addr=- id=2,voting=0,active=1,addr=localhost:5072 id=3,voting=0,active=1,addr=localhost:5073
3261978:M 08 Jan 2024 20:17:05.823 * <raft> Raft state after loading log: log_count=5, first_idx=1, current_idx=5, last_applied_idx=0
3261978:M 08 Jan 2024 20:17:05.823 . <raft> Raft term=1, vote=-1
3261978:M 08 Jan 2024 20:17:05.828 * <raft> State change: Node is now a follower, term 2
3261978:M 08 Jan 2024 20:17:05.828 * <raft> Cluster Membership: term:2 index:5 nodes: id=1,voting=1,active=1,addr=- id=2,voting=0,active=1,addr=localhost:5072 id=3,voting=1,active=1,addr=localhost:5073
3261978:signal-handler (1704741425) Received SIGINT scheduling shutdown...
3261978:signal-handler (1704741425) You insist... exiting now.

----- Stderr -----
libgcov profiling error:/home/snagendra/Fuzzing/redisraft-fuzzing/build/deps/raft/CMakeFiles/raft.dir/src/raft_server.c.gcda:Merge mismatch for function 60
libgcov profiling error:/home/snagendra/Fuzzing/redisraft-fuzzing/build/deps/raft/CMakeFiles/raft.dir/src/raft_server.c.gcda:Merge mismatch for function 60
libgcov profiling error:/home/snagendra/Fuzzing/redisraft-fuzzing/build/deps/raft/CMakeFiles/raft.dir/src/raft_server.c.gcda:Merge mismatch for function 60




logs for node: 2

----- Stdout -----
3260396:C 08 Jan 2024 20:17:02.563 # WARNING Memory overcommit must be enabled! Without it, a background save or replication may fail under low memory condition. Being disabled, it can also cause failures without low memory condition, see https://github.com/jemalloc/jemalloc/issues/1328. To fix this issue add 'vm.overcommit_memory = 1' to /etc/sysctl.conf and then reboot or run the command 'sysctl vm.overcommit_memory=1' for this to take effect.
3260396:C 08 Jan 2024 20:17:02.563 * oO0OoO0OoO0Oo Redis is starting oO0OoO0OoO0Oo
3260396:C 08 Jan 2024 20:17:02.563 * Redis version=255.255.255, bits=64, commit=e04ebdb8, modified=1, pid=3260396, just started
3260396:C 08 Jan 2024 20:17:02.563 * Configuration loaded
3260396:M 08 Jan 2024 20:17:02.563 * monotonic clock: POSIX clock_gettime
3260396:M 08 Jan 2024 20:17:02.564 * Running mode=standalone, port=5072.
3260396:M 08 Jan 2024 20:17:02.570 * <raft> RedisRaft version 255.255.255 [b779b199]
3260396:M 08 Jan 2024 20:17:02.575 * <raft> Initializing test network
3260396:M 08 Jan 2024 20:17:02.576 * <raft> Created test network client
3260396:M 08 Jan 2024 20:17:02.577 * <raft> Raft module loaded, state is 'uninitialized'
3260396:M 08 Jan 2024 20:17:02.577 * Module 'raft' loaded from /home/snagendra/Fuzzing/redisraft-fuzzing/redisraft.so
3260396:M 08 Jan 2024 20:17:02.578 * Server initialized
3260396:M 08 Jan 2024 20:17:02.578 . The AOF directory appendonlydir doesn't exist
3260396:M 08 Jan 2024 20:17:02.578 * Ready to accept connections tcp
3260396:M 08 Jan 2024 20:17:02.578 . 0 clients connected (0 replicas), 1726128 bytes in use
3260396:M 08 Jan 2024 20:17:02.583 - Accepted 127.0.0.1:45108
3260396:M 08 Jan 2024 20:17:02.583 # Missing implement of connection type tls
3260396:M 08 Jan 2024 20:17:02.677 - <raft> join cluster, connecting to localhost:5071
3260396:M 08 Jan 2024 20:17:02.678 * <raft> Joined Raft cluster, node id: 2, dbid: dcc6f261369182aba8a256c4d2f85e5e
3260396:M 08 Jan 2024 20:17:02.684 * <raft> Cluster Membership: term:0 index:0 nodes: id=2,voting=0,active=1,addr=-
3260396:M 08 Jan 2024 20:17:02.685 * <raft> Test network starting message polling thread
3260396:M 08 Jan 2024 20:17:02.749 - Accepted 127.0.0.1:45112
3260396:M 08 Jan 2024 20:17:02.903 - Accepted 127.0.0.1:45120
3260396:M 08 Jan 2024 20:17:03.078 * <raft> State change: Election starting, node is now a pre-candidate, term 0
3260396:M 08 Jan 2024 20:17:03.078 * <raft> Cluster Membership: term:0 index:0 nodes: id=2,voting=0,active=1,addr=-
3260396:M 08 Jan 2024 20:17:03.100 - Client closed connection id=9 addr=127.0.0.1:45112 laddr=127.0.0.1:5072 fd=10 name= age=1 idle=1 flags=N db=0 sub=0 psub=0 ssub=0 multi=-1 qbuf=0 qbuf-free=20474 argv-mem=0 multi-mem=0 rbs=1024 rbp=0 obl=0 oll=0 omem=0 tot-mem=22400 events=r cmd=auth user=default redir=-1 resp=2 lib-name= lib-ver=
3260396:M 08 Jan 2024 20:17:03.259 * <raft> State change: Node is now a follower, term 1
3260396:M 08 Jan 2024 20:17:03.259 * <raft> Cluster Membership: term:1 index:0 nodes: id=2,voting=0,active=1,addr=-
3260396:M 08 Jan 2024 20:17:03.260 * <raft> Cluster Membership: term:1 index:2 nodes: id=2,voting=0,active=1,addr=- id=1,voting=1,active=1,addr=localhost:5071
3260396:M 08 Jan 2024 20:17:03.261 * <raft> Cluster Membership: term:1 index:4 nodes: id=2,voting=0,active=1,addr=- id=1,voting=1,active=1,addr=localhost:5071 id=3,voting=0,active=1,addr=localhost:5073
3260396:M 08 Jan 2024 20:17:03.436 - Accepted 127.0.0.1:45136
3260396:M 08 Jan 2024 20:17:03.682 * <raft> State change: Election starting, node is now a pre-candidate, term 1
3260396:M 08 Jan 2024 20:17:03.682 * <raft> Cluster Membership: term:1 index:5 nodes: id=2,voting=0,active=1,addr=- id=1,voting=1,active=1,addr=localhost:5071 id=3,voting=1,active=1,addr=localhost:5073
3260396:M 08 Jan 2024 20:17:03.786 - Client closed connection id=10 addr=127.0.0.1:45120 laddr=127.0.0.1:5072 fd=13 name= age=1 idle=1 flags=N db=0 sub=0 psub=0 ssub=0 multi=-1 qbuf=0 qbuf-free=20474 argv-mem=0 multi-mem=0 rbs=1024 rbp=0 obl=0 oll=0 omem=0 tot-mem=22400 events=r cmd=auth user=default redir=-1 resp=2 lib-name= lib-ver=
3260396:M 08 Jan 2024 20:17:03.982 * <raft> State change: Election starting, node is now a pre-candidate, term 1
3260396:M 08 Jan 2024 20:17:03.982 * <raft> Cluster Membership: term:1 index:5 nodes: id=2,voting=0,active=1,addr=- id=1,voting=1,active=1,addr=localhost:5071 id=3,voting=1,active=1,addr=localhost:5073
3260396:M 08 Jan 2024 20:17:04.030 - Accepted 127.0.0.1:45142
3260396:signal-handler (1704741424) Received SIGINT scheduling shutdown...
3260396:signal-handler (1704741424) You insist... exiting now.
3261865:C 08 Jan 2024 20:17:05.552 # WARNING Memory overcommit must be enabled! Without it, a background save or replication may fail under low memory condition. Being disabled, it can also cause failures without low memory condition, see https://github.com/jemalloc/jemalloc/issues/1328. To fix this issue add 'vm.overcommit_memory = 1' to /etc/sysctl.conf and then reboot or run the command 'sysctl vm.overcommit_memory=1' for this to take effect.
3261865:C 08 Jan 2024 20:17:05.552 * oO0OoO0OoO0Oo Redis is starting oO0OoO0OoO0Oo
3261865:C 08 Jan 2024 20:17:05.552 * Redis version=255.255.255, bits=64, commit=e04ebdb8, modified=1, pid=3261865, just started
3261865:C 08 Jan 2024 20:17:05.552 * Configuration loaded
3261865:M 08 Jan 2024 20:17:05.553 * monotonic clock: POSIX clock_gettime
3261865:M 08 Jan 2024 20:17:05.553 * Running mode=standalone, port=5072.
3261865:M 08 Jan 2024 20:17:05.560 * <raft> RedisRaft version 255.255.255 [b779b199]
3261865:M 08 Jan 2024 20:17:05.564 * <raft> Initializing test network
3261865:M 08 Jan 2024 20:17:05.565 * <raft> Created test network client
3261865:M 08 Jan 2024 20:17:05.568 * <raft> Raft module loaded, state is 'loading'
3261865:M 08 Jan 2024 20:17:05.568 * Module 'raft' loaded from /home/snagendra/Fuzzing/redisraft-fuzzing/redisraft.so
3261865:M 08 Jan 2024 20:17:05.569 * Server initialized
3261865:M 08 Jan 2024 20:17:05.569 . The AOF directory appendonlydir doesn't exist
3261865:M 08 Jan 2024 20:17:05.569 * Ready to accept connections tcp
3261865:M 08 Jan 2024 20:17:05.569 . 0 clients connected (0 replicas), 1746720 bytes in use
3261865:M 08 Jan 2024 20:17:05.669 * <raft> Loading: Redis loading complete, snapshot NOT LOADED
3261865:M 08 Jan 2024 20:17:05.670 * <raft> Cluster Membership: term:0 index:0 nodes: id=2,voting=0,active=1,addr=-
3261865:M 08 Jan 2024 20:17:05.670 * <raft> Test network starting message polling thread
3261865:M 08 Jan 2024 20:17:05.670 * <raft> Cluster Membership: term:0 index:5 nodes: id=2,voting=0,active=1,addr=- id=1,voting=1,active=1,addr=localhost:5071
3261865:M 08 Jan 2024 20:17:05.671 * <raft> Cluster Membership: term:0 index:5 nodes: id=2,voting=0,active=1,addr=- id=1,voting=1,active=1,addr=localhost:5071 id=3,voting=0,active=1,addr=localhost:5073
3261865:M 08 Jan 2024 20:17:05.671 * <raft> Raft state after loading log: log_count=5, first_idx=1, current_idx=5, last_applied_idx=0
3261865:M 08 Jan 2024 20:17:05.671 . <raft> Raft term=1, vote=-1
3261865:M 08 Jan 2024 20:17:05.761 - Accepted 127.0.0.1:45232
3261865:M 08 Jan 2024 20:17:05.761 # Missing implement of connection type tls
3261865:M 08 Jan 2024 20:17:05.823 - Accepted 127.0.0.1:45248
3261865:M 08 Jan 2024 20:17:05.891 * <raft> State change: Node is now a follower, term 2
3261865:M 08 Jan 2024 20:17:05.891 * <raft> Cluster Membership: term:2 index:5 nodes: id=2,voting=0,active=1,addr=- id=1,voting=1,active=1,addr=localhost:5071 id=3,voting=1,active=1,addr=localhost:5073
3261865:M 08 Jan 2024 20:17:05.961 - Client closed connection id=9 addr=127.0.0.1:45248 laddr=127.0.0.1:5072 fd=14 name= age=0 idle=0 flags=N db=0 sub=0 psub=0 ssub=0 multi=-1 qbuf=0 qbuf-free=20474 argv-mem=0 multi-mem=0 rbs=16384 rbp=0 obl=0 oll=0 omem=0 tot-mem=37760 events=r cmd=auth user=default redir=-1 resp=2 lib-name= lib-ver=
3261865:signal-handler (1704741425) Received SIGINT scheduling shutdown...
3261865:signal-handler (1704741425) You insist... exiting now.

----- Stderr -----
libgcov profiling error:/home/snagendra/Fuzzing/redisraft-fuzzing/build/deps/raft/CMakeFiles/raft.dir/src/raft_server.c.gcda:Merge mismatch for function 60
libgcov profiling error:/home/snagendra/Fuzzing/redisraft-fuzzing/build/deps/raft/CMakeFiles/raft.dir/src/raft_server.c.gcda:Merge mismatch for function 60




logs for node: 3

----- Stdout -----
3260500:C 08 Jan 2024 20:17:02.687 # WARNING Memory overcommit must be enabled! Without it, a background save or replication may fail under low memory condition. Being disabled, it can also cause failures without low memory condition, see https://github.com/jemalloc/jemalloc/issues/1328. To fix this issue add 'vm.overcommit_memory = 1' to /etc/sysctl.conf and then reboot or run the command 'sysctl vm.overcommit_memory=1' for this to take effect.
3260500:C 08 Jan 2024 20:17:02.687 * oO0OoO0OoO0Oo Redis is starting oO0OoO0OoO0Oo
3260500:C 08 Jan 2024 20:17:02.687 * Redis version=255.255.255, bits=64, commit=e04ebdb8, modified=1, pid=3260500, just started
3260500:C 08 Jan 2024 20:17:02.687 * Configuration loaded
3260500:M 08 Jan 2024 20:17:02.688 * monotonic clock: POSIX clock_gettime
3260500:M 08 Jan 2024 20:17:02.688 * Running mode=standalone, port=5073.
3260500:M 08 Jan 2024 20:17:02.695 * <raft> RedisRaft version 255.255.255 [b779b199]
3260500:M 08 Jan 2024 20:17:02.700 * <raft> Initializing test network
3260500:M 08 Jan 2024 20:17:02.701 * <raft> Created test network client
3260500:M 08 Jan 2024 20:17:02.701 * <raft> Raft module loaded, state is 'uninitialized'
3260500:M 08 Jan 2024 20:17:02.701 * Module 'raft' loaded from /home/snagendra/Fuzzing/redisraft-fuzzing/redisraft.so
3260500:M 08 Jan 2024 20:17:02.702 * Server initialized
3260500:M 08 Jan 2024 20:17:02.702 . The AOF directory appendonlydir doesn't exist
3260500:M 08 Jan 2024 20:17:02.703 * Ready to accept connections tcp
3260500:M 08 Jan 2024 20:17:02.703 . 0 clients connected (0 replicas), 1726352 bytes in use
3260500:M 08 Jan 2024 20:17:02.704 - Accepted 127.0.0.1:42616
3260500:M 08 Jan 2024 20:17:02.705 # Missing implement of connection type tls
3260500:M 08 Jan 2024 20:17:02.802 - <raft> join cluster, connecting to localhost:5071
3260500:M 08 Jan 2024 20:17:02.804 * <raft> Joined Raft cluster, node id: 3, dbid: dcc6f261369182aba8a256c4d2f85e5e
3260500:M 08 Jan 2024 20:17:02.810 * <raft> Cluster Membership: term:0 index:0 nodes: id=3,voting=0,active=1,addr=-
3260500:M 08 Jan 2024 20:17:02.810 * <raft> Test network starting message polling thread
3260500:M 08 Jan 2024 20:17:02.849 - Accepted 127.0.0.1:42624
3260500:M 08 Jan 2024 20:17:02.878 * <raft> Cluster Membership: term:1 index:2 nodes: id=3,voting=0,active=1,addr=- id=1,voting=1,active=1,addr=localhost:5071
3260500:M 08 Jan 2024 20:17:02.878 * <raft> Cluster Membership: term:1 index:3 nodes: id=3,voting=0,active=1,addr=- id=1,voting=1,active=1,addr=localhost:5071 id=2,voting=0,active=1,addr=localhost:5072
3260500:M 08 Jan 2024 20:17:03.100 - Client closed connection id=9 addr=127.0.0.1:42624 laddr=127.0.0.1:5073 fd=10 name= age=1 idle=1 flags=N db=0 sub=0 psub=0 ssub=0 multi=-1 qbuf=0 qbuf-free=20474 argv-mem=0 multi-mem=0 rbs=1024 rbp=0 obl=0 oll=0 omem=0 tot-mem=22400 events=r cmd=auth user=default redir=-1 resp=2 lib-name= lib-ver=
3260500:M 08 Jan 2024 20:17:03.279 - Accepted 127.0.0.1:42640
3260500:M 08 Jan 2024 20:17:03.405 * <raft> State change: Election starting, node is now a pre-candidate, term 1
3260500:M 08 Jan 2024 20:17:03.405 * <raft> Cluster Membership: term:1 index:5 nodes: id=3,voting=1,active=1,addr=- id=1,voting=1,active=1,addr=localhost:5071 id=2,voting=0,active=1,addr=localhost:5072
3260500:M 08 Jan 2024 20:17:03.436 - Accepted 127.0.0.1:42656
3260500:signal-handler (1704741423) Received SIGINT scheduling shutdown...
3260500:signal-handler (1704741423) You insist... exiting now.
3261034:C 08 Jan 2024 20:17:03.911 # WARNING Memory overcommit must be enabled! Without it, a background save or replication may fail under low memory condition. Being disabled, it can also cause failures without low memory condition, see https://github.com/jemalloc/jemalloc/issues/1328. To fix this issue add 'vm.overcommit_memory = 1' to /etc/sysctl.conf and then reboot or run the command 'sysctl vm.overcommit_memory=1' for this to take effect.
3261034:C 08 Jan 2024 20:17:03.911 * oO0OoO0OoO0Oo Redis is starting oO0OoO0OoO0Oo
3261034:C 08 Jan 2024 20:17:03.911 * Redis version=255.255.255, bits=64, commit=e04ebdb8, modified=1, pid=3261034, just started
3261034:C 08 Jan 2024 20:17:03.911 * Configuration loaded
3261034:M 08 Jan 2024 20:17:03.912 * monotonic clock: POSIX clock_gettime
3261034:M 08 Jan 2024 20:17:03.912 * Running mode=standalone, port=5073.
3261034:M 08 Jan 2024 20:17:03.919 * <raft> RedisRaft version 255.255.255 [b779b199]
3261034:M 08 Jan 2024 20:17:03.923 * <raft> Initializing test network
3261034:M 08 Jan 2024 20:17:03.924 * <raft> Created test network client
3261034:M 08 Jan 2024 20:17:03.927 * <raft> Raft module loaded, state is 'loading'
3261034:M 08 Jan 2024 20:17:03.927 * Module 'raft' loaded from /home/snagendra/Fuzzing/redisraft-fuzzing/redisraft.so
3261034:M 08 Jan 2024 20:17:03.928 * Server initialized
3261034:M 08 Jan 2024 20:17:03.928 . The AOF directory appendonlydir doesn't exist
3261034:M 08 Jan 2024 20:17:03.928 * Ready to accept connections tcp
3261034:M 08 Jan 2024 20:17:03.928 . 0 clients connected (0 replicas), 1746656 bytes in use
3261034:M 08 Jan 2024 20:17:03.939 - Accepted 127.0.0.1:42688
3261034:M 08 Jan 2024 20:17:03.939 # Missing implement of connection type tls
3261034:M 08 Jan 2024 20:17:03.984 - Accepted 127.0.0.1:42694
3261034:M 08 Jan 2024 20:17:04.028 * <raft> Loading: Redis loading complete, snapshot NOT LOADED
3261034:M 08 Jan 2024 20:17:04.028 * <raft> Cluster Membership: term:0 index:0 nodes: id=3,voting=0,active=1,addr=-
3261034:M 08 Jan 2024 20:17:04.029 * <raft> Test network starting message polling thread
3261034:M 08 Jan 2024 20:17:04.029 * <raft> Cluster Membership: term:0 index:5 nodes: id=3,voting=0,active=1,addr=- id=1,voting=1,active=1,addr=localhost:5071
3261034:M 08 Jan 2024 20:17:04.029 * <raft> Cluster Membership: term:0 index:5 nodes: id=3,voting=0,active=1,addr=- id=1,voting=1,active=1,addr=localhost:5071 id=2,voting=0,active=1,addr=localhost:5072
3261034:M 08 Jan 2024 20:17:04.029 * <raft> Raft state after loading log: log_count=5, first_idx=1, current_idx=5, last_applied_idx=0
3261034:M 08 Jan 2024 20:17:04.029 . <raft> Raft term=1, vote=-1
3261034:M 08 Jan 2024 20:17:04.048 - Client closed connection id=9 addr=127.0.0.1:42694 laddr=127.0.0.1:5073 fd=12 name= age=1 idle=1 flags=N db=0 sub=0 psub=0 ssub=0 multi=-1 qbuf=0 qbuf-free=20474 argv-mem=0 multi-mem=0 rbs=16384 rbp=0 obl=0 oll=0 omem=0 tot-mem=37760 events=r cmd=auth user=default redir=-1 resp=2 lib-name= lib-ver=
3261034:M 08 Jan 2024 20:17:04.330 * <raft> State change: Election starting, node is now a pre-candidate, term 1
3261034:M 08 Jan 2024 20:17:04.330 * <raft> Cluster Membership: term:1 index:5 nodes: id=3,voting=1,active=1,addr=- id=1,voting=1,active=1,addr=localhost:5071 id=2,voting=0,active=1,addr=localhost:5072
3261034:M 08 Jan 2024 20:17:04.366 * <raft> State change: Node is now a candidate, term 2
3261034:M 08 Jan 2024 20:17:04.366 * <raft> Cluster Membership: term:2 index:5 nodes: id=3,voting=1,active=1,addr=- id=1,voting=1,active=1,addr=localhost:5071 id=2,voting=0,active=1,addr=localhost:5072
3261034:M 08 Jan 2024 20:17:04.405 - Client closed connection id=8 addr=127.0.0.1:42688 laddr=127.0.0.1:5073 fd=11 name= age=1 idle=1 flags=N db=0 sub=0 psub=0 ssub=0 multi=-1 qbuf=0 qbuf-free=20474 argv-mem=0 multi-mem=0 rbs=1024 rbp=0 obl=0 oll=0 omem=0 tot-mem=22400 events=r cmd=auth user=default redir=-1 resp=2 lib-name= lib-ver=
3261034:signal-handler (1704741424) Received SIGINT scheduling shutdown...
3261034:signal-handler (1704741424) You insist... exiting now.
3261378:C 08 Jan 2024 20:17:04.730 # WARNING Memory overcommit must be enabled! Without it, a background save or replication may fail under low memory condition. Being disabled, it can also cause failures without low memory condition, see https://github.com/jemalloc/jemalloc/issues/1328. To fix this issue add 'vm.overcommit_memory = 1' to /etc/sysctl.conf and then reboot or run the command 'sysctl vm.overcommit_memory=1' for this to take effect.
3261378:C 08 Jan 2024 20:17:04.730 * oO0OoO0OoO0Oo Redis is starting oO0OoO0OoO0Oo
3261378:C 08 Jan 2024 20:17:04.730 * Redis version=255.255.255, bits=64, commit=e04ebdb8, modified=1, pid=3261378, just started
3261378:C 08 Jan 2024 20:17:04.730 * Configuration loaded
3261378:M 08 Jan 2024 20:17:04.731 * monotonic clock: POSIX clock_gettime
3261378:M 08 Jan 2024 20:17:04.731 * Running mode=standalone, port=5073.
3261378:M 08 Jan 2024 20:17:04.737 * <raft> RedisRaft version 255.255.255 [b779b199]
3261378:M 08 Jan 2024 20:17:04.741 * <raft> Initializing test network
3261378:M 08 Jan 2024 20:17:04.742 * <raft> Created test network client
3261378:M 08 Jan 2024 20:17:04.747 * <raft> Raft module loaded, state is 'loading'
3261378:M 08 Jan 2024 20:17:04.747 * Module 'raft' loaded from /home/snagendra/Fuzzing/redisraft-fuzzing/redisraft.so
3261378:M 08 Jan 2024 20:17:04.748 * Server initialized
3261378:M 08 Jan 2024 20:17:04.748 . The AOF directory appendonlydir doesn't exist
3261378:M 08 Jan 2024 20:17:04.748 * Ready to accept connections tcp
3261378:M 08 Jan 2024 20:17:04.748 . 0 clients connected (0 replicas), 1746624 bytes in use
3261378:M 08 Jan 2024 20:17:04.847 * <raft> Loading: Redis loading complete, snapshot NOT LOADED
3261378:M 08 Jan 2024 20:17:04.847 * <raft> Cluster Membership: term:0 index:0 nodes: id=3,voting=0,active=1,addr=-
3261378:M 08 Jan 2024 20:17:04.848 * <raft> Test network starting message polling thread
3261378:M 08 Jan 2024 20:17:04.848 * <raft> Cluster Membership: term:0 index:5 nodes: id=3,voting=0,active=1,addr=- id=1,voting=1,active=1,addr=localhost:5071
3261378:M 08 Jan 2024 20:17:04.848 * <raft> Cluster Membership: term:0 index:5 nodes: id=3,voting=0,active=1,addr=- id=1,voting=1,active=1,addr=localhost:5071 id=2,voting=0,active=1,addr=localhost:5072


=== REDIS BUG REPORT START: Cut & paste starting from here ===
3261378:M 08 Jan 2024 20:17:04.848 # === ASSERTION FAILED ===
3261378:M 08 Jan 2024 20:17:04.848 # ==> /home/snagendra/Fuzzing/redisraft-fuzzing/src/log.c:509 'ety != NULL' is not true
3261378:M 08 Jan 2024 20:17:04.848 # === ASSERTION FAILED ===
3261378:M 08 Jan 2024 20:17:04.848 # ==> /home/snagendra/Fuzzing/redisraft-fuzzing/src/log.c:509 'ety != NULL' is not true

------ STACK TRACE ------

Backtrace:

------ STACK TRACE ------

Backtrace:
/home/snagendra/Fuzzing/redisraft-fuzzing/redisraft.so(+0x25e00)[0x7ffae839de00]
/home/snagendra/Fuzzing/redisraft-fuzzing/redisraft.so(+0x25e00)[0x7ffae839de00]
/home/snagendra/Fuzzing/redisraft-fuzzing/redisraft.so(LogGet+0x60)[0x7ffae839f1b0]
/home/snagendra/Fuzzing/redisraft-fuzzing/redisraft.so(LogGet+0x60)[0x7ffae839f1b0]
/home/snagendra/Fuzzing/redisraft-fuzzing/redisraft.so(+0x272ef)[0x7ffae839f2ef]
/home/snagendra/Fuzzing/redisraft-fuzzing/redisraft.so(raft_get_entry_from_idx+0x1a)[0x7ffae83b345a]
/home/snagendra/Fuzzing/redisraft-fuzzing/redisraft.so(raft_get_last_log_term+0x36)[0x7ffae83b9346]
/home/snagendra/Fuzzing/redisraft-fuzzing/redisraft.so(raft_recv_requestvote+0x16f)[0x7ffae83b408f]
/home/snagendra/Fuzzing/redisraft-fuzzing/redisraft.so(+0x272ef)[0x7ffae839f2ef]
/home/snagendra/Fuzzing/redisraft-fuzzing/redisraft.so(raft_restore_log+0x54)[0x7ffae83b88d4]
/home/snagendra/Fuzzing/redisraft-fuzzing/redisraft.so(handleTestNetworkMessage+0x1a2)[0x7ffae83ad512]
/home/snagendra/Fuzzing/redisraft-fuzzing/redisraft.so(callRaftPeriodic+0x131)[0x7ffae83a4d41]
/home/snagendra/Fuzzing/redis/src/redis-server 0.0.0.0:5073(moduleTimerHandler+0x21c)[0x55a78f80398c]
/home/snagendra/Fuzzing/redisraft-fuzzing/redisraft.so(poll_redis_test_messages+0x89)[0x7ffae83ad5c9]
/lib/x86_64-linux-gnu/libc.so.6(+0x89044)[0x7ffae94ef044]
/lib/x86_64-linux-gnu/libc.so.6(+0x10961c)[0x7ffae956f61c]

------ INFO OUTPUT ------
/home/snagendra/Fuzzing/redis/src/redis-server 0.0.0.0:5073(+0x81705)[0x55a78f70d705]
/home/snagendra/Fuzzing/redis/src/redis-server 0.0.0.0:5073(aeMain+0x1c8)[0x55a78f717cb8]
/home/snagendra/Fuzzing/redis/src/redis-server 0.0.0.0:5073(main+0x3cd)[0x55a78f70ce2d]
/lib/x86_64-linux-gnu/libc.so.6(+0x271ca)[0x7ffae948d1ca]
/lib/x86_64-linux-gnu/libc.so.6(__libc_start_main+0x85)[0x7ffae948d285]
/home/snagendra/Fuzzing/redis/src/redis-server 0.0.0.0:5073(_start+0x2a)[0x55a78f70d5aa]

------ INFO OUTPUT ------
# Server
redis_version:255.255.255
redis_git_sha1:e04ebdb8
redis_git_dirty:1
redis_build_id:1f78dcc7b4fbdd25
redis_mode:standalone
os:Linux 6.1.60.1.amd64-smp x86_64
arch_bits:64
monotonic_clock:POSIX clock_gettime
multiplexing_api:epoll
atomicvar_api:c11-builtin
gcc_version:10.2.1
process_id:3261378
process_supervised:no
run_id:0c92913c4fc8c9fbc9e001b2c57bac9343badbec
tcp_port:5073
server_time_usec:1704741424847271
uptime_in_seconds:0
uptime_in_days:0
hz:10
configured_hz:10
lru_clock:10242608
executable:/home/snagendra/Fuzzing/redis/src/redis-server
config_file:
io_threads_active:0
listener0:name=tcp,bind=0.0.0.0,port=5073

# Clients
connected_clients:0
cluster_connections:0
maxclients:10000
client_recent_max_input_buffer:0
client_recent_max_output_buffer:0
blocked_clients:0
tracking_clients:0
clients_in_timeout_table:0
total_blocking_keys:0
total_blocking_keys_on_nokey:0

# Memory
used_memory:1755840
used_memory_human:1.67M
used_memory_rss:17604608
used_memory_rss_human:16.79M
used_memory_peak:1755840
used_memory_peak_human:1.67M
used_memory_peak_perc:100.53%
used_memory_overhead:1746664
used_memory_startup:1746480
used_memory_dataset:9176
used_memory_dataset_perc:98.03%
allocator_allocated:2059544
allocator_active:2592768
allocator_resident:10887168
total_system_memory:270388695040
total_system_memory_human:251.82G
used_memory_lua:31744
used_memory_vm_eval:31744
used_memory_lua_human:31.00K
used_memory_scripts_eval:0
number_of_cached_scripts:0
number_of_functions:0
number_of_libraries:0
used_memory_vm_functions:32768
used_memory_vm_total:64512
used_memory_vm_total_human:63.00K
used_memory_functions:184
used_memory_scripts:184
used_memory_scripts_human:184B
maxmemory:0
maxmemory_human:0B
maxmemory_policy:noeviction
allocator_frag_ratio:1.26
allocator_frag_bytes:533224
allocator_rss_ratio:4.20
allocator_rss_bytes:8294400
rss_overhead_ratio:1.62
rss_overhead_bytes:6717440
mem_fragmentation_ratio:10.08
mem_fragmentation_bytes:15857984
mem_not_counted_for_evict:0
mem_replication_backlog:0
mem_total_replication_buffers:0
mem_clients_slaves:0
mem_clients_normal:0
mem_cluster_links:0
mem_aof_buffer:0
mem_allocator:jemalloc-5.3.0
active_defrag_running:0
lazyfree_pending_objects:0
lazyfreed_objects:0

# Persistence
loading:0
async_loading:0
current_cow_peak:0
current_cow_size:0
current_cow_size_age:0
current_fork_perc:0.00
current_save_keys_processed:0
current_save_keys_total:0
rdb_changes_since_last_save:0
rdb_bgsave_in_progress:0
rdb_last_save_time:1704741424
rdb_last_bgsave_status:ok
rdb_last_bgsave_time_sec:-1
rdb_current_bgsave_time_sec:-1
rdb_saves:0
rdb_last_cow_size:0
rdb_last_load_keys_expired:0
rdb_last_load_keys_loaded:0
aof_enabled:0
aof_rewrite_in_progress:0
aof_rewrite_scheduled:0
aof_last_rewrite_time_sec:-1
aof_current_rewrite_time_sec:-1
aof_last_bgrewrite_status:ok
aof_rewrites:0
aof_rewrites_consecutive_failures:0
aof_last_write_status:ok
aof_last_cow_size:0
module_fork_in_progress:0
module_fork_last_cow_size:0

# Stats
total_connections_received:0
total_commands_processed:6
instantaneous_ops_per_sec:22
total_net_input_bytes:0
total_net_output_bytes:0
total_net_repl_input_bytes:0
total_net_repl_output_bytes:0
instantaneous_input_kbps:0.00
instantaneous_output_kbps:0.00
instantaneous_input_repl_kbps:0.00
instantaneous_output_repl_kbps:0.00
rejected_connections:0
sync_full:0
sync_partial_ok:0
sync_partial_err:0
expired_keys:0
expired_stale_perc:0.00
expired_time_cap_reached_count:0
expire_cycle_cpu_milliseconds:0
evicted_keys:0
evicted_clients:0
total_eviction_exceeded_time:0
current_eviction_exceeded_time:0
keyspace_hits:0
keyspace_misses:0
pubsub_channels:0
pubsub_patterns:0
pubsubshard_channels:0
latest_fork_usec:0
total_forks:0
migrate_cached_sockets:0
slave_expires_tracked_keys:0
active_defrag_hits:0
active_defrag_misses:0
active_defrag_key_hits:0
active_defrag_key_misses:0
total_active_defrag_time:0
current_active_defrag_time:0
tracking_total_keys:0
tracking_total_items:0
tracking_total_prefixes:0
unexpected_error_replies:0
total_error_replies:0
dump_payload_sanitizations:0
total_reads_processed:0
total_writes_processed:0
io_threaded_reads_processed:0
io_threaded_writes_processed:0
reply_buffer_shrinks:0
reply_buffer_expands:0
acl_access_denied_auth:0
acl_access_denied_cmd:0
acl_access_denied_key:0
acl_access_denied_channel:0

# Replication
role:master
connected_slaves:0
master_failover_state:no-failover
master_replid:ef5e3ae2027e66f3ab6a72867a3223918241022a
master_replid2:0000000000000000000000000000000000000000
master_repl_offset:0
second_repl_offset:-1
repl_backlog_active:0
repl_backlog_size:1048576
repl_backlog_first_byte_offset:0
repl_backlog_histlen:0

# CPU
used_cpu_sys:0.004571
used_cpu_user:0.013714
used_cpu_sys_children:0.000000
used_cpu_user_children:0.000000
used_cpu_sys_main_thread:0.000000
used_cpu_user_main_thread:0.000864

# Modules
module:name=raft,ver=1,api=1,filters=1,usedby=[],using=[],options=[]

# Commandstats
cmdstat_config|get:calls=3,usec=5,usec_per_call=1.67,rejected_calls=0,failed_calls=0
cmdstat_config|set:calls=1,usec=7,usec_per_call=7.00,rejected_calls=0,failed_calls=0
cmdstat_command:calls=2,usec=1458,usec_per_call=729.00,rejected_calls=0,failed_calls=0

# Errorstats

# Latencystats
latency_percentiles_usec_config|get:p50=2.007,p99=2.007,p99.9=2.007
latency_percentiles_usec_config|set:p50=7.007,p99=7.007,p99.9=7.007
latency_percentiles_usec_command:p50=708.607,p99=753.663,p99.9=753.663

# Cluster
cluster_enabled:0

# Keyspace

------ CLIENT LIST OUTPUT ------

------ MODULES INFO OUTPUT ------
# Server
redis_version:255.255.255
redis_git_sha1:e04ebdb8
redis_git_dirty:1
redis_build_id:1f78dcc7b4fbdd25
redis_mode:standalone
os:Linux 6.1.60.1.amd64-smp x86_64
arch_bits:64
monotonic_clock:POSIX clock_gettime
multiplexing_api:epoll
atomicvar_api:c11-builtin
gcc_version:10.2.1
process_id:3261378
process_supervised:no
run_id:0c92913c4fc8c9fbc9e001b2c57bac9343badbec
tcp_port:5073
server_time_usec:1704741424847271
uptime_in_seconds:0
uptime_in_days:0
hz:10
configured_hz:10
lru_clock:10242608
executable:/home/snagendra/Fuzzing/redis/src/redis-server
config_file:
io_threads_active:0
listener0:name=tcp,bind=0.0.0.0,port=5073

# Clients
connected_clients:0
cluster_connections:0
maxclients:10000
client_recent_max_input_buffer:0
client_recent_max_output_buffer:0
blocked_clients:0
tracking_clients:0
clients_in_timeout_table:0
total_blocking_keys:0
total_blocking_keys_on_nokey:0

# Memory
used_memory:1768336
used_memory_human:1.69M
used_memory_rss:17604608
used_memory_rss_human:16.79M
used_memory_peak:1768336
used_memory_peak_human:1.69M
used_memory_peak_perc:100.71%
used_memory_overhead:1746664
used_memory_startup:1746480
used_memory_dataset:21672
used_memory_dataset_perc:99.16%
allocator_allocated:2059544
allocator_active:2592768
allocator_resident:10887168
total_system_memory:270388695040
total_system_memory_human:251.82G
used_memory_lua:31744
used_memory_vm_eval:31744
used_memory_lua_human:31.00K
used_memory_scripts_eval:0
number_of_cached_scripts:0
number_of_functions:0
number_of_libraries:0
used_memory_vm_functions:32768
used_memory_vm_total:64512
used_memory_vm_total_human:63.00K
used_memory_functions:184
used_memory_scripts:184
used_memory_scripts_human:184B
maxmemory:0
maxmemory_human:0B
maxmemory_policy:noeviction
allocator_frag_ratio:1.26
allocator_frag_bytes:533224
allocator_rss_ratio:4.20
allocator_rss_bytes:8294400
rss_overhead_ratio:1.62
rss_overhead_bytes:6717440
mem_fragmentation_ratio:10.08
mem_fragmentation_bytes:15857984
mem_not_counted_for_evict:0
mem_replication_backlog:0
mem_total_replication_buffers:0
mem_clients_slaves:0
mem_clients_normal:0
mem_cluster_links:0
mem_aof_buffer:0
mem_allocator:jemalloc-5.3.0
active_defrag_running:0
lazyfree_pending_objects:0
lazyfreed_objects:0

# Persistence
loading:0
async_loading:0
current_cow_peak:0
current_cow_size:0
current_cow_size_age:0
current_fork_perc:0.00
current_save_keys_processed:0
current_save_keys_total:0
rdb_changes_since_last_save:0
rdb_bgsave_in_progress:0
rdb_last_save_time:1704741424
rdb_last_bgsave_status:ok
rdb_last_bgsave_time_sec:-1
rdb_current_bgsave_time_sec:-1
rdb_saves:0
rdb_last_cow_size:0
rdb_last_load_keys_expired:0
rdb_last_load_keys_loaded:0
aof_enabled:0
aof_rewrite_in_progress:0
aof_rewrite_scheduled:0
aof_last_rewrite_time_sec:-1
aof_current_rewrite_time_sec:-1
aof_last_bgrewrite_status:ok
aof_rewrites:0
aof_rewrites_consecutive_failures:0
aof_last_write_status:ok
aof_last_cow_size:0
module_fork_in_progress:0
module_fork_last_cow_size:0

# Stats
total_connections_received:0
total_commands_processed:6
instantaneous_ops_per_sec:22
total_net_input_bytes:0
total_net_output_bytes:0
total_net_repl_input_bytes:0
total_net_repl_output_bytes:0
instantaneous_input_kbps:0.00
instantaneous_output_kbps:0.00
instantaneous_input_repl_kbps:0.00
instantaneous_output_repl_kbps:0.00
rejected_connections:0
sync_full:0
sync_partial_ok:0
sync_partial_err:0
expired_keys:0
expired_stale_perc:0.00
expired_time_cap_reached_count:0
expire_cycle_cpu_milliseconds:0
evicted_keys:0
evicted_clients:0
total_eviction_exceeded_time:0
current_eviction_exceeded_time:0
keyspace_hits:0
keyspace_misses:0
pubsub_channels:0
pubsub_patterns:0
pubsubshard_channels:0
latest_fork_usec:0
total_forks:0
migrate_cached_sockets:0
slave_expires_tracked_keys:0
active_defrag_hits:0
active_defrag_misses:0
active_defrag_key_hits:0
active_defrag_key_misses:0
total_active_defrag_time:0
current_active_defrag_time:0
tracking_total_keys:0
tracking_total_items:0
tracking_total_prefixes:0
unexpected_error_replies:0
total_error_replies:0
dump_payload_sanitizations:0
total_reads_processed:0
total_writes_processed:0
io_threaded_reads_processed:0
io_threaded_writes_processed:0
reply_buffer_shrinks:0
reply_buffer_expands:0
acl_access_denied_auth:0
acl_access_denied_cmd:0
acl_access_denied_key:0
acl_access_denied_channel:0

# Replication
role:master
connected_slaves:0
master_failover_state:no-failover
master_replid:ef5e3ae2027e66f3ab6a72867a3223918241022a
master_replid2:0000000000000000000000000000000000000000
master_repl_offset:0
second_repl_offset:-1
repl_backlog_active:0
repl_backlog_size:1048576
repl_backlog_first_byte_offset:0
repl_backlog_histlen:0

# CPU
used_cpu_sys:0.004571
used_cpu_user:0.014096
used_cpu_sys_children:0.000000
used_cpu_user_children:0.000000
used_cpu_sys_main_thread:0.003386
used_cpu_user_main_thread:0.013545

# Modules
module:name=raft,ver=1,api=1,filters=1,usedby=[],using=[],options=[]

# Commandstats
cmdstat_config|get:calls=3,usec=5,usec_per_call=1.67,rejected_calls=0,failed_calls=0
cmdstat_config|set:calls=1,usec=7,usec_per_call=7.00,rejected_calls=0,failed_calls=0
cmdstat_command:calls=2,usec=1458,usec_per_call=729.00,rejected_calls=0,failed_calls=0

# Errorstats

# Latencystats
latency_percentiles_usec_config|get:p50=2.007,p99=2.007,p99.9=2.007
latency_percentiles_usec_config|set:p50=7.007,p99=7.007,p99.9=7.007
latency_percentiles_usec_command:p50=708.607,p99=753.663,p99.9=753.663

# Cluster
cluster_enabled:0

# Keyspace

------ CLIENT LIST OUTPUT ------

------ MODULES INFO OUTPUT ------
3261378:M 08 Jan 2024 20:17:04.849 # === ASSERTION FAILED ===
3261378:M 08 Jan 2024 20:17:04.849 # ==> /home/snagendra/Fuzzing/redisraft-fuzzing/src/log.c:509 'ety != NULL' is not true

------ STACK TRACE ------

Backtrace:
# raft_version
raft_version:255.255.255
raft_git_sha1:b779b199

# raft_general
raft_dbid:dcc6f261369182aba8a256c4d2f85e5e
raft_node_id:3
raft_state:up
raft_role:follower
raft_is_voting:no
raft_voted_for:-1
raft_leader_id:-1
raft_current_term:0
raft_num_nodes:3
raft_num_voting_nodes:1
raft_node1:id=1,state=disconnected,voting=yes,addr=localhost,port=5071,last_conn_secs=-1,conn_errors=0,conn_oks=0
raft_node2:id=2,state=disconnected,voting=no,addr=localhost,port=5072,last_conn_secs=-1,conn_errors=0,conn_oks=0

# raft_log
raft_log_entries:5
raft_current_index:5
raft_commit_index:0
raft_last_applied_index:0
raft_file_size:1533
raft_cache_memory_size:0
raft_cache_entries:0
raft_client_attached_entries:0
raft_fsync_count:0
raft_fsync_max_microseconds:0
raft_entry1:term=1,id=1083010670,data_len=264
raft_entry2:term=1,id=2086457915,data_len=264
raft_entry3:term=1,id=1083010670,data_len=264
raft_entry4:term=1,id=236443503,data_len=264
raft_fsync_avg_microseconds:0

# raft_snapshot
raft_snapshot_filename:redis3.rdb
raft_snapshot_last_idx:0
raft_snapshot_last_term:0
raft_snapshot_size:0
raft_snapshot_time_secs:-1
raft_snapshots_created:0
raft_snapshots_received:0
raft_snapshot_in_progress:no
raft_snapshot_in_progress_last_idx:-1
raft_snapshot_in_progress_last_term:-1

# raft_clients
raft_proxy_reqs:0
raft_proxy_failed_reqs:0
raft_proxy_failed_responses:0
raft_proxy_outstanding_reqs:0

# raft_stats
raft_appendreq_received:0
raft_appendreq_with_entry_received:0
raft_snapshotreq_received:0
raft_exec_throttled:0
raft_num_sessions:0
/home/snagendra/Fuzzing/redisraft-fuzzing/redisraft.so(+0x25e00)[0x7ffae839de00]
/home/snagendra/Fuzzing/redisraft-fuzzing/redisraft.so(LogGet+0x60)[0x7ffae839f1b0]
/home/snagendra/Fuzzing/redisraft-fuzzing/redisraft.so(+0x2ee12)[0x7ffae83a6e12]
/home/snagendra/Fuzzing/redis/src/redis-server 0.0.0.0:5073(modulesCollectInfo+0x127)[0x55a78f8055a7]

------ CONFIG DEBUG OUTPUT ------
repl-diskless-load disabled
io-threads 1
lazyfree-lazy-server-del no
replica-read-only yes
lazyfree-lazy-expire no
io-threads-do-reads no
sanitize-dump-payload no
activedefrag no
list-compress-depth 0
client-query-buffer-limit 1gb
proto-max-bulk-len 512mb
repl-diskless-sync yes
lazyfree-lazy-user-del no
slave-read-only yes
lazyfree-lazy-eviction no
lazyfree-lazy-user-flush no

------ FAST MEMORY TEST ------
3261378:M 08 Jan 2024 20:17:04.849 # main thread terminated
3261378:M 08 Jan 2024 20:17:04.849 # Bio worker thread #0 terminated
3261378:M 08 Jan 2024 20:17:04.849 # Bio worker thread #1 terminated
3261378:M 08 Jan 2024 20:17:04.850 # Bio worker thread #2 terminated

Fast memory test PASSED, however your memory can still be broken. Please run a memory test for several hours if possible.

=== REDIS BUG REPORT END. Make sure to include from START to END. ===

       Please report the crash by opening an issue on github:

           http://github.com/redis/redis/issues

  If a Redis module was involved, please open in the module's repo instead.

  Suspect RAM error? Use redis-server --test-memory to verify it.

  Some other issues could be detected by redis-server --check-system
3261933:C 08 Jan 2024 20:17:05.643 # WARNING Memory overcommit must be enabled! Without it, a background save or replication may fail under low memory condition. Being disabled, it can also cause failures without low memory condition, see https://github.com/jemalloc/jemalloc/issues/1328. To fix this issue add 'vm.overcommit_memory = 1' to /etc/sysctl.conf and then reboot or run the command 'sysctl vm.overcommit_memory=1' for this to take effect.
3261933:C 08 Jan 2024 20:17:05.643 * oO0OoO0OoO0Oo Redis is starting oO0OoO0OoO0Oo
3261933:C 08 Jan 2024 20:17:05.643 * Redis version=255.255.255, bits=64, commit=e04ebdb8, modified=1, pid=3261933, just started
3261933:C 08 Jan 2024 20:17:05.643 * Configuration loaded
3261933:M 08 Jan 2024 20:17:05.644 * monotonic clock: POSIX clock_gettime
3261933:M 08 Jan 2024 20:17:05.645 * Running mode=standalone, port=5073.
3261933:M 08 Jan 2024 20:17:05.652 * <raft> RedisRaft version 255.255.255 [b779b199]
3261933:M 08 Jan 2024 20:17:05.656 * <raft> Initializing test network
3261933:M 08 Jan 2024 20:17:05.657 * <raft> Created test network client
3261933:M 08 Jan 2024 20:17:05.659 * <raft> Raft module loaded, state is 'loading'
3261933:M 08 Jan 2024 20:17:05.659 * Module 'raft' loaded from /home/snagendra/Fuzzing/redisraft-fuzzing/redisraft.so
3261933:M 08 Jan 2024 20:17:05.660 * Server initialized
3261933:M 08 Jan 2024 20:17:05.660 . The AOF directory appendonlydir doesn't exist
3261933:M 08 Jan 2024 20:17:05.660 * Ready to accept connections tcp
3261933:M 08 Jan 2024 20:17:05.660 . 0 clients connected (0 replicas), 1746688 bytes in use
3261933:M 08 Jan 2024 20:17:05.671 - Accepted 127.0.0.1:42710
3261933:M 08 Jan 2024 20:17:05.671 # Missing implement of connection type tls
3261933:M 08 Jan 2024 20:17:05.759 * <raft> Loading: Redis loading complete, snapshot NOT LOADED
3261933:M 08 Jan 2024 20:17:05.760 * <raft> Cluster Membership: term:0 index:0 nodes: id=3,voting=0,active=1,addr=-
3261933:M 08 Jan 2024 20:17:05.760 * <raft> Test network starting message polling thread
3261933:M 08 Jan 2024 20:17:05.760 * <raft> Cluster Membership: term:0 index:5 nodes: id=3,voting=0,active=1,addr=- id=1,voting=1,active=1,addr=localhost:5071
3261933:M 08 Jan 2024 20:17:05.761 * <raft> Cluster Membership: term:0 index:5 nodes: id=3,voting=0,active=1,addr=- id=1,voting=1,active=1,addr=localhost:5071 id=2,voting=0,active=1,addr=localhost:5072
3261933:M 08 Jan 2024 20:17:05.761 * <raft> Raft state after loading log: log_count=5, first_idx=1, current_idx=5, last_applied_idx=0
3261933:M 08 Jan 2024 20:17:05.761 . <raft> Raft term=2, vote=3
3261933:M 08 Jan 2024 20:17:05.823 - Accepted 127.0.0.1:42724
3261933:M 08 Jan 2024 20:17:05.961 - Client closed connection id=9 addr=127.0.0.1:42724 laddr=127.0.0.1:5073 fd=14 name= age=0 idle=0 flags=N db=0 sub=0 psub=0 ssub=0 multi=-1 qbuf=0 qbuf-free=20474 argv-mem=0 multi-mem=0 rbs=16384 rbp=0 obl=0 oll=0 omem=0 tot-mem=37760 events=r cmd=auth user=default redir=-1 resp=2 lib-name= lib-ver=
3261933:M 08 Jan 2024 20:17:05.983 - Client closed connection id=8 addr=127.0.0.1:42710 laddr=127.0.0.1:5073 fd=11 name= age=0 idle=0 flags=N db=0 sub=0 psub=0 ssub=0 multi=-1 qbuf=0 qbuf-free=20474 argv-mem=0 multi-mem=0 rbs=1024 rbp=0 obl=0 oll=0 omem=0 tot-mem=22400 events=r cmd=auth user=default redir=-1 resp=2 lib-name= lib-ver=
3261933:signal-handler (1704741425) Received SIGINT scheduling shutdown...
3261933:signal-handler (1704741425) You insist... exiting now.

----- Stderr -----
libgcov profiling error:/home/snagendra/Fuzzing/redisraft-fuzzing/build/deps/raft/CMakeFiles/raft.dir/src/raft_server.c.gcda:Merge mismatch for function 60
libgcov profiling error:/home/snagendra/Fuzzing/redisraft-fuzzing/build/deps/raft/CMakeFiles/raft.dir/src/raft_server.c.gcda:Merge mismatch for function 60
libgcov profiling error:/home/snagendra/Fuzzing/redisraft-fuzzing/build/deps/raft/CMakeFiles/raft.dir/src/raft_server.c.gcda:Merge mismatch for function 60



