logs for node: 1

----- Stdout -----
3671443:C 08 Jan 2024 23:06:10.317 # WARNING Memory overcommit must be enabled! Without it, a background save or replication may fail under low memory condition. Being disabled, it can also cause failures without low memory condition, see https://github.com/jemalloc/jemalloc/issues/1328. To fix this issue add 'vm.overcommit_memory = 1' to /etc/sysctl.conf and then reboot or run the command 'sysctl vm.overcommit_memory=1' for this to take effect.
3671443:C 08 Jan 2024 23:06:10.317 * oO0OoO0OoO0Oo Redis is starting oO0OoO0OoO0Oo
3671443:C 08 Jan 2024 23:06:10.317 * Redis version=255.255.255, bits=64, commit=e04ebdb8, modified=1, pid=3671443, just started
3671443:C 08 Jan 2024 23:06:10.317 * Configuration loaded
3671443:M 08 Jan 2024 23:06:10.318 * monotonic clock: POSIX clock_gettime
3671443:M 08 Jan 2024 23:06:10.318 * Running mode=standalone, port=5061.
3671443:M 08 Jan 2024 23:06:10.325 * <raft> RedisRaft version 255.255.255 [b779b199]
3671443:M 08 Jan 2024 23:06:10.330 * <raft> Initializing test network
3671443:M 08 Jan 2024 23:06:10.331 * <raft> Created test network client
3671443:M 08 Jan 2024 23:06:10.332 * <raft> Raft module loaded, state is 'uninitialized'
3671443:M 08 Jan 2024 23:06:10.332 * Module 'raft' loaded from /home/snagendra/Fuzzing/redisraft-fuzzing/redisraft.so
3671443:M 08 Jan 2024 23:06:10.332 * Server initialized
3671443:M 08 Jan 2024 23:06:10.333 . The AOF directory appendonlydir doesn't exist
3671443:M 08 Jan 2024 23:06:10.334 * Ready to accept connections tcp
3671443:M 08 Jan 2024 23:06:10.334 . 0 clients connected (0 replicas), 1726224 bytes in use
3671443:M 08 Jan 2024 23:06:10.350 - Accepted 127.0.0.1:38086
3671443:M 08 Jan 2024 23:06:10.350 # Missing implement of connection type tls
3671443:M 08 Jan 2024 23:06:10.357 * <raft> Cluster Membership: term:0 index:0 nodes: id=1,voting=0,active=1,addr=-
3671443:M 08 Jan 2024 23:06:10.364 * <raft> State change: Node is now a leader, term 1
3671443:M 08 Jan 2024 23:06:10.364 * <raft> Cluster Membership: term:1 index:1 nodes: id=1,voting=0,active=1,addr=-
3671443:M 08 Jan 2024 23:06:10.364 * <raft> Test network starting message polling thread
3671443:M 08 Jan 2024 23:06:10.364 * <raft> Raft Cluster initialized, node id: 1, dbid: ad3426184709f5eedea38e664b3b4635
3671443:M 08 Jan 2024 23:06:10.484 - Accepted 127.0.0.1:38098
3671443:M 08 Jan 2024 23:06:10.484 * <raft> Cluster Membership: term:1 index:3 nodes: id=1,voting=1,active=1,addr=- id=2,voting=0,active=1,addr=localhost:5062
3671443:M 08 Jan 2024 23:06:10.491 - Client closed connection id=9 addr=127.0.0.1:38098 laddr=127.0.0.1:5061 fd=12 name= age=0 idle=0 flags=N db=0 sub=0 psub=0 ssub=0 multi=-1 qbuf=0 qbuf-free=20474 argv-mem=0 multi-mem=0 rbs=16384 rbp=16384 obl=0 oll=0 omem=0 tot-mem=37760 events=r cmd=raft.node user=default redir=-1 resp=2 lib-name= lib-ver=
3671443:M 08 Jan 2024 23:06:10.609 - Accepted 127.0.0.1:38110
3671443:M 08 Jan 2024 23:06:10.610 * <raft> Cluster Membership: term:1 index:4 nodes: id=1,voting=1,active=1,addr=- id=2,voting=0,active=1,addr=localhost:5062 id=3,voting=0,active=1,addr=localhost:5063
3671443:M 08 Jan 2024 23:06:10.617 - Client closed connection id=10 addr=127.0.0.1:38110 laddr=127.0.0.1:5061 fd=13 name= age=0 idle=0 flags=N db=0 sub=0 psub=0 ssub=0 multi=-1 qbuf=0 qbuf-free=20474 argv-mem=0 multi-mem=0 rbs=16384 rbp=16384 obl=0 oll=0 omem=0 tot-mem=37760 events=r cmd=raft.node user=default redir=-1 resp=2 lib-name= lib-ver=
3671443:M 08 Jan 2024 23:06:11.085 - Accepted 127.0.0.1:38114
3671443:signal-handler (1704751571) Received SIGINT scheduling shutdown...
3671443:signal-handler (1704751571) You insist... exiting now.
3672466:C 08 Jan 2024 23:06:12.519 # WARNING Memory overcommit must be enabled! Without it, a background save or replication may fail under low memory condition. Being disabled, it can also cause failures without low memory condition, see https://github.com/jemalloc/jemalloc/issues/1328. To fix this issue add 'vm.overcommit_memory = 1' to /etc/sysctl.conf and then reboot or run the command 'sysctl vm.overcommit_memory=1' for this to take effect.
3672466:C 08 Jan 2024 23:06:12.519 * oO0OoO0OoO0Oo Redis is starting oO0OoO0OoO0Oo
3672466:C 08 Jan 2024 23:06:12.519 * Redis version=255.255.255, bits=64, commit=e04ebdb8, modified=1, pid=3672466, just started
3672466:C 08 Jan 2024 23:06:12.519 * Configuration loaded
3672466:M 08 Jan 2024 23:06:12.520 * monotonic clock: POSIX clock_gettime
3672466:M 08 Jan 2024 23:06:12.520 * Running mode=standalone, port=5061.
3672466:M 08 Jan 2024 23:06:12.527 * <raft> RedisRaft version 255.255.255 [b779b199]
3672466:M 08 Jan 2024 23:06:12.532 * <raft> Initializing test network
3672466:M 08 Jan 2024 23:06:12.533 * <raft> Created test network client
3672466:M 08 Jan 2024 23:06:12.536 * <raft> Raft module loaded, state is 'loading'
3672466:M 08 Jan 2024 23:06:12.536 * Module 'raft' loaded from /home/snagendra/Fuzzing/redisraft-fuzzing/redisraft.so
3672466:M 08 Jan 2024 23:06:12.537 * Server initialized
3672466:M 08 Jan 2024 23:06:12.537 . The AOF directory appendonlydir doesn't exist
3672466:M 08 Jan 2024 23:06:12.537 * Ready to accept connections tcp
3672466:M 08 Jan 2024 23:06:12.537 . 0 clients connected (0 replicas), 1746656 bytes in use
3672466:M 08 Jan 2024 23:06:12.637 * <raft> Loading: Redis loading complete, snapshot NOT LOADED
3672466:M 08 Jan 2024 23:06:12.637 * <raft> Cluster Membership: term:0 index:0 nodes: id=1,voting=0,active=1,addr=-
3672466:M 08 Jan 2024 23:06:12.637 * <raft> Test network starting message polling thread
3672466:M 08 Jan 2024 23:06:12.638 * <raft> Cluster Membership: term:0 index:5 nodes: id=1,voting=1,active=1,addr=- id=2,voting=0,active=1,addr=localhost:5062
3672466:M 08 Jan 2024 23:06:12.638 * <raft> Cluster Membership: term:0 index:5 nodes: id=1,voting=1,active=1,addr=- id=2,voting=0,active=1,addr=localhost:5062 id=3,voting=0,active=1,addr=localhost:5063
3672466:M 08 Jan 2024 23:06:12.638 * <raft> Raft state after loading log: log_count=5, first_idx=1, current_idx=5, last_applied_idx=0
3672466:M 08 Jan 2024 23:06:12.638 . <raft> Raft term=1, vote=-1
3672466:M 08 Jan 2024 23:06:12.644 * <raft> State change: Node is now a leader, term 2
3672466:M 08 Jan 2024 23:06:12.645 * <raft> Cluster Membership: term:2 index:6 nodes: id=1,voting=1,active=1,addr=- id=2,voting=0,active=1,addr=localhost:5062 id=3,voting=0,active=1,addr=localhost:5063
3672466:M 08 Jan 2024 23:06:12.700 - Accepted 127.0.0.1:38484
3672466:M 08 Jan 2024 23:06:12.700 # Missing implement of connection type tls
3672466:M 08 Jan 2024 23:06:13.371 - Accepted 127.0.0.1:38496
3672466:signal-handler (1704751573) Received SIGINT scheduling shutdown...
3672466:signal-handler (1704751573) You insist... exiting now.

----- Stderr -----
libgcov profiling error:/home/snagendra/Fuzzing/redisraft-fuzzing/build/deps/raft/CMakeFiles/raft.dir/src/raft_server_properties.c.gcda:Merge mismatch for function 3
libgcov profiling error:/home/snagendra/Fuzzing/redisraft-fuzzing/build/deps/raft/CMakeFiles/raft.dir/src/raft_server.c.gcda:Merge mismatch for function 7
libgcov profiling error:/home/snagendra/Fuzzing/redisraft-fuzzing/build/deps/raft/CMakeFiles/raft.dir/src/raft_server_properties.c.gcda:Merge mismatch for function 3
libgcov profiling error:/home/snagendra/Fuzzing/redisraft-fuzzing/build/deps/raft/CMakeFiles/raft.dir/src/raft_server.c.gcda:Merge mismatch for function 7




logs for node: 2

----- Stdout -----
3671483:C 08 Jan 2024 23:06:10.368 # WARNING Memory overcommit must be enabled! Without it, a background save or replication may fail under low memory condition. Being disabled, it can also cause failures without low memory condition, see https://github.com/jemalloc/jemalloc/issues/1328. To fix this issue add 'vm.overcommit_memory = 1' to /etc/sysctl.conf and then reboot or run the command 'sysctl vm.overcommit_memory=1' for this to take effect.
3671483:C 08 Jan 2024 23:06:10.368 * oO0OoO0OoO0Oo Redis is starting oO0OoO0OoO0Oo
3671483:C 08 Jan 2024 23:06:10.368 * Redis version=255.255.255, bits=64, commit=e04ebdb8, modified=1, pid=3671483, just started
3671483:C 08 Jan 2024 23:06:10.368 * Configuration loaded
3671483:M 08 Jan 2024 23:06:10.368 * monotonic clock: POSIX clock_gettime
3671483:M 08 Jan 2024 23:06:10.369 * Running mode=standalone, port=5062.
3671483:M 08 Jan 2024 23:06:10.375 * <raft> RedisRaft version 255.255.255 [b779b199]
3671483:M 08 Jan 2024 23:06:10.381 * <raft> Initializing test network
3671483:M 08 Jan 2024 23:06:10.381 * <raft> Created test network client
3671483:M 08 Jan 2024 23:06:10.383 * <raft> Raft module loaded, state is 'uninitialized'
3671483:M 08 Jan 2024 23:06:10.383 * Module 'raft' loaded from /home/snagendra/Fuzzing/redisraft-fuzzing/redisraft.so
3671483:M 08 Jan 2024 23:06:10.384 * Server initialized
3671483:M 08 Jan 2024 23:06:10.386 . The AOF directory appendonlydir doesn't exist
3671483:M 08 Jan 2024 23:06:10.387 * Ready to accept connections tcp
3671483:M 08 Jan 2024 23:06:10.387 . 0 clients connected (0 replicas), 1726224 bytes in use
3671483:M 08 Jan 2024 23:06:10.396 - Accepted 127.0.0.1:60896
3671483:M 08 Jan 2024 23:06:10.396 # Missing implement of connection type tls
3671483:M 08 Jan 2024 23:06:10.483 - <raft> join cluster, connecting to localhost:5061
3671483:M 08 Jan 2024 23:06:10.485 * <raft> Joined Raft cluster, node id: 2, dbid: ad3426184709f5eedea38e664b3b4635
3671483:M 08 Jan 2024 23:06:10.491 * <raft> Cluster Membership: term:0 index:0 nodes: id=2,voting=0,active=1,addr=-
3671483:M 08 Jan 2024 23:06:10.491 * <raft> Test network starting message polling thread
3671483:M 08 Jan 2024 23:06:10.533 - Accepted 127.0.0.1:60912
3671483:M 08 Jan 2024 23:06:10.884 * <raft> State change: Election starting, node is now a pre-candidate, term 0
3671483:M 08 Jan 2024 23:06:10.884 * <raft> Cluster Membership: term:0 index:0 nodes: id=2,voting=0,active=1,addr=-
3671483:M 08 Jan 2024 23:06:11.067 * <raft> State change: Node is now a follower, term 1
3671483:M 08 Jan 2024 23:06:11.067 * <raft> Cluster Membership: term:1 index:0 nodes: id=2,voting=0,active=1,addr=-
3671483:M 08 Jan 2024 23:06:11.068 * <raft> Cluster Membership: term:1 index:2 nodes: id=2,voting=0,active=1,addr=- id=1,voting=1,active=1,addr=localhost:5061
3671483:M 08 Jan 2024 23:06:11.286 * <raft> State change: Election starting, node is now a pre-candidate, term 1
3671483:M 08 Jan 2024 23:06:11.286 * <raft> Cluster Membership: term:1 index:3 nodes: id=2,voting=0,active=1,addr=- id=1,voting=1,active=1,addr=localhost:5061
3671483:M 08 Jan 2024 23:06:11.425 * <raft> State change: Node is now a follower, term 1
3671483:M 08 Jan 2024 23:06:11.425 * <raft> Cluster Membership: term:1 index:3 nodes: id=2,voting=0,active=1,addr=- id=1,voting=1,active=1,addr=localhost:5061
3671483:M 08 Jan 2024 23:06:11.426 * <raft> Cluster Membership: term:1 index:4 nodes: id=2,voting=0,active=1,addr=- id=1,voting=1,active=1,addr=localhost:5061 id=3,voting=0,active=1,addr=localhost:5063
3671483:M 08 Jan 2024 23:06:11.713 - Client closed connection id=9 addr=127.0.0.1:60912 laddr=127.0.0.1:5062 fd=10 name= age=1 idle=1 flags=N db=0 sub=0 psub=0 ssub=0 multi=-1 qbuf=0 qbuf-free=20474 argv-mem=0 multi-mem=0 rbs=1024 rbp=0 obl=0 oll=0 omem=0 tot-mem=22400 events=r cmd=auth user=default redir=-1 resp=2 lib-name= lib-ver=
3671483:M 08 Jan 2024 23:06:11.789 * <raft> State change: Election starting, node is now a pre-candidate, term 1
3671483:M 08 Jan 2024 23:06:11.789 * <raft> Cluster Membership: term:1 index:4 nodes: id=2,voting=0,active=1,addr=- id=1,voting=1,active=1,addr=localhost:5061 id=3,voting=0,active=1,addr=localhost:5063
3671483:M 08 Jan 2024 23:06:12.090 * <raft> State change: Election starting, node is now a pre-candidate, term 1
3671483:M 08 Jan 2024 23:06:12.090 * <raft> Cluster Membership: term:1 index:4 nodes: id=2,voting=0,active=1,addr=- id=1,voting=1,active=1,addr=localhost:5061 id=3,voting=0,active=1,addr=localhost:5063
3671483:signal-handler (1704751572) Received SIGINT scheduling shutdown...
3671483:signal-handler (1704751572) You insist... exiting now.
3672688:C 08 Jan 2024 23:06:13.252 # WARNING Memory overcommit must be enabled! Without it, a background save or replication may fail under low memory condition. Being disabled, it can also cause failures without low memory condition, see https://github.com/jemalloc/jemalloc/issues/1328. To fix this issue add 'vm.overcommit_memory = 1' to /etc/sysctl.conf and then reboot or run the command 'sysctl vm.overcommit_memory=1' for this to take effect.
3672688:C 08 Jan 2024 23:06:13.252 * oO0OoO0OoO0Oo Redis is starting oO0OoO0OoO0Oo
3672688:C 08 Jan 2024 23:06:13.252 * Redis version=255.255.255, bits=64, commit=e04ebdb8, modified=1, pid=3672688, just started
3672688:C 08 Jan 2024 23:06:13.252 * Configuration loaded
3672688:M 08 Jan 2024 23:06:13.253 * monotonic clock: POSIX clock_gettime
3672688:M 08 Jan 2024 23:06:13.253 * Running mode=standalone, port=5062.
3672688:M 08 Jan 2024 23:06:13.260 * <raft> RedisRaft version 255.255.255 [b779b199]
3672688:M 08 Jan 2024 23:06:13.265 * <raft> Initializing test network
3672688:M 08 Jan 2024 23:06:13.265 * <raft> Created test network client
3672688:M 08 Jan 2024 23:06:13.268 * <raft> Raft module loaded, state is 'loading'
3672688:M 08 Jan 2024 23:06:13.268 * Module 'raft' loaded from /home/snagendra/Fuzzing/redisraft-fuzzing/redisraft.so
3672688:M 08 Jan 2024 23:06:13.269 * Server initialized
3672688:M 08 Jan 2024 23:06:13.269 . The AOF directory appendonlydir doesn't exist
3672688:M 08 Jan 2024 23:06:13.269 * Ready to accept connections tcp
3672688:M 08 Jan 2024 23:06:13.269 . 0 clients connected (0 replicas), 1746688 bytes in use
3672688:M 08 Jan 2024 23:06:13.346 - Accepted 127.0.0.1:38276
3672688:M 08 Jan 2024 23:06:13.346 # Missing implement of connection type tls
3672688:M 08 Jan 2024 23:06:13.369 * <raft> Loading: Redis loading complete, snapshot NOT LOADED
3672688:M 08 Jan 2024 23:06:13.369 * <raft> Cluster Membership: term:0 index:0 nodes: id=2,voting=0,active=1,addr=-
3672688:M 08 Jan 2024 23:06:13.369 * <raft> Test network starting message polling thread
3672688:M 08 Jan 2024 23:06:13.370 * <raft> Cluster Membership: term:0 index:4 nodes: id=2,voting=0,active=1,addr=- id=1,voting=1,active=1,addr=localhost:5061
3672688:M 08 Jan 2024 23:06:13.370 * <raft> Cluster Membership: term:0 index:4 nodes: id=2,voting=0,active=1,addr=- id=1,voting=1,active=1,addr=localhost:5061 id=3,voting=0,active=1,addr=localhost:5063
3672688:M 08 Jan 2024 23:06:13.370 * <raft> Raft state after loading log: log_count=4, first_idx=1, current_idx=4, last_applied_idx=0
3672688:M 08 Jan 2024 23:06:13.370 . <raft> Raft term=1, vote=-1
3672688:M 08 Jan 2024 23:06:13.572 - Client closed connection id=8 addr=127.0.0.1:38276 laddr=127.0.0.1:5062 fd=11 name= age=0 idle=0 flags=N db=0 sub=0 psub=0 ssub=0 multi=-1 qbuf=0 qbuf-free=20474 argv-mem=0 multi-mem=0 rbs=1024 rbp=0 obl=0 oll=0 omem=0 tot-mem=22400 events=r cmd=auth user=default redir=-1 resp=2 lib-name= lib-ver=
3672688:signal-handler (1704751573) Received SIGINT scheduling shutdown...
3672688:signal-handler (1704751573) You insist... exiting now.

----- Stderr -----
libgcov profiling error:/home/snagendra/Fuzzing/redisraft-fuzzing/build/deps/raft/CMakeFiles/raft.dir/src/raft_server_properties.c.gcda:Merge mismatch for function 3
libgcov profiling error:/home/snagendra/Fuzzing/redisraft-fuzzing/build/deps/raft/CMakeFiles/raft.dir/src/raft_server.c.gcda:Merge mismatch for function 7
libgcov profiling error:/home/snagendra/Fuzzing/redisraft-fuzzing/build/deps/raft/CMakeFiles/raft.dir/src/raft_server_properties.c.gcda:Merge mismatch for function 3
libgcov profiling error:/home/snagendra/Fuzzing/redisraft-fuzzing/build/deps/raft/CMakeFiles/raft.dir/src/raft_server.c.gcda:Merge mismatch for function 7




logs for node: 3

----- Stdout -----
3671600:C 08 Jan 2024 23:06:10.494 # WARNING Memory overcommit must be enabled! Without it, a background save or replication may fail under low memory condition. Being disabled, it can also cause failures without low memory condition, see https://github.com/jemalloc/jemalloc/issues/1328. To fix this issue add 'vm.overcommit_memory = 1' to /etc/sysctl.conf and then reboot or run the command 'sysctl vm.overcommit_memory=1' for this to take effect.
3671600:C 08 Jan 2024 23:06:10.494 * oO0OoO0OoO0Oo Redis is starting oO0OoO0OoO0Oo
3671600:C 08 Jan 2024 23:06:10.494 * Redis version=255.255.255, bits=64, commit=e04ebdb8, modified=1, pid=3671600, just started
3671600:C 08 Jan 2024 23:06:10.494 * Configuration loaded
3671600:M 08 Jan 2024 23:06:10.495 * monotonic clock: POSIX clock_gettime
3671600:M 08 Jan 2024 23:06:10.495 * Running mode=standalone, port=5063.
3671600:M 08 Jan 2024 23:06:10.502 * <raft> RedisRaft version 255.255.255 [b779b199]
3671600:M 08 Jan 2024 23:06:10.507 * <raft> Initializing test network
3671600:M 08 Jan 2024 23:06:10.508 * <raft> Created test network client
3671600:M 08 Jan 2024 23:06:10.509 * <raft> Raft module loaded, state is 'uninitialized'
3671600:M 08 Jan 2024 23:06:10.509 * Module 'raft' loaded from /home/snagendra/Fuzzing/redisraft-fuzzing/redisraft.so
3671600:M 08 Jan 2024 23:06:10.509 * Server initialized
3671600:M 08 Jan 2024 23:06:10.510 . The AOF directory appendonlydir doesn't exist
3671600:M 08 Jan 2024 23:06:10.510 * Ready to accept connections tcp
3671600:M 08 Jan 2024 23:06:10.510 . 0 clients connected (0 replicas), 1726128 bytes in use
3671600:M 08 Jan 2024 23:06:10.546 - Accepted 127.0.0.1:44354
3671600:M 08 Jan 2024 23:06:10.546 # Missing implement of connection type tls
3671600:M 08 Jan 2024 23:06:10.609 - <raft> join cluster, connecting to localhost:5061
3671600:M 08 Jan 2024 23:06:10.610 * <raft> Joined Raft cluster, node id: 3, dbid: ad3426184709f5eedea38e664b3b4635
3671600:M 08 Jan 2024 23:06:10.617 * <raft> Cluster Membership: term:0 index:0 nodes: id=3,voting=0,active=1,addr=-
3671600:M 08 Jan 2024 23:06:10.617 * <raft> Test network starting message polling thread
3671600:M 08 Jan 2024 23:06:10.634 - Accepted 127.0.0.1:44356
3671600:signal-handler (1704751570) Received SIGINT scheduling shutdown...
3671600:signal-handler (1704751570) You insist... exiting now.
3672545:C 08 Jan 2024 23:06:12.824 # WARNING Memory overcommit must be enabled! Without it, a background save or replication may fail under low memory condition. Being disabled, it can also cause failures without low memory condition, see https://github.com/jemalloc/jemalloc/issues/1328. To fix this issue add 'vm.overcommit_memory = 1' to /etc/sysctl.conf and then reboot or run the command 'sysctl vm.overcommit_memory=1' for this to take effect.
3672545:C 08 Jan 2024 23:06:12.824 * oO0OoO0OoO0Oo Redis is starting oO0OoO0OoO0Oo
3672545:C 08 Jan 2024 23:06:12.824 * Redis version=255.255.255, bits=64, commit=e04ebdb8, modified=1, pid=3672545, just started
3672545:C 08 Jan 2024 23:06:12.824 * Configuration loaded
3672545:M 08 Jan 2024 23:06:12.824 * monotonic clock: POSIX clock_gettime
3672545:M 08 Jan 2024 23:06:12.825 * Running mode=standalone, port=5063.
3672545:M 08 Jan 2024 23:06:12.831 * <raft> RedisRaft version 255.255.255 [b779b199]
3672545:M 08 Jan 2024 23:06:12.835 * <raft> Initializing test network
3672545:M 08 Jan 2024 23:06:12.836 * <raft> Created test network client
3672545:M 08 Jan 2024 23:06:12.840 * <raft> Raft module loaded, state is 'loading'
3672545:M 08 Jan 2024 23:06:12.840 * Module 'raft' loaded from /home/snagendra/Fuzzing/redisraft-fuzzing/redisraft.so
3672545:M 08 Jan 2024 23:06:12.840 * Server initialized
3672545:M 08 Jan 2024 23:06:12.840 . The AOF directory appendonlydir doesn't exist
3672545:M 08 Jan 2024 23:06:12.840 * Ready to accept connections tcp
3672545:M 08 Jan 2024 23:06:12.840 . 0 clients connected (0 replicas), 1746816 bytes in use
3672545:M 08 Jan 2024 23:06:12.845 - Accepted 127.0.0.1:49722
3672545:M 08 Jan 2024 23:06:12.845 # Missing implement of connection type tls
3672545:M 08 Jan 2024 23:06:12.940 * <raft> Loading: Redis loading complete, snapshot NOT LOADED
3672545:M 08 Jan 2024 23:06:12.941 * <raft> Cluster Membership: term:0 index:0 nodes: id=3,voting=0,active=1,addr=-
3672545:M 08 Jan 2024 23:06:12.941 * <raft> Test network starting message polling thread


=== REDIS BUG REPORT START: Cut & paste starting from here ===
3672545:M 08 Jan 2024 23:06:12.941 # Redis 255.255.255 crashed by signal: 6, si_code: -6
3672545:M 08 Jan 2024 23:06:12.941 # Crashed running the instruction at: 0x7fc79bfd2d3c

------ STACK TRACE ------
EIP:
/lib/x86_64-linux-gnu/libc.so.6(+0x8ad3c)[0x7fc79bfd2d3c]

Backtrace:
/lib/x86_64-linux-gnu/libc.so.6(+0x3bfd0)[0x7fc79bf83fd0]
/lib/x86_64-linux-gnu/libc.so.6(+0x8ad3c)[0x7fc79bfd2d3c]
/lib/x86_64-linux-gnu/libc.so.6(gsignal+0x12)[0x7fc79bf83f32]
/lib/x86_64-linux-gnu/libc.so.6(abort+0xd3)[0x7fc79bf6e472]
/lib/x86_64-linux-gnu/libc.so.6(+0x26395)[0x7fc79bf6e395]
/lib/x86_64-linux-gnu/libc.so.6(+0x34e32)[0x7fc79bf7ce32]
/home/snagendra/Fuzzing/redisraft-fuzzing/redisraft.so(+0x3caea)[0x7fc79bef7aea]
/home/snagendra/Fuzzing/redisraft-fuzzing/redisraft.so(callRaftPeriodic+0x478)[0x7fc79bee8088]
/home/snagendra/Fuzzing/redis/src/redis-server 0.0.0.0:5063(moduleTimerHandler+0x21c)[0x563038de798c]
/home/snagendra/Fuzzing/redis/src/redis-server 0.0.0.0:5063(+0x81705)[0x563038cf1705]
/home/snagendra/Fuzzing/redis/src/redis-server 0.0.0.0:5063(aeMain+0x1c8)[0x563038cfbcb8]
/home/snagendra/Fuzzing/redis/src/redis-server 0.0.0.0:5063(main+0x3cd)[0x563038cf0e2d]
/lib/x86_64-linux-gnu/libc.so.6(+0x271ca)[0x7fc79bf6f1ca]
/lib/x86_64-linux-gnu/libc.so.6(__libc_start_main+0x85)[0x7fc79bf6f285]
/home/snagendra/Fuzzing/redis/src/redis-server 0.0.0.0:5063(_start+0x2a)[0x563038cf15aa]

------ REGISTERS ------
3672545:M 08 Jan 2024 23:06:12.942 # 
RAX:0000000000000000 RBX:00000000003809e1
RCX:00007fc79bfd2d3c RDX:0000000000000006
RDI:00000000003809e1 RSI:00000000003809e1
RBP:00007fc79bf441c0 RSP:00007ffd56c137f0
R8 :0000000000000007 R9 :0000563039842820
R10:0000000000000008 R11:0000000000000246
R12:0000000000000006 R13:00000000000006a6
R14:00007fc79bf2405c R15:0000563038de62b0
RIP:00007fc79bfd2d3c EFL:0000000000000246
CSGSFS:002b000000000033
3672545:M 08 Jan 2024 23:06:12.942 # (00007ffd56c137ff) -> 00005630398428d0
3672545:M 08 Jan 2024 23:06:12.942 # (00007ffd56c137fe) -> 00007fc79c11ac60
3672545:M 08 Jan 2024 23:06:12.942 # (00007ffd56c137fd) -> 00000000000002b1
3672545:M 08 Jan 2024 23:06:12.942 # (00007ffd56c137fc) -> 0000563039842820
3672545:M 08 Jan 2024 23:06:12.942 # (00007ffd56c137fb) -> 00000000000006a6
3672545:M 08 Jan 2024 23:06:12.942 # (00007ffd56c137fa) -> 0000000000000020
3672545:M 08 Jan 2024 23:06:12.942 # (00007ffd56c137f9) -> 00007fc79bf6e472
3672545:M 08 Jan 2024 23:06:12.942 # (00007ffd56c137f8) -> 00007fc79c11be70
3672545:M 08 Jan 2024 23:06:12.942 # (00007ffd56c137f7) -> 00007fc79bf83f32
3672545:M 08 Jan 2024 23:06:12.942 # (00007ffd56c137f6) -> 00007fc79bf2405c
3672545:M 08 Jan 2024 23:06:12.942 # (00007ffd56c137f5) -> 00000000000006a6
3672545:M 08 Jan 2024 23:06:12.942 # (00007ffd56c137f4) -> 00007fc79bf23720
3672545:M 08 Jan 2024 23:06:12.942 # (00007ffd56c137f3) -> 00007fc79bf441c0
3672545:M 08 Jan 2024 23:06:12.942 # (00007ffd56c137f2) -> 0000000000000006
3672545:M 08 Jan 2024 23:06:12.942 # (00007ffd56c137f1) -> 680773755c02db00
3672545:M 08 Jan 2024 23:06:12.942 # (00007ffd56c137f0) -> 0000563038de62b0

------ INFO OUTPUT ------
# Server
redis_version:255.255.255
redis_git_sha1:e04ebdb8
redis_git_dirty:1
redis_build_id:1f78dcc7b4fbdd25
redis_mode:standalone
os:Linux 6.1.60.1.amd64-smp x86_64
arch_bits:64
monotonic_clock:POSIX clock_gettime
multiplexing_api:epoll
atomicvar_api:c11-builtin
gcc_version:10.2.1
process_id:3672545
process_supervised:no
run_id:9b0f6545614d70ef459595cb04e37d3a9579f6b3
tcp_port:5063
server_time_usec:1704751572940717
uptime_in_seconds:0
uptime_in_days:0
hz:10
configured_hz:10
lru_clock:10252756
executable:/home/snagendra/Fuzzing/redis/src/redis-server
config_file:
io_threads_active:0
listener0:name=tcp,bind=0.0.0.0,port=5063

# Clients
connected_clients:1
cluster_connections:0
maxclients:10000
client_recent_max_input_buffer:0
client_recent_max_output_buffer:0
blocked_clients:0
tracking_clients:0
clients_in_timeout_table:0
total_blocking_keys:0
total_blocking_keys_on_nokey:0

# Memory
used_memory:1817024
used_memory_human:1.73M
used_memory_rss:17924096
used_memory_rss_human:17.09M
used_memory_peak:1817024
used_memory_peak_human:1.73M
used_memory_peak_perc:100.39%
used_memory_overhead:1746856
used_memory_startup:1746672
used_memory_dataset:70168
used_memory_dataset_perc:99.74%
allocator_allocated:2090336
allocator_active:2625536
allocator_resident:10752000
total_system_memory:270388695040
total_system_memory_human:251.82G
used_memory_lua:31744
used_memory_vm_eval:31744
used_memory_lua_human:31.00K
used_memory_scripts_eval:0
number_of_cached_scripts:0
number_of_functions:0
number_of_libraries:0
used_memory_vm_functions:32768
used_memory_vm_total:64512
used_memory_vm_total_human:63.00K
used_memory_functions:184
used_memory_scripts:184
used_memory_scripts_human:184B
maxmemory:0
maxmemory_human:0B
maxmemory_policy:noeviction
allocator_frag_ratio:1.26
allocator_frag_bytes:535200
allocator_rss_ratio:4.10
allocator_rss_bytes:8126464
rss_overhead_ratio:1.67
rss_overhead_bytes:7172096
mem_fragmentation_ratio:10.26
mem_fragmentation_bytes:16177280
mem_not_counted_for_evict:0
mem_replication_backlog:0
mem_total_replication_buffers:0
mem_clients_slaves:0
mem_clients_normal:0
mem_cluster_links:0
mem_aof_buffer:0
mem_allocator:jemalloc-5.3.0
active_defrag_running:0
lazyfree_pending_objects:0
lazyfreed_objects:0

# Persistence
loading:0
async_loading:0
current_cow_peak:0
current_cow_size:0
current_cow_size_age:0
current_fork_perc:0.00
current_save_keys_processed:0
current_save_keys_total:0
rdb_changes_since_last_save:0
rdb_bgsave_in_progress:0
rdb_last_save_time:1704751572
rdb_last_bgsave_status:ok
rdb_last_bgsave_time_sec:-1
rdb_current_bgsave_time_sec:-1
rdb_saves:0
rdb_last_cow_size:0
rdb_last_load_keys_expired:0
rdb_last_load_keys_loaded:0
aof_enabled:0
aof_rewrite_in_progress:0
aof_rewrite_scheduled:0
aof_last_rewrite_time_sec:-1
aof_current_rewrite_time_sec:-1
aof_last_bgrewrite_status:ok
aof_rewrites:0
aof_rewrites_consecutive_failures:0
aof_last_write_status:ok
aof_last_cow_size:0
module_fork_in_progress:0
module_fork_last_cow_size:0

# Stats
total_connections_received:1
total_commands_processed:7
instantaneous_ops_per_sec:23
total_net_input_bytes:33
total_net_output_bytes:5
total_net_repl_input_bytes:0
total_net_repl_output_bytes:0
instantaneous_input_kbps:0.00
instantaneous_output_kbps:0.00
instantaneous_input_repl_kbps:0.00
instantaneous_output_repl_kbps:0.00
rejected_connections:0
sync_full:0
sync_partial_ok:0
sync_partial_err:0
expired_keys:0
expired_stale_perc:0.00
expired_time_cap_reached_count:0
expire_cycle_cpu_milliseconds:0
evicted_keys:0
evicted_clients:0
total_eviction_exceeded_time:0
current_eviction_exceeded_time:0
keyspace_hits:0
keyspace_misses:0
pubsub_channels:0
pubsub_patterns:0
pubsubshard_channels:0
latest_fork_usec:0
total_forks:0
migrate_cached_sockets:0
slave_expires_tracked_keys:0
active_defrag_hits:0
active_defrag_misses:0
active_defrag_key_hits:0
active_defrag_key_misses:0
total_active_defrag_time:0
current_active_defrag_time:0
tracking_total_keys:0
tracking_total_items:0
tracking_total_prefixes:0
unexpected_error_replies:0
total_error_replies:0
dump_payload_sanitizations:0
total_reads_processed:1
total_writes_processed:1
io_threaded_reads_processed:0
io_threaded_writes_processed:0
reply_buffer_shrinks:0
reply_buffer_expands:0
acl_access_denied_auth:0
acl_access_denied_cmd:0
acl_access_denied_key:0
acl_access_denied_channel:0

# Replication
role:master
connected_slaves:0
master_failover_state:no-failover
master_replid:8568043334387714d2d42b7596b09addb263618b
master_replid2:0000000000000000000000000000000000000000
master_repl_offset:0
second_repl_offset:-1
repl_backlog_active:0
repl_backlog_size:1048576
repl_backlog_first_byte_offset:0
repl_backlog_histlen:0

# CPU
used_cpu_sys:0.006973
used_cpu_user:0.010393
used_cpu_sys_children:0.000000
used_cpu_user_children:0.000000
used_cpu_sys_main_thread:0.008532
used_cpu_user_main_thread:0.008532

# Modules
module:name=raft,ver=1,api=1,filters=1,usedby=[],using=[],options=[]

# Commandstats
cmdstat_config|get:calls=3,usec=5,usec_per_call=1.67,rejected_calls=0,failed_calls=0
cmdstat_config|set:calls=1,usec=11,usec_per_call=11.00,rejected_calls=0,failed_calls=0
cmdstat_auth:calls=1,usec=2,usec_per_call=2.00,rejected_calls=0,failed_calls=0
cmdstat_command:calls=2,usec=1438,usec_per_call=719.00,rejected_calls=0,failed_calls=0

# Errorstats

# Latencystats
latency_percentiles_usec_config|get:p50=2.007,p99=2.007,p99.9=2.007
latency_percentiles_usec_config|set:p50=11.007,p99=11.007,p99.9=11.007
latency_percentiles_usec_auth:p50=2.007,p99=2.007,p99.9=2.007
latency_percentiles_usec_command:p50=667.647,p99=774.143,p99.9=774.143

# Cluster
cluster_enabled:0

# Keyspace

------ CLIENT LIST OUTPUT ------
id=8 addr=127.0.0.1:49722 laddr=127.0.0.1:5063 fd=11 name= age=0 idle=0 flags=N db=0 sub=0 psub=0 ssub=0 multi=-1 qbuf=0 qbuf-free=20474 argv-mem=0 multi-mem=0 rbs=16384 rbp=16384 obl=0 oll=0 omem=0 tot-mem=37760 events=r cmd=auth user=default redir=-1 resp=2 lib-name= lib-ver=

------ MODULES INFO OUTPUT ------
# raft_version
raft_version:255.255.255
raft_git_sha1:b779b199

# raft_general
raft_dbid:ad3426184709f5eedea38e664b3b4635
raft_node_id:3
raft_state:up
raft_role:follower
raft_is_voting:no
raft_voted_for:-1
raft_leader_id:-1
raft_current_term:0
raft_num_nodes:1
raft_num_voting_nodes:0

# raft_log
raft_log_entries:0
raft_current_index:0
raft_commit_index:0
raft_last_applied_index:0
raft_file_size:99
raft_cache_memory_size:0
raft_cache_entries:0
raft_client_attached_entries:0
raft_fsync_count:0
raft_fsync_max_microseconds:0
raft_fsync_avg_microseconds:0

# raft_snapshot
raft_snapshot_filename:redis3.rdb
raft_snapshot_last_idx:0
raft_snapshot_last_term:0
raft_snapshot_size:0
raft_snapshot_time_secs:-1
raft_snapshots_created:0
raft_snapshots_received:0
raft_snapshot_in_progress:no
raft_snapshot_in_progress_last_idx:-1
raft_snapshot_in_progress_last_term:-1

# raft_clients
raft_proxy_reqs:0
raft_proxy_failed_reqs:0
raft_proxy_failed_responses:0
raft_proxy_outstanding_reqs:0

# raft_stats
raft_appendreq_received:0
raft_appendreq_with_entry_received:0
raft_snapshotreq_received:0
raft_exec_throttled:0
raft_num_sessions:0

------ CONFIG DEBUG OUTPUT ------
client-query-buffer-limit 1gb
io-threads 1
repl-diskless-sync yes
lazyfree-lazy-expire no
replica-read-only yes
lazyfree-lazy-server-del no
activedefrag no
proto-max-bulk-len 512mb
list-compress-depth 0
lazyfree-lazy-user-flush no
lazyfree-lazy-eviction no
io-threads-do-reads no
sanitize-dump-payload no
repl-diskless-load disabled
slave-read-only yes
lazyfree-lazy-user-del no

------ FAST MEMORY TEST ------
3672545:M 08 Jan 2024 23:06:12.942 # Bio worker thread #0 terminated
3672545:M 08 Jan 2024 23:06:12.942 # Bio worker thread #1 terminated
3672545:M 08 Jan 2024 23:06:12.942 # Bio worker thread #2 terminated
*** Preparing to test memory region 563038fc7000 (2273280 bytes)
*** Preparing to test memory region 5630397ed000 (405504 bytes)
*** Preparing to test memory region 7fc78efff000 (8388608 bytes)
*** Preparing to test memory region 7fc78f800000 (8388608 bytes)
*** Preparing to test memory region 7fc790000000 (6291456 bytes)
*** Preparing to test memory region 7fc7907fa000 (8388608 bytes)
*** Preparing to test memory region 7fc790ffb000 (8388608 bytes)
*** Preparing to test memory region 7fc7917fc000 (8388608 bytes)
*** Preparing to test memory region 7fc791ffd000 (8388608 bytes)
*** Preparing to test memory region 7fc7927fe000 (8388608 bytes)
*** Preparing to test memory region 7fc792fff000 (8388608 bytes)
*** Preparing to test memory region 7fc793800000 (8388608 bytes)
*** Preparing to test memory region 7fc794000000 (135168 bytes)
*** Preparing to test memory region 7fc7984a4000 (8388608 bytes)
*** Preparing to test memory region 7fc798ca5000 (8388608 bytes)
*** Preparing to test memory region 7fc7994a6000 (8388608 bytes)
*** Preparing to test memory region 7fc799ca6000 (2621440 bytes)
*** Preparing to test memory region 7fc79a47f000 (12288 bytes)
*** Preparing to test memory region 7fc79a49f000 (8192 bytes)
*** Preparing to test memory region 7fc79a9fe000 (8192 bytes)
*** Preparing to test memory region 7fc79ac18000 (16384 bytes)
*** Preparing to test memory region 7fc79b600000 (8388608 bytes)
*** Preparing to test memory region 7fc79be93000 (4096 bytes)
*** Preparing to test memory region 7fc79beb8000 (12288 bytes)
*** Preparing to test memory region 7fc79bf3d000 (45056 bytes)
*** Preparing to test memory region 7fc79c11c000 (53248 bytes)
*** Preparing to test memory region 7fc79c239000 (8192 bytes)
.E.E.3672876:C 08 Jan 2024 23:06:13.666 # WARNING Memory overcommit must be enabled! Without it, a background save or replication may fail under low memory condition. Being disabled, it can also cause failures without low memory condition, see https://github.com/jemalloc/jemalloc/issues/1328. To fix this issue add 'vm.overcommit_memory = 1' to /etc/sysctl.conf and then reboot or run the command 'sysctl vm.overcommit_memory=1' for this to take effect.
3672876:C 08 Jan 2024 23:06:13.666 * oO0OoO0OoO0Oo Redis is starting oO0OoO0OoO0Oo
3672876:C 08 Jan 2024 23:06:13.666 * Redis version=255.255.255, bits=64, commit=e04ebdb8, modified=1, pid=3672876, just started
3672876:C 08 Jan 2024 23:06:13.666 * Configuration loaded
3672876:M 08 Jan 2024 23:06:13.666 * monotonic clock: POSIX clock_gettime
3672876:M 08 Jan 2024 23:06:13.667 * Running mode=standalone, port=5063.
3672876:M 08 Jan 2024 23:06:13.673 * <raft> RedisRaft version 255.255.255 [b779b199]
3672876:M 08 Jan 2024 23:06:13.677 * <raft> Initializing test network
3672876:M 08 Jan 2024 23:06:13.678 * <raft> Created test network client
3672876:M 08 Jan 2024 23:06:13.682 * <raft> Raft module loaded, state is 'loading'
3672876:M 08 Jan 2024 23:06:13.682 * Module 'raft' loaded from /home/snagendra/Fuzzing/redisraft-fuzzing/redisraft.so
3672876:M 08 Jan 2024 23:06:13.682 * Server initialized
3672876:M 08 Jan 2024 23:06:13.682 . The AOF directory appendonlydir doesn't exist
3672876:M 08 Jan 2024 23:06:13.682 * Ready to accept connections tcp
3672876:M 08 Jan 2024 23:06:13.682 . 0 clients connected (0 replicas), 1746688 bytes in use
3672876:signal-handler (1704751573) Received SIGINT scheduling shutdown...
3672876:signal-handler (1704751573) You insist... exiting now.

----- Stderr -----
libgcov profiling error:/home/snagendra/Fuzzing/redisraft-fuzzing/build/deps/raft/CMakeFiles/raft.dir/src/raft_server_properties.c.gcda:Merge mismatch for function 3
libgcov profiling error:/home/snagendra/Fuzzing/redisraft-fuzzing/build/deps/raft/CMakeFiles/raft.dir/src/raft_server.c.gcda:Merge mismatch for function 7
redis-server: /home/snagendra/Fuzzing/redisraft-fuzzing/deps/raft/src/raft_server.c:1702: raft_get_first_entry_idx: Assertion `0 < raft_get_current_idx(me)' failed.
libgcov profiling error:/home/snagendra/Fuzzing/redisraft-fuzzing/build/deps/raft/CMakeFiles/raft.dir/src/raft_server_properties.c.gcda:Merge mismatch for function 3
libgcov profiling error:/home/snagendra/Fuzzing/redisraft-fuzzing/build/deps/raft/CMakeFiles/raft.dir/src/raft_server.c.gcda:Merge mismatch for function 7



