logs for node: 1

----- Stdout -----
2323079:C 08 Jan 2024 22:13:30.305 # WARNING Memory overcommit must be enabled! Without it, a background save or replication may fail under low memory condition. Being disabled, it can also cause failures without low memory condition, see https://github.com/jemalloc/jemalloc/issues/1328. To fix this issue add 'vm.overcommit_memory = 1' to /etc/sysctl.conf and then reboot or run the command 'sysctl vm.overcommit_memory=1' for this to take effect.
2323079:C 08 Jan 2024 22:13:30.305 * oO0OoO0OoO0Oo Redis is starting oO0OoO0OoO0Oo
2323079:C 08 Jan 2024 22:13:30.305 * Redis version=255.255.255, bits=64, commit=e04ebdb8, modified=1, pid=2323079, just started
2323079:C 08 Jan 2024 22:13:30.305 * Configuration loaded
2323079:M 08 Jan 2024 22:13:30.306 * monotonic clock: POSIX clock_gettime
2323079:M 08 Jan 2024 22:13:30.306 * Running mode=standalone, port=5001.
2323079:M 08 Jan 2024 22:13:30.313 * <raft> RedisRaft version 255.255.255 [b779b199]
2323079:M 08 Jan 2024 22:13:30.318 * <raft> Initializing test network
2323079:M 08 Jan 2024 22:13:30.319 * <raft> Created test network client
2323079:M 08 Jan 2024 22:13:30.319 * <raft> Raft module loaded, state is 'uninitialized'
2323079:M 08 Jan 2024 22:13:30.319 * Module 'raft' loaded from /home/snagendra/Fuzzing/redisraft-fuzzing/redisraft.so
2323079:M 08 Jan 2024 22:13:30.320 * Server initialized
2323079:M 08 Jan 2024 22:13:30.321 . The AOF directory appendonlydir doesn't exist
2323079:M 08 Jan 2024 22:13:30.321 * Ready to accept connections tcp
2323079:M 08 Jan 2024 22:13:30.321 . 0 clients connected (0 replicas), 1726160 bytes in use
2323079:M 08 Jan 2024 22:13:30.323 - Accepted 127.0.0.1:59188
2323079:M 08 Jan 2024 22:13:30.324 # Missing implement of connection type tls
2323079:M 08 Jan 2024 22:13:30.330 * <raft> Cluster Membership: term:0 index:0 nodes: id=1,voting=0,active=1,addr=-
2323079:M 08 Jan 2024 22:13:30.335 * <raft> State change: Node is now a leader, term 1
2323079:M 08 Jan 2024 22:13:30.335 * <raft> Cluster Membership: term:1 index:1 nodes: id=1,voting=0,active=1,addr=-
2323079:M 08 Jan 2024 22:13:30.336 * <raft> Test network starting message polling thread
2323079:M 08 Jan 2024 22:13:30.336 * <raft> Raft Cluster initialized, node id: 1, dbid: dbc862eec369d7a0ab65935e6a361f39
2323079:M 08 Jan 2024 22:13:30.454 - Accepted 127.0.0.1:59202
2323079:M 08 Jan 2024 22:13:30.454 * <raft> Cluster Membership: term:1 index:3 nodes: id=1,voting=1,active=1,addr=- id=2,voting=0,active=1,addr=localhost:5002
2323079:M 08 Jan 2024 22:13:30.461 - Client closed connection id=9 addr=127.0.0.1:59202 laddr=127.0.0.1:5001 fd=12 name= age=0 idle=0 flags=N db=0 sub=0 psub=0 ssub=0 multi=-1 qbuf=0 qbuf-free=20474 argv-mem=0 multi-mem=0 rbs=16384 rbp=16384 obl=0 oll=0 omem=0 tot-mem=37760 events=r cmd=raft.node user=default redir=-1 resp=2 lib-name= lib-ver=
2323079:M 08 Jan 2024 22:13:30.580 - Accepted 127.0.0.1:59210
2323079:M 08 Jan 2024 22:13:30.581 * <raft> Cluster Membership: term:1 index:4 nodes: id=1,voting=1,active=1,addr=- id=2,voting=0,active=1,addr=localhost:5002 id=3,voting=0,active=1,addr=localhost:5003
2323079:M 08 Jan 2024 22:13:30.589 - Client closed connection id=10 addr=127.0.0.1:59210 laddr=127.0.0.1:5001 fd=13 name= age=0 idle=0 flags=N db=0 sub=0 psub=0 ssub=0 multi=-1 qbuf=0 qbuf-free=20474 argv-mem=0 multi-mem=0 rbs=16384 rbp=16384 obl=0 oll=0 omem=0 tot-mem=37760 events=r cmd=raft.node user=default redir=-1 resp=2 lib-name= lib-ver=
2323079:M 08 Jan 2024 22:13:30.955 - Accepted 127.0.0.1:59216
2323079:M 08 Jan 2024 22:13:31.570 - Client closed connection id=12 addr=127.0.0.1:59216 laddr=127.0.0.1:5001 fd=13 name= age=1 idle=1 flags=N db=0 sub=0 psub=0 ssub=0 multi=-1 qbuf=0 qbuf-free=20474 argv-mem=0 multi-mem=0 rbs=1024 rbp=0 obl=0 oll=0 omem=0 tot-mem=22400 events=r cmd=auth user=default redir=-1 resp=2 lib-name= lib-ver=
2323079:signal-handler (1704748411) Received SIGINT scheduling shutdown...
2323079:signal-handler (1704748411) You insist... exiting now.
2324074:C 08 Jan 2024 22:13:33.072 # WARNING Memory overcommit must be enabled! Without it, a background save or replication may fail under low memory condition. Being disabled, it can also cause failures without low memory condition, see https://github.com/jemalloc/jemalloc/issues/1328. To fix this issue add 'vm.overcommit_memory = 1' to /etc/sysctl.conf and then reboot or run the command 'sysctl vm.overcommit_memory=1' for this to take effect.
2324074:C 08 Jan 2024 22:13:33.072 * oO0OoO0OoO0Oo Redis is starting oO0OoO0OoO0Oo
2324074:C 08 Jan 2024 22:13:33.072 * Redis version=255.255.255, bits=64, commit=e04ebdb8, modified=1, pid=2324074, just started
2324074:C 08 Jan 2024 22:13:33.072 * Configuration loaded
2324074:M 08 Jan 2024 22:13:33.072 * monotonic clock: POSIX clock_gettime
2324074:M 08 Jan 2024 22:13:33.073 * Running mode=standalone, port=5001.
2324074:M 08 Jan 2024 22:13:33.079 * <raft> RedisRaft version 255.255.255 [b779b199]
2324074:M 08 Jan 2024 22:13:33.083 * <raft> Initializing test network
2324074:M 08 Jan 2024 22:13:33.084 * <raft> Created test network client
2324074:M 08 Jan 2024 22:13:33.087 * <raft> Raft module loaded, state is 'loading'
2324074:M 08 Jan 2024 22:13:33.087 * Module 'raft' loaded from /home/snagendra/Fuzzing/redisraft-fuzzing/redisraft.so
2324074:M 08 Jan 2024 22:13:33.087 * Server initialized
2324074:M 08 Jan 2024 22:13:33.087 . The AOF directory appendonlydir doesn't exist
2324074:M 08 Jan 2024 22:13:33.087 * Ready to accept connections tcp
2324074:M 08 Jan 2024 22:13:33.087 . 0 clients connected (0 replicas), 1746816 bytes in use
2324074:M 08 Jan 2024 22:13:33.169 - Accepted 127.0.0.1:45848
2324074:M 08 Jan 2024 22:13:33.169 # Missing implement of connection type tls
2324074:M 08 Jan 2024 22:13:33.187 * <raft> Loading: Redis loading complete, snapshot NOT LOADED
2324074:M 08 Jan 2024 22:13:33.187 * <raft> Cluster Membership: term:0 index:0 nodes: id=1,voting=0,active=1,addr=-
2324074:M 08 Jan 2024 22:13:33.188 * <raft> Test network starting message polling thread
2324074:M 08 Jan 2024 22:13:33.188 * <raft> Cluster Membership: term:0 index:6 nodes: id=1,voting=1,active=1,addr=- id=2,voting=0,active=1,addr=localhost:5002
2324074:M 08 Jan 2024 22:13:33.188 * <raft> Cluster Membership: term:0 index:6 nodes: id=1,voting=1,active=1,addr=- id=2,voting=0,active=1,addr=localhost:5002 id=3,voting=0,active=1,addr=localhost:5003
2324074:M 08 Jan 2024 22:13:33.188 * <raft> Raft state after loading log: log_count=6, first_idx=1, current_idx=6, last_applied_idx=0
2324074:M 08 Jan 2024 22:13:33.188 . <raft> Raft term=1, vote=-1
2324074:M 08 Jan 2024 22:13:33.194 * <raft> State change: Node is now a leader, term 2
2324074:M 08 Jan 2024 22:13:33.195 * <raft> Cluster Membership: term:2 index:7 nodes: id=1,voting=1,active=1,addr=- id=2,voting=0,active=1,addr=localhost:5002 id=3,voting=0,active=1,addr=localhost:5003
2324074:signal-handler (1704748413) Received SIGINT scheduling shutdown...
2324074:signal-handler (1704748413) You insist... exiting now.

----- Stderr -----
libgcov profiling error:/home/snagendra/Fuzzing/redisraft-fuzzing/build/deps/raft/CMakeFiles/raft.dir/src/raft_server_properties.c.gcda:Merge mismatch for function 3
libgcov profiling error:/home/snagendra/Fuzzing/redisraft-fuzzing/build/deps/raft/CMakeFiles/raft.dir/src/raft_server.c.gcda:Merge mismatch for function 7
libgcov profiling error:/home/snagendra/Fuzzing/redisraft-fuzzing/build/deps/raft/CMakeFiles/raft.dir/src/raft_server_properties.c.gcda:Merge mismatch for function 3
libgcov profiling error:/home/snagendra/Fuzzing/redisraft-fuzzing/build/deps/raft/CMakeFiles/raft.dir/src/raft_server.c.gcda:Merge mismatch for function 7




logs for node: 2

----- Stdout -----
2323108:C 08 Jan 2024 22:13:30.338 # WARNING Memory overcommit must be enabled! Without it, a background save or replication may fail under low memory condition. Being disabled, it can also cause failures without low memory condition, see https://github.com/jemalloc/jemalloc/issues/1328. To fix this issue add 'vm.overcommit_memory = 1' to /etc/sysctl.conf and then reboot or run the command 'sysctl vm.overcommit_memory=1' for this to take effect.
2323108:C 08 Jan 2024 22:13:30.338 * oO0OoO0OoO0Oo Redis is starting oO0OoO0OoO0Oo
2323108:C 08 Jan 2024 22:13:30.338 * Redis version=255.255.255, bits=64, commit=e04ebdb8, modified=1, pid=2323108, just started
2323108:C 08 Jan 2024 22:13:30.338 * Configuration loaded
2323108:M 08 Jan 2024 22:13:30.339 * monotonic clock: POSIX clock_gettime
2323108:M 08 Jan 2024 22:13:30.339 * Running mode=standalone, port=5002.
2323108:M 08 Jan 2024 22:13:30.346 * <raft> RedisRaft version 255.255.255 [b779b199]
2323108:M 08 Jan 2024 22:13:30.351 * <raft> Initializing test network
2323108:M 08 Jan 2024 22:13:30.352 * <raft> Created test network client
2323108:M 08 Jan 2024 22:13:30.352 * <raft> Raft module loaded, state is 'uninitialized'
2323108:M 08 Jan 2024 22:13:30.352 * Module 'raft' loaded from /home/snagendra/Fuzzing/redisraft-fuzzing/redisraft.so
2323108:M 08 Jan 2024 22:13:30.353 * Server initialized
2323108:M 08 Jan 2024 22:13:30.354 . The AOF directory appendonlydir doesn't exist
2323108:M 08 Jan 2024 22:13:30.354 * Ready to accept connections tcp
2323108:M 08 Jan 2024 22:13:30.354 . 0 clients connected (0 replicas), 1726192 bytes in use
2323108:M 08 Jan 2024 22:13:30.366 - Accepted 127.0.0.1:40076
2323108:M 08 Jan 2024 22:13:30.366 # Missing implement of connection type tls
2323108:M 08 Jan 2024 22:13:30.453 - <raft> join cluster, connecting to localhost:5001
2323108:M 08 Jan 2024 22:13:30.455 * <raft> Joined Raft cluster, node id: 2, dbid: dbc862eec369d7a0ab65935e6a361f39
2323108:M 08 Jan 2024 22:13:30.461 * <raft> Cluster Membership: term:0 index:0 nodes: id=2,voting=0,active=1,addr=-
2323108:M 08 Jan 2024 22:13:30.461 * <raft> Test network starting message polling thread
2323108:M 08 Jan 2024 22:13:30.521 - Accepted 127.0.0.1:40078
2323108:M 08 Jan 2024 22:13:30.854 * <raft> State change: Election starting, node is now a pre-candidate, term 0
2323108:M 08 Jan 2024 22:13:30.855 * <raft> Cluster Membership: term:0 index:0 nodes: id=2,voting=0,active=1,addr=-
2323108:M 08 Jan 2024 22:13:30.884 * <raft> State change: Node is now a follower, term 1
2323108:M 08 Jan 2024 22:13:30.884 * <raft> Cluster Membership: term:1 index:0 nodes: id=2,voting=0,active=1,addr=-
2323108:M 08 Jan 2024 22:13:30.886 * <raft> Cluster Membership: term:1 index:2 nodes: id=2,voting=0,active=1,addr=- id=1,voting=1,active=1,addr=localhost:5001
2323108:M 08 Jan 2024 22:13:31.001 * <raft> Cluster Membership: term:1 index:4 nodes: id=2,voting=0,active=1,addr=- id=1,voting=1,active=1,addr=localhost:5001 id=3,voting=0,active=1,addr=localhost:5003
2323108:signal-handler (1704748411) Received SIGINT scheduling shutdown...
2323108:signal-handler (1704748411) You insist... exiting now.
2323875:C 08 Jan 2024 22:13:32.506 # WARNING Memory overcommit must be enabled! Without it, a background save or replication may fail under low memory condition. Being disabled, it can also cause failures without low memory condition, see https://github.com/jemalloc/jemalloc/issues/1328. To fix this issue add 'vm.overcommit_memory = 1' to /etc/sysctl.conf and then reboot or run the command 'sysctl vm.overcommit_memory=1' for this to take effect.
2323875:C 08 Jan 2024 22:13:32.506 * oO0OoO0OoO0Oo Redis is starting oO0OoO0OoO0Oo
2323875:C 08 Jan 2024 22:13:32.506 * Redis version=255.255.255, bits=64, commit=e04ebdb8, modified=1, pid=2323875, just started
2323875:C 08 Jan 2024 22:13:32.506 * Configuration loaded
2323875:M 08 Jan 2024 22:13:32.506 * monotonic clock: POSIX clock_gettime
2323875:M 08 Jan 2024 22:13:32.507 * Running mode=standalone, port=5002.
2323875:M 08 Jan 2024 22:13:32.514 * <raft> RedisRaft version 255.255.255 [b779b199]
2323875:M 08 Jan 2024 22:13:32.518 * <raft> Initializing test network
2323875:M 08 Jan 2024 22:13:32.519 * <raft> Created test network client
2323875:M 08 Jan 2024 22:13:32.522 * <raft> Raft module loaded, state is 'loading'
2323875:M 08 Jan 2024 22:13:32.522 * Module 'raft' loaded from /home/snagendra/Fuzzing/redisraft-fuzzing/redisraft.so
2323875:M 08 Jan 2024 22:13:32.523 * Server initialized
2323875:M 08 Jan 2024 22:13:32.523 . The AOF directory appendonlydir doesn't exist
2323875:M 08 Jan 2024 22:13:32.523 * Ready to accept connections tcp
2323875:M 08 Jan 2024 22:13:32.523 . 0 clients connected (0 replicas), 1746720 bytes in use
2323875:M 08 Jan 2024 22:13:32.623 * <raft> Loading: Redis loading complete, snapshot NOT LOADED
2323875:M 08 Jan 2024 22:13:32.623 * <raft> Cluster Membership: term:0 index:0 nodes: id=2,voting=0,active=1,addr=-
2323875:M 08 Jan 2024 22:13:32.624 * <raft> Test network starting message polling thread
2323875:M 08 Jan 2024 22:13:32.624 * <raft> Cluster Membership: term:0 index:5 nodes: id=2,voting=0,active=1,addr=- id=1,voting=1,active=1,addr=localhost:5001
2323875:M 08 Jan 2024 22:13:32.625 * <raft> Cluster Membership: term:0 index:5 nodes: id=2,voting=0,active=1,addr=- id=1,voting=1,active=1,addr=localhost:5001 id=3,voting=0,active=1,addr=localhost:5003
2323875:M 08 Jan 2024 22:13:32.625 * <raft> Raft state after loading log: log_count=5, first_idx=1, current_idx=5, last_applied_idx=0
2323875:M 08 Jan 2024 22:13:32.625 . <raft> Raft term=1, vote=-1
2323875:M 08 Jan 2024 22:13:32.651 # <raft> Redis connection authentication failed: connection died
2323875:signal-handler (1704748412) Received SIGINT scheduling shutdown...
2323875:signal-handler (1704748412) You insist... exiting now.
2324025:C 08 Jan 2024 22:13:32.950 # WARNING Memory overcommit must be enabled! Without it, a background save or replication may fail under low memory condition. Being disabled, it can also cause failures without low memory condition, see https://github.com/jemalloc/jemalloc/issues/1328. To fix this issue add 'vm.overcommit_memory = 1' to /etc/sysctl.conf and then reboot or run the command 'sysctl vm.overcommit_memory=1' for this to take effect.
2324025:C 08 Jan 2024 22:13:32.950 * oO0OoO0OoO0Oo Redis is starting oO0OoO0OoO0Oo
2324025:C 08 Jan 2024 22:13:32.950 * Redis version=255.255.255, bits=64, commit=e04ebdb8, modified=1, pid=2324025, just started
2324025:C 08 Jan 2024 22:13:32.950 * Configuration loaded
2324025:M 08 Jan 2024 22:13:32.950 * monotonic clock: POSIX clock_gettime
2324025:M 08 Jan 2024 22:13:32.951 * Running mode=standalone, port=5002.
2324025:M 08 Jan 2024 22:13:32.957 * <raft> RedisRaft version 255.255.255 [b779b199]
2324025:M 08 Jan 2024 22:13:32.961 * <raft> Initializing test network
2324025:M 08 Jan 2024 22:13:32.962 * <raft> Created test network client
2324025:M 08 Jan 2024 22:13:32.966 * <raft> Raft module loaded, state is 'loading'
2324025:M 08 Jan 2024 22:13:32.966 * Module 'raft' loaded from /home/snagendra/Fuzzing/redisraft-fuzzing/redisraft.so
2324025:M 08 Jan 2024 22:13:32.967 * Server initialized
2324025:M 08 Jan 2024 22:13:32.967 . The AOF directory appendonlydir doesn't exist
2324025:M 08 Jan 2024 22:13:32.967 * Ready to accept connections tcp
2324025:M 08 Jan 2024 22:13:32.967 . 0 clients connected (0 replicas), 1746688 bytes in use
2324025:M 08 Jan 2024 22:13:33.066 * <raft> Loading: Redis loading complete, snapshot NOT LOADED
2324025:M 08 Jan 2024 22:13:33.067 * <raft> Cluster Membership: term:0 index:0 nodes: id=2,voting=0,active=1,addr=-
2324025:M 08 Jan 2024 22:13:33.067 * <raft> Test network starting message polling thread
2324025:M 08 Jan 2024 22:13:33.067 * <raft> Cluster Membership: term:0 index:6 nodes: id=2,voting=0,active=1,addr=- id=1,voting=1,active=1,addr=localhost:5001
2324025:M 08 Jan 2024 22:13:33.067 * <raft> Cluster Membership: term:0 index:6 nodes: id=2,voting=0,active=1,addr=- id=1,voting=1,active=1,addr=localhost:5001 id=3,voting=0,active=1,addr=localhost:5003
2324025:M 08 Jan 2024 22:13:33.067 * <raft> Raft state after loading log: log_count=6, first_idx=1, current_idx=6, last_applied_idx=0
2324025:M 08 Jan 2024 22:13:33.067 . <raft> Raft term=1, vote=-1
2324025:M 08 Jan 2024 22:13:33.196 - Accepted 127.0.0.1:47032
2324025:M 08 Jan 2024 22:13:33.196 # Missing implement of connection type tls
2324025:M 08 Jan 2024 22:13:33.670 * <raft> State change: Election starting, node is now a pre-candidate, term 1
2324025:M 08 Jan 2024 22:13:33.670 * <raft> Cluster Membership: term:1 index:6 nodes: id=2,voting=0,active=1,addr=- id=1,voting=1,active=1,addr=localhost:5001 id=3,voting=0,active=1,addr=localhost:5003
2324025:M 08 Jan 2024 22:13:33.724 - Client closed connection id=8 addr=127.0.0.1:47032 laddr=127.0.0.1:5002 fd=11 name= age=0 idle=0 flags=N db=0 sub=0 psub=0 ssub=0 multi=-1 qbuf=0 qbuf-free=20474 argv-mem=0 multi-mem=0 rbs=1024 rbp=0 obl=0 oll=0 omem=0 tot-mem=22400 events=r cmd=auth user=default redir=-1 resp=2 lib-name= lib-ver=
2324025:signal-handler (1704748413) Received SIGINT scheduling shutdown...
2324025:signal-handler (1704748413) You insist... exiting now.

----- Stderr -----
libgcov profiling error:/home/snagendra/Fuzzing/redisraft-fuzzing/build/deps/raft/CMakeFiles/raft.dir/src/raft_server_properties.c.gcda:Merge mismatch for function 3
libgcov profiling error:/home/snagendra/Fuzzing/redisraft-fuzzing/build/deps/raft/CMakeFiles/raft.dir/src/raft_server.c.gcda:Merge mismatch for function 7
libgcov profiling error:/home/snagendra/Fuzzing/redisraft-fuzzing/build/deps/raft/CMakeFiles/raft.dir/src/raft_server_properties.c.gcda:Merge mismatch for function 3
libgcov profiling error:/home/snagendra/Fuzzing/redisraft-fuzzing/build/deps/raft/CMakeFiles/raft.dir/src/raft_server.c.gcda:Merge mismatch for function 7
libgcov profiling error:/home/snagendra/Fuzzing/redisraft-fuzzing/build/deps/raft/CMakeFiles/raft.dir/src/raft_server_properties.c.gcda:Merge mismatch for function 3
libgcov profiling error:/home/snagendra/Fuzzing/redisraft-fuzzing/build/deps/raft/CMakeFiles/raft.dir/src/raft_server.c.gcda:Merge mismatch for function 7




logs for node: 3

----- Stdout -----
2323185:C 08 Jan 2024 22:13:30.464 # WARNING Memory overcommit must be enabled! Without it, a background save or replication may fail under low memory condition. Being disabled, it can also cause failures without low memory condition, see https://github.com/jemalloc/jemalloc/issues/1328. To fix this issue add 'vm.overcommit_memory = 1' to /etc/sysctl.conf and then reboot or run the command 'sysctl vm.overcommit_memory=1' for this to take effect.
2323185:C 08 Jan 2024 22:13:30.464 * oO0OoO0OoO0Oo Redis is starting oO0OoO0OoO0Oo
2323185:C 08 Jan 2024 22:13:30.464 * Redis version=255.255.255, bits=64, commit=e04ebdb8, modified=1, pid=2323185, just started
2323185:C 08 Jan 2024 22:13:30.464 * Configuration loaded
2323185:M 08 Jan 2024 22:13:30.465 * monotonic clock: POSIX clock_gettime
2323185:M 08 Jan 2024 22:13:30.465 * Running mode=standalone, port=5003.
2323185:M 08 Jan 2024 22:13:30.472 * <raft> RedisRaft version 255.255.255 [b779b199]
2323185:M 08 Jan 2024 22:13:30.477 * <raft> Initializing test network
2323185:M 08 Jan 2024 22:13:30.478 * <raft> Created test network client
2323185:M 08 Jan 2024 22:13:30.479 * <raft> Raft module loaded, state is 'uninitialized'
2323185:M 08 Jan 2024 22:13:30.479 * Module 'raft' loaded from /home/snagendra/Fuzzing/redisraft-fuzzing/redisraft.so
2323185:M 08 Jan 2024 22:13:30.479 * Server initialized
2323185:M 08 Jan 2024 22:13:30.480 . The AOF directory appendonlydir doesn't exist
2323185:M 08 Jan 2024 22:13:30.480 * Ready to accept connections tcp
2323185:M 08 Jan 2024 22:13:30.480 . 0 clients connected (0 replicas), 1726192 bytes in use
2323185:M 08 Jan 2024 22:13:30.507 - Accepted 127.0.0.1:39576
2323185:M 08 Jan 2024 22:13:30.507 # Missing implement of connection type tls
2323185:M 08 Jan 2024 22:13:30.579 - <raft> join cluster, connecting to localhost:5001
2323185:M 08 Jan 2024 22:13:30.581 * <raft> Joined Raft cluster, node id: 3, dbid: dbc862eec369d7a0ab65935e6a361f39
2323185:M 08 Jan 2024 22:13:30.588 * <raft> Cluster Membership: term:0 index:0 nodes: id=3,voting=0,active=1,addr=-
2323185:M 08 Jan 2024 22:13:30.589 * <raft> Test network starting message polling thread
2323185:M 08 Jan 2024 22:13:30.623 - Accepted 127.0.0.1:39584
2323185:signal-handler (1704748410) Received SIGINT scheduling shutdown...
2323185:signal-handler (1704748410) You insist... exiting now.
2323758:C 08 Jan 2024 22:13:32.138 # WARNING Memory overcommit must be enabled! Without it, a background save or replication may fail under low memory condition. Being disabled, it can also cause failures without low memory condition, see https://github.com/jemalloc/jemalloc/issues/1328. To fix this issue add 'vm.overcommit_memory = 1' to /etc/sysctl.conf and then reboot or run the command 'sysctl vm.overcommit_memory=1' for this to take effect.
2323758:C 08 Jan 2024 22:13:32.138 * oO0OoO0OoO0Oo Redis is starting oO0OoO0OoO0Oo
2323758:C 08 Jan 2024 22:13:32.138 * Redis version=255.255.255, bits=64, commit=e04ebdb8, modified=1, pid=2323758, just started
2323758:C 08 Jan 2024 22:13:32.138 * Configuration loaded
2323758:M 08 Jan 2024 22:13:32.139 * monotonic clock: POSIX clock_gettime
2323758:M 08 Jan 2024 22:13:32.139 * Running mode=standalone, port=5003.
2323758:M 08 Jan 2024 22:13:32.145 * <raft> RedisRaft version 255.255.255 [b779b199]
2323758:M 08 Jan 2024 22:13:32.150 * <raft> Initializing test network
2323758:M 08 Jan 2024 22:13:32.150 * <raft> Created test network client
2323758:M 08 Jan 2024 22:13:32.154 * <raft> Raft module loaded, state is 'loading'
2323758:M 08 Jan 2024 22:13:32.154 * Module 'raft' loaded from /home/snagendra/Fuzzing/redisraft-fuzzing/redisraft.so
2323758:M 08 Jan 2024 22:13:32.154 * Server initialized
2323758:M 08 Jan 2024 22:13:32.154 . The AOF directory appendonlydir doesn't exist
2323758:M 08 Jan 2024 22:13:32.154 * Ready to accept connections tcp
2323758:M 08 Jan 2024 22:13:32.154 . 0 clients connected (0 replicas), 1746688 bytes in use
2323758:M 08 Jan 2024 22:13:32.255 * <raft> Loading: Redis loading complete, snapshot NOT LOADED
2323758:M 08 Jan 2024 22:13:32.255 * <raft> Cluster Membership: term:0 index:0 nodes: id=3,voting=0,active=1,addr=-
2323758:M 08 Jan 2024 22:13:32.255 * <raft> Test network starting message polling thread


=== REDIS BUG REPORT START: Cut & paste starting from here ===
2323758:M 08 Jan 2024 22:13:32.255 # Redis 255.255.255 crashed by signal: 6, si_code: -6
2323758:M 08 Jan 2024 22:13:32.255 # Crashed running the instruction at: 0x7f742e93fd3c

------ STACK TRACE ------
EIP:
/lib/x86_64-linux-gnu/libc.so.6(+0x8ad3c)[0x7f742e93fd3c]

Backtrace:
/lib/x86_64-linux-gnu/libc.so.6(+0x3bfd0)[0x7f742e8f0fd0]
/lib/x86_64-linux-gnu/libc.so.6(+0x8ad3c)[0x7f742e93fd3c]
/lib/x86_64-linux-gnu/libc.so.6(gsignal+0x12)[0x7f742e8f0f32]
/lib/x86_64-linux-gnu/libc.so.6(abort+0xd3)[0x7f742e8db472]
/lib/x86_64-linux-gnu/libc.so.6(+0x26395)[0x7f742e8db395]
/lib/x86_64-linux-gnu/libc.so.6(+0x34e32)[0x7f742e8e9e32]
/home/snagendra/Fuzzing/redisraft-fuzzing/redisraft.so(+0x3caea)[0x7f742e864aea]
/home/snagendra/Fuzzing/redisraft-fuzzing/redisraft.so(callRaftPeriodic+0x478)[0x7f742e855088]
/home/snagendra/Fuzzing/redis/src/redis-server 0.0.0.0:5003(moduleTimerHandler+0x21c)[0x56496381998c]
/home/snagendra/Fuzzing/redis/src/redis-server 0.0.0.0:5003(+0x81705)[0x564963723705]
/home/snagendra/Fuzzing/redis/src/redis-server 0.0.0.0:5003(aeMain+0x1c8)[0x56496372dcb8]
/home/snagendra/Fuzzing/redis/src/redis-server 0.0.0.0:5003(main+0x3cd)[0x564963722e2d]
/lib/x86_64-linux-gnu/libc.so.6(+0x271ca)[0x7f742e8dc1ca]
/lib/x86_64-linux-gnu/libc.so.6(__libc_start_main+0x85)[0x7f742e8dc285]
/home/snagendra/Fuzzing/redis/src/redis-server 0.0.0.0:5003(_start+0x2a)[0x5649637235aa]

------ REGISTERS ------
2323758:M 08 Jan 2024 22:13:32.256 # 
RAX:0000000000000000 RBX:000000000023752e
RCX:00007f742e93fd3c RDX:0000000000000006
RDI:000000000023752e RSI:000000000023752e
RBP:00007f742e8b11c0 RSP:00007ffd47178820
R8 :0000000000000007 R9 :0000564964e016b0
R10:0000000000000008 R11:0000000000000246
R12:0000000000000006 R13:00000000000006a6
R14:00007f742e89105c R15:00005649638182b0
RIP:00007f742e93fd3c EFL:0000000000000246
CSGSFS:002b000000000033
2323758:M 08 Jan 2024 22:13:32.256 # (00007ffd4717882f) -> 0000564964e01760
2323758:M 08 Jan 2024 22:13:32.256 # (00007ffd4717882e) -> 00007f742ea87c60
2323758:M 08 Jan 2024 22:13:32.256 # (00007ffd4717882d) -> 0000000000000421
2323758:M 08 Jan 2024 22:13:32.256 # (00007ffd4717882c) -> 0000564964e016b0
2323758:M 08 Jan 2024 22:13:32.256 # (00007ffd4717882b) -> 00000000000006a6
2323758:M 08 Jan 2024 22:13:32.256 # (00007ffd4717882a) -> 0000000000000020
2323758:M 08 Jan 2024 22:13:32.256 # (00007ffd47178829) -> 00007f742e8db472
2323758:M 08 Jan 2024 22:13:32.256 # (00007ffd47178828) -> 00007f742ea88e70
2323758:M 08 Jan 2024 22:13:32.256 # (00007ffd47178827) -> 00007f742e8f0f32
2323758:M 08 Jan 2024 22:13:32.256 # (00007ffd47178826) -> 00007f742e89105c
2323758:M 08 Jan 2024 22:13:32.256 # (00007ffd47178825) -> 00000000000006a6
2323758:M 08 Jan 2024 22:13:32.256 # (00007ffd47178824) -> 00007f742e890720
2323758:M 08 Jan 2024 22:13:32.256 # (00007ffd47178823) -> 00007f742e8b11c0
2323758:M 08 Jan 2024 22:13:32.256 # (00007ffd47178822) -> 0000000000000006
2323758:M 08 Jan 2024 22:13:32.256 # (00007ffd47178821) -> ea3b9ff7412d6b00
2323758:M 08 Jan 2024 22:13:32.256 # (00007ffd47178820) -> 00005649638182b0

------ INFO OUTPUT ------
# Server
redis_version:255.255.255
redis_git_sha1:e04ebdb8
redis_git_dirty:1
redis_build_id:1f78dcc7b4fbdd25
redis_mode:standalone
os:Linux 6.1.60.1.amd64-smp x86_64
arch_bits:64
monotonic_clock:POSIX clock_gettime
multiplexing_api:epoll
atomicvar_api:c11-builtin
gcc_version:10.2.1
process_id:2323758
process_supervised:no
run_id:f0f4d4f15834451e3aa6ae46bc2347c4ae1897f5
tcp_port:5003
server_time_usec:1704748412255074
uptime_in_seconds:0
uptime_in_days:0
hz:10
configured_hz:10
lru_clock:10249596
executable:/home/snagendra/Fuzzing/redis/src/redis-server
config_file:
io_threads_active:0
listener0:name=tcp,bind=0.0.0.0,port=5003

# Clients
connected_clients:0
cluster_connections:0
maxclients:10000
client_recent_max_input_buffer:0
client_recent_max_output_buffer:0
blocked_clients:0
tracking_clients:0
clients_in_timeout_table:0
total_blocking_keys:0
total_blocking_keys_on_nokey:0

# Memory
used_memory:1753912
used_memory_human:1.67M
used_memory_rss:17833984
used_memory_rss_human:17.01M
used_memory_peak:1753912
used_memory_peak_human:1.67M
used_memory_peak_perc:100.41%
used_memory_overhead:1746728
used_memory_startup:1746544
used_memory_dataset:7184
used_memory_dataset_perc:97.50%
allocator_allocated:2232112
allocator_active:2777088
allocator_resident:10969088
total_system_memory:270388695040
total_system_memory_human:251.82G
used_memory_lua:31744
used_memory_vm_eval:31744
used_memory_lua_human:31.00K
used_memory_scripts_eval:0
number_of_cached_scripts:0
number_of_functions:0
number_of_libraries:0
used_memory_vm_functions:32768
used_memory_vm_total:64512
used_memory_vm_total_human:63.00K
used_memory_functions:184
used_memory_scripts:184
used_memory_scripts_human:184B
maxmemory:0
maxmemory_human:0B
maxmemory_policy:noeviction
allocator_frag_ratio:1.24
allocator_frag_bytes:544976
allocator_rss_ratio:3.95
allocator_rss_bytes:8192000
rss_overhead_ratio:1.63
rss_overhead_bytes:6864896
mem_fragmentation_ratio:10.21
mem_fragmentation_bytes:16087296
mem_not_counted_for_evict:0
mem_replication_backlog:0
mem_total_replication_buffers:0
mem_clients_slaves:0
mem_clients_normal:0
mem_cluster_links:0
mem_aof_buffer:0
mem_allocator:jemalloc-5.3.0
active_defrag_running:0
lazyfree_pending_objects:0
lazyfreed_objects:0

# Persistence
loading:0
async_loading:0
current_cow_peak:0
current_cow_size:0
current_cow_size_age:0
current_fork_perc:0.00
current_save_keys_processed:0
current_save_keys_total:0
rdb_changes_since_last_save:0
rdb_bgsave_in_progress:0
rdb_last_save_time:1704748412
rdb_last_bgsave_status:ok
rdb_last_bgsave_time_sec:-1
rdb_current_bgsave_time_sec:-1
rdb_saves:0
rdb_last_cow_size:0
rdb_last_load_keys_expired:0
rdb_last_load_keys_loaded:0
aof_enabled:0
aof_rewrite_in_progress:0
aof_rewrite_scheduled:0
aof_last_rewrite_time_sec:-1
aof_current_rewrite_time_sec:-1
aof_last_bgrewrite_status:ok
aof_rewrites:0
aof_rewrites_consecutive_failures:0
aof_last_write_status:ok
aof_last_cow_size:0
module_fork_in_progress:0
module_fork_last_cow_size:0

# Stats
total_connections_received:0
total_commands_processed:6
instantaneous_ops_per_sec:25
total_net_input_bytes:0
total_net_output_bytes:0
total_net_repl_input_bytes:0
total_net_repl_output_bytes:0
instantaneous_input_kbps:0.00
instantaneous_output_kbps:0.00
instantaneous_input_repl_kbps:0.00
instantaneous_output_repl_kbps:0.00
rejected_connections:0
sync_full:0
sync_partial_ok:0
sync_partial_err:0
expired_keys:0
expired_stale_perc:0.00
expired_time_cap_reached_count:0
expire_cycle_cpu_milliseconds:0
evicted_keys:0
evicted_clients:0
total_eviction_exceeded_time:0
current_eviction_exceeded_time:0
keyspace_hits:0
keyspace_misses:0
pubsub_channels:0
pubsub_patterns:0
pubsubshard_channels:0
latest_fork_usec:0
total_forks:0
migrate_cached_sockets:0
slave_expires_tracked_keys:0
active_defrag_hits:0
active_defrag_misses:0
active_defrag_key_hits:0
active_defrag_key_misses:0
total_active_defrag_time:0
current_active_defrag_time:0
tracking_total_keys:0
tracking_total_items:0
tracking_total_prefixes:0
unexpected_error_replies:0
total_error_replies:0
dump_payload_sanitizations:0
total_reads_processed:0
total_writes_processed:0
io_threaded_reads_processed:0
io_threaded_writes_processed:0
reply_buffer_shrinks:0
reply_buffer_expands:0
acl_access_denied_auth:0
acl_access_denied_cmd:0
acl_access_denied_key:0
acl_access_denied_channel:0

# Replication
role:master
connected_slaves:0
master_failover_state:no-failover
master_replid:935d3b2612aed327e620071dca355db396f0e853
master_replid2:0000000000000000000000000000000000000000
master_repl_offset:0
second_repl_offset:-1
repl_backlog_active:0
repl_backlog_size:1048576
repl_backlog_first_byte_offset:0
repl_backlog_histlen:0

# CPU
used_cpu_sys:0.006955
used_cpu_user:0.010433
used_cpu_sys_children:0.000000
used_cpu_user_children:0.000000
used_cpu_sys_main_thread:0.006540
used_cpu_user_main_thread:0.009810

# Modules
module:name=raft,ver=1,api=1,filters=1,usedby=[],using=[],options=[]

# Commandstats
cmdstat_config|get:calls=3,usec=4,usec_per_call=1.33,rejected_calls=0,failed_calls=0
cmdstat_config|set:calls=1,usec=10,usec_per_call=10.00,rejected_calls=0,failed_calls=0
cmdstat_command:calls=2,usec=1439,usec_per_call=719.50,rejected_calls=0,failed_calls=0

# Errorstats

# Latencystats
latency_percentiles_usec_config|get:p50=1.003,p99=2.007,p99.9=2.007
latency_percentiles_usec_config|set:p50=10.047,p99=10.047,p99.9=10.047
latency_percentiles_usec_command:p50=679.935,p99=761.855,p99.9=761.855

# Cluster
cluster_enabled:0

# Keyspace

------ CLIENT LIST OUTPUT ------

------ MODULES INFO OUTPUT ------
# raft_version
raft_version:255.255.255
raft_git_sha1:b779b199

# raft_general
raft_dbid:dbc862eec369d7a0ab65935e6a361f39
raft_node_id:3
raft_state:up
raft_role:follower
raft_is_voting:no
raft_voted_for:-1
raft_leader_id:-1
raft_current_term:0
raft_num_nodes:1
raft_num_voting_nodes:0

# raft_log
raft_log_entries:0
raft_current_index:0
raft_commit_index:0
raft_last_applied_index:0
raft_file_size:101
raft_cache_memory_size:0
raft_cache_entries:0
raft_client_attached_entries:0
raft_fsync_count:0
raft_fsync_max_microseconds:0
raft_fsync_avg_microseconds:0

# raft_snapshot
raft_snapshot_filename:redis3.rdb
raft_snapshot_last_idx:0
raft_snapshot_last_term:0
raft_snapshot_size:0
raft_snapshot_time_secs:-1
raft_snapshots_created:0
raft_snapshots_received:0
raft_snapshot_in_progress:no
raft_snapshot_in_progress_last_idx:-1
raft_snapshot_in_progress_last_term:-1

# raft_clients
raft_proxy_reqs:0
raft_proxy_failed_reqs:0
raft_proxy_failed_responses:0
raft_proxy_outstanding_reqs:0

# raft_stats
raft_appendreq_received:0
raft_appendreq_with_entry_received:0
raft_snapshotreq_received:0
raft_exec_throttled:0
raft_num_sessions:0

------ CONFIG DEBUG OUTPUT ------
io-threads 1
repl-diskless-sync yes
proto-max-bulk-len 512mb
sanitize-dump-payload no
list-compress-depth 0
io-threads-do-reads no
lazyfree-lazy-user-flush no
lazyfree-lazy-server-del no
lazyfree-lazy-user-del no
activedefrag no
repl-diskless-load disabled
replica-read-only yes
slave-read-only yes
lazyfree-lazy-expire no
client-query-buffer-limit 1gb
lazyfree-lazy-eviction no

------ FAST MEMORY TEST ------
2323758:M 08 Jan 2024 22:13:32.256 # Bio worker thread #0 terminated
2323758:M 08 Jan 2024 22:13:32.257 # Bio worker thread #1 terminated
2323758:M 08 Jan 2024 22:13:32.257 # Bio worker thread #2 terminated
*** Preparing to test memory region 5649639f9000 (2273280 bytes)
*** Preparing to test memory region 564964dac000 (405504 bytes)
*** Preparing to test memory region 7f7414000000 (135168 bytes)
*** Preparing to test memory region 7f741b800000 (8388608 bytes)
*** Preparing to test memory region 7f741c000000 (135168 bytes)
*** Preparing to test memory region 7f74217ff000 (8388608 bytes)
*** Preparing to test memory region 7f7422000000 (8388608 bytes)
*** Preparing to test memory region 7f7422800000 (6291456 bytes)
*** Preparing to test memory region 7f7422fff000 (8388608 bytes)
*** Preparing to test memory region 7f7423800000 (8388608 bytes)
*** Preparing to test memory region 7f7424000000 (135168 bytes)
*** Preparing to test memory region 7f74281d9000 (2097152 bytes)
*** Preparing to test memory region 7f7428400000 (2097152 bytes)
*** Preparing to test memory region 7f742861a000 (8388608 bytes)
*** Preparing to test memory region 7f7428e1b000 (8388608 bytes)
*** Preparing to test memory region 7f742961c000 (8388608 bytes)
*** Preparing to test memory region 7f7429e1d000 (8388608 bytes)
*** Preparing to test memory region 7f742a61e000 (8388608 bytes)
*** Preparing to test memory region 7f742ae1f000 (8388608 bytes)
*** Preparing to test memory region 7f742b620000 (8388608 bytes)
*** Preparing to test memory region 7f742be21000 (8388608 bytes)
*** Preparing to test memory region 7f742c621000 (2621440 bytes)
*** Preparing to test memory region 7f742c8b0000 (8192 bytes)
*** Preparing to test memory region 7f742ce7f000 (12288 bytes)
*** Preparing to test memory region 7f742d3ac000 (8192 bytes)
*** Preparing to test memory region 7f742d618000 (16384 bytes)
*** Preparing to test memory region 7f742d754000 (4096 bytes)
*** Preparing to test memory region 7f742e000000 (8388608 bytes)
*** Preparing to test memory region 7f742e825000 (12288 bytes)
*** Preparing to test memory region 7f742e8aa000 (45056 bytes)
*** Preparing to test memory region 7f742ea89000 (53248 bytes)
*** Preparing to test memory region 7f742eba6000 (8192 bytes)
.O.O.O.O.O.O.O.O.O.O.O.O.O.O.O.O.O.O.O.O.O.O.O.O.O.O.O.O.O.O.O.O
Fast memory test PASSED, however your memory can still be broken. Please run a memory test for several hours if possible.

------ DUMPING CODE AROUND EIP ------
Symbol: (null) (base: (nil))
Module: /lib/x86_64-linux-gnu/libc.so.6 (base 0x7f742e8b5000)
$ xxd -r -p /tmp/dump.hex /tmp/dump.bin
$ objdump --adjust-vma=(nil) -D -b binary -m i386:x86-64 /tmp/dump.bin
------

=== REDIS BUG REPORT END. Make sure to include from START to END. ===

       Please report the crash by opening an issue on github:

           http://github.com/redis/redis/issues

  If a Redis module was involved, please open in the module's repo instead.

  Suspect RAM error? Use redis-server --test-memory to verify it.

  Some other issues could be detected by redis-server --check-system

----- Stderr -----
libgcov profiling error:/home/snagendra/Fuzzing/redisraft-fuzzing/build/deps/raft/CMakeFiles/raft.dir/src/raft_server_properties.c.gcda:Merge mismatch for function 3
libgcov profiling error:/home/snagendra/Fuzzing/redisraft-fuzzing/build/deps/raft/CMakeFiles/raft.dir/src/raft_server.c.gcda:Merge mismatch for function 7
redis-server: /home/snagendra/Fuzzing/redisraft-fuzzing/deps/raft/src/raft_server.c:1702: raft_get_first_entry_idx: Assertion `0 < raft_get_current_idx(me)' failed.



