logs for node: 1

----- Stdout -----
2141120:C 18 Oct 2023 16:43:10.603 # WARNING Memory overcommit must be enabled! Without it, a background save or replication may fail under low memory condition. Being disabled, it can also cause failures without low memory condition, see https://github.com/jemalloc/jemalloc/issues/1328. To fix this issue add 'vm.overcommit_memory = 1' to /etc/sysctl.conf and then reboot or run the command 'sysctl vm.overcommit_memory=1' for this to take effect.
2141120:C 18 Oct 2023 16:43:10.603 * oO0OoO0OoO0Oo Redis is starting oO0OoO0OoO0Oo
2141120:C 18 Oct 2023 16:43:10.603 * Redis version=255.255.255, bits=64, commit=e04ebdb8, modified=1, pid=2141120, just started
2141120:C 18 Oct 2023 16:43:10.603 * Configuration loaded
2141120:M 18 Oct 2023 16:43:10.604 * monotonic clock: POSIX clock_gettime
2141120:M 18 Oct 2023 16:43:10.604 * Running mode=standalone, port=5081.
2141120:M 18 Oct 2023 16:43:10.608 * <raft> RedisRaft version 255.255.255 [c259f3d2]
2141120:M 18 Oct 2023 16:43:10.612 * <raft> Initializing test network
2141120:M 18 Oct 2023 16:43:10.613 * <raft> Created test network client
2141120:M 18 Oct 2023 16:43:10.660 * <raft> Raft module loaded, state is 'loading'
2141120:M 18 Oct 2023 16:43:10.660 * Module 'raft' loaded from /home/snagendra/Fuzzing/redisraft-fuzzing/redisraft.so
2141120:M 18 Oct 2023 16:43:10.660 * Server initialized
2141120:M 18 Oct 2023 16:43:10.660 . The AOF directory appendonlydir doesn't exist
2141120:M 18 Oct 2023 16:43:10.661 * Ready to accept connections tcp
2141120:M 18 Oct 2023 16:43:10.661 . 0 clients connected (0 replicas), 1746784 bytes in use
2141120:M 18 Oct 2023 16:43:10.663 - Accepted 127.0.0.1:44096
2141120:M 18 Oct 2023 16:43:10.663 # Missing implement of connection type tls
2141120:M 18 Oct 2023 16:43:10.710 - Accepted 127.0.0.1:44112
2141120:M 18 Oct 2023 16:43:10.760 * <raft> Loading: Redis loading complete, snapshot NOT LOADED
2141120:M 18 Oct 2023 16:43:10.761 * <raft> Cluster Membership: term:0 index:0 nodes: id=1,voting=0,active=1,addr=-
2141120:M 18 Oct 2023 16:43:10.761 * <raft> Test network starting message polling thread


=== REDIS BUG REPORT START: Cut & paste starting from here ===
2141120:M 18 Oct 2023 16:43:10.761 # === ASSERTION FAILED ===
2141120:M 18 Oct 2023 16:43:10.761 # ==> /home/snagendra/Fuzzing/redisraft-fuzzing/src/log.c:509 'ety != NULL' is not true
2141120:M 18 Oct 2023 16:43:10.761 # === ASSERTION FAILED ===
2141120:M 18 Oct 2023 16:43:10.761 # ==> /home/snagendra/Fuzzing/redisraft-fuzzing/src/log.c:509 'ety != NULL' is not true

------ STACK TRACE ------

Backtrace:

------ STACK TRACE ------
/home/snagendra/Fuzzing/redisraft-fuzzing/redisraft.so(+0x25e80)[0x7f8ef3141e80]

Backtrace:
/home/snagendra/Fuzzing/redisraft-fuzzing/redisraft.so(+0x27208)[0x7f8ef3143208]
/home/snagendra/Fuzzing/redisraft-fuzzing/redisraft.so(+0x27347)[0x7f8ef3143347]
/home/snagendra/Fuzzing/redisraft-fuzzing/redisraft.so(raft_get_entry_from_idx+0x1a)[0x7f8ef315754a]
/home/snagendra/Fuzzing/redisraft-fuzzing/redisraft.so(+0x25e80)[0x7f8ef3141e80]
/home/snagendra/Fuzzing/redisraft-fuzzing/redisraft.so(raft_get_last_log_term+0x36)[0x7f8ef315d576]
/home/snagendra/Fuzzing/redisraft-fuzzing/redisraft.so(+0x27208)[0x7f8ef3143208]
/home/snagendra/Fuzzing/redisraft-fuzzing/redisraft.so(+0x27347)[0x7f8ef3143347]
/home/snagendra/Fuzzing/redisraft-fuzzing/redisraft.so(raft_restore_log+0x54)[0x7f8ef315caf4]
/home/snagendra/Fuzzing/redisraft-fuzzing/redisraft.so(raft_recv_requestvote+0x25b)[0x7f8ef315829b]
/home/snagendra/Fuzzing/redisraft-fuzzing/redisraft.so(callRaftPeriodic+0x131)[0x7f8ef3148e71]
/home/snagendra/Fuzzing/redis/src/redis-server 0.0.0.0:5081(moduleTimerHandler+0x21c)[0x558c5227a98c]
/home/snagendra/Fuzzing/redis/src/redis-server 0.0.0.0:5081(+0x81705)[0x558c52184705]
/home/snagendra/Fuzzing/redis/src/redis-server 0.0.0.0:5081(aeMain+0x1c8)[0x558c5218ecb8]
/home/snagendra/Fuzzing/redis/src/redis-server 0.0.0.0:5081(main+0x3cd)[0x558c52183e2d]
/lib/x86_64-linux-gnu/libc.so.6(__libc_start_main+0xea)[0x7f8ef31cdd0a]
/home/snagendra/Fuzzing/redis/src/redis-server 0.0.0.0:5081(_start+0x2a)[0x558c521845aa]

------ INFO OUTPUT ------
/home/snagendra/Fuzzing/redisraft-fuzzing/redisraft.so(handleTestNetworkMessage+0x204)[0x7f8ef3151594]
/home/snagendra/Fuzzing/redisraft-fuzzing/redisraft.so(poll_redis_test_messages+0x89)[0x7f8ef3151659]
/lib/x86_64-linux-gnu/libpthread.so.0(+0x7ea7)[0x7f8ef3385ea7]
/lib/x86_64-linux-gnu/libc.so.6(clone+0x3f)[0x7f8ef32a5a2f]

------ INFO OUTPUT ------
# Server
redis_version:255.255.255
redis_git_sha1:e04ebdb8
redis_git_dirty:1
redis_build_id:1f78dcc7b4fbdd25
redis_mode:standalone
os:Linux 5.15.111.1.amd64-smp x86_64
arch_bits:64
monotonic_clock:POSIX clock_gettime
multiplexing_api:epoll
atomicvar_api:c11-builtin
gcc_version:10.2.1
process_id:2141120
process_supervised:no
run_id:d3b313d1e73dce7f38fd8189732959613d39ff42
tcp_port:5081
server_time_usec:1697640190760706
uptime_in_seconds:0
uptime_in_days:0
hz:10
configured_hz:10
lru_clock:3141374
executable:/home/snagendra/Fuzzing/redis/src/redis-server
config_file:
io_threads_active:0
listener0:name=tcp,bind=0.0.0.0,port=5081

# Clients
connected_clients:2
cluster_connections:0
maxclients:10000
client_recent_max_input_buffer:0
client_recent_max_output_buffer:0
blocked_clients:0
tracking_clients:0
clients_in_timeout_table:0
total_blocking_keys:0
total_blocking_keys_on_nokey:0

# Memory
used_memory:1929512
used_memory_human:1.84M
used_memory_rss:15273984
used_memory_rss_human:14.57M
used_memory_peak:1929512
used_memory_peak_human:1.84M
used_memory_peak_perc:100.37%
used_memory_overhead:1746824
used_memory_startup:1746640
used_memory_dataset:182688
used_memory_dataset_perc:99.90%
allocator_allocated:2018048
allocator_active:2572288
allocator_resident:10719232
total_system_memory:270386737152
total_system_memory_human:251.82G
used_memory_lua:31744
used_memory_vm_eval:31744
used_memory_lua_human:31.00K
used_memory_scripts_eval:0
number_of_cached_scripts:0
number_of_functions:0
number_of_libraries:0
used_memory_vm_functions:32768
used_memory_vm_total:64512
used_memory_vm_total_human:63.00K
used_memory_functions:184
used_memory_scripts:184
used_memory_scripts_human:184B
maxmemory:0
maxmemory_human:0B
maxmemory_policy:noeviction
allocator_frag_ratio:1.27
allocator_frag_bytes:554240
allocator_rss_ratio:4.17
allocator_rss_bytes:8146944
rss_overhead_ratio:1.42
rss_overhead_bytes:4554752
mem_fragmentation_ratio:8.74
mem_fragmentation_bytes:13527200
mem_not_counted_for_evict:0
mem_replication_backlog:0
mem_total_replication_buffers:0
mem_clients_slaves:0
mem_clients_normal:0
mem_cluster_links:0
mem_aof_buffer:0
mem_allocator:jemalloc-5.3.0
active_defrag_running:0
lazyfree_pending_objects:0
lazyfreed_objects:0

# Persistence
loading:0
async_loading:0
current_cow_peak:0
current_cow_size:0
current_cow_size_age:0
current_fork_perc:0.00
current_save_keys_processed:0
current_save_keys_total:0
rdb_changes_since_last_save:0
rdb_bgsave_in_progress:0
rdb_last_save_time:1697640190
rdb_last_bgsave_status:ok
rdb_last_bgsave_time_sec:-1
rdb_current_bgsave_time_sec:-1
rdb_saves:0
rdb_last_cow_size:0
rdb_last_load_keys_expired:0
rdb_last_load_keys_loaded:0
aof_enabled:0
aof_rewrite_in_progress:0
aof_rewrite_scheduled:0
aof_last_rewrite_time_sec:-1
aof_current_rewrite_time_sec:-1
aof_last_bgrewrite_status:ok
aof_rewrites:0
aof_rewrites_consecutive_failures:0
aof_last_write_status:ok
aof_last_cow_size:0
module_fork_in_progress:0
module_fork_last_cow_size:0

# Stats
total_connections_received:2
total_commands_processed:14
instantaneous_ops_per_sec:6
total_net_input_bytes:229
total_net_output_bytes:440
total_net_repl_input_bytes:0
total_net_repl_output_bytes:0
instantaneous_input_kbps:0.00
instantaneous_output_kbps:0.00
instantaneous_input_repl_kbps:0.00
instantaneous_output_repl_kbps:0.00
rejected_connections:0
sync_full:0
sync_partial_ok:0
sync_partial_err:0
expired_keys:0
expired_stale_perc:0.00
expired_time_cap_reached_count:0
expire_cycle_cpu_milliseconds:0
evicted_keys:0
evicted_clients:0
total_eviction_exceeded_time:0
current_eviction_exceeded_time:0
keyspace_hits:0
keyspace_misses:0
pubsub_channels:0
pubsub_patterns:0
pubsubshard_channels:0
latest_fork_usec:0
total_forks:0
migrate_cached_sockets:0
slave_expires_tracked_keys:0
active_defrag_hits:0
active_defrag_misses:0
active_defrag_key_hits:0
active_defrag_key_misses:0
total_active_defrag_time:0
current_active_defrag_time:0
tracking_total_keys:0
tracking_total_items:0
tracking_total_prefixes:0
unexpected_error_replies:0
total_error_replies:4
dump_payload_sanitizations:0
total_reads_processed:8
total_writes_processed:8
io_threaded_reads_processed:0
io_threaded_writes_processed:0
reply_buffer_shrinks:0
reply_buffer_expands:0
acl_access_denied_auth:0
acl_access_denied_cmd:0
acl_access_denied_key:0
acl_access_denied_channel:0

# Replication
role:master
connected_slaves:0
master_failover_state:no-failover
master_replid:f8b211433e96811507ef27697773b2512847a637
master_replid2:0000000000000000000000000000000000000000
master_repl_offset:0
second_repl_offset:-1
repl_backlog_active:0
repl_backlog_size:1048576
repl_backlog_first_byte_offset:0
repl_backlog_histlen:0

# CPU
used_cpu_sys:0.015474
used_cpu_user:0.000000
used_cpu_sys_children:0.000000
used_cpu_user_children:0.000000
used_cpu_sys_main_thread:0.014018
used_cpu_user_main_thread:0.000000

# Modules
module:name=raft,ver=1,api=1,filters=1,usedby=[],using=[],options=[]

# Commandstats
cmdstat_auth:calls=1,usec=2,usec_per_call=2.00,rejected_calls=0,failed_calls=0
cmdstat_raft:calls=4,usec=19,usec_per_call=4.75,rejected_calls=0,failed_calls=4
cmdstat_hello:calls=1,usec=8,usec_per_call=8.00,rejected_calls=0,failed_calls=0
cmdstat_command:calls=2,usec=1430,usec_per_call=715.00,rejected_calls=0,failed_calls=0
cmdstat_client|setinfo:calls=2,usec=1,usec_per_call=0.50,rejected_calls=0,failed_calls=0
cmdstat_config|set:calls=1,usec=11,usec_per_call=11.00,rejected_calls=0,failed_calls=0
cmdstat_config|get:calls=3,usec=5,usec_per_call=1.67,rejected_calls=0,failed_calls=0

# Errorstats
errorstat_LOADING:count=4

# Latencystats
latency_percentiles_usec_auth:p50=2.007,p99=2.007,p99.9=2.007
latency_percentiles_usec_raft:p50=4.015,p99=7.007,p99.9=7.007
latency_percentiles_usec_hello:p50=8.031,p99=8.031,p99.9=8.031
latency_percentiles_usec_command:p50=696.319,p99=737.279,p99.9=737.279
latency_percentiles_usec_client|setinfo:p50=0.001,p99=1.003,p99.9=1.003
latency_percentiles_usec_config|set:p50=11.007,p99=11.007,p99.9=11.007
latency_percentiles_usec_config|get:p50=2.007,p99=2.007,p99.9=2.007

# Cluster
cluster_enabled:0

# Keyspace

------ CLIENT LIST OUTPUT ------
id=8 addr=127.0.0.1:44096 laddr=127.0.0.1:5081 fd=13 name= age=0 idle=0 flags=N db=0 sub=0 psub=0 ssub=0 multi=-1 qbuf=0 qbuf-free=20474 argv-mem=0 multi-mem=0 rbs=16384 rbp=16384 obl=0 oll=0 omem=0 tot-mem=37760 events=r cmd=raft user=default redir=-1 resp=3 lib-name=go-redis(,go1.20.3) lib-ver=9.2.1
id=9 addr=127.0.0.1:44112 laddr=127.0.0.1:5081 fd=11 name= age=0 idle=0 flags=N db=0 sub=0 psub=0 ssub=0 multi=-1 qbuf=0 qbuf-free=20474 argv-mem=0 multi-mem=0 rbs=16384 rbp=16384 obl=0 oll=0 omem=0 tot-mem=37760 events=r cmd=auth user=default redir=-1 resp=2 lib-name= lib-ver=

------ MODULES INFO OUTPUT ------
# raft_version
raft_version:255.255.255
raft_git_sha1:c259f3d2

# raft_general
raft_dbid:38c97b8cdc0cb3bf3310f74269e29fb8
raft_node_id:1
raft_state:up
raft_role:follower
raft_is_voting:yes
raft_voted_for:-1
raft_leader_id:-1
raft_current_term:0
raft_num_nodes:1
raft_num_voting_nodes:1

# raft_log
raft_log_entries:6
raft_current_index:6
raft_commit_index:0
raft_last_applied_index:0
raft_file_size:1594
raft_cache_memory_size:0
raft_cache_entries:0
raft_client_attached_entries:0
raft_fsync_count:0
raft_fsync_max_microseconds:0
raft_fsync_avg_microseconds:0

# raft_snapshot
raft_snapshot_filename:redis1.rdb
raft_snapshot_last_idx:0
raft_snapshot_last_term:0
raft_snapshot_size:0
raft_snapshot_time_secs:-1
raft_snapshots_created:0
raft_snapshots_received:0
raft_snapshot_in_progress:no
raft_snapshot_in_progress_last_idx:-1
raft_snapshot_in_progress_last_term:-1

# raft_clients
raft_proxy_reqs:0
raft_proxy_failed_reqs:0
raft_proxy_failed_responses:0
raft_proxy_outstanding_reqs:0

# raft_stats
raft_appendreq_received:0
raft_appendreq_with_entry_received:0
raft_snapshotreq_received:0
raft_exec_throttled:0
raft_num_sessions:0

------ CONFIG DEBUG OUTPUT ------
lazyfree-lazy-server-del no
proto-max-bulk-len 512mb
repl-diskless-load disabled
replica-read-only yes
client-query-buffer-limit 1gb
lazyfree-lazy-user-del no
slave-read-only yes
activedefrag no
io-threads 1
lazyfree-lazy-user-flush no
repl-diskless-sync yes
lazyfree-lazy-expire no
lazyfree-lazy-eviction no
sanitize-dump-payload no
list-compress-depth 0
io-threads-do-reads no

------ FAST MEMORY TEST ------
2141120:M 18 Oct 2023 16:43:10.762 # Bio worker thread #0 terminated
# Server
redis_version:255.255.255
redis_git_sha1:e04ebdb8
redis_git_dirty:1
redis_build_id:1f78dcc7b4fbdd25
redis_mode:standalone
os:Linux 5.15.111.1.amd64-smp x86_64
arch_bits:64
monotonic_clock:POSIX clock_gettime
multiplexing_api:epoll
atomicvar_api:c11-builtin
gcc_version:10.2.1
process_id:2141120
process_supervised:no
run_id:d3b313d1e73dce7f38fd8189732959613d39ff42
tcp_port:5081
server_time_usec:1697640190760706
uptime_in_seconds:0
uptime_in_days:0
hz:10
configured_hz:10
lru_clock:3141374
executable:/home/snagendra/Fuzzing/redis/src/redis-server
config_file:
io_threads_active:0
listener0:name=tcp,bind=0.0.0.0,port=5081

# Clients
connected_clients:2
cluster_connections:0
maxclients:10000
client_recent_max_input_buffer:0
client_recent_max_output_buffer:0
blocked_clients:0
tracking_clients:0
clients_in_timeout_table:0
total_blocking_keys:0
total_blocking_keys_on_nokey:0

# Memory
used_memory:1941912
used_memory_human:1.85M
used_memory_rss:15273984
used_memory_rss_human:14.57M
used_memory_peak:1941912
used_memory_peak_human:1.85M
used_memory_peak_perc:100.67%
used_memory_overhead:1746824
used_memory_startup:1746640
used_memory_dataset:195536
used_memory_dataset_perc:99.91%
allocator_allocated:2018048
allocator_active:2572288
allocator_resident:10719232
total_system_memory:270386737152
total_system_memory_human:251.82G
used_memory_lua:31744
used_memory_vm_eval:31744
used_memory_lua_human:31.00K
used_memory_scripts_eval:0
number_of_cached_scripts:0
number_of_functions:0
number_of_libraries:0
used_memory_vm_functions:32768
used_memory_vm_total:64512
used_memory_vm_total_human:63.00K
used_memory_functions:184
used_memory_scripts:184
used_memory_scripts_human:184B
maxmemory:0
maxmemory_human:0B
maxmemory_policy:noeviction
allocator_frag_ratio:1.27
allocator_frag_bytes:554240
allocator_rss_ratio:4.17
allocator_rss_bytes:8146944
rss_overhead_ratio:1.42
rss_overhead_bytes:4554752
mem_fragmentation_ratio:8.74
mem_fragmentation_bytes:13527200
mem_not_counted_for_evict:0
mem_replication_backlog:0
mem_total_replication_buffers:0
mem_clients_slaves:0
mem_clients_normal:0
mem_cluster_links:0
mem_aof_buffer:0
mem_allocator:jemalloc-5.3.0
active_defrag_running:0
lazyfree_pending_objects:0
lazyfreed_objects:0

# Persistence
loading:0
async_loading:0
current_cow_peak:0
current_cow_size:0
current_cow_size_age:0
current_fork_perc:0.00
current_save_keys_processed:0
current_save_keys_total:0
rdb_changes_since_last_save:0
rdb_bgsave_in_progress:0
rdb_last_save_time:1697640190
rdb_last_bgsave_status:ok
rdb_last_bgsave_time_sec:-1
rdb_current_bgsave_time_sec:-1
rdb_saves:0
rdb_last_cow_size:0
rdb_last_load_keys_expired:0
rdb_last_load_keys_loaded:0
aof_enabled:0
aof_rewrite_in_progress:0
aof_rewrite_scheduled:0
aof_last_rewrite_time_sec:-1
aof_current_rewrite_time_sec:-1
aof_last_bgrewrite_status:ok
aof_rewrites:0
aof_rewrites_consecutive_failures:0
aof_last_write_status:ok
aof_last_cow_size:0
module_fork_in_progress:0
module_fork_last_cow_size:0

# Stats
total_connections_received:2
total_commands_processed:14
instantaneous_ops_per_sec:6
total_net_input_bytes:229
total_net_output_bytes:440
total_net_repl_input_bytes:0
total_net_repl_output_bytes:0
instantaneous_input_kbps:0.00
instantaneous_output_kbps:0.00
instantaneous_input_repl_kbps:0.00
instantaneous_output_repl_kbps:0.00
rejected_connections:0
sync_full:0
sync_partial_ok:0
sync_partial_err:0
expired_keys:0
expired_stale_perc:0.00
expired_time_cap_reached_count:0
expire_cycle_cpu_milliseconds:0
evicted_keys:0
evicted_clients:0
total_eviction_exceeded_time:0
current_eviction_exceeded_time:0
keyspace_hits:0
keyspace_misses:0
pubsub_channels:0
pubsub_patterns:0
pubsubshard_channels:0
latest_fork_usec:0
total_forks:0
migrate_cached_sockets:0
slave_expires_tracked_keys:0
active_defrag_hits:0
active_defrag_misses:0
active_defrag_key_hits:0
active_defrag_key_misses:0
total_active_defrag_time:0
current_active_defrag_time:0
tracking_total_keys:0
tracking_total_items:0
tracking_total_prefixes:0
unexpected_error_replies:0
total_error_replies:4
dump_payload_sanitizations:0
total_reads_processed:8
total_writes_processed:8
io_threaded_reads_processed:0
io_threaded_writes_processed:0
reply_buffer_shrinks:0
reply_buffer_expands:0
acl_access_denied_auth:0
acl_access_denied_cmd:0
acl_access_denied_key:0
acl_access_denied_channel:0

# Replication
role:master
connected_slaves:0
master_failover_state:no-failover
master_replid:f8b211433e96811507ef27697773b2512847a637
master_replid2:0000000000000000000000000000000000000000
master_repl_offset:0
second_repl_offset:-1
repl_backlog_active:0
repl_backlog_size:1048576
repl_backlog_first_byte_offset:0
repl_backlog_histlen:0

# CPU
used_cpu_sys:0.015775
used_cpu_user:0.000000
used_cpu_sys_children:0.000000
used_cpu_user_children:0.000000
used_cpu_sys_main_thread:0.000000
used_cpu_user_main_thread:0.000630

# Modules
module:name=raft,ver=1,api=1,filters=1,usedby=[],using=[],options=[]

# Commandstats
cmdstat_auth:calls=1,usec=2,usec_per_call=2.00,rejected_calls=0,failed_calls=0
cmdstat_raft:calls=4,usec=19,usec_per_call=4.75,rejected_calls=0,failed_calls=4
cmdstat_hello:calls=1,usec=8,usec_per_call=8.00,rejected_calls=0,failed_calls=0
cmdstat_command:calls=2,usec=1430,usec_per_call=715.00,rejected_calls=0,failed_calls=0
cmdstat_client|setinfo:calls=2,usec=1,usec_per_call=0.50,rejected_calls=0,failed_calls=0
cmdstat_config|set:calls=1,usec=11,usec_per_call=11.00,rejected_calls=0,failed_calls=0
cmdstat_config|get:calls=3,usec=5,usec_per_call=1.67,rejected_calls=0,failed_calls=0

# Errorstats
errorstat_LOADING:count=4

# Latencystats
latency_percentiles_usec_auth:p50=2.007,p99=2.007,p99.9=2.007
latency_percentiles_usec_raft:p50=4.015,p99=7.007,p99.9=7.007
latency_percentiles_usec_hello:p50=8.031,p99=8.031,p99.9=8.031
latency_percentiles_usec_command:p50=696.319,p99=737.279,p99.9=737.279
latency_percentiles_usec_client|setinfo:p50=0.001,p99=1.003,p99.9=1.003
latency_percentiles_usec_config|set:p50=11.007,p99=11.007,p99.9=11.007
latency_percentiles_usec_config|get:p50=2.007,p99=2.007,p99.9=2.007

# Cluster
cluster_enabled:0

# Keyspace

------ CLIENT LIST OUTPUT ------
2141120:M 18 Oct 2023 16:43:10.762 # Bio worker thread #1 terminated
id=8 addr=127.0.0.1:44096 laddr=127.0.0.1:5081 fd=13 name= age=0 idle=0 flags=N db=0 sub=0 psub=0 ssub=0 multi=-1 qbuf=0 qbuf-free=20474 argv-mem=0 multi-mem=0 rbs=16384 rbp=16384 obl=0 oll=0 omem=0 tot-mem=37760 events=r cmd=raft user=default redir=-1 resp=3 lib-name=go-redis(,go1.20.3) lib-ver=9.2.1
id=9 addr=127.0.0.1:44112 laddr=127.0.0.1:5081 fd=11 name= age=0 idle=0 flags=N db=0 sub=0 psub=0 ssub=0 multi=-1 qbuf=0 qbuf-free=20474 argv-mem=0 multi-mem=0 rbs=16384 rbp=16384 obl=0 oll=0 omem=0 tot-mem=37760 events=r cmd=auth user=default redir=-1 resp=2 lib-name= lib-ver=

------ MODULES INFO OUTPUT ------
# raft_version
raft_version:255.255.255
raft_git_sha1:c259f3d2

# raft_general
raft_dbid:38c97b8cdc0cb3bf3310f74269e29fb8
raft_node_id:1
raft_state:up
raft_role:follower
raft_is_voting:yes
raft_voted_for:-1
raft_leader_id:-1
raft_current_term:0
raft_num_nodes:1
raft_num_voting_nodes:1

# raft_log
raft_log_entries:6
raft_current_index:6
raft_commit_index:0
raft_last_applied_index:0
raft_file_size:1594
raft_cache_memory_size:0
raft_cache_entries:0
raft_client_attached_entries:0
raft_fsync_count:0
raft_fsync_max_microseconds:0
raft_fsync_avg_microseconds:0

# raft_snapshot
raft_snapshot_filename:redis1.rdb
raft_snapshot_last_idx:0
raft_snapshot_last_term:0
raft_snapshot_size:0
raft_snapshot_time_secs:-1
raft_snapshots_created:0
raft_snapshots_received:0
raft_snapshot_in_progress:no
raft_snapshot_in_progress_last_idx:-1
raft_snapshot_in_progress_last_term:-1

# raft_clients
raft_proxy_reqs:0
raft_proxy_failed_reqs:0
raft_proxy_failed_responses:0
raft_proxy_outstanding_reqs:0

# raft_stats
raft_appendreq_received:0
raft_appendreq_with_entry_received:0
raft_snapshotreq_received:0
raft_exec_throttled:0
raft_num_sessions:0
2141120:M 18 Oct 2023 16:43:10.762 # Bio worker thread #2 terminated
*** Preparing to test memory region 558c5245a000 (2273280 bytes)
*** Preparing to test memory region 558c53703000 (405504 bytes)
*** Preparing to test memory region 7f8ed0000000 (135168 bytes)
*** Preparing to test memory region 7f8ed8000000 (135168 bytes)
*** Preparing to test memory region 7f8edf800000 (8388608 bytes)

------ CONFIG DEBUG OUTPUT ------
lazyfree-lazy-server-del no
proto-max-bulk-len 512mb
repl-diskless-load disabled
replica-read-only yes
client-query-buffer-limit 1gb
lazyfree-lazy-user-del no
slave-read-only yes
activedefrag no
io-threads 1
lazyfree-lazy-user-flush no
repl-diskless-sync yes
lazyfree-lazy-expire no
lazyfree-lazy-eviction no
sanitize-dump-payload no
list-compress-depth 0
io-threads-do-reads no

------ FAST MEMORY TEST ------
*** Preparing to test memory region 7f8ee0000000 (135168 bytes)
*** Preparing to test memory region 7f8ee5c00000 (2097152 bytes)
*** Preparing to test memory region 7f8ee5ffe000 (8388608 bytes)
2141120:M 18 Oct 2023 16:43:10.762 # main thread terminated

Fast memory test PASSED, however your memory can still be broken. Please run a memory test for several hours if possible.

=== REDIS BUG REPORT END. Make sure to include from START to END. ===

       Please report the crash by opening an issue on github:

           http://github.com/redis/redis/issues

  If a Redis module was involved, please open in the module's repo instead.

  Suspect RAM error? Use redis-server --test-memory to verify it.

  Some other issues could be detected by redis-server --check-system

----- Stderr -----




logs for node: 2

----- Stdout -----
2140430:C 18 Oct 2023 16:43:09.461 # WARNING Memory overcommit must be enabled! Without it, a background save or replication may fail under low memory condition. Being disabled, it can also cause failures without low memory condition, see https://github.com/jemalloc/jemalloc/issues/1328. To fix this issue add 'vm.overcommit_memory = 1' to /etc/sysctl.conf and then reboot or run the command 'sysctl vm.overcommit_memory=1' for this to take effect.
2140430:C 18 Oct 2023 16:43:09.461 * oO0OoO0OoO0Oo Redis is starting oO0OoO0OoO0Oo
2140430:C 18 Oct 2023 16:43:09.461 * Redis version=255.255.255, bits=64, commit=e04ebdb8, modified=1, pid=2140430, just started
2140430:C 18 Oct 2023 16:43:09.461 * Configuration loaded
2140430:M 18 Oct 2023 16:43:09.462 * monotonic clock: POSIX clock_gettime
2140430:M 18 Oct 2023 16:43:09.462 * Running mode=standalone, port=5082.
2140430:M 18 Oct 2023 16:43:09.466 * <raft> RedisRaft version 255.255.255 [c259f3d2]
2140430:M 18 Oct 2023 16:43:09.470 * <raft> Initializing test network
2140430:M 18 Oct 2023 16:43:09.471 * <raft> Created test network client
2140430:M 18 Oct 2023 16:43:09.501 * <raft> Raft module loaded, state is 'loading'
2140430:M 18 Oct 2023 16:43:09.501 * Module 'raft' loaded from /home/snagendra/Fuzzing/redisraft-fuzzing/redisraft.so
2140430:M 18 Oct 2023 16:43:09.501 * Server initialized
2140430:M 18 Oct 2023 16:43:09.501 . The AOF directory appendonlydir doesn't exist
2140430:M 18 Oct 2023 16:43:09.501 * Ready to accept connections tcp
2140430:M 18 Oct 2023 16:43:09.501 . 0 clients connected (0 replicas), 1746656 bytes in use
2140430:M 18 Oct 2023 16:43:09.579 - Accepted 127.0.0.1:55858
2140430:M 18 Oct 2023 16:43:09.579 # Missing implement of connection type tls
2140430:M 18 Oct 2023 16:43:09.601 * <raft> Loading: Redis loading complete, snapshot NOT LOADED
2140430:M 18 Oct 2023 16:43:09.602 * <raft> Cluster Membership: term:0 index:0 nodes: id=2,voting=0,active=1,addr=-
2140430:M 18 Oct 2023 16:43:09.602 * <raft> Test network starting message polling thread
2140430:M 18 Oct 2023 16:43:09.603 * <raft> Cluster Membership: term:0 index:4 nodes: id=2,voting=0,active=1,addr=- id=1,voting=1,active=1,addr=localhost:5081
2140430:M 18 Oct 2023 16:43:09.603 * <raft> Cluster Membership: term:0 index:4 nodes: id=2,voting=0,active=1,addr=- id=1,voting=1,active=1,addr=localhost:5081 id=3,voting=0,active=1,addr=localhost:5083
2140430:M 18 Oct 2023 16:43:09.603 * <raft> Raft state after loading log: log_count=4, first_idx=1, current_idx=4, last_applied_idx=0
2140430:M 18 Oct 2023 16:43:09.603 . <raft> Raft term=1, vote=-1
2140430:M 18 Oct 2023 16:43:09.831 - Accepted 127.0.0.1:55860
2140430:M 18 Oct 2023 16:43:09.960 - Client closed connection id=9 addr=127.0.0.1:55860 laddr=127.0.0.1:5082 fd=14 name= age=0 idle=0 flags=N db=0 sub=0 psub=0 ssub=0 multi=-1 qbuf=0 qbuf-free=20474 argv-mem=0 multi-mem=0 rbs=16384 rbp=0 obl=0 oll=0 omem=0 tot-mem=37760 events=r cmd=auth user=default redir=-1 resp=2 lib-name= lib-ver=
2140430:M 18 Oct 2023 16:43:10.073 - Client closed connection id=8 addr=127.0.0.1:55858 laddr=127.0.0.1:5082 fd=11 name= age=1 idle=1 flags=N db=0 sub=0 psub=0 ssub=0 multi=-1 qbuf=0 qbuf-free=20474 argv-mem=0 multi-mem=0 rbs=1024 rbp=0 obl=0 oll=0 omem=0 tot-mem=22400 events=r cmd=auth user=default redir=-1 resp=2 lib-name= lib-ver=
2140430:M 18 Oct 2023 16:43:10.206 * <raft> State change: Election starting, node is now a pre-candidate, term 2
2140430:M 18 Oct 2023 16:43:10.206 * <raft> Cluster Membership: term:2 index:5 nodes: id=2,voting=0,active=1,addr=- id=1,voting=1,active=1,addr=localhost:5081 id=3,voting=0,active=1,addr=localhost:5083
2140430:M 18 Oct 2023 16:43:10.378 * <raft> State change: Node is now a follower, term 2
2140430:M 18 Oct 2023 16:43:10.378 * <raft> Cluster Membership: term:2 index:5 nodes: id=2,voting=0,active=1,addr=- id=1,voting=1,active=1,addr=localhost:5081 id=3,voting=0,active=1,addr=localhost:5083
2140430:M 18 Oct 2023 16:43:10.409 # <raft> Redis connection authentication failed: connection died
2140430:M 18 Oct 2023 16:43:10.608 * <raft> State change: Election starting, node is now a pre-candidate, term 2
2140430:M 18 Oct 2023 16:43:10.608 * <raft> Cluster Membership: term:2 index:5 nodes: id=2,voting=0,active=1,addr=- id=1,voting=1,active=1,addr=localhost:5081 id=3,voting=0,active=1,addr=localhost:5083

----- Stderr -----




logs for node: 3

----- Stdout -----
2141257:C 18 Oct 2023 16:43:10.785 # WARNING Memory overcommit must be enabled! Without it, a background save or replication may fail under low memory condition. Being disabled, it can also cause failures without low memory condition, see https://github.com/jemalloc/jemalloc/issues/1328. To fix this issue add 'vm.overcommit_memory = 1' to /etc/sysctl.conf and then reboot or run the command 'sysctl vm.overcommit_memory=1' for this to take effect.
2141257:C 18 Oct 2023 16:43:10.786 * oO0OoO0OoO0Oo Redis is starting oO0OoO0OoO0Oo
2141257:C 18 Oct 2023 16:43:10.786 * Redis version=255.255.255, bits=64, commit=e04ebdb8, modified=1, pid=2141257, just started
2141257:C 18 Oct 2023 16:43:10.786 * Configuration loaded
2141257:M 18 Oct 2023 16:43:10.786 * monotonic clock: POSIX clock_gettime
2141257:M 18 Oct 2023 16:43:10.786 * Running mode=standalone, port=5083.
2141257:M 18 Oct 2023 16:43:10.790 * <raft> RedisRaft version 255.255.255 [c259f3d2]
2141257:M 18 Oct 2023 16:43:10.794 * <raft> Initializing test network
2141257:M 18 Oct 2023 16:43:10.795 * <raft> Created test network client
2141257:M 18 Oct 2023 16:43:10.835 * <raft> Raft module loaded, state is 'loading'
2141257:M 18 Oct 2023 16:43:10.835 * Module 'raft' loaded from /home/snagendra/Fuzzing/redisraft-fuzzing/redisraft.so
2141257:M 18 Oct 2023 16:43:10.835 * Server initialized
2141257:M 18 Oct 2023 16:43:10.835 . The AOF directory appendonlydir doesn't exist
2141257:M 18 Oct 2023 16:43:10.835 * Ready to accept connections tcp
2141257:M 18 Oct 2023 16:43:10.835 . 0 clients connected (0 replicas), 1746688 bytes in use

----- Stderr -----



