logs for node: 1

----- Stdout -----
2030810:C 18 Oct 2023 21:49:56.609 # WARNING Memory overcommit must be enabled! Without it, a background save or replication may fail under low memory condition. Being disabled, it can also cause failures without low memory condition, see https://github.com/jemalloc/jemalloc/issues/1328. To fix this issue add 'vm.overcommit_memory = 1' to /etc/sysctl.conf and then reboot or run the command 'sysctl vm.overcommit_memory=1' for this to take effect.
2030810:C 18 Oct 2023 21:49:56.609 * oO0OoO0OoO0Oo Redis is starting oO0OoO0OoO0Oo
2030810:C 18 Oct 2023 21:49:56.609 * Redis version=255.255.255, bits=64, commit=e04ebdb8, modified=1, pid=2030810, just started
2030810:C 18 Oct 2023 21:49:56.609 * Configuration loaded
2030810:M 18 Oct 2023 21:49:56.609 * monotonic clock: POSIX clock_gettime
2030810:M 18 Oct 2023 21:49:56.610 * Running mode=standalone, port=5021.
2030810:M 18 Oct 2023 21:49:56.614 * <raft> RedisRaft version 255.255.255 [c259f3d2]
2030810:M 18 Oct 2023 21:49:56.618 * <raft> Initializing test network
2030810:M 18 Oct 2023 21:49:56.619 * <raft> Created test network client
2030810:M 18 Oct 2023 21:49:56.627 * <raft> Raft module loaded, state is 'loading'
2030810:M 18 Oct 2023 21:49:56.627 * Module 'raft' loaded from /home/snagendra/Fuzzing/redisraft-fuzzing/redisraft.so
2030810:M 18 Oct 2023 21:49:56.627 * Server initialized
2030810:M 18 Oct 2023 21:49:56.627 . The AOF directory appendonlydir doesn't exist
2030810:M 18 Oct 2023 21:49:56.627 * Ready to accept connections tcp
2030810:M 18 Oct 2023 21:49:56.627 . 0 clients connected (0 replicas), 1746784 bytes in use
2030810:M 18 Oct 2023 21:49:56.640 - Accepted 127.0.0.1:47764
2030810:M 18 Oct 2023 21:49:56.640 # Missing implement of connection type tls
2030810:M 18 Oct 2023 21:49:56.705 - Accepted 127.0.0.1:47768
2030810:M 18 Oct 2023 21:49:56.727 * <raft> Loading: Redis loading complete, snapshot NOT LOADED
2030810:M 18 Oct 2023 21:49:56.728 * <raft> Cluster Membership: term:0 index:0 nodes: id=1,voting=0,active=1,addr=-
2030810:M 18 Oct 2023 21:49:56.728 * <raft> Test network starting message polling thread
2030810:M 18 Oct 2023 21:49:56.729 * <raft> Cluster Membership: term:0 index:5 nodes: id=1,voting=1,active=1,addr=- id=2,voting=0,active=1,addr=localhost:5022
2030810:M 18 Oct 2023 21:49:56.729 * <raft> Cluster Membership: term:0 index:5 nodes: id=1,voting=1,active=1,addr=- id=2,voting=0,active=1,addr=localhost:5022 id=3,voting=0,active=1,addr=localhost:5023
2030810:M 18 Oct 2023 21:49:56.729 * <raft> Raft state after loading log: log_count=5, first_idx=1, current_idx=5, last_applied_idx=0
2030810:M 18 Oct 2023 21:49:56.729 . <raft> Raft term=1, vote=-1
2030810:M 18 Oct 2023 21:49:56.759 - Accepted 127.0.0.1:47780
2030810:M 18 Oct 2023 21:49:56.914 - Client closed connection id=8 addr=127.0.0.1:47764 laddr=127.0.0.1:5021 fd=11 name= age=0 idle=0 flags=N db=0 sub=0 psub=0 ssub=0 multi=-1 qbuf=0 qbuf-free=20474 argv-mem=0 multi-mem=0 rbs=1024 rbp=0 obl=0 oll=0 omem=0 tot-mem=22400 events=r cmd=auth user=default redir=-1 resp=2 lib-name= lib-ver=
2030810:M 18 Oct 2023 21:49:57.029 * <raft> State change: Election starting, node is now a pre-candidate, term 1
2030810:M 18 Oct 2023 21:49:57.029 * <raft> Cluster Membership: term:1 index:5 nodes: id=1,voting=1,active=1,addr=- id=2,voting=1,active=1,addr=localhost:5022 id=3,voting=0,active=1,addr=localhost:5023
2030810:M 18 Oct 2023 21:49:57.330 * <raft> State change: Election starting, node is now a pre-candidate, term 1
2030810:M 18 Oct 2023 21:49:57.330 * <raft> Cluster Membership: term:1 index:5 nodes: id=1,voting=1,active=1,addr=- id=2,voting=1,active=1,addr=localhost:5022 id=3,voting=0,active=1,addr=localhost:5023
2030810:M 18 Oct 2023 21:49:57.437 - Client closed connection id=9 addr=127.0.0.1:47768 laddr=127.0.0.1:5021 fd=12 name= age=1 idle=1 flags=N db=0 sub=0 psub=0 ssub=0 multi=-1 qbuf=0 qbuf-free=20474 argv-mem=0 multi-mem=0 rbs=1024 rbp=0 obl=0 oll=0 omem=0 tot-mem=22400 events=r cmd=auth user=default redir=-1 resp=2 lib-name= lib-ver=

----- Stderr -----




logs for node: 2

----- Stdout -----
2031203:C 18 Oct 2023 21:49:57.252 # WARNING Memory overcommit must be enabled! Without it, a background save or replication may fail under low memory condition. Being disabled, it can also cause failures without low memory condition, see https://github.com/jemalloc/jemalloc/issues/1328. To fix this issue add 'vm.overcommit_memory = 1' to /etc/sysctl.conf and then reboot or run the command 'sysctl vm.overcommit_memory=1' for this to take effect.
2031203:C 18 Oct 2023 21:49:57.252 * oO0OoO0OoO0Oo Redis is starting oO0OoO0OoO0Oo
2031203:C 18 Oct 2023 21:49:57.252 * Redis version=255.255.255, bits=64, commit=e04ebdb8, modified=1, pid=2031203, just started
2031203:C 18 Oct 2023 21:49:57.252 * Configuration loaded
2031203:M 18 Oct 2023 21:49:57.252 * monotonic clock: POSIX clock_gettime
2031203:M 18 Oct 2023 21:49:57.253 * Running mode=standalone, port=5022.
2031203:M 18 Oct 2023 21:49:57.257 * <raft> RedisRaft version 255.255.255 [c259f3d2]
2031203:M 18 Oct 2023 21:49:57.261 * <raft> Initializing test network
2031203:M 18 Oct 2023 21:49:57.262 * <raft> Created test network client
2031203:M 18 Oct 2023 21:49:57.268 * <raft> Raft module loaded, state is 'loading'
2031203:M 18 Oct 2023 21:49:57.268 * Module 'raft' loaded from /home/snagendra/Fuzzing/redisraft-fuzzing/redisraft.so
2031203:M 18 Oct 2023 21:49:57.268 * Server initialized
2031203:M 18 Oct 2023 21:49:57.268 . The AOF directory appendonlydir doesn't exist
2031203:M 18 Oct 2023 21:49:57.268 * Ready to accept connections tcp
2031203:M 18 Oct 2023 21:49:57.268 . 0 clients connected (0 replicas), 1746656 bytes in use
2031203:M 18 Oct 2023 21:49:57.309 - Accepted 127.0.0.1:38622
2031203:M 18 Oct 2023 21:49:57.309 # Missing implement of connection type tls
2031203:M 18 Oct 2023 21:49:57.332 - Accepted 127.0.0.1:38634
2031203:M 18 Oct 2023 21:49:57.368 * <raft> Loading: Redis loading complete, snapshot NOT LOADED
2031203:M 18 Oct 2023 21:49:57.369 * <raft> Cluster Membership: term:0 index:0 nodes: id=2,voting=0,active=1,addr=-
2031203:M 18 Oct 2023 21:49:57.369 * <raft> Test network starting message polling thread


=== REDIS BUG REPORT START: Cut & paste starting from here ===
2031203:M 18 Oct 2023 21:49:57.371 # Redis 255.255.255 crashed by signal: 11, si_code: 1
2031203:M 18 Oct 2023 21:49:57.371 # Accessing address: 0x7f297f000000
2031203:M 18 Oct 2023 21:49:57.371 # Crashed running the instruction at: 0x7f297f1cfad6

------ STACK TRACE ------
EIP:
/lib/x86_64-linux-gnu/libc.so.6(+0xa3ad6)[0x7f297f1cfad6]

Backtrace:
/lib/x86_64-linux-gnu/libpthread.so.0(+0x13140)[0x7f297f313140]
/lib/x86_64-linux-gnu/libc.so.6(+0xa3ad6)[0x7f297f1cfad6]
/home/snagendra/Fuzzing/redisraft-fuzzing/redisraft.so(FileFlush+0x61)[0x7f297f0c2a61]
/home/snagendra/Fuzzing/redisraft-fuzzing/redisraft.so(FileSetReadOffset+0xf)[0x7f297f0c2c4f]
/home/snagendra/Fuzzing/redisraft-fuzzing/redisraft.so(+0x25e1a)[0x7f297f0c3e1a]
/home/snagendra/Fuzzing/redisraft-fuzzing/redisraft.so(LogGet+0x47)[0x7f297f0c51f7]
/home/snagendra/Fuzzing/redisraft-fuzzing/redisraft.so(+0x27347)[0x7f297f0c5347]
/home/snagendra/Fuzzing/redisraft-fuzzing/redisraft.so(raft_restore_log+0x54)[0x7f297f0deaf4]
/home/snagendra/Fuzzing/redisraft-fuzzing/redisraft.so(callRaftPeriodic+0x131)[0x7f297f0cae71]
/home/snagendra/Fuzzing/redis/src/redis-server 0.0.0.0:5022(moduleTimerHandler+0x21c)[0x5570ad77c98c]
/home/snagendra/Fuzzing/redis/src/redis-server 0.0.0.0:5022(+0x81705)[0x5570ad686705]
/home/snagendra/Fuzzing/redis/src/redis-server 0.0.0.0:5022(aeMain+0x1c8)[0x5570ad690cb8]
/home/snagendra/Fuzzing/redis/src/redis-server 0.0.0.0:5022(main+0x3cd)[0x5570ad685e2d]
/lib/x86_64-linux-gnu/libc.so.6(__libc_start_main+0xea)[0x7f297f14fd0a]
/home/snagendra/Fuzzing/redis/src/redis-server 0.0.0.0:5022(_start+0x2a)[0x5570ad6865aa]

------ REGISTERS ------
2031203:M 18 Oct 2023 21:49:57.372 # 
RAX:00007f297ed55e88 RBX:00007f297ed55e60
RCX:00007f297ed55e50 RDX:ffffffffffd55e90
RDI:00007f297effffd0 RSI:00007f297efffff8
RBP:00007f297ed55eb0 RSP:00007ffe7b9ed3f8
R8 :fffffffffffffff8 R9 :00007f297f12ad60
R10:00007f297ed55e60 R11:00007f297ed55e88
R12:00007f297ed55e88 R13:00007f297ed55e58
R14:00007f297f123090 R15:00007ffe7b9ed5b0
RIP:00007f297f1cfad6 EFL:0000000000010286
CSGSFS:002b000000000033
2031203:M 18 Oct 2023 21:49:57.372 # (00007ffe7b9ed407) -> 0000000000000001
2031203:M 18 Oct 2023 21:49:57.372 # (00007ffe7b9ed406) -> 00007f297f123010
2031203:M 18 Oct 2023 21:49:57.372 # (00007ffe7b9ed405) -> 000000008fa7d3e5
2031203:M 18 Oct 2023 21:49:57.372 # (00007ffe7b9ed404) -> 000000008fa7d3e5
2031203:M 18 Oct 2023 21:49:57.372 # (00007ffe7b9ed403) -> 00007ffe7b9ed5b0
2031203:M 18 Oct 2023 21:49:57.372 # (00007ffe7b9ed402) -> 00007f297f0c3e1a
2031203:M 18 Oct 2023 21:49:57.372 # (00007ffe7b9ed401) -> 00007f297ed52dc0
2031203:M 18 Oct 2023 21:49:57.372 # (00007ffe7b9ed400) -> 00007f297ed55e58
2031203:M 18 Oct 2023 21:49:57.372 # (00007ffe7b9ed3ff) -> 00007f297ed52dc0
2031203:M 18 Oct 2023 21:49:57.372 # (00007ffe7b9ed3fe) -> 00007f297f0c2c4f
2031203:M 18 Oct 2023 21:49:57.372 # (00007ffe7b9ed3fd) -> 0000000000000001
2031203:M 18 Oct 2023 21:49:57.372 # (00007ffe7b9ed3fc) -> 00007f297ed52dc0
2031203:M 18 Oct 2023 21:49:57.372 # (00007ffe7b9ed3fb) -> 0000000000000000
2031203:M 18 Oct 2023 21:49:57.372 # (00007ffe7b9ed3fa) -> 00007f297ed55e58
2031203:M 18 Oct 2023 21:49:57.372 # (00007ffe7b9ed3f9) -> 0000000000000000
2031203:M 18 Oct 2023 21:49:57.372 # (00007ffe7b9ed3f8) -> 00007f297f0c2a61

------ INFO OUTPUT ------

----- Stderr -----




logs for node: 3

----- Stdout -----

----- Stderr -----



