logs for node: 1

----- Stdout -----
422776:C 04 Jan 2024 12:04:57.998 # WARNING Memory overcommit must be enabled! Without it, a background save or replication may fail under low memory condition. Being disabled, it can also cause failures without low memory condition, see https://github.com/jemalloc/jemalloc/issues/1328. To fix this issue add 'vm.overcommit_memory = 1' to /etc/sysctl.conf and then reboot or run the command 'sysctl vm.overcommit_memory=1' for this to take effect.
422776:C 04 Jan 2024 12:04:57.998 * oO0OoO0OoO0Oo Redis is starting oO0OoO0OoO0Oo
422776:C 04 Jan 2024 12:04:57.998 * Redis version=255.255.255, bits=64, commit=e04ebdb8, modified=1, pid=422776, just started
422776:C 04 Jan 2024 12:04:57.998 * Configuration loaded
422776:M 04 Jan 2024 12:04:57.999 * monotonic clock: POSIX clock_gettime
422776:M 04 Jan 2024 12:04:57.999 * Running mode=standalone, port=5021.
422776:M 04 Jan 2024 12:04:58.006 * <raft> RedisRaft version 255.255.255 [b779b199]
422776:M 04 Jan 2024 12:04:58.011 * <raft> Initializing test network
422776:M 04 Jan 2024 12:04:58.012 * <raft> Created test network client
422776:M 04 Jan 2024 12:04:58.012 * <raft> Raft module loaded, state is 'uninitialized'
422776:M 04 Jan 2024 12:04:58.012 * Module 'raft' loaded from /home/snagendra/Fuzzing/redisraft-fuzzing/redisraft.so
422776:M 04 Jan 2024 12:04:58.013 * Server initialized
422776:M 04 Jan 2024 12:04:58.014 . The AOF directory appendonlydir doesn't exist
422776:M 04 Jan 2024 12:04:58.014 * Ready to accept connections tcp
422776:M 04 Jan 2024 12:04:58.014 . 0 clients connected (0 replicas), 1726160 bytes in use
422776:M 04 Jan 2024 12:04:58.016 - Accepted 127.0.0.1:38332
422776:M 04 Jan 2024 12:04:58.016 # Missing implement of connection type tls
422776:M 04 Jan 2024 12:04:58.023 * <raft> Cluster Membership: term:0 index:0 nodes: id=1,voting=0,active=1,addr=-
422776:M 04 Jan 2024 12:04:58.027 * <raft> State change: Node is now a leader, term 1
422776:M 04 Jan 2024 12:04:58.028 * <raft> Cluster Membership: term:1 index:1 nodes: id=1,voting=0,active=1,addr=-
422776:M 04 Jan 2024 12:04:58.028 * <raft> Test network starting message polling thread
422776:M 04 Jan 2024 12:04:58.028 * <raft> Raft Cluster initialized, node id: 1, dbid: 00ef9bb373689ca77591c5471cd98cf6
422776:M 04 Jan 2024 12:04:58.146 - Accepted 127.0.0.1:38336
422776:M 04 Jan 2024 12:04:58.147 * <raft> Cluster Membership: term:1 index:3 nodes: id=1,voting=1,active=1,addr=- id=2,voting=0,active=1,addr=localhost:5022
422776:M 04 Jan 2024 12:04:58.154 - Client closed connection id=9 addr=127.0.0.1:38336 laddr=127.0.0.1:5021 fd=12 name= age=0 idle=0 flags=N db=0 sub=0 psub=0 ssub=0 multi=-1 qbuf=0 qbuf-free=20474 argv-mem=0 multi-mem=0 rbs=16384 rbp=16384 obl=0 oll=0 omem=0 tot-mem=37760 events=r cmd=raft.node user=default redir=-1 resp=2 lib-name= lib-ver=
422776:M 04 Jan 2024 12:04:58.271 - Accepted 127.0.0.1:38344
422776:M 04 Jan 2024 12:04:58.271 * <raft> Cluster Membership: term:1 index:4 nodes: id=1,voting=1,active=1,addr=- id=2,voting=0,active=1,addr=localhost:5022 id=3,voting=0,active=1,addr=localhost:5023
422776:M 04 Jan 2024 12:04:58.279 - Client closed connection id=10 addr=127.0.0.1:38344 laddr=127.0.0.1:5021 fd=13 name= age=0 idle=0 flags=N db=0 sub=0 psub=0 ssub=0 multi=-1 qbuf=0 qbuf-free=20474 argv-mem=0 multi-mem=0 rbs=16384 rbp=16384 obl=0 oll=0 omem=0 tot-mem=37760 events=r cmd=raft.node user=default redir=-1 resp=2 lib-name= lib-ver=
422776:M 04 Jan 2024 12:04:58.647 - Accepted 127.0.0.1:38352
422776:M 04 Jan 2024 12:04:58.964 * <raft> node:2 has sufficient logs, adding as voting node.
422776:M 04 Jan 2024 12:04:59.891 - Client closed connection id=11 addr=127.0.0.1:38352 laddr=127.0.0.1:5021 fd=13 name= age=1 idle=1 flags=N db=0 sub=0 psub=0 ssub=0 multi=-1 qbuf=0 qbuf-free=20474 argv-mem=0 multi-mem=0 rbs=1024 rbp=0 obl=0 oll=0 omem=0 tot-mem=22400 events=r cmd=auth user=default redir=-1 resp=2 lib-name= lib-ver=
422776:signal-handler (1704366299) Received SIGINT scheduling shutdown...
422776:signal-handler (1704366299) You insist... exiting now.
423982:C 04 Jan 2024 12:05:00.732 # WARNING Memory overcommit must be enabled! Without it, a background save or replication may fail under low memory condition. Being disabled, it can also cause failures without low memory condition, see https://github.com/jemalloc/jemalloc/issues/1328. To fix this issue add 'vm.overcommit_memory = 1' to /etc/sysctl.conf and then reboot or run the command 'sysctl vm.overcommit_memory=1' for this to take effect.
423982:C 04 Jan 2024 12:05:00.732 * oO0OoO0OoO0Oo Redis is starting oO0OoO0OoO0Oo
423982:C 04 Jan 2024 12:05:00.732 * Redis version=255.255.255, bits=64, commit=e04ebdb8, modified=1, pid=423982, just started
423982:C 04 Jan 2024 12:05:00.732 * Configuration loaded
423982:M 04 Jan 2024 12:05:00.732 * monotonic clock: POSIX clock_gettime
423982:M 04 Jan 2024 12:05:00.733 * Running mode=standalone, port=5021.
423982:M 04 Jan 2024 12:05:00.739 * <raft> RedisRaft version 255.255.255 [b779b199]
423982:M 04 Jan 2024 12:05:00.743 * <raft> Initializing test network
423982:M 04 Jan 2024 12:05:00.744 * <raft> Created test network client
423982:M 04 Jan 2024 12:05:00.747 * <raft> Raft module loaded, state is 'loading'
423982:M 04 Jan 2024 12:05:00.747 * Module 'raft' loaded from /home/snagendra/Fuzzing/redisraft-fuzzing/redisraft.so
423982:M 04 Jan 2024 12:05:00.747 * Server initialized
423982:M 04 Jan 2024 12:05:00.747 . The AOF directory appendonlydir doesn't exist
423982:M 04 Jan 2024 12:05:00.747 * Ready to accept connections tcp
423982:M 04 Jan 2024 12:05:00.747 . 0 clients connected (0 replicas), 1746784 bytes in use
423982:M 04 Jan 2024 12:05:00.848 * <raft> Loading: Redis loading complete, snapshot NOT LOADED
423982:M 04 Jan 2024 12:05:00.848 * <raft> Cluster Membership: term:0 index:0 nodes: id=1,voting=0,active=1,addr=-
423982:M 04 Jan 2024 12:05:00.848 * <raft> Test network starting message polling thread
423982:M 04 Jan 2024 12:05:00.849 * <raft> Cluster Membership: term:0 index:6 nodes: id=1,voting=1,active=1,addr=- id=2,voting=0,active=1,addr=localhost:5022
423982:M 04 Jan 2024 12:05:00.849 * <raft> Cluster Membership: term:0 index:6 nodes: id=1,voting=1,active=1,addr=- id=2,voting=0,active=1,addr=localhost:5022 id=3,voting=0,active=1,addr=localhost:5023
423982:M 04 Jan 2024 12:05:00.849 * <raft> Raft state after loading log: log_count=6, first_idx=1, current_idx=6, last_applied_idx=0
423982:M 04 Jan 2024 12:05:00.849 . <raft> Raft term=1, vote=-1
423982:M 04 Jan 2024 12:05:00.959 - Accepted 127.0.0.1:38388
423982:M 04 Jan 2024 12:05:00.959 # Missing implement of connection type tls
423982:M 04 Jan 2024 12:05:01.150 * <raft> State change: Election starting, node is now a pre-candidate, term 1
423982:M 04 Jan 2024 12:05:01.150 * <raft> Cluster Membership: term:1 index:6 nodes: id=1,voting=1,active=1,addr=- id=2,voting=1,active=1,addr=localhost:5022 id=3,voting=0,active=1,addr=localhost:5023
423982:M 04 Jan 2024 12:05:01.310 - Accepted 127.0.0.1:38402
423982:signal-handler (1704366301) Received SIGINT scheduling shutdown...
423982:signal-handler (1704366301) You insist... exiting now.

----- Stderr -----
libgcov profiling error:/home/snagendra/Fuzzing/redisraft-fuzzing/build/deps/raft/CMakeFiles/raft.dir/src/raft_server.c.gcda:Merge mismatch for function 29
libgcov profiling error:/home/snagendra/Fuzzing/redisraft-fuzzing/build/deps/raft/CMakeFiles/raft.dir/src/raft_server.c.gcda:Merge mismatch for function 29




logs for node: 2

----- Stdout -----
422794:C 04 Jan 2024 12:04:58.031 # WARNING Memory overcommit must be enabled! Without it, a background save or replication may fail under low memory condition. Being disabled, it can also cause failures without low memory condition, see https://github.com/jemalloc/jemalloc/issues/1328. To fix this issue add 'vm.overcommit_memory = 1' to /etc/sysctl.conf and then reboot or run the command 'sysctl vm.overcommit_memory=1' for this to take effect.
422794:C 04 Jan 2024 12:04:58.031 * oO0OoO0OoO0Oo Redis is starting oO0OoO0OoO0Oo
422794:C 04 Jan 2024 12:04:58.031 * Redis version=255.255.255, bits=64, commit=e04ebdb8, modified=1, pid=422794, just started
422794:C 04 Jan 2024 12:04:58.031 * Configuration loaded
422794:M 04 Jan 2024 12:04:58.031 * monotonic clock: POSIX clock_gettime
422794:M 04 Jan 2024 12:04:58.032 * Running mode=standalone, port=5022.
422794:M 04 Jan 2024 12:04:58.039 * <raft> RedisRaft version 255.255.255 [b779b199]
422794:M 04 Jan 2024 12:04:58.044 * <raft> Initializing test network
422794:M 04 Jan 2024 12:04:58.045 * <raft> Created test network client
422794:M 04 Jan 2024 12:04:58.045 * <raft> Raft module loaded, state is 'uninitialized'
422794:M 04 Jan 2024 12:04:58.045 * Module 'raft' loaded from /home/snagendra/Fuzzing/redisraft-fuzzing/redisraft.so
422794:M 04 Jan 2024 12:04:58.046 * Server initialized
422794:M 04 Jan 2024 12:04:58.046 . The AOF directory appendonlydir doesn't exist
422794:M 04 Jan 2024 12:04:58.047 * Ready to accept connections tcp
422794:M 04 Jan 2024 12:04:58.047 . 0 clients connected (0 replicas), 1726192 bytes in use
422794:M 04 Jan 2024 12:04:58.078 - Accepted 127.0.0.1:60790
422794:M 04 Jan 2024 12:04:58.078 # Missing implement of connection type tls
422794:M 04 Jan 2024 12:04:58.146 - <raft> join cluster, connecting to localhost:5021
422794:M 04 Jan 2024 12:04:58.147 * <raft> Joined Raft cluster, node id: 2, dbid: 00ef9bb373689ca77591c5471cd98cf6
422794:M 04 Jan 2024 12:04:58.153 * <raft> Cluster Membership: term:0 index:0 nodes: id=2,voting=0,active=1,addr=-
422794:M 04 Jan 2024 12:04:58.154 * <raft> Test network starting message polling thread
422794:M 04 Jan 2024 12:04:58.214 - Accepted 127.0.0.1:60792
422794:M 04 Jan 2024 12:04:58.575 * <raft> Cluster Membership: term:1 index:2 nodes: id=2,voting=0,active=1,addr=- id=1,voting=1,active=1,addr=localhost:5021
422794:M 04 Jan 2024 12:04:59.049 * <raft> State change: Election starting, node is now a pre-candidate, term 1
422794:M 04 Jan 2024 12:04:59.049 * <raft> Cluster Membership: term:1 index:3 nodes: id=2,voting=0,active=1,addr=- id=1,voting=1,active=1,addr=localhost:5021
422794:M 04 Jan 2024 12:04:59.116 * <raft> State change: Node is now a follower, term 1
422794:M 04 Jan 2024 12:04:59.116 * <raft> Cluster Membership: term:1 index:3 nodes: id=2,voting=0,active=1,addr=- id=1,voting=1,active=1,addr=localhost:5021
422794:M 04 Jan 2024 12:04:59.117 * <raft> Cluster Membership: term:1 index:4 nodes: id=2,voting=0,active=1,addr=- id=1,voting=1,active=1,addr=localhost:5021 id=3,voting=0,active=1,addr=localhost:5023
422794:M 04 Jan 2024 12:04:59.854 * <raft> State change: Election starting, node is now a pre-candidate, term 1
422794:M 04 Jan 2024 12:04:59.854 * <raft> Cluster Membership: term:1 index:4 nodes: id=2,voting=0,active=1,addr=- id=1,voting=1,active=1,addr=localhost:5021 id=3,voting=0,active=1,addr=localhost:5023
422794:signal-handler (1704366299) Received SIGINT scheduling shutdown...
422794:signal-handler (1704366299) You insist... exiting now.
424023:C 04 Jan 2024 12:05:00.823 # WARNING Memory overcommit must be enabled! Without it, a background save or replication may fail under low memory condition. Being disabled, it can also cause failures without low memory condition, see https://github.com/jemalloc/jemalloc/issues/1328. To fix this issue add 'vm.overcommit_memory = 1' to /etc/sysctl.conf and then reboot or run the command 'sysctl vm.overcommit_memory=1' for this to take effect.
424023:C 04 Jan 2024 12:05:00.823 * oO0OoO0OoO0Oo Redis is starting oO0OoO0OoO0Oo
424023:C 04 Jan 2024 12:05:00.823 * Redis version=255.255.255, bits=64, commit=e04ebdb8, modified=1, pid=424023, just started
424023:C 04 Jan 2024 12:05:00.823 * Configuration loaded
424023:M 04 Jan 2024 12:05:00.824 * monotonic clock: POSIX clock_gettime
424023:M 04 Jan 2024 12:05:00.824 * Running mode=standalone, port=5022.
424023:M 04 Jan 2024 12:05:00.830 * <raft> RedisRaft version 255.255.255 [b779b199]
424023:M 04 Jan 2024 12:05:00.834 * <raft> Initializing test network
424023:M 04 Jan 2024 12:05:00.835 * <raft> Created test network client
424023:M 04 Jan 2024 12:05:00.838 * <raft> Raft module loaded, state is 'loading'
424023:M 04 Jan 2024 12:05:00.838 * Module 'raft' loaded from /home/snagendra/Fuzzing/redisraft-fuzzing/redisraft.so
424023:M 04 Jan 2024 12:05:00.839 * Server initialized
424023:M 04 Jan 2024 12:05:00.839 . The AOF directory appendonlydir doesn't exist
424023:M 04 Jan 2024 12:05:00.839 * Ready to accept connections tcp
424023:M 04 Jan 2024 12:05:00.839 . 0 clients connected (0 replicas), 1746656 bytes in use
424023:M 04 Jan 2024 12:05:00.850 - Accepted 127.0.0.1:60806
424023:M 04 Jan 2024 12:05:00.850 # Missing implement of connection type tls
424023:signal-handler (1704366300) Received SIGINT scheduling shutdown...
424023:signal-handler (1704366300) You insist... exiting now.
424087:C 04 Jan 2024 12:05:00.960 # WARNING Memory overcommit must be enabled! Without it, a background save or replication may fail under low memory condition. Being disabled, it can also cause failures without low memory condition, see https://github.com/jemalloc/jemalloc/issues/1328. To fix this issue add 'vm.overcommit_memory = 1' to /etc/sysctl.conf and then reboot or run the command 'sysctl vm.overcommit_memory=1' for this to take effect.
424087:C 04 Jan 2024 12:05:00.960 * oO0OoO0OoO0Oo Redis is starting oO0OoO0OoO0Oo
424087:C 04 Jan 2024 12:05:00.960 * Redis version=255.255.255, bits=64, commit=e04ebdb8, modified=1, pid=424087, just started
424087:C 04 Jan 2024 12:05:00.960 * Configuration loaded
424087:M 04 Jan 2024 12:05:00.961 * monotonic clock: POSIX clock_gettime
424087:M 04 Jan 2024 12:05:00.961 * Running mode=standalone, port=5022.
424087:M 04 Jan 2024 12:05:00.968 * <raft> RedisRaft version 255.255.255 [b779b199]
424087:M 04 Jan 2024 12:05:00.972 * <raft> Initializing test network
424087:M 04 Jan 2024 12:05:00.973 * <raft> Created test network client
424087:M 04 Jan 2024 12:05:00.976 * <raft> Raft module loaded, state is 'loading'
424087:M 04 Jan 2024 12:05:00.976 * Module 'raft' loaded from /home/snagendra/Fuzzing/redisraft-fuzzing/redisraft.so
424087:M 04 Jan 2024 12:05:00.976 * Server initialized
424087:M 04 Jan 2024 12:05:00.976 . The AOF directory appendonlydir doesn't exist
424087:M 04 Jan 2024 12:05:00.976 * Ready to accept connections tcp
424087:M 04 Jan 2024 12:05:00.976 . 0 clients connected (0 replicas), 1746720 bytes in use
424087:signal-handler (1704366301) Received SIGINT scheduling shutdown...
424087:M 04 Jan 2024 12:05:01.050 - Accepted 127.0.0.1:60822
424087:M 04 Jan 2024 12:05:01.050 # Missing implement of connection type tls
424172:C 04 Jan 2024 12:05:01.194 # WARNING Memory overcommit must be enabled! Without it, a background save or replication may fail under low memory condition. Being disabled, it can also cause failures without low memory condition, see https://github.com/jemalloc/jemalloc/issues/1328. To fix this issue add 'vm.overcommit_memory = 1' to /etc/sysctl.conf and then reboot or run the command 'sysctl vm.overcommit_memory=1' for this to take effect.
424172:C 04 Jan 2024 12:05:01.194 * oO0OoO0OoO0Oo Redis is starting oO0OoO0OoO0Oo
424172:C 04 Jan 2024 12:05:01.194 * Redis version=255.255.255, bits=64, commit=e04ebdb8, modified=1, pid=424172, just started
424172:C 04 Jan 2024 12:05:01.194 * Configuration loaded
424172:M 04 Jan 2024 12:05:01.194 * monotonic clock: POSIX clock_gettime
424172:M 04 Jan 2024 12:05:01.194 * Running mode=standalone, port=5022.
424172:M 04 Jan 2024 12:05:01.201 * <raft> RedisRaft version 255.255.255 [b779b199]
424172:M 04 Jan 2024 12:05:01.205 * <raft> Initializing test network
424172:M 04 Jan 2024 12:05:01.206 * <raft> Created test network client
424172:M 04 Jan 2024 12:05:01.208 * <raft> Raft module loaded, state is 'loading'
424172:M 04 Jan 2024 12:05:01.208 * Module 'raft' loaded from /home/snagendra/Fuzzing/redisraft-fuzzing/redisraft.so
424172:M 04 Jan 2024 12:05:01.209 * Server initialized
424172:M 04 Jan 2024 12:05:01.209 . The AOF directory appendonlydir doesn't exist
424172:M 04 Jan 2024 12:05:01.209 * Ready to accept connections tcp
424172:M 04 Jan 2024 12:05:01.209 . 0 clients connected (0 replicas), 1746656 bytes in use
424172:M 04 Jan 2024 12:05:01.252 - Accepted 127.0.0.1:60854
424172:M 04 Jan 2024 12:05:01.252 # Missing implement of connection type tls
424172:M 04 Jan 2024 12:05:01.308 * <raft> Loading: Redis loading complete, snapshot NOT LOADED
424172:M 04 Jan 2024 12:05:01.309 * <raft> Cluster Membership: term:0 index:0 nodes: id=2,voting=0,active=1,addr=-
424172:M 04 Jan 2024 12:05:01.309 * <raft> Test network starting message polling thread
424172:M 04 Jan 2024 12:05:01.309 * <raft> Cluster Membership: term:0 index:4 nodes: id=2,voting=0,active=1,addr=- id=1,voting=1,active=1,addr=localhost:5021
424172:M 04 Jan 2024 12:05:01.310 * <raft> Cluster Membership: term:0 index:4 nodes: id=2,voting=0,active=1,addr=- id=1,voting=1,active=1,addr=localhost:5021 id=3,voting=0,active=1,addr=localhost:5023
424172:M 04 Jan 2024 12:05:01.310 * <raft> Raft state after loading log: log_count=4, first_idx=1, current_idx=4, last_applied_idx=0
424172:M 04 Jan 2024 12:05:01.310 . <raft> Raft term=1, vote=-1
424172:M 04 Jan 2024 12:05:01.451 - Client closed connection id=8 addr=127.0.0.1:60854 laddr=127.0.0.1:5022 fd=11 name= age=0 idle=0 flags=N db=0 sub=0 psub=0 ssub=0 multi=-1 qbuf=0 qbuf-free=20474 argv-mem=0 multi-mem=0 rbs=1024 rbp=0 obl=0 oll=0 omem=0 tot-mem=22400 events=r cmd=auth user=default redir=-1 resp=2 lib-name= lib-ver=
424172:signal-handler (1704366301) Received SIGINT scheduling shutdown...
424172:signal-handler (1704366301) You insist... exiting now.

----- Stderr -----
libgcov profiling error:/home/snagendra/Fuzzing/redisraft-fuzzing/build/deps/raft/CMakeFiles/raft.dir/src/raft_server.c.gcda:Merge mismatch for function 29
libgcov profiling error:/home/snagendra/Fuzzing/redisraft-fuzzing/build/deps/raft/CMakeFiles/raft.dir/src/raft_server.c.gcda:Merge mismatch for function 29
libgcov profiling error:/home/snagendra/Fuzzing/redisraft-fuzzing/build/deps/raft/CMakeFiles/raft.dir/src/raft_server.c.gcda:Merge mismatch for function 29




logs for node: 3

----- Stdout -----
422878:C 04 Jan 2024 12:04:58.156 # WARNING Memory overcommit must be enabled! Without it, a background save or replication may fail under low memory condition. Being disabled, it can also cause failures without low memory condition, see https://github.com/jemalloc/jemalloc/issues/1328. To fix this issue add 'vm.overcommit_memory = 1' to /etc/sysctl.conf and then reboot or run the command 'sysctl vm.overcommit_memory=1' for this to take effect.
422878:C 04 Jan 2024 12:04:58.156 * oO0OoO0OoO0Oo Redis is starting oO0OoO0OoO0Oo
422878:C 04 Jan 2024 12:04:58.156 * Redis version=255.255.255, bits=64, commit=e04ebdb8, modified=1, pid=422878, just started
422878:C 04 Jan 2024 12:04:58.156 * Configuration loaded
422878:M 04 Jan 2024 12:04:58.157 * monotonic clock: POSIX clock_gettime
422878:M 04 Jan 2024 12:04:58.157 * Running mode=standalone, port=5023.
422878:M 04 Jan 2024 12:04:58.164 * <raft> RedisRaft version 255.255.255 [b779b199]
422878:M 04 Jan 2024 12:04:58.168 * <raft> Initializing test network
422878:M 04 Jan 2024 12:04:58.169 * <raft> Created test network client
422878:M 04 Jan 2024 12:04:58.170 * <raft> Raft module loaded, state is 'uninitialized'
422878:M 04 Jan 2024 12:04:58.170 * Module 'raft' loaded from /home/snagendra/Fuzzing/redisraft-fuzzing/redisraft.so
422878:M 04 Jan 2024 12:04:58.171 * Server initialized
422878:M 04 Jan 2024 12:04:58.171 . The AOF directory appendonlydir doesn't exist
422878:M 04 Jan 2024 12:04:58.172 * Ready to accept connections tcp
422878:M 04 Jan 2024 12:04:58.172 . 0 clients connected (0 replicas), 1726192 bytes in use
422878:M 04 Jan 2024 12:04:58.198 - Accepted 127.0.0.1:51980
422878:M 04 Jan 2024 12:04:58.198 # Missing implement of connection type tls
422878:M 04 Jan 2024 12:04:58.270 - <raft> join cluster, connecting to localhost:5021
422878:M 04 Jan 2024 12:04:58.272 * <raft> Joined Raft cluster, node id: 3, dbid: 00ef9bb373689ca77591c5471cd98cf6
422878:M 04 Jan 2024 12:04:58.278 * <raft> Cluster Membership: term:0 index:0 nodes: id=3,voting=0,active=1,addr=-
422878:M 04 Jan 2024 12:04:58.279 * <raft> Test network starting message polling thread
422878:M 04 Jan 2024 12:04:58.315 - Accepted 127.0.0.1:51984
422878:signal-handler (1704366298) Received SIGINT scheduling shutdown...
422878:signal-handler (1704366298) You insist... exiting now.
423308:C 04 Jan 2024 12:04:58.844 # WARNING Memory overcommit must be enabled! Without it, a background save or replication may fail under low memory condition. Being disabled, it can also cause failures without low memory condition, see https://github.com/jemalloc/jemalloc/issues/1328. To fix this issue add 'vm.overcommit_memory = 1' to /etc/sysctl.conf and then reboot or run the command 'sysctl vm.overcommit_memory=1' for this to take effect.
423308:C 04 Jan 2024 12:04:58.844 * oO0OoO0OoO0Oo Redis is starting oO0OoO0OoO0Oo
423308:C 04 Jan 2024 12:04:58.844 * Redis version=255.255.255, bits=64, commit=e04ebdb8, modified=1, pid=423308, just started
423308:C 04 Jan 2024 12:04:58.844 * Configuration loaded
423308:M 04 Jan 2024 12:04:58.844 * monotonic clock: POSIX clock_gettime
423308:M 04 Jan 2024 12:04:58.845 * Running mode=standalone, port=5023.
423308:M 04 Jan 2024 12:04:58.851 * <raft> RedisRaft version 255.255.255 [b779b199]
423308:M 04 Jan 2024 12:04:58.856 * <raft> Initializing test network
423308:M 04 Jan 2024 12:04:58.856 * <raft> Created test network client
423308:M 04 Jan 2024 12:04:58.859 * <raft> Raft module loaded, state is 'loading'
423308:M 04 Jan 2024 12:04:58.859 * Module 'raft' loaded from /home/snagendra/Fuzzing/redisraft-fuzzing/redisraft.so
423308:M 04 Jan 2024 12:04:58.860 * Server initialized
423308:M 04 Jan 2024 12:04:58.860 . The AOF directory appendonlydir doesn't exist
423308:M 04 Jan 2024 12:04:58.860 * Ready to accept connections tcp
423308:M 04 Jan 2024 12:04:58.860 . 0 clients connected (0 replicas), 1746720 bytes in use
423308:M 04 Jan 2024 12:04:58.918 - Accepted 127.0.0.1:52030
423308:M 04 Jan 2024 12:04:58.918 # Missing implement of connection type tls
423308:M 04 Jan 2024 12:04:58.960 * <raft> Loading: Redis loading complete, snapshot NOT LOADED
423308:M 04 Jan 2024 12:04:58.961 * <raft> Cluster Membership: term:0 index:0 nodes: id=3,voting=0,active=1,addr=-
423308:M 04 Jan 2024 12:04:58.961 * <raft> Test network starting message polling thread


=== REDIS BUG REPORT START: Cut & paste starting from here ===
423308:M 04 Jan 2024 12:04:58.961 # Redis 255.255.255 crashed by signal: 6, si_code: -6
423308:M 04 Jan 2024 12:04:58.961 # Crashed running the instruction at: 0x7f011f27cd3c

------ STACK TRACE ------
EIP:
/lib/x86_64-linux-gnu/libc.so.6(+0x8ad3c)[0x7f011f27cd3c]

Backtrace:
/lib/x86_64-linux-gnu/libc.so.6(+0x3bfd0)[0x7f011f22dfd0]
/lib/x86_64-linux-gnu/libc.so.6(+0x8ad3c)[0x7f011f27cd3c]
/lib/x86_64-linux-gnu/libc.so.6(gsignal+0x12)[0x7f011f22df32]
/lib/x86_64-linux-gnu/libc.so.6(abort+0xd3)[0x7f011f218472]
/lib/x86_64-linux-gnu/libc.so.6(+0x26395)[0x7f011f218395]
/lib/x86_64-linux-gnu/libc.so.6(+0x34e32)[0x7f011f226e32]
/home/snagendra/Fuzzing/redisraft-fuzzing/redisraft.so(+0x3caea)[0x7f011f1a1aea]
/home/snagendra/Fuzzing/redisraft-fuzzing/redisraft.so(callRaftPeriodic+0x478)[0x7f011f192088]
/home/snagendra/Fuzzing/redis/src/redis-server 0.0.0.0:5023(moduleTimerHandler+0x21c)[0x563fb734d98c]
/home/snagendra/Fuzzing/redis/src/redis-server 0.0.0.0:5023(+0x81705)[0x563fb7257705]
/home/snagendra/Fuzzing/redis/src/redis-server 0.0.0.0:5023(aeMain+0x1c8)[0x563fb7261cb8]
/home/snagendra/Fuzzing/redis/src/redis-server 0.0.0.0:5023(main+0x3cd)[0x563fb7256e2d]
/lib/x86_64-linux-gnu/libc.so.6(+0x271ca)[0x7f011f2191ca]
/lib/x86_64-linux-gnu/libc.so.6(__libc_start_main+0x85)[0x7f011f219285]
/home/snagendra/Fuzzing/redis/src/redis-server 0.0.0.0:5023(_start+0x2a)[0x563fb72575aa]

------ REGISTERS ------
423308:M 04 Jan 2024 12:04:58.962 # 
RAX:0000000000000000 RBX:000000000006758c
RCX:00007f011f27cd3c RDX:0000000000000006
RDI:000000000006758c RSI:000000000006758c
RBP:00007f011f1ee1c0 RSP:00007ffd3881f220
R8 :0000000000000007 R9 :0000563fb8b78820
R10:0000000000000008 R11:0000000000000246
R12:0000000000000006 R13:00000000000006a6
R14:00007f011f1ce05c R15:0000563fb734c2b0
RIP:00007f011f27cd3c EFL:0000000000000246
CSGSFS:002b000000000033
423308:M 04 Jan 2024 12:04:58.962 # (00007ffd3881f22f) -> 0000563fb8b788d0
423308:M 04 Jan 2024 12:04:58.962 # (00007ffd3881f22e) -> 00007f011f3c4c60
423308:M 04 Jan 2024 12:04:58.962 # (00007ffd3881f22d) -> 00000000000002b1
423308:M 04 Jan 2024 12:04:58.962 # (00007ffd3881f22c) -> 0000563fb8b78820
423308:M 04 Jan 2024 12:04:58.962 # (00007ffd3881f22b) -> 00000000000006a6
423308:M 04 Jan 2024 12:04:58.962 # (00007ffd3881f22a) -> 0000000000000020
423308:M 04 Jan 2024 12:04:58.962 # (00007ffd3881f229) -> 00007f011f218472
423308:M 04 Jan 2024 12:04:58.962 # (00007ffd3881f228) -> 00007f011f3c5e70
423308:M 04 Jan 2024 12:04:58.962 # (00007ffd3881f227) -> 00007f011f22df32
423308:M 04 Jan 2024 12:04:58.962 # (00007ffd3881f226) -> 00007f011f1ce05c
423308:M 04 Jan 2024 12:04:58.962 # (00007ffd3881f225) -> 00000000000006a6
423308:M 04 Jan 2024 12:04:58.962 # (00007ffd3881f224) -> 00007f011f1cd720
423308:M 04 Jan 2024 12:04:58.962 # (00007ffd3881f223) -> 00007f011f1ee1c0
423308:M 04 Jan 2024 12:04:58.962 # (00007ffd3881f222) -> 0000000000000006
423308:M 04 Jan 2024 12:04:58.962 # (00007ffd3881f221) -> 68bd5f351af47700
423308:M 04 Jan 2024 12:04:58.962 # (00007ffd3881f220) -> 0000563fb734c2b0

------ INFO OUTPUT ------
# Server
redis_version:255.255.255
redis_git_sha1:e04ebdb8
redis_git_dirty:1
redis_build_id:1f78dcc7b4fbdd25
redis_mode:standalone
os:Linux 6.1.60.1.amd64-smp x86_64
arch_bits:64
monotonic_clock:POSIX clock_gettime
multiplexing_api:epoll
atomicvar_api:c11-builtin
gcc_version:10.2.1
process_id:423308
process_supervised:no
run_id:989528d658d25662b927a0f4fc92940a1b64b1b4
tcp_port:5023
server_time_usec:1704366298960583
uptime_in_seconds:0
uptime_in_days:0
hz:10
configured_hz:10
lru_clock:9867482
executable:/home/snagendra/Fuzzing/redis/src/redis-server
config_file:
io_threads_active:0
listener0:name=tcp,bind=0.0.0.0,port=5023

# Clients
connected_clients:1
cluster_connections:0
maxclients:10000
client_recent_max_input_buffer:0
client_recent_max_output_buffer:0
blocked_clients:0
tracking_clients:0
clients_in_timeout_table:0
total_blocking_keys:0
total_blocking_keys_on_nokey:0

# Memory
used_memory:1816928
used_memory_human:1.73M
used_memory_rss:17854464
used_memory_rss_human:17.03M
used_memory_peak:1816928
used_memory_peak_human:1.73M
used_memory_peak_perc:100.39%
used_memory_overhead:1746760
used_memory_startup:1746576
used_memory_dataset:70168
used_memory_dataset_perc:99.74%
allocator_allocated:2223896
allocator_active:2756608
allocator_resident:10928128
total_system_memory:270388695040
total_system_memory_human:251.82G
used_memory_lua:31744
used_memory_vm_eval:31744
used_memory_lua_human:31.00K
used_memory_scripts_eval:0
number_of_cached_scripts:0
number_of_functions:0
number_of_libraries:0
used_memory_vm_functions:32768
used_memory_vm_total:64512
used_memory_vm_total_human:63.00K
used_memory_functions:184
used_memory_scripts:184
used_memory_scripts_human:184B
maxmemory:0
maxmemory_human:0B
maxmemory_policy:noeviction
allocator_frag_ratio:1.24
allocator_frag_bytes:532712
allocator_rss_ratio:3.96
allocator_rss_bytes:8171520
rss_overhead_ratio:1.63
rss_overhead_bytes:6926336
mem_fragmentation_ratio:10.22
mem_fragmentation_bytes:16107744
mem_not_counted_for_evict:0
mem_replication_backlog:0
mem_total_replication_buffers:0
mem_clients_slaves:0
mem_clients_normal:0
mem_cluster_links:0
mem_aof_buffer:0
mem_allocator:jemalloc-5.3.0
active_defrag_running:0
lazyfree_pending_objects:0
lazyfreed_objects:0

# Persistence
loading:0
async_loading:0
current_cow_peak:0
current_cow_size:0
current_cow_size_age:0
current_fork_perc:0.00
current_save_keys_processed:0
current_save_keys_total:0
rdb_changes_since_last_save:0
rdb_bgsave_in_progress:0
rdb_last_save_time:1704366298
rdb_last_bgsave_status:ok
rdb_last_bgsave_time_sec:-1
rdb_current_bgsave_time_sec:-1
rdb_saves:0
rdb_last_cow_size:0
rdb_last_load_keys_expired:0
rdb_last_load_keys_loaded:0
aof_enabled:0
aof_rewrite_in_progress:0
aof_rewrite_scheduled:0
aof_last_rewrite_time_sec:-1
aof_current_rewrite_time_sec:-1
aof_last_bgrewrite_status:ok
aof_rewrites:0
aof_rewrites_consecutive_failures:0
aof_last_write_status:ok
aof_last_cow_size:0
module_fork_in_progress:0
module_fork_last_cow_size:0

# Stats
total_connections_received:1
total_commands_processed:7
instantaneous_ops_per_sec:23
total_net_input_bytes:33
total_net_output_bytes:5
total_net_repl_input_bytes:0
total_net_repl_output_bytes:0
instantaneous_input_kbps:0.00
instantaneous_output_kbps:0.00
instantaneous_input_repl_kbps:0.00
instantaneous_output_repl_kbps:0.00
rejected_connections:0
sync_full:0
sync_partial_ok:0
sync_partial_err:0
expired_keys:0
expired_stale_perc:0.00
expired_time_cap_reached_count:0
expire_cycle_cpu_milliseconds:0
evicted_keys:0
evicted_clients:0
total_eviction_exceeded_time:0
current_eviction_exceeded_time:0
keyspace_hits:0
keyspace_misses:0
pubsub_channels:0
pubsub_patterns:0
pubsubshard_channels:0
latest_fork_usec:0
total_forks:0
migrate_cached_sockets:0
slave_expires_tracked_keys:0
active_defrag_hits:0
active_defrag_misses:0
active_defrag_key_hits:0
active_defrag_key_misses:0
total_active_defrag_time:0
current_active_defrag_time:0
tracking_total_keys:0
tracking_total_items:0
tracking_total_prefixes:0
unexpected_error_replies:0
total_error_replies:0
dump_payload_sanitizations:0
total_reads_processed:1
total_writes_processed:1
io_threaded_reads_processed:0
io_threaded_writes_processed:0
reply_buffer_shrinks:0
reply_buffer_expands:0
acl_access_denied_auth:0
acl_access_denied_cmd:0
acl_access_denied_key:0
acl_access_denied_channel:0

# Replication
role:master
connected_slaves:0
master_failover_state:no-failover
master_replid:009629bbac780b4e77672278516bc0652ce9fefa
master_replid2:0000000000000000000000000000000000000000
master_repl_offset:0
second_repl_offset:-1
repl_backlog_active:0
repl_backlog_size:1048576
repl_backlog_first_byte_offset:0
repl_backlog_histlen:0

# CPU
used_cpu_sys:0.007075
used_cpu_user:0.010495
used_cpu_sys_children:0.000000
used_cpu_user_children:0.000000
used_cpu_sys_main_thread:0.008592
used_cpu_user_main_thread:0.008592

# Modules
module:name=raft,ver=1,api=1,filters=1,usedby=[],using=[],options=[]

# Commandstats
cmdstat_command:calls=2,usec=1491,usec_per_call=745.50,rejected_calls=0,failed_calls=0
cmdstat_auth:calls=1,usec=2,usec_per_call=2.00,rejected_calls=0,failed_calls=0
cmdstat_config|set:calls=1,usec=11,usec_per_call=11.00,rejected_calls=0,failed_calls=0
cmdstat_config|get:calls=3,usec=4,usec_per_call=1.33,rejected_calls=0,failed_calls=0

# Errorstats

# Latencystats
latency_percentiles_usec_command:p50=716.799,p99=778.239,p99.9=778.239
latency_percentiles_usec_auth:p50=2.007,p99=2.007,p99.9=2.007
latency_percentiles_usec_config|set:p50=11.007,p99=11.007,p99.9=11.007
latency_percentiles_usec_config|get:p50=1.003,p99=2.007,p99.9=2.007

# Cluster
cluster_enabled:0

# Keyspace

------ CLIENT LIST OUTPUT ------
id=8 addr=127.0.0.1:52030 laddr=127.0.0.1:5023 fd=11 name= age=0 idle=0 flags=N db=0 sub=0 psub=0 ssub=0 multi=-1 qbuf=0 qbuf-free=20474 argv-mem=0 multi-mem=0 rbs=16384 rbp=16384 obl=0 oll=0 omem=0 tot-mem=37760 events=r cmd=auth user=default redir=-1 resp=2 lib-name= lib-ver=

------ MODULES INFO OUTPUT ------
# raft_version
raft_version:255.255.255
raft_git_sha1:b779b199

# raft_general
raft_dbid:00ef9bb373689ca77591c5471cd98cf6
raft_node_id:3
raft_state:up
raft_role:follower
raft_is_voting:no
raft_voted_for:-1
raft_leader_id:-1
raft_current_term:0
raft_num_nodes:1
raft_num_voting_nodes:0

# raft_log
raft_log_entries:0
raft_current_index:0
raft_commit_index:0
raft_last_applied_index:0
raft_file_size:101
raft_cache_memory_size:0
raft_cache_entries:0
raft_client_attached_entries:0
raft_fsync_count:0
raft_fsync_max_microseconds:0
raft_fsync_avg_microseconds:0

# raft_snapshot
raft_snapshot_filename:redis3.rdb
raft_snapshot_last_idx:0
raft_snapshot_last_term:0
raft_snapshot_size:0
raft_snapshot_time_secs:-1
raft_snapshots_created:0
raft_snapshots_received:0
raft_snapshot_in_progress:no
raft_snapshot_in_progress_last_idx:-1
raft_snapshot_in_progress_last_term:-1

# raft_clients
raft_proxy_reqs:0
raft_proxy_failed_reqs:0
raft_proxy_failed_responses:0
raft_proxy_outstanding_reqs:0

# raft_stats
raft_appendreq_received:0
raft_appendreq_with_entry_received:0
raft_snapshotreq_received:0
raft_exec_throttled:0
raft_num_sessions:0

------ CONFIG DEBUG OUTPUT ------
list-compress-depth 0
io-threads 1
io-threads-do-reads no
lazyfree-lazy-eviction no
repl-diskless-sync yes
lazyfree-lazy-user-flush no
activedefrag no
replica-read-only yes
lazyfree-lazy-user-del no
lazyfree-lazy-expire no
sanitize-dump-payload no
lazyfree-lazy-server-del no
repl-diskless-load disabled
proto-max-bulk-len 512mb
slave-read-only yes
client-query-buffer-limit 1gb

------ FAST MEMORY TEST ------
423308:M 04 Jan 2024 12:04:58.962 # Bio worker thread #0 terminated
423308:M 04 Jan 2024 12:04:58.962 # Bio worker thread #1 terminated
423308:M 04 Jan 2024 12:04:58.962 # Bio worker thread #2 terminated
*** Preparing to test memory region 563fb752d000 (2273280 bytes)
*** Preparing to test memory region 563fb8b23000 (405504 bytes)
*** Preparing to test memory region 7f0111fff000 (8388608 bytes)
*** Preparing to test memory region 7f0112800000 (8388608 bytes)
*** Preparing to test memory region 7f0113000000 (6291456 bytes)
*** Preparing to test memory region 7f01137f8000 (8388608 bytes)
*** Preparing to test memory region 7f0113ff9000 (8388608 bytes)
*** Preparing to test memory region 7f01147fa000 (8388608 bytes)
*** Preparing to test memory region 7f0114ffb000 (8388608 bytes)
*** Preparing to test memory region 7f01157fc000 (8388608 bytes)
*** Preparing to test memory region 7f0115ffd000 (8388608 bytes)
*** Preparing to test memory region 7f01167fe000 (8388608 bytes)
*** Preparing to test memory region 7f0116fff000 (8388608 bytes)
*** Preparing to test memory region 7f0117800000 (8388608 bytes)
*** Preparing to test memory region 7f0118000000 (135168 bytes)
*** Preparing to test memory region 7f011c755000 (8388608 bytes)
*** Preparing to test memory region 7f011cf55000 (2621440 bytes)
*** Preparing to test memory region 7f011d1e4000 (8192 bytes)
*** Preparing to test memory region 7f011d87f000 (12288 bytes)
*** Preparing to test memory region 7f011de18000 (16384 bytes)
*** Preparing to test memory region 7f011defe000 (8192 bytes)
*** Preparing to test memory region 7f011e800000 (8388608 bytes)
*** Preparing to test memory region 7f011f092000 (4096 bytes)
*** Preparing to test memory region 7f011f162000 (12288 bytes)
*** Preparing to test memory region 7f011f1e7000 (45056 bytes)
*** Preparing to test memory region 7f011f3c6000 (53248 bytes)
*** Preparing to test memory region 7f011f4e3000 (8192 bytes)
.O.O.O.O.O.424007:C 04 Jan 2024 12:05:00.792 # WARNING Memory overcommit must be enabled! Without it, a background save or replication may fail under low memory condition. Being disabled, it can also cause failures without low memory condition, see https://github.com/jemalloc/jemalloc/issues/1328. To fix this issue add 'vm.overcommit_memory = 1' to /etc/sysctl.conf and then reboot or run the command 'sysctl vm.overcommit_memory=1' for this to take effect.
424007:C 04 Jan 2024 12:05:00.792 * oO0OoO0OoO0Oo Redis is starting oO0OoO0OoO0Oo
424007:C 04 Jan 2024 12:05:00.792 * Redis version=255.255.255, bits=64, commit=e04ebdb8, modified=1, pid=424007, just started
424007:C 04 Jan 2024 12:05:00.792 * Configuration loaded
424007:M 04 Jan 2024 12:05:00.793 * monotonic clock: POSIX clock_gettime
424007:M 04 Jan 2024 12:05:00.793 * Running mode=standalone, port=5023.
424007:M 04 Jan 2024 12:05:00.800 * <raft> RedisRaft version 255.255.255 [b779b199]
424007:M 04 Jan 2024 12:05:00.804 * <raft> Initializing test network
424007:M 04 Jan 2024 12:05:00.804 * <raft> Created test network client
424007:M 04 Jan 2024 12:05:00.808 * <raft> Raft module loaded, state is 'loading'
424007:M 04 Jan 2024 12:05:00.808 * Module 'raft' loaded from /home/snagendra/Fuzzing/redisraft-fuzzing/redisraft.so
424007:M 04 Jan 2024 12:05:00.809 * Server initialized
424007:M 04 Jan 2024 12:05:00.809 . The AOF directory appendonlydir doesn't exist
424007:M 04 Jan 2024 12:05:00.809 * Ready to accept connections tcp
424007:M 04 Jan 2024 12:05:00.809 . 0 clients connected (0 replicas), 1746720 bytes in use
424007:M 04 Jan 2024 12:05:00.850 - Accepted 127.0.0.1:52182
424007:M 04 Jan 2024 12:05:00.850 # Missing implement of connection type tls
424007:M 04 Jan 2024 12:05:00.909 * <raft> Loading: Redis loading complete, snapshot NOT LOADED
424007:M 04 Jan 2024 12:05:00.909 * <raft> Cluster Membership: term:0 index:0 nodes: id=3,voting=0,active=1,addr=-
424007:M 04 Jan 2024 12:05:00.910 * <raft> Test network starting message polling thread


=== REDIS BUG REPORT START: Cut & paste starting from here ===
424007:M 04 Jan 2024 12:05:00.910 # Redis 255.255.255 crashed by signal: 6, si_code: -6
424007:M 04 Jan 2024 12:05:00.910 # Crashed running the instruction at: 0x7ff9f0aecd3c

------ STACK TRACE ------
EIP:
/lib/x86_64-linux-gnu/libc.so.6(+0x8ad3c)[0x7ff9f0aecd3c]

Backtrace:
/lib/x86_64-linux-gnu/libc.so.6(+0x3bfd0)[0x7ff9f0a9dfd0]
/lib/x86_64-linux-gnu/libc.so.6(+0x8ad3c)[0x7ff9f0aecd3c]
/lib/x86_64-linux-gnu/libc.so.6(gsignal+0x12)[0x7ff9f0a9df32]
/lib/x86_64-linux-gnu/libc.so.6(abort+0xd3)[0x7ff9f0a88472]
/lib/x86_64-linux-gnu/libc.so.6(+0x26395)[0x7ff9f0a88395]
/lib/x86_64-linux-gnu/libc.so.6(+0x34e32)[0x7ff9f0a96e32]
/home/snagendra/Fuzzing/redisraft-fuzzing/redisraft.so(+0x3caea)[0x7ff9ef9b4aea]
/home/snagendra/Fuzzing/redisraft-fuzzing/redisraft.so(callRaftPeriodic+0x478)[0x7ff9ef9a5088]
/home/snagendra/Fuzzing/redis/src/redis-server 0.0.0.0:5023(moduleTimerHandler+0x21c)[0x560f64e4c98c]
/home/snagendra/Fuzzing/redis/src/redis-server 0.0.0.0:5023(+0x81705)[0x560f64d56705]
/home/snagendra/Fuzzing/redis/src/redis-server 0.0.0.0:5023(aeMain+0x1c8)[0x560f64d60cb8]
/home/snagendra/Fuzzing/redis/src/redis-server 0.0.0.0:5023(main+0x3cd)[0x560f64d55e2d]
/lib/x86_64-linux-gnu/libc.so.6(+0x271ca)[0x7ff9f0a891ca]
/lib/x86_64-linux-gnu/libc.so.6(__libc_start_main+0x85)[0x7ff9f0a89285]
/home/snagendra/Fuzzing/redis/src/redis-server 0.0.0.0:5023(_start+0x2a)[0x560f64d565aa]

------ REGISTERS ------
424007:M 04 Jan 2024 12:05:00.910 # 
RAX:0000000000000000 RBX:0000000000067847
RCX:00007ff9f0aecd3c RDX:0000000000000006
RDI:0000000000067847 RSI:0000000000067847
RBP:00007ff9f0a5e1c0 RSP:00007ffef3b036c0
R8 :0000000000000007 R9 :0000560f6700a8d0
R10:0000000000000008 R11:0000000000000246
R12:0000000000000006 R13:00000000000006a6
R14:00007ff9ef9e105c R15:0000560f64e4b2b0
RIP:00007ff9f0aecd3c EFL:0000000000000246
CSGSFS:002b000000000033
424007:M 04 Jan 2024 12:05:00.910 # (00007ffef3b036cf) -> 0000560f6700a980
424007:M 04 Jan 2024 12:05:00.910 # (00007ffef3b036ce) -> 00007ff9f0c34c60
424007:M 04 Jan 2024 12:05:00.910 # (00007ffef3b036cd) -> 0000000000000161
424007:M 04 Jan 2024 12:05:00.910 # (00007ffef3b036cc) -> 0000560f6700a8d0
424007:M 04 Jan 2024 12:05:00.910 # (00007ffef3b036cb) -> 00000000000006a6
424007:M 04 Jan 2024 12:05:00.910 # (00007ffef3b036ca) -> 0000000000000020
424007:M 04 Jan 2024 12:05:00.911 # (00007ffef3b036c9) -> 00007ff9f0a88472
424007:M 04 Jan 2024 12:05:00.911 # (00007ffef3b036c8) -> 00007ff9f0c35e70
424007:M 04 Jan 2024 12:05:00.911 # (00007ffef3b036c7) -> 00007ff9f0a9df32
424007:M 04 Jan 2024 12:05:00.911 # (00007ffef3b036c6) -> 00007ff9ef9e105c
424007:M 04 Jan 2024 12:05:00.911 # (00007ffef3b036c5) -> 00000000000006a6
424007:M 04 Jan 2024 12:05:00.911 # (00007ffef3b036c4) -> 00007ff9ef9e0720
424007:M 04 Jan 2024 12:05:00.911 # (00007ffef3b036c3) -> 00007ff9f0a5e1c0
424007:M 04 Jan 2024 12:05:00.911 # (00007ffef3b036c2) -> 0000000000000006
424007:M 04 Jan 2024 12:05:00.911 # (00007ffef3b036c1) -> edb53a20bf726100
424007:M 04 Jan 2024 12:05:00.911 # (00007ffef3b036c0) -> 0000560f64e4b2b0

------ INFO OUTPUT ------
# Server
redis_version:255.255.255
redis_git_sha1:e04ebdb8
redis_git_dirty:1
redis_build_id:1f78dcc7b4fbdd25
redis_mode:standalone
os:Linux 6.1.60.1.amd64-smp x86_64
arch_bits:64
monotonic_clock:POSIX clock_gettime
multiplexing_api:epoll
atomicvar_api:c11-builtin
gcc_version:10.2.1
process_id:424007
process_supervised:no
run_id:e7d1989853eea221a26d8f4fa4d332ab45dffd58
tcp_port:5023
server_time_usec:1704366300909355
uptime_in_seconds:0
uptime_in_days:0
hz:10
configured_hz:10
lru_clock:9867484
executable:/home/snagendra/Fuzzing/redis/src/redis-server
config_file:
io_threads_active:0
listener0:name=tcp,bind=0.0.0.0,port=5023

# Clients
connected_clients:1
cluster_connections:0
maxclients:10000
client_recent_max_input_buffer:0
client_recent_max_output_buffer:0
blocked_clients:0
tracking_clients:0
clients_in_timeout_table:0
total_blocking_keys:0
total_blocking_keys_on_nokey:0

# Memory
used_memory:1816928
used_memory_human:1.73M
used_memory_rss:17747968
used_memory_rss_human:16.93M
used_memory_peak:1816928
used_memory_peak_human:1.73M
used_memory_peak_perc:100.39%
used_memory_overhead:1746760
used_memory_startup:1746576
used_memory_dataset:70168
used_memory_dataset_perc:99.74%
allocator_allocated:2156456
allocator_active:2703360
allocator_resident:10915840
total_system_memory:270388695040
total_system_memory_human:251.82G
used_memory_lua:31744
used_memory_vm_eval:31744
used_memory_lua_human:31.00K
used_memory_scripts_eval:0
number_of_cached_scripts:0
number_of_functions:0
number_of_libraries:0
used_memory_vm_functions:32768
used_memory_vm_total:64512
used_memory_vm_total_human:63.00K
used_memory_functions:184
used_memory_scripts:184
used_memory_scripts_human:184B
maxmemory:0
maxmemory_human:0B
maxmemory_policy:noeviction
allocator_frag_ratio:1.25
allocator_frag_bytes:546904
allocator_rss_ratio:4.04
allocator_rss_bytes:8212480
rss_overhead_ratio:1.63
rss_overhead_bytes:6832128
mem_fragmentation_ratio:10.16
mem_fragmentation_bytes:16001248
mem_not_counted_for_evict:0
mem_replication_backlog:0
mem_total_replication_buffers:0
mem_clients_slaves:0
mem_clients_normal:0
mem_cluster_links:0
mem_aof_buffer:0
mem_allocator:jemalloc-5.3.0
active_defrag_running:0
lazyfree_pending_objects:0
lazyfreed_objects:0

# Persistence
loading:0
async_loading:0
current_cow_peak:0
current_cow_size:0
current_cow_size_age:0
current_fork_perc:0.00
current_save_keys_processed:0
current_save_keys_total:0
rdb_changes_since_last_save:0
rdb_bgsave_in_progress:0
rdb_last_save_time:1704366300
rdb_last_bgsave_status:ok
rdb_last_bgsave_time_sec:-1
rdb_current_bgsave_time_sec:-1
rdb_saves:0
rdb_last_cow_size:0
rdb_last_load_keys_expired:0
rdb_last_load_keys_loaded:0
aof_enabled:0
aof_rewrite_in_progress:0
aof_rewrite_scheduled:0
aof_last_rewrite_time_sec:-1
aof_current_rewrite_time_sec:-1
aof_last_bgrewrite_status:ok
aof_rewrites:0
aof_rewrites_consecutive_failures:0
aof_last_write_status:ok
aof_last_cow_size:0
module_fork_in_progress:0
module_fork_last_cow_size:0

# Stats
total_connections_received:1
total_commands_processed:7
instantaneous_ops_per_sec:23
total_net_input_bytes:33
total_net_output_bytes:5
total_net_repl_input_bytes:0
total_net_repl_output_bytes:0
instantaneous_input_kbps:0.00
instantaneous_output_kbps:0.00
instantaneous_input_repl_kbps:0.00
instantaneous_output_repl_kbps:0.00
rejected_connections:0
sync_full:0
sync_partial_ok:0
sync_partial_err:0
expired_keys:0
expired_stale_perc:0.00
expired_time_cap_reached_count:0
expire_cycle_cpu_milliseconds:0
evicted_keys:0
evicted_clients:0
total_eviction_exceeded_time:0
current_eviction_exceeded_time:0
keyspace_hits:0
keyspace_misses:0
pubsub_channels:0
pubsub_patterns:0
pubsubshard_channels:0
latest_fork_usec:0
total_forks:0
migrate_cached_sockets:0
slave_expires_tracked_keys:0
active_defrag_hits:0
active_defrag_misses:0
active_defrag_key_hits:0
active_defrag_key_misses:0
total_active_defrag_time:0
current_active_defrag_time:0
tracking_total_keys:0
tracking_total_items:0
tracking_total_prefixes:0
unexpected_error_replies:0
total_error_replies:0
dump_payload_sanitizations:0
total_reads_processed:1
total_writes_processed:1
io_threaded_reads_processed:0
io_threaded_writes_processed:0
reply_buffer_shrinks:0
reply_buffer_expands:0
acl_access_denied_auth:0
acl_access_denied_cmd:0
acl_access_denied_key:0
acl_access_denied_channel:0

# Replication
role:master
connected_slaves:0
master_failover_state:no-failover
master_replid:12b3f56d20e8ef5b9b553d3116b38a21cac88ede
master_replid2:0000000000000000000000000000000000000000
master_repl_offset:0
second_repl_offset:-1
repl_backlog_active:0
repl_backlog_size:1048576
repl_backlog_first_byte_offset:0
repl_backlog_histlen:0

# CPU
used_cpu_sys:0.000000
used_cpu_user:0.016942
used_cpu_sys_children:0.000000
used_cpu_user_children:0.000000
used_cpu_sys_main_thread:0.000000
used_cpu_user_main_thread:0.016509

# Modules
module:name=raft,ver=1,api=1,filters=1,usedby=[],using=[],options=[]

# Commandstats
cmdstat_command:calls=2,usec=1415,usec_per_call=707.50,rejected_calls=0,failed_calls=0
cmdstat_auth:calls=1,usec=1,usec_per_call=1.00,rejected_calls=0,failed_calls=0
cmdstat_config|get:calls=3,usec=4,usec_per_call=1.33,rejected_calls=0,failed_calls=0
cmdstat_config|set:calls=1,usec=10,usec_per_call=10.00,rejected_calls=0,failed_calls=0

# Errorstats

# Latencystats
latency_percentiles_usec_command:p50=671.743,p99=745.471,p99.9=745.471
latency_percentiles_usec_auth:p50=1.003,p99=1.003,p99.9=1.003
latency_percentiles_usec_config|get:p50=1.003,p99=2.007,p99.9=2.007
latency_percentiles_usec_config|set:p50=10.047,p99=10.047,p99.9=10.047

# Cluster
cluster_enabled:0

# Keyspace

------ CLIENT LIST OUTPUT ------
id=8 addr=127.0.0.1:52182 laddr=127.0.0.1:5023 fd=11 name= age=0 idle=0 flags=N db=0 sub=0 psub=0 ssub=0 multi=-1 qbuf=0 qbuf-free=20474 argv-mem=0 multi-mem=0 rbs=16384 rbp=16384 obl=0 oll=0 omem=0 tot-mem=37760 events=r cmd=auth user=default redir=-1 resp=2 lib-name= lib-ver=

------ MODULES INFO OUTPUT ------
# raft_version
raft_version:255.255.255
raft_git_sha1:b779b199

# raft_general
raft_dbid:00ef9bb373689ca77591c5471cd98cf6
raft_node_id:3
raft_state:up
raft_role:follower
raft_is_voting:no
raft_voted_for:-1
raft_leader_id:-1
raft_current_term:0
raft_num_nodes:1
raft_num_voting_nodes:0

# raft_log
raft_log_entries:0
raft_current_index:0
raft_commit_index:0
raft_last_applied_index:0
raft_file_size:101
raft_cache_memory_size:0
raft_cache_entries:0
raft_client_attached_entries:0
raft_fsync_count:0
raft_fsync_max_microseconds:0
raft_fsync_avg_microseconds:0

# raft_snapshot
raft_snapshot_filename:redis3.rdb
raft_snapshot_last_idx:0
raft_snapshot_last_term:0
raft_snapshot_size:0
raft_snapshot_time_secs:-1
raft_snapshots_created:0
raft_snapshots_received:0
raft_snapshot_in_progress:no
raft_snapshot_in_progress_last_idx:-1
raft_snapshot_in_progress_last_term:-1

# raft_clients
raft_proxy_reqs:0
raft_proxy_failed_reqs:0
raft_proxy_failed_responses:0
raft_proxy_outstanding_reqs:0

# raft_stats
raft_appendreq_received:0
raft_appendreq_with_entry_received:0
raft_snapshotreq_received:0
raft_exec_throttled:0
raft_num_sessions:0

------ CONFIG DEBUG OUTPUT ------
replica-read-only yes
proto-max-bulk-len 512mb
sanitize-dump-payload no
client-query-buffer-limit 1gb
activedefrag no
slave-read-only yes
lazyfree-lazy-server-del no
lazyfree-lazy-expire no
lazyfree-lazy-user-flush no
io-threads 1
list-compress-depth 0
repl-diskless-load disabled
lazyfree-lazy-user-del no
repl-diskless-sync yes
lazyfree-lazy-eviction no
io-threads-do-reads no

------ FAST MEMORY TEST ------
424007:M 04 Jan 2024 12:05:00.911 # Bio worker thread #0 terminated
424007:M 04 Jan 2024 12:05:00.911 # Bio worker thread #1 terminated
424007:M 04 Jan 2024 12:05:00.911 # Bio worker thread #2 terminated
*** Preparing to test memory region 560f6502c000 (2273280 bytes)
*** Preparing to test memory region 560f66fb5000 (405504 bytes)
*** Preparing to test memory region 7ff9e37ff000 (8388608 bytes)
*** Preparing to test memory region 7ff9e4000000 (8388608 bytes)
*** Preparing to test memory region 7ff9e4800000 (6291456 bytes)
*** Preparing to test memory region 7ff9e4ffb000 (8388608 bytes)
*** Preparing to test memory region 7ff9e57fc000 (8388608 bytes)
*** Preparing to test memory region 7ff9e5ffd000 (8388608 bytes)
*** Preparing to test memory region 7ff9e67fe000 (8388608 bytes)
*** Preparing to test memory region 7ff9e6fff000 (8388608 bytes)
*** Preparing to test memory region 7ff9e7800000 (8388608 bytes)
*** Preparing to test memory region 7ff9e8000000 (135168 bytes)
*** Preparing to test memory region 7ff9ec7cb000 (8388608 bytes)
*** Preparing to test memory region 7ff9ecfcc000 (8388608 bytes)
*** Preparing to test memory region 7ff9ed7cd000 (8388608 bytes)
*** Preparing to test memory region 7ff9edfce000 (8388608 bytes)
*** Preparing to test memory region 7ff9ee7ce000 (2621440 bytes)
*** Preparing to test memory region 7ff9eea5d000 (8192 bytes)
*** Preparing to test memory region 7ff9ef07f000 (12288 bytes)
*** Preparing to test memory region 7ff9ef618000 (16384 bytes)
*** Preparing to test memory region 7ff9ef78a000 (8192 bytes)
*** Preparing to test memory region 7ff9ef9fa000 (24576 bytes)
*** Preparing to test memory region 7ff9f0200000 (8388608 bytes)
*** Preparing to test memory region 7ff9f0a35000 (4096 bytes)
*** Preparing to test memory region 7ff9f0a5a000 (32768 bytes)
*** Preparing to test memory region 7ff9f0c36000 (53248 bytes)
*** Preparing to test memory region 7ff9f0d53000 (8192 bytes)
.O.O.O.O.O.O.O.O.O.O.O.O.O.O.O.O.O.O.O.O.O.O.O.O.O.O.O
Fast memory test PASSED, however your memory can still be broken. Please run a memory test for several hours if possible.

------ DUMPING CODE AROUND EIP ------
Symbol: (null) (base: (nil))
Module: /lib/x86_64-linux-gnu/libc.so.6 (base 0x7ff9f0a62000)
$ xxd -r -p /tmp/dump.hex /tmp/dump.bin
$ objdump --adjust-vma=(nil) -D -b binary -m i386:x86-64 /tmp/dump.bin
------

=== REDIS BUG REPORT END. Make sure to include from START to END. ===

       Please report the crash by opening an issue on github:

           http://github.com/redis/redis/issues

  If a Redis module was involved, please open in the module's repo instead.

  Suspect RAM error? Use redis-server --test-memory to verify it.

  Some other issues could be detected by redis-server --check-system

----- Stderr -----
libgcov profiling error:/home/snagendra/Fuzzing/redisraft-fuzzing/build/deps/raft/CMakeFiles/raft.dir/src/raft_server.c.gcda:Merge mismatch for function 29
redis-server: /home/snagendra/Fuzzing/redisraft-fuzzing/deps/raft/src/raft_server.c:1702: raft_get_first_entry_idx: Assertion `0 < raft_get_current_idx(me)' failed.
redis-server: /home/snagendra/Fuzzing/redisraft-fuzzing/deps/raft/src/raft_server.c:1702: raft_get_first_entry_idx: Assertion `0 < raft_get_current_idx(me)' failed.



