logs for node: 1

----- Stdout -----
978622:C 04 Jan 2024 12:25:17.438 # WARNING Memory overcommit must be enabled! Without it, a background save or replication may fail under low memory condition. Being disabled, it can also cause failures without low memory condition, see https://github.com/jemalloc/jemalloc/issues/1328. To fix this issue add 'vm.overcommit_memory = 1' to /etc/sysctl.conf and then reboot or run the command 'sysctl vm.overcommit_memory=1' for this to take effect.
978622:C 04 Jan 2024 12:25:17.438 * oO0OoO0OoO0Oo Redis is starting oO0OoO0OoO0Oo
978622:C 04 Jan 2024 12:25:17.438 * Redis version=255.255.255, bits=64, commit=e04ebdb8, modified=1, pid=978622, just started
978622:C 04 Jan 2024 12:25:17.438 * Configuration loaded
978622:M 04 Jan 2024 12:25:17.439 * monotonic clock: POSIX clock_gettime
978622:M 04 Jan 2024 12:25:17.439 * Running mode=standalone, port=5011.
978622:M 04 Jan 2024 12:25:17.446 * <raft> RedisRaft version 255.255.255 [b779b199]
978622:M 04 Jan 2024 12:25:17.451 * <raft> Initializing test network
978622:M 04 Jan 2024 12:25:17.452 * <raft> Created test network client
978622:M 04 Jan 2024 12:25:17.453 * <raft> Raft module loaded, state is 'uninitialized'
978622:M 04 Jan 2024 12:25:17.453 * Module 'raft' loaded from /home/snagendra/Fuzzing/redisraft-fuzzing/redisraft.so
978622:M 04 Jan 2024 12:25:17.453 * Server initialized
978622:M 04 Jan 2024 12:25:17.454 . The AOF directory appendonlydir doesn't exist
978622:M 04 Jan 2024 12:25:17.454 * Ready to accept connections tcp
978622:M 04 Jan 2024 12:25:17.454 . 0 clients connected (0 replicas), 1726224 bytes in use
978622:M 04 Jan 2024 12:25:17.482 - Accepted 127.0.0.1:51604
978622:M 04 Jan 2024 12:25:17.482 # Missing implement of connection type tls
978622:M 04 Jan 2024 12:25:17.488 * <raft> Cluster Membership: term:0 index:0 nodes: id=1,voting=0,active=1,addr=-
978622:M 04 Jan 2024 12:25:17.493 * <raft> State change: Node is now a leader, term 1
978622:M 04 Jan 2024 12:25:17.493 * <raft> Cluster Membership: term:1 index:1 nodes: id=1,voting=0,active=1,addr=-
978622:M 04 Jan 2024 12:25:17.494 * <raft> Test network starting message polling thread
978622:M 04 Jan 2024 12:25:17.494 * <raft> Raft Cluster initialized, node id: 1, dbid: efc452cbc9d76c0321e988fff18db24a
978622:M 04 Jan 2024 12:25:17.611 - Accepted 127.0.0.1:51620
978622:M 04 Jan 2024 12:25:17.612 * <raft> Cluster Membership: term:1 index:3 nodes: id=1,voting=1,active=1,addr=- id=2,voting=0,active=1,addr=localhost:5012
978622:M 04 Jan 2024 12:25:17.619 - Client closed connection id=9 addr=127.0.0.1:51620 laddr=127.0.0.1:5011 fd=12 name= age=0 idle=0 flags=N db=0 sub=0 psub=0 ssub=0 multi=-1 qbuf=0 qbuf-free=20474 argv-mem=0 multi-mem=0 rbs=16384 rbp=16384 obl=0 oll=0 omem=0 tot-mem=37760 events=r cmd=raft.node user=default redir=-1 resp=2 lib-name= lib-ver=
978622:M 04 Jan 2024 12:25:17.735 - Accepted 127.0.0.1:51636
978622:M 04 Jan 2024 12:25:17.736 * <raft> Cluster Membership: term:1 index:4 nodes: id=1,voting=1,active=1,addr=- id=2,voting=0,active=1,addr=localhost:5012 id=3,voting=0,active=1,addr=localhost:5013
978622:M 04 Jan 2024 12:25:17.743 - Client closed connection id=10 addr=127.0.0.1:51636 laddr=127.0.0.1:5011 fd=13 name= age=0 idle=0 flags=N db=0 sub=0 psub=0 ssub=0 multi=-1 qbuf=0 qbuf-free=20474 argv-mem=0 multi-mem=0 rbs=16384 rbp=16384 obl=0 oll=0 omem=0 tot-mem=37760 events=r cmd=raft.node user=default redir=-1 resp=2 lib-name= lib-ver=
978622:M 04 Jan 2024 12:25:18.012 - Accepted 127.0.0.1:51640
978622:M 04 Jan 2024 12:25:18.274 * <raft> node:2 has sufficient logs, adding as voting node.
978622:M 04 Jan 2024 12:25:18.561 - Client closed connection id=11 addr=127.0.0.1:51640 laddr=127.0.0.1:5011 fd=13 name= age=0 idle=0 flags=N db=0 sub=0 psub=0 ssub=0 multi=-1 qbuf=0 qbuf-free=20474 argv-mem=0 multi-mem=0 rbs=1024 rbp=0 obl=0 oll=0 omem=0 tot-mem=22400 events=r cmd=auth user=default redir=-1 resp=2 lib-name= lib-ver=
978622:signal-handler (1704367518) Received SIGINT scheduling shutdown...
978622:signal-handler (1704367518) You insist... exiting now.
979456:C 04 Jan 2024 12:25:18.884 # WARNING Memory overcommit must be enabled! Without it, a background save or replication may fail under low memory condition. Being disabled, it can also cause failures without low memory condition, see https://github.com/jemalloc/jemalloc/issues/1328. To fix this issue add 'vm.overcommit_memory = 1' to /etc/sysctl.conf and then reboot or run the command 'sysctl vm.overcommit_memory=1' for this to take effect.
979456:C 04 Jan 2024 12:25:18.884 * oO0OoO0OoO0Oo Redis is starting oO0OoO0OoO0Oo
979456:C 04 Jan 2024 12:25:18.884 * Redis version=255.255.255, bits=64, commit=e04ebdb8, modified=1, pid=979456, just started
979456:C 04 Jan 2024 12:25:18.884 * Configuration loaded
979456:M 04 Jan 2024 12:25:18.884 * monotonic clock: POSIX clock_gettime
979456:M 04 Jan 2024 12:25:18.885 * Running mode=standalone, port=5011.
979456:M 04 Jan 2024 12:25:18.892 * <raft> RedisRaft version 255.255.255 [b779b199]
979456:M 04 Jan 2024 12:25:18.897 * <raft> Initializing test network
979456:M 04 Jan 2024 12:25:18.897 * <raft> Created test network client
979456:M 04 Jan 2024 12:25:18.901 * <raft> Raft module loaded, state is 'loading'
979456:M 04 Jan 2024 12:25:18.901 * Module 'raft' loaded from /home/snagendra/Fuzzing/redisraft-fuzzing/redisraft.so
979456:M 04 Jan 2024 12:25:18.901 * Server initialized
979456:M 04 Jan 2024 12:25:18.901 . The AOF directory appendonlydir doesn't exist
979456:M 04 Jan 2024 12:25:18.901 * Ready to accept connections tcp
979456:M 04 Jan 2024 12:25:18.901 . 0 clients connected (0 replicas), 1746848 bytes in use
979456:M 04 Jan 2024 12:25:19.001 * <raft> Loading: Redis loading complete, snapshot NOT LOADED
979456:M 04 Jan 2024 12:25:19.001 * <raft> Cluster Membership: term:0 index:0 nodes: id=1,voting=0,active=1,addr=-
979456:M 04 Jan 2024 12:25:19.001 * <raft> Test network starting message polling thread
979456:M 04 Jan 2024 12:25:19.002 * <raft> Cluster Membership: term:0 index:5 nodes: id=1,voting=1,active=1,addr=- id=2,voting=0,active=1,addr=localhost:5012
979456:M 04 Jan 2024 12:25:19.002 * <raft> Cluster Membership: term:0 index:5 nodes: id=1,voting=1,active=1,addr=- id=2,voting=0,active=1,addr=localhost:5012 id=3,voting=0,active=1,addr=localhost:5013
979456:M 04 Jan 2024 12:25:19.002 * <raft> Raft state after loading log: log_count=5, first_idx=1, current_idx=5, last_applied_idx=0
979456:M 04 Jan 2024 12:25:19.002 . <raft> Raft term=1, vote=-1
979456:signal-handler (1704367519) Received SIGINT scheduling shutdown...
979456:signal-handler (1704367519) You insist... exiting now.
979694:C 04 Jan 2024 12:25:19.803 # WARNING Memory overcommit must be enabled! Without it, a background save or replication may fail under low memory condition. Being disabled, it can also cause failures without low memory condition, see https://github.com/jemalloc/jemalloc/issues/1328. To fix this issue add 'vm.overcommit_memory = 1' to /etc/sysctl.conf and then reboot or run the command 'sysctl vm.overcommit_memory=1' for this to take effect.
979694:C 04 Jan 2024 12:25:19.803 * oO0OoO0OoO0Oo Redis is starting oO0OoO0OoO0Oo
979694:C 04 Jan 2024 12:25:19.803 * Redis version=255.255.255, bits=64, commit=e04ebdb8, modified=1, pid=979694, just started
979694:C 04 Jan 2024 12:25:19.803 * Configuration loaded
979694:M 04 Jan 2024 12:25:19.803 * monotonic clock: POSIX clock_gettime
979694:M 04 Jan 2024 12:25:19.803 * Running mode=standalone, port=5011.
979694:M 04 Jan 2024 12:25:19.809 * <raft> RedisRaft version 255.255.255 [b779b199]
979694:M 04 Jan 2024 12:25:19.814 * <raft> Initializing test network
979694:M 04 Jan 2024 12:25:19.814 * <raft> Created test network client
979694:M 04 Jan 2024 12:25:19.818 * <raft> Raft module loaded, state is 'loading'
979694:M 04 Jan 2024 12:25:19.818 * Module 'raft' loaded from /home/snagendra/Fuzzing/redisraft-fuzzing/redisraft.so
979694:M 04 Jan 2024 12:25:19.819 * Server initialized
979694:M 04 Jan 2024 12:25:19.819 . The AOF directory appendonlydir doesn't exist
979694:M 04 Jan 2024 12:25:19.819 * Ready to accept connections tcp
979694:M 04 Jan 2024 12:25:19.819 . 0 clients connected (0 replicas), 1746816 bytes in use
979694:M 04 Jan 2024 12:25:19.919 * <raft> Loading: Redis loading complete, snapshot NOT LOADED
979694:M 04 Jan 2024 12:25:19.919 * <raft> Cluster Membership: term:0 index:0 nodes: id=1,voting=0,active=1,addr=-
979694:M 04 Jan 2024 12:25:19.920 * <raft> Test network starting message polling thread
979694:M 04 Jan 2024 12:25:19.920 * <raft> Cluster Membership: term:0 index:5 nodes: id=1,voting=1,active=1,addr=- id=2,voting=0,active=1,addr=localhost:5012
979694:M 04 Jan 2024 12:25:19.920 * <raft> Cluster Membership: term:0 index:5 nodes: id=1,voting=1,active=1,addr=- id=2,voting=0,active=1,addr=localhost:5012 id=3,voting=0,active=1,addr=localhost:5013
979694:M 04 Jan 2024 12:25:19.920 * <raft> Raft state after loading log: log_count=5, first_idx=1, current_idx=5, last_applied_idx=0
979694:M 04 Jan 2024 12:25:19.920 . <raft> Raft term=1, vote=-1
979694:M 04 Jan 2024 12:25:19.953 - Accepted 127.0.0.1:51654
979694:M 04 Jan 2024 12:25:19.953 # Missing implement of connection type tls
979694:M 04 Jan 2024 12:25:20.322 * <raft> State change: Election starting, node is now a pre-candidate, term 1
979694:M 04 Jan 2024 12:25:20.322 * <raft> Cluster Membership: term:1 index:5 nodes: id=1,voting=1,active=1,addr=- id=2,voting=1,active=1,addr=localhost:5012 id=3,voting=0,active=1,addr=localhost:5013
979694:M 04 Jan 2024 12:25:20.379 - Accepted 127.0.0.1:51660
979694:signal-handler (1704367520) Received SIGINT scheduling shutdown...
979694:M 04 Jan 2024 12:25:20.424 * User requested shutdown...
979694:M 04 Jan 2024 12:25:20.424 # Redis is now ready to exit, bye bye...
979995:C 04 Jan 2024 12:25:20.494 # WARNING Memory overcommit must be enabled! Without it, a background save or replication may fail under low memory condition. Being disabled, it can also cause failures without low memory condition, see https://github.com/jemalloc/jemalloc/issues/1328. To fix this issue add 'vm.overcommit_memory = 1' to /etc/sysctl.conf and then reboot or run the command 'sysctl vm.overcommit_memory=1' for this to take effect.
979995:C 04 Jan 2024 12:25:20.494 * oO0OoO0OoO0Oo Redis is starting oO0OoO0OoO0Oo
979995:C 04 Jan 2024 12:25:20.494 * Redis version=255.255.255, bits=64, commit=e04ebdb8, modified=1, pid=979995, just started
979995:C 04 Jan 2024 12:25:20.494 * Configuration loaded
979995:M 04 Jan 2024 12:25:20.495 * monotonic clock: POSIX clock_gettime
979995:M 04 Jan 2024 12:25:20.495 * Running mode=standalone, port=5011.
979995:M 04 Jan 2024 12:25:20.502 * <raft> RedisRaft version 255.255.255 [b779b199]
979995:M 04 Jan 2024 12:25:20.507 * <raft> Initializing test network
979995:M 04 Jan 2024 12:25:20.507 * <raft> Created test network client
979995:M 04 Jan 2024 12:25:20.509 * <raft> Raft module loaded, state is 'loading'
979995:M 04 Jan 2024 12:25:20.509 * Module 'raft' loaded from /home/snagendra/Fuzzing/redisraft-fuzzing/redisraft.so
979995:M 04 Jan 2024 12:25:20.510 * Server initialized
979995:M 04 Jan 2024 12:25:20.510 . The AOF directory appendonlydir doesn't exist
979995:M 04 Jan 2024 12:25:20.510 * Ready to accept connections tcp
979995:M 04 Jan 2024 12:25:20.510 . 0 clients connected (0 replicas), 1746656 bytes in use
979995:M 04 Jan 2024 12:25:20.580 - Accepted 127.0.0.1:51684
979995:M 04 Jan 2024 12:25:20.581 # Missing implement of connection type tls
979995:M 04 Jan 2024 12:25:20.610 * <raft> Loading: Redis loading complete, snapshot NOT LOADED
979995:M 04 Jan 2024 12:25:20.610 * <raft> Cluster Membership: term:0 index:0 nodes: id=1,voting=0,active=1,addr=-
979995:M 04 Jan 2024 12:25:20.611 * <raft> Test network starting message polling thread
979995:M 04 Jan 2024 12:25:20.611 * <raft> Cluster Membership: term:0 index:5 nodes: id=1,voting=1,active=1,addr=- id=2,voting=0,active=1,addr=localhost:5012
979995:M 04 Jan 2024 12:25:20.611 * <raft> Cluster Membership: term:0 index:5 nodes: id=1,voting=1,active=1,addr=- id=2,voting=0,active=1,addr=localhost:5012 id=3,voting=0,active=1,addr=localhost:5013
979995:M 04 Jan 2024 12:25:20.611 * <raft> Raft state after loading log: log_count=5, first_idx=1, current_idx=5, last_applied_idx=0
979995:M 04 Jan 2024 12:25:20.611 . <raft> Raft term=1, vote=-1
979995:M 04 Jan 2024 12:25:20.912 * <raft> State change: Election starting, node is now a pre-candidate, term 1
979995:M 04 Jan 2024 12:25:20.912 * <raft> Cluster Membership: term:1 index:5 nodes: id=1,voting=1,active=1,addr=- id=2,voting=1,active=1,addr=localhost:5012 id=3,voting=0,active=1,addr=localhost:5013
979995:signal-handler (1704367520) Received SIGINT scheduling shutdown...
979995:signal-handler (1704367520) You insist... exiting now.

----- Stderr -----
libgcov profiling error:/home/snagendra/Fuzzing/redisraft-fuzzing/build/deps/raft/CMakeFiles/raft.dir/src/raft_server.c.gcda:Merge mismatch for function 29
libgcov profiling error:/home/snagendra/Fuzzing/redisraft-fuzzing/build/deps/raft/CMakeFiles/raft.dir/src/raft_server.c.gcda:Merge mismatch for function 29
libgcov profiling error:/home/snagendra/Fuzzing/redisraft-fuzzing/build/deps/raft/CMakeFiles/raft.dir/src/raft_server.c.gcda:Merge mismatch for function 29




logs for node: 2

----- Stdout -----
978660:C 04 Jan 2024 12:25:17.496 # WARNING Memory overcommit must be enabled! Without it, a background save or replication may fail under low memory condition. Being disabled, it can also cause failures without low memory condition, see https://github.com/jemalloc/jemalloc/issues/1328. To fix this issue add 'vm.overcommit_memory = 1' to /etc/sysctl.conf and then reboot or run the command 'sysctl vm.overcommit_memory=1' for this to take effect.
978660:C 04 Jan 2024 12:25:17.496 * oO0OoO0OoO0Oo Redis is starting oO0OoO0OoO0Oo
978660:C 04 Jan 2024 12:25:17.496 * Redis version=255.255.255, bits=64, commit=e04ebdb8, modified=1, pid=978660, just started
978660:C 04 Jan 2024 12:25:17.496 * Configuration loaded
978660:M 04 Jan 2024 12:25:17.497 * monotonic clock: POSIX clock_gettime
978660:M 04 Jan 2024 12:25:17.497 * Running mode=standalone, port=5012.
978660:M 04 Jan 2024 12:25:17.503 * <raft> RedisRaft version 255.255.255 [b779b199]
978660:M 04 Jan 2024 12:25:17.508 * <raft> Initializing test network
978660:M 04 Jan 2024 12:25:17.509 * <raft> Created test network client
978660:M 04 Jan 2024 12:25:17.510 * <raft> Raft module loaded, state is 'uninitialized'
978660:M 04 Jan 2024 12:25:17.510 * Module 'raft' loaded from /home/snagendra/Fuzzing/redisraft-fuzzing/redisraft.so
978660:M 04 Jan 2024 12:25:17.510 * Server initialized
978660:M 04 Jan 2024 12:25:17.511 . The AOF directory appendonlydir doesn't exist
978660:M 04 Jan 2024 12:25:17.511 * Ready to accept connections tcp
978660:M 04 Jan 2024 12:25:17.511 . 0 clients connected (0 replicas), 1726192 bytes in use
978660:M 04 Jan 2024 12:25:17.517 - Accepted 127.0.0.1:33828
978660:M 04 Jan 2024 12:25:17.517 # Missing implement of connection type tls
978660:M 04 Jan 2024 12:25:17.610 - <raft> join cluster, connecting to localhost:5011
978660:M 04 Jan 2024 12:25:17.612 * <raft> Joined Raft cluster, node id: 2, dbid: efc452cbc9d76c0321e988fff18db24a
978660:M 04 Jan 2024 12:25:17.618 * <raft> Cluster Membership: term:0 index:0 nodes: id=2,voting=0,active=1,addr=-
978660:M 04 Jan 2024 12:25:17.619 * <raft> Test network starting message polling thread
978660:M 04 Jan 2024 12:25:17.655 - Accepted 127.0.0.1:33834
978660:M 04 Jan 2024 12:25:17.945 * <raft> Cluster Membership: term:1 index:2 nodes: id=2,voting=0,active=1,addr=- id=1,voting=1,active=1,addr=localhost:5011
978660:M 04 Jan 2024 12:25:18.313 * <raft> State change: Election starting, node is now a pre-candidate, term 1
978660:M 04 Jan 2024 12:25:18.314 * <raft> Cluster Membership: term:1 index:3 nodes: id=2,voting=0,active=1,addr=- id=1,voting=1,active=1,addr=localhost:5011
978660:M 04 Jan 2024 12:25:18.364 * <raft> State change: Node is now a follower, term 1
978660:M 04 Jan 2024 12:25:18.364 * <raft> Cluster Membership: term:1 index:3 nodes: id=2,voting=0,active=1,addr=- id=1,voting=1,active=1,addr=localhost:5011
978660:M 04 Jan 2024 12:25:18.365 * <raft> Cluster Membership: term:1 index:4 nodes: id=2,voting=0,active=1,addr=- id=1,voting=1,active=1,addr=localhost:5011 id=3,voting=0,active=1,addr=localhost:5013
978660:signal-handler (1704367518) Received SIGINT scheduling shutdown...
978660:signal-handler (1704367518) You insist... exiting now.
979848:C 04 Jan 2024 12:25:20.261 # WARNING Memory overcommit must be enabled! Without it, a background save or replication may fail under low memory condition. Being disabled, it can also cause failures without low memory condition, see https://github.com/jemalloc/jemalloc/issues/1328. To fix this issue add 'vm.overcommit_memory = 1' to /etc/sysctl.conf and then reboot or run the command 'sysctl vm.overcommit_memory=1' for this to take effect.
979848:C 04 Jan 2024 12:25:20.261 * oO0OoO0OoO0Oo Redis is starting oO0OoO0OoO0Oo
979848:C 04 Jan 2024 12:25:20.261 * Redis version=255.255.255, bits=64, commit=e04ebdb8, modified=1, pid=979848, just started
979848:C 04 Jan 2024 12:25:20.261 * Configuration loaded
979848:M 04 Jan 2024 12:25:20.262 * monotonic clock: POSIX clock_gettime
979848:M 04 Jan 2024 12:25:20.262 * Running mode=standalone, port=5012.
979848:M 04 Jan 2024 12:25:20.268 * <raft> RedisRaft version 255.255.255 [b779b199]
979848:M 04 Jan 2024 12:25:20.272 * <raft> Initializing test network
979848:M 04 Jan 2024 12:25:20.273 * <raft> Created test network client
979848:M 04 Jan 2024 12:25:20.276 * <raft> Raft module loaded, state is 'loading'
979848:M 04 Jan 2024 12:25:20.276 * Module 'raft' loaded from /home/snagendra/Fuzzing/redisraft-fuzzing/redisraft.so
979848:M 04 Jan 2024 12:25:20.277 * Server initialized
979848:M 04 Jan 2024 12:25:20.277 . The AOF directory appendonlydir doesn't exist
979848:M 04 Jan 2024 12:25:20.277 * Ready to accept connections tcp
979848:M 04 Jan 2024 12:25:20.277 . 0 clients connected (0 replicas), 1746656 bytes in use
979848:M 04 Jan 2024 12:25:20.322 - Accepted 127.0.0.1:33904
979848:M 04 Jan 2024 12:25:20.322 # Missing implement of connection type tls
979848:M 04 Jan 2024 12:25:20.377 * <raft> Loading: Redis loading complete, snapshot NOT LOADED
979848:M 04 Jan 2024 12:25:20.378 * <raft> Cluster Membership: term:0 index:0 nodes: id=2,voting=0,active=1,addr=-
979848:M 04 Jan 2024 12:25:20.378 * <raft> Test network starting message polling thread
979848:M 04 Jan 2024 12:25:20.378 * <raft> Cluster Membership: term:0 index:4 nodes: id=2,voting=0,active=1,addr=- id=1,voting=1,active=1,addr=localhost:5011
979848:M 04 Jan 2024 12:25:20.379 * <raft> Cluster Membership: term:0 index:4 nodes: id=2,voting=0,active=1,addr=- id=1,voting=1,active=1,addr=localhost:5011 id=3,voting=0,active=1,addr=localhost:5013
979848:M 04 Jan 2024 12:25:20.379 * <raft> Raft state after loading log: log_count=4, first_idx=1, current_idx=4, last_applied_idx=0
979848:M 04 Jan 2024 12:25:20.379 . <raft> Raft term=1, vote=-1
979848:M 04 Jan 2024 12:25:20.434 - Client closed connection id=8 addr=127.0.0.1:33904 laddr=127.0.0.1:5012 fd=11 name= age=0 idle=0 flags=N db=0 sub=0 psub=0 ssub=0 multi=-1 qbuf=0 qbuf-free=20474 argv-mem=0 multi-mem=0 rbs=16384 rbp=0 obl=0 oll=0 omem=0 tot-mem=37760 events=r cmd=auth user=default redir=-1 resp=2 lib-name= lib-ver=
979848:M 04 Jan 2024 12:25:20.457 # <raft> Redis connection authentication failed: connection died
979848:M 04 Jan 2024 12:25:20.612 - Accepted 127.0.0.1:33906
979848:M 04 Jan 2024 12:25:20.779 * <raft> State change: Election starting, node is now a pre-candidate, term 1
979848:M 04 Jan 2024 12:25:20.779 * <raft> Cluster Membership: term:1 index:4 nodes: id=2,voting=0,active=1,addr=- id=1,voting=1,active=1,addr=localhost:5011 id=3,voting=0,active=1,addr=localhost:5013
979848:M 04 Jan 2024 12:25:20.936 - Client closed connection id=9 addr=127.0.0.1:33906 laddr=127.0.0.1:5012 fd=12 name= age=0 idle=0 flags=N db=0 sub=0 psub=0 ssub=0 multi=-1 qbuf=0 qbuf-free=20474 argv-mem=0 multi-mem=0 rbs=1024 rbp=0 obl=0 oll=0 omem=0 tot-mem=22400 events=r cmd=auth user=default redir=-1 resp=2 lib-name= lib-ver=
979848:signal-handler (1704367520) Received SIGINT scheduling shutdown...
979848:signal-handler (1704367520) You insist... exiting now.

----- Stderr -----
libgcov profiling error:/home/snagendra/Fuzzing/redisraft-fuzzing/build/deps/raft/CMakeFiles/raft.dir/src/raft_server.c.gcda:Merge mismatch for function 29
libgcov profiling error:/home/snagendra/Fuzzing/redisraft-fuzzing/build/deps/raft/CMakeFiles/raft.dir/src/raft_server.c.gcda:Merge mismatch for function 29




logs for node: 3

----- Stdout -----
978716:C 04 Jan 2024 12:25:17.621 # WARNING Memory overcommit must be enabled! Without it, a background save or replication may fail under low memory condition. Being disabled, it can also cause failures without low memory condition, see https://github.com/jemalloc/jemalloc/issues/1328. To fix this issue add 'vm.overcommit_memory = 1' to /etc/sysctl.conf and then reboot or run the command 'sysctl vm.overcommit_memory=1' for this to take effect.
978716:C 04 Jan 2024 12:25:17.621 * oO0OoO0OoO0Oo Redis is starting oO0OoO0OoO0Oo
978716:C 04 Jan 2024 12:25:17.621 * Redis version=255.255.255, bits=64, commit=e04ebdb8, modified=1, pid=978716, just started
978716:C 04 Jan 2024 12:25:17.621 * Configuration loaded
978716:M 04 Jan 2024 12:25:17.622 * monotonic clock: POSIX clock_gettime
978716:M 04 Jan 2024 12:25:17.622 * Running mode=standalone, port=5013.
978716:M 04 Jan 2024 12:25:17.628 * <raft> RedisRaft version 255.255.255 [b779b199]
978716:M 04 Jan 2024 12:25:17.633 * <raft> Initializing test network
978716:M 04 Jan 2024 12:25:17.634 * <raft> Created test network client
978716:M 04 Jan 2024 12:25:17.635 * <raft> Raft module loaded, state is 'uninitialized'
978716:M 04 Jan 2024 12:25:17.635 * Module 'raft' loaded from /home/snagendra/Fuzzing/redisraft-fuzzing/redisraft.so
978716:M 04 Jan 2024 12:25:17.635 * Server initialized
978716:M 04 Jan 2024 12:25:17.636 . The AOF directory appendonlydir doesn't exist
978716:M 04 Jan 2024 12:25:17.636 * Ready to accept connections tcp
978716:M 04 Jan 2024 12:25:17.636 . 0 clients connected (0 replicas), 1726224 bytes in use
978716:M 04 Jan 2024 12:25:17.645 - Accepted 127.0.0.1:59716
978716:M 04 Jan 2024 12:25:17.645 # Missing implement of connection type tls
978716:M 04 Jan 2024 12:25:17.734 - <raft> join cluster, connecting to localhost:5011
978716:M 04 Jan 2024 12:25:17.736 * <raft> Joined Raft cluster, node id: 3, dbid: efc452cbc9d76c0321e988fff18db24a
978716:M 04 Jan 2024 12:25:17.743 * <raft> Cluster Membership: term:0 index:0 nodes: id=3,voting=0,active=1,addr=-
978716:M 04 Jan 2024 12:25:17.743 * <raft> Test network starting message polling thread
978716:M 04 Jan 2024 12:25:17.756 - Accepted 127.0.0.1:59720
978716:signal-handler (1704367517) Received SIGINT scheduling shutdown...
978716:signal-handler (1704367517) You insist... exiting now.
979600:C 04 Jan 2024 12:25:19.387 # WARNING Memory overcommit must be enabled! Without it, a background save or replication may fail under low memory condition. Being disabled, it can also cause failures without low memory condition, see https://github.com/jemalloc/jemalloc/issues/1328. To fix this issue add 'vm.overcommit_memory = 1' to /etc/sysctl.conf and then reboot or run the command 'sysctl vm.overcommit_memory=1' for this to take effect.
979600:C 04 Jan 2024 12:25:19.387 * oO0OoO0OoO0Oo Redis is starting oO0OoO0OoO0Oo
979600:C 04 Jan 2024 12:25:19.387 * Redis version=255.255.255, bits=64, commit=e04ebdb8, modified=1, pid=979600, just started
979600:C 04 Jan 2024 12:25:19.387 * Configuration loaded
979600:M 04 Jan 2024 12:25:19.387 * monotonic clock: POSIX clock_gettime
979600:M 04 Jan 2024 12:25:19.388 * Running mode=standalone, port=5013.
979600:M 04 Jan 2024 12:25:19.394 * <raft> RedisRaft version 255.255.255 [b779b199]
979600:M 04 Jan 2024 12:25:19.398 * <raft> Initializing test network
979600:M 04 Jan 2024 12:25:19.399 * <raft> Created test network client
979600:M 04 Jan 2024 12:25:19.402 * <raft> Raft module loaded, state is 'loading'
979600:M 04 Jan 2024 12:25:19.402 * Module 'raft' loaded from /home/snagendra/Fuzzing/redisraft-fuzzing/redisraft.so
979600:M 04 Jan 2024 12:25:19.403 * Server initialized
979600:M 04 Jan 2024 12:25:19.403 . The AOF directory appendonlydir doesn't exist
979600:M 04 Jan 2024 12:25:19.403 * Ready to accept connections tcp
979600:M 04 Jan 2024 12:25:19.403 . 0 clients connected (0 replicas), 1746688 bytes in use
979600:M 04 Jan 2024 12:25:19.503 * <raft> Loading: Redis loading complete, snapshot NOT LOADED
979600:M 04 Jan 2024 12:25:19.504 * <raft> Cluster Membership: term:0 index:0 nodes: id=3,voting=0,active=1,addr=-
979600:M 04 Jan 2024 12:25:19.504 * <raft> Test network starting message polling thread


=== REDIS BUG REPORT START: Cut & paste starting from here ===
979600:M 04 Jan 2024 12:25:19.504 # Redis 255.255.255 crashed by signal: 6, si_code: -6
979600:M 04 Jan 2024 12:25:19.504 # Crashed running the instruction at: 0x7fa24701cd3c

------ STACK TRACE ------
EIP:
/lib/x86_64-linux-gnu/libc.so.6(+0x8ad3c)[0x7fa24701cd3c]

Backtrace:
/lib/x86_64-linux-gnu/libc.so.6(+0x3bfd0)[0x7fa246fcdfd0]
/lib/x86_64-linux-gnu/libc.so.6(+0x8ad3c)[0x7fa24701cd3c]
/lib/x86_64-linux-gnu/libc.so.6(gsignal+0x12)[0x7fa246fcdf32]
/lib/x86_64-linux-gnu/libc.so.6(abort+0xd3)[0x7fa246fb8472]
/lib/x86_64-linux-gnu/libc.so.6(+0x26395)[0x7fa246fb8395]
/lib/x86_64-linux-gnu/libc.so.6(+0x34e32)[0x7fa246fc6e32]
/home/snagendra/Fuzzing/redisraft-fuzzing/redisraft.so(+0x3caea)[0x7fa246f41aea]
/home/snagendra/Fuzzing/redisraft-fuzzing/redisraft.so(callRaftPeriodic+0x478)[0x7fa246f32088]
/home/snagendra/Fuzzing/redis/src/redis-server 0.0.0.0:5013(moduleTimerHandler+0x21c)[0x55d99e76898c]
/home/snagendra/Fuzzing/redis/src/redis-server 0.0.0.0:5013(+0x81705)[0x55d99e672705]
/home/snagendra/Fuzzing/redis/src/redis-server 0.0.0.0:5013(aeMain+0x1c8)[0x55d99e67ccb8]
/home/snagendra/Fuzzing/redis/src/redis-server 0.0.0.0:5013(main+0x3cd)[0x55d99e671e2d]
/lib/x86_64-linux-gnu/libc.so.6(+0x271ca)[0x7fa246fb91ca]
/lib/x86_64-linux-gnu/libc.so.6(__libc_start_main+0x85)[0x7fa246fb9285]
/home/snagendra/Fuzzing/redis/src/redis-server 0.0.0.0:5013(_start+0x2a)[0x55d99e6725aa]

------ REGISTERS ------
979600:M 04 Jan 2024 12:25:19.505 # 
RAX:0000000000000000 RBX:00000000000ef290
RCX:00007fa24701cd3c RDX:0000000000000006
RDI:00000000000ef290 RSI:00000000000ef290
RBP:00007fa246f8e1c0 RSP:00007ffc2a9ea200
R8 :0000000000000007 R9 :000055d99ee4f820
R10:0000000000000008 R11:0000000000000246
R12:0000000000000006 R13:00000000000006a6
R14:00007fa246f6e05c R15:000055d99e7672b0
RIP:00007fa24701cd3c EFL:0000000000000246
CSGSFS:002b000000000033
979600:M 04 Jan 2024 12:25:19.505 # (00007ffc2a9ea20f) -> 000055d99ee4f8d0
979600:M 04 Jan 2024 12:25:19.505 # (00007ffc2a9ea20e) -> 00007fa247164c60
979600:M 04 Jan 2024 12:25:19.505 # (00007ffc2a9ea20d) -> 00000000000002b1
979600:M 04 Jan 2024 12:25:19.505 # (00007ffc2a9ea20c) -> 000055d99ee4f820
979600:M 04 Jan 2024 12:25:19.505 # (00007ffc2a9ea20b) -> 00000000000006a6
979600:M 04 Jan 2024 12:25:19.505 # (00007ffc2a9ea20a) -> 0000000000000020
979600:M 04 Jan 2024 12:25:19.505 # (00007ffc2a9ea209) -> 00007fa246fb8472
979600:M 04 Jan 2024 12:25:19.505 # (00007ffc2a9ea208) -> 00007fa247165e70
979600:M 04 Jan 2024 12:25:19.505 # (00007ffc2a9ea207) -> 00007fa246fcdf32
979600:M 04 Jan 2024 12:25:19.505 # (00007ffc2a9ea206) -> 00007fa246f6e05c
979600:M 04 Jan 2024 12:25:19.505 # (00007ffc2a9ea205) -> 00000000000006a6
979600:M 04 Jan 2024 12:25:19.505 # (00007ffc2a9ea204) -> 00007fa246f6d720
979600:M 04 Jan 2024 12:25:19.505 # (00007ffc2a9ea203) -> 00007fa246f8e1c0
979600:M 04 Jan 2024 12:25:19.505 # (00007ffc2a9ea202) -> 0000000000000006
979600:M 04 Jan 2024 12:25:19.505 # (00007ffc2a9ea201) -> f7dee41ad5e08300
979600:M 04 Jan 2024 12:25:19.505 # (00007ffc2a9ea200) -> 000055d99e7672b0

------ INFO OUTPUT ------
# Server
redis_version:255.255.255
redis_git_sha1:e04ebdb8
redis_git_dirty:1
redis_build_id:1f78dcc7b4fbdd25
redis_mode:standalone
os:Linux 6.1.60.1.amd64-smp x86_64
arch_bits:64
monotonic_clock:POSIX clock_gettime
multiplexing_api:epoll
atomicvar_api:c11-builtin
gcc_version:10.2.1
process_id:979600
process_supervised:no
run_id:db208fd8c29f48bc9b0b98cef2f4fa01953feb60
tcp_port:5013
server_time_usec:1704367519503497
uptime_in_seconds:0
uptime_in_days:0
hz:10
configured_hz:10
lru_clock:9868703
executable:/home/snagendra/Fuzzing/redis/src/redis-server
config_file:
io_threads_active:0
listener0:name=tcp,bind=0.0.0.0,port=5013

# Clients
connected_clients:0
cluster_connections:0
maxclients:10000
client_recent_max_input_buffer:0
client_recent_max_output_buffer:0
blocked_clients:0
tracking_clients:0
clients_in_timeout_table:0
total_blocking_keys:0
total_blocking_keys_on_nokey:0

# Memory
used_memory:1753904
used_memory_human:1.67M
used_memory_rss:17711104
used_memory_rss_human:16.89M
used_memory_peak:1753904
used_memory_peak_human:1.67M
used_memory_peak_perc:100.41%
used_memory_overhead:1746728
used_memory_startup:1746544
used_memory_dataset:7176
used_memory_dataset_perc:97.50%
allocator_allocated:2123632
allocator_active:2654208
allocator_resident:10887168
total_system_memory:270388695040
total_system_memory_human:251.82G
used_memory_lua:31744
used_memory_vm_eval:31744
used_memory_lua_human:31.00K
used_memory_scripts_eval:0
number_of_cached_scripts:0
number_of_functions:0
number_of_libraries:0
used_memory_vm_functions:32768
used_memory_vm_total:64512
used_memory_vm_total_human:63.00K
used_memory_functions:184
used_memory_scripts:184
used_memory_scripts_human:184B
maxmemory:0
maxmemory_human:0B
maxmemory_policy:noeviction
allocator_frag_ratio:1.25
allocator_frag_bytes:530576
allocator_rss_ratio:4.10
allocator_rss_bytes:8232960
rss_overhead_ratio:1.63
rss_overhead_bytes:6823936
mem_fragmentation_ratio:10.14
mem_fragmentation_bytes:15964416
mem_not_counted_for_evict:0
mem_replication_backlog:0
mem_total_replication_buffers:0
mem_clients_slaves:0
mem_clients_normal:0
mem_cluster_links:0
mem_aof_buffer:0
mem_allocator:jemalloc-5.3.0
active_defrag_running:0
lazyfree_pending_objects:0
lazyfreed_objects:0

# Persistence
loading:0
async_loading:0
current_cow_peak:0
current_cow_size:0
current_cow_size_age:0
current_fork_perc:0.00
current_save_keys_processed:0
current_save_keys_total:0
rdb_changes_since_last_save:0
rdb_bgsave_in_progress:0
rdb_last_save_time:1704367519
rdb_last_bgsave_status:ok
rdb_last_bgsave_time_sec:-1
rdb_current_bgsave_time_sec:-1
rdb_saves:0
rdb_last_cow_size:0
rdb_last_load_keys_expired:0
rdb_last_load_keys_loaded:0
aof_enabled:0
aof_rewrite_in_progress:0
aof_rewrite_scheduled:0
aof_last_rewrite_time_sec:-1
aof_current_rewrite_time_sec:-1
aof_last_bgrewrite_status:ok
aof_rewrites:0
aof_rewrites_consecutive_failures:0
aof_last_write_status:ok
aof_last_cow_size:0
module_fork_in_progress:0
module_fork_last_cow_size:0

# Stats
total_connections_received:0
total_commands_processed:6
instantaneous_ops_per_sec:23
total_net_input_bytes:0
total_net_output_bytes:0
total_net_repl_input_bytes:0
total_net_repl_output_bytes:0
instantaneous_input_kbps:0.00
instantaneous_output_kbps:0.00
instantaneous_input_repl_kbps:0.00
instantaneous_output_repl_kbps:0.00
rejected_connections:0
sync_full:0
sync_partial_ok:0
sync_partial_err:0
expired_keys:0
expired_stale_perc:0.00
expired_time_cap_reached_count:0
expire_cycle_cpu_milliseconds:0
evicted_keys:0
evicted_clients:0
total_eviction_exceeded_time:0
current_eviction_exceeded_time:0
keyspace_hits:0
keyspace_misses:0
pubsub_channels:0
pubsub_patterns:0
pubsubshard_channels:0
latest_fork_usec:0
total_forks:0
migrate_cached_sockets:0
slave_expires_tracked_keys:0
active_defrag_hits:0
active_defrag_misses:0
active_defrag_key_hits:0
active_defrag_key_misses:0
total_active_defrag_time:0
current_active_defrag_time:0
tracking_total_keys:0
tracking_total_items:0
tracking_total_prefixes:0
unexpected_error_replies:0
total_error_replies:0
dump_payload_sanitizations:0
total_reads_processed:0
total_writes_processed:0
io_threaded_reads_processed:0
io_threaded_writes_processed:0
reply_buffer_shrinks:0
reply_buffer_expands:0
acl_access_denied_auth:0
acl_access_denied_cmd:0
acl_access_denied_key:0
acl_access_denied_channel:0

# Replication
role:master
connected_slaves:0
master_failover_state:no-failover
master_replid:7d7cfb516877ed3aad672f2ccbe35595a45c9318
master_replid2:0000000000000000000000000000000000000000
master_repl_offset:0
second_repl_offset:-1
repl_backlog_active:0
repl_backlog_size:1048576
repl_backlog_first_byte_offset:0
repl_backlog_histlen:0

# CPU
used_cpu_sys:0.008468
used_cpu_user:0.008468
used_cpu_sys_children:0.000000
used_cpu_user_children:0.000000
used_cpu_sys_main_thread:0.008280
used_cpu_user_main_thread:0.008280

# Modules
module:name=raft,ver=1,api=1,filters=1,usedby=[],using=[],options=[]

# Commandstats
cmdstat_command:calls=2,usec=1416,usec_per_call=708.00,rejected_calls=0,failed_calls=0
cmdstat_config|set:calls=1,usec=10,usec_per_call=10.00,rejected_calls=0,failed_calls=0
cmdstat_config|get:calls=3,usec=4,usec_per_call=1.33,rejected_calls=0,failed_calls=0

# Errorstats

# Latencystats
latency_percentiles_usec_command:p50=675.839,p99=745.471,p99.9=745.471
latency_percentiles_usec_config|set:p50=10.047,p99=10.047,p99.9=10.047
latency_percentiles_usec_config|get:p50=1.003,p99=2.007,p99.9=2.007

# Cluster
cluster_enabled:0

# Keyspace

------ CLIENT LIST OUTPUT ------

------ MODULES INFO OUTPUT ------
# raft_version
raft_version:255.255.255
raft_git_sha1:b779b199

# raft_general
raft_dbid:efc452cbc9d76c0321e988fff18db24a
raft_node_id:3
raft_state:up
raft_role:follower
raft_is_voting:no
raft_voted_for:-1
raft_leader_id:-1
raft_current_term:0
raft_num_nodes:1
raft_num_voting_nodes:0

# raft_log
raft_log_entries:0
raft_current_index:0
raft_commit_index:0
raft_last_applied_index:0
raft_file_size:101
raft_cache_memory_size:0
raft_cache_entries:0
raft_client_attached_entries:0
raft_fsync_count:0
raft_fsync_max_microseconds:0
raft_fsync_avg_microseconds:0

# raft_snapshot
raft_snapshot_filename:redis3.rdb
raft_snapshot_last_idx:0
raft_snapshot_last_term:0
raft_snapshot_size:0
raft_snapshot_time_secs:-1
raft_snapshots_created:0
raft_snapshots_received:0
raft_snapshot_in_progress:no
raft_snapshot_in_progress_last_idx:-1
raft_snapshot_in_progress_last_term:-1

# raft_clients
raft_proxy_reqs:0
raft_proxy_failed_reqs:0
raft_proxy_failed_responses:0
raft_proxy_outstanding_reqs:0

# raft_stats
raft_appendreq_received:0
raft_appendreq_with_entry_received:0
raft_snapshotreq_received:0
raft_exec_throttled:0
raft_num_sessions:0

------ CONFIG DEBUG OUTPUT ------
slave-read-only yes
io-threads-do-reads no
lazyfree-lazy-eviction no
list-compress-depth 0
sanitize-dump-payload no
lazyfree-lazy-server-del no
replica-read-only yes
client-query-buffer-limit 1gb
activedefrag no
lazyfree-lazy-user-del no
proto-max-bulk-len 512mb
repl-diskless-load disabled
lazyfree-lazy-expire no
lazyfree-lazy-user-flush no
io-threads 1
repl-diskless-sync yes

------ FAST MEMORY TEST ------
979600:M 04 Jan 2024 12:25:19.505 # Bio worker thread #0 terminated
979600:M 04 Jan 2024 12:25:19.505 # Bio worker thread #1 terminated
979600:M 04 Jan 2024 12:25:19.505 # Bio worker thread #2 terminated
*** Preparing to test memory region 55d99e948000 (2273280 bytes)
*** Preparing to test memory region 55d99edfa000 (405504 bytes)
*** Preparing to test memory region 7fa239fff000 (8388608 bytes)
*** Preparing to test memory region 7fa23a800000 (8388608 bytes)
*** Preparing to test memory region 7fa23b000000 (6291456 bytes)
*** Preparing to test memory region 7fa23b7f8000 (8388608 bytes)
*** Preparing to test memory region 7fa23bff9000 (8388608 bytes)
*** Preparing to test memory region 7fa23c7fa000 (8388608 bytes)
*** Preparing to test memory region 7fa23cffb000 (8388608 bytes)
*** Preparing to test memory region 7fa23d7fc000 (8388608 bytes)
*** Preparing to test memory region 7fa23dffd000 (8388608 bytes)
*** Preparing to test memory region 7fa23e7fe000 (8388608 bytes)
*** Preparing to test memory region 7fa23efff000 (8388608 bytes)
*** Preparing to test memory region 7fa23f800000 (8388608 bytes)
*** Preparing to test memory region 7fa240000000 (135168 bytes)
*** Preparing to test memory region 7fa2444f4000 (8388608 bytes)
*** Preparing to test memory region 7fa244cf4000 (2621440 bytes)
*** Preparing to test memory region 7fa244f83000 (8192 bytes)
*** Preparing to test memory region 7fa24567f000 (12288 bytes)
*** Preparing to test memory region 7fa245c18000 (16384 bytes)
*** Preparing to test memory region 7fa245c9e000 (8192 bytes)
*** Preparing to test memory region 7fa246600000 (8388608 bytes)
*** Preparing to test memory region 7fa246e32000 (4096 bytes)
*** Preparing to test memory region 7fa246f02000 (12288 bytes)
*** Preparing to test memory region 7fa246f87000 (45056 bytes)
*** Preparing to test memory region 7fa247166000 (53248 bytes)
*** Preparing to test memory region 7fa247283000 (8192 bytes)
.O.O.O.979600:signal-handler (1704367519) Received SIGINT scheduling shutdown...
979600:signal-handler (1704367519) You insist... exiting now.
979750:C 04 Jan 2024 12:25:19.986 # WARNING Memory overcommit must be enabled! Without it, a background save or replication may fail under low memory condition. Being disabled, it can also cause failures without low memory condition, see https://github.com/jemalloc/jemalloc/issues/1328. To fix this issue add 'vm.overcommit_memory = 1' to /etc/sysctl.conf and then reboot or run the command 'sysctl vm.overcommit_memory=1' for this to take effect.
979750:C 04 Jan 2024 12:25:19.986 * oO0OoO0OoO0Oo Redis is starting oO0OoO0OoO0Oo
979750:C 04 Jan 2024 12:25:19.986 * Redis version=255.255.255, bits=64, commit=e04ebdb8, modified=1, pid=979750, just started
979750:C 04 Jan 2024 12:25:19.986 * Configuration loaded
979750:M 04 Jan 2024 12:25:19.986 * monotonic clock: POSIX clock_gettime
979750:M 04 Jan 2024 12:25:19.987 * Running mode=standalone, port=5013.
979750:M 04 Jan 2024 12:25:19.992 * <raft> RedisRaft version 255.255.255 [b779b199]
979750:M 04 Jan 2024 12:25:19.996 * <raft> Initializing test network
979750:M 04 Jan 2024 12:25:19.997 * <raft> Created test network client
979750:M 04 Jan 2024 12:25:20.001 * <raft> Raft module loaded, state is 'loading'
979750:M 04 Jan 2024 12:25:20.001 * Module 'raft' loaded from /home/snagendra/Fuzzing/redisraft-fuzzing/redisraft.so
979750:M 04 Jan 2024 12:25:20.001 * Server initialized
979750:M 04 Jan 2024 12:25:20.001 . The AOF directory appendonlydir doesn't exist
979750:M 04 Jan 2024 12:25:20.001 * Ready to accept connections tcp
979750:M 04 Jan 2024 12:25:20.001 . 0 clients connected (0 replicas), 1746688 bytes in use
979750:M 04 Jan 2024 12:25:20.021 - Accepted 127.0.0.1:59848
979750:M 04 Jan 2024 12:25:20.021 # Missing implement of connection type tls
979750:M 04 Jan 2024 12:25:20.101 * <raft> Loading: Redis loading complete, snapshot NOT LOADED
979750:M 04 Jan 2024 12:25:20.102 * <raft> Cluster Membership: term:0 index:0 nodes: id=3,voting=0,active=1,addr=-
979750:M 04 Jan 2024 12:25:20.102 * <raft> Test network starting message polling thread


=== REDIS BUG REPORT START: Cut & paste starting from here ===
979750:M 04 Jan 2024 12:25:20.102 # Redis 255.255.255 crashed by signal: 6, si_code: -6
979750:M 04 Jan 2024 12:25:20.102 # Crashed running the instruction at: 0x7ff76b04ad3c

------ STACK TRACE ------
EIP:
/lib/x86_64-linux-gnu/libc.so.6(+0x8ad3c)[0x7ff76b04ad3c]

Backtrace:
/lib/x86_64-linux-gnu/libc.so.6(+0x3bfd0)[0x7ff76affbfd0]
/lib/x86_64-linux-gnu/libc.so.6(+0x8ad3c)[0x7ff76b04ad3c]
/lib/x86_64-linux-gnu/libc.so.6(gsignal+0x12)[0x7ff76affbf32]
/lib/x86_64-linux-gnu/libc.so.6(abort+0xd3)[0x7ff76afe6472]
/lib/x86_64-linux-gnu/libc.so.6(+0x26395)[0x7ff76afe6395]
/lib/x86_64-linux-gnu/libc.so.6(+0x34e32)[0x7ff76aff4e32]
/home/snagendra/Fuzzing/redisraft-fuzzing/redisraft.so(+0x3caea)[0x7ff76af6faea]
/home/snagendra/Fuzzing/redisraft-fuzzing/redisraft.so(callRaftPeriodic+0x478)[0x7ff76af60088]
/home/snagendra/Fuzzing/redis/src/redis-server 0.0.0.0:5013(moduleTimerHandler+0x21c)[0x56387fd5098c]
/home/snagendra/Fuzzing/redis/src/redis-server 0.0.0.0:5013(+0x81705)[0x56387fc5a705]
/home/snagendra/Fuzzing/redis/src/redis-server 0.0.0.0:5013(aeMain+0x1c8)[0x56387fc64cb8]
/home/snagendra/Fuzzing/redis/src/redis-server 0.0.0.0:5013(main+0x3cd)[0x56387fc59e2d]
/lib/x86_64-linux-gnu/libc.so.6(+0x271ca)[0x7ff76afe71ca]
/lib/x86_64-linux-gnu/libc.so.6(__libc_start_main+0x85)[0x7ff76afe7285]
/home/snagendra/Fuzzing/redis/src/redis-server 0.0.0.0:5013(_start+0x2a)[0x56387fc5a5aa]

------ REGISTERS ------
979750:M 04 Jan 2024 12:25:20.103 # 
RAX:0000000000000000 RBX:00000000000ef326
RCX:00007ff76b04ad3c RDX:0000000000000006
RDI:00000000000ef326 RSI:00000000000ef326
RBP:00007ff76afbc1c0 RSP:00007fffbe6b9290
R8 :0000000000000007 R9 :0000563880a19820
R10:0000000000000008 R11:0000000000000246
R12:0000000000000006 R13:00000000000006a6
R14:00007ff76af9c05c R15:000056387fd4f2b0
RIP:00007ff76b04ad3c EFL:0000000000000246
CSGSFS:002b000000000033
979750:M 04 Jan 2024 12:25:20.103 # (00007fffbe6b929f) -> 0000563880a198d0
979750:M 04 Jan 2024 12:25:20.103 # (00007fffbe6b929e) -> 00007ff76b192c60
979750:M 04 Jan 2024 12:25:20.103 # (00007fffbe6b929d) -> 00000000000002b1
979750:M 04 Jan 2024 12:25:20.103 # (00007fffbe6b929c) -> 0000563880a19820
979750:M 04 Jan 2024 12:25:20.103 # (00007fffbe6b929b) -> 00000000000006a6
979750:M 04 Jan 2024 12:25:20.103 # (00007fffbe6b929a) -> 0000000000000020
979750:M 04 Jan 2024 12:25:20.103 # (00007fffbe6b9299) -> 00007ff76afe6472
979750:M 04 Jan 2024 12:25:20.103 # (00007fffbe6b9298) -> 00007ff76b193e70
979750:M 04 Jan 2024 12:25:20.103 # (00007fffbe6b9297) -> 00007ff76affbf32
979750:M 04 Jan 2024 12:25:20.103 # (00007fffbe6b9296) -> 00007ff76af9c05c
979750:M 04 Jan 2024 12:25:20.103 # (00007fffbe6b9295) -> 00000000000006a6
979750:M 04 Jan 2024 12:25:20.103 # (00007fffbe6b9294) -> 00007ff76af9b720
979750:M 04 Jan 2024 12:25:20.103 # (00007fffbe6b9293) -> 00007ff76afbc1c0
979750:M 04 Jan 2024 12:25:20.103 # (00007fffbe6b9292) -> 0000000000000006
979750:M 04 Jan 2024 12:25:20.103 # (00007fffbe6b9291) -> 76b5d21af8958a00
979750:M 04 Jan 2024 12:25:20.103 # (00007fffbe6b9290) -> 000056387fd4f2b0

------ INFO OUTPUT ------
# Server
redis_version:255.255.255
redis_git_sha1:e04ebdb8
redis_git_dirty:1
redis_build_id:1f78dcc7b4fbdd25
redis_mode:standalone
os:Linux 6.1.60.1.amd64-smp x86_64
arch_bits:64
monotonic_clock:POSIX clock_gettime
multiplexing_api:epoll
atomicvar_api:c11-builtin
gcc_version:10.2.1
process_id:979750
process_supervised:no
run_id:b06e5461e8b2bd0534350aa5e68b4f8e21bebfbd
tcp_port:5013
server_time_usec:1704367520101656
uptime_in_seconds:1
uptime_in_days:0
hz:10
configured_hz:10
lru_clock:9868704
executable:/home/snagendra/Fuzzing/redis/src/redis-server
config_file:
io_threads_active:0
listener0:name=tcp,bind=0.0.0.0,port=5013

# Clients
connected_clients:1
cluster_connections:0
maxclients:10000
client_recent_max_input_buffer:0
client_recent_max_output_buffer:0
blocked_clients:0
tracking_clients:0
clients_in_timeout_table:0
total_blocking_keys:0
total_blocking_keys_on_nokey:0

# Memory
used_memory:1816896
used_memory_human:1.73M
used_memory_rss:17686528
used_memory_rss_human:16.87M
used_memory_peak:1816896
used_memory_peak_human:1.73M
used_memory_peak_perc:100.39%
used_memory_overhead:1746728
used_memory_startup:1746544
used_memory_dataset:70168
used_memory_dataset_perc:99.74%
allocator_allocated:2045208
allocator_active:2596864
allocator_resident:10821632
total_system_memory:270388695040
total_system_memory_human:251.82G
used_memory_lua:31744
used_memory_vm_eval:31744
used_memory_lua_human:31.00K
used_memory_scripts_eval:0
number_of_cached_scripts:0
number_of_functions:0
number_of_libraries:0
used_memory_vm_functions:32768
used_memory_vm_total:64512
used_memory_vm_total_human:63.00K
used_memory_functions:184
used_memory_scripts:184
used_memory_scripts_human:184B
maxmemory:0
maxmemory_human:0B
maxmemory_policy:noeviction
allocator_frag_ratio:1.27
allocator_frag_bytes:551656
allocator_rss_ratio:4.17
allocator_rss_bytes:8224768
rss_overhead_ratio:1.63
rss_overhead_bytes:6864896
mem_fragmentation_ratio:10.13
mem_fragmentation_bytes:15939840
mem_not_counted_for_evict:0
mem_replication_backlog:0
mem_total_replication_buffers:0
mem_clients_slaves:0
mem_clients_normal:0
mem_cluster_links:0
mem_aof_buffer:0
mem_allocator:jemalloc-5.3.0
active_defrag_running:0
lazyfree_pending_objects:0
lazyfreed_objects:0

# Persistence
loading:0
async_loading:0
current_cow_peak:0
current_cow_size:0
current_cow_size_age:0
current_fork_perc:0.00
current_save_keys_processed:0
current_save_keys_total:0
rdb_changes_since_last_save:0
rdb_bgsave_in_progress:0
rdb_last_save_time:1704367519
rdb_last_bgsave_status:ok
rdb_last_bgsave_time_sec:-1
rdb_current_bgsave_time_sec:-1
rdb_saves:0
rdb_last_cow_size:0
rdb_last_load_keys_expired:0
rdb_last_load_keys_loaded:0
aof_enabled:0
aof_rewrite_in_progress:0
aof_rewrite_scheduled:0
aof_last_rewrite_time_sec:-1
aof_current_rewrite_time_sec:-1
aof_last_bgrewrite_status:ok
aof_rewrites:0
aof_rewrites_consecutive_failures:0
aof_last_write_status:ok
aof_last_cow_size:0
module_fork_in_progress:0
module_fork_last_cow_size:0

# Stats
total_connections_received:1
total_commands_processed:7
instantaneous_ops_per_sec:25
total_net_input_bytes:33
total_net_output_bytes:5
total_net_repl_input_bytes:0
total_net_repl_output_bytes:0
instantaneous_input_kbps:0.00
instantaneous_output_kbps:0.00
instantaneous_input_repl_kbps:0.00
instantaneous_output_repl_kbps:0.00
rejected_connections:0
sync_full:0
sync_partial_ok:0
sync_partial_err:0
expired_keys:0
expired_stale_perc:0.00
expired_time_cap_reached_count:0
expire_cycle_cpu_milliseconds:0
evicted_keys:0
evicted_clients:0
total_eviction_exceeded_time:0
current_eviction_exceeded_time:0
keyspace_hits:0
keyspace_misses:0
pubsub_channels:0
pubsub_patterns:0
pubsubshard_channels:0
latest_fork_usec:0
total_forks:0
migrate_cached_sockets:0
slave_expires_tracked_keys:0
active_defrag_hits:0
active_defrag_misses:0
active_defrag_key_hits:0
active_defrag_key_misses:0
total_active_defrag_time:0
current_active_defrag_time:0
tracking_total_keys:0
tracking_total_items:0
tracking_total_prefixes:0
unexpected_error_replies:0
total_error_replies:0
dump_payload_sanitizations:0
total_reads_processed:1
total_writes_processed:1
io_threaded_reads_processed:0
io_threaded_writes_processed:0
reply_buffer_shrinks:0
reply_buffer_expands:0
acl_access_denied_auth:0
acl_access_denied_cmd:0
acl_access_denied_key:0
acl_access_denied_channel:0

# Replication
role:master
connected_slaves:0
master_failover_state:no-failover
master_replid:f7662d9eb3024cd747c12ea4e58421909a1f8db5
master_replid2:0000000000000000000000000000000000000000
master_repl_offset:0
second_repl_offset:-1
repl_backlog_active:0
repl_backlog_size:1048576
repl_backlog_first_byte_offset:0
repl_backlog_histlen:0

# CPU
used_cpu_sys:0.006452
used_cpu_user:0.009679
used_cpu_sys_children:0.000000
used_cpu_user_children:0.000000
used_cpu_sys_main_thread:0.006311
used_cpu_user_main_thread:0.009467

# Modules
module:name=raft,ver=1,api=1,filters=1,usedby=[],using=[],options=[]

# Commandstats
cmdstat_config|set:calls=1,usec=5,usec_per_call=5.00,rejected_calls=0,failed_calls=0
cmdstat_config|get:calls=3,usec=3,usec_per_call=1.00,rejected_calls=0,failed_calls=0
cmdstat_auth:calls=1,usec=1,usec_per_call=1.00,rejected_calls=0,failed_calls=0
cmdstat_command:calls=2,usec=1395,usec_per_call=697.50,rejected_calls=0,failed_calls=0

# Errorstats

# Latencystats
latency_percentiles_usec_config|set:p50=5.023,p99=5.023,p99.9=5.023
latency_percentiles_usec_config|get:p50=1.003,p99=1.003,p99.9=1.003
latency_percentiles_usec_auth:p50=1.003,p99=1.003,p99.9=1.003
latency_percentiles_usec_command:p50=634.879,p99=765.951,p99.9=765.951

# Cluster
cluster_enabled:0

# Keyspace

------ CLIENT LIST OUTPUT ------
id=8 addr=127.0.0.1:59848 laddr=127.0.0.1:5013 fd=11 name= age=0 idle=0 flags=N db=0 sub=0 psub=0 ssub=0 multi=-1 qbuf=0 qbuf-free=20474 argv-mem=0 multi-mem=0 rbs=16384 rbp=16384 obl=0 oll=0 omem=0 tot-mem=37760 events=r cmd=auth user=default redir=-1 resp=2 lib-name= lib-ver=

------ MODULES INFO OUTPUT ------
# raft_version
raft_version:255.255.255
raft_git_sha1:b779b199

# raft_general
raft_dbid:efc452cbc9d76c0321e988fff18db24a
raft_node_id:3
raft_state:up
raft_role:follower
raft_is_voting:no
raft_voted_for:-1
raft_leader_id:-1
raft_current_term:0
raft_num_nodes:1
raft_num_voting_nodes:0

# raft_log
raft_log_entries:0
raft_current_index:0
raft_commit_index:0
raft_last_applied_index:0
raft_file_size:101
raft_cache_memory_size:0
raft_cache_entries:0
raft_client_attached_entries:0
raft_fsync_count:0
raft_fsync_max_microseconds:0
raft_fsync_avg_microseconds:0

# raft_snapshot
raft_snapshot_filename:redis3.rdb
raft_snapshot_last_idx:0
raft_snapshot_last_term:0
raft_snapshot_size:0
raft_snapshot_time_secs:-1
raft_snapshots_created:0
raft_snapshots_received:0
raft_snapshot_in_progress:no
raft_snapshot_in_progress_last_idx:-1
raft_snapshot_in_progress_last_term:-1

# raft_clients
raft_proxy_reqs:0
raft_proxy_failed_reqs:0
raft_proxy_failed_responses:0
raft_proxy_outstanding_reqs:0

# raft_stats
raft_appendreq_received:0
raft_appendreq_with_entry_received:0
raft_snapshotreq_received:0
raft_exec_throttled:0
raft_num_sessions:0

------ CONFIG DEBUG OUTPUT ------
slave-read-only yes
activedefrag no
proto-max-bulk-len 512mb
io-threads 1
lazyfree-lazy-eviction no
client-query-buffer-limit 1gb
repl-diskless-load disabled
list-compress-depth 0
lazyfree-lazy-expire no
sanitize-dump-payload no
replica-read-only yes
lazyfree-lazy-user-del no
repl-diskless-sync yes
lazyfree-lazy-server-del no
lazyfree-lazy-user-flush no
io-threads-do-reads no

------ FAST MEMORY TEST ------
979750:M 04 Jan 2024 12:25:20.103 # Bio worker thread #0 terminated
979750:M 04 Jan 2024 12:25:20.103 # Bio worker thread #1 terminated
979750:M 04 Jan 2024 12:25:20.103 # Bio worker thread #2 terminated
*** Preparing to test memory region 56387ff30000 (2273280 bytes)
*** Preparing to test memory region 5638809c4000 (405504 bytes)
*** Preparing to test memory region 7ff75dfff000 (8388608 bytes)
*** Preparing to test memory region 7ff75e800000 (8388608 bytes)
*** Preparing to test memory region 7ff75f000000 (6291456 bytes)
*** Preparing to test memory region 7ff75f7f8000 (8388608 bytes)
*** Preparing to test memory region 7ff75fff9000 (8388608 bytes)
*** Preparing to test memory region 7ff7607fa000 (8388608 bytes)
*** Preparing to test memory region 7ff760ffb000 (8388608 bytes)
*** Preparing to test memory region 7ff7617fc000 (8388608 bytes)
*** Preparing to test memory region 7ff761ffd000 (8388608 bytes)
*** Preparing to test memory region 7ff7627fe000 (8388608 bytes)
*** Preparing to test memory region 7ff762fff000 (8388608 bytes)
*** Preparing to test memory region 7ff763800000 (8388608 bytes)
*** Preparing to test memory region 7ff764000000 (135168 bytes)
*** Preparing to test memory region 7ff768521000 (8388608 bytes)
*** Preparing to test memory region 7ff768d21000 (2621440 bytes)
*** Preparing to test memory region 7ff768fb0000 (8192 bytes)
*** Preparing to test memory region 7ff76967f000 (12288 bytes)
*** Preparing to test memory region 7ff769c18000 (16384 bytes)
*** Preparing to test memory region 7ff769ccd000 (8192 bytes)
*** Preparing to test memory region 7ff76a600000 (8388608 bytes)
*** Preparing to test memory region 7ff76ae60000 (4096 bytes)
*** Preparing to test memory region 7ff76af30000 (12288 bytes)
*** Preparing to test memory region 7ff76afb5000 (45056 bytes)
*** Preparing to test memory region 7ff76b194000 (53248 bytes)
*** Preparing to test memory region 7ff76b2b1000 (8192 bytes)
.O.O.O.O.O.O.O.E.E.E.E.E.E.E.E.E.E.E.E.E.E.E.E.E.E.E.E
!!! MEMORY ERROR DETECTED! Check your memory ASAP !!!

------ DUMPING CODE AROUND EIP ------
Symbol: (null) (base: (nil))
Module: /lib/x86_64-linux-gnu/libc.so.6 (base 0x7ff76afc0000)
$ xxd -r -p /tmp/dump.hex /tmp/dump.bin
$ objdump --adjust-vma=(nil) -D -b binary -m i386:x86-64 /tmp/dump.bin
------

=== REDIS BUG REPORT END. Make sure to include from START to END. ===

       Please report the crash by opening an issue on github:

           http://github.com/redis/redis/issues

  If a Redis module was involved, please open in the module's repo instead.

  Suspect RAM error? Use redis-server --test-memory to verify it.

  Some other issues could be detected by redis-server --check-system

----- Stderr -----
libgcov profiling error:/home/snagendra/Fuzzing/redisraft-fuzzing/build/deps/raft/CMakeFiles/raft.dir/src/raft_server.c.gcda:Merge mismatch for function 29
redis-server: /home/snagendra/Fuzzing/redisraft-fuzzing/deps/raft/src/raft_server.c:1702: raft_get_first_entry_idx: Assertion `0 < raft_get_current_idx(me)' failed.
libgcov profiling error:/home/snagendra/Fuzzing/redisraft-fuzzing/build/deps/raft/CMakeFiles/raft.dir/src/raft_server.c.gcda:Merge mismatch for function 29
redis-server: /home/snagendra/Fuzzing/redisraft-fuzzing/deps/raft/src/raft_server.c:1702: raft_get_first_entry_idx: Assertion `0 < raft_get_current_idx(me)' failed.



