logs for node: 2

----- Stdout -----
3304054:C 04 Jan 2024 16:26:11.077 # WARNING Memory overcommit must be enabled! Without it, a background save or replication may fail under low memory condition. Being disabled, it can also cause failures without low memory condition, see https://github.com/jemalloc/jemalloc/issues/1328. To fix this issue add 'vm.overcommit_memory = 1' to /etc/sysctl.conf and then reboot or run the command 'sysctl vm.overcommit_memory=1' for this to take effect.
3304054:C 04 Jan 2024 16:26:11.077 * oO0OoO0OoO0Oo Redis is starting oO0OoO0OoO0Oo
3304054:C 04 Jan 2024 16:26:11.077 * Redis version=255.255.255, bits=64, commit=e04ebdb8, modified=1, pid=3304054, just started
3304054:C 04 Jan 2024 16:26:11.077 * Configuration loaded
3304054:M 04 Jan 2024 16:26:11.077 * monotonic clock: POSIX clock_gettime
3304054:M 04 Jan 2024 16:26:11.078 * Running mode=standalone, port=5082.
3304054:M 04 Jan 2024 16:26:11.085 * <raft> RedisRaft version 255.255.255 [b779b199]
3304054:M 04 Jan 2024 16:26:11.090 * <raft> Initializing test network
3304054:M 04 Jan 2024 16:26:11.091 * <raft> Created test network client
3304054:M 04 Jan 2024 16:26:11.091 * <raft> Raft module loaded, state is 'uninitialized'
3304054:M 04 Jan 2024 16:26:11.091 * Module 'raft' loaded from /home/snagendra/Fuzzing/redisraft-fuzzing/redisraft.so
3304054:M 04 Jan 2024 16:26:11.092 * Server initialized
3304054:M 04 Jan 2024 16:26:11.093 . The AOF directory appendonlydir doesn't exist
3304054:M 04 Jan 2024 16:26:11.093 * Ready to accept connections tcp
3304054:M 04 Jan 2024 16:26:11.093 . 0 clients connected (0 replicas), 1726192 bytes in use
3304054:M 04 Jan 2024 16:26:11.123 - Accepted 127.0.0.1:53472
3304054:M 04 Jan 2024 16:26:11.123 # Missing implement of connection type tls
3304054:M 04 Jan 2024 16:26:11.192 - <raft> join cluster, connecting to localhost:5081
3304054:M 04 Jan 2024 16:26:11.194 * <raft> Joined Raft cluster, node id: 2, dbid: e70310428142cf3aea6436ddce86ae8d
3304054:M 04 Jan 2024 16:26:11.200 * <raft> Cluster Membership: term:0 index:0 nodes: id=2,voting=0,active=1,addr=-
3304054:M 04 Jan 2024 16:26:11.200 * <raft> Test network starting message polling thread
3304054:M 04 Jan 2024 16:26:11.258 - Accepted 127.0.0.1:53480
3304054:M 04 Jan 2024 16:26:11.335 * <raft> Cluster Membership: term:1 index:2 nodes: id=2,voting=0,active=1,addr=- id=1,voting=1,active=1,addr=localhost:5081
3304054:M 04 Jan 2024 16:26:11.521 - Accepted 127.0.0.1:53484
3304054:M 04 Jan 2024 16:26:11.595 * <raft> State change: Election starting, node is now a pre-candidate, term 1
3304054:M 04 Jan 2024 16:26:11.595 * <raft> Cluster Membership: term:1 index:3 nodes: id=2,voting=0,active=1,addr=- id=1,voting=1,active=1,addr=localhost:5081
3304054:M 04 Jan 2024 16:26:11.636 * <raft> State change: Node is now a follower, term 1
3304054:M 04 Jan 2024 16:26:11.636 * <raft> Cluster Membership: term:1 index:3 nodes: id=2,voting=0,active=1,addr=- id=1,voting=1,active=1,addr=localhost:5081
3304054:M 04 Jan 2024 16:26:11.637 * <raft> Cluster Membership: term:1 index:4 nodes: id=2,voting=0,active=1,addr=- id=1,voting=1,active=1,addr=localhost:5081 id=3,voting=0,active=1,addr=localhost:5083
3304054:signal-handler (1704381971) Received SIGINT scheduling shutdown...
3304054:signal-handler (1704381971) You insist... exiting now.
3304446:C 04 Jan 2024 16:26:12.214 # WARNING Memory overcommit must be enabled! Without it, a background save or replication may fail under low memory condition. Being disabled, it can also cause failures without low memory condition, see https://github.com/jemalloc/jemalloc/issues/1328. To fix this issue add 'vm.overcommit_memory = 1' to /etc/sysctl.conf and then reboot or run the command 'sysctl vm.overcommit_memory=1' for this to take effect.
3304446:C 04 Jan 2024 16:26:12.214 * oO0OoO0OoO0Oo Redis is starting oO0OoO0OoO0Oo
3304446:C 04 Jan 2024 16:26:12.214 * Redis version=255.255.255, bits=64, commit=e04ebdb8, modified=1, pid=3304446, just started
3304446:C 04 Jan 2024 16:26:12.214 * Configuration loaded
3304446:M 04 Jan 2024 16:26:12.214 * monotonic clock: POSIX clock_gettime
3304446:M 04 Jan 2024 16:26:12.215 * Running mode=standalone, port=5082.
3304446:M 04 Jan 2024 16:26:12.221 * <raft> RedisRaft version 255.255.255 [b779b199]
3304446:M 04 Jan 2024 16:26:12.225 * <raft> Initializing test network
3304446:M 04 Jan 2024 16:26:12.226 * <raft> Created test network client
3304446:M 04 Jan 2024 16:26:12.229 * <raft> Raft module loaded, state is 'loading'
3304446:M 04 Jan 2024 16:26:12.229 * Module 'raft' loaded from /home/snagendra/Fuzzing/redisraft-fuzzing/redisraft.so
3304446:M 04 Jan 2024 16:26:12.229 * Server initialized
3304446:M 04 Jan 2024 16:26:12.229 . The AOF directory appendonlydir doesn't exist
3304446:M 04 Jan 2024 16:26:12.229 * Ready to accept connections tcp
3304446:M 04 Jan 2024 16:26:12.229 . 0 clients connected (0 replicas), 1746720 bytes in use
3304446:M 04 Jan 2024 16:26:12.267 - Accepted 127.0.0.1:53512
3304446:M 04 Jan 2024 16:26:12.267 # Missing implement of connection type tls
3304446:M 04 Jan 2024 16:26:12.329 * <raft> Loading: Redis loading complete, snapshot NOT LOADED
3304446:M 04 Jan 2024 16:26:12.329 * <raft> Cluster Membership: term:0 index:0 nodes: id=2,voting=0,active=1,addr=-
3304446:M 04 Jan 2024 16:26:12.330 * <raft> Test network starting message polling thread
3304446:M 04 Jan 2024 16:26:12.330 * <raft> Cluster Membership: term:0 index:4 nodes: id=2,voting=0,active=1,addr=- id=1,voting=1,active=1,addr=localhost:5081
3304446:M 04 Jan 2024 16:26:12.330 * <raft> Cluster Membership: term:0 index:4 nodes: id=2,voting=0,active=1,addr=- id=1,voting=1,active=1,addr=localhost:5081 id=3,voting=0,active=1,addr=localhost:5083
3304446:M 04 Jan 2024 16:26:12.330 * <raft> Raft state after loading log: log_count=4, first_idx=1, current_idx=4, last_applied_idx=0
3304446:M 04 Jan 2024 16:26:12.330 . <raft> Raft term=1, vote=-1
3304446:signal-handler (1704381972) Received SIGINT scheduling shutdown...
3305362:C 04 Jan 2024 16:26:13.991 # WARNING Memory overcommit must be enabled! Without it, a background save or replication may fail under low memory condition. Being disabled, it can also cause failures without low memory condition, see https://github.com/jemalloc/jemalloc/issues/1328. To fix this issue add 'vm.overcommit_memory = 1' to /etc/sysctl.conf and then reboot or run the command 'sysctl vm.overcommit_memory=1' for this to take effect.
3305362:C 04 Jan 2024 16:26:13.991 * oO0OoO0OoO0Oo Redis is starting oO0OoO0OoO0Oo
3305362:C 04 Jan 2024 16:26:13.991 * Redis version=255.255.255, bits=64, commit=e04ebdb8, modified=1, pid=3305362, just started
3305362:C 04 Jan 2024 16:26:13.991 * Configuration loaded
3305362:M 04 Jan 2024 16:26:13.992 * monotonic clock: POSIX clock_gettime
3305362:M 04 Jan 2024 16:26:13.992 * Running mode=standalone, port=5082.
3305362:M 04 Jan 2024 16:26:13.999 * <raft> RedisRaft version 255.255.255 [b779b199]
3305362:M 04 Jan 2024 16:26:14.004 * <raft> Initializing test network
3305362:M 04 Jan 2024 16:26:14.004 * <raft> Created test network client
3305362:M 04 Jan 2024 16:26:14.008 * <raft> Raft module loaded, state is 'loading'
3305362:M 04 Jan 2024 16:26:14.008 * Module 'raft' loaded from /home/snagendra/Fuzzing/redisraft-fuzzing/redisraft.so
3305362:M 04 Jan 2024 16:26:14.009 * Server initialized
3305362:M 04 Jan 2024 16:26:14.009 . The AOF directory appendonlydir doesn't exist
3305362:M 04 Jan 2024 16:26:14.009 * Ready to accept connections tcp
3305362:M 04 Jan 2024 16:26:14.009 . 0 clients connected (0 replicas), 1746688 bytes in use
3305362:M 04 Jan 2024 16:26:14.080 - Accepted 127.0.0.1:41340
3305362:M 04 Jan 2024 16:26:14.080 # Missing implement of connection type tls
3305362:M 04 Jan 2024 16:26:14.108 * <raft> Loading: Redis loading complete, snapshot NOT LOADED
3305362:M 04 Jan 2024 16:26:14.109 * <raft> Cluster Membership: term:0 index:0 nodes: id=2,voting=0,active=1,addr=-
3305362:M 04 Jan 2024 16:26:14.109 * <raft> Test network starting message polling thread
3305362:M 04 Jan 2024 16:26:14.109 * <raft> Cluster Membership: term:0 index:4 nodes: id=2,voting=0,active=1,addr=- id=1,voting=1,active=1,addr=localhost:5081
3305362:M 04 Jan 2024 16:26:14.109 * <raft> Cluster Membership: term:0 index:4 nodes: id=2,voting=0,active=1,addr=- id=1,voting=1,active=1,addr=localhost:5081 id=3,voting=0,active=1,addr=localhost:5083
3305362:M 04 Jan 2024 16:26:14.109 * <raft> Raft state after loading log: log_count=4, first_idx=1, current_idx=4, last_applied_idx=0
3305362:M 04 Jan 2024 16:26:14.109 . <raft> Raft term=1, vote=-1
3305362:M 04 Jan 2024 16:26:14.170 - Accepted 127.0.0.1:41350
3305362:M 04 Jan 2024 16:26:14.222 - Client closed connection id=9 addr=127.0.0.1:41350 laddr=127.0.0.1:5082 fd=14 name= age=0 idle=0 flags=N db=0 sub=0 psub=0 ssub=0 multi=-1 qbuf=0 qbuf-free=20474 argv-mem=0 multi-mem=0 rbs=16384 rbp=0 obl=0 oll=0 omem=0 tot-mem=37760 events=r cmd=auth user=default redir=-1 resp=2 lib-name= lib-ver=
3305362:M 04 Jan 2024 16:26:14.409 * <raft> State change: Election starting, node is now a pre-candidate, term 1
3305362:M 04 Jan 2024 16:26:14.409 * <raft> Cluster Membership: term:1 index:4 nodes: id=2,voting=0,active=1,addr=- id=1,voting=1,active=1,addr=localhost:5081 id=3,voting=0,active=1,addr=localhost:5083
3305362:M 04 Jan 2024 16:26:14.422 - Client closed connection id=8 addr=127.0.0.1:41340 laddr=127.0.0.1:5082 fd=11 name= age=0 idle=0 flags=N db=0 sub=0 psub=0 ssub=0 multi=-1 qbuf=0 qbuf-free=20474 argv-mem=0 multi-mem=0 rbs=1024 rbp=0 obl=0 oll=0 omem=0 tot-mem=22400 events=r cmd=auth user=default redir=-1 resp=2 lib-name= lib-ver=
3305362:M 04 Jan 2024 16:26:14.484 * <raft> State change: Node is now a follower, term 1
3305362:M 04 Jan 2024 16:26:14.484 * <raft> Cluster Membership: term:1 index:4 nodes: id=2,voting=0,active=1,addr=- id=1,voting=1,active=1,addr=localhost:5081 id=3,voting=0,active=1,addr=localhost:5083
3305362:M 04 Jan 2024 16:26:14.527 - Accepted 127.0.0.1:41362
3305362:signal-handler (1704381974) Received SIGINT scheduling shutdown...
3305362:M 04 Jan 2024 16:26:14.613 * User requested shutdown...
3305362:M 04 Jan 2024 16:26:14.613 # Redis is now ready to exit, bye bye...

----- Stderr -----
libgcov profiling error:/home/snagendra/Fuzzing/redisraft-fuzzing/build/deps/raft/CMakeFiles/raft.dir/src/raft_server.c.gcda:Merge mismatch for function 12
libgcov profiling error:/home/snagendra/Fuzzing/redisraft-fuzzing/build/deps/raft/CMakeFiles/raft.dir/src/raft_server.c.gcda:Merge mismatch for function 12




logs for node: 3

----- Stdout -----
3304089:C 04 Jan 2024 16:26:11.203 # WARNING Memory overcommit must be enabled! Without it, a background save or replication may fail under low memory condition. Being disabled, it can also cause failures without low memory condition, see https://github.com/jemalloc/jemalloc/issues/1328. To fix this issue add 'vm.overcommit_memory = 1' to /etc/sysctl.conf and then reboot or run the command 'sysctl vm.overcommit_memory=1' for this to take effect.
3304089:C 04 Jan 2024 16:26:11.203 * oO0OoO0OoO0Oo Redis is starting oO0OoO0OoO0Oo
3304089:C 04 Jan 2024 16:26:11.203 * Redis version=255.255.255, bits=64, commit=e04ebdb8, modified=1, pid=3304089, just started
3304089:C 04 Jan 2024 16:26:11.203 * Configuration loaded
3304089:M 04 Jan 2024 16:26:11.203 * monotonic clock: POSIX clock_gettime
3304089:M 04 Jan 2024 16:26:11.204 * Running mode=standalone, port=5083.
3304089:M 04 Jan 2024 16:26:11.212 * <raft> RedisRaft version 255.255.255 [b779b199]
3304089:M 04 Jan 2024 16:26:11.217 * <raft> Initializing test network
3304089:M 04 Jan 2024 16:26:11.218 * <raft> Created test network client
3304089:M 04 Jan 2024 16:26:11.218 * <raft> Raft module loaded, state is 'uninitialized'
3304089:M 04 Jan 2024 16:26:11.218 * Module 'raft' loaded from /home/snagendra/Fuzzing/redisraft-fuzzing/redisraft.so
3304089:M 04 Jan 2024 16:26:11.219 * Server initialized
3304089:M 04 Jan 2024 16:26:11.219 . The AOF directory appendonlydir doesn't exist
3304089:M 04 Jan 2024 16:26:11.220 * Ready to accept connections tcp
3304089:M 04 Jan 2024 16:26:11.220 - Accepted 127.0.0.1:60552
3304089:M 04 Jan 2024 16:26:11.220 # Missing implement of connection type tls
3304089:M 04 Jan 2024 16:26:11.220 . 1 clients connected (0 replicas), 1744024 bytes in use
3304089:M 04 Jan 2024 16:26:11.319 - <raft> join cluster, connecting to localhost:5081
3304089:M 04 Jan 2024 16:26:11.321 * <raft> Joined Raft cluster, node id: 3, dbid: e70310428142cf3aea6436ddce86ae8d
3304089:M 04 Jan 2024 16:26:11.328 * <raft> Cluster Membership: term:0 index:0 nodes: id=3,voting=0,active=1,addr=-
3304089:M 04 Jan 2024 16:26:11.328 * <raft> Test network starting message polling thread
3304089:M 04 Jan 2024 16:26:11.359 - Accepted 127.0.0.1:60560
3304089:M 04 Jan 2024 16:26:11.457 * <raft> Cluster Membership: term:1 index:2 nodes: id=3,voting=0,active=1,addr=- id=1,voting=1,active=1,addr=localhost:5081
3304089:M 04 Jan 2024 16:26:11.458 * <raft> Cluster Membership: term:1 index:3 nodes: id=3,voting=0,active=1,addr=- id=1,voting=1,active=1,addr=localhost:5081 id=2,voting=0,active=1,addr=localhost:5082
3304089:M 04 Jan 2024 16:26:11.696 - Accepted 127.0.0.1:60566
3304089:M 04 Jan 2024 16:26:11.721 * <raft> State change: Election starting, node is now a pre-candidate, term 1
3304089:M 04 Jan 2024 16:26:11.721 * <raft> Cluster Membership: term:1 index:4 nodes: id=3,voting=0,active=1,addr=- id=1,voting=1,active=1,addr=localhost:5081 id=2,voting=0,active=1,addr=localhost:5082
3304089:M 04 Jan 2024 16:26:11.923 - Client closed connection id=10 addr=127.0.0.1:60566 laddr=127.0.0.1:5083 fd=15 name= age=0 idle=0 flags=N db=0 sub=0 psub=0 ssub=0 multi=-1 qbuf=0 qbuf-free=20474 argv-mem=0 multi-mem=0 rbs=1024 rbp=0 obl=0 oll=0 omem=0 tot-mem=22400 events=r cmd=auth user=default redir=-1 resp=2 lib-name= lib-ver=
3304089:signal-handler (1704381972) Received SIGINT scheduling shutdown...
3304089:signal-handler (1704381972) You insist... exiting now.
3305392:C 04 Jan 2024 16:26:14.053 # WARNING Memory overcommit must be enabled! Without it, a background save or replication may fail under low memory condition. Being disabled, it can also cause failures without low memory condition, see https://github.com/jemalloc/jemalloc/issues/1328. To fix this issue add 'vm.overcommit_memory = 1' to /etc/sysctl.conf and then reboot or run the command 'sysctl vm.overcommit_memory=1' for this to take effect.
3305392:C 04 Jan 2024 16:26:14.053 * oO0OoO0OoO0Oo Redis is starting oO0OoO0OoO0Oo
3305392:C 04 Jan 2024 16:26:14.053 * Redis version=255.255.255, bits=64, commit=e04ebdb8, modified=1, pid=3305392, just started
3305392:C 04 Jan 2024 16:26:14.053 * Configuration loaded
3305392:M 04 Jan 2024 16:26:14.053 * monotonic clock: POSIX clock_gettime
3305392:M 04 Jan 2024 16:26:14.054 * Running mode=standalone, port=5083.
3305392:M 04 Jan 2024 16:26:14.060 * <raft> RedisRaft version 255.255.255 [b779b199]
3305392:M 04 Jan 2024 16:26:14.064 * <raft> Initializing test network
3305392:M 04 Jan 2024 16:26:14.065 * <raft> Created test network client
3305392:M 04 Jan 2024 16:26:14.068 * <raft> Raft module loaded, state is 'loading'
3305392:M 04 Jan 2024 16:26:14.068 * Module 'raft' loaded from /home/snagendra/Fuzzing/redisraft-fuzzing/redisraft.so
3305392:M 04 Jan 2024 16:26:14.069 * Server initialized
3305392:M 04 Jan 2024 16:26:14.069 . The AOF directory appendonlydir doesn't exist
3305392:M 04 Jan 2024 16:26:14.069 * Ready to accept connections tcp
3305392:M 04 Jan 2024 16:26:14.069 . 0 clients connected (0 replicas), 1746816 bytes in use
3305392:M 04 Jan 2024 16:26:14.080 - Accepted 127.0.0.1:57822
3305392:M 04 Jan 2024 16:26:14.080 # Missing implement of connection type tls
3305392:M 04 Jan 2024 16:26:14.110 - Accepted 127.0.0.1:57828
3305392:M 04 Jan 2024 16:26:14.168 * <raft> Loading: Redis loading complete, snapshot NOT LOADED
3305392:M 04 Jan 2024 16:26:14.169 * <raft> Cluster Membership: term:0 index:0 nodes: id=3,voting=0,active=1,addr=-
3305392:M 04 Jan 2024 16:26:14.169 * <raft> Test network starting message polling thread
3305392:M 04 Jan 2024 16:26:14.169 * <raft> Cluster Membership: term:0 index:4 nodes: id=3,voting=0,active=1,addr=- id=1,voting=1,active=1,addr=localhost:5081
3305392:M 04 Jan 2024 16:26:14.170 * <raft> Cluster Membership: term:0 index:4 nodes: id=3,voting=0,active=1,addr=- id=1,voting=1,active=1,addr=localhost:5081 id=2,voting=0,active=1,addr=localhost:5082
3305392:M 04 Jan 2024 16:26:14.170 * <raft> Raft state after loading log: log_count=4, first_idx=1, current_idx=4, last_applied_idx=0
3305392:M 04 Jan 2024 16:26:14.170 . <raft> Raft term=1, vote=-1
3305392:signal-handler (1704381974) Received SIGINT scheduling shutdown...
3305392:signal-handler (1704381974) You insist... exiting now.


=== REDIS BUG REPORT START: Cut & paste starting from here ===
3305392:M 04 Jan 2024 16:26:14.175 # Redis 255.255.255 crashed by signal: 11, si_code: 1
3305392:M 04 Jan 2024 16:26:14.175 # Accessing address: 0x18
3305392:M 04 Jan 2024 16:26:14.175 # Crashed running the instruction at: 0x7f91bc3a20b0

------ STACK TRACE ------
EIP:
/lib/x86_64-linux-gnu/libc.so.6(__pthread_rwlock_wrlock+0x0)[0x7f91bc3a20b0]

Backtrace:
/lib/x86_64-linux-gnu/libc.so.6(+0x3bfd0)[0x7f91bc34efd0]
/lib/x86_64-linux-gnu/libc.so.6(__pthread_rwlock_wrlock+0x0)[0x7f91bc3a20b0]
/lib/x86_64-linux-gnu/libcrypto.so.3(CRYPTO_THREAD_write_lock+0x9)[0x7f91ba63df49]
/lib/x86_64-linux-gnu/libcrypto.so.3(ENGINE_get_first+0x3a)[0x7f91ba5e408a]
/lib/x86_64-linux-gnu/libcrypto.so.3(ENGINE_register_all_complete+0x6)[0x7f91ba5e3486]
/lib/x86_64-linux-gnu/libssh2.so.1(libssh2_init+0x39)[0x7f91bb0f2389]
/lib/x86_64-linux-gnu/libcurl-gnutls.so.4(+0x8146b)[0x7f91bb1d646b]
/lib/x86_64-linux-gnu/libcurl-gnutls.so.4(+0x22125)[0x7f91bb177125]
/lib/x86_64-linux-gnu/libcurl-gnutls.so.4(curl_global_init+0x3a)[0x7f91bb17722a]
/home/snagendra/Fuzzing/redisraft-fuzzing/redisraft.so(redis_test_http_do+0x2c)[0x7f91bc2d286c]
/home/snagendra/Fuzzing/redisraft-fuzzing/redisraft.so(redis_test_http_post+0x26)[0x7f91bc2d2a86]
/home/snagendra/Fuzzing/redisraft-fuzzing/redisraft.so(redis_test_send_message+0x9d)[0x7f91bc2d1efd]
/home/snagendra/Fuzzing/redisraft-fuzzing/redisraft.so(testNetworkSendAppendEntriesResponse+0x6a)[0x7f91bc2bb22a]
/home/snagendra/Fuzzing/redisraft-fuzzing/redisraft.so(handleTestNetworkMessage+0x130)[0x7f91bc2bb4a0]
/home/snagendra/Fuzzing/redisraft-fuzzing/redisraft.so(poll_redis_test_messages+0x89)[0x7f91bc2bb5c9]
/lib/x86_64-linux-gnu/libc.so.6(+0x89044)[0x7f91bc39c044]
/lib/x86_64-linux-gnu/libc.so.6(+0x10961c)[0x7f91bc41c61c]

------ REGISTERS ------
3305392:M 04 Jan 2024 16:26:14.176 # 
RAX:0000000000000001 RBX:00007f91a4003930
RCX:0000000000000000 RDX:0000000000000000
RDI:0000000000000000 RSI:0000000000000000
RBP:00007f91ba87e638 RSP:00007f91aeffb228
R8 :0000000000000000 R9 :0000000000000000
R10:0000000000000000 R11:0000000000000000
R12:00007f91aeffb320 R13:00007f91a40030c0
R14:00007f91bbe2a800 R15:00007f91ba100800
RIP:00007f91bc3a20b0 EFL:0000000000010206
CSGSFS:002b000000000033
3305392:M 04 Jan 2024 16:26:14.176 # (00007f91aeffb237) -> 00007f91a4003930
3305392:M 04 Jan 2024 16:26:14.176 # (00007f91aeffb236) -> 00007f91bb177125
3305392:M 04 Jan 2024 16:26:14.176 # (00007f91aeffb235) -> 00007f91ba100800
3305392:M 04 Jan 2024 16:26:14.176 # (00007f91aeffb234) -> 00007f91bb1d646b
3305392:M 04 Jan 2024 16:26:14.176 # (00007f91aeffb233) -> 00007f91a40030c0
3305392:M 04 Jan 2024 16:26:14.176 # (00007f91aeffb232) -> 00000000aeffb320
3305392:M 04 Jan 2024 16:26:14.176 # (00007f91aeffb231) -> 00007f91a400aba0
3305392:M 04 Jan 2024 16:26:14.176 # (00007f91aeffb230) -> 00007f91bb0f2389
3305392:M 04 Jan 2024 16:26:14.176 # (00007f91aeffb22f) -> 00007f91a4003930
3305392:M 04 Jan 2024 16:26:14.176 # (00007f91aeffb22e) -> 00007f91ba5e3486
3305392:M 04 Jan 2024 16:26:14.176 # (00007f91aeffb22d) -> 00007f91a400aba0
3305392:M 04 Jan 2024 16:26:14.176 # (00007f91aeffb22c) -> 00007f91a4003930
3305392:M 04 Jan 2024 16:26:14.176 # (00007f91aeffb22b) -> 00007f91aeffb320
3305392:M 04 Jan 2024 16:26:14.176 # (00007f91aeffb22a) -> 00007f91ba5e408a
3305392:M 04 Jan 2024 16:26:14.176 # (00007f91aeffb229) -> 00007f91a4003930
3305392:M 04 Jan 2024 16:26:14.176 # (00007f91aeffb228) -> 00007f91ba63df49

------ INFO OUTPUT ------
# Server
redis_version:255.255.255
redis_git_sha1:e04ebdb8
redis_git_dirty:1
redis_build_id:1f78dcc7b4fbdd25
redis_mode:standalone
os:Linux 6.1.60.1.amd64-smp x86_64
arch_bits:64
monotonic_clock:POSIX clock_gettime
multiplexing_api:epoll
atomicvar_api:c11-builtin
gcc_version:10.2.1
process_id:3305392
process_supervised:no
run_id:8066fafee94dcbf6dd8e5a6ad4d49ca3c4a52ecc
tcp_port:5083
server_time_usec:1704381974173634
uptime_in_seconds:0
uptime_in_days:0
hz:10
configured_hz:10
lru_clock:9883158
executable:/home/snagendra/Fuzzing/redis/src/redis-server
config_file:
io_threads_active:0
listener0:name=tcp,bind=0.0.0.0,port=5083

# Clients
connected_clients:2
cluster_connections:0
maxclients:10000
client_recent_max_input_buffer:20480
client_recent_max_output_buffer:0
blocked_clients:0
tracking_clients:0
clients_in_timeout_table:0
total_blocking_keys:0
total_blocking_keys_on_nokey:0

# Memory
used_memory:1857928
used_memory_human:1.77M
used_memory_rss:18063360
used_memory_rss_human:17.23M
used_memory_peak:1857928
used_memory_peak_human:1.77M
used_memory_peak_perc:100.13%
used_memory_overhead:1822376
used_memory_startup:1746672
used_memory_dataset:35552
used_memory_dataset_perc:31.96%
allocator_allocated:2149408
allocator_active:2732032
allocator_resident:10924032
total_system_memory:270388695040
total_system_memory_human:251.82G
used_memory_lua:31744
used_memory_vm_eval:31744
used_memory_lua_human:31.00K
used_memory_scripts_eval:0
number_of_cached_scripts:0
number_of_functions:0
number_of_libraries:0
used_memory_vm_functions:32768
used_memory_vm_total:64512
used_memory_vm_total_human:63.00K
used_memory_functions:184
used_memory_scripts:184
used_memory_scripts_human:184B
maxmemory:0
maxmemory_human:0B
maxmemory_policy:noeviction
allocator_frag_ratio:1.27
allocator_frag_bytes:582624
allocator_rss_ratio:4.00
allocator_rss_bytes:8192000
rss_overhead_ratio:1.65
rss_overhead_bytes:7139328
mem_fragmentation_ratio:9.74
mem_fragmentation_bytes:16207896
mem_not_counted_for_evict:0
mem_replication_backlog:0
mem_total_replication_buffers:0
mem_clients_slaves:0
mem_clients_normal:75520
mem_cluster_links:0
mem_aof_buffer:0
mem_allocator:jemalloc-5.3.0
active_defrag_running:0
lazyfree_pending_objects:0
lazyfreed_objects:0

# Persistence
loading:0
async_loading:0
current_cow_peak:0
current_cow_size:0
current_cow_size_age:0
current_fork_perc:0.00
current_save_keys_processed:0
current_save_keys_total:0
rdb_changes_since_last_save:0
rdb_bgsave_in_progress:0
rdb_last_save_time:1704381974
rdb_last_bgsave_status:ok
rdb_last_bgsave_time_sec:-1
rdb_current_bgsave_time_sec:-1
rdb_saves:0
rdb_last_cow_size:0
rdb_last_load_keys_expired:0
rdb_last_load_keys_loaded:0
aof_enabled:0
aof_rewrite_in_progress:0
aof_rewrite_scheduled:0
aof_last_rewrite_time_sec:-1
aof_current_rewrite_time_sec:-1
aof_last_bgrewrite_status:ok
aof_rewrites:0
aof_rewrites_consecutive_failures:0
aof_last_write_status:ok
aof_last_cow_size:0
module_fork_in_progress:0
module_fork_last_cow_size:0

# Stats
total_connections_received:2
total_commands_processed:8
instantaneous_ops_per_sec:26
total_net_input_bytes:66
total_net_output_bytes:10
total_net_repl_input_bytes:0
total_net_repl_output_bytes:0
instantaneous_input_kbps:0.04
instantaneous_output_kbps:0.01
instantaneous_input_repl_kbps:0.00
instantaneous_output_repl_kbps:0.00
rejected_connections:0
sync_full:0
sync_partial_ok:0
sync_partial_err:0
expired_keys:0
expired_stale_perc:0.00
expired_time_cap_reached_count:0
expire_cycle_cpu_milliseconds:0
evicted_keys:0
evicted_clients:0
total_eviction_exceeded_time:0
current_eviction_exceeded_time:0
keyspace_hits:0
keyspace_misses:0
pubsub_channels:0
pubsub_patterns:0
pubsubshard_channels:0
latest_fork_usec:0
total_forks:0
migrate_cached_sockets:0
slave_expires_tracked_keys:0
active_defrag_hits:0
active_defrag_misses:0
active_defrag_key_hits:0
active_defrag_key_misses:0
total_active_defrag_time:0
current_active_defrag_time:0
tracking_total_keys:0
tracking_total_items:0
tracking_total_prefixes:0
unexpected_error_replies:0
total_error_replies:0
dump_payload_sanitizations:0
total_reads_processed:2
total_writes_processed:2
io_threaded_reads_processed:0
io_threaded_writes_processed:0
reply_buffer_shrinks:0
reply_buffer_expands:0
acl_access_denied_auth:0
acl_access_denied_cmd:0
acl_access_denied_key:0
acl_access_denied_channel:0

# Replication
role:master
connected_slaves:0
master_failover_state:no-failover
master_replid:42756c994b44101101cbf922e53ba8cb2f078ec2
master_replid2:0000000000000000000000000000000000000000
master_repl_offset:0
second_repl_offset:-1
repl_backlog_active:0
repl_backlog_size:1048576
repl_backlog_first_byte_offset:0
repl_backlog_histlen:0

# CPU
used_cpu_sys:0.014829
used_cpu_user:0.004995
used_cpu_sys_children:0.000000
used_cpu_user_children:0.000000
used_cpu_sys_main_thread:0.000000
used_cpu_user_main_thread:0.001646

# Modules
module:name=raft,ver=1,api=1,filters=1,usedby=[],using=[],options=[]

# Commandstats
cmdstat_auth:calls=2,usec=1,usec_per_call=0.50,rejected_calls=0,failed_calls=0
cmdstat_config|get:calls=3,usec=5,usec_per_call=1.67,rejected_calls=0,failed_calls=0
cmdstat_config|set:calls=1,usec=9,usec_per_call=9.00,rejected_calls=0,failed_calls=0
cmdstat_command:calls=2,usec=1402,usec_per_call=701.00,rejected_calls=0,failed_calls=0

# Errorstats

# Latencystats
latency_percentiles_usec_auth:p50=0.001,p99=1.003,p99.9=1.003
latency_percentiles_usec_config|get:p50=2.007,p99=2.007,p99.9=2.007
latency_percentiles_usec_config|set:p50=9.023,p99=9.023,p99.9=9.023
latency_percentiles_usec_command:p50=675.839,p99=729.087,p99.9=729.087

# Cluster
cluster_enabled:0

# Keyspace

------ CLIENT LIST OUTPUT ------
id=8 addr=127.0.0.1:57822 laddr=127.0.0.1:5083 fd=11 name= age=0 idle=0 flags=N db=0 sub=0 psub=0 ssub=0 multi=-1 qbuf=0 qbuf-free=20474 argv-mem=0 multi-mem=0 rbs=16384 rbp=0 obl=0 oll=0 omem=0 tot-mem=37760 events=r cmd=auth user=default redir=-1 resp=2 lib-name= lib-ver=
id=9 addr=127.0.0.1:57828 laddr=127.0.0.1:5083 fd=12 name= age=0 idle=0 flags=N db=0 sub=0 psub=0 ssub=0 multi=-1 qbuf=0 qbuf-free=20474 argv-mem=0 multi-mem=0 rbs=16384 rbp=0 obl=0 oll=0 omem=0 tot-mem=37760 events=r cmd=auth user=default redir=-1 resp=2 lib-name= lib-ver=

------ MODULES INFO OUTPUT ------
# raft_version
raft_version:255.255.255
raft_git_sha1:b779b199

# raft_general
raft_dbid:e70310428142cf3aea6436ddce86ae8d
raft_node_id:3
raft_state:up
raft_role:follower
raft_is_voting:yes
raft_voted_for:-1
raft_leader_id:1
raft_current_term:1
raft_num_nodes:3
raft_num_voting_nodes:2
raft_node1:id=1,state=connected,voting=yes,addr=localhost,port=5081,last_conn_secs=0,conn_errors=0,conn_oks=1
raft_node2:id=2,state=connected,voting=no,addr=localhost,port=5082,last_conn_secs=0,conn_errors=0,conn_oks=1

# raft_log
raft_log_entries:6
raft_current_index:6
raft_commit_index:4
raft_last_applied_index:0
raft_file_size:1639
raft_cache_memory_size:411
raft_cache_entries:2
raft_client_attached_entries:0
raft_fsync_count:1
raft_fsync_max_microseconds:6
raft_entry1:term=1,id=0,data_len=0
raft_entry2:term=1,id=695184703,data_len=264
raft_entry3:term=1,id=1723200332,data_len=264
raft_entry4:term=1,id=1432180856,data_len=264
raft_entry5:term=1,id=1340585691,data_len=264
raft_fsync_avg_microseconds:6

# raft_snapshot
raft_snapshot_filename:redis3.rdb
raft_snapshot_last_idx:0
raft_snapshot_last_term:0
raft_snapshot_size:0
raft_snapshot_time_secs:-1
raft_snapshots_created:0
raft_snapshots_received:0
raft_snapshot_in_progress:no
raft_snapshot_in_progress_last_idx:-1
raft_snapshot_in_progress_last_term:-1

# raft_clients
raft_proxy_reqs:0
raft_proxy_failed_reqs:0
raft_proxy_failed_responses:0
raft_proxy_outstanding_reqs:0

# raft_stats
raft_appendreq_received:0
raft_appendreq_with_entry_received:0
raft_snapshotreq_received:0
raft_exec_throttled:0
raft_num_sessions:0

------ CONFIG DEBUG OUTPUT ------
repl-diskless-load disabled
proto-max-bulk-len 512mb
io-threads 1
sanitize-dump-payload no
lazyfree-lazy-expire no
lazyfree-lazy-user-flush no
replica-read-only yes
lazyfree-lazy-eviction no
io-threads-do-reads no
activedefrag no
lazyfree-lazy-server-del no
lazyfree-lazy-user-del no
client-query-buffer-limit 1gb
repl-diskless-sync yes
list-compress-depth 0
slave-read-only yes

------ FAST MEMORY TEST ------
3305392:M 04 Jan 2024 16:26:14.177 # main thread terminated
3305392:M 04 Jan 2024 16:26:14.177 # Bio worker thread #0 terminated
3305392:M 04 Jan 2024 16:26:14.177 # Bio worker thread #1 terminated
3305392:M 04 Jan 2024 16:26:14.177 # Bio worker thread #2 terminated

Fast memory test PASSED, however your memory can still be broken. Please run a memory test for several hours if possible.

------ DUMPING CODE AROUND EIP ------
Symbol: __pthread_rwlock_wrlock (base: 0x7f91bc3a20b0)
Module: /lib/x86_64-linux-gnu/libc.so.6 (base 0x7f91bc313000)
$ xxd -r -p /tmp/dump.hex /tmp/dump.bin
$ objdump --adjust-vma=0x7f91bc3a20b0 -D -b binary -m i386:x86-64 /tmp/dump.bin
------
3305392:M 04 Jan 2024 16:26:14.177 # dump of function (hexdump of 128 bytes):
8b5718648b0425d002000039c20f8485000000415741564155415455534889fb4883ec088b0789c189c283c902f00fb10b75f3488d6b0cb801000000f6c202755f89430cf6c201752889d089d183e001c1e90309c80f854501000089d189d083c901f00fb10b89c275dfc7430801000000648b0425d00200008943184531c948

=== REDIS BUG REPORT END. Make sure to include from START to END. ===

       Please report the crash by opening an issue on github:

           http://github.com/redis/redis/issues

  If a Redis module was involved, please open in the module's repo instead.

  Suspect RAM error? Use redis-server --test-memory to verify it.

  Some other issues could be detected by redis-server --check-system
3305521:C 04 Jan 2024 16:26:14.408 # WARNING Memory overcommit must be enabled! Without it, a background save or replication may fail under low memory condition. Being disabled, it can also cause failures without low memory condition, see https://github.com/jemalloc/jemalloc/issues/1328. To fix this issue add 'vm.overcommit_memory = 1' to /etc/sysctl.conf and then reboot or run the command 'sysctl vm.overcommit_memory=1' for this to take effect.
3305521:C 04 Jan 2024 16:26:14.408 * oO0OoO0OoO0Oo Redis is starting oO0OoO0OoO0Oo
3305521:C 04 Jan 2024 16:26:14.408 * Redis version=255.255.255, bits=64, commit=e04ebdb8, modified=1, pid=3305521, just started
3305521:C 04 Jan 2024 16:26:14.408 * Configuration loaded
3305521:M 04 Jan 2024 16:26:14.409 * monotonic clock: POSIX clock_gettime
3305521:M 04 Jan 2024 16:26:14.409 * Running mode=standalone, port=5083.
3305521:M 04 Jan 2024 16:26:14.416 * <raft> RedisRaft version 255.255.255 [b779b199]
3305521:M 04 Jan 2024 16:26:14.421 * <raft> Initializing test network
3305521:M 04 Jan 2024 16:26:14.422 * <raft> Created test network client
3305521:M 04 Jan 2024 16:26:14.425 * <raft> Raft module loaded, state is 'loading'
3305521:M 04 Jan 2024 16:26:14.425 * Module 'raft' loaded from /home/snagendra/Fuzzing/redisraft-fuzzing/redisraft.so
3305521:M 04 Jan 2024 16:26:14.426 * Server initialized
3305521:M 04 Jan 2024 16:26:14.426 . The AOF directory appendonlydir doesn't exist
3305521:M 04 Jan 2024 16:26:14.426 * Ready to accept connections tcp
3305521:M 04 Jan 2024 16:26:14.426 . 0 clients connected (0 replicas), 1746720 bytes in use
3305521:M 04 Jan 2024 16:26:14.512 - Accepted 127.0.0.1:57878
3305521:M 04 Jan 2024 16:26:14.512 # Missing implement of connection type tls
3305521:M 04 Jan 2024 16:26:14.526 * <raft> Loading: Redis loading complete, snapshot NOT LOADED
3305521:M 04 Jan 2024 16:26:14.526 * <raft> Cluster Membership: term:0 index:0 nodes: id=3,voting=0,active=1,addr=-
3305521:M 04 Jan 2024 16:26:14.526 * <raft> Test network starting message polling thread
3305521:M 04 Jan 2024 16:26:14.527 * <raft> Cluster Membership: term:0 index:6 nodes: id=3,voting=0,active=1,addr=- id=1,voting=1,active=1,addr=localhost:5081
3305521:M 04 Jan 2024 16:26:14.527 * <raft> Cluster Membership: term:0 index:6 nodes: id=3,voting=0,active=1,addr=- id=1,voting=1,active=1,addr=localhost:5081 id=2,voting=0,active=1,addr=localhost:5082
3305521:M 04 Jan 2024 16:26:14.527 * <raft> Raft state after loading log: log_count=6, first_idx=1, current_idx=6, last_applied_idx=0
3305521:M 04 Jan 2024 16:26:14.527 . <raft> Raft term=1, vote=-1
3305521:M 04 Jan 2024 16:26:14.629 - Client closed connection id=8 addr=127.0.0.1:57878 laddr=127.0.0.1:5083 fd=11 name= age=0 idle=0 flags=N db=0 sub=0 psub=0 ssub=0 multi=-1 qbuf=0 qbuf-free=20474 argv-mem=0 multi-mem=0 rbs=1024 rbp=0 obl=0 oll=0 omem=0 tot-mem=22400 events=r cmd=auth user=default redir=-1 resp=2 lib-name= lib-ver=
3305521:signal-handler (1704381974) Received SIGINT scheduling shutdown...
3305521:signal-handler (1704381974) You insist... exiting now.

----- Stderr -----
libgcov profiling error:/home/snagendra/Fuzzing/redisraft-fuzzing/build/deps/raft/CMakeFiles/raft.dir/src/raft_server.c.gcda:Merge mismatch for function 12
libgcov profiling error:/home/snagendra/Fuzzing/redisraft-fuzzing/build/deps/raft/CMakeFiles/raft.dir/src/raft_server.c.gcda:Merge mismatch for function 12




logs for node: 1

----- Stdout -----
3304034:C 04 Jan 2024 16:26:11.043 # WARNING Memory overcommit must be enabled! Without it, a background save or replication may fail under low memory condition. Being disabled, it can also cause failures without low memory condition, see https://github.com/jemalloc/jemalloc/issues/1328. To fix this issue add 'vm.overcommit_memory = 1' to /etc/sysctl.conf and then reboot or run the command 'sysctl vm.overcommit_memory=1' for this to take effect.
3304034:C 04 Jan 2024 16:26:11.043 * oO0OoO0OoO0Oo Redis is starting oO0OoO0OoO0Oo
3304034:C 04 Jan 2024 16:26:11.043 * Redis version=255.255.255, bits=64, commit=e04ebdb8, modified=1, pid=3304034, just started
3304034:C 04 Jan 2024 16:26:11.043 * Configuration loaded
3304034:M 04 Jan 2024 16:26:11.043 * monotonic clock: POSIX clock_gettime
3304034:M 04 Jan 2024 16:26:11.044 * Running mode=standalone, port=5081.
3304034:M 04 Jan 2024 16:26:11.050 * <raft> RedisRaft version 255.255.255 [b779b199]
3304034:M 04 Jan 2024 16:26:11.054 * <raft> Initializing test network
3304034:M 04 Jan 2024 16:26:11.055 * <raft> Created test network client
3304034:M 04 Jan 2024 16:26:11.056 * <raft> Raft module loaded, state is 'uninitialized'
3304034:M 04 Jan 2024 16:26:11.056 * Module 'raft' loaded from /home/snagendra/Fuzzing/redisraft-fuzzing/redisraft.so
3304034:M 04 Jan 2024 16:26:11.056 * Server initialized
3304034:M 04 Jan 2024 16:26:11.057 . The AOF directory appendonlydir doesn't exist
3304034:M 04 Jan 2024 16:26:11.057 * Ready to accept connections tcp
3304034:M 04 Jan 2024 16:26:11.058 . 0 clients connected (0 replicas), 1726224 bytes in use
3304034:M 04 Jan 2024 16:26:11.061 - Accepted 127.0.0.1:56878
3304034:M 04 Jan 2024 16:26:11.061 # Missing implement of connection type tls
3304034:M 04 Jan 2024 16:26:11.068 * <raft> Cluster Membership: term:0 index:0 nodes: id=1,voting=0,active=1,addr=-
3304034:M 04 Jan 2024 16:26:11.073 * <raft> State change: Node is now a leader, term 1
3304034:M 04 Jan 2024 16:26:11.074 * <raft> Cluster Membership: term:1 index:1 nodes: id=1,voting=0,active=1,addr=-
3304034:M 04 Jan 2024 16:26:11.074 * <raft> Test network starting message polling thread
3304034:M 04 Jan 2024 16:26:11.074 * <raft> Raft Cluster initialized, node id: 1, dbid: e70310428142cf3aea6436ddce86ae8d
3304034:M 04 Jan 2024 16:26:11.193 - Accepted 127.0.0.1:56882
3304034:M 04 Jan 2024 16:26:11.193 * <raft> Cluster Membership: term:1 index:3 nodes: id=1,voting=1,active=1,addr=- id=2,voting=0,active=1,addr=localhost:5082
3304034:M 04 Jan 2024 16:26:11.200 - Client closed connection id=9 addr=127.0.0.1:56882 laddr=127.0.0.1:5081 fd=12 name= age=0 idle=0 flags=N db=0 sub=0 psub=0 ssub=0 multi=-1 qbuf=0 qbuf-free=20474 argv-mem=0 multi-mem=0 rbs=16384 rbp=16384 obl=0 oll=0 omem=0 tot-mem=37760 events=r cmd=raft.node user=default redir=-1 resp=2 lib-name= lib-ver=
3304034:M 04 Jan 2024 16:26:11.320 - Accepted 127.0.0.1:56888
3304034:M 04 Jan 2024 16:26:11.321 * <raft> Cluster Membership: term:1 index:4 nodes: id=1,voting=1,active=1,addr=- id=2,voting=0,active=1,addr=localhost:5082 id=3,voting=0,active=1,addr=localhost:5083
3304034:M 04 Jan 2024 16:26:11.328 - Client closed connection id=10 addr=127.0.0.1:56888 laddr=127.0.0.1:5081 fd=13 name= age=0 idle=0 flags=N db=0 sub=0 psub=0 ssub=0 multi=-1 qbuf=0 qbuf-free=20474 argv-mem=0 multi-mem=0 rbs=16384 rbp=16384 obl=0 oll=0 omem=0 tot-mem=37760 events=r cmd=raft.node user=default redir=-1 resp=2 lib-name= lib-ver=
3304034:M 04 Jan 2024 16:26:11.394 - Accepted 127.0.0.1:56900
3304034:M 04 Jan 2024 16:26:11.483 * <raft> node:3 has sufficient logs, adding as voting node.
3304034:M 04 Jan 2024 16:26:11.521 - Accepted 127.0.0.1:56906
3304034:M 04 Jan 2024 16:26:11.923 - Client closed connection id=11 addr=127.0.0.1:56900 laddr=127.0.0.1:5081 fd=14 name= age=0 idle=0 flags=N db=0 sub=0 psub=0 ssub=0 multi=-1 qbuf=0 qbuf-free=20474 argv-mem=0 multi-mem=0 rbs=1024 rbp=0 obl=0 oll=0 omem=0 tot-mem=22400 events=r cmd=auth user=default redir=-1 resp=2 lib-name= lib-ver=
3304034:M 04 Jan 2024 16:26:11.964 * <raft> State change: Node is now a follower, term 1
3304034:M 04 Jan 2024 16:26:11.964 * <raft> Cluster Membership: term:1 index:6 nodes: id=1,voting=1,active=1,addr=- id=2,voting=0,active=1,addr=localhost:5082 id=3,voting=1,active=1,addr=localhost:5083
3304034:M 04 Jan 2024 16:26:12.028 - Client closed connection id=12 addr=127.0.0.1:56906 laddr=127.0.0.1:5081 fd=15 name= age=1 idle=1 flags=N db=0 sub=0 psub=0 ssub=0 multi=-1 qbuf=0 qbuf-free=20474 argv-mem=0 multi-mem=0 rbs=1024 rbp=0 obl=0 oll=0 omem=0 tot-mem=22400 events=r cmd=auth user=default redir=-1 resp=2 lib-name= lib-ver=
3304034:M 04 Jan 2024 16:26:12.265 * <raft> State change: Election starting, node is now a pre-candidate, term 1
3304034:M 04 Jan 2024 16:26:12.265 * <raft> Cluster Membership: term:1 index:6 nodes: id=1,voting=1,active=1,addr=- id=2,voting=0,active=1,addr=localhost:5082 id=3,voting=1,active=1,addr=localhost:5083
3304034:M 04 Jan 2024 16:26:12.331 - Accepted 127.0.0.1:56912
3304034:M 04 Jan 2024 16:26:12.334 - Accepted 127.0.0.1:56928
3304034:M 04 Jan 2024 16:26:12.632 - Client closed connection id=14 addr=127.0.0.1:56912 laddr=127.0.0.1:5081 fd=12 name= age=0 idle=0 flags=N db=0 sub=0 psub=0 ssub=0 multi=-1 qbuf=0 qbuf-free=20474 argv-mem=0 multi-mem=0 rbs=1024 rbp=0 obl=0 oll=0 omem=0 tot-mem=22400 events=r cmd=auth user=default redir=-1 resp=2 lib-name= lib-ver=
3304034:M 04 Jan 2024 16:26:12.667 * <raft> State change: Election starting, node is now a pre-candidate, term 1
3304034:M 04 Jan 2024 16:26:12.667 * <raft> Cluster Membership: term:1 index:6 nodes: id=1,voting=1,active=1,addr=- id=2,voting=0,active=1,addr=localhost:5082 id=3,voting=1,active=1,addr=localhost:5083
3304034:signal-handler (1704381972) Received SIGINT scheduling shutdown...
3304034:M 04 Jan 2024 16:26:12.971 * User requested shutdown...
3304034:M 04 Jan 2024 16:26:12.971 # Redis is now ready to exit, bye bye...
3305129:C 04 Jan 2024 16:26:13.658 # WARNING Memory overcommit must be enabled! Without it, a background save or replication may fail under low memory condition. Being disabled, it can also cause failures without low memory condition, see https://github.com/jemalloc/jemalloc/issues/1328. To fix this issue add 'vm.overcommit_memory = 1' to /etc/sysctl.conf and then reboot or run the command 'sysctl vm.overcommit_memory=1' for this to take effect.
3305129:C 04 Jan 2024 16:26:13.658 * oO0OoO0OoO0Oo Redis is starting oO0OoO0OoO0Oo
3305129:C 04 Jan 2024 16:26:13.658 * Redis version=255.255.255, bits=64, commit=e04ebdb8, modified=1, pid=3305129, just started
3305129:C 04 Jan 2024 16:26:13.658 * Configuration loaded
3305129:M 04 Jan 2024 16:26:13.659 * monotonic clock: POSIX clock_gettime
3305129:M 04 Jan 2024 16:26:13.659 * Running mode=standalone, port=5081.
3305129:M 04 Jan 2024 16:26:13.666 * <raft> RedisRaft version 255.255.255 [b779b199]
3305129:M 04 Jan 2024 16:26:13.671 * <raft> Initializing test network
3305129:M 04 Jan 2024 16:26:13.671 * <raft> Created test network client
3305129:M 04 Jan 2024 16:26:13.675 * <raft> Raft module loaded, state is 'loading'
3305129:M 04 Jan 2024 16:26:13.675 * Module 'raft' loaded from /home/snagendra/Fuzzing/redisraft-fuzzing/redisraft.so
3305129:M 04 Jan 2024 16:26:13.675 * Server initialized
3305129:M 04 Jan 2024 16:26:13.675 . The AOF directory appendonlydir doesn't exist
3305129:M 04 Jan 2024 16:26:13.675 * Ready to accept connections tcp
3305129:M 04 Jan 2024 16:26:13.675 . 0 clients connected (0 replicas), 1746720 bytes in use
3305129:M 04 Jan 2024 16:26:13.776 * <raft> Loading: Redis loading complete, snapshot NOT LOADED
3305129:M 04 Jan 2024 16:26:13.776 * <raft> Cluster Membership: term:0 index:0 nodes: id=1,voting=0,active=1,addr=-
3305129:M 04 Jan 2024 16:26:13.776 * <raft> Test network starting message polling thread
3305129:M 04 Jan 2024 16:26:13.777 * <raft> Cluster Membership: term:0 index:6 nodes: id=1,voting=1,active=1,addr=- id=2,voting=0,active=1,addr=localhost:5082
3305129:M 04 Jan 2024 16:26:13.777 * <raft> Cluster Membership: term:0 index:6 nodes: id=1,voting=1,active=1,addr=- id=2,voting=0,active=1,addr=localhost:5082 id=3,voting=0,active=1,addr=localhost:5083
3305129:M 04 Jan 2024 16:26:13.777 * <raft> Raft state after loading log: log_count=6, first_idx=1, current_idx=6, last_applied_idx=0
3305129:M 04 Jan 2024 16:26:13.777 . <raft> Raft term=1, vote=-1
3305129:M 04 Jan 2024 16:26:14.077 * <raft> State change: Election starting, node is now a pre-candidate, term 1
3305129:M 04 Jan 2024 16:26:14.077 * <raft> Cluster Membership: term:1 index:6 nodes: id=1,voting=1,active=1,addr=- id=2,voting=0,active=1,addr=localhost:5082 id=3,voting=1,active=1,addr=localhost:5083
3305129:M 04 Jan 2024 16:26:14.110 - Accepted 127.0.0.1:36992
3305129:M 04 Jan 2024 16:26:14.110 # Missing implement of connection type tls
3305129:M 04 Jan 2024 16:26:14.170 - Accepted 127.0.0.1:36998
3305129:M 04 Jan 2024 16:26:14.222 - Client closed connection id=9 addr=127.0.0.1:36998 laddr=127.0.0.1:5081 fd=14 name= age=0 idle=0 flags=N db=0 sub=0 psub=0 ssub=0 multi=-1 qbuf=0 qbuf-free=20474 argv-mem=0 multi-mem=0 rbs=16384 rbp=0 obl=0 oll=0 omem=0 tot-mem=37760 events=r cmd=auth user=default redir=-1 resp=2 lib-name= lib-ver=
3305129:M 04 Jan 2024 16:26:14.315 - Accepted 127.0.0.1:37014
3305129:signal-handler (1704381974) Received SIGINT scheduling shutdown...
3305129:signal-handler (1704381974) You insist... exiting now.
3305572:C 04 Jan 2024 16:26:14.516 # WARNING Memory overcommit must be enabled! Without it, a background save or replication may fail under low memory condition. Being disabled, it can also cause failures without low memory condition, see https://github.com/jemalloc/jemalloc/issues/1328. To fix this issue add 'vm.overcommit_memory = 1' to /etc/sysctl.conf and then reboot or run the command 'sysctl vm.overcommit_memory=1' for this to take effect.
3305572:C 04 Jan 2024 16:26:14.516 * oO0OoO0OoO0Oo Redis is starting oO0OoO0OoO0Oo
3305572:C 04 Jan 2024 16:26:14.516 * Redis version=255.255.255, bits=64, commit=e04ebdb8, modified=1, pid=3305572, just started
3305572:C 04 Jan 2024 16:26:14.516 * Configuration loaded
3305572:M 04 Jan 2024 16:26:14.516 * monotonic clock: POSIX clock_gettime
3305572:M 04 Jan 2024 16:26:14.517 * Running mode=standalone, port=5081.
3305572:M 04 Jan 2024 16:26:14.524 * <raft> RedisRaft version 255.255.255 [b779b199]
3305572:M 04 Jan 2024 16:26:14.528 * <raft> Initializing test network
3305572:M 04 Jan 2024 16:26:14.529 * <raft> Created test network client
3305572:M 04 Jan 2024 16:26:14.533 * <raft> Raft module loaded, state is 'loading'
3305572:M 04 Jan 2024 16:26:14.533 * Module 'raft' loaded from /home/snagendra/Fuzzing/redisraft-fuzzing/redisraft.so
3305572:M 04 Jan 2024 16:26:14.534 * Server initialized
3305572:M 04 Jan 2024 16:26:14.534 . The AOF directory appendonlydir doesn't exist
3305572:M 04 Jan 2024 16:26:14.534 * Ready to accept connections tcp
3305572:M 04 Jan 2024 16:26:14.534 . 0 clients connected (0 replicas), 1746688 bytes in use
3305572:signal-handler (1704381974) Received SIGINT scheduling shutdown...
3305572:signal-handler (1704381974) You insist... exiting now.

----- Stderr -----
libgcov profiling error:/home/snagendra/Fuzzing/redisraft-fuzzing/build/deps/raft/CMakeFiles/raft.dir/src/raft_server.c.gcda:Merge mismatch for function 12
libgcov profiling error:/home/snagendra/Fuzzing/redisraft-fuzzing/build/deps/raft/CMakeFiles/raft.dir/src/raft_server.c.gcda:Merge mismatch for function 12
libgcov profiling error:/home/snagendra/Fuzzing/redisraft-fuzzing/build/deps/raft/CMakeFiles/raft.dir/src/raft_server.c.gcda:Merge mismatch for function 12



