logs for node: 1

----- Stdout -----
4174355:C 04 Jan 2024 14:22:24.606 # WARNING Memory overcommit must be enabled! Without it, a background save or replication may fail under low memory condition. Being disabled, it can also cause failures without low memory condition, see https://github.com/jemalloc/jemalloc/issues/1328. To fix this issue add 'vm.overcommit_memory = 1' to /etc/sysctl.conf and then reboot or run the command 'sysctl vm.overcommit_memory=1' for this to take effect.
4174355:C 04 Jan 2024 14:22:24.606 * oO0OoO0OoO0Oo Redis is starting oO0OoO0OoO0Oo
4174355:C 04 Jan 2024 14:22:24.606 * Redis version=255.255.255, bits=64, commit=e04ebdb8, modified=1, pid=4174355, just started
4174355:C 04 Jan 2024 14:22:24.606 * Configuration loaded
4174355:M 04 Jan 2024 14:22:24.607 * monotonic clock: POSIX clock_gettime
4174355:M 04 Jan 2024 14:22:24.607 * Running mode=standalone, port=5071.
4174355:M 04 Jan 2024 14:22:24.614 * <raft> RedisRaft version 255.255.255 [b779b199]
4174355:M 04 Jan 2024 14:22:24.618 * <raft> Initializing test network
4174355:M 04 Jan 2024 14:22:24.619 * <raft> Created test network client
4174355:M 04 Jan 2024 14:22:24.620 * <raft> Raft module loaded, state is 'uninitialized'
4174355:M 04 Jan 2024 14:22:24.620 * Module 'raft' loaded from /home/snagendra/Fuzzing/redisraft-fuzzing/redisraft.so
4174355:M 04 Jan 2024 14:22:24.620 * Server initialized
4174355:M 04 Jan 2024 14:22:24.621 . The AOF directory appendonlydir doesn't exist
4174355:M 04 Jan 2024 14:22:24.621 * Ready to accept connections tcp
4174355:M 04 Jan 2024 14:22:24.621 - Accepted 127.0.0.1:35272
4174355:M 04 Jan 2024 14:22:24.621 # Missing implement of connection type tls
4174355:M 04 Jan 2024 14:22:24.621 . 1 clients connected (0 replicas), 1744024 bytes in use
4174355:M 04 Jan 2024 14:22:24.627 * <raft> Cluster Membership: term:0 index:0 nodes: id=1,voting=0,active=1,addr=-
4174355:M 04 Jan 2024 14:22:24.632 * <raft> State change: Node is now a leader, term 1
4174355:M 04 Jan 2024 14:22:24.633 * <raft> Cluster Membership: term:1 index:1 nodes: id=1,voting=0,active=1,addr=-
4174355:M 04 Jan 2024 14:22:24.633 * <raft> Test network starting message polling thread
4174355:M 04 Jan 2024 14:22:24.633 * <raft> Raft Cluster initialized, node id: 1, dbid: 359b0c3739951dede4c11d6be8ea573f
4174355:M 04 Jan 2024 14:22:24.750 - Accepted 127.0.0.1:35276
4174355:M 04 Jan 2024 14:22:24.751 * <raft> Cluster Membership: term:1 index:3 nodes: id=1,voting=1,active=1,addr=- id=2,voting=0,active=1,addr=localhost:5072
4174355:M 04 Jan 2024 14:22:24.758 - Client closed connection id=9 addr=127.0.0.1:35276 laddr=127.0.0.1:5071 fd=12 name= age=0 idle=0 flags=N db=0 sub=0 psub=0 ssub=0 multi=-1 qbuf=0 qbuf-free=20474 argv-mem=0 multi-mem=0 rbs=16384 rbp=16384 obl=0 oll=0 omem=0 tot-mem=37760 events=r cmd=raft.node user=default redir=-1 resp=2 lib-name= lib-ver=
4174355:M 04 Jan 2024 14:22:24.875 - Accepted 127.0.0.1:35290
4174355:M 04 Jan 2024 14:22:24.876 * <raft> Cluster Membership: term:1 index:4 nodes: id=1,voting=1,active=1,addr=- id=2,voting=0,active=1,addr=localhost:5072 id=3,voting=0,active=1,addr=localhost:5073
4174355:M 04 Jan 2024 14:22:24.885 - Client closed connection id=10 addr=127.0.0.1:35290 laddr=127.0.0.1:5071 fd=13 name= age=0 idle=0 flags=N db=0 sub=0 psub=0 ssub=0 multi=-1 qbuf=0 qbuf-free=20474 argv-mem=0 multi-mem=0 rbs=16384 rbp=16384 obl=0 oll=0 omem=0 tot-mem=37760 events=r cmd=raft.node user=default redir=-1 resp=2 lib-name= lib-ver=
4174355:M 04 Jan 2024 14:22:25.753 - Accepted 127.0.0.1:35296
4174355:signal-handler (1704374545) Received SIGINT scheduling shutdown...
4174355:signal-handler (1704374545) You insist... exiting now.


=== REDIS BUG REPORT START: Cut & paste starting from here ===
4174355:M 04 Jan 2024 14:22:25.926 # Redis 255.255.255 crashed by signal: 11, si_code: 1
4174355:M 04 Jan 2024 14:22:25.926 # Accessing address: 0x18
4174355:M 04 Jan 2024 14:22:25.926 # Crashed running the instruction at: 0x7f698e3710b0

------ STACK TRACE ------
EIP:
/lib/x86_64-linux-gnu/libc.so.6(__pthread_rwlock_wrlock+0x0)[0x7f698e3710b0]

Backtrace:
/lib/x86_64-linux-gnu/libc.so.6(+0x3bfd0)[0x7f698e31dfd0]
/lib/x86_64-linux-gnu/libc.so.6(__pthread_rwlock_wrlock+0x0)[0x7f698e3710b0]
/lib/x86_64-linux-gnu/libcrypto.so.3(CRYPTO_THREAD_write_lock+0x9)[0x7f698c63df49]
/lib/x86_64-linux-gnu/libcrypto.so.3(ENGINE_get_first+0x3a)[0x7f698c5e408a]
/lib/x86_64-linux-gnu/libcrypto.so.3(ENGINE_register_all_complete+0x6)[0x7f698c5e3486]
/lib/x86_64-linux-gnu/libssh2.so.1(libssh2_init+0x39)[0x7f698d0c3389]
/lib/x86_64-linux-gnu/libcurl-gnutls.so.4(+0x8146b)[0x7f698d1d646b]
/lib/x86_64-linux-gnu/libcurl-gnutls.so.4(+0x22125)[0x7f698d177125]
/lib/x86_64-linux-gnu/libcurl-gnutls.so.4(curl_global_init+0x3a)[0x7f698d17722a]
/home/snagendra/Fuzzing/redisraft-fuzzing/redisraft.so(redis_test_http_do+0x2c)[0x7f698e2a186c]
/home/snagendra/Fuzzing/redisraft-fuzzing/redisraft.so(redis_test_http_post+0x26)[0x7f698e2a1a86]
/home/snagendra/Fuzzing/redisraft-fuzzing/redisraft.so(redis_test_send_message+0x9d)[0x7f698e2a0efd]
/home/snagendra/Fuzzing/redisraft-fuzzing/redisraft.so(testNetworkSendAppendEntries+0x6a)[0x7f698e28a19a]
/home/snagendra/Fuzzing/redisraft-fuzzing/redisraft.so(raft_send_appendentries+0x1ea)[0x7f698e292baa]
/home/snagendra/Fuzzing/redisraft-fuzzing/redisraft.so(raft_send_appendentries_all+0x4d)[0x7f698e292e8d]
/home/snagendra/Fuzzing/redisraft-fuzzing/redisraft.so(raft_periodic_internal+0x240)[0x7f698e2957e0]
/home/snagendra/Fuzzing/redisraft-fuzzing/redisraft.so(raft_periodic+0x18)[0x7f698e295868]
/home/snagendra/Fuzzing/redisraft-fuzzing/redisraft.so(+0x2b765)[0x7f698e280765]
/home/snagendra/Fuzzing/redis/src/redis-server 0.0.0.0:5071(moduleTimerHandler+0x21c)[0x558b99f6998c]
/home/snagendra/Fuzzing/redis/src/redis-server 0.0.0.0:5071(+0x81705)[0x558b99e73705]
/home/snagendra/Fuzzing/redis/src/redis-server 0.0.0.0:5071(aeMain+0x1c8)[0x558b99e7dcb8]
/home/snagendra/Fuzzing/redis/src/redis-server 0.0.0.0:5071(main+0x3cd)[0x558b99e72e2d]
/lib/x86_64-linux-gnu/libc.so.6(+0x271ca)[0x7f698e3091ca]
/lib/x86_64-linux-gnu/libc.so.6(__libc_start_main+0x85)[0x7f698e309285]
/home/snagendra/Fuzzing/redis/src/redis-server 0.0.0.0:5071(_start+0x2a)[0x558b99e735aa]

------ REGISTERS ------
4174355:M 04 Jan 2024 14:22:25.927 # 
RAX:0000000000000001 RBX:0000558b9aee8730
RCX:0000000000000000 RDX:0000000000000000
RDI:0000000000000000 RSI:0000000000000000
RBP:00007f698c87e638 RSP:00007ffe6dbee088
R8 :0000000000000000 R9 :0000000000000000
R10:0000000000000000 R11:0000000000000000
R12:00007ffe6dbee180 R13:0000558b9aeadc70
R14:0000000000000004 R15:0000000000000001
RIP:00007f698e3710b0 EFL:0000000000010206
CSGSFS:002b000000000033
4174355:M 04 Jan 2024 14:22:25.927 # (00007ffe6dbee097) -> 0000558b9aee8730
4174355:M 04 Jan 2024 14:22:25.927 # (00007ffe6dbee096) -> 00007f698d177125
4174355:M 04 Jan 2024 14:22:25.927 # (00007ffe6dbee095) -> 0000000000000001
4174355:M 04 Jan 2024 14:22:25.927 # (00007ffe6dbee094) -> 00007f698d1d646b
4174355:M 04 Jan 2024 14:22:25.927 # (00007ffe6dbee093) -> 0000558b9aeadc70
4174355:M 04 Jan 2024 14:22:25.927 # (00007ffe6dbee092) -> 000000006dbee180
4174355:M 04 Jan 2024 14:22:25.927 # (00007ffe6dbee091) -> 0000558b9aee89f0
4174355:M 04 Jan 2024 14:22:25.927 # (00007ffe6dbee090) -> 00007f698d0c3389
4174355:M 04 Jan 2024 14:22:25.927 # (00007ffe6dbee08f) -> 0000558b9aee8730
4174355:M 04 Jan 2024 14:22:25.927 # (00007ffe6dbee08e) -> 00007f698c5e3486
4174355:M 04 Jan 2024 14:22:25.927 # (00007ffe6dbee08d) -> 0000558b9aee89f0
4174355:M 04 Jan 2024 14:22:25.927 # (00007ffe6dbee08c) -> 0000558b9aee8730
4174355:M 04 Jan 2024 14:22:25.927 # (00007ffe6dbee08b) -> 00007ffe6dbee180
4174355:M 04 Jan 2024 14:22:25.927 # (00007ffe6dbee08a) -> 00007f698c5e408a
4174355:M 04 Jan 2024 14:22:25.927 # (00007ffe6dbee089) -> 0000558b9aee8730
4174355:M 04 Jan 2024 14:22:25.927 # (00007ffe6dbee088) -> 00007f698c63df49

------ INFO OUTPUT ------
# Server
redis_version:255.255.255
redis_git_sha1:e04ebdb8
redis_git_dirty:1
redis_build_id:1f78dcc7b4fbdd25
redis_mode:standalone
os:Linux 6.1.60.1.amd64-smp x86_64
arch_bits:64
monotonic_clock:POSIX clock_gettime
multiplexing_api:epoll
atomicvar_api:c11-builtin
gcc_version:10.2.1
process_id:4174355
process_supervised:no
run_id:8d82f9cd651e9cc632d7b1dd64408668473514a5
tcp_port:5071
server_time_usec:1704374545926262
uptime_in_seconds:1
uptime_in_days:0
hz:10
configured_hz:10
lru_clock:9875729
executable:/home/snagendra/Fuzzing/redis/src/redis-server
config_file:
io_threads_active:0
listener0:name=tcp,bind=0.0.0.0,port=5071

# Clients
connected_clients:2
cluster_connections:0
maxclients:10000
client_recent_max_input_buffer:20480
client_recent_max_output_buffer:0
blocked_clients:0
tracking_clients:0
clients_in_timeout_table:0
total_blocking_keys:0
total_blocking_keys_on_nokey:0

# Memory
used_memory:1942040
used_memory_human:1.85M
used_memory_rss:18665472
used_memory_rss_human:17.80M
used_memory_peak:1942040
used_memory_peak_human:1.85M
used_memory_peak_perc:100.04%
used_memory_overhead:1786392
used_memory_startup:1726048
used_memory_dataset:155648
used_memory_dataset_perc:72.06%
allocator_allocated:2614240
allocator_active:3268608
allocator_resident:13750272
total_system_memory:270388695040
total_system_memory_human:251.82G
used_memory_lua:31744
used_memory_vm_eval:31744
used_memory_lua_human:31.00K
used_memory_scripts_eval:0
number_of_cached_scripts:0
number_of_functions:0
number_of_libraries:0
used_memory_vm_functions:32768
used_memory_vm_total:64512
used_memory_vm_total_human:63.00K
used_memory_functions:184
used_memory_scripts:184
used_memory_scripts_human:184B
maxmemory:0
maxmemory_human:0B
maxmemory_policy:noeviction
allocator_frag_ratio:1.25
allocator_frag_bytes:654368
allocator_rss_ratio:4.21
allocator_rss_bytes:10481664
rss_overhead_ratio:1.36
rss_overhead_bytes:4915200
mem_fragmentation_ratio:9.62
mem_fragmentation_bytes:16725424
mem_not_counted_for_evict:0
mem_replication_backlog:0
mem_total_replication_buffers:0
mem_clients_slaves:0
mem_clients_normal:60160
mem_cluster_links:0
mem_aof_buffer:0
mem_allocator:jemalloc-5.3.0
active_defrag_running:0
lazyfree_pending_objects:0
lazyfreed_objects:0

# Persistence
loading:0
async_loading:0
current_cow_peak:0
current_cow_size:0
current_cow_size_age:0
current_fork_perc:0.00
current_save_keys_processed:0
current_save_keys_total:0
rdb_changes_since_last_save:0
rdb_bgsave_in_progress:0
rdb_last_save_time:1704374544
rdb_last_bgsave_status:ok
rdb_last_bgsave_time_sec:-1
rdb_current_bgsave_time_sec:-1
rdb_saves:0
rdb_last_cow_size:0
rdb_last_load_keys_expired:0
rdb_last_load_keys_loaded:0
aof_enabled:0
aof_rewrite_in_progress:0
aof_rewrite_scheduled:0
aof_last_rewrite_time_sec:-1
aof_current_rewrite_time_sec:-1
aof_last_bgrewrite_status:ok
aof_rewrites:0
aof_rewrites_consecutive_failures:0
aof_last_write_status:ok
aof_last_cow_size:0
module_fork_in_progress:0
module_fork_last_cow_size:0

# Stats
total_connections_received:4
total_commands_processed:15
instantaneous_ops_per_sec:32
total_net_input_bytes:388
total_net_output_bytes:422
total_net_repl_input_bytes:0
total_net_repl_output_bytes:0
instantaneous_input_kbps:0.23
instantaneous_output_kbps:0.25
instantaneous_input_repl_kbps:0.00
instantaneous_output_repl_kbps:0.00
rejected_connections:0
sync_full:0
sync_partial_ok:0
sync_partial_err:0
expired_keys:0
expired_stale_perc:0.00
expired_time_cap_reached_count:0
expire_cycle_cpu_milliseconds:0
evicted_keys:0
evicted_clients:0
total_eviction_exceeded_time:0
current_eviction_exceeded_time:0
keyspace_hits:0
keyspace_misses:0
pubsub_channels:0
pubsub_patterns:0
pubsubshard_channels:0
latest_fork_usec:0
total_forks:0
migrate_cached_sockets:0
slave_expires_tracked_keys:0
active_defrag_hits:0
active_defrag_misses:0
active_defrag_key_hits:0
active_defrag_key_misses:0
total_active_defrag_time:0
current_active_defrag_time:0
tracking_total_keys:0
tracking_total_items:0
tracking_total_prefixes:0
unexpected_error_replies:0
total_error_replies:0
dump_payload_sanitizations:0
total_reads_processed:11
total_writes_processed:9
io_threaded_reads_processed:0
io_threaded_writes_processed:0
reply_buffer_shrinks:1
reply_buffer_expands:0
acl_access_denied_auth:0
acl_access_denied_cmd:0
acl_access_denied_key:0
acl_access_denied_channel:0

# Replication
role:master
connected_slaves:0
master_failover_state:no-failover
master_replid:9b2623a9bb479f5f778bb38963d4206f69a591bc
master_replid2:0000000000000000000000000000000000000000
master_repl_offset:0
second_repl_offset:-1
repl_backlog_active:0
repl_backlog_size:1048576
repl_backlog_first_byte_offset:0
repl_backlog_histlen:0

# CPU
used_cpu_sys:0.043925
used_cpu_user:0.063253
used_cpu_sys_children:0.000000
used_cpu_user_children:0.000000
used_cpu_sys_main_thread:0.007829
used_cpu_user_main_thread:0.019574

# Modules
module:name=raft,ver=1,api=1,filters=1,usedby=[],using=[],options=[]

# Commandstats
cmdstat_raft.cluster:calls=1,usec=11556,usec_per_call=11556.00,rejected_calls=0,failed_calls=0
cmdstat_client|setinfo:calls=2,usec=2,usec_per_call=1.00,rejected_calls=0,failed_calls=0
cmdstat_raft.node:calls=2,usec=1134,usec_per_call=567.00,rejected_calls=0,failed_calls=0
cmdstat_command:calls=2,usec=1473,usec_per_call=736.50,rejected_calls=0,failed_calls=0
cmdstat_auth:calls=3,usec=4,usec_per_call=1.33,rejected_calls=0,failed_calls=0
cmdstat_config|get:calls=3,usec=4,usec_per_call=1.33,rejected_calls=0,failed_calls=0
cmdstat_config|set:calls=1,usec=10,usec_per_call=10.00,rejected_calls=0,failed_calls=0
cmdstat_hello:calls=1,usec=7,usec_per_call=7.00,rejected_calls=0,failed_calls=0

# Errorstats

# Latencystats
latency_percentiles_usec_raft.cluster:p50=11599.871,p99=11599.871,p99.9=11599.871
latency_percentiles_usec_client|setinfo:p50=1.003,p99=1.003,p99.9=1.003
latency_percentiles_usec_raft.node:p50=536.575,p99=598.015,p99.9=598.015
latency_percentiles_usec_command:p50=671.743,p99=806.911,p99.9=806.911
latency_percentiles_usec_auth:p50=1.003,p99=2.007,p99.9=2.007
latency_percentiles_usec_config|get:p50=1.003,p99=2.007,p99.9=2.007
latency_percentiles_usec_config|set:p50=10.047,p99=10.047,p99.9=10.047
latency_percentiles_usec_hello:p50=7.007,p99=7.007,p99.9=7.007

# Cluster
cluster_enabled:0

# Keyspace

------ CLIENT LIST OUTPUT ------
id=8 addr=127.0.0.1:35272 laddr=127.0.0.1:5071 fd=9 name= age=1 idle=1 flags=N db=0 sub=0 psub=0 ssub=0 multi=-1 qbuf=0 qbuf-free=20474 argv-mem=0 multi-mem=0 rbs=1024 rbp=273 obl=0 oll=0 omem=0 tot-mem=22400 events=r cmd=raft.cluster user=default redir=-1 resp=3 lib-name=go-redis(,go1.21.4) lib-ver=9.2.1
id=11 addr=127.0.0.1:35296 laddr=127.0.0.1:5071 fd=13 name= age=0 idle=0 flags=N db=0 sub=0 psub=0 ssub=0 multi=-1 qbuf=0 qbuf-free=20474 argv-mem=0 multi-mem=0 rbs=16384 rbp=0 obl=0 oll=0 omem=0 tot-mem=37760 events=r cmd=auth user=default redir=-1 resp=2 lib-name= lib-ver=

------ MODULES INFO OUTPUT ------
# raft_version
raft_version:255.255.255
raft_git_sha1:b779b199

# raft_general
raft_dbid:359b0c3739951dede4c11d6be8ea573f
raft_node_id:1
raft_state:up
raft_role:leader
raft_is_voting:yes
raft_voted_for:-1
raft_leader_id:1
raft_current_term:1
raft_num_nodes:3
raft_num_voting_nodes:1
raft_node1:id=2,state=connected,voting=no,addr=localhost,port=5072,last_conn_secs=1,conn_errors=0,conn_oks=1
raft_node2:id=3,state=connect_error,voting=no,addr=localhost,port=5073,last_conn_secs=1,conn_errors=6,conn_oks=1

# raft_log
raft_log_entries:4
raft_current_index:4
raft_commit_index:4
raft_last_applied_index:4
raft_file_size:1188
raft_cache_memory_size:1016
raft_cache_entries:4
raft_client_attached_entries:0
raft_fsync_count:1
raft_fsync_max_microseconds:6
raft_entry1:term=1,id=0,data_len=0
raft_entry2:term=1,id=214095357,data_len=264
raft_entry3:term=1,id=20572071,data_len=264
raft_fsync_avg_microseconds:6

# raft_snapshot
raft_snapshot_filename:redis1.rdb
raft_snapshot_last_idx:0
raft_snapshot_last_term:0
raft_snapshot_size:0
raft_snapshot_time_secs:-1
raft_snapshots_created:0
raft_snapshots_received:0
raft_snapshot_in_progress:no
raft_snapshot_in_progress_last_idx:-1
raft_snapshot_in_progress_last_term:-1

# raft_clients
raft_proxy_reqs:0
raft_proxy_failed_reqs:0
raft_proxy_failed_responses:0
raft_proxy_outstanding_reqs:0

# raft_stats
raft_appendreq_received:0
raft_appendreq_with_entry_received:0
raft_snapshotreq_received:0
raft_exec_throttled:0
raft_num_sessions:0

------ CONFIG DEBUG OUTPUT ------
repl-diskless-load disabled
lazyfree-lazy-server-del no
list-compress-depth 0
io-threads-do-reads no
activedefrag no
replica-read-only yes
lazyfree-lazy-expire no
proto-max-bulk-len 512mb
lazyfree-lazy-user-del no
io-threads 1
repl-diskless-sync yes
lazyfree-lazy-eviction no
client-query-buffer-limit 1gb
slave-read-only yes
lazyfree-lazy-user-flush no
sanitize-dump-payload no

------ FAST MEMORY TEST ------
4174355:M 04 Jan 2024 14:22:25.927 # Bio worker thread #0 terminated
4174355:M 04 Jan 2024 14:22:25.927 # Bio worker thread #1 terminated
4174355:M 04 Jan 2024 14:22:25.927 # Bio worker thread #2 terminated
*** Preparing to test memory region 558b9a149000 (2273280 bytes)
*** Preparing to test memory region 558b9ae82000 (540672 bytes)
*** Preparing to test memory region 7f695c000000 (135168 bytes)
*** Preparing to test memory region 7f6960000000 (135168 bytes)
*** Preparing to test memory region 7f6964000000 (135168 bytes)
*** Preparing to test memory region 7f6968000000 (135168 bytes)
*** Preparing to test memory region 7f696c000000 (135168 bytes)
*** Preparing to test memory region 7f6971800000 (4194304 bytes)
*** Preparing to test memory region 7f6971e00000 (8388608 bytes)
*** Preparing to test memory region 7f6972600000 (8388608 bytes)
*** Preparing to test memory region 7f6972fff000 (8388608 bytes)
*** Preparing to test memory region 7f6973800000 (8388608 bytes)
*** Preparing to test memory region 7f6974000000 (135168 bytes)
*** Preparing to test memory region 7f6978000000 (135168 bytes)
*** Preparing to test memory region 7f697c000000 (135168 bytes)
*** Preparing to test memory region 7f6980000000 (8388608 bytes)
*** Preparing to test memory region 7f6980a00000 (8388608 bytes)
*** Preparing to test memory region 7f6981200000 (4194304 bytes)
*** Preparing to test memory region 7f69817ff000 (8388608 bytes)
*** Preparing to test memory region 7f6982000000 (8388608 bytes)
*** Preparing to test memory region 7f6982800000 (6291456 bytes)
*** Preparing to test memory region 7f6982fff000 (8388608 bytes)
*** Preparing to test memory region 7f6983800000 (8388608 bytes)
*** Preparing to test memory region 7f6984000000 (135168 bytes)
*** Preparing to test memory region 7f6988047000 (8388608 bytes)
*** Preparing to test memory region 7f6988848000 (8388608 bytes)
*** Preparing to test memory region 7f6989049000 (8388608 bytes)
*** Preparing to test memory region 7f698984a000 (8388608 bytes)
*** Preparing to test memory region 7f698a04b000 (8388608 bytes)
*** Preparing to test memory region 7f698a84c000 (8388608 bytes)
*** Preparing to test memory region 7f698b04d000 (8388608 bytes)
*** Preparing to test memory region 7f698b84e000 (8388608 bytes)
*** Preparing to test memory region 7f698c04e000 (2621440 bytes)
*** Preparing to test memory region 7f698c2dd000 (8192 bytes)
*** Preparing to test memory region 7f698c87f000 (12288 bytes)
*** Preparing to test memory region 7f698cdac000 (8192 bytes)
*** Preparing to test memory region 7f698d018000 (16384 bytes)
*** Preparing to test memory region 7f698da00000 (8388608 bytes)
*** Preparing to test memory region 7f698e22d000 (4096 bytes)
*** Preparing to test memory region 7f698e253000 (8192 bytes)
*** Preparing to test memory region 7f698e2d7000 (45056 bytes)
*** Preparing to test memory region 7f698e4b6000 (53248 bytes)
*** Preparing to test memory region 7f698e5d3000 (8192 bytes)
.4174715:C 04 Jan 2024 14:22:25.964 # WARNING Memory overcommit must be enabled! Without it, a background save or replication may fail under low memory condition. Being disabled, it can also cause failures without low memory condition, see https://github.com/jemalloc/jemalloc/issues/1328. To fix this issue add 'vm.overcommit_memory = 1' to /etc/sysctl.conf and then reboot or run the command 'sysctl vm.overcommit_memory=1' for this to take effect.
4174715:C 04 Jan 2024 14:22:25.964 * oO0OoO0OoO0Oo Redis is starting oO0OoO0OoO0Oo
4174715:C 04 Jan 2024 14:22:25.964 * Redis version=255.255.255, bits=64, commit=e04ebdb8, modified=1, pid=4174715, just started
4174715:C 04 Jan 2024 14:22:25.964 * Configuration loaded
4174715:M 04 Jan 2024 14:22:25.964 * monotonic clock: POSIX clock_gettime
4174715:M 04 Jan 2024 14:22:25.965 * Running mode=standalone, port=5071.
4174715:M 04 Jan 2024 14:22:25.972 * <raft> RedisRaft version 255.255.255 [b779b199]
4174715:M 04 Jan 2024 14:22:25.976 * <raft> Initializing test network
4174715:M 04 Jan 2024 14:22:25.977 * <raft> Created test network client
4174715:M 04 Jan 2024 14:22:25.980 * <raft> Raft module loaded, state is 'loading'
4174715:M 04 Jan 2024 14:22:25.980 * Module 'raft' loaded from /home/snagendra/Fuzzing/redisraft-fuzzing/redisraft.so
4174715:M 04 Jan 2024 14:22:25.981 * Server initialized
4174715:M 04 Jan 2024 14:22:25.981 . The AOF directory appendonlydir doesn't exist
4174715:M 04 Jan 2024 14:22:25.981 * Ready to accept connections tcp
4174715:M 04 Jan 2024 14:22:25.981 . 0 clients connected (0 replicas), 1746720 bytes in use
4174715:M 04 Jan 2024 14:22:26.055 - Accepted 127.0.0.1:35318
4174715:M 04 Jan 2024 14:22:26.055 # Missing implement of connection type tls
4174715:M 04 Jan 2024 14:22:26.081 * <raft> Loading: Redis loading complete, snapshot NOT LOADED
4174715:M 04 Jan 2024 14:22:26.081 * <raft> Cluster Membership: term:0 index:0 nodes: id=1,voting=0,active=1,addr=-
4174715:M 04 Jan 2024 14:22:26.081 * <raft> Test network starting message polling thread
4174715:M 04 Jan 2024 14:22:26.082 * <raft> Cluster Membership: term:0 index:4 nodes: id=1,voting=1,active=1,addr=- id=2,voting=0,active=1,addr=localhost:5072
4174715:M 04 Jan 2024 14:22:26.082 * <raft> Cluster Membership: term:0 index:4 nodes: id=1,voting=1,active=1,addr=- id=2,voting=0,active=1,addr=localhost:5072 id=3,voting=0,active=1,addr=localhost:5073
4174715:M 04 Jan 2024 14:22:26.082 * <raft> Raft state after loading log: log_count=4, first_idx=1, current_idx=4, last_applied_idx=0
4174715:M 04 Jan 2024 14:22:26.082 . <raft> Raft term=1, vote=-1
4174715:M 04 Jan 2024 14:22:26.088 * <raft> State change: Node is now a leader, term 2
4174715:M 04 Jan 2024 14:22:26.089 * <raft> Cluster Membership: term:2 index:5 nodes: id=1,voting=1,active=1,addr=- id=2,voting=0,active=1,addr=localhost:5072 id=3,voting=0,active=1,addr=localhost:5073
4174715:signal-handler (1704374546) Received SIGINT scheduling shutdown...
4175469:C 04 Jan 2024 14:22:27.300 # WARNING Memory overcommit must be enabled! Without it, a background save or replication may fail under low memory condition. Being disabled, it can also cause failures without low memory condition, see https://github.com/jemalloc/jemalloc/issues/1328. To fix this issue add 'vm.overcommit_memory = 1' to /etc/sysctl.conf and then reboot or run the command 'sysctl vm.overcommit_memory=1' for this to take effect.
4175469:C 04 Jan 2024 14:22:27.300 * oO0OoO0OoO0Oo Redis is starting oO0OoO0OoO0Oo
4175469:C 04 Jan 2024 14:22:27.301 * Redis version=255.255.255, bits=64, commit=e04ebdb8, modified=1, pid=4175469, just started
4175469:C 04 Jan 2024 14:22:27.301 * Configuration loaded
4175469:M 04 Jan 2024 14:22:27.301 * monotonic clock: POSIX clock_gettime
4175469:M 04 Jan 2024 14:22:27.301 * Running mode=standalone, port=5071.
4175469:M 04 Jan 2024 14:22:27.308 * <raft> RedisRaft version 255.255.255 [b779b199]
4175469:M 04 Jan 2024 14:22:27.313 * <raft> Initializing test network
4175469:M 04 Jan 2024 14:22:27.314 * <raft> Created test network client
4175469:M 04 Jan 2024 14:22:27.320 * <raft> Raft module loaded, state is 'loading'
4175469:M 04 Jan 2024 14:22:27.320 * Module 'raft' loaded from /home/snagendra/Fuzzing/redisraft-fuzzing/redisraft.so
4175469:M 04 Jan 2024 14:22:27.320 * Server initialized
4175469:M 04 Jan 2024 14:22:27.320 . The AOF directory appendonlydir doesn't exist
4175469:M 04 Jan 2024 14:22:27.320 * Ready to accept connections tcp
4175469:M 04 Jan 2024 14:22:27.320 . 0 clients connected (0 replicas), 1746784 bytes in use
4175469:M 04 Jan 2024 14:22:27.421 * <raft> Loading: Redis loading complete, snapshot NOT LOADED
4175469:M 04 Jan 2024 14:22:27.421 * <raft> Cluster Membership: term:0 index:0 nodes: id=1,voting=0,active=1,addr=-
4175469:M 04 Jan 2024 14:22:27.421 * <raft> Test network starting message polling thread
4175469:M 04 Jan 2024 14:22:27.422 * <raft> Cluster Membership: term:0 index:5 nodes: id=1,voting=1,active=1,addr=- id=2,voting=0,active=1,addr=localhost:5072
4175469:M 04 Jan 2024 14:22:27.422 * <raft> Cluster Membership: term:0 index:5 nodes: id=1,voting=1,active=1,addr=- id=2,voting=0,active=1,addr=localhost:5072 id=3,voting=0,active=1,addr=localhost:5073
4175469:M 04 Jan 2024 14:22:27.422 * <raft> Raft state after loading log: log_count=5, first_idx=1, current_idx=5, last_applied_idx=0
4175469:M 04 Jan 2024 14:22:27.422 . <raft> Raft term=2, vote=-1
4175469:M 04 Jan 2024 14:22:27.428 * <raft> State change: Node is now a leader, term 3
4175469:M 04 Jan 2024 14:22:27.428 * <raft> Cluster Membership: term:3 index:6 nodes: id=1,voting=1,active=1,addr=- id=2,voting=0,active=1,addr=localhost:5072 id=3,voting=0,active=1,addr=localhost:5073
4175469:M 04 Jan 2024 14:22:27.651 - Accepted 127.0.0.1:35398
4175469:M 04 Jan 2024 14:22:27.651 # Missing implement of connection type tls
4175469:M 04 Jan 2024 14:22:27.800 - Accepted 127.0.0.1:35406
4175469:signal-handler (1704374548) Received SIGINT scheduling shutdown...
4175469:M 04 Jan 2024 14:22:28.132 * User requested shutdown...
4175469:M 04 Jan 2024 14:22:28.132 # Redis is now ready to exit, bye bye...

----- Stderr -----




logs for node: 2

----- Stdout -----
4174383:C 04 Jan 2024 14:22:24.636 # WARNING Memory overcommit must be enabled! Without it, a background save or replication may fail under low memory condition. Being disabled, it can also cause failures without low memory condition, see https://github.com/jemalloc/jemalloc/issues/1328. To fix this issue add 'vm.overcommit_memory = 1' to /etc/sysctl.conf and then reboot or run the command 'sysctl vm.overcommit_memory=1' for this to take effect.
4174383:C 04 Jan 2024 14:22:24.636 * oO0OoO0OoO0Oo Redis is starting oO0OoO0OoO0Oo
4174383:C 04 Jan 2024 14:22:24.636 * Redis version=255.255.255, bits=64, commit=e04ebdb8, modified=1, pid=4174383, just started
4174383:C 04 Jan 2024 14:22:24.636 * Configuration loaded
4174383:M 04 Jan 2024 14:22:24.636 * monotonic clock: POSIX clock_gettime
4174383:M 04 Jan 2024 14:22:24.636 * Running mode=standalone, port=5072.
4174383:M 04 Jan 2024 14:22:24.643 * <raft> RedisRaft version 255.255.255 [b779b199]
4174383:M 04 Jan 2024 14:22:24.647 * <raft> Initializing test network
4174383:M 04 Jan 2024 14:22:24.648 * <raft> Created test network client
4174383:M 04 Jan 2024 14:22:24.649 * <raft> Raft module loaded, state is 'uninitialized'
4174383:M 04 Jan 2024 14:22:24.649 * Module 'raft' loaded from /home/snagendra/Fuzzing/redisraft-fuzzing/redisraft.so
4174383:M 04 Jan 2024 14:22:24.650 * Server initialized
4174383:M 04 Jan 2024 14:22:24.650 . The AOF directory appendonlydir doesn't exist
4174383:M 04 Jan 2024 14:22:24.651 * Ready to accept connections tcp
4174383:M 04 Jan 2024 14:22:24.651 . 0 clients connected (0 replicas), 1726224 bytes in use
4174383:M 04 Jan 2024 14:22:24.677 - Accepted 127.0.0.1:49584
4174383:M 04 Jan 2024 14:22:24.677 # Missing implement of connection type tls
4174383:M 04 Jan 2024 14:22:24.750 - <raft> join cluster, connecting to localhost:5071
4174383:M 04 Jan 2024 14:22:24.751 * <raft> Joined Raft cluster, node id: 2, dbid: 359b0c3739951dede4c11d6be8ea573f
4174383:M 04 Jan 2024 14:22:24.757 * <raft> Cluster Membership: term:0 index:0 nodes: id=2,voting=0,active=1,addr=-
4174383:M 04 Jan 2024 14:22:24.758 * <raft> Test network starting message polling thread
4174383:M 04 Jan 2024 14:22:24.822 - Accepted 127.0.0.1:49592
4174383:M 04 Jan 2024 14:22:25.151 * <raft> State change: Election starting, node is now a pre-candidate, term 0
4174383:M 04 Jan 2024 14:22:25.151 * <raft> Cluster Membership: term:0 index:0 nodes: id=2,voting=0,active=1,addr=-
4174383:M 04 Jan 2024 14:22:25.552 * <raft> State change: Election starting, node is now a pre-candidate, term 0
4174383:M 04 Jan 2024 14:22:25.552 * <raft> Cluster Membership: term:0 index:0 nodes: id=2,voting=0,active=1,addr=-
4174383:M 04 Jan 2024 14:22:25.703 * <raft> State change: Node is now a follower, term 1
4174383:M 04 Jan 2024 14:22:25.703 * <raft> Cluster Membership: term:1 index:0 nodes: id=2,voting=0,active=1,addr=-
4174383:M 04 Jan 2024 14:22:25.704 * <raft> Cluster Membership: term:1 index:2 nodes: id=2,voting=0,active=1,addr=- id=1,voting=1,active=1,addr=localhost:5071
4174383:M 04 Jan 2024 14:22:25.931 - Client closed connection id=9 addr=127.0.0.1:49592 laddr=127.0.0.1:5072 fd=10 name= age=1 idle=1 flags=N db=0 sub=0 psub=0 ssub=0 multi=-1 qbuf=0 qbuf-free=20474 argv-mem=0 multi-mem=0 rbs=1024 rbp=0 obl=0 oll=0 omem=0 tot-mem=22400 events=r cmd=auth user=default redir=-1 resp=2 lib-name= lib-ver=
4174383:M 04 Jan 2024 14:22:25.954 * <raft> State change: Election starting, node is now a pre-candidate, term 1
4174383:M 04 Jan 2024 14:22:25.954 * <raft> Cluster Membership: term:1 index:3 nodes: id=2,voting=0,active=1,addr=- id=1,voting=1,active=1,addr=localhost:5071
4174383:M 04 Jan 2024 14:22:26.089 - Accepted 127.0.0.1:49606
4174383:M 04 Jan 2024 14:22:26.257 - Client closed connection id=10 addr=127.0.0.1:49606 laddr=127.0.0.1:5072 fd=13 name= age=0 idle=0 flags=N db=0 sub=0 psub=0 ssub=0 multi=-1 qbuf=0 qbuf-free=20474 argv-mem=0 multi-mem=0 rbs=16384 rbp=0 obl=0 oll=0 omem=0 tot-mem=37760 events=r cmd=auth user=default redir=-1 resp=2 lib-name= lib-ver=
4174383:M 04 Jan 2024 14:22:26.287 * <raft> State change: Node is now a follower, term 1
4174383:M 04 Jan 2024 14:22:26.287 * <raft> Cluster Membership: term:1 index:3 nodes: id=2,voting=0,active=1,addr=- id=1,voting=1,active=1,addr=localhost:5071
4174383:M 04 Jan 2024 14:22:26.288 * <raft> Cluster Membership: term:1 index:4 nodes: id=2,voting=0,active=1,addr=- id=1,voting=1,active=1,addr=localhost:5071 id=3,voting=0,active=1,addr=localhost:5073
4174383:M 04 Jan 2024 14:22:26.759 * <raft> State change: Election starting, node is now a pre-candidate, term 1
4174383:M 04 Jan 2024 14:22:26.759 * <raft> Cluster Membership: term:1 index:4 nodes: id=2,voting=0,active=1,addr=- id=1,voting=1,active=1,addr=localhost:5071 id=3,voting=0,active=1,addr=localhost:5073
4174383:M 04 Jan 2024 14:22:27.062 * <raft> State change: Election starting, node is now a pre-candidate, term 1
4174383:M 04 Jan 2024 14:22:27.062 * <raft> Cluster Membership: term:1 index:4 nodes: id=2,voting=0,active=1,addr=- id=1,voting=1,active=1,addr=localhost:5071 id=3,voting=0,active=1,addr=localhost:5073
4174383:signal-handler (1704374547) Received SIGINT scheduling shutdown...
4174383:signal-handler (1704374547) You insist... exiting now.
4175692:C 04 Jan 2024 14:22:27.683 # WARNING Memory overcommit must be enabled! Without it, a background save or replication may fail under low memory condition. Being disabled, it can also cause failures without low memory condition, see https://github.com/jemalloc/jemalloc/issues/1328. To fix this issue add 'vm.overcommit_memory = 1' to /etc/sysctl.conf and then reboot or run the command 'sysctl vm.overcommit_memory=1' for this to take effect.
4175692:C 04 Jan 2024 14:22:27.683 * oO0OoO0OoO0Oo Redis is starting oO0OoO0OoO0Oo
4175692:C 04 Jan 2024 14:22:27.683 * Redis version=255.255.255, bits=64, commit=e04ebdb8, modified=1, pid=4175692, just started
4175692:C 04 Jan 2024 14:22:27.683 * Configuration loaded
4175692:M 04 Jan 2024 14:22:27.684 * monotonic clock: POSIX clock_gettime
4175692:M 04 Jan 2024 14:22:27.684 * Running mode=standalone, port=5072.
4175692:M 04 Jan 2024 14:22:27.690 * <raft> RedisRaft version 255.255.255 [b779b199]
4175692:M 04 Jan 2024 14:22:27.694 * <raft> Initializing test network
4175692:M 04 Jan 2024 14:22:27.695 * <raft> Created test network client
4175692:M 04 Jan 2024 14:22:27.698 * <raft> Raft module loaded, state is 'loading'
4175692:M 04 Jan 2024 14:22:27.698 * Module 'raft' loaded from /home/snagendra/Fuzzing/redisraft-fuzzing/redisraft.so
4175692:M 04 Jan 2024 14:22:27.698 * Server initialized
4175692:M 04 Jan 2024 14:22:27.698 . The AOF directory appendonlydir doesn't exist
4175692:M 04 Jan 2024 14:22:27.698 * Ready to accept connections tcp
4175692:M 04 Jan 2024 14:22:27.699 . 0 clients connected (0 replicas), 1746656 bytes in use
4175692:M 04 Jan 2024 14:22:27.730 - Accepted 127.0.0.1:49656
4175692:M 04 Jan 2024 14:22:27.730 # Missing implement of connection type tls
4175692:M 04 Jan 2024 14:22:27.798 * <raft> Loading: Redis loading complete, snapshot NOT LOADED
4175692:M 04 Jan 2024 14:22:27.798 * <raft> Cluster Membership: term:0 index:0 nodes: id=2,voting=0,active=1,addr=-
4175692:M 04 Jan 2024 14:22:27.799 * <raft> Test network starting message polling thread
4175692:M 04 Jan 2024 14:22:27.799 * <raft> Cluster Membership: term:0 index:4 nodes: id=2,voting=0,active=1,addr=- id=1,voting=1,active=1,addr=localhost:5071
4175692:M 04 Jan 2024 14:22:27.799 * <raft> Cluster Membership: term:0 index:4 nodes: id=2,voting=0,active=1,addr=- id=1,voting=1,active=1,addr=localhost:5071 id=3,voting=0,active=1,addr=localhost:5073
4175692:M 04 Jan 2024 14:22:27.799 * <raft> Raft state after loading log: log_count=4, first_idx=1, current_idx=4, last_applied_idx=0
4175692:M 04 Jan 2024 14:22:27.799 . <raft> Raft term=1, vote=-1
4175692:M 04 Jan 2024 14:22:28.097 # <raft> Redis connection authentication failed: connection died
4175692:M 04 Jan 2024 14:22:28.100 * <raft> State change: Election starting, node is now a pre-candidate, term 1
4175692:M 04 Jan 2024 14:22:28.100 * <raft> Cluster Membership: term:1 index:4 nodes: id=2,voting=0,active=1,addr=- id=1,voting=1,active=1,addr=localhost:5071 id=3,voting=0,active=1,addr=localhost:5073
4175692:M 04 Jan 2024 14:22:28.148 - Client closed connection id=8 addr=127.0.0.1:49656 laddr=127.0.0.1:5072 fd=11 name= age=1 idle=1 flags=N db=0 sub=0 psub=0 ssub=0 multi=-1 qbuf=0 qbuf-free=20474 argv-mem=0 multi-mem=0 rbs=1024 rbp=0 obl=0 oll=0 omem=0 tot-mem=22400 events=r cmd=auth user=default redir=-1 resp=2 lib-name= lib-ver=
4175692:signal-handler (1704374548) Received SIGINT scheduling shutdown...
4175692:signal-handler (1704374548) You insist... exiting now.

----- Stderr -----




logs for node: 3

----- Stdout -----
4174440:C 04 Jan 2024 14:22:24.760 # WARNING Memory overcommit must be enabled! Without it, a background save or replication may fail under low memory condition. Being disabled, it can also cause failures without low memory condition, see https://github.com/jemalloc/jemalloc/issues/1328. To fix this issue add 'vm.overcommit_memory = 1' to /etc/sysctl.conf and then reboot or run the command 'sysctl vm.overcommit_memory=1' for this to take effect.
4174440:C 04 Jan 2024 14:22:24.760 * oO0OoO0OoO0Oo Redis is starting oO0OoO0OoO0Oo
4174440:C 04 Jan 2024 14:22:24.760 * Redis version=255.255.255, bits=64, commit=e04ebdb8, modified=1, pid=4174440, just started
4174440:C 04 Jan 2024 14:22:24.760 * Configuration loaded
4174440:M 04 Jan 2024 14:22:24.761 * monotonic clock: POSIX clock_gettime
4174440:M 04 Jan 2024 14:22:24.761 * Running mode=standalone, port=5073.
4174440:M 04 Jan 2024 14:22:24.768 * <raft> RedisRaft version 255.255.255 [b779b199]
4174440:M 04 Jan 2024 14:22:24.773 * <raft> Initializing test network
4174440:M 04 Jan 2024 14:22:24.773 * <raft> Created test network client
4174440:M 04 Jan 2024 14:22:24.774 * <raft> Raft module loaded, state is 'uninitialized'
4174440:M 04 Jan 2024 14:22:24.774 * Module 'raft' loaded from /home/snagendra/Fuzzing/redisraft-fuzzing/redisraft.so
4174440:M 04 Jan 2024 14:22:24.775 * Server initialized
4174440:M 04 Jan 2024 14:22:24.775 . The AOF directory appendonlydir doesn't exist
4174440:M 04 Jan 2024 14:22:24.776 * Ready to accept connections tcp
4174440:M 04 Jan 2024 14:22:24.776 . 0 clients connected (0 replicas), 1726128 bytes in use
4174440:M 04 Jan 2024 14:22:24.780 - Accepted 127.0.0.1:51162
4174440:M 04 Jan 2024 14:22:24.780 # Missing implement of connection type tls
4174440:M 04 Jan 2024 14:22:24.874 - <raft> join cluster, connecting to localhost:5071
4174440:M 04 Jan 2024 14:22:24.876 * <raft> Joined Raft cluster, node id: 3, dbid: 359b0c3739951dede4c11d6be8ea573f
4174440:M 04 Jan 2024 14:22:24.884 * <raft> Cluster Membership: term:0 index:0 nodes: id=3,voting=0,active=1,addr=-
4174440:M 04 Jan 2024 14:22:24.885 * <raft> Test network starting message polling thread
4174440:M 04 Jan 2024 14:22:24.923 - Accepted 127.0.0.1:51164
4174440:signal-handler (1704374545) Received SIGINT scheduling shutdown...
4175170:C 04 Jan 2024 14:22:26.869 # WARNING Memory overcommit must be enabled! Without it, a background save or replication may fail under low memory condition. Being disabled, it can also cause failures without low memory condition, see https://github.com/jemalloc/jemalloc/issues/1328. To fix this issue add 'vm.overcommit_memory = 1' to /etc/sysctl.conf and then reboot or run the command 'sysctl vm.overcommit_memory=1' for this to take effect.
4175170:C 04 Jan 2024 14:22:26.869 * oO0OoO0OoO0Oo Redis is starting oO0OoO0OoO0Oo
4175170:C 04 Jan 2024 14:22:26.869 * Redis version=255.255.255, bits=64, commit=e04ebdb8, modified=1, pid=4175170, just started
4175170:C 04 Jan 2024 14:22:26.869 * Configuration loaded
4175170:M 04 Jan 2024 14:22:26.869 * monotonic clock: POSIX clock_gettime
4175170:M 04 Jan 2024 14:22:26.870 * Running mode=standalone, port=5073.
4175170:M 04 Jan 2024 14:22:26.876 * <raft> RedisRaft version 255.255.255 [b779b199]
4175170:M 04 Jan 2024 14:22:26.881 * <raft> Initializing test network
4175170:M 04 Jan 2024 14:22:26.882 * <raft> Created test network client
4175170:M 04 Jan 2024 14:22:26.885 * <raft> Raft module loaded, state is 'loading'
4175170:M 04 Jan 2024 14:22:26.885 * Module 'raft' loaded from /home/snagendra/Fuzzing/redisraft-fuzzing/redisraft.so
4175170:M 04 Jan 2024 14:22:26.886 * Server initialized
4175170:M 04 Jan 2024 14:22:26.886 . The AOF directory appendonlydir doesn't exist
4175170:M 04 Jan 2024 14:22:26.886 * Ready to accept connections tcp
4175170:M 04 Jan 2024 14:22:26.886 . 0 clients connected (0 replicas), 1746688 bytes in use
4175170:M 04 Jan 2024 14:22:26.960 - Accepted 127.0.0.1:51328
4175170:M 04 Jan 2024 14:22:26.960 # Missing implement of connection type tls
4175170:M 04 Jan 2024 14:22:26.986 * <raft> Loading: Redis loading complete, snapshot NOT LOADED
4175170:M 04 Jan 2024 14:22:26.986 * <raft> Cluster Membership: term:0 index:0 nodes: id=3,voting=0,active=1,addr=-
4175170:M 04 Jan 2024 14:22:26.986 * <raft> Test network starting message polling thread


=== REDIS BUG REPORT START: Cut & paste starting from here ===
4175170:M 04 Jan 2024 14:22:26.986 # Redis 255.255.255 crashed by signal: 6, si_code: -6
4175170:M 04 Jan 2024 14:22:26.986 # Crashed running the instruction at: 0x7f677477bd3c

------ STACK TRACE ------
EIP:
/lib/x86_64-linux-gnu/libc.so.6(+0x8ad3c)[0x7f677477bd3c]

Backtrace:
/lib/x86_64-linux-gnu/libc.so.6(+0x3bfd0)[0x7f677472cfd0]
/lib/x86_64-linux-gnu/libc.so.6(+0x8ad3c)[0x7f677477bd3c]
/lib/x86_64-linux-gnu/libc.so.6(gsignal+0x12)[0x7f677472cf32]
/lib/x86_64-linux-gnu/libc.so.6(abort+0xd3)[0x7f6774717472]
/lib/x86_64-linux-gnu/libc.so.6(+0x26395)[0x7f6774717395]
/lib/x86_64-linux-gnu/libc.so.6(+0x34e32)[0x7f6774725e32]
/home/snagendra/Fuzzing/redisraft-fuzzing/redisraft.so(+0x3caea)[0x7f67746a0aea]
/home/snagendra/Fuzzing/redisraft-fuzzing/redisraft.so(callRaftPeriodic+0x478)[0x7f6774691088]
/home/snagendra/Fuzzing/redis/src/redis-server 0.0.0.0:5073(moduleTimerHandler+0x21c)[0x562e8421998c]
/home/snagendra/Fuzzing/redis/src/redis-server 0.0.0.0:5073(+0x81705)[0x562e84123705]
/home/snagendra/Fuzzing/redis/src/redis-server 0.0.0.0:5073(aeMain+0x1c8)[0x562e8412dcb8]
/home/snagendra/Fuzzing/redis/src/redis-server 0.0.0.0:5073(main+0x3cd)[0x562e84122e2d]
/lib/x86_64-linux-gnu/libc.so.6(+0x271ca)[0x7f67747181ca]
/lib/x86_64-linux-gnu/libc.so.6(__libc_start_main+0x85)[0x7f6774718285]
/home/snagendra/Fuzzing/redis/src/redis-server 0.0.0.0:5073(_start+0x2a)[0x562e841235aa]

------ REGISTERS ------
4175170:M 04 Jan 2024 14:22:26.987 # 
RAX:0000000000000000 RBX:00000000003fb542
RCX:00007f677477bd3c RDX:0000000000000006
RDI:00000000003fb542 RSI:00000000003fb542
RBP:00007f67746ed1c0 RSP:00007ffc97c5a780
R8 :0000000000000007 R9 :0000562e850eb6b0
R10:0000000000000008 R11:0000000000000246
R12:0000000000000006 R13:00000000000006a6
R14:00007f67746cd05c R15:0000562e842182b0
RIP:00007f677477bd3c EFL:0000000000000246
CSGSFS:002b000000000033
4175170:M 04 Jan 2024 14:22:26.987 # (00007ffc97c5a78f) -> 0000562e850eb760
4175170:M 04 Jan 2024 14:22:26.987 # (00007ffc97c5a78e) -> 00007f67748c3c60
4175170:M 04 Jan 2024 14:22:26.987 # (00007ffc97c5a78d) -> 0000000000000421
4175170:M 04 Jan 2024 14:22:26.987 # (00007ffc97c5a78c) -> 0000562e850eb6b0
4175170:M 04 Jan 2024 14:22:26.987 # (00007ffc97c5a78b) -> 00000000000006a6
4175170:M 04 Jan 2024 14:22:26.987 # (00007ffc97c5a78a) -> 0000000000000020
4175170:M 04 Jan 2024 14:22:26.987 # (00007ffc97c5a789) -> 00007f6774717472
4175170:M 04 Jan 2024 14:22:26.987 # (00007ffc97c5a788) -> 00007f67748c4e70
4175170:M 04 Jan 2024 14:22:26.987 # (00007ffc97c5a787) -> 00007f677472cf32
4175170:M 04 Jan 2024 14:22:26.987 # (00007ffc97c5a786) -> 00007f67746cd05c
4175170:M 04 Jan 2024 14:22:26.987 # (00007ffc97c5a785) -> 00000000000006a6
4175170:M 04 Jan 2024 14:22:26.987 # (00007ffc97c5a784) -> 00007f67746cc720
4175170:M 04 Jan 2024 14:22:26.987 # (00007ffc97c5a783) -> 00007f67746ed1c0
4175170:M 04 Jan 2024 14:22:26.987 # (00007ffc97c5a782) -> 0000000000000006
4175170:M 04 Jan 2024 14:22:26.987 # (00007ffc97c5a781) -> ef5e029ddc7ceb00
4175170:M 04 Jan 2024 14:22:26.987 # (00007ffc97c5a780) -> 0000562e842182b0

------ INFO OUTPUT ------
# Server
redis_version:255.255.255
redis_git_sha1:e04ebdb8
redis_git_dirty:1
redis_build_id:1f78dcc7b4fbdd25
redis_mode:standalone
os:Linux 6.1.60.1.amd64-smp x86_64
arch_bits:64
monotonic_clock:POSIX clock_gettime
multiplexing_api:epoll
atomicvar_api:c11-builtin
gcc_version:10.2.1
process_id:4175170
process_supervised:no
run_id:4287888f177bdaaf7748601cc604fdee69d9aad7
tcp_port:5073
server_time_usec:1704374546986004
uptime_in_seconds:0
uptime_in_days:0
hz:10
configured_hz:10
lru_clock:9875730
executable:/home/snagendra/Fuzzing/redis/src/redis-server
config_file:
io_threads_active:0
listener0:name=tcp,bind=0.0.0.0,port=5073

# Clients
connected_clients:1
cluster_connections:0
maxclients:10000
client_recent_max_input_buffer:0
client_recent_max_output_buffer:0
blocked_clients:0
tracking_clients:0
clients_in_timeout_table:0
total_blocking_keys:0
total_blocking_keys_on_nokey:0

# Memory
used_memory:1816904
used_memory_human:1.73M
used_memory_rss:18219008
used_memory_rss_human:17.38M
used_memory_peak:1816904
used_memory_peak_human:1.73M
used_memory_peak_perc:100.39%
used_memory_overhead:1746728
used_memory_startup:1746544
used_memory_dataset:70176
used_memory_dataset_perc:99.74%
allocator_allocated:2058224
allocator_active:2592768
allocator_resident:10919936
total_system_memory:270388695040
total_system_memory_human:251.82G
used_memory_lua:31744
used_memory_vm_eval:31744
used_memory_lua_human:31.00K
used_memory_scripts_eval:0
number_of_cached_scripts:0
number_of_functions:0
number_of_libraries:0
used_memory_vm_functions:32768
used_memory_vm_total:64512
used_memory_vm_total_human:63.00K
used_memory_functions:184
used_memory_scripts:184
used_memory_scripts_human:184B
maxmemory:0
maxmemory_human:0B
maxmemory_policy:noeviction
allocator_frag_ratio:1.26
allocator_frag_bytes:534544
allocator_rss_ratio:4.21
allocator_rss_bytes:8327168
rss_overhead_ratio:1.67
rss_overhead_bytes:7299072
mem_fragmentation_ratio:10.43
mem_fragmentation_bytes:16472320
mem_not_counted_for_evict:0
mem_replication_backlog:0
mem_total_replication_buffers:0
mem_clients_slaves:0
mem_clients_normal:0
mem_cluster_links:0
mem_aof_buffer:0
mem_allocator:jemalloc-5.3.0
active_defrag_running:0
lazyfree_pending_objects:0
lazyfreed_objects:0

# Persistence
loading:0
async_loading:0
current_cow_peak:0
current_cow_size:0
current_cow_size_age:0
current_fork_perc:0.00
current_save_keys_processed:0
current_save_keys_total:0
rdb_changes_since_last_save:0
rdb_bgsave_in_progress:0
rdb_last_save_time:1704374546
rdb_last_bgsave_status:ok
rdb_last_bgsave_time_sec:-1
rdb_current_bgsave_time_sec:-1
rdb_saves:0
rdb_last_cow_size:0
rdb_last_load_keys_expired:0
rdb_last_load_keys_loaded:0
aof_enabled:0
aof_rewrite_in_progress:0
aof_rewrite_scheduled:0
aof_last_rewrite_time_sec:-1
aof_current_rewrite_time_sec:-1
aof_last_bgrewrite_status:ok
aof_rewrites:0
aof_rewrites_consecutive_failures:0
aof_last_write_status:ok
aof_last_cow_size:0
module_fork_in_progress:0
module_fork_last_cow_size:0

# Stats
total_connections_received:1
total_commands_processed:7
instantaneous_ops_per_sec:23
total_net_input_bytes:33
total_net_output_bytes:5
total_net_repl_input_bytes:0
total_net_repl_output_bytes:0
instantaneous_input_kbps:0.00
instantaneous_output_kbps:0.00
instantaneous_input_repl_kbps:0.00
instantaneous_output_repl_kbps:0.00
rejected_connections:0
sync_full:0
sync_partial_ok:0
sync_partial_err:0
expired_keys:0
expired_stale_perc:0.00
expired_time_cap_reached_count:0
expire_cycle_cpu_milliseconds:0
evicted_keys:0
evicted_clients:0
total_eviction_exceeded_time:0
current_eviction_exceeded_time:0
keyspace_hits:0
keyspace_misses:0
pubsub_channels:0
pubsub_patterns:0
pubsubshard_channels:0
latest_fork_usec:0
total_forks:0
migrate_cached_sockets:0
slave_expires_tracked_keys:0
active_defrag_hits:0
active_defrag_misses:0
active_defrag_key_hits:0
active_defrag_key_misses:0
total_active_defrag_time:0
current_active_defrag_time:0
tracking_total_keys:0
tracking_total_items:0
tracking_total_prefixes:0
unexpected_error_replies:0
total_error_replies:0
dump_payload_sanitizations:0
total_reads_processed:1
total_writes_processed:1
io_threaded_reads_processed:0
io_threaded_writes_processed:0
reply_buffer_shrinks:0
reply_buffer_expands:0
acl_access_denied_auth:0
acl_access_denied_cmd:0
acl_access_denied_key:0
acl_access_denied_channel:0

# Replication
role:master
connected_slaves:0
master_failover_state:no-failover
master_replid:59fad392a30a8ae7df3f3dd09907d728bbee250c
master_replid2:0000000000000000000000000000000000000000
master_repl_offset:0
second_repl_offset:-1
repl_backlog_active:0
repl_backlog_size:1048576
repl_backlog_first_byte_offset:0
repl_backlog_histlen:0

# CPU
used_cpu_sys:0.003788
used_cpu_user:0.015153
used_cpu_sys_children:0.000000
used_cpu_user_children:0.000000
used_cpu_sys_main_thread:0.003524
used_cpu_user_main_thread:0.014098

# Modules
module:name=raft,ver=1,api=1,filters=1,usedby=[],using=[],options=[]

# Commandstats
cmdstat_config|set:calls=1,usec=10,usec_per_call=10.00,rejected_calls=0,failed_calls=0
cmdstat_config|get:calls=3,usec=5,usec_per_call=1.67,rejected_calls=0,failed_calls=0
cmdstat_command:calls=2,usec=1658,usec_per_call=829.00,rejected_calls=0,failed_calls=0
cmdstat_auth:calls=1,usec=1,usec_per_call=1.00,rejected_calls=0,failed_calls=0

# Errorstats

# Latencystats
latency_percentiles_usec_config|set:p50=10.047,p99=10.047,p99.9=10.047
latency_percentiles_usec_config|get:p50=2.007,p99=2.007,p99.9=2.007
latency_percentiles_usec_command:p50=782.335,p99=880.639,p99.9=880.639
latency_percentiles_usec_auth:p50=1.003,p99=1.003,p99.9=1.003

# Cluster
cluster_enabled:0

# Keyspace

------ CLIENT LIST OUTPUT ------
id=8 addr=127.0.0.1:51328 laddr=127.0.0.1:5073 fd=11 name= age=0 idle=0 flags=N db=0 sub=0 psub=0 ssub=0 multi=-1 qbuf=0 qbuf-free=20474 argv-mem=0 multi-mem=0 rbs=16384 rbp=16384 obl=0 oll=0 omem=0 tot-mem=37760 events=r cmd=auth user=default redir=-1 resp=2 lib-name= lib-ver=

------ MODULES INFO OUTPUT ------
# raft_version
raft_version:255.255.255
raft_git_sha1:b779b199

# raft_general
raft_dbid:359b0c3739951dede4c11d6be8ea573f
raft_node_id:3
raft_state:up
raft_role:follower
raft_is_voting:no
raft_voted_for:-1
raft_leader_id:-1
raft_current_term:0
raft_num_nodes:1
raft_num_voting_nodes:0

# raft_log
raft_log_entries:0
raft_current_index:0
raft_commit_index:0
raft_last_applied_index:0
raft_file_size:101
raft_cache_memory_size:0
raft_cache_entries:0
raft_client_attached_entries:0
raft_fsync_count:0
raft_fsync_max_microseconds:0
raft_fsync_avg_microseconds:0

# raft_snapshot
raft_snapshot_filename:redis3.rdb
raft_snapshot_last_idx:0
raft_snapshot_last_term:0
raft_snapshot_size:0
raft_snapshot_time_secs:-1
raft_snapshots_created:0
raft_snapshots_received:0
raft_snapshot_in_progress:no
raft_snapshot_in_progress_last_idx:-1
raft_snapshot_in_progress_last_term:-1

# raft_clients
raft_proxy_reqs:0
raft_proxy_failed_reqs:0
raft_proxy_failed_responses:0
raft_proxy_outstanding_reqs:0

# raft_stats
raft_appendreq_received:0
raft_appendreq_with_entry_received:0
raft_snapshotreq_received:0
raft_exec_throttled:0
raft_num_sessions:0

------ CONFIG DEBUG OUTPUT ------
slave-read-only yes
proto-max-bulk-len 512mb
replica-read-only yes
activedefrag no
lazyfree-lazy-user-flush no
io-threads-do-reads no
repl-diskless-load disabled
list-compress-depth 0
repl-diskless-sync yes
lazyfree-lazy-user-del no
sanitize-dump-payload no
lazyfree-lazy-expire no
client-query-buffer-limit 1gb
io-threads 1
lazyfree-lazy-eviction no
lazyfree-lazy-server-del no

------ FAST MEMORY TEST ------
4175170:M 04 Jan 2024 14:22:26.987 # Bio worker thread #0 terminated
4175170:M 04 Jan 2024 14:22:26.988 # Bio worker thread #1 terminated
4175170:M 04 Jan 2024 14:22:26.988 # Bio worker thread #2 terminated
*** Preparing to test memory region 562e843f9000 (2273280 bytes)
*** Preparing to test memory region 562e85096000 (405504 bytes)
*** Preparing to test memory region 7f6750000000 (135168 bytes)
*** Preparing to test memory region 7f6758000000 (135168 bytes)
*** Preparing to test memory region 7f675effe000 (8388608 bytes)
*** Preparing to test memory region 7f6760000000 (135168 bytes)
*** Preparing to test memory region 7f6766ffe000 (8388608 bytes)
*** Preparing to test memory region 7f67677ff000 (8388608 bytes)
*** Preparing to test memory region 7f6768000000 (8388608 bytes)
*** Preparing to test memory region 7f6768800000 (6291456 bytes)
*** Preparing to test memory region 7f6768ffb000 (8388608 bytes)
*** Preparing to test memory region 7f67697fc000 (8388608 bytes)
*** Preparing to test memory region 7f6769ffd000 (8388608 bytes)
*** Preparing to test memory region 7f676a7fe000 (8388608 bytes)
*** Preparing to test memory region 7f676afff000 (8388608 bytes)
*** Preparing to test memory region 7f676b800000 (8388608 bytes)
*** Preparing to test memory region 7f676c000000 (135168 bytes)
*** Preparing to test memory region 7f6770000000 (4194304 bytes)
*** Preparing to test memory region 7f6770452000 (8388608 bytes)
*** Preparing to test memory region 7f6770c53000 (8388608 bytes)
*** Preparing to test memory region 7f6771454000 (8388608 bytes)
*** Preparing to test memory region 7f6771c55000 (8388608 bytes)
*** Preparing to test memory region 7f6772455000 (2621440 bytes)
*** Preparing to test memory region 7f67726e4000 (8192 bytes)
*** Preparing to test memory region 7f6772c7f000 (12288 bytes)
*** Preparing to test memory region 7f67731ac000 (8192 bytes)
*** Preparing to test memory region 7f6773418000 (16384 bytes)
*** Preparing to test memory region 7f6773e00000 (8388608 bytes)
*** Preparing to test memory region 7f677463c000 (4096 bytes)
*** Preparing to test memory region 7f6774661000 (12288 bytes)
*** Preparing to test memory region 7f67746e6000 (45056 bytes)
*** Preparing to test memory region 7f67748c5000 (53248 bytes)
*** Preparing to test memory region 7f67749e2000 (8192 bytes)
.O.O.O.O.4175170:signal-handler (1704374547) Received SIGINT scheduling shutdown...
4175170:signal-handler (1704374547) You insist... exiting now.
4175549:C 04 Jan 2024 14:22:27.422 # WARNING Memory overcommit must be enabled! Without it, a background save or replication may fail under low memory condition. Being disabled, it can also cause failures without low memory condition, see https://github.com/jemalloc/jemalloc/issues/1328. To fix this issue add 'vm.overcommit_memory = 1' to /etc/sysctl.conf and then reboot or run the command 'sysctl vm.overcommit_memory=1' for this to take effect.
4175549:C 04 Jan 2024 14:22:27.422 * oO0OoO0OoO0Oo Redis is starting oO0OoO0OoO0Oo
4175549:C 04 Jan 2024 14:22:27.422 * Redis version=255.255.255, bits=64, commit=e04ebdb8, modified=1, pid=4175549, just started
4175549:C 04 Jan 2024 14:22:27.422 * Configuration loaded
4175549:M 04 Jan 2024 14:22:27.422 * monotonic clock: POSIX clock_gettime
4175549:M 04 Jan 2024 14:22:27.423 * Running mode=standalone, port=5073.
4175549:M 04 Jan 2024 14:22:27.430 * <raft> RedisRaft version 255.255.255 [b779b199]
4175549:M 04 Jan 2024 14:22:27.434 * <raft> Initializing test network
4175549:M 04 Jan 2024 14:22:27.434 * <raft> Created test network client
4175549:M 04 Jan 2024 14:22:27.438 * <raft> Raft module loaded, state is 'loading'
4175549:M 04 Jan 2024 14:22:27.438 * Module 'raft' loaded from /home/snagendra/Fuzzing/redisraft-fuzzing/redisraft.so
4175549:M 04 Jan 2024 14:22:27.438 * Server initialized
4175549:M 04 Jan 2024 14:22:27.438 . The AOF directory appendonlydir doesn't exist
4175549:M 04 Jan 2024 14:22:27.438 * Ready to accept connections tcp
4175549:M 04 Jan 2024 14:22:27.438 . 0 clients connected (0 replicas), 1746688 bytes in use
4175549:M 04 Jan 2024 14:22:27.529 - Accepted 127.0.0.1:51360
4175549:M 04 Jan 2024 14:22:27.529 # Missing implement of connection type tls
4175549:M 04 Jan 2024 14:22:27.538 * <raft> Loading: Redis loading complete, snapshot NOT LOADED
4175549:M 04 Jan 2024 14:22:27.539 * <raft> Cluster Membership: term:0 index:0 nodes: id=3,voting=0,active=1,addr=-
4175549:M 04 Jan 2024 14:22:27.539 * <raft> Test network starting message polling thread


=== REDIS BUG REPORT START: Cut & paste starting from here ===
4175549:M 04 Jan 2024 14:22:27.539 # Redis 255.255.255 crashed by signal: 6, si_code: -6
4175549:M 04 Jan 2024 14:22:27.539 # Crashed running the instruction at: 0x7f03bfb39d3c

------ STACK TRACE ------
EIP:
/lib/x86_64-linux-gnu/libc.so.6(+0x8ad3c)[0x7f03bfb39d3c]

Backtrace:
/lib/x86_64-linux-gnu/libc.so.6(+0x3bfd0)[0x7f03bfaeafd0]
/lib/x86_64-linux-gnu/libc.so.6(+0x8ad3c)[0x7f03bfb39d3c]
/lib/x86_64-linux-gnu/libc.so.6(gsignal+0x12)[0x7f03bfaeaf32]
/lib/x86_64-linux-gnu/libc.so.6(abort+0xd3)[0x7f03bfad5472]
/lib/x86_64-linux-gnu/libc.so.6(+0x26395)[0x7f03bfad5395]
/lib/x86_64-linux-gnu/libc.so.6(+0x34e32)[0x7f03bfae3e32]
/home/snagendra/Fuzzing/redisraft-fuzzing/redisraft.so(+0x3caea)[0x7f03bfa5eaea]
/home/snagendra/Fuzzing/redisraft-fuzzing/redisraft.so(callRaftPeriodic+0x478)[0x7f03bfa4f088]
/home/snagendra/Fuzzing/redis/src/redis-server 0.0.0.0:5073(moduleTimerHandler+0x21c)[0x562824b7498c]
/home/snagendra/Fuzzing/redis/src/redis-server 0.0.0.0:5073(+0x81705)[0x562824a7e705]
/home/snagendra/Fuzzing/redis/src/redis-server 0.0.0.0:5073(aeMain+0x1c8)[0x562824a88cb8]
/home/snagendra/Fuzzing/redis/src/redis-server 0.0.0.0:5073(main+0x3cd)[0x562824a7de2d]
/lib/x86_64-linux-gnu/libc.so.6(+0x271ca)[0x7f03bfad61ca]
/lib/x86_64-linux-gnu/libc.so.6(__libc_start_main+0x85)[0x7f03bfad6285]
/home/snagendra/Fuzzing/redis/src/redis-server 0.0.0.0:5073(_start+0x2a)[0x562824a7e5aa]

------ REGISTERS ------
4175549:M 04 Jan 2024 14:22:27.540 # 
RAX:0000000000000000 RBX:00000000003fb6bd
RCX:00007f03bfb39d3c RDX:0000000000000006
RDI:00000000003fb6bd RSI:00000000003fb6bd
RBP:00007f03bfaab1c0 RSP:00007fffadb12a10
R8 :0000000000000007 R9 :0000562826d47820
R10:0000000000000008 R11:0000000000000246
R12:0000000000000006 R13:00000000000006a6
R14:00007f03bfa8b05c R15:0000562824b732b0
RIP:00007f03bfb39d3c EFL:0000000000000246
CSGSFS:002b000000000033
4175549:M 04 Jan 2024 14:22:27.540 # (00007fffadb12a1f) -> 0000562826d478d0
4175549:M 04 Jan 2024 14:22:27.540 # (00007fffadb12a1e) -> 00007f03bfc81c60
4175549:M 04 Jan 2024 14:22:27.540 # (00007fffadb12a1d) -> 00000000000002b1
4175549:M 04 Jan 2024 14:22:27.540 # (00007fffadb12a1c) -> 0000562826d47820
4175549:M 04 Jan 2024 14:22:27.540 # (00007fffadb12a1b) -> 00000000000006a6
4175549:M 04 Jan 2024 14:22:27.540 # (00007fffadb12a1a) -> 0000000000000020
4175549:M 04 Jan 2024 14:22:27.540 # (00007fffadb12a19) -> 00007f03bfad5472
4175549:M 04 Jan 2024 14:22:27.540 # (00007fffadb12a18) -> 00007f03bfc82e70
4175549:M 04 Jan 2024 14:22:27.540 # (00007fffadb12a17) -> 00007f03bfaeaf32
4175549:M 04 Jan 2024 14:22:27.540 # (00007fffadb12a16) -> 00007f03bfa8b05c
4175549:M 04 Jan 2024 14:22:27.540 # (00007fffadb12a15) -> 00000000000006a6
4175549:M 04 Jan 2024 14:22:27.540 # (00007fffadb12a14) -> 00007f03bfa8a720
4175549:M 04 Jan 2024 14:22:27.540 # (00007fffadb12a13) -> 00007f03bfaab1c0
4175549:M 04 Jan 2024 14:22:27.540 # (00007fffadb12a12) -> 0000000000000006
4175549:M 04 Jan 2024 14:22:27.540 # (00007fffadb12a11) -> d336802c00754b00
4175549:M 04 Jan 2024 14:22:27.540 # (00007fffadb12a10) -> 0000562824b732b0

------ INFO OUTPUT ------
# Server
redis_version:255.255.255
redis_git_sha1:e04ebdb8
redis_git_dirty:1
redis_build_id:1f78dcc7b4fbdd25
redis_mode:standalone
os:Linux 6.1.60.1.amd64-smp x86_64
arch_bits:64
monotonic_clock:POSIX clock_gettime
multiplexing_api:epoll
atomicvar_api:c11-builtin
gcc_version:10.2.1
process_id:4175549
process_supervised:no
run_id:1b966cc5b1c3d1b38c8a35410c263be4689452bf
tcp_port:5073
server_time_usec:1704374547538701
uptime_in_seconds:0
uptime_in_days:0
hz:10
configured_hz:10
lru_clock:9875731
executable:/home/snagendra/Fuzzing/redis/src/redis-server
config_file:
io_threads_active:0
listener0:name=tcp,bind=0.0.0.0,port=5073

# Clients
connected_clients:1
cluster_connections:0
maxclients:10000
client_recent_max_input_buffer:0
client_recent_max_output_buffer:0
blocked_clients:0
tracking_clients:0
clients_in_timeout_table:0
total_blocking_keys:0
total_blocking_keys_on_nokey:0

# Memory
used_memory:1816896
used_memory_human:1.73M
used_memory_rss:17645568
used_memory_rss_human:16.83M
used_memory_peak:1816896
used_memory_peak_human:1.73M
used_memory_peak_perc:100.39%
used_memory_overhead:1746728
used_memory_startup:1746544
used_memory_dataset:70168
used_memory_dataset_perc:99.74%
allocator_allocated:2052216
allocator_active:2592768
allocator_resident:10903552
total_system_memory:270388695040
total_system_memory_human:251.82G
used_memory_lua:31744
used_memory_vm_eval:31744
used_memory_lua_human:31.00K
used_memory_scripts_eval:0
number_of_cached_scripts:0
number_of_functions:0
number_of_libraries:0
used_memory_vm_functions:32768
used_memory_vm_total:64512
used_memory_vm_total_human:63.00K
used_memory_functions:184
used_memory_scripts:184
used_memory_scripts_human:184B
maxmemory:0
maxmemory_human:0B
maxmemory_policy:noeviction
allocator_frag_ratio:1.26
allocator_frag_bytes:540552
allocator_rss_ratio:4.21
allocator_rss_bytes:8310784
rss_overhead_ratio:1.62
rss_overhead_bytes:6742016
mem_fragmentation_ratio:10.10
mem_fragmentation_bytes:15898880
mem_not_counted_for_evict:0
mem_replication_backlog:0
mem_total_replication_buffers:0
mem_clients_slaves:0
mem_clients_normal:0
mem_cluster_links:0
mem_aof_buffer:0
mem_allocator:jemalloc-5.3.0
active_defrag_running:0
lazyfree_pending_objects:0
lazyfreed_objects:0

# Persistence
loading:0
async_loading:0
current_cow_peak:0
current_cow_size:0
current_cow_size_age:0
current_fork_perc:0.00
current_save_keys_processed:0
current_save_keys_total:0
rdb_changes_since_last_save:0
rdb_bgsave_in_progress:0
rdb_last_save_time:1704374547
rdb_last_bgsave_status:ok
rdb_last_bgsave_time_sec:-1
rdb_current_bgsave_time_sec:-1
rdb_saves:0
rdb_last_cow_size:0
rdb_last_load_keys_expired:0
rdb_last_load_keys_loaded:0
aof_enabled:0
aof_rewrite_in_progress:0
aof_rewrite_scheduled:0
aof_last_rewrite_time_sec:-1
aof_current_rewrite_time_sec:-1
aof_last_bgrewrite_status:ok
aof_rewrites:0
aof_rewrites_consecutive_failures:0
aof_last_write_status:ok
aof_last_cow_size:0
module_fork_in_progress:0
module_fork_last_cow_size:0

# Stats
total_connections_received:1
total_commands_processed:7
instantaneous_ops_per_sec:25
total_net_input_bytes:33
total_net_output_bytes:5
total_net_repl_input_bytes:0
total_net_repl_output_bytes:0
instantaneous_input_kbps:0.00
instantaneous_output_kbps:0.00
instantaneous_input_repl_kbps:0.00
instantaneous_output_repl_kbps:0.00
rejected_connections:0
sync_full:0
sync_partial_ok:0
sync_partial_err:0
expired_keys:0
expired_stale_perc:0.00
expired_time_cap_reached_count:0
expire_cycle_cpu_milliseconds:0
evicted_keys:0
evicted_clients:0
total_eviction_exceeded_time:0
current_eviction_exceeded_time:0
keyspace_hits:0
keyspace_misses:0
pubsub_channels:0
pubsub_patterns:0
pubsubshard_channels:0
latest_fork_usec:0
total_forks:0
migrate_cached_sockets:0
slave_expires_tracked_keys:0
active_defrag_hits:0
active_defrag_misses:0
active_defrag_key_hits:0
active_defrag_key_misses:0
total_active_defrag_time:0
current_active_defrag_time:0
tracking_total_keys:0
tracking_total_items:0
tracking_total_prefixes:0
unexpected_error_replies:0
total_error_replies:0
dump_payload_sanitizations:0
total_reads_processed:1
total_writes_processed:1
io_threaded_reads_processed:0
io_threaded_writes_processed:0
reply_buffer_shrinks:0
reply_buffer_expands:0
acl_access_denied_auth:0
acl_access_denied_cmd:0
acl_access_denied_key:0
acl_access_denied_channel:0

# Replication
role:master
connected_slaves:0
master_failover_state:no-failover
master_replid:de76022e2264a1b19753eb8c60300766ec1cc2c7
master_replid2:0000000000000000000000000000000000000000
master_repl_offset:0
second_repl_offset:-1
repl_backlog_active:0
repl_backlog_size:1048576
repl_backlog_first_byte_offset:0
repl_backlog_histlen:0

# CPU
used_cpu_sys:0.000000
used_cpu_user:0.017471
used_cpu_sys_children:0.000000
used_cpu_user_children:0.000000
used_cpu_sys_main_thread:0.000000
used_cpu_user_main_thread:0.017138

# Modules
module:name=raft,ver=1,api=1,filters=1,usedby=[],using=[],options=[]

# Commandstats
cmdstat_auth:calls=1,usec=1,usec_per_call=1.00,rejected_calls=0,failed_calls=0
cmdstat_command:calls=2,usec=1469,usec_per_call=734.50,rejected_calls=0,failed_calls=0
cmdstat_config|set:calls=1,usec=7,usec_per_call=7.00,rejected_calls=0,failed_calls=0
cmdstat_config|get:calls=3,usec=5,usec_per_call=1.67,rejected_calls=0,failed_calls=0

# Errorstats

# Latencystats
latency_percentiles_usec_auth:p50=1.003,p99=1.003,p99.9=1.003
latency_percentiles_usec_command:p50=700.415,p99=774.143,p99.9=774.143
latency_percentiles_usec_config|set:p50=7.007,p99=7.007,p99.9=7.007
latency_percentiles_usec_config|get:p50=2.007,p99=2.007,p99.9=2.007

# Cluster
cluster_enabled:0

# Keyspace

------ CLIENT LIST OUTPUT ------
id=8 addr=127.0.0.1:51360 laddr=127.0.0.1:5073 fd=11 name= age=0 idle=0 flags=N db=0 sub=0 psub=0 ssub=0 multi=-1 qbuf=0 qbuf-free=20474 argv-mem=0 multi-mem=0 rbs=16384 rbp=16384 obl=0 oll=0 omem=0 tot-mem=37760 events=r cmd=auth user=default redir=-1 resp=2 lib-name= lib-ver=

------ MODULES INFO OUTPUT ------
# raft_version
raft_version:255.255.255
raft_git_sha1:b779b199

# raft_general
raft_dbid:359b0c3739951dede4c11d6be8ea573f
raft_node_id:3
raft_state:up
raft_role:follower
raft_is_voting:no
raft_voted_for:-1
raft_leader_id:-1
raft_current_term:0
raft_num_nodes:1
raft_num_voting_nodes:0

# raft_log
raft_log_entries:0
raft_current_index:0
raft_commit_index:0
raft_last_applied_index:0
raft_file_size:101
raft_cache_memory_size:0
raft_cache_entries:0
raft_client_attached_entries:0
raft_fsync_count:0
raft_fsync_max_microseconds:0
raft_fsync_avg_microseconds:0

# raft_snapshot
raft_snapshot_filename:redis3.rdb
raft_snapshot_last_idx:0
raft_snapshot_last_term:0
raft_snapshot_size:0
raft_snapshot_time_secs:-1
raft_snapshots_created:0
raft_snapshots_received:0
raft_snapshot_in_progress:no
raft_snapshot_in_progress_last_idx:-1
raft_snapshot_in_progress_last_term:-1

# raft_clients
raft_proxy_reqs:0
raft_proxy_failed_reqs:0
raft_proxy_failed_responses:0
raft_proxy_outstanding_reqs:0

# raft_stats
raft_appendreq_received:0
raft_appendreq_with_entry_received:0
raft_snapshotreq_received:0
raft_exec_throttled:0
raft_num_sessions:0

------ CONFIG DEBUG OUTPUT ------
slave-read-only yes
list-compress-depth 0
repl-diskless-sync yes
proto-max-bulk-len 512mb
sanitize-dump-payload no
replica-read-only yes
lazyfree-lazy-eviction no
client-query-buffer-limit 1gb
lazyfree-lazy-user-flush no
activedefrag no
io-threads 1
lazyfree-lazy-expire no
lazyfree-lazy-user-del no
io-threads-do-reads no
lazyfree-lazy-server-del no
repl-diskless-load disabled

------ FAST MEMORY TEST ------
4175549:M 04 Jan 2024 14:22:27.540 # Bio worker thread #0 terminated
4175549:M 04 Jan 2024 14:22:27.540 # Bio worker thread #1 terminated
4175549:M 04 Jan 2024 14:22:27.540 # Bio worker thread #2 terminated
*** Preparing to test memory region 562824d54000 (2273280 bytes)
*** Preparing to test memory region 562826cf2000 (405504 bytes)
*** Preparing to test memory region 7f03b2fff000 (8388608 bytes)
*** Preparing to test memory region 7f03b3800000 (8388608 bytes)
*** Preparing to test memory region 7f03b4000000 (6291456 bytes)
*** Preparing to test memory region 7f03b47fa000 (8388608 bytes)
*** Preparing to test memory region 7f03b4ffb000 (8388608 bytes)
*** Preparing to test memory region 7f03b57fc000 (8388608 bytes)
*** Preparing to test memory region 7f03b5ffd000 (8388608 bytes)
*** Preparing to test memory region 7f03b67fe000 (8388608 bytes)
*** Preparing to test memory region 7f03b6fff000 (8388608 bytes)
*** Preparing to test memory region 7f03b7800000 (8388608 bytes)
*** Preparing to test memory region 7f03b8000000 (135168 bytes)
*** Preparing to test memory region 7f03bc013000 (8388608 bytes)
*** Preparing to test memory region 7f03bc814000 (8388608 bytes)
*** Preparing to test memory region 7f03bd015000 (8388608 bytes)
*** Preparing to test memory region 7f03bd815000 (2621440 bytes)
*** Preparing to test memory region 7f03bdaa4000 (8192 bytes)
*** Preparing to test memory region 7f03be07f000 (12288 bytes)
*** Preparing to test memory region 7f03be5ac000 (8192 bytes)
*** Preparing to test memory region 7f03be818000 (16384 bytes)
*** Preparing to test memory region 7f03bf200000 (8388608 bytes)
*** Preparing to test memory region 7f03bfa03000 (12288 bytes)
*** Preparing to test memory region 7f03bfa21000 (4096 bytes)
*** Preparing to test memory region 7f03bfaa4000 (45056 bytes)
*** Preparing to test memory region 7f03bfc83000 (53248 bytes)
*** Preparing to test memory region 7f03bfda0000 (8192 bytes)
.O.O.O.O.4175549:signal-handler (1704374547) Received SIGINT scheduling shutdown...
4175549:signal-handler (1704374547) You insist... exiting now.
O.4175672:C 04 Jan 2024 14:22:27.653 # WARNING Memory overcommit must be enabled! Without it, a background save or replication may fail under low memory condition. Being disabled, it can also cause failures without low memory condition, see https://github.com/jemalloc/jemalloc/issues/1328. To fix this issue add 'vm.overcommit_memory = 1' to /etc/sysctl.conf and then reboot or run the command 'sysctl vm.overcommit_memory=1' for this to take effect.
4175672:C 04 Jan 2024 14:22:27.653 * oO0OoO0OoO0Oo Redis is starting oO0OoO0OoO0Oo
4175672:C 04 Jan 2024 14:22:27.653 * Redis version=255.255.255, bits=64, commit=e04ebdb8, modified=1, pid=4175672, just started
4175672:C 04 Jan 2024 14:22:27.653 * Configuration loaded
4175672:M 04 Jan 2024 14:22:27.653 * monotonic clock: POSIX clock_gettime
4175672:M 04 Jan 2024 14:22:27.654 * Running mode=standalone, port=5073.
4175672:M 04 Jan 2024 14:22:27.661 * <raft> RedisRaft version 255.255.255 [b779b199]
4175672:M 04 Jan 2024 14:22:27.666 * <raft> Initializing test network
4175672:M 04 Jan 2024 14:22:27.667 * <raft> Created test network client
4175672:M 04 Jan 2024 14:22:27.669 * <raft> Raft module loaded, state is 'loading'
4175672:M 04 Jan 2024 14:22:27.669 * Module 'raft' loaded from /home/snagendra/Fuzzing/redisraft-fuzzing/redisraft.so
4175672:M 04 Jan 2024 14:22:27.669 * Server initialized
4175672:M 04 Jan 2024 14:22:27.669 . The AOF directory appendonlydir doesn't exist
4175672:M 04 Jan 2024 14:22:27.669 * Ready to accept connections tcp
4175672:M 04 Jan 2024 14:22:27.669 . 0 clients connected (0 replicas), 1746720 bytes in use
4175672:M 04 Jan 2024 14:22:27.730 - Accepted 127.0.0.1:51382
4175672:M 04 Jan 2024 14:22:27.730 # Missing implement of connection type tls
4175672:M 04 Jan 2024 14:22:27.769 * <raft> Loading: Redis loading complete, snapshot NOT LOADED
4175672:M 04 Jan 2024 14:22:27.769 * <raft> Cluster Membership: term:0 index:0 nodes: id=3,voting=0,active=1,addr=-
4175672:M 04 Jan 2024 14:22:27.770 * <raft> Test network starting message polling thread


=== REDIS BUG REPORT START: Cut & paste starting from here ===
4175672:M 04 Jan 2024 14:22:27.770 # Redis 255.255.255 crashed by signal: 6, si_code: -6
4175672:M 04 Jan 2024 14:22:27.770 # Crashed running the instruction at: 0x7fe8d9ed1d3c

------ STACK TRACE ------
EIP:
/lib/x86_64-linux-gnu/libc.so.6(+0x8ad3c)[0x7fe8d9ed1d3c]

Backtrace:
/lib/x86_64-linux-gnu/libc.so.6(+0x3bfd0)[0x7fe8d9e82fd0]
/lib/x86_64-linux-gnu/libc.so.6(+0x8ad3c)[0x7fe8d9ed1d3c]
/lib/x86_64-linux-gnu/libc.so.6(gsignal+0x12)[0x7fe8d9e82f32]
/lib/x86_64-linux-gnu/libc.so.6(abort+0xd3)[0x7fe8d9e6d472]
/lib/x86_64-linux-gnu/libc.so.6(+0x26395)[0x7fe8d9e6d395]
/lib/x86_64-linux-gnu/libc.so.6(+0x34e32)[0x7fe8d9e7be32]
/home/snagendra/Fuzzing/redisraft-fuzzing/redisraft.so(+0x3caea)[0x7fe8d8db4aea]
/home/snagendra/Fuzzing/redisraft-fuzzing/redisraft.so(callRaftPeriodic+0x478)[0x7fe8d8da5088]
/home/snagendra/Fuzzing/redis/src/redis-server 0.0.0.0:5073(moduleTimerHandler+0x21c)[0x55778c0bc98c]
/home/snagendra/Fuzzing/redis/src/redis-server 0.0.0.0:5073(+0x81705)[0x55778bfc6705]
/home/snagendra/Fuzzing/redis/src/redis-server 0.0.0.0:5073(aeMain+0x1c8)[0x55778bfd0cb8]
/home/snagendra/Fuzzing/redis/src/redis-server 0.0.0.0:5073(main+0x3cd)[0x55778bfc5e2d]
/lib/x86_64-linux-gnu/libc.so.6(+0x271ca)[0x7fe8d9e6e1ca]
/lib/x86_64-linux-gnu/libc.so.6(__libc_start_main+0x85)[0x7fe8d9e6e285]
/home/snagendra/Fuzzing/redis/src/redis-server 0.0.0.0:5073(_start+0x2a)[0x55778bfc65aa]

------ REGISTERS ------
4175672:M 04 Jan 2024 14:22:27.770 # 
RAX:0000000000000000 RBX:00000000003fb738
RCX:00007fe8d9ed1d3c RDX:0000000000000006
RDI:00000000003fb738 RSI:00000000003fb738
RBP:00007fe8d9e431c0 RSP:00007ffd49e88be0
R8 :0000000000000007 R9 :000055778e09a820
R10:0000000000000008 R11:0000000000000246
R12:0000000000000006 R13:00000000000006a6
R14:00007fe8d8de105c R15:000055778c0bb2b0
RIP:00007fe8d9ed1d3c EFL:0000000000000246
CSGSFS:002b000000000033
4175672:M 04 Jan 2024 14:22:27.770 # (00007ffd49e88bef) -> 000055778e09a8d0
4175672:M 04 Jan 2024 14:22:27.770 # (00007ffd49e88bee) -> 00007fe8da019c60
4175672:M 04 Jan 2024 14:22:27.770 # (00007ffd49e88bed) -> 00000000000002b1
4175672:M 04 Jan 2024 14:22:27.770 # (00007ffd49e88bec) -> 000055778e09a820
4175672:M 04 Jan 2024 14:22:27.770 # (00007ffd49e88beb) -> 00000000000006a6
4175672:M 04 Jan 2024 14:22:27.770 # (00007ffd49e88bea) -> 0000000000000020
4175672:M 04 Jan 2024 14:22:27.770 # (00007ffd49e88be9) -> 00007fe8d9e6d472
4175672:M 04 Jan 2024 14:22:27.770 # (00007ffd49e88be8) -> 00007fe8da01ae70
4175672:M 04 Jan 2024 14:22:27.770 # (00007ffd49e88be7) -> 00007fe8d9e82f32
4175672:M 04 Jan 2024 14:22:27.770 # (00007ffd49e88be6) -> 00007fe8d8de105c
4175672:M 04 Jan 2024 14:22:27.770 # (00007ffd49e88be5) -> 00000000000006a6
4175672:M 04 Jan 2024 14:22:27.770 # (00007ffd49e88be4) -> 00007fe8d8de0720
4175672:M 04 Jan 2024 14:22:27.770 # (00007ffd49e88be3) -> 00007fe8d9e431c0
4175672:M 04 Jan 2024 14:22:27.770 # (00007ffd49e88be2) -> 0000000000000006
4175672:M 04 Jan 2024 14:22:27.770 # (00007ffd49e88be1) -> d597c4e9faf46900
4175672:M 04 Jan 2024 14:22:27.770 # (00007ffd49e88be0) -> 000055778c0bb2b0

------ INFO OUTPUT ------
# Server
redis_version:255.255.255
redis_git_sha1:e04ebdb8
redis_git_dirty:1
redis_build_id:1f78dcc7b4fbdd25
redis_mode:standalone
os:Linux 6.1.60.1.amd64-smp x86_64
arch_bits:64
monotonic_clock:POSIX clock_gettime
multiplexing_api:epoll
atomicvar_api:c11-builtin
gcc_version:10.2.1
process_id:4175672
process_supervised:no
run_id:3e236d714f646b189ce551e72690379670182846
tcp_port:5073
server_time_usec:1704374547769268
uptime_in_seconds:0
uptime_in_days:0
hz:10
configured_hz:10
lru_clock:9875731
executable:/home/snagendra/Fuzzing/redis/src/redis-server
config_file:
io_threads_active:0
listener0:name=tcp,bind=0.0.0.0,port=5073

# Clients
connected_clients:1
cluster_connections:0
maxclients:10000
client_recent_max_input_buffer:0
client_recent_max_output_buffer:0
blocked_clients:0
tracking_clients:0
clients_in_timeout_table:0
total_blocking_keys:0
total_blocking_keys_on_nokey:0

# Memory
used_memory:1816928
used_memory_human:1.73M
used_memory_rss:17805312
used_memory_rss_human:16.98M
used_memory_peak:1816928
used_memory_peak_human:1.73M
used_memory_peak_perc:100.39%
used_memory_overhead:1746760
used_memory_startup:1746576
used_memory_dataset:70168
used_memory_dataset_perc:99.74%
allocator_allocated:2080696
allocator_active:2637824
allocator_resident:10801152
total_system_memory:270388695040
total_system_memory_human:251.82G
used_memory_lua:31744
used_memory_vm_eval:31744
used_memory_lua_human:31.00K
used_memory_scripts_eval:0
number_of_cached_scripts:0
number_of_functions:0
number_of_libraries:0
used_memory_vm_functions:32768
used_memory_vm_total:64512
used_memory_vm_total_human:63.00K
used_memory_functions:184
used_memory_scripts:184
used_memory_scripts_human:184B
maxmemory:0
maxmemory_human:0B
maxmemory_policy:noeviction
allocator_frag_ratio:1.27
allocator_frag_bytes:557128
allocator_rss_ratio:4.09
allocator_rss_bytes:8163328
rss_overhead_ratio:1.65
rss_overhead_bytes:7004160
mem_fragmentation_ratio:10.19
mem_fragmentation_bytes:16058592
mem_not_counted_for_evict:0
mem_replication_backlog:0
mem_total_replication_buffers:0
mem_clients_slaves:0
mem_clients_normal:0
mem_cluster_links:0
mem_aof_buffer:0
mem_allocator:jemalloc-5.3.0
active_defrag_running:0
lazyfree_pending_objects:0
lazyfreed_objects:0

# Persistence
loading:0
async_loading:0
current_cow_peak:0
current_cow_size:0
current_cow_size_age:0
current_fork_perc:0.00
current_save_keys_processed:0
current_save_keys_total:0
rdb_changes_since_last_save:0
rdb_bgsave_in_progress:0
rdb_last_save_time:1704374547
rdb_last_bgsave_status:ok
rdb_last_bgsave_time_sec:-1
rdb_current_bgsave_time_sec:-1
rdb_saves:0
rdb_last_cow_size:0
rdb_last_load_keys_expired:0
rdb_last_load_keys_loaded:0
aof_enabled:0
aof_rewrite_in_progress:0
aof_rewrite_scheduled:0
aof_last_rewrite_time_sec:-1
aof_current_rewrite_time_sec:-1
aof_last_bgrewrite_status:ok
aof_rewrites:0
aof_rewrites_consecutive_failures:0
aof_last_write_status:ok
aof_last_cow_size:0
module_fork_in_progress:0
module_fork_last_cow_size:0

# Stats
total_connections_received:1
total_commands_processed:7
instantaneous_ops_per_sec:23
total_net_input_bytes:33
total_net_output_bytes:5
total_net_repl_input_bytes:0
total_net_repl_output_bytes:0
instantaneous_input_kbps:0.00
instantaneous_output_kbps:0.00
instantaneous_input_repl_kbps:0.00
instantaneous_output_repl_kbps:0.00
rejected_connections:0
sync_full:0
sync_partial_ok:0
sync_partial_err:0
expired_keys:0
expired_stale_perc:0.00
expired_time_cap_reached_count:0
expire_cycle_cpu_milliseconds:0
evicted_keys:0
evicted_clients:0
total_eviction_exceeded_time:0
current_eviction_exceeded_time:0
keyspace_hits:0
keyspace_misses:0
pubsub_channels:0
pubsub_patterns:0
pubsubshard_channels:0
latest_fork_usec:0
total_forks:0
migrate_cached_sockets:0
slave_expires_tracked_keys:0
active_defrag_hits:0
active_defrag_misses:0
active_defrag_key_hits:0
active_defrag_key_misses:0
total_active_defrag_time:0
current_active_defrag_time:0
tracking_total_keys:0
tracking_total_items:0
tracking_total_prefixes:0
unexpected_error_replies:0
total_error_replies:0
dump_payload_sanitizations:0
total_reads_processed:1
total_writes_processed:1
io_threaded_reads_processed:0
io_threaded_writes_processed:0
reply_buffer_shrinks:0
reply_buffer_expands:0
acl_access_denied_auth:0
acl_access_denied_cmd:0
acl_access_denied_key:0
acl_access_denied_channel:0

# Replication
role:master
connected_slaves:0
master_failover_state:no-failover
master_replid:cb4831907971a61e2fd41c794cbfb9007f345e39
master_replid2:0000000000000000000000000000000000000000
master_repl_offset:0
second_repl_offset:-1
repl_backlog_active:0
repl_backlog_size:1048576
repl_backlog_first_byte_offset:0
repl_backlog_histlen:0

# CPU
used_cpu_sys:0.006961
used_cpu_user:0.012275
used_cpu_sys_children:0.000000
used_cpu_user_children:0.000000
used_cpu_sys_main_thread:0.006269
used_cpu_user_main_thread:0.012538

# Modules
module:name=raft,ver=1,api=1,filters=1,usedby=[],using=[],options=[]

# Commandstats
cmdstat_config|get:calls=3,usec=6,usec_per_call=2.00,rejected_calls=0,failed_calls=0
cmdstat_config|set:calls=1,usec=11,usec_per_call=11.00,rejected_calls=0,failed_calls=0
cmdstat_auth:calls=1,usec=2,usec_per_call=2.00,rejected_calls=0,failed_calls=0
cmdstat_command:calls=2,usec=1677,usec_per_call=838.50,rejected_calls=0,failed_calls=0

# Errorstats

# Latencystats
latency_percentiles_usec_config|get:p50=2.007,p99=3.007,p99.9=3.007
latency_percentiles_usec_config|set:p50=11.007,p99=11.007,p99.9=11.007
latency_percentiles_usec_auth:p50=2.007,p99=2.007,p99.9=2.007
latency_percentiles_usec_command:p50=802.815,p99=876.543,p99.9=876.543

# Cluster
cluster_enabled:0

# Keyspace

------ CLIENT LIST OUTPUT ------
id=8 addr=127.0.0.1:51382 laddr=127.0.0.1:5073 fd=11 name= age=0 idle=0 flags=N db=0 sub=0 psub=0 ssub=0 multi=-1 qbuf=0 qbuf-free=20474 argv-mem=0 multi-mem=0 rbs=16384 rbp=16384 obl=0 oll=0 omem=0 tot-mem=37760 events=r cmd=auth user=default redir=-1 resp=2 lib-name= lib-ver=

------ MODULES INFO OUTPUT ------
# raft_version
raft_version:255.255.255
raft_git_sha1:b779b199

# raft_general
raft_dbid:359b0c3739951dede4c11d6be8ea573f
raft_node_id:3
raft_state:up
raft_role:follower
raft_is_voting:no
raft_voted_for:-1
raft_leader_id:-1
raft_current_term:0
raft_num_nodes:1
raft_num_voting_nodes:0

# raft_log
raft_log_entries:0
raft_current_index:0
raft_commit_index:0
raft_last_applied_index:0
raft_file_size:101
raft_cache_memory_size:0
raft_cache_entries:0
raft_client_attached_entries:0
raft_fsync_count:0
raft_fsync_max_microseconds:0
raft_fsync_avg_microseconds:0

# raft_snapshot
raft_snapshot_filename:redis3.rdb
raft_snapshot_last_idx:0
raft_snapshot_last_term:0
raft_snapshot_size:0
raft_snapshot_time_secs:-1
raft_snapshots_created:0
raft_snapshots_received:0
raft_snapshot_in_progress:no
raft_snapshot_in_progress_last_idx:-1
raft_snapshot_in_progress_last_term:-1

# raft_clients
raft_proxy_reqs:0
raft_proxy_failed_reqs:0
raft_proxy_failed_responses:0
raft_proxy_outstanding_reqs:0

# raft_stats
raft_appendreq_received:0
raft_appendreq_with_entry_received:0
raft_snapshotreq_received:0
raft_exec_throttled:0
raft_num_sessions:0

------ CONFIG DEBUG OUTPUT ------
lazyfree-lazy-user-del no
lazyfree-lazy-user-flush no
slave-read-only yes
proto-max-bulk-len 512mb
lazyfree-lazy-server-del no
io-threads 1
sanitize-dump-payload no
list-compress-depth 0
repl-diskless-load disabled
activedefrag no
client-query-buffer-limit 1gb
repl-diskless-sync yes
lazyfree-lazy-expire no
io-threads-do-reads no
replica-read-only yes
lazyfree-lazy-eviction no

------ FAST MEMORY TEST ------
4175672:M 04 Jan 2024 14:22:27.771 # Bio worker thread #0 terminated
4175672:M 04 Jan 2024 14:22:27.771 # Bio worker thread #1 terminated
4175672:M 04 Jan 2024 14:22:27.771 # Bio worker thread #2 terminated
*** Preparing to test memory region 55778c29c000 (2273280 bytes)
*** Preparing to test memory region 55778e045000 (405504 bytes)
*** Preparing to test memory region 7fe8ccfff000 (8388608 bytes)
*** Preparing to test memory region 7fe8cd800000 (8388608 bytes)
*** Preparing to test memory region 7fe8ce000000 (6291456 bytes)
*** Preparing to test memory region 7fe8ce7fe000 (8388608 bytes)
*** Preparing to test memory region 7fe8cefff000 (8388608 bytes)
*** Preparing to test memory region 7fe8cf800000 (8388608 bytes)
*** Preparing to test memory region 7fe8d0000000 (135168 bytes)
*** Preparing to test memory region 7fe8d43a7000 (8388608 bytes)
*** Preparing to test memory region 7fe8d4ba8000 (8388608 bytes)
*** Preparing to test memory region 7fe8d53a9000 (8388608 bytes)
*** Preparing to test memory region 7fe8d5baa000 (8388608 bytes)
*** Preparing to test memory region 7fe8d63ab000 (8388608 bytes)
*** Preparing to test memory region 7fe8d6bac000 (8388608 bytes)
*** Preparing to test memory region 7fe8d73ad000 (8388608 bytes)
*** Preparing to test memory region 7fe8d7bad000 (2621440 bytes)
*** Preparing to test memory region 7fe8d7e3c000 (8192 bytes)
*** Preparing to test memory region 7fe8d847f000 (12288 bytes)
*** Preparing to test memory region 7fe8d8a18000 (16384 bytes)
*** Preparing to test memory region 7fe8d8b6b000 (8192 bytes)
*** Preparing to test memory region 7fe8d8dfa000 (24576 bytes)
*** Preparing to test memory region 7fe8d9600000 (8388608 bytes)
*** Preparing to test memory region 7fe8d9e1a000 (4096 bytes)
*** Preparing to test memory region 7fe8d9e3f000 (32768 bytes)
*** Preparing to test memory region 7fe8da01b000 (53248 bytes)
*** Preparing to test memory region 7fe8da138000 (8192 bytes)
.O.O.O.O.O.O.O.O.O.O.O.O.O.O.O.
----- Stderr -----
redis-server: /home/snagendra/Fuzzing/redisraft-fuzzing/deps/raft/src/raft_server.c:1702: raft_get_first_entry_idx: Assertion `0 < raft_get_current_idx(me)' failed.
redis-server: /home/snagendra/Fuzzing/redisraft-fuzzing/deps/raft/src/raft_server.c:1702: raft_get_first_entry_idx: Assertion `0 < raft_get_current_idx(me)' failed.
redis-server: /home/snagendra/Fuzzing/redisraft-fuzzing/deps/raft/src/raft_server.c:1702: raft_get_first_entry_idx: Assertion `0 < raft_get_current_idx(me)' failed.



