logs for node: 2

----- Stdout -----
1424316:C 04 Jan 2024 15:16:04.231 # WARNING Memory overcommit must be enabled! Without it, a background save or replication may fail under low memory condition. Being disabled, it can also cause failures without low memory condition, see https://github.com/jemalloc/jemalloc/issues/1328. To fix this issue add 'vm.overcommit_memory = 1' to /etc/sysctl.conf and then reboot or run the command 'sysctl vm.overcommit_memory=1' for this to take effect.
1424316:C 04 Jan 2024 15:16:04.231 * oO0OoO0OoO0Oo Redis is starting oO0OoO0OoO0Oo
1424316:C 04 Jan 2024 15:16:04.231 * Redis version=255.255.255, bits=64, commit=e04ebdb8, modified=1, pid=1424316, just started
1424316:C 04 Jan 2024 15:16:04.231 * Configuration loaded
1424316:M 04 Jan 2024 15:16:04.232 * monotonic clock: POSIX clock_gettime
1424316:M 04 Jan 2024 15:16:04.232 * Running mode=standalone, port=5032.
1424316:M 04 Jan 2024 15:16:04.239 * <raft> RedisRaft version 255.255.255 [b779b199]
1424316:M 04 Jan 2024 15:16:04.243 * <raft> Initializing test network
1424316:M 04 Jan 2024 15:16:04.244 * <raft> Created test network client
1424316:M 04 Jan 2024 15:16:04.245 * <raft> Raft module loaded, state is 'uninitialized'
1424316:M 04 Jan 2024 15:16:04.245 * Module 'raft' loaded from /home/snagendra/Fuzzing/redisraft-fuzzing/redisraft.so
1424316:M 04 Jan 2024 15:16:04.245 * Server initialized
1424316:M 04 Jan 2024 15:16:04.246 . The AOF directory appendonlydir doesn't exist
1424316:M 04 Jan 2024 15:16:04.246 * Ready to accept connections tcp
1424316:M 04 Jan 2024 15:16:04.246 . 0 clients connected (0 replicas), 1726352 bytes in use
1424316:M 04 Jan 2024 15:16:04.260 - Accepted 127.0.0.1:49026
1424316:M 04 Jan 2024 15:16:04.260 # Missing implement of connection type tls
1424316:M 04 Jan 2024 15:16:04.345 - <raft> join cluster, connecting to localhost:5031
1424316:M 04 Jan 2024 15:16:04.346 * <raft> Joined Raft cluster, node id: 2, dbid: f3080035e94e0e9e0b0b3aa47ef5fa89
1424316:M 04 Jan 2024 15:16:04.353 * <raft> Cluster Membership: term:0 index:0 nodes: id=2,voting=0,active=1,addr=-
1424316:M 04 Jan 2024 15:16:04.353 * <raft> Test network starting message polling thread
1424316:M 04 Jan 2024 15:16:04.414 - Accepted 127.0.0.1:49032
1424316:M 04 Jan 2024 15:16:04.746 * <raft> State change: Election starting, node is now a pre-candidate, term 0
1424316:M 04 Jan 2024 15:16:04.746 * <raft> Cluster Membership: term:0 index:0 nodes: id=2,voting=0,active=1,addr=-
1424316:signal-handler (1704377764) Received SIGINT scheduling shutdown...
1424316:signal-handler (1704377764) You insist... exiting now.
1425197:C 04 Jan 2024 15:16:06.333 # WARNING Memory overcommit must be enabled! Without it, a background save or replication may fail under low memory condition. Being disabled, it can also cause failures without low memory condition, see https://github.com/jemalloc/jemalloc/issues/1328. To fix this issue add 'vm.overcommit_memory = 1' to /etc/sysctl.conf and then reboot or run the command 'sysctl vm.overcommit_memory=1' for this to take effect.
1425197:C 04 Jan 2024 15:16:06.333 * oO0OoO0OoO0Oo Redis is starting oO0OoO0OoO0Oo
1425197:C 04 Jan 2024 15:16:06.333 * Redis version=255.255.255, bits=64, commit=e04ebdb8, modified=1, pid=1425197, just started
1425197:C 04 Jan 2024 15:16:06.333 * Configuration loaded
1425197:M 04 Jan 2024 15:16:06.333 * monotonic clock: POSIX clock_gettime
1425197:M 04 Jan 2024 15:16:06.334 * Running mode=standalone, port=5032.
1425197:M 04 Jan 2024 15:16:06.340 * <raft> RedisRaft version 255.255.255 [b779b199]
1425197:M 04 Jan 2024 15:16:06.344 * <raft> Initializing test network
1425197:M 04 Jan 2024 15:16:06.345 * <raft> Created test network client
1425197:M 04 Jan 2024 15:16:06.345 * <raft> Raft module loaded, state is 'uninitialized'
1425197:M 04 Jan 2024 15:16:06.345 * Module 'raft' loaded from /home/snagendra/Fuzzing/redisraft-fuzzing/redisraft.so
1425197:M 04 Jan 2024 15:16:06.346 * Server initialized
1425197:M 04 Jan 2024 15:16:06.346 . The AOF directory appendonlydir doesn't exist
1425197:M 04 Jan 2024 15:16:06.346 * Ready to accept connections tcp
1425197:M 04 Jan 2024 15:16:06.346 . 0 clients connected (0 replicas), 1726160 bytes in use
1425197:M 04 Jan 2024 15:16:07.252 - Accepted 127.0.0.1:49054
1425197:M 04 Jan 2024 15:16:07.252 # Missing implement of connection type tls
1425197:M 04 Jan 2024 15:16:07.489 - Accepted 127.0.0.1:49062
1425197:M 04 Jan 2024 15:16:07.637 - Client closed connection id=8 addr=127.0.0.1:49054 laddr=127.0.0.1:5032 fd=9 name= age=0 idle=0 flags=N db=0 sub=0 psub=0 ssub=0 multi=-1 qbuf=0 qbuf-free=20474 argv-mem=0 multi-mem=0 rbs=1024 rbp=0 obl=0 oll=0 omem=0 tot-mem=22400 events=r cmd=auth user=default redir=-1 resp=2 lib-name= lib-ver=
1425197:signal-handler (1704377767) Received SIGINT scheduling shutdown...
1425197:signal-handler (1704377767) You insist... exiting now.

----- Stderr -----
libgcov profiling error:/home/snagendra/Fuzzing/redisraft-fuzzing/build/deps/raft/CMakeFiles/raft.dir/src/raft_server.c.gcda:Merge mismatch for function 12
libgcov profiling error:/home/snagendra/Fuzzing/redisraft-fuzzing/build/deps/raft/CMakeFiles/raft.dir/src/raft_server.c.gcda:Merge mismatch for function 12




logs for node: 3

----- Stdout -----
1424342:C 04 Jan 2024 15:16:04.356 # WARNING Memory overcommit must be enabled! Without it, a background save or replication may fail under low memory condition. Being disabled, it can also cause failures without low memory condition, see https://github.com/jemalloc/jemalloc/issues/1328. To fix this issue add 'vm.overcommit_memory = 1' to /etc/sysctl.conf and then reboot or run the command 'sysctl vm.overcommit_memory=1' for this to take effect.
1424342:C 04 Jan 2024 15:16:04.356 * oO0OoO0OoO0Oo Redis is starting oO0OoO0OoO0Oo
1424342:C 04 Jan 2024 15:16:04.356 * Redis version=255.255.255, bits=64, commit=e04ebdb8, modified=1, pid=1424342, just started
1424342:C 04 Jan 2024 15:16:04.356 * Configuration loaded
1424342:M 04 Jan 2024 15:16:04.356 * monotonic clock: POSIX clock_gettime
1424342:M 04 Jan 2024 15:16:04.357 * Running mode=standalone, port=5033.
1424342:M 04 Jan 2024 15:16:04.363 * <raft> RedisRaft version 255.255.255 [b779b199]
1424342:M 04 Jan 2024 15:16:04.368 * <raft> Initializing test network
1424342:M 04 Jan 2024 15:16:04.369 * <raft> Created test network client
1424342:M 04 Jan 2024 15:16:04.369 * <raft> Raft module loaded, state is 'uninitialized'
1424342:M 04 Jan 2024 15:16:04.369 * Module 'raft' loaded from /home/snagendra/Fuzzing/redisraft-fuzzing/redisraft.so
1424342:M 04 Jan 2024 15:16:04.370 * Server initialized
1424342:M 04 Jan 2024 15:16:04.370 . The AOF directory appendonlydir doesn't exist
1424342:M 04 Jan 2024 15:16:04.371 * Ready to accept connections tcp
1424342:M 04 Jan 2024 15:16:04.371 . 0 clients connected (0 replicas), 1726224 bytes in use
1424342:M 04 Jan 2024 15:16:04.377 - Accepted 127.0.0.1:34502
1424342:M 04 Jan 2024 15:16:04.377 # Missing implement of connection type tls
1424342:M 04 Jan 2024 15:16:04.470 - <raft> join cluster, connecting to localhost:5031
1424342:M 04 Jan 2024 15:16:04.472 * <raft> Joined Raft cluster, node id: 3, dbid: f3080035e94e0e9e0b0b3aa47ef5fa89
1424342:M 04 Jan 2024 15:16:04.478 * <raft> Cluster Membership: term:0 index:0 nodes: id=3,voting=0,active=1,addr=-
1424342:M 04 Jan 2024 15:16:04.478 * <raft> Test network starting message polling thread
1424342:M 04 Jan 2024 15:16:04.514 - Accepted 127.0.0.1:34506
1424342:signal-handler (1704377764) Received SIGINT scheduling shutdown...
1424342:signal-handler (1704377764) You insist... exiting now.
1424776:C 04 Jan 2024 15:16:05.355 # WARNING Memory overcommit must be enabled! Without it, a background save or replication may fail under low memory condition. Being disabled, it can also cause failures without low memory condition, see https://github.com/jemalloc/jemalloc/issues/1328. To fix this issue add 'vm.overcommit_memory = 1' to /etc/sysctl.conf and then reboot or run the command 'sysctl vm.overcommit_memory=1' for this to take effect.
1424776:C 04 Jan 2024 15:16:05.355 * oO0OoO0OoO0Oo Redis is starting oO0OoO0OoO0Oo
1424776:C 04 Jan 2024 15:16:05.355 * Redis version=255.255.255, bits=64, commit=e04ebdb8, modified=1, pid=1424776, just started
1424776:C 04 Jan 2024 15:16:05.355 * Configuration loaded
1424776:M 04 Jan 2024 15:16:05.356 * monotonic clock: POSIX clock_gettime
1424776:M 04 Jan 2024 15:16:05.356 * Running mode=standalone, port=5033.
1424776:M 04 Jan 2024 15:16:05.363 * <raft> RedisRaft version 255.255.255 [b779b199]
1424776:M 04 Jan 2024 15:16:05.367 * <raft> Initializing test network
1424776:M 04 Jan 2024 15:16:05.368 * <raft> Created test network client
1424776:M 04 Jan 2024 15:16:05.371 * <raft> Raft module loaded, state is 'loading'
1424776:M 04 Jan 2024 15:16:05.371 * Module 'raft' loaded from /home/snagendra/Fuzzing/redisraft-fuzzing/redisraft.so
1424776:M 04 Jan 2024 15:16:05.372 * Server initialized
1424776:M 04 Jan 2024 15:16:05.372 . The AOF directory appendonlydir doesn't exist
1424776:M 04 Jan 2024 15:16:05.372 * Ready to accept connections tcp
1424776:M 04 Jan 2024 15:16:05.372 . 0 clients connected (0 replicas), 1746656 bytes in use
1424776:M 04 Jan 2024 15:16:05.472 * <raft> Loading: Redis loading complete, snapshot NOT LOADED
1424776:M 04 Jan 2024 15:16:05.473 * <raft> Cluster Membership: term:0 index:0 nodes: id=3,voting=0,active=1,addr=-
1424776:M 04 Jan 2024 15:16:05.473 * <raft> Test network starting message polling thread


=== REDIS BUG REPORT START: Cut & paste starting from here ===
1424776:M 04 Jan 2024 15:16:05.473 # Redis 255.255.255 crashed by signal: 6, si_code: -6
1424776:M 04 Jan 2024 15:16:05.473 # Crashed running the instruction at: 0x7f6609d1fd3c

------ STACK TRACE ------
EIP:
/lib/x86_64-linux-gnu/libc.so.6(+0x8ad3c)[0x7f6609d1fd3c]

Backtrace:
/lib/x86_64-linux-gnu/libc.so.6(+0x3bfd0)[0x7f6609cd0fd0]
/lib/x86_64-linux-gnu/libc.so.6(+0x8ad3c)[0x7f6609d1fd3c]
/lib/x86_64-linux-gnu/libc.so.6(gsignal+0x12)[0x7f6609cd0f32]
/lib/x86_64-linux-gnu/libc.so.6(abort+0xd3)[0x7f6609cbb472]
/lib/x86_64-linux-gnu/libc.so.6(+0x26395)[0x7f6609cbb395]
/lib/x86_64-linux-gnu/libc.so.6(+0x34e32)[0x7f6609cc9e32]
/home/snagendra/Fuzzing/redisraft-fuzzing/redisraft.so(+0x3caea)[0x7f6609c44aea]
/home/snagendra/Fuzzing/redisraft-fuzzing/redisraft.so(callRaftPeriodic+0x478)[0x7f6609c35088]
/home/snagendra/Fuzzing/redis/src/redis-server 0.0.0.0:5033(moduleTimerHandler+0x21c)[0x5596c441198c]
/home/snagendra/Fuzzing/redis/src/redis-server 0.0.0.0:5033(+0x81705)[0x5596c431b705]
/home/snagendra/Fuzzing/redis/src/redis-server 0.0.0.0:5033(aeMain+0x1c8)[0x5596c4325cb8]
/home/snagendra/Fuzzing/redis/src/redis-server 0.0.0.0:5033(main+0x3cd)[0x5596c431ae2d]
/lib/x86_64-linux-gnu/libc.so.6(+0x271ca)[0x7f6609cbc1ca]
/lib/x86_64-linux-gnu/libc.so.6(__libc_start_main+0x85)[0x7f6609cbc285]
/home/snagendra/Fuzzing/redis/src/redis-server 0.0.0.0:5033(_start+0x2a)[0x5596c431b5aa]

------ REGISTERS ------
1424776:M 04 Jan 2024 15:16:05.474 # 
RAX:0000000000000000 RBX:000000000015bd88
RCX:00007f6609d1fd3c RDX:0000000000000006
RDI:000000000015bd88 RSI:000000000015bd88
RBP:00007f6609c911c0 RSP:00007fff9184b2f0
R8 :0000000000000007 R9 :00005596c53e76b0
R10:0000000000000008 R11:0000000000000246
R12:0000000000000006 R13:00000000000006a6
R14:00007f6609c7105c R15:00005596c44102b0
RIP:00007f6609d1fd3c EFL:0000000000000246
CSGSFS:002b000000000033
1424776:M 04 Jan 2024 15:16:05.474 # (00007fff9184b2ff) -> 00005596c53e7760
1424776:M 04 Jan 2024 15:16:05.474 # (00007fff9184b2fe) -> 00007f6609e67c60
1424776:M 04 Jan 2024 15:16:05.474 # (00007fff9184b2fd) -> 0000000000000421
1424776:M 04 Jan 2024 15:16:05.474 # (00007fff9184b2fc) -> 00005596c53e76b0
1424776:M 04 Jan 2024 15:16:05.474 # (00007fff9184b2fb) -> 00000000000006a6
1424776:M 04 Jan 2024 15:16:05.474 # (00007fff9184b2fa) -> 0000000000000020
1424776:M 04 Jan 2024 15:16:05.474 # (00007fff9184b2f9) -> 00007f6609cbb472
1424776:M 04 Jan 2024 15:16:05.474 # (00007fff9184b2f8) -> 00007f6609e68e70
1424776:M 04 Jan 2024 15:16:05.474 # (00007fff9184b2f7) -> 00007f6609cd0f32
1424776:M 04 Jan 2024 15:16:05.474 # (00007fff9184b2f6) -> 00007f6609c7105c
1424776:M 04 Jan 2024 15:16:05.474 # (00007fff9184b2f5) -> 00000000000006a6
1424776:M 04 Jan 2024 15:16:05.474 # (00007fff9184b2f4) -> 00007f6609c70720
1424776:M 04 Jan 2024 15:16:05.474 # (00007fff9184b2f3) -> 00007f6609c911c0
1424776:M 04 Jan 2024 15:16:05.474 # (00007fff9184b2f2) -> 0000000000000006
1424776:M 04 Jan 2024 15:16:05.474 # (00007fff9184b2f1) -> 32d912ddd3602500
1424776:M 04 Jan 2024 15:16:05.474 # (00007fff9184b2f0) -> 00005596c44102b0

------ INFO OUTPUT ------
# Server
redis_version:255.255.255
redis_git_sha1:e04ebdb8
redis_git_dirty:1
redis_build_id:1f78dcc7b4fbdd25
redis_mode:standalone
os:Linux 6.1.60.1.amd64-smp x86_64
arch_bits:64
monotonic_clock:POSIX clock_gettime
multiplexing_api:epoll
atomicvar_api:c11-builtin
gcc_version:10.2.1
process_id:1424776
process_supervised:no
run_id:4e137fceecc1990ee923d85d69165ec28f575352
tcp_port:5033
server_time_usec:1704377765472549
uptime_in_seconds:0
uptime_in_days:0
hz:10
configured_hz:10
lru_clock:9878949
executable:/home/snagendra/Fuzzing/redis/src/redis-server
config_file:
io_threads_active:0
listener0:name=tcp,bind=0.0.0.0,port=5033

# Clients
connected_clients:0
cluster_connections:0
maxclients:10000
client_recent_max_input_buffer:0
client_recent_max_output_buffer:0
blocked_clients:0
tracking_clients:0
clients_in_timeout_table:0
total_blocking_keys:0
total_blocking_keys_on_nokey:0

# Memory
used_memory:1753880
used_memory_human:1.67M
used_memory_rss:17661952
used_memory_rss_human:16.84M
used_memory_peak:1753880
used_memory_peak_human:1.67M
used_memory_peak_perc:100.41%
used_memory_overhead:1746696
used_memory_startup:1746512
used_memory_dataset:7184
used_memory_dataset_perc:97.50%
allocator_allocated:2021176
allocator_active:2555904
allocator_resident:10883072
total_system_memory:270388695040
total_system_memory_human:251.82G
used_memory_lua:31744
used_memory_vm_eval:31744
used_memory_lua_human:31.00K
used_memory_scripts_eval:0
number_of_cached_scripts:0
number_of_functions:0
number_of_libraries:0
used_memory_vm_functions:32768
used_memory_vm_total:64512
used_memory_vm_total_human:63.00K
used_memory_functions:184
used_memory_scripts:184
used_memory_scripts_human:184B
maxmemory:0
maxmemory_human:0B
maxmemory_policy:noeviction
allocator_frag_ratio:1.26
allocator_frag_bytes:534728
allocator_rss_ratio:4.26
allocator_rss_bytes:8327168
rss_overhead_ratio:1.62
rss_overhead_bytes:6778880
mem_fragmentation_ratio:10.11
mem_fragmentation_bytes:15915296
mem_not_counted_for_evict:0
mem_replication_backlog:0
mem_total_replication_buffers:0
mem_clients_slaves:0
mem_clients_normal:0
mem_cluster_links:0
mem_aof_buffer:0
mem_allocator:jemalloc-5.3.0
active_defrag_running:0
lazyfree_pending_objects:0
lazyfreed_objects:0

# Persistence
loading:0
async_loading:0
current_cow_peak:0
current_cow_size:0
current_cow_size_age:0
current_fork_perc:0.00
current_save_keys_processed:0
current_save_keys_total:0
rdb_changes_since_last_save:0
rdb_bgsave_in_progress:0
rdb_last_save_time:1704377765
rdb_last_bgsave_status:ok
rdb_last_bgsave_time_sec:-1
rdb_current_bgsave_time_sec:-1
rdb_saves:0
rdb_last_cow_size:0
rdb_last_load_keys_expired:0
rdb_last_load_keys_loaded:0
aof_enabled:0
aof_rewrite_in_progress:0
aof_rewrite_scheduled:0
aof_last_rewrite_time_sec:-1
aof_current_rewrite_time_sec:-1
aof_last_bgrewrite_status:ok
aof_rewrites:0
aof_rewrites_consecutive_failures:0
aof_last_write_status:ok
aof_last_cow_size:0
module_fork_in_progress:0
module_fork_last_cow_size:0

# Stats
total_connections_received:0
total_commands_processed:6
instantaneous_ops_per_sec:23
total_net_input_bytes:0
total_net_output_bytes:0
total_net_repl_input_bytes:0
total_net_repl_output_bytes:0
instantaneous_input_kbps:0.00
instantaneous_output_kbps:0.00
instantaneous_input_repl_kbps:0.00
instantaneous_output_repl_kbps:0.00
rejected_connections:0
sync_full:0
sync_partial_ok:0
sync_partial_err:0
expired_keys:0
expired_stale_perc:0.00
expired_time_cap_reached_count:0
expire_cycle_cpu_milliseconds:0
evicted_keys:0
evicted_clients:0
total_eviction_exceeded_time:0
current_eviction_exceeded_time:0
keyspace_hits:0
keyspace_misses:0
pubsub_channels:0
pubsub_patterns:0
pubsubshard_channels:0
latest_fork_usec:0
total_forks:0
migrate_cached_sockets:0
slave_expires_tracked_keys:0
active_defrag_hits:0
active_defrag_misses:0
active_defrag_key_hits:0
active_defrag_key_misses:0
total_active_defrag_time:0
current_active_defrag_time:0
tracking_total_keys:0
tracking_total_items:0
tracking_total_prefixes:0
unexpected_error_replies:0
total_error_replies:0
dump_payload_sanitizations:0
total_reads_processed:0
total_writes_processed:0
io_threaded_reads_processed:0
io_threaded_writes_processed:0
reply_buffer_shrinks:0
reply_buffer_expands:0
acl_access_denied_auth:0
acl_access_denied_cmd:0
acl_access_denied_key:0
acl_access_denied_channel:0

# Replication
role:master
connected_slaves:0
master_failover_state:no-failover
master_replid:65fbeb6bbca0d1d71c109798c7a420d0d31a6565
master_replid2:0000000000000000000000000000000000000000
master_repl_offset:0
second_repl_offset:-1
repl_backlog_active:0
repl_backlog_size:1048576
repl_backlog_first_byte_offset:0
repl_backlog_histlen:0

# CPU
used_cpu_sys:0.008181
used_cpu_user:0.010600
used_cpu_sys_children:0.000000
used_cpu_user_children:0.000000
used_cpu_sys_main_thread:0.008655
used_cpu_user_main_thread:0.008655

# Modules
module:name=raft,ver=1,api=1,filters=1,usedby=[],using=[],options=[]

# Commandstats
cmdstat_config|set:calls=1,usec=7,usec_per_call=7.00,rejected_calls=0,failed_calls=0
cmdstat_config|get:calls=3,usec=4,usec_per_call=1.33,rejected_calls=0,failed_calls=0
cmdstat_command:calls=2,usec=1531,usec_per_call=765.50,rejected_calls=0,failed_calls=0

# Errorstats

# Latencystats
latency_percentiles_usec_config|set:p50=7.007,p99=7.007,p99.9=7.007
latency_percentiles_usec_config|get:p50=1.003,p99=2.007,p99.9=2.007
latency_percentiles_usec_command:p50=745.471,p99=790.527,p99.9=790.527

# Cluster
cluster_enabled:0

# Keyspace

------ CLIENT LIST OUTPUT ------

------ MODULES INFO OUTPUT ------
# raft_version
raft_version:255.255.255
raft_git_sha1:b779b199

# raft_general
raft_dbid:f3080035e94e0e9e0b0b3aa47ef5fa89
raft_node_id:3
raft_state:up
raft_role:follower
raft_is_voting:no
raft_voted_for:-1
raft_leader_id:-1
raft_current_term:0
raft_num_nodes:1
raft_num_voting_nodes:0

# raft_log
raft_log_entries:0
raft_current_index:0
raft_commit_index:0
raft_last_applied_index:0
raft_file_size:101
raft_cache_memory_size:0
raft_cache_entries:0
raft_client_attached_entries:0
raft_fsync_count:0
raft_fsync_max_microseconds:0
raft_fsync_avg_microseconds:0

# raft_snapshot
raft_snapshot_filename:redis3.rdb
raft_snapshot_last_idx:0
raft_snapshot_last_term:0
raft_snapshot_size:0
raft_snapshot_time_secs:-1
raft_snapshots_created:0
raft_snapshots_received:0
raft_snapshot_in_progress:no
raft_snapshot_in_progress_last_idx:-1
raft_snapshot_in_progress_last_term:-1

# raft_clients
raft_proxy_reqs:0
raft_proxy_failed_reqs:0
raft_proxy_failed_responses:0
raft_proxy_outstanding_reqs:0

# raft_stats
raft_appendreq_received:0
raft_appendreq_with_entry_received:0
raft_snapshotreq_received:0
raft_exec_throttled:0
raft_num_sessions:0

------ CONFIG DEBUG OUTPUT ------
io-threads-do-reads no
lazyfree-lazy-eviction no
proto-max-bulk-len 512mb
slave-read-only yes
repl-diskless-load disabled
lazyfree-lazy-expire no
lazyfree-lazy-user-flush no
client-query-buffer-limit 1gb
io-threads 1
list-compress-depth 0
lazyfree-lazy-user-del no
repl-diskless-sync yes
sanitize-dump-payload no
lazyfree-lazy-server-del no
replica-read-only yes
activedefrag no

------ FAST MEMORY TEST ------
1424776:M 04 Jan 2024 15:16:05.474 # Bio worker thread #0 terminated
1424776:M 04 Jan 2024 15:16:05.474 # Bio worker thread #1 terminated
1424776:M 04 Jan 2024 15:16:05.474 # Bio worker thread #2 terminated
*** Preparing to test memory region 5596c45f1000 (2273280 bytes)
*** Preparing to test memory region 5596c5392000 (405504 bytes)
*** Preparing to test memory region 7f65f0000000 (135168 bytes)
*** Preparing to test memory region 7f65f47fe000 (8388608 bytes)
*** Preparing to test memory region 7f65f8000000 (135168 bytes)
*** Preparing to test memory region 7f65fca00000 (4194304 bytes)
*** Preparing to test memory region 7f65fcfff000 (8388608 bytes)
*** Preparing to test memory region 7f65fd800000 (8388608 bytes)
*** Preparing to test memory region 7f65fe000000 (6291456 bytes)
*** Preparing to test memory region 7f65fe7fe000 (8388608 bytes)
*** Preparing to test memory region 7f65fefff000 (8388608 bytes)
*** Preparing to test memory region 7f65ff800000 (8388608 bytes)
*** Preparing to test memory region 7f6600000000 (135168 bytes)
*** Preparing to test memory region 7f66041f5000 (8388608 bytes)
*** Preparing to test memory region 7f66049f6000 (8388608 bytes)
*** Preparing to test memory region 7f66051f7000 (8388608 bytes)
*** Preparing to test memory region 7f66059f8000 (8388608 bytes)
*** Preparing to test memory region 7f66061f9000 (8388608 bytes)
*** Preparing to test memory region 7f66069fa000 (8388608 bytes)
*** Preparing to test memory region 7f66071fb000 (8388608 bytes)
*** Preparing to test memory region 7f66079fb000 (2621440 bytes)
*** Preparing to test memory region 7f6607c8a000 (8192 bytes)
*** Preparing to test memory region 7f660827f000 (12288 bytes)
*** Preparing to test memory region 7f6608818000 (16384 bytes)
*** Preparing to test memory region 7f66089b6000 (8192 bytes)
*** Preparing to test memory region 7f6608b2d000 (4096 bytes)
*** Preparing to test memory region 7f6608bff000 (4096 bytes)
*** Preparing to test memory region 7f6609400000 (8388608 bytes)
*** Preparing to test memory region 7f6609c00000 (8192 bytes)
*** Preparing to test memory region 7f6609c8a000 (45056 bytes)
*** Preparing to test memory region 7f6609e69000 (53248 bytes)
*** Preparing to test memory region 7f6609f86000 (8192 bytes)
.1424776:M 04 Jan 2024 15:16:05.479 * <raft> Cluster Membership: term:1 index:2 nodes: id=3,voting=0,active=1,addr=- id=1,voting=1,active=1,addr=localhost:5031
1424776:M 04 Jan 2024 15:16:05.480 * <raft> Cluster Membership: term:1 index:3 nodes: id=3,voting=0,active=1,addr=- id=1,voting=1,active=1,addr=localhost:5031 id=2,voting=0,active=1,addr=localhost:5032
O.O.O.O.O.O.O.O.O.O.O.O.O.O.O.O.O.O.O.O.O.O.O.O.O.O.O.O.O.O.O.O
Fast memory test PASSED, however your memory can still be broken. Please run a memory test for several hours if possible.

------ DUMPING CODE AROUND EIP ------
Symbol: (null) (base: (nil))
Module: /lib/x86_64-linux-gnu/libc.so.6 (base 0x7f6609c95000)
$ xxd -r -p /tmp/dump.hex /tmp/dump.bin
$ objdump --adjust-vma=(nil) -D -b binary -m i386:x86-64 /tmp/dump.bin
------

=== REDIS BUG REPORT END. Make sure to include from START to END. ===

       Please report the crash by opening an issue on github:

           http://github.com/redis/redis/issues

  If a Redis module was involved, please open in the module's repo instead.

  Suspect RAM error? Use redis-server --test-memory to verify it.

  Some other issues could be detected by redis-server --check-system
1425500:C 04 Jan 2024 15:16:07.370 # WARNING Memory overcommit must be enabled! Without it, a background save or replication may fail under low memory condition. Being disabled, it can also cause failures without low memory condition, see https://github.com/jemalloc/jemalloc/issues/1328. To fix this issue add 'vm.overcommit_memory = 1' to /etc/sysctl.conf and then reboot or run the command 'sysctl vm.overcommit_memory=1' for this to take effect.
1425500:C 04 Jan 2024 15:16:07.370 * oO0OoO0OoO0Oo Redis is starting oO0OoO0OoO0Oo
1425500:C 04 Jan 2024 15:16:07.370 * Redis version=255.255.255, bits=64, commit=e04ebdb8, modified=1, pid=1425500, just started
1425500:C 04 Jan 2024 15:16:07.370 * Configuration loaded
1425500:M 04 Jan 2024 15:16:07.371 * monotonic clock: POSIX clock_gettime
1425500:M 04 Jan 2024 15:16:07.371 * Running mode=standalone, port=5033.
1425500:M 04 Jan 2024 15:16:07.378 * <raft> RedisRaft version 255.255.255 [b779b199]
1425500:M 04 Jan 2024 15:16:07.383 * <raft> Initializing test network
1425500:M 04 Jan 2024 15:16:07.384 * <raft> Created test network client
1425500:M 04 Jan 2024 15:16:07.387 * <raft> Raft module loaded, state is 'loading'
1425500:M 04 Jan 2024 15:16:07.387 * Module 'raft' loaded from /home/snagendra/Fuzzing/redisraft-fuzzing/redisraft.so
1425500:M 04 Jan 2024 15:16:07.387 * Server initialized
1425500:M 04 Jan 2024 15:16:07.387 . The AOF directory appendonlydir doesn't exist
1425500:M 04 Jan 2024 15:16:07.387 * Ready to accept connections tcp
1425500:M 04 Jan 2024 15:16:07.387 . 0 clients connected (0 replicas), 1746784 bytes in use
1425500:M 04 Jan 2024 15:16:07.453 - Accepted 127.0.0.1:34552
1425500:M 04 Jan 2024 15:16:07.453 # Missing implement of connection type tls
1425500:M 04 Jan 2024 15:16:07.487 * <raft> Loading: Redis loading complete, snapshot NOT LOADED
1425500:M 04 Jan 2024 15:16:07.488 * <raft> Cluster Membership: term:0 index:0 nodes: id=3,voting=0,active=1,addr=-
1425500:M 04 Jan 2024 15:16:07.488 * <raft> Test network starting message polling thread
1425500:M 04 Jan 2024 15:16:07.488 * <raft> Cluster Membership: term:0 index:4 nodes: id=3,voting=0,active=1,addr=- id=1,voting=1,active=1,addr=localhost:5031
1425500:M 04 Jan 2024 15:16:07.488 * <raft> Cluster Membership: term:0 index:4 nodes: id=3,voting=0,active=1,addr=- id=1,voting=1,active=1,addr=localhost:5031 id=2,voting=0,active=1,addr=localhost:5032
1425500:M 04 Jan 2024 15:16:07.488 * <raft> Raft state after loading log: log_count=4, first_idx=1, current_idx=4, last_applied_idx=0
1425500:M 04 Jan 2024 15:16:07.489 . <raft> Raft term=1, vote=-1
1425500:M 04 Jan 2024 15:16:07.637 - Client closed connection id=8 addr=127.0.0.1:34552 laddr=127.0.0.1:5033 fd=11 name= age=0 idle=0 flags=N db=0 sub=0 psub=0 ssub=0 multi=-1 qbuf=0 qbuf-free=20474 argv-mem=0 multi-mem=0 rbs=1024 rbp=0 obl=0 oll=0 omem=0 tot-mem=22400 events=r cmd=auth user=default redir=-1 resp=2 lib-name= lib-ver=
1425500:signal-handler (1704377767) Received SIGINT scheduling shutdown...
1425500:signal-handler (1704377767) You insist... exiting now.

----- Stderr -----
libgcov profiling error:/home/snagendra/Fuzzing/redisraft-fuzzing/build/deps/raft/CMakeFiles/raft.dir/src/raft_server.c.gcda:Merge mismatch for function 12
redis-server: /home/snagendra/Fuzzing/redisraft-fuzzing/deps/raft/src/raft_server.c:1702: raft_get_first_entry_idx: Assertion `0 < raft_get_current_idx(me)' failed.
libgcov profiling error:/home/snagendra/Fuzzing/redisraft-fuzzing/build/deps/raft/CMakeFiles/raft.dir/src/raft_server.c.gcda:Merge mismatch for function 12




logs for node: 1

----- Stdout -----
1424294:C 04 Jan 2024 15:16:04.199 # WARNING Memory overcommit must be enabled! Without it, a background save or replication may fail under low memory condition. Being disabled, it can also cause failures without low memory condition, see https://github.com/jemalloc/jemalloc/issues/1328. To fix this issue add 'vm.overcommit_memory = 1' to /etc/sysctl.conf and then reboot or run the command 'sysctl vm.overcommit_memory=1' for this to take effect.
1424294:C 04 Jan 2024 15:16:04.199 * oO0OoO0OoO0Oo Redis is starting oO0OoO0OoO0Oo
1424294:C 04 Jan 2024 15:16:04.199 * Redis version=255.255.255, bits=64, commit=e04ebdb8, modified=1, pid=1424294, just started
1424294:C 04 Jan 2024 15:16:04.199 * Configuration loaded
1424294:M 04 Jan 2024 15:16:04.200 * monotonic clock: POSIX clock_gettime
1424294:M 04 Jan 2024 15:16:04.200 * Running mode=standalone, port=5031.
1424294:M 04 Jan 2024 15:16:04.207 * <raft> RedisRaft version 255.255.255 [b779b199]
1424294:M 04 Jan 2024 15:16:04.211 * <raft> Initializing test network
1424294:M 04 Jan 2024 15:16:04.212 * <raft> Created test network client
1424294:M 04 Jan 2024 15:16:04.213 * <raft> Raft module loaded, state is 'uninitialized'
1424294:M 04 Jan 2024 15:16:04.213 * Module 'raft' loaded from /home/snagendra/Fuzzing/redisraft-fuzzing/redisraft.so
1424294:M 04 Jan 2024 15:16:04.214 * Server initialized
1424294:M 04 Jan 2024 15:16:04.214 . The AOF directory appendonlydir doesn't exist
1424294:M 04 Jan 2024 15:16:04.215 * Ready to accept connections tcp
1424294:M 04 Jan 2024 15:16:04.215 . 0 clients connected (0 replicas), 1726224 bytes in use
1424294:M 04 Jan 2024 15:16:04.217 - Accepted 127.0.0.1:51250
1424294:M 04 Jan 2024 15:16:04.217 # Missing implement of connection type tls
1424294:M 04 Jan 2024 15:16:04.223 * <raft> Cluster Membership: term:0 index:0 nodes: id=1,voting=0,active=1,addr=-
1424294:M 04 Jan 2024 15:16:04.228 * <raft> State change: Node is now a leader, term 1
1424294:M 04 Jan 2024 15:16:04.228 * <raft> Cluster Membership: term:1 index:1 nodes: id=1,voting=0,active=1,addr=-
1424294:M 04 Jan 2024 15:16:04.229 * <raft> Test network starting message polling thread
1424294:M 04 Jan 2024 15:16:04.229 * <raft> Raft Cluster initialized, node id: 1, dbid: f3080035e94e0e9e0b0b3aa47ef5fa89
1424294:M 04 Jan 2024 15:16:04.345 - Accepted 127.0.0.1:51260
1424294:M 04 Jan 2024 15:16:04.346 * <raft> Cluster Membership: term:1 index:3 nodes: id=1,voting=1,active=1,addr=- id=2,voting=0,active=1,addr=localhost:5032
1424294:M 04 Jan 2024 15:16:04.353 - Client closed connection id=9 addr=127.0.0.1:51260 laddr=127.0.0.1:5031 fd=12 name= age=0 idle=0 flags=N db=0 sub=0 psub=0 ssub=0 multi=-1 qbuf=0 qbuf-free=20474 argv-mem=0 multi-mem=0 rbs=16384 rbp=16384 obl=0 oll=0 omem=0 tot-mem=37760 events=r cmd=raft.node user=default redir=-1 resp=2 lib-name= lib-ver=
1424294:M 04 Jan 2024 15:16:04.471 - Accepted 127.0.0.1:51270
1424294:M 04 Jan 2024 15:16:04.471 * <raft> Cluster Membership: term:1 index:4 nodes: id=1,voting=1,active=1,addr=- id=2,voting=0,active=1,addr=localhost:5032 id=3,voting=0,active=1,addr=localhost:5033
1424294:M 04 Jan 2024 15:16:04.478 - Client closed connection id=10 addr=127.0.0.1:51270 laddr=127.0.0.1:5031 fd=13 name= age=0 idle=0 flags=N db=0 sub=0 psub=0 ssub=0 multi=-1 qbuf=0 qbuf-free=20474 argv-mem=0 multi-mem=0 rbs=16384 rbp=16384 obl=0 oll=0 omem=0 tot-mem=37760 events=r cmd=raft.node user=default redir=-1 resp=2 lib-name= lib-ver=
1424294:signal-handler (1704377764) Received SIGINT scheduling shutdown...
1424294:signal-handler (1704377764) You insist... exiting now.
1425406:C 04 Jan 2024 15:16:07.127 # WARNING Memory overcommit must be enabled! Without it, a background save or replication may fail under low memory condition. Being disabled, it can also cause failures without low memory condition, see https://github.com/jemalloc/jemalloc/issues/1328. To fix this issue add 'vm.overcommit_memory = 1' to /etc/sysctl.conf and then reboot or run the command 'sysctl vm.overcommit_memory=1' for this to take effect.
1425406:C 04 Jan 2024 15:16:07.127 * oO0OoO0OoO0Oo Redis is starting oO0OoO0OoO0Oo
1425406:C 04 Jan 2024 15:16:07.127 * Redis version=255.255.255, bits=64, commit=e04ebdb8, modified=1, pid=1425406, just started
1425406:C 04 Jan 2024 15:16:07.127 * Configuration loaded
1425406:M 04 Jan 2024 15:16:07.128 * monotonic clock: POSIX clock_gettime
1425406:M 04 Jan 2024 15:16:07.128 * Running mode=standalone, port=5031.
1425406:M 04 Jan 2024 15:16:07.135 * <raft> RedisRaft version 255.255.255 [b779b199]
1425406:M 04 Jan 2024 15:16:07.139 * <raft> Initializing test network
1425406:M 04 Jan 2024 15:16:07.140 * <raft> Created test network client
1425406:M 04 Jan 2024 15:16:07.143 * <raft> Raft module loaded, state is 'loading'
1425406:M 04 Jan 2024 15:16:07.143 * Module 'raft' loaded from /home/snagendra/Fuzzing/redisraft-fuzzing/redisraft.so
1425406:M 04 Jan 2024 15:16:07.144 * Server initialized
1425406:M 04 Jan 2024 15:16:07.144 . The AOF directory appendonlydir doesn't exist
1425406:M 04 Jan 2024 15:16:07.144 * Ready to accept connections tcp
1425406:M 04 Jan 2024 15:16:07.144 . 0 clients connected (0 replicas), 1746624 bytes in use
1425406:M 04 Jan 2024 15:16:07.244 * <raft> Loading: Redis loading complete, snapshot NOT LOADED
1425406:M 04 Jan 2024 15:16:07.244 * <raft> Cluster Membership: term:0 index:0 nodes: id=1,voting=0,active=1,addr=-
1425406:M 04 Jan 2024 15:16:07.245 * <raft> Test network starting message polling thread
1425406:M 04 Jan 2024 15:16:07.245 * <raft> Cluster Membership: term:0 index:4 nodes: id=1,voting=1,active=1,addr=- id=2,voting=0,active=1,addr=localhost:5032
1425406:M 04 Jan 2024 15:16:07.245 * <raft> Cluster Membership: term:0 index:4 nodes: id=1,voting=1,active=1,addr=- id=2,voting=0,active=1,addr=localhost:5032 id=3,voting=0,active=1,addr=localhost:5033
1425406:M 04 Jan 2024 15:16:07.245 * <raft> Raft state after loading log: log_count=4, first_idx=1, current_idx=4, last_applied_idx=0
1425406:M 04 Jan 2024 15:16:07.245 . <raft> Raft term=1, vote=-1
1425406:M 04 Jan 2024 15:16:07.252 * <raft> State change: Node is now a leader, term 2
1425406:M 04 Jan 2024 15:16:07.252 * <raft> Cluster Membership: term:2 index:5 nodes: id=1,voting=1,active=1,addr=- id=2,voting=0,active=1,addr=localhost:5032 id=3,voting=0,active=1,addr=localhost:5033
1425406:M 04 Jan 2024 15:16:07.489 - Accepted 127.0.0.1:51284
1425406:M 04 Jan 2024 15:16:07.489 # Missing implement of connection type tls
1425406:signal-handler (1704377767) Received SIGINT scheduling shutdown...

----- Stderr -----
libgcov profiling error:/home/snagendra/Fuzzing/redisraft-fuzzing/build/deps/raft/CMakeFiles/raft.dir/src/raft_server.c.gcda:Merge mismatch for function 12



