logs for node: 1

----- Stdout -----
3670295:C 04 Jan 2024 19:09:58.861 # WARNING Memory overcommit must be enabled! Without it, a background save or replication may fail under low memory condition. Being disabled, it can also cause failures without low memory condition, see https://github.com/jemalloc/jemalloc/issues/1328. To fix this issue add 'vm.overcommit_memory = 1' to /etc/sysctl.conf and then reboot or run the command 'sysctl vm.overcommit_memory=1' for this to take effect.
3670295:C 04 Jan 2024 19:09:58.862 * oO0OoO0OoO0Oo Redis is starting oO0OoO0OoO0Oo
3670295:C 04 Jan 2024 19:09:58.862 * Redis version=255.255.255, bits=64, commit=e04ebdb8, modified=1, pid=3670295, just started
3670295:C 04 Jan 2024 19:09:58.862 * Configuration loaded
3670295:M 04 Jan 2024 19:09:58.862 * monotonic clock: POSIX clock_gettime
3670295:M 04 Jan 2024 19:09:58.863 * Running mode=standalone, port=5021.
3670295:M 04 Jan 2024 19:09:58.869 * <raft> RedisRaft version 255.255.255 [b779b199]
3670295:M 04 Jan 2024 19:09:58.875 * <raft> Initializing test network
3670295:M 04 Jan 2024 19:09:58.875 * <raft> Created test network client
3670295:M 04 Jan 2024 19:09:58.876 * <raft> Raft module loaded, state is 'uninitialized'
3670295:M 04 Jan 2024 19:09:58.876 * Module 'raft' loaded from /home/snagendra/Fuzzing/redisraft-fuzzing/redisraft.so
3670295:M 04 Jan 2024 19:09:58.877 * Server initialized
3670295:M 04 Jan 2024 19:09:58.877 . The AOF directory appendonlydir doesn't exist
3670295:M 04 Jan 2024 19:09:58.878 * Ready to accept connections tcp
3670295:M 04 Jan 2024 19:09:58.878 . 0 clients connected (0 replicas), 1726160 bytes in use
3670295:M 04 Jan 2024 19:09:58.882 - Accepted 127.0.0.1:52812
3670295:M 04 Jan 2024 19:09:58.882 # Missing implement of connection type tls
3670295:M 04 Jan 2024 19:09:58.889 * <raft> Cluster Membership: term:0 index:0 nodes: id=1,voting=0,active=1,addr=-
3670295:M 04 Jan 2024 19:09:58.893 * <raft> State change: Node is now a leader, term 1
3670295:M 04 Jan 2024 19:09:58.894 * <raft> Cluster Membership: term:1 index:1 nodes: id=1,voting=0,active=1,addr=-
3670295:M 04 Jan 2024 19:09:58.894 * <raft> Test network starting message polling thread
3670295:M 04 Jan 2024 19:09:58.894 * <raft> Raft Cluster initialized, node id: 1, dbid: ff84d7336748b789a2e4598783c3c4b6
3670295:M 04 Jan 2024 19:09:59.012 - Accepted 127.0.0.1:52820
3670295:M 04 Jan 2024 19:09:59.013 * <raft> Cluster Membership: term:1 index:3 nodes: id=1,voting=1,active=1,addr=- id=2,voting=0,active=1,addr=localhost:5022
3670295:M 04 Jan 2024 19:09:59.022 - Client closed connection id=9 addr=127.0.0.1:52820 laddr=127.0.0.1:5021 fd=12 name= age=0 idle=0 flags=N db=0 sub=0 psub=0 ssub=0 multi=-1 qbuf=0 qbuf-free=20474 argv-mem=0 multi-mem=0 rbs=16384 rbp=16384 obl=0 oll=0 omem=0 tot-mem=37760 events=r cmd=raft.node user=default redir=-1 resp=2 lib-name= lib-ver=
3670295:M 04 Jan 2024 19:09:59.139 - Accepted 127.0.0.1:52826
3670295:M 04 Jan 2024 19:09:59.140 * <raft> Cluster Membership: term:1 index:4 nodes: id=1,voting=1,active=1,addr=- id=2,voting=0,active=1,addr=localhost:5022 id=3,voting=0,active=1,addr=localhost:5023
3670295:M 04 Jan 2024 19:09:59.147 - Client closed connection id=10 addr=127.0.0.1:52826 laddr=127.0.0.1:5021 fd=13 name= age=0 idle=0 flags=N db=0 sub=0 psub=0 ssub=0 multi=-1 qbuf=0 qbuf-free=20474 argv-mem=0 multi-mem=0 rbs=16384 rbp=16384 obl=0 oll=0 omem=0 tot-mem=37760 events=r cmd=raft.node user=default redir=-1 resp=2 lib-name= lib-ver=
3670295:signal-handler (1704391799) Received SIGINT scheduling shutdown...
3670295:signal-handler (1704391799) You insist... exiting now.
3670871:C 04 Jan 2024 19:10:00.305 # WARNING Memory overcommit must be enabled! Without it, a background save or replication may fail under low memory condition. Being disabled, it can also cause failures without low memory condition, see https://github.com/jemalloc/jemalloc/issues/1328. To fix this issue add 'vm.overcommit_memory = 1' to /etc/sysctl.conf and then reboot or run the command 'sysctl vm.overcommit_memory=1' for this to take effect.
3670871:C 04 Jan 2024 19:10:00.305 * oO0OoO0OoO0Oo Redis is starting oO0OoO0OoO0Oo
3670871:C 04 Jan 2024 19:10:00.305 * Redis version=255.255.255, bits=64, commit=e04ebdb8, modified=1, pid=3670871, just started
3670871:C 04 Jan 2024 19:10:00.305 * Configuration loaded
3670871:M 04 Jan 2024 19:10:00.306 * monotonic clock: POSIX clock_gettime
3670871:M 04 Jan 2024 19:10:00.306 * Running mode=standalone, port=5021.
3670871:M 04 Jan 2024 19:10:00.313 * <raft> RedisRaft version 255.255.255 [b779b199]
3670871:M 04 Jan 2024 19:10:00.317 * <raft> Initializing test network
3670871:M 04 Jan 2024 19:10:00.318 * <raft> Created test network client
3670871:M 04 Jan 2024 19:10:00.320 * <raft> Raft module loaded, state is 'loading'
3670871:M 04 Jan 2024 19:10:00.320 * Module 'raft' loaded from /home/snagendra/Fuzzing/redisraft-fuzzing/redisraft.so
3670871:M 04 Jan 2024 19:10:00.321 * Server initialized
3670871:M 04 Jan 2024 19:10:00.321 . The AOF directory appendonlydir doesn't exist
3670871:M 04 Jan 2024 19:10:00.321 * Ready to accept connections tcp
3670871:M 04 Jan 2024 19:10:00.321 . 0 clients connected (0 replicas), 1746656 bytes in use
3670871:M 04 Jan 2024 19:10:00.345 - Accepted 127.0.0.1:52912
3670871:M 04 Jan 2024 19:10:00.345 # Missing implement of connection type tls
3670871:M 04 Jan 2024 19:10:00.421 * <raft> Loading: Redis loading complete, snapshot NOT LOADED
3670871:M 04 Jan 2024 19:10:00.421 * <raft> Cluster Membership: term:0 index:0 nodes: id=1,voting=0,active=1,addr=-
3670871:M 04 Jan 2024 19:10:00.421 * <raft> Test network starting message polling thread
3670871:M 04 Jan 2024 19:10:00.422 * <raft> Cluster Membership: term:0 index:4 nodes: id=1,voting=1,active=1,addr=- id=2,voting=0,active=1,addr=localhost:5022
3670871:M 04 Jan 2024 19:10:00.422 * <raft> Cluster Membership: term:0 index:4 nodes: id=1,voting=1,active=1,addr=- id=2,voting=0,active=1,addr=localhost:5022 id=3,voting=0,active=1,addr=localhost:5023
3670871:M 04 Jan 2024 19:10:00.422 * <raft> Raft state after loading log: log_count=4, first_idx=1, current_idx=4, last_applied_idx=0
3670871:M 04 Jan 2024 19:10:00.422 . <raft> Raft term=1, vote=-1
3670871:M 04 Jan 2024 19:10:00.428 * <raft> State change: Node is now a leader, term 2
3670871:M 04 Jan 2024 19:10:00.429 * <raft> Cluster Membership: term:2 index:5 nodes: id=1,voting=1,active=1,addr=- id=2,voting=0,active=1,addr=localhost:5022 id=3,voting=0,active=1,addr=localhost:5023
3670871:M 04 Jan 2024 19:10:00.456 - Accepted 127.0.0.1:52918
3670871:signal-handler (1704391800) Received SIGINT scheduling shutdown...
3670871:signal-handler (1704391800) You insist... exiting now.
3671133:C 04 Jan 2024 19:10:01.195 # WARNING Memory overcommit must be enabled! Without it, a background save or replication may fail under low memory condition. Being disabled, it can also cause failures without low memory condition, see https://github.com/jemalloc/jemalloc/issues/1328. To fix this issue add 'vm.overcommit_memory = 1' to /etc/sysctl.conf and then reboot or run the command 'sysctl vm.overcommit_memory=1' for this to take effect.
3671133:C 04 Jan 2024 19:10:01.195 * oO0OoO0OoO0Oo Redis is starting oO0OoO0OoO0Oo
3671133:C 04 Jan 2024 19:10:01.195 * Redis version=255.255.255, bits=64, commit=e04ebdb8, modified=1, pid=3671133, just started
3671133:C 04 Jan 2024 19:10:01.195 * Configuration loaded
3671133:M 04 Jan 2024 19:10:01.195 * monotonic clock: POSIX clock_gettime
3671133:M 04 Jan 2024 19:10:01.196 * Running mode=standalone, port=5021.
3671133:M 04 Jan 2024 19:10:01.202 * <raft> RedisRaft version 255.255.255 [b779b199]
3671133:M 04 Jan 2024 19:10:01.206 * <raft> Initializing test network
3671133:M 04 Jan 2024 19:10:01.207 * <raft> Created test network client
3671133:M 04 Jan 2024 19:10:01.214 * <raft> Raft module loaded, state is 'loading'
3671133:M 04 Jan 2024 19:10:01.214 * Module 'raft' loaded from /home/snagendra/Fuzzing/redisraft-fuzzing/redisraft.so
3671133:M 04 Jan 2024 19:10:01.214 * Server initialized
3671133:M 04 Jan 2024 19:10:01.214 . The AOF directory appendonlydir doesn't exist
3671133:M 04 Jan 2024 19:10:01.214 * Ready to accept connections tcp
3671133:M 04 Jan 2024 19:10:01.214 . 0 clients connected (0 replicas), 1746720 bytes in use
3671133:M 04 Jan 2024 19:10:01.250 - Accepted 127.0.0.1:52964
3671133:M 04 Jan 2024 19:10:01.250 # Missing implement of connection type tls
3671133:M 04 Jan 2024 19:10:01.314 * <raft> Loading: Redis loading complete, snapshot NOT LOADED
3671133:M 04 Jan 2024 19:10:01.314 * <raft> Cluster Membership: term:0 index:0 nodes: id=1,voting=0,active=1,addr=-
3671133:M 04 Jan 2024 19:10:01.315 * <raft> Test network starting message polling thread
3671133:M 04 Jan 2024 19:10:01.315 * <raft> Cluster Membership: term:0 index:5 nodes: id=1,voting=1,active=1,addr=- id=2,voting=0,active=1,addr=localhost:5022
3671133:M 04 Jan 2024 19:10:01.315 * <raft> Cluster Membership: term:0 index:5 nodes: id=1,voting=1,active=1,addr=- id=2,voting=0,active=1,addr=localhost:5022 id=3,voting=0,active=1,addr=localhost:5023
3671133:M 04 Jan 2024 19:10:01.315 * <raft> Raft state after loading log: log_count=5, first_idx=1, current_idx=5, last_applied_idx=0
3671133:M 04 Jan 2024 19:10:01.315 . <raft> Raft term=2, vote=-1
3671133:M 04 Jan 2024 19:10:01.324 * <raft> State change: Node is now a leader, term 3
3671133:M 04 Jan 2024 19:10:01.324 * <raft> Cluster Membership: term:3 index:6 nodes: id=1,voting=1,active=1,addr=- id=2,voting=0,active=1,addr=localhost:5022 id=3,voting=0,active=1,addr=localhost:5023
3671133:M 04 Jan 2024 19:10:01.484 - Client closed connection id=8 addr=127.0.0.1:52964 laddr=127.0.0.1:5021 fd=11 name= age=0 idle=0 flags=N db=0 sub=0 psub=0 ssub=0 multi=-1 qbuf=0 qbuf-free=20474 argv-mem=0 multi-mem=0 rbs=1024 rbp=0 obl=0 oll=0 omem=0 tot-mem=22400 events=r cmd=auth user=default redir=-1 resp=2 lib-name= lib-ver=
3671133:M 04 Jan 2024 19:10:02.003 - Accepted 127.0.0.1:52972
3671133:signal-handler (1704391802) Received SIGINT scheduling shutdown...
3671532:C 04 Jan 2024 19:10:02.147 # WARNING Memory overcommit must be enabled! Without it, a background save or replication may fail under low memory condition. Being disabled, it can also cause failures without low memory condition, see https://github.com/jemalloc/jemalloc/issues/1328. To fix this issue add 'vm.overcommit_memory = 1' to /etc/sysctl.conf and then reboot or run the command 'sysctl vm.overcommit_memory=1' for this to take effect.
3671532:C 04 Jan 2024 19:10:02.147 * oO0OoO0OoO0Oo Redis is starting oO0OoO0OoO0Oo
3671532:C 04 Jan 2024 19:10:02.147 * Redis version=255.255.255, bits=64, commit=e04ebdb8, modified=1, pid=3671532, just started
3671532:C 04 Jan 2024 19:10:02.147 * Configuration loaded
3671532:M 04 Jan 2024 19:10:02.147 * monotonic clock: POSIX clock_gettime
3671532:M 04 Jan 2024 19:10:02.148 * Running mode=standalone, port=5021.
3671532:M 04 Jan 2024 19:10:02.154 * <raft> RedisRaft version 255.255.255 [b779b199]
3671532:M 04 Jan 2024 19:10:02.159 * <raft> Initializing test network
3671532:M 04 Jan 2024 19:10:02.160 * <raft> Created test network client
3671532:M 04 Jan 2024 19:10:02.164 * <raft> Raft module loaded, state is 'loading'
3671532:M 04 Jan 2024 19:10:02.164 * Module 'raft' loaded from /home/snagendra/Fuzzing/redisraft-fuzzing/redisraft.so
3671532:M 04 Jan 2024 19:10:02.165 * Server initialized
3671532:M 04 Jan 2024 19:10:02.165 . The AOF directory appendonlydir doesn't exist
3671532:M 04 Jan 2024 19:10:02.165 * Ready to accept connections tcp
3671532:M 04 Jan 2024 19:10:02.165 . 0 clients connected (0 replicas), 1746720 bytes in use
3671532:M 04 Jan 2024 19:10:02.176 - Accepted 127.0.0.1:52982
3671532:M 04 Jan 2024 19:10:02.176 # Missing implement of connection type tls
3671532:M 04 Jan 2024 19:10:02.264 * <raft> Loading: Redis loading complete, snapshot NOT LOADED
3671532:M 04 Jan 2024 19:10:02.265 * <raft> Cluster Membership: term:0 index:0 nodes: id=1,voting=0,active=1,addr=-
3671532:M 04 Jan 2024 19:10:02.265 * <raft> Test network starting message polling thread
3671532:M 04 Jan 2024 19:10:02.265 * <raft> Cluster Membership: term:0 index:7 nodes: id=1,voting=1,active=1,addr=- id=2,voting=0,active=1,addr=localhost:5022
3671532:M 04 Jan 2024 19:10:02.266 * <raft> Cluster Membership: term:0 index:7 nodes: id=1,voting=1,active=1,addr=- id=2,voting=0,active=1,addr=localhost:5022 id=3,voting=0,active=1,addr=localhost:5023
3671532:M 04 Jan 2024 19:10:02.266 * <raft> Raft state after loading log: log_count=7, first_idx=1, current_idx=7, last_applied_idx=0
3671532:M 04 Jan 2024 19:10:02.266 . <raft> Raft term=3, vote=-1
3671532:M 04 Jan 2024 19:10:02.271 * <raft> State change: Node is now a leader, term 4
3671532:M 04 Jan 2024 19:10:02.272 * <raft> Cluster Membership: term:4 index:8 nodes: id=1,voting=1,active=1,addr=- id=2,voting=0,active=1,addr=localhost:5022 id=3,voting=0,active=1,addr=localhost:5023
3671532:signal-handler (1704391802) Received SIGINT scheduling shutdown...
3671532:signal-handler (1704391802) You insist... exiting now.


=== REDIS BUG REPORT START: Cut & paste starting from here ===
3671532:M 04 Jan 2024 19:10:02.365 # Redis 255.255.255 crashed by signal: 11, si_code: 1
3671532:M 04 Jan 2024 19:10:02.365 # Accessing address: 0x18
3671532:M 04 Jan 2024 19:10:02.365 # Crashed running the instruction at: 0x7f8c6b26d0b0

------ STACK TRACE ------
EIP:
/lib/x86_64-linux-gnu/libc.so.6(__pthread_rwlock_wrlock+0x0)[0x7f8c6b26d0b0]

Backtrace:
/lib/x86_64-linux-gnu/libc.so.6(+0x3bfd0)[0x7f8c6b219fd0]
/lib/x86_64-linux-gnu/libc.so.6(__pthread_rwlock_wrlock+0x0)[0x7f8c6b26d0b0]
/lib/x86_64-linux-gnu/libcrypto.so.3(CRYPTO_THREAD_write_lock+0x9)[0x7f8c6963df49]
/lib/x86_64-linux-gnu/libcrypto.so.3(ENGINE_get_first+0x3a)[0x7f8c695e408a]
/lib/x86_64-linux-gnu/libcrypto.so.3(ENGINE_register_all_complete+0x6)[0x7f8c695e3486]
/lib/x86_64-linux-gnu/libssh2.so.1(libssh2_init+0x39)[0x7f8c69fce389]
/lib/x86_64-linux-gnu/libcurl-gnutls.so.4(+0x8146b)[0x7f8c6b10046b]
/lib/x86_64-linux-gnu/libcurl-gnutls.so.4(+0x22125)[0x7f8c6b0a1125]
/lib/x86_64-linux-gnu/libcurl-gnutls.so.4(curl_global_init+0x3a)[0x7f8c6b0a122a]
/home/snagendra/Fuzzing/redisraft-fuzzing/redisraft.so(redis_test_http_do+0x2c)[0x7f8c6b19d86c]
/home/snagendra/Fuzzing/redisraft-fuzzing/redisraft.so(redis_test_http_post+0x26)[0x7f8c6b19da86]
/home/snagendra/Fuzzing/redisraft-fuzzing/redisraft.so(redis_test_send_message+0x9d)[0x7f8c6b19cefd]
/home/snagendra/Fuzzing/redisraft-fuzzing/redisraft.so(testNetworkSendAppendEntries+0x6a)[0x7f8c6b18619a]
/home/snagendra/Fuzzing/redisraft-fuzzing/redisraft.so(raft_send_appendentries+0x1ea)[0x7f8c6b18ebaa]
/home/snagendra/Fuzzing/redisraft-fuzzing/redisraft.so(raft_send_appendentries_all+0x4d)[0x7f8c6b18ee8d]
/home/snagendra/Fuzzing/redisraft-fuzzing/redisraft.so(raft_periodic_internal+0x240)[0x7f8c6b1917e0]
/home/snagendra/Fuzzing/redisraft-fuzzing/redisraft.so(raft_periodic+0x18)[0x7f8c6b191868]
/home/snagendra/Fuzzing/redisraft-fuzzing/redisraft.so(+0x2b765)[0x7f8c6b17c765]
/home/snagendra/Fuzzing/redis/src/redis-server 0.0.0.0:5021(moduleTimerHandler+0x21c)[0x55c004eae98c]
/home/snagendra/Fuzzing/redis/src/redis-server 0.0.0.0:5021(+0x81705)[0x55c004db8705]
/home/snagendra/Fuzzing/redis/src/redis-server 0.0.0.0:5021(aeMain+0x1c8)[0x55c004dc2cb8]
/home/snagendra/Fuzzing/redis/src/redis-server 0.0.0.0:5021(main+0x3cd)[0x55c004db7e2d]
/lib/x86_64-linux-gnu/libc.so.6(+0x271ca)[0x7f8c6b2051ca]
/lib/x86_64-linux-gnu/libc.so.6(__libc_start_main+0x85)[0x7f8c6b205285]
/home/snagendra/Fuzzing/redis/src/redis-server 0.0.0.0:5021(_start+0x2a)[0x55c004db85aa]

------ REGISTERS ------
3671532:M 04 Jan 2024 19:10:02.366 # 
RAX:0000000000000001 RBX:000055c006ab5c00
RCX:0000000000000000 RDX:0000000000000000
RDI:0000000000000000 RSI:0000000000000000
RBP:00007f8c6987e638 RSP:00007fff2304b1d8
R8 :0000000000000000 R9 :0000000000000000
R10:0000000000000000 R11:0000000000000000
R12:00007fff2304b2d0 R13:000055c006a85c70
R14:0000000000000008 R15:0000000000000004
RIP:00007f8c6b26d0b0 EFL:0000000000010202
CSGSFS:002b000000000033
3671532:M 04 Jan 2024 19:10:02.366 # (00007fff2304b1e7) -> 000055c006ab5c00
3671532:M 04 Jan 2024 19:10:02.366 # (00007fff2304b1e6) -> 00007f8c6b0a1125
3671532:M 04 Jan 2024 19:10:02.366 # (00007fff2304b1e5) -> 0000000000000004
3671532:M 04 Jan 2024 19:10:02.366 # (00007fff2304b1e4) -> 00007f8c6b10046b
3671532:M 04 Jan 2024 19:10:02.366 # (00007fff2304b1e3) -> 000055c006a85c70
3671532:M 04 Jan 2024 19:10:02.366 # (00007fff2304b1e2) -> 000000002304b2d0
3671532:M 04 Jan 2024 19:10:02.366 # (00007fff2304b1e1) -> 000055c006ab1530
3671532:M 04 Jan 2024 19:10:02.366 # (00007fff2304b1e0) -> 00007f8c69fce389
3671532:M 04 Jan 2024 19:10:02.366 # (00007fff2304b1df) -> 000055c006ab5c00
3671532:M 04 Jan 2024 19:10:02.366 # (00007fff2304b1de) -> 00007f8c695e3486
3671532:M 04 Jan 2024 19:10:02.366 # (00007fff2304b1dd) -> 000055c006ab1530
3671532:M 04 Jan 2024 19:10:02.366 # (00007fff2304b1dc) -> 000055c006ab5c00
3671532:M 04 Jan 2024 19:10:02.366 # (00007fff2304b1db) -> 00007fff2304b2d0
3671532:M 04 Jan 2024 19:10:02.366 # (00007fff2304b1da) -> 00007f8c695e408a
3671532:M 04 Jan 2024 19:10:02.366 # (00007fff2304b1d9) -> 000055c006ab5c00
3671532:M 04 Jan 2024 19:10:02.366 # (00007fff2304b1d8) -> 00007f8c6963df49

------ INFO OUTPUT ------
# Server
redis_version:255.255.255
redis_git_sha1:e04ebdb8
redis_git_dirty:1
redis_build_id:1f78dcc7b4fbdd25
redis_mode:standalone
os:Linux 6.1.60.1.amd64-smp x86_64
arch_bits:64
monotonic_clock:POSIX clock_gettime
multiplexing_api:epoll
atomicvar_api:c11-builtin
gcc_version:10.2.1
process_id:3671532
process_supervised:no
run_id:f2b13985de74324db3ce6c5484807f20b51ff2f9
tcp_port:5021
server_time_usec:1704391802365524
uptime_in_seconds:0
uptime_in_days:0
hz:10
configured_hz:10
lru_clock:9892986
executable:/home/snagendra/Fuzzing/redis/src/redis-server
config_file:
io_threads_active:0
listener0:name=tcp,bind=0.0.0.0,port=5021

# Clients
connected_clients:1
cluster_connections:0
maxclients:10000
client_recent_max_input_buffer:20480
client_recent_max_output_buffer:0
blocked_clients:0
tracking_clients:0
clients_in_timeout_table:0
total_blocking_keys:0
total_blocking_keys_on_nokey:0

# Memory
used_memory:1893360
used_memory_human:1.81M
used_memory_rss:18243584
used_memory_rss_human:17.40M
used_memory_peak:1893360
used_memory_peak_human:1.81M
used_memory_peak_perc:100.09%
used_memory_overhead:1784592
used_memory_startup:1746576
used_memory_dataset:108768
used_memory_dataset_perc:74.10%
allocator_allocated:2326960
allocator_active:2895872
allocator_resident:10948608
total_system_memory:270388695040
total_system_memory_human:251.82G
used_memory_lua:31744
used_memory_vm_eval:31744
used_memory_lua_human:31.00K
used_memory_scripts_eval:0
number_of_cached_scripts:0
number_of_functions:0
number_of_libraries:0
used_memory_vm_functions:32768
used_memory_vm_total:64512
used_memory_vm_total_human:63.00K
used_memory_functions:184
used_memory_scripts:184
used_memory_scripts_human:184B
maxmemory:0
maxmemory_human:0B
maxmemory_policy:noeviction
allocator_frag_ratio:1.24
allocator_frag_bytes:568912
allocator_rss_ratio:3.78
allocator_rss_bytes:8052736
rss_overhead_ratio:1.67
rss_overhead_bytes:7294976
mem_fragmentation_ratio:9.77
mem_fragmentation_bytes:16377024
mem_not_counted_for_evict:0
mem_replication_backlog:0
mem_total_replication_buffers:0
mem_clients_slaves:0
mem_clients_normal:37760
mem_cluster_links:0
mem_aof_buffer:0
mem_allocator:jemalloc-5.3.0
active_defrag_running:0
lazyfree_pending_objects:0
lazyfreed_objects:0

# Persistence
loading:0
async_loading:0
current_cow_peak:0
current_cow_size:0
current_cow_size_age:0
current_fork_perc:0.00
current_save_keys_processed:0
current_save_keys_total:0
rdb_changes_since_last_save:1
rdb_bgsave_in_progress:0
rdb_last_save_time:1704391802
rdb_last_bgsave_status:ok
rdb_last_bgsave_time_sec:-1
rdb_current_bgsave_time_sec:-1
rdb_saves:0
rdb_last_cow_size:0
rdb_last_load_keys_expired:0
rdb_last_load_keys_loaded:0
aof_enabled:0
aof_rewrite_in_progress:0
aof_rewrite_scheduled:0
aof_last_rewrite_time_sec:-1
aof_current_rewrite_time_sec:-1
aof_last_bgrewrite_status:ok
aof_rewrites:0
aof_rewrites_consecutive_failures:0
aof_last_write_status:ok
aof_last_cow_size:0
module_fork_in_progress:0
module_fork_last_cow_size:0

# Stats
total_connections_received:1
total_commands_processed:14
instantaneous_ops_per_sec:24
total_net_input_bytes:196
total_net_output_bytes:447
total_net_repl_input_bytes:0
total_net_repl_output_bytes:0
instantaneous_input_kbps:0.10
instantaneous_output_kbps:0.23
instantaneous_input_repl_kbps:0.00
instantaneous_output_repl_kbps:0.00
rejected_connections:0
sync_full:0
sync_partial_ok:0
sync_partial_err:0
expired_keys:0
expired_stale_perc:0.00
expired_time_cap_reached_count:0
expire_cycle_cpu_milliseconds:0
evicted_keys:0
evicted_clients:0
total_eviction_exceeded_time:0
current_eviction_exceeded_time:0
keyspace_hits:0
keyspace_misses:0
pubsub_channels:0
pubsub_patterns:0
pubsubshard_channels:0
latest_fork_usec:0
total_forks:0
migrate_cached_sockets:0
slave_expires_tracked_keys:0
active_defrag_hits:0
active_defrag_misses:0
active_defrag_key_hits:0
active_defrag_key_misses:0
total_active_defrag_time:0
current_active_defrag_time:0
tracking_total_keys:0
tracking_total_items:0
tracking_total_prefixes:0
unexpected_error_replies:0
total_error_replies:4
dump_payload_sanitizations:0
total_reads_processed:7
total_writes_processed:7
io_threaded_reads_processed:0
io_threaded_writes_processed:0
reply_buffer_shrinks:0
reply_buffer_expands:0
acl_access_denied_auth:0
acl_access_denied_cmd:0
acl_access_denied_key:0
acl_access_denied_channel:0

# Replication
role:master
connected_slaves:0
master_failover_state:no-failover
master_replid:93033eb2e59f4b8b5741865ada1c39dd244d494b
master_replid2:0000000000000000000000000000000000000000
master_repl_offset:0
second_repl_offset:-1
repl_backlog_active:0
repl_backlog_size:1048576
repl_backlog_first_byte_offset:0
repl_backlog_histlen:0

# CPU
used_cpu_sys:0.013619
used_cpu_user:0.013619
used_cpu_sys_children:0.000000
used_cpu_user_children:0.000000
used_cpu_sys_main_thread:0.011960
used_cpu_user_main_thread:0.007973

# Modules
module:name=raft,ver=1,api=1,filters=1,usedby=[],using=[],options=[]

# Commandstats
cmdstat_raft:calls=4,usec=22,usec_per_call=5.50,rejected_calls=0,failed_calls=4
cmdstat_hello:calls=1,usec=4,usec_per_call=4.00,rejected_calls=0,failed_calls=0
cmdstat_client|setinfo:calls=2,usec=0,usec_per_call=0.00,rejected_calls=0,failed_calls=0
cmdstat_config|get:calls=3,usec=6,usec_per_call=2.00,rejected_calls=0,failed_calls=0
cmdstat_config|set:calls=1,usec=9,usec_per_call=9.00,rejected_calls=0,failed_calls=0
cmdstat_incr:calls=1,usec=4,usec_per_call=4.00,rejected_calls=0,failed_calls=0
cmdstat_command:calls=2,usec=1598,usec_per_call=799.00,rejected_calls=0,failed_calls=0

# Errorstats
errorstat_ERR:count=1
errorstat_LOADING:count=3

# Latencystats
latency_percentiles_usec_raft:p50=5.023,p99=8.031,p99.9=8.031
latency_percentiles_usec_hello:p50=4.015,p99=4.015,p99.9=4.015
latency_percentiles_usec_client|setinfo:p50=0.001,p99=0.001,p99.9=0.001
latency_percentiles_usec_config|get:p50=2.007,p99=3.007,p99.9=3.007
latency_percentiles_usec_config|set:p50=9.023,p99=9.023,p99.9=9.023
latency_percentiles_usec_incr:p50=4.015,p99=4.015,p99.9=4.015
latency_percentiles_usec_command:p50=774.143,p99=827.391,p99.9=827.391

# Cluster
cluster_enabled:0

# Keyspace
db0:keys=1,expires=0,avg_ttl=0

------ CLIENT LIST OUTPUT ------
id=8 addr=127.0.0.1:52982 laddr=127.0.0.1:5021 fd=11 name= age=0 idle=0 flags=N db=0 sub=0 psub=0 ssub=0 multi=-1 qbuf=0 qbuf-free=20474 argv-mem=0 multi-mem=0 rbs=16384 rbp=50 obl=0 oll=0 omem=0 tot-mem=37760 events=r cmd=raft user=default redir=-1 resp=3 lib-name=go-redis(,go1.21.4) lib-ver=9.2.1

------ MODULES INFO OUTPUT ------
# raft_version
raft_version:255.255.255
raft_git_sha1:b779b199

# raft_general
raft_dbid:ff84d7336748b789a2e4598783c3c4b6
raft_node_id:1
raft_state:up
raft_role:leader
raft_is_voting:yes
raft_voted_for:-1
raft_leader_id:1
raft_current_term:4
raft_num_nodes:3
raft_num_voting_nodes:1
raft_node1:id=2,state=connect_error,voting=no,addr=localhost,port=5022,last_conn_secs=-1,conn_errors=1,conn_oks=0
raft_node2:id=3,state=connect_error,voting=no,addr=localhost,port=5023,last_conn_secs=-1,conn_errors=1,conn_oks=0

# raft_log
raft_log_entries:8
raft_current_index:8
raft_commit_index:8
raft_last_applied_index:8
raft_file_size:1499
raft_cache_memory_size:56
raft_cache_entries:1
raft_client_attached_entries:0
raft_fsync_count:1
raft_fsync_max_microseconds:7
raft_entry1:term=1,id=0,data_len=0
raft_entry2:term=1,id=1605155561,data_len=264
raft_entry3:term=1,id=2054577334,data_len=264
raft_entry4:term=1,id=1992212494,data_len=264
raft_entry5:term=2,id=0,data_len=0
raft_entry6:term=3,id=0,data_len=0
raft_entry7:term=3,id=836478189,data_len=35
raft_fsync_avg_microseconds:7

# raft_snapshot
raft_snapshot_filename:redis1.rdb
raft_snapshot_last_idx:0
raft_snapshot_last_term:0
raft_snapshot_size:0
raft_snapshot_time_secs:-1
raft_snapshots_created:0
raft_snapshots_received:0
raft_snapshot_in_progress:no
raft_snapshot_in_progress_last_idx:-1
raft_snapshot_in_progress_last_term:-1

# raft_clients
raft_proxy_reqs:0
raft_proxy_failed_reqs:0
raft_proxy_failed_responses:0
raft_proxy_outstanding_reqs:0

# raft_stats
raft_appendreq_received:0
raft_appendreq_with_entry_received:0
raft_snapshotreq_received:0
raft_exec_throttled:0
raft_num_sessions:0

------ CONFIG DEBUG OUTPUT ------
list-compress-depth 0
lazyfree-lazy-server-del no
io-threads 1
repl-diskless-sync yes
client-query-buffer-limit 1gb
lazyfree-lazy-user-del no
activedefrag no
slave-read-only yes
sanitize-dump-payload no
proto-max-bulk-len 512mb
lazyfree-lazy-eviction no
repl-diskless-load disabled
replica-read-only yes
io-threads-do-reads no
lazyfree-lazy-user-flush no
lazyfree-lazy-expire no

------ FAST MEMORY TEST ------
3671532:M 04 Jan 2024 19:10:02.367 # Bio worker thread #0 terminated
3671532:M 04 Jan 2024 19:10:02.367 # Bio worker thread #1 terminated
3671532:M 04 Jan 2024 19:10:02.367 # Bio worker thread #2 terminated
*** Preparing to test memory region 55c00508e000 (2273280 bytes)
*** Preparing to test memory region 55c006a5a000 (405504 bytes)
*** Preparing to test memory region 7f8c48000000 (135168 bytes)
*** Preparing to test memory region 7f8c50000000 (135168 bytes)
*** Preparing to test memory region 7f8c54000000 (135168 bytes)
*** Preparing to test memory region 7f8c58000000 (135168 bytes)
*** Preparing to test memory region 7f8c5cdfd000 (8388608 bytes)
*** Preparing to test memory region 7f8c5d5fd000 (2097152 bytes)
*** Preparing to test memory region 7f8c5d7fe000 (8388608 bytes)
*** Preparing to test memory region 7f8c5dfff000 (8388608 bytes)
*** Preparing to test memory region 7f8c5e800000 (8388608 bytes)
*** Preparing to test memory region 7f8c5f000000 (6291456 bytes)
*** Preparing to test memory region 7f8c5f7f8000 (8388608 bytes)
*** Preparing to test memory region 7f8c5fff9000 (8388608 bytes)
*** Preparing to test memory region 7f8c607fa000 (8388608 bytes)
*** Preparing to test memory region 7f8c60ffb000 (8388608 bytes)
*** Preparing to test memory region 7f8c617fc000 (8388608 bytes)
*** Preparing to test memory region 7f8c61ffd000 (8388608 bytes)
*** Preparing to test memory region 7f8c627fe000 (8388608 bytes)
*** Preparing to test memory region 7f8c62fff000 (8388608 bytes)
*** Preparing to test memory region 7f8c63800000 (8388608 bytes)
*** Preparing to test memory region 7f8c64000000 (135168 bytes)
*** Preparing to test memory region 7f8c68000000 (6291456 bytes)
*** Preparing to test memory region 7f8c6873e000 (8388608 bytes)
*** Preparing to test memory region 7f8c68f3e000 (2621440 bytes)
*** Preparing to test memory region 7f8c691cd000 (8192 bytes)
*** Preparing to test memory region 7f8c6987f000 (12288 bytes)
*** Preparing to test memory region 7f8c69e18000 (16384 bytes)
*** Preparing to test memory region 7f8c69efe000 (8192 bytes)
*** Preparing to test memory region 7f8c6a800000 (8388608 bytes)
*** Preparing to test memory region 7f8c6b07e000 (4096 bytes)
*** Preparing to test memory region 7f8c6b14f000 (8192 bytes)
*** Preparing to test memory region 7f8c6b1d3000 (45056 bytes)
*** Preparing to test memory region 7f8c6b3b2000 (53248 bytes)
*** Preparing to test memory region 7f8c6b4cf000 (8192 bytes)
.
----- Stderr -----
libgcov profiling error:/home/snagendra/Fuzzing/redisraft-fuzzing/build/deps/raft/CMakeFiles/raft.dir/src/raft_server_properties.c.gcda:Merge mismatch for function 3
libgcov profiling error:/home/snagendra/Fuzzing/redisraft-fuzzing/build/deps/raft/CMakeFiles/raft.dir/src/raft_node.c.gcda:Merge mismatch for function 2
libgcov profiling error:/home/snagendra/Fuzzing/redisraft-fuzzing/build/deps/raft/CMakeFiles/raft.dir/src/raft_server.c.gcda:Merge mismatch for function 1
libgcov profiling error:/home/snagendra/Fuzzing/redisraft-fuzzing/build/deps/raft/CMakeFiles/raft.dir/src/raft_server_properties.c.gcda:Merge mismatch for function 3
libgcov profiling error:/home/snagendra/Fuzzing/redisraft-fuzzing/build/deps/raft/CMakeFiles/raft.dir/src/raft_node.c.gcda:Merge mismatch for function 2
libgcov profiling error:/home/snagendra/Fuzzing/redisraft-fuzzing/build/deps/raft/CMakeFiles/raft.dir/src/raft_server.c.gcda:Merge mismatch for function 1
libgcov profiling error:/home/snagendra/Fuzzing/redisraft-fuzzing/build/deps/raft/CMakeFiles/raft.dir/src/raft_server_properties.c.gcda:Merge mismatch for function 3
libgcov profiling error:/home/snagendra/Fuzzing/redisraft-fuzzing/build/deps/raft/CMakeFiles/raft.dir/src/raft_node.c.gcda:Merge mismatch for function 2
libgcov profiling error:/home/snagendra/Fuzzing/redisraft-fuzzing/build/deps/raft/CMakeFiles/raft.dir/src/raft_server.c.gcda:Merge mismatch for function 1




logs for node: 2

----- Stdout -----
3670312:C 04 Jan 2024 19:09:58.897 # WARNING Memory overcommit must be enabled! Without it, a background save or replication may fail under low memory condition. Being disabled, it can also cause failures without low memory condition, see https://github.com/jemalloc/jemalloc/issues/1328. To fix this issue add 'vm.overcommit_memory = 1' to /etc/sysctl.conf and then reboot or run the command 'sysctl vm.overcommit_memory=1' for this to take effect.
3670312:C 04 Jan 2024 19:09:58.897 * oO0OoO0OoO0Oo Redis is starting oO0OoO0OoO0Oo
3670312:C 04 Jan 2024 19:09:58.897 * Redis version=255.255.255, bits=64, commit=e04ebdb8, modified=1, pid=3670312, just started
3670312:C 04 Jan 2024 19:09:58.897 * Configuration loaded
3670312:M 04 Jan 2024 19:09:58.897 * monotonic clock: POSIX clock_gettime
3670312:M 04 Jan 2024 19:09:58.898 * Running mode=standalone, port=5022.
3670312:M 04 Jan 2024 19:09:58.905 * <raft> RedisRaft version 255.255.255 [b779b199]
3670312:M 04 Jan 2024 19:09:58.910 * <raft> Initializing test network
3670312:M 04 Jan 2024 19:09:58.911 * <raft> Created test network client
3670312:M 04 Jan 2024 19:09:58.912 * <raft> Raft module loaded, state is 'uninitialized'
3670312:M 04 Jan 2024 19:09:58.912 * Module 'raft' loaded from /home/snagendra/Fuzzing/redisraft-fuzzing/redisraft.so
3670312:M 04 Jan 2024 19:09:58.912 * Server initialized
3670312:M 04 Jan 2024 19:09:58.913 . The AOF directory appendonlydir doesn't exist
3670312:M 04 Jan 2024 19:09:58.913 * Ready to accept connections tcp
3670312:M 04 Jan 2024 19:09:58.913 . 0 clients connected (0 replicas), 1726320 bytes in use
3670312:M 04 Jan 2024 19:09:58.945 - Accepted 127.0.0.1:40816
3670312:M 04 Jan 2024 19:09:58.945 # Missing implement of connection type tls
3670312:M 04 Jan 2024 19:09:59.012 - <raft> join cluster, connecting to localhost:5021
3670312:M 04 Jan 2024 19:09:59.014 * <raft> Joined Raft cluster, node id: 2, dbid: ff84d7336748b789a2e4598783c3c4b6
3670312:M 04 Jan 2024 19:09:59.021 * <raft> Cluster Membership: term:0 index:0 nodes: id=2,voting=0,active=1,addr=-
3670312:M 04 Jan 2024 19:09:59.022 * <raft> Test network starting message polling thread
3670312:M 04 Jan 2024 19:09:59.078 - Accepted 127.0.0.1:40832
3670312:M 04 Jan 2024 19:09:59.513 * <raft> State change: Election starting, node is now a pre-candidate, term 1
3670312:M 04 Jan 2024 19:09:59.513 * <raft> Cluster Membership: term:1 index:0 nodes: id=2,voting=0,active=1,addr=-
3670312:M 04 Jan 2024 19:09:59.526 - Client closed connection id=9 addr=127.0.0.1:40832 laddr=127.0.0.1:5022 fd=10 name= age=0 idle=0 flags=N db=0 sub=0 psub=0 ssub=0 multi=-1 qbuf=0 qbuf-free=20474 argv-mem=0 multi-mem=0 rbs=1024 rbp=0 obl=0 oll=0 omem=0 tot-mem=22400 events=r cmd=auth user=default redir=-1 resp=2 lib-name= lib-ver=
3670312:M 04 Jan 2024 19:09:59.541 - Accepted 127.0.0.1:40834
3670312:signal-handler (1704391799) Received SIGINT scheduling shutdown...
3670312:signal-handler (1704391799) Received SIGINT scheduling shutdown...
3670312:M 04 Jan 2024 19:09:59.616 * User requested shutdown...
3670312:M 04 Jan 2024 19:09:59.616 # Redis is now ready to exit, bye bye...
3671016:C 04 Jan 2024 19:10:00.839 # WARNING Memory overcommit must be enabled! Without it, a background save or replication may fail under low memory condition. Being disabled, it can also cause failures without low memory condition, see https://github.com/jemalloc/jemalloc/issues/1328. To fix this issue add 'vm.overcommit_memory = 1' to /etc/sysctl.conf and then reboot or run the command 'sysctl vm.overcommit_memory=1' for this to take effect.
3671016:C 04 Jan 2024 19:10:00.839 * oO0OoO0OoO0Oo Redis is starting oO0OoO0OoO0Oo
3671016:C 04 Jan 2024 19:10:00.839 * Redis version=255.255.255, bits=64, commit=e04ebdb8, modified=1, pid=3671016, just started
3671016:C 04 Jan 2024 19:10:00.839 * Configuration loaded
3671016:M 04 Jan 2024 19:10:00.840 * monotonic clock: POSIX clock_gettime
3671016:M 04 Jan 2024 19:10:00.840 * Running mode=standalone, port=5022.
3671016:M 04 Jan 2024 19:10:00.846 * <raft> RedisRaft version 255.255.255 [b779b199]
3671016:M 04 Jan 2024 19:10:00.851 * <raft> Initializing test network
3671016:M 04 Jan 2024 19:10:00.851 * <raft> Created test network client
3671016:M 04 Jan 2024 19:10:00.855 * <raft> Raft module loaded, state is 'loading'
3671016:M 04 Jan 2024 19:10:00.855 * Module 'raft' loaded from /home/snagendra/Fuzzing/redisraft-fuzzing/redisraft.so
3671016:M 04 Jan 2024 19:10:00.855 * Server initialized
3671016:M 04 Jan 2024 19:10:00.855 . The AOF directory appendonlydir doesn't exist
3671016:M 04 Jan 2024 19:10:00.855 * Ready to accept connections tcp
3671016:M 04 Jan 2024 19:10:00.855 . 0 clients connected (0 replicas), 1746688 bytes in use
3671016:M 04 Jan 2024 19:10:00.948 - Accepted 127.0.0.1:41000
3671016:M 04 Jan 2024 19:10:00.948 # Missing implement of connection type tls
3671016:M 04 Jan 2024 19:10:00.955 * <raft> Loading: Redis loading complete, snapshot NOT LOADED
3671016:M 04 Jan 2024 19:10:00.955 * <raft> Cluster Membership: term:0 index:0 nodes: id=2,voting=0,active=1,addr=-
3671016:M 04 Jan 2024 19:10:00.955 * <raft> Test network starting message polling thread


=== REDIS BUG REPORT START: Cut & paste starting from here ===
3671016:M 04 Jan 2024 19:10:00.955 # Redis 255.255.255 crashed by signal: 6, si_code: -6
3671016:M 04 Jan 2024 19:10:00.955 # Crashed running the instruction at: 0x7f7fb5321d3c

------ STACK TRACE ------
EIP:
/lib/x86_64-linux-gnu/libc.so.6(+0x8ad3c)[0x7f7fb5321d3c]

Backtrace:
/lib/x86_64-linux-gnu/libc.so.6(+0x3bfd0)[0x7f7fb52d2fd0]
/lib/x86_64-linux-gnu/libc.so.6(+0x8ad3c)[0x7f7fb5321d3c]
/lib/x86_64-linux-gnu/libc.so.6(gsignal+0x12)[0x7f7fb52d2f32]
/lib/x86_64-linux-gnu/libc.so.6(abort+0xd3)[0x7f7fb52bd472]
/lib/x86_64-linux-gnu/libc.so.6(+0x26395)[0x7f7fb52bd395]
/lib/x86_64-linux-gnu/libc.so.6(+0x34e32)[0x7f7fb52cbe32]
/home/snagendra/Fuzzing/redisraft-fuzzing/redisraft.so(+0x3caea)[0x7f7fb5246aea]
/home/snagendra/Fuzzing/redisraft-fuzzing/redisraft.so(callRaftPeriodic+0x478)[0x7f7fb5237088]
/home/snagendra/Fuzzing/redis/src/redis-server 0.0.0.0:5022(moduleTimerHandler+0x21c)[0x55bb3641d98c]
/home/snagendra/Fuzzing/redis/src/redis-server 0.0.0.0:5022(+0x81705)[0x55bb36327705]
/home/snagendra/Fuzzing/redis/src/redis-server 0.0.0.0:5022(aeMain+0x1c8)[0x55bb36331cb8]
/home/snagendra/Fuzzing/redis/src/redis-server 0.0.0.0:5022(main+0x3cd)[0x55bb36326e2d]
/lib/x86_64-linux-gnu/libc.so.6(+0x271ca)[0x7f7fb52be1ca]
/lib/x86_64-linux-gnu/libc.so.6(__libc_start_main+0x85)[0x7f7fb52be285]
/home/snagendra/Fuzzing/redis/src/redis-server 0.0.0.0:5022(_start+0x2a)[0x55bb363275aa]

------ REGISTERS ------
3671016:M 04 Jan 2024 19:10:00.956 # 
RAX:0000000000000000 RBX:00000000003803e8
RCX:00007f7fb5321d3c RDX:0000000000000006
RDI:00000000003803e8 RSI:00000000003803e8
RBP:00007f7fb52931c0 RSP:00007ffe79b66530
R8 :0000000000000007 R9 :000055bb372f0820
R10:0000000000000008 R11:0000000000000246
R12:0000000000000006 R13:00000000000006a6
R14:00007f7fb527305c R15:000055bb3641c2b0
RIP:00007f7fb5321d3c EFL:0000000000000246
CSGSFS:002b000000000033
3671016:M 04 Jan 2024 19:10:00.956 # (00007ffe79b6653f) -> 000055bb372f08d0
3671016:M 04 Jan 2024 19:10:00.956 # (00007ffe79b6653e) -> 00007f7fb5469c60
3671016:M 04 Jan 2024 19:10:00.956 # (00007ffe79b6653d) -> 00000000000002b1
3671016:M 04 Jan 2024 19:10:00.956 # (00007ffe79b6653c) -> 000055bb372f0820
3671016:M 04 Jan 2024 19:10:00.956 # (00007ffe79b6653b) -> 00000000000006a6
3671016:M 04 Jan 2024 19:10:00.956 # (00007ffe79b6653a) -> 0000000000000020
3671016:M 04 Jan 2024 19:10:00.956 # (00007ffe79b66539) -> 00007f7fb52bd472
3671016:M 04 Jan 2024 19:10:00.956 # (00007ffe79b66538) -> 00007f7fb546ae70
3671016:M 04 Jan 2024 19:10:00.956 # (00007ffe79b66537) -> 00007f7fb52d2f32
3671016:M 04 Jan 2024 19:10:00.956 # (00007ffe79b66536) -> 00007f7fb527305c
3671016:M 04 Jan 2024 19:10:00.956 # (00007ffe79b66535) -> 00000000000006a6
3671016:M 04 Jan 2024 19:10:00.956 # (00007ffe79b66534) -> 00007f7fb5272720
3671016:M 04 Jan 2024 19:10:00.956 # (00007ffe79b66533) -> 00007f7fb52931c0
3671016:M 04 Jan 2024 19:10:00.956 # (00007ffe79b66532) -> 0000000000000006
3671016:M 04 Jan 2024 19:10:00.956 # (00007ffe79b66531) -> aafe7959570e8f00
3671016:M 04 Jan 2024 19:10:00.956 # (00007ffe79b66530) -> 000055bb3641c2b0

------ INFO OUTPUT ------
# Server
redis_version:255.255.255
redis_git_sha1:e04ebdb8
redis_git_dirty:1
redis_build_id:1f78dcc7b4fbdd25
redis_mode:standalone
os:Linux 6.1.60.1.amd64-smp x86_64
arch_bits:64
monotonic_clock:POSIX clock_gettime
multiplexing_api:epoll
atomicvar_api:c11-builtin
gcc_version:10.2.1
process_id:3671016
process_supervised:no
run_id:ddae0d72338cfd9ca7d7982024e0e11da111603e
tcp_port:5022
server_time_usec:1704391800955116
uptime_in_seconds:0
uptime_in_days:0
hz:10
configured_hz:10
lru_clock:9892984
executable:/home/snagendra/Fuzzing/redis/src/redis-server
config_file:
io_threads_active:0
listener0:name=tcp,bind=0.0.0.0,port=5022

# Clients
connected_clients:1
cluster_connections:0
maxclients:10000
client_recent_max_input_buffer:0
client_recent_max_output_buffer:0
blocked_clients:0
tracking_clients:0
clients_in_timeout_table:0
total_blocking_keys:0
total_blocking_keys_on_nokey:0

# Memory
used_memory:1816896
used_memory_human:1.73M
used_memory_rss:18026496
used_memory_rss_human:17.19M
used_memory_peak:1816896
used_memory_peak_human:1.73M
used_memory_peak_perc:100.39%
used_memory_overhead:1746728
used_memory_startup:1746544
used_memory_dataset:70168
used_memory_dataset_perc:99.74%
allocator_allocated:2060232
allocator_active:2592768
allocator_resident:10883072
total_system_memory:270388695040
total_system_memory_human:251.82G
used_memory_lua:31744
used_memory_vm_eval:31744
used_memory_lua_human:31.00K
used_memory_scripts_eval:0
number_of_cached_scripts:0
number_of_functions:0
number_of_libraries:0
used_memory_vm_functions:32768
used_memory_vm_total:64512
used_memory_vm_total_human:63.00K
used_memory_functions:184
used_memory_scripts:184
used_memory_scripts_human:184B
maxmemory:0
maxmemory_human:0B
maxmemory_policy:noeviction
allocator_frag_ratio:1.26
allocator_frag_bytes:532536
allocator_rss_ratio:4.20
allocator_rss_bytes:8290304
rss_overhead_ratio:1.66
rss_overhead_bytes:7143424
mem_fragmentation_ratio:10.32
mem_fragmentation_bytes:16279808
mem_not_counted_for_evict:0
mem_replication_backlog:0
mem_total_replication_buffers:0
mem_clients_slaves:0
mem_clients_normal:0
mem_cluster_links:0
mem_aof_buffer:0
mem_allocator:jemalloc-5.3.0
active_defrag_running:0
lazyfree_pending_objects:0
lazyfreed_objects:0

# Persistence
loading:0
async_loading:0
current_cow_peak:0
current_cow_size:0
current_cow_size_age:0
current_fork_perc:0.00
current_save_keys_processed:0
current_save_keys_total:0
rdb_changes_since_last_save:0
rdb_bgsave_in_progress:0
rdb_last_save_time:1704391800
rdb_last_bgsave_status:ok
rdb_last_bgsave_time_sec:-1
rdb_current_bgsave_time_sec:-1
rdb_saves:0
rdb_last_cow_size:0
rdb_last_load_keys_expired:0
rdb_last_load_keys_loaded:0
aof_enabled:0
aof_rewrite_in_progress:0
aof_rewrite_scheduled:0
aof_last_rewrite_time_sec:-1
aof_current_rewrite_time_sec:-1
aof_last_bgrewrite_status:ok
aof_rewrites:0
aof_rewrites_consecutive_failures:0
aof_last_write_status:ok
aof_last_cow_size:0
module_fork_in_progress:0
module_fork_last_cow_size:0

# Stats
total_connections_received:1
total_commands_processed:7
instantaneous_ops_per_sec:25
total_net_input_bytes:33
total_net_output_bytes:5
total_net_repl_input_bytes:0
total_net_repl_output_bytes:0
instantaneous_input_kbps:0.00
instantaneous_output_kbps:0.00
instantaneous_input_repl_kbps:0.00
instantaneous_output_repl_kbps:0.00
rejected_connections:0
sync_full:0
sync_partial_ok:0
sync_partial_err:0
expired_keys:0
expired_stale_perc:0.00
expired_time_cap_reached_count:0
expire_cycle_cpu_milliseconds:0
evicted_keys:0
evicted_clients:0
total_eviction_exceeded_time:0
current_eviction_exceeded_time:0
keyspace_hits:0
keyspace_misses:0
pubsub_channels:0
pubsub_patterns:0
pubsubshard_channels:0
latest_fork_usec:0
total_forks:0
migrate_cached_sockets:0
slave_expires_tracked_keys:0
active_defrag_hits:0
active_defrag_misses:0
active_defrag_key_hits:0
active_defrag_key_misses:0
total_active_defrag_time:0
current_active_defrag_time:0
tracking_total_keys:0
tracking_total_items:0
tracking_total_prefixes:0
unexpected_error_replies:0
total_error_replies:0
dump_payload_sanitizations:0
total_reads_processed:1
total_writes_processed:1
io_threaded_reads_processed:0
io_threaded_writes_processed:0
reply_buffer_shrinks:0
reply_buffer_expands:0
acl_access_denied_auth:0
acl_access_denied_cmd:0
acl_access_denied_key:0
acl_access_denied_channel:0

# Replication
role:master
connected_slaves:0
master_failover_state:no-failover
master_replid:2e15f84051714365a5dea541fc6beccbe09be338
master_replid2:0000000000000000000000000000000000000000
master_repl_offset:0
second_repl_offset:-1
repl_backlog_active:0
repl_backlog_size:1048576
repl_backlog_first_byte_offset:0
repl_backlog_histlen:0

# CPU
used_cpu_sys:0.000000
used_cpu_user:0.016823
used_cpu_sys_children:0.000000
used_cpu_user_children:0.000000
used_cpu_sys_main_thread:0.000000
used_cpu_user_main_thread:0.016440

# Modules
module:name=raft,ver=1,api=1,filters=1,usedby=[],using=[],options=[]

# Commandstats
cmdstat_auth:calls=1,usec=2,usec_per_call=2.00,rejected_calls=0,failed_calls=0
cmdstat_config|set:calls=1,usec=11,usec_per_call=11.00,rejected_calls=0,failed_calls=0
cmdstat_config|get:calls=3,usec=4,usec_per_call=1.33,rejected_calls=0,failed_calls=0
cmdstat_command:calls=2,usec=1483,usec_per_call=741.50,rejected_calls=0,failed_calls=0

# Errorstats

# Latencystats
latency_percentiles_usec_auth:p50=2.007,p99=2.007,p99.9=2.007
latency_percentiles_usec_config|set:p50=11.007,p99=11.007,p99.9=11.007
latency_percentiles_usec_config|get:p50=2.007,p99=2.007,p99.9=2.007
latency_percentiles_usec_command:p50=716.799,p99=770.047,p99.9=770.047

# Cluster
cluster_enabled:0

# Keyspace

------ CLIENT LIST OUTPUT ------
id=8 addr=127.0.0.1:41000 laddr=127.0.0.1:5022 fd=11 name= age=0 idle=0 flags=N db=0 sub=0 psub=0 ssub=0 multi=-1 qbuf=0 qbuf-free=20474 argv-mem=0 multi-mem=0 rbs=16384 rbp=16384 obl=0 oll=0 omem=0 tot-mem=37760 events=r cmd=auth user=default redir=-1 resp=2 lib-name= lib-ver=

------ MODULES INFO OUTPUT ------
# raft_version
raft_version:255.255.255
raft_git_sha1:b779b199

# raft_general
raft_dbid:ff84d7336748b789a2e4598783c3c4b6
raft_node_id:2
raft_state:up
raft_role:follower
raft_is_voting:no
raft_voted_for:-1
raft_leader_id:-1
raft_current_term:0
raft_num_nodes:1
raft_num_voting_nodes:0

# raft_log
raft_log_entries:0
raft_current_index:0
raft_commit_index:0
raft_last_applied_index:0
raft_file_size:101
raft_cache_memory_size:0
raft_cache_entries:0
raft_client_attached_entries:0
raft_fsync_count:0
raft_fsync_max_microseconds:0
raft_fsync_avg_microseconds:0

# raft_snapshot
raft_snapshot_filename:redis2.rdb
raft_snapshot_last_idx:0
raft_snapshot_last_term:0
raft_snapshot_size:0
raft_snapshot_time_secs:-1
raft_snapshots_created:0
raft_snapshots_received:0
raft_snapshot_in_progress:no
raft_snapshot_in_progress_last_idx:-1
raft_snapshot_in_progress_last_term:-1

# raft_clients
raft_proxy_reqs:0
raft_proxy_failed_reqs:0
raft_proxy_failed_responses:0
raft_proxy_outstanding_reqs:0

# raft_stats
raft_appendreq_received:0
raft_appendreq_with_entry_received:0
raft_snapshotreq_received:0
raft_exec_throttled:0
raft_num_sessions:0

------ CONFIG DEBUG OUTPUT ------
replica-read-only yes
client-query-buffer-limit 1gb
lazyfree-lazy-user-del no
activedefrag no
sanitize-dump-payload no
io-threads 1
repl-diskless-load disabled
lazyfree-lazy-user-flush no
slave-read-only yes
repl-diskless-sync yes
io-threads-do-reads no
lazyfree-lazy-expire no
list-compress-depth 0
proto-max-bulk-len 512mb
lazyfree-lazy-server-del no
lazyfree-lazy-eviction no

------ FAST MEMORY TEST ------
3671016:M 04 Jan 2024 19:10:00.956 # Bio worker thread #0 terminated
3671016:M 04 Jan 2024 19:10:00.956 # Bio worker thread #1 terminated
3671016:M 04 Jan 2024 19:10:00.957 # Bio worker thread #2 terminated
*** Preparing to test memory region 55bb365fd000 (2273280 bytes)
*** Preparing to test memory region 55bb3729b000 (405504 bytes)
*** Preparing to test memory region 7f7fa7fff000 (8388608 bytes)
*** Preparing to test memory region 7f7fa8800000 (8388608 bytes)
*** Preparing to test memory region 7f7fa9000000 (6291456 bytes)
*** Preparing to test memory region 7f7fa97fc000 (8388608 bytes)
*** Preparing to test memory region 7f7fa9ffd000 (8388608 bytes)
*** Preparing to test memory region 7f7faa7fe000 (8388608 bytes)
*** Preparing to test memory region 7f7faafff000 (8388608 bytes)
*** Preparing to test memory region 7f7fab800000 (8388608 bytes)
*** Preparing to test memory region 7f7fac000000 (135168 bytes)
*** Preparing to test memory region 7f7fb07f7000 (8388608 bytes)
*** Preparing to test memory region 7f7fb0ff8000 (8388608 bytes)
*** Preparing to test memory region 7f7fb17f9000 (8388608 bytes)
*** Preparing to test memory region 7f7fb1ffa000 (8388608 bytes)
*** Preparing to test memory region 7f7fb27fb000 (8388608 bytes)
*** Preparing to test memory region 7f7fb2ffb000 (2621440 bytes)
*** Preparing to test memory region 7f7fb328a000 (8192 bytes)
*** Preparing to test memory region 7f7fb387f000 (12288 bytes)
*** Preparing to test memory region 7f7fb3e18000 (16384 bytes)
*** Preparing to test memory region 7f7fb3fb6000 (8192 bytes)
*** Preparing to test memory region 7f7fb412d000 (4096 bytes)
*** Preparing to test memory region 7f7fb4a00000 (8388608 bytes)
*** Preparing to test memory region 7f7fb5201000 (12288 bytes)
*** Preparing to test memory region 7f7fb528c000 (45056 bytes)
*** Preparing to test memory region 7f7fb546b000 (53248 bytes)
*** Preparing to test memory region 7f7fb5588000 (8192 bytes)
.O.O.O.O.O.3671016:signal-handler (1704391801) Received SIGINT scheduling shutdown...
3671016:signal-handler (1704391801) You insist... exiting now.
3671157:C 04 Jan 2024 19:10:01.257 # WARNING Memory overcommit must be enabled! Without it, a background save or replication may fail under low memory condition. Being disabled, it can also cause failures without low memory condition, see https://github.com/jemalloc/jemalloc/issues/1328. To fix this issue add 'vm.overcommit_memory = 1' to /etc/sysctl.conf and then reboot or run the command 'sysctl vm.overcommit_memory=1' for this to take effect.
3671157:C 04 Jan 2024 19:10:01.257 * oO0OoO0OoO0Oo Redis is starting oO0OoO0OoO0Oo
3671157:C 04 Jan 2024 19:10:01.257 * Redis version=255.255.255, bits=64, commit=e04ebdb8, modified=1, pid=3671157, just started
3671157:C 04 Jan 2024 19:10:01.257 * Configuration loaded
3671157:M 04 Jan 2024 19:10:01.257 * monotonic clock: POSIX clock_gettime
3671157:M 04 Jan 2024 19:10:01.258 * Running mode=standalone, port=5022.
3671157:M 04 Jan 2024 19:10:01.265 * <raft> RedisRaft version 255.255.255 [b779b199]
3671157:M 04 Jan 2024 19:10:01.269 * <raft> Initializing test network
3671157:M 04 Jan 2024 19:10:01.270 * <raft> Created test network client
3671157:M 04 Jan 2024 19:10:01.272 * <raft> Raft module loaded, state is 'loading'
3671157:M 04 Jan 2024 19:10:01.272 * Module 'raft' loaded from /home/snagendra/Fuzzing/redisraft-fuzzing/redisraft.so
3671157:M 04 Jan 2024 19:10:01.273 * Server initialized
3671157:M 04 Jan 2024 19:10:01.273 . The AOF directory appendonlydir doesn't exist
3671157:M 04 Jan 2024 19:10:01.273 * Ready to accept connections tcp
3671157:M 04 Jan 2024 19:10:01.273 . 0 clients connected (0 replicas), 1746784 bytes in use
3671157:M 04 Jan 2024 19:10:01.325 - Accepted 127.0.0.1:41038
3671157:M 04 Jan 2024 19:10:01.325 # Missing implement of connection type tls
3671157:M 04 Jan 2024 19:10:01.351 - Accepted 127.0.0.1:41046
3671157:M 04 Jan 2024 19:10:01.373 * <raft> Loading: Redis loading complete, snapshot NOT LOADED
3671157:M 04 Jan 2024 19:10:01.373 * <raft> Cluster Membership: term:0 index:0 nodes: id=2,voting=0,active=1,addr=-
3671157:M 04 Jan 2024 19:10:01.374 * <raft> Test network starting message polling thread


=== REDIS BUG REPORT START: Cut & paste starting from here ===
3671157:M 04 Jan 2024 19:10:01.374 # Redis 255.255.255 crashed by signal: 6, si_code: -6
3671157:M 04 Jan 2024 19:10:01.374 # Crashed running the instruction at: 0x7f0ec64e5d3c

------ STACK TRACE ------
EIP:
/lib/x86_64-linux-gnu/libc.so.6(+0x8ad3c)[0x7f0ec64e5d3c]

Backtrace:
/lib/x86_64-linux-gnu/libc.so.6(+0x3bfd0)[0x7f0ec6496fd0]
/lib/x86_64-linux-gnu/libc.so.6(+0x8ad3c)[0x7f0ec64e5d3c]
/lib/x86_64-linux-gnu/libc.so.6(gsignal+0x12)[0x7f0ec6496f32]
/lib/x86_64-linux-gnu/libc.so.6(abort+0xd3)[0x7f0ec6481472]
/lib/x86_64-linux-gnu/libc.so.6(+0x26395)[0x7f0ec6481395]
/lib/x86_64-linux-gnu/libc.so.6(+0x34e32)[0x7f0ec648fe32]
/home/snagendra/Fuzzing/redisraft-fuzzing/redisraft.so(+0x3caea)[0x7f0ec53b4aea]
/home/snagendra/Fuzzing/redisraft-fuzzing/redisraft.so(callRaftPeriodic+0x478)[0x7f0ec53a5088]
/home/snagendra/Fuzzing/redis/src/redis-server 0.0.0.0:5022(moduleTimerHandler+0x21c)[0x5573f71f098c]
/home/snagendra/Fuzzing/redis/src/redis-server 0.0.0.0:5022(+0x81705)[0x5573f70fa705]
/home/snagendra/Fuzzing/redis/src/redis-server 0.0.0.0:5022(aeMain+0x1c8)[0x5573f7104cb8]
/home/snagendra/Fuzzing/redis/src/redis-server 0.0.0.0:5022(main+0x3cd)[0x5573f70f9e2d]
/lib/x86_64-linux-gnu/libc.so.6(+0x271ca)[0x7f0ec64821ca]
/lib/x86_64-linux-gnu/libc.so.6(__libc_start_main+0x85)[0x7f0ec6482285]
/home/snagendra/Fuzzing/redis/src/redis-server 0.0.0.0:5022(_start+0x2a)[0x5573f70fa5aa]

------ REGISTERS ------
3671157:M 04 Jan 2024 19:10:01.374 # 
RAX:0000000000000000 RBX:0000000000380475
RCX:00007f0ec64e5d3c RDX:0000000000000006
RDI:0000000000380475 RSI:0000000000380475
RBP:00007f0ec64571c0 RSP:00007ffe9f8eec00
R8 :0000000000000007 R9 :00005573f7eb9820
R10:0000000000000008 R11:0000000000000246
R12:0000000000000006 R13:00000000000006a6
R14:00007f0ec53e105c R15:00005573f71ef2b0
RIP:00007f0ec64e5d3c EFL:0000000000000246
CSGSFS:002b000000000033
3671157:M 04 Jan 2024 19:10:01.374 # (00007ffe9f8eec0f) -> 00005573f7eb98d0
3671157:M 04 Jan 2024 19:10:01.374 # (00007ffe9f8eec0e) -> 00007f0ec662dc60
3671157:M 04 Jan 2024 19:10:01.374 # (00007ffe9f8eec0d) -> 00000000000002b1
3671157:M 04 Jan 2024 19:10:01.374 # (00007ffe9f8eec0c) -> 00005573f7eb9820
3671157:M 04 Jan 2024 19:10:01.374 # (00007ffe9f8eec0b) -> 00000000000006a6
3671157:M 04 Jan 2024 19:10:01.374 # (00007ffe9f8eec0a) -> 0000000000000020
3671157:M 04 Jan 2024 19:10:01.374 # (00007ffe9f8eec09) -> 00007f0ec6481472
3671157:M 04 Jan 2024 19:10:01.374 # (00007ffe9f8eec08) -> 00007f0ec662ee70
3671157:M 04 Jan 2024 19:10:01.374 # (00007ffe9f8eec07) -> 00007f0ec6496f32
3671157:M 04 Jan 2024 19:10:01.374 # (00007ffe9f8eec06) -> 00007f0ec53e105c
3671157:M 04 Jan 2024 19:10:01.374 # (00007ffe9f8eec05) -> 00000000000006a6
3671157:M 04 Jan 2024 19:10:01.374 # (00007ffe9f8eec04) -> 00007f0ec53e0720
3671157:M 04 Jan 2024 19:10:01.374 # (00007ffe9f8eec03) -> 00007f0ec64571c0
3671157:M 04 Jan 2024 19:10:01.374 # (00007ffe9f8eec02) -> 0000000000000006
3671157:M 04 Jan 2024 19:10:01.375 # (00007ffe9f8eec01) -> c8ee264776910600
3671157:M 04 Jan 2024 19:10:01.375 # (00007ffe9f8eec00) -> 00005573f71ef2b0

------ INFO OUTPUT ------
# Server
redis_version:255.255.255
redis_git_sha1:e04ebdb8
redis_git_dirty:1
redis_build_id:1f78dcc7b4fbdd25
redis_mode:standalone
os:Linux 6.1.60.1.amd64-smp x86_64
arch_bits:64
monotonic_clock:POSIX clock_gettime
multiplexing_api:epoll
atomicvar_api:c11-builtin
gcc_version:10.2.1
process_id:3671157
process_supervised:no
run_id:d83b6b495adc81e28a717efdc24191ae0038b839
tcp_port:5022
server_time_usec:1704391801373307
uptime_in_seconds:0
uptime_in_days:0
hz:10
configured_hz:10
lru_clock:9892985
executable:/home/snagendra/Fuzzing/redis/src/redis-server
config_file:
io_threads_active:0
listener0:name=tcp,bind=0.0.0.0,port=5022

# Clients
connected_clients:2
cluster_connections:0
maxclients:10000
client_recent_max_input_buffer:0
client_recent_max_output_buffer:0
blocked_clients:0
tracking_clients:0
clients_in_timeout_table:0
total_blocking_keys:0
total_blocking_keys_on_nokey:0

# Memory
used_memory:1855336
used_memory_human:1.77M
used_memory_rss:17551360
used_memory_rss_human:16.74M
used_memory_peak:1855336
used_memory_peak_human:1.77M
used_memory_peak_perc:100.38%
used_memory_overhead:1746824
used_memory_startup:1746640
used_memory_dataset:108512
used_memory_dataset_perc:99.83%
allocator_allocated:2126296
allocator_active:2654208
allocator_resident:10887168
total_system_memory:270388695040
total_system_memory_human:251.82G
used_memory_lua:31744
used_memory_vm_eval:31744
used_memory_lua_human:31.00K
used_memory_scripts_eval:0
number_of_cached_scripts:0
number_of_functions:0
number_of_libraries:0
used_memory_vm_functions:32768
used_memory_vm_total:64512
used_memory_vm_total_human:63.00K
used_memory_functions:184
used_memory_scripts:184
used_memory_scripts_human:184B
maxmemory:0
maxmemory_human:0B
maxmemory_policy:noeviction
allocator_frag_ratio:1.25
allocator_frag_bytes:527912
allocator_rss_ratio:4.10
allocator_rss_bytes:8232960
rss_overhead_ratio:1.61
rss_overhead_bytes:6664192
mem_fragmentation_ratio:10.05
mem_fragmentation_bytes:15804576
mem_not_counted_for_evict:0
mem_replication_backlog:0
mem_total_replication_buffers:0
mem_clients_slaves:0
mem_clients_normal:0
mem_cluster_links:0
mem_aof_buffer:0
mem_allocator:jemalloc-5.3.0
active_defrag_running:0
lazyfree_pending_objects:0
lazyfreed_objects:0

# Persistence
loading:0
async_loading:0
current_cow_peak:0
current_cow_size:0
current_cow_size_age:0
current_fork_perc:0.00
current_save_keys_processed:0
current_save_keys_total:0
rdb_changes_since_last_save:0
rdb_bgsave_in_progress:0
rdb_last_save_time:1704391801
rdb_last_bgsave_status:ok
rdb_last_bgsave_time_sec:-1
rdb_current_bgsave_time_sec:-1
rdb_saves:0
rdb_last_cow_size:0
rdb_last_load_keys_expired:0
rdb_last_load_keys_loaded:0
aof_enabled:0
aof_rewrite_in_progress:0
aof_rewrite_scheduled:0
aof_last_rewrite_time_sec:-1
aof_current_rewrite_time_sec:-1
aof_last_bgrewrite_status:ok
aof_rewrites:0
aof_rewrites_consecutive_failures:0
aof_last_write_status:ok
aof_last_cow_size:0
module_fork_in_progress:0
module_fork_last_cow_size:0

# Stats
total_connections_received:2
total_commands_processed:8
instantaneous_ops_per_sec:25
total_net_input_bytes:66
total_net_output_bytes:10
total_net_repl_input_bytes:0
total_net_repl_output_bytes:0
instantaneous_input_kbps:0.00
instantaneous_output_kbps:0.00
instantaneous_input_repl_kbps:0.00
instantaneous_output_repl_kbps:0.00
rejected_connections:0
sync_full:0
sync_partial_ok:0
sync_partial_err:0
expired_keys:0
expired_stale_perc:0.00
expired_time_cap_reached_count:0
expire_cycle_cpu_milliseconds:0
evicted_keys:0
evicted_clients:0
total_eviction_exceeded_time:0
current_eviction_exceeded_time:0
keyspace_hits:0
keyspace_misses:0
pubsub_channels:0
pubsub_patterns:0
pubsubshard_channels:0
latest_fork_usec:0
total_forks:0
migrate_cached_sockets:0
slave_expires_tracked_keys:0
active_defrag_hits:0
active_defrag_misses:0
active_defrag_key_hits:0
active_defrag_key_misses:0
total_active_defrag_time:0
current_active_defrag_time:0
tracking_total_keys:0
tracking_total_items:0
tracking_total_prefixes:0
unexpected_error_replies:0
total_error_replies:0
dump_payload_sanitizations:0
total_reads_processed:2
total_writes_processed:2
io_threaded_reads_processed:0
io_threaded_writes_processed:0
reply_buffer_shrinks:0
reply_buffer_expands:0
acl_access_denied_auth:0
acl_access_denied_cmd:0
acl_access_denied_key:0
acl_access_denied_channel:0

# Replication
role:master
connected_slaves:0
master_failover_state:no-failover
master_replid:f881cc1704ae237abbbc7de48c770e5dd8ba32a2
master_replid2:0000000000000000000000000000000000000000
master_repl_offset:0
second_repl_offset:-1
repl_backlog_active:0
repl_backlog_size:1048576
repl_backlog_first_byte_offset:0
repl_backlog_histlen:0

# CPU
used_cpu_sys:0.007682
used_cpu_user:0.010242
used_cpu_sys_children:0.000000
used_cpu_user_children:0.000000
used_cpu_sys_main_thread:0.007545
used_cpu_user_main_thread:0.010060

# Modules
module:name=raft,ver=1,api=1,filters=1,usedby=[],using=[],options=[]

# Commandstats
cmdstat_command:calls=2,usec=1492,usec_per_call=746.00,rejected_calls=0,failed_calls=0
cmdstat_auth:calls=2,usec=2,usec_per_call=1.00,rejected_calls=0,failed_calls=0
cmdstat_config|get:calls=3,usec=4,usec_per_call=1.33,rejected_calls=0,failed_calls=0
cmdstat_config|set:calls=1,usec=7,usec_per_call=7.00,rejected_calls=0,failed_calls=0

# Errorstats

# Latencystats
latency_percentiles_usec_command:p50=700.415,p99=798.719,p99.9=798.719
latency_percentiles_usec_auth:p50=1.003,p99=1.003,p99.9=1.003
latency_percentiles_usec_config|get:p50=1.003,p99=2.007,p99.9=2.007
latency_percentiles_usec_config|set:p50=7.007,p99=7.007,p99.9=7.007

# Cluster
cluster_enabled:0

# Keyspace

------ CLIENT LIST OUTPUT ------
id=8 addr=127.0.0.1:41038 laddr=127.0.0.1:5022 fd=11 name= age=0 idle=0 flags=N db=0 sub=0 psub=0 ssub=0 multi=-1 qbuf=0 qbuf-free=20474 argv-mem=0 multi-mem=0 rbs=16384 rbp=16384 obl=0 oll=0 omem=0 tot-mem=37760 events=r cmd=auth user=default redir=-1 resp=2 lib-name= lib-ver=
id=9 addr=127.0.0.1:41046 laddr=127.0.0.1:5022 fd=12 name= age=0 idle=0 flags=N db=0 sub=0 psub=0 ssub=0 multi=-1 qbuf=0 qbuf-free=20474 argv-mem=0 multi-mem=0 rbs=16384 rbp=16384 obl=0 oll=0 omem=0 tot-mem=37760 events=r cmd=auth user=default redir=-1 resp=2 lib-name= lib-ver=

------ MODULES INFO OUTPUT ------
# raft_version
raft_version:255.255.255
raft_git_sha1:b779b199

# raft_general
raft_dbid:ff84d7336748b789a2e4598783c3c4b6
raft_node_id:2
raft_state:up
raft_role:follower
raft_is_voting:no
raft_voted_for:-1
raft_leader_id:-1
raft_current_term:0
raft_num_nodes:1
raft_num_voting_nodes:0

# raft_log
raft_log_entries:0
raft_current_index:0
raft_commit_index:0
raft_last_applied_index:0
raft_file_size:101
raft_cache_memory_size:0
raft_cache_entries:0
raft_client_attached_entries:0
raft_fsync_count:0
raft_fsync_max_microseconds:0
raft_fsync_avg_microseconds:0

# raft_snapshot
raft_snapshot_filename:redis2.rdb
raft_snapshot_last_idx:0
raft_snapshot_last_term:0
raft_snapshot_size:0
raft_snapshot_time_secs:-1
raft_snapshots_created:0
raft_snapshots_received:0
raft_snapshot_in_progress:no
raft_snapshot_in_progress_last_idx:-1
raft_snapshot_in_progress_last_term:-1

# raft_clients
raft_proxy_reqs:0
raft_proxy_failed_reqs:0
raft_proxy_failed_responses:0
raft_proxy_outstanding_reqs:0

# raft_stats
raft_appendreq_received:0
raft_appendreq_with_entry_received:0
raft_snapshotreq_received:0
raft_exec_throttled:0
raft_num_sessions:0

------ CONFIG DEBUG OUTPUT ------
lazyfree-lazy-eviction no
io-threads 1
sanitize-dump-payload no
repl-diskless-sync yes
lazyfree-lazy-expire no
lazyfree-lazy-user-flush no
client-query-buffer-limit 1gb
list-compress-depth 0
repl-diskless-load disabled
replica-read-only yes
io-threads-do-reads no
lazyfree-lazy-user-del no
activedefrag no
lazyfree-lazy-server-del no
proto-max-bulk-len 512mb
slave-read-only yes

------ FAST MEMORY TEST ------
3671157:M 04 Jan 2024 19:10:01.375 # Bio worker thread #0 terminated
3671157:M 04 Jan 2024 19:10:01.375 # Bio worker thread #1 terminated
3671157:M 04 Jan 2024 19:10:01.375 # Bio worker thread #2 terminated
*** Preparing to test memory region 5573f73d0000 (2273280 bytes)
*** Preparing to test memory region 5573f7e64000 (405504 bytes)
*** Preparing to test memory region 7f0eb97ff000 (8388608 bytes)
*** Preparing to test memory region 7f0eba000000 (8388608 bytes)
*** Preparing to test memory region 7f0eba800000 (6291456 bytes)
*** Preparing to test memory region 7f0ebafff000 (8388608 bytes)
*** Preparing to test memory region 7f0ebb800000 (8388608 bytes)
*** Preparing to test memory region 7f0ebc000000 (135168 bytes)
*** Preparing to test memory region 7f0ec01bb000 (8388608 bytes)
*** Preparing to test memory region 7f0ec09bc000 (8388608 bytes)
*** Preparing to test memory region 7f0ec11bd000 (8388608 bytes)
*** Preparing to test memory region 7f0ec19be000 (8388608 bytes)
*** Preparing to test memory region 7f0ec21bf000 (8388608 bytes)
*** Preparing to test memory region 7f0ec29c0000 (8388608 bytes)
*** Preparing to test memory region 7f0ec31c1000 (8388608 bytes)
*** Preparing to test memory region 7f0ec39c2000 (8388608 bytes)
*** Preparing to test memory region 7f0ec41c2000 (2621440 bytes)
*** Preparing to test memory region 7f0ec4451000 (8192 bytes)
*** Preparing to test memory region 7f0ec4a7f000 (12288 bytes)
*** Preparing to test memory region 7f0ec5018000 (16384 bytes)
*** Preparing to test memory region 7f0ec516b000 (8192 bytes)
*** Preparing to test memory region 7f0ec53fa000 (24576 bytes)
*** Preparing to test memory region 7f0ec5c00000 (8388608 bytes)
*** Preparing to test memory region 7f0ec642e000 (4096 bytes)
*** Preparing to test memory region 7f0ec6453000 (32768 bytes)
*** Preparing to test memory region 7f0ec662f000 (53248 bytes)
*** Preparing to test memory region 7f0ec674c000 (8192 bytes)
.O.O.O.O.O.O.O.O.O.O.O.O.O.O.O.
----- Stderr -----
libgcov profiling error:/home/snagendra/Fuzzing/redisraft-fuzzing/build/deps/raft/CMakeFiles/raft.dir/src/raft_server_properties.c.gcda:Merge mismatch for function 3
libgcov profiling error:/home/snagendra/Fuzzing/redisraft-fuzzing/build/deps/raft/CMakeFiles/raft.dir/src/raft_node.c.gcda:Merge mismatch for function 2
libgcov profiling error:/home/snagendra/Fuzzing/redisraft-fuzzing/build/deps/raft/CMakeFiles/raft.dir/src/raft_server.c.gcda:Merge mismatch for function 1
redis-server: /home/snagendra/Fuzzing/redisraft-fuzzing/deps/raft/src/raft_server.c:1702: raft_get_first_entry_idx: Assertion `0 < raft_get_current_idx(me)' failed.
libgcov profiling error:/home/snagendra/Fuzzing/redisraft-fuzzing/build/deps/raft/CMakeFiles/raft.dir/src/raft_server_properties.c.gcda:Merge mismatch for function 3
libgcov profiling error:/home/snagendra/Fuzzing/redisraft-fuzzing/build/deps/raft/CMakeFiles/raft.dir/src/raft_node.c.gcda:Merge mismatch for function 2
libgcov profiling error:/home/snagendra/Fuzzing/redisraft-fuzzing/build/deps/raft/CMakeFiles/raft.dir/src/raft_server.c.gcda:Merge mismatch for function 1
redis-server: /home/snagendra/Fuzzing/redisraft-fuzzing/deps/raft/src/raft_server.c:1702: raft_get_first_entry_idx: Assertion `0 < raft_get_current_idx(me)' failed.




logs for node: 3

----- Stdout -----
3670403:C 04 Jan 2024 19:09:59.024 # WARNING Memory overcommit must be enabled! Without it, a background save or replication may fail under low memory condition. Being disabled, it can also cause failures without low memory condition, see https://github.com/jemalloc/jemalloc/issues/1328. To fix this issue add 'vm.overcommit_memory = 1' to /etc/sysctl.conf and then reboot or run the command 'sysctl vm.overcommit_memory=1' for this to take effect.
3670403:C 04 Jan 2024 19:09:59.024 * oO0OoO0OoO0Oo Redis is starting oO0OoO0OoO0Oo
3670403:C 04 Jan 2024 19:09:59.024 * Redis version=255.255.255, bits=64, commit=e04ebdb8, modified=1, pid=3670403, just started
3670403:C 04 Jan 2024 19:09:59.024 * Configuration loaded
3670403:M 04 Jan 2024 19:09:59.025 * monotonic clock: POSIX clock_gettime
3670403:M 04 Jan 2024 19:09:59.025 * Running mode=standalone, port=5023.
3670403:M 04 Jan 2024 19:09:59.032 * <raft> RedisRaft version 255.255.255 [b779b199]
3670403:M 04 Jan 2024 19:09:59.037 * <raft> Initializing test network
3670403:M 04 Jan 2024 19:09:59.037 * <raft> Created test network client
3670403:M 04 Jan 2024 19:09:59.038 * <raft> Raft module loaded, state is 'uninitialized'
3670403:M 04 Jan 2024 19:09:59.038 * Module 'raft' loaded from /home/snagendra/Fuzzing/redisraft-fuzzing/redisraft.so
3670403:M 04 Jan 2024 19:09:59.039 * Server initialized
3670403:M 04 Jan 2024 19:09:59.039 . The AOF directory appendonlydir doesn't exist
3670403:M 04 Jan 2024 19:09:59.040 * Ready to accept connections tcp
3670403:M 04 Jan 2024 19:09:59.040 . 0 clients connected (0 replicas), 1726192 bytes in use
3670403:M 04 Jan 2024 19:09:59.044 - Accepted 127.0.0.1:48804
3670403:M 04 Jan 2024 19:09:59.044 # Missing implement of connection type tls
3670403:M 04 Jan 2024 19:09:59.139 - <raft> join cluster, connecting to localhost:5021
3670403:M 04 Jan 2024 19:09:59.141 * <raft> Joined Raft cluster, node id: 3, dbid: ff84d7336748b789a2e4598783c3c4b6
3670403:M 04 Jan 2024 19:09:59.147 * <raft> Cluster Membership: term:0 index:0 nodes: id=3,voting=0,active=1,addr=-
3670403:M 04 Jan 2024 19:09:59.147 * <raft> Test network starting message polling thread
3670403:M 04 Jan 2024 19:09:59.178 - Accepted 127.0.0.1:48806
3670403:M 04 Jan 2024 19:09:59.490 * <raft> Cluster Membership: term:1 index:2 nodes: id=3,voting=0,active=1,addr=- id=1,voting=1,active=1,addr=localhost:5021
3670403:M 04 Jan 2024 19:09:59.490 * <raft> Cluster Membership: term:1 index:3 nodes: id=3,voting=0,active=1,addr=- id=1,voting=1,active=1,addr=localhost:5021 id=2,voting=0,active=1,addr=localhost:5022
3670403:M 04 Jan 2024 19:09:59.526 - Client closed connection id=9 addr=127.0.0.1:48806 laddr=127.0.0.1:5023 fd=10 name= age=0 idle=0 flags=N db=0 sub=0 psub=0 ssub=0 multi=-1 qbuf=0 qbuf-free=20474 argv-mem=0 multi-mem=0 rbs=1024 rbp=0 obl=0 oll=0 omem=0 tot-mem=22400 events=r cmd=auth user=default redir=-1 resp=2 lib-name= lib-ver=
3670403:M 04 Jan 2024 19:09:59.743 * <raft> State change: Election starting, node is now a pre-candidate, term 1
3670403:M 04 Jan 2024 19:09:59.743 * <raft> Cluster Membership: term:1 index:4 nodes: id=3,voting=0,active=1,addr=- id=1,voting=1,active=1,addr=localhost:5021 id=2,voting=0,active=1,addr=localhost:5022
3670403:M 04 Jan 2024 19:10:00.059 * <raft> State change: Node is now a follower, term 1
3670403:M 04 Jan 2024 19:10:00.059 * <raft> Cluster Membership: term:1 index:4 nodes: id=3,voting=0,active=1,addr=- id=1,voting=1,active=1,addr=localhost:5021 id=2,voting=0,active=1,addr=localhost:5022
3670403:M 04 Jan 2024 19:10:00.429 - Accepted 127.0.0.1:48810
3670403:M 04 Jan 2024 19:10:00.446 * <raft> State change: Election starting, node is now a pre-candidate, term 1
3670403:M 04 Jan 2024 19:10:00.446 * <raft> Cluster Membership: term:1 index:4 nodes: id=3,voting=0,active=1,addr=- id=1,voting=1,active=1,addr=localhost:5021 id=2,voting=0,active=1,addr=localhost:5022
3670403:M 04 Jan 2024 19:10:00.457 * <raft> State change: Node is now a follower, term 1
3670403:M 04 Jan 2024 19:10:00.457 * <raft> Cluster Membership: term:1 index:4 nodes: id=3,voting=0,active=1,addr=- id=1,voting=1,active=1,addr=localhost:5021 id=2,voting=0,active=1,addr=localhost:5022
3670403:M 04 Jan 2024 19:10:00.685 - Client closed connection id=10 addr=127.0.0.1:48810 laddr=127.0.0.1:5023 fd=10 name= age=0 idle=0 flags=N db=0 sub=0 psub=0 ssub=0 multi=-1 qbuf=0 qbuf-free=20474 argv-mem=0 multi-mem=0 rbs=1024 rbp=0 obl=0 oll=0 omem=0 tot-mem=22400 events=r cmd=auth user=default redir=-1 resp=2 lib-name= lib-ver=
3670403:M 04 Jan 2024 19:10:00.948 * <raft> State change: Election starting, node is now a pre-candidate, term 2
3670403:M 04 Jan 2024 19:10:00.948 * <raft> Cluster Membership: term:2 index:5 nodes: id=3,voting=0,active=1,addr=- id=1,voting=1,active=1,addr=localhost:5021 id=2,voting=0,active=1,addr=localhost:5022
3670403:M 04 Jan 2024 19:10:01.101 * <raft> State change: Node is now a follower, term 2
3670403:M 04 Jan 2024 19:10:01.101 * <raft> Cluster Membership: term:2 index:5 nodes: id=3,voting=0,active=1,addr=- id=1,voting=1,active=1,addr=localhost:5021 id=2,voting=0,active=1,addr=localhost:5022
3670403:M 04 Jan 2024 19:10:01.325 - Accepted 127.0.0.1:48820
3670403:M 04 Jan 2024 19:10:01.351 * <raft> State change: Election starting, node is now a pre-candidate, term 2
3670403:M 04 Jan 2024 19:10:01.351 * <raft> Cluster Membership: term:2 index:5 nodes: id=3,voting=0,active=1,addr=- id=1,voting=1,active=1,addr=localhost:5021 id=2,voting=0,active=1,addr=localhost:5022
3670403:signal-handler (1704391801) Received SIGINT scheduling shutdown...
3670403:signal-handler (1704391801) You insist... exiting now.
3671638:C 04 Jan 2024 19:10:02.269 # WARNING Memory overcommit must be enabled! Without it, a background save or replication may fail under low memory condition. Being disabled, it can also cause failures without low memory condition, see https://github.com/jemalloc/jemalloc/issues/1328. To fix this issue add 'vm.overcommit_memory = 1' to /etc/sysctl.conf and then reboot or run the command 'sysctl vm.overcommit_memory=1' for this to take effect.
3671638:C 04 Jan 2024 19:10:02.269 * oO0OoO0OoO0Oo Redis is starting oO0OoO0OoO0Oo
3671638:C 04 Jan 2024 19:10:02.269 * Redis version=255.255.255, bits=64, commit=e04ebdb8, modified=1, pid=3671638, just started
3671638:C 04 Jan 2024 19:10:02.269 * Configuration loaded
3671638:M 04 Jan 2024 19:10:02.270 * monotonic clock: POSIX clock_gettime
3671638:M 04 Jan 2024 19:10:02.270 * Running mode=standalone, port=5023.
3671638:M 04 Jan 2024 19:10:02.276 * <raft> RedisRaft version 255.255.255 [b779b199]
3671638:M 04 Jan 2024 19:10:02.281 * <raft> Initializing test network
3671638:M 04 Jan 2024 19:10:02.281 * <raft> Created test network client
3671638:M 04 Jan 2024 19:10:02.285 * <raft> Raft module loaded, state is 'loading'
3671638:M 04 Jan 2024 19:10:02.285 * Module 'raft' loaded from /home/snagendra/Fuzzing/redisraft-fuzzing/redisraft.so
3671638:M 04 Jan 2024 19:10:02.285 * Server initialized
3671638:M 04 Jan 2024 19:10:02.285 . The AOF directory appendonlydir doesn't exist
3671638:M 04 Jan 2024 19:10:02.285 * Ready to accept connections tcp
3671638:M 04 Jan 2024 19:10:02.285 . 0 clients connected (0 replicas), 1746688 bytes in use
3671638:M 04 Jan 2024 19:10:02.386 * <raft> Loading: Redis loading complete, snapshot NOT LOADED
3671638:M 04 Jan 2024 19:10:02.386 * <raft> Cluster Membership: term:0 index:0 nodes: id=3,voting=0,active=1,addr=-
3671638:M 04 Jan 2024 19:10:02.386 * <raft> Test network starting message polling thread
3671638:M 04 Jan 2024 19:10:02.387 * <raft> Cluster Membership: term:0 index:5 nodes: id=3,voting=0,active=1,addr=- id=1,voting=1,active=1,addr=localhost:5021
3671638:M 04 Jan 2024 19:10:02.387 * <raft> Cluster Membership: term:0 index:5 nodes: id=3,voting=0,active=1,addr=- id=1,voting=1,active=1,addr=localhost:5021 id=2,voting=0,active=1,addr=localhost:5022
3671638:M 04 Jan 2024 19:10:02.387 * <raft> Raft state after loading log: log_count=5, first_idx=1, current_idx=5, last_applied_idx=0
3671638:M 04 Jan 2024 19:10:02.387 . <raft> Raft term=2, vote=-1
3671638:signal-handler (1704391802) Received SIGINT scheduling shutdown...
3671638:signal-handler (1704391802) You insist... exiting now.


=== REDIS BUG REPORT START: Cut & paste starting from here ===
3671638:M 04 Jan 2024 19:10:02.392 # Redis 255.255.255 crashed by signal: 11, si_code: 1
3671638:M 04 Jan 2024 19:10:02.392 # Accessing address: 0x18
3671638:M 04 Jan 2024 19:10:02.392 # Crashed running the instruction at: 0x7f5080af80b0

------ STACK TRACE ------
EIP:
/lib/x86_64-linux-gnu/libc.so.6(__pthread_rwlock_wrlock+0x0)[0x7f5080af80b0]

Backtrace:
/lib/x86_64-linux-gnu/libc.so.6(+0x3bfd0)[0x7f5080aa4fd0]
/lib/x86_64-linux-gnu/libc.so.6(__pthread_rwlock_wrlock+0x0)[0x7f5080af80b0]
/lib/x86_64-linux-gnu/libcrypto.so.3(CRYPTO_THREAD_write_lock+0x9)[0x7f507ee3df49]
/lib/x86_64-linux-gnu/libcrypto.so.3(ENGINE_get_first+0x3a)[0x7f507ede408a]
/lib/x86_64-linux-gnu/libcrypto.so.3(ENGINE_register_all_complete+0x6)[0x7f507ede3486]
/lib/x86_64-linux-gnu/libssh2.so.1(libssh2_init+0x39)[0x7f507f85a389]
/lib/x86_64-linux-gnu/libcurl-gnutls.so.4(+0x8146b)[0x7f507f94e46b]
/lib/x86_64-linux-gnu/libcurl-gnutls.so.4(+0x22125)[0x7f507f8ef125]
/lib/x86_64-linux-gnu/libcurl-gnutls.so.4(curl_global_init+0x3a)[0x7f507f8ef22a]
/home/snagendra/Fuzzing/redisraft-fuzzing/redisraft.so(redis_test_http_do+0x2c)[0x7f507f9c486c]
/home/snagendra/Fuzzing/redisraft-fuzzing/redisraft.so(redis_test_http_post+0x26)[0x7f507f9c4a86]
/home/snagendra/Fuzzing/redisraft-fuzzing/redisraft.so(redis_test_send_message+0x9d)[0x7f507f9c3efd]
/home/snagendra/Fuzzing/redisraft-fuzzing/redisraft.so(testNetworkSendAppendEntriesResponse+0x6a)[0x7f507f9ad22a]
/home/snagendra/Fuzzing/redisraft-fuzzing/redisraft.so(handleTestNetworkMessage+0x130)[0x7f507f9ad4a0]
/home/snagendra/Fuzzing/redisraft-fuzzing/redisraft.so(poll_redis_test_messages+0x89)[0x7f507f9ad5c9]
/lib/x86_64-linux-gnu/libc.so.6(+0x89044)[0x7f5080af2044]
/lib/x86_64-linux-gnu/libc.so.6(+0x10961c)[0x7f5080b7261c]

------ REGISTERS ------
3671638:M 04 Jan 2024 19:10:02.393 # 
RAX:0000000000000001 RBX:00007f505c001b70
RCX:0000000000000000 RDX:0000000000000000
RDI:0000000000000000 RSI:0000000000000000
RBP:00007f507f07e638 RSP:00007f50737f5228
R8 :0000000000000000 R9 :0000000000000000
R10:0000000000000000 R11:0000000000000000
R12:00007f50737f5320 R13:00007f505c0024a0
R14:0000000000000000 R15:00007f507e86a800
RIP:00007f5080af80b0 EFL:0000000000010206
CSGSFS:002b000000000033
3671638:M 04 Jan 2024 19:10:02.393 # (00007f50737f5237) -> 00007f505c001b70
3671638:M 04 Jan 2024 19:10:02.393 # (00007f50737f5236) -> 00007f507f8ef125
3671638:M 04 Jan 2024 19:10:02.393 # (00007f50737f5235) -> 00007f507e86a800
3671638:M 04 Jan 2024 19:10:02.393 # (00007f50737f5234) -> 00007f507f94e46b
3671638:M 04 Jan 2024 19:10:02.393 # (00007f50737f5233) -> 00007f505c0024a0
3671638:M 04 Jan 2024 19:10:02.393 # (00007f50737f5232) -> 00000000737f5320
3671638:M 04 Jan 2024 19:10:02.393 # (00007f50737f5231) -> 00007f505c0025d0
3671638:M 04 Jan 2024 19:10:02.393 # (00007f50737f5230) -> 00007f507f85a389
3671638:M 04 Jan 2024 19:10:02.393 # (00007f50737f522f) -> 00007f505c001b70
3671638:M 04 Jan 2024 19:10:02.393 # (00007f50737f522e) -> 00007f507ede3486
3671638:M 04 Jan 2024 19:10:02.393 # (00007f50737f522d) -> 00007f505c0025d0
3671638:M 04 Jan 2024 19:10:02.393 # (00007f50737f522c) -> 00007f505c001b70
3671638:M 04 Jan 2024 19:10:02.393 # (00007f50737f522b) -> 00007f50737f5320
3671638:M 04 Jan 2024 19:10:02.393 # (00007f50737f522a) -> 00007f507ede408a
3671638:M 04 Jan 2024 19:10:02.393 # (00007f50737f5229) -> 00007f505c001b70
3671638:M 04 Jan 2024 19:10:02.393 # (00007f50737f5228) -> 00007f507ee3df49

------ INFO OUTPUT ------
# Server
redis_version:255.255.255
redis_git_sha1:e04ebdb8
redis_git_dirty:1
redis_build_id:1f78dcc7b4fbdd25
redis_mode:standalone
os:Linux 6.1.60.1.amd64-smp x86_64
arch_bits:64
monotonic_clock:POSIX clock_gettime
multiplexing_api:epoll
atomicvar_api:c11-builtin
gcc_version:10.2.1
process_id:3671638
process_supervised:no
run_id:1e1a48e19d28ed06294049ff82306945e8729e4d
tcp_port:5023
server_time_usec:1704391802387784
uptime_in_seconds:0
uptime_in_days:0
hz:10
configured_hz:10
lru_clock:9892986
executable:/home/snagendra/Fuzzing/redis/src/redis-server
config_file:
io_threads_active:0
listener0:name=tcp,bind=0.0.0.0,port=5023

# Clients
connected_clients:0
cluster_connections:0
maxclients:10000
client_recent_max_input_buffer:0
client_recent_max_output_buffer:0
blocked_clients:0
tracking_clients:0
clients_in_timeout_table:0
total_blocking_keys:0
total_blocking_keys_on_nokey:0

# Memory
used_memory:1755888
used_memory_human:1.67M
used_memory_rss:18018304
used_memory_rss_human:17.18M
used_memory_peak:1755888
used_memory_peak_human:1.67M
used_memory_peak_perc:100.10%
used_memory_overhead:1746728
used_memory_startup:1746544
used_memory_dataset:9160
used_memory_dataset_perc:98.03%
allocator_allocated:2159544
allocator_active:2695168
allocator_resident:12996608
total_system_memory:270388695040
total_system_memory_human:251.82G
used_memory_lua:31744
used_memory_vm_eval:31744
used_memory_lua_human:31.00K
used_memory_scripts_eval:0
number_of_cached_scripts:0
number_of_functions:0
number_of_libraries:0
used_memory_vm_functions:32768
used_memory_vm_total:64512
used_memory_vm_total_human:63.00K
used_memory_functions:184
used_memory_scripts:184
used_memory_scripts_human:184B
maxmemory:0
maxmemory_human:0B
maxmemory_policy:noeviction
allocator_frag_ratio:1.25
allocator_frag_bytes:535624
allocator_rss_ratio:4.82
allocator_rss_bytes:10301440
rss_overhead_ratio:1.39
rss_overhead_bytes:5021696
mem_fragmentation_ratio:10.27
mem_fragmentation_bytes:16264304
mem_not_counted_for_evict:0
mem_replication_backlog:0
mem_total_replication_buffers:0
mem_clients_slaves:0
mem_clients_normal:0
mem_cluster_links:0
mem_aof_buffer:0
mem_allocator:jemalloc-5.3.0
active_defrag_running:0
lazyfree_pending_objects:0
lazyfreed_objects:0

# Persistence
loading:0
async_loading:0
current_cow_peak:0
current_cow_size:0
current_cow_size_age:0
current_fork_perc:0.00
current_save_keys_processed:0
current_save_keys_total:0
rdb_changes_since_last_save:0
rdb_bgsave_in_progress:0
rdb_last_save_time:1704391802
rdb_last_bgsave_status:ok
rdb_last_bgsave_time_sec:-1
rdb_current_bgsave_time_sec:-1
rdb_saves:0
rdb_last_cow_size:0
rdb_last_load_keys_expired:0
rdb_last_load_keys_loaded:0
aof_enabled:0
aof_rewrite_in_progress:0
aof_rewrite_scheduled:0
aof_last_rewrite_time_sec:-1
aof_current_rewrite_time_sec:-1
aof_last_bgrewrite_status:ok
aof_rewrites:0
aof_rewrites_consecutive_failures:0
aof_last_write_status:ok
aof_last_cow_size:0
module_fork_in_progress:0
module_fork_last_cow_size:0

# Stats
total_connections_received:0
total_commands_processed:6
instantaneous_ops_per_sec:25
total_net_input_bytes:0
total_net_output_bytes:0
total_net_repl_input_bytes:0
total_net_repl_output_bytes:0
instantaneous_input_kbps:0.00
instantaneous_output_kbps:0.00
instantaneous_input_repl_kbps:0.00
instantaneous_output_repl_kbps:0.00
rejected_connections:0
sync_full:0
sync_partial_ok:0
sync_partial_err:0
expired_keys:0
expired_stale_perc:0.00
expired_time_cap_reached_count:0
expire_cycle_cpu_milliseconds:0
evicted_keys:0
evicted_clients:0
total_eviction_exceeded_time:0
current_eviction_exceeded_time:0
keyspace_hits:0
keyspace_misses:0
pubsub_channels:0
pubsub_patterns:0
pubsubshard_channels:0
latest_fork_usec:0
total_forks:0
migrate_cached_sockets:0
slave_expires_tracked_keys:0
active_defrag_hits:0
active_defrag_misses:0
active_defrag_key_hits:0
active_defrag_key_misses:0
total_active_defrag_time:0
current_active_defrag_time:0
tracking_total_keys:0
tracking_total_items:0
tracking_total_prefixes:0
unexpected_error_replies:0
total_error_replies:0
dump_payload_sanitizations:0
total_reads_processed:0
total_writes_processed:0
io_threaded_reads_processed:0
io_threaded_writes_processed:0
reply_buffer_shrinks:0
reply_buffer_expands:0
acl_access_denied_auth:0
acl_access_denied_cmd:0
acl_access_denied_key:0
acl_access_denied_channel:0

# Replication
role:master
connected_slaves:0
master_failover_state:no-failover
master_replid:aa0c593548043865b610f28ce234680117dc17ee
master_replid2:0000000000000000000000000000000000000000
master_repl_offset:0
second_repl_offset:-1
repl_backlog_active:0
repl_backlog_size:1048576
repl_backlog_first_byte_offset:0
repl_backlog_histlen:0

# CPU
used_cpu_sys:0.007038
used_cpu_user:0.012912
used_cpu_sys_children:0.000000
used_cpu_user_children:0.000000
used_cpu_sys_main_thread:0.000000
used_cpu_user_main_thread:0.001263

# Modules
module:name=raft,ver=1,api=1,filters=1,usedby=[],using=[],options=[]

# Commandstats
cmdstat_command:calls=2,usec=1506,usec_per_call=753.00,rejected_calls=0,failed_calls=0
cmdstat_config|get:calls=3,usec=4,usec_per_call=1.33,rejected_calls=0,failed_calls=0
cmdstat_config|set:calls=1,usec=11,usec_per_call=11.00,rejected_calls=0,failed_calls=0

# Errorstats

# Latencystats
latency_percentiles_usec_command:p50=708.607,p99=798.719,p99.9=798.719
latency_percentiles_usec_config|get:p50=1.003,p99=2.007,p99.9=2.007
latency_percentiles_usec_config|set:p50=11.007,p99=11.007,p99.9=11.007

# Cluster
cluster_enabled:0

# Keyspace

------ CLIENT LIST OUTPUT ------

------ MODULES INFO OUTPUT ------
# raft_version
raft_version:255.255.255
raft_git_sha1:b779b199

# raft_general
raft_dbid:ff84d7336748b789a2e4598783c3c4b6
raft_node_id:3
raft_state:up
raft_role:follower
raft_is_voting:no
raft_voted_for:-1
raft_leader_id:1
raft_current_term:3
raft_num_nodes:3
raft_num_voting_nodes:1
raft_node1:id=1,state=connect_error,voting=yes,addr=localhost,port=5021,last_conn_secs=-1,conn_errors=1,conn_oks=0
raft_node2:id=2,state=connect_error,voting=no,addr=localhost,port=5022,last_conn_secs=-1,conn_errors=1,conn_oks=0

# raft_log
raft_log_entries:5
raft_current_index:5
raft_commit_index:0
raft_last_applied_index:0
raft_file_size:1257
raft_cache_memory_size:0
raft_cache_entries:0
raft_client_attached_entries:0
raft_fsync_count:0
raft_fsync_max_microseconds:0
raft_entry1:term=1,id=0,data_len=0
raft_entry2:term=1,id=1605155561,data_len=264
raft_entry3:term=1,id=2054577334,data_len=264
raft_entry4:term=1,id=1992212494,data_len=264
raft_fsync_avg_microseconds:0

# raft_snapshot
raft_snapshot_filename:redis3.rdb
raft_snapshot_last_idx:0
raft_snapshot_last_term:0
raft_snapshot_size:0
raft_snapshot_time_secs:-1
raft_snapshots_created:0
raft_snapshots_received:0
raft_snapshot_in_progress:no
raft_snapshot_in_progress_last_idx:-1
raft_snapshot_in_progress_last_term:-1

# raft_clients
raft_proxy_reqs:0
raft_proxy_failed_reqs:0
raft_proxy_failed_responses:0
raft_proxy_outstanding_reqs:0

# raft_stats
raft_appendreq_received:0
raft_appendreq_with_entry_received:0
raft_snapshotreq_received:0
raft_exec_throttled:0
raft_num_sessions:0

------ CONFIG DEBUG OUTPUT ------
client-query-buffer-limit 1gb
io-threads 1
lazyfree-lazy-user-flush no
lazyfree-lazy-eviction no
lazyfree-lazy-expire no
list-compress-depth 0
proto-max-bulk-len 512mb
repl-diskless-sync yes
lazyfree-lazy-user-del no
sanitize-dump-payload no
activedefrag no
lazyfree-lazy-server-del no
io-threads-do-reads no
slave-read-only yes
replica-read-only yes
repl-diskless-load disabled

------ FAST MEMORY TEST ------
3671638:M 04 Jan 2024 19:10:02.394 # main thread terminated
3671638:M 04 Jan 2024 19:10:02.394 # Bio worker thread #0 terminated
3671638:M 04 Jan 2024 19:10:02.394 # Bio worker thread #1 terminated
3671638:M 04 Jan 2024 19:10:02.394 # Bio worker thread #2 terminated

Fast memory test PASSED, however your memory can still be broken. Please run a memory test for several hours if possible.

------ DUMPING CODE AROUND EIP ------
Symbol: __pthread_rwlock_wrlock (base: 0x7f5080af80b0)
Module: /lib/x86_64-linux-gnu/libc.so.6 (base 0x7f5080a69000)
$ xxd -r -p /tmp/dump.hex /tmp/dump.bin
$ objdump --adjust-vma=0x7f5080af80b0 -D -b binary -m i386:x86-64 /tmp/dump.bin
------
3671638:M 04 Jan 2024 19:10:02.394 # dump of function (hexdump of 128 bytes):
8b5718648b0425d002000039c20f8485000000415741564155415455534889fb4883ec088b0789c189c283c902f00fb10b75f3488d6b0cb801000000f6c202755f89430cf6c201752889d089d183e001c1e90309c80f854501000089d189d083c901f00fb10b89c275dfc7430801000000648b0425d00200008943184531c948

=== REDIS BUG REPORT END. Make sure to include from START to END. ===

       Please report the crash by opening an issue on github:

           http://github.com/redis/redis/issues

  If a Redis module was involved, please open in the module's repo instead.

  Suspect RAM error? Use redis-server --test-memory to verify it.

  Some other issues could be detected by redis-server --check-system

----- Stderr -----
libgcov profiling error:/home/snagendra/Fuzzing/redisraft-fuzzing/build/deps/raft/CMakeFiles/raft.dir/src/raft_server_properties.c.gcda:Merge mismatch for function 3
libgcov profiling error:/home/snagendra/Fuzzing/redisraft-fuzzing/build/deps/raft/CMakeFiles/raft.dir/src/raft_node.c.gcda:Merge mismatch for function 2
libgcov profiling error:/home/snagendra/Fuzzing/redisraft-fuzzing/build/deps/raft/CMakeFiles/raft.dir/src/raft_server.c.gcda:Merge mismatch for function 1



