logs for node: 3

----- Stdout -----
51481:C 04 Jan 2024 22:11:35.257 # WARNING Memory overcommit must be enabled! Without it, a background save or replication may fail under low memory condition. Being disabled, it can also cause failures without low memory condition, see https://github.com/jemalloc/jemalloc/issues/1328. To fix this issue add 'vm.overcommit_memory = 1' to /etc/sysctl.conf and then reboot or run the command 'sysctl vm.overcommit_memory=1' for this to take effect.
51481:C 04 Jan 2024 22:11:35.257 * oO0OoO0OoO0Oo Redis is starting oO0OoO0OoO0Oo
51481:C 04 Jan 2024 22:11:35.257 * Redis version=255.255.255, bits=64, commit=e04ebdb8, modified=1, pid=51481, just started
51481:C 04 Jan 2024 22:11:35.257 * Configuration loaded
51481:M 04 Jan 2024 22:11:35.257 * monotonic clock: POSIX clock_gettime
51481:M 04 Jan 2024 22:11:35.258 * Running mode=standalone, port=5073.
51481:M 04 Jan 2024 22:11:35.264 * <raft> RedisRaft version 255.255.255 [b779b199]
51481:M 04 Jan 2024 22:11:35.269 * <raft> Initializing test network
51481:M 04 Jan 2024 22:11:35.270 * <raft> Created test network client
51481:M 04 Jan 2024 22:11:35.270 * <raft> Raft module loaded, state is 'uninitialized'
51481:M 04 Jan 2024 22:11:35.270 * Module 'raft' loaded from /home/snagendra/Fuzzing/redisraft-fuzzing/redisraft.so
51481:M 04 Jan 2024 22:11:35.271 * Server initialized
51481:M 04 Jan 2024 22:11:35.271 . The AOF directory appendonlydir doesn't exist
51481:M 04 Jan 2024 22:11:35.272 * Ready to accept connections tcp
51481:M 04 Jan 2024 22:11:35.272 . 0 clients connected (0 replicas), 1726192 bytes in use
51481:M 04 Jan 2024 22:11:35.272 - Accepted 127.0.0.1:34860
51481:M 04 Jan 2024 22:11:35.272 # Missing implement of connection type tls
51481:M 04 Jan 2024 22:11:35.370 - <raft> join cluster, connecting to localhost:5071
51481:M 04 Jan 2024 22:11:35.372 * <raft> Joined Raft cluster, node id: 3, dbid: 7e62ee8a2e001b1c283c8062e2a490ae
51481:M 04 Jan 2024 22:11:35.379 * <raft> Cluster Membership: term:0 index:0 nodes: id=3,voting=0,active=1,addr=-
51481:M 04 Jan 2024 22:11:35.379 * <raft> Test network starting message polling thread
51481:M 04 Jan 2024 22:11:35.418 - Accepted 127.0.0.1:34862
51481:M 04 Jan 2024 22:11:35.974 - Client closed connection id=9 addr=127.0.0.1:34862 laddr=127.0.0.1:5073 fd=10 name= age=0 idle=0 flags=N db=0 sub=0 psub=0 ssub=0 multi=-1 qbuf=0 qbuf-free=20474 argv-mem=0 multi-mem=0 rbs=1024 rbp=0 obl=0 oll=0 omem=0 tot-mem=22400 events=r cmd=auth user=default redir=-1 resp=2 lib-name= lib-ver=
51481:signal-handler (1704402696) Received SIGINT scheduling shutdown...
51481:signal-handler (1704402696) You insist... exiting now.
52496:C 04 Jan 2024 22:11:37.630 # WARNING Memory overcommit must be enabled! Without it, a background save or replication may fail under low memory condition. Being disabled, it can also cause failures without low memory condition, see https://github.com/jemalloc/jemalloc/issues/1328. To fix this issue add 'vm.overcommit_memory = 1' to /etc/sysctl.conf and then reboot or run the command 'sysctl vm.overcommit_memory=1' for this to take effect.
52496:C 04 Jan 2024 22:11:37.630 * oO0OoO0OoO0Oo Redis is starting oO0OoO0OoO0Oo
52496:C 04 Jan 2024 22:11:37.630 * Redis version=255.255.255, bits=64, commit=e04ebdb8, modified=1, pid=52496, just started
52496:C 04 Jan 2024 22:11:37.630 * Configuration loaded
52496:M 04 Jan 2024 22:11:37.630 * monotonic clock: POSIX clock_gettime
52496:M 04 Jan 2024 22:11:37.631 * Running mode=standalone, port=5073.
52496:M 04 Jan 2024 22:11:37.637 * <raft> RedisRaft version 255.255.255 [b779b199]
52496:M 04 Jan 2024 22:11:37.642 * <raft> Initializing test network
52496:M 04 Jan 2024 22:11:37.643 * <raft> Created test network client
52496:M 04 Jan 2024 22:11:37.646 * <raft> Raft module loaded, state is 'loading'
52496:M 04 Jan 2024 22:11:37.646 * Module 'raft' loaded from /home/snagendra/Fuzzing/redisraft-fuzzing/redisraft.so
52496:M 04 Jan 2024 22:11:37.646 * Server initialized
52496:M 04 Jan 2024 22:11:37.646 . The AOF directory appendonlydir doesn't exist
52496:M 04 Jan 2024 22:11:37.646 * Ready to accept connections tcp
52496:M 04 Jan 2024 22:11:37.646 . 0 clients connected (0 replicas), 1746720 bytes in use
52496:M 04 Jan 2024 22:11:37.746 * <raft> Loading: Redis loading complete, snapshot NOT LOADED
52496:M 04 Jan 2024 22:11:37.747 * <raft> Cluster Membership: term:0 index:0 nodes: id=3,voting=0,active=1,addr=-
52496:M 04 Jan 2024 22:11:37.747 * <raft> Test network starting message polling thread


=== REDIS BUG REPORT START: Cut & paste starting from here ===
52496:M 04 Jan 2024 22:11:37.747 # Redis 255.255.255 crashed by signal: 6, si_code: -6
52496:M 04 Jan 2024 22:11:37.747 # Crashed running the instruction at: 0x7fbc04117d3c

------ STACK TRACE ------
EIP:
/lib/x86_64-linux-gnu/libc.so.6(+0x8ad3c)[0x7fbc04117d3c]

Backtrace:
/lib/x86_64-linux-gnu/libc.so.6(+0x3bfd0)[0x7fbc040c8fd0]
/lib/x86_64-linux-gnu/libc.so.6(+0x8ad3c)[0x7fbc04117d3c]
/lib/x86_64-linux-gnu/libc.so.6(gsignal+0x12)[0x7fbc040c8f32]
/lib/x86_64-linux-gnu/libc.so.6(abort+0xd3)[0x7fbc040b3472]
/lib/x86_64-linux-gnu/libc.so.6(+0x26395)[0x7fbc040b3395]
/lib/x86_64-linux-gnu/libc.so.6(+0x34e32)[0x7fbc040c1e32]
/home/snagendra/Fuzzing/redisraft-fuzzing/redisraft.so(+0x3caea)[0x7fbc0403caea]
/home/snagendra/Fuzzing/redisraft-fuzzing/redisraft.so(callRaftPeriodic+0x478)[0x7fbc0402d088]
/home/snagendra/Fuzzing/redis/src/redis-server 0.0.0.0:5073(moduleTimerHandler+0x21c)[0x55fbd688198c]
/home/snagendra/Fuzzing/redis/src/redis-server 0.0.0.0:5073(+0x81705)[0x55fbd678b705]
/home/snagendra/Fuzzing/redis/src/redis-server 0.0.0.0:5073(aeMain+0x1c8)[0x55fbd6795cb8]
/home/snagendra/Fuzzing/redis/src/redis-server 0.0.0.0:5073(main+0x3cd)[0x55fbd678ae2d]
/lib/x86_64-linux-gnu/libc.so.6(+0x271ca)[0x7fbc040b41ca]
/lib/x86_64-linux-gnu/libc.so.6(__libc_start_main+0x85)[0x7fbc040b4285]
/home/snagendra/Fuzzing/redis/src/redis-server 0.0.0.0:5073(_start+0x2a)[0x55fbd678b5aa]

------ REGISTERS ------
52496:M 04 Jan 2024 22:11:37.748 # 
RAX:0000000000000000 RBX:000000000000cd10
RCX:00007fbc04117d3c RDX:0000000000000006
RDI:000000000000cd10 RSI:000000000000cd10
RBP:00007fbc040891c0 RSP:00007ffd3fb0fda0
R8 :0000000000000007 R9 :000055fbd6d22820
R10:0000000000000008 R11:0000000000000246
R12:0000000000000006 R13:00000000000006a6
R14:00007fbc0406905c R15:000055fbd68802b0
RIP:00007fbc04117d3c EFL:0000000000000246
CSGSFS:002b000000000033
52496:M 04 Jan 2024 22:11:37.748 # (00007ffd3fb0fdaf) -> 000055fbd6d228d0
52496:M 04 Jan 2024 22:11:37.748 # (00007ffd3fb0fdae) -> 00007fbc0425fc60
52496:M 04 Jan 2024 22:11:37.748 # (00007ffd3fb0fdad) -> 00000000000002b1
52496:M 04 Jan 2024 22:11:37.748 # (00007ffd3fb0fdac) -> 000055fbd6d22820
52496:M 04 Jan 2024 22:11:37.748 # (00007ffd3fb0fdab) -> 00000000000006a6
52496:M 04 Jan 2024 22:11:37.748 # (00007ffd3fb0fdaa) -> 0000000000000020
52496:M 04 Jan 2024 22:11:37.748 # (00007ffd3fb0fda9) -> 00007fbc040b3472
52496:M 04 Jan 2024 22:11:37.748 # (00007ffd3fb0fda8) -> 00007fbc04260e70
52496:M 04 Jan 2024 22:11:37.748 # (00007ffd3fb0fda7) -> 00007fbc040c8f32
52496:M 04 Jan 2024 22:11:37.748 # (00007ffd3fb0fda6) -> 00007fbc0406905c
52496:M 04 Jan 2024 22:11:37.748 # (00007ffd3fb0fda5) -> 00000000000006a6
52496:M 04 Jan 2024 22:11:37.748 # (00007ffd3fb0fda4) -> 00007fbc04068720
52496:M 04 Jan 2024 22:11:37.748 # (00007ffd3fb0fda3) -> 00007fbc040891c0
52496:M 04 Jan 2024 22:11:37.748 # (00007ffd3fb0fda2) -> 0000000000000006
52496:M 04 Jan 2024 22:11:37.748 # (00007ffd3fb0fda1) -> 4cb4734d7543ed00
52496:M 04 Jan 2024 22:11:37.748 # (00007ffd3fb0fda0) -> 000055fbd68802b0

------ INFO OUTPUT ------
# Server
redis_version:255.255.255
redis_git_sha1:e04ebdb8
redis_git_dirty:1
redis_build_id:1f78dcc7b4fbdd25
redis_mode:standalone
os:Linux 6.1.60.1.amd64-smp x86_64
arch_bits:64
monotonic_clock:POSIX clock_gettime
multiplexing_api:epoll
atomicvar_api:c11-builtin
gcc_version:10.2.1
process_id:52496
process_supervised:no
run_id:ce013754fb7cd4ff2871435f343c5df4b916a13a
tcp_port:5073
server_time_usec:1704402697746894
uptime_in_seconds:0
uptime_in_days:0
hz:10
configured_hz:10
lru_clock:9903881
executable:/home/snagendra/Fuzzing/redis/src/redis-server
config_file:
io_threads_active:0
listener0:name=tcp,bind=0.0.0.0,port=5073

# Clients
connected_clients:0
cluster_connections:0
maxclients:10000
client_recent_max_input_buffer:0
client_recent_max_output_buffer:0
blocked_clients:0
tracking_clients:0
clients_in_timeout_table:0
total_blocking_keys:0
total_blocking_keys_on_nokey:0

# Memory
used_memory:1753936
used_memory_human:1.67M
used_memory_rss:17825792
used_memory_rss_human:17.00M
used_memory_peak:1753936
used_memory_peak_human:1.67M
used_memory_peak_perc:100.41%
used_memory_overhead:1746760
used_memory_startup:1746576
used_memory_dataset:7176
used_memory_dataset_perc:97.50%
allocator_allocated:2224464
allocator_active:2756608
allocator_resident:10948608
total_system_memory:270388695040
total_system_memory_human:251.82G
used_memory_lua:31744
used_memory_vm_eval:31744
used_memory_lua_human:31.00K
used_memory_scripts_eval:0
number_of_cached_scripts:0
number_of_functions:0
number_of_libraries:0
used_memory_vm_functions:32768
used_memory_vm_total:64512
used_memory_vm_total_human:63.00K
used_memory_functions:184
used_memory_scripts:184
used_memory_scripts_human:184B
maxmemory:0
maxmemory_human:0B
maxmemory_policy:noeviction
allocator_frag_ratio:1.24
allocator_frag_bytes:532144
allocator_rss_ratio:3.97
allocator_rss_bytes:8192000
rss_overhead_ratio:1.63
rss_overhead_bytes:6877184
mem_fragmentation_ratio:10.21
mem_fragmentation_bytes:16079072
mem_not_counted_for_evict:0
mem_replication_backlog:0
mem_total_replication_buffers:0
mem_clients_slaves:0
mem_clients_normal:0
mem_cluster_links:0
mem_aof_buffer:0
mem_allocator:jemalloc-5.3.0
active_defrag_running:0
lazyfree_pending_objects:0
lazyfreed_objects:0

# Persistence
loading:0
async_loading:0
current_cow_peak:0
current_cow_size:0
current_cow_size_age:0
current_fork_perc:0.00
current_save_keys_processed:0
current_save_keys_total:0
rdb_changes_since_last_save:0
rdb_bgsave_in_progress:0
rdb_last_save_time:1704402697
rdb_last_bgsave_status:ok
rdb_last_bgsave_time_sec:-1
rdb_current_bgsave_time_sec:-1
rdb_saves:0
rdb_last_cow_size:0
rdb_last_load_keys_expired:0
rdb_last_load_keys_loaded:0
aof_enabled:0
aof_rewrite_in_progress:0
aof_rewrite_scheduled:0
aof_last_rewrite_time_sec:-1
aof_current_rewrite_time_sec:-1
aof_last_bgrewrite_status:ok
aof_rewrites:0
aof_rewrites_consecutive_failures:0
aof_last_write_status:ok
aof_last_cow_size:0
module_fork_in_progress:0
module_fork_last_cow_size:0

# Stats
total_connections_received:0
total_commands_processed:6
instantaneous_ops_per_sec:25
total_net_input_bytes:0
total_net_output_bytes:0
total_net_repl_input_bytes:0
total_net_repl_output_bytes:0
instantaneous_input_kbps:0.00
instantaneous_output_kbps:0.00
instantaneous_input_repl_kbps:0.00
instantaneous_output_repl_kbps:0.00
rejected_connections:0
sync_full:0
sync_partial_ok:0
sync_partial_err:0
expired_keys:0
expired_stale_perc:0.00
expired_time_cap_reached_count:0
expire_cycle_cpu_milliseconds:0
evicted_keys:0
evicted_clients:0
total_eviction_exceeded_time:0
current_eviction_exceeded_time:0
keyspace_hits:0
keyspace_misses:0
pubsub_channels:0
pubsub_patterns:0
pubsubshard_channels:0
latest_fork_usec:0
total_forks:0
migrate_cached_sockets:0
slave_expires_tracked_keys:0
active_defrag_hits:0
active_defrag_misses:0
active_defrag_key_hits:0
active_defrag_key_misses:0
total_active_defrag_time:0
current_active_defrag_time:0
tracking_total_keys:0
tracking_total_items:0
tracking_total_prefixes:0
unexpected_error_replies:0
total_error_replies:0
dump_payload_sanitizations:0
total_reads_processed:0
total_writes_processed:0
io_threaded_reads_processed:0
io_threaded_writes_processed:0
reply_buffer_shrinks:0
reply_buffer_expands:0
acl_access_denied_auth:0
acl_access_denied_cmd:0
acl_access_denied_key:0
acl_access_denied_channel:0

# Replication
role:master
connected_slaves:0
master_failover_state:no-failover
master_replid:1f9e7f529ed9eb01a5536766307a5076d61a6ad3
master_replid2:0000000000000000000000000000000000000000
master_repl_offset:0
second_repl_offset:-1
repl_backlog_active:0
repl_backlog_size:1048576
repl_backlog_first_byte_offset:0
repl_backlog_histlen:0

# CPU
used_cpu_sys:0.008895
used_cpu_user:0.008895
used_cpu_sys_children:0.000000
used_cpu_user_children:0.000000
used_cpu_sys_main_thread:0.008660
used_cpu_user_main_thread:0.008660

# Modules
module:name=raft,ver=1,api=1,filters=1,usedby=[],using=[],options=[]

# Commandstats
cmdstat_config|set:calls=1,usec=8,usec_per_call=8.00,rejected_calls=0,failed_calls=0
cmdstat_config|get:calls=3,usec=5,usec_per_call=1.67,rejected_calls=0,failed_calls=0
cmdstat_command:calls=2,usec=1552,usec_per_call=776.00,rejected_calls=0,failed_calls=0

# Errorstats

# Latencystats
latency_percentiles_usec_config|set:p50=8.031,p99=8.031,p99.9=8.031
latency_percentiles_usec_config|get:p50=2.007,p99=2.007,p99.9=2.007
latency_percentiles_usec_command:p50=724.991,p99=831.487,p99.9=831.487

# Cluster
cluster_enabled:0

# Keyspace

------ CLIENT LIST OUTPUT ------

------ MODULES INFO OUTPUT ------
# raft_version
raft_version:255.255.255
raft_git_sha1:b779b199

# raft_general
raft_dbid:7e62ee8a2e001b1c283c8062e2a490ae
raft_node_id:3
raft_state:up
raft_role:follower
raft_is_voting:no
raft_voted_for:-1
raft_leader_id:-1
raft_current_term:0
raft_num_nodes:1
raft_num_voting_nodes:0

# raft_log
raft_log_entries:0
raft_current_index:0
raft_commit_index:0
raft_last_applied_index:0
raft_file_size:101
raft_cache_memory_size:0
raft_cache_entries:0
raft_client_attached_entries:0
raft_fsync_count:0
raft_fsync_max_microseconds:0
raft_fsync_avg_microseconds:0

# raft_snapshot
raft_snapshot_filename:redis3.rdb
raft_snapshot_last_idx:0
raft_snapshot_last_term:0
raft_snapshot_size:0
raft_snapshot_time_secs:-1
raft_snapshots_created:0
raft_snapshots_received:0
raft_snapshot_in_progress:no
raft_snapshot_in_progress_last_idx:-1
raft_snapshot_in_progress_last_term:-1

# raft_clients
raft_proxy_reqs:0
raft_proxy_failed_reqs:0
raft_proxy_failed_responses:0
raft_proxy_outstanding_reqs:0

# raft_stats
raft_appendreq_received:0
raft_appendreq_with_entry_received:0
raft_snapshotreq_received:0
raft_exec_throttled:0
raft_num_sessions:0

------ CONFIG DEBUG OUTPUT ------
io-threads-do-reads no
lazyfree-lazy-user-del no
repl-diskless-sync yes
slave-read-only yes
io-threads 1
activedefrag no
replica-read-only yes
lazyfree-lazy-expire no
client-query-buffer-limit 1gb
lazyfree-lazy-server-del no
repl-diskless-load disabled
lazyfree-lazy-eviction no
lazyfree-lazy-user-flush no
sanitize-dump-payload no
proto-max-bulk-len 512mb
list-compress-depth 0

------ FAST MEMORY TEST ------
52496:M 04 Jan 2024 22:11:37.748 # Bio worker thread #0 terminated
52496:M 04 Jan 2024 22:11:37.748 # Bio worker thread #1 terminated
52496:M 04 Jan 2024 22:11:37.748 # Bio worker thread #2 terminated
*** Preparing to test memory region 55fbd6a61000 (2273280 bytes)
*** Preparing to test memory region 55fbd6ccd000 (405504 bytes)
*** Preparing to test memory region 7fbbf6fff000 (8388608 bytes)
*** Preparing to test memory region 7fbbf7800000 (8388608 bytes)
*** Preparing to test memory region 7fbbf8000000 (6291456 bytes)
*** Preparing to test memory region 7fbbf87fa000 (8388608 bytes)
*** Preparing to test memory region 7fbbf8ffb000 (8388608 bytes)
*** Preparing to test memory region 7fbbf97fc000 (8388608 bytes)
*** Preparing to test memory region 7fbbf9ffd000 (8388608 bytes)
*** Preparing to test memory region 7fbbfa7fe000 (8388608 bytes)
*** Preparing to test memory region 7fbbfafff000 (8388608 bytes)
*** Preparing to test memory region 7fbbfb800000 (8388608 bytes)
*** Preparing to test memory region 7fbbfc000000 (135168 bytes)
*** Preparing to test memory region 7fbc005f9000 (8388608 bytes)
*** Preparing to test memory region 7fbc00dfa000 (8388608 bytes)
*** Preparing to test memory region 7fbc015fb000 (8388608 bytes)
*** Preparing to test memory region 7fbc01dfb000 (2621440 bytes)
*** Preparing to test memory region 7fbc0208a000 (8192 bytes)
*** Preparing to test memory region 7fbc0267f000 (12288 bytes)
*** Preparing to test memory region 7fbc02c18000 (16384 bytes)
*** Preparing to test memory region 7fbc02db6000 (8192 bytes)
*** Preparing to test memory region 7fbc02f2d000 (4096 bytes)
*** Preparing to test memory region 7fbc02ffd000 (12288 bytes)
*** Preparing to test memory region 7fbc03800000 (8388608 bytes)
*** Preparing to test memory region 7fbc04082000 (45056 bytes)
*** Preparing to test memory region 7fbc04261000 (53248 bytes)
*** Preparing to test memory region 7fbc0437e000 (8192 bytes)
.O.O.O.O.O.O.O.O.O.O.O.O.O.O.O.O.O.O.O.O.O.O.O.O.O.O.O
Fast memory test PASSED, however your memory can still be broken. Please run a memory test for several hours if possible.

------ DUMPING CODE AROUND EIP ------
Symbol: (null) (base: (nil))
Module: /lib/x86_64-linux-gnu/libc.so.6 (base 0x7fbc0408d000)
$ xxd -r -p /tmp/dump.hex /tmp/dump.bin
$ objdump --adjust-vma=(nil) -D -b binary -m i386:x86-64 /tmp/dump.bin
------

=== REDIS BUG REPORT END. Make sure to include from START to END. ===

       Please report the crash by opening an issue on github:

           http://github.com/redis/redis/issues

  If a Redis module was involved, please open in the module's repo instead.

  Suspect RAM error? Use redis-server --test-memory to verify it.

  Some other issues could be detected by redis-server --check-system

----- Stderr -----
libgcov profiling error:/home/snagendra/Fuzzing/redisraft-fuzzing/build/deps/raft/CMakeFiles/raft.dir/src/raft_server.c.gcda:Merge mismatch for function 43
redis-server: /home/snagendra/Fuzzing/redisraft-fuzzing/deps/raft/src/raft_server.c:1702: raft_get_first_entry_idx: Assertion `0 < raft_get_current_idx(me)' failed.




logs for node: 1

----- Stdout -----
51393:C 04 Jan 2024 22:11:35.100 # WARNING Memory overcommit must be enabled! Without it, a background save or replication may fail under low memory condition. Being disabled, it can also cause failures without low memory condition, see https://github.com/jemalloc/jemalloc/issues/1328. To fix this issue add 'vm.overcommit_memory = 1' to /etc/sysctl.conf and then reboot or run the command 'sysctl vm.overcommit_memory=1' for this to take effect.
51393:C 04 Jan 2024 22:11:35.100 * oO0OoO0OoO0Oo Redis is starting oO0OoO0OoO0Oo
51393:C 04 Jan 2024 22:11:35.100 * Redis version=255.255.255, bits=64, commit=e04ebdb8, modified=1, pid=51393, just started
51393:C 04 Jan 2024 22:11:35.100 * Configuration loaded
51393:M 04 Jan 2024 22:11:35.101 * monotonic clock: POSIX clock_gettime
51393:M 04 Jan 2024 22:11:35.101 * Running mode=standalone, port=5071.
51393:M 04 Jan 2024 22:11:35.108 * <raft> RedisRaft version 255.255.255 [b779b199]
51393:M 04 Jan 2024 22:11:35.113 * <raft> Initializing test network
51393:M 04 Jan 2024 22:11:35.114 * <raft> Created test network client
51393:M 04 Jan 2024 22:11:35.115 * <raft> Raft module loaded, state is 'uninitialized'
51393:M 04 Jan 2024 22:11:35.115 * Module 'raft' loaded from /home/snagendra/Fuzzing/redisraft-fuzzing/redisraft.so
51393:M 04 Jan 2024 22:11:35.115 * Server initialized
51393:M 04 Jan 2024 22:11:35.116 . The AOF directory appendonlydir doesn't exist
51393:M 04 Jan 2024 22:11:35.117 * Ready to accept connections tcp
51393:M 04 Jan 2024 22:11:35.117 - Accepted 127.0.0.1:56902
51393:M 04 Jan 2024 22:11:35.117 # Missing implement of connection type tls
51393:M 04 Jan 2024 22:11:35.117 . 1 clients connected (0 replicas), 1744120 bytes in use
51393:M 04 Jan 2024 22:11:35.123 * <raft> Cluster Membership: term:0 index:0 nodes: id=1,voting=0,active=1,addr=-
51393:M 04 Jan 2024 22:11:35.128 * <raft> State change: Node is now a leader, term 1
51393:M 04 Jan 2024 22:11:35.128 * <raft> Cluster Membership: term:1 index:1 nodes: id=1,voting=0,active=1,addr=-
51393:M 04 Jan 2024 22:11:35.128 * <raft> Test network starting message polling thread
51393:M 04 Jan 2024 22:11:35.129 * <raft> Raft Cluster initialized, node id: 1, dbid: 7e62ee8a2e001b1c283c8062e2a490ae
51393:M 04 Jan 2024 22:11:35.246 - Accepted 127.0.0.1:56914
51393:M 04 Jan 2024 22:11:35.247 * <raft> Cluster Membership: term:1 index:3 nodes: id=1,voting=1,active=1,addr=- id=2,voting=0,active=1,addr=localhost:5072
51393:M 04 Jan 2024 22:11:35.254 - Client closed connection id=9 addr=127.0.0.1:56914 laddr=127.0.0.1:5071 fd=12 name= age=0 idle=0 flags=N db=0 sub=0 psub=0 ssub=0 multi=-1 qbuf=0 qbuf-free=20474 argv-mem=0 multi-mem=0 rbs=16384 rbp=16384 obl=0 oll=0 omem=0 tot-mem=37760 events=r cmd=raft.node user=default redir=-1 resp=2 lib-name= lib-ver=
51393:M 04 Jan 2024 22:11:35.371 - Accepted 127.0.0.1:56928
51393:M 04 Jan 2024 22:11:35.371 * <raft> Cluster Membership: term:1 index:4 nodes: id=1,voting=1,active=1,addr=- id=2,voting=0,active=1,addr=localhost:5072 id=3,voting=0,active=1,addr=localhost:5073
51393:M 04 Jan 2024 22:11:35.379 - Client closed connection id=10 addr=127.0.0.1:56928 laddr=127.0.0.1:5071 fd=13 name= age=0 idle=0 flags=N db=0 sub=0 psub=0 ssub=0 multi=-1 qbuf=0 qbuf-free=20474 argv-mem=0 multi-mem=0 rbs=16384 rbp=16384 obl=0 oll=0 omem=0 tot-mem=37760 events=r cmd=raft.node user=default redir=-1 resp=2 lib-name= lib-ver=
51393:signal-handler (1704402695) Received SIGINT scheduling shutdown...
51393:signal-handler (1704402695) You insist... exiting now.
52550:C 04 Jan 2024 22:11:37.691 # WARNING Memory overcommit must be enabled! Without it, a background save or replication may fail under low memory condition. Being disabled, it can also cause failures without low memory condition, see https://github.com/jemalloc/jemalloc/issues/1328. To fix this issue add 'vm.overcommit_memory = 1' to /etc/sysctl.conf and then reboot or run the command 'sysctl vm.overcommit_memory=1' for this to take effect.
52550:C 04 Jan 2024 22:11:37.691 * oO0OoO0OoO0Oo Redis is starting oO0OoO0OoO0Oo
52550:C 04 Jan 2024 22:11:37.691 * Redis version=255.255.255, bits=64, commit=e04ebdb8, modified=1, pid=52550, just started
52550:C 04 Jan 2024 22:11:37.691 * Configuration loaded
52550:M 04 Jan 2024 22:11:37.692 * monotonic clock: POSIX clock_gettime
52550:M 04 Jan 2024 22:11:37.692 * Running mode=standalone, port=5071.
52550:M 04 Jan 2024 22:11:37.698 * <raft> RedisRaft version 255.255.255 [b779b199]
52550:M 04 Jan 2024 22:11:37.703 * <raft> Initializing test network
52550:M 04 Jan 2024 22:11:37.704 * <raft> Created test network client
52550:M 04 Jan 2024 22:11:37.707 * <raft> Raft module loaded, state is 'loading'
52550:M 04 Jan 2024 22:11:37.707 * Module 'raft' loaded from /home/snagendra/Fuzzing/redisraft-fuzzing/redisraft.so
52550:M 04 Jan 2024 22:11:37.707 * Server initialized
52550:M 04 Jan 2024 22:11:37.707 . The AOF directory appendonlydir doesn't exist
52550:M 04 Jan 2024 22:11:37.707 * Ready to accept connections tcp
52550:M 04 Jan 2024 22:11:37.708 . 0 clients connected (0 replicas), 1746624 bytes in use
52550:M 04 Jan 2024 22:11:37.808 * <raft> Loading: Redis loading complete, snapshot NOT LOADED
52550:M 04 Jan 2024 22:11:37.808 * <raft> Cluster Membership: term:0 index:0 nodes: id=1,voting=0,active=1,addr=-
52550:M 04 Jan 2024 22:11:37.808 * <raft> Test network starting message polling thread
52550:M 04 Jan 2024 22:11:37.809 * <raft> Cluster Membership: term:0 index:5 nodes: id=1,voting=1,active=1,addr=- id=2,voting=0,active=1,addr=localhost:5072
52550:M 04 Jan 2024 22:11:37.809 * <raft> Cluster Membership: term:0 index:5 nodes: id=1,voting=1,active=1,addr=- id=2,voting=0,active=1,addr=localhost:5072 id=3,voting=0,active=1,addr=localhost:5073
52550:M 04 Jan 2024 22:11:37.809 * <raft> Raft state after loading log: log_count=5, first_idx=1, current_idx=5, last_applied_idx=0
52550:M 04 Jan 2024 22:11:37.809 . <raft> Raft term=1, vote=-1
52550:M 04 Jan 2024 22:11:37.815 * <raft> State change: Node is now a leader, term 2
52550:M 04 Jan 2024 22:11:37.815 * <raft> Cluster Membership: term:2 index:6 nodes: id=1,voting=1,active=1,addr=- id=2,voting=0,active=1,addr=localhost:5072 id=3,voting=0,active=1,addr=localhost:5073
52550:M 04 Jan 2024 22:11:38.105 # <raft> Redis connection authentication failed: connection died
52550:signal-handler (1704402698) Received SIGINT scheduling shutdown...
52550:signal-handler (1704402698) You insist... exiting now.

----- Stderr -----
libgcov profiling error:/home/snagendra/Fuzzing/redisraft-fuzzing/build/deps/raft/CMakeFiles/raft.dir/src/raft_server.c.gcda:Merge mismatch for function 43
libgcov profiling error:/home/snagendra/Fuzzing/redisraft-fuzzing/build/deps/raft/CMakeFiles/raft.dir/src/raft_server.c.gcda:Merge mismatch for function 43




logs for node: 2

----- Stdout -----
51415:C 04 Jan 2024 22:11:35.131 # WARNING Memory overcommit must be enabled! Without it, a background save or replication may fail under low memory condition. Being disabled, it can also cause failures without low memory condition, see https://github.com/jemalloc/jemalloc/issues/1328. To fix this issue add 'vm.overcommit_memory = 1' to /etc/sysctl.conf and then reboot or run the command 'sysctl vm.overcommit_memory=1' for this to take effect.
51415:C 04 Jan 2024 22:11:35.131 * oO0OoO0OoO0Oo Redis is starting oO0OoO0OoO0Oo
51415:C 04 Jan 2024 22:11:35.131 * Redis version=255.255.255, bits=64, commit=e04ebdb8, modified=1, pid=51415, just started
51415:C 04 Jan 2024 22:11:35.131 * Configuration loaded
51415:M 04 Jan 2024 22:11:35.132 * monotonic clock: POSIX clock_gettime
51415:M 04 Jan 2024 22:11:35.132 * Running mode=standalone, port=5072.
51415:M 04 Jan 2024 22:11:35.139 * <raft> RedisRaft version 255.255.255 [b779b199]
51415:M 04 Jan 2024 22:11:35.144 * <raft> Initializing test network
51415:M 04 Jan 2024 22:11:35.144 * <raft> Created test network client
51415:M 04 Jan 2024 22:11:35.145 * <raft> Raft module loaded, state is 'uninitialized'
51415:M 04 Jan 2024 22:11:35.145 * Module 'raft' loaded from /home/snagendra/Fuzzing/redisraft-fuzzing/redisraft.so
51415:M 04 Jan 2024 22:11:35.145 * Server initialized
51415:M 04 Jan 2024 22:11:35.146 . The AOF directory appendonlydir doesn't exist
51415:M 04 Jan 2024 22:11:35.146 * Ready to accept connections tcp
51415:M 04 Jan 2024 22:11:35.146 . 0 clients connected (0 replicas), 1726160 bytes in use
51415:M 04 Jan 2024 22:11:35.177 - Accepted 127.0.0.1:34226
51415:M 04 Jan 2024 22:11:35.177 # Missing implement of connection type tls
51415:M 04 Jan 2024 22:11:35.245 - <raft> join cluster, connecting to localhost:5071
51415:M 04 Jan 2024 22:11:35.247 * <raft> Joined Raft cluster, node id: 2, dbid: 7e62ee8a2e001b1c283c8062e2a490ae
51415:M 04 Jan 2024 22:11:35.253 * <raft> Cluster Membership: term:0 index:0 nodes: id=2,voting=0,active=1,addr=-
51415:M 04 Jan 2024 22:11:35.254 * <raft> Test network starting message polling thread
51415:M 04 Jan 2024 22:11:35.317 - Accepted 127.0.0.1:34230
51415:signal-handler (1704402695) Received SIGINT scheduling shutdown...
51415:signal-handler (1704402695) You insist... exiting now.
51754:C 04 Jan 2024 22:11:35.706 # WARNING Memory overcommit must be enabled! Without it, a background save or replication may fail under low memory condition. Being disabled, it can also cause failures without low memory condition, see https://github.com/jemalloc/jemalloc/issues/1328. To fix this issue add 'vm.overcommit_memory = 1' to /etc/sysctl.conf and then reboot or run the command 'sysctl vm.overcommit_memory=1' for this to take effect.
51754:C 04 Jan 2024 22:11:35.706 * oO0OoO0OoO0Oo Redis is starting oO0OoO0OoO0Oo
51754:C 04 Jan 2024 22:11:35.706 * Redis version=255.255.255, bits=64, commit=e04ebdb8, modified=1, pid=51754, just started
51754:C 04 Jan 2024 22:11:35.706 * Configuration loaded
51754:M 04 Jan 2024 22:11:35.706 * monotonic clock: POSIX clock_gettime
51754:M 04 Jan 2024 22:11:35.707 * Running mode=standalone, port=5072.
51754:M 04 Jan 2024 22:11:35.713 * <raft> RedisRaft version 255.255.255 [b779b199]
51754:M 04 Jan 2024 22:11:35.718 * <raft> Initializing test network
51754:M 04 Jan 2024 22:11:35.718 * <raft> Created test network client
51754:M 04 Jan 2024 22:11:35.719 * <raft> Raft module loaded, state is 'uninitialized'
51754:M 04 Jan 2024 22:11:35.719 * Module 'raft' loaded from /home/snagendra/Fuzzing/redisraft-fuzzing/redisraft.so
51754:M 04 Jan 2024 22:11:35.719 * Server initialized
51754:M 04 Jan 2024 22:11:35.719 . The AOF directory appendonlydir doesn't exist
51754:M 04 Jan 2024 22:11:35.719 * Ready to accept connections tcp
51754:M 04 Jan 2024 22:11:35.719 - Accepted 127.0.0.1:34240
51754:M 04 Jan 2024 22:11:35.719 # Missing implement of connection type tls
51754:M 04 Jan 2024 22:11:35.719 . 1 clients connected (0 replicas), 1744024 bytes in use
51754:signal-handler (1704402695) Received SIGINT scheduling shutdown...
51754:signal-handler (1704402695) You insist... exiting now.
52135:C 04 Jan 2024 22:11:37.120 # WARNING Memory overcommit must be enabled! Without it, a background save or replication may fail under low memory condition. Being disabled, it can also cause failures without low memory condition, see https://github.com/jemalloc/jemalloc/issues/1328. To fix this issue add 'vm.overcommit_memory = 1' to /etc/sysctl.conf and then reboot or run the command 'sysctl vm.overcommit_memory=1' for this to take effect.
52135:C 04 Jan 2024 22:11:37.120 * oO0OoO0OoO0Oo Redis is starting oO0OoO0OoO0Oo
52135:C 04 Jan 2024 22:11:37.120 * Redis version=255.255.255, bits=64, commit=e04ebdb8, modified=1, pid=52135, just started
52135:C 04 Jan 2024 22:11:37.120 * Configuration loaded
52135:M 04 Jan 2024 22:11:37.121 * monotonic clock: POSIX clock_gettime
52135:M 04 Jan 2024 22:11:37.121 * Running mode=standalone, port=5072.
52135:M 04 Jan 2024 22:11:37.128 * <raft> RedisRaft version 255.255.255 [b779b199]
52135:M 04 Jan 2024 22:11:37.133 * <raft> Initializing test network
52135:M 04 Jan 2024 22:11:37.133 * <raft> Created test network client
52135:M 04 Jan 2024 22:11:37.134 * <raft> Raft module loaded, state is 'uninitialized'
52135:M 04 Jan 2024 22:11:37.134 * Module 'raft' loaded from /home/snagendra/Fuzzing/redisraft-fuzzing/redisraft.so
52135:M 04 Jan 2024 22:11:37.134 * Server initialized
52135:M 04 Jan 2024 22:11:37.134 . The AOF directory appendonlydir doesn't exist
52135:M 04 Jan 2024 22:11:37.134 * Ready to accept connections tcp
52135:M 04 Jan 2024 22:11:37.134 . 0 clients connected (0 replicas), 1726320 bytes in use
52135:signal-handler (1704402697) Received SIGINT scheduling shutdown...
52135:M 04 Jan 2024 22:11:37.436 * User requested shutdown...
52135:M 04 Jan 2024 22:11:37.436 # Redis is now ready to exit, bye bye...
52587:C 04 Jan 2024 22:11:37.753 # WARNING Memory overcommit must be enabled! Without it, a background save or replication may fail under low memory condition. Being disabled, it can also cause failures without low memory condition, see https://github.com/jemalloc/jemalloc/issues/1328. To fix this issue add 'vm.overcommit_memory = 1' to /etc/sysctl.conf and then reboot or run the command 'sysctl vm.overcommit_memory=1' for this to take effect.
52587:C 04 Jan 2024 22:11:37.753 * oO0OoO0OoO0Oo Redis is starting oO0OoO0OoO0Oo
52587:C 04 Jan 2024 22:11:37.753 * Redis version=255.255.255, bits=64, commit=e04ebdb8, modified=1, pid=52587, just started
52587:C 04 Jan 2024 22:11:37.753 * Configuration loaded
52587:M 04 Jan 2024 22:11:37.753 * monotonic clock: POSIX clock_gettime
52587:M 04 Jan 2024 22:11:37.754 * Running mode=standalone, port=5072.
52587:M 04 Jan 2024 22:11:37.760 * <raft> RedisRaft version 255.255.255 [b779b199]
52587:M 04 Jan 2024 22:11:37.764 * <raft> Initializing test network
52587:M 04 Jan 2024 22:11:37.765 * <raft> Created test network client
52587:M 04 Jan 2024 22:11:37.765 * <raft> Raft module loaded, state is 'uninitialized'
52587:M 04 Jan 2024 22:11:37.766 * Module 'raft' loaded from /home/snagendra/Fuzzing/redisraft-fuzzing/redisraft.so
52587:M 04 Jan 2024 22:11:37.766 * Server initialized
52587:M 04 Jan 2024 22:11:37.766 . The AOF directory appendonlydir doesn't exist
52587:M 04 Jan 2024 22:11:37.766 * Ready to accept connections tcp
52587:M 04 Jan 2024 22:11:37.766 . 0 clients connected (0 replicas), 1726160 bytes in use
52587:M 04 Jan 2024 22:11:37.815 - Accepted 127.0.0.1:34262
52587:M 04 Jan 2024 22:11:37.815 # Missing implement of connection type tls
52587:M 04 Jan 2024 22:11:38.562 - Client closed connection id=8 addr=127.0.0.1:34262 laddr=127.0.0.1:5072 fd=9 name= age=1 idle=1 flags=N db=0 sub=0 psub=0 ssub=0 multi=-1 qbuf=0 qbuf-free=20474 argv-mem=0 multi-mem=0 rbs=1024 rbp=0 obl=0 oll=0 omem=0 tot-mem=22400 events=r cmd=auth user=default redir=-1 resp=2 lib-name= lib-ver=
52587:signal-handler (1704402698) Received SIGINT scheduling shutdown...
52587:signal-handler (1704402698) You insist... exiting now.

----- Stderr -----
libgcov profiling error:/home/snagendra/Fuzzing/redisraft-fuzzing/build/deps/raft/CMakeFiles/raft.dir/src/raft_server.c.gcda:Merge mismatch for function 43
libgcov profiling error:/home/snagendra/Fuzzing/redisraft-fuzzing/build/deps/raft/CMakeFiles/raft.dir/src/raft_server.c.gcda:Merge mismatch for function 43
libgcov profiling error:/home/snagendra/Fuzzing/redisraft-fuzzing/build/deps/raft/CMakeFiles/raft.dir/src/raft_server.c.gcda:Merge mismatch for function 43



