logs for node: 1

----- Stdout -----
3798611:C 05 Jan 2024 23:53:44.589 # WARNING Memory overcommit must be enabled! Without it, a background save or replication may fail under low memory condition. Being disabled, it can also cause failures without low memory condition, see https://github.com/jemalloc/jemalloc/issues/1328. To fix this issue add 'vm.overcommit_memory = 1' to /etc/sysctl.conf and then reboot or run the command 'sysctl vm.overcommit_memory=1' for this to take effect.
3798611:C 05 Jan 2024 23:53:44.589 * oO0OoO0OoO0Oo Redis is starting oO0OoO0OoO0Oo
3798611:C 05 Jan 2024 23:53:44.589 * Redis version=255.255.255, bits=64, commit=e04ebdb8, modified=1, pid=3798611, just started
3798611:C 05 Jan 2024 23:53:44.589 * Configuration loaded
3798611:M 05 Jan 2024 23:53:44.590 * monotonic clock: POSIX clock_gettime
3798611:M 05 Jan 2024 23:53:44.590 * Running mode=standalone, port=5001.
3798611:M 05 Jan 2024 23:53:44.597 * <raft> RedisRaft version 255.255.255 [b779b199]
3798611:M 05 Jan 2024 23:53:44.603 * <raft> Initializing test network
3798611:M 05 Jan 2024 23:53:44.604 * <raft> Created test network client
3798611:M 05 Jan 2024 23:53:44.605 * <raft> Raft module loaded, state is 'uninitialized'
3798611:M 05 Jan 2024 23:53:44.605 * Module 'raft' loaded from /home/snagendra/Fuzzing/redisraft-fuzzing/redisraft.so
3798611:M 05 Jan 2024 23:53:44.605 * Server initialized
3798611:M 05 Jan 2024 23:53:44.606 . The AOF directory appendonlydir doesn't exist
3798611:M 05 Jan 2024 23:53:44.607 * Ready to accept connections tcp
3798611:M 05 Jan 2024 23:53:44.607 . 0 clients connected (0 replicas), 1726160 bytes in use
3798611:M 05 Jan 2024 23:53:44.607 - Accepted 127.0.0.1:59984
3798611:M 05 Jan 2024 23:53:44.607 # Missing implement of connection type tls
3798611:M 05 Jan 2024 23:53:44.617 * <raft> Cluster Membership: term:0 index:0 nodes: id=1,voting=0,active=1,addr=-
3798611:M 05 Jan 2024 23:53:44.623 * <raft> State change: Node is now a leader, term 1
3798611:M 05 Jan 2024 23:53:44.623 * <raft> Cluster Membership: term:1 index:1 nodes: id=1,voting=0,active=1,addr=-
3798611:M 05 Jan 2024 23:53:44.624 * <raft> Test network starting message polling thread
3798611:M 05 Jan 2024 23:53:44.624 * <raft> Raft Cluster initialized, node id: 1, dbid: cf738574c20a666e14ef4e9f0f075bf6
3798611:M 05 Jan 2024 23:53:44.743 - Accepted 127.0.0.1:59998
3798611:M 05 Jan 2024 23:53:44.743 * <raft> Cluster Membership: term:1 index:3 nodes: id=1,voting=1,active=1,addr=- id=2,voting=0,active=1,addr=localhost:5002
3798611:M 05 Jan 2024 23:53:44.752 - Client closed connection id=9 addr=127.0.0.1:59998 laddr=127.0.0.1:5001 fd=12 name= age=0 idle=0 flags=N db=0 sub=0 psub=0 ssub=0 multi=-1 qbuf=0 qbuf-free=20474 argv-mem=0 multi-mem=0 rbs=16384 rbp=16384 obl=0 oll=0 omem=0 tot-mem=37760 events=r cmd=raft.node user=default redir=-1 resp=2 lib-name= lib-ver=
3798611:M 05 Jan 2024 23:53:44.869 - Accepted 127.0.0.1:60010
3798611:M 05 Jan 2024 23:53:44.870 * <raft> Cluster Membership: term:1 index:4 nodes: id=1,voting=1,active=1,addr=- id=2,voting=0,active=1,addr=localhost:5002 id=3,voting=0,active=1,addr=localhost:5003
3798611:M 05 Jan 2024 23:53:44.878 - Client closed connection id=10 addr=127.0.0.1:60010 laddr=127.0.0.1:5001 fd=13 name= age=0 idle=0 flags=N db=0 sub=0 psub=0 ssub=0 multi=-1 qbuf=0 qbuf-free=20474 argv-mem=0 multi-mem=0 rbs=16384 rbp=16384 obl=0 oll=0 omem=0 tot-mem=37760 events=r cmd=raft.node user=default redir=-1 resp=2 lib-name= lib-ver=
3798611:M 05 Jan 2024 23:53:45.070 - Accepted 127.0.0.1:60020
3798611:M 05 Jan 2024 23:53:45.245 - Accepted 127.0.0.1:60026
3798611:M 05 Jan 2024 23:53:45.296 - Client closed connection id=13 addr=127.0.0.1:60026 laddr=127.0.0.1:5001 fd=15 name= age=0 idle=0 flags=N db=0 sub=0 psub=0 ssub=0 multi=-1 qbuf=0 qbuf-free=20474 argv-mem=0 multi-mem=0 rbs=16384 rbp=16384 obl=0 oll=0 omem=0 tot-mem=37760 events=r cmd=auth user=default redir=-1 resp=2 lib-name= lib-ver=
3798611:M 05 Jan 2024 23:53:45.772 - Client closed connection id=12 addr=127.0.0.1:60020 laddr=127.0.0.1:5001 fd=14 name= age=0 idle=0 flags=N db=0 sub=0 psub=0 ssub=0 multi=-1 qbuf=0 qbuf-free=20474 argv-mem=0 multi-mem=0 rbs=1024 rbp=0 obl=0 oll=0 omem=0 tot-mem=22400 events=r cmd=auth user=default redir=-1 resp=2 lib-name= lib-ver=
3798611:M 05 Jan 2024 23:53:45.774 * <raft> node:3 has sufficient logs, adding as voting node.
3798611:signal-handler (1704495226) Received SIGINT scheduling shutdown...
3798611:signal-handler (1704495226) You insist... exiting now.
3799705:C 05 Jan 2024 23:53:46.950 # WARNING Memory overcommit must be enabled! Without it, a background save or replication may fail under low memory condition. Being disabled, it can also cause failures without low memory condition, see https://github.com/jemalloc/jemalloc/issues/1328. To fix this issue add 'vm.overcommit_memory = 1' to /etc/sysctl.conf and then reboot or run the command 'sysctl vm.overcommit_memory=1' for this to take effect.
3799705:C 05 Jan 2024 23:53:46.950 * oO0OoO0OoO0Oo Redis is starting oO0OoO0OoO0Oo
3799705:C 05 Jan 2024 23:53:46.950 * Redis version=255.255.255, bits=64, commit=e04ebdb8, modified=1, pid=3799705, just started
3799705:C 05 Jan 2024 23:53:46.950 * Configuration loaded
3799705:M 05 Jan 2024 23:53:46.950 * monotonic clock: POSIX clock_gettime
3799705:M 05 Jan 2024 23:53:46.951 * Running mode=standalone, port=5001.
3799705:M 05 Jan 2024 23:53:46.957 * <raft> RedisRaft version 255.255.255 [b779b199]
3799705:M 05 Jan 2024 23:53:46.961 * <raft> Initializing test network
3799705:M 05 Jan 2024 23:53:46.962 * <raft> Created test network client
3799705:M 05 Jan 2024 23:53:46.966 * <raft> Raft module loaded, state is 'loading'
3799705:M 05 Jan 2024 23:53:46.966 * Module 'raft' loaded from /home/snagendra/Fuzzing/redisraft-fuzzing/redisraft.so
3799705:M 05 Jan 2024 23:53:46.966 * Server initialized
3799705:M 05 Jan 2024 23:53:46.966 . The AOF directory appendonlydir doesn't exist
3799705:M 05 Jan 2024 23:53:46.966 * Ready to accept connections tcp
3799705:M 05 Jan 2024 23:53:46.966 . 0 clients connected (0 replicas), 1746688 bytes in use
3799705:M 05 Jan 2024 23:53:47.067 * <raft> Loading: Redis loading complete, snapshot NOT LOADED
3799705:M 05 Jan 2024 23:53:47.067 * <raft> Cluster Membership: term:0 index:0 nodes: id=1,voting=0,active=1,addr=-
3799705:M 05 Jan 2024 23:53:47.067 * <raft> Test network starting message polling thread
3799705:M 05 Jan 2024 23:53:47.068 * <raft> Cluster Membership: term:0 index:8 nodes: id=1,voting=1,active=1,addr=- id=2,voting=0,active=1,addr=localhost:5002
3799705:M 05 Jan 2024 23:53:47.068 * <raft> Cluster Membership: term:0 index:8 nodes: id=1,voting=1,active=1,addr=- id=2,voting=0,active=1,addr=localhost:5002 id=3,voting=0,active=1,addr=localhost:5003
3799705:M 05 Jan 2024 23:53:47.068 * <raft> Raft state after loading log: log_count=8, first_idx=1, current_idx=8, last_applied_idx=0
3799705:M 05 Jan 2024 23:53:47.068 . <raft> Raft term=1, vote=-1
3799705:M 05 Jan 2024 23:53:47.314 - Accepted 127.0.0.1:60042
3799705:M 05 Jan 2024 23:53:47.314 # Missing implement of connection type tls
3799705:M 05 Jan 2024 23:53:47.369 * <raft> State change: Election starting, node is now a pre-candidate, term 1
3799705:M 05 Jan 2024 23:53:47.369 * <raft> Cluster Membership: term:1 index:8 nodes: id=1,voting=1,active=1,addr=- id=2,voting=0,active=1,addr=localhost:5002 id=3,voting=1,active=1,addr=localhost:5003
3799705:M 05 Jan 2024 23:53:47.555 - Accepted 127.0.0.1:60056
3799705:M 05 Jan 2024 23:53:47.670 * <raft> State change: Election starting, node is now a pre-candidate, term 1
3799705:M 05 Jan 2024 23:53:47.670 * <raft> Cluster Membership: term:1 index:8 nodes: id=1,voting=1,active=1,addr=- id=2,voting=0,active=1,addr=localhost:5002 id=3,voting=1,active=1,addr=localhost:5003
3799705:signal-handler (1704495228) Received SIGINT scheduling shutdown...
3799705:signal-handler (1704495228) You insist... exiting now.

----- Stderr -----
libgcov profiling error:/home/snagendra/Fuzzing/redisraft-fuzzing/build/deps/raft/CMakeFiles/raft.dir/src/raft_server_properties.c.gcda:Merge mismatch for function 8
libgcov profiling error:/home/snagendra/Fuzzing/redisraft-fuzzing/build/deps/raft/CMakeFiles/raft.dir/src/raft_server.c.gcda:Merge mismatch for function 25
libgcov profiling error:/home/snagendra/Fuzzing/redisraft-fuzzing/build/deps/raft/CMakeFiles/raft.dir/src/raft_server_properties.c.gcda:Merge mismatch for function 8
libgcov profiling error:/home/snagendra/Fuzzing/redisraft-fuzzing/build/deps/raft/CMakeFiles/raft.dir/src/raft_server.c.gcda:Merge mismatch for function 25




logs for node: 2

----- Stdout -----
3798627:C 05 Jan 2024 23:53:44.627 # WARNING Memory overcommit must be enabled! Without it, a background save or replication may fail under low memory condition. Being disabled, it can also cause failures without low memory condition, see https://github.com/jemalloc/jemalloc/issues/1328. To fix this issue add 'vm.overcommit_memory = 1' to /etc/sysctl.conf and then reboot or run the command 'sysctl vm.overcommit_memory=1' for this to take effect.
3798627:C 05 Jan 2024 23:53:44.627 * oO0OoO0OoO0Oo Redis is starting oO0OoO0OoO0Oo
3798627:C 05 Jan 2024 23:53:44.627 * Redis version=255.255.255, bits=64, commit=e04ebdb8, modified=1, pid=3798627, just started
3798627:C 05 Jan 2024 23:53:44.627 * Configuration loaded
3798627:M 05 Jan 2024 23:53:44.627 * monotonic clock: POSIX clock_gettime
3798627:M 05 Jan 2024 23:53:44.628 * Running mode=standalone, port=5002.
3798627:M 05 Jan 2024 23:53:44.635 * <raft> RedisRaft version 255.255.255 [b779b199]
3798627:M 05 Jan 2024 23:53:44.640 * <raft> Initializing test network
3798627:M 05 Jan 2024 23:53:44.641 * <raft> Created test network client
3798627:M 05 Jan 2024 23:53:44.642 * <raft> Raft module loaded, state is 'uninitialized'
3798627:M 05 Jan 2024 23:53:44.642 * Module 'raft' loaded from /home/snagendra/Fuzzing/redisraft-fuzzing/redisraft.so
3798627:M 05 Jan 2024 23:53:44.642 * Server initialized
3798627:M 05 Jan 2024 23:53:44.643 . The AOF directory appendonlydir doesn't exist
3798627:M 05 Jan 2024 23:53:44.644 * Ready to accept connections tcp
3798627:M 05 Jan 2024 23:53:44.644 - Accepted 127.0.0.1:59916
3798627:M 05 Jan 2024 23:53:44.644 # Missing implement of connection type tls
3798627:M 05 Jan 2024 23:53:44.644 . 1 clients connected (0 replicas), 1744056 bytes in use
3798627:M 05 Jan 2024 23:53:44.742 - <raft> join cluster, connecting to localhost:5001
3798627:M 05 Jan 2024 23:53:44.744 * <raft> Joined Raft cluster, node id: 2, dbid: cf738574c20a666e14ef4e9f0f075bf6
3798627:M 05 Jan 2024 23:53:44.752 * <raft> Cluster Membership: term:0 index:0 nodes: id=2,voting=0,active=1,addr=-
3798627:M 05 Jan 2024 23:53:44.752 * <raft> Test network starting message polling thread
3798627:M 05 Jan 2024 23:53:44.806 - Accepted 127.0.0.1:59926
3798627:M 05 Jan 2024 23:53:45.070 - Accepted 127.0.0.1:59930
3798627:M 05 Jan 2024 23:53:45.144 * <raft> State change: Election starting, node is now a pre-candidate, term 0
3798627:M 05 Jan 2024 23:53:45.144 * <raft> Cluster Membership: term:0 index:0 nodes: id=2,voting=0,active=1,addr=-
3798627:M 05 Jan 2024 23:53:45.160 * <raft> State change: Node is now a follower, term 1
3798627:M 05 Jan 2024 23:53:45.160 * <raft> Cluster Membership: term:1 index:0 nodes: id=2,voting=0,active=1,addr=-
3798627:M 05 Jan 2024 23:53:45.161 * <raft> Cluster Membership: term:1 index:2 nodes: id=2,voting=0,active=1,addr=- id=1,voting=1,active=1,addr=localhost:5001
3798627:signal-handler (1704495225) Received SIGINT scheduling shutdown...
3798627:signal-handler (1704495225) You insist... exiting now.
3799907:C 05 Jan 2024 23:53:47.438 # WARNING Memory overcommit must be enabled! Without it, a background save or replication may fail under low memory condition. Being disabled, it can also cause failures without low memory condition, see https://github.com/jemalloc/jemalloc/issues/1328. To fix this issue add 'vm.overcommit_memory = 1' to /etc/sysctl.conf and then reboot or run the command 'sysctl vm.overcommit_memory=1' for this to take effect.
3799907:C 05 Jan 2024 23:53:47.438 * oO0OoO0OoO0Oo Redis is starting oO0OoO0OoO0Oo
3799907:C 05 Jan 2024 23:53:47.438 * Redis version=255.255.255, bits=64, commit=e04ebdb8, modified=1, pid=3799907, just started
3799907:C 05 Jan 2024 23:53:47.438 * Configuration loaded
3799907:M 05 Jan 2024 23:53:47.438 * monotonic clock: POSIX clock_gettime
3799907:M 05 Jan 2024 23:53:47.439 * Running mode=standalone, port=5002.
3799907:M 05 Jan 2024 23:53:47.446 * <raft> RedisRaft version 255.255.255 [b779b199]
3799907:M 05 Jan 2024 23:53:47.450 * <raft> Initializing test network
3799907:M 05 Jan 2024 23:53:47.451 * <raft> Created test network client
3799907:M 05 Jan 2024 23:53:47.454 * <raft> Raft module loaded, state is 'loading'
3799907:M 05 Jan 2024 23:53:47.454 * Module 'raft' loaded from /home/snagendra/Fuzzing/redisraft-fuzzing/redisraft.so
3799907:M 05 Jan 2024 23:53:47.454 * Server initialized
3799907:M 05 Jan 2024 23:53:47.454 . The AOF directory appendonlydir doesn't exist
3799907:M 05 Jan 2024 23:53:47.454 * Ready to accept connections tcp
3799907:M 05 Jan 2024 23:53:47.454 . 0 clients connected (0 replicas), 1746688 bytes in use
3799907:M 05 Jan 2024 23:53:47.471 - Accepted 127.0.0.1:60138
3799907:M 05 Jan 2024 23:53:47.471 # Missing implement of connection type tls
3799907:M 05 Jan 2024 23:53:47.554 * <raft> Loading: Redis loading complete, snapshot NOT LOADED
3799907:M 05 Jan 2024 23:53:47.554 * <raft> Cluster Membership: term:0 index:0 nodes: id=2,voting=0,active=1,addr=-
3799907:M 05 Jan 2024 23:53:47.554 * <raft> Test network starting message polling thread
3799907:M 05 Jan 2024 23:53:47.555 * <raft> Cluster Membership: term:0 index:3 nodes: id=2,voting=0,active=1,addr=- id=1,voting=1,active=1,addr=localhost:5001
3799907:M 05 Jan 2024 23:53:47.555 * <raft> Raft state after loading log: log_count=3, first_idx=1, current_idx=3, last_applied_idx=0
3799907:M 05 Jan 2024 23:53:47.555 . <raft> Raft term=1, vote=-1
3799907:M 05 Jan 2024 23:53:47.562 * <raft> Cluster Membership: term:1 index:4 nodes: id=2,voting=0,active=1,addr=- id=1,voting=1,active=1,addr=localhost:5001 id=3,voting=0,active=1,addr=localhost:5003
3799907:M 05 Jan 2024 23:53:47.856 * <raft> State change: Election starting, node is now a pre-candidate, term 1
3799907:M 05 Jan 2024 23:53:47.856 * <raft> Cluster Membership: term:1 index:4 nodes: id=2,voting=0,active=1,addr=- id=1,voting=1,active=1,addr=localhost:5001 id=3,voting=0,active=1,addr=localhost:5003
3799907:M 05 Jan 2024 23:53:48.022 - Client closed connection id=8 addr=127.0.0.1:60138 laddr=127.0.0.1:5002 fd=11 name= age=1 idle=1 flags=N db=0 sub=0 psub=0 ssub=0 multi=-1 qbuf=0 qbuf-free=20474 argv-mem=0 multi-mem=0 rbs=1024 rbp=0 obl=0 oll=0 omem=0 tot-mem=22400 events=r cmd=auth user=default redir=-1 resp=2 lib-name= lib-ver=
3799907:signal-handler (1704495228) Received SIGINT scheduling shutdown...
3799907:signal-handler (1704495228) You insist... exiting now.

----- Stderr -----
libgcov profiling error:/home/snagendra/Fuzzing/redisraft-fuzzing/build/deps/raft/CMakeFiles/raft.dir/src/raft_server_properties.c.gcda:Merge mismatch for function 8
libgcov profiling error:/home/snagendra/Fuzzing/redisraft-fuzzing/build/deps/raft/CMakeFiles/raft.dir/src/raft_server.c.gcda:Merge mismatch for function 25
libgcov profiling error:/home/snagendra/Fuzzing/redisraft-fuzzing/build/deps/raft/CMakeFiles/raft.dir/src/raft_server_properties.c.gcda:Merge mismatch for function 8
libgcov profiling error:/home/snagendra/Fuzzing/redisraft-fuzzing/build/deps/raft/CMakeFiles/raft.dir/src/raft_server.c.gcda:Merge mismatch for function 25




logs for node: 3

----- Stdout -----
3798677:C 05 Jan 2024 23:53:44.755 # WARNING Memory overcommit must be enabled! Without it, a background save or replication may fail under low memory condition. Being disabled, it can also cause failures without low memory condition, see https://github.com/jemalloc/jemalloc/issues/1328. To fix this issue add 'vm.overcommit_memory = 1' to /etc/sysctl.conf and then reboot or run the command 'sysctl vm.overcommit_memory=1' for this to take effect.
3798677:C 05 Jan 2024 23:53:44.755 * oO0OoO0OoO0Oo Redis is starting oO0OoO0OoO0Oo
3798677:C 05 Jan 2024 23:53:44.755 * Redis version=255.255.255, bits=64, commit=e04ebdb8, modified=1, pid=3798677, just started
3798677:C 05 Jan 2024 23:53:44.755 * Configuration loaded
3798677:M 05 Jan 2024 23:53:44.755 * monotonic clock: POSIX clock_gettime
3798677:M 05 Jan 2024 23:53:44.756 * Running mode=standalone, port=5003.
3798677:M 05 Jan 2024 23:53:44.762 * <raft> RedisRaft version 255.255.255 [b779b199]
3798677:M 05 Jan 2024 23:53:44.767 * <raft> Initializing test network
3798677:M 05 Jan 2024 23:53:44.767 * <raft> Created test network client
3798677:M 05 Jan 2024 23:53:44.768 * <raft> Raft module loaded, state is 'uninitialized'
3798677:M 05 Jan 2024 23:53:44.768 * Module 'raft' loaded from /home/snagendra/Fuzzing/redisraft-fuzzing/redisraft.so
3798677:M 05 Jan 2024 23:53:44.769 * Server initialized
3798677:M 05 Jan 2024 23:53:44.769 . The AOF directory appendonlydir doesn't exist
3798677:M 05 Jan 2024 23:53:44.770 * Ready to accept connections tcp
3798677:M 05 Jan 2024 23:53:44.770 . 0 clients connected (0 replicas), 1726096 bytes in use
3798677:M 05 Jan 2024 23:53:44.771 - Accepted 127.0.0.1:49824
3798677:M 05 Jan 2024 23:53:44.771 # Missing implement of connection type tls
3798677:M 05 Jan 2024 23:53:44.868 - <raft> join cluster, connecting to localhost:5001
3798677:M 05 Jan 2024 23:53:44.871 * <raft> Joined Raft cluster, node id: 3, dbid: cf738574c20a666e14ef4e9f0f075bf6
3798677:M 05 Jan 2024 23:53:44.878 * <raft> Cluster Membership: term:0 index:0 nodes: id=3,voting=0,active=1,addr=-
3798677:M 05 Jan 2024 23:53:44.878 * <raft> Test network starting message polling thread
3798677:M 05 Jan 2024 23:53:44.907 - Accepted 127.0.0.1:49840
3798677:M 05 Jan 2024 23:53:45.039 * <raft> Cluster Membership: term:1 index:2 nodes: id=3,voting=0,active=1,addr=- id=1,voting=1,active=1,addr=localhost:5001
3798677:M 05 Jan 2024 23:53:45.040 * <raft> Cluster Membership: term:1 index:3 nodes: id=3,voting=0,active=1,addr=- id=1,voting=1,active=1,addr=localhost:5001 id=2,voting=0,active=1,addr=localhost:5002
3798677:M 05 Jan 2024 23:53:45.473 * <raft> State change: Election starting, node is now a pre-candidate, term 1
3798677:M 05 Jan 2024 23:53:45.473 * <raft> Cluster Membership: term:1 index:6 nodes: id=3,voting=0,active=1,addr=- id=1,voting=1,active=1,addr=localhost:5001 id=2,voting=0,active=1,addr=localhost:5002
3798677:M 05 Jan 2024 23:53:45.634 * <raft> State change: Node is now a follower, term 1
3798677:M 05 Jan 2024 23:53:45.634 * <raft> Cluster Membership: term:1 index:6 nodes: id=3,voting=0,active=1,addr=- id=1,voting=1,active=1,addr=localhost:5001 id=2,voting=0,active=1,addr=localhost:5002
3798677:signal-handler (1704495225) Received SIGINT scheduling shutdown...
3798677:signal-handler (1704495225) You insist... exiting now.
3800088:C 05 Jan 2024 23:53:47.742 # WARNING Memory overcommit must be enabled! Without it, a background save or replication may fail under low memory condition. Being disabled, it can also cause failures without low memory condition, see https://github.com/jemalloc/jemalloc/issues/1328. To fix this issue add 'vm.overcommit_memory = 1' to /etc/sysctl.conf and then reboot or run the command 'sysctl vm.overcommit_memory=1' for this to take effect.
3800088:C 05 Jan 2024 23:53:47.742 * oO0OoO0OoO0Oo Redis is starting oO0OoO0OoO0Oo
3800088:C 05 Jan 2024 23:53:47.742 * Redis version=255.255.255, bits=64, commit=e04ebdb8, modified=1, pid=3800088, just started
3800088:C 05 Jan 2024 23:53:47.742 * Configuration loaded
3800088:M 05 Jan 2024 23:53:47.743 * monotonic clock: POSIX clock_gettime
3800088:M 05 Jan 2024 23:53:47.743 * Running mode=standalone, port=5003.
3800088:M 05 Jan 2024 23:53:47.750 * <raft> RedisRaft version 255.255.255 [b779b199]
3800088:M 05 Jan 2024 23:53:47.754 * <raft> Initializing test network
3800088:M 05 Jan 2024 23:53:47.754 * <raft> Created test network client
3800088:M 05 Jan 2024 23:53:47.758 * <raft> Raft module loaded, state is 'loading'
3800088:M 05 Jan 2024 23:53:47.758 * Module 'raft' loaded from /home/snagendra/Fuzzing/redisraft-fuzzing/redisraft.so
3800088:M 05 Jan 2024 23:53:47.759 * Server initialized
3800088:M 05 Jan 2024 23:53:47.759 . The AOF directory appendonlydir doesn't exist
3800088:M 05 Jan 2024 23:53:47.759 * Ready to accept connections tcp
3800088:M 05 Jan 2024 23:53:47.759 . 0 clients connected (0 replicas), 1746688 bytes in use
3800088:M 05 Jan 2024 23:53:47.772 - Accepted 127.0.0.1:49984
3800088:M 05 Jan 2024 23:53:47.772 # Missing implement of connection type tls
3800088:signal-handler (1704495227) Received SIGINT scheduling shutdown...
3800088:signal-handler (1704495227) You insist... exiting now.
3800164:C 05 Jan 2024 23:53:47.943 # WARNING Memory overcommit must be enabled! Without it, a background save or replication may fail under low memory condition. Being disabled, it can also cause failures without low memory condition, see https://github.com/jemalloc/jemalloc/issues/1328. To fix this issue add 'vm.overcommit_memory = 1' to /etc/sysctl.conf and then reboot or run the command 'sysctl vm.overcommit_memory=1' for this to take effect.
3800164:C 05 Jan 2024 23:53:47.943 * oO0OoO0OoO0Oo Redis is starting oO0OoO0OoO0Oo
3800164:C 05 Jan 2024 23:53:47.943 * Redis version=255.255.255, bits=64, commit=e04ebdb8, modified=1, pid=3800164, just started
3800164:C 05 Jan 2024 23:53:47.943 * Configuration loaded
3800164:M 05 Jan 2024 23:53:47.943 * monotonic clock: POSIX clock_gettime
3800164:M 05 Jan 2024 23:53:47.944 * Running mode=standalone, port=5003.
3800164:M 05 Jan 2024 23:53:47.951 * <raft> RedisRaft version 255.255.255 [b779b199]
3800164:M 05 Jan 2024 23:53:47.955 * <raft> Initializing test network
3800164:M 05 Jan 2024 23:53:47.956 * <raft> Created test network client
3800164:M 05 Jan 2024 23:53:47.962 * <raft> Raft module loaded, state is 'loading'
3800164:M 05 Jan 2024 23:53:47.962 * Module 'raft' loaded from /home/snagendra/Fuzzing/redisraft-fuzzing/redisraft.so
3800164:M 05 Jan 2024 23:53:47.963 * Server initialized
3800164:M 05 Jan 2024 23:53:47.963 . The AOF directory appendonlydir doesn't exist
3800164:M 05 Jan 2024 23:53:47.963 * Ready to accept connections tcp
3800164:M 05 Jan 2024 23:53:47.963 . 0 clients connected (0 replicas), 1746720 bytes in use
3800164:M 05 Jan 2024 23:53:47.974 - Accepted 127.0.0.1:50014
3800164:M 05 Jan 2024 23:53:47.974 # Missing implement of connection type tls
3800164:M 05 Jan 2024 23:53:48.022 - Client closed connection id=8 addr=127.0.0.1:50014 laddr=127.0.0.1:5003 fd=11 name= age=1 idle=1 flags=N db=0 sub=0 psub=0 ssub=0 multi=-1 qbuf=0 qbuf-free=20474 argv-mem=0 multi-mem=0 rbs=16384 rbp=16384 obl=0 oll=0 omem=0 tot-mem=37760 events=r cmd=auth user=default redir=-1 resp=2 lib-name= lib-ver=
3800164:M 05 Jan 2024 23:53:48.062 * <raft> Loading: Redis loading complete, snapshot NOT LOADED
3800164:M 05 Jan 2024 23:53:48.062 * <raft> Cluster Membership: term:0 index:0 nodes: id=3,voting=0,active=1,addr=-
3800164:M 05 Jan 2024 23:53:48.063 * <raft> Test network starting message polling thread
3800164:M 05 Jan 2024 23:53:48.063 * <raft> Cluster Membership: term:0 index:6 nodes: id=3,voting=0,active=1,addr=- id=1,voting=1,active=1,addr=localhost:5001
3800164:M 05 Jan 2024 23:53:48.063 * <raft> Cluster Membership: term:0 index:6 nodes: id=3,voting=0,active=1,addr=- id=1,voting=1,active=1,addr=localhost:5001 id=2,voting=0,active=1,addr=localhost:5002
3800164:M 05 Jan 2024 23:53:48.063 * <raft> Raft state after loading log: log_count=6, first_idx=1, current_idx=6, last_applied_idx=0
3800164:M 05 Jan 2024 23:53:48.063 . <raft> Raft term=1, vote=-1
3800164:signal-handler (1704495228) Received SIGINT scheduling shutdown...
3800164:signal-handler (1704495228) You insist... exiting now.


=== REDIS BUG REPORT START: Cut & paste starting from here ===
3800164:M 05 Jan 2024 23:53:48.070 # Redis 255.255.255 crashed by signal: 11, si_code: 1
3800164:M 05 Jan 2024 23:53:48.070 # Accessing address: 0x18
3800164:M 05 Jan 2024 23:53:48.070 # Crashed running the instruction at: 0x7ff2d1c9a0b0

------ STACK TRACE ------
EIP:
/lib/x86_64-linux-gnu/libc.so.6(__pthread_rwlock_wrlock+0x0)[0x7ff2d1c9a0b0]

Backtrace:
/lib/x86_64-linux-gnu/libc.so.6(+0x3bfd0)[0x7ff2d1c46fd0]
/lib/x86_64-linux-gnu/libc.so.6(__pthread_rwlock_wrlock+0x0)[0x7ff2d1c9a0b0]
/lib/x86_64-linux-gnu/libcrypto.so.3(CRYPTO_THREAD_write_lock+0x9)[0x7ff2d003df49]
/lib/x86_64-linux-gnu/libcrypto.so.3(ENGINE_get_first+0x3a)[0x7ff2cffe408a]
/lib/x86_64-linux-gnu/libcrypto.so.3(ENGINE_register_all_complete+0x6)[0x7ff2cffe3486]
/lib/x86_64-linux-gnu/libssh2.so.1(libssh2_init+0x39)[0x7ff2d09fe389]
/lib/x86_64-linux-gnu/libcurl-gnutls.so.4(+0x8146b)[0x7ff2d0b2746b]
/lib/x86_64-linux-gnu/libcurl-gnutls.so.4(+0x22125)[0x7ff2d0ac8125]
/lib/x86_64-linux-gnu/libcurl-gnutls.so.4(curl_global_init+0x3a)[0x7ff2d0ac822a]
/home/snagendra/Fuzzing/redisraft-fuzzing/redisraft.so(redis_test_http_do+0x2c)[0x7ff2d0bc486c]
/home/snagendra/Fuzzing/redisraft-fuzzing/redisraft.so(redis_test_http_post+0x26)[0x7ff2d0bc4a86]
/home/snagendra/Fuzzing/redisraft-fuzzing/redisraft.so(redis_test_send_message+0x9d)[0x7ff2d0bc3efd]
/home/snagendra/Fuzzing/redisraft-fuzzing/redisraft.so(testNetworkSendAppendEntriesResponse+0x6a)[0x7ff2d0bad22a]
/home/snagendra/Fuzzing/redisraft-fuzzing/redisraft.so(handleTestNetworkMessage+0x130)[0x7ff2d0bad4a0]
/home/snagendra/Fuzzing/redisraft-fuzzing/redisraft.so(poll_redis_test_messages+0x89)[0x7ff2d0bad5c9]
/lib/x86_64-linux-gnu/libc.so.6(+0x89044)[0x7ff2d1c94044]
/lib/x86_64-linux-gnu/libc.so.6(+0x10961c)[0x7ff2d1d1461c]

------ REGISTERS ------
3800164:M 05 Jan 2024 23:53:48.071 # 
RAX:0000000000000001 RBX:00007ff2c0001cd0
RCX:0000000000000000 RDX:0000000000000000
RDI:0000000000000000 RSI:0000000000000000
RBP:00007ff2d027e638 RSP:00007ff2bf7fd228
R8 :0000000000000000 R9 :0000000000000000
R10:0000000000000000 R11:0000000000000000
R12:00007ff2bf7fd320 R13:00007ff2c0002600
R14:0000000000000000 R15:00007ff2cfa37800
RIP:00007ff2d1c9a0b0 EFL:0000000000010206
CSGSFS:002b000000000033
3800164:M 05 Jan 2024 23:53:48.071 # (00007ff2bf7fd237) -> 00007ff2c0001cd0
3800164:M 05 Jan 2024 23:53:48.071 # (00007ff2bf7fd236) -> 00007ff2d0ac8125
3800164:M 05 Jan 2024 23:53:48.071 # (00007ff2bf7fd235) -> 00007ff2cfa37800
3800164:M 05 Jan 2024 23:53:48.071 # (00007ff2bf7fd234) -> 00007ff2d0b2746b
3800164:M 05 Jan 2024 23:53:48.071 # (00007ff2bf7fd233) -> 00007ff2c0002600
3800164:M 05 Jan 2024 23:53:48.071 # (00007ff2bf7fd232) -> 00000000bf7fd320
3800164:M 05 Jan 2024 23:53:48.071 # (00007ff2bf7fd231) -> 00007ff2c0002730
3800164:M 05 Jan 2024 23:53:48.071 # (00007ff2bf7fd230) -> 00007ff2d09fe389
3800164:M 05 Jan 2024 23:53:48.071 # (00007ff2bf7fd22f) -> 00007ff2c0001cd0
3800164:M 05 Jan 2024 23:53:48.071 # (00007ff2bf7fd22e) -> 00007ff2cffe3486
3800164:M 05 Jan 2024 23:53:48.071 # (00007ff2bf7fd22d) -> 00007ff2c0002730
3800164:M 05 Jan 2024 23:53:48.071 # (00007ff2bf7fd22c) -> 00007ff2c0001cd0
3800164:M 05 Jan 2024 23:53:48.071 # (00007ff2bf7fd22b) -> 00007ff2bf7fd320
3800164:M 05 Jan 2024 23:53:48.071 # (00007ff2bf7fd22a) -> 00007ff2cffe408a
3800164:M 05 Jan 2024 23:53:48.071 # (00007ff2bf7fd229) -> 00007ff2c0001cd0
3800164:M 05 Jan 2024 23:53:48.071 # (00007ff2bf7fd228) -> 00007ff2d003df49

------ INFO OUTPUT ------
# Server
redis_version:255.255.255
redis_git_sha1:e04ebdb8
redis_git_dirty:1
redis_build_id:1f78dcc7b4fbdd25
redis_mode:standalone
os:Linux 6.1.60.1.amd64-smp x86_64
arch_bits:64
monotonic_clock:POSIX clock_gettime
multiplexing_api:epoll
atomicvar_api:c11-builtin
gcc_version:10.2.1
process_id:3800164
process_supervised:no
run_id:6b40e6cc53c99fdab586352f0f5b5bb6a9e48dab
tcp_port:5003
server_time_usec:1704495228066081
uptime_in_seconds:1
uptime_in_days:0
hz:10
configured_hz:10
lru_clock:9996412
executable:/home/snagendra/Fuzzing/redis/src/redis-server
config_file:
io_threads_active:0
listener0:name=tcp,bind=0.0.0.0,port=5003

# Clients
connected_clients:0
cluster_connections:0
maxclients:10000
client_recent_max_input_buffer:0
client_recent_max_output_buffer:0
blocked_clients:0
tracking_clients:0
clients_in_timeout_table:0
total_blocking_keys:0
total_blocking_keys_on_nokey:0

# Memory
used_memory:1780640
used_memory_human:1.70M
used_memory_rss:17956864
used_memory_rss_human:17.12M
used_memory_peak:1809816
used_memory_peak_human:1.73M
used_memory_peak_perc:98.39%
used_memory_overhead:1746760
used_memory_startup:1746576
used_memory_dataset:33880
used_memory_dataset_perc:99.46%
allocator_allocated:2263376
allocator_active:2826240
allocator_resident:10960896
total_system_memory:270388695040
total_system_memory_human:251.82G
used_memory_lua:31744
used_memory_vm_eval:31744
used_memory_lua_human:31.00K
used_memory_scripts_eval:0
number_of_cached_scripts:0
number_of_functions:0
number_of_libraries:0
used_memory_vm_functions:32768
used_memory_vm_total:64512
used_memory_vm_total_human:63.00K
used_memory_functions:184
used_memory_scripts:184
used_memory_scripts_human:184B
maxmemory:0
maxmemory_human:0B
maxmemory_policy:noeviction
allocator_frag_ratio:1.25
allocator_frag_bytes:562864
allocator_rss_ratio:3.88
allocator_rss_bytes:8134656
rss_overhead_ratio:1.64
rss_overhead_bytes:6995968
mem_fragmentation_ratio:10.10
mem_fragmentation_bytes:16178112
mem_not_counted_for_evict:0
mem_replication_backlog:0
mem_total_replication_buffers:0
mem_clients_slaves:0
mem_clients_normal:0
mem_cluster_links:0
mem_aof_buffer:0
mem_allocator:jemalloc-5.3.0
active_defrag_running:0
lazyfree_pending_objects:0
lazyfreed_objects:0

# Persistence
loading:0
async_loading:0
current_cow_peak:0
current_cow_size:0
current_cow_size_age:0
current_fork_perc:0.00
current_save_keys_processed:0
current_save_keys_total:0
rdb_changes_since_last_save:0
rdb_bgsave_in_progress:0
rdb_last_save_time:1704495227
rdb_last_bgsave_status:ok
rdb_last_bgsave_time_sec:-1
rdb_current_bgsave_time_sec:-1
rdb_saves:0
rdb_last_cow_size:0
rdb_last_load_keys_expired:0
rdb_last_load_keys_loaded:0
aof_enabled:0
aof_rewrite_in_progress:0
aof_rewrite_scheduled:0
aof_last_rewrite_time_sec:-1
aof_current_rewrite_time_sec:-1
aof_last_bgrewrite_status:ok
aof_rewrites:0
aof_rewrites_consecutive_failures:0
aof_last_write_status:ok
aof_last_cow_size:0
module_fork_in_progress:0
module_fork_last_cow_size:0

# Stats
total_connections_received:1
total_commands_processed:7
instantaneous_ops_per_sec:20
total_net_input_bytes:33
total_net_output_bytes:5
total_net_repl_input_bytes:0
total_net_repl_output_bytes:0
instantaneous_input_kbps:0.02
instantaneous_output_kbps:0.00
instantaneous_input_repl_kbps:0.00
instantaneous_output_repl_kbps:0.00
rejected_connections:0
sync_full:0
sync_partial_ok:0
sync_partial_err:0
expired_keys:0
expired_stale_perc:0.00
expired_time_cap_reached_count:0
expire_cycle_cpu_milliseconds:0
evicted_keys:0
evicted_clients:0
total_eviction_exceeded_time:0
current_eviction_exceeded_time:0
keyspace_hits:0
keyspace_misses:0
pubsub_channels:0
pubsub_patterns:0
pubsubshard_channels:0
latest_fork_usec:0
total_forks:0
migrate_cached_sockets:0
slave_expires_tracked_keys:0
active_defrag_hits:0
active_defrag_misses:0
active_defrag_key_hits:0
active_defrag_key_misses:0
total_active_defrag_time:0
current_active_defrag_time:0
tracking_total_keys:0
tracking_total_items:0
tracking_total_prefixes:0
unexpected_error_replies:0
total_error_replies:0
dump_payload_sanitizations:0
total_reads_processed:2
total_writes_processed:1
io_threaded_reads_processed:0
io_threaded_writes_processed:0
reply_buffer_shrinks:0
reply_buffer_expands:0
acl_access_denied_auth:0
acl_access_denied_cmd:0
acl_access_denied_key:0
acl_access_denied_channel:0

# Replication
role:master
connected_slaves:0
master_failover_state:no-failover
master_replid:e9f4873d41b3af56d63910c7293dc18a833f6f10
master_replid2:0000000000000000000000000000000000000000
master_repl_offset:0
second_repl_offset:-1
repl_backlog_active:0
repl_backlog_size:1048576
repl_backlog_first_byte_offset:0
repl_backlog_histlen:0

# CPU
used_cpu_sys:0.015923
used_cpu_user:0.005307
used_cpu_sys_children:0.000000
used_cpu_user_children:0.000000
used_cpu_sys_main_thread:0.000000
used_cpu_user_main_thread:0.001217

# Modules
module:name=raft,ver=1,api=1,filters=1,usedby=[],using=[],options=[]

# Commandstats
cmdstat_auth:calls=1,usec=2,usec_per_call=2.00,rejected_calls=0,failed_calls=0
cmdstat_config|get:calls=3,usec=4,usec_per_call=1.33,rejected_calls=0,failed_calls=0
cmdstat_config|set:calls=1,usec=12,usec_per_call=12.00,rejected_calls=0,failed_calls=0
cmdstat_command:calls=2,usec=1449,usec_per_call=724.50,rejected_calls=0,failed_calls=0

# Errorstats

# Latencystats
latency_percentiles_usec_auth:p50=2.007,p99=2.007,p99.9=2.007
latency_percentiles_usec_config|get:p50=1.003,p99=2.007,p99.9=2.007
latency_percentiles_usec_config|set:p50=12.031,p99=12.031,p99.9=12.031
latency_percentiles_usec_command:p50=692.223,p99=761.855,p99.9=761.855

# Cluster
cluster_enabled:0

# Keyspace

------ CLIENT LIST OUTPUT ------

------ MODULES INFO OUTPUT ------
# raft_version
raft_version:255.255.255
raft_git_sha1:b779b199

# raft_general
raft_dbid:cf738574c20a666e14ef4e9f0f075bf6
raft_node_id:3
raft_state:up
raft_role:follower
raft_is_voting:no
raft_voted_for:-1
raft_leader_id:1
raft_current_term:1
raft_num_nodes:3
raft_num_voting_nodes:1
raft_node1:id=1,state=connect_error,voting=yes,addr=localhost,port=5001,last_conn_secs=-1,conn_errors=1,conn_oks=0
raft_node2:id=2,state=connect_error,voting=no,addr=localhost,port=5002,last_conn_secs=-1,conn_errors=1,conn_oks=0

# raft_log
raft_log_entries:6
raft_current_index:6
raft_commit_index:0
raft_last_applied_index:0
raft_file_size:1408
raft_cache_memory_size:0
raft_cache_entries:0
raft_client_attached_entries:0
raft_fsync_count:0
raft_fsync_max_microseconds:0
raft_entry1:term=1,id=0,data_len=0
raft_entry2:term=1,id=1976234153,data_len=264
raft_entry3:term=1,id=1466462607,data_len=264
raft_entry4:term=1,id=1016592870,data_len=264
raft_entry5:term=1,id=1753705673,data_len=35
raft_fsync_avg_microseconds:0

# raft_snapshot
raft_snapshot_filename:redis3.rdb
raft_snapshot_last_idx:0
raft_snapshot_last_term:0
raft_snapshot_size:0
raft_snapshot_time_secs:-1
raft_snapshots_created:0
raft_snapshots_received:0
raft_snapshot_in_progress:no
raft_snapshot_in_progress_last_idx:-1
raft_snapshot_in_progress_last_term:-1

# raft_clients
raft_proxy_reqs:0
raft_proxy_failed_reqs:0
raft_proxy_failed_responses:0
raft_proxy_outstanding_reqs:0

# raft_stats
raft_appendreq_received:0
raft_appendreq_with_entry_received:0
raft_snapshotreq_received:0
raft_exec_throttled:0
raft_num_sessions:0

------ CONFIG DEBUG OUTPUT ------
lazyfree-lazy-eviction no
sanitize-dump-payload no
lazyfree-lazy-expire no
repl-diskless-sync yes
io-threads 1
lazyfree-lazy-server-del no
replica-read-only yes
repl-diskless-load disabled
proto-max-bulk-len 512mb
activedefrag no
list-compress-depth 0
slave-read-only yes
io-threads-do-reads no
client-query-buffer-limit 1gb
lazyfree-lazy-user-flush no
lazyfree-lazy-user-del no

------ FAST MEMORY TEST ------
3800164:M 05 Jan 2024 23:53:48.071 # main thread terminated
3800164:M 05 Jan 2024 23:53:48.071 # Bio worker thread #0 terminated
3800164:M 05 Jan 2024 23:53:48.071 # Bio worker thread #1 terminated
3800164:M 05 Jan 2024 23:53:48.072 # Bio worker thread #2 terminated

Fast memory test PASSED, however your memory can still be broken. Please run a memory test for several hours if possible.

------ DUMPING CODE AROUND EIP ------
Symbol: __pthread_rwlock_wrlock (base: 0x7ff2d1c9a0b0)
Module: /lib/x86_64-linux-gnu/libc.so.6 (base 0x7ff2d1c0b000)
$ xxd -r -p /tmp/dump.hex /tmp/dump.bin
$ objdump --adjust-vma=0x7ff2d1c9a0b0 -D -b binary -m i386:x86-64 /tmp/dump.bin
------
3800164:M 05 Jan 2024 23:53:48.072 # dump of function (hexdump of 128 bytes):
8b5718648b0425d002000039c20f8485000000415741564155415455534889fb4883ec088b0789c189c283c902f00fb10b75f3488d6b0cb801000000f6c202755f89430cf6c201752889d089d183e001c1e90309c80f854501000089d189d083c901f00fb10b89c275dfc7430801000000648b0425d00200008943184531c948

=== REDIS BUG REPORT END. Make sure to include from START to END. ===

       Please report the crash by opening an issue on github:

           http://github.com/redis/redis/issues

  If a Redis module was involved, please open in the module's repo instead.

  Suspect RAM error? Use redis-server --test-memory to verify it.

  Some other issues could be detected by redis-server --check-system

----- Stderr -----
libgcov profiling error:/home/snagendra/Fuzzing/redisraft-fuzzing/build/deps/raft/CMakeFiles/raft.dir/src/raft_server_properties.c.gcda:Merge mismatch for function 8
libgcov profiling error:/home/snagendra/Fuzzing/redisraft-fuzzing/build/deps/raft/CMakeFiles/raft.dir/src/raft_server.c.gcda:Merge mismatch for function 25
libgcov profiling error:/home/snagendra/Fuzzing/redisraft-fuzzing/build/deps/raft/CMakeFiles/raft.dir/src/raft_server_properties.c.gcda:Merge mismatch for function 8
libgcov profiling error:/home/snagendra/Fuzzing/redisraft-fuzzing/build/deps/raft/CMakeFiles/raft.dir/src/raft_server.c.gcda:Merge mismatch for function 25



