logs for node: 1

----- Stdout -----
157033:C 06 Jan 2024 00:14:26.456 # WARNING Memory overcommit must be enabled! Without it, a background save or replication may fail under low memory condition. Being disabled, it can also cause failures without low memory condition, see https://github.com/jemalloc/jemalloc/issues/1328. To fix this issue add 'vm.overcommit_memory = 1' to /etc/sysctl.conf and then reboot or run the command 'sysctl vm.overcommit_memory=1' for this to take effect.
157033:C 06 Jan 2024 00:14:26.456 * oO0OoO0OoO0Oo Redis is starting oO0OoO0OoO0Oo
157033:C 06 Jan 2024 00:14:26.456 * Redis version=255.255.255, bits=64, commit=e04ebdb8, modified=1, pid=157033, just started
157033:C 06 Jan 2024 00:14:26.456 * Configuration loaded
157033:M 06 Jan 2024 00:14:26.456 * monotonic clock: POSIX clock_gettime
157033:M 06 Jan 2024 00:14:26.457 * Running mode=standalone, port=5001.
157033:M 06 Jan 2024 00:14:26.464 * <raft> RedisRaft version 255.255.255 [b779b199]
157033:M 06 Jan 2024 00:14:26.469 * <raft> Initializing test network
157033:M 06 Jan 2024 00:14:26.470 * <raft> Created test network client
157033:M 06 Jan 2024 00:14:26.471 * <raft> Raft module loaded, state is 'uninitialized'
157033:M 06 Jan 2024 00:14:26.471 * Module 'raft' loaded from /home/snagendra/Fuzzing/redisraft-fuzzing/redisraft.so
157033:M 06 Jan 2024 00:14:26.471 * Server initialized
157033:M 06 Jan 2024 00:14:26.472 . The AOF directory appendonlydir doesn't exist
157033:M 06 Jan 2024 00:14:26.472 * Ready to accept connections tcp
157033:M 06 Jan 2024 00:14:26.472 . 0 clients connected (0 replicas), 1726224 bytes in use
157033:M 06 Jan 2024 00:14:26.476 - Accepted 127.0.0.1:59466
157033:M 06 Jan 2024 00:14:26.476 # Missing implement of connection type tls
157033:M 06 Jan 2024 00:14:26.483 * <raft> Cluster Membership: term:0 index:0 nodes: id=1,voting=0,active=1,addr=-
157033:M 06 Jan 2024 00:14:26.490 * <raft> State change: Node is now a leader, term 1
157033:M 06 Jan 2024 00:14:26.490 * <raft> Cluster Membership: term:1 index:1 nodes: id=1,voting=0,active=1,addr=-
157033:M 06 Jan 2024 00:14:26.491 * <raft> Test network starting message polling thread
157033:M 06 Jan 2024 00:14:26.491 * <raft> Raft Cluster initialized, node id: 1, dbid: 1f3889e8840622588e1128f33ec0d124
157033:M 06 Jan 2024 00:14:26.610 - Accepted 127.0.0.1:59470
157033:M 06 Jan 2024 00:14:26.611 * <raft> Cluster Membership: term:1 index:3 nodes: id=1,voting=1,active=1,addr=- id=2,voting=0,active=1,addr=localhost:5002
157033:M 06 Jan 2024 00:14:26.625 - Client closed connection id=9 addr=127.0.0.1:59470 laddr=127.0.0.1:5001 fd=12 name= age=0 idle=0 flags=N db=0 sub=0 psub=0 ssub=0 multi=-1 qbuf=0 qbuf-free=20474 argv-mem=0 multi-mem=0 rbs=16384 rbp=16384 obl=0 oll=0 omem=0 tot-mem=37760 events=r cmd=raft.node user=default redir=-1 resp=2 lib-name= lib-ver=
157033:M 06 Jan 2024 00:14:26.745 - Accepted 127.0.0.1:59480
157033:M 06 Jan 2024 00:14:26.746 * <raft> Cluster Membership: term:1 index:4 nodes: id=1,voting=1,active=1,addr=- id=2,voting=0,active=1,addr=localhost:5002 id=3,voting=0,active=1,addr=localhost:5003
157033:M 06 Jan 2024 00:14:26.755 - Client closed connection id=10 addr=127.0.0.1:59480 laddr=127.0.0.1:5001 fd=13 name= age=0 idle=0 flags=N db=0 sub=0 psub=0 ssub=0 multi=-1 qbuf=0 qbuf-free=20474 argv-mem=0 multi-mem=0 rbs=16384 rbp=16384 obl=0 oll=0 omem=0 tot-mem=37760 events=r cmd=raft.node user=default redir=-1 resp=2 lib-name= lib-ver=
157033:signal-handler (1704496466) Received SIGINT scheduling shutdown...
157033:signal-handler (1704496466) You insist... exiting now.
157216:C 06 Jan 2024 00:14:26.869 # WARNING Memory overcommit must be enabled! Without it, a background save or replication may fail under low memory condition. Being disabled, it can also cause failures without low memory condition, see https://github.com/jemalloc/jemalloc/issues/1328. To fix this issue add 'vm.overcommit_memory = 1' to /etc/sysctl.conf and then reboot or run the command 'sysctl vm.overcommit_memory=1' for this to take effect.
157216:C 06 Jan 2024 00:14:26.869 * oO0OoO0OoO0Oo Redis is starting oO0OoO0OoO0Oo
157216:C 06 Jan 2024 00:14:26.869 * Redis version=255.255.255, bits=64, commit=e04ebdb8, modified=1, pid=157216, just started
157216:C 06 Jan 2024 00:14:26.869 * Configuration loaded
157216:M 06 Jan 2024 00:14:26.870 * monotonic clock: POSIX clock_gettime
157216:M 06 Jan 2024 00:14:26.870 * Running mode=standalone, port=5001.
157216:M 06 Jan 2024 00:14:26.878 * <raft> RedisRaft version 255.255.255 [b779b199]
157216:M 06 Jan 2024 00:14:26.883 * <raft> Initializing test network
157216:M 06 Jan 2024 00:14:26.883 * <raft> Created test network client
157216:M 06 Jan 2024 00:14:26.888 * <raft> Raft module loaded, state is 'loading'
157216:M 06 Jan 2024 00:14:26.888 * Module 'raft' loaded from /home/snagendra/Fuzzing/redisraft-fuzzing/redisraft.so
157216:M 06 Jan 2024 00:14:26.889 * Server initialized
157216:M 06 Jan 2024 00:14:26.889 . The AOF directory appendonlydir doesn't exist
157216:M 06 Jan 2024 00:14:26.889 * Ready to accept connections tcp
157216:M 06 Jan 2024 00:14:26.889 . 0 clients connected (0 replicas), 1746688 bytes in use
157216:M 06 Jan 2024 00:14:26.898 - Accepted 127.0.0.1:59496
157216:M 06 Jan 2024 00:14:26.898 # Missing implement of connection type tls
157216:M 06 Jan 2024 00:14:26.988 * <raft> Loading: Redis loading complete, snapshot NOT LOADED
157216:M 06 Jan 2024 00:14:26.989 * <raft> Cluster Membership: term:0 index:0 nodes: id=1,voting=0,active=1,addr=-
157216:M 06 Jan 2024 00:14:26.989 * <raft> Test network starting message polling thread
157216:M 06 Jan 2024 00:14:26.989 * <raft> Cluster Membership: term:0 index:4 nodes: id=1,voting=1,active=1,addr=- id=2,voting=0,active=1,addr=localhost:5002
157216:M 06 Jan 2024 00:14:26.990 * <raft> Cluster Membership: term:0 index:4 nodes: id=1,voting=1,active=1,addr=- id=2,voting=0,active=1,addr=localhost:5002 id=3,voting=0,active=1,addr=localhost:5003
157216:M 06 Jan 2024 00:14:26.990 * <raft> Raft state after loading log: log_count=4, first_idx=1, current_idx=4, last_applied_idx=0
157216:M 06 Jan 2024 00:14:26.990 . <raft> Raft term=1, vote=-1
157216:M 06 Jan 2024 00:14:27.001 * <raft> State change: Node is now a leader, term 2
157216:M 06 Jan 2024 00:14:27.001 * <raft> Cluster Membership: term:2 index:5 nodes: id=1,voting=1,active=1,addr=- id=2,voting=0,active=1,addr=localhost:5002 id=3,voting=0,active=1,addr=localhost:5003
157216:signal-handler (1704496468) Received SIGINT scheduling shutdown...
157216:signal-handler (1704496468) You insist... exiting now.
157948:C 06 Jan 2024 00:14:28.637 # WARNING Memory overcommit must be enabled! Without it, a background save or replication may fail under low memory condition. Being disabled, it can also cause failures without low memory condition, see https://github.com/jemalloc/jemalloc/issues/1328. To fix this issue add 'vm.overcommit_memory = 1' to /etc/sysctl.conf and then reboot or run the command 'sysctl vm.overcommit_memory=1' for this to take effect.
157948:C 06 Jan 2024 00:14:28.637 * oO0OoO0OoO0Oo Redis is starting oO0OoO0OoO0Oo
157948:C 06 Jan 2024 00:14:28.637 * Redis version=255.255.255, bits=64, commit=e04ebdb8, modified=1, pid=157948, just started
157948:C 06 Jan 2024 00:14:28.637 * Configuration loaded
157948:M 06 Jan 2024 00:14:28.637 * monotonic clock: POSIX clock_gettime
157948:M 06 Jan 2024 00:14:28.638 * Running mode=standalone, port=5001.
157948:M 06 Jan 2024 00:14:28.644 * <raft> RedisRaft version 255.255.255 [b779b199]
157948:M 06 Jan 2024 00:14:28.648 * <raft> Initializing test network
157948:M 06 Jan 2024 00:14:28.649 * <raft> Created test network client
157948:M 06 Jan 2024 00:14:28.657 * <raft> Raft module loaded, state is 'loading'
157948:M 06 Jan 2024 00:14:28.657 * Module 'raft' loaded from /home/snagendra/Fuzzing/redisraft-fuzzing/redisraft.so
157948:M 06 Jan 2024 00:14:28.658 * Server initialized
157948:M 06 Jan 2024 00:14:28.658 . The AOF directory appendonlydir doesn't exist
157948:M 06 Jan 2024 00:14:28.658 * Ready to accept connections tcp
157948:M 06 Jan 2024 00:14:28.658 . 0 clients connected (0 replicas), 1746688 bytes in use
157948:M 06 Jan 2024 00:14:28.666 - Accepted 127.0.0.1:59504
157948:M 06 Jan 2024 00:14:28.666 # Missing implement of connection type tls
157948:M 06 Jan 2024 00:14:28.757 * <raft> Loading: Redis loading complete, snapshot NOT LOADED
157948:M 06 Jan 2024 00:14:28.758 * <raft> Cluster Membership: term:0 index:0 nodes: id=1,voting=0,active=1,addr=-
157948:M 06 Jan 2024 00:14:28.758 * <raft> Test network starting message polling thread
157948:M 06 Jan 2024 00:14:28.758 * <raft> Cluster Membership: term:0 index:6 nodes: id=1,voting=1,active=1,addr=- id=2,voting=0,active=1,addr=localhost:5002
157948:M 06 Jan 2024 00:14:28.759 * <raft> Cluster Membership: term:0 index:6 nodes: id=1,voting=1,active=1,addr=- id=2,voting=0,active=1,addr=localhost:5002 id=3,voting=0,active=1,addr=localhost:5003
157948:M 06 Jan 2024 00:14:28.759 * <raft> Raft state after loading log: log_count=6, first_idx=1, current_idx=6, last_applied_idx=0
157948:M 06 Jan 2024 00:14:28.759 . <raft> Raft term=2, vote=-1
157948:M 06 Jan 2024 00:14:28.767 * <raft> State change: Node is now a leader, term 3
157948:M 06 Jan 2024 00:14:28.767 * <raft> Cluster Membership: term:3 index:7 nodes: id=1,voting=1,active=1,addr=- id=2,voting=0,active=1,addr=localhost:5002 id=3,voting=0,active=1,addr=localhost:5003
157948:signal-handler (1704496469) Received SIGINT scheduling shutdown...
157948:signal-handler (1704496469) You insist... exiting now.
158267:C 06 Jan 2024 00:14:29.205 # WARNING Memory overcommit must be enabled! Without it, a background save or replication may fail under low memory condition. Being disabled, it can also cause failures without low memory condition, see https://github.com/jemalloc/jemalloc/issues/1328. To fix this issue add 'vm.overcommit_memory = 1' to /etc/sysctl.conf and then reboot or run the command 'sysctl vm.overcommit_memory=1' for this to take effect.
158267:C 06 Jan 2024 00:14:29.205 * oO0OoO0OoO0Oo Redis is starting oO0OoO0OoO0Oo
158267:C 06 Jan 2024 00:14:29.205 * Redis version=255.255.255, bits=64, commit=e04ebdb8, modified=1, pid=158267, just started
158267:C 06 Jan 2024 00:14:29.205 * Configuration loaded
158267:M 06 Jan 2024 00:14:29.206 * monotonic clock: POSIX clock_gettime
158267:M 06 Jan 2024 00:14:29.206 * Running mode=standalone, port=5001.
158267:M 06 Jan 2024 00:14:29.213 * <raft> RedisRaft version 255.255.255 [b779b199]
158267:M 06 Jan 2024 00:14:29.217 * <raft> Initializing test network
158267:M 06 Jan 2024 00:14:29.218 * <raft> Created test network client
158267:M 06 Jan 2024 00:14:29.223 * <raft> Raft module loaded, state is 'loading'
158267:M 06 Jan 2024 00:14:29.223 * Module 'raft' loaded from /home/snagendra/Fuzzing/redisraft-fuzzing/redisraft.so
158267:M 06 Jan 2024 00:14:29.224 * Server initialized
158267:M 06 Jan 2024 00:14:29.224 . The AOF directory appendonlydir doesn't exist
158267:M 06 Jan 2024 00:14:29.224 * Ready to accept connections tcp
158267:M 06 Jan 2024 00:14:29.224 . 0 clients connected (0 replicas), 1746656 bytes in use
158267:M 06 Jan 2024 00:14:29.225 - Accepted 127.0.0.1:59516
158267:M 06 Jan 2024 00:14:29.225 # Missing implement of connection type tls
158267:signal-handler (1704496469) Received SIGINT scheduling shutdown...
158267:signal-handler (1704496469) You insist... exiting now.
158390:C 06 Jan 2024 00:14:29.414 # WARNING Memory overcommit must be enabled! Without it, a background save or replication may fail under low memory condition. Being disabled, it can also cause failures without low memory condition, see https://github.com/jemalloc/jemalloc/issues/1328. To fix this issue add 'vm.overcommit_memory = 1' to /etc/sysctl.conf and then reboot or run the command 'sysctl vm.overcommit_memory=1' for this to take effect.
158390:C 06 Jan 2024 00:14:29.414 * oO0OoO0OoO0Oo Redis is starting oO0OoO0OoO0Oo
158390:C 06 Jan 2024 00:14:29.414 * Redis version=255.255.255, bits=64, commit=e04ebdb8, modified=1, pid=158390, just started
158390:C 06 Jan 2024 00:14:29.414 * Configuration loaded
158390:M 06 Jan 2024 00:14:29.414 * monotonic clock: POSIX clock_gettime
158390:M 06 Jan 2024 00:14:29.415 * Running mode=standalone, port=5001.
158390:M 06 Jan 2024 00:14:29.421 * <raft> RedisRaft version 255.255.255 [b779b199]
158390:M 06 Jan 2024 00:14:29.425 * <raft> Initializing test network
158390:M 06 Jan 2024 00:14:29.426 * <raft> Created test network client
158390:M 06 Jan 2024 00:14:29.429 * <raft> Raft module loaded, state is 'loading'
158390:M 06 Jan 2024 00:14:29.429 * Module 'raft' loaded from /home/snagendra/Fuzzing/redisraft-fuzzing/redisraft.so
158390:M 06 Jan 2024 00:14:29.430 * Server initialized
158390:M 06 Jan 2024 00:14:29.430 . The AOF directory appendonlydir doesn't exist
158390:M 06 Jan 2024 00:14:29.430 * Ready to accept connections tcp
158390:M 06 Jan 2024 00:14:29.430 . 0 clients connected (0 replicas), 1746624 bytes in use
158390:M 06 Jan 2024 00:14:29.530 * <raft> Loading: Redis loading complete, snapshot NOT LOADED
158390:M 06 Jan 2024 00:14:29.530 * <raft> Cluster Membership: term:0 index:0 nodes: id=1,voting=0,active=1,addr=-
158390:M 06 Jan 2024 00:14:29.531 * <raft> Test network starting message polling thread
158390:M 06 Jan 2024 00:14:29.531 * <raft> Cluster Membership: term:0 index:7 nodes: id=1,voting=1,active=1,addr=- id=2,voting=0,active=1,addr=localhost:5002
158390:M 06 Jan 2024 00:14:29.531 * <raft> Cluster Membership: term:0 index:7 nodes: id=1,voting=1,active=1,addr=- id=2,voting=0,active=1,addr=localhost:5002 id=3,voting=0,active=1,addr=localhost:5003
158390:M 06 Jan 2024 00:14:29.531 * <raft> Raft state after loading log: log_count=7, first_idx=1, current_idx=7, last_applied_idx=0
158390:M 06 Jan 2024 00:14:29.531 . <raft> Raft term=3, vote=-1
158390:M 06 Jan 2024 00:14:29.540 * <raft> State change: Node is now a leader, term 4
158390:M 06 Jan 2024 00:14:29.540 * <raft> Cluster Membership: term:4 index:8 nodes: id=1,voting=1,active=1,addr=- id=2,voting=0,active=1,addr=localhost:5002 id=3,voting=0,active=1,addr=localhost:5003
158390:signal-handler (1704496469) Received SIGINT scheduling shutdown...
158390:signal-handler (1704496469) You insist... exiting now.
158519:C 06 Jan 2024 00:14:29.712 # WARNING Memory overcommit must be enabled! Without it, a background save or replication may fail under low memory condition. Being disabled, it can also cause failures without low memory condition, see https://github.com/jemalloc/jemalloc/issues/1328. To fix this issue add 'vm.overcommit_memory = 1' to /etc/sysctl.conf and then reboot or run the command 'sysctl vm.overcommit_memory=1' for this to take effect.
158519:C 06 Jan 2024 00:14:29.712 * oO0OoO0OoO0Oo Redis is starting oO0OoO0OoO0Oo
158519:C 06 Jan 2024 00:14:29.712 * Redis version=255.255.255, bits=64, commit=e04ebdb8, modified=1, pid=158519, just started
158519:C 06 Jan 2024 00:14:29.712 * Configuration loaded
158519:M 06 Jan 2024 00:14:29.713 * monotonic clock: POSIX clock_gettime
158519:M 06 Jan 2024 00:14:29.713 * Running mode=standalone, port=5001.
158519:M 06 Jan 2024 00:14:29.721 * <raft> RedisRaft version 255.255.255 [b779b199]
158519:M 06 Jan 2024 00:14:29.726 * <raft> Initializing test network
158519:M 06 Jan 2024 00:14:29.727 * <raft> Created test network client
158519:M 06 Jan 2024 00:14:29.732 * <raft> Raft module loaded, state is 'loading'
158519:M 06 Jan 2024 00:14:29.732 * Module 'raft' loaded from /home/snagendra/Fuzzing/redisraft-fuzzing/redisraft.so
158519:M 06 Jan 2024 00:14:29.732 * Server initialized
158519:M 06 Jan 2024 00:14:29.732 . The AOF directory appendonlydir doesn't exist
158519:M 06 Jan 2024 00:14:29.732 * Ready to accept connections tcp
158519:M 06 Jan 2024 00:14:29.732 . 0 clients connected (0 replicas), 1746656 bytes in use
158519:M 06 Jan 2024 00:14:29.832 * <raft> Loading: Redis loading complete, snapshot NOT LOADED
158519:M 06 Jan 2024 00:14:29.833 * <raft> Cluster Membership: term:0 index:0 nodes: id=1,voting=0,active=1,addr=-
158519:M 06 Jan 2024 00:14:29.833 * <raft> Test network starting message polling thread
158519:M 06 Jan 2024 00:14:29.834 * <raft> Cluster Membership: term:0 index:8 nodes: id=1,voting=1,active=1,addr=- id=2,voting=0,active=1,addr=localhost:5002
158519:M 06 Jan 2024 00:14:29.834 * <raft> Cluster Membership: term:0 index:8 nodes: id=1,voting=1,active=1,addr=- id=2,voting=0,active=1,addr=localhost:5002 id=3,voting=0,active=1,addr=localhost:5003
158519:M 06 Jan 2024 00:14:29.834 * <raft> Raft state after loading log: log_count=8, first_idx=1, current_idx=8, last_applied_idx=0
158519:M 06 Jan 2024 00:14:29.834 . <raft> Raft term=4, vote=-1
158519:M 06 Jan 2024 00:14:29.842 * <raft> State change: Node is now a leader, term 5
158519:M 06 Jan 2024 00:14:29.842 * <raft> Cluster Membership: term:5 index:9 nodes: id=1,voting=1,active=1,addr=- id=2,voting=0,active=1,addr=localhost:5002 id=3,voting=0,active=1,addr=localhost:5003
158519:signal-handler (1704496469) Received SIGINT scheduling shutdown...
158519:signal-handler (1704496469) You insist... exiting now.

----- Stderr -----
libgcov profiling error:/home/snagendra/Fuzzing/redisraft-fuzzing/build/deps/raft/CMakeFiles/raft.dir/src/raft_server_properties.c.gcda:Merge mismatch for function 8
libgcov profiling error:/home/snagendra/Fuzzing/redisraft-fuzzing/build/deps/raft/CMakeFiles/raft.dir/src/raft_server.c.gcda:Merge mismatch for function 25
libgcov profiling error:/home/snagendra/Fuzzing/redisraft-fuzzing/build/deps/raft/CMakeFiles/raft.dir/src/raft_server_properties.c.gcda:Merge mismatch for function 8
libgcov profiling error:/home/snagendra/Fuzzing/redisraft-fuzzing/build/deps/raft/CMakeFiles/raft.dir/src/raft_server.c.gcda:Merge mismatch for function 25
libgcov profiling error:/home/snagendra/Fuzzing/redisraft-fuzzing/build/deps/raft/CMakeFiles/raft.dir/src/raft_server_properties.c.gcda:Merge mismatch for function 8
libgcov profiling error:/home/snagendra/Fuzzing/redisraft-fuzzing/build/deps/raft/CMakeFiles/raft.dir/src/raft_server.c.gcda:Merge mismatch for function 25
libgcov profiling error:/home/snagendra/Fuzzing/redisraft-fuzzing/build/deps/raft/CMakeFiles/raft.dir/src/raft_server_properties.c.gcda:Merge mismatch for function 8
libgcov profiling error:/home/snagendra/Fuzzing/redisraft-fuzzing/build/deps/raft/CMakeFiles/raft.dir/src/raft_server.c.gcda:Merge mismatch for function 25
libgcov profiling error:/home/snagendra/Fuzzing/redisraft-fuzzing/build/deps/raft/CMakeFiles/raft.dir/src/raft_server_properties.c.gcda:Merge mismatch for function 8
libgcov profiling error:/home/snagendra/Fuzzing/redisraft-fuzzing/build/deps/raft/CMakeFiles/raft.dir/src/raft_server.c.gcda:Merge mismatch for function 25
libgcov profiling error:/home/snagendra/Fuzzing/redisraft-fuzzing/build/deps/raft/CMakeFiles/raft.dir/src/raft_server_properties.c.gcda:Merge mismatch for function 8
libgcov profiling error:/home/snagendra/Fuzzing/redisraft-fuzzing/build/deps/raft/CMakeFiles/raft.dir/src/raft_server.c.gcda:Merge mismatch for function 25




logs for node: 2

----- Stdout -----
157046:C 06 Jan 2024 00:14:26.493 # WARNING Memory overcommit must be enabled! Without it, a background save or replication may fail under low memory condition. Being disabled, it can also cause failures without low memory condition, see https://github.com/jemalloc/jemalloc/issues/1328. To fix this issue add 'vm.overcommit_memory = 1' to /etc/sysctl.conf and then reboot or run the command 'sysctl vm.overcommit_memory=1' for this to take effect.
157046:C 06 Jan 2024 00:14:26.494 * oO0OoO0OoO0Oo Redis is starting oO0OoO0OoO0Oo
157046:C 06 Jan 2024 00:14:26.494 * Redis version=255.255.255, bits=64, commit=e04ebdb8, modified=1, pid=157046, just started
157046:C 06 Jan 2024 00:14:26.494 * Configuration loaded
157046:M 06 Jan 2024 00:14:26.494 * monotonic clock: POSIX clock_gettime
157046:M 06 Jan 2024 00:14:26.495 * Running mode=standalone, port=5002.
157046:M 06 Jan 2024 00:14:26.502 * <raft> RedisRaft version 255.255.255 [b779b199]
157046:M 06 Jan 2024 00:14:26.507 * <raft> Initializing test network
157046:M 06 Jan 2024 00:14:26.508 * <raft> Created test network client
157046:M 06 Jan 2024 00:14:26.509 * <raft> Raft module loaded, state is 'uninitialized'
157046:M 06 Jan 2024 00:14:26.509 * Module 'raft' loaded from /home/snagendra/Fuzzing/redisraft-fuzzing/redisraft.so
157046:M 06 Jan 2024 00:14:26.509 * Server initialized
157046:M 06 Jan 2024 00:14:26.510 . The AOF directory appendonlydir doesn't exist
157046:M 06 Jan 2024 00:14:26.510 * Ready to accept connections tcp
157046:M 06 Jan 2024 00:14:26.510 . 0 clients connected (0 replicas), 1726160 bytes in use
157046:M 06 Jan 2024 00:14:26.532 - Accepted 127.0.0.1:40346
157046:M 06 Jan 2024 00:14:26.532 # Missing implement of connection type tls
157046:M 06 Jan 2024 00:14:26.609 - <raft> join cluster, connecting to localhost:5001
157046:M 06 Jan 2024 00:14:26.611 * <raft> Joined Raft cluster, node id: 2, dbid: 1f3889e8840622588e1128f33ec0d124
157046:M 06 Jan 2024 00:14:26.625 * <raft> Cluster Membership: term:0 index:0 nodes: id=2,voting=0,active=1,addr=-
157046:M 06 Jan 2024 00:14:26.625 * <raft> Test network starting message polling thread
157046:M 06 Jan 2024 00:14:26.672 - Accepted 127.0.0.1:40354
157046:M 06 Jan 2024 00:14:26.775 - Client closed connection id=9 addr=127.0.0.1:40354 laddr=127.0.0.1:5002 fd=10 name= age=0 idle=0 flags=N db=0 sub=0 psub=0 ssub=0 multi=-1 qbuf=0 qbuf-free=20474 argv-mem=0 multi-mem=0 rbs=16384 rbp=0 obl=0 oll=0 omem=0 tot-mem=37760 events=r cmd=auth user=default redir=-1 resp=2 lib-name= lib-ver=
157046:M 06 Jan 2024 00:14:27.002 - Accepted 127.0.0.1:40370
157046:M 06 Jan 2024 00:14:27.011 * <raft> State change: Election starting, node is now a pre-candidate, term 0
157046:M 06 Jan 2024 00:14:27.011 * <raft> Cluster Membership: term:0 index:0 nodes: id=2,voting=0,active=1,addr=-
157046:M 06 Jan 2024 00:14:27.312 * <raft> State change: Election starting, node is now a pre-candidate, term 0
157046:M 06 Jan 2024 00:14:27.312 * <raft> Cluster Membership: term:0 index:0 nodes: id=2,voting=0,active=1,addr=-
157046:M 06 Jan 2024 00:14:27.713 * <raft> State change: Election starting, node is now a pre-candidate, term 0
157046:M 06 Jan 2024 00:14:27.713 * <raft> Cluster Membership: term:0 index:0 nodes: id=2,voting=0,active=1,addr=-
157046:M 06 Jan 2024 00:14:28.114 * <raft> State change: Election starting, node is now a pre-candidate, term 0
157046:M 06 Jan 2024 00:14:28.114 * <raft> Cluster Membership: term:0 index:0 nodes: id=2,voting=0,active=1,addr=-
157046:signal-handler (1704496468) Received SIGINT scheduling shutdown...
157046:signal-handler (1704496468) You insist... exiting now.
158370:C 06 Jan 2024 00:14:29.383 # WARNING Memory overcommit must be enabled! Without it, a background save or replication may fail under low memory condition. Being disabled, it can also cause failures without low memory condition, see https://github.com/jemalloc/jemalloc/issues/1328. To fix this issue add 'vm.overcommit_memory = 1' to /etc/sysctl.conf and then reboot or run the command 'sysctl vm.overcommit_memory=1' for this to take effect.
158370:C 06 Jan 2024 00:14:29.383 * oO0OoO0OoO0Oo Redis is starting oO0OoO0OoO0Oo
158370:C 06 Jan 2024 00:14:29.383 * Redis version=255.255.255, bits=64, commit=e04ebdb8, modified=1, pid=158370, just started
158370:C 06 Jan 2024 00:14:29.383 * Configuration loaded
158370:M 06 Jan 2024 00:14:29.384 * monotonic clock: POSIX clock_gettime
158370:M 06 Jan 2024 00:14:29.384 * Running mode=standalone, port=5002.
158370:M 06 Jan 2024 00:14:29.391 * <raft> RedisRaft version 255.255.255 [b779b199]
158370:M 06 Jan 2024 00:14:29.396 * <raft> Initializing test network
158370:M 06 Jan 2024 00:14:29.397 * <raft> Created test network client
158370:M 06 Jan 2024 00:14:29.397 * <raft> Raft module loaded, state is 'uninitialized'
158370:M 06 Jan 2024 00:14:29.397 * Module 'raft' loaded from /home/snagendra/Fuzzing/redisraft-fuzzing/redisraft.so
158370:M 06 Jan 2024 00:14:29.397 * Server initialized
158370:M 06 Jan 2024 00:14:29.397 . The AOF directory appendonlydir doesn't exist
158370:M 06 Jan 2024 00:14:29.397 * Ready to accept connections tcp
158370:M 06 Jan 2024 00:14:29.398 . 0 clients connected (0 replicas), 1726192 bytes in use
158370:M 06 Jan 2024 00:14:29.541 - Accepted 127.0.0.1:40410
158370:M 06 Jan 2024 00:14:29.541 # Missing implement of connection type tls
158370:M 06 Jan 2024 00:14:29.649 - Client closed connection id=8 addr=127.0.0.1:40410 laddr=127.0.0.1:5002 fd=9 name= age=0 idle=0 flags=N db=0 sub=0 psub=0 ssub=0 multi=-1 qbuf=0 qbuf-free=20474 argv-mem=0 multi-mem=0 rbs=16384 rbp=0 obl=0 oll=0 omem=0 tot-mem=37760 events=r cmd=auth user=default redir=-1 resp=2 lib-name= lib-ver=
158370:M 06 Jan 2024 00:14:29.843 - Accepted 127.0.0.1:40414
158370:signal-handler (1704496469) Received SIGINT scheduling shutdown...
158370:signal-handler (1704496469) You insist... exiting now.

----- Stderr -----
libgcov profiling error:/home/snagendra/Fuzzing/redisraft-fuzzing/build/deps/raft/CMakeFiles/raft.dir/src/raft_server_properties.c.gcda:Merge mismatch for function 8
libgcov profiling error:/home/snagendra/Fuzzing/redisraft-fuzzing/build/deps/raft/CMakeFiles/raft.dir/src/raft_server.c.gcda:Merge mismatch for function 25
libgcov profiling error:/home/snagendra/Fuzzing/redisraft-fuzzing/build/deps/raft/CMakeFiles/raft.dir/src/raft_server_properties.c.gcda:Merge mismatch for function 8
libgcov profiling error:/home/snagendra/Fuzzing/redisraft-fuzzing/build/deps/raft/CMakeFiles/raft.dir/src/raft_server.c.gcda:Merge mismatch for function 25




logs for node: 3

----- Stdout -----
157116:C 06 Jan 2024 00:14:26.629 # WARNING Memory overcommit must be enabled! Without it, a background save or replication may fail under low memory condition. Being disabled, it can also cause failures without low memory condition, see https://github.com/jemalloc/jemalloc/issues/1328. To fix this issue add 'vm.overcommit_memory = 1' to /etc/sysctl.conf and then reboot or run the command 'sysctl vm.overcommit_memory=1' for this to take effect.
157116:C 06 Jan 2024 00:14:26.629 * oO0OoO0OoO0Oo Redis is starting oO0OoO0OoO0Oo
157116:C 06 Jan 2024 00:14:26.629 * Redis version=255.255.255, bits=64, commit=e04ebdb8, modified=1, pid=157116, just started
157116:C 06 Jan 2024 00:14:26.629 * Configuration loaded
157116:M 06 Jan 2024 00:14:26.630 * monotonic clock: POSIX clock_gettime
157116:M 06 Jan 2024 00:14:26.630 * Running mode=standalone, port=5003.
157116:M 06 Jan 2024 00:14:26.638 * <raft> RedisRaft version 255.255.255 [b779b199]
157116:M 06 Jan 2024 00:14:26.643 * <raft> Initializing test network
157116:M 06 Jan 2024 00:14:26.643 * <raft> Created test network client
157116:M 06 Jan 2024 00:14:26.644 * <raft> Raft module loaded, state is 'uninitialized'
157116:M 06 Jan 2024 00:14:26.644 * Module 'raft' loaded from /home/snagendra/Fuzzing/redisraft-fuzzing/redisraft.so
157116:M 06 Jan 2024 00:14:26.645 * Server initialized
157116:M 06 Jan 2024 00:14:26.645 . The AOF directory appendonlydir doesn't exist
157116:M 06 Jan 2024 00:14:26.646 * Ready to accept connections tcp
157116:M 06 Jan 2024 00:14:26.646 . 0 clients connected (0 replicas), 1726160 bytes in use
157116:M 06 Jan 2024 00:14:26.651 - Accepted 127.0.0.1:55220
157116:M 06 Jan 2024 00:14:26.651 # Missing implement of connection type tls
157116:M 06 Jan 2024 00:14:26.744 - <raft> join cluster, connecting to localhost:5001
157116:M 06 Jan 2024 00:14:26.746 * <raft> Joined Raft cluster, node id: 3, dbid: 1f3889e8840622588e1128f33ec0d124
157116:M 06 Jan 2024 00:14:26.755 * <raft> Cluster Membership: term:0 index:0 nodes: id=3,voting=0,active=1,addr=-
157116:M 06 Jan 2024 00:14:26.755 * <raft> Test network starting message polling thread
157116:M 06 Jan 2024 00:14:27.002 - Accepted 127.0.0.1:55224
157116:signal-handler (1704496467) Received SIGINT scheduling shutdown...
157116:signal-handler (1704496467) You insist... exiting now.
158342:C 06 Jan 2024 00:14:29.352 # WARNING Memory overcommit must be enabled! Without it, a background save or replication may fail under low memory condition. Being disabled, it can also cause failures without low memory condition, see https://github.com/jemalloc/jemalloc/issues/1328. To fix this issue add 'vm.overcommit_memory = 1' to /etc/sysctl.conf and then reboot or run the command 'sysctl vm.overcommit_memory=1' for this to take effect.
158342:C 06 Jan 2024 00:14:29.353 * oO0OoO0OoO0Oo Redis is starting oO0OoO0OoO0Oo
158342:C 06 Jan 2024 00:14:29.353 * Redis version=255.255.255, bits=64, commit=e04ebdb8, modified=1, pid=158342, just started
158342:C 06 Jan 2024 00:14:29.353 * Configuration loaded
158342:M 06 Jan 2024 00:14:29.353 * monotonic clock: POSIX clock_gettime
158342:M 06 Jan 2024 00:14:29.354 * Running mode=standalone, port=5003.
158342:M 06 Jan 2024 00:14:29.360 * <raft> RedisRaft version 255.255.255 [b779b199]
158342:M 06 Jan 2024 00:14:29.365 * <raft> Initializing test network
158342:M 06 Jan 2024 00:14:29.366 * <raft> Created test network client
158342:M 06 Jan 2024 00:14:29.370 * <raft> Raft module loaded, state is 'loading'
158342:M 06 Jan 2024 00:14:29.370 * Module 'raft' loaded from /home/snagendra/Fuzzing/redisraft-fuzzing/redisraft.so
158342:M 06 Jan 2024 00:14:29.370 * Server initialized
158342:M 06 Jan 2024 00:14:29.370 . The AOF directory appendonlydir doesn't exist
158342:M 06 Jan 2024 00:14:29.370 * Ready to accept connections tcp
158342:M 06 Jan 2024 00:14:29.370 . 0 clients connected (0 replicas), 1746720 bytes in use
158342:M 06 Jan 2024 00:14:29.471 * <raft> Loading: Redis loading complete, snapshot NOT LOADED
158342:M 06 Jan 2024 00:14:29.471 * <raft> Cluster Membership: term:0 index:0 nodes: id=3,voting=0,active=1,addr=-
158342:M 06 Jan 2024 00:14:29.471 * <raft> Test network starting message polling thread


=== REDIS BUG REPORT START: Cut & paste starting from here ===
158342:M 06 Jan 2024 00:14:29.471 # Redis 255.255.255 crashed by signal: 6, si_code: -6
158342:M 06 Jan 2024 00:14:29.471 # Crashed running the instruction at: 0x7fdd6193bd3c

------ STACK TRACE ------
EIP:
/lib/x86_64-linux-gnu/libc.so.6(+0x8ad3c)[0x7fdd6193bd3c]

Backtrace:
/lib/x86_64-linux-gnu/libc.so.6(+0x3bfd0)[0x7fdd618ecfd0]
/lib/x86_64-linux-gnu/libc.so.6(+0x8ad3c)[0x7fdd6193bd3c]
/lib/x86_64-linux-gnu/libc.so.6(gsignal+0x12)[0x7fdd618ecf32]
/lib/x86_64-linux-gnu/libc.so.6(abort+0xd3)[0x7fdd618d7472]
/lib/x86_64-linux-gnu/libc.so.6(+0x26395)[0x7fdd618d7395]
/lib/x86_64-linux-gnu/libc.so.6(+0x34e32)[0x7fdd618e5e32]
/home/snagendra/Fuzzing/redisraft-fuzzing/redisraft.so(+0x3caea)[0x7fdd61860aea]
/home/snagendra/Fuzzing/redisraft-fuzzing/redisraft.so(callRaftPeriodic+0x478)[0x7fdd61851088]
/home/snagendra/Fuzzing/redis/src/redis-server 0.0.0.0:5003(moduleTimerHandler+0x21c)[0x55ffc7faa98c]
/home/snagendra/Fuzzing/redis/src/redis-server 0.0.0.0:5003(+0x81705)[0x55ffc7eb4705]
/home/snagendra/Fuzzing/redis/src/redis-server 0.0.0.0:5003(aeMain+0x1c8)[0x55ffc7ebecb8]
/home/snagendra/Fuzzing/redis/src/redis-server 0.0.0.0:5003(main+0x3cd)[0x55ffc7eb3e2d]
/lib/x86_64-linux-gnu/libc.so.6(+0x271ca)[0x7fdd618d81ca]
/lib/x86_64-linux-gnu/libc.so.6(__libc_start_main+0x85)[0x7fdd618d8285]
/home/snagendra/Fuzzing/redis/src/redis-server 0.0.0.0:5003(_start+0x2a)[0x55ffc7eb45aa]

------ REGISTERS ------
158342:M 06 Jan 2024 00:14:29.472 # 
RAX:0000000000000000 RBX:0000000000026a86
RCX:00007fdd6193bd3c RDX:0000000000000006
RDI:0000000000026a86 RSI:0000000000026a86
RBP:00007fdd618ad1c0 RSP:00007ffc9f843550
R8 :0000000000000007 R9 :000055ffc9cda820
R10:0000000000000008 R11:0000000000000246
R12:0000000000000006 R13:00000000000006a6
R14:00007fdd6188d05c R15:000055ffc7fa92b0
RIP:00007fdd6193bd3c EFL:0000000000000246
CSGSFS:002b000000000033
158342:M 06 Jan 2024 00:14:29.472 # (00007ffc9f84355f) -> 000055ffc9cda8d0
158342:M 06 Jan 2024 00:14:29.472 # (00007ffc9f84355e) -> 00007fdd61a83c60
158342:M 06 Jan 2024 00:14:29.472 # (00007ffc9f84355d) -> 00000000000002b1
158342:M 06 Jan 2024 00:14:29.472 # (00007ffc9f84355c) -> 000055ffc9cda820
158342:M 06 Jan 2024 00:14:29.472 # (00007ffc9f84355b) -> 00000000000006a6
158342:M 06 Jan 2024 00:14:29.472 # (00007ffc9f84355a) -> 0000000000000020
158342:M 06 Jan 2024 00:14:29.472 # (00007ffc9f843559) -> 00007fdd618d7472
158342:M 06 Jan 2024 00:14:29.472 # (00007ffc9f843558) -> 00007fdd61a84e70
158342:M 06 Jan 2024 00:14:29.472 # (00007ffc9f843557) -> 00007fdd618ecf32
158342:M 06 Jan 2024 00:14:29.472 # (00007ffc9f843556) -> 00007fdd6188d05c
158342:M 06 Jan 2024 00:14:29.472 # (00007ffc9f843555) -> 00000000000006a6
158342:M 06 Jan 2024 00:14:29.472 # (00007ffc9f843554) -> 00007fdd6188c720
158342:M 06 Jan 2024 00:14:29.472 # (00007ffc9f843553) -> 00007fdd618ad1c0
158342:M 06 Jan 2024 00:14:29.472 # (00007ffc9f843552) -> 0000000000000006
158342:M 06 Jan 2024 00:14:29.472 # (00007ffc9f843551) -> 84d1f3775d48e900
158342:M 06 Jan 2024 00:14:29.472 # (00007ffc9f843550) -> 000055ffc7fa92b0

------ INFO OUTPUT ------
# Server
redis_version:255.255.255
redis_git_sha1:e04ebdb8
redis_git_dirty:1
redis_build_id:1f78dcc7b4fbdd25
redis_mode:standalone
os:Linux 6.1.60.1.amd64-smp x86_64
arch_bits:64
monotonic_clock:POSIX clock_gettime
multiplexing_api:epoll
atomicvar_api:c11-builtin
gcc_version:10.2.1
process_id:158342
process_supervised:no
run_id:0b145caffbc956abcc79be1509dec10e1403e65d
tcp_port:5003
server_time_usec:1704496469471023
uptime_in_seconds:0
uptime_in_days:0
hz:10
configured_hz:10
lru_clock:9997653
executable:/home/snagendra/Fuzzing/redis/src/redis-server
config_file:
io_threads_active:0
listener0:name=tcp,bind=0.0.0.0,port=5003

# Clients
connected_clients:0
cluster_connections:0
maxclients:10000
client_recent_max_input_buffer:0
client_recent_max_output_buffer:0
blocked_clients:0
tracking_clients:0
clients_in_timeout_table:0
total_blocking_keys:0
total_blocking_keys_on_nokey:0

# Memory
used_memory:1753936
used_memory_human:1.67M
used_memory_rss:17903616
used_memory_rss_human:17.07M
used_memory_peak:1753936
used_memory_peak_human:1.67M
used_memory_peak_perc:100.41%
used_memory_overhead:1746760
used_memory_startup:1746576
used_memory_dataset:7176
used_memory_dataset_perc:97.50%
allocator_allocated:2137448
allocator_active:2674688
allocator_resident:10788864
total_system_memory:270388695040
total_system_memory_human:251.82G
used_memory_lua:31744
used_memory_vm_eval:31744
used_memory_lua_human:31.00K
used_memory_scripts_eval:0
number_of_cached_scripts:0
number_of_functions:0
number_of_libraries:0
used_memory_vm_functions:32768
used_memory_vm_total:64512
used_memory_vm_total_human:63.00K
used_memory_functions:184
used_memory_scripts:184
used_memory_scripts_human:184B
maxmemory:0
maxmemory_human:0B
maxmemory_policy:noeviction
allocator_frag_ratio:1.25
allocator_frag_bytes:537240
allocator_rss_ratio:4.03
allocator_rss_bytes:8114176
rss_overhead_ratio:1.66
rss_overhead_bytes:7114752
mem_fragmentation_ratio:10.25
mem_fragmentation_bytes:16156896
mem_not_counted_for_evict:0
mem_replication_backlog:0
mem_total_replication_buffers:0
mem_clients_slaves:0
mem_clients_normal:0
mem_cluster_links:0
mem_aof_buffer:0
mem_allocator:jemalloc-5.3.0
active_defrag_running:0
lazyfree_pending_objects:0
lazyfreed_objects:0

# Persistence
loading:0
async_loading:0
current_cow_peak:0
current_cow_size:0
current_cow_size_age:0
current_fork_perc:0.00
current_save_keys_processed:0
current_save_keys_total:0
rdb_changes_since_last_save:0
rdb_bgsave_in_progress:0
rdb_last_save_time:1704496469
rdb_last_bgsave_status:ok
rdb_last_bgsave_time_sec:-1
rdb_current_bgsave_time_sec:-1
rdb_saves:0
rdb_last_cow_size:0
rdb_last_load_keys_expired:0
rdb_last_load_keys_loaded:0
aof_enabled:0
aof_rewrite_in_progress:0
aof_rewrite_scheduled:0
aof_last_rewrite_time_sec:-1
aof_current_rewrite_time_sec:-1
aof_last_bgrewrite_status:ok
aof_rewrites:0
aof_rewrites_consecutive_failures:0
aof_last_write_status:ok
aof_last_cow_size:0
module_fork_in_progress:0
module_fork_last_cow_size:0

# Stats
total_connections_received:0
total_commands_processed:6
instantaneous_ops_per_sec:22
total_net_input_bytes:0
total_net_output_bytes:0
total_net_repl_input_bytes:0
total_net_repl_output_bytes:0
instantaneous_input_kbps:0.00
instantaneous_output_kbps:0.00
instantaneous_input_repl_kbps:0.00
instantaneous_output_repl_kbps:0.00
rejected_connections:0
sync_full:0
sync_partial_ok:0
sync_partial_err:0
expired_keys:0
expired_stale_perc:0.00
expired_time_cap_reached_count:0
expire_cycle_cpu_milliseconds:0
evicted_keys:0
evicted_clients:0
total_eviction_exceeded_time:0
current_eviction_exceeded_time:0
keyspace_hits:0
keyspace_misses:0
pubsub_channels:0
pubsub_patterns:0
pubsubshard_channels:0
latest_fork_usec:0
total_forks:0
migrate_cached_sockets:0
slave_expires_tracked_keys:0
active_defrag_hits:0
active_defrag_misses:0
active_defrag_key_hits:0
active_defrag_key_misses:0
total_active_defrag_time:0
current_active_defrag_time:0
tracking_total_keys:0
tracking_total_items:0
tracking_total_prefixes:0
unexpected_error_replies:0
total_error_replies:0
dump_payload_sanitizations:0
total_reads_processed:0
total_writes_processed:0
io_threaded_reads_processed:0
io_threaded_writes_processed:0
reply_buffer_shrinks:0
reply_buffer_expands:0
acl_access_denied_auth:0
acl_access_denied_cmd:0
acl_access_denied_key:0
acl_access_denied_channel:0

# Replication
role:master
connected_slaves:0
master_failover_state:no-failover
master_replid:adf2cb0f48b0808eaea0a0d5708c14d630aab5f9
master_replid2:0000000000000000000000000000000000000000
master_repl_offset:0
second_repl_offset:-1
repl_backlog_active:0
repl_backlog_size:1048576
repl_backlog_first_byte_offset:0
repl_backlog_histlen:0

# CPU
used_cpu_sys:0.004550
used_cpu_user:0.013650
used_cpu_sys_children:0.000000
used_cpu_user_children:0.000000
used_cpu_sys_main_thread:0.004463
used_cpu_user_main_thread:0.013390

# Modules
module:name=raft,ver=1,api=1,filters=1,usedby=[],using=[],options=[]

# Commandstats
cmdstat_config|get:calls=3,usec=5,usec_per_call=1.67,rejected_calls=0,failed_calls=0
cmdstat_config|set:calls=1,usec=13,usec_per_call=13.00,rejected_calls=0,failed_calls=0
cmdstat_command:calls=2,usec=1704,usec_per_call=852.00,rejected_calls=0,failed_calls=0

# Errorstats

# Latencystats
latency_percentiles_usec_config|get:p50=2.007,p99=2.007,p99.9=2.007
latency_percentiles_usec_config|set:p50=13.055,p99=13.055,p99.9=13.055
latency_percentiles_usec_command:p50=794.623,p99=913.407,p99.9=913.407

# Cluster
cluster_enabled:0

# Keyspace

------ CLIENT LIST OUTPUT ------

------ MODULES INFO OUTPUT ------
# raft_version
raft_version:255.255.255
raft_git_sha1:b779b199

# raft_general
raft_dbid:1f3889e8840622588e1128f33ec0d124
raft_node_id:3
raft_state:up
raft_role:follower
raft_is_voting:no
raft_voted_for:-1
raft_leader_id:-1
raft_current_term:0
raft_num_nodes:1
raft_num_voting_nodes:0

# raft_log
raft_log_entries:0
raft_current_index:0
raft_commit_index:0
raft_last_applied_index:0
raft_file_size:101
raft_cache_memory_size:0
raft_cache_entries:0
raft_client_attached_entries:0
raft_fsync_count:0
raft_fsync_max_microseconds:0
raft_fsync_avg_microseconds:0

# raft_snapshot
raft_snapshot_filename:redis3.rdb
raft_snapshot_last_idx:0
raft_snapshot_last_term:0
raft_snapshot_size:0
raft_snapshot_time_secs:-1
raft_snapshots_created:0
raft_snapshots_received:0
raft_snapshot_in_progress:no
raft_snapshot_in_progress_last_idx:-1
raft_snapshot_in_progress_last_term:-1

# raft_clients
raft_proxy_reqs:0
raft_proxy_failed_reqs:0
raft_proxy_failed_responses:0
raft_proxy_outstanding_reqs:0

# raft_stats
raft_appendreq_received:0
raft_appendreq_with_entry_received:0
raft_snapshotreq_received:0
raft_exec_throttled:0
raft_num_sessions:0

------ CONFIG DEBUG OUTPUT ------
sanitize-dump-payload no
activedefrag no
io-threads 1
io-threads-do-reads no
lazyfree-lazy-user-flush no
slave-read-only yes
lazyfree-lazy-expire no
list-compress-depth 0
repl-diskless-load disabled
replica-read-only yes
lazyfree-lazy-eviction no
lazyfree-lazy-server-del no
client-query-buffer-limit 1gb
proto-max-bulk-len 512mb
repl-diskless-sync yes
lazyfree-lazy-user-del no

------ FAST MEMORY TEST ------
158342:M 06 Jan 2024 00:14:29.472 # Bio worker thread #0 terminated
158342:M 06 Jan 2024 00:14:29.472 # Bio worker thread #1 terminated
158342:M 06 Jan 2024 00:14:29.472 # Bio worker thread #2 terminated
*** Preparing to test memory region 55ffc818a000 (2273280 bytes)
*** Preparing to test memory region 55ffc9c85000 (405504 bytes)
*** Preparing to test memory region 7fdd547ff000 (8388608 bytes)
*** Preparing to test memory region 7fdd55000000 (8388608 bytes)
*** Preparing to test memory region 7fdd55800000 (6291456 bytes)
*** Preparing to test memory region 7fdd55ffd000 (8388608 bytes)
*** Preparing to test memory region 7fdd567fe000 (8388608 bytes)
*** Preparing to test memory region 7fdd56fff000 (8388608 bytes)
*** Preparing to test memory region 7fdd57800000 (8388608 bytes)
*** Preparing to test memory region 7fdd58000000 (135168 bytes)
*** Preparing to test memory region 7fdd5c617000 (8388608 bytes)
*** Preparing to test memory region 7fdd5ce18000 (8388608 bytes)
*** Preparing to test memory region 7fdd5d619000 (8388608 bytes)
*** Preparing to test memory region 7fdd5de1a000 (8388608 bytes)
*** Preparing to test memory region 7fdd5e61b000 (8388608 bytes)
*** Preparing to test memory region 7fdd5ee1c000 (8388608 bytes)
*** Preparing to test memory region 7fdd5f61c000 (2621440 bytes)
*** Preparing to test memory region 7fdd5f8ab000 (8192 bytes)
*** Preparing to test memory region 7fdd5fe7f000 (12288 bytes)
*** Preparing to test memory region 7fdd603ac000 (8192 bytes)
*** Preparing to test memory region 7fdd60618000 (16384 bytes)
*** Preparing to test memory region 7fdd607fe000 (8192 bytes)
*** Preparing to test memory region 7fdd61000000 (8388608 bytes)
*** Preparing to test memory region 7fdd61800000 (4096 bytes)
*** Preparing to test memory region 7fdd61823000 (4096 bytes)
*** Preparing to test memory region 7fdd618a6000 (45056 bytes)
*** Preparing to test memory region 7fdd61a85000 (53248 bytes)
*** Preparing to test memory region 7fdd61ba2000 (8192 bytes)
.O.O.O.O.O.O.O.O.O.O.O.O.O.O.O.O.O.O.O.O.O.O.O.O.O.O.O.O
Fast memory test PASSED, however your memory can still be broken. Please run a memory test for several hours if possible.

------ DUMPING CODE AROUND EIP ------
Symbol: (null) (base: (nil))
Module: /lib/x86_64-linux-gnu/libc.so.6 (base 0x7fdd618b1000)
$ xxd -r -p /tmp/dump.hex /tmp/dump.bin
$ objdump --adjust-vma=(nil) -D -b binary -m i386:x86-64 /tmp/dump.bin
------

=== REDIS BUG REPORT END. Make sure to include from START to END. ===

       Please report the crash by opening an issue on github:

           http://github.com/redis/redis/issues

  If a Redis module was involved, please open in the module's repo instead.

  Suspect RAM error? Use redis-server --test-memory to verify it.

  Some other issues could be detected by redis-server --check-system

----- Stderr -----
libgcov profiling error:/home/snagendra/Fuzzing/redisraft-fuzzing/build/deps/raft/CMakeFiles/raft.dir/src/raft_server_properties.c.gcda:Merge mismatch for function 8
libgcov profiling error:/home/snagendra/Fuzzing/redisraft-fuzzing/build/deps/raft/CMakeFiles/raft.dir/src/raft_server.c.gcda:Merge mismatch for function 25
redis-server: /home/snagendra/Fuzzing/redisraft-fuzzing/deps/raft/src/raft_server.c:1702: raft_get_first_entry_idx: Assertion `0 < raft_get_current_idx(me)' failed.



