logs for node: 3

----- Stdout -----
1173786:C 06 Jan 2024 03:30:14.675 # WARNING Memory overcommit must be enabled! Without it, a background save or replication may fail under low memory condition. Being disabled, it can also cause failures without low memory condition, see https://github.com/jemalloc/jemalloc/issues/1328. To fix this issue add 'vm.overcommit_memory = 1' to /etc/sysctl.conf and then reboot or run the command 'sysctl vm.overcommit_memory=1' for this to take effect.
1173786:C 06 Jan 2024 03:30:14.675 * oO0OoO0OoO0Oo Redis is starting oO0OoO0OoO0Oo
1173786:C 06 Jan 2024 03:30:14.675 * Redis version=255.255.255, bits=64, commit=e04ebdb8, modified=1, pid=1173786, just started
1173786:C 06 Jan 2024 03:30:14.675 * Configuration loaded
1173786:M 06 Jan 2024 03:30:14.675 * monotonic clock: POSIX clock_gettime
1173786:M 06 Jan 2024 03:30:14.676 * Running mode=standalone, port=5073.
1173786:M 06 Jan 2024 03:30:14.682 * <raft> RedisRaft version 255.255.255 [b779b199]
1173786:M 06 Jan 2024 03:30:14.687 * <raft> Initializing test network
1173786:M 06 Jan 2024 03:30:14.687 * <raft> Created test network client
1173786:M 06 Jan 2024 03:30:14.688 * <raft> Raft module loaded, state is 'uninitialized'
1173786:M 06 Jan 2024 03:30:14.688 * Module 'raft' loaded from /home/snagendra/Fuzzing/redisraft-fuzzing/redisraft.so
1173786:M 06 Jan 2024 03:30:14.689 * Server initialized
1173786:M 06 Jan 2024 03:30:14.689 . The AOF directory appendonlydir doesn't exist
1173786:M 06 Jan 2024 03:30:14.690 * Ready to accept connections tcp
1173786:M 06 Jan 2024 03:30:14.690 . 0 clients connected (0 replicas), 1726224 bytes in use
1173786:M 06 Jan 2024 03:30:14.694 - Accepted 127.0.0.1:43296
1173786:M 06 Jan 2024 03:30:14.694 # Missing implement of connection type tls
1173786:M 06 Jan 2024 03:30:14.788 - <raft> join cluster, connecting to localhost:5071
1173786:M 06 Jan 2024 03:30:14.790 * <raft> Joined Raft cluster, node id: 3, dbid: 5bece49d937cdbb56fa16083c2c275d0
1173786:M 06 Jan 2024 03:30:14.796 * <raft> Cluster Membership: term:0 index:0 nodes: id=3,voting=0,active=1,addr=-
1173786:M 06 Jan 2024 03:30:14.796 * <raft> Test network starting message polling thread
1173786:M 06 Jan 2024 03:30:14.827 - Accepted 127.0.0.1:43298
1173786:M 06 Jan 2024 03:30:14.895 * <raft> Cluster Membership: term:1 index:2 nodes: id=3,voting=0,active=1,addr=- id=1,voting=1,active=1,addr=localhost:5071
1173786:M 06 Jan 2024 03:30:14.895 * <raft> Cluster Membership: term:1 index:3 nodes: id=3,voting=0,active=1,addr=- id=1,voting=1,active=1,addr=localhost:5071 id=2,voting=0,active=1,addr=localhost:5072
1173786:signal-handler (1704508214) Received SIGINT scheduling shutdown...
1173786:signal-handler (1704508214) You insist... exiting now.
1174093:C 06 Jan 2024 03:30:15.533 # WARNING Memory overcommit must be enabled! Without it, a background save or replication may fail under low memory condition. Being disabled, it can also cause failures without low memory condition, see https://github.com/jemalloc/jemalloc/issues/1328. To fix this issue add 'vm.overcommit_memory = 1' to /etc/sysctl.conf and then reboot or run the command 'sysctl vm.overcommit_memory=1' for this to take effect.
1174093:C 06 Jan 2024 03:30:15.534 * oO0OoO0OoO0Oo Redis is starting oO0OoO0OoO0Oo
1174093:C 06 Jan 2024 03:30:15.534 * Redis version=255.255.255, bits=64, commit=e04ebdb8, modified=1, pid=1174093, just started
1174093:C 06 Jan 2024 03:30:15.534 * Configuration loaded
1174093:M 06 Jan 2024 03:30:15.534 * monotonic clock: POSIX clock_gettime
1174093:M 06 Jan 2024 03:30:15.534 * Running mode=standalone, port=5073.
1174093:M 06 Jan 2024 03:30:15.541 * <raft> RedisRaft version 255.255.255 [b779b199]
1174093:M 06 Jan 2024 03:30:15.545 * <raft> Initializing test network
1174093:M 06 Jan 2024 03:30:15.546 * <raft> Created test network client
1174093:M 06 Jan 2024 03:30:15.566 * <raft> Raft module loaded, state is 'loading'
1174093:M 06 Jan 2024 03:30:15.566 * Module 'raft' loaded from /home/snagendra/Fuzzing/redisraft-fuzzing/redisraft.so
1174093:M 06 Jan 2024 03:30:15.566 * Server initialized
1174093:M 06 Jan 2024 03:30:15.566 . The AOF directory appendonlydir doesn't exist
1174093:M 06 Jan 2024 03:30:15.566 * Ready to accept connections tcp
1174093:M 06 Jan 2024 03:30:15.567 . 0 clients connected (0 replicas), 1746688 bytes in use
1174093:M 06 Jan 2024 03:30:15.631 - Accepted 127.0.0.1:43358
1174093:M 06 Jan 2024 03:30:15.631 # Missing implement of connection type tls
1174093:M 06 Jan 2024 03:30:15.666 * <raft> Loading: Redis loading complete, snapshot NOT LOADED
1174093:M 06 Jan 2024 03:30:15.666 * <raft> Cluster Membership: term:0 index:0 nodes: id=3,voting=0,active=1,addr=-
1174093:M 06 Jan 2024 03:30:15.667 * <raft> Test network starting message polling thread
1174093:M 06 Jan 2024 03:30:15.667 * <raft> Cluster Membership: term:0 index:4 nodes: id=3,voting=0,active=1,addr=- id=1,voting=1,active=1,addr=localhost:5071
1174093:M 06 Jan 2024 03:30:15.667 * <raft> Cluster Membership: term:0 index:4 nodes: id=3,voting=0,active=1,addr=- id=1,voting=1,active=1,addr=localhost:5071 id=2,voting=0,active=1,addr=localhost:5072
1174093:M 06 Jan 2024 03:30:15.667 * <raft> Raft state after loading log: log_count=4, first_idx=1, current_idx=4, last_applied_idx=0
1174093:M 06 Jan 2024 03:30:15.667 . <raft> Raft term=1, vote=-1
1174093:signal-handler (1704508215) Received SIGINT scheduling shutdown...
1174093:signal-handler (1704508215) You insist... exiting now.


=== REDIS BUG REPORT START: Cut & paste starting from here ===
1174093:M 06 Jan 2024 03:30:15.698 # Redis 255.255.255 crashed by signal: 11, si_code: 1
1174093:M 06 Jan 2024 03:30:15.698 # Accessing address: 0x18
1174093:M 06 Jan 2024 03:30:15.698 # Crashed running the instruction at: 0x7f2d5a9550b0

------ STACK TRACE ------
EIP:
/lib/x86_64-linux-gnu/libc.so.6(__pthread_rwlock_wrlock+0x0)[0x7f2d5a9550b0]

Backtrace:
/lib/x86_64-linux-gnu/libc.so.6(+0x3bfd0)[0x7f2d5a901fd0]
/lib/x86_64-linux-gnu/libc.so.6(__pthread_rwlock_wrlock+0x0)[0x7f2d5a9550b0]
/lib/x86_64-linux-gnu/libcrypto.so.3(CRYPTO_THREAD_write_lock+0x9)[0x7f2d58c3df49]
/lib/x86_64-linux-gnu/libcrypto.so.3(ENGINE_get_first+0x3a)[0x7f2d58be408a]
/lib/x86_64-linux-gnu/libcrypto.so.3(ENGINE_register_all_complete+0x6)[0x7f2d58be3486]
/lib/x86_64-linux-gnu/libssh2.so.1(libssh2_init+0x39)[0x7f2d596ad389]
/lib/x86_64-linux-gnu/libcurl-gnutls.so.4(+0x8146b)[0x7f2d597d646b]
/lib/x86_64-linux-gnu/libcurl-gnutls.so.4(+0x22125)[0x7f2d59777125]
/lib/x86_64-linux-gnu/libcurl-gnutls.so.4(curl_global_init+0x3a)[0x7f2d5977722a]
/home/snagendra/Fuzzing/redisraft-fuzzing/redisraft.so(redis_test_http_do+0x2c)[0x7f2d5a88586c]
/home/snagendra/Fuzzing/redisraft-fuzzing/redisraft.so(redis_test_http_post+0x26)[0x7f2d5a885a86]
/home/snagendra/Fuzzing/redisraft-fuzzing/redisraft.so(redis_test_send_message+0x9d)[0x7f2d5a884efd]
/home/snagendra/Fuzzing/redisraft-fuzzing/redisraft.so(testNetworkSendAppendEntriesResponse+0x6a)[0x7f2d5a86e22a]
/home/snagendra/Fuzzing/redisraft-fuzzing/redisraft.so(handleTestNetworkMessage+0x130)[0x7f2d5a86e4a0]
/home/snagendra/Fuzzing/redisraft-fuzzing/redisraft.so(poll_redis_test_messages+0x89)[0x7f2d5a86e5c9]
/lib/x86_64-linux-gnu/libc.so.6(+0x89044)[0x7f2d5a94f044]
/lib/x86_64-linux-gnu/libc.so.6(+0x10961c)[0x7f2d5a9cf61c]

------ REGISTERS ------
1174093:M 06 Jan 2024 03:30:15.699 # 
RAX:0000000000000001 RBX:00007f2d38002240
RCX:0000000000000000 RDX:0000000000000000
RDI:0000000000000000 RSI:0000000000000000
RBP:00007f2d58e7e638 RSP:00007f2d4d7fc228
R8 :0000000000000000 R9 :0000000000000000
R10:0000000000000000 R11:0000000000000000
R12:00007f2d4d7fc320 R13:00007f2d380009e0
R14:0000000000000000 R15:00007f2d586af800
RIP:00007f2d5a9550b0 EFL:0000000000010206
CSGSFS:002b000000000033
1174093:M 06 Jan 2024 03:30:15.699 # (00007f2d4d7fc237) -> 00007f2d38002240
1174093:M 06 Jan 2024 03:30:15.699 # (00007f2d4d7fc236) -> 00007f2d59777125
1174093:M 06 Jan 2024 03:30:15.699 # (00007f2d4d7fc235) -> 00007f2d586af800
1174093:M 06 Jan 2024 03:30:15.699 # (00007f2d4d7fc234) -> 00007f2d597d646b
1174093:M 06 Jan 2024 03:30:15.699 # (00007f2d4d7fc233) -> 00007f2d380009e0
1174093:M 06 Jan 2024 03:30:15.699 # (00007f2d4d7fc232) -> 000000004d7fc320
1174093:M 06 Jan 2024 03:30:15.699 # (00007f2d4d7fc231) -> 00007f2d380030b0
1174093:M 06 Jan 2024 03:30:15.699 # (00007f2d4d7fc230) -> 00007f2d596ad389
1174093:M 06 Jan 2024 03:30:15.699 # (00007f2d4d7fc22f) -> 00007f2d38002240
1174093:M 06 Jan 2024 03:30:15.699 # (00007f2d4d7fc22e) -> 00007f2d58be3486
1174093:M 06 Jan 2024 03:30:15.699 # (00007f2d4d7fc22d) -> 00007f2d380030b0
1174093:M 06 Jan 2024 03:30:15.699 # (00007f2d4d7fc22c) -> 00007f2d38002240
1174093:M 06 Jan 2024 03:30:15.699 # (00007f2d4d7fc22b) -> 00007f2d4d7fc320
1174093:M 06 Jan 2024 03:30:15.699 # (00007f2d4d7fc22a) -> 00007f2d58be408a
1174093:M 06 Jan 2024 03:30:15.699 # (00007f2d4d7fc229) -> 00007f2d38002240
1174093:M 06 Jan 2024 03:30:15.699 # (00007f2d4d7fc228) -> 00007f2d58c3df49

------ INFO OUTPUT ------
# Server
redis_version:255.255.255
redis_git_sha1:e04ebdb8
redis_git_dirty:1
redis_build_id:1f78dcc7b4fbdd25
redis_mode:standalone
os:Linux 6.1.60.1.amd64-smp x86_64
arch_bits:64
monotonic_clock:POSIX clock_gettime
multiplexing_api:epoll
atomicvar_api:c11-builtin
gcc_version:10.2.1
process_id:1174093
process_supervised:no
run_id:c65e57ecee6c2f284246b22132f2a223c9837fe7
tcp_port:5073
server_time_usec:1704508215683447
uptime_in_seconds:0
uptime_in_days:0
hz:10
configured_hz:10
lru_clock:10009399
executable:/home/snagendra/Fuzzing/redis/src/redis-server
config_file:
io_threads_active:0
listener0:name=tcp,bind=0.0.0.0,port=5073

# Clients
connected_clients:1
cluster_connections:0
maxclients:10000
client_recent_max_input_buffer:20480
client_recent_max_output_buffer:0
blocked_clients:0
tracking_clients:0
clients_in_timeout_table:0
total_blocking_keys:0
total_blocking_keys_on_nokey:0

# Memory
used_memory:1819272
used_memory_human:1.73M
used_memory_rss:18141184
used_memory_rss_human:17.30M
used_memory_peak:1819272
used_memory_peak_human:1.73M
used_memory_peak_perc:100.10%
used_memory_overhead:1784488
used_memory_startup:1746544
used_memory_dataset:34784
used_memory_dataset_perc:47.83%
allocator_allocated:2147520
allocator_active:2723840
allocator_resident:10809344
total_system_memory:270388695040
total_system_memory_human:251.82G
used_memory_lua:31744
used_memory_vm_eval:31744
used_memory_lua_human:31.00K
used_memory_scripts_eval:0
number_of_cached_scripts:0
number_of_functions:0
number_of_libraries:0
used_memory_vm_functions:32768
used_memory_vm_total:64512
used_memory_vm_total_human:63.00K
used_memory_functions:184
used_memory_scripts:184
used_memory_scripts_human:184B
maxmemory:0
maxmemory_human:0B
maxmemory_policy:noeviction
allocator_frag_ratio:1.27
allocator_frag_bytes:576320
allocator_rss_ratio:3.97
allocator_rss_bytes:8085504
rss_overhead_ratio:1.68
rss_overhead_bytes:7331840
mem_fragmentation_ratio:9.98
mem_fragmentation_bytes:16323824
mem_not_counted_for_evict:0
mem_replication_backlog:0
mem_total_replication_buffers:0
mem_clients_slaves:0
mem_clients_normal:37760
mem_cluster_links:0
mem_aof_buffer:0
mem_allocator:jemalloc-5.3.0
active_defrag_running:0
lazyfree_pending_objects:0
lazyfreed_objects:0

# Persistence
loading:0
async_loading:0
current_cow_peak:0
current_cow_size:0
current_cow_size_age:0
current_fork_perc:0.00
current_save_keys_processed:0
current_save_keys_total:0
rdb_changes_since_last_save:0
rdb_bgsave_in_progress:0
rdb_last_save_time:1704508215
rdb_last_bgsave_status:ok
rdb_last_bgsave_time_sec:-1
rdb_current_bgsave_time_sec:-1
rdb_saves:0
rdb_last_cow_size:0
rdb_last_load_keys_expired:0
rdb_last_load_keys_loaded:0
aof_enabled:0
aof_rewrite_in_progress:0
aof_rewrite_scheduled:0
aof_last_rewrite_time_sec:-1
aof_current_rewrite_time_sec:-1
aof_last_bgrewrite_status:ok
aof_rewrites:0
aof_rewrites_consecutive_failures:0
aof_last_write_status:ok
aof_last_cow_size:0
module_fork_in_progress:0
module_fork_last_cow_size:0

# Stats
total_connections_received:1
total_commands_processed:7
instantaneous_ops_per_sec:12
total_net_input_bytes:33
total_net_output_bytes:5
total_net_repl_input_bytes:0
total_net_repl_output_bytes:0
instantaneous_input_kbps:0.02
instantaneous_output_kbps:0.00
instantaneous_input_repl_kbps:0.00
instantaneous_output_repl_kbps:0.00
rejected_connections:0
sync_full:0
sync_partial_ok:0
sync_partial_err:0
expired_keys:0
expired_stale_perc:0.00
expired_time_cap_reached_count:0
expire_cycle_cpu_milliseconds:0
evicted_keys:0
evicted_clients:0
total_eviction_exceeded_time:0
current_eviction_exceeded_time:0
keyspace_hits:0
keyspace_misses:0
pubsub_channels:0
pubsub_patterns:0
pubsubshard_channels:0
latest_fork_usec:0
total_forks:0
migrate_cached_sockets:0
slave_expires_tracked_keys:0
active_defrag_hits:0
active_defrag_misses:0
active_defrag_key_hits:0
active_defrag_key_misses:0
total_active_defrag_time:0
current_active_defrag_time:0
tracking_total_keys:0
tracking_total_items:0
tracking_total_prefixes:0
unexpected_error_replies:0
total_error_replies:0
dump_payload_sanitizations:0
total_reads_processed:1
total_writes_processed:1
io_threaded_reads_processed:0
io_threaded_writes_processed:0
reply_buffer_shrinks:0
reply_buffer_expands:0
acl_access_denied_auth:0
acl_access_denied_cmd:0
acl_access_denied_key:0
acl_access_denied_channel:0

# Replication
role:master
connected_slaves:0
master_failover_state:no-failover
master_replid:40342d6fd763a1ed331b94d30d29c099ae548a29
master_replid2:0000000000000000000000000000000000000000
master_repl_offset:0
second_repl_offset:-1
repl_backlog_active:0
repl_backlog_size:1048576
repl_backlog_first_byte_offset:0
repl_backlog_histlen:0

# CPU
used_cpu_sys:0.000000
used_cpu_user:0.020732
used_cpu_sys_children:0.000000
used_cpu_user_children:0.000000
used_cpu_sys_main_thread:0.000000
used_cpu_user_main_thread:0.001314

# Modules
module:name=raft,ver=1,api=1,filters=1,usedby=[],using=[],options=[]

# Commandstats
cmdstat_auth:calls=1,usec=3,usec_per_call=3.00,rejected_calls=0,failed_calls=0
cmdstat_command:calls=2,usec=1417,usec_per_call=708.50,rejected_calls=0,failed_calls=0
cmdstat_config|get:calls=3,usec=5,usec_per_call=1.67,rejected_calls=0,failed_calls=0
cmdstat_config|set:calls=1,usec=7,usec_per_call=7.00,rejected_calls=0,failed_calls=0

# Errorstats

# Latencystats
latency_percentiles_usec_auth:p50=3.007,p99=3.007,p99.9=3.007
latency_percentiles_usec_command:p50=671.743,p99=749.567,p99.9=749.567
latency_percentiles_usec_config|get:p50=2.007,p99=2.007,p99.9=2.007
latency_percentiles_usec_config|set:p50=7.007,p99=7.007,p99.9=7.007

# Cluster
cluster_enabled:0

# Keyspace

------ CLIENT LIST OUTPUT ------
id=8 addr=127.0.0.1:43358 laddr=127.0.0.1:5073 fd=11 name= age=0 idle=0 flags=N db=0 sub=0 psub=0 ssub=0 multi=-1 qbuf=0 qbuf-free=20474 argv-mem=0 multi-mem=0 rbs=16384 rbp=0 obl=0 oll=0 omem=0 tot-mem=37760 events=r cmd=auth user=default redir=-1 resp=2 lib-name= lib-ver=

------ MODULES INFO OUTPUT ------
# raft_version
raft_version:255.255.255
raft_git_sha1:b779b199

# raft_general
raft_dbid:5bece49d937cdbb56fa16083c2c275d0
raft_node_id:3
raft_state:up
raft_role:follower
raft_is_voting:no
raft_voted_for:-1
raft_leader_id:1
raft_current_term:1
raft_num_nodes:3
raft_num_voting_nodes:1
raft_node1:id=1,state=connected,voting=yes,addr=localhost,port=5071,last_conn_secs=0,conn_errors=0,conn_oks=1
raft_node2:id=2,state=connect_error,voting=no,addr=localhost,port=5072,last_conn_secs=-1,conn_errors=1,conn_oks=0

# raft_log
raft_log_entries:4
raft_current_index:4
raft_commit_index:0
raft_last_applied_index:0
raft_file_size:1189
raft_cache_memory_size:0
raft_cache_entries:0
raft_client_attached_entries:0
raft_fsync_count:0
raft_fsync_max_microseconds:0
raft_entry1:term=1,id=0,data_len=0
raft_entry2:term=1,id=1779822642,data_len=264
raft_entry3:term=1,id=300243579,data_len=264
raft_fsync_avg_microseconds:0

# raft_snapshot
raft_snapshot_filename:redis3.rdb
raft_snapshot_last_idx:0
raft_snapshot_last_term:0
raft_snapshot_size:0
raft_snapshot_time_secs:-1
raft_snapshots_created:0
raft_snapshots_received:0
raft_snapshot_in_progress:no
raft_snapshot_in_progress_last_idx:-1
raft_snapshot_in_progress_last_term:-1

# raft_clients
raft_proxy_reqs:0
raft_proxy_failed_reqs:0
raft_proxy_failed_responses:0
raft_proxy_outstanding_reqs:0

# raft_stats
raft_appendreq_received:0
raft_appendreq_with_entry_received:0
raft_snapshotreq_received:0
raft_exec_throttled:0
raft_num_sessions:0

------ CONFIG DEBUG OUTPUT ------
lazyfree-lazy-server-del no
proto-max-bulk-len 512mb
io-threads-do-reads no
list-compress-depth 0
replica-read-only yes
io-threads 1
slave-read-only yes
lazyfree-lazy-user-del no
lazyfree-lazy-user-flush no
client-query-buffer-limit 1gb
activedefrag no
lazyfree-lazy-expire no
sanitize-dump-payload no
repl-diskless-load disabled
repl-diskless-sync yes
lazyfree-lazy-eviction no

------ FAST MEMORY TEST ------
1174093:M 06 Jan 2024 03:30:15.701 # main thread terminated
1174093:M 06 Jan 2024 03:30:15.702 # Bio worker thread #0 terminated
1174093:M 06 Jan 2024 03:30:15.702 # Bio worker thread #1 terminated
1174093:M 06 Jan 2024 03:30:15.702 # Bio worker thread #2 terminated

Fast memory test PASSED, however your memory can still be broken. Please run a memory test for several hours if possible.

------ DUMPING CODE AROUND EIP ------
Symbol: __pthread_rwlock_wrlock (base: 0x7f2d5a9550b0)
Module: /lib/x86_64-linux-gnu/libc.so.6 (base 0x7f2d5a8c6000)
$ xxd -r -p /tmp/dump.hex /tmp/dump.bin
$ objdump --adjust-vma=0x7f2d5a9550b0 -D -b binary -m i386:x86-64 /tmp/dump.bin
------
1174093:M 06 Jan 2024 03:30:15.702 # dump of function (hexdump of 128 bytes):
8b5718648b0425d002000039c20f8485000000415741564155415455534889fb4883ec088b0789c189c283c902f00fb10b75f3488d6b0cb801000000f6c202755f89430cf6c201752889d089d183e001c1e90309c80f854501000089d189d083c901f00fb10b89c275dfc7430801000000648b0425d00200008943184531c948

=== REDIS BUG REPORT END. Make sure to include from START to END. ===

       Please report the crash by opening an issue on github:

           http://github.com/redis/redis/issues

  If a Redis module was involved, please open in the module's repo instead.

  Suspect RAM error? Use redis-server --test-memory to verify it.

  Some other issues could be detected by redis-server --check-system
1174212:C 06 Jan 2024 03:30:15.767 # WARNING Memory overcommit must be enabled! Without it, a background save or replication may fail under low memory condition. Being disabled, it can also cause failures without low memory condition, see https://github.com/jemalloc/jemalloc/issues/1328. To fix this issue add 'vm.overcommit_memory = 1' to /etc/sysctl.conf and then reboot or run the command 'sysctl vm.overcommit_memory=1' for this to take effect.
1174212:C 06 Jan 2024 03:30:15.767 * oO0OoO0OoO0Oo Redis is starting oO0OoO0OoO0Oo
1174212:C 06 Jan 2024 03:30:15.767 * Redis version=255.255.255, bits=64, commit=e04ebdb8, modified=1, pid=1174212, just started
1174212:C 06 Jan 2024 03:30:15.767 * Configuration loaded
1174212:M 06 Jan 2024 03:30:15.767 * monotonic clock: POSIX clock_gettime
1174212:M 06 Jan 2024 03:30:15.768 * Running mode=standalone, port=5073.
1174212:M 06 Jan 2024 03:30:15.775 * <raft> RedisRaft version 255.255.255 [b779b199]
1174212:M 06 Jan 2024 03:30:15.779 * <raft> Initializing test network
1174212:M 06 Jan 2024 03:30:15.780 * <raft> Created test network client
1174212:M 06 Jan 2024 03:30:15.800 * <raft> Raft module loaded, state is 'loading'
1174212:M 06 Jan 2024 03:30:15.800 * Module 'raft' loaded from /home/snagendra/Fuzzing/redisraft-fuzzing/redisraft.so
1174212:M 06 Jan 2024 03:30:15.800 * Server initialized
1174212:M 06 Jan 2024 03:30:15.800 . The AOF directory appendonlydir doesn't exist
1174212:M 06 Jan 2024 03:30:15.800 * Ready to accept connections tcp
1174212:M 06 Jan 2024 03:30:15.800 . 0 clients connected (0 replicas), 1746784 bytes in use
1174212:M 06 Jan 2024 03:30:15.843 - Accepted 127.0.0.1:43370
1174212:M 06 Jan 2024 03:30:15.843 # Missing implement of connection type tls
1174212:M 06 Jan 2024 03:30:15.900 * <raft> Loading: Redis loading complete, snapshot NOT LOADED
1174212:M 06 Jan 2024 03:30:15.900 * <raft> Cluster Membership: term:0 index:0 nodes: id=3,voting=0,active=1,addr=-
1174212:M 06 Jan 2024 03:30:15.901 * <raft> Test network starting message polling thread
1174212:M 06 Jan 2024 03:30:15.901 * <raft> Cluster Membership: term:0 index:4 nodes: id=3,voting=0,active=1,addr=- id=1,voting=1,active=1,addr=localhost:5071
1174212:M 06 Jan 2024 03:30:15.901 * <raft> Cluster Membership: term:0 index:4 nodes: id=3,voting=0,active=1,addr=- id=1,voting=1,active=1,addr=localhost:5071 id=2,voting=0,active=1,addr=localhost:5072
1174212:M 06 Jan 2024 03:30:15.901 * <raft> Raft state after loading log: log_count=4, first_idx=1, current_idx=4, last_applied_idx=0
1174212:M 06 Jan 2024 03:30:15.901 . <raft> Raft term=1, vote=-1
1174212:signal-handler (1704508216) Received SIGINT scheduling shutdown...
1174212:signal-handler (1704508216) You insist... exiting now.
1174844:C 06 Jan 2024 03:30:17.141 # WARNING Memory overcommit must be enabled! Without it, a background save or replication may fail under low memory condition. Being disabled, it can also cause failures without low memory condition, see https://github.com/jemalloc/jemalloc/issues/1328. To fix this issue add 'vm.overcommit_memory = 1' to /etc/sysctl.conf and then reboot or run the command 'sysctl vm.overcommit_memory=1' for this to take effect.
1174844:C 06 Jan 2024 03:30:17.141 * oO0OoO0OoO0Oo Redis is starting oO0OoO0OoO0Oo
1174844:C 06 Jan 2024 03:30:17.141 * Redis version=255.255.255, bits=64, commit=e04ebdb8, modified=1, pid=1174844, just started
1174844:C 06 Jan 2024 03:30:17.141 * Configuration loaded
1174844:M 06 Jan 2024 03:30:17.142 * monotonic clock: POSIX clock_gettime
1174844:M 06 Jan 2024 03:30:17.142 * Running mode=standalone, port=5073.
1174844:M 06 Jan 2024 03:30:17.149 * <raft> RedisRaft version 255.255.255 [b779b199]
1174844:M 06 Jan 2024 03:30:17.154 * <raft> Initializing test network
1174844:M 06 Jan 2024 03:30:17.155 * <raft> Created test network client
1174844:M 06 Jan 2024 03:30:17.158 * <raft> Raft module loaded, state is 'loading'
1174844:M 06 Jan 2024 03:30:17.158 * Module 'raft' loaded from /home/snagendra/Fuzzing/redisraft-fuzzing/redisraft.so
1174844:M 06 Jan 2024 03:30:17.159 * Server initialized
1174844:M 06 Jan 2024 03:30:17.159 . The AOF directory appendonlydir doesn't exist
1174844:M 06 Jan 2024 03:30:17.159 * Ready to accept connections tcp
1174844:M 06 Jan 2024 03:30:17.159 . 0 clients connected (0 replicas), 1746720 bytes in use
1174844:M 06 Jan 2024 03:30:17.254 - Accepted 127.0.0.1:43456
1174844:M 06 Jan 2024 03:30:17.254 # Missing implement of connection type tls
1174844:M 06 Jan 2024 03:30:17.258 * <raft> Loading: Redis loading complete, snapshot NOT LOADED
1174844:M 06 Jan 2024 03:30:17.259 * <raft> Cluster Membership: term:0 index:0 nodes: id=3,voting=0,active=1,addr=-
1174844:M 06 Jan 2024 03:30:17.259 * <raft> Test network starting message polling thread
1174844:M 06 Jan 2024 03:30:17.259 * <raft> Cluster Membership: term:0 index:4 nodes: id=3,voting=0,active=1,addr=- id=1,voting=1,active=1,addr=localhost:5071
1174844:M 06 Jan 2024 03:30:17.260 * <raft> Cluster Membership: term:0 index:4 nodes: id=3,voting=0,active=1,addr=- id=1,voting=1,active=1,addr=localhost:5071 id=2,voting=0,active=1,addr=localhost:5072
1174844:M 06 Jan 2024 03:30:17.260 * <raft> Raft state after loading log: log_count=4, first_idx=1, current_idx=4, last_applied_idx=0
1174844:M 06 Jan 2024 03:30:17.260 . <raft> Raft term=1, vote=-1
1174844:M 06 Jan 2024 03:30:17.760 * <raft> State change: Election starting, node is now a pre-candidate, term 1
1174844:M 06 Jan 2024 03:30:17.760 * <raft> Cluster Membership: term:1 index:4 nodes: id=3,voting=0,active=1,addr=- id=1,voting=1,active=1,addr=localhost:5071 id=2,voting=0,active=1,addr=localhost:5072
1174844:M 06 Jan 2024 03:30:17.830 * <raft> State change: Node is now a follower, term 1
1174844:M 06 Jan 2024 03:30:17.830 * <raft> Cluster Membership: term:1 index:4 nodes: id=3,voting=0,active=1,addr=- id=1,voting=1,active=1,addr=localhost:5071 id=2,voting=0,active=1,addr=localhost:5072
1174844:M 06 Jan 2024 03:30:17.875 - Client closed connection id=8 addr=127.0.0.1:43456 laddr=127.0.0.1:5073 fd=11 name= age=0 idle=0 flags=N db=0 sub=0 psub=0 ssub=0 multi=-1 qbuf=0 qbuf-free=20474 argv-mem=0 multi-mem=0 rbs=1024 rbp=0 obl=0 oll=0 omem=0 tot-mem=22400 events=r cmd=auth user=default redir=-1 resp=2 lib-name= lib-ver=
1174844:M 06 Jan 2024 03:30:18.063 * <raft> State change: Election starting, node is now a pre-candidate, term 1
1174844:M 06 Jan 2024 03:30:18.063 * <raft> Cluster Membership: term:1 index:4 nodes: id=3,voting=0,active=1,addr=- id=1,voting=1,active=1,addr=localhost:5071 id=2,voting=0,active=1,addr=localhost:5072
1174844:signal-handler (1704508218) Received SIGINT scheduling shutdown...

----- Stderr -----
libgcov profiling error:/home/snagendra/Fuzzing/redisraft-fuzzing/build/deps/raft/CMakeFiles/raft.dir/src/raft_server_properties.c.gcda:Merge mismatch for function 9
libgcov profiling error:/home/snagendra/Fuzzing/redisraft-fuzzing/build/deps/raft/CMakeFiles/raft.dir/src/raft_server.c.gcda:Merge mismatch for function 4
libgcov profiling error:/home/snagendra/Fuzzing/redisraft-fuzzing/build/deps/raft/CMakeFiles/raft.dir/src/raft_server_properties.c.gcda:Merge mismatch for function 9
libgcov profiling error:/home/snagendra/Fuzzing/redisraft-fuzzing/build/deps/raft/CMakeFiles/raft.dir/src/raft_server.c.gcda:Merge mismatch for function 4




logs for node: 1

----- Stdout -----
1173736:C 06 Jan 2024 03:30:14.511 # WARNING Memory overcommit must be enabled! Without it, a background save or replication may fail under low memory condition. Being disabled, it can also cause failures without low memory condition, see https://github.com/jemalloc/jemalloc/issues/1328. To fix this issue add 'vm.overcommit_memory = 1' to /etc/sysctl.conf and then reboot or run the command 'sysctl vm.overcommit_memory=1' for this to take effect.
1173736:C 06 Jan 2024 03:30:14.511 * oO0OoO0OoO0Oo Redis is starting oO0OoO0OoO0Oo
1173736:C 06 Jan 2024 03:30:14.511 * Redis version=255.255.255, bits=64, commit=e04ebdb8, modified=1, pid=1173736, just started
1173736:C 06 Jan 2024 03:30:14.511 * Configuration loaded
1173736:M 06 Jan 2024 03:30:14.512 * monotonic clock: POSIX clock_gettime
1173736:M 06 Jan 2024 03:30:14.512 * Running mode=standalone, port=5071.
1173736:M 06 Jan 2024 03:30:14.518 * <raft> RedisRaft version 255.255.255 [b779b199]
1173736:M 06 Jan 2024 03:30:14.523 * <raft> Initializing test network
1173736:M 06 Jan 2024 03:30:14.524 * <raft> Created test network client
1173736:M 06 Jan 2024 03:30:14.525 * <raft> Raft module loaded, state is 'uninitialized'
1173736:M 06 Jan 2024 03:30:14.525 * Module 'raft' loaded from /home/snagendra/Fuzzing/redisraft-fuzzing/redisraft.so
1173736:M 06 Jan 2024 03:30:14.525 * Server initialized
1173736:M 06 Jan 2024 03:30:14.526 . The AOF directory appendonlydir doesn't exist
1173736:M 06 Jan 2024 03:30:14.526 * Ready to accept connections tcp
1173736:M 06 Jan 2024 03:30:14.526 . 0 clients connected (0 replicas), 1726224 bytes in use
1173736:M 06 Jan 2024 03:30:14.532 - Accepted 127.0.0.1:53154
1173736:M 06 Jan 2024 03:30:14.532 # Missing implement of connection type tls
1173736:M 06 Jan 2024 03:30:14.543 * <raft> Cluster Membership: term:0 index:0 nodes: id=1,voting=0,active=1,addr=-
1173736:M 06 Jan 2024 03:30:14.548 * <raft> State change: Node is now a leader, term 1
1173736:M 06 Jan 2024 03:30:14.548 * <raft> Cluster Membership: term:1 index:1 nodes: id=1,voting=0,active=1,addr=-
1173736:M 06 Jan 2024 03:30:14.549 * <raft> Test network starting message polling thread
1173736:M 06 Jan 2024 03:30:14.549 * <raft> Raft Cluster initialized, node id: 1, dbid: 5bece49d937cdbb56fa16083c2c275d0
1173736:M 06 Jan 2024 03:30:14.665 - Accepted 127.0.0.1:53158
1173736:M 06 Jan 2024 03:30:14.666 * <raft> Cluster Membership: term:1 index:3 nodes: id=1,voting=1,active=1,addr=- id=2,voting=0,active=1,addr=localhost:5072
1173736:M 06 Jan 2024 03:30:14.672 - Client closed connection id=9 addr=127.0.0.1:53158 laddr=127.0.0.1:5071 fd=12 name= age=0 idle=0 flags=N db=0 sub=0 psub=0 ssub=0 multi=-1 qbuf=0 qbuf-free=20474 argv-mem=0 multi-mem=0 rbs=16384 rbp=16384 obl=0 oll=0 omem=0 tot-mem=37760 events=r cmd=raft.node user=default redir=-1 resp=2 lib-name= lib-ver=
1173736:M 06 Jan 2024 03:30:14.788 - Accepted 127.0.0.1:53174
1173736:M 06 Jan 2024 03:30:14.789 * <raft> Cluster Membership: term:1 index:4 nodes: id=1,voting=1,active=1,addr=- id=2,voting=0,active=1,addr=localhost:5072 id=3,voting=0,active=1,addr=localhost:5073
1173736:M 06 Jan 2024 03:30:14.796 - Client closed connection id=10 addr=127.0.0.1:53174 laddr=127.0.0.1:5071 fd=13 name= age=0 idle=0 flags=N db=0 sub=0 psub=0 ssub=0 multi=-1 qbuf=0 qbuf-free=20474 argv-mem=0 multi-mem=0 rbs=16384 rbp=16384 obl=0 oll=0 omem=0 tot-mem=37760 events=r cmd=raft.node user=default redir=-1 resp=2 lib-name= lib-ver=
1173736:M 06 Jan 2024 03:30:15.013 * <raft> node:3 has sufficient logs, adding as voting node.
1173736:M 06 Jan 2024 03:30:15.428 * <raft> State change: Node is now a follower, term 1
1173736:M 06 Jan 2024 03:30:15.428 * <raft> Cluster Membership: term:1 index:6 nodes: id=1,voting=1,active=1,addr=- id=2,voting=0,active=1,addr=localhost:5072 id=3,voting=1,active=1,addr=localhost:5073
1173736:M 06 Jan 2024 03:30:15.668 - Accepted 127.0.0.1:53176
1173736:M 06 Jan 2024 03:30:15.742 * <raft> State change: Election starting, node is now a pre-candidate, term 1
1173736:M 06 Jan 2024 03:30:15.742 * <raft> Cluster Membership: term:1 index:6 nodes: id=1,voting=1,active=1,addr=- id=2,voting=0,active=1,addr=localhost:5072 id=3,voting=1,active=1,addr=localhost:5073
1173736:M 06 Jan 2024 03:30:15.746 - Client closed connection id=12 addr=127.0.0.1:53176 laddr=127.0.0.1:5071 fd=12 name= age=0 idle=0 flags=N db=0 sub=0 psub=0 ssub=0 multi=-1 qbuf=0 qbuf-free=20474 argv-mem=0 multi-mem=0 rbs=16384 rbp=0 obl=0 oll=0 omem=0 tot-mem=37760 events=r cmd=auth user=default redir=-1 resp=2 lib-name= lib-ver=
1173736:M 06 Jan 2024 03:30:15.902 - Accepted 127.0.0.1:53190
1173736:M 06 Jan 2024 03:30:16.043 * <raft> State change: Election starting, node is now a pre-candidate, term 1
1173736:M 06 Jan 2024 03:30:16.043 * <raft> Cluster Membership: term:1 index:6 nodes: id=1,voting=1,active=1,addr=- id=2,voting=0,active=1,addr=localhost:5072 id=3,voting=1,active=1,addr=localhost:5073
1173736:M 06 Jan 2024 03:30:16.071 - Accepted 127.0.0.1:53196
1173736:M 06 Jan 2024 03:30:16.241 - Client closed connection id=13 addr=127.0.0.1:53190 laddr=127.0.0.1:5071 fd=13 name= age=1 idle=1 flags=N db=0 sub=0 psub=0 ssub=0 multi=-1 qbuf=0 qbuf-free=20474 argv-mem=0 multi-mem=0 rbs=1024 rbp=0 obl=0 oll=0 omem=0 tot-mem=22400 events=r cmd=auth user=default redir=-1 resp=2 lib-name= lib-ver=
1173736:M 06 Jan 2024 03:30:16.345 * <raft> State change: Election starting, node is now a pre-candidate, term 1
1173736:M 06 Jan 2024 03:30:16.345 * <raft> Cluster Membership: term:1 index:6 nodes: id=1,voting=1,active=1,addr=- id=2,voting=0,active=1,addr=localhost:5072 id=3,voting=1,active=1,addr=localhost:5073
1173736:M 06 Jan 2024 03:30:16.747 * <raft> State change: Election starting, node is now a pre-candidate, term 1
1173736:M 06 Jan 2024 03:30:16.747 * <raft> Cluster Membership: term:1 index:6 nodes: id=1,voting=1,active=1,addr=- id=2,voting=0,active=1,addr=localhost:5072 id=3,voting=1,active=1,addr=localhost:5073
1173736:M 06 Jan 2024 03:30:17.150 * <raft> State change: Election starting, node is now a pre-candidate, term 1
1173736:M 06 Jan 2024 03:30:17.150 * <raft> Cluster Membership: term:1 index:6 nodes: id=1,voting=1,active=1,addr=- id=2,voting=0,active=1,addr=localhost:5072 id=3,voting=1,active=1,addr=localhost:5073
1173736:M 06 Jan 2024 03:30:17.260 - Accepted 127.0.0.1:53208
1173736:M 06 Jan 2024 03:30:17.452 * <raft> State change: Election starting, node is now a pre-candidate, term 1
1173736:M 06 Jan 2024 03:30:17.452 * <raft> Cluster Membership: term:1 index:6 nodes: id=1,voting=1,active=1,addr=- id=2,voting=0,active=1,addr=localhost:5072 id=3,voting=1,active=1,addr=localhost:5073
1173736:M 06 Jan 2024 03:30:17.754 * <raft> State change: Election starting, node is now a pre-candidate, term 1
1173736:M 06 Jan 2024 03:30:17.754 * <raft> Cluster Membership: term:1 index:6 nodes: id=1,voting=1,active=1,addr=- id=2,voting=0,active=1,addr=localhost:5072 id=3,voting=1,active=1,addr=localhost:5073
1173736:signal-handler (1704508217) Received SIGINT scheduling shutdown...
1173736:signal-handler (1704508217) You insist... exiting now.
1175203:C 06 Jan 2024 03:30:17.970 # WARNING Memory overcommit must be enabled! Without it, a background save or replication may fail under low memory condition. Being disabled, it can also cause failures without low memory condition, see https://github.com/jemalloc/jemalloc/issues/1328. To fix this issue add 'vm.overcommit_memory = 1' to /etc/sysctl.conf and then reboot or run the command 'sysctl vm.overcommit_memory=1' for this to take effect.
1175203:C 06 Jan 2024 03:30:17.970 * oO0OoO0OoO0Oo Redis is starting oO0OoO0OoO0Oo
1175203:C 06 Jan 2024 03:30:17.970 * Redis version=255.255.255, bits=64, commit=e04ebdb8, modified=1, pid=1175203, just started
1175203:C 06 Jan 2024 03:30:17.970 * Configuration loaded
1175203:M 06 Jan 2024 03:30:17.970 * monotonic clock: POSIX clock_gettime
1175203:M 06 Jan 2024 03:30:17.971 * Running mode=standalone, port=5071.
1175203:M 06 Jan 2024 03:30:17.977 * <raft> RedisRaft version 255.255.255 [b779b199]
1175203:M 06 Jan 2024 03:30:17.982 * <raft> Initializing test network
1175203:M 06 Jan 2024 03:30:17.982 * <raft> Created test network client
1175203:M 06 Jan 2024 03:30:17.985 * <raft> Raft module loaded, state is 'loading'
1175203:M 06 Jan 2024 03:30:17.985 * Module 'raft' loaded from /home/snagendra/Fuzzing/redisraft-fuzzing/redisraft.so
1175203:M 06 Jan 2024 03:30:17.986 * Server initialized
1175203:M 06 Jan 2024 03:30:17.986 . The AOF directory appendonlydir doesn't exist
1175203:M 06 Jan 2024 03:30:17.986 * Ready to accept connections tcp
1175203:M 06 Jan 2024 03:30:17.986 . 0 clients connected (0 replicas), 1746688 bytes in use
1175203:signal-handler (1704508218) Received SIGINT scheduling shutdown...
1175203:signal-handler (1704508218) You insist... exiting now.

----- Stderr -----
libgcov profiling error:/home/snagendra/Fuzzing/redisraft-fuzzing/build/deps/raft/CMakeFiles/raft.dir/src/raft_server_properties.c.gcda:Merge mismatch for function 9
libgcov profiling error:/home/snagendra/Fuzzing/redisraft-fuzzing/build/deps/raft/CMakeFiles/raft.dir/src/raft_server.c.gcda:Merge mismatch for function 4
libgcov profiling error:/home/snagendra/Fuzzing/redisraft-fuzzing/build/deps/raft/CMakeFiles/raft.dir/src/raft_server_properties.c.gcda:Merge mismatch for function 9
libgcov profiling error:/home/snagendra/Fuzzing/redisraft-fuzzing/build/deps/raft/CMakeFiles/raft.dir/src/raft_server.c.gcda:Merge mismatch for function 4




logs for node: 2

----- Stdout -----
1173751:C 06 Jan 2024 03:30:14.551 # WARNING Memory overcommit must be enabled! Without it, a background save or replication may fail under low memory condition. Being disabled, it can also cause failures without low memory condition, see https://github.com/jemalloc/jemalloc/issues/1328. To fix this issue add 'vm.overcommit_memory = 1' to /etc/sysctl.conf and then reboot or run the command 'sysctl vm.overcommit_memory=1' for this to take effect.
1173751:C 06 Jan 2024 03:30:14.551 * oO0OoO0OoO0Oo Redis is starting oO0OoO0OoO0Oo
1173751:C 06 Jan 2024 03:30:14.551 * Redis version=255.255.255, bits=64, commit=e04ebdb8, modified=1, pid=1173751, just started
1173751:C 06 Jan 2024 03:30:14.551 * Configuration loaded
1173751:M 06 Jan 2024 03:30:14.552 * monotonic clock: POSIX clock_gettime
1173751:M 06 Jan 2024 03:30:14.552 * Running mode=standalone, port=5072.
1173751:M 06 Jan 2024 03:30:14.558 * <raft> RedisRaft version 255.255.255 [b779b199]
1173751:M 06 Jan 2024 03:30:14.563 * <raft> Initializing test network
1173751:M 06 Jan 2024 03:30:14.564 * <raft> Created test network client
1173751:M 06 Jan 2024 03:30:14.564 * <raft> Raft module loaded, state is 'uninitialized'
1173751:M 06 Jan 2024 03:30:14.564 * Module 'raft' loaded from /home/snagendra/Fuzzing/redisraft-fuzzing/redisraft.so
1173751:M 06 Jan 2024 03:30:14.565 * Server initialized
1173751:M 06 Jan 2024 03:30:14.565 . The AOF directory appendonlydir doesn't exist
1173751:M 06 Jan 2024 03:30:14.566 * Ready to accept connections tcp
1173751:M 06 Jan 2024 03:30:14.566 . 0 clients connected (0 replicas), 1726352 bytes in use
1173751:M 06 Jan 2024 03:30:14.595 - Accepted 127.0.0.1:35280
1173751:M 06 Jan 2024 03:30:14.595 # Missing implement of connection type tls
1173751:M 06 Jan 2024 03:30:14.664 - <raft> join cluster, connecting to localhost:5071
1173751:M 06 Jan 2024 03:30:14.666 * <raft> Joined Raft cluster, node id: 2, dbid: 5bece49d937cdbb56fa16083c2c275d0
1173751:M 06 Jan 2024 03:30:14.672 * <raft> Cluster Membership: term:0 index:0 nodes: id=2,voting=0,active=1,addr=-
1173751:M 06 Jan 2024 03:30:14.672 * <raft> Test network starting message polling thread
1173751:M 06 Jan 2024 03:30:14.726 - Accepted 127.0.0.1:35292
1173751:signal-handler (1704508214) Received SIGINT scheduling shutdown...
1173751:signal-handler (1704508214) You insist... exiting now.
1174565:C 06 Jan 2024 03:30:16.761 # WARNING Memory overcommit must be enabled! Without it, a background save or replication may fail under low memory condition. Being disabled, it can also cause failures without low memory condition, see https://github.com/jemalloc/jemalloc/issues/1328. To fix this issue add 'vm.overcommit_memory = 1' to /etc/sysctl.conf and then reboot or run the command 'sysctl vm.overcommit_memory=1' for this to take effect.
1174565:C 06 Jan 2024 03:30:16.761 * oO0OoO0OoO0Oo Redis is starting oO0OoO0OoO0Oo
1174565:C 06 Jan 2024 03:30:16.761 * Redis version=255.255.255, bits=64, commit=e04ebdb8, modified=1, pid=1174565, just started
1174565:C 06 Jan 2024 03:30:16.761 * Configuration loaded
1174565:M 06 Jan 2024 03:30:16.761 * monotonic clock: POSIX clock_gettime
1174565:M 06 Jan 2024 03:30:16.762 * Running mode=standalone, port=5072.
1174565:M 06 Jan 2024 03:30:16.768 * <raft> RedisRaft version 255.255.255 [b779b199]
1174565:M 06 Jan 2024 03:30:16.772 * <raft> Initializing test network
1174565:M 06 Jan 2024 03:30:16.773 * <raft> Created test network client
1174565:M 06 Jan 2024 03:30:16.773 * <raft> Raft module loaded, state is 'uninitialized'
1174565:M 06 Jan 2024 03:30:16.773 * Module 'raft' loaded from /home/snagendra/Fuzzing/redisraft-fuzzing/redisraft.so
1174565:M 06 Jan 2024 03:30:16.774 * Server initialized
1174565:M 06 Jan 2024 03:30:16.774 . The AOF directory appendonlydir doesn't exist
1174565:M 06 Jan 2024 03:30:16.774 * Ready to accept connections tcp
1174565:M 06 Jan 2024 03:30:16.774 . 0 clients connected (0 replicas), 1726096 bytes in use
1174565:signal-handler (1704508216) Received SIGINT scheduling shutdown...
1174565:signal-handler (1704508216) You insist... exiting now.
1174722:C 06 Jan 2024 03:30:16.959 # WARNING Memory overcommit must be enabled! Without it, a background save or replication may fail under low memory condition. Being disabled, it can also cause failures without low memory condition, see https://github.com/jemalloc/jemalloc/issues/1328. To fix this issue add 'vm.overcommit_memory = 1' to /etc/sysctl.conf and then reboot or run the command 'sysctl vm.overcommit_memory=1' for this to take effect.
1174722:C 06 Jan 2024 03:30:16.959 * oO0OoO0OoO0Oo Redis is starting oO0OoO0OoO0Oo
1174722:C 06 Jan 2024 03:30:16.959 * Redis version=255.255.255, bits=64, commit=e04ebdb8, modified=1, pid=1174722, just started
1174722:C 06 Jan 2024 03:30:16.959 * Configuration loaded
1174722:M 06 Jan 2024 03:30:16.959 * monotonic clock: POSIX clock_gettime
1174722:M 06 Jan 2024 03:30:16.960 * Running mode=standalone, port=5072.
1174722:M 06 Jan 2024 03:30:16.967 * <raft> RedisRaft version 255.255.255 [b779b199]
1174722:M 06 Jan 2024 03:30:16.971 * <raft> Initializing test network
1174722:M 06 Jan 2024 03:30:16.972 * <raft> Created test network client
1174722:M 06 Jan 2024 03:30:16.972 * <raft> Raft module loaded, state is 'uninitialized'
1174722:M 06 Jan 2024 03:30:16.972 * Module 'raft' loaded from /home/snagendra/Fuzzing/redisraft-fuzzing/redisraft.so
1174722:M 06 Jan 2024 03:30:16.973 * Server initialized
1174722:M 06 Jan 2024 03:30:16.973 . The AOF directory appendonlydir doesn't exist
1174722:M 06 Jan 2024 03:30:16.973 * Ready to accept connections tcp
1174722:M 06 Jan 2024 03:30:16.973 . 0 clients connected (0 replicas), 1726160 bytes in use
1174722:M 06 Jan 2024 03:30:17.053 - Accepted 127.0.0.1:35544
1174722:M 06 Jan 2024 03:30:17.053 # Missing implement of connection type tls
1174722:M 06 Jan 2024 03:30:17.260 - Accepted 127.0.0.1:35550
1174722:signal-handler (17045082171174722) :signal-handler (Received SIGINT scheduling shutdown...1704508217
) Received SIGINT scheduling shutdown...
1175120:C 06 Jan 2024 03:30:17.678 # WARNING Memory overcommit must be enabled! Without it, a background save or replication may fail under low memory condition. Being disabled, it can also cause failures without low memory condition, see https://github.com/jemalloc/jemalloc/issues/1328. To fix this issue add 'vm.overcommit_memory = 1' to /etc/sysctl.conf and then reboot or run the command 'sysctl vm.overcommit_memory=1' for this to take effect.
1175120:C 06 Jan 2024 03:30:17.678 * oO0OoO0OoO0Oo Redis is starting oO0OoO0OoO0Oo
1175120:C 06 Jan 2024 03:30:17.678 * Redis version=255.255.255, bits=64, commit=e04ebdb8, modified=1, pid=1175120, just started
1175120:C 06 Jan 2024 03:30:17.678 * Configuration loaded
1175120:M 06 Jan 2024 03:30:17.679 * monotonic clock: POSIX clock_gettime
1175120:M 06 Jan 2024 03:30:17.679 * Running mode=standalone, port=5072.
1175120:M 06 Jan 2024 03:30:17.686 * <raft> RedisRaft version 255.255.255 [b779b199]
1175120:M 06 Jan 2024 03:30:17.690 * <raft> Initializing test network
1175120:M 06 Jan 2024 03:30:17.691 * <raft> Created test network client
1175120:M 06 Jan 2024 03:30:17.691 * <raft> Raft module loaded, state is 'uninitialized'
1175120:M 06 Jan 2024 03:30:17.691 * Module 'raft' loaded from /home/snagendra/Fuzzing/redisraft-fuzzing/redisraft.so
1175120:M 06 Jan 2024 03:30:17.691 * Server initialized
1175120:M 06 Jan 2024 03:30:17.691 . The AOF directory appendonlydir doesn't exist
1175120:M 06 Jan 2024 03:30:17.691 * Ready to accept connections tcp
1175120:M 06 Jan 2024 03:30:17.691 . 0 clients connected (0 replicas), 1726192 bytes in use
1175120:M 06 Jan 2024 03:30:17.758 - Accepted 127.0.0.1:35590
1175120:M 06 Jan 2024 03:30:17.758 # Missing implement of connection type tls
1175120:M 06 Jan 2024 03:30:17.764 - Accepted 127.0.0.1:35600
1175120:M 06 Jan 2024 03:30:17.875 - Client closed connection id=8 addr=127.0.0.1:35590 laddr=127.0.0.1:5072 fd=9 name= age=0 idle=0 flags=N db=0 sub=0 psub=0 ssub=0 multi=-1 qbuf=0 qbuf-free=20474 argv-mem=0 multi-mem=0 rbs=16384 rbp=0 obl=0 oll=0 omem=0 tot-mem=37760 events=r cmd=auth user=default redir=-1 resp=2 lib-name= lib-ver=
1175120:signal-handler (1704508218) Received SIGINT scheduling shutdown...
1175120:signal-handler (1704508218) You insist... exiting now.

----- Stderr -----
libgcov profiling error:/home/snagendra/Fuzzing/redisraft-fuzzing/build/deps/raft/CMakeFiles/raft.dir/src/raft_server_properties.c.gcda:Merge mismatch for function 9
libgcov profiling error:/home/snagendra/Fuzzing/redisraft-fuzzing/build/deps/raft/CMakeFiles/raft.dir/src/raft_server.c.gcda:Merge mismatch for function 4
libgcov profiling error:/home/snagendra/Fuzzing/redisraft-fuzzing/build/deps/raft/CMakeFiles/raft.dir/src/raft_server_properties.c.gcda:Merge mismatch for function 9
libgcov profiling error:/home/snagendra/Fuzzing/redisraft-fuzzing/build/deps/raft/CMakeFiles/raft.dir/src/raft_server.c.gcda:Merge mismatch for function 4
libgcov profiling error:/home/snagendra/Fuzzing/redisraft-fuzzing/build/deps/raft/CMakeFiles/raft.dir/src/raft_server_properties.c.gcda:Merge mismatch for function 9
libgcov profiling error:/home/snagendra/Fuzzing/redisraft-fuzzing/build/deps/raft/CMakeFiles/raft.dir/src/raft_server.c.gcda:Merge mismatch for function 4



