logs for node: 1

----- Stdout -----
1746262:C 06 Jan 2024 06:19:44.619 # WARNING Memory overcommit must be enabled! Without it, a background save or replication may fail under low memory condition. Being disabled, it can also cause failures without low memory condition, see https://github.com/jemalloc/jemalloc/issues/1328. To fix this issue add 'vm.overcommit_memory = 1' to /etc/sysctl.conf and then reboot or run the command 'sysctl vm.overcommit_memory=1' for this to take effect.
1746262:C 06 Jan 2024 06:19:44.619 * oO0OoO0OoO0Oo Redis is starting oO0OoO0OoO0Oo
1746262:C 06 Jan 2024 06:19:44.619 * Redis version=255.255.255, bits=64, commit=e04ebdb8, modified=1, pid=1746262, just started
1746262:C 06 Jan 2024 06:19:44.619 * Configuration loaded
1746262:M 06 Jan 2024 06:19:44.620 * monotonic clock: POSIX clock_gettime
1746262:M 06 Jan 2024 06:19:44.620 * Running mode=standalone, port=5031.
1746262:M 06 Jan 2024 06:19:44.627 * <raft> RedisRaft version 255.255.255 [b779b199]
1746262:M 06 Jan 2024 06:19:44.632 * <raft> Initializing test network
1746262:M 06 Jan 2024 06:19:44.633 * <raft> Created test network client
1746262:M 06 Jan 2024 06:19:44.634 * <raft> Raft module loaded, state is 'uninitialized'
1746262:M 06 Jan 2024 06:19:44.634 * Module 'raft' loaded from /home/snagendra/Fuzzing/redisraft-fuzzing/redisraft.so
1746262:M 06 Jan 2024 06:19:44.635 * Server initialized
1746262:M 06 Jan 2024 06:19:44.635 . The AOF directory appendonlydir doesn't exist
1746262:M 06 Jan 2024 06:19:44.636 * Ready to accept connections tcp
1746262:M 06 Jan 2024 06:19:44.636 . 0 clients connected (0 replicas), 1726160 bytes in use
1746262:M 06 Jan 2024 06:19:44.639 - Accepted 127.0.0.1:54944
1746262:M 06 Jan 2024 06:19:44.639 # Missing implement of connection type tls
1746262:M 06 Jan 2024 06:19:44.645 * <raft> Cluster Membership: term:0 index:0 nodes: id=1,voting=0,active=1,addr=-
1746262:M 06 Jan 2024 06:19:44.650 * <raft> State change: Node is now a leader, term 1
1746262:M 06 Jan 2024 06:19:44.651 * <raft> Cluster Membership: term:1 index:1 nodes: id=1,voting=0,active=1,addr=-
1746262:M 06 Jan 2024 06:19:44.651 * <raft> Test network starting message polling thread
1746262:M 06 Jan 2024 06:19:44.651 * <raft> Raft Cluster initialized, node id: 1, dbid: aa81922e85d931c12ff9c8436f0af02f
1746262:M 06 Jan 2024 06:19:44.769 - Accepted 127.0.0.1:54946
1746262:M 06 Jan 2024 06:19:44.770 * <raft> Cluster Membership: term:1 index:3 nodes: id=1,voting=1,active=1,addr=- id=2,voting=0,active=1,addr=localhost:5032
1746262:M 06 Jan 2024 06:19:44.780 - Client closed connection id=9 addr=127.0.0.1:54946 laddr=127.0.0.1:5031 fd=12 name= age=0 idle=0 flags=N db=0 sub=0 psub=0 ssub=0 multi=-1 qbuf=0 qbuf-free=20474 argv-mem=0 multi-mem=0 rbs=16384 rbp=16384 obl=0 oll=0 omem=0 tot-mem=37760 events=r cmd=raft.node user=default redir=-1 resp=2 lib-name= lib-ver=
1746262:M 06 Jan 2024 06:19:44.898 - Accepted 127.0.0.1:54956
1746262:M 06 Jan 2024 06:19:44.899 * <raft> Cluster Membership: term:1 index:4 nodes: id=1,voting=1,active=1,addr=- id=2,voting=0,active=1,addr=localhost:5032 id=3,voting=0,active=1,addr=localhost:5033
1746262:M 06 Jan 2024 06:19:44.906 - Client closed connection id=10 addr=127.0.0.1:54956 laddr=127.0.0.1:5031 fd=13 name= age=0 idle=0 flags=N db=0 sub=0 psub=0 ssub=0 multi=-1 qbuf=0 qbuf-free=20474 argv-mem=0 multi-mem=0 rbs=16384 rbp=16384 obl=0 oll=0 omem=0 tot-mem=37760 events=r cmd=raft.node user=default redir=-1 resp=2 lib-name= lib-ver=
1746262:signal-handler (1704518385) Received SIGINT scheduling shutdown...
1746262:signal-handler (1704518385) You insist... exiting now.
1747218:C 06 Jan 2024 06:19:46.444 # WARNING Memory overcommit must be enabled! Without it, a background save or replication may fail under low memory condition. Being disabled, it can also cause failures without low memory condition, see https://github.com/jemalloc/jemalloc/issues/1328. To fix this issue add 'vm.overcommit_memory = 1' to /etc/sysctl.conf and then reboot or run the command 'sysctl vm.overcommit_memory=1' for this to take effect.
1747218:C 06 Jan 2024 06:19:46.444 * oO0OoO0OoO0Oo Redis is starting oO0OoO0OoO0Oo
1747218:C 06 Jan 2024 06:19:46.444 * Redis version=255.255.255, bits=64, commit=e04ebdb8, modified=1, pid=1747218, just started
1747218:C 06 Jan 2024 06:19:46.444 * Configuration loaded
1747218:M 06 Jan 2024 06:19:46.445 * monotonic clock: POSIX clock_gettime
1747218:M 06 Jan 2024 06:19:46.445 * Running mode=standalone, port=5031.
1747218:M 06 Jan 2024 06:19:46.451 * <raft> RedisRaft version 255.255.255 [b779b199]
1747218:M 06 Jan 2024 06:19:46.456 * <raft> Initializing test network
1747218:M 06 Jan 2024 06:19:46.456 * <raft> Created test network client
1747218:M 06 Jan 2024 06:19:46.459 * <raft> Raft module loaded, state is 'loading'
1747218:M 06 Jan 2024 06:19:46.459 * Module 'raft' loaded from /home/snagendra/Fuzzing/redisraft-fuzzing/redisraft.so
1747218:M 06 Jan 2024 06:19:46.460 * Server initialized
1747218:M 06 Jan 2024 06:19:46.460 . The AOF directory appendonlydir doesn't exist
1747218:M 06 Jan 2024 06:19:46.460 * Ready to accept connections tcp
1747218:M 06 Jan 2024 06:19:46.460 . 0 clients connected (0 replicas), 1746784 bytes in use
1747218:M 06 Jan 2024 06:19:46.560 * <raft> Loading: Redis loading complete, snapshot NOT LOADED
1747218:M 06 Jan 2024 06:19:46.560 * <raft> Cluster Membership: term:0 index:0 nodes: id=1,voting=0,active=1,addr=-
1747218:M 06 Jan 2024 06:19:46.561 * <raft> Test network starting message polling thread
1747218:M 06 Jan 2024 06:19:46.561 * <raft> Cluster Membership: term:0 index:5 nodes: id=1,voting=1,active=1,addr=- id=2,voting=0,active=1,addr=localhost:5032
1747218:M 06 Jan 2024 06:19:46.561 * <raft> Cluster Membership: term:0 index:5 nodes: id=1,voting=1,active=1,addr=- id=2,voting=0,active=1,addr=localhost:5032 id=3,voting=0,active=1,addr=localhost:5033
1747218:M 06 Jan 2024 06:19:46.561 * <raft> Raft state after loading log: log_count=5, first_idx=1, current_idx=5, last_applied_idx=0
1747218:M 06 Jan 2024 06:19:46.561 . <raft> Raft term=1, vote=-1
1747218:M 06 Jan 2024 06:19:46.568 * <raft> State change: Node is now a leader, term 2
1747218:M 06 Jan 2024 06:19:46.568 * <raft> Cluster Membership: term:2 index:6 nodes: id=1,voting=1,active=1,addr=- id=2,voting=0,active=1,addr=localhost:5032 id=3,voting=0,active=1,addr=localhost:5033
1747218:M 06 Jan 2024 06:19:46.568 - Accepted 127.0.0.1:54968
1747218:M 06 Jan 2024 06:19:46.568 # Missing implement of connection type tls
1747218:signal-handler (1704518386) Received SIGINT scheduling shutdown...
1747218:signal-handler (1704518386) You insist... exiting now.
1747585:C 06 Jan 2024 06:19:47.084 # WARNING Memory overcommit must be enabled! Without it, a background save or replication may fail under low memory condition. Being disabled, it can also cause failures without low memory condition, see https://github.com/jemalloc/jemalloc/issues/1328. To fix this issue add 'vm.overcommit_memory = 1' to /etc/sysctl.conf and then reboot or run the command 'sysctl vm.overcommit_memory=1' for this to take effect.
1747585:C 06 Jan 2024 06:19:47.084 * oO0OoO0OoO0Oo Redis is starting oO0OoO0OoO0Oo
1747585:C 06 Jan 2024 06:19:47.084 * Redis version=255.255.255, bits=64, commit=e04ebdb8, modified=1, pid=1747585, just started
1747585:C 06 Jan 2024 06:19:47.084 * Configuration loaded
1747585:M 06 Jan 2024 06:19:47.084 * monotonic clock: POSIX clock_gettime
1747585:M 06 Jan 2024 06:19:47.085 * Running mode=standalone, port=5031.
1747585:M 06 Jan 2024 06:19:47.091 * <raft> RedisRaft version 255.255.255 [b779b199]
1747585:M 06 Jan 2024 06:19:47.095 * <raft> Initializing test network
1747585:M 06 Jan 2024 06:19:47.096 * <raft> Created test network client
1747585:M 06 Jan 2024 06:19:47.100 * <raft> Raft module loaded, state is 'loading'
1747585:M 06 Jan 2024 06:19:47.100 * Module 'raft' loaded from /home/snagendra/Fuzzing/redisraft-fuzzing/redisraft.so
1747585:M 06 Jan 2024 06:19:47.100 * Server initialized
1747585:M 06 Jan 2024 06:19:47.100 . The AOF directory appendonlydir doesn't exist
1747585:M 06 Jan 2024 06:19:47.100 * Ready to accept connections tcp
1747585:M 06 Jan 2024 06:19:47.100 . 0 clients connected (0 replicas), 1746656 bytes in use
1747585:M 06 Jan 2024 06:19:47.200 * <raft> Loading: Redis loading complete, snapshot NOT LOADED
1747585:M 06 Jan 2024 06:19:47.201 * <raft> Cluster Membership: term:0 index:0 nodes: id=1,voting=0,active=1,addr=-
1747585:M 06 Jan 2024 06:19:47.201 * <raft> Test network starting message polling thread
1747585:M 06 Jan 2024 06:19:47.202 * <raft> Cluster Membership: term:0 index:7 nodes: id=1,voting=1,active=1,addr=- id=2,voting=0,active=1,addr=localhost:5032
1747585:M 06 Jan 2024 06:19:47.202 * <raft> Cluster Membership: term:0 index:7 nodes: id=1,voting=1,active=1,addr=- id=2,voting=0,active=1,addr=localhost:5032 id=3,voting=0,active=1,addr=localhost:5033
1747585:M 06 Jan 2024 06:19:47.202 * <raft> Raft state after loading log: log_count=7, first_idx=1, current_idx=7, last_applied_idx=0
1747585:M 06 Jan 2024 06:19:47.202 . <raft> Raft term=2, vote=-1
1747585:M 06 Jan 2024 06:19:47.208 * <raft> State change: Node is now a leader, term 3
1747585:M 06 Jan 2024 06:19:47.208 * <raft> Cluster Membership: term:3 index:8 nodes: id=1,voting=1,active=1,addr=- id=2,voting=0,active=1,addr=localhost:5032 id=3,voting=0,active=1,addr=localhost:5033
1747585:M 06 Jan 2024 06:19:47.357 - Accepted 127.0.0.1:54982
1747585:M 06 Jan 2024 06:19:47.357 # Missing implement of connection type tls
1747585:signal-handler (1704518388) Received SIGINT scheduling shutdown...
1747585:signal-handler (1704518388) You insist... exiting now.

----- Stderr -----
libgcov profiling error:/home/snagendra/Fuzzing/redisraft-fuzzing/build/deps/raft/CMakeFiles/raft.dir/src/raft_server_properties.c.gcda:Merge mismatch for function 9
libgcov profiling error:/home/snagendra/Fuzzing/redisraft-fuzzing/build/deps/raft/CMakeFiles/raft.dir/src/raft_server.c.gcda:Merge mismatch for function 13
libgcov profiling error:/home/snagendra/Fuzzing/redisraft-fuzzing/build/deps/raft/CMakeFiles/raft.dir/src/raft_server_properties.c.gcda:Merge mismatch for function 9
libgcov profiling error:/home/snagendra/Fuzzing/redisraft-fuzzing/build/deps/raft/CMakeFiles/raft.dir/src/raft_server.c.gcda:Merge mismatch for function 13
libgcov profiling error:/home/snagendra/Fuzzing/redisraft-fuzzing/build/deps/raft/CMakeFiles/raft.dir/src/raft_server_properties.c.gcda:Merge mismatch for function 9
libgcov profiling error:/home/snagendra/Fuzzing/redisraft-fuzzing/build/deps/raft/CMakeFiles/raft.dir/src/raft_server.c.gcda:Merge mismatch for function 13




logs for node: 2

----- Stdout -----
1746281:C 06 Jan 2024 06:19:44.654 # WARNING Memory overcommit must be enabled! Without it, a background save or replication may fail under low memory condition. Being disabled, it can also cause failures without low memory condition, see https://github.com/jemalloc/jemalloc/issues/1328. To fix this issue add 'vm.overcommit_memory = 1' to /etc/sysctl.conf and then reboot or run the command 'sysctl vm.overcommit_memory=1' for this to take effect.
1746281:C 06 Jan 2024 06:19:44.654 * oO0OoO0OoO0Oo Redis is starting oO0OoO0OoO0Oo
1746281:C 06 Jan 2024 06:19:44.654 * Redis version=255.255.255, bits=64, commit=e04ebdb8, modified=1, pid=1746281, just started
1746281:C 06 Jan 2024 06:19:44.654 * Configuration loaded
1746281:M 06 Jan 2024 06:19:44.654 * monotonic clock: POSIX clock_gettime
1746281:M 06 Jan 2024 06:19:44.655 * Running mode=standalone, port=5032.
1746281:M 06 Jan 2024 06:19:44.662 * <raft> RedisRaft version 255.255.255 [b779b199]
1746281:M 06 Jan 2024 06:19:44.667 * <raft> Initializing test network
1746281:M 06 Jan 2024 06:19:44.668 * <raft> Created test network client
1746281:M 06 Jan 2024 06:19:44.669 * <raft> Raft module loaded, state is 'uninitialized'
1746281:M 06 Jan 2024 06:19:44.669 * Module 'raft' loaded from /home/snagendra/Fuzzing/redisraft-fuzzing/redisraft.so
1746281:M 06 Jan 2024 06:19:44.669 * Server initialized
1746281:M 06 Jan 2024 06:19:44.670 . The AOF directory appendonlydir doesn't exist
1746281:M 06 Jan 2024 06:19:44.670 * Ready to accept connections tcp
1746281:M 06 Jan 2024 06:19:44.670 . 0 clients connected (0 replicas), 1726096 bytes in use
1746281:M 06 Jan 2024 06:19:44.675 - Accepted 127.0.0.1:42270
1746281:M 06 Jan 2024 06:19:44.675 # Missing implement of connection type tls
1746281:M 06 Jan 2024 06:19:44.769 - <raft> join cluster, connecting to localhost:5031
1746281:M 06 Jan 2024 06:19:44.771 * <raft> Joined Raft cluster, node id: 2, dbid: aa81922e85d931c12ff9c8436f0af02f
1746281:M 06 Jan 2024 06:19:44.780 * <raft> Cluster Membership: term:0 index:0 nodes: id=2,voting=0,active=1,addr=-
1746281:M 06 Jan 2024 06:19:44.780 * <raft> Test network starting message polling thread
1746281:M 06 Jan 2024 06:19:44.835 - Accepted 127.0.0.1:42286
1746281:signal-handler (1704518385) Received SIGINT scheduling shutdown...
1746281:signal-handler (1704518385) You insist... exiting now.
1747166:C 06 Jan 2024 06:19:46.231 # WARNING Memory overcommit must be enabled! Without it, a background save or replication may fail under low memory condition. Being disabled, it can also cause failures without low memory condition, see https://github.com/jemalloc/jemalloc/issues/1328. To fix this issue add 'vm.overcommit_memory = 1' to /etc/sysctl.conf and then reboot or run the command 'sysctl vm.overcommit_memory=1' for this to take effect.
1747166:C 06 Jan 2024 06:19:46.231 * oO0OoO0OoO0Oo Redis is starting oO0OoO0OoO0Oo
1747166:C 06 Jan 2024 06:19:46.231 * Redis version=255.255.255, bits=64, commit=e04ebdb8, modified=1, pid=1747166, just started
1747166:C 06 Jan 2024 06:19:46.231 * Configuration loaded
1747166:M 06 Jan 2024 06:19:46.231 * monotonic clock: POSIX clock_gettime
1747166:M 06 Jan 2024 06:19:46.232 * Running mode=standalone, port=5032.
1747166:M 06 Jan 2024 06:19:46.238 * <raft> RedisRaft version 255.255.255 [b779b199]
1747166:M 06 Jan 2024 06:19:46.242 * <raft> Initializing test network
1747166:M 06 Jan 2024 06:19:46.243 * <raft> Created test network client
1747166:M 06 Jan 2024 06:19:46.243 * <raft> Raft module loaded, state is 'uninitialized'
1747166:M 06 Jan 2024 06:19:46.243 * Module 'raft' loaded from /home/snagendra/Fuzzing/redisraft-fuzzing/redisraft.so
1747166:M 06 Jan 2024 06:19:46.244 * Server initialized
1747166:M 06 Jan 2024 06:19:46.244 . The AOF directory appendonlydir doesn't exist
1747166:M 06 Jan 2024 06:19:46.244 * Ready to accept connections tcp
1747166:M 06 Jan 2024 06:19:46.244 . 0 clients connected (0 replicas), 1726160 bytes in use
1747166:M 06 Jan 2024 06:19:46.569 - Accepted 127.0.0.1:42356
1747166:M 06 Jan 2024 06:19:46.570 # Missing implement of connection type tls
1747166:M 06 Jan 2024 06:19:46.639 - Client closed connection id=8 addr=127.0.0.1:42356 laddr=127.0.0.1:5032 fd=9 name= age=0 idle=0 flags=N db=0 sub=0 psub=0 ssub=0 multi=-1 qbuf=0 qbuf-free=20474 argv-mem=0 multi-mem=0 rbs=16384 rbp=16384 obl=0 oll=0 omem=0 tot-mem=37760 events=r cmd=auth user=default redir=-1 resp=2 lib-name= lib-ver=
1747166:M 06 Jan 2024 06:19:47.209 - Accepted 127.0.0.1:42362
1747166:signal-handler (1704518387) Received SIGINT scheduling shutdown...
1747166:signal-handler (1704518387) You insist... exiting now.
1747786:C 06 Jan 2024 06:19:47.586 # WARNING Memory overcommit must be enabled! Without it, a background save or replication may fail under low memory condition. Being disabled, it can also cause failures without low memory condition, see https://github.com/jemalloc/jemalloc/issues/1328. To fix this issue add 'vm.overcommit_memory = 1' to /etc/sysctl.conf and then reboot or run the command 'sysctl vm.overcommit_memory=1' for this to take effect.
1747786:C 06 Jan 2024 06:19:47.586 * oO0OoO0OoO0Oo Redis is starting oO0OoO0OoO0Oo
1747786:C 06 Jan 2024 06:19:47.586 * Redis version=255.255.255, bits=64, commit=e04ebdb8, modified=1, pid=1747786, just started
1747786:C 06 Jan 2024 06:19:47.586 * Configuration loaded
1747786:M 06 Jan 2024 06:19:47.586 * monotonic clock: POSIX clock_gettime
1747786:M 06 Jan 2024 06:19:47.587 * Running mode=standalone, port=5032.
1747786:M 06 Jan 2024 06:19:47.594 * <raft> RedisRaft version 255.255.255 [b779b199]
1747786:M 06 Jan 2024 06:19:47.598 * <raft> Initializing test network
1747786:M 06 Jan 2024 06:19:47.599 * <raft> Created test network client
1747786:M 06 Jan 2024 06:19:47.599 * <raft> Raft module loaded, state is 'uninitialized'
1747786:M 06 Jan 2024 06:19:47.599 * Module 'raft' loaded from /home/snagendra/Fuzzing/redisraft-fuzzing/redisraft.so
1747786:M 06 Jan 2024 06:19:47.600 * Server initialized
1747786:M 06 Jan 2024 06:19:47.600 . The AOF directory appendonlydir doesn't exist
1747786:M 06 Jan 2024 06:19:47.600 * Ready to accept connections tcp
1747786:M 06 Jan 2024 06:19:47.600 . 0 clients connected (0 replicas), 1726224 bytes in use
1747786:M 06 Jan 2024 06:19:47.610 - Accepted 127.0.0.1:42366
1747786:M 06 Jan 2024 06:19:47.610 # Missing implement of connection type tls
1747786:M 06 Jan 2024 06:19:48.069 - Client closed connection id=8 addr=127.0.0.1:42366 laddr=127.0.0.1:5032 fd=9 name= age=1 idle=1 flags=N db=0 sub=0 psub=0 ssub=0 multi=-1 qbuf=0 qbuf-free=20474 argv-mem=0 multi-mem=0 rbs=1024 rbp=0 obl=0 oll=0 omem=0 tot-mem=22400 events=r cmd=auth user=default redir=-1 resp=2 lib-name= lib-ver=
1747786:signal-handler (1704518388) Received SIGINT scheduling shutdown...
1747786:signal-handler (1704518388) You insist... exiting now.

----- Stderr -----
libgcov profiling error:/home/snagendra/Fuzzing/redisraft-fuzzing/build/deps/raft/CMakeFiles/raft.dir/src/raft_server_properties.c.gcda:Merge mismatch for function 9
libgcov profiling error:/home/snagendra/Fuzzing/redisraft-fuzzing/build/deps/raft/CMakeFiles/raft.dir/src/raft_server.c.gcda:Merge mismatch for function 13
libgcov profiling error:/home/snagendra/Fuzzing/redisraft-fuzzing/build/deps/raft/CMakeFiles/raft.dir/src/raft_server_properties.c.gcda:Merge mismatch for function 9
libgcov profiling error:/home/snagendra/Fuzzing/redisraft-fuzzing/build/deps/raft/CMakeFiles/raft.dir/src/raft_server.c.gcda:Merge mismatch for function 13
libgcov profiling error:/home/snagendra/Fuzzing/redisraft-fuzzing/build/deps/raft/CMakeFiles/raft.dir/src/raft_server_properties.c.gcda:Merge mismatch for function 9
libgcov profiling error:/home/snagendra/Fuzzing/redisraft-fuzzing/build/deps/raft/CMakeFiles/raft.dir/src/raft_server.c.gcda:Merge mismatch for function 13




logs for node: 3

----- Stdout -----
1746340:C 06 Jan 2024 06:19:44.783 # WARNING Memory overcommit must be enabled! Without it, a background save or replication may fail under low memory condition. Being disabled, it can also cause failures without low memory condition, see https://github.com/jemalloc/jemalloc/issues/1328. To fix this issue add 'vm.overcommit_memory = 1' to /etc/sysctl.conf and then reboot or run the command 'sysctl vm.overcommit_memory=1' for this to take effect.
1746340:C 06 Jan 2024 06:19:44.783 * oO0OoO0OoO0Oo Redis is starting oO0OoO0OoO0Oo
1746340:C 06 Jan 2024 06:19:44.783 * Redis version=255.255.255, bits=64, commit=e04ebdb8, modified=1, pid=1746340, just started
1746340:C 06 Jan 2024 06:19:44.783 * Configuration loaded
1746340:M 06 Jan 2024 06:19:44.783 * monotonic clock: POSIX clock_gettime
1746340:M 06 Jan 2024 06:19:44.784 * Running mode=standalone, port=5033.
1746340:M 06 Jan 2024 06:19:44.791 * <raft> RedisRaft version 255.255.255 [b779b199]
1746340:M 06 Jan 2024 06:19:44.796 * <raft> Initializing test network
1746340:M 06 Jan 2024 06:19:44.796 * <raft> Created test network client
1746340:M 06 Jan 2024 06:19:44.797 * <raft> Raft module loaded, state is 'uninitialized'
1746340:M 06 Jan 2024 06:19:44.797 * Module 'raft' loaded from /home/snagendra/Fuzzing/redisraft-fuzzing/redisraft.so
1746340:M 06 Jan 2024 06:19:44.798 * Server initialized
1746340:M 06 Jan 2024 06:19:44.798 . The AOF directory appendonlydir doesn't exist
1746340:M 06 Jan 2024 06:19:44.799 * Ready to accept connections tcp
1746340:M 06 Jan 2024 06:19:44.799 . 0 clients connected (0 replicas), 1726192 bytes in use
1746340:M 06 Jan 2024 06:19:44.828 - Accepted 127.0.0.1:37286
1746340:M 06 Jan 2024 06:19:44.828 # Missing implement of connection type tls
1746340:M 06 Jan 2024 06:19:44.897 - <raft> join cluster, connecting to localhost:5031
1746340:M 06 Jan 2024 06:19:44.899 * <raft> Joined Raft cluster, node id: 3, dbid: aa81922e85d931c12ff9c8436f0af02f
1746340:M 06 Jan 2024 06:19:44.906 * <raft> Cluster Membership: term:0 index:0 nodes: id=3,voting=0,active=1,addr=-
1746340:M 06 Jan 2024 06:19:44.906 * <raft> Test network starting message polling thread
1746340:M 06 Jan 2024 06:19:44.936 - Accepted 127.0.0.1:37296
1746340:signal-handler (1704518385) Received SIGINT scheduling shutdown...
1746340:signal-handler (1704518385) You insist... exiting now.
1747475:C 06 Jan 2024 06:19:46.886 # WARNING Memory overcommit must be enabled! Without it, a background save or replication may fail under low memory condition. Being disabled, it can also cause failures without low memory condition, see https://github.com/jemalloc/jemalloc/issues/1328. To fix this issue add 'vm.overcommit_memory = 1' to /etc/sysctl.conf and then reboot or run the command 'sysctl vm.overcommit_memory=1' for this to take effect.
1747475:C 06 Jan 2024 06:19:46.886 * oO0OoO0OoO0Oo Redis is starting oO0OoO0OoO0Oo
1747475:C 06 Jan 2024 06:19:46.886 * Redis version=255.255.255, bits=64, commit=e04ebdb8, modified=1, pid=1747475, just started
1747475:C 06 Jan 2024 06:19:46.886 * Configuration loaded
1747475:M 06 Jan 2024 06:19:46.887 * monotonic clock: POSIX clock_gettime
1747475:M 06 Jan 2024 06:19:46.887 * Running mode=standalone, port=5033.
1747475:M 06 Jan 2024 06:19:46.894 * <raft> RedisRaft version 255.255.255 [b779b199]
1747475:M 06 Jan 2024 06:19:46.898 * <raft> Initializing test network
1747475:M 06 Jan 2024 06:19:46.899 * <raft> Created test network client
1747475:M 06 Jan 2024 06:19:46.902 * <raft> Raft module loaded, state is 'loading'
1747475:M 06 Jan 2024 06:19:46.902 * Module 'raft' loaded from /home/snagendra/Fuzzing/redisraft-fuzzing/redisraft.so
1747475:M 06 Jan 2024 06:19:46.902 * Server initialized
1747475:M 06 Jan 2024 06:19:46.902 . The AOF directory appendonlydir doesn't exist
1747475:M 06 Jan 2024 06:19:46.902 * Ready to accept connections tcp
1747475:M 06 Jan 2024 06:19:46.902 . 0 clients connected (0 replicas), 1746656 bytes in use
1747475:M 06 Jan 2024 06:19:47.003 * <raft> Loading: Redis loading complete, snapshot NOT LOADED
1747475:M 06 Jan 2024 06:19:47.003 * <raft> Cluster Membership: term:0 index:0 nodes: id=3,voting=0,active=1,addr=-
1747475:M 06 Jan 2024 06:19:47.003 * <raft> Test network starting message polling thread


=== REDIS BUG REPORT START: Cut & paste starting from here ===
1747475:M 06 Jan 2024 06:19:47.003 # Redis 255.255.255 crashed by signal: 6, si_code: -6
1747475:M 06 Jan 2024 06:19:47.003 # Crashed running the instruction at: 0x7f40af2fed3c

------ STACK TRACE ------
EIP:
/lib/x86_64-linux-gnu/libc.so.6(+0x8ad3c)[0x7f40af2fed3c]

Backtrace:
/lib/x86_64-linux-gnu/libc.so.6(+0x3bfd0)[0x7f40af2affd0]
/lib/x86_64-linux-gnu/libc.so.6(+0x8ad3c)[0x7f40af2fed3c]
/lib/x86_64-linux-gnu/libc.so.6(gsignal+0x12)[0x7f40af2aff32]
/lib/x86_64-linux-gnu/libc.so.6(abort+0xd3)[0x7f40af29a472]
/lib/x86_64-linux-gnu/libc.so.6(+0x26395)[0x7f40af29a395]
/lib/x86_64-linux-gnu/libc.so.6(+0x34e32)[0x7f40af2a8e32]
/home/snagendra/Fuzzing/redisraft-fuzzing/redisraft.so(+0x3caea)[0x7f40ae1b4aea]
/home/snagendra/Fuzzing/redisraft-fuzzing/redisraft.so(callRaftPeriodic+0x478)[0x7f40ae1a5088]
/home/snagendra/Fuzzing/redis/src/redis-server 0.0.0.0:5033(moduleTimerHandler+0x21c)[0x56396641e98c]
/home/snagendra/Fuzzing/redis/src/redis-server 0.0.0.0:5033(+0x81705)[0x563966328705]
/home/snagendra/Fuzzing/redis/src/redis-server 0.0.0.0:5033(aeMain+0x1c8)[0x563966332cb8]
/home/snagendra/Fuzzing/redis/src/redis-server 0.0.0.0:5033(main+0x3cd)[0x563966327e2d]
/lib/x86_64-linux-gnu/libc.so.6(+0x271ca)[0x7f40af29b1ca]
/lib/x86_64-linux-gnu/libc.so.6(__libc_start_main+0x85)[0x7f40af29b285]
/home/snagendra/Fuzzing/redis/src/redis-server 0.0.0.0:5033(_start+0x2a)[0x5639663285aa]

------ REGISTERS ------
1747475:M 06 Jan 2024 06:19:47.004 # 
RAX:0000000000000000 RBX:00000000001aaa13
RCX:00007f40af2fed3c RDX:0000000000000006
RDI:00000000001aaa13 RSI:00000000001aaa13
RBP:00007f40af2701c0 RSP:00007ffe2757faf0
R8 :0000000000000007 R9 :000056396715b820
R10:0000000000000008 R11:0000000000000246
R12:0000000000000006 R13:00000000000006a6
R14:00007f40ae1e105c R15:000056396641d2b0
RIP:00007f40af2fed3c EFL:0000000000000246
CSGSFS:002b000000000033
1747475:M 06 Jan 2024 06:19:47.004 # (00007ffe2757faff) -> 000056396715b8d0
1747475:M 06 Jan 2024 06:19:47.004 # (00007ffe2757fafe) -> 00007f40af446c60
1747475:M 06 Jan 2024 06:19:47.004 # (00007ffe2757fafd) -> 00000000000002b1
1747475:M 06 Jan 2024 06:19:47.004 # (00007ffe2757fafc) -> 000056396715b820
1747475:M 06 Jan 2024 06:19:47.004 # (00007ffe2757fafb) -> 00000000000006a6
1747475:M 06 Jan 2024 06:19:47.004 # (00007ffe2757fafa) -> 0000000000000020
1747475:M 06 Jan 2024 06:19:47.004 # (00007ffe2757faf9) -> 00007f40af29a472
1747475:M 06 Jan 2024 06:19:47.004 # (00007ffe2757faf8) -> 00007f40af447e70
1747475:M 06 Jan 2024 06:19:47.004 # (00007ffe2757faf7) -> 00007f40af2aff32
1747475:M 06 Jan 2024 06:19:47.004 # (00007ffe2757faf6) -> 00007f40ae1e105c
1747475:M 06 Jan 2024 06:19:47.004 # (00007ffe2757faf5) -> 00000000000006a6
1747475:M 06 Jan 2024 06:19:47.004 # (00007ffe2757faf4) -> 00007f40ae1e0720
1747475:M 06 Jan 2024 06:19:47.004 # (00007ffe2757faf3) -> 00007f40af2701c0
1747475:M 06 Jan 2024 06:19:47.004 # (00007ffe2757faf2) -> 0000000000000006
1747475:M 06 Jan 2024 06:19:47.004 # (00007ffe2757faf1) -> ea596bb9177ac700
1747475:M 06 Jan 2024 06:19:47.004 # (00007ffe2757faf0) -> 000056396641d2b0

------ INFO OUTPUT ------
# Server
redis_version:255.255.255
redis_git_sha1:e04ebdb8
redis_git_dirty:1
redis_build_id:1f78dcc7b4fbdd25
redis_mode:standalone
os:Linux 6.1.60.1.amd64-smp x86_64
arch_bits:64
monotonic_clock:POSIX clock_gettime
multiplexing_api:epoll
atomicvar_api:c11-builtin
gcc_version:10.2.1
process_id:1747475
process_supervised:no
run_id:4766bb07ed5bce908e37fbdde21f77841de43790
tcp_port:5033
server_time_usec:1704518387002997
uptime_in_seconds:1
uptime_in_days:0
hz:10
configured_hz:10
lru_clock:10019570
executable:/home/snagendra/Fuzzing/redis/src/redis-server
config_file:
io_threads_active:0
listener0:name=tcp,bind=0.0.0.0,port=5033

# Clients
connected_clients:0
cluster_connections:0
maxclients:10000
client_recent_max_input_buffer:0
client_recent_max_output_buffer:0
blocked_clients:0
tracking_clients:0
clients_in_timeout_table:0
total_blocking_keys:0
total_blocking_keys_on_nokey:0

# Memory
used_memory:1753872
used_memory_human:1.67M
used_memory_rss:17588224
used_memory_rss_human:16.77M
used_memory_peak:1753872
used_memory_peak_human:1.67M
used_memory_peak_perc:100.41%
used_memory_overhead:1746696
used_memory_startup:1746512
used_memory_dataset:7176
used_memory_dataset_perc:97.50%
allocator_allocated:2120048
allocator_active:2654208
allocator_resident:10907648
total_system_memory:270388695040
total_system_memory_human:251.82G
used_memory_lua:31744
used_memory_vm_eval:31744
used_memory_lua_human:31.00K
used_memory_scripts_eval:0
number_of_cached_scripts:0
number_of_functions:0
number_of_libraries:0
used_memory_vm_functions:32768
used_memory_vm_total:64512
used_memory_vm_total_human:63.00K
used_memory_functions:184
used_memory_scripts:184
used_memory_scripts_human:184B
maxmemory:0
maxmemory_human:0B
maxmemory_policy:noeviction
allocator_frag_ratio:1.25
allocator_frag_bytes:534160
allocator_rss_ratio:4.11
allocator_rss_bytes:8253440
rss_overhead_ratio:1.61
rss_overhead_bytes:6680576
mem_fragmentation_ratio:10.07
mem_fragmentation_bytes:15841568
mem_not_counted_for_evict:0
mem_replication_backlog:0
mem_total_replication_buffers:0
mem_clients_slaves:0
mem_clients_normal:0
mem_cluster_links:0
mem_aof_buffer:0
mem_allocator:jemalloc-5.3.0
active_defrag_running:0
lazyfree_pending_objects:0
lazyfreed_objects:0

# Persistence
loading:0
async_loading:0
current_cow_peak:0
current_cow_size:0
current_cow_size_age:0
current_fork_perc:0.00
current_save_keys_processed:0
current_save_keys_total:0
rdb_changes_since_last_save:0
rdb_bgsave_in_progress:0
rdb_last_save_time:1704518386
rdb_last_bgsave_status:ok
rdb_last_bgsave_time_sec:-1
rdb_current_bgsave_time_sec:-1
rdb_saves:0
rdb_last_cow_size:0
rdb_last_load_keys_expired:0
rdb_last_load_keys_loaded:0
aof_enabled:0
aof_rewrite_in_progress:0
aof_rewrite_scheduled:0
aof_last_rewrite_time_sec:-1
aof_current_rewrite_time_sec:-1
aof_last_bgrewrite_status:ok
aof_rewrites:0
aof_rewrites_consecutive_failures:0
aof_last_write_status:ok
aof_last_cow_size:0
module_fork_in_progress:0
module_fork_last_cow_size:0

# Stats
total_connections_received:0
total_commands_processed:6
instantaneous_ops_per_sec:25
total_net_input_bytes:0
total_net_output_bytes:0
total_net_repl_input_bytes:0
total_net_repl_output_bytes:0
instantaneous_input_kbps:0.00
instantaneous_output_kbps:0.00
instantaneous_input_repl_kbps:0.00
instantaneous_output_repl_kbps:0.00
rejected_connections:0
sync_full:0
sync_partial_ok:0
sync_partial_err:0
expired_keys:0
expired_stale_perc:0.00
expired_time_cap_reached_count:0
expire_cycle_cpu_milliseconds:0
evicted_keys:0
evicted_clients:0
total_eviction_exceeded_time:0
current_eviction_exceeded_time:0
keyspace_hits:0
keyspace_misses:0
pubsub_channels:0
pubsub_patterns:0
pubsubshard_channels:0
latest_fork_usec:0
total_forks:0
migrate_cached_sockets:0
slave_expires_tracked_keys:0
active_defrag_hits:0
active_defrag_misses:0
active_defrag_key_hits:0
active_defrag_key_misses:0
total_active_defrag_time:0
current_active_defrag_time:0
tracking_total_keys:0
tracking_total_items:0
tracking_total_prefixes:0
unexpected_error_replies:0
total_error_replies:0
dump_payload_sanitizations:0
total_reads_processed:0
total_writes_processed:0
io_threaded_reads_processed:0
io_threaded_writes_processed:0
reply_buffer_shrinks:0
reply_buffer_expands:0
acl_access_denied_auth:0
acl_access_denied_cmd:0
acl_access_denied_key:0
acl_access_denied_channel:0

# Replication
role:master
connected_slaves:0
master_failover_state:no-failover
master_replid:56061efe5f2c0bc49e9bb80b196505a49da978de
master_replid2:0000000000000000000000000000000000000000
master_repl_offset:0
second_repl_offset:-1
repl_backlog_active:0
repl_backlog_size:1048576
repl_backlog_first_byte_offset:0
repl_backlog_histlen:0

# CPU
used_cpu_sys:0.012859
used_cpu_user:0.004286
used_cpu_sys_children:0.000000
used_cpu_user_children:0.000000
used_cpu_sys_main_thread:0.012587
used_cpu_user_main_thread:0.004195

# Modules
module:name=raft,ver=1,api=1,filters=1,usedby=[],using=[],options=[]

# Commandstats
cmdstat_config|get:calls=3,usec=5,usec_per_call=1.67,rejected_calls=0,failed_calls=0
cmdstat_config|set:calls=1,usec=10,usec_per_call=10.00,rejected_calls=0,failed_calls=0
cmdstat_command:calls=2,usec=1444,usec_per_call=722.00,rejected_calls=0,failed_calls=0

# Errorstats

# Latencystats
latency_percentiles_usec_config|get:p50=2.007,p99=2.007,p99.9=2.007
latency_percentiles_usec_config|set:p50=10.047,p99=10.047,p99.9=10.047
latency_percentiles_usec_command:p50=675.839,p99=774.143,p99.9=774.143

# Cluster
cluster_enabled:0

# Keyspace

------ CLIENT LIST OUTPUT ------

------ MODULES INFO OUTPUT ------
# raft_version
raft_version:255.255.255
raft_git_sha1:b779b199

# raft_general
raft_dbid:aa81922e85d931c12ff9c8436f0af02f
raft_node_id:3
raft_state:up
raft_role:follower
raft_is_voting:no
raft_voted_for:-1
raft_leader_id:-1
raft_current_term:0
raft_num_nodes:1
raft_num_voting_nodes:0

# raft_log
raft_log_entries:0
raft_current_index:0
raft_commit_index:0
raft_last_applied_index:0
raft_file_size:101
raft_cache_memory_size:0
raft_cache_entries:0
raft_client_attached_entries:0
raft_fsync_count:0
raft_fsync_max_microseconds:0
raft_fsync_avg_microseconds:0

# raft_snapshot
raft_snapshot_filename:redis3.rdb
raft_snapshot_last_idx:0
raft_snapshot_last_term:0
raft_snapshot_size:0
raft_snapshot_time_secs:-1
raft_snapshots_created:0
raft_snapshots_received:0
raft_snapshot_in_progress:no
raft_snapshot_in_progress_last_idx:-1
raft_snapshot_in_progress_last_term:-1

# raft_clients
raft_proxy_reqs:0
raft_proxy_failed_reqs:0
raft_proxy_failed_responses:0
raft_proxy_outstanding_reqs:0

# raft_stats
raft_appendreq_received:0
raft_appendreq_with_entry_received:0
raft_snapshotreq_received:0
raft_exec_throttled:0
raft_num_sessions:0

------ CONFIG DEBUG OUTPUT ------
slave-read-only yes
lazyfree-lazy-eviction no
replica-read-only yes
client-query-buffer-limit 1gb
io-threads 1
repl-diskless-sync yes
lazyfree-lazy-expire no
list-compress-depth 0
repl-diskless-load disabled
lazyfree-lazy-server-del no
proto-max-bulk-len 512mb
activedefrag no
lazyfree-lazy-user-del no
io-threads-do-reads no
lazyfree-lazy-user-flush no
sanitize-dump-payload no

------ FAST MEMORY TEST ------
1747475:M 06 Jan 2024 06:19:47.004 # Bio worker thread #0 terminated
1747475:M 06 Jan 2024 06:19:47.004 # Bio worker thread #1 terminated
1747475:M 06 Jan 2024 06:19:47.004 # Bio worker thread #2 terminated
*** Preparing to test memory region 5639665fe000 (2273280 bytes)
*** Preparing to test memory region 563967106000 (405504 bytes)
*** Preparing to test memory region 7f40a1fff000 (8388608 bytes)
*** Preparing to test memory region 7f40a2800000 (8388608 bytes)
*** Preparing to test memory region 7f40a3000000 (6291456 bytes)
*** Preparing to test memory region 7f40a37f8000 (8388608 bytes)
*** Preparing to test memory region 7f40a3ff9000 (8388608 bytes)
*** Preparing to test memory region 7f40a47fa000 (8388608 bytes)
*** Preparing to test memory region 7f40a4ffb000 (8388608 bytes)
*** Preparing to test memory region 7f40a57fc000 (8388608 bytes)
*** Preparing to test memory region 7f40a5ffd000 (8388608 bytes)
*** Preparing to test memory region 7f40a67fe000 (8388608 bytes)
*** Preparing to test memory region 7f40a6fff000 (8388608 bytes)
*** Preparing to test memory region 7f40a7800000 (8388608 bytes)
*** Preparing to test memory region 7f40a8000000 (135168 bytes)
*** Preparing to test memory region 7f40ac7df000 (8388608 bytes)
*** Preparing to test memory region 7f40acfdf000 (2621440 bytes)
*** Preparing to test memory region 7f40ad26e000 (8192 bytes)
*** Preparing to test memory region 7f40ad87f000 (12288 bytes)
*** Preparing to test memory region 7f40ade18000 (16384 bytes)
*** Preparing to test memory region 7f40adf9a000 (8192 bytes)
*** Preparing to test memory region 7f40ae1fa000 (24576 bytes)
*** Preparing to test memory region 7f40aea00000 (8388608 bytes)
*** Preparing to test memory region 7f40af247000 (4096 bytes)
*** Preparing to test memory region 7f40af26c000 (32768 bytes)
*** Preparing to test memory region 7f40af448000 (53248 bytes)
*** Preparing to test memory region 7f40af565000 (8192 bytes)
.O.O.1747475:signal-handler (1704518387) Received SIGINT scheduling shutdown...
1747475:signal-handler (1704518387) You insist... exiting now.
1747858:C 06 Jan 2024 06:19:47.739 # WARNING Memory overcommit must be enabled! Without it, a background save or replication may fail under low memory condition. Being disabled, it can also cause failures without low memory condition, see https://github.com/jemalloc/jemalloc/issues/1328. To fix this issue add 'vm.overcommit_memory = 1' to /etc/sysctl.conf and then reboot or run the command 'sysctl vm.overcommit_memory=1' for this to take effect.
1747858:C 06 Jan 2024 06:19:47.739 * oO0OoO0OoO0Oo Redis is starting oO0OoO0OoO0Oo
1747858:C 06 Jan 2024 06:19:47.739 * Redis version=255.255.255, bits=64, commit=e04ebdb8, modified=1, pid=1747858, just started
1747858:C 06 Jan 2024 06:19:47.739 * Configuration loaded
1747858:M 06 Jan 2024 06:19:47.739 * monotonic clock: POSIX clock_gettime
1747858:M 06 Jan 2024 06:19:47.740 * Running mode=standalone, port=5033.
1747858:M 06 Jan 2024 06:19:47.746 * <raft> RedisRaft version 255.255.255 [b779b199]
1747858:M 06 Jan 2024 06:19:47.750 * <raft> Initializing test network
1747858:M 06 Jan 2024 06:19:47.751 * <raft> Created test network client
1747858:M 06 Jan 2024 06:19:47.754 * <raft> Raft module loaded, state is 'loading'
1747858:M 06 Jan 2024 06:19:47.754 * Module 'raft' loaded from /home/snagendra/Fuzzing/redisraft-fuzzing/redisraft.so
1747858:M 06 Jan 2024 06:19:47.755 * Server initialized
1747858:M 06 Jan 2024 06:19:47.755 . The AOF directory appendonlydir doesn't exist
1747858:M 06 Jan 2024 06:19:47.755 * Ready to accept connections tcp
1747858:M 06 Jan 2024 06:19:47.755 . 0 clients connected (0 replicas), 1746688 bytes in use
1747858:signal-handler (1704518387) Received SIGINT scheduling shutdown...
1747858:signal-handler (1704518387) You insist... exiting now.
1747930:C 06 Jan 2024 06:19:47.875 # WARNING Memory overcommit must be enabled! Without it, a background save or replication may fail under low memory condition. Being disabled, it can also cause failures without low memory condition, see https://github.com/jemalloc/jemalloc/issues/1328. To fix this issue add 'vm.overcommit_memory = 1' to /etc/sysctl.conf and then reboot or run the command 'sysctl vm.overcommit_memory=1' for this to take effect.
1747930:C 06 Jan 2024 06:19:47.875 * oO0OoO0OoO0Oo Redis is starting oO0OoO0OoO0Oo
1747930:C 06 Jan 2024 06:19:47.875 * Redis version=255.255.255, bits=64, commit=e04ebdb8, modified=1, pid=1747930, just started
1747930:C 06 Jan 2024 06:19:47.875 * Configuration loaded
1747930:M 06 Jan 2024 06:19:47.876 * monotonic clock: POSIX clock_gettime
1747930:M 06 Jan 2024 06:19:47.876 * Running mode=standalone, port=5033.
1747930:M 06 Jan 2024 06:19:47.882 * <raft> RedisRaft version 255.255.255 [b779b199]
1747930:M 06 Jan 2024 06:19:47.887 * <raft> Initializing test network
1747930:M 06 Jan 2024 06:19:47.887 * <raft> Created test network client
1747930:M 06 Jan 2024 06:19:47.889 * <raft> Raft module loaded, state is 'loading'
1747930:M 06 Jan 2024 06:19:47.889 * Module 'raft' loaded from /home/snagendra/Fuzzing/redisraft-fuzzing/redisraft.so
1747930:M 06 Jan 2024 06:19:47.889 * Server initialized
1747930:M 06 Jan 2024 06:19:47.889 . The AOF directory appendonlydir doesn't exist
1747930:M 06 Jan 2024 06:19:47.889 * Ready to accept connections tcp
1747930:M 06 Jan 2024 06:19:47.889 . 0 clients connected (0 replicas), 1746656 bytes in use
1747930:M 06 Jan 2024 06:19:47.911 - Accepted 127.0.0.1:37464
1747930:M 06 Jan 2024 06:19:47.911 # Missing implement of connection type tls
1747930:M 06 Jan 2024 06:19:47.989 * <raft> Loading: Redis loading complete, snapshot NOT LOADED
1747930:M 06 Jan 2024 06:19:47.989 * <raft> Cluster Membership: term:0 index:0 nodes: id=3,voting=0,active=1,addr=-
1747930:M 06 Jan 2024 06:19:47.990 * <raft> Test network starting message polling thread


=== REDIS BUG REPORT START: Cut & paste starting from here ===
1747930:M 06 Jan 2024 06:19:47.990 # Redis 255.255.255 crashed by signal: 6, si_code: -6
1747930:M 06 Jan 2024 06:19:47.990 # Crashed running the instruction at: 0x7f169dd7bd3c

------ STACK TRACE ------
EIP:
/lib/x86_64-linux-gnu/libc.so.6(+0x8ad3c)[0x7f169dd7bd3c]

Backtrace:
/lib/x86_64-linux-gnu/libc.so.6(+0x3bfd0)[0x7f169dd2cfd0]
/lib/x86_64-linux-gnu/libc.so.6(+0x8ad3c)[0x7f169dd7bd3c]
/lib/x86_64-linux-gnu/libc.so.6(gsignal+0x12)[0x7f169dd2cf32]
/lib/x86_64-linux-gnu/libc.so.6(abort+0xd3)[0x7f169dd17472]
/lib/x86_64-linux-gnu/libc.so.6(+0x26395)[0x7f169dd17395]
/lib/x86_64-linux-gnu/libc.so.6(+0x34e32)[0x7f169dd25e32]
/home/snagendra/Fuzzing/redisraft-fuzzing/redisraft.so(+0x3caea)[0x7f169dca0aea]
/home/snagendra/Fuzzing/redisraft-fuzzing/redisraft.so(callRaftPeriodic+0x478)[0x7f169dc91088]
/home/snagendra/Fuzzing/redis/src/redis-server 0.0.0.0:5033(moduleTimerHandler+0x21c)[0x55bb787e698c]
/home/snagendra/Fuzzing/redis/src/redis-server 0.0.0.0:5033(+0x81705)[0x55bb786f0705]
/home/snagendra/Fuzzing/redis/src/redis-server 0.0.0.0:5033(aeMain+0x1c8)[0x55bb786facb8]
/home/snagendra/Fuzzing/redis/src/redis-server 0.0.0.0:5033(main+0x3cd)[0x55bb786efe2d]
/lib/x86_64-linux-gnu/libc.so.6(+0x271ca)[0x7f169dd181ca]
/lib/x86_64-linux-gnu/libc.so.6(__libc_start_main+0x85)[0x7f169dd18285]
/home/snagendra/Fuzzing/redis/src/redis-server 0.0.0.0:5033(_start+0x2a)[0x55bb786f05aa]

------ REGISTERS ------
1747930:M 06 Jan 2024 06:19:47.991 # 
RAX:0000000000000000 RBX:00000000001aabda
RCX:00007f169dd7bd3c RDX:0000000000000006
RDI:00000000001aabda RSI:00000000001aabda
RBP:00007f169dced1c0 RSP:00007ffc3b983740
R8 :0000000000000007 R9 :000055bb7a951820
R10:0000000000000008 R11:0000000000000246
R12:0000000000000006 R13:00000000000006a6
R14:00007f169dccd05c R15:000055bb787e52b0
RIP:00007f169dd7bd3c EFL:0000000000000246
CSGSFS:002b000000000033
1747930:M 06 Jan 2024 06:19:47.991 # (00007ffc3b98374f) -> 000055bb7a9518d0
1747930:M 06 Jan 2024 06:19:47.991 # (00007ffc3b98374e) -> 00007f169dec3c60
1747930:M 06 Jan 2024 06:19:47.991 # (00007ffc3b98374d) -> 00000000000002b1
1747930:M 06 Jan 2024 06:19:47.991 # (00007ffc3b98374c) -> 000055bb7a951820
1747930:M 06 Jan 2024 06:19:47.991 # (00007ffc3b98374b) -> 00000000000006a6
1747930:M 06 Jan 2024 06:19:47.991 # (00007ffc3b98374a) -> 0000000000000020
1747930:M 06 Jan 2024 06:19:47.991 # (00007ffc3b983749) -> 00007f169dd17472
1747930:M 06 Jan 2024 06:19:47.991 # (00007ffc3b983748) -> 00007f169dec4e70
1747930:M 06 Jan 2024 06:19:47.991 # (00007ffc3b983747) -> 00007f169dd2cf32
1747930:M 06 Jan 2024 06:19:47.991 # (00007ffc3b983746) -> 00007f169dccd05c
1747930:M 06 Jan 2024 06:19:47.991 # (00007ffc3b983745) -> 00000000000006a6
1747930:M 06 Jan 2024 06:19:47.991 # (00007ffc3b983744) -> 00007f169dccc720
1747930:M 06 Jan 2024 06:19:47.991 # (00007ffc3b983743) -> 00007f169dced1c0
1747930:M 06 Jan 2024 06:19:47.991 # (00007ffc3b983742) -> 0000000000000006
1747930:M 06 Jan 2024 06:19:47.991 # (00007ffc3b983741) -> e851327846fdf400
1747930:M 06 Jan 2024 06:19:47.991 # (00007ffc3b983740) -> 000055bb787e52b0

------ INFO OUTPUT ------
# Server
redis_version:255.255.255
redis_git_sha1:e04ebdb8
redis_git_dirty:1
redis_build_id:1f78dcc7b4fbdd25
redis_mode:standalone
os:Linux 6.1.60.1.amd64-smp x86_64
arch_bits:64
monotonic_clock:POSIX clock_gettime
multiplexing_api:epoll
atomicvar_api:c11-builtin
gcc_version:10.2.1
process_id:1747930
process_supervised:no
run_id:e1ba4db0b39040fe5c66a3d92c2922c38ccc77be
tcp_port:5033
server_time_usec:1704518387989474
uptime_in_seconds:0
uptime_in_days:0
hz:10
configured_hz:10
lru_clock:10019571
executable:/home/snagendra/Fuzzing/redis/src/redis-server
config_file:
io_threads_active:0
listener0:name=tcp,bind=0.0.0.0,port=5033

# Clients
connected_clients:1
cluster_connections:0
maxclients:10000
client_recent_max_input_buffer:0
client_recent_max_output_buffer:0
blocked_clients:0
tracking_clients:0
clients_in_timeout_table:0
total_blocking_keys:0
total_blocking_keys_on_nokey:0

# Memory
used_memory:1816864
used_memory_human:1.73M
used_memory_rss:18145280
used_memory_rss_human:17.30M
used_memory_peak:1816864
used_memory_peak_human:1.73M
used_memory_peak_perc:100.39%
used_memory_overhead:1746696
used_memory_startup:1746512
used_memory_dataset:70168
used_memory_dataset_perc:99.74%
allocator_allocated:2017512
allocator_active:2564096
allocator_resident:10801152
total_system_memory:270388695040
total_system_memory_human:251.82G
used_memory_lua:31744
used_memory_vm_eval:31744
used_memory_lua_human:31.00K
used_memory_scripts_eval:0
number_of_cached_scripts:0
number_of_functions:0
number_of_libraries:0
used_memory_vm_functions:32768
used_memory_vm_total:64512
used_memory_vm_total_human:63.00K
used_memory_functions:184
used_memory_scripts:184
used_memory_scripts_human:184B
maxmemory:0
maxmemory_human:0B
maxmemory_policy:noeviction
allocator_frag_ratio:1.27
allocator_frag_bytes:546584
allocator_rss_ratio:4.21
allocator_rss_bytes:8237056
rss_overhead_ratio:1.68
rss_overhead_bytes:7344128
mem_fragmentation_ratio:10.39
mem_fragmentation_bytes:16398624
mem_not_counted_for_evict:0
mem_replication_backlog:0
mem_total_replication_buffers:0
mem_clients_slaves:0
mem_clients_normal:0
mem_cluster_links:0
mem_aof_buffer:0
mem_allocator:jemalloc-5.3.0
active_defrag_running:0
lazyfree_pending_objects:0
lazyfreed_objects:0

# Persistence
loading:0
async_loading:0
current_cow_peak:0
current_cow_size:0
current_cow_size_age:0
current_fork_perc:0.00
current_save_keys_processed:0
current_save_keys_total:0
rdb_changes_since_last_save:0
rdb_bgsave_in_progress:0
rdb_last_save_time:1704518387
rdb_last_bgsave_status:ok
rdb_last_bgsave_time_sec:-1
rdb_current_bgsave_time_sec:-1
rdb_saves:0
rdb_last_cow_size:0
rdb_last_load_keys_expired:0
rdb_last_load_keys_loaded:0
aof_enabled:0
aof_rewrite_in_progress:0
aof_rewrite_scheduled:0
aof_last_rewrite_time_sec:-1
aof_current_rewrite_time_sec:-1
aof_last_bgrewrite_status:ok
aof_rewrites:0
aof_rewrites_consecutive_failures:0
aof_last_write_status:ok
aof_last_cow_size:0
module_fork_in_progress:0
module_fork_last_cow_size:0

# Stats
total_connections_received:1
total_commands_processed:7
instantaneous_ops_per_sec:28
total_net_input_bytes:33
total_net_output_bytes:5
total_net_repl_input_bytes:0
total_net_repl_output_bytes:0
instantaneous_input_kbps:0.00
instantaneous_output_kbps:0.00
instantaneous_input_repl_kbps:0.00
instantaneous_output_repl_kbps:0.00
rejected_connections:0
sync_full:0
sync_partial_ok:0
sync_partial_err:0
expired_keys:0
expired_stale_perc:0.00
expired_time_cap_reached_count:0
expire_cycle_cpu_milliseconds:0
evicted_keys:0
evicted_clients:0
total_eviction_exceeded_time:0
current_eviction_exceeded_time:0
keyspace_hits:0
keyspace_misses:0
pubsub_channels:0
pubsub_patterns:0
pubsubshard_channels:0
latest_fork_usec:0
total_forks:0
migrate_cached_sockets:0
slave_expires_tracked_keys:0
active_defrag_hits:0
active_defrag_misses:0
active_defrag_key_hits:0
active_defrag_key_misses:0
total_active_defrag_time:0
current_active_defrag_time:0
tracking_total_keys:0
tracking_total_items:0
tracking_total_prefixes:0
unexpected_error_replies:0
total_error_replies:0
dump_payload_sanitizations:0
total_reads_processed:1
total_writes_processed:1
io_threaded_reads_processed:0
io_threaded_writes_processed:0
reply_buffer_shrinks:0
reply_buffer_expands:0
acl_access_denied_auth:0
acl_access_denied_cmd:0
acl_access_denied_key:0
acl_access_denied_channel:0

# Replication
role:master
connected_slaves:0
master_failover_state:no-failover
master_replid:0a2ed8780c655f1a0ac5eda4cf008a0d70829c32
master_replid2:0000000000000000000000000000000000000000
master_repl_offset:0
second_repl_offset:-1
repl_backlog_active:0
repl_backlog_size:1048576
repl_backlog_first_byte_offset:0
repl_backlog_histlen:0

# CPU
used_cpu_sys:0.008578
used_cpu_user:0.008578
used_cpu_sys_children:0.000000
used_cpu_user_children:0.000000
used_cpu_sys_main_thread:0.008388
used_cpu_user_main_thread:0.008388

# Modules
module:name=raft,ver=1,api=1,filters=1,usedby=[],using=[],options=[]

# Commandstats
cmdstat_command:calls=2,usec=1460,usec_per_call=730.00,rejected_calls=0,failed_calls=0
cmdstat_auth:calls=1,usec=1,usec_per_call=1.00,rejected_calls=0,failed_calls=0
cmdstat_config|get:calls=3,usec=5,usec_per_call=1.67,rejected_calls=0,failed_calls=0
cmdstat_config|set:calls=1,usec=11,usec_per_call=11.00,rejected_calls=0,failed_calls=0

# Errorstats

# Latencystats
latency_percentiles_usec_command:p50=704.511,p99=757.759,p99.9=757.759
latency_percentiles_usec_auth:p50=1.003,p99=1.003,p99.9=1.003
latency_percentiles_usec_config|get:p50=2.007,p99=2.007,p99.9=2.007
latency_percentiles_usec_config|set:p50=11.007,p99=11.007,p99.9=11.007

# Cluster
cluster_enabled:0

# Keyspace

------ CLIENT LIST OUTPUT ------
id=8 addr=127.0.0.1:37464 laddr=127.0.0.1:5033 fd=11 name= age=0 idle=0 flags=N db=0 sub=0 psub=0 ssub=0 multi=-1 qbuf=0 qbuf-free=20474 argv-mem=0 multi-mem=0 rbs=16384 rbp=16384 obl=0 oll=0 omem=0 tot-mem=37760 events=r cmd=auth user=default redir=-1 resp=2 lib-name= lib-ver=

------ MODULES INFO OUTPUT ------
# raft_version
raft_version:255.255.255
raft_git_sha1:b779b199

# raft_general
raft_dbid:aa81922e85d931c12ff9c8436f0af02f
raft_node_id:3
raft_state:up
raft_role:follower
raft_is_voting:no
raft_voted_for:-1
raft_leader_id:-1
raft_current_term:0
raft_num_nodes:1
raft_num_voting_nodes:0

# raft_log
raft_log_entries:0
raft_current_index:0
raft_commit_index:0
raft_last_applied_index:0
raft_file_size:101
raft_cache_memory_size:0
raft_cache_entries:0
raft_client_attached_entries:0
raft_fsync_count:0
raft_fsync_max_microseconds:0
raft_fsync_avg_microseconds:0

# raft_snapshot
raft_snapshot_filename:redis3.rdb
raft_snapshot_last_idx:0
raft_snapshot_last_term:0
raft_snapshot_size:0
raft_snapshot_time_secs:-1
raft_snapshots_created:0
raft_snapshots_received:0
raft_snapshot_in_progress:no
raft_snapshot_in_progress_last_idx:-1
raft_snapshot_in_progress_last_term:-1

# raft_clients
raft_proxy_reqs:0
raft_proxy_failed_reqs:0
raft_proxy_failed_responses:0
raft_proxy_outstanding_reqs:0

# raft_stats
raft_appendreq_received:0
raft_appendreq_with_entry_received:0
raft_snapshotreq_received:0
raft_exec_throttled:0
raft_num_sessions:0

------ CONFIG DEBUG OUTPUT ------
client-query-buffer-limit 1gb
list-compress-depth 0
replica-read-only yes
activedefrag no
lazyfree-lazy-server-del no
sanitize-dump-payload no
lazyfree-lazy-user-flush no
lazyfree-lazy-expire no
lazyfree-lazy-user-del no
proto-max-bulk-len 512mb
repl-diskless-load disabled
slave-read-only yes
repl-diskless-sync yes
io-threads-do-reads no
lazyfree-lazy-eviction no
io-threads 1

------ FAST MEMORY TEST ------
1747930:M 06 Jan 2024 06:19:47.991 # Bio worker thread #0 terminated
1747930:M 06 Jan 2024 06:19:47.991 # Bio worker thread #1 terminated
1747930:M 06 Jan 2024 06:19:47.991 # Bio worker thread #2 terminated
*** Preparing to test memory region 55bb789c6000 (2273280 bytes)
*** Preparing to test memory region 55bb7a8fc000 (405504 bytes)
*** Preparing to test memory region 7f1690fff000 (8388608 bytes)
*** Preparing to test memory region 7f1691800000 (8388608 bytes)
*** Preparing to test memory region 7f1692000000 (6291456 bytes)
*** Preparing to test memory region 7f16927fe000 (8388608 bytes)
*** Preparing to test memory region 7f1692fff000 (8388608 bytes)
*** Preparing to test memory region 7f1693800000 (8388608 bytes)
*** Preparing to test memory region 7f1694000000 (135168 bytes)
*** Preparing to test memory region 7f169824f000 (8388608 bytes)
*** Preparing to test memory region 7f1698a50000 (8388608 bytes)
*** Preparing to test memory region 7f1699251000 (8388608 bytes)
*** Preparing to test memory region 7f1699a52000 (8388608 bytes)
*** Preparing to test memory region 7f169a253000 (8388608 bytes)
*** Preparing to test memory region 7f169aa54000 (8388608 bytes)
*** Preparing to test memory region 7f169b255000 (8388608 bytes)
*** Preparing to test memory region 7f169ba55000 (2621440 bytes)
*** Preparing to test memory region 7f169bce4000 (8192 bytes)
*** Preparing to test memory region 7f169c27f000 (12288 bytes)
*** Preparing to test memory region 7f169c7ac000 (8192 bytes)
*** Preparing to test memory region 7f169ca18000 (16384 bytes)
*** Preparing to test memory region 7f169d400000 (8388608 bytes)
*** Preparing to test memory region 7f169dc3c000 (4096 bytes)
*** Preparing to test memory region 7f169dc61000 (12288 bytes)
*** Preparing to test memory region 7f169dce6000 (45056 bytes)
*** Preparing to test memory region 7f169dec5000 (53248 bytes)
*** Preparing to test memory region 7f169dfe2000 (8192 bytes)
.O.O.O.O.O.O.1747930:signal-handler (1704518388) Received SIGINT scheduling shutdown...
1747930:signal-handler (1704518388) You insist... exiting now.

----- Stderr -----
libgcov profiling error:/home/snagendra/Fuzzing/redisraft-fuzzing/build/deps/raft/CMakeFiles/raft.dir/src/raft_server_properties.c.gcda:Merge mismatch for function 9
libgcov profiling error:/home/snagendra/Fuzzing/redisraft-fuzzing/build/deps/raft/CMakeFiles/raft.dir/src/raft_server.c.gcda:Merge mismatch for function 13
redis-server: /home/snagendra/Fuzzing/redisraft-fuzzing/deps/raft/src/raft_server.c:1702: raft_get_first_entry_idx: Assertion `0 < raft_get_current_idx(me)' failed.
libgcov profiling error:/home/snagendra/Fuzzing/redisraft-fuzzing/build/deps/raft/CMakeFiles/raft.dir/src/raft_server_properties.c.gcda:Merge mismatch for function 9
libgcov profiling error:/home/snagendra/Fuzzing/redisraft-fuzzing/build/deps/raft/CMakeFiles/raft.dir/src/raft_server.c.gcda:Merge mismatch for function 13
libgcov profiling error:/home/snagendra/Fuzzing/redisraft-fuzzing/build/deps/raft/CMakeFiles/raft.dir/src/raft_server_properties.c.gcda:Merge mismatch for function 9
libgcov profiling error:/home/snagendra/Fuzzing/redisraft-fuzzing/build/deps/raft/CMakeFiles/raft.dir/src/raft_server.c.gcda:Merge mismatch for function 13
redis-server: /home/snagendra/Fuzzing/redisraft-fuzzing/deps/raft/src/raft_server.c:1702: raft_get_first_entry_idx: Assertion `0 < raft_get_current_idx(me)' failed.
libgcov profiling error:/home/snagendra/Fuzzing/redisraft-fuzzing/build/deps/raft/CMakeFiles/raft.dir/src/raft_server_properties.c.gcda:Merge mismatch for function 9
libgcov profiling error:/home/snagendra/Fuzzing/redisraft-fuzzing/build/deps/raft/CMakeFiles/raft.dir/src/raft_server.c.gcda:Merge mismatch for function 13



