logs for node: 3

----- Stdout -----
1394428:C 06 Jan 2024 06:06:41.291 # WARNING Memory overcommit must be enabled! Without it, a background save or replication may fail under low memory condition. Being disabled, it can also cause failures without low memory condition, see https://github.com/jemalloc/jemalloc/issues/1328. To fix this issue add 'vm.overcommit_memory = 1' to /etc/sysctl.conf and then reboot or run the command 'sysctl vm.overcommit_memory=1' for this to take effect.
1394428:C 06 Jan 2024 06:06:41.291 * oO0OoO0OoO0Oo Redis is starting oO0OoO0OoO0Oo
1394428:C 06 Jan 2024 06:06:41.291 * Redis version=255.255.255, bits=64, commit=e04ebdb8, modified=1, pid=1394428, just started
1394428:C 06 Jan 2024 06:06:41.291 * Configuration loaded
1394428:M 06 Jan 2024 06:06:41.292 * monotonic clock: POSIX clock_gettime
1394428:M 06 Jan 2024 06:06:41.292 * Running mode=standalone, port=5013.
1394428:M 06 Jan 2024 06:06:41.299 * <raft> RedisRaft version 255.255.255 [b779b199]
1394428:M 06 Jan 2024 06:06:41.304 * <raft> Initializing test network
1394428:M 06 Jan 2024 06:06:41.304 * <raft> Created test network client
1394428:M 06 Jan 2024 06:06:41.305 * <raft> Raft module loaded, state is 'uninitialized'
1394428:M 06 Jan 2024 06:06:41.305 * Module 'raft' loaded from /home/snagendra/Fuzzing/redisraft-fuzzing/redisraft.so
1394428:M 06 Jan 2024 06:06:41.306 * Server initialized
1394428:M 06 Jan 2024 06:06:41.306 . The AOF directory appendonlydir doesn't exist
1394428:M 06 Jan 2024 06:06:41.307 * Ready to accept connections tcp
1394428:M 06 Jan 2024 06:06:41.307 . 0 clients connected (0 replicas), 1726224 bytes in use
1394428:M 06 Jan 2024 06:06:41.312 - Accepted 127.0.0.1:37920
1394428:M 06 Jan 2024 06:06:41.312 # Missing implement of connection type tls
1394428:M 06 Jan 2024 06:06:41.405 - <raft> join cluster, connecting to localhost:5011
1394428:M 06 Jan 2024 06:06:41.407 * <raft> Joined Raft cluster, node id: 3, dbid: 6c43fe03fbd1e4a1930b6c469c4f6444
1394428:M 06 Jan 2024 06:06:41.416 * <raft> Cluster Membership: term:0 index:0 nodes: id=3,voting=0,active=1,addr=-
1394428:M 06 Jan 2024 06:06:41.416 * <raft> Test network starting message polling thread
1394428:M 06 Jan 2024 06:06:41.423 * <raft> Cluster Membership: term:1 index:2 nodes: id=3,voting=0,active=1,addr=- id=1,voting=1,active=1,addr=localhost:5011
1394428:M 06 Jan 2024 06:06:41.423 * <raft> Cluster Membership: term:1 index:3 nodes: id=3,voting=0,active=1,addr=- id=1,voting=1,active=1,addr=localhost:5011 id=2,voting=0,active=1,addr=localhost:5012
1394428:M 06 Jan 2024 06:06:41.443 - Accepted 127.0.0.1:37926
1394428:M 06 Jan 2024 06:06:41.575 - Accepted 127.0.0.1:37938
1394428:M 06 Jan 2024 06:06:41.708 - Client closed connection id=9 addr=127.0.0.1:37926 laddr=127.0.0.1:5013 fd=10 name= age=0 idle=0 flags=N db=0 sub=0 psub=0 ssub=0 multi=-1 qbuf=0 qbuf-free=20474 argv-mem=0 multi-mem=0 rbs=1024 rbp=0 obl=0 oll=0 omem=0 tot-mem=22400 events=r cmd=auth user=default redir=-1 resp=2 lib-name= lib-ver=
1394428:M 06 Jan 2024 06:06:41.908 * <raft> State change: Election starting, node is now a pre-candidate, term 1
1394428:M 06 Jan 2024 06:06:41.908 * <raft> Cluster Membership: term:1 index:4 nodes: id=3,voting=0,active=1,addr=- id=1,voting=1,active=1,addr=localhost:5011 id=2,voting=0,active=1,addr=localhost:5012
1394428:M 06 Jan 2024 06:06:42.075 * <raft> State change: Node is now a follower, term 1
1394428:M 06 Jan 2024 06:06:42.075 * <raft> Cluster Membership: term:1 index:4 nodes: id=3,voting=0,active=1,addr=- id=1,voting=1,active=1,addr=localhost:5011 id=2,voting=0,active=1,addr=localhost:5012
1394428:M 06 Jan 2024 06:06:42.410 - Accepted 127.0.0.1:37946
1394428:M 06 Jan 2024 06:06:42.414 - Reading from client: Connection reset by peer
1394428:M 06 Jan 2024 06:06:42.557 - Client closed connection id=10 addr=127.0.0.1:37938 laddr=127.0.0.1:5013 fd=15 name= age=1 idle=1 flags=N db=0 sub=0 psub=0 ssub=0 multi=-1 qbuf=0 qbuf-free=20474 argv-mem=0 multi-mem=0 rbs=1024 rbp=0 obl=0 oll=0 omem=0 tot-mem=22400 events=r cmd=auth user=default redir=-1 resp=2 lib-name= lib-ver=
1394428:M 06 Jan 2024 06:06:42.813 * <raft> State change: Election starting, node is now a pre-candidate, term 1
1394428:M 06 Jan 2024 06:06:42.813 * <raft> Cluster Membership: term:1 index:5 nodes: id=3,voting=1,active=1,addr=- id=1,voting=1,active=1,addr=localhost:5011 id=2,voting=0,active=1,addr=localhost:5012
1394428:signal-handler (1704517603) Received SIGINT scheduling shutdown...
1394428:signal-handler (1704517603) You insist... exiting now.
1395561:C 06 Jan 2024 06:06:43.703 # WARNING Memory overcommit must be enabled! Without it, a background save or replication may fail under low memory condition. Being disabled, it can also cause failures without low memory condition, see https://github.com/jemalloc/jemalloc/issues/1328. To fix this issue add 'vm.overcommit_memory = 1' to /etc/sysctl.conf and then reboot or run the command 'sysctl vm.overcommit_memory=1' for this to take effect.
1395561:C 06 Jan 2024 06:06:43.704 * oO0OoO0OoO0Oo Redis is starting oO0OoO0OoO0Oo
1395561:C 06 Jan 2024 06:06:43.704 * Redis version=255.255.255, bits=64, commit=e04ebdb8, modified=1, pid=1395561, just started
1395561:C 06 Jan 2024 06:06:43.704 * Configuration loaded
1395561:M 06 Jan 2024 06:06:43.704 * monotonic clock: POSIX clock_gettime
1395561:M 06 Jan 2024 06:06:43.704 * Running mode=standalone, port=5013.
1395561:M 06 Jan 2024 06:06:43.711 * <raft> RedisRaft version 255.255.255 [b779b199]
1395561:M 06 Jan 2024 06:06:43.715 * <raft> Initializing test network
1395561:M 06 Jan 2024 06:06:43.716 * <raft> Created test network client
1395561:M 06 Jan 2024 06:06:43.718 * <raft> Raft module loaded, state is 'loading'
1395561:M 06 Jan 2024 06:06:43.718 * Module 'raft' loaded from /home/snagendra/Fuzzing/redisraft-fuzzing/redisraft.so
1395561:M 06 Jan 2024 06:06:43.719 * Server initialized
1395561:M 06 Jan 2024 06:06:43.719 . The AOF directory appendonlydir doesn't exist
1395561:M 06 Jan 2024 06:06:43.719 * Ready to accept connections tcp
1395561:M 06 Jan 2024 06:06:43.719 . 0 clients connected (0 replicas), 1746624 bytes in use
1395561:M 06 Jan 2024 06:06:43.778 - Accepted 127.0.0.1:37330
1395561:M 06 Jan 2024 06:06:43.778 # Missing implement of connection type tls
1395561:M 06 Jan 2024 06:06:43.818 * <raft> Loading: Redis loading complete, snapshot NOT LOADED
1395561:M 06 Jan 2024 06:06:43.819 * <raft> Cluster Membership: term:0 index:0 nodes: id=3,voting=0,active=1,addr=-
1395561:M 06 Jan 2024 06:06:43.819 * <raft> Test network starting message polling thread


=== REDIS BUG REPORT START: Cut & paste starting from here ===
1395561:M 06 Jan 2024 06:06:43.819 # === ASSERTION FAILED ===
1395561:M 06 Jan 2024 06:06:43.819 # ==> /home/snagendra/Fuzzing/redisraft-fuzzing/src/log.c:509 'ety != NULL' is not true
1395561:M 06 Jan 2024 06:06:43.819 # === ASSERTION FAILED ===
1395561:M 06 Jan 2024 06:06:43.819 # ==> /home/snagendra/Fuzzing/redisraft-fuzzing/src/log.c:509 'ety != NULL' is not true

------ STACK TRACE ------

Backtrace:

------ STACK TRACE ------

Backtrace:
/home/snagendra/Fuzzing/redisraft-fuzzing/redisraft.so(+0x25e00)[0x7fa04725ae00]
/home/snagendra/Fuzzing/redisraft-fuzzing/redisraft.so(LogGet+0x60)[0x7fa04725c1b0]
/home/snagendra/Fuzzing/redisraft-fuzzing/redisraft.so(+0x25e00)[0x7fa04725ae00]
/home/snagendra/Fuzzing/redisraft-fuzzing/redisraft.so(+0x272ef)[0x7fa04725c2ef]
/home/snagendra/Fuzzing/redisraft-fuzzing/redisraft.so(raft_get_entry_from_idx+0x1a)[0x7fa04727045a]
/home/snagendra/Fuzzing/redisraft-fuzzing/redisraft.so(raft_get_last_log_term+0x36)[0x7fa047276346]
/home/snagendra/Fuzzing/redisraft-fuzzing/redisraft.so(raft_recv_requestvote+0x16f)[0x7fa04727108f]
/home/snagendra/Fuzzing/redisraft-fuzzing/redisraft.so(handleTestNetworkMessage+0x1a2)[0x7fa04726a512]
/home/snagendra/Fuzzing/redisraft-fuzzing/redisraft.so(poll_redis_test_messages+0x89)[0x7fa04726a5c9]
/lib/x86_64-linux-gnu/libc.so.6(+0x89044)[0x7fa04734b044]
/lib/x86_64-linux-gnu/libc.so.6(+0x10961c)[0x7fa0473cb61c]

------ INFO OUTPUT ------
/home/snagendra/Fuzzing/redisraft-fuzzing/redisraft.so(LogGet+0x60)[0x7fa04725c1b0]
/home/snagendra/Fuzzing/redisraft-fuzzing/redisraft.so(+0x272ef)[0x7fa04725c2ef]
/home/snagendra/Fuzzing/redisraft-fuzzing/redisraft.so(raft_restore_log+0x54)[0x7fa0472758d4]
/home/snagendra/Fuzzing/redisraft-fuzzing/redisraft.so(callRaftPeriodic+0x131)[0x7fa047261d41]
/home/snagendra/Fuzzing/redis/src/redis-server 0.0.0.0:5013(moduleTimerHandler+0x21c)[0x560ccb77498c]
/home/snagendra/Fuzzing/redis/src/redis-server 0.0.0.0:5013(+0x81705)[0x560ccb67e705]
/home/snagendra/Fuzzing/redis/src/redis-server 0.0.0.0:5013(aeMain+0x1c8)[0x560ccb688cb8]
/home/snagendra/Fuzzing/redis/src/redis-server 0.0.0.0:5013(main+0x3cd)[0x560ccb67de2d]
/lib/x86_64-linux-gnu/libc.so.6(+0x271ca)[0x7fa0472e91ca]
/lib/x86_64-linux-gnu/libc.so.6(__libc_start_main+0x85)[0x7fa0472e9285]
# Server
redis_version:255.255.255
redis_git_sha1:e04ebdb8
redis_git_dirty:1
redis_build_id:1f78dcc7b4fbdd25
redis_mode:standalone
os:Linux 6.1.60.1.amd64-smp x86_64
arch_bits:64
monotonic_clock:POSIX clock_gettime
multiplexing_api:epoll
atomicvar_api:c11-builtin
gcc_version:10.2.1
process_id:1395561
process_supervised:no
run_id:c40dd31e01fc0af94e0d7350bba847a8a6a4b7e4
tcp_port:5013
server_time_usec:1704517603818731
uptime_in_seconds:0
uptime_in_days:0
hz:10
configured_hz:10
lru_clock:10018787
executable:/home/snagendra/Fuzzing/redis/src/redis-server
config_file:
io_threads_active:0
listener0:name=tcp,bind=0.0.0.0,port=5013

# Clients
connected_clients:1
cluster_connections:0
maxclients:10000
client_recent_max_input_buffer:0
client_recent_max_output_buffer:0
blocked_clients:0
tracking_clients:0
clients_in_timeout_table:0
total_blocking_keys:0
total_blocking_keys_on_nokey:0

# Memory
used_memory:1816832
used_memory_human:1.73M
used_memory_rss:17604608
used_memory_rss_human:16.79M
used_memory_peak:1816832
used_memory_peak_human:1.73M
used_memory_peak_perc:100.39%
used_memory_overhead:1746664
used_memory_startup:1746480
used_memory_dataset:70168
used_memory_dataset_perc:99.74%
allocator_allocated:2156648
allocator_active:2703360
allocator_resident:10907648
total_system_memory:270388695040
total_system_memory_human:251.82G
used_memory_lua:31744
used_memory_vm_eval:31744
used_memory_lua_human:31.00K
used_memory_scripts_eval:0
number_of_cached_scripts:0
number_of_functions:0
number_of_libraries:0
used_memory_vm_functions:32768
used_memory_vm_total:64512
used_memory_vm_total_human:63.00K
used_memory_functions:184
used_memory_scripts:184
used_memory_scripts_human:184B
maxmemory:0
maxmemory_human:0B
maxmemory_policy:noeviction
allocator_frag_ratio:1.25
allocator_frag_bytes:546712
allocator_rss_ratio:4.03
allocator_rss_bytes:8204288
rss_overhead_ratio:1.61
rss_overhead_bytes:6696960
mem_fragmentation_ratio:10.08
mem_fragmentation_bytes:15857984
mem_not_counted_for_evict:0
mem_replication_backlog:0
mem_total_replication_buffers:0
mem_clients_slaves:0
mem_clients_normal:0
mem_cluster_links:0
mem_aof_buffer:0
mem_allocator:jemalloc-5.3.0
active_defrag_running:0
lazyfree_pending_objects:0
lazyfreed_objects:0

# Persistence
loading:0
async_loading:0
current_cow_peak:0
current_cow_size:0
current_cow_size_age:0
current_fork_perc:0.00
current_save_keys_processed:0
current_save_keys_total:0
rdb_changes_since_last_save:0
rdb_bgsave_in_progress:0
rdb_last_save_time:1704517603
rdb_last_bgsave_status:ok
rdb_last_bgsave_time_sec:-1
rdb_current_bgsave_time_sec:-1
rdb_saves:0
rdb_last_cow_size:0
rdb_last_load_keys_expired:0
rdb_last_load_keys_loaded:0
aof_enabled:0
aof_rewrite_in_progress:0
aof_rewrite_scheduled:0
aof_last_rewrite_time_sec:-1
aof_current_rewrite_time_sec:-1
aof_last_bgrewrite_status:ok
aof_rewrites:0
aof_rewrites_consecutive_failures:0
aof_last_write_status:ok
aof_last_cow_size:0
module_fork_in_progress:0
module_fork_last_cow_size:0

# Stats
total_connections_received:1
total_commands_processed:7
instantaneous_ops_per_sec:25
total_net_input_bytes:33
total_net_output_bytes:5
total_net_repl_input_bytes:0
total_net_repl_output_bytes:0
instantaneous_input_kbps:0.00
instantaneous_output_kbps:0.00
instantaneous_input_repl_kbps:0.00
instantaneous_output_repl_kbps:0.00
rejected_connections:0
sync_full:0
sync_partial_ok:0
sync_partial_err:0
expired_keys:0
expired_stale_perc:0.00
expired_time_cap_reached_count:0
expire_cycle_cpu_milliseconds:0
evicted_keys:0
evicted_clients:0
total_eviction_exceeded_time:0
current_eviction_exceeded_time:0
keyspace_hits:0
keyspace_misses:0
pubsub_channels:0
pubsub_patterns:0
pubsubshard_channels:0
latest_fork_usec:0
total_forks:0
migrate_cached_sockets:0
slave_expires_tracked_keys:0
active_defrag_hits:0
active_defrag_misses:0
active_defrag_key_hits:0
active_defrag_key_misses:0
total_active_defrag_time:0
current_active_defrag_time:0
tracking_total_keys:0
tracking_total_items:0
tracking_total_prefixes:0
unexpected_error_replies:0
total_error_replies:0
dump_payload_sanitizations:0
total_reads_processed:1
total_writes_processed:1
io_threaded_reads_processed:0
io_threaded_writes_processed:0
reply_buffer_shrinks:0
reply_buffer_expands:0
acl_access_denied_auth:0
acl_access_denied_cmd:0
acl_access_denied_key:0
acl_access_denied_channel:0

# Replication
role:master
connected_slaves:0
master_failover_state:no-failover
master_replid:af249c84afe65ad5d736a52d5dacf9627ae115cb
master_replid2:0000000000000000000000000000000000000000
master_repl_offset:0
second_repl_offset:-1
repl_backlog_active:0
repl_backlog_size:1048576
repl_backlog_first_byte_offset:0
repl_backlog_histlen:0

# CPU
used_cpu_sys:0.000000
used_cpu_user:0.017594
used_cpu_sys_children:0.000000
used_cpu_user_children:0.000000
used_cpu_sys_main_thread:0.000000
used_cpu_user_main_thread:0.000531

# Modules
module:name=raft,ver=1,api=1,filters=1,usedby=[],using=[],options=[]

# Commandstats
cmdstat_auth:calls=1,usec=1,usec_per_call=1.00,rejected_calls=0,failed_calls=0
cmdstat_command:calls=2,usec=1417,usec_per_call=708.50,rejected_calls=0,failed_calls=0
cmdstat_config|set:calls=1,usec=6,usec_per_call=6.00,rejected_calls=0,failed_calls=0
cmdstat_config|get:calls=3,usec=4,usec_per_call=1.33,rejected_calls=0,failed_calls=0

# Errorstats

# Latencystats
latency_percentiles_usec_auth:p50=1.003,p99=1.003,p99.9=1.003
latency_percentiles_usec_command:p50=692.223,p99=729.087,p99.9=729.087
latency_percentiles_usec_config|set:p50=6.015,p99=6.015,p99.9=6.015
latency_percentiles_usec_config|get:p50=1.003,p99=2.007,p99.9=2.007

# Cluster
cluster_enabled:0

# Keyspace

------ CLIENT LIST OUTPUT ------
/home/snagendra/Fuzzing/redis/src/redis-server 0.0.0.0:5013(_start+0x2a)[0x560ccb67e5aa]

------ INFO OUTPUT ------
id=8 addr=127.0.0.1:37330 laddr=127.0.0.1:5013 fd=11 name= age=0 idle=0 flags=N db=0 sub=0 psub=0 ssub=0 multi=-1 qbuf=0 qbuf-free=20474 argv-mem=0 multi-mem=0 rbs=16384 rbp=16384 obl=0 oll=0 omem=0 tot-mem=37760 events=r cmd=auth user=default redir=-1 resp=2 lib-name= lib-ver=

------ MODULES INFO OUTPUT ------
# raft_version
raft_version:255.255.255
raft_git_sha1:b779b199

# raft_general
raft_dbid:6c43fe03fbd1e4a1930b6c469c4f6444
raft_node_id:3
raft_state:up
raft_role:follower
raft_is_voting:no
raft_voted_for:-1
raft_leader_id:-1
raft_current_term:0
raft_num_nodes:1
raft_num_voting_nodes:0

# raft_log
raft_log_entries:5
raft_current_index:5
raft_commit_index:0
raft_last_applied_index:0
raft_file_size:1527
raft_cache_memory_size:0
raft_cache_entries:0
raft_client_attached_entries:0
raft_fsync_count:0
raft_fsync_max_microseconds:0
raft_entry1:term=1,id=0,data_len=0
raft_entry2:term=1,id=996240003,data_len=264
raft_entry3:term=1,id=887637474,data_len=264
raft_entry4:term=1,id=491639627,data_len=264
raft_fsync_avg_microseconds:0

# raft_snapshot
raft_snapshot_filename:redis3.rdb
raft_snapshot_last_idx:0
raft_snapshot_last_term:0
raft_snapshot_size:0
raft_snapshot_time_secs:-1
raft_snapshots_created:0
raft_snapshots_received:0
raft_snapshot_in_progress:no
raft_snapshot_in_progress_last_idx:-1
raft_snapshot_in_progress_last_term:-1

# raft_clients
raft_proxy_reqs:0
raft_proxy_failed_reqs:0
raft_proxy_failed_responses:0
raft_proxy_outstanding_reqs:0

# raft_stats
raft_appendreq_received:0
raft_appendreq_with_entry_received:0
raft_snapshotreq_received:0
raft_exec_throttled:0
raft_num_sessions:0
# Server
redis_version:255.255.255
redis_git_sha1:e04ebdb8
redis_git_dirty:1
redis_build_id:1f78dcc7b4fbdd25
redis_mode:standalone
os:Linux 6.1.60.1.amd64-smp x86_64
arch_bits:64
monotonic_clock:POSIX clock_gettime
multiplexing_api:epoll
atomicvar_api:c11-builtin
gcc_version:10.2.1
process_id:1395561
process_supervised:no
run_id:c40dd31e01fc0af94e0d7350bba847a8a6a4b7e4
tcp_port:5013
server_time_usec:1704517603818731
uptime_in_seconds:0
uptime_in_days:0
hz:10
configured_hz:10
lru_clock:10018787
executable:/home/snagendra/Fuzzing/redis/src/redis-server
config_file:
io_threads_active:0
listener0:name=tcp,bind=0.0.0.0,port=5013

# Clients
connected_clients:1
cluster_connections:0
maxclients:10000
client_recent_max_input_buffer:0
client_recent_max_output_buffer:0
blocked_clients:0
tracking_clients:0
clients_in_timeout_table:0
total_blocking_keys:0
total_blocking_keys_on_nokey:0

# Memory
used_memory:1829496
used_memory_human:1.74M
used_memory_rss:17604608
used_memory_rss_human:16.79M
used_memory_peak:1829496
used_memory_peak_human:1.74M
used_memory_peak_perc:100.75%
used_memory_overhead:1746664
used_memory_startup:1746480
used_memory_dataset:83856
used_memory_dataset_perc:99.78%
allocator_allocated:2156648
allocator_active:2703360
allocator_resident:10907648
total_system_memory:270388695040
total_system_memory_human:251.82G
used_memory_lua:31744
used_memory_vm_eval:31744
used_memory_lua_human:31.00K
used_memory_scripts_eval:0
number_of_cached_scripts:0
number_of_functions:0
number_of_libraries:0
used_memory_vm_functions:32768
used_memory_vm_total:64512
used_memory_vm_total_human:63.00K
used_memory_functions:184
used_memory_scripts:184
used_memory_scripts_human:184B
maxmemory:0
maxmemory_human:0B
maxmemory_policy:noeviction
allocator_frag_ratio:1.25
allocator_frag_bytes:546712
allocator_rss_ratio:4.03
allocator_rss_bytes:8204288
rss_overhead_ratio:1.61
rss_overhead_bytes:6696960
mem_fragmentation_ratio:10.08
mem_fragmentation_bytes:15857984
mem_not_counted_for_evict:0
mem_replication_backlog:0
mem_total_replication_buffers:0
mem_clients_slaves:0
mem_clients_normal:0
mem_cluster_links:0
mem_aof_buffer:0
mem_allocator:jemalloc-5.3.0
active_defrag_running:0
lazyfree_pending_objects:0
lazyfreed_objects:0

# Persistence
loading:0
async_loading:0
current_cow_peak:0
current_cow_size:0
current_cow_size_age:0
current_fork_perc:0.00
current_save_keys_processed:0
current_save_keys_total:0
rdb_changes_since_last_save:0
rdb_bgsave_in_progress:0
rdb_last_save_time:1704517603
rdb_last_bgsave_status:ok
rdb_last_bgsave_time_sec:-1
rdb_current_bgsave_time_sec:-1
rdb_saves:0
rdb_last_cow_size:0
rdb_last_load_keys_expired:0
rdb_last_load_keys_loaded:0
aof_enabled:0
aof_rewrite_in_progress:0
aof_rewrite_scheduled:0
aof_last_rewrite_time_sec:-1
aof_current_rewrite_time_sec:-1
aof_last_bgrewrite_status:ok
aof_rewrites:0
aof_rewrites_consecutive_failures:0
aof_last_write_status:ok
aof_last_cow_size:0
module_fork_in_progress:0
module_fork_last_cow_size:0

# Stats
total_connections_received:1
total_commands_processed:7
instantaneous_ops_per_sec:25
total_net_input_bytes:33
total_net_output_bytes:5
total_net_repl_input_bytes:0
total_net_repl_output_bytes:0
instantaneous_input_kbps:0.00
instantaneous_output_kbps:0.00
instantaneous_input_repl_kbps:0.00
instantaneous_output_repl_kbps:0.00
rejected_connections:0
sync_full:0
sync_partial_ok:0
sync_partial_err:0
expired_keys:0
expired_stale_perc:0.00
expired_time_cap_reached_count:0
expire_cycle_cpu_milliseconds:0
evicted_keys:0
evicted_clients:0
total_eviction_exceeded_time:0
current_eviction_exceeded_time:0
keyspace_hits:0
keyspace_misses:0
pubsub_channels:0
pubsub_patterns:0
pubsubshard_channels:0
latest_fork_usec:0
total_forks:0
migrate_cached_sockets:0
slave_expires_tracked_keys:0
active_defrag_hits:0
active_defrag_misses:0
active_defrag_key_hits:0
active_defrag_key_misses:0
total_active_defrag_time:0
current_active_defrag_time:0
tracking_total_keys:0
tracking_total_items:0
tracking_total_prefixes:0
unexpected_error_replies:0
total_error_replies:0
dump_payload_sanitizations:0
total_reads_processed:1
total_writes_processed:1
io_threaded_reads_processed:0
io_threaded_writes_processed:0
reply_buffer_shrinks:0
reply_buffer_expands:0
acl_access_denied_auth:0
acl_access_denied_cmd:0
acl_access_denied_key:0
acl_access_denied_channel:0

# Replication
role:master
connected_slaves:0
master_failover_state:no-failover
master_replid:af249c84afe65ad5d736a52d5dacf9627ae115cb
master_replid2:0000000000000000000000000000000000000000
master_repl_offset:0
second_repl_offset:-1
repl_backlog_active:0
repl_backlog_size:1048576
repl_backlog_first_byte_offset:0
repl_backlog_histlen:0

# CPU
used_cpu_sys:0.000000
used_cpu_user:0.017997
used_cpu_sys_children:0.000000
used_cpu_user_children:0.000000
used_cpu_sys_main_thread:0.000000
used_cpu_user_main_thread:0.016631

# Modules
module:name=raft,ver=1,api=1,filters=1,usedby=[],using=[],options=[]

# Commandstats
cmdstat_auth:calls=1,usec=1,usec_per_call=1.00,rejected_calls=0,failed_calls=0
cmdstat_command:calls=2,usec=1417,usec_per_call=708.50,rejected_calls=0,failed_calls=0
cmdstat_config|set:calls=1,usec=6,usec_per_call=6.00,rejected_calls=0,failed_calls=0
cmdstat_config|get:calls=3,usec=4,usec_per_call=1.33,rejected_calls=0,failed_calls=0

# Errorstats

# Latencystats
latency_percentiles_usec_auth:p50=1.003,p99=1.003,p99.9=1.003
latency_percentiles_usec_command:p50=692.223,p99=729.087,p99.9=729.087
latency_percentiles_usec_config|set:p50=6.015,p99=6.015,p99.9=6.015
latency_percentiles_usec_config|get:p50=1.003,p99=2.007,p99.9=2.007

# Cluster
cluster_enabled:0

# Keyspace

------ CLIENT LIST OUTPUT ------
id=8 addr=127.0.0.1:37330 laddr=127.0.0.1:5013 fd=11 name= age=0 idle=0 flags=N db=0 sub=0 psub=0 ssub=0 multi=-1 qbuf=0 qbuf-free=20474 argv-mem=0 multi-mem=0 rbs=16384 rbp=16384 obl=0 oll=0 omem=0 tot-mem=37760 events=r cmd=auth user=default redir=-1 resp=2 lib-name= lib-ver=

------ MODULES INFO OUTPUT ------

------ CONFIG DEBUG OUTPUT ------
io-threads-do-reads no
io-threads 1
repl-diskless-sync yes
lazyfree-lazy-expire no
slave-read-only yes
lazyfree-lazy-user-flush no
list-compress-depth 0
client-query-buffer-limit 1gb
replica-read-only yes
lazyfree-lazy-user-del no
activedefrag no
lazyfree-lazy-eviction no
proto-max-bulk-len 512mb
lazyfree-lazy-server-del no
repl-diskless-load disabled
sanitize-dump-payload no

------ FAST MEMORY TEST ------
1395561:M 06 Jan 2024 06:06:43.820 # main thread terminated
1395561:M 06 Jan 2024 06:06:43.820 # Bio worker thread #0 terminated
1395561:M 06 Jan 2024 06:06:43.820 # Bio worker thread #1 terminated
1395561:M 06 Jan 2024 06:06:43.820 # Bio worker thread #2 terminated

Fast memory test PASSED, however your memory can still be broken. Please run a memory test for several hours if possible.

=== REDIS BUG REPORT END. Make sure to include from START to END. ===

       Please report the crash by opening an issue on github:

           http://github.com/redis/redis/issues

  If a Redis module was involved, please open in the module's repo instead.

  Suspect RAM error? Use redis-server --test-memory to verify it.

  Some other issues could be detected by redis-server --check-system
1395710:C 06 Jan 2024 06:06:44.223 # WARNING Memory overcommit must be enabled! Without it, a background save or replication may fail under low memory condition. Being disabled, it can also cause failures without low memory condition, see https://github.com/jemalloc/jemalloc/issues/1328. To fix this issue add 'vm.overcommit_memory = 1' to /etc/sysctl.conf and then reboot or run the command 'sysctl vm.overcommit_memory=1' for this to take effect.
1395710:C 06 Jan 2024 06:06:44.223 * oO0OoO0OoO0Oo Redis is starting oO0OoO0OoO0Oo
1395710:C 06 Jan 2024 06:06:44.223 * Redis version=255.255.255, bits=64, commit=e04ebdb8, modified=1, pid=1395710, just started
1395710:C 06 Jan 2024 06:06:44.223 * Configuration loaded
1395710:M 06 Jan 2024 06:06:44.224 * monotonic clock: POSIX clock_gettime
1395710:M 06 Jan 2024 06:06:44.224 * Running mode=standalone, port=5013.
1395710:M 06 Jan 2024 06:06:44.231 * <raft> RedisRaft version 255.255.255 [b779b199]
1395710:M 06 Jan 2024 06:06:44.236 * <raft> Initializing test network
1395710:M 06 Jan 2024 06:06:44.236 * <raft> Created test network client
1395710:M 06 Jan 2024 06:06:44.240 * <raft> Raft module loaded, state is 'loading'
1395710:M 06 Jan 2024 06:06:44.240 * Module 'raft' loaded from /home/snagendra/Fuzzing/redisraft-fuzzing/redisraft.so
1395710:M 06 Jan 2024 06:06:44.240 * Server initialized
1395710:M 06 Jan 2024 06:06:44.240 . The AOF directory appendonlydir doesn't exist
1395710:M 06 Jan 2024 06:06:44.240 * Ready to accept connections tcp
1395710:M 06 Jan 2024 06:06:44.240 . 0 clients connected (0 replicas), 1746720 bytes in use
1395710:M 06 Jan 2024 06:06:44.280 - Accepted 127.0.0.1:37398
1395710:M 06 Jan 2024 06:06:44.280 # Missing implement of connection type tls
1395710:M 06 Jan 2024 06:06:44.340 * <raft> Loading: Redis loading complete, snapshot NOT LOADED
1395710:M 06 Jan 2024 06:06:44.341 * <raft> Cluster Membership: term:0 index:0 nodes: id=3,voting=0,active=1,addr=-
1395710:M 06 Jan 2024 06:06:44.341 * <raft> Test network starting message polling thread
1395710:M 06 Jan 2024 06:06:44.341 * <raft> Cluster Membership: term:0 index:5 nodes: id=3,voting=0,active=1,addr=- id=1,voting=1,active=1,addr=localhost:5011
1395710:M 06 Jan 2024 06:06:44.341 * <raft> Cluster Membership: term:0 index:5 nodes: id=3,voting=0,active=1,addr=- id=1,voting=1,active=1,addr=localhost:5011 id=2,voting=0,active=1,addr=localhost:5012
1395710:M 06 Jan 2024 06:06:44.342 * <raft> Raft state after loading log: log_count=5, first_idx=1, current_idx=5, last_applied_idx=0
1395710:M 06 Jan 2024 06:06:44.342 . <raft> Raft term=1, vote=-1
1395710:M 06 Jan 2024 06:06:44.542 - Accepted 127.0.0.1:37402
1395710:M 06 Jan 2024 06:06:44.616 - Client closed connection id=8 addr=127.0.0.1:37398 laddr=127.0.0.1:5013 fd=9 name= age=0 idle=0 flags=N db=0 sub=0 psub=0 ssub=0 multi=-1 qbuf=0 qbuf-free=20474 argv-mem=0 multi-mem=0 rbs=1024 rbp=0 obl=0 oll=0 omem=0 tot-mem=22400 events=r cmd=auth user=default redir=-1 resp=2 lib-name= lib-ver=
1395710:M 06 Jan 2024 06:06:44.636 - Client closed connection id=9 addr=127.0.0.1:37402 laddr=127.0.0.1:5013 fd=14 name= age=0 idle=0 flags=N db=0 sub=0 psub=0 ssub=0 multi=-1 qbuf=0 qbuf-free=20474 argv-mem=0 multi-mem=0 rbs=16384 rbp=0 obl=0 oll=0 omem=0 tot-mem=37760 events=r cmd=auth user=default redir=-1 resp=2 lib-name= lib-ver=
1395710:signal-handler (1704517604) Received SIGINT scheduling shutdown...
1395710:M 06 Jan 2024 06:06:44.643 * User requested shutdown...
1395710:M 06 Jan 2024 06:06:44.643 # Redis is now ready to exit, bye bye...

----- Stderr -----
libgcov profiling error:/home/snagendra/Fuzzing/redisraft-fuzzing/build/deps/raft/CMakeFiles/raft.dir/src/raft_server_properties.c.gcda:Merge mismatch for function 9
libgcov profiling error:/home/snagendra/Fuzzing/redisraft-fuzzing/build/deps/raft/CMakeFiles/raft.dir/src/raft_server.c.gcda:Merge mismatch for function 13
libgcov profiling error:/home/snagendra/Fuzzing/redisraft-fuzzing/build/deps/raft/CMakeFiles/raft.dir/src/raft_server_properties.c.gcda:Merge mismatch for function 9
libgcov profiling error:/home/snagendra/Fuzzing/redisraft-fuzzing/build/deps/raft/CMakeFiles/raft.dir/src/raft_server.c.gcda:Merge mismatch for function 13




logs for node: 1

----- Stdout -----
1394340:C 06 Jan 2024 06:06:41.127 # WARNING Memory overcommit must be enabled! Without it, a background save or replication may fail under low memory condition. Being disabled, it can also cause failures without low memory condition, see https://github.com/jemalloc/jemalloc/issues/1328. To fix this issue add 'vm.overcommit_memory = 1' to /etc/sysctl.conf and then reboot or run the command 'sysctl vm.overcommit_memory=1' for this to take effect.
1394340:C 06 Jan 2024 06:06:41.127 * oO0OoO0OoO0Oo Redis is starting oO0OoO0OoO0Oo
1394340:C 06 Jan 2024 06:06:41.127 * Redis version=255.255.255, bits=64, commit=e04ebdb8, modified=1, pid=1394340, just started
1394340:C 06 Jan 2024 06:06:41.127 * Configuration loaded
1394340:M 06 Jan 2024 06:06:41.127 * monotonic clock: POSIX clock_gettime
1394340:M 06 Jan 2024 06:06:41.127 * Running mode=standalone, port=5011.
1394340:M 06 Jan 2024 06:06:41.134 * <raft> RedisRaft version 255.255.255 [b779b199]
1394340:M 06 Jan 2024 06:06:41.139 * <raft> Initializing test network
1394340:M 06 Jan 2024 06:06:41.140 * <raft> Created test network client
1394340:M 06 Jan 2024 06:06:41.140 * <raft> Raft module loaded, state is 'uninitialized'
1394340:M 06 Jan 2024 06:06:41.140 * Module 'raft' loaded from /home/snagendra/Fuzzing/redisraft-fuzzing/redisraft.so
1394340:M 06 Jan 2024 06:06:41.141 * Server initialized
1394340:M 06 Jan 2024 06:06:41.141 . The AOF directory appendonlydir doesn't exist
1394340:M 06 Jan 2024 06:06:41.142 * Ready to accept connections tcp
1394340:M 06 Jan 2024 06:06:41.142 . 0 clients connected (0 replicas), 1726192 bytes in use
1394340:M 06 Jan 2024 06:06:41.144 - Accepted 127.0.0.1:52738
1394340:M 06 Jan 2024 06:06:41.144 # Missing implement of connection type tls
1394340:M 06 Jan 2024 06:06:41.151 * <raft> Cluster Membership: term:0 index:0 nodes: id=1,voting=0,active=1,addr=-
1394340:M 06 Jan 2024 06:06:41.157 * <raft> State change: Node is now a leader, term 1
1394340:M 06 Jan 2024 06:06:41.157 * <raft> Cluster Membership: term:1 index:1 nodes: id=1,voting=0,active=1,addr=-
1394340:M 06 Jan 2024 06:06:41.158 * <raft> Test network starting message polling thread
1394340:M 06 Jan 2024 06:06:41.158 * <raft> Raft Cluster initialized, node id: 1, dbid: 6c43fe03fbd1e4a1930b6c469c4f6444
1394340:M 06 Jan 2024 06:06:41.274 - Accepted 127.0.0.1:52740
1394340:M 06 Jan 2024 06:06:41.275 * <raft> Cluster Membership: term:1 index:3 nodes: id=1,voting=1,active=1,addr=- id=2,voting=0,active=1,addr=localhost:5012
1394340:M 06 Jan 2024 06:06:41.289 - Client closed connection id=9 addr=127.0.0.1:52740 laddr=127.0.0.1:5011 fd=12 name= age=0 idle=0 flags=N db=0 sub=0 psub=0 ssub=0 multi=-1 qbuf=0 qbuf-free=20474 argv-mem=0 multi-mem=0 rbs=16384 rbp=16384 obl=0 oll=0 omem=0 tot-mem=37760 events=r cmd=raft.node user=default redir=-1 resp=2 lib-name= lib-ver=
1394340:M 06 Jan 2024 06:06:41.406 - Accepted 127.0.0.1:52754
1394340:M 06 Jan 2024 06:06:41.407 * <raft> Cluster Membership: term:1 index:4 nodes: id=1,voting=1,active=1,addr=- id=2,voting=0,active=1,addr=localhost:5012 id=3,voting=0,active=1,addr=localhost:5013
1394340:M 06 Jan 2024 06:06:41.416 - Client closed connection id=10 addr=127.0.0.1:52754 laddr=127.0.0.1:5011 fd=13 name= age=0 idle=0 flags=N db=0 sub=0 psub=0 ssub=0 multi=-1 qbuf=0 qbuf-free=20474 argv-mem=0 multi-mem=0 rbs=16384 rbp=16384 obl=0 oll=0 omem=0 tot-mem=37760 events=r cmd=raft.node user=default redir=-1 resp=2 lib-name= lib-ver=
1394340:M 06 Jan 2024 06:06:41.449 * <raft> node:3 has sufficient logs, adding as voting node.
1394340:M 06 Jan 2024 06:06:41.506 - Accepted 127.0.0.1:52762
1394340:M 06 Jan 2024 06:06:41.540 - Accepted 127.0.0.1:52778
1394340:M 06 Jan 2024 06:06:41.575 - Accepted 127.0.0.1:52780
1394340:signal-handler (1704517601) Received SIGINT scheduling shutdown...
1394340:signal-handler (1704517601) You insist... exiting now.
1394944:C 06 Jan 2024 06:06:42.291 # WARNING Memory overcommit must be enabled! Without it, a background save or replication may fail under low memory condition. Being disabled, it can also cause failures without low memory condition, see https://github.com/jemalloc/jemalloc/issues/1328. To fix this issue add 'vm.overcommit_memory = 1' to /etc/sysctl.conf and then reboot or run the command 'sysctl vm.overcommit_memory=1' for this to take effect.
1394944:C 06 Jan 2024 06:06:42.291 * oO0OoO0OoO0Oo Redis is starting oO0OoO0OoO0Oo
1394944:C 06 Jan 2024 06:06:42.292 * Redis version=255.255.255, bits=64, commit=e04ebdb8, modified=1, pid=1394944, just started
1394944:C 06 Jan 2024 06:06:42.292 * Configuration loaded
1394944:M 06 Jan 2024 06:06:42.292 * monotonic clock: POSIX clock_gettime
1394944:M 06 Jan 2024 06:06:42.292 * Running mode=standalone, port=5011.
1394944:M 06 Jan 2024 06:06:42.299 * <raft> RedisRaft version 255.255.255 [b779b199]
1394944:M 06 Jan 2024 06:06:42.303 * <raft> Initializing test network
1394944:M 06 Jan 2024 06:06:42.304 * <raft> Created test network client
1394944:M 06 Jan 2024 06:06:42.307 * <raft> Raft module loaded, state is 'loading'
1394944:M 06 Jan 2024 06:06:42.307 * Module 'raft' loaded from /home/snagendra/Fuzzing/redisraft-fuzzing/redisraft.so
1394944:M 06 Jan 2024 06:06:42.308 * Server initialized
1394944:M 06 Jan 2024 06:06:42.308 . The AOF directory appendonlydir doesn't exist
1394944:M 06 Jan 2024 06:06:42.308 * Ready to accept connections tcp
1394944:M 06 Jan 2024 06:06:42.308 . 0 clients connected (0 replicas), 1746688 bytes in use
1394944:M 06 Jan 2024 06:06:42.310 - Accepted 127.0.0.1:52906
1394944:M 06 Jan 2024 06:06:42.310 # Missing implement of connection type tls
1394944:M 06 Jan 2024 06:06:42.381 - Accepted 127.0.0.1:52916
1394944:M 06 Jan 2024 06:06:42.408 * <raft> Loading: Redis loading complete, snapshot NOT LOADED
1394944:M 06 Jan 2024 06:06:42.408 * <raft> Cluster Membership: term:0 index:0 nodes: id=1,voting=0,active=1,addr=-
1394944:M 06 Jan 2024 06:06:42.408 * <raft> Test network starting message polling thread
1394944:M 06 Jan 2024 06:06:42.409 * <raft> Cluster Membership: term:0 index:6 nodes: id=1,voting=1,active=1,addr=- id=2,voting=0,active=1,addr=localhost:5012


=== REDIS BUG REPORT START: Cut & paste starting from here ===
1394944:M 06 Jan 2024 06:06:42.409 # === ASSERTION FAILED ===
1394944:M 06 Jan 2024 06:06:42.409 # ==> /home/snagendra/Fuzzing/redisraft-fuzzing/src/log.c:509 'ety != NULL' is not true

------ STACK TRACE ------

Backtrace:
/home/snagendra/Fuzzing/redisraft-fuzzing/redisraft.so(+0x25e00)[0x7f368f859e00]
/home/snagendra/Fuzzing/redisraft-fuzzing/redisraft.so(LogGet+0x60)[0x7f368f85b1b0]
1394944:M 06 Jan 2024 06:06:42.409 * <raft> Cluster Membership: term:0 index:6 nodes: id=1,voting=1,active=1,addr=- id=2,voting=0,active=1,addr=localhost:5012 id=3,voting=0,active=1,addr=localhost:5013
/home/snagendra/Fuzzing/redisraft-fuzzing/redisraft.so(+0x272ef)[0x7f368f85b2ef]
/home/snagendra/Fuzzing/redisraft-fuzzing/redisraft.so(raft_get_entry_from_idx+0x1a)[0x7f368f86f45a]
1394944:M 06 Jan 2024 06:06:42.409 * <raft> Raft state after loading log: log_count=6, first_idx=1, current_idx=6, last_applied_idx=0
1394944:M 06 Jan 2024 06:06:42.409 . <raft> Raft term=1, vote=-1
/home/snagendra/Fuzzing/redisraft-fuzzing/redisraft.so(raft_get_last_log_term+0x36)[0x7f368f875346]
/home/snagendra/Fuzzing/redisraft-fuzzing/redisraft.so(raft_recv_requestvote+0x16f)[0x7f368f87008f]
/home/snagendra/Fuzzing/redisraft-fuzzing/redisraft.so(handleTestNetworkMessage+0x1a2)[0x7f368f869512]
/home/snagendra/Fuzzing/redisraft-fuzzing/redisraft.so(poll_redis_test_messages+0x89)[0x7f368f8695c9]
/lib/x86_64-linux-gnu/libc.so.6(+0x89044)[0x7f368f94a044]
/lib/x86_64-linux-gnu/libc.so.6(+0x10961c)[0x7f368f9ca61c]

------ INFO OUTPUT ------
# Server
redis_version:255.255.255
redis_git_sha1:e04ebdb8
redis_git_dirty:1
redis_build_id:1f78dcc7b4fbdd25
redis_mode:standalone
os:Linux 6.1.60.1.amd64-smp x86_64
arch_bits:64
monotonic_clock:POSIX clock_gettime
multiplexing_api:epoll
atomicvar_api:c11-builtin
gcc_version:10.2.1
process_id:1394944
process_supervised:no
run_id:f103b75f00d1c0efd2daf51674a93635228511ab
tcp_port:5011
server_time_usec:1704517602409704
uptime_in_seconds:0
uptime_in_days:0
hz:10
configured_hz:10
lru_clock:10018786
executable:/home/snagendra/Fuzzing/redis/src/redis-server
config_file:
io_threads_active:0
listener0:name=tcp,bind=0.0.0.0,port=5011

# Clients
connected_clients:2
cluster_connections:0
maxclients:10000
client_recent_max_input_buffer:20480
client_recent_max_output_buffer:0
blocked_clients:0
tracking_clients:0
clients_in_timeout_table:0
total_blocking_keys:0
total_blocking_keys_on_nokey:0

# Memory
used_memory:1857200
used_memory_human:1.77M
used_memory_rss:18530304
used_memory_rss_human:17.67M
used_memory_peak:1857200
used_memory_peak_human:1.77M
used_memory_peak_perc:100.10%
used_memory_overhead:1822248
used_memory_startup:1746544
used_memory_dataset:34952
used_memory_dataset_perc:31.59%
allocator_allocated:2323104
allocator_active:2879488
allocator_resident:10993664
total_system_memory:270388695040
total_system_memory_human:251.82G
used_memory_lua:31744
used_memory_vm_eval:31744
used_memory_lua_human:31.00K
used_memory_scripts_eval:0
number_of_cached_scripts:0
number_of_functions:0
number_of_libraries:0
used_memory_vm_functions:32768
used_memory_vm_total:64512
used_memory_vm_total_human:63.00K
used_memory_functions:184
used_memory_scripts:184
used_memory_scripts_human:184B
maxmemory:0
maxmemory_human:0B
maxmemory_policy:noeviction
allocator_frag_ratio:1.24
allocator_frag_bytes:556384
allocator_rss_ratio:3.82
allocator_rss_bytes:8114176
rss_overhead_ratio:1.69
rss_overhead_bytes:7536640
mem_fragmentation_ratio:9.99
mem_fragmentation_bytes:16675008
mem_not_counted_for_evict:0
mem_replication_backlog:0
mem_total_replication_buffers:0
mem_clients_slaves:0
mem_clients_normal:75520
mem_cluster_links:0
mem_aof_buffer:0
mem_allocator:jemalloc-5.3.0
active_defrag_running:0
lazyfree_pending_objects:0
lazyfreed_objects:0

# Persistence
loading:0
async_loading:0
current_cow_peak:0
current_cow_size:0
current_cow_size_age:0
current_fork_perc:0.00
current_save_keys_processed:0
current_save_keys_total:0
rdb_changes_since_last_save:0
rdb_bgsave_in_progress:0
rdb_last_save_time:1704517602
rdb_last_bgsave_status:ok
rdb_last_bgsave_time_sec:-1
rdb_current_bgsave_time_sec:-1
rdb_saves:0
rdb_last_cow_size:0
rdb_last_load_keys_expired:0
rdb_last_load_keys_loaded:0
aof_enabled:0
aof_rewrite_in_progress:0
aof_rewrite_scheduled:0
aof_last_rewrite_time_sec:-1
aof_current_rewrite_time_sec:-1
aof_last_bgrewrite_status:ok
aof_rewrites:0
aof_rewrites_consecutive_failures:0
aof_last_write_status:ok
aof_last_cow_size:0
module_fork_in_progress:0
module_fork_last_cow_size:0

# Stats
total_connections_received:2
total_commands_processed:8
instantaneous_ops_per_sec:24
total_net_input_bytes:66
total_net_output_bytes:10
total_net_repl_input_bytes:0
total_net_repl_output_bytes:0
instantaneous_input_kbps:0.04
instantaneous_output_kbps:0.01
instantaneous_input_repl_kbps:0.00
instantaneous_output_repl_kbps:0.00
rejected_connections:0
sync_full:0
sync_partial_ok:0
sync_partial_err:0
expired_keys:0
expired_stale_perc:0.00
expired_time_cap_reached_count:0
expire_cycle_cpu_milliseconds:0
evicted_keys:0
evicted_clients:0
total_eviction_exceeded_time:0
current_eviction_exceeded_time:0
keyspace_hits:0
keyspace_misses:0
pubsub_channels:0
pubsub_patterns:0
pubsubshard_channels:0
latest_fork_usec:0
total_forks:0
migrate_cached_sockets:0
slave_expires_tracked_keys:0
active_defrag_hits:0
active_defrag_misses:0
active_defrag_key_hits:0
active_defrag_key_misses:0
total_active_defrag_time:0
current_active_defrag_time:0
tracking_total_keys:0
tracking_total_items:0
tracking_total_prefixes:0
unexpected_error_replies:0
total_error_replies:0
dump_payload_sanitizations:0
total_reads_processed:2
total_writes_processed:2
io_threaded_reads_processed:0
io_threaded_writes_processed:0
reply_buffer_shrinks:0
reply_buffer_expands:0
acl_access_denied_auth:0
acl_access_denied_cmd:0
acl_access_denied_key:0
acl_access_denied_channel:0

# Replication
role:master
connected_slaves:0
master_failover_state:no-failover
master_replid:4e91c67ba89b8bfda9da686f00923ec8e302d0f4
master_replid2:0000000000000000000000000000000000000000
master_repl_offset:0
second_repl_offset:-1
repl_backlog_active:0
repl_backlog_size:1048576
repl_backlog_first_byte_offset:0
repl_backlog_histlen:0

# CPU
used_cpu_sys:0.012117
used_cpu_user:0.008078
used_cpu_sys_children:0.000000
used_cpu_user_children:0.000000
used_cpu_sys_main_thread:0.000000
used_cpu_user_main_thread:0.000829

# Modules
module:name=raft,ver=1,api=1,filters=1,usedby=[],using=[],options=[]

# Commandstats
cmdstat_command:calls=2,usec=1430,usec_per_call=715.00,rejected_calls=0,failed_calls=0
cmdstat_config|get:calls=3,usec=4,usec_per_call=1.33,rejected_calls=0,failed_calls=0
cmdstat_config|set:calls=1,usec=11,usec_per_call=11.00,rejected_calls=0,failed_calls=0
cmdstat_auth:calls=2,usec=2,usec_per_call=1.00,rejected_calls=0,failed_calls=0

# Errorstats

# Latencystats
latency_percentiles_usec_command:p50=692.223,p99=741.375,p99.9=741.375
latency_percentiles_usec_config|get:p50=1.003,p99=2.007,p99.9=2.007
latency_percentiles_usec_config|set:p50=11.007,p99=11.007,p99.9=11.007
latency_percentiles_usec_auth:p50=1.003,p99=1.003,p99.9=1.003

# Cluster
cluster_enabled:0

# Keyspace

------ CLIENT LIST OUTPUT ------
id=8 addr=127.0.0.1:52906 laddr=127.0.0.1:5011 fd=11 name= age=0 idle=0 flags=N db=0 sub=0 psub=0 ssub=0 multi=-1 qbuf=0 qbuf-free=20474 argv-mem=0 multi-mem=0 rbs=16384 rbp=0 obl=0 oll=0 omem=0 tot-mem=37760 events=r cmd=auth user=default redir=-1 resp=2 lib-name= lib-ver=
id=9 addr=127.0.0.1:52916 laddr=127.0.0.1:5011 fd=14 name= age=0 idle=0 flags=N db=0 sub=0 psub=0 ssub=0 multi=-1 qbuf=0 qbuf-free=20474 argv-mem=0 multi-mem=0 rbs=16384 rbp=0 obl=0 oll=0 omem=0 tot-mem=37760 events=r cmd=auth user=default redir=-1 resp=2 lib-name= lib-ver=

------ MODULES INFO OUTPUT ------
# raft_version
raft_version:255.255.255
raft_git_sha1:b779b199

# raft_general
raft_dbid:6c43fe03fbd1e4a1930b6c469c4f6444
raft_node_id:1
raft_state:up
raft_role:follower
raft_is_voting:yes
raft_voted_for:-1
raft_leader_id:-1
raft_current_term:1
raft_num_nodes:3
raft_num_voting_nodes:2
raft_node1:id=2,state=resolving,voting=no,addr=localhost,port=5012,last_conn_secs=-1,conn_errors=0,conn_oks=0
raft_node2:id=3,state=resolving,voting=yes,addr=localhost,port=5013,last_conn_secs=-1,conn_errors=0,conn_oks=0

# raft_log
raft_log_entries:6
raft_current_index:6
raft_commit_index:0
raft_last_applied_index:0
raft_file_size:1636
raft_cache_memory_size:0
raft_cache_entries:0
raft_client_attached_entries:0
raft_fsync_count:0
raft_fsync_max_microseconds:0
raft_entry1:term=1,id=0,data_len=0
raft_entry2:term=1,id=996240003,data_len=264
raft_entry3:term=1,id=887637474,data_len=264
raft_entry4:term=1,id=491639627,data_len=264
raft_entry5:term=1,id=2036340865,data_len=264
raft_fsync_avg_microseconds:0

# raft_snapshot
raft_snapshot_filename:redis1.rdb
raft_snapshot_last_idx:0
raft_snapshot_last_term:0
raft_snapshot_size:0
raft_snapshot_time_secs:-1
raft_snapshots_created:0
raft_snapshots_received:0
raft_snapshot_in_progress:no
raft_snapshot_in_progress_last_idx:-1
raft_snapshot_in_progress_last_term:-1

# raft_clients
raft_proxy_reqs:0
raft_proxy_failed_reqs:0
raft_proxy_failed_responses:0
raft_proxy_outstanding_reqs:0

# raft_stats
raft_appendreq_received:0
raft_appendreq_with_entry_received:0
raft_snapshotreq_received:0
raft_exec_throttled:0
raft_num_sessions:0

------ CONFIG DEBUG OUTPUT ------
repl-diskless-sync yes
list-compress-depth 0
lazyfree-lazy-eviction no
repl-diskless-load disabled
client-query-buffer-limit 1gb
sanitize-dump-payload no
activedefrag no
lazyfree-lazy-expire no
slave-read-only yes
lazyfree-lazy-user-flush no
io-threads 1
replica-read-only yes
lazyfree-lazy-user-del no
lazyfree-lazy-server-del no
io-threads-do-reads no
proto-max-bulk-len 512mb

------ FAST MEMORY TEST ------
1394944:M 06 Jan 2024 06:06:42.410 # main thread terminated
1394944:M 06 Jan 2024 06:06:42.410 # Bio worker thread #0 terminated
1394944:M 06 Jan 2024 06:06:42.410 # Bio worker thread #1 terminated
1394944:M 06 Jan 2024 06:06:42.410 # Bio worker thread #2 terminated

Fast memory test PASSED, however your memory can still be broken. Please run a memory test for several hours if possible.

=== REDIS BUG REPORT END. Make sure to include from START to END. ===

       Please report the crash by opening an issue on github:

           http://github.com/redis/redis/issues

  If a Redis module was involved, please open in the module's repo instead.

  Suspect RAM error? Use redis-server --test-memory to verify it.

  Some other issues could be detected by redis-server --check-system
1395327:C 06 Jan 2024 06:06:43.155 # WARNING Memory overcommit must be enabled! Without it, a background save or replication may fail under low memory condition. Being disabled, it can also cause failures without low memory condition, see https://github.com/jemalloc/jemalloc/issues/1328. To fix this issue add 'vm.overcommit_memory = 1' to /etc/sysctl.conf and then reboot or run the command 'sysctl vm.overcommit_memory=1' for this to take effect.
1395327:C 06 Jan 2024 06:06:43.155 * oO0OoO0OoO0Oo Redis is starting oO0OoO0OoO0Oo
1395327:C 06 Jan 2024 06:06:43.155 * Redis version=255.255.255, bits=64, commit=e04ebdb8, modified=1, pid=1395327, just started
1395327:C 06 Jan 2024 06:06:43.155 * Configuration loaded
1395327:M 06 Jan 2024 06:06:43.155 * monotonic clock: POSIX clock_gettime
1395327:M 06 Jan 2024 06:06:43.156 * Running mode=standalone, port=5011.
1395327:M 06 Jan 2024 06:06:43.163 * <raft> RedisRaft version 255.255.255 [b779b199]
1395327:M 06 Jan 2024 06:06:43.167 * <raft> Initializing test network
1395327:M 06 Jan 2024 06:06:43.168 * <raft> Created test network client
1395327:M 06 Jan 2024 06:06:43.172 * <raft> Raft module loaded, state is 'loading'
1395327:M 06 Jan 2024 06:06:43.172 * Module 'raft' loaded from /home/snagendra/Fuzzing/redisraft-fuzzing/redisraft.so
1395327:M 06 Jan 2024 06:06:43.173 * Server initialized
1395327:M 06 Jan 2024 06:06:43.173 . The AOF directory appendonlydir doesn't exist
1395327:M 06 Jan 2024 06:06:43.173 * Ready to accept connections tcp
1395327:M 06 Jan 2024 06:06:43.173 . 0 clients connected (0 replicas), 1746752 bytes in use
1395327:M 06 Jan 2024 06:06:43.273 * <raft> Loading: Redis loading complete, snapshot NOT LOADED
1395327:M 06 Jan 2024 06:06:43.274 * <raft> Cluster Membership: term:0 index:0 nodes: id=1,voting=0,active=1,addr=-
1395327:M 06 Jan 2024 06:06:43.274 * <raft> Test network starting message polling thread
1395327:M 06 Jan 2024 06:06:43.274 * <raft> Cluster Membership: term:0 index:6 nodes: id=1,voting=1,active=1,addr=- id=2,voting=0,active=1,addr=localhost:5012
1395327:M 06 Jan 2024 06:06:43.274 * <raft> Cluster Membership: term:0 index:6 nodes: id=1,voting=1,active=1,addr=- id=2,voting=0,active=1,addr=localhost:5012 id=3,voting=0,active=1,addr=localhost:5013
1395327:M 06 Jan 2024 06:06:43.274 * <raft> Raft state after loading log: log_count=6, first_idx=1, current_idx=6, last_applied_idx=0
1395327:M 06 Jan 2024 06:06:43.274 . <raft> Raft term=1, vote=-1
1395327:M 06 Jan 2024 06:06:43.576 * <raft> State change: Election starting, node is now a pre-candidate, term 1
1395327:M 06 Jan 2024 06:06:43.576 * <raft> Cluster Membership: term:1 index:6 nodes: id=1,voting=1,active=1,addr=- id=2,voting=0,active=1,addr=localhost:5012 id=3,voting=1,active=1,addr=localhost:5013
1395327:M 06 Jan 2024 06:06:43.884 - Accepted 127.0.0.1:49328
1395327:M 06 Jan 2024 06:06:43.884 # Missing implement of connection type tls
1395327:M 06 Jan 2024 06:06:43.977 * <raft> State change: Election starting, node is now a pre-candidate, term 1
1395327:M 06 Jan 2024 06:06:43.977 * <raft> Cluster Membership: term:1 index:6 nodes: id=1,voting=1,active=1,addr=- id=2,voting=0,active=1,addr=localhost:5012 id=3,voting=1,active=1,addr=localhost:5013
1395327:M 06 Jan 2024 06:06:44.236 - Client closed connection id=8 addr=127.0.0.1:49328 laddr=127.0.0.1:5011 fd=11 name= age=1 idle=1 flags=N db=0 sub=0 psub=0 ssub=0 multi=-1 qbuf=0 qbuf-free=20474 argv-mem=0 multi-mem=0 rbs=1024 rbp=0 obl=0 oll=0 omem=0 tot-mem=22400 events=r cmd=auth user=default redir=-1 resp=2 lib-name= lib-ver=
1395327:M 06 Jan 2024 06:06:44.342 - Accepted 127.0.0.1:49340
1395327:M 06 Jan 2024 06:06:44.380 * <raft> State change: Election starting, node is now a pre-candidate, term 1
1395327:M 06 Jan 2024 06:06:44.380 * <raft> Cluster Membership: term:1 index:6 nodes: id=1,voting=1,active=1,addr=- id=2,voting=0,active=1,addr=localhost:5012 id=3,voting=1,active=1,addr=localhost:5013
1395327:M 06 Jan 2024 06:06:44.542 - Accepted 127.0.0.1:49356
1395327:signal-handler (1704517604) Received SIGINT scheduling shutdown...
1395327:signal-handler (1704517604) You insist... exiting now.

----- Stderr -----
libgcov profiling error:/home/snagendra/Fuzzing/redisraft-fuzzing/build/deps/raft/CMakeFiles/raft.dir/src/raft_server_properties.c.gcda:Merge mismatch for function 9
libgcov profiling error:/home/snagendra/Fuzzing/redisraft-fuzzing/build/deps/raft/CMakeFiles/raft.dir/src/raft_server.c.gcda:Merge mismatch for function 13
libgcov profiling error:/home/snagendra/Fuzzing/redisraft-fuzzing/build/deps/raft/CMakeFiles/raft.dir/src/raft_server_properties.c.gcda:Merge mismatch for function 9
libgcov profiling error:/home/snagendra/Fuzzing/redisraft-fuzzing/build/deps/raft/CMakeFiles/raft.dir/src/raft_server.c.gcda:Merge mismatch for function 13




logs for node: 2

----- Stdout -----
1394355:C 06 Jan 2024 06:06:41.160 # WARNING Memory overcommit must be enabled! Without it, a background save or replication may fail under low memory condition. Being disabled, it can also cause failures without low memory condition, see https://github.com/jemalloc/jemalloc/issues/1328. To fix this issue add 'vm.overcommit_memory = 1' to /etc/sysctl.conf and then reboot or run the command 'sysctl vm.overcommit_memory=1' for this to take effect.
1394355:C 06 Jan 2024 06:06:41.160 * oO0OoO0OoO0Oo Redis is starting oO0OoO0OoO0Oo
1394355:C 06 Jan 2024 06:06:41.160 * Redis version=255.255.255, bits=64, commit=e04ebdb8, modified=1, pid=1394355, just started
1394355:C 06 Jan 2024 06:06:41.160 * Configuration loaded
1394355:M 06 Jan 2024 06:06:41.161 * monotonic clock: POSIX clock_gettime
1394355:M 06 Jan 2024 06:06:41.161 * Running mode=standalone, port=5012.
1394355:M 06 Jan 2024 06:06:41.167 * <raft> RedisRaft version 255.255.255 [b779b199]
1394355:M 06 Jan 2024 06:06:41.172 * <raft> Initializing test network
1394355:M 06 Jan 2024 06:06:41.173 * <raft> Created test network client
1394355:M 06 Jan 2024 06:06:41.173 * <raft> Raft module loaded, state is 'uninitialized'
1394355:M 06 Jan 2024 06:06:41.173 * Module 'raft' loaded from /home/snagendra/Fuzzing/redisraft-fuzzing/redisraft.so
1394355:M 06 Jan 2024 06:06:41.174 * Server initialized
1394355:M 06 Jan 2024 06:06:41.174 . The AOF directory appendonlydir doesn't exist
1394355:M 06 Jan 2024 06:06:41.175 * Ready to accept connections tcp
1394355:M 06 Jan 2024 06:06:41.175 . 0 clients connected (0 replicas), 1726192 bytes in use
1394355:M 06 Jan 2024 06:06:41.178 - Accepted 127.0.0.1:32896
1394355:M 06 Jan 2024 06:06:41.178 # Missing implement of connection type tls
1394355:M 06 Jan 2024 06:06:41.274 - <raft> join cluster, connecting to localhost:5011
1394355:M 06 Jan 2024 06:06:41.275 * <raft> Joined Raft cluster, node id: 2, dbid: 6c43fe03fbd1e4a1930b6c469c4f6444
1394355:M 06 Jan 2024 06:06:41.288 * <raft> Cluster Membership: term:0 index:0 nodes: id=2,voting=0,active=1,addr=-
1394355:M 06 Jan 2024 06:06:41.289 * <raft> Test network starting message polling thread
1394355:M 06 Jan 2024 06:06:41.343 - Accepted 127.0.0.1:32910
1394355:M 06 Jan 2024 06:06:41.486 * <raft> Cluster Membership: term:1 index:2 nodes: id=2,voting=0,active=1,addr=- id=1,voting=1,active=1,addr=localhost:5011
1394355:M 06 Jan 2024 06:06:41.487 * <raft> Cluster Membership: term:1 index:4 nodes: id=2,voting=0,active=1,addr=- id=1,voting=1,active=1,addr=localhost:5011 id=3,voting=0,active=1,addr=localhost:5013
1394355:M 06 Jan 2024 06:06:41.506 - Accepted 127.0.0.1:32912
1394355:M 06 Jan 2024 06:06:41.708 - Client closed connection id=9 addr=127.0.0.1:32910 laddr=127.0.0.1:5012 fd=10 name= age=0 idle=0 flags=N db=0 sub=0 psub=0 ssub=0 multi=-1 qbuf=0 qbuf-free=20474 argv-mem=0 multi-mem=0 rbs=1024 rbp=0 obl=0 oll=0 omem=0 tot-mem=22400 events=r cmd=auth user=default redir=-1 resp=2 lib-name= lib-ver=
1394355:M 06 Jan 2024 06:06:41.777 * <raft> State change: Election starting, node is now a pre-candidate, term 1
1394355:M 06 Jan 2024 06:06:41.777 * <raft> Cluster Membership: term:1 index:4 nodes: id=2,voting=0,active=1,addr=- id=1,voting=1,active=1,addr=localhost:5011 id=3,voting=0,active=1,addr=localhost:5013
1394355:M 06 Jan 2024 06:06:41.953 * <raft> State change: Node is now a follower, term 1
1394355:M 06 Jan 2024 06:06:41.953 * <raft> Cluster Membership: term:1 index:4 nodes: id=2,voting=0,active=1,addr=- id=1,voting=1,active=1,addr=localhost:5011 id=3,voting=0,active=1,addr=localhost:5013
1394355:M 06 Jan 2024 06:06:42.280 * <raft> State change: Election starting, node is now a pre-candidate, term 1
1394355:M 06 Jan 2024 06:06:42.280 * <raft> Cluster Membership: term:1 index:6 nodes: id=2,voting=0,active=1,addr=- id=1,voting=1,active=1,addr=localhost:5011 id=3,voting=1,active=1,addr=localhost:5013
1394355:M 06 Jan 2024 06:06:42.410 - Accepted 127.0.0.1:32924
1394355:M 06 Jan 2024 06:06:42.414 - Client closed connection id=11 addr=127.0.0.1:32924 laddr=127.0.0.1:5012 fd=15 name= age=0 idle=0 flags=N db=0 sub=0 psub=0 ssub=0 multi=-1 qbuf=0 qbuf-free=20474 argv-mem=0 multi-mem=0 rbs=16384 rbp=16384 obl=0 oll=0 omem=0 tot-mem=37760 events=r cmd=NULL user=default redir=-1 resp=2 lib-name= lib-ver=
1394355:signal-handler (1704517602) Received SIGINT scheduling shutdown...
1394355:signal-handler (1704517602) You insist... exiting now.
1395584:C 06 Jan 2024 06:06:43.766 # WARNING Memory overcommit must be enabled! Without it, a background save or replication may fail under low memory condition. Being disabled, it can also cause failures without low memory condition, see https://github.com/jemalloc/jemalloc/issues/1328. To fix this issue add 'vm.overcommit_memory = 1' to /etc/sysctl.conf and then reboot or run the command 'sysctl vm.overcommit_memory=1' for this to take effect.
1395584:C 06 Jan 2024 06:06:43.766 * oO0OoO0OoO0Oo Redis is starting oO0OoO0OoO0Oo
1395584:C 06 Jan 2024 06:06:43.766 * Redis version=255.255.255, bits=64, commit=e04ebdb8, modified=1, pid=1395584, just started
1395584:C 06 Jan 2024 06:06:43.766 * Configuration loaded
1395584:M 06 Jan 2024 06:06:43.766 * monotonic clock: POSIX clock_gettime
1395584:M 06 Jan 2024 06:06:43.767 * Running mode=standalone, port=5012.
1395584:M 06 Jan 2024 06:06:43.774 * <raft> RedisRaft version 255.255.255 [b779b199]
1395584:M 06 Jan 2024 06:06:43.778 * <raft> Initializing test network
1395584:M 06 Jan 2024 06:06:43.779 * <raft> Created test network client
1395584:M 06 Jan 2024 06:06:43.782 * <raft> Raft module loaded, state is 'loading'
1395584:M 06 Jan 2024 06:06:43.782 * Module 'raft' loaded from /home/snagendra/Fuzzing/redisraft-fuzzing/redisraft.so
1395584:M 06 Jan 2024 06:06:43.783 * Server initialized
1395584:M 06 Jan 2024 06:06:43.783 . The AOF directory appendonlydir doesn't exist
1395584:M 06 Jan 2024 06:06:43.783 * Ready to accept connections tcp
1395584:M 06 Jan 2024 06:06:43.783 . 0 clients connected (0 replicas), 1746784 bytes in use
1395584:M 06 Jan 2024 06:06:43.878 - Accepted 127.0.0.1:44494
1395584:M 06 Jan 2024 06:06:43.878 # Missing implement of connection type tls
1395584:M 06 Jan 2024 06:06:43.882 * <raft> Loading: Redis loading complete, snapshot NOT LOADED
1395584:M 06 Jan 2024 06:06:43.883 * <raft> Cluster Membership: term:0 index:0 nodes: id=2,voting=0,active=1,addr=-
1395584:M 06 Jan 2024 06:06:43.883 * <raft> Test network starting message polling thread
1395584:M 06 Jan 2024 06:06:43.883 * <raft> Cluster Membership: term:0 index:6 nodes: id=2,voting=0,active=1,addr=- id=1,voting=1,active=1,addr=localhost:5011
1395584:M 06 Jan 2024 06:06:43.883 * <raft> Cluster Membership: term:0 index:6 nodes: id=2,voting=0,active=1,addr=- id=1,voting=1,active=1,addr=localhost:5011 id=3,voting=0,active=1,addr=localhost:5013
1395584:M 06 Jan 2024 06:06:43.883 * <raft> Raft state after loading log: log_count=6, first_idx=1, current_idx=6, last_applied_idx=0
1395584:M 06 Jan 2024 06:06:43.883 . <raft> Raft term=1, vote=-1
1395584:signal-handler (1704517604) Received SIGINT scheduling shutdown...
1395584:signal-handler (1704517604) You insist... exiting now.
1395793:C 06 Jan 2024 06:06:44.422 # WARNING Memory overcommit must be enabled! Without it, a background save or replication may fail under low memory condition. Being disabled, it can also cause failures without low memory condition, see https://github.com/jemalloc/jemalloc/issues/1328. To fix this issue add 'vm.overcommit_memory = 1' to /etc/sysctl.conf and then reboot or run the command 'sysctl vm.overcommit_memory=1' for this to take effect.
1395793:C 06 Jan 2024 06:06:44.422 * oO0OoO0OoO0Oo Redis is starting oO0OoO0OoO0Oo
1395793:C 06 Jan 2024 06:06:44.422 * Redis version=255.255.255, bits=64, commit=e04ebdb8, modified=1, pid=1395793, just started
1395793:C 06 Jan 2024 06:06:44.422 * Configuration loaded
1395793:M 06 Jan 2024 06:06:44.422 * monotonic clock: POSIX clock_gettime
1395793:M 06 Jan 2024 06:06:44.423 * Running mode=standalone, port=5012.
1395793:M 06 Jan 2024 06:06:44.429 * <raft> RedisRaft version 255.255.255 [b779b199]
1395793:M 06 Jan 2024 06:06:44.434 * <raft> Initializing test network
1395793:M 06 Jan 2024 06:06:44.434 * <raft> Created test network client
1395793:M 06 Jan 2024 06:06:44.439 * <raft> Raft module loaded, state is 'loading'
1395793:M 06 Jan 2024 06:06:44.439 * Module 'raft' loaded from /home/snagendra/Fuzzing/redisraft-fuzzing/redisraft.so
1395793:M 06 Jan 2024 06:06:44.439 * Server initialized
1395793:M 06 Jan 2024 06:06:44.439 . The AOF directory appendonlydir doesn't exist
1395793:M 06 Jan 2024 06:06:44.439 * Ready to accept connections tcp
1395793:M 06 Jan 2024 06:06:44.439 . 0 clients connected (0 replicas), 1746688 bytes in use
1395793:M 06 Jan 2024 06:06:44.443 - Accepted 127.0.0.1:44538
1395793:M 06 Jan 2024 06:06:44.443 # Missing implement of connection type tls
1395793:M 06 Jan 2024 06:06:44.481 - Accepted 127.0.0.1:44548
1395793:M 06 Jan 2024 06:06:44.540 * <raft> Loading: Redis loading complete, snapshot NOT LOADED
1395793:M 06 Jan 2024 06:06:44.540 * <raft> Cluster Membership: term:0 index:0 nodes: id=2,voting=0,active=1,addr=-
1395793:M 06 Jan 2024 06:06:44.540 * <raft> Test network starting message polling thread
1395793:M 06 Jan 2024 06:06:44.541 * <raft> Cluster Membership: term:0 index:6 nodes: id=2,voting=0,active=1,addr=- id=1,voting=1,active=1,addr=localhost:5011
1395793:M 06 Jan 2024 06:06:44.541 * <raft> Cluster Membership: term:0 index:6 nodes: id=2,voting=0,active=1,addr=- id=1,voting=1,active=1,addr=localhost:5011 id=3,voting=0,active=1,addr=localhost:5013
1395793:M 06 Jan 2024 06:06:44.541 * <raft> Raft state after loading log: log_count=6, first_idx=1, current_idx=6, last_applied_idx=0
1395793:M 06 Jan 2024 06:06:44.541 . <raft> Raft term=1, vote=-1
1395793:M 06 Jan 2024 06:06:44.616 - Client closed connection id=9 addr=127.0.0.1:44548 laddr=127.0.0.1:5012 fd=12 name= age=0 idle=0 flags=N db=0 sub=0 psub=0 ssub=0 multi=-1 qbuf=0 qbuf-free=20474 argv-mem=0 multi-mem=0 rbs=16384 rbp=0 obl=0 oll=0 omem=0 tot-mem=37760 events=r cmd=auth user=default redir=-1 resp=2 lib-name= lib-ver=
1395793:signal-handler (1704517604) Received SIGINT scheduling shutdown...
1395793:signal-handler (1704517604) You insist... exiting now.

----- Stderr -----
libgcov profiling error:/home/snagendra/Fuzzing/redisraft-fuzzing/build/deps/raft/CMakeFiles/raft.dir/src/raft_server_properties.c.gcda:Merge mismatch for function 9
libgcov profiling error:/home/snagendra/Fuzzing/redisraft-fuzzing/build/deps/raft/CMakeFiles/raft.dir/src/raft_server_properties.c.gcda:Merge mismatch for function 9
libgcov profiling error:/home/snagendra/Fuzzing/redisraft-fuzzing/build/deps/raft/CMakeFiles/raft.dir/src/raft_server.c.gcda:Merge mismatch for function 13
libgcov profiling error:/home/snagendra/Fuzzing/redisraft-fuzzing/build/deps/raft/CMakeFiles/raft.dir/src/raft_server_properties.c.gcda:Merge mismatch for function 9
libgcov profiling error:/home/snagendra/Fuzzing/redisraft-fuzzing/build/deps/raft/CMakeFiles/raft.dir/src/raft_server.c.gcda:Merge mismatch for function 13



