logs for node: 1

----- Stdout -----
3175814:C 06 Jan 2024 07:11:13.172 # WARNING Memory overcommit must be enabled! Without it, a background save or replication may fail under low memory condition. Being disabled, it can also cause failures without low memory condition, see https://github.com/jemalloc/jemalloc/issues/1328. To fix this issue add 'vm.overcommit_memory = 1' to /etc/sysctl.conf and then reboot or run the command 'sysctl vm.overcommit_memory=1' for this to take effect.
3175814:C 06 Jan 2024 07:11:13.172 * oO0OoO0OoO0Oo Redis is starting oO0OoO0OoO0Oo
3175814:C 06 Jan 2024 07:11:13.172 * Redis version=255.255.255, bits=64, commit=e04ebdb8, modified=1, pid=3175814, just started
3175814:C 06 Jan 2024 07:11:13.172 * Configuration loaded
3175814:M 06 Jan 2024 07:11:13.173 * monotonic clock: POSIX clock_gettime
3175814:M 06 Jan 2024 07:11:13.173 * Running mode=standalone, port=5031.
3175814:M 06 Jan 2024 07:11:13.179 * <raft> RedisRaft version 255.255.255 [b779b199]
3175814:M 06 Jan 2024 07:11:13.184 * <raft> Initializing test network
3175814:M 06 Jan 2024 07:11:13.185 * <raft> Created test network client
3175814:M 06 Jan 2024 07:11:13.186 * <raft> Raft module loaded, state is 'uninitialized'
3175814:M 06 Jan 2024 07:11:13.186 * Module 'raft' loaded from /home/snagendra/Fuzzing/redisraft-fuzzing/redisraft.so
3175814:M 06 Jan 2024 07:11:13.186 * Server initialized
3175814:M 06 Jan 2024 07:11:13.187 . The AOF directory appendonlydir doesn't exist
3175814:M 06 Jan 2024 07:11:13.187 * Ready to accept connections tcp
3175814:M 06 Jan 2024 07:11:13.187 . 0 clients connected (0 replicas), 1726128 bytes in use
3175814:M 06 Jan 2024 07:11:13.204 - Accepted 127.0.0.1:40120
3175814:M 06 Jan 2024 07:11:13.204 # Missing implement of connection type tls
3175814:M 06 Jan 2024 07:11:13.210 * <raft> Cluster Membership: term:0 index:0 nodes: id=1,voting=0,active=1,addr=-
3175814:M 06 Jan 2024 07:11:13.216 * <raft> State change: Node is now a leader, term 1
3175814:M 06 Jan 2024 07:11:13.216 * <raft> Cluster Membership: term:1 index:1 nodes: id=1,voting=0,active=1,addr=-
3175814:M 06 Jan 2024 07:11:13.216 * <raft> Test network starting message polling thread
3175814:M 06 Jan 2024 07:11:13.216 * <raft> Raft Cluster initialized, node id: 1, dbid: 346680f38e10cbba87d1b1d27679d494
3175814:M 06 Jan 2024 07:11:13.335 - Accepted 127.0.0.1:40136
3175814:M 06 Jan 2024 07:11:13.336 * <raft> Cluster Membership: term:1 index:3 nodes: id=1,voting=1,active=1,addr=- id=2,voting=0,active=1,addr=localhost:5032
3175814:M 06 Jan 2024 07:11:13.343 - Client closed connection id=9 addr=127.0.0.1:40136 laddr=127.0.0.1:5031 fd=12 name= age=0 idle=0 flags=N db=0 sub=0 psub=0 ssub=0 multi=-1 qbuf=0 qbuf-free=20474 argv-mem=0 multi-mem=0 rbs=16384 rbp=16384 obl=0 oll=0 omem=0 tot-mem=37760 events=r cmd=raft.node user=default redir=-1 resp=2 lib-name= lib-ver=
3175814:M 06 Jan 2024 07:11:13.460 - Accepted 127.0.0.1:40146
3175814:M 06 Jan 2024 07:11:13.460 * <raft> Cluster Membership: term:1 index:4 nodes: id=1,voting=1,active=1,addr=- id=2,voting=0,active=1,addr=localhost:5032 id=3,voting=0,active=1,addr=localhost:5033
3175814:M 06 Jan 2024 07:11:13.467 - Client closed connection id=10 addr=127.0.0.1:40146 laddr=127.0.0.1:5031 fd=13 name= age=0 idle=0 flags=N db=0 sub=0 psub=0 ssub=0 multi=-1 qbuf=0 qbuf-free=20474 argv-mem=0 multi-mem=0 rbs=16384 rbp=16384 obl=0 oll=0 omem=0 tot-mem=37760 events=r cmd=raft.node user=default redir=-1 resp=2 lib-name= lib-ver=
3175814:signal-handler (1704521473) Received SIGINT scheduling shutdown...
3175814:signal-handler (1704521473) You insist... exiting now.
3176167:C 06 Jan 2024 07:11:13.761 # WARNING Memory overcommit must be enabled! Without it, a background save or replication may fail under low memory condition. Being disabled, it can also cause failures without low memory condition, see https://github.com/jemalloc/jemalloc/issues/1328. To fix this issue add 'vm.overcommit_memory = 1' to /etc/sysctl.conf and then reboot or run the command 'sysctl vm.overcommit_memory=1' for this to take effect.
3176167:C 06 Jan 2024 07:11:13.761 * oO0OoO0OoO0Oo Redis is starting oO0OoO0OoO0Oo
3176167:C 06 Jan 2024 07:11:13.761 * Redis version=255.255.255, bits=64, commit=e04ebdb8, modified=1, pid=3176167, just started
3176167:C 06 Jan 2024 07:11:13.761 * Configuration loaded
3176167:M 06 Jan 2024 07:11:13.761 * monotonic clock: POSIX clock_gettime
3176167:M 06 Jan 2024 07:11:13.762 * Running mode=standalone, port=5031.
3176167:M 06 Jan 2024 07:11:13.768 * <raft> RedisRaft version 255.255.255 [b779b199]
3176167:M 06 Jan 2024 07:11:13.772 * <raft> Initializing test network
3176167:M 06 Jan 2024 07:11:13.773 * <raft> Created test network client
3176167:M 06 Jan 2024 07:11:13.776 * <raft> Raft module loaded, state is 'loading'
3176167:M 06 Jan 2024 07:11:13.776 * Module 'raft' loaded from /home/snagendra/Fuzzing/redisraft-fuzzing/redisraft.so
3176167:M 06 Jan 2024 07:11:13.777 * Server initialized
3176167:M 06 Jan 2024 07:11:13.777 . The AOF directory appendonlydir doesn't exist
3176167:M 06 Jan 2024 07:11:13.777 * Ready to accept connections tcp
3176167:M 06 Jan 2024 07:11:13.777 . 0 clients connected (0 replicas), 1746656 bytes in use
3176167:M 06 Jan 2024 07:11:13.837 - Accepted 127.0.0.1:40170
3176167:M 06 Jan 2024 07:11:13.837 # Missing implement of connection type tls
3176167:M 06 Jan 2024 07:11:13.877 * <raft> Loading: Redis loading complete, snapshot NOT LOADED
3176167:M 06 Jan 2024 07:11:13.878 * <raft> Cluster Membership: term:0 index:0 nodes: id=1,voting=0,active=1,addr=-
3176167:M 06 Jan 2024 07:11:13.878 * <raft> Test network starting message polling thread
3176167:M 06 Jan 2024 07:11:13.878 * <raft> Cluster Membership: term:0 index:4 nodes: id=1,voting=1,active=1,addr=- id=2,voting=0,active=1,addr=localhost:5032
3176167:M 06 Jan 2024 07:11:13.879 * <raft> Cluster Membership: term:0 index:4 nodes: id=1,voting=1,active=1,addr=- id=2,voting=0,active=1,addr=localhost:5032 id=3,voting=0,active=1,addr=localhost:5033
3176167:M 06 Jan 2024 07:11:13.879 * <raft> Raft state after loading log: log_count=4, first_idx=1, current_idx=4, last_applied_idx=0
3176167:M 06 Jan 2024 07:11:13.879 . <raft> Raft term=1, vote=-1
3176167:M 06 Jan 2024 07:11:13.884 * <raft> State change: Node is now a leader, term 2
3176167:M 06 Jan 2024 07:11:13.885 * <raft> Cluster Membership: term:2 index:5 nodes: id=1,voting=1,active=1,addr=- id=2,voting=0,active=1,addr=localhost:5032 id=3,voting=0,active=1,addr=localhost:5033
3176167:signal-handler (1704521473) Received SIGINT scheduling shutdown...
3176167:signal-handler (1704521473) You insist... exiting now.
3176918:C 06 Jan 2024 07:11:15.881 # WARNING Memory overcommit must be enabled! Without it, a background save or replication may fail under low memory condition. Being disabled, it can also cause failures without low memory condition, see https://github.com/jemalloc/jemalloc/issues/1328. To fix this issue add 'vm.overcommit_memory = 1' to /etc/sysctl.conf and then reboot or run the command 'sysctl vm.overcommit_memory=1' for this to take effect.
3176918:C 06 Jan 2024 07:11:15.881 * oO0OoO0OoO0Oo Redis is starting oO0OoO0OoO0Oo
3176918:C 06 Jan 2024 07:11:15.881 * Redis version=255.255.255, bits=64, commit=e04ebdb8, modified=1, pid=3176918, just started
3176918:C 06 Jan 2024 07:11:15.881 * Configuration loaded
3176918:M 06 Jan 2024 07:11:15.882 * monotonic clock: POSIX clock_gettime
3176918:M 06 Jan 2024 07:11:15.882 * Running mode=standalone, port=5031.
3176918:M 06 Jan 2024 07:11:15.889 * <raft> RedisRaft version 255.255.255 [b779b199]
3176918:M 06 Jan 2024 07:11:15.893 * <raft> Initializing test network
3176918:M 06 Jan 2024 07:11:15.894 * <raft> Created test network client
3176918:M 06 Jan 2024 07:11:15.898 * <raft> Raft module loaded, state is 'loading'
3176918:M 06 Jan 2024 07:11:15.898 * Module 'raft' loaded from /home/snagendra/Fuzzing/redisraft-fuzzing/redisraft.so
3176918:M 06 Jan 2024 07:11:15.899 * Server initialized
3176918:M 06 Jan 2024 07:11:15.899 . The AOF directory appendonlydir doesn't exist
3176918:M 06 Jan 2024 07:11:15.899 * Ready to accept connections tcp
3176918:M 06 Jan 2024 07:11:15.899 . 0 clients connected (0 replicas), 1746656 bytes in use
3176918:M 06 Jan 2024 07:11:15.999 * <raft> Loading: Redis loading complete, snapshot NOT LOADED
3176918:M 06 Jan 2024 07:11:15.999 * <raft> Cluster Membership: term:0 index:0 nodes: id=1,voting=0,active=1,addr=-
3176918:M 06 Jan 2024 07:11:16.000 * <raft> Test network starting message polling thread
3176918:M 06 Jan 2024 07:11:16.000 * <raft> Cluster Membership: term:0 index:5 nodes: id=1,voting=1,active=1,addr=- id=2,voting=0,active=1,addr=localhost:5032
3176918:M 06 Jan 2024 07:11:16.000 * <raft> Cluster Membership: term:0 index:5 nodes: id=1,voting=1,active=1,addr=- id=2,voting=0,active=1,addr=localhost:5032 id=3,voting=0,active=1,addr=localhost:5033
3176918:M 06 Jan 2024 07:11:16.000 * <raft> Raft state after loading log: log_count=5, first_idx=1, current_idx=5, last_applied_idx=0
3176918:M 06 Jan 2024 07:11:16.000 . <raft> Raft term=2, vote=-1
3176918:M 06 Jan 2024 07:11:16.006 * <raft> State change: Node is now a leader, term 3
3176918:M 06 Jan 2024 07:11:16.006 * <raft> Cluster Membership: term:3 index:6 nodes: id=1,voting=1,active=1,addr=- id=2,voting=0,active=1,addr=localhost:5032 id=3,voting=0,active=1,addr=localhost:5033
3176918:M 06 Jan 2024 07:11:16.093 - Accepted 127.0.0.1:40268
3176918:M 06 Jan 2024 07:11:16.093 # Missing implement of connection type tls
3176918:M 06 Jan 2024 07:11:16.153 - Accepted 127.0.0.1:40278
3176918:M 06 Jan 2024 07:11:16.291 - Client closed connection id=9 addr=127.0.0.1:40278 laddr=127.0.0.1:5031 fd=12 name= age=0 idle=0 flags=N db=0 sub=0 psub=0 ssub=0 multi=-1 qbuf=0 qbuf-free=20474 argv-mem=0 multi-mem=0 rbs=16384 rbp=0 obl=0 oll=0 omem=0 tot-mem=37760 events=r cmd=auth user=default redir=-1 resp=2 lib-name= lib-ver=
3176918:M 06 Jan 2024 07:11:16.597 - Accepted 127.0.0.1:40284
3176918:signal-handler (1704521476) Received SIGINT scheduling shutdown...
3176918:signal-handler (1704521476) You insist... exiting now.

----- Stderr -----
libgcov profiling error:/home/snagendra/Fuzzing/redisraft-fuzzing/build/deps/raft/CMakeFiles/raft.dir/src/raft_server_properties.c.gcda:Merge mismatch for function 9
libgcov profiling error:/home/snagendra/Fuzzing/redisraft-fuzzing/build/deps/raft/CMakeFiles/raft.dir/src/raft_server.c.gcda:Merge mismatch for function 13
libgcov profiling error:/home/snagendra/Fuzzing/redisraft-fuzzing/build/deps/raft/CMakeFiles/raft.dir/src/raft_server_properties.c.gcda:Merge mismatch for function 9
libgcov profiling error:/home/snagendra/Fuzzing/redisraft-fuzzing/build/deps/raft/CMakeFiles/raft.dir/src/raft_server.c.gcda:Merge mismatch for function 13
libgcov profiling error:/home/snagendra/Fuzzing/redisraft-fuzzing/build/deps/raft/CMakeFiles/raft.dir/src/raft_server_properties.c.gcda:Merge mismatch for function 9
libgcov profiling error:/home/snagendra/Fuzzing/redisraft-fuzzing/build/deps/raft/CMakeFiles/raft.dir/src/raft_server.c.gcda:Merge mismatch for function 13




logs for node: 2

----- Stdout -----
3175833:C 06 Jan 2024 07:11:13.219 # WARNING Memory overcommit must be enabled! Without it, a background save or replication may fail under low memory condition. Being disabled, it can also cause failures without low memory condition, see https://github.com/jemalloc/jemalloc/issues/1328. To fix this issue add 'vm.overcommit_memory = 1' to /etc/sysctl.conf and then reboot or run the command 'sysctl vm.overcommit_memory=1' for this to take effect.
3175833:C 06 Jan 2024 07:11:13.219 * oO0OoO0OoO0Oo Redis is starting oO0OoO0OoO0Oo
3175833:C 06 Jan 2024 07:11:13.219 * Redis version=255.255.255, bits=64, commit=e04ebdb8, modified=1, pid=3175833, just started
3175833:C 06 Jan 2024 07:11:13.219 * Configuration loaded
3175833:M 06 Jan 2024 07:11:13.220 * monotonic clock: POSIX clock_gettime
3175833:M 06 Jan 2024 07:11:13.220 * Running mode=standalone, port=5032.
3175833:M 06 Jan 2024 07:11:13.227 * <raft> RedisRaft version 255.255.255 [b779b199]
3175833:M 06 Jan 2024 07:11:13.232 * <raft> Initializing test network
3175833:M 06 Jan 2024 07:11:13.233 * <raft> Created test network client
3175833:M 06 Jan 2024 07:11:13.233 * <raft> Raft module loaded, state is 'uninitialized'
3175833:M 06 Jan 2024 07:11:13.233 * Module 'raft' loaded from /home/snagendra/Fuzzing/redisraft-fuzzing/redisraft.so
3175833:M 06 Jan 2024 07:11:13.234 * Server initialized
3175833:M 06 Jan 2024 07:11:13.234 . The AOF directory appendonlydir doesn't exist
3175833:M 06 Jan 2024 07:11:13.235 * Ready to accept connections tcp
3175833:M 06 Jan 2024 07:11:13.235 . 0 clients connected (0 replicas), 1726224 bytes in use
3175833:M 06 Jan 2024 07:11:13.241 - Accepted 127.0.0.1:43034
3175833:M 06 Jan 2024 07:11:13.241 # Missing implement of connection type tls
3175833:M 06 Jan 2024 07:11:13.334 - <raft> join cluster, connecting to localhost:5031
3175833:M 06 Jan 2024 07:11:13.336 * <raft> Joined Raft cluster, node id: 2, dbid: 346680f38e10cbba87d1b1d27679d494
3175833:M 06 Jan 2024 07:11:13.342 * <raft> Cluster Membership: term:0 index:0 nodes: id=2,voting=0,active=1,addr=-
3175833:M 06 Jan 2024 07:11:13.343 * <raft> Test network starting message polling thread
3175833:M 06 Jan 2024 07:11:13.387 - Accepted 127.0.0.1:43042
3175833:M 06 Jan 2024 07:11:13.512 - Client closed connection id=9 addr=127.0.0.1:43042 laddr=127.0.0.1:5032 fd=10 name= age=0 idle=0 flags=N db=0 sub=0 psub=0 ssub=0 multi=-1 qbuf=0 qbuf-free=20474 argv-mem=0 multi-mem=0 rbs=16384 rbp=0 obl=0 oll=0 omem=0 tot-mem=37760 events=r cmd=auth user=default redir=-1 resp=2 lib-name= lib-ver=
3175833:M 06 Jan 2024 07:11:13.642 * <raft> Cluster Membership: term:1 index:2 nodes: id=2,voting=0,active=1,addr=- id=1,voting=1,active=1,addr=localhost:5031
3175833:M 06 Jan 2024 07:11:13.885 - Accepted 127.0.0.1:43050
3175833:M 06 Jan 2024 07:11:13.938 * <raft> State change: Election starting, node is now a pre-candidate, term 1
3175833:M 06 Jan 2024 07:11:13.938 * <raft> Cluster Membership: term:1 index:3 nodes: id=2,voting=0,active=1,addr=- id=1,voting=1,active=1,addr=localhost:5031
3175833:M 06 Jan 2024 07:11:13.972 * <raft> State change: Node is now a follower, term 1
3175833:M 06 Jan 2024 07:11:13.972 * <raft> Cluster Membership: term:1 index:3 nodes: id=2,voting=0,active=1,addr=- id=1,voting=1,active=1,addr=localhost:5031
3175833:M 06 Jan 2024 07:11:14.018 - Client closed connection id=10 addr=127.0.0.1:43050 laddr=127.0.0.1:5032 fd=13 name= age=1 idle=1 flags=N db=0 sub=0 psub=0 ssub=0 multi=-1 qbuf=0 qbuf-free=20474 argv-mem=0 multi-mem=0 rbs=16384 rbp=0 obl=0 oll=0 omem=0 tot-mem=37760 events=r cmd=auth user=default redir=-1 resp=2 lib-name= lib-ver=
3175833:M 06 Jan 2024 07:11:14.441 * <raft> State change: Election starting, node is now a pre-candidate, term 2
3175833:M 06 Jan 2024 07:11:14.441 * <raft> Cluster Membership: term:2 index:3 nodes: id=2,voting=0,active=1,addr=- id=1,voting=1,active=1,addr=localhost:5031
3175833:M 06 Jan 2024 07:11:14.843 * <raft> State change: Election starting, node is now a pre-candidate, term 2
3175833:M 06 Jan 2024 07:11:14.843 * <raft> Cluster Membership: term:2 index:3 nodes: id=2,voting=0,active=1,addr=- id=1,voting=1,active=1,addr=localhost:5031
3175833:M 06 Jan 2024 07:11:14.950 * <raft> State change: Node is now a follower, term 2
3175833:M 06 Jan 2024 07:11:14.950 * <raft> Cluster Membership: term:2 index:3 nodes: id=2,voting=0,active=1,addr=- id=1,voting=1,active=1,addr=localhost:5031
3175833:signal-handler (1704521475) Received SIGINT scheduling shutdown...
3175833:signal-handler (1704521475) You insist... exiting now.
3176981:C 06 Jan 2024 07:11:16.035 # WARNING Memory overcommit must be enabled! Without it, a background save or replication may fail under low memory condition. Being disabled, it can also cause failures without low memory condition, see https://github.com/jemalloc/jemalloc/issues/1328. To fix this issue add 'vm.overcommit_memory = 1' to /etc/sysctl.conf and then reboot or run the command 'sysctl vm.overcommit_memory=1' for this to take effect.
3176981:C 06 Jan 2024 07:11:16.035 * oO0OoO0OoO0Oo Redis is starting oO0OoO0OoO0Oo
3176981:C 06 Jan 2024 07:11:16.035 * Redis version=255.255.255, bits=64, commit=e04ebdb8, modified=1, pid=3176981, just started
3176981:C 06 Jan 2024 07:11:16.035 * Configuration loaded
3176981:M 06 Jan 2024 07:11:16.035 * monotonic clock: POSIX clock_gettime
3176981:M 06 Jan 2024 07:11:16.036 * Running mode=standalone, port=5032.
3176981:M 06 Jan 2024 07:11:16.042 * <raft> RedisRaft version 255.255.255 [b779b199]
3176981:M 06 Jan 2024 07:11:16.047 * <raft> Initializing test network
3176981:M 06 Jan 2024 07:11:16.048 * <raft> Created test network client
3176981:M 06 Jan 2024 07:11:16.051 * <raft> Raft module loaded, state is 'loading'
3176981:M 06 Jan 2024 07:11:16.051 * Module 'raft' loaded from /home/snagendra/Fuzzing/redisraft-fuzzing/redisraft.so
3176981:M 06 Jan 2024 07:11:16.051 * Server initialized
3176981:M 06 Jan 2024 07:11:16.051 . The AOF directory appendonlydir doesn't exist
3176981:M 06 Jan 2024 07:11:16.051 * Ready to accept connections tcp
3176981:M 06 Jan 2024 07:11:16.052 . 0 clients connected (0 replicas), 1746688 bytes in use
3176981:M 06 Jan 2024 07:11:16.107 - Accepted 127.0.0.1:43074
3176981:M 06 Jan 2024 07:11:16.107 # Missing implement of connection type tls
3176981:M 06 Jan 2024 07:11:16.151 * <raft> Loading: Redis loading complete, snapshot NOT LOADED
3176981:M 06 Jan 2024 07:11:16.152 * <raft> Cluster Membership: term:0 index:0 nodes: id=2,voting=0,active=1,addr=-
3176981:M 06 Jan 2024 07:11:16.152 * <raft> Test network starting message polling thread
3176981:M 06 Jan 2024 07:11:16.152 * <raft> Cluster Membership: term:0 index:3 nodes: id=2,voting=0,active=1,addr=- id=1,voting=1,active=1,addr=localhost:5031
3176981:M 06 Jan 2024 07:11:16.152 * <raft> Raft state after loading log: log_count=3, first_idx=1, current_idx=3, last_applied_idx=0
3176981:M 06 Jan 2024 07:11:16.152 . <raft> Raft term=2, vote=-1
3176981:signal-handler (1704521476) Received SIGINT scheduling shutdown...
3176981:signal-handler (1704521476) You insist... exiting now.
3177196:C 06 Jan 2024 07:11:16.478 # WARNING Memory overcommit must be enabled! Without it, a background save or replication may fail under low memory condition. Being disabled, it can also cause failures without low memory condition, see https://github.com/jemalloc/jemalloc/issues/1328. To fix this issue add 'vm.overcommit_memory = 1' to /etc/sysctl.conf and then reboot or run the command 'sysctl vm.overcommit_memory=1' for this to take effect.
3177196:C 06 Jan 2024 07:11:16.478 * oO0OoO0OoO0Oo Redis is starting oO0OoO0OoO0Oo
3177196:C 06 Jan 2024 07:11:16.478 * Redis version=255.255.255, bits=64, commit=e04ebdb8, modified=1, pid=3177196, just started
3177196:C 06 Jan 2024 07:11:16.478 * Configuration loaded
3177196:M 06 Jan 2024 07:11:16.478 * monotonic clock: POSIX clock_gettime
3177196:M 06 Jan 2024 07:11:16.479 * Running mode=standalone, port=5032.
3177196:M 06 Jan 2024 07:11:16.486 * <raft> RedisRaft version 255.255.255 [b779b199]
3177196:M 06 Jan 2024 07:11:16.490 * <raft> Initializing test network
3177196:M 06 Jan 2024 07:11:16.491 * <raft> Created test network client
3177196:M 06 Jan 2024 07:11:16.495 * <raft> Raft module loaded, state is 'loading'
3177196:M 06 Jan 2024 07:11:16.495 * Module 'raft' loaded from /home/snagendra/Fuzzing/redisraft-fuzzing/redisraft.so
3177196:M 06 Jan 2024 07:11:16.496 * Server initialized
3177196:M 06 Jan 2024 07:11:16.496 . The AOF directory appendonlydir doesn't exist
3177196:M 06 Jan 2024 07:11:16.496 * Ready to accept connections tcp
3177196:M 06 Jan 2024 07:11:16.496 . 0 clients connected (0 replicas), 1746720 bytes in use
3177196:M 06 Jan 2024 07:11:16.508 - Accepted 127.0.0.1:43118
3177196:M 06 Jan 2024 07:11:16.508 # Missing implement of connection type tls
3177196:M 06 Jan 2024 07:11:16.595 * <raft> Loading: Redis loading complete, snapshot NOT LOADED
3177196:M 06 Jan 2024 07:11:16.596 * <raft> Cluster Membership: term:0 index:0 nodes: id=2,voting=0,active=1,addr=-
3177196:M 06 Jan 2024 07:11:16.596 * <raft> Test network starting message polling thread
3177196:M 06 Jan 2024 07:11:16.596 * <raft> Cluster Membership: term:0 index:3 nodes: id=2,voting=0,active=1,addr=- id=1,voting=1,active=1,addr=localhost:5031
3177196:M 06 Jan 2024 07:11:16.596 * <raft> Raft state after loading log: log_count=3, first_idx=1, current_idx=3, last_applied_idx=0
3177196:M 06 Jan 2024 07:11:16.596 . <raft> Raft term=2, vote=-1
3177196:M 06 Jan 2024 07:11:16.614 # <raft> Redis connection authentication failed: connection died
3177196:M 06 Jan 2024 07:11:16.614 - Client closed connection id=8 addr=127.0.0.1:43118 laddr=127.0.0.1:5032 fd=11 name= age=0 idle=0 flags=N db=0 sub=0 psub=0 ssub=0 multi=-1 qbuf=0 qbuf-free=20474 argv-mem=0 multi-mem=0 rbs=16384 rbp=0 obl=0 oll=0 omem=0 tot-mem=37760 events=r cmd=auth user=default redir=-1 resp=2 lib-name= lib-ver=
3177196:signal-handler (1704521476) Received SIGINT scheduling shutdown...
3177196:signal-handler (1704521476) You insist... exiting now.

----- Stderr -----
libgcov profiling error:/home/snagendra/Fuzzing/redisraft-fuzzing/build/deps/raft/CMakeFiles/raft.dir/src/raft_server_properties.c.gcda:Merge mismatch for function 9
libgcov profiling error:/home/snagendra/Fuzzing/redisraft-fuzzing/build/deps/raft/CMakeFiles/raft.dir/src/raft_server.c.gcda:Merge mismatch for function 13
libgcov profiling error:/home/snagendra/Fuzzing/redisraft-fuzzing/build/deps/raft/CMakeFiles/raft.dir/src/raft_server_properties.c.gcda:Merge mismatch for function 9
libgcov profiling error:/home/snagendra/Fuzzing/redisraft-fuzzing/build/deps/raft/CMakeFiles/raft.dir/src/raft_server.c.gcda:Merge mismatch for function 13
libgcov profiling error:/home/snagendra/Fuzzing/redisraft-fuzzing/build/deps/raft/CMakeFiles/raft.dir/src/raft_server_properties.c.gcda:Merge mismatch for function 9
libgcov profiling error:/home/snagendra/Fuzzing/redisraft-fuzzing/build/deps/raft/CMakeFiles/raft.dir/src/raft_server.c.gcda:Merge mismatch for function 13




logs for node: 3

----- Stdout -----
3175916:C 06 Jan 2024 07:11:13.345 # WARNING Memory overcommit must be enabled! Without it, a background save or replication may fail under low memory condition. Being disabled, it can also cause failures without low memory condition, see https://github.com/jemalloc/jemalloc/issues/1328. To fix this issue add 'vm.overcommit_memory = 1' to /etc/sysctl.conf and then reboot or run the command 'sysctl vm.overcommit_memory=1' for this to take effect.
3175916:C 06 Jan 2024 07:11:13.345 * oO0OoO0OoO0Oo Redis is starting oO0OoO0OoO0Oo
3175916:C 06 Jan 2024 07:11:13.345 * Redis version=255.255.255, bits=64, commit=e04ebdb8, modified=1, pid=3175916, just started
3175916:C 06 Jan 2024 07:11:13.345 * Configuration loaded
3175916:M 06 Jan 2024 07:11:13.346 * monotonic clock: POSIX clock_gettime
3175916:M 06 Jan 2024 07:11:13.346 * Running mode=standalone, port=5033.
3175916:M 06 Jan 2024 07:11:13.353 * <raft> RedisRaft version 255.255.255 [b779b199]
3175916:M 06 Jan 2024 07:11:13.358 * <raft> Initializing test network
3175916:M 06 Jan 2024 07:11:13.359 * <raft> Created test network client
3175916:M 06 Jan 2024 07:11:13.359 * <raft> Raft module loaded, state is 'uninitialized'
3175916:M 06 Jan 2024 07:11:13.359 * Module 'raft' loaded from /home/snagendra/Fuzzing/redisraft-fuzzing/redisraft.so
3175916:M 06 Jan 2024 07:11:13.360 * Server initialized
3175916:M 06 Jan 2024 07:11:13.360 . The AOF directory appendonlydir doesn't exist
3175916:M 06 Jan 2024 07:11:13.361 * Ready to accept connections tcp
3175916:M 06 Jan 2024 07:11:13.361 . 0 clients connected (0 replicas), 1726192 bytes in use
3175916:M 06 Jan 2024 07:11:13.392 - Accepted 127.0.0.1:36158
3175916:M 06 Jan 2024 07:11:13.392 # Missing implement of connection type tls
3175916:M 06 Jan 2024 07:11:13.459 - <raft> join cluster, connecting to localhost:5031
3175916:M 06 Jan 2024 07:11:13.461 * <raft> Joined Raft cluster, node id: 3, dbid: 346680f38e10cbba87d1b1d27679d494
3175916:M 06 Jan 2024 07:11:13.467 * <raft> Cluster Membership: term:0 index:0 nodes: id=3,voting=0,active=1,addr=-
3175916:M 06 Jan 2024 07:11:13.467 * <raft> Test network starting message polling thread
3175916:M 06 Jan 2024 07:11:13.488 - Accepted 127.0.0.1:36174
3175916:M 06 Jan 2024 07:11:13.512 - Client closed connection id=9 addr=127.0.0.1:36174 laddr=127.0.0.1:5033 fd=10 name= age=0 idle=0 flags=N db=0 sub=0 psub=0 ssub=0 multi=-1 qbuf=0 qbuf-free=20474 argv-mem=0 multi-mem=0 rbs=16384 rbp=16384 obl=0 oll=0 omem=0 tot-mem=37760 events=r cmd=auth user=default redir=-1 resp=2 lib-name= lib-ver=
3175916:M 06 Jan 2024 07:11:13.860 * <raft> State change: Election starting, node is now a pre-candidate, term 0
3175916:M 06 Jan 2024 07:11:13.860 * <raft> Cluster Membership: term:0 index:0 nodes: id=3,voting=0,active=1,addr=-
3175916:M 06 Jan 2024 07:11:13.885 - Accepted 127.0.0.1:36190
3175916:M 06 Jan 2024 07:11:14.018 - Client closed connection id=10 addr=127.0.0.1:36190 laddr=127.0.0.1:5033 fd=10 name= age=1 idle=1 flags=N db=0 sub=0 psub=0 ssub=0 multi=-1 qbuf=0 qbuf-free=20474 argv-mem=0 multi-mem=0 rbs=16384 rbp=0 obl=0 oll=0 omem=0 tot-mem=37760 events=r cmd=auth user=default redir=-1 resp=2 lib-name= lib-ver=
3175916:M 06 Jan 2024 07:11:14.263 * <raft> State change: Election starting, node is now a pre-candidate, term 0
3175916:M 06 Jan 2024 07:11:14.263 * <raft> Cluster Membership: term:0 index:0 nodes: id=3,voting=0,active=1,addr=-
3175916:M 06 Jan 2024 07:11:14.392 * <raft> State change: Node is now a follower, term 2
3175916:M 06 Jan 2024 07:11:14.392 * <raft> Cluster Membership: term:2 index:0 nodes: id=3,voting=0,active=1,addr=-
3175916:signal-handler (1704521474) Received SIGINT scheduling shutdown...
3175916:signal-handler (1704521474) You insist... exiting now.
3177068:C 06 Jan 2024 07:11:16.187 # WARNING Memory overcommit must be enabled! Without it, a background save or replication may fail under low memory condition. Being disabled, it can also cause failures without low memory condition, see https://github.com/jemalloc/jemalloc/issues/1328. To fix this issue add 'vm.overcommit_memory = 1' to /etc/sysctl.conf and then reboot or run the command 'sysctl vm.overcommit_memory=1' for this to take effect.
3177068:C 06 Jan 2024 07:11:16.187 * oO0OoO0OoO0Oo Redis is starting oO0OoO0OoO0Oo
3177068:C 06 Jan 2024 07:11:16.187 * Redis version=255.255.255, bits=64, commit=e04ebdb8, modified=1, pid=3177068, just started
3177068:C 06 Jan 2024 07:11:16.187 * Configuration loaded
3177068:M 06 Jan 2024 07:11:16.188 * monotonic clock: POSIX clock_gettime
3177068:M 06 Jan 2024 07:11:16.188 * Running mode=standalone, port=5033.
3177068:M 06 Jan 2024 07:11:16.195 * <raft> RedisRaft version 255.255.255 [b779b199]
3177068:M 06 Jan 2024 07:11:16.200 * <raft> Initializing test network
3177068:M 06 Jan 2024 07:11:16.200 * <raft> Created test network client
3177068:M 06 Jan 2024 07:11:16.203 * <raft> Raft module loaded, state is 'loading'
3177068:M 06 Jan 2024 07:11:16.203 * Module 'raft' loaded from /home/snagendra/Fuzzing/redisraft-fuzzing/redisraft.so
3177068:M 06 Jan 2024 07:11:16.204 * Server initialized
3177068:M 06 Jan 2024 07:11:16.204 . The AOF directory appendonlydir doesn't exist
3177068:M 06 Jan 2024 07:11:16.204 * Ready to accept connections tcp
3177068:M 06 Jan 2024 07:11:16.204 . 0 clients connected (0 replicas), 1746816 bytes in use
3177068:M 06 Jan 2024 07:11:16.208 - Accepted 127.0.0.1:36216
3177068:M 06 Jan 2024 07:11:16.208 # Missing implement of connection type tls
3177068:M 06 Jan 2024 07:11:16.304 * <raft> Loading: Redis loading complete, snapshot NOT LOADED
3177068:M 06 Jan 2024 07:11:16.304 * <raft> Cluster Membership: term:0 index:0 nodes: id=3,voting=0,active=1,addr=-
3177068:M 06 Jan 2024 07:11:16.305 * <raft> Test network starting message polling thread


=== REDIS BUG REPORT START: Cut & paste starting from here ===
3177068:M 06 Jan 2024 07:11:16.305 # Redis 255.255.255 crashed by signal: 6, si_code: -6
3177068:M 06 Jan 2024 07:11:16.305 # Crashed running the instruction at: 0x7fda8f08cd3c

------ STACK TRACE ------
EIP:
/lib/x86_64-linux-gnu/libc.so.6(+0x8ad3c)[0x7fda8f08cd3c]

Backtrace:
/lib/x86_64-linux-gnu/libc.so.6(+0x3bfd0)[0x7fda8f03dfd0]
/lib/x86_64-linux-gnu/libc.so.6(+0x8ad3c)[0x7fda8f08cd3c]
/lib/x86_64-linux-gnu/libc.so.6(gsignal+0x12)[0x7fda8f03df32]
/lib/x86_64-linux-gnu/libc.so.6(abort+0xd3)[0x7fda8f028472]
/lib/x86_64-linux-gnu/libc.so.6(+0x26395)[0x7fda8f028395]
/lib/x86_64-linux-gnu/libc.so.6(+0x34e32)[0x7fda8f036e32]
/home/snagendra/Fuzzing/redisraft-fuzzing/redisraft.so(+0x3caea)[0x7fda8efb1aea]
/home/snagendra/Fuzzing/redisraft-fuzzing/redisraft.so(callRaftPeriodic+0x478)[0x7fda8efa2088]
/home/snagendra/Fuzzing/redis/src/redis-server 0.0.0.0:5033(moduleTimerHandler+0x21c)[0x55eaa669f98c]
/home/snagendra/Fuzzing/redis/src/redis-server 0.0.0.0:5033(+0x81705)[0x55eaa65a9705]
/home/snagendra/Fuzzing/redis/src/redis-server 0.0.0.0:5033(aeMain+0x1c8)[0x55eaa65b3cb8]
/home/snagendra/Fuzzing/redis/src/redis-server 0.0.0.0:5033(main+0x3cd)[0x55eaa65a8e2d]
/lib/x86_64-linux-gnu/libc.so.6(+0x271ca)[0x7fda8f0291ca]
/lib/x86_64-linux-gnu/libc.so.6(__libc_start_main+0x85)[0x7fda8f029285]
/home/snagendra/Fuzzing/redis/src/redis-server 0.0.0.0:5033(_start+0x2a)[0x55eaa65a95aa]

------ REGISTERS ------
3177068:M 06 Jan 2024 07:11:16.305 # 
RAX:0000000000000000 RBX:0000000000307a6c
RCX:00007fda8f08cd3c RDX:0000000000000006
RDI:0000000000307a6c RSI:0000000000307a6c
RBP:00007fda8effe1c0 RSP:00007ffd8ad3a0f0
R8 :0000000000000007 R9 :000055eaa821c820
R10:0000000000000008 R11:0000000000000246
R12:0000000000000006 R13:00000000000006a6
R14:00007fda8efde05c R15:000055eaa669e2b0
RIP:00007fda8f08cd3c EFL:0000000000000246
CSGSFS:002b000000000033
3177068:M 06 Jan 2024 07:11:16.305 # (00007ffd8ad3a0ff) -> 000055eaa821c8d0
3177068:M 06 Jan 2024 07:11:16.305 # (00007ffd8ad3a0fe) -> 00007fda8f1d4c60
3177068:M 06 Jan 2024 07:11:16.305 # (00007ffd8ad3a0fd) -> 00000000000002b1
3177068:M 06 Jan 2024 07:11:16.305 # (00007ffd8ad3a0fc) -> 000055eaa821c820
3177068:M 06 Jan 2024 07:11:16.305 # (00007ffd8ad3a0fb) -> 00000000000006a6
3177068:M 06 Jan 2024 07:11:16.305 # (00007ffd8ad3a0fa) -> 0000000000000020
3177068:M 06 Jan 2024 07:11:16.305 # (00007ffd8ad3a0f9) -> 00007fda8f028472
3177068:M 06 Jan 2024 07:11:16.305 # (00007ffd8ad3a0f8) -> 00007fda8f1d5e70
3177068:M 06 Jan 2024 07:11:16.305 # (00007ffd8ad3a0f7) -> 00007fda8f03df32
3177068:M 06 Jan 2024 07:11:16.305 # (00007ffd8ad3a0f6) -> 00007fda8efde05c
3177068:M 06 Jan 2024 07:11:16.305 # (00007ffd8ad3a0f5) -> 00000000000006a6
3177068:M 06 Jan 2024 07:11:16.305 # (00007ffd8ad3a0f4) -> 00007fda8efdd720
3177068:M 06 Jan 2024 07:11:16.305 # (00007ffd8ad3a0f3) -> 00007fda8effe1c0
3177068:M 06 Jan 2024 07:11:16.305 # (00007ffd8ad3a0f2) -> 0000000000000006
3177068:M 06 Jan 2024 07:11:16.305 # (00007ffd8ad3a0f1) -> 9298c1eed2dc1e00
3177068:M 06 Jan 2024 07:11:16.305 # (00007ffd8ad3a0f0) -> 000055eaa669e2b0

------ INFO OUTPUT ------
# Server
redis_version:255.255.255
redis_git_sha1:e04ebdb8
redis_git_dirty:1
redis_build_id:1f78dcc7b4fbdd25
redis_mode:standalone
os:Linux 6.1.60.1.amd64-smp x86_64
arch_bits:64
monotonic_clock:POSIX clock_gettime
multiplexing_api:epoll
atomicvar_api:c11-builtin
gcc_version:10.2.1
process_id:3177068
process_supervised:no
run_id:4e7af58947645a0f9370ab886e34cb15cc7b5ae1
tcp_port:5033
server_time_usec:1704521476304475
uptime_in_seconds:0
uptime_in_days:0
hz:10
configured_hz:10
lru_clock:10022660
executable:/home/snagendra/Fuzzing/redis/src/redis-server
config_file:
io_threads_active:0
listener0:name=tcp,bind=0.0.0.0,port=5033

# Clients
connected_clients:1
cluster_connections:0
maxclients:10000
client_recent_max_input_buffer:0
client_recent_max_output_buffer:0
blocked_clients:0
tracking_clients:0
clients_in_timeout_table:0
total_blocking_keys:0
total_blocking_keys_on_nokey:0

# Memory
used_memory:1817008
used_memory_human:1.73M
used_memory_rss:17592320
used_memory_rss_human:16.78M
used_memory_peak:1817008
used_memory_peak_human:1.73M
used_memory_peak_perc:100.39%
used_memory_overhead:1746856
used_memory_startup:1746672
used_memory_dataset:70152
used_memory_dataset_perc:99.74%
allocator_allocated:2170296
allocator_active:2703360
allocator_resident:10887168
total_system_memory:270388695040
total_system_memory_human:251.82G
used_memory_lua:31744
used_memory_vm_eval:31744
used_memory_lua_human:31.00K
used_memory_scripts_eval:0
number_of_cached_scripts:0
number_of_functions:0
number_of_libraries:0
used_memory_vm_functions:32768
used_memory_vm_total:64512
used_memory_vm_total_human:63.00K
used_memory_functions:184
used_memory_scripts:184
used_memory_scripts_human:184B
maxmemory:0
maxmemory_human:0B
maxmemory_policy:noeviction
allocator_frag_ratio:1.25
allocator_frag_bytes:533064
allocator_rss_ratio:4.03
allocator_rss_bytes:8183808
rss_overhead_ratio:1.62
rss_overhead_bytes:6705152
mem_fragmentation_ratio:10.07
mem_fragmentation_bytes:15845504
mem_not_counted_for_evict:0
mem_replication_backlog:0
mem_total_replication_buffers:0
mem_clients_slaves:0
mem_clients_normal:0
mem_cluster_links:0
mem_aof_buffer:0
mem_allocator:jemalloc-5.3.0
active_defrag_running:0
lazyfree_pending_objects:0
lazyfreed_objects:0

# Persistence
loading:0
async_loading:0
current_cow_peak:0
current_cow_size:0
current_cow_size_age:0
current_fork_perc:0.00
current_save_keys_processed:0
current_save_keys_total:0
rdb_changes_since_last_save:0
rdb_bgsave_in_progress:0
rdb_last_save_time:1704521476
rdb_last_bgsave_status:ok
rdb_last_bgsave_time_sec:-1
rdb_current_bgsave_time_sec:-1
rdb_saves:0
rdb_last_cow_size:0
rdb_last_load_keys_expired:0
rdb_last_load_keys_loaded:0
aof_enabled:0
aof_rewrite_in_progress:0
aof_rewrite_scheduled:0
aof_last_rewrite_time_sec:-1
aof_current_rewrite_time_sec:-1
aof_last_bgrewrite_status:ok
aof_rewrites:0
aof_rewrites_consecutive_failures:0
aof_last_write_status:ok
aof_last_cow_size:0
module_fork_in_progress:0
module_fork_last_cow_size:0

# Stats
total_connections_received:1
total_commands_processed:7
instantaneous_ops_per_sec:23
total_net_input_bytes:33
total_net_output_bytes:5
total_net_repl_input_bytes:0
total_net_repl_output_bytes:0
instantaneous_input_kbps:0.00
instantaneous_output_kbps:0.00
instantaneous_input_repl_kbps:0.00
instantaneous_output_repl_kbps:0.00
rejected_connections:0
sync_full:0
sync_partial_ok:0
sync_partial_err:0
expired_keys:0
expired_stale_perc:0.00
expired_time_cap_reached_count:0
expire_cycle_cpu_milliseconds:0
evicted_keys:0
evicted_clients:0
total_eviction_exceeded_time:0
current_eviction_exceeded_time:0
keyspace_hits:0
keyspace_misses:0
pubsub_channels:0
pubsub_patterns:0
pubsubshard_channels:0
latest_fork_usec:0
total_forks:0
migrate_cached_sockets:0
slave_expires_tracked_keys:0
active_defrag_hits:0
active_defrag_misses:0
active_defrag_key_hits:0
active_defrag_key_misses:0
total_active_defrag_time:0
current_active_defrag_time:0
tracking_total_keys:0
tracking_total_items:0
tracking_total_prefixes:0
unexpected_error_replies:0
total_error_replies:0
dump_payload_sanitizations:0
total_reads_processed:1
total_writes_processed:1
io_threaded_reads_processed:0
io_threaded_writes_processed:0
reply_buffer_shrinks:0
reply_buffer_expands:0
acl_access_denied_auth:0
acl_access_denied_cmd:0
acl_access_denied_key:0
acl_access_denied_channel:0

# Replication
role:master
connected_slaves:0
master_failover_state:no-failover
master_replid:66834292bc4704a1db8de7605f163603e95ddcca
master_replid2:0000000000000000000000000000000000000000
master_repl_offset:0
second_repl_offset:-1
repl_backlog_active:0
repl_backlog_size:1048576
repl_backlog_first_byte_offset:0
repl_backlog_histlen:0

# CPU
used_cpu_sys:0.010996
used_cpu_user:0.007219
used_cpu_sys_children:0.000000
used_cpu_user_children:0.000000
used_cpu_sys_main_thread:0.008931
used_cpu_user_main_thread:0.008931

# Modules
module:name=raft,ver=1,api=1,filters=1,usedby=[],using=[],options=[]

# Commandstats
cmdstat_command:calls=2,usec=1552,usec_per_call=776.00,rejected_calls=0,failed_calls=0
cmdstat_auth:calls=1,usec=1,usec_per_call=1.00,rejected_calls=0,failed_calls=0
cmdstat_config|get:calls=3,usec=6,usec_per_call=2.00,rejected_calls=0,failed_calls=0
cmdstat_config|set:calls=1,usec=8,usec_per_call=8.00,rejected_calls=0,failed_calls=0

# Errorstats

# Latencystats
latency_percentiles_usec_command:p50=700.415,p99=856.063,p99.9=856.063
latency_percentiles_usec_auth:p50=1.003,p99=1.003,p99.9=1.003
latency_percentiles_usec_config|get:p50=2.007,p99=3.007,p99.9=3.007
latency_percentiles_usec_config|set:p50=8.031,p99=8.031,p99.9=8.031

# Cluster
cluster_enabled:0

# Keyspace

------ CLIENT LIST OUTPUT ------
id=8 addr=127.0.0.1:36216 laddr=127.0.0.1:5033 fd=11 name= age=0 idle=0 flags=N db=0 sub=0 psub=0 ssub=0 multi=-1 qbuf=0 qbuf-free=20474 argv-mem=0 multi-mem=0 rbs=16384 rbp=16384 obl=0 oll=0 omem=0 tot-mem=37760 events=r cmd=auth user=default redir=-1 resp=2 lib-name= lib-ver=

------ MODULES INFO OUTPUT ------
# raft_version
raft_version:255.255.255
raft_git_sha1:b779b199

# raft_general
raft_dbid:346680f38e10cbba87d1b1d27679d494
raft_node_id:3
raft_state:up
raft_role:follower
raft_is_voting:no
raft_voted_for:-1
raft_leader_id:-1
raft_current_term:0
raft_num_nodes:1
raft_num_voting_nodes:0

# raft_log
raft_log_entries:0
raft_current_index:0
raft_commit_index:0
raft_last_applied_index:0
raft_file_size:99
raft_cache_memory_size:0
raft_cache_entries:0
raft_client_attached_entries:0
raft_fsync_count:0
raft_fsync_max_microseconds:0
raft_fsync_avg_microseconds:0

# raft_snapshot
raft_snapshot_filename:redis3.rdb
raft_snapshot_last_idx:0
raft_snapshot_last_term:0
raft_snapshot_size:0
raft_snapshot_time_secs:-1
raft_snapshots_created:0
raft_snapshots_received:0
raft_snapshot_in_progress:no
raft_snapshot_in_progress_last_idx:-1
raft_snapshot_in_progress_last_term:-1

# raft_clients
raft_proxy_reqs:0
raft_proxy_failed_reqs:0
raft_proxy_failed_responses:0
raft_proxy_outstanding_reqs:0

# raft_stats
raft_appendreq_received:0
raft_appendreq_with_entry_received:0
raft_snapshotreq_received:0
raft_exec_throttled:0
raft_num_sessions:0

------ CONFIG DEBUG OUTPUT ------
io-threads-do-reads no
lazyfree-lazy-user-flush no
lazyfree-lazy-user-del no
lazyfree-lazy-expire no
replica-read-only yes
activedefrag no
client-query-buffer-limit 1gb
io-threads 1
lazyfree-lazy-server-del no
proto-max-bulk-len 512mb
repl-diskless-load disabled
repl-diskless-sync yes
slave-read-only yes
sanitize-dump-payload no
lazyfree-lazy-eviction no
list-compress-depth 0

------ FAST MEMORY TEST ------
3177068:M 06 Jan 2024 07:11:16.306 # Bio worker thread #0 terminated
3177068:M 06 Jan 2024 07:11:16.306 # Bio worker thread #1 terminated
3177068:M 06 Jan 2024 07:11:16.306 # Bio worker thread #2 terminated
*** Preparing to test memory region 55eaa687f000 (2273280 bytes)
*** Preparing to test memory region 55eaa81c7000 (405504 bytes)
*** Preparing to test memory region 7fda81fff000 (8388608 bytes)
*** Preparing to test memory region 7fda82800000 (8388608 bytes)
*** Preparing to test memory region 7fda83000000 (6291456 bytes)
*** Preparing to test memory region 7fda837f8000 (8388608 bytes)
*** Preparing to test memory region 7fda83ff9000 (8388608 bytes)
*** Preparing to test memory region 7fda847fa000 (8388608 bytes)
*** Preparing to test memory region 7fda84ffb000 (8388608 bytes)
*** Preparing to test memory region 7fda857fc000 (8388608 bytes)
*** Preparing to test memory region 7fda85ffd000 (8388608 bytes)
*** Preparing to test memory region 7fda867fe000 (8388608 bytes)
*** Preparing to test memory region 7fda86fff000 (8388608 bytes)
*** Preparing to test memory region 7fda87800000 (8388608 bytes)
*** Preparing to test memory region 7fda88000000 (135168 bytes)
*** Preparing to test memory region 7fda8c561000 (8388608 bytes)
*** Preparing to test memory region 7fda8cd61000 (2621440 bytes)
*** Preparing to test memory region 7fda8cff0000 (8192 bytes)
*** Preparing to test memory region 7fda8d67f000 (12288 bytes)
*** Preparing to test memory region 7fda8dc18000 (16384 bytes)
*** Preparing to test memory region 7fda8dd1d000 (8192 bytes)
*** Preparing to test memory region 7fda8e600000 (8388608 bytes)
*** Preparing to test memory region 7fda8eea2000 (4096 bytes)
*** Preparing to test memory region 7fda8ef72000 (12288 bytes)
*** Preparing to test memory region 7fda8eff7000 (45056 bytes)
*** Preparing to test memory region 7fda8f1d6000 (53248 bytes)
*** Preparing to test memory region 7fda8f2f3000 (8192 bytes)
.O.O.O.O.O.O.O.O.O.O.O.O.O.O.O.O.O.O.O.O.O.3177068:signal-handler (1704521476) Received SIGINT scheduling shutdown...
3177068:signal-handler (1704521476) You insist... exiting now.

----- Stderr -----
libgcov profiling error:/home/snagendra/Fuzzing/redisraft-fuzzing/build/deps/raft/CMakeFiles/raft.dir/src/raft_server_properties.c.gcda:Merge mismatch for function 9
libgcov profiling error:/home/snagendra/Fuzzing/redisraft-fuzzing/build/deps/raft/CMakeFiles/raft.dir/src/raft_server.c.gcda:Merge mismatch for function 13
redis-server: /home/snagendra/Fuzzing/redisraft-fuzzing/deps/raft/src/raft_server.c:1702: raft_get_first_entry_idx: Assertion `0 < raft_get_current_idx(me)' failed.
libgcov profiling error:/home/snagendra/Fuzzing/redisraft-fuzzing/build/deps/raft/CMakeFiles/raft.dir/src/raft_server_properties.c.gcda:Merge mismatch for function 9
libgcov profiling error:/home/snagendra/Fuzzing/redisraft-fuzzing/build/deps/raft/CMakeFiles/raft.dir/src/raft_server.c.gcda:Merge mismatch for function 13



