logs for node: 2

----- Stdout -----
2375656:C 06 Jan 2024 09:23:11.327 # WARNING Memory overcommit must be enabled! Without it, a background save or replication may fail under low memory condition. Being disabled, it can also cause failures without low memory condition, see https://github.com/jemalloc/jemalloc/issues/1328. To fix this issue add 'vm.overcommit_memory = 1' to /etc/sysctl.conf and then reboot or run the command 'sysctl vm.overcommit_memory=1' for this to take effect.
2375656:C 06 Jan 2024 09:23:11.327 * oO0OoO0OoO0Oo Redis is starting oO0OoO0OoO0Oo
2375656:C 06 Jan 2024 09:23:11.327 * Redis version=255.255.255, bits=64, commit=e04ebdb8, modified=1, pid=2375656, just started
2375656:C 06 Jan 2024 09:23:11.327 * Configuration loaded
2375656:M 06 Jan 2024 09:23:11.328 * monotonic clock: POSIX clock_gettime
2375656:M 06 Jan 2024 09:23:11.328 * Running mode=standalone, port=5062.
2375656:M 06 Jan 2024 09:23:11.335 * <raft> RedisRaft version 255.255.255 [b779b199]
2375656:M 06 Jan 2024 09:23:11.341 * <raft> Initializing test network
2375656:M 06 Jan 2024 09:23:11.341 * <raft> Created test network client
2375656:M 06 Jan 2024 09:23:11.342 * <raft> Raft module loaded, state is 'uninitialized'
2375656:M 06 Jan 2024 09:23:11.342 * Module 'raft' loaded from /home/snagendra/Fuzzing/redisraft-fuzzing/redisraft.so
2375656:M 06 Jan 2024 09:23:11.343 * Server initialized
2375656:M 06 Jan 2024 09:23:11.343 . The AOF directory appendonlydir doesn't exist
2375656:M 06 Jan 2024 09:23:11.344 * Ready to accept connections tcp
2375656:M 06 Jan 2024 09:23:11.344 . 0 clients connected (0 replicas), 1726224 bytes in use
2375656:M 06 Jan 2024 09:23:11.348 - Accepted 127.0.0.1:48648
2375656:M 06 Jan 2024 09:23:11.348 # Missing implement of connection type tls
2375656:M 06 Jan 2024 09:23:11.442 - <raft> join cluster, connecting to localhost:5061
2375656:M 06 Jan 2024 09:23:11.444 * <raft> Joined Raft cluster, node id: 2, dbid: a37dd1dc60a5165da1a5931500468dc2
2375656:M 06 Jan 2024 09:23:11.450 * <raft> Cluster Membership: term:0 index:0 nodes: id=2,voting=0,active=1,addr=-
2375656:M 06 Jan 2024 09:23:11.450 * <raft> Test network starting message polling thread
2375656:M 06 Jan 2024 09:23:11.484 - Accepted 127.0.0.1:48662
2375656:M 06 Jan 2024 09:23:11.843 * <raft> State change: Election starting, node is now a pre-candidate, term 0
2375656:M 06 Jan 2024 09:23:11.843 * <raft> Cluster Membership: term:0 index:0 nodes: id=2,voting=0,active=1,addr=-
2375656:M 06 Jan 2024 09:23:11.920 * <raft> State change: Node is now a follower, term 1
2375656:M 06 Jan 2024 09:23:11.920 * <raft> Cluster Membership: term:1 index:0 nodes: id=2,voting=0,active=1,addr=-
2375656:M 06 Jan 2024 09:23:11.921 * <raft> Cluster Membership: term:1 index:2 nodes: id=2,voting=0,active=1,addr=- id=1,voting=1,active=1,addr=localhost:5061
2375656:M 06 Jan 2024 09:23:11.922 * <raft> Cluster Membership: term:1 index:4 nodes: id=2,voting=0,active=1,addr=- id=1,voting=1,active=1,addr=localhost:5061 id=3,voting=0,active=1,addr=localhost:5063
2375656:M 06 Jan 2024 09:23:12.747 * <raft> State change: Election starting, node is now a pre-candidate, term 1
2375656:M 06 Jan 2024 09:23:12.747 * <raft> Cluster Membership: term:1 index:4 nodes: id=2,voting=0,active=1,addr=- id=1,voting=1,active=1,addr=localhost:5061 id=3,voting=0,active=1,addr=localhost:5063
2375656:M 06 Jan 2024 09:23:12.817 * <raft> State change: Node is now a follower, term 1
2375656:M 06 Jan 2024 09:23:12.817 * <raft> Cluster Membership: term:1 index:4 nodes: id=2,voting=0,active=1,addr=- id=1,voting=1,active=1,addr=localhost:5061 id=3,voting=0,active=1,addr=localhost:5063
2375656:signal-handler (1704529392) Received SIGINT scheduling shutdown...
2375656:signal-handler (1704529392) You insist... exiting now.
2376585:C 06 Jan 2024 09:23:13.535 # WARNING Memory overcommit must be enabled! Without it, a background save or replication may fail under low memory condition. Being disabled, it can also cause failures without low memory condition, see https://github.com/jemalloc/jemalloc/issues/1328. To fix this issue add 'vm.overcommit_memory = 1' to /etc/sysctl.conf and then reboot or run the command 'sysctl vm.overcommit_memory=1' for this to take effect.
2376585:C 06 Jan 2024 09:23:13.535 * oO0OoO0OoO0Oo Redis is starting oO0OoO0OoO0Oo
2376585:C 06 Jan 2024 09:23:13.535 * Redis version=255.255.255, bits=64, commit=e04ebdb8, modified=1, pid=2376585, just started
2376585:C 06 Jan 2024 09:23:13.535 * Configuration loaded
2376585:M 06 Jan 2024 09:23:13.535 * monotonic clock: POSIX clock_gettime
2376585:M 06 Jan 2024 09:23:13.536 * Running mode=standalone, port=5062.
2376585:M 06 Jan 2024 09:23:13.542 * <raft> RedisRaft version 255.255.255 [b779b199]
2376585:M 06 Jan 2024 09:23:13.546 * <raft> Initializing test network
2376585:M 06 Jan 2024 09:23:13.547 * <raft> Created test network client
2376585:M 06 Jan 2024 09:23:13.550 * <raft> Raft module loaded, state is 'loading'
2376585:M 06 Jan 2024 09:23:13.550 * Module 'raft' loaded from /home/snagendra/Fuzzing/redisraft-fuzzing/redisraft.so
2376585:M 06 Jan 2024 09:23:13.550 * Server initialized
2376585:M 06 Jan 2024 09:23:13.550 . The AOF directory appendonlydir doesn't exist
2376585:M 06 Jan 2024 09:23:13.550 * Ready to accept connections tcp
2376585:M 06 Jan 2024 09:23:13.550 . 0 clients connected (0 replicas), 1746688 bytes in use
2376585:M 06 Jan 2024 09:23:13.598 - Accepted 127.0.0.1:35966
2376585:M 06 Jan 2024 09:23:13.598 # Missing implement of connection type tls
2376585:M 06 Jan 2024 09:23:13.643 - Client closed connection id=8 addr=127.0.0.1:35966 laddr=127.0.0.1:5062 fd=11 name= age=0 idle=0 flags=N db=0 sub=0 psub=0 ssub=0 multi=-1 qbuf=0 qbuf-free=20474 argv-mem=0 multi-mem=0 rbs=16384 rbp=16384 obl=0 oll=0 omem=0 tot-mem=37760 events=r cmd=auth user=default redir=-1 resp=2 lib-name= lib-ver=
2376585:M 06 Jan 2024 09:23:13.650 * <raft> Loading: Redis loading complete, snapshot NOT LOADED
2376585:M 06 Jan 2024 09:23:13.650 * <raft> Cluster Membership: term:0 index:0 nodes: id=2,voting=0,active=1,addr=-
2376585:M 06 Jan 2024 09:23:13.650 * <raft> Test network starting message polling thread
2376585:M 06 Jan 2024 09:23:13.651 * <raft> Cluster Membership: term:0 index:4 nodes: id=2,voting=0,active=1,addr=- id=1,voting=1,active=1,addr=localhost:5061
2376585:M 06 Jan 2024 09:23:13.651 * <raft> Cluster Membership: term:0 index:4 nodes: id=2,voting=0,active=1,addr=- id=1,voting=1,active=1,addr=localhost:5061 id=3,voting=0,active=1,addr=localhost:5063
2376585:M 06 Jan 2024 09:23:13.651 * <raft> Raft state after loading log: log_count=4, first_idx=1, current_idx=4, last_applied_idx=0
2376585:M 06 Jan 2024 09:23:13.651 . <raft> Raft term=1, vote=-1
2376585:signal-handler (1704529394) Received SIGINT scheduling shutdown...
2376585:signal-handler (1704529394) You insist... exiting now.
2376885:C 06 Jan 2024 09:23:14.154 # WARNING Memory overcommit must be enabled! Without it, a background save or replication may fail under low memory condition. Being disabled, it can also cause failures without low memory condition, see https://github.com/jemalloc/jemalloc/issues/1328. To fix this issue add 'vm.overcommit_memory = 1' to /etc/sysctl.conf and then reboot or run the command 'sysctl vm.overcommit_memory=1' for this to take effect.
2376885:C 06 Jan 2024 09:23:14.154 * oO0OoO0OoO0Oo Redis is starting oO0OoO0OoO0Oo
2376885:C 06 Jan 2024 09:23:14.154 * Redis version=255.255.255, bits=64, commit=e04ebdb8, modified=1, pid=2376885, just started
2376885:C 06 Jan 2024 09:23:14.154 * Configuration loaded
2376885:M 06 Jan 2024 09:23:14.155 * monotonic clock: POSIX clock_gettime
2376885:M 06 Jan 2024 09:23:14.155 * Running mode=standalone, port=5062.
2376885:M 06 Jan 2024 09:23:14.162 * <raft> RedisRaft version 255.255.255 [b779b199]
2376885:M 06 Jan 2024 09:23:14.166 * <raft> Initializing test network
2376885:M 06 Jan 2024 09:23:14.167 * <raft> Created test network client
2376885:M 06 Jan 2024 09:23:14.170 * <raft> Raft module loaded, state is 'loading'
2376885:M 06 Jan 2024 09:23:14.170 * Module 'raft' loaded from /home/snagendra/Fuzzing/redisraft-fuzzing/redisraft.so
2376885:M 06 Jan 2024 09:23:14.171 * Server initialized
2376885:M 06 Jan 2024 09:23:14.171 . The AOF directory appendonlydir doesn't exist
2376885:M 06 Jan 2024 09:23:14.171 * Ready to accept connections tcp
2376885:M 06 Jan 2024 09:23:14.171 . 0 clients connected (0 replicas), 1746656 bytes in use
2376885:M 06 Jan 2024 09:23:14.271 * <raft> Loading: Redis loading complete, snapshot NOT LOADED
2376885:M 06 Jan 2024 09:23:14.271 * <raft> Cluster Membership: term:0 index:0 nodes: id=2,voting=0,active=1,addr=-
2376885:M 06 Jan 2024 09:23:14.272 * <raft> Test network starting message polling thread
2376885:M 06 Jan 2024 09:23:14.272 * <raft> Cluster Membership: term:0 index:5 nodes: id=2,voting=0,active=1,addr=- id=1,voting=1,active=1,addr=localhost:5061
2376885:M 06 Jan 2024 09:23:14.272 * <raft> Cluster Membership: term:0 index:5 nodes: id=2,voting=0,active=1,addr=- id=1,voting=1,active=1,addr=localhost:5061 id=3,voting=0,active=1,addr=localhost:5063
2376885:M 06 Jan 2024 09:23:14.272 * <raft> Raft state after loading log: log_count=5, first_idx=1, current_idx=5, last_applied_idx=0
2376885:M 06 Jan 2024 09:23:14.272 . <raft> Raft term=1, vote=-1
2376885:M 06 Jan 2024 09:23:14.356 # <raft> Redis connection authentication failed: connection died
2376885:M 06 Jan 2024 09:23:14.538 - Accepted 127.0.0.1:35982
2376885:M 06 Jan 2024 09:23:14.538 # Missing implement of connection type tls
2376885:M 06 Jan 2024 09:23:14.663 - Client closed connection id=8 addr=127.0.0.1:35982 laddr=127.0.0.1:5062 fd=13 name= age=0 idle=0 flags=N db=0 sub=0 psub=0 ssub=0 multi=-1 qbuf=0 qbuf-free=20474 argv-mem=0 multi-mem=0 rbs=16384 rbp=0 obl=0 oll=0 omem=0 tot-mem=37760 events=r cmd=auth user=default redir=-1 resp=2 lib-name= lib-ver=
2376885:signal-handler (1704529394) Received SIGINT scheduling shutdown...
2376885:signal-handler (1704529394) You insist... exiting now.

----- Stderr -----
libgcov profiling error:/home/snagendra/Fuzzing/redisraft-fuzzing/build/deps/raft/CMakeFiles/raft.dir/src/raft_server.c.gcda:Merge mismatch for function 6
libgcov profiling error:/home/snagendra/Fuzzing/redisraft-fuzzing/build/deps/raft/CMakeFiles/raft.dir/src/raft_server.c.gcda:Merge mismatch for function 6
libgcov profiling error:/home/snagendra/Fuzzing/redisraft-fuzzing/build/deps/raft/CMakeFiles/raft.dir/src/raft_server.c.gcda:Merge mismatch for function 6




logs for node: 3

----- Stdout -----
2375706:C 06 Jan 2024 09:23:11.453 # WARNING Memory overcommit must be enabled! Without it, a background save or replication may fail under low memory condition. Being disabled, it can also cause failures without low memory condition, see https://github.com/jemalloc/jemalloc/issues/1328. To fix this issue add 'vm.overcommit_memory = 1' to /etc/sysctl.conf and then reboot or run the command 'sysctl vm.overcommit_memory=1' for this to take effect.
2375706:C 06 Jan 2024 09:23:11.453 * oO0OoO0OoO0Oo Redis is starting oO0OoO0OoO0Oo
2375706:C 06 Jan 2024 09:23:11.453 * Redis version=255.255.255, bits=64, commit=e04ebdb8, modified=1, pid=2375706, just started
2375706:C 06 Jan 2024 09:23:11.453 * Configuration loaded
2375706:M 06 Jan 2024 09:23:11.454 * monotonic clock: POSIX clock_gettime
2375706:M 06 Jan 2024 09:23:11.454 * Running mode=standalone, port=5063.
2375706:M 06 Jan 2024 09:23:11.461 * <raft> RedisRaft version 255.255.255 [b779b199]
2375706:M 06 Jan 2024 09:23:11.466 * <raft> Initializing test network
2375706:M 06 Jan 2024 09:23:11.467 * <raft> Created test network client
2375706:M 06 Jan 2024 09:23:11.467 * <raft> Raft module loaded, state is 'uninitialized'
2375706:M 06 Jan 2024 09:23:11.467 * Module 'raft' loaded from /home/snagendra/Fuzzing/redisraft-fuzzing/redisraft.so
2375706:M 06 Jan 2024 09:23:11.468 * Server initialized
2375706:M 06 Jan 2024 09:23:11.468 . The AOF directory appendonlydir doesn't exist
2375706:M 06 Jan 2024 09:23:11.469 * Ready to accept connections tcp
2375706:M 06 Jan 2024 09:23:11.469 . 0 clients connected (0 replicas), 1726224 bytes in use
2375706:M 06 Jan 2024 09:23:11.486 - Accepted 127.0.0.1:50910
2375706:M 06 Jan 2024 09:23:11.486 # Missing implement of connection type tls
2375706:M 06 Jan 2024 09:23:11.567 - <raft> join cluster, connecting to localhost:5061
2375706:M 06 Jan 2024 09:23:11.569 * <raft> Joined Raft cluster, node id: 3, dbid: a37dd1dc60a5165da1a5931500468dc2
2375706:M 06 Jan 2024 09:23:11.577 * <raft> Cluster Membership: term:0 index:0 nodes: id=3,voting=0,active=1,addr=-
2375706:M 06 Jan 2024 09:23:11.577 * <raft> Test network starting message polling thread
2375706:M 06 Jan 2024 09:23:11.585 - Accepted 127.0.0.1:50926
2375706:M 06 Jan 2024 09:23:11.944 - Accepted 127.0.0.1:50940
2375706:M 06 Jan 2024 09:23:12.070 * <raft> State change: Election starting, node is now a pre-candidate, term 1
2375706:M 06 Jan 2024 09:23:12.070 * <raft> Cluster Membership: term:1 index:0 nodes: id=3,voting=0,active=1,addr=-
2375706:M 06 Jan 2024 09:23:12.370 * <raft> State change: Election starting, node is now a pre-candidate, term 1
2375706:M 06 Jan 2024 09:23:12.370 * <raft> Cluster Membership: term:1 index:0 nodes: id=3,voting=0,active=1,addr=-
2375706:M 06 Jan 2024 09:23:12.554 * <raft> State change: Node is now a follower, term 1
2375706:M 06 Jan 2024 09:23:12.554 * <raft> Cluster Membership: term:1 index:0 nodes: id=3,voting=0,active=1,addr=-
2375706:signal-handler (1704529392) Received SIGINT scheduling shutdown...
2375706:signal-handler (1704529392) Received SIGINT scheduling shutdown...
2376766:C 06 Jan 2024 09:23:13.919 # WARNING Memory overcommit must be enabled! Without it, a background save or replication may fail under low memory condition. Being disabled, it can also cause failures without low memory condition, see https://github.com/jemalloc/jemalloc/issues/1328. To fix this issue add 'vm.overcommit_memory = 1' to /etc/sysctl.conf and then reboot or run the command 'sysctl vm.overcommit_memory=1' for this to take effect.
2376766:C 06 Jan 2024 09:23:13.919 * oO0OoO0OoO0Oo Redis is starting oO0OoO0OoO0Oo
2376766:C 06 Jan 2024 09:23:13.919 * Redis version=255.255.255, bits=64, commit=e04ebdb8, modified=1, pid=2376766, just started
2376766:C 06 Jan 2024 09:23:13.919 * Configuration loaded
2376766:M 06 Jan 2024 09:23:13.919 * monotonic clock: POSIX clock_gettime
2376766:M 06 Jan 2024 09:23:13.920 * Running mode=standalone, port=5063.
2376766:M 06 Jan 2024 09:23:13.926 * <raft> RedisRaft version 255.255.255 [b779b199]
2376766:M 06 Jan 2024 09:23:13.930 * <raft> Initializing test network
2376766:M 06 Jan 2024 09:23:13.931 * <raft> Created test network client
2376766:M 06 Jan 2024 09:23:13.933 * <raft> Raft module loaded, state is 'loading'
2376766:M 06 Jan 2024 09:23:13.933 * Module 'raft' loaded from /home/snagendra/Fuzzing/redisraft-fuzzing/redisraft.so
2376766:M 06 Jan 2024 09:23:13.934 * Server initialized
2376766:M 06 Jan 2024 09:23:13.934 . The AOF directory appendonlydir doesn't exist
2376766:M 06 Jan 2024 09:23:13.934 * Ready to accept connections tcp
2376766:M 06 Jan 2024 09:23:13.934 . 0 clients connected (0 replicas), 1746848 bytes in use
2376766:M 06 Jan 2024 09:23:13.953 - Accepted 127.0.0.1:42472
2376766:M 06 Jan 2024 09:23:13.953 # Missing implement of connection type tls
2376766:M 06 Jan 2024 09:23:14.033 * <raft> Loading: Redis loading complete, snapshot NOT LOADED
2376766:M 06 Jan 2024 09:23:14.034 * <raft> Cluster Membership: term:0 index:0 nodes: id=3,voting=0,active=1,addr=-
2376766:M 06 Jan 2024 09:23:14.034 * <raft> Test network starting message polling thread


=== REDIS BUG REPORT START: Cut & paste starting from here ===
2376766:M 06 Jan 2024 09:23:14.034 # Redis 255.255.255 crashed by signal: 6, si_code: -6
2376766:M 06 Jan 2024 09:23:14.034 # Crashed running the instruction at: 0x7f4df486dd3c

------ STACK TRACE ------
EIP:
/lib/x86_64-linux-gnu/libc.so.6(+0x8ad3c)[0x7f4df486dd3c]

Backtrace:
/lib/x86_64-linux-gnu/libc.so.6(+0x3bfd0)[0x7f4df481efd0]
/lib/x86_64-linux-gnu/libc.so.6(+0x8ad3c)[0x7f4df486dd3c]
/lib/x86_64-linux-gnu/libc.so.6(gsignal+0x12)[0x7f4df481ef32]
/lib/x86_64-linux-gnu/libc.so.6(abort+0xd3)[0x7f4df4809472]
/lib/x86_64-linux-gnu/libc.so.6(+0x26395)[0x7f4df4809395]
/lib/x86_64-linux-gnu/libc.so.6(+0x34e32)[0x7f4df4817e32]
/home/snagendra/Fuzzing/redisraft-fuzzing/redisraft.so(+0x3caea)[0x7f4df4792aea]
/home/snagendra/Fuzzing/redisraft-fuzzing/redisraft.so(callRaftPeriodic+0x478)[0x7f4df4783088]
/home/snagendra/Fuzzing/redis/src/redis-server 0.0.0.0:5063(moduleTimerHandler+0x21c)[0x560808a9798c]
/home/snagendra/Fuzzing/redis/src/redis-server 0.0.0.0:5063(+0x81705)[0x5608089a1705]
/home/snagendra/Fuzzing/redis/src/redis-server 0.0.0.0:5063(aeMain+0x1c8)[0x5608089abcb8]
/home/snagendra/Fuzzing/redis/src/redis-server 0.0.0.0:5063(main+0x3cd)[0x5608089a0e2d]
/lib/x86_64-linux-gnu/libc.so.6(+0x271ca)[0x7f4df480a1ca]
/lib/x86_64-linux-gnu/libc.so.6(__libc_start_main+0x85)[0x7f4df480a285]
/home/snagendra/Fuzzing/redis/src/redis-server 0.0.0.0:5063(_start+0x2a)[0x5608089a15aa]

------ REGISTERS ------
2376766:M 06 Jan 2024 09:23:14.035 # 
RAX:0000000000000000 RBX:000000000024443e
RCX:00007f4df486dd3c RDX:0000000000000006
RDI:000000000024443e RSI:000000000024443e
RBP:00007f4df47df1c0 RSP:00007ffd88107d00
R8 :0000000000000007 R9 :0000560809608820
R10:0000000000000008 R11:0000000000000246
R12:0000000000000006 R13:00000000000006a6
R14:00007f4df47bf05c R15:0000560808a962b0
RIP:00007f4df486dd3c EFL:0000000000000246
CSGSFS:002b000000000033
2376766:M 06 Jan 2024 09:23:14.035 # (00007ffd88107d0f) -> 00005608096088d0
2376766:M 06 Jan 2024 09:23:14.035 # (00007ffd88107d0e) -> 00007f4df49b5c60
2376766:M 06 Jan 2024 09:23:14.035 # (00007ffd88107d0d) -> 00000000000002b1
2376766:M 06 Jan 2024 09:23:14.035 # (00007ffd88107d0c) -> 0000560809608820
2376766:M 06 Jan 2024 09:23:14.035 # (00007ffd88107d0b) -> 00000000000006a6
2376766:M 06 Jan 2024 09:23:14.035 # (00007ffd88107d0a) -> 0000000000000020
2376766:M 06 Jan 2024 09:23:14.035 # (00007ffd88107d09) -> 00007f4df4809472
2376766:M 06 Jan 2024 09:23:14.035 # (00007ffd88107d08) -> 00007f4df49b6e70
2376766:M 06 Jan 2024 09:23:14.035 # (00007ffd88107d07) -> 00007f4df481ef32
2376766:M 06 Jan 2024 09:23:14.035 # (00007ffd88107d06) -> 00007f4df47bf05c
2376766:M 06 Jan 2024 09:23:14.035 # (00007ffd88107d05) -> 00000000000006a6
2376766:M 06 Jan 2024 09:23:14.035 # (00007ffd88107d04) -> 00007f4df47be720
2376766:M 06 Jan 2024 09:23:14.035 # (00007ffd88107d03) -> 00007f4df47df1c0
2376766:M 06 Jan 2024 09:23:14.035 # (00007ffd88107d02) -> 0000000000000006
2376766:M 06 Jan 2024 09:23:14.035 # (00007ffd88107d01) -> 40f68e3cd8bf6a00
2376766:M 06 Jan 2024 09:23:14.035 # (00007ffd88107d00) -> 0000560808a962b0

------ INFO OUTPUT ------
# Server
redis_version:255.255.255
redis_git_sha1:e04ebdb8
redis_git_dirty:1
redis_build_id:1f78dcc7b4fbdd25
redis_mode:standalone
os:Linux 6.1.60.1.amd64-smp x86_64
arch_bits:64
monotonic_clock:POSIX clock_gettime
multiplexing_api:epoll
atomicvar_api:c11-builtin
gcc_version:10.2.1
process_id:2376766
process_supervised:no
run_id:8ce3e6372c7b4ba17d85a27c38b3e7315fa7219d
tcp_port:5063
server_time_usec:1704529394033941
uptime_in_seconds:1
uptime_in_days:0
hz:10
configured_hz:10
lru_clock:10030577
executable:/home/snagendra/Fuzzing/redis/src/redis-server
config_file:
io_threads_active:0
listener0:name=tcp,bind=0.0.0.0,port=5063

# Clients
connected_clients:1
cluster_connections:0
maxclients:10000
client_recent_max_input_buffer:0
client_recent_max_output_buffer:0
blocked_clients:0
tracking_clients:0
clients_in_timeout_table:0
total_blocking_keys:0
total_blocking_keys_on_nokey:0

# Memory
used_memory:1817056
used_memory_human:1.73M
used_memory_rss:17596416
used_memory_rss_human:16.78M
used_memory_peak:1817056
used_memory_peak_human:1.73M
used_memory_peak_perc:100.39%
used_memory_overhead:1746888
used_memory_startup:1746704
used_memory_dataset:70168
used_memory_dataset_perc:99.74%
allocator_allocated:2007192
allocator_active:2560000
allocator_resident:10723328
total_system_memory:270388695040
total_system_memory_human:251.82G
used_memory_lua:31744
used_memory_vm_eval:31744
used_memory_lua_human:31.00K
used_memory_scripts_eval:0
number_of_cached_scripts:0
number_of_functions:0
number_of_libraries:0
used_memory_vm_functions:32768
used_memory_vm_total:64512
used_memory_vm_total_human:63.00K
used_memory_functions:184
used_memory_scripts:184
used_memory_scripts_human:184B
maxmemory:0
maxmemory_human:0B
maxmemory_policy:noeviction
allocator_frag_ratio:1.28
allocator_frag_bytes:552808
allocator_rss_ratio:4.19
allocator_rss_bytes:8163328
rss_overhead_ratio:1.64
rss_overhead_bytes:6873088
mem_fragmentation_ratio:10.07
mem_fragmentation_bytes:15849568
mem_not_counted_for_evict:0
mem_replication_backlog:0
mem_total_replication_buffers:0
mem_clients_slaves:0
mem_clients_normal:0
mem_cluster_links:0
mem_aof_buffer:0
mem_allocator:jemalloc-5.3.0
active_defrag_running:0
lazyfree_pending_objects:0
lazyfreed_objects:0

# Persistence
loading:0
async_loading:0
current_cow_peak:0
current_cow_size:0
current_cow_size_age:0
current_fork_perc:0.00
current_save_keys_processed:0
current_save_keys_total:0
rdb_changes_since_last_save:0
rdb_bgsave_in_progress:0
rdb_last_save_time:1704529393
rdb_last_bgsave_status:ok
rdb_last_bgsave_time_sec:-1
rdb_current_bgsave_time_sec:-1
rdb_saves:0
rdb_last_cow_size:0
rdb_last_load_keys_expired:0
rdb_last_load_keys_loaded:0
aof_enabled:0
aof_rewrite_in_progress:0
aof_rewrite_scheduled:0
aof_last_rewrite_time_sec:-1
aof_current_rewrite_time_sec:-1
aof_last_bgrewrite_status:ok
aof_rewrites:0
aof_rewrites_consecutive_failures:0
aof_last_write_status:ok
aof_last_cow_size:0
module_fork_in_progress:0
module_fork_last_cow_size:0

# Stats
total_connections_received:1
total_commands_processed:7
instantaneous_ops_per_sec:25
total_net_input_bytes:33
total_net_output_bytes:5
total_net_repl_input_bytes:0
total_net_repl_output_bytes:0
instantaneous_input_kbps:0.00
instantaneous_output_kbps:0.00
instantaneous_input_repl_kbps:0.00
instantaneous_output_repl_kbps:0.00
rejected_connections:0
sync_full:0
sync_partial_ok:0
sync_partial_err:0
expired_keys:0
expired_stale_perc:0.00
expired_time_cap_reached_count:0
expire_cycle_cpu_milliseconds:0
evicted_keys:0
evicted_clients:0
total_eviction_exceeded_time:0
current_eviction_exceeded_time:0
keyspace_hits:0
keyspace_misses:0
pubsub_channels:0
pubsub_patterns:0
pubsubshard_channels:0
latest_fork_usec:0
total_forks:0
migrate_cached_sockets:0
slave_expires_tracked_keys:0
active_defrag_hits:0
active_defrag_misses:0
active_defrag_key_hits:0
active_defrag_key_misses:0
total_active_defrag_time:0
current_active_defrag_time:0
tracking_total_keys:0
tracking_total_items:0
tracking_total_prefixes:0
unexpected_error_replies:0
total_error_replies:0
dump_payload_sanitizations:0
total_reads_processed:1
total_writes_processed:1
io_threaded_reads_processed:0
io_threaded_writes_processed:0
reply_buffer_shrinks:0
reply_buffer_expands:0
acl_access_denied_auth:0
acl_access_denied_cmd:0
acl_access_denied_key:0
acl_access_denied_channel:0

# Replication
role:master
connected_slaves:0
master_failover_state:no-failover
master_replid:edc3de8bd76641792a7835c436508829c0b32082
master_replid2:0000000000000000000000000000000000000000
master_repl_offset:0
second_repl_offset:-1
repl_backlog_active:0
repl_backlog_size:1048576
repl_backlog_first_byte_offset:0
repl_backlog_histlen:0

# CPU
used_cpu_sys:0.004167
used_cpu_user:0.012502
used_cpu_sys_children:0.000000
used_cpu_user_children:0.000000
used_cpu_sys_main_thread:0.004072
used_cpu_user_main_thread:0.012218

# Modules
module:name=raft,ver=1,api=1,filters=1,usedby=[],using=[],options=[]

# Commandstats
cmdstat_command:calls=2,usec=1440,usec_per_call=720.00,rejected_calls=0,failed_calls=0
cmdstat_config|get:calls=3,usec=4,usec_per_call=1.33,rejected_calls=0,failed_calls=0
cmdstat_config|set:calls=1,usec=10,usec_per_call=10.00,rejected_calls=0,failed_calls=0
cmdstat_auth:calls=1,usec=1,usec_per_call=1.00,rejected_calls=0,failed_calls=0

# Errorstats

# Latencystats
latency_percentiles_usec_command:p50=696.319,p99=745.471,p99.9=745.471
latency_percentiles_usec_config|get:p50=1.003,p99=2.007,p99.9=2.007
latency_percentiles_usec_config|set:p50=10.047,p99=10.047,p99.9=10.047
latency_percentiles_usec_auth:p50=1.003,p99=1.003,p99.9=1.003

# Cluster
cluster_enabled:0

# Keyspace

------ CLIENT LIST OUTPUT ------
id=8 addr=127.0.0.1:42472 laddr=127.0.0.1:5063 fd=11 name= age=1 idle=1 flags=N db=0 sub=0 psub=0 ssub=0 multi=-1 qbuf=0 qbuf-free=20474 argv-mem=0 multi-mem=0 rbs=16384 rbp=16384 obl=0 oll=0 omem=0 tot-mem=37760 events=r cmd=auth user=default redir=-1 resp=2 lib-name= lib-ver=

------ MODULES INFO OUTPUT ------
# raft_version
raft_version:255.255.255
raft_git_sha1:b779b199

# raft_general
raft_dbid:a37dd1dc60a5165da1a5931500468dc2
raft_node_id:3
raft_state:up
raft_role:follower
raft_is_voting:no
raft_voted_for:-1
raft_leader_id:-1
raft_current_term:0
raft_num_nodes:1
raft_num_voting_nodes:0

# raft_log
raft_log_entries:0
raft_current_index:0
raft_commit_index:0
raft_last_applied_index:0
raft_file_size:101
raft_cache_memory_size:0
raft_cache_entries:0
raft_client_attached_entries:0
raft_fsync_count:0
raft_fsync_max_microseconds:0
raft_fsync_avg_microseconds:0

# raft_snapshot
raft_snapshot_filename:redis3.rdb
raft_snapshot_last_idx:0
raft_snapshot_last_term:0
raft_snapshot_size:0
raft_snapshot_time_secs:-1
raft_snapshots_created:0
raft_snapshots_received:0
raft_snapshot_in_progress:no
raft_snapshot_in_progress_last_idx:-1
raft_snapshot_in_progress_last_term:-1

# raft_clients
raft_proxy_reqs:0
raft_proxy_failed_reqs:0
raft_proxy_failed_responses:0
raft_proxy_outstanding_reqs:0

# raft_stats
raft_appendreq_received:0
raft_appendreq_with_entry_received:0
raft_snapshotreq_received:0
raft_exec_throttled:0
raft_num_sessions:0

------ CONFIG DEBUG OUTPUT ------
sanitize-dump-payload no
lazyfree-lazy-expire no
io-threads 1
lazyfree-lazy-server-del no
repl-diskless-sync yes
list-compress-depth 0
replica-read-only yes
io-threads-do-reads no
proto-max-bulk-len 512mb
slave-read-only yes
lazyfree-lazy-user-del no
activedefrag no
client-query-buffer-limit 1gb
repl-diskless-load disabled
lazyfree-lazy-eviction no
lazyfree-lazy-user-flush no

------ FAST MEMORY TEST ------
2376766:M 06 Jan 2024 09:23:14.035 # Bio worker thread #0 terminated
2376766:M 06 Jan 2024 09:23:14.035 # Bio worker thread #1 terminated
2376766:M 06 Jan 2024 09:23:14.035 # Bio worker thread #2 terminated
*** Preparing to test memory region 560808c77000 (2273280 bytes)
*** Preparing to test memory region 5608095b3000 (405504 bytes)
*** Preparing to test memory region 7f4de77ff000 (8388608 bytes)
*** Preparing to test memory region 7f4de8000000 (8388608 bytes)
*** Preparing to test memory region 7f4de8800000 (6291456 bytes)
*** Preparing to test memory region 7f4de8ffb000 (8388608 bytes)
*** Preparing to test memory region 7f4de97fc000 (8388608 bytes)
*** Preparing to test memory region 7f4de9ffd000 (8388608 bytes)
*** Preparing to test memory region 7f4dea7fe000 (8388608 bytes)
*** Preparing to test memory region 7f4deafff000 (8388608 bytes)
*** Preparing to test memory region 7f4deb800000 (8388608 bytes)
*** Preparing to test memory region 7f4dec000000 (135168 bytes)
*** Preparing to test memory region 7f4df054c000 (8388608 bytes)
*** Preparing to test memory region 7f4df0d4d000 (8388608 bytes)
*** Preparing to test memory region 7f4df154e000 (8388608 bytes)
*** Preparing to test memory region 7f4df1d4f000 (8388608 bytes)
*** Preparing to test memory region 7f4df254f000 (2621440 bytes)
*** Preparing to test memory region 7f4df2e7f000 (12288 bytes)
*** Preparing to test memory region 7f4df2e92000 (8192 bytes)
*** Preparing to test memory region 7f4df3418000 (16384 bytes)
*** Preparing to test memory region 7f4df34fe000 (8192 bytes)
*** Preparing to test memory region 7f4df3e00000 (8388608 bytes)
*** Preparing to test memory region 7f4df4683000 (4096 bytes)
*** Preparing to test memory region 7f4df4753000 (12288 bytes)
*** Preparing to test memory region 7f4df47d8000 (45056 bytes)
*** Preparing to test memory region 7f4df49b7000 (53248 bytes)
*** Preparing to test memory region 7f4df4ad4000 (8192 bytes)
.O.O.O.O.O.O.O.O.O.O.O.O.O.O.O.2376766:signal-handler (1704529394) Received SIGINT scheduling shutdown...
2376766:signal-handler (1704529394) You insist... exiting now.
2377040:C 06 Jan 2024 09:23:14.389 # WARNING Memory overcommit must be enabled! Without it, a background save or replication may fail under low memory condition. Being disabled, it can also cause failures without low memory condition, see https://github.com/jemalloc/jemalloc/issues/1328. To fix this issue add 'vm.overcommit_memory = 1' to /etc/sysctl.conf and then reboot or run the command 'sysctl vm.overcommit_memory=1' for this to take effect.
2377040:C 06 Jan 2024 09:23:14.389 * oO0OoO0OoO0Oo Redis is starting oO0OoO0OoO0Oo
2377040:C 06 Jan 2024 09:23:14.389 * Redis version=255.255.255, bits=64, commit=e04ebdb8, modified=1, pid=2377040, just started
2377040:C 06 Jan 2024 09:23:14.389 * Configuration loaded
2377040:M 06 Jan 2024 09:23:14.390 * monotonic clock: POSIX clock_gettime
2377040:M 06 Jan 2024 09:23:14.390 * Running mode=standalone, port=5063.
2377040:M 06 Jan 2024 09:23:14.397 * <raft> RedisRaft version 255.255.255 [b779b199]
2377040:M 06 Jan 2024 09:23:14.402 * <raft> Initializing test network
2377040:M 06 Jan 2024 09:23:14.403 * <raft> Created test network client
2377040:M 06 Jan 2024 09:23:14.405 * <raft> Raft module loaded, state is 'loading'
2377040:M 06 Jan 2024 09:23:14.405 * Module 'raft' loaded from /home/snagendra/Fuzzing/redisraft-fuzzing/redisraft.so
2377040:M 06 Jan 2024 09:23:14.406 * Server initialized
2377040:M 06 Jan 2024 09:23:14.406 . The AOF directory appendonlydir doesn't exist
2377040:M 06 Jan 2024 09:23:14.406 * Ready to accept connections tcp
2377040:M 06 Jan 2024 09:23:14.406 . 0 clients connected (0 replicas), 1746720 bytes in use
2377040:M 06 Jan 2024 09:23:14.474 - Accepted 127.0.0.1:42492
2377040:M 06 Jan 2024 09:23:14.474 # Missing implement of connection type tls
2377040:M 06 Jan 2024 09:23:14.506 * <raft> Loading: Redis loading complete, snapshot NOT LOADED
2377040:M 06 Jan 2024 09:23:14.506 * <raft> Cluster Membership: term:0 index:0 nodes: id=3,voting=0,active=1,addr=-
2377040:M 06 Jan 2024 09:23:14.506 * <raft> Test network starting message polling thread


=== REDIS BUG REPORT START: Cut & paste starting from here ===
2377040:M 06 Jan 2024 09:23:14.506 # Redis 255.255.255 crashed by signal: 6, si_code: -6
2377040:M 06 Jan 2024 09:23:14.506 # Crashed running the instruction at: 0x7fb8dc0e7d3c

------ STACK TRACE ------
EIP:
/lib/x86_64-linux-gnu/libc.so.6(+0x8ad3c)[0x7fb8dc0e7d3c]

Backtrace:
/lib/x86_64-linux-gnu/libc.so.6(+0x3bfd0)[0x7fb8dc098fd0]
/lib/x86_64-linux-gnu/libc.so.6(+0x8ad3c)[0x7fb8dc0e7d3c]
/lib/x86_64-linux-gnu/libc.so.6(gsignal+0x12)[0x7fb8dc098f32]
/lib/x86_64-linux-gnu/libc.so.6(abort+0xd3)[0x7fb8dc083472]
/lib/x86_64-linux-gnu/libc.so.6(+0x26395)[0x7fb8dc083395]
/lib/x86_64-linux-gnu/libc.so.6(+0x34e32)[0x7fb8dc091e32]
/home/snagendra/Fuzzing/redisraft-fuzzing/redisraft.so(+0x3caea)[0x7fb8dafb4aea]
/home/snagendra/Fuzzing/redisraft-fuzzing/redisraft.so(callRaftPeriodic+0x478)[0x7fb8dafa5088]
/home/snagendra/Fuzzing/redis/src/redis-server 0.0.0.0:5063(moduleTimerHandler+0x21c)[0x561ba9f6798c]
/home/snagendra/Fuzzing/redis/src/redis-server 0.0.0.0:5063(+0x81705)[0x561ba9e71705]
/home/snagendra/Fuzzing/redis/src/redis-server 0.0.0.0:5063(aeMain+0x1c8)[0x561ba9e7bcb8]
/home/snagendra/Fuzzing/redis/src/redis-server 0.0.0.0:5063(main+0x3cd)[0x561ba9e70e2d]
/lib/x86_64-linux-gnu/libc.so.6(+0x271ca)[0x7fb8dc0841ca]
/lib/x86_64-linux-gnu/libc.so.6(__libc_start_main+0x85)[0x7fb8dc084285]
/home/snagendra/Fuzzing/redis/src/redis-server 0.0.0.0:5063(_start+0x2a)[0x561ba9e715aa]

------ REGISTERS ------
2377040:M 06 Jan 2024 09:23:14.507 # 
RAX:0000000000000000 RBX:0000000000244550
RCX:00007fb8dc0e7d3c RDX:0000000000000006
RDI:0000000000244550 RSI:0000000000244550
RBP:00007fb8dc0591c0 RSP:00007ffffbc6f8e0
R8 :0000000000000007 R9 :0000561bab619820
R10:0000000000000008 R11:0000000000000246
R12:0000000000000006 R13:00000000000006a6
R14:00007fb8dafe105c R15:0000561ba9f662b0
RIP:00007fb8dc0e7d3c EFL:0000000000000246
CSGSFS:002b000000000033
2377040:M 06 Jan 2024 09:23:14.507 # (00007ffffbc6f8ef) -> 0000561bab6198d0
2377040:M 06 Jan 2024 09:23:14.507 # (00007ffffbc6f8ee) -> 00007fb8dc22fc60
2377040:M 06 Jan 2024 09:23:14.507 # (00007ffffbc6f8ed) -> 00000000000002b1
2377040:M 06 Jan 2024 09:23:14.507 # (00007ffffbc6f8ec) -> 0000561bab619820
2377040:M 06 Jan 2024 09:23:14.507 # (00007ffffbc6f8eb) -> 00000000000006a6
2377040:M 06 Jan 2024 09:23:14.507 # (00007ffffbc6f8ea) -> 0000000000000020
2377040:M 06 Jan 2024 09:23:14.507 # (00007ffffbc6f8e9) -> 00007fb8dc083472
2377040:M 06 Jan 2024 09:23:14.507 # (00007ffffbc6f8e8) -> 00007fb8dc230e70
2377040:M 06 Jan 2024 09:23:14.507 # (00007ffffbc6f8e7) -> 00007fb8dc098f32
2377040:M 06 Jan 2024 09:23:14.507 # (00007ffffbc6f8e6) -> 00007fb8dafe105c
2377040:M 06 Jan 2024 09:23:14.507 # (00007ffffbc6f8e5) -> 00000000000006a6
2377040:M 06 Jan 2024 09:23:14.507 # (00007ffffbc6f8e4) -> 00007fb8dafe0720
2377040:M 06 Jan 2024 09:23:14.507 # (00007ffffbc6f8e3) -> 00007fb8dc0591c0
2377040:M 06 Jan 2024 09:23:14.507 # (00007ffffbc6f8e2) -> 0000000000000006
2377040:M 06 Jan 2024 09:23:14.507 # (00007ffffbc6f8e1) -> be6e0952b0b13000
2377040:M 06 Jan 2024 09:23:14.507 # (00007ffffbc6f8e0) -> 0000561ba9f662b0

------ INFO OUTPUT ------
# Server
redis_version:255.255.255
redis_git_sha1:e04ebdb8
redis_git_dirty:1
redis_build_id:1f78dcc7b4fbdd25
redis_mode:standalone
os:Linux 6.1.60.1.amd64-smp x86_64
arch_bits:64
monotonic_clock:POSIX clock_gettime
multiplexing_api:epoll
atomicvar_api:c11-builtin
gcc_version:10.2.1
process_id:2377040
process_supervised:no
run_id:1385dd5915b1dcb2f8be74189fd80a3c7280249c
tcp_port:5063
server_time_usec:1704529394505980
uptime_in_seconds:0
uptime_in_days:0
hz:10
configured_hz:10
lru_clock:10030578
executable:/home/snagendra/Fuzzing/redis/src/redis-server
config_file:
io_threads_active:0
listener0:name=tcp,bind=0.0.0.0,port=5063

# Clients
connected_clients:1
cluster_connections:0
maxclients:10000
client_recent_max_input_buffer:0
client_recent_max_output_buffer:0
blocked_clients:0
tracking_clients:0
clients_in_timeout_table:0
total_blocking_keys:0
total_blocking_keys_on_nokey:0

# Memory
used_memory:1816928
used_memory_human:1.73M
used_memory_rss:17551360
used_memory_rss_human:16.74M
used_memory_peak:1816928
used_memory_peak_human:1.73M
used_memory_peak_perc:100.39%
used_memory_overhead:1746760
used_memory_startup:1746576
used_memory_dataset:70168
used_memory_dataset_perc:99.74%
allocator_allocated:2112040
allocator_active:2654208
allocator_resident:10797056
total_system_memory:270388695040
total_system_memory_human:251.82G
used_memory_lua:31744
used_memory_vm_eval:31744
used_memory_lua_human:31.00K
used_memory_scripts_eval:0
number_of_cached_scripts:0
number_of_functions:0
number_of_libraries:0
used_memory_vm_functions:32768
used_memory_vm_total:64512
used_memory_vm_total_human:63.00K
used_memory_functions:184
used_memory_scripts:184
used_memory_scripts_human:184B
maxmemory:0
maxmemory_human:0B
maxmemory_policy:noeviction
allocator_frag_ratio:1.26
allocator_frag_bytes:542168
allocator_rss_ratio:4.07
allocator_rss_bytes:8142848
rss_overhead_ratio:1.63
rss_overhead_bytes:6754304
mem_fragmentation_ratio:10.05
mem_fragmentation_bytes:15804640
mem_not_counted_for_evict:0
mem_replication_backlog:0
mem_total_replication_buffers:0
mem_clients_slaves:0
mem_clients_normal:0
mem_cluster_links:0
mem_aof_buffer:0
mem_allocator:jemalloc-5.3.0
active_defrag_running:0
lazyfree_pending_objects:0
lazyfreed_objects:0

# Persistence
loading:0
async_loading:0
current_cow_peak:0
current_cow_size:0
current_cow_size_age:0
current_fork_perc:0.00
current_save_keys_processed:0
current_save_keys_total:0
rdb_changes_since_last_save:0
rdb_bgsave_in_progress:0
rdb_last_save_time:1704529394
rdb_last_bgsave_status:ok
rdb_last_bgsave_time_sec:-1
rdb_current_bgsave_time_sec:-1
rdb_saves:0
rdb_last_cow_size:0
rdb_last_load_keys_expired:0
rdb_last_load_keys_loaded:0
aof_enabled:0
aof_rewrite_in_progress:0
aof_rewrite_scheduled:0
aof_last_rewrite_time_sec:-1
aof_current_rewrite_time_sec:-1
aof_last_bgrewrite_status:ok
aof_rewrites:0
aof_rewrites_consecutive_failures:0
aof_last_write_status:ok
aof_last_cow_size:0
module_fork_in_progress:0
module_fork_last_cow_size:0

# Stats
total_connections_received:1
total_commands_processed:7
instantaneous_ops_per_sec:23
total_net_input_bytes:33
total_net_output_bytes:5
total_net_repl_input_bytes:0
total_net_repl_output_bytes:0
instantaneous_input_kbps:0.00
instantaneous_output_kbps:0.00
instantaneous_input_repl_kbps:0.00
instantaneous_output_repl_kbps:0.00
rejected_connections:0
sync_full:0
sync_partial_ok:0
sync_partial_err:0
expired_keys:0
expired_stale_perc:0.00
expired_time_cap_reached_count:0
expire_cycle_cpu_milliseconds:0
evicted_keys:0
evicted_clients:0
total_eviction_exceeded_time:0
current_eviction_exceeded_time:0
keyspace_hits:0
keyspace_misses:0
pubsub_channels:0
pubsub_patterns:0
pubsubshard_channels:0
latest_fork_usec:0
total_forks:0
migrate_cached_sockets:0
slave_expires_tracked_keys:0
active_defrag_hits:0
active_defrag_misses:0
active_defrag_key_hits:0
active_defrag_key_misses:0
total_active_defrag_time:0
current_active_defrag_time:0
tracking_total_keys:0
tracking_total_items:0
tracking_total_prefixes:0
unexpected_error_replies:0
total_error_replies:0
dump_payload_sanitizations:0
total_reads_processed:1
total_writes_processed:1
io_threaded_reads_processed:0
io_threaded_writes_processed:0
reply_buffer_shrinks:0
reply_buffer_expands:0
acl_access_denied_auth:0
acl_access_denied_cmd:0
acl_access_denied_key:0
acl_access_denied_channel:0

# Replication
role:master
connected_slaves:0
master_failover_state:no-failover
master_replid:0062b937aaa43d700eba17fe70c7ada76afa0be7
master_replid2:0000000000000000000000000000000000000000
master_repl_offset:0
second_repl_offset:-1
repl_backlog_active:0
repl_backlog_size:1048576
repl_backlog_first_byte_offset:0
repl_backlog_histlen:0

# CPU
used_cpu_sys:0.010803
used_cpu_user:0.007202
used_cpu_sys_children:0.000000
used_cpu_user_children:0.000000
used_cpu_sys_main_thread:0.010591
used_cpu_user_main_thread:0.007060

# Modules
module:name=raft,ver=1,api=1,filters=1,usedby=[],using=[],options=[]

# Commandstats
cmdstat_auth:calls=1,usec=1,usec_per_call=1.00,rejected_calls=0,failed_calls=0
cmdstat_command:calls=2,usec=1636,usec_per_call=818.00,rejected_calls=0,failed_calls=0
cmdstat_config|get:calls=3,usec=4,usec_per_call=1.33,rejected_calls=0,failed_calls=0
cmdstat_config|set:calls=1,usec=11,usec_per_call=11.00,rejected_calls=0,failed_calls=0

# Errorstats

# Latencystats
latency_percentiles_usec_auth:p50=1.003,p99=1.003,p99.9=1.003
latency_percentiles_usec_command:p50=774.143,p99=864.255,p99.9=864.255
latency_percentiles_usec_config|get:p50=1.003,p99=2.007,p99.9=2.007
latency_percentiles_usec_config|set:p50=11.007,p99=11.007,p99.9=11.007

# Cluster
cluster_enabled:0

# Keyspace

------ CLIENT LIST OUTPUT ------
id=8 addr=127.0.0.1:42492 laddr=127.0.0.1:5063 fd=11 name= age=0 idle=0 flags=N db=0 sub=0 psub=0 ssub=0 multi=-1 qbuf=0 qbuf-free=20474 argv-mem=0 multi-mem=0 rbs=16384 rbp=16384 obl=0 oll=0 omem=0 tot-mem=37760 events=r cmd=auth user=default redir=-1 resp=2 lib-name= lib-ver=

------ MODULES INFO OUTPUT ------
# raft_version
raft_version:255.255.255
raft_git_sha1:b779b199

# raft_general
raft_dbid:a37dd1dc60a5165da1a5931500468dc2
raft_node_id:3
raft_state:up
raft_role:follower
raft_is_voting:no
raft_voted_for:-1
raft_leader_id:-1
raft_current_term:0
raft_num_nodes:1
raft_num_voting_nodes:0

# raft_log
raft_log_entries:0
raft_current_index:0
raft_commit_index:0
raft_last_applied_index:0
raft_file_size:101
raft_cache_memory_size:0
raft_cache_entries:0
raft_client_attached_entries:0
raft_fsync_count:0
raft_fsync_max_microseconds:0
raft_fsync_avg_microseconds:0

# raft_snapshot
raft_snapshot_filename:redis3.rdb
raft_snapshot_last_idx:0
raft_snapshot_last_term:0
raft_snapshot_size:0
raft_snapshot_time_secs:-1
raft_snapshots_created:0
raft_snapshots_received:0
raft_snapshot_in_progress:no
raft_snapshot_in_progress_last_idx:-1
raft_snapshot_in_progress_last_term:-1

# raft_clients
raft_proxy_reqs:0
raft_proxy_failed_reqs:0
raft_proxy_failed_responses:0
raft_proxy_outstanding_reqs:0

# raft_stats
raft_appendreq_received:0
raft_appendreq_with_entry_received:0
raft_snapshotreq_received:0
raft_exec_throttled:0
raft_num_sessions:0

------ CONFIG DEBUG OUTPUT ------
lazyfree-lazy-server-del no
lazyfree-lazy-expire no
lazyfree-lazy-eviction no
repl-diskless-load disabled
lazyfree-lazy-user-del no
io-threads 1
proto-max-bulk-len 512mb
sanitize-dump-payload no
lazyfree-lazy-user-flush no
replica-read-only yes
io-threads-do-reads no
client-query-buffer-limit 1gb
repl-diskless-sync yes
list-compress-depth 0
slave-read-only yes
activedefrag no

------ FAST MEMORY TEST ------
2377040:M 06 Jan 2024 09:23:14.507 # Bio worker thread #0 terminated
2377040:M 06 Jan 2024 09:23:14.507 # Bio worker thread #1 terminated
2377040:M 06 Jan 2024 09:23:14.507 # Bio worker thread #2 terminated
*** Preparing to test memory region 561baa147000 (2273280 bytes)
*** Preparing to test memory region 561bab5c4000 (405504 bytes)
*** Preparing to test memory region 7fb8cefff000 (8388608 bytes)
*** Preparing to test memory region 7fb8cf800000 (8388608 bytes)
*** Preparing to test memory region 7fb8d0000000 (6291456 bytes)
*** Preparing to test memory region 7fb8d07fa000 (8388608 bytes)
*** Preparing to test memory region 7fb8d0ffb000 (8388608 bytes)
*** Preparing to test memory region 7fb8d17fc000 (8388608 bytes)
*** Preparing to test memory region 7fb8d1ffd000 (8388608 bytes)
*** Preparing to test memory region 7fb8d27fe000 (8388608 bytes)
*** Preparing to test memory region 7fb8d2fff000 (8388608 bytes)
*** Preparing to test memory region 7fb8d3800000 (8388608 bytes)
*** Preparing to test memory region 7fb8d4000000 (135168 bytes)
*** Preparing to test memory region 7fb8d85c0000 (8388608 bytes)
*** Preparing to test memory region 7fb8d8dc1000 (8388608 bytes)
*** Preparing to test memory region 7fb8d95c2000 (8388608 bytes)
*** Preparing to test memory region 7fb8d9dc2000 (2621440 bytes)
*** Preparing to test memory region 7fb8da051000 (8192 bytes)
*** Preparing to test memory region 7fb8da67f000 (12288 bytes)
*** Preparing to test memory region 7fb8dac18000 (16384 bytes)
*** Preparing to test memory region 7fb8dad6b000 (8192 bytes)
*** Preparing to test memory region 7fb8daffa000 (24576 bytes)
*** Preparing to test memory region 7fb8db800000 (8388608 bytes)
*** Preparing to test memory region 7fb8dc030000 (4096 bytes)
*** Preparing to test memory region 7fb8dc055000 (32768 bytes)
*** Preparing to test memory region 7fb8dc231000 (53248 bytes)
*** Preparing to test memory region 7fb8dc34e000 (8192 bytes)
.O.O.2377040:signal-handler (1704529394) Received SIGINT scheduling shutdown...
2377040:signal-handler (1704529394) You insist... exiting now.
O.
----- Stderr -----
redis-server: /home/snagendra/Fuzzing/redisraft-fuzzing/deps/raft/src/raft_server.c:1702: raft_get_first_entry_idx: Assertion `0 < raft_get_current_idx(me)' failed.
libgcov profiling error:/home/snagendra/Fuzzing/redisraft-fuzzing/build/deps/raft/CMakeFiles/raft.dir/src/raft_server.c.gcda:Merge mismatch for function 6
redis-server: /home/snagendra/Fuzzing/redisraft-fuzzing/deps/raft/src/raft_server.c:1702: raft_get_first_entry_idx: Assertion `0 < raft_get_current_idx(me)' failed.
libgcov profiling error:/home/snagendra/Fuzzing/redisraft-fuzzing/build/deps/raft/CMakeFiles/raft.dir/src/raft_server.c.gcda:Merge mismatch for function 6




logs for node: 1

----- Stdout -----
2375613:C 06 Jan 2024 09:23:11.269 # WARNING Memory overcommit must be enabled! Without it, a background save or replication may fail under low memory condition. Being disabled, it can also cause failures without low memory condition, see https://github.com/jemalloc/jemalloc/issues/1328. To fix this issue add 'vm.overcommit_memory = 1' to /etc/sysctl.conf and then reboot or run the command 'sysctl vm.overcommit_memory=1' for this to take effect.
2375613:C 06 Jan 2024 09:23:11.269 * oO0OoO0OoO0Oo Redis is starting oO0OoO0OoO0Oo
2375613:C 06 Jan 2024 09:23:11.269 * Redis version=255.255.255, bits=64, commit=e04ebdb8, modified=1, pid=2375613, just started
2375613:C 06 Jan 2024 09:23:11.269 * Configuration loaded
2375613:M 06 Jan 2024 09:23:11.269 * monotonic clock: POSIX clock_gettime
2375613:M 06 Jan 2024 09:23:11.270 * Running mode=standalone, port=5061.
2375613:M 06 Jan 2024 09:23:11.276 * <raft> RedisRaft version 255.255.255 [b779b199]
2375613:M 06 Jan 2024 09:23:11.281 * <raft> Initializing test network
2375613:M 06 Jan 2024 09:23:11.282 * <raft> Created test network client
2375613:M 06 Jan 2024 09:23:11.283 * <raft> Raft module loaded, state is 'uninitialized'
2375613:M 06 Jan 2024 09:23:11.283 * Module 'raft' loaded from /home/snagendra/Fuzzing/redisraft-fuzzing/redisraft.so
2375613:M 06 Jan 2024 09:23:11.283 * Server initialized
2375613:M 06 Jan 2024 09:23:11.284 . The AOF directory appendonlydir doesn't exist
2375613:M 06 Jan 2024 09:23:11.284 * Ready to accept connections tcp
2375613:M 06 Jan 2024 09:23:11.284 . 0 clients connected (0 replicas), 1726224 bytes in use
2375613:M 06 Jan 2024 09:23:11.312 - Accepted 127.0.0.1:43272
2375613:M 06 Jan 2024 09:23:11.312 # Missing implement of connection type tls
2375613:M 06 Jan 2024 09:23:11.318 * <raft> Cluster Membership: term:0 index:0 nodes: id=1,voting=0,active=1,addr=-
2375613:M 06 Jan 2024 09:23:11.324 * <raft> State change: Node is now a leader, term 1
2375613:M 06 Jan 2024 09:23:11.324 * <raft> Cluster Membership: term:1 index:1 nodes: id=1,voting=0,active=1,addr=-
2375613:M 06 Jan 2024 09:23:11.325 * <raft> Test network starting message polling thread
2375613:M 06 Jan 2024 09:23:11.325 * <raft> Raft Cluster initialized, node id: 1, dbid: a37dd1dc60a5165da1a5931500468dc2
2375613:M 06 Jan 2024 09:23:11.443 - Accepted 127.0.0.1:43274
2375613:M 06 Jan 2024 09:23:11.443 * <raft> Cluster Membership: term:1 index:3 nodes: id=1,voting=1,active=1,addr=- id=2,voting=0,active=1,addr=localhost:5062
2375613:M 06 Jan 2024 09:23:11.451 - Client closed connection id=9 addr=127.0.0.1:43274 laddr=127.0.0.1:5061 fd=12 name= age=0 idle=0 flags=N db=0 sub=0 psub=0 ssub=0 multi=-1 qbuf=0 qbuf-free=20474 argv-mem=0 multi-mem=0 rbs=16384 rbp=16384 obl=0 oll=0 omem=0 tot-mem=37760 events=r cmd=raft.node user=default redir=-1 resp=2 lib-name= lib-ver=
2375613:M 06 Jan 2024 09:23:11.568 - Accepted 127.0.0.1:43290
2375613:M 06 Jan 2024 09:23:11.568 * <raft> Cluster Membership: term:1 index:4 nodes: id=1,voting=1,active=1,addr=- id=2,voting=0,active=1,addr=localhost:5062 id=3,voting=0,active=1,addr=localhost:5063
2375613:M 06 Jan 2024 09:23:11.577 - Client closed connection id=10 addr=127.0.0.1:43290 laddr=127.0.0.1:5061 fd=13 name= age=0 idle=0 flags=N db=0 sub=0 psub=0 ssub=0 multi=-1 qbuf=0 qbuf-free=20474 argv-mem=0 multi-mem=0 rbs=16384 rbp=16384 obl=0 oll=0 omem=0 tot-mem=37760 events=r cmd=raft.node user=default redir=-1 resp=2 lib-name= lib-ver=
2375613:M 06 Jan 2024 09:23:11.944 - Accepted 127.0.0.1:43296
2375613:M 06 Jan 2024 09:23:12.281 * <raft> node:2 has sufficient logs, adding as voting node.
2375613:M 06 Jan 2024 09:23:12.892 - Client closed connection id=11 addr=127.0.0.1:43296 laddr=127.0.0.1:5061 fd=14 name= age=1 idle=1 flags=N db=0 sub=0 psub=0 ssub=0 multi=-1 qbuf=0 qbuf-free=20474 argv-mem=0 multi-mem=0 rbs=1024 rbp=0 obl=0 oll=0 omem=0 tot-mem=22400 events=r cmd=auth user=default redir=-1 resp=2 lib-name= lib-ver=
2375613:M 06 Jan 2024 09:23:13.442 - Accepted 127.0.0.1:45568
2375613:signal-handler (1704529393) Received SIGINT scheduling shutdown...
2375613:signal-handler (1704529393) You insist... exiting now.
2377074:C 06 Jan 2024 09:23:14.420 # WARNING Memory overcommit must be enabled! Without it, a background save or replication may fail under low memory condition. Being disabled, it can also cause failures without low memory condition, see https://github.com/jemalloc/jemalloc/issues/1328. To fix this issue add 'vm.overcommit_memory = 1' to /etc/sysctl.conf and then reboot or run the command 'sysctl vm.overcommit_memory=1' for this to take effect.
2377074:C 06 Jan 2024 09:23:14.420 * oO0OoO0OoO0Oo Redis is starting oO0OoO0OoO0Oo
2377074:C 06 Jan 2024 09:23:14.420 * Redis version=255.255.255, bits=64, commit=e04ebdb8, modified=1, pid=2377074, just started
2377074:C 06 Jan 2024 09:23:14.420 * Configuration loaded
2377074:M 06 Jan 2024 09:23:14.420 * monotonic clock: POSIX clock_gettime
2377074:M 06 Jan 2024 09:23:14.421 * Running mode=standalone, port=5061.
2377074:M 06 Jan 2024 09:23:14.427 * <raft> RedisRaft version 255.255.255 [b779b199]
2377074:M 06 Jan 2024 09:23:14.432 * <raft> Initializing test network
2377074:M 06 Jan 2024 09:23:14.432 * <raft> Created test network client
2377074:M 06 Jan 2024 09:23:14.435 * <raft> Raft module loaded, state is 'loading'
2377074:M 06 Jan 2024 09:23:14.435 * Module 'raft' loaded from /home/snagendra/Fuzzing/redisraft-fuzzing/redisraft.so
2377074:M 06 Jan 2024 09:23:14.435 * Server initialized
2377074:M 06 Jan 2024 09:23:14.435 . The AOF directory appendonlydir doesn't exist
2377074:M 06 Jan 2024 09:23:14.436 * Ready to accept connections tcp
2377074:M 06 Jan 2024 09:23:14.436 . 0 clients connected (0 replicas), 1746688 bytes in use
2377074:M 06 Jan 2024 09:23:14.474 - Accepted 127.0.0.1:45658
2377074:M 06 Jan 2024 09:23:14.474 # Missing implement of connection type tls
2377074:M 06 Jan 2024 09:23:14.536 * <raft> Loading: Redis loading complete, snapshot NOT LOADED
2377074:M 06 Jan 2024 09:23:14.536 * <raft> Cluster Membership: term:0 index:0 nodes: id=1,voting=0,active=1,addr=-
2377074:M 06 Jan 2024 09:23:14.536 * <raft> Test network starting message polling thread
2377074:M 06 Jan 2024 09:23:14.537 * <raft> Cluster Membership: term:0 index:6 nodes: id=1,voting=1,active=1,addr=- id=2,voting=0,active=1,addr=localhost:5062
2377074:M 06 Jan 2024 09:23:14.537 * <raft> Cluster Membership: term:0 index:6 nodes: id=1,voting=1,active=1,addr=- id=2,voting=0,active=1,addr=localhost:5062 id=3,voting=0,active=1,addr=localhost:5063
2377074:M 06 Jan 2024 09:23:14.537 * <raft> Raft state after loading log: log_count=6, first_idx=1, current_idx=6, last_applied_idx=0
2377074:M 06 Jan 2024 09:23:14.537 . <raft> Raft term=1, vote=-1
2377074:M 06 Jan 2024 09:23:14.556 # <raft> Redis connection authentication failed: connection died
2377074:M 06 Jan 2024 09:23:14.617 - Accepted 127.0.0.1:45672
2377074:signal-handler (1704529394) Received SIGINT scheduling shutdown...
2377074:signal-handler (1704529394) You insist... exiting now.

----- Stderr -----
libgcov profiling error:/home/snagendra/Fuzzing/redisraft-fuzzing/build/deps/raft/CMakeFiles/raft.dir/src/raft_server.c.gcda:Merge mismatch for function 6
libgcov profiling error:/home/snagendra/Fuzzing/redisraft-fuzzing/build/deps/raft/CMakeFiles/raft.dir/src/raft_server.c.gcda:Merge mismatch for function 6



