logs for node: 3

----- Stdout -----
625726:C 19 Oct 2023 03:54:46.715 # WARNING Memory overcommit must be enabled! Without it, a background save or replication may fail under low memory condition. Being disabled, it can also cause failures without low memory condition, see https://github.com/jemalloc/jemalloc/issues/1328. To fix this issue add 'vm.overcommit_memory = 1' to /etc/sysctl.conf and then reboot or run the command 'sysctl vm.overcommit_memory=1' for this to take effect.
625726:C 19 Oct 2023 03:54:46.715 * oO0OoO0OoO0Oo Redis is starting oO0OoO0OoO0Oo
625726:C 19 Oct 2023 03:54:46.715 * Redis version=255.255.255, bits=64, commit=e04ebdb8, modified=1, pid=625726, just started
625726:C 19 Oct 2023 03:54:46.715 * Configuration loaded
625726:M 19 Oct 2023 03:54:46.715 * monotonic clock: POSIX clock_gettime
625726:M 19 Oct 2023 03:54:46.715 * Running mode=standalone, port=5073.
625726:M 19 Oct 2023 03:54:46.719 * <raft> RedisRaft version 255.255.255 [c259f3d2]
625726:M 19 Oct 2023 03:54:46.723 * <raft> Initializing test network
625726:M 19 Oct 2023 03:54:46.724 * <raft> Created test network client
625726:M 19 Oct 2023 03:54:46.730 * <raft> Raft module loaded, state is 'loading'
625726:M 19 Oct 2023 03:54:46.730 * Module 'raft' loaded from /home/snagendra/Fuzzing/redisraft-fuzzing/redisraft.so
625726:M 19 Oct 2023 03:54:46.730 * Server initialized
625726:M 19 Oct 2023 03:54:46.730 . The AOF directory appendonlydir doesn't exist
625726:M 19 Oct 2023 03:54:46.730 * Ready to accept connections tcp
625726:M 19 Oct 2023 03:54:46.731 . 0 clients connected (0 replicas), 1746720 bytes in use
625726:M 19 Oct 2023 03:54:46.831 * <raft> Loading: Redis loading complete, snapshot NOT LOADED
625726:M 19 Oct 2023 03:54:46.831 * <raft> Cluster Membership: term:0 index:0 nodes: id=3,voting=0,active=1,addr=-
625726:M 19 Oct 2023 03:54:46.832 * <raft> Test network starting message polling thread


=== REDIS BUG REPORT START: Cut & paste starting from here ===
625726:M 19 Oct 2023 03:54:46.832 # Redis 255.255.255 crashed by signal: 6, si_code: -6
625726:M 19 Oct 2023 03:54:46.832 # Crashed running the instruction at: 0x7f0638690ce1

------ STACK TRACE ------
EIP:
/lib/x86_64-linux-gnu/libc.so.6(gsignal+0x141)[0x7f0638690ce1]

Backtrace:
/lib/x86_64-linux-gnu/libpthread.so.0(+0x13140)[0x7f063883f140]
/lib/x86_64-linux-gnu/libc.so.6(gsignal+0x141)[0x7f0638690ce1]
/lib/x86_64-linux-gnu/libc.so.6(abort+0x123)[0x7f063867a537]
/lib/x86_64-linux-gnu/libc.so.6(+0x2240f)[0x7f063867a40f]
/lib/x86_64-linux-gnu/libc.so.6(+0x31662)[0x7f0638689662]
/home/snagendra/Fuzzing/redisraft-fuzzing/redisraft.so(+0x3cc2a)[0x7f06375d6c2a]
/home/snagendra/Fuzzing/redisraft-fuzzing/redisraft.so(callRaftPeriodic+0x477)[0x7f06375c71b7]
/home/snagendra/Fuzzing/redis/src/redis-server 0.0.0.0:5073(moduleTimerHandler+0x21c)[0x55e205ef898c]
/home/snagendra/Fuzzing/redis/src/redis-server 0.0.0.0:5073(+0x81705)[0x55e205e02705]
/home/snagendra/Fuzzing/redis/src/redis-server 0.0.0.0:5073(aeMain+0x1c8)[0x55e205e0ccb8]
/home/snagendra/Fuzzing/redis/src/redis-server 0.0.0.0:5073(main+0x3cd)[0x55e205e01e2d]
/lib/x86_64-linux-gnu/libc.so.6(__libc_start_main+0xea)[0x7f063867bd0a]
/home/snagendra/Fuzzing/redis/src/redis-server 0.0.0.0:5073(_start+0x2a)[0x55e205e025aa]

------ REGISTERS ------
625726:M 19 Oct 2023 03:54:46.832 # 
RAX:0000000000000000 RBX:00007f0638657680
RCX:00007f0638690ce1 RDX:0000000000000000
RDI:0000000000000002 RSI:00007fffc4217dc0
RBP:00007f06387f1688 RSP:00007fffc4217dc0
R8 :0000000000000000 R9 :00007fffc4217dc0
R10:0000000000000008 R11:0000000000000246
R12:00007f06376026e0 R13:00000000000006a6
R14:00007f063760301c R15:0000000000000000
RIP:00007f0638690ce1 EFL:0000000000000246
CSGSFS:002b000000000033
625726:M 19 Oct 2023 03:54:46.832 # (00007fffc4217dcf) -> 0000000000000000
625726:M 19 Oct 2023 03:54:46.832 # (00007fffc4217dce) -> 0000000000000000
625726:M 19 Oct 2023 03:54:46.832 # (00007fffc4217dcd) -> 0000000000000000
625726:M 19 Oct 2023 03:54:46.832 # (00007fffc4217dcc) -> 0000000000000000
625726:M 19 Oct 2023 03:54:46.832 # (00007fffc4217dcb) -> 0000000000000000
625726:M 19 Oct 2023 03:54:46.832 # (00007fffc4217dca) -> 000055e207642c9c
625726:M 19 Oct 2023 03:54:46.832 # (00007fffc4217dc9) -> 000055e207642b70
625726:M 19 Oct 2023 03:54:46.832 # (00007fffc4217dc8) -> 000055e207642c9c
625726:M 19 Oct 2023 03:54:46.832 # (00007fffc4217dc7) -> 000055e207642c15
625726:M 19 Oct 2023 03:54:46.832 # (00007fffc4217dc6) -> 000055e207642b70
625726:M 19 Oct 2023 03:54:46.832 # (00007fffc4217dc5) -> 000055e207642b70
625726:M 19 Oct 2023 03:54:46.832 # (00007fffc4217dc4) -> 000055e207642bd5
625726:M 19 Oct 2023 03:54:46.832 # (00007fffc4217dc3) -> 000055e207642b70
625726:M 19 Oct 2023 03:54:46.832 # (00007fffc4217dc2) -> 00007f06fbad8000
625726:M 19 Oct 2023 03:54:46.832 # (00007fffc4217dc1) -> 00007f06386d12ac
625726:M 19 Oct 2023 03:54:46.832 # (00007fffc4217dc0) -> 0000000000000000

------ INFO OUTPUT ------
# Server
redis_version:255.255.255
redis_git_sha1:e04ebdb8
redis_git_dirty:1
redis_build_id:1f78dcc7b4fbdd25
redis_mode:standalone
os:Linux 5.15.111.1.amd64-smp x86_64
arch_bits:64
monotonic_clock:POSIX clock_gettime
multiplexing_api:epoll
atomicvar_api:c11-builtin
gcc_version:10.2.1
process_id:625726
process_supervised:no
run_id:02774e7774e0e06b11d1a320466bd9990c2751a4
tcp_port:5073
server_time_usec:1697680486831097
uptime_in_seconds:0
uptime_in_days:0
hz:10
configured_hz:10
lru_clock:3181670
executable:/home/snagendra/Fuzzing/redis/src/redis-server
config_file:
io_threads_active:0
listener0:name=tcp,bind=0.0.0.0,port=5073

# Clients
connected_clients:0
cluster_connections:0
maxclients:10000
client_recent_max_input_buffer:0
client_recent_max_output_buffer:0
blocked_clients:0
tracking_clients:0
clients_in_timeout_table:0
total_blocking_keys:0
total_blocking_keys_on_nokey:0

# Memory
used_memory:1753936
used_memory_human:1.67M
used_memory_rss:15290368
used_memory_rss_human:14.58M
used_memory_peak:1753936
used_memory_peak_human:1.67M
used_memory_peak_perc:100.41%
used_memory_overhead:1746760
used_memory_startup:1746576
used_memory_dataset:7176
used_memory_dataset_perc:97.50%
allocator_allocated:2109856
allocator_active:2654208
allocator_resident:10764288
total_system_memory:270386737152
total_system_memory_human:251.82G
used_memory_lua:31744
used_memory_vm_eval:31744
used_memory_lua_human:31.00K
used_memory_scripts_eval:0
number_of_cached_scripts:0
number_of_functions:0
number_of_libraries:0
used_memory_vm_functions:32768
used_memory_vm_total:64512
used_memory_vm_total_human:63.00K
used_memory_functions:184
used_memory_scripts:184
used_memory_scripts_human:184B
maxmemory:0
maxmemory_human:0B
maxmemory_policy:noeviction
allocator_frag_ratio:1.26
allocator_frag_bytes:544352
allocator_rss_ratio:4.06
allocator_rss_bytes:8110080
rss_overhead_ratio:1.42
rss_overhead_bytes:4526080
mem_fragmentation_ratio:8.75
mem_fragmentation_bytes:13543648
mem_not_counted_for_evict:0
mem_replication_backlog:0
mem_total_replication_buffers:0
mem_clients_slaves:0
mem_clients_normal:0
mem_cluster_links:0
mem_aof_buffer:0
mem_allocator:jemalloc-5.3.0
active_defrag_running:0
lazyfree_pending_objects:0
lazyfreed_objects:0

# Persistence
loading:0
async_loading:0
current_cow_peak:0
current_cow_size:0
current_cow_size_age:0
current_fork_perc:0.00
current_save_keys_processed:0
current_save_keys_total:0
rdb_changes_since_last_save:0
rdb_bgsave_in_progress:0
rdb_last_save_time:1697680486
rdb_last_bgsave_status:ok
rdb_last_bgsave_time_sec:-1
rdb_current_bgsave_time_sec:-1
rdb_saves:0
rdb_last_cow_size:0
rdb_last_load_keys_expired:0
rdb_last_load_keys_loaded:0
aof_enabled:0
aof_rewrite_in_progress:0
aof_rewrite_scheduled:0
aof_last_rewrite_time_sec:-1
aof_current_rewrite_time_sec:-1
aof_last_bgrewrite_status:ok
aof_rewrites:0
aof_rewrites_consecutive_failures:0
aof_last_write_status:ok
aof_last_cow_size:0
module_fork_in_progress:0
module_fork_last_cow_size:0

# Stats
total_connections_received:0
total_commands_processed:6
instantaneous_ops_per_sec:25
total_net_input_bytes:0
total_net_output_bytes:0
total_net_repl_input_bytes:0
total_net_repl_output_bytes:0
instantaneous_input_kbps:0.00
instantaneous_output_kbps:0.00
instantaneous_input_repl_kbps:0.00
instantaneous_output_repl_kbps:0.00
rejected_connections:0
sync_full:0
sync_partial_ok:0
sync_partial_err:0
expired_keys:0
expired_stale_perc:0.00
expired_time_cap_reached_count:0
expire_cycle_cpu_milliseconds:0
evicted_keys:0
evicted_clients:0
total_eviction_exceeded_time:0
current_eviction_exceeded_time:0
keyspace_hits:0
keyspace_misses:0
pubsub_channels:0
pubsub_patterns:0
pubsubshard_channels:0
latest_fork_usec:0
total_forks:0
migrate_cached_sockets:0
slave_expires_tracked_keys:0
active_defrag_hits:0
active_defrag_misses:0
active_defrag_key_hits:0
active_defrag_key_misses:0
total_active_defrag_time:0
current_active_defrag_time:0
tracking_total_keys:0
tracking_total_items:0
tracking_total_prefixes:0
unexpected_error_replies:0
total_error_replies:0
dump_payload_sanitizations:0
total_reads_processed:0
total_writes_processed:0
io_threaded_reads_processed:0
io_threaded_writes_processed:0
reply_buffer_shrinks:0
reply_buffer_expands:0
acl_access_denied_auth:0
acl_access_denied_cmd:0
acl_access_denied_key:0
acl_access_denied_channel:0

# Replication
role:master
connected_slaves:0
master_failover_state:no-failover
master_replid:6b5921a0842a86f01484648262e4bd6c77fa9704
master_replid2:0000000000000000000000000000000000000000
master_repl_offset:0
second_repl_offset:-1
repl_backlog_active:0
repl_backlog_size:1048576
repl_backlog_first_byte_offset:0
repl_backlog_histlen:0

# CPU
used_cpu_sys:0.004705
used_cpu_user:0.009411
used_cpu_sys_children:0.000000
used_cpu_user_children:0.000000
used_cpu_sys_main_thread:0.004543
used_cpu_user_main_thread:0.009086

# Modules
module:name=raft,ver=1,api=1,filters=1,usedby=[],using=[],options=[]

# Commandstats
cmdstat_config|set:calls=1,usec=11,usec_per_call=11.00,rejected_calls=0,failed_calls=0
cmdstat_config|get:calls=3,usec=5,usec_per_call=1.67,rejected_calls=0,failed_calls=0
cmdstat_command:calls=2,usec=1401,usec_per_call=700.50,rejected_calls=0,failed_calls=0

# Errorstats

# Latencystats
latency_percentiles_usec_config|set:p50=11.007,p99=11.007,p99.9=11.007
latency_percentiles_usec_config|get:p50=2.007,p99=2.007,p99.9=2.007
latency_percentiles_usec_command:p50=671.743,p99=733.183,p99.9=733.183

# Cluster
cluster_enabled:0

# Keyspace

------ CLIENT LIST OUTPUT ------

------ MODULES INFO OUTPUT ------
# raft_version
raft_version:255.255.255
raft_git_sha1:c259f3d2

# raft_general
raft_dbid:5f3cb903621551644e3d1a2a00dd5889
raft_node_id:3
raft_state:up
raft_role:follower
raft_is_voting:no
raft_voted_for:-1
raft_leader_id:-1
raft_current_term:0
raft_num_nodes:1
raft_num_voting_nodes:0

# raft_log
raft_log_entries:0
raft_current_index:0
raft_commit_index:0
raft_last_applied_index:0
raft_file_size:101
raft_cache_memory_size:0
raft_cache_entries:0
raft_client_attached_entries:0
raft_fsync_count:0
raft_fsync_max_microseconds:0
raft_fsync_avg_microseconds:0

# raft_snapshot
raft_snapshot_filename:redis3.rdb
raft_snapshot_last_idx:0
raft_snapshot_last_term:0
raft_snapshot_size:0
raft_snapshot_time_secs:-1
raft_snapshots_created:0
raft_snapshots_received:0
raft_snapshot_in_progress:no
raft_snapshot_in_progress_last_idx:-1
raft_snapshot_in_progress_last_term:-1

# raft_clients
raft_proxy_reqs:0
raft_proxy_failed_reqs:0
raft_proxy_failed_responses:0
raft_proxy_outstanding_reqs:0

# raft_stats
raft_appendreq_received:0
raft_appendreq_with_entry_received:0
raft_snapshotreq_received:0
raft_exec_throttled:0
raft_num_sessions:0

------ CONFIG DEBUG OUTPUT ------
slave-read-only yes
proto-max-bulk-len 512mb
activedefrag no
client-query-buffer-limit 1gb
sanitize-dump-payload no
lazyfree-lazy-expire no
repl-diskless-load disabled
io-threads 1
lazyfree-lazy-user-del no
lazyfree-lazy-user-flush no
lazyfree-lazy-eviction no
io-threads-do-reads no
replica-read-only yes
lazyfree-lazy-server-del no
list-compress-depth 0
repl-diskless-sync yes

------ FAST MEMORY TEST ------
625726:M 19 Oct 2023 03:54:46.833 # Bio worker thread #0 terminated
625726:M 19 Oct 2023 03:54:46.833 # Bio worker thread #1 terminated
625726:M 19 Oct 2023 03:54:46.833 # Bio worker thread #2 terminated
*** Preparing to test memory region 55e2060d8000 (2273280 bytes)
*** Preparing to test memory region 55e2075fb000 (405504 bytes)
*** Preparing to test memory region 7f0624000000 (135168 bytes)
*** Preparing to test memory region 7f062bfff000 (8388608 bytes)
*** Preparing to test memory region 7f062c800000 (8388608 bytes)
*** Preparing to test memory region 7f062d000000 (6291456 bytes)
*** Preparing to test memory region 7f062d7fc000 (8388608 bytes)
*** Preparing to test memory region 7f062dffd000 (8388608 bytes)
*** Preparing to test memory region 7f062e7fe000 (8388608 bytes)
*** Preparing to test memory region 7f062efff000 (8388608 bytes)
*** Preparing to test memory region 7f062f800000 (8388608 bytes)
*** Preparing to test memory region 7f0630000000 (135168 bytes)
*** Preparing to test memory region 7f0634045000 (8388608 bytes)
*** Preparing to test memory region 7f0634846000 (8388608 bytes)
*** Preparing to test memory region 7f0635047000 (8388608 bytes)
*** Preparing to test memory region 7f0635848000 (8388608 bytes)
*** Preparing to test memory region 7f0636049000 (8388608 bytes)
*** Preparing to test memory region 7f0636849000 (2621440 bytes)
*** Preparing to test memory region 7f0636b53000 (8192 bytes)
*** Preparing to test memory region 7f0636b93000 (4096 bytes)
*** Preparing to test memory region 7f06371c1000 (8192 bytes)
*** Preparing to test memory region 7f0637414000 (8192 bytes)
*** Preparing to test memory region 7f0637599000 (4096 bytes)
*** Preparing to test memory region 7f063761d000 (28672 bytes)
*** Preparing to test memory region 7f0637e00000 (8388608 bytes)
*** Preparing to test memory region 7f0638654000 (16384 bytes)
*** Preparing to test memory region 7f0638828000 (16384 bytes)
*** Preparing to test memory region 7f063884a000 (16384 bytes)
*** Preparing to test memory region 7f0638998000 (8192 bytes)
*** Preparing to test memory region 7f063899b000 (8192 bytes)
*** Preparing to test memory region 7f06389b9000 (4096 bytes)
*** Preparing to test memory region 7f06389fa000 (4096 bytes)
*** Preparing to test memory region 7f06389fd000 (4096 bytes)
.O.O.O.O.O.O.O.O.O.O.O.O.O.O.O.O.E.
----- Stderr -----
redis-server: /home/snagendra/Fuzzing/redisraft-fuzzing/deps/raft/src/raft_server.c:1702: raft_get_first_entry_idx: Assertion `0 < raft_get_current_idx(me)' failed.




logs for node: 1

----- Stdout -----
626363:C 19 Oct 2023 03:54:47.597 # WARNING Memory overcommit must be enabled! Without it, a background save or replication may fail under low memory condition. Being disabled, it can also cause failures without low memory condition, see https://github.com/jemalloc/jemalloc/issues/1328. To fix this issue add 'vm.overcommit_memory = 1' to /etc/sysctl.conf and then reboot or run the command 'sysctl vm.overcommit_memory=1' for this to take effect.
626363:C 19 Oct 2023 03:54:47.597 * oO0OoO0OoO0Oo Redis is starting oO0OoO0OoO0Oo
626363:C 19 Oct 2023 03:54:47.597 * Redis version=255.255.255, bits=64, commit=e04ebdb8, modified=1, pid=626363, just started
626363:C 19 Oct 2023 03:54:47.597 * Configuration loaded
626363:M 19 Oct 2023 03:54:47.598 * monotonic clock: POSIX clock_gettime
626363:M 19 Oct 2023 03:54:47.598 * Running mode=standalone, port=5071.
626363:M 19 Oct 2023 03:54:47.602 * <raft> RedisRaft version 255.255.255 [c259f3d2]
626363:M 19 Oct 2023 03:54:47.607 * <raft> Initializing test network
626363:M 19 Oct 2023 03:54:47.607 * <raft> Created test network client
626363:M 19 Oct 2023 03:54:47.623 * <raft> Raft module loaded, state is 'loading'
626363:M 19 Oct 2023 03:54:47.623 * Module 'raft' loaded from /home/snagendra/Fuzzing/redisraft-fuzzing/redisraft.so
626363:M 19 Oct 2023 03:54:47.624 * Server initialized
626363:M 19 Oct 2023 03:54:47.624 . The AOF directory appendonlydir doesn't exist
626363:M 19 Oct 2023 03:54:47.624 * Ready to accept connections tcp
626363:M 19 Oct 2023 03:54:47.624 . 0 clients connected (0 replicas), 1746656 bytes in use

----- Stderr -----




logs for node: 2

----- Stdout -----
624041:C 19 Oct 2023 03:54:44.159 # WARNING Memory overcommit must be enabled! Without it, a background save or replication may fail under low memory condition. Being disabled, it can also cause failures without low memory condition, see https://github.com/jemalloc/jemalloc/issues/1328. To fix this issue add 'vm.overcommit_memory = 1' to /etc/sysctl.conf and then reboot or run the command 'sysctl vm.overcommit_memory=1' for this to take effect.
624041:C 19 Oct 2023 03:54:44.159 * oO0OoO0OoO0Oo Redis is starting oO0OoO0OoO0Oo
624041:C 19 Oct 2023 03:54:44.159 * Redis version=255.255.255, bits=64, commit=e04ebdb8, modified=1, pid=624041, just started
624041:C 19 Oct 2023 03:54:44.159 * Configuration loaded
624041:M 19 Oct 2023 03:54:44.159 * monotonic clock: POSIX clock_gettime
624041:M 19 Oct 2023 03:54:44.159 * Running mode=standalone, port=5072.
624041:M 19 Oct 2023 03:54:44.164 * <raft> RedisRaft version 255.255.255 [c259f3d2]
624041:M 19 Oct 2023 03:54:44.172 * <raft> Initializing test network
624041:M 19 Oct 2023 03:54:44.172 * <raft> Created test network client
624041:M 19 Oct 2023 03:54:44.177 * <raft> Raft module loaded, state is 'uninitialized'
624041:M 19 Oct 2023 03:54:44.177 * Module 'raft' loaded from /home/snagendra/Fuzzing/redisraft-fuzzing/redisraft.so
624041:M 19 Oct 2023 03:54:44.177 * Server initialized
624041:M 19 Oct 2023 03:54:44.181 . The AOF directory appendonlydir doesn't exist
624041:M 19 Oct 2023 03:54:44.185 * Ready to accept connections tcp
624041:M 19 Oct 2023 03:54:44.185 . 0 clients connected (0 replicas), 1726160 bytes in use
624041:M 19 Oct 2023 03:54:44.209 - Accepted 127.0.0.1:38772
624041:M 19 Oct 2023 03:54:44.209 # Missing implement of connection type tls
624041:M 19 Oct 2023 03:54:44.277 - <raft> join cluster, connecting to localhost:5071
624041:M 19 Oct 2023 03:54:44.279 * <raft> Joined Raft cluster, node id: 2, dbid: 5f3cb903621551644e3d1a2a00dd5889
624041:M 19 Oct 2023 03:54:44.318 * <raft> Cluster Membership: term:0 index:0 nodes: id=2,voting=0,active=1,addr=-
624041:M 19 Oct 2023 03:54:44.319 * <raft> Test network starting message polling thread
624041:M 19 Oct 2023 03:54:44.354 - Accepted 127.0.0.1:38778
624041:M 19 Oct 2023 03:54:44.678 * <raft> State change: Election starting, node is now a pre-candidate, term 0
624041:M 19 Oct 2023 03:54:44.678 * <raft> Cluster Membership: term:0 index:0 nodes: id=2,voting=0,active=1,addr=-
624041:M 19 Oct 2023 03:54:44.839 - Client closed connection id=9 addr=127.0.0.1:38778 laddr=127.0.0.1:5072 fd=10 name= age=0 idle=0 flags=N db=0 sub=0 psub=0 ssub=0 multi=-1 qbuf=0 qbuf-free=20474 argv-mem=0 multi-mem=0 rbs=1024 rbp=0 obl=0 oll=0 omem=0 tot-mem=22400 events=r cmd=auth user=default redir=-1 resp=2 lib-name= lib-ver=
624041:M 19 Oct 2023 03:54:44.886 * <raft> State change: Node is now a follower, term 1
624041:M 19 Oct 2023 03:54:44.886 * <raft> Cluster Membership: term:1 index:0 nodes: id=2,voting=0,active=1,addr=-
624041:M 19 Oct 2023 03:54:44.887 * <raft> Cluster Membership: term:1 index:2 nodes: id=2,voting=0,active=1,addr=- id=1,voting=1,active=1,addr=localhost:5071
624041:M 19 Oct 2023 03:54:45.065 * <raft> Cluster Membership: term:1 index:4 nodes: id=2,voting=0,active=1,addr=- id=1,voting=1,active=1,addr=localhost:5071 id=3,voting=0,active=1,addr=localhost:5073
624041:M 19 Oct 2023 03:54:45.281 * <raft> State change: Election starting, node is now a pre-candidate, term 1
624041:M 19 Oct 2023 03:54:45.281 * <raft> Cluster Membership: term:1 index:5 nodes: id=2,voting=0,active=1,addr=- id=1,voting=1,active=1,addr=localhost:5071 id=3,voting=0,active=1,addr=localhost:5073
624041:M 19 Oct 2023 03:54:45.340 * <raft> State change: Node is now a follower, term 1
624041:M 19 Oct 2023 03:54:45.340 * <raft> Cluster Membership: term:1 index:5 nodes: id=2,voting=0,active=1,addr=- id=1,voting=1,active=1,addr=localhost:5071 id=3,voting=0,active=1,addr=localhost:5073
624041:M 19 Oct 2023 03:54:45.657 - Accepted 127.0.0.1:38788
624041:M 19 Oct 2023 03:54:45.684 * <raft> State change: Election starting, node is now a pre-candidate, term 1
624041:M 19 Oct 2023 03:54:45.684 * <raft> Cluster Membership: term:1 index:6 nodes: id=2,voting=0,active=1,addr=- id=1,voting=1,active=1,addr=localhost:5071 id=3,voting=0,active=1,addr=localhost:5073

----- Stderr -----



