logs for node: 1

----- Stdout -----
2537186:C 07 Jan 2024 17:53:24.901 # WARNING Memory overcommit must be enabled! Without it, a background save or replication may fail under low memory condition. Being disabled, it can also cause failures without low memory condition, see https://github.com/jemalloc/jemalloc/issues/1328. To fix this issue add 'vm.overcommit_memory = 1' to /etc/sysctl.conf and then reboot or run the command 'sysctl vm.overcommit_memory=1' for this to take effect.
2537186:C 07 Jan 2024 17:53:24.901 * oO0OoO0OoO0Oo Redis is starting oO0OoO0OoO0Oo
2537186:C 07 Jan 2024 17:53:24.901 * Redis version=255.255.255, bits=64, commit=e04ebdb8, modified=1, pid=2537186, just started
2537186:C 07 Jan 2024 17:53:24.901 * Configuration loaded
2537186:M 07 Jan 2024 17:53:24.901 * monotonic clock: POSIX clock_gettime
2537186:M 07 Jan 2024 17:53:24.902 * Running mode=standalone, port=5011.
2537186:M 07 Jan 2024 17:53:24.908 * <raft> RedisRaft version 255.255.255 [b779b199]
2537186:M 07 Jan 2024 17:53:24.913 * <raft> Initializing test network
2537186:M 07 Jan 2024 17:53:24.913 * <raft> Created test network client
2537186:M 07 Jan 2024 17:53:24.914 * <raft> Raft module loaded, state is 'uninitialized'
2537186:M 07 Jan 2024 17:53:24.914 * Module 'raft' loaded from /home/snagendra/Fuzzing/redisraft-fuzzing/redisraft.so
2537186:M 07 Jan 2024 17:53:24.915 * Server initialized
2537186:M 07 Jan 2024 17:53:24.915 . The AOF directory appendonlydir doesn't exist
2537186:M 07 Jan 2024 17:53:24.916 * Ready to accept connections tcp
2537186:M 07 Jan 2024 17:53:24.916 - Accepted 127.0.0.1:48754
2537186:M 07 Jan 2024 17:53:24.916 # Missing implement of connection type tls
2537186:M 07 Jan 2024 17:53:24.916 . 1 clients connected (0 replicas), 1744024 bytes in use
2537186:M 07 Jan 2024 17:53:24.922 * <raft> Cluster Membership: term:0 index:0 nodes: id=1,voting=0,active=1,addr=-
2537186:M 07 Jan 2024 17:53:24.927 * <raft> State change: Node is now a leader, term 1
2537186:M 07 Jan 2024 17:53:24.927 * <raft> Cluster Membership: term:1 index:1 nodes: id=1,voting=0,active=1,addr=-
2537186:M 07 Jan 2024 17:53:24.927 * <raft> Test network starting message polling thread
2537186:M 07 Jan 2024 17:53:24.927 * <raft> Raft Cluster initialized, node id: 1, dbid: 9a0f8dbe8d9fff844c55de9a4e258085
2537186:M 07 Jan 2024 17:53:25.044 - Accepted 127.0.0.1:48764
2537186:M 07 Jan 2024 17:53:25.045 * <raft> Cluster Membership: term:1 index:3 nodes: id=1,voting=1,active=1,addr=- id=2,voting=0,active=1,addr=localhost:5012
2537186:M 07 Jan 2024 17:53:25.052 - Client closed connection id=9 addr=127.0.0.1:48764 laddr=127.0.0.1:5011 fd=12 name= age=0 idle=0 flags=N db=0 sub=0 psub=0 ssub=0 multi=-1 qbuf=0 qbuf-free=20474 argv-mem=0 multi-mem=0 rbs=16384 rbp=16384 obl=0 oll=0 omem=0 tot-mem=37760 events=r cmd=raft.node user=default redir=-1 resp=2 lib-name= lib-ver=
2537186:M 07 Jan 2024 17:53:25.170 - Accepted 127.0.0.1:48774
2537186:M 07 Jan 2024 17:53:25.171 * <raft> Cluster Membership: term:1 index:4 nodes: id=1,voting=1,active=1,addr=- id=2,voting=0,active=1,addr=localhost:5012 id=3,voting=0,active=1,addr=localhost:5013
2537186:M 07 Jan 2024 17:53:25.178 - Client closed connection id=10 addr=127.0.0.1:48774 laddr=127.0.0.1:5011 fd=13 name= age=0 idle=0 flags=N db=0 sub=0 psub=0 ssub=0 multi=-1 qbuf=0 qbuf-free=20474 argv-mem=0 multi-mem=0 rbs=16384 rbp=16384 obl=0 oll=0 omem=0 tot-mem=37760 events=r cmd=raft.node user=default redir=-1 resp=2 lib-name= lib-ver=
2537186:M 07 Jan 2024 17:53:25.345 - Accepted 127.0.0.1:48790
2537186:M 07 Jan 2024 17:53:25.661 - Client closed connection id=12 addr=127.0.0.1:48790 laddr=127.0.0.1:5011 fd=14 name= age=0 idle=0 flags=N db=0 sub=0 psub=0 ssub=0 multi=-1 qbuf=0 qbuf-free=20474 argv-mem=0 multi-mem=0 rbs=1024 rbp=0 obl=0 oll=0 omem=0 tot-mem=22400 events=r cmd=auth user=default redir=-1 resp=2 lib-name= lib-ver=
2537186:M 07 Jan 2024 17:53:25.662 * <raft> node:2 has sufficient logs, adding as voting node.
2537186:M 07 Jan 2024 17:53:25.671 - Accepted 127.0.0.1:48806
2537186:signal-handler (1704646405) Received SIGINT scheduling shutdown...
2537186:signal-handler (1704646405) You insist... exiting now.
2537666:C 07 Jan 2024 17:53:25.835 # WARNING Memory overcommit must be enabled! Without it, a background save or replication may fail under low memory condition. Being disabled, it can also cause failures without low memory condition, see https://github.com/jemalloc/jemalloc/issues/1328. To fix this issue add 'vm.overcommit_memory = 1' to /etc/sysctl.conf and then reboot or run the command 'sysctl vm.overcommit_memory=1' for this to take effect.
2537666:C 07 Jan 2024 17:53:25.835 * oO0OoO0OoO0Oo Redis is starting oO0OoO0OoO0Oo
2537666:C 07 Jan 2024 17:53:25.835 * Redis version=255.255.255, bits=64, commit=e04ebdb8, modified=1, pid=2537666, just started
2537666:C 07 Jan 2024 17:53:25.835 * Configuration loaded
2537666:M 07 Jan 2024 17:53:25.835 * monotonic clock: POSIX clock_gettime
2537666:M 07 Jan 2024 17:53:25.836 * Running mode=standalone, port=5011.
2537666:M 07 Jan 2024 17:53:25.842 * <raft> RedisRaft version 255.255.255 [b779b199]
2537666:M 07 Jan 2024 17:53:25.846 * <raft> Initializing test network
2537666:M 07 Jan 2024 17:53:25.847 * <raft> Created test network client
2537666:M 07 Jan 2024 17:53:25.850 * <raft> Raft module loaded, state is 'loading'
2537666:M 07 Jan 2024 17:53:25.850 * Module 'raft' loaded from /home/snagendra/Fuzzing/redisraft-fuzzing/redisraft.so
2537666:M 07 Jan 2024 17:53:25.850 * Server initialized
2537666:M 07 Jan 2024 17:53:25.850 . The AOF directory appendonlydir doesn't exist
2537666:M 07 Jan 2024 17:53:25.850 * Ready to accept connections tcp
2537666:M 07 Jan 2024 17:53:25.850 . 0 clients connected (0 replicas), 1746848 bytes in use
2537666:M 07 Jan 2024 17:53:25.873 - Accepted 127.0.0.1:48824
2537666:M 07 Jan 2024 17:53:25.873 # Missing implement of connection type tls
2537666:M 07 Jan 2024 17:53:25.950 * <raft> Loading: Redis loading complete, snapshot NOT LOADED
2537666:M 07 Jan 2024 17:53:25.950 * <raft> Cluster Membership: term:0 index:0 nodes: id=1,voting=0,active=1,addr=-
2537666:M 07 Jan 2024 17:53:25.950 * <raft> Test network starting message polling thread
2537666:M 07 Jan 2024 17:53:25.951 * <raft> Cluster Membership: term:0 index:6 nodes: id=1,voting=1,active=1,addr=- id=2,voting=0,active=1,addr=localhost:5012
2537666:M 07 Jan 2024 17:53:25.951 * <raft> Cluster Membership: term:0 index:6 nodes: id=1,voting=1,active=1,addr=- id=2,voting=0,active=1,addr=localhost:5012 id=3,voting=0,active=1,addr=localhost:5013
2537666:M 07 Jan 2024 17:53:25.951 * <raft> Raft state after loading log: log_count=6, first_idx=1, current_idx=6, last_applied_idx=0
2537666:M 07 Jan 2024 17:53:25.951 . <raft> Raft term=1, vote=-1
2537666:M 07 Jan 2024 17:53:26.090 - Client closed connection id=8 addr=127.0.0.1:48824 laddr=127.0.0.1:5011 fd=11 name= age=1 idle=1 flags=N db=0 sub=0 psub=0 ssub=0 multi=-1 qbuf=0 qbuf-free=20474 argv-mem=0 multi-mem=0 rbs=1024 rbp=0 obl=0 oll=0 omem=0 tot-mem=22400 events=r cmd=auth user=default redir=-1 resp=2 lib-name= lib-ver=
2537666:signal-handler (1704646406) Received SIGINT scheduling shutdown...
2537666:signal-handler (1704646406) You insist... exiting now.
2538610:C 07 Jan 2024 17:53:28.115 # WARNING Memory overcommit must be enabled! Without it, a background save or replication may fail under low memory condition. Being disabled, it can also cause failures without low memory condition, see https://github.com/jemalloc/jemalloc/issues/1328. To fix this issue add 'vm.overcommit_memory = 1' to /etc/sysctl.conf and then reboot or run the command 'sysctl vm.overcommit_memory=1' for this to take effect.
2538610:C 07 Jan 2024 17:53:28.115 * oO0OoO0OoO0Oo Redis is starting oO0OoO0OoO0Oo
2538610:C 07 Jan 2024 17:53:28.115 * Redis version=255.255.255, bits=64, commit=e04ebdb8, modified=1, pid=2538610, just started
2538610:C 07 Jan 2024 17:53:28.115 * Configuration loaded
2538610:M 07 Jan 2024 17:53:28.115 * monotonic clock: POSIX clock_gettime
2538610:M 07 Jan 2024 17:53:28.116 * Running mode=standalone, port=5011.
2538610:M 07 Jan 2024 17:53:28.123 * <raft> RedisRaft version 255.255.255 [b779b199]
2538610:M 07 Jan 2024 17:53:28.127 * <raft> Initializing test network
2538610:M 07 Jan 2024 17:53:28.128 * <raft> Created test network client
2538610:M 07 Jan 2024 17:53:28.132 * <raft> Raft module loaded, state is 'loading'
2538610:M 07 Jan 2024 17:53:28.132 * Module 'raft' loaded from /home/snagendra/Fuzzing/redisraft-fuzzing/redisraft.so
2538610:M 07 Jan 2024 17:53:28.133 * Server initialized
2538610:M 07 Jan 2024 17:53:28.133 . The AOF directory appendonlydir doesn't exist
2538610:M 07 Jan 2024 17:53:28.133 * Ready to accept connections tcp
2538610:M 07 Jan 2024 17:53:28.133 . 0 clients connected (0 replicas), 1746688 bytes in use
2538610:M 07 Jan 2024 17:53:28.144 - Accepted 127.0.0.1:48936
2538610:M 07 Jan 2024 17:53:28.144 # Missing implement of connection type tls
2538610:M 07 Jan 2024 17:53:28.173 - Accepted 127.0.0.1:48940
2538610:M 07 Jan 2024 17:53:28.214 - Accepted 127.0.0.1:48942
2538610:M 07 Jan 2024 17:53:28.232 * <raft> Loading: Redis loading complete, snapshot NOT LOADED
2538610:M 07 Jan 2024 17:53:28.232 * <raft> Cluster Membership: term:0 index:0 nodes: id=1,voting=0,active=1,addr=-
2538610:M 07 Jan 2024 17:53:28.233 * <raft> Test network starting message polling thread
2538610:M 07 Jan 2024 17:53:28.233 * <raft> Cluster Membership: term:0 index:6 nodes: id=1,voting=1,active=1,addr=- id=2,voting=0,active=1,addr=localhost:5012
2538610:M 07 Jan 2024 17:53:28.233 * <raft> Cluster Membership: term:0 index:6 nodes: id=1,voting=1,active=1,addr=- id=2,voting=0,active=1,addr=localhost:5012 id=3,voting=0,active=1,addr=localhost:5013
2538610:M 07 Jan 2024 17:53:28.233 * <raft> Raft state after loading log: log_count=6, first_idx=1, current_idx=6, last_applied_idx=0
2538610:M 07 Jan 2024 17:53:28.233 . <raft> Raft term=1, vote=-1
2538610:signal-handler (1704646408) Received SIGINT scheduling shutdown...
2538610:signal-handler (1704646408) You insist... exiting now.

----- Stderr -----
libgcov profiling error:/home/snagendra/Fuzzing/redisraft-fuzzing/build/deps/raft/CMakeFiles/raft.dir/src/raft_server.c.gcda:Merge mismatch for function 46
libgcov profiling error:/home/snagendra/Fuzzing/redisraft-fuzzing/build/deps/raft/CMakeFiles/raft.dir/src/raft_server.c.gcda:Merge mismatch for function 46
libgcov profiling error:/home/snagendra/Fuzzing/redisraft-fuzzing/build/deps/raft/CMakeFiles/raft.dir/src/raft_server.c.gcda:Merge mismatch for function 46




logs for node: 2

----- Stdout -----
2537207:C 07 Jan 2024 17:53:24.930 # WARNING Memory overcommit must be enabled! Without it, a background save or replication may fail under low memory condition. Being disabled, it can also cause failures without low memory condition, see https://github.com/jemalloc/jemalloc/issues/1328. To fix this issue add 'vm.overcommit_memory = 1' to /etc/sysctl.conf and then reboot or run the command 'sysctl vm.overcommit_memory=1' for this to take effect.
2537207:C 07 Jan 2024 17:53:24.930 * oO0OoO0OoO0Oo Redis is starting oO0OoO0OoO0Oo
2537207:C 07 Jan 2024 17:53:24.930 * Redis version=255.255.255, bits=64, commit=e04ebdb8, modified=1, pid=2537207, just started
2537207:C 07 Jan 2024 17:53:24.930 * Configuration loaded
2537207:M 07 Jan 2024 17:53:24.930 * monotonic clock: POSIX clock_gettime
2537207:M 07 Jan 2024 17:53:24.931 * Running mode=standalone, port=5012.
2537207:M 07 Jan 2024 17:53:24.937 * <raft> RedisRaft version 255.255.255 [b779b199]
2537207:M 07 Jan 2024 17:53:24.942 * <raft> Initializing test network
2537207:M 07 Jan 2024 17:53:24.943 * <raft> Created test network client
2537207:M 07 Jan 2024 17:53:24.943 * <raft> Raft module loaded, state is 'uninitialized'
2537207:M 07 Jan 2024 17:53:24.943 * Module 'raft' loaded from /home/snagendra/Fuzzing/redisraft-fuzzing/redisraft.so
2537207:M 07 Jan 2024 17:53:24.944 * Server initialized
2537207:M 07 Jan 2024 17:53:24.945 . The AOF directory appendonlydir doesn't exist
2537207:M 07 Jan 2024 17:53:24.945 * Ready to accept connections tcp
2537207:M 07 Jan 2024 17:53:24.945 . 0 clients connected (0 replicas), 1726320 bytes in use
2537207:M 07 Jan 2024 17:53:24.951 - Accepted 127.0.0.1:60928
2537207:M 07 Jan 2024 17:53:24.951 # Missing implement of connection type tls
2537207:M 07 Jan 2024 17:53:25.044 - <raft> join cluster, connecting to localhost:5011
2537207:M 07 Jan 2024 17:53:25.045 * <raft> Joined Raft cluster, node id: 2, dbid: 9a0f8dbe8d9fff844c55de9a4e258085
2537207:M 07 Jan 2024 17:53:25.051 * <raft> Cluster Membership: term:0 index:0 nodes: id=2,voting=0,active=1,addr=-
2537207:M 07 Jan 2024 17:53:25.052 * <raft> Test network starting message polling thread
2537207:M 07 Jan 2024 17:53:25.116 - Accepted 127.0.0.1:60940
2537207:M 07 Jan 2024 17:53:25.246 * <raft> Cluster Membership: term:1 index:2 nodes: id=2,voting=0,active=1,addr=- id=1,voting=1,active=1,addr=localhost:5011
2537207:M 07 Jan 2024 17:53:25.516 * <raft> Cluster Membership: term:1 index:4 nodes: id=2,voting=0,active=1,addr=- id=1,voting=1,active=1,addr=localhost:5011 id=3,voting=0,active=1,addr=localhost:5013
25372072537207:signal-handler (:signal-handler (17046464051704646405) ) Received SIGINT scheduling shutdown...Received SIGINT scheduling shutdown...

2537207:M 07 Jan 2024 17:53:25.649 * User requested shutdown...
2537207:M 07 Jan 2024 17:53:25.649 # Redis is now ready to exit, bye bye...
2537993:C 07 Jan 2024 17:53:26.748 # WARNING Memory overcommit must be enabled! Without it, a background save or replication may fail under low memory condition. Being disabled, it can also cause failures without low memory condition, see https://github.com/jemalloc/jemalloc/issues/1328. To fix this issue add 'vm.overcommit_memory = 1' to /etc/sysctl.conf and then reboot or run the command 'sysctl vm.overcommit_memory=1' for this to take effect.
2537993:C 07 Jan 2024 17:53:26.748 * oO0OoO0OoO0Oo Redis is starting oO0OoO0OoO0Oo
2537993:C 07 Jan 2024 17:53:26.748 * Redis version=255.255.255, bits=64, commit=e04ebdb8, modified=1, pid=2537993, just started
2537993:C 07 Jan 2024 17:53:26.748 * Configuration loaded
2537993:M 07 Jan 2024 17:53:26.748 * monotonic clock: POSIX clock_gettime
2537993:M 07 Jan 2024 17:53:26.749 * Running mode=standalone, port=5012.
2537993:M 07 Jan 2024 17:53:26.756 * <raft> RedisRaft version 255.255.255 [b779b199]
2537993:M 07 Jan 2024 17:53:26.760 * <raft> Initializing test network
2537993:M 07 Jan 2024 17:53:26.761 * <raft> Created test network client
2537993:M 07 Jan 2024 17:53:26.764 * <raft> Raft module loaded, state is 'loading'
2537993:M 07 Jan 2024 17:53:26.764 * Module 'raft' loaded from /home/snagendra/Fuzzing/redisraft-fuzzing/redisraft.so
2537993:M 07 Jan 2024 17:53:26.765 * Server initialized
2537993:M 07 Jan 2024 17:53:26.765 . The AOF directory appendonlydir doesn't exist
2537993:M 07 Jan 2024 17:53:26.765 * Ready to accept connections tcp
2537993:M 07 Jan 2024 17:53:26.765 . 0 clients connected (0 replicas), 1746720 bytes in use
2537993:M 07 Jan 2024 17:53:26.865 * <raft> Loading: Redis loading complete, snapshot NOT LOADED
2537993:M 07 Jan 2024 17:53:26.865 * <raft> Cluster Membership: term:0 index:0 nodes: id=2,voting=0,active=1,addr=-
2537993:M 07 Jan 2024 17:53:26.866 * <raft> Test network starting message polling thread
2537993:M 07 Jan 2024 17:53:26.866 * <raft> Cluster Membership: term:0 index:5 nodes: id=2,voting=0,active=1,addr=- id=1,voting=1,active=1,addr=localhost:5011
2537993:M 07 Jan 2024 17:53:26.866 * <raft> Cluster Membership: term:0 index:5 nodes: id=2,voting=0,active=1,addr=- id=1,voting=1,active=1,addr=localhost:5011 id=3,voting=0,active=1,addr=localhost:5013
2537993:M 07 Jan 2024 17:53:26.866 * <raft> Raft state after loading log: log_count=5, first_idx=1, current_idx=5, last_applied_idx=0
2537993:M 07 Jan 2024 17:53:26.866 . <raft> Raft term=1, vote=-1
2537993:signal-handler (1704646406) Received SIGINT scheduling shutdown...
2537993:signal-handler (1704646406) You insist... exiting now.
2538192:C 07 Jan 2024 17:53:27.220 # WARNING Memory overcommit must be enabled! Without it, a background save or replication may fail under low memory condition. Being disabled, it can also cause failures without low memory condition, see https://github.com/jemalloc/jemalloc/issues/1328. To fix this issue add 'vm.overcommit_memory = 1' to /etc/sysctl.conf and then reboot or run the command 'sysctl vm.overcommit_memory=1' for this to take effect.
2538192:C 07 Jan 2024 17:53:27.220 * oO0OoO0OoO0Oo Redis is starting oO0OoO0OoO0Oo
2538192:C 07 Jan 2024 17:53:27.220 * Redis version=255.255.255, bits=64, commit=e04ebdb8, modified=1, pid=2538192, just started
2538192:C 07 Jan 2024 17:53:27.220 * Configuration loaded
2538192:M 07 Jan 2024 17:53:27.220 * monotonic clock: POSIX clock_gettime
2538192:M 07 Jan 2024 17:53:27.221 * Running mode=standalone, port=5012.
2538192:M 07 Jan 2024 17:53:27.227 * <raft> RedisRaft version 255.255.255 [b779b199]
2538192:M 07 Jan 2024 17:53:27.231 * <raft> Initializing test network
2538192:M 07 Jan 2024 17:53:27.232 * <raft> Created test network client
2538192:M 07 Jan 2024 17:53:27.236 * <raft> Raft module loaded, state is 'loading'
2538192:M 07 Jan 2024 17:53:27.236 * Module 'raft' loaded from /home/snagendra/Fuzzing/redisraft-fuzzing/redisraft.so
2538192:M 07 Jan 2024 17:53:27.237 * Server initialized
2538192:M 07 Jan 2024 17:53:27.237 . The AOF directory appendonlydir doesn't exist
2538192:M 07 Jan 2024 17:53:27.237 * Ready to accept connections tcp
2538192:M 07 Jan 2024 17:53:27.237 . 0 clients connected (0 replicas), 1746624 bytes in use
2538192:M 07 Jan 2024 17:53:27.337 * <raft> Loading: Redis loading complete, snapshot NOT LOADED
2538192:M 07 Jan 2024 17:53:27.337 * <raft> Cluster Membership: term:0 index:0 nodes: id=2,voting=0,active=1,addr=-
2538192:M 07 Jan 2024 17:53:27.338 * <raft> Test network starting message polling thread
2538192:M 07 Jan 2024 17:53:27.338 * <raft> Cluster Membership: term:0 index:5 nodes: id=2,voting=0,active=1,addr=- id=1,voting=1,active=1,addr=localhost:5011
2538192:M 07 Jan 2024 17:53:27.338 * <raft> Cluster Membership: term:0 index:5 nodes: id=2,voting=0,active=1,addr=- id=1,voting=1,active=1,addr=localhost:5011 id=3,voting=0,active=1,addr=localhost:5013
2538192:M 07 Jan 2024 17:53:27.338 * <raft> Raft state after loading log: log_count=5, first_idx=1, current_idx=5, last_applied_idx=0
2538192:M 07 Jan 2024 17:53:27.338 . <raft> Raft term=1, vote=-1
2538192:M 07 Jan 2024 17:53:27.676 - Accepted 127.0.0.1:32774
2538192:M 07 Jan 2024 17:53:27.676 # Missing implement of connection type tls
2538192:M 07 Jan 2024 17:53:27.778 - Client closed connection id=8 addr=127.0.0.1:32774 laddr=127.0.0.1:5012 fd=12 name= age=0 idle=0 flags=N db=0 sub=0 psub=0 ssub=0 multi=-1 qbuf=0 qbuf-free=20474 argv-mem=0 multi-mem=0 rbs=16384 rbp=0 obl=0 oll=0 omem=0 tot-mem=37760 events=r cmd=auth user=default redir=-1 resp=2 lib-name= lib-ver=
2538192:M 07 Jan 2024 17:53:28.041 * <raft> State change: Election starting, node is now a pre-candidate, term 1
2538192:M 07 Jan 2024 17:53:28.041 * <raft> Cluster Membership: term:1 index:6 nodes: id=2,voting=1,active=1,addr=- id=1,voting=1,active=1,addr=localhost:5011 id=3,voting=0,active=1,addr=localhost:5013
2538192:M 07 Jan 2024 17:53:28.113 - Accepted 127.0.0.1:32778
2538192:M 07 Jan 2024 17:53:28.234 - Accepted 127.0.0.1:32780
2538192:M 07 Jan 2024 17:53:28.341 - Client closed connection id=10 addr=127.0.0.1:32780 laddr=127.0.0.1:5012 fd=14 name= age=0 idle=0 flags=N db=0 sub=0 psub=0 ssub=0 multi=-1 qbuf=0 qbuf-free=20474 argv-mem=0 multi-mem=0 rbs=16384 rbp=0 obl=0 oll=0 omem=0 tot-mem=37760 events=r cmd=auth user=default redir=-1 resp=2 lib-name= lib-ver=
2538192:M 07 Jan 2024 17:53:28.342 * <raft> State change: Election starting, node is now a pre-candidate, term 1
2538192:M 07 Jan 2024 17:53:28.342 * <raft> Cluster Membership: term:1 index:6 nodes: id=2,voting=1,active=1,addr=- id=1,voting=1,active=1,addr=localhost:5011 id=3,voting=0,active=1,addr=localhost:5013
2538192:signal-handler (1704646408) Received SIGINT scheduling shutdown...

----- Stderr -----
libgcov profiling error:/home/snagendra/Fuzzing/redisraft-fuzzing/build/deps/raft/CMakeFiles/raft.dir/src/raft_server.c.gcda:Merge mismatch for function 46
libgcov profiling error:/home/snagendra/Fuzzing/redisraft-fuzzing/build/deps/raft/CMakeFiles/raft.dir/src/raft_server.c.gcda:Merge mismatch for function 46




logs for node: 3

----- Stdout -----
2537286:C 07 Jan 2024 17:53:25.054 # WARNING Memory overcommit must be enabled! Without it, a background save or replication may fail under low memory condition. Being disabled, it can also cause failures without low memory condition, see https://github.com/jemalloc/jemalloc/issues/1328. To fix this issue add 'vm.overcommit_memory = 1' to /etc/sysctl.conf and then reboot or run the command 'sysctl vm.overcommit_memory=1' for this to take effect.
2537286:C 07 Jan 2024 17:53:25.054 * oO0OoO0OoO0Oo Redis is starting oO0OoO0OoO0Oo
2537286:C 07 Jan 2024 17:53:25.054 * Redis version=255.255.255, bits=64, commit=e04ebdb8, modified=1, pid=2537286, just started
2537286:C 07 Jan 2024 17:53:25.054 * Configuration loaded
2537286:M 07 Jan 2024 17:53:25.055 * monotonic clock: POSIX clock_gettime
2537286:M 07 Jan 2024 17:53:25.055 * Running mode=standalone, port=5013.
2537286:M 07 Jan 2024 17:53:25.062 * <raft> RedisRaft version 255.255.255 [b779b199]
2537286:M 07 Jan 2024 17:53:25.067 * <raft> Initializing test network
2537286:M 07 Jan 2024 17:53:25.068 * <raft> Created test network client
2537286:M 07 Jan 2024 17:53:25.069 * <raft> Raft module loaded, state is 'uninitialized'
2537286:M 07 Jan 2024 17:53:25.069 * Module 'raft' loaded from /home/snagendra/Fuzzing/redisraft-fuzzing/redisraft.so
2537286:M 07 Jan 2024 17:53:25.069 * Server initialized
2537286:M 07 Jan 2024 17:53:25.070 . The AOF directory appendonlydir doesn't exist
2537286:M 07 Jan 2024 17:53:25.070 * Ready to accept connections tcp
2537286:M 07 Jan 2024 17:53:25.071 . 0 clients connected (0 replicas), 1726192 bytes in use
2537286:M 07 Jan 2024 17:53:25.084 - Accepted 127.0.0.1:53772
2537286:M 07 Jan 2024 17:53:25.084 # Missing implement of connection type tls
2537286:M 07 Jan 2024 17:53:25.169 - <raft> join cluster, connecting to localhost:5011
2537286:M 07 Jan 2024 17:53:25.171 * <raft> Joined Raft cluster, node id: 3, dbid: 9a0f8dbe8d9fff844c55de9a4e258085
2537286:M 07 Jan 2024 17:53:25.177 * <raft> Cluster Membership: term:0 index:0 nodes: id=3,voting=0,active=1,addr=-
2537286:M 07 Jan 2024 17:53:25.177 * <raft> Test network starting message polling thread
2537286:M 07 Jan 2024 17:53:25.217 - Accepted 127.0.0.1:53780
2537286:M 07 Jan 2024 17:53:25.546 - Accepted 127.0.0.1:53786
2537286:M 07 Jan 2024 17:53:25.571 * <raft> State change: Election starting, node is now a pre-candidate, term 0
2537286:M 07 Jan 2024 17:53:25.571 * <raft> Cluster Membership: term:0 index:0 nodes: id=3,voting=0,active=1,addr=-
2537286:M 07 Jan 2024 17:53:25.582 * <raft> State change: Node is now a follower, term 1
2537286:M 07 Jan 2024 17:53:25.582 * <raft> Cluster Membership: term:1 index:0 nodes: id=3,voting=0,active=1,addr=-
2537286:M 07 Jan 2024 17:53:25.583 * <raft> Cluster Membership: term:1 index:2 nodes: id=3,voting=0,active=1,addr=- id=1,voting=1,active=1,addr=localhost:5011
2537286:M 07 Jan 2024 17:53:25.584 * <raft> Cluster Membership: term:1 index:3 nodes: id=3,voting=0,active=1,addr=- id=1,voting=1,active=1,addr=localhost:5011 id=2,voting=0,active=1,addr=localhost:5012
2537286:M 07 Jan 2024 17:53:25.661 - Client closed connection id=10 addr=127.0.0.1:53786 laddr=127.0.0.1:5013 fd=13 name= age=0 idle=0 flags=N db=0 sub=0 psub=0 ssub=0 multi=-1 qbuf=0 qbuf-free=20474 argv-mem=0 multi-mem=0 rbs=16384 rbp=0 obl=0 oll=0 omem=0 tot-mem=37760 events=r cmd=auth user=default redir=-1 resp=2 lib-name= lib-ver=
2537286:M 07 Jan 2024 17:53:25.710 - Client closed connection id=9 addr=127.0.0.1:53780 laddr=127.0.0.1:5013 fd=10 name= age=0 idle=0 flags=N db=0 sub=0 psub=0 ssub=0 multi=-1 qbuf=0 qbuf-free=20474 argv-mem=0 multi-mem=0 rbs=1024 rbp=0 obl=0 oll=0 omem=0 tot-mem=22400 events=r cmd=auth user=default redir=-1 resp=2 lib-name= lib-ver=
2537286:M 07 Jan 2024 17:53:25.952 - Accepted 127.0.0.1:53794
2537286:signal-handler (1704646406) Received SIGINT scheduling shutdown...
2537286:signal-handler (1704646406) You insist... exiting now.
2538331:C 07 Jan 2024 17:53:27.557 # WARNING Memory overcommit must be enabled! Without it, a background save or replication may fail under low memory condition. Being disabled, it can also cause failures without low memory condition, see https://github.com/jemalloc/jemalloc/issues/1328. To fix this issue add 'vm.overcommit_memory = 1' to /etc/sysctl.conf and then reboot or run the command 'sysctl vm.overcommit_memory=1' for this to take effect.
2538331:C 07 Jan 2024 17:53:27.557 * oO0OoO0OoO0Oo Redis is starting oO0OoO0OoO0Oo
2538331:C 07 Jan 2024 17:53:27.557 * Redis version=255.255.255, bits=64, commit=e04ebdb8, modified=1, pid=2538331, just started
2538331:C 07 Jan 2024 17:53:27.557 * Configuration loaded
2538331:M 07 Jan 2024 17:53:27.557 * monotonic clock: POSIX clock_gettime
2538331:M 07 Jan 2024 17:53:27.558 * Running mode=standalone, port=5013.
2538331:M 07 Jan 2024 17:53:27.564 * <raft> RedisRaft version 255.255.255 [b779b199]
2538331:M 07 Jan 2024 17:53:27.569 * <raft> Initializing test network
2538331:M 07 Jan 2024 17:53:27.570 * <raft> Created test network client
2538331:M 07 Jan 2024 17:53:27.573 * <raft> Raft module loaded, state is 'loading'
2538331:M 07 Jan 2024 17:53:27.573 * Module 'raft' loaded from /home/snagendra/Fuzzing/redisraft-fuzzing/redisraft.so
2538331:M 07 Jan 2024 17:53:27.574 * Server initialized
2538331:M 07 Jan 2024 17:53:27.574 . The AOF directory appendonlydir doesn't exist
2538331:M 07 Jan 2024 17:53:27.574 * Ready to accept connections tcp
2538331:M 07 Jan 2024 17:53:27.574 . 0 clients connected (0 replicas), 1746848 bytes in use
2538331:M 07 Jan 2024 17:53:27.641 - Accepted 127.0.0.1:53860
2538331:M 07 Jan 2024 17:53:27.641 # Missing implement of connection type tls
2538331:M 07 Jan 2024 17:53:27.673 * <raft> Loading: Redis loading complete, snapshot NOT LOADED
2538331:M 07 Jan 2024 17:53:27.673 * <raft> Cluster Membership: term:0 index:0 nodes: id=3,voting=0,active=1,addr=-
2538331:M 07 Jan 2024 17:53:27.674 * <raft> Test network starting message polling thread
2538331:M 07 Jan 2024 17:53:27.674 * <raft> Cluster Membership: term:0 index:4 nodes: id=3,voting=0,active=1,addr=- id=1,voting=1,active=1,addr=localhost:5011
2538331:M 07 Jan 2024 17:53:27.675 * <raft> Cluster Membership: term:0 index:4 nodes: id=3,voting=0,active=1,addr=- id=1,voting=1,active=1,addr=localhost:5011 id=2,voting=0,active=1,addr=localhost:5012
2538331:M 07 Jan 2024 17:53:27.675 * <raft> Raft state after loading log: log_count=4, first_idx=1, current_idx=4, last_applied_idx=0
2538331:M 07 Jan 2024 17:53:27.675 . <raft> Raft term=1, vote=-1
2538331:signal-handler (1704646407) Received SIGINT scheduling shutdown...
2538331:signal-handler (1704646407) You insist... exiting now.
2538331:M 07 Jan 2024 17:53:27.776 * User requested shutdown...
2538331:M 07 Jan 2024 17:53:27.776 # Redis is now ready to exit, bye bye...
2538567:C 07 Jan 2024 17:53:27.993 # WARNING Memory overcommit must be enabled! Without it, a background save or replication may fail under low memory condition. Being disabled, it can also cause failures without low memory condition, see https://github.com/jemalloc/jemalloc/issues/1328. To fix this issue add 'vm.overcommit_memory = 1' to /etc/sysctl.conf and then reboot or run the command 'sysctl vm.overcommit_memory=1' for this to take effect.
2538567:C 07 Jan 2024 17:53:27.994 * oO0OoO0OoO0Oo Redis is starting oO0OoO0OoO0Oo
2538567:C 07 Jan 2024 17:53:27.994 * Redis version=255.255.255, bits=64, commit=e04ebdb8, modified=1, pid=2538567, just started
2538567:C 07 Jan 2024 17:53:27.994 * Configuration loaded
2538567:M 07 Jan 2024 17:53:27.994 * monotonic clock: POSIX clock_gettime
2538567:M 07 Jan 2024 17:53:27.995 * Running mode=standalone, port=5013.
2538567:M 07 Jan 2024 17:53:28.002 * <raft> RedisRaft version 255.255.255 [b779b199]
2538567:M 07 Jan 2024 17:53:28.006 * <raft> Initializing test network
2538567:M 07 Jan 2024 17:53:28.007 * <raft> Created test network client
2538567:M 07 Jan 2024 17:53:28.011 * <raft> Raft module loaded, state is 'loading'
2538567:M 07 Jan 2024 17:53:28.011 * Module 'raft' loaded from /home/snagendra/Fuzzing/redisraft-fuzzing/redisraft.so
2538567:M 07 Jan 2024 17:53:28.011 * Server initialized
2538567:M 07 Jan 2024 17:53:28.011 . The AOF directory appendonlydir doesn't exist
2538567:M 07 Jan 2024 17:53:28.011 * Ready to accept connections tcp
2538567:M 07 Jan 2024 17:53:28.012 . 0 clients connected (0 replicas), 1746656 bytes in use
2538567:M 07 Jan 2024 17:53:28.043 - Accepted 127.0.0.1:53884
2538567:M 07 Jan 2024 17:53:28.043 # Missing implement of connection type tls
2538567:M 07 Jan 2024 17:53:28.111 * <raft> Loading: Redis loading complete, snapshot NOT LOADED
2538567:M 07 Jan 2024 17:53:28.112 * <raft> Cluster Membership: term:0 index:0 nodes: id=3,voting=0,active=1,addr=-
2538567:M 07 Jan 2024 17:53:28.112 * <raft> Test network starting message polling thread
2538567:M 07 Jan 2024 17:53:28.112 * <raft> Cluster Membership: term:0 index:4 nodes: id=3,voting=0,active=1,addr=- id=1,voting=1,active=1,addr=localhost:5011
2538567:M 07 Jan 2024 17:53:28.113 * <raft> Cluster Membership: term:0 index:4 nodes: id=3,voting=0,active=1,addr=- id=1,voting=1,active=1,addr=localhost:5011 id=2,voting=0,active=1,addr=localhost:5012
2538567:M 07 Jan 2024 17:53:28.113 * <raft> Raft state after loading log: log_count=4, first_idx=1, current_idx=4, last_applied_idx=0
2538567:M 07 Jan 2024 17:53:28.113 . <raft> Raft term=1, vote=-1
2538567:M 07 Jan 2024 17:53:28.234 - Accepted 127.0.0.1:53898
2538567:M 07 Jan 2024 17:53:28.341 - Client closed connection id=9 addr=127.0.0.1:53898 laddr=127.0.0.1:5013 fd=14 name= age=0 idle=0 flags=N db=0 sub=0 psub=0 ssub=0 multi=-1 qbuf=0 qbuf-free=20474 argv-mem=0 multi-mem=0 rbs=16384 rbp=0 obl=0 oll=0 omem=0 tot-mem=37760 events=r cmd=auth user=default redir=-1 resp=2 lib-name= lib-ver=
2538567:M 07 Jan 2024 17:53:28.400 - Client closed connection id=8 addr=127.0.0.1:53884 laddr=127.0.0.1:5013 fd=11 name= age=0 idle=0 flags=N db=0 sub=0 psub=0 ssub=0 multi=-1 qbuf=0 qbuf-free=20474 argv-mem=0 multi-mem=0 rbs=1024 rbp=0 obl=0 oll=0 omem=0 tot-mem=22400 events=r cmd=auth user=default redir=-1 resp=2 lib-name= lib-ver=
2538567:signal-handler (1704646408) Received SIGINT scheduling shutdown...
2538567:signal-handler (1704646408) You insist... exiting now.


=== REDIS BUG REPORT START: Cut & paste starting from here ===
2538567:M 07 Jan 2024 17:53:28.413 # Redis 255.255.255 crashed by signal: 11, si_code: 1
2538567:M 07 Jan 2024 17:53:28.413 # Accessing address: 0x18
2538567:M 07 Jan 2024 17:53:28.413 # Crashed running the instruction at: 0x7f199087f0b0

------ STACK TRACE ------
EIP:
/lib/x86_64-linux-gnu/libc.so.6(__pthread_rwlock_wrlock+0x0)[0x7f199087f0b0]

Backtrace:
/lib/x86_64-linux-gnu/libc.so.6(+0x3bfd0)[0x7f199082bfd0]
/lib/x86_64-linux-gnu/libc.so.6(__pthread_rwlock_wrlock+0x0)[0x7f199087f0b0]
/lib/x86_64-linux-gnu/libcrypto.so.3(CRYPTO_THREAD_write_lock+0x9)[0x7f198ec3df49]
/lib/x86_64-linux-gnu/libcrypto.so.3(ENGINE_get_first+0x3a)[0x7f198ebe408a]
/lib/x86_64-linux-gnu/libcrypto.so.3(ENGINE_register_all_complete+0x6)[0x7f198ebe3486]
/lib/x86_64-linux-gnu/libssh2.so.1(libssh2_init+0x39)[0x7f198f5ce389]
/lib/x86_64-linux-gnu/libcurl-gnutls.so.4(+0x8146b)[0x7f199071246b]
/lib/x86_64-linux-gnu/libcurl-gnutls.so.4(+0x22125)[0x7f19906b3125]
/lib/x86_64-linux-gnu/libcurl-gnutls.so.4(curl_global_init+0x3a)[0x7f19906b322a]
/home/snagendra/Fuzzing/redisraft-fuzzing/redisraft.so(redis_test_http_do+0x2c)[0x7f19907af86c]
/home/snagendra/Fuzzing/redisraft-fuzzing/redisraft.so(redis_test_http_post+0x26)[0x7f19907afa86]
/home/snagendra/Fuzzing/redisraft-fuzzing/redisraft.so(redis_test_send_message+0x9d)[0x7f19907aeefd]
/home/snagendra/Fuzzing/redisraft-fuzzing/redisraft.so(testNetworkSendRequestVote+0x6a)[0x7f19907982ba]
/home/snagendra/Fuzzing/redisraft-fuzzing/redisraft.so(raft_send_requestvote+0x126)[0x7f199079e5e6]
/home/snagendra/Fuzzing/redisraft-fuzzing/redisraft.so(raft_become_precandidate+0x113)[0x7f199079e7a3]
/home/snagendra/Fuzzing/redisraft-fuzzing/redisraft.so(raft_election_start+0x80)[0x7f199079ef10]
/home/snagendra/Fuzzing/redisraft-fuzzing/redisraft.so(raft_periodic_internal+0x9a)[0x7f19907a363a]
/home/snagendra/Fuzzing/redisraft-fuzzing/redisraft.so(raft_periodic+0x18)[0x7f19907a3868]
/home/snagendra/Fuzzing/redisraft-fuzzing/redisraft.so(+0x2b765)[0x7f199078e765]
/home/snagendra/Fuzzing/redis/src/redis-server 0.0.0.0:5013(moduleTimerHandler+0x21c)[0x55aef686998c]
/home/snagendra/Fuzzing/redis/src/redis-server 0.0.0.0:5013(+0x81705)[0x55aef6773705]
/home/snagendra/Fuzzing/redis/src/redis-server 0.0.0.0:5013(aeMain+0x1c8)[0x55aef677dcb8]
/home/snagendra/Fuzzing/redis/src/redis-server 0.0.0.0:5013(main+0x3cd)[0x55aef6772e2d]
/lib/x86_64-linux-gnu/libc.so.6(+0x271ca)[0x7f19908171ca]
/lib/x86_64-linux-gnu/libc.so.6(__libc_start_main+0x85)[0x7f1990817285]
/home/snagendra/Fuzzing/redis/src/redis-server 0.0.0.0:5013(_start+0x2a)[0x55aef67735aa]

------ REGISTERS ------
2538567:M 07 Jan 2024 17:53:28.414 # 
RAX:0000000000000001 RBX:000055aef8a972f0
RCX:0000000000000000 RDX:0000000000000000
RDI:0000000000000000 RSI:0000000000000000
RBP:00007f198ee7e638 RSP:00007ffce4f86bc8
R8 :0000000000000000 R9 :0000000000000000
R10:0000000000000000 R11:0000000000000000
R12:00007ffce4f86cc0 R13:000055aef8a973b0
R14:0000000000000001 R15:0000000000000002
RIP:00007f199087f0b0 EFL:0000000000010202
CSGSFS:002b000000000033
2538567:M 07 Jan 2024 17:53:28.414 # (00007ffce4f86bd7) -> 000055aef8a972f0
2538567:M 07 Jan 2024 17:53:28.414 # (00007ffce4f86bd6) -> 00007f19906b3125
2538567:M 07 Jan 2024 17:53:28.414 # (00007ffce4f86bd5) -> 0000000000000002
2538567:M 07 Jan 2024 17:53:28.414 # (00007ffce4f86bd4) -> 00007f199071246b
2538567:M 07 Jan 2024 17:53:28.414 # (00007ffce4f86bd3) -> 000055aef8a973b0
2538567:M 07 Jan 2024 17:53:28.414 # (00007ffce4f86bd2) -> 00000000e4f86cc0
2538567:M 07 Jan 2024 17:53:28.414 # (00007ffce4f86bd1) -> 000055aef8ac1440
2538567:M 07 Jan 2024 17:53:28.414 # (00007ffce4f86bd0) -> 00007f198f5ce389
2538567:M 07 Jan 2024 17:53:28.414 # (00007ffce4f86bcf) -> 000055aef8a972f0
2538567:M 07 Jan 2024 17:53:28.414 # (00007ffce4f86bce) -> 00007f198ebe3486
2538567:M 07 Jan 2024 17:53:28.414 # (00007ffce4f86bcd) -> 000055aef8ac1440
2538567:M 07 Jan 2024 17:53:28.414 # (00007ffce4f86bcc) -> 000055aef8a972f0
2538567:M 07 Jan 2024 17:53:28.414 # (00007ffce4f86bcb) -> 00007ffce4f86cc0
2538567:M 07 Jan 2024 17:53:28.414 # (00007ffce4f86bca) -> 00007f198ebe408a
2538567:M 07 Jan 2024 17:53:28.414 # (00007ffce4f86bc9) -> 000055aef8a972f0
2538567:M 07 Jan 2024 17:53:28.414 # (00007ffce4f86bc8) -> 00007f198ec3df49

------ INFO OUTPUT ------
# Server
redis_version:255.255.255
redis_git_sha1:e04ebdb8
redis_git_dirty:1
redis_build_id:1f78dcc7b4fbdd25
redis_mode:standalone
os:Linux 6.1.60.1.amd64-smp x86_64
arch_bits:64
monotonic_clock:POSIX clock_gettime
multiplexing_api:epoll
atomicvar_api:c11-builtin
gcc_version:10.2.1
process_id:2538567
process_supervised:no
run_id:8b2d051c6861344707f535fe2a7a1269467d18e2
tcp_port:5013
server_time_usec:1704646408413773
uptime_in_seconds:1
uptime_in_days:0
hz:10
configured_hz:10
lru_clock:10147592
executable:/home/snagendra/Fuzzing/redis/src/redis-server
config_file:
io_threads_active:0
listener0:name=tcp,bind=0.0.0.0,port=5013

# Clients
connected_clients:0
cluster_connections:0
maxclients:10000
client_recent_max_input_buffer:20480
client_recent_max_output_buffer:0
blocked_clients:0
tracking_clients:0
clients_in_timeout_table:0
total_blocking_keys:0
total_blocking_keys_on_nokey:0

# Memory
used_memory:1781072
used_memory_human:1.70M
used_memory_rss:18522112
used_memory_rss_human:17.66M
used_memory_peak:1840488
used_memory_peak_human:1.76M
used_memory_peak_perc:96.77%
used_memory_overhead:1746696
used_memory_startup:1746512
used_memory_dataset:34376
used_memory_dataset_perc:99.47%
allocator_allocated:2357784
allocator_active:3006464
allocator_resident:11309056
total_system_memory:270388695040
total_system_memory_human:251.82G
used_memory_lua:31744
used_memory_vm_eval:31744
used_memory_lua_human:31.00K
used_memory_scripts_eval:0
number_of_cached_scripts:0
number_of_functions:0
number_of_libraries:0
used_memory_vm_functions:32768
used_memory_vm_total:64512
used_memory_vm_total_human:63.00K
used_memory_functions:184
used_memory_scripts:184
used_memory_scripts_human:184B
maxmemory:0
maxmemory_human:0B
maxmemory_policy:noeviction
allocator_frag_ratio:1.28
allocator_frag_bytes:648680
allocator_rss_ratio:3.76
allocator_rss_bytes:8302592
rss_overhead_ratio:1.64
rss_overhead_bytes:7213056
mem_fragmentation_ratio:10.06
mem_fragmentation_bytes:16681728
mem_not_counted_for_evict:0
mem_replication_backlog:0
mem_total_replication_buffers:0
mem_clients_slaves:0
mem_clients_normal:0
mem_cluster_links:0
mem_aof_buffer:0
mem_allocator:jemalloc-5.3.0
active_defrag_running:0
lazyfree_pending_objects:0
lazyfreed_objects:0

# Persistence
loading:0
async_loading:0
current_cow_peak:0
current_cow_size:0
current_cow_size_age:0
current_fork_perc:0.00
current_save_keys_processed:0
current_save_keys_total:0
rdb_changes_since_last_save:0
rdb_bgsave_in_progress:0
rdb_last_save_time:1704646407
rdb_last_bgsave_status:ok
rdb_last_bgsave_time_sec:-1
rdb_current_bgsave_time_sec:-1
rdb_saves:0
rdb_last_cow_size:0
rdb_last_load_keys_expired:0
rdb_last_load_keys_loaded:0
aof_enabled:0
aof_rewrite_in_progress:0
aof_rewrite_scheduled:0
aof_last_rewrite_time_sec:-1
aof_current_rewrite_time_sec:-1
aof_last_bgrewrite_status:ok
aof_rewrites:0
aof_rewrites_consecutive_failures:0
aof_last_write_status:ok
aof_last_cow_size:0
module_fork_in_progress:0
module_fork_last_cow_size:0

# Stats
total_connections_received:2
total_commands_processed:8
instantaneous_ops_per_sec:23
total_net_input_bytes:66
total_net_output_bytes:10
total_net_repl_input_bytes:0
total_net_repl_output_bytes:0
instantaneous_input_kbps:0.04
instantaneous_output_kbps:0.01
instantaneous_input_repl_kbps:0.00
instantaneous_output_repl_kbps:0.00
rejected_connections:0
sync_full:0
sync_partial_ok:0
sync_partial_err:0
expired_keys:0
expired_stale_perc:0.00
expired_time_cap_reached_count:0
expire_cycle_cpu_milliseconds:0
evicted_keys:0
evicted_clients:0
total_eviction_exceeded_time:0
current_eviction_exceeded_time:0
keyspace_hits:0
keyspace_misses:0
pubsub_channels:0
pubsub_patterns:0
pubsubshard_channels:0
latest_fork_usec:0
total_forks:0
migrate_cached_sockets:0
slave_expires_tracked_keys:0
active_defrag_hits:0
active_defrag_misses:0
active_defrag_key_hits:0
active_defrag_key_misses:0
total_active_defrag_time:0
current_active_defrag_time:0
tracking_total_keys:0
tracking_total_items:0
tracking_total_prefixes:0
unexpected_error_replies:0
total_error_replies:0
dump_payload_sanitizations:0
total_reads_processed:4
total_writes_processed:2
io_threaded_reads_processed:0
io_threaded_writes_processed:0
reply_buffer_shrinks:1
reply_buffer_expands:0
acl_access_denied_auth:0
acl_access_denied_cmd:0
acl_access_denied_key:0
acl_access_denied_channel:0

# Replication
role:master
connected_slaves:0
master_failover_state:no-failover
master_replid:b1202af2c530d4baa51a99737596323be8a5ee6b
master_replid2:0000000000000000000000000000000000000000
master_repl_offset:0
second_repl_offset:-1
repl_backlog_active:0
repl_backlog_size:1048576
repl_backlog_first_byte_offset:0
repl_backlog_histlen:0

# CPU
used_cpu_sys:0.024499
used_cpu_user:0.019599
used_cpu_sys_children:0.000000
used_cpu_user_children:0.000000
used_cpu_sys_main_thread:0.005153
used_cpu_user_main_thread:0.015460

# Modules
module:name=raft,ver=1,api=1,filters=1,usedby=[],using=[],options=[]

# Commandstats
cmdstat_config|set:calls=1,usec=12,usec_per_call=12.00,rejected_calls=0,failed_calls=0
cmdstat_config|get:calls=3,usec=5,usec_per_call=1.67,rejected_calls=0,failed_calls=0
cmdstat_auth:calls=2,usec=3,usec_per_call=1.50,rejected_calls=0,failed_calls=0
cmdstat_command:calls=2,usec=1472,usec_per_call=736.00,rejected_calls=0,failed_calls=0

# Errorstats

# Latencystats
latency_percentiles_usec_config|set:p50=12.031,p99=12.031,p99.9=12.031
latency_percentiles_usec_config|get:p50=2.007,p99=2.007,p99.9=2.007
latency_percentiles_usec_auth:p50=1.003,p99=2.007,p99.9=2.007
latency_percentiles_usec_command:p50=679.935,p99=798.719,p99.9=798.719

# Cluster
cluster_enabled:0

# Keyspace

------ CLIENT LIST OUTPUT ------

------ MODULES INFO OUTPUT ------
# raft_version
raft_version:255.255.255
raft_git_sha1:b779b199

# raft_general
raft_dbid:9a0f8dbe8d9fff844c55de9a4e258085
raft_node_id:3
raft_state:up
raft_role:pre-candidate
raft_is_voting:no
raft_voted_for:-1
raft_leader_id:-1
raft_current_term:1
raft_num_nodes:3
raft_num_voting_nodes:1
raft_node1:id=1,state=disconnected,voting=yes,addr=localhost,port=5011,last_conn_secs=0,conn_errors=1,conn_oks=1
raft_node2:id=2,state=disconnected,voting=no,addr=localhost,port=5012,last_conn_secs=0,conn_errors=0,conn_oks=1

# raft_log
raft_log_entries:4
raft_current_index:4
raft_commit_index:0
raft_last_applied_index:0
raft_file_size:1187
raft_cache_memory_size:0
raft_cache_entries:0
raft_client_attached_entries:0
raft_fsync_count:0
raft_fsync_max_microseconds:0
raft_entry1:term=1,id=0,data_len=0
raft_entry2:term=1,id=2144577243,data_len=264
raft_entry3:term=1,id=660457721,data_len=264
raft_fsync_avg_microseconds:0

# raft_snapshot
raft_snapshot_filename:redis3.rdb
raft_snapshot_last_idx:0
raft_snapshot_last_term:0
raft_snapshot_size:0
raft_snapshot_time_secs:-1
raft_snapshots_created:0
raft_snapshots_received:0
raft_snapshot_in_progress:no
raft_snapshot_in_progress_last_idx:-1
raft_snapshot_in_progress_last_term:-1

# raft_clients
raft_proxy_reqs:0
raft_proxy_failed_reqs:0
raft_proxy_failed_responses:0
raft_proxy_outstanding_reqs:0

# raft_stats
raft_appendreq_received:0
raft_appendreq_with_entry_received:0
raft_snapshotreq_received:0
raft_exec_throttled:0
raft_num_sessions:0

------ CONFIG DEBUG OUTPUT ------
lazyfree-lazy-eviction no
repl-diskless-sync yes
lazyfree-lazy-user-flush no
slave-read-only yes
client-query-buffer-limit 1gb
activedefrag no
lazyfree-lazy-user-del no
replica-read-only yes
sanitize-dump-payload no
proto-max-bulk-len 512mb
lazyfree-lazy-expire no
lazyfree-lazy-server-del no
list-compress-depth 0
io-threads-do-reads no
repl-diskless-load disabled
io-threads 1

------ FAST MEMORY TEST ------
2538567:M 07 Jan 2024 17:53:28.415 # Bio worker thread #0 terminated
2538567:M 07 Jan 2024 17:53:28.415 # Bio worker thread #1 terminated
2538567:M 07 Jan 2024 17:53:28.415 # Bio worker thread #2 terminated
*** Preparing to test memory region 55aef6a49000 (2273280 bytes)
*** Preparing to test memory region 55aef8a6b000 (405504 bytes)
*** Preparing to test memory region 7f196c000000 (135168 bytes)
*** Preparing to test memory region 7f1970000000 (135168 bytes)
*** Preparing to test memory region 7f1974000000 (135168 bytes)
*** Preparing to test memory region 7f1978000000 (135168 bytes)
*** Preparing to test memory region 7f197c000000 (135168 bytes)
*** Preparing to test memory region 7f1980000000 (4194304 bytes)
*** Preparing to test memory region 7f19805ff000 (8388608 bytes)
*** Preparing to test memory region 7f1981600000 (8388608 bytes)
*** Preparing to test memory region 7f1981ffc000 (8388608 bytes)
*** Preparing to test memory region 7f19827fd000 (8388608 bytes)
*** Preparing to test memory region 7f1982ffe000 (8388608 bytes)
*** Preparing to test memory region 7f19837ff000 (8388608 bytes)
*** Preparing to test memory region 7f1984000000 (8388608 bytes)
*** Preparing to test memory region 7f1984800000 (6291456 bytes)
*** Preparing to test memory region 7f1984ffb000 (8388608 bytes)
*** Preparing to test memory region 7f19857fc000 (8388608 bytes)
*** Preparing to test memory region 7f1985ffd000 (8388608 bytes)
*** Preparing to test memory region 7f19867fe000 (8388608 bytes)
*** Preparing to test memory region 7f1986fff000 (8388608 bytes)
*** Preparing to test memory region 7f1987800000 (8388608 bytes)
*** Preparing to test memory region 7f1988000000 (135168 bytes)
*** Preparing to test memory region 7f198c000000 (4194304 bytes)
*** Preparing to test memory region 7f198c552000 (8388608 bytes)
*** Preparing to test memory region 7f198cd53000 (8388608 bytes)
*** Preparing to test memory region 7f198d554000 (8388608 bytes)
*** Preparing to test memory region 7f198dd55000 (8388608 bytes)
*** Preparing to test memory region 7f198e555000 (2621440 bytes)
*** Preparing to test memory region 7f198e7e4000 (8192 bytes)
*** Preparing to test memory region 7f198ee7f000 (12288 bytes)
*** Preparing to test memory region 7f198f418000 (16384 bytes)
*** Preparing to test memory region 7f198f4fe000 (8192 bytes)
*** Preparing to test memory region 7f198fe00000 (8388608 bytes)
*** Preparing to test memory region 7f1990690000 (4096 bytes)
*** Preparing to test memory region 7f1990761000 (8192 bytes)
*** Preparing to test memory region 7f19907e5000 (45056 bytes)
*** Preparing to test memory region 7f19909c4000 (53248 bytes)
*** Preparing to test memory region 7f1990ae1000 (8192 bytes)
.
----- Stderr -----
libgcov profiling error:/home/snagendra/Fuzzing/redisraft-fuzzing/build/deps/raft/CMakeFiles/raft.dir/src/raft_server.c.gcda:Merge mismatch for function 46
libgcov profiling error:/home/snagendra/Fuzzing/redisraft-fuzzing/build/deps/raft/CMakeFiles/raft.dir/src/raft_server.c.gcda:Merge mismatch for function 46



