logs for node: 1

----- Stdout -----
3416860:C 07 Jan 2024 18:26:14.698 # WARNING Memory overcommit must be enabled! Without it, a background save or replication may fail under low memory condition. Being disabled, it can also cause failures without low memory condition, see https://github.com/jemalloc/jemalloc/issues/1328. To fix this issue add 'vm.overcommit_memory = 1' to /etc/sysctl.conf and then reboot or run the command 'sysctl vm.overcommit_memory=1' for this to take effect.
3416860:C 07 Jan 2024 18:26:14.699 * oO0OoO0OoO0Oo Redis is starting oO0OoO0OoO0Oo
3416860:C 07 Jan 2024 18:26:14.699 * Redis version=255.255.255, bits=64, commit=e04ebdb8, modified=1, pid=3416860, just started
3416860:C 07 Jan 2024 18:26:14.699 * Configuration loaded
3416860:M 07 Jan 2024 18:26:14.699 * monotonic clock: POSIX clock_gettime
3416860:M 07 Jan 2024 18:26:14.699 * Running mode=standalone, port=5081.
3416860:M 07 Jan 2024 18:26:14.706 * <raft> RedisRaft version 255.255.255 [b779b199]
3416860:M 07 Jan 2024 18:26:14.711 * <raft> Initializing test network
3416860:M 07 Jan 2024 18:26:14.711 * <raft> Created test network client
3416860:M 07 Jan 2024 18:26:14.712 * <raft> Raft module loaded, state is 'uninitialized'
3416860:M 07 Jan 2024 18:26:14.712 * Module 'raft' loaded from /home/snagendra/Fuzzing/redisraft-fuzzing/redisraft.so
3416860:M 07 Jan 2024 18:26:14.713 * Server initialized
3416860:M 07 Jan 2024 18:26:14.713 . The AOF directory appendonlydir doesn't exist
3416860:M 07 Jan 2024 18:26:14.714 * Ready to accept connections tcp
3416860:M 07 Jan 2024 18:26:14.714 . 0 clients connected (0 replicas), 1726288 bytes in use
3416860:M 07 Jan 2024 18:26:14.731 - Accepted 127.0.0.1:38654
3416860:M 07 Jan 2024 18:26:14.731 # Missing implement of connection type tls
3416860:M 07 Jan 2024 18:26:14.739 * <raft> Cluster Membership: term:0 index:0 nodes: id=1,voting=0,active=1,addr=-
3416860:M 07 Jan 2024 18:26:14.744 * <raft> State change: Node is now a leader, term 1
3416860:M 07 Jan 2024 18:26:14.744 * <raft> Cluster Membership: term:1 index:1 nodes: id=1,voting=0,active=1,addr=-
3416860:M 07 Jan 2024 18:26:14.745 * <raft> Test network starting message polling thread
3416860:M 07 Jan 2024 18:26:14.745 * <raft> Raft Cluster initialized, node id: 1, dbid: ef13c48d54397a72474e751961823a65
3416860:M 07 Jan 2024 18:26:14.863 - Accepted 127.0.0.1:38656
3416860:M 07 Jan 2024 18:26:14.864 * <raft> Cluster Membership: term:1 index:3 nodes: id=1,voting=1,active=1,addr=- id=2,voting=0,active=1,addr=localhost:5082
3416860:M 07 Jan 2024 18:26:14.871 - Client closed connection id=9 addr=127.0.0.1:38656 laddr=127.0.0.1:5081 fd=12 name= age=0 idle=0 flags=N db=0 sub=0 psub=0 ssub=0 multi=-1 qbuf=0 qbuf-free=20474 argv-mem=0 multi-mem=0 rbs=16384 rbp=16384 obl=0 oll=0 omem=0 tot-mem=37760 events=r cmd=raft.node user=default redir=-1 resp=2 lib-name= lib-ver=
3416860:M 07 Jan 2024 18:26:14.988 - Accepted 127.0.0.1:38658
3416860:M 07 Jan 2024 18:26:14.989 * <raft> Cluster Membership: term:1 index:4 nodes: id=1,voting=1,active=1,addr=- id=2,voting=0,active=1,addr=localhost:5082 id=3,voting=0,active=1,addr=localhost:5083
3416860:M 07 Jan 2024 18:26:14.997 - Client closed connection id=10 addr=127.0.0.1:38658 laddr=127.0.0.1:5081 fd=13 name= age=0 idle=0 flags=N db=0 sub=0 psub=0 ssub=0 multi=-1 qbuf=0 qbuf-free=20474 argv-mem=0 multi-mem=0 rbs=16384 rbp=16384 obl=0 oll=0 omem=0 tot-mem=37760 events=r cmd=raft.node user=default redir=-1 resp=2 lib-name= lib-ver=
3416860:signal-handler (1704648375) Received SIGINT scheduling shutdown...
3416860:signal-handler (1704648375) You insist... exiting now.
3417860:C 07 Jan 2024 18:26:16.948 # WARNING Memory overcommit must be enabled! Without it, a background save or replication may fail under low memory condition. Being disabled, it can also cause failures without low memory condition, see https://github.com/jemalloc/jemalloc/issues/1328. To fix this issue add 'vm.overcommit_memory = 1' to /etc/sysctl.conf and then reboot or run the command 'sysctl vm.overcommit_memory=1' for this to take effect.
3417860:C 07 Jan 2024 18:26:16.948 * oO0OoO0OoO0Oo Redis is starting oO0OoO0OoO0Oo
3417860:C 07 Jan 2024 18:26:16.948 * Redis version=255.255.255, bits=64, commit=e04ebdb8, modified=1, pid=3417860, just started
3417860:C 07 Jan 2024 18:26:16.948 * Configuration loaded
3417860:M 07 Jan 2024 18:26:16.948 * monotonic clock: POSIX clock_gettime
3417860:M 07 Jan 2024 18:26:16.949 * Running mode=standalone, port=5081.
3417860:M 07 Jan 2024 18:26:16.955 * <raft> RedisRaft version 255.255.255 [b779b199]
3417860:M 07 Jan 2024 18:26:16.959 * <raft> Initializing test network
3417860:M 07 Jan 2024 18:26:16.960 * <raft> Created test network client
3417860:M 07 Jan 2024 18:26:16.962 * <raft> Raft module loaded, state is 'loading'
3417860:M 07 Jan 2024 18:26:16.962 * Module 'raft' loaded from /home/snagendra/Fuzzing/redisraft-fuzzing/redisraft.so
3417860:M 07 Jan 2024 18:26:16.963 * Server initialized
3417860:M 07 Jan 2024 18:26:16.963 . The AOF directory appendonlydir doesn't exist
3417860:M 07 Jan 2024 18:26:16.963 * Ready to accept connections tcp
3417860:M 07 Jan 2024 18:26:16.963 . 0 clients connected (0 replicas), 1746688 bytes in use
3417860:M 07 Jan 2024 18:26:17.063 * <raft> Loading: Redis loading complete, snapshot NOT LOADED
3417860:M 07 Jan 2024 18:26:17.063 * <raft> Cluster Membership: term:0 index:0 nodes: id=1,voting=0,active=1,addr=-
3417860:M 07 Jan 2024 18:26:17.064 * <raft> Test network starting message polling thread
3417860:M 07 Jan 2024 18:26:17.064 * <raft> Cluster Membership: term:0 index:4 nodes: id=1,voting=1,active=1,addr=- id=2,voting=0,active=1,addr=localhost:5082
3417860:M 07 Jan 2024 18:26:17.064 * <raft> Cluster Membership: term:0 index:4 nodes: id=1,voting=1,active=1,addr=- id=2,voting=0,active=1,addr=localhost:5082 id=3,voting=0,active=1,addr=localhost:5083
3417860:M 07 Jan 2024 18:26:17.064 * <raft> Raft state after loading log: log_count=4, first_idx=1, current_idx=4, last_applied_idx=0
3417860:M 07 Jan 2024 18:26:17.064 . <raft> Raft term=1, vote=-1
3417860:M 07 Jan 2024 18:26:17.070 * <raft> State change: Node is now a leader, term 2
3417860:M 07 Jan 2024 18:26:17.070 * <raft> Cluster Membership: term:2 index:5 nodes: id=1,voting=1,active=1,addr=- id=2,voting=0,active=1,addr=localhost:5082 id=3,voting=0,active=1,addr=localhost:5083
3417860:M 07 Jan 2024 18:26:17.463 - Accepted 127.0.0.1:38668
3417860:M 07 Jan 2024 18:26:17.463 # Missing implement of connection type tls
3417860:signal-handler (1704648377) Received SIGINT scheduling shutdown...
3417860:signal-handler (1704648377) You insist... exiting now.
3418386:C 07 Jan 2024 18:26:17.876 # WARNING Memory overcommit must be enabled! Without it, a background save or replication may fail under low memory condition. Being disabled, it can also cause failures without low memory condition, see https://github.com/jemalloc/jemalloc/issues/1328. To fix this issue add 'vm.overcommit_memory = 1' to /etc/sysctl.conf and then reboot or run the command 'sysctl vm.overcommit_memory=1' for this to take effect.
3418386:C 07 Jan 2024 18:26:17.876 * oO0OoO0OoO0Oo Redis is starting oO0OoO0OoO0Oo
3418386:C 07 Jan 2024 18:26:17.876 * Redis version=255.255.255, bits=64, commit=e04ebdb8, modified=1, pid=3418386, just started
3418386:C 07 Jan 2024 18:26:17.876 * Configuration loaded
3418386:M 07 Jan 2024 18:26:17.876 * monotonic clock: POSIX clock_gettime
3418386:M 07 Jan 2024 18:26:17.877 * Running mode=standalone, port=5081.
3418386:M 07 Jan 2024 18:26:17.883 * <raft> RedisRaft version 255.255.255 [b779b199]
3418386:M 07 Jan 2024 18:26:17.888 * <raft> Initializing test network
3418386:M 07 Jan 2024 18:26:17.889 * <raft> Created test network client
3418386:M 07 Jan 2024 18:26:17.893 * <raft> Raft module loaded, state is 'loading'
3418386:M 07 Jan 2024 18:26:17.893 * Module 'raft' loaded from /home/snagendra/Fuzzing/redisraft-fuzzing/redisraft.so
3418386:M 07 Jan 2024 18:26:17.894 * Server initialized
3418386:M 07 Jan 2024 18:26:17.894 . The AOF directory appendonlydir doesn't exist
3418386:M 07 Jan 2024 18:26:17.894 * Ready to accept connections tcp
3418386:M 07 Jan 2024 18:26:17.894 . 0 clients connected (0 replicas), 1746720 bytes in use
3418386:signal-handler (1704648377) Received SIGINT scheduling shutdown...
3418386:signal-handler (1704648377) You insist... exiting now.
3418458:C 07 Jan 2024 18:26:18.104 # WARNING Memory overcommit must be enabled! Without it, a background save or replication may fail under low memory condition. Being disabled, it can also cause failures without low memory condition, see https://github.com/jemalloc/jemalloc/issues/1328. To fix this issue add 'vm.overcommit_memory = 1' to /etc/sysctl.conf and then reboot or run the command 'sysctl vm.overcommit_memory=1' for this to take effect.
3418458:C 07 Jan 2024 18:26:18.104 * oO0OoO0OoO0Oo Redis is starting oO0OoO0OoO0Oo
3418458:C 07 Jan 2024 18:26:18.104 * Redis version=255.255.255, bits=64, commit=e04ebdb8, modified=1, pid=3418458, just started
3418458:C 07 Jan 2024 18:26:18.104 * Configuration loaded
3418458:M 07 Jan 2024 18:26:18.105 * monotonic clock: POSIX clock_gettime
3418458:M 07 Jan 2024 18:26:18.105 * Running mode=standalone, port=5081.
3418458:M 07 Jan 2024 18:26:18.112 * <raft> RedisRaft version 255.255.255 [b779b199]
3418458:M 07 Jan 2024 18:26:18.116 * <raft> Initializing test network
3418458:M 07 Jan 2024 18:26:18.117 * <raft> Created test network client
3418458:M 07 Jan 2024 18:26:18.119 * <raft> Raft module loaded, state is 'loading'
3418458:M 07 Jan 2024 18:26:18.119 * Module 'raft' loaded from /home/snagendra/Fuzzing/redisraft-fuzzing/redisraft.so
3418458:M 07 Jan 2024 18:26:18.119 * Server initialized
3418458:M 07 Jan 2024 18:26:18.119 . The AOF directory appendonlydir doesn't exist
3418458:M 07 Jan 2024 18:26:18.119 * Ready to accept connections tcp
3418458:M 07 Jan 2024 18:26:18.119 . 0 clients connected (0 replicas), 1746720 bytes in use
3418458:signal-handler (1704648378) Received SIGINT scheduling shutdown...
3418458:signal-handler (1704648378) You insist... exiting now.

----- Stderr -----
libgcov profiling error:/home/snagendra/Fuzzing/redisraft-fuzzing/build/deps/raft/CMakeFiles/raft.dir/src/raft_server.c.gcda:Merge mismatch for function 46
libgcov profiling error:/home/snagendra/Fuzzing/redisraft-fuzzing/build/deps/raft/CMakeFiles/raft.dir/src/raft_server.c.gcda:Merge mismatch for function 46
libgcov profiling error:/home/snagendra/Fuzzing/redisraft-fuzzing/build/deps/raft/CMakeFiles/raft.dir/src/raft_server.c.gcda:Merge mismatch for function 46
libgcov profiling error:/home/snagendra/Fuzzing/redisraft-fuzzing/build/deps/raft/CMakeFiles/raft.dir/src/raft_server.c.gcda:Merge mismatch for function 46




logs for node: 2

----- Stdout -----
3416877:C 07 Jan 2024 18:26:14.748 # WARNING Memory overcommit must be enabled! Without it, a background save or replication may fail under low memory condition. Being disabled, it can also cause failures without low memory condition, see https://github.com/jemalloc/jemalloc/issues/1328. To fix this issue add 'vm.overcommit_memory = 1' to /etc/sysctl.conf and then reboot or run the command 'sysctl vm.overcommit_memory=1' for this to take effect.
3416877:C 07 Jan 2024 18:26:14.748 * oO0OoO0OoO0Oo Redis is starting oO0OoO0OoO0Oo
3416877:C 07 Jan 2024 18:26:14.748 * Redis version=255.255.255, bits=64, commit=e04ebdb8, modified=1, pid=3416877, just started
3416877:C 07 Jan 2024 18:26:14.748 * Configuration loaded
3416877:M 07 Jan 2024 18:26:14.748 * monotonic clock: POSIX clock_gettime
3416877:M 07 Jan 2024 18:26:14.749 * Running mode=standalone, port=5082.
3416877:M 07 Jan 2024 18:26:14.755 * <raft> RedisRaft version 255.255.255 [b779b199]
3416877:M 07 Jan 2024 18:26:14.760 * <raft> Initializing test network
3416877:M 07 Jan 2024 18:26:14.761 * <raft> Created test network client
3416877:M 07 Jan 2024 18:26:14.762 * <raft> Raft module loaded, state is 'uninitialized'
3416877:M 07 Jan 2024 18:26:14.762 * Module 'raft' loaded from /home/snagendra/Fuzzing/redisraft-fuzzing/redisraft.so
3416877:M 07 Jan 2024 18:26:14.762 * Server initialized
3416877:M 07 Jan 2024 18:26:14.763 . The AOF directory appendonlydir doesn't exist
3416877:M 07 Jan 2024 18:26:14.763 * Ready to accept connections tcp
3416877:M 07 Jan 2024 18:26:14.763 . 0 clients connected (0 replicas), 1726192 bytes in use
3416877:M 07 Jan 2024 18:26:14.769 - Accepted 127.0.0.1:51886
3416877:M 07 Jan 2024 18:26:14.769 # Missing implement of connection type tls
3416877:M 07 Jan 2024 18:26:14.862 - <raft> join cluster, connecting to localhost:5081
3416877:M 07 Jan 2024 18:26:14.864 * <raft> Joined Raft cluster, node id: 2, dbid: ef13c48d54397a72474e751961823a65
3416877:M 07 Jan 2024 18:26:14.871 * <raft> Cluster Membership: term:0 index:0 nodes: id=2,voting=0,active=1,addr=-
3416877:M 07 Jan 2024 18:26:14.871 * <raft> Test network starting message polling thread
3416877:M 07 Jan 2024 18:26:14.914 - Accepted 127.0.0.1:51898
3416877:signal-handler (1704648374) Received SIGINT scheduling shutdown...
3417296:C 07 Jan 2024 18:26:15.879 # WARNING Memory overcommit must be enabled! Without it, a background save or replication may fail under low memory condition. Being disabled, it can also cause failures without low memory condition, see https://github.com/jemalloc/jemalloc/issues/1328. To fix this issue add 'vm.overcommit_memory = 1' to /etc/sysctl.conf and then reboot or run the command 'sysctl vm.overcommit_memory=1' for this to take effect.
3417296:C 07 Jan 2024 18:26:15.879 * oO0OoO0OoO0Oo Redis is starting oO0OoO0OoO0Oo
3417296:C 07 Jan 2024 18:26:15.879 * Redis version=255.255.255, bits=64, commit=e04ebdb8, modified=1, pid=3417296, just started
3417296:C 07 Jan 2024 18:26:15.879 * Configuration loaded
3417296:M 07 Jan 2024 18:26:15.880 * monotonic clock: POSIX clock_gettime
3417296:M 07 Jan 2024 18:26:15.880 * Running mode=standalone, port=5082.
3417296:M 07 Jan 2024 18:26:15.886 * <raft> RedisRaft version 255.255.255 [b779b199]
3417296:M 07 Jan 2024 18:26:15.891 * <raft> Initializing test network
3417296:M 07 Jan 2024 18:26:15.891 * <raft> Created test network client
3417296:M 07 Jan 2024 18:26:15.892 * <raft> Raft module loaded, state is 'uninitialized'
3417296:M 07 Jan 2024 18:26:15.892 * Module 'raft' loaded from /home/snagendra/Fuzzing/redisraft-fuzzing/redisraft.so
3417296:M 07 Jan 2024 18:26:15.892 * Server initialized
3417296:M 07 Jan 2024 18:26:15.892 . The AOF directory appendonlydir doesn't exist
3417296:M 07 Jan 2024 18:26:15.892 * Ready to accept connections tcp
3417296:M 07 Jan 2024 18:26:15.892 . 0 clients connected (0 replicas), 1726224 bytes in use
3417296:M 07 Jan 2024 18:26:17.071 - Accepted 127.0.0.1:51934
3417296:M 07 Jan 2024 18:26:17.071 # Missing implement of connection type tls
3417296:M 07 Jan 2024 18:26:17.629 - Client closed connection id=8 addr=127.0.0.1:51934 laddr=127.0.0.1:5082 fd=9 name= age=0 idle=0 flags=N db=0 sub=0 psub=0 ssub=0 multi=-1 qbuf=0 qbuf-free=20474 argv-mem=0 multi-mem=0 rbs=1024 rbp=0 obl=0 oll=0 omem=0 tot-mem=22400 events=r cmd=auth user=default redir=-1 resp=2 lib-name= lib-ver=
3417296:signal-handler (1704648378) Received SIGINT scheduling shutdown...
3417296:signal-handler (1704648378) You insist... exiting now.

----- Stderr -----
libgcov profiling error:/home/snagendra/Fuzzing/redisraft-fuzzing/build/deps/raft/CMakeFiles/raft.dir/src/raft_server.c.gcda:Merge mismatch for function 46




logs for node: 3

----- Stdout -----
3416901:C 07 Jan 2024 18:26:14.874 # WARNING Memory overcommit must be enabled! Without it, a background save or replication may fail under low memory condition. Being disabled, it can also cause failures without low memory condition, see https://github.com/jemalloc/jemalloc/issues/1328. To fix this issue add 'vm.overcommit_memory = 1' to /etc/sysctl.conf and then reboot or run the command 'sysctl vm.overcommit_memory=1' for this to take effect.
3416901:C 07 Jan 2024 18:26:14.874 * oO0OoO0OoO0Oo Redis is starting oO0OoO0OoO0Oo
3416901:C 07 Jan 2024 18:26:14.874 * Redis version=255.255.255, bits=64, commit=e04ebdb8, modified=1, pid=3416901, just started
3416901:C 07 Jan 2024 18:26:14.874 * Configuration loaded
3416901:M 07 Jan 2024 18:26:14.875 * monotonic clock: POSIX clock_gettime
3416901:M 07 Jan 2024 18:26:14.875 * Running mode=standalone, port=5083.
3416901:M 07 Jan 2024 18:26:14.881 * <raft> RedisRaft version 255.255.255 [b779b199]
3416901:M 07 Jan 2024 18:26:14.886 * <raft> Initializing test network
3416901:M 07 Jan 2024 18:26:14.887 * <raft> Created test network client
3416901:M 07 Jan 2024 18:26:14.888 * <raft> Raft module loaded, state is 'uninitialized'
3416901:M 07 Jan 2024 18:26:14.888 * Module 'raft' loaded from /home/snagendra/Fuzzing/redisraft-fuzzing/redisraft.so
3416901:M 07 Jan 2024 18:26:14.888 * Server initialized
3416901:M 07 Jan 2024 18:26:14.889 . The AOF directory appendonlydir doesn't exist
3416901:M 07 Jan 2024 18:26:14.889 * Ready to accept connections tcp
3416901:M 07 Jan 2024 18:26:14.889 - Accepted 127.0.0.1:60086
3416901:M 07 Jan 2024 18:26:14.889 # Missing implement of connection type tls
3416901:M 07 Jan 2024 18:26:14.889 . 1 clients connected (0 replicas), 1744152 bytes in use
3416901:M 07 Jan 2024 18:26:14.988 - <raft> join cluster, connecting to localhost:5081
3416901:M 07 Jan 2024 18:26:14.990 * <raft> Joined Raft cluster, node id: 3, dbid: ef13c48d54397a72474e751961823a65
3416901:M 07 Jan 2024 18:26:14.997 * <raft> Cluster Membership: term:0 index:0 nodes: id=3,voting=0,active=1,addr=-
3416901:M 07 Jan 2024 18:26:14.997 * <raft> Test network starting message polling thread
3416901:M 07 Jan 2024 18:26:15.015 - Accepted 127.0.0.1:60102
3416901:M 07 Jan 2024 18:26:15.277 - Client closed connection id=9 addr=127.0.0.1:60102 laddr=127.0.0.1:5083 fd=10 name= age=0 idle=0 flags=N db=0 sub=0 psub=0 ssub=0 multi=-1 qbuf=0 qbuf-free=20474 argv-mem=0 multi-mem=0 rbs=1024 rbp=0 obl=0 oll=0 omem=0 tot-mem=22400 events=r cmd=auth user=default redir=-1 resp=2 lib-name= lib-ver=
3416901:M 07 Jan 2024 18:26:15.389 * <raft> State change: Election starting, node is now a pre-candidate, term 1
3416901:M 07 Jan 2024 18:26:15.389 * <raft> Cluster Membership: term:1 index:0 nodes: id=3,voting=0,active=1,addr=-
3416901:signal-handler (1704648375) Received SIGINT scheduling shutdown...
3416901:signal-handler (1704648375) Received SIGINT scheduling shutdown...
3418000:C 07 Jan 2024 18:26:17.252 # WARNING Memory overcommit must be enabled! Without it, a background save or replication may fail under low memory condition. Being disabled, it can also cause failures without low memory condition, see https://github.com/jemalloc/jemalloc/issues/1328. To fix this issue add 'vm.overcommit_memory = 1' to /etc/sysctl.conf and then reboot or run the command 'sysctl vm.overcommit_memory=1' for this to take effect.
3418000:C 07 Jan 2024 18:26:17.252 * oO0OoO0OoO0Oo Redis is starting oO0OoO0OoO0Oo
3418000:C 07 Jan 2024 18:26:17.252 * Redis version=255.255.255, bits=64, commit=e04ebdb8, modified=1, pid=3418000, just started
3418000:C 07 Jan 2024 18:26:17.252 * Configuration loaded
3418000:M 07 Jan 2024 18:26:17.252 * monotonic clock: POSIX clock_gettime
3418000:M 07 Jan 2024 18:26:17.253 * Running mode=standalone, port=5083.
3418000:M 07 Jan 2024 18:26:17.259 * <raft> RedisRaft version 255.255.255 [b779b199]
3418000:M 07 Jan 2024 18:26:17.264 * <raft> Initializing test network
3418000:M 07 Jan 2024 18:26:17.264 * <raft> Created test network client
3418000:M 07 Jan 2024 18:26:17.267 * <raft> Raft module loaded, state is 'loading'
3418000:M 07 Jan 2024 18:26:17.267 * Module 'raft' loaded from /home/snagendra/Fuzzing/redisraft-fuzzing/redisraft.so
3418000:M 07 Jan 2024 18:26:17.268 * Server initialized
3418000:M 07 Jan 2024 18:26:17.268 . The AOF directory appendonlydir doesn't exist
3418000:M 07 Jan 2024 18:26:17.268 * Ready to accept connections tcp
3418000:M 07 Jan 2024 18:26:17.268 . 0 clients connected (0 replicas), 1746688 bytes in use
3418000:M 07 Jan 2024 18:26:17.271 - Accepted 127.0.0.1:60114
3418000:M 07 Jan 2024 18:26:17.271 # Missing implement of connection type tls
3418000:M 07 Jan 2024 18:26:17.367 * <raft> Loading: Redis loading complete, snapshot NOT LOADED
3418000:M 07 Jan 2024 18:26:17.368 * <raft> Cluster Membership: term:0 index:0 nodes: id=3,voting=0,active=1,addr=-
3418000:M 07 Jan 2024 18:26:17.368 * <raft> Test network starting message polling thread


=== REDIS BUG REPORT START: Cut & paste starting from here ===
3418000:M 07 Jan 2024 18:26:17.368 # Redis 255.255.255 crashed by signal: 6, si_code: -6
3418000:M 07 Jan 2024 18:26:17.368 # Crashed running the instruction at: 0x7f4d3ae38d3c

------ STACK TRACE ------
EIP:
/lib/x86_64-linux-gnu/libc.so.6(+0x8ad3c)[0x7f4d3ae38d3c]

Backtrace:
/lib/x86_64-linux-gnu/libc.so.6(+0x3bfd0)[0x7f4d3ade9fd0]
/lib/x86_64-linux-gnu/libc.so.6(+0x8ad3c)[0x7f4d3ae38d3c]
/lib/x86_64-linux-gnu/libc.so.6(gsignal+0x12)[0x7f4d3ade9f32]
/lib/x86_64-linux-gnu/libc.so.6(abort+0xd3)[0x7f4d3add4472]
/lib/x86_64-linux-gnu/libc.so.6(+0x26395)[0x7f4d3add4395]
/lib/x86_64-linux-gnu/libc.so.6(+0x34e32)[0x7f4d3ade2e32]
/home/snagendra/Fuzzing/redisraft-fuzzing/redisraft.so(+0x3caea)[0x7f4d3ad5daea]
/home/snagendra/Fuzzing/redisraft-fuzzing/redisraft.so(callRaftPeriodic+0x478)[0x7f4d3ad4e088]
/home/snagendra/Fuzzing/redis/src/redis-server 0.0.0.0:5083(moduleTimerHandler+0x21c)[0x55dfe313e98c]
/home/snagendra/Fuzzing/redis/src/redis-server 0.0.0.0:5083(+0x81705)[0x55dfe3048705]
/home/snagendra/Fuzzing/redis/src/redis-server 0.0.0.0:5083(aeMain+0x1c8)[0x55dfe3052cb8]
/home/snagendra/Fuzzing/redis/src/redis-server 0.0.0.0:5083(main+0x3cd)[0x55dfe3047e2d]
/lib/x86_64-linux-gnu/libc.so.6(+0x271ca)[0x7f4d3add51ca]
/lib/x86_64-linux-gnu/libc.so.6(__libc_start_main+0x85)[0x7f4d3add5285]
/home/snagendra/Fuzzing/redis/src/redis-server 0.0.0.0:5083(_start+0x2a)[0x55dfe30485aa]

------ REGISTERS ------
3418000:M 07 Jan 2024 18:26:17.369 # 
RAX:0000000000000000 RBX:0000000000342790
RCX:00007f4d3ae38d3c RDX:0000000000000006
RDI:0000000000342790 RSI:0000000000342790
RBP:00007f4d3adaa1c0 RSP:00007ffff71cfd90
R8 :0000000000000007 R9 :000055dfe49126b0
R10:0000000000000008 R11:0000000000000246
R12:0000000000000006 R13:00000000000006a6
R14:00007f4d3ad8a05c R15:000055dfe313d2b0
RIP:00007f4d3ae38d3c EFL:0000000000000246
CSGSFS:002b000000000033
3418000:M 07 Jan 2024 18:26:17.369 # (00007ffff71cfd9f) -> 000055dfe4912760
3418000:M 07 Jan 2024 18:26:17.369 # (00007ffff71cfd9e) -> 00007f4d3af80c60
3418000:M 07 Jan 2024 18:26:17.369 # (00007ffff71cfd9d) -> 0000000000000421
3418000:M 07 Jan 2024 18:26:17.369 # (00007ffff71cfd9c) -> 000055dfe49126b0
3418000:M 07 Jan 2024 18:26:17.369 # (00007ffff71cfd9b) -> 00000000000006a6
3418000:M 07 Jan 2024 18:26:17.369 # (00007ffff71cfd9a) -> 0000000000000020
3418000:M 07 Jan 2024 18:26:17.369 # (00007ffff71cfd99) -> 00007f4d3add4472
3418000:M 07 Jan 2024 18:26:17.369 # (00007ffff71cfd98) -> 00007f4d3af81e70
3418000:M 07 Jan 2024 18:26:17.369 # (00007ffff71cfd97) -> 00007f4d3ade9f32
3418000:M 07 Jan 2024 18:26:17.369 # (00007ffff71cfd96) -> 00007f4d3ad8a05c
3418000:M 07 Jan 2024 18:26:17.369 # (00007ffff71cfd95) -> 00000000000006a6
3418000:M 07 Jan 2024 18:26:17.369 # (00007ffff71cfd94) -> 00007f4d3ad89720
3418000:M 07 Jan 2024 18:26:17.369 # (00007ffff71cfd93) -> 00007f4d3adaa1c0
3418000:M 07 Jan 2024 18:26:17.369 # (00007ffff71cfd92) -> 0000000000000006
3418000:M 07 Jan 2024 18:26:17.369 # (00007ffff71cfd91) -> cbd6bf05b1148d00
3418000:M 07 Jan 2024 18:26:17.369 # (00007ffff71cfd90) -> 000055dfe313d2b0

------ INFO OUTPUT ------
# Server
redis_version:255.255.255
redis_git_sha1:e04ebdb8
redis_git_dirty:1
redis_build_id:1f78dcc7b4fbdd25
redis_mode:standalone
os:Linux 6.1.60.1.amd64-smp x86_64
arch_bits:64
monotonic_clock:POSIX clock_gettime
multiplexing_api:epoll
atomicvar_api:c11-builtin
gcc_version:10.2.1
process_id:3418000
process_supervised:no
run_id:d55687752850f64a589571e17df1528776373988
tcp_port:5083
server_time_usec:1704648377367826
uptime_in_seconds:0
uptime_in_days:0
hz:10
configured_hz:10
lru_clock:10149561
executable:/home/snagendra/Fuzzing/redis/src/redis-server
config_file:
io_threads_active:0
listener0:name=tcp,bind=0.0.0.0,port=5083

# Clients
connected_clients:1
cluster_connections:0
maxclients:10000
client_recent_max_input_buffer:0
client_recent_max_output_buffer:0
blocked_clients:0
tracking_clients:0
clients_in_timeout_table:0
total_blocking_keys:0
total_blocking_keys_on_nokey:0

# Memory
used_memory:1816896
used_memory_human:1.73M
used_memory_rss:17649664
used_memory_rss_human:16.83M
used_memory_peak:1816896
used_memory_peak_human:1.73M
used_memory_peak_perc:100.39%
used_memory_overhead:1746728
used_memory_startup:1746544
used_memory_dataset:70168
used_memory_dataset_perc:99.74%
allocator_allocated:2052664
allocator_active:2572288
allocator_resident:10813440
total_system_memory:270388695040
total_system_memory_human:251.82G
used_memory_lua:31744
used_memory_vm_eval:31744
used_memory_lua_human:31.00K
used_memory_scripts_eval:0
number_of_cached_scripts:0
number_of_functions:0
number_of_libraries:0
used_memory_vm_functions:32768
used_memory_vm_total:64512
used_memory_vm_total_human:63.00K
used_memory_functions:184
used_memory_scripts:184
used_memory_scripts_human:184B
maxmemory:0
maxmemory_human:0B
maxmemory_policy:noeviction
allocator_frag_ratio:1.25
allocator_frag_bytes:519624
allocator_rss_ratio:4.20
allocator_rss_bytes:8241152
rss_overhead_ratio:1.63
rss_overhead_bytes:6836224
mem_fragmentation_ratio:10.10
mem_fragmentation_bytes:15902976
mem_not_counted_for_evict:0
mem_replication_backlog:0
mem_total_replication_buffers:0
mem_clients_slaves:0
mem_clients_normal:0
mem_cluster_links:0
mem_aof_buffer:0
mem_allocator:jemalloc-5.3.0
active_defrag_running:0
lazyfree_pending_objects:0
lazyfreed_objects:0

# Persistence
loading:0
async_loading:0
current_cow_peak:0
current_cow_size:0
current_cow_size_age:0
current_fork_perc:0.00
current_save_keys_processed:0
current_save_keys_total:0
rdb_changes_since_last_save:0
rdb_bgsave_in_progress:0
rdb_last_save_time:1704648377
rdb_last_bgsave_status:ok
rdb_last_bgsave_time_sec:-1
rdb_current_bgsave_time_sec:-1
rdb_saves:0
rdb_last_cow_size:0
rdb_last_load_keys_expired:0
rdb_last_load_keys_loaded:0
aof_enabled:0
aof_rewrite_in_progress:0
aof_rewrite_scheduled:0
aof_last_rewrite_time_sec:-1
aof_current_rewrite_time_sec:-1
aof_last_bgrewrite_status:ok
aof_rewrites:0
aof_rewrites_consecutive_failures:0
aof_last_write_status:ok
aof_last_cow_size:0
module_fork_in_progress:0
module_fork_last_cow_size:0

# Stats
total_connections_received:1
total_commands_processed:7
instantaneous_ops_per_sec:23
total_net_input_bytes:33
total_net_output_bytes:5
total_net_repl_input_bytes:0
total_net_repl_output_bytes:0
instantaneous_input_kbps:0.00
instantaneous_output_kbps:0.00
instantaneous_input_repl_kbps:0.00
instantaneous_output_repl_kbps:0.00
rejected_connections:0
sync_full:0
sync_partial_ok:0
sync_partial_err:0
expired_keys:0
expired_stale_perc:0.00
expired_time_cap_reached_count:0
expire_cycle_cpu_milliseconds:0
evicted_keys:0
evicted_clients:0
total_eviction_exceeded_time:0
current_eviction_exceeded_time:0
keyspace_hits:0
keyspace_misses:0
pubsub_channels:0
pubsub_patterns:0
pubsubshard_channels:0
latest_fork_usec:0
total_forks:0
migrate_cached_sockets:0
slave_expires_tracked_keys:0
active_defrag_hits:0
active_defrag_misses:0
active_defrag_key_hits:0
active_defrag_key_misses:0
total_active_defrag_time:0
current_active_defrag_time:0
tracking_total_keys:0
tracking_total_items:0
tracking_total_prefixes:0
unexpected_error_replies:0
total_error_replies:0
dump_payload_sanitizations:0
total_reads_processed:1
total_writes_processed:1
io_threaded_reads_processed:0
io_threaded_writes_processed:0
reply_buffer_shrinks:0
reply_buffer_expands:0
acl_access_denied_auth:0
acl_access_denied_cmd:0
acl_access_denied_key:0
acl_access_denied_channel:0

# Replication
role:master
connected_slaves:0
master_failover_state:no-failover
master_replid:a4f4acaebfe3c4e5c8b425fc3611b8dac7541944
master_replid2:0000000000000000000000000000000000000000
master_repl_offset:0
second_repl_offset:-1
repl_backlog_active:0
repl_backlog_size:1048576
repl_backlog_first_byte_offset:0
repl_backlog_histlen:0

# CPU
used_cpu_sys:0.000000
used_cpu_user:0.018450
used_cpu_sys_children:0.000000
used_cpu_user_children:0.000000
used_cpu_sys_main_thread:0.000000
used_cpu_user_main_thread:0.017140

# Modules
module:name=raft,ver=1,api=1,filters=1,usedby=[],using=[],options=[]

# Commandstats
cmdstat_auth:calls=1,usec=2,usec_per_call=2.00,rejected_calls=0,failed_calls=0
cmdstat_command:calls=2,usec=1476,usec_per_call=738.00,rejected_calls=0,failed_calls=0
cmdstat_config|get:calls=3,usec=5,usec_per_call=1.67,rejected_calls=0,failed_calls=0
cmdstat_config|set:calls=1,usec=11,usec_per_call=11.00,rejected_calls=0,failed_calls=0

# Errorstats

# Latencystats
latency_percentiles_usec_auth:p50=2.007,p99=2.007,p99.9=2.007
latency_percentiles_usec_command:p50=708.607,p99=770.047,p99.9=770.047
latency_percentiles_usec_config|get:p50=2.007,p99=2.007,p99.9=2.007
latency_percentiles_usec_config|set:p50=11.007,p99=11.007,p99.9=11.007

# Cluster
cluster_enabled:0

# Keyspace

------ CLIENT LIST OUTPUT ------
id=8 addr=127.0.0.1:60114 laddr=127.0.0.1:5083 fd=11 name= age=0 idle=0 flags=N db=0 sub=0 psub=0 ssub=0 multi=-1 qbuf=0 qbuf-free=20474 argv-mem=0 multi-mem=0 rbs=16384 rbp=16384 obl=0 oll=0 omem=0 tot-mem=37760 events=r cmd=auth user=default redir=-1 resp=2 lib-name= lib-ver=

------ MODULES INFO OUTPUT ------
# raft_version
raft_version:255.255.255
raft_git_sha1:b779b199

# raft_general
raft_dbid:ef13c48d54397a72474e751961823a65
raft_node_id:3
raft_state:up
raft_role:follower
raft_is_voting:no
raft_voted_for:-1
raft_leader_id:-1
raft_current_term:0
raft_num_nodes:1
raft_num_voting_nodes:0

# raft_log
raft_log_entries:0
raft_current_index:0
raft_commit_index:0
raft_last_applied_index:0
raft_file_size:101
raft_cache_memory_size:0
raft_cache_entries:0
raft_client_attached_entries:0
raft_fsync_count:0
raft_fsync_max_microseconds:0
raft_fsync_avg_microseconds:0

# raft_snapshot
raft_snapshot_filename:redis3.rdb
raft_snapshot_last_idx:0
raft_snapshot_last_term:0
raft_snapshot_size:0
raft_snapshot_time_secs:-1
raft_snapshots_created:0
raft_snapshots_received:0
raft_snapshot_in_progress:no
raft_snapshot_in_progress_last_idx:-1
raft_snapshot_in_progress_last_term:-1

# raft_clients
raft_proxy_reqs:0
raft_proxy_failed_reqs:0
raft_proxy_failed_responses:0
raft_proxy_outstanding_reqs:0

# raft_stats
raft_appendreq_received:0
raft_appendreq_with_entry_received:0
raft_snapshotreq_received:0
raft_exec_throttled:0
raft_num_sessions:0

------ CONFIG DEBUG OUTPUT ------
io-threads-do-reads no
repl-diskless-sync yes
lazyfree-lazy-user-flush no
io-threads 1
lazyfree-lazy-eviction no
lazyfree-lazy-server-del no
lazyfree-lazy-user-del no
repl-diskless-load disabled
sanitize-dump-payload no
slave-read-only yes
list-compress-depth 0
proto-max-bulk-len 512mb
client-query-buffer-limit 1gb
activedefrag no
lazyfree-lazy-expire no
replica-read-only yes

------ FAST MEMORY TEST ------
3418000:M 07 Jan 2024 18:26:17.369 # Bio worker thread #0 terminated
3418000:M 07 Jan 2024 18:26:17.369 # Bio worker thread #1 terminated
3418000:M 07 Jan 2024 18:26:17.369 # Bio worker thread #2 terminated
*** Preparing to test memory region 55dfe331e000 (2273280 bytes)
*** Preparing to test memory region 55dfe48bd000 (405504 bytes)
*** Preparing to test memory region 7f4d18000000 (135168 bytes)
*** Preparing to test memory region 7f4d20000000 (135168 bytes)
*** Preparing to test memory region 7f4d257fe000 (8388608 bytes)
*** Preparing to test memory region 7f4d28000000 (135168 bytes)
*** Preparing to test memory region 7f4d2d400000 (2097152 bytes)
*** Preparing to test memory region 7f4d2d7fe000 (8388608 bytes)
*** Preparing to test memory region 7f4d2dfff000 (8388608 bytes)
*** Preparing to test memory region 7f4d2e800000 (8388608 bytes)
*** Preparing to test memory region 7f4d2f000000 (6291456 bytes)
*** Preparing to test memory region 7f4d2f7f8000 (8388608 bytes)
*** Preparing to test memory region 7f4d2fff9000 (8388608 bytes)
*** Preparing to test memory region 7f4d307fa000 (8388608 bytes)
*** Preparing to test memory region 7f4d30ffb000 (8388608 bytes)
*** Preparing to test memory region 7f4d317fc000 (8388608 bytes)
*** Preparing to test memory region 7f4d31ffd000 (8388608 bytes)
*** Preparing to test memory region 7f4d327fe000 (8388608 bytes)
*** Preparing to test memory region 7f4d32fff000 (8388608 bytes)
*** Preparing to test memory region 7f4d33800000 (8388608 bytes)
*** Preparing to test memory region 7f4d34000000 (135168 bytes)
*** Preparing to test memory region 7f4d380ed000 (2097152 bytes)
*** Preparing to test memory region 7f4d38315000 (8388608 bytes)
*** Preparing to test memory region 7f4d38b15000 (2621440 bytes)
*** Preparing to test memory region 7f4d38da4000 (8192 bytes)
*** Preparing to test memory region 7f4d3947f000 (12288 bytes)
*** Preparing to test memory region 7f4d39a18000 (16384 bytes)
*** Preparing to test memory region 7f4d39acd000 (8192 bytes)
*** Preparing to test memory region 7f4d3a400000 (8388608 bytes)
*** Preparing to test memory region 7f4d3ac4e000 (4096 bytes)
*** Preparing to test memory region 7f4d3ad1e000 (12288 bytes)
*** Preparing to test memory region 7f4d3ada3000 (45056 bytes)
*** Preparing to test memory region 7f4d3af82000 (53248 bytes)
*** Preparing to test memory region 7f4d3b09f000 (8192 bytes)
.O.O.O.O.O.O.O.O.O.O.O.O.O.O.O.O.O.O.O.O.O.O.O.O.O.O.O.O.O.O.O.O.O.O
Fast memory test PASSED, however your memory can still be broken. Please run a memory test for several hours if possible.

------ DUMPING CODE AROUND EIP ------
Symbol: (null) (base: (nil))
Module: /lib/x86_64-linux-gnu/libc.so.6 (base 0x7f4d3adae000)
$ xxd -r -p /tmp/dump.hex /tmp/dump.bin
$ objdump --adjust-vma=(nil) -D -b binary -m i386:x86-64 /tmp/dump.bin
------

=== REDIS BUG REPORT END. Make sure to include from START to END. ===

       Please report the crash by opening an issue on github:

           http://github.com/redis/redis/issues

  If a Redis module was involved, please open in the module's repo instead.

  Suspect RAM error? Use redis-server --test-memory to verify it.

  Some other issues could be detected by redis-server --check-system

----- Stderr -----
redis-server: /home/snagendra/Fuzzing/redisraft-fuzzing/deps/raft/src/raft_server.c:1702: raft_get_first_entry_idx: Assertion `0 < raft_get_current_idx(me)' failed.



