logs for node: 3

----- Stdout -----
3009493:C 07 Jan 2024 18:11:02.262 # WARNING Memory overcommit must be enabled! Without it, a background save or replication may fail under low memory condition. Being disabled, it can also cause failures without low memory condition, see https://github.com/jemalloc/jemalloc/issues/1328. To fix this issue add 'vm.overcommit_memory = 1' to /etc/sysctl.conf and then reboot or run the command 'sysctl vm.overcommit_memory=1' for this to take effect.
3009493:C 07 Jan 2024 18:11:02.262 * oO0OoO0OoO0Oo Redis is starting oO0OoO0OoO0Oo
3009493:C 07 Jan 2024 18:11:02.262 * Redis version=255.255.255, bits=64, commit=e04ebdb8, modified=1, pid=3009493, just started
3009493:C 07 Jan 2024 18:11:02.262 * Configuration loaded
3009493:M 07 Jan 2024 18:11:02.263 * monotonic clock: POSIX clock_gettime
3009493:M 07 Jan 2024 18:11:02.263 * Running mode=standalone, port=5093.
3009493:M 07 Jan 2024 18:11:02.269 * <raft> RedisRaft version 255.255.255 [b779b199]
3009493:M 07 Jan 2024 18:11:02.274 * <raft> Initializing test network
3009493:M 07 Jan 2024 18:11:02.275 * <raft> Created test network client
3009493:M 07 Jan 2024 18:11:02.276 * <raft> Raft module loaded, state is 'uninitialized'
3009493:M 07 Jan 2024 18:11:02.276 * Module 'raft' loaded from /home/snagendra/Fuzzing/redisraft-fuzzing/redisraft.so
3009493:M 07 Jan 2024 18:11:02.276 * Server initialized
3009493:M 07 Jan 2024 18:11:02.277 . The AOF directory appendonlydir doesn't exist
3009493:M 07 Jan 2024 18:11:02.277 * Ready to accept connections tcp
3009493:M 07 Jan 2024 18:11:02.277 . 0 clients connected (0 replicas), 1726160 bytes in use
3009493:M 07 Jan 2024 18:11:02.278 - Accepted 127.0.0.1:51134
3009493:M 07 Jan 2024 18:11:02.278 # Missing implement of connection type tls
3009493:M 07 Jan 2024 18:11:02.376 - <raft> join cluster, connecting to localhost:5091
3009493:M 07 Jan 2024 18:11:02.378 * <raft> Joined Raft cluster, node id: 3, dbid: 4c46bc3310bc3fa0bafb45d02cf6b67c
3009493:M 07 Jan 2024 18:11:02.384 * <raft> Cluster Membership: term:0 index:0 nodes: id=3,voting=0,active=1,addr=-
3009493:M 07 Jan 2024 18:11:02.384 * <raft> Test network starting message polling thread
3009493:M 07 Jan 2024 18:11:02.407 - Accepted 127.0.0.1:51142
3009493:M 07 Jan 2024 18:11:02.423 * <raft> Cluster Membership: term:1 index:2 nodes: id=3,voting=0,active=1,addr=- id=1,voting=1,active=1,addr=localhost:5091
3009493:M 07 Jan 2024 18:11:02.424 * <raft> Cluster Membership: term:1 index:3 nodes: id=3,voting=0,active=1,addr=- id=1,voting=1,active=1,addr=localhost:5091 id=2,voting=0,active=1,addr=localhost:5092
3009493:signal-handler (1704647462) Received SIGINT scheduling shutdown...
3009493:signal-handler (1704647462) You insist... exiting now.
3010054:C 07 Jan 2024 18:11:03.808 # WARNING Memory overcommit must be enabled! Without it, a background save or replication may fail under low memory condition. Being disabled, it can also cause failures without low memory condition, see https://github.com/jemalloc/jemalloc/issues/1328. To fix this issue add 'vm.overcommit_memory = 1' to /etc/sysctl.conf and then reboot or run the command 'sysctl vm.overcommit_memory=1' for this to take effect.
3010054:C 07 Jan 2024 18:11:03.808 * oO0OoO0OoO0Oo Redis is starting oO0OoO0OoO0Oo
3010054:C 07 Jan 2024 18:11:03.808 * Redis version=255.255.255, bits=64, commit=e04ebdb8, modified=1, pid=3010054, just started
3010054:C 07 Jan 2024 18:11:03.808 * Configuration loaded
3010054:M 07 Jan 2024 18:11:03.808 * monotonic clock: POSIX clock_gettime
3010054:M 07 Jan 2024 18:11:03.809 * Running mode=standalone, port=5093.
3010054:M 07 Jan 2024 18:11:03.816 * <raft> RedisRaft version 255.255.255 [b779b199]
3010054:M 07 Jan 2024 18:11:03.821 * <raft> Initializing test network
3010054:M 07 Jan 2024 18:11:03.822 * <raft> Created test network client
3010054:M 07 Jan 2024 18:11:03.825 * <raft> Raft module loaded, state is 'loading'
3010054:M 07 Jan 2024 18:11:03.825 * Module 'raft' loaded from /home/snagendra/Fuzzing/redisraft-fuzzing/redisraft.so
3010054:M 07 Jan 2024 18:11:03.825 * Server initialized
3010054:M 07 Jan 2024 18:11:03.825 . The AOF directory appendonlydir doesn't exist
3010054:M 07 Jan 2024 18:11:03.825 * Ready to accept connections tcp
3010054:M 07 Jan 2024 18:11:03.825 . 0 clients connected (0 replicas), 1746848 bytes in use
3010054:M 07 Jan 2024 18:11:03.918 - Accepted 127.0.0.1:35296
3010054:M 07 Jan 2024 18:11:03.918 # Missing implement of connection type tls
3010054:M 07 Jan 2024 18:11:03.925 * <raft> Loading: Redis loading complete, snapshot NOT LOADED
3010054:M 07 Jan 2024 18:11:03.926 * <raft> Cluster Membership: term:0 index:0 nodes: id=3,voting=0,active=1,addr=-
3010054:M 07 Jan 2024 18:11:03.926 * <raft> Test network starting message polling thread


=== REDIS BUG REPORT START: Cut & paste starting from here ===
3010054:M 07 Jan 2024 18:11:03.926 # === ASSERTION FAILED ===
3010054:M 07 Jan 2024 18:11:03.926 # ==> /home/snagendra/Fuzzing/redisraft-fuzzing/src/log.c:509 'ety != NULL' is not true
3010054:M 07 Jan 2024 18:11:03.926 # === ASSERTION FAILED ===
3010054:M 07 Jan 2024 18:11:03.926 # ==> /home/snagendra/Fuzzing/redisraft-fuzzing/src/log.c:509 'ety != NULL' is not true

------ STACK TRACE ------

Backtrace:

------ STACK TRACE ------

Backtrace:
/home/snagendra/Fuzzing/redisraft-fuzzing/redisraft.so(+0x25e00)[0x7f154299de00]
/home/snagendra/Fuzzing/redisraft-fuzzing/redisraft.so(LogGet+0x60)[0x7f154299f1b0]
/home/snagendra/Fuzzing/redisraft-fuzzing/redisraft.so(+0x25e00)[0x7f154299de00]
/home/snagendra/Fuzzing/redisraft-fuzzing/redisraft.so(LogGet+0x60)[0x7f154299f1b0]
/home/snagendra/Fuzzing/redisraft-fuzzing/redisraft.so(+0x272ef)[0x7f154299f2ef]
/home/snagendra/Fuzzing/redisraft-fuzzing/redisraft.so(raft_get_entry_from_idx+0x1a)[0x7f15429b345a]
/home/snagendra/Fuzzing/redisraft-fuzzing/redisraft.so(raft_get_last_log_term+0x36)[0x7f15429b9346]
/home/snagendra/Fuzzing/redisraft-fuzzing/redisraft.so(raft_recv_requestvote+0x16f)[0x7f15429b408f]
/home/snagendra/Fuzzing/redisraft-fuzzing/redisraft.so(handleTestNetworkMessage+0x1a2)[0x7f15429ad512]
/home/snagendra/Fuzzing/redisraft-fuzzing/redisraft.so(poll_redis_test_messages+0x89)[0x7f15429ad5c9]
/lib/x86_64-linux-gnu/libc.so.6(+0x89044)[0x7f1543a96044]
/lib/x86_64-linux-gnu/libc.so.6(+0x10961c)[0x7f1543b1661c]

------ INFO OUTPUT ------
/home/snagendra/Fuzzing/redisraft-fuzzing/redisraft.so(+0x272ef)[0x7f154299f2ef]
/home/snagendra/Fuzzing/redisraft-fuzzing/redisraft.so(raft_restore_log+0x54)[0x7f15429b88d4]
/home/snagendra/Fuzzing/redisraft-fuzzing/redisraft.so(callRaftPeriodic+0x131)[0x7f15429a4d41]
/home/snagendra/Fuzzing/redis/src/redis-server 0.0.0.0:5093(moduleTimerHandler+0x21c)[0x5642f5f0398c]
/home/snagendra/Fuzzing/redis/src/redis-server 0.0.0.0:5093(+0x81705)[0x5642f5e0d705]
/home/snagendra/Fuzzing/redis/src/redis-server 0.0.0.0:5093(aeMain+0x1c8)[0x5642f5e17cb8]
/home/snagendra/Fuzzing/redis/src/redis-server 0.0.0.0:5093(main+0x3cd)[0x5642f5e0ce2d]
/lib/x86_64-linux-gnu/libc.so.6(+0x271ca)[0x7f1543a341ca]
/lib/x86_64-linux-gnu/libc.so.6(__libc_start_main+0x85)[0x7f1543a34285]
/home/snagendra/Fuzzing/redis/src/redis-server 0.0.0.0:5093(_start+0x2a)[0x5642f5e0d5aa]

------ INFO OUTPUT ------
# Server
redis_version:255.255.255
redis_git_sha1:e04ebdb8
redis_git_dirty:1
redis_build_id:1f78dcc7b4fbdd25
redis_mode:standalone
os:Linux 6.1.60.1.amd64-smp x86_64
arch_bits:64
monotonic_clock:POSIX clock_gettime
multiplexing_api:epoll
atomicvar_api:c11-builtin
gcc_version:10.2.1
process_id:3010054
process_supervised:no
run_id:6504cb63752f8f66274403b7405e441fe91f7ddf
tcp_port:5093
server_time_usec:1704647463925634
uptime_in_seconds:0
uptime_in_days:0
hz:10
configured_hz:10
lru_clock:10148647
executable:/home/snagendra/Fuzzing/redis/src/redis-server
config_file:
io_threads_active:0
listener0:name=tcp,bind=0.0.0.0,port=5093

# Clients
connected_clients:1
cluster_connections:0
maxclients:10000
client_recent_max_input_buffer:0
client_recent_max_output_buffer:0
blocked_clients:0
tracking_clients:0
clients_in_timeout_table:0
total_blocking_keys:0
total_blocking_keys_on_nokey:0

# Memory
used_memory:1817056
used_memory_human:1.73M
used_memory_rss:17510400
used_memory_rss_human:16.70M
used_memory_peak:1817056
used_memory_peak_human:1.73M
used_memory_peak_perc:100.39%
used_memory_overhead:1746888
used_memory_startup:1746704
used_memory_dataset:70168
used_memory_dataset_perc:99.74%
allocator_allocated:2089584
allocator_active:2637824
allocator_resident:10747904
total_system_memory:270388695040
total_system_memory_human:251.82G
used_memory_lua:31744
used_memory_vm_eval:31744
used_memory_lua_human:31.00K
used_memory_scripts_eval:0
number_of_cached_scripts:0
number_of_functions:0
number_of_libraries:0
used_memory_vm_functions:32768
used_memory_vm_total:64512
used_memory_vm_total_human:63.00K
used_memory_functions:184
used_memory_scripts:184
used_memory_scripts_human:184B
maxmemory:0
maxmemory_human:0B
maxmemory_policy:noeviction
allocator_frag_ratio:1.26
allocator_frag_bytes:548240
allocator_rss_ratio:4.07
allocator_rss_bytes:8110080
rss_overhead_ratio:1.63
rss_overhead_bytes:6762496
mem_fragmentation_ratio:10.02
mem_fragmentation_bytes:15763552
mem_not_counted_for_evict:0
mem_replication_backlog:0
mem_total_replication_buffers:0
mem_clients_slaves:0
mem_clients_normal:0
mem_cluster_links:0
mem_aof_buffer:0
mem_allocator:jemalloc-5.3.0
active_defrag_running:0
lazyfree_pending_objects:0
lazyfreed_objects:0

# Persistence
loading:0
async_loading:0
current_cow_peak:0
current_cow_size:0
current_cow_size_age:0
current_fork_perc:0.00
current_save_keys_processed:0
current_save_keys_total:0
rdb_changes_since_last_save:0
rdb_bgsave_in_progress:0
rdb_last_save_time:1704647463
rdb_last_bgsave_status:ok
rdb_last_bgsave_time_sec:-1
rdb_current_bgsave_time_sec:-1
rdb_saves:0
rdb_last_cow_size:0
rdb_last_load_keys_expired:0
rdb_last_load_keys_loaded:0
aof_enabled:0
aof_rewrite_in_progress:0
aof_rewrite_scheduled:0
aof_last_rewrite_time_sec:-1
aof_current_rewrite_time_sec:-1
aof_last_bgrewrite_status:ok
aof_rewrites:0
aof_rewrites_consecutive_failures:0
aof_last_write_status:ok
aof_last_cow_size:0
module_fork_in_progress:0
module_fork_last_cow_size:0

# Stats
total_connections_received:1
total_commands_processed:7
instantaneous_ops_per_sec:22
total_net_input_bytes:33
total_net_output_bytes:5
total_net_repl_input_bytes:0
total_net_repl_output_bytes:0
instantaneous_input_kbps:0.00
instantaneous_output_kbps:0.00
instantaneous_input_repl_kbps:0.00
instantaneous_output_repl_kbps:0.00
rejected_connections:0
sync_full:0
sync_partial_ok:0
sync_partial_err:0
expired_keys:0
expired_stale_perc:0.00
expired_time_cap_reached_count:0
expire_cycle_cpu_milliseconds:0
evicted_keys:0
evicted_clients:0
total_eviction_exceeded_time:0
current_eviction_exceeded_time:0
keyspace_hits:0
keyspace_misses:0
pubsub_channels:0
pubsub_patterns:0
pubsubshard_channels:0
latest_fork_usec:0
total_forks:0
migrate_cached_sockets:0
slave_expires_tracked_keys:0
active_defrag_hits:0
active_defrag_misses:0
active_defrag_key_hits:0
active_defrag_key_misses:0
total_active_defrag_time:0
current_active_defrag_time:0
tracking_total_keys:0
tracking_total_items:0
tracking_total_prefixes:0
unexpected_error_replies:0
total_error_replies:0
dump_payload_sanitizations:0
total_reads_processed:1
total_writes_processed:1
io_threaded_reads_processed:0
io_threaded_writes_processed:0
reply_buffer_shrinks:0
reply_buffer_expands:0
acl_access_denied_auth:0
acl_access_denied_cmd:0
acl_access_denied_key:0
acl_access_denied_channel:0

# Replication
role:master
connected_slaves:0
master_failover_state:no-failover
master_replid:c4a20efcb7d19f168c322a90d06ce444410a786b
master_replid2:0000000000000000000000000000000000000000
master_repl_offset:0
second_repl_offset:-1
repl_backlog_active:0
repl_backlog_size:1048576
repl_backlog_first_byte_offset:0
repl_backlog_histlen:0

# CPU
used_cpu_sys:0.005532
used_cpu_user:0.013830
used_cpu_sys_children:0.000000
used_cpu_user_children:0.000000
used_cpu_sys_main_thread:0.000000
used_cpu_user_main_thread:0.000484

# Modules
module:name=raft,ver=1,api=1,filters=1,usedby=[],using=[],options=[]

# Commandstats
cmdstat_command:calls=2,usec=1630,usec_per_call=815.00,rejected_calls=0,failed_calls=0
cmdstat_config|set:calls=1,usec=7,usec_per_call=7.00,rejected_calls=0,failed_calls=0
cmdstat_config|get:calls=3,usec=5,usec_per_call=1.67,rejected_calls=0,failed_calls=0
cmdstat_auth:calls=1,usec=1,usec_per_call=1.00,rejected_calls=0,failed_calls=0

# Errorstats

# Latencystats
latency_percentiles_usec_command:p50=749.567,p99=884.735,p99.9=884.735
latency_percentiles_usec_config|set:p50=7.007,p99=7.007,p99.9=7.007
latency_percentiles_usec_config|get:p50=2.007,p99=2.007,p99.9=2.007
latency_percentiles_usec_auth:p50=1.003,p99=1.003,p99.9=1.003

# Cluster
cluster_enabled:0

# Keyspace

------ CLIENT LIST OUTPUT ------
id=8 addr=127.0.0.1:35296 laddr=127.0.0.1:5093 fd=11 name= age=0 idle=0 flags=N db=0 sub=0 psub=0 ssub=0 multi=-1 qbuf=0 qbuf-free=20474 argv-mem=0 multi-mem=0 rbs=16384 rbp=16384 obl=0 oll=0 omem=0 tot-mem=37760 events=r cmd=auth user=default redir=-1 resp=2 lib-name= lib-ver=

------ MODULES INFO OUTPUT ------
# raft_version
raft_version:255.255.255
raft_git_sha1:b779b199

# raft_general
raft_dbid:4c46bc3310bc3fa0bafb45d02cf6b67c
raft_node_id:3
raft_state:up
raft_role:follower
raft_is_voting:no
raft_voted_for:-1
raft_leader_id:-1
raft_current_term:0
raft_num_nodes:1
raft_num_voting_nodes:0

# raft_log
raft_log_entries:5
raft_current_index:5
raft_commit_index:0
raft_last_applied_index:0
raft_file_size:1527
raft_cache_memory_size:0
raft_cache_entries:0
raft_client_attached_entries:0
raft_fsync_count:0
raft_fsync_max_microseconds:0
raft_entry1:term=1,id=0,data_len=0
raft_entry2:term=1,id=323021367,data_len=264
raft_entry3:term=1,id=1648540480,data_len=264
raft_entry4:term=1,id=1859746667,data_len=264
raft_fsync_avg_microseconds:0

# raft_snapshot
raft_snapshot_filename:redis3.rdb
raft_snapshot_last_idx:0
raft_snapshot_last_term:0
raft_snapshot_size:0
raft_snapshot_time_secs:-1
raft_snapshots_created:0
raft_snapshots_received:0
raft_snapshot_in_progress:no
raft_snapshot_in_progress_last_idx:-1
raft_snapshot_in_progress_last_term:-1

# raft_clients
raft_proxy_reqs:0
raft_proxy_failed_reqs:0
raft_proxy_failed_responses:0
raft_proxy_outstanding_reqs:0

# raft_stats
raft_appendreq_received:0
raft_appendreq_with_entry_received:0
raft_snapshotreq_received:0
raft_exec_throttled:0
raft_num_sessions:0
# Server
redis_version:255.255.255
redis_git_sha1:e04ebdb8
redis_git_dirty:1
redis_build_id:1f78dcc7b4fbdd25
redis_mode:standalone
os:Linux 6.1.60.1.amd64-smp x86_64
arch_bits:64
monotonic_clock:POSIX clock_gettime
multiplexing_api:epoll
atomicvar_api:c11-builtin
gcc_version:10.2.1
process_id:3010054
process_supervised:no
run_id:6504cb63752f8f66274403b7405e441fe91f7ddf
tcp_port:5093
server_time_usec:1704647463925634
uptime_in_seconds:0
uptime_in_days:0
hz:10
configured_hz:10
lru_clock:10148647
executable:/home/snagendra/Fuzzing/redis/src/redis-server
config_file:
io_threads_active:0
listener0:name=tcp,bind=0.0.0.0,port=5093

# Clients
connected_clients:1
cluster_connections:0
maxclients:10000
client_recent_max_input_buffer:0
client_recent_max_output_buffer:0
blocked_clients:0
tracking_clients:0
clients_in_timeout_table:0
total_blocking_keys:0
total_blocking_keys_on_nokey:0

# Memory
used_memory:1829456
used_memory_human:1.74M
used_memory_rss:17510400
used_memory_rss_human:16.70M
used_memory_peak:1829456
used_memory_peak_human:1.74M
used_memory_peak_perc:100.69%
used_memory_overhead:1746888
used_memory_startup:1746704
used_memory_dataset:82792
used_memory_dataset_perc:99.78%
allocator_allocated:2089584
allocator_active:2637824
allocator_resident:10747904
total_system_memory:270388695040
total_system_memory_human:251.82G
used_memory_lua:31744
used_memory_vm_eval:31744
used_memory_lua_human:31.00K
used_memory_scripts_eval:0
number_of_cached_scripts:0
number_of_functions:0
number_of_libraries:0
used_memory_vm_functions:32768
used_memory_vm_total:64512
used_memory_vm_total_human:63.00K
used_memory_functions:184
used_memory_scripts:184
used_memory_scripts_human:184B
maxmemory:0
maxmemory_human:0B
maxmemory_policy:noeviction
allocator_frag_ratio:1.26
allocator_frag_bytes:548240
allocator_rss_ratio:4.07
allocator_rss_bytes:8110080
rss_overhead_ratio:1.63
rss_overhead_bytes:6762496
mem_fragmentation_ratio:10.02
mem_fragmentation_bytes:15763552
mem_not_counted_for_evict:0
mem_replication_backlog:0
mem_total_replication_buffers:0
mem_clients_slaves:0
mem_clients_normal:0
mem_cluster_links:0
mem_aof_buffer:0
mem_allocator:jemalloc-5.3.0
active_defrag_running:0
lazyfree_pending_objects:0
lazyfreed_objects:0

# Persistence
loading:0
async_loading:0
current_cow_peak:0
current_cow_size:0
current_cow_size_age:0
current_fork_perc:0.00
current_save_keys_processed:0
current_save_keys_total:0
rdb_changes_since_last_save:0
rdb_bgsave_in_progress:0
rdb_last_save_time:1704647463
rdb_last_bgsave_status:ok
rdb_last_bgsave_time_sec:-1
rdb_current_bgsave_time_sec:-1
rdb_saves:0
rdb_last_cow_size:0
rdb_last_load_keys_expired:0
rdb_last_load_keys_loaded:0
aof_enabled:0
aof_rewrite_in_progress:0
aof_rewrite_scheduled:0
aof_last_rewrite_time_sec:-1
aof_current_rewrite_time_sec:-1
aof_last_bgrewrite_status:ok
aof_rewrites:0
aof_rewrites_consecutive_failures:0
aof_last_write_status:ok
aof_last_cow_size:0
module_fork_in_progress:0
module_fork_last_cow_size:0

# Stats
total_connections_received:1
total_commands_processed:7
instantaneous_ops_per_sec:22
total_net_input_bytes:33
total_net_output_bytes:5
total_net_repl_input_bytes:0
total_net_repl_output_bytes:0
instantaneous_input_kbps:0.00
instantaneous_output_kbps:0.00
instantaneous_input_repl_kbps:0.00
instantaneous_output_repl_kbps:0.00
rejected_connections:0
sync_full:0
sync_partial_ok:0
sync_partial_err:0
expired_keys:0
expired_stale_perc:0.00
expired_time_cap_reached_count:0
expire_cycle_cpu_milliseconds:0
evicted_keys:0
evicted_clients:0
total_eviction_exceeded_time:0
current_eviction_exceeded_time:0
keyspace_hits:0
keyspace_misses:0
pubsub_channels:0
pubsub_patterns:0
pubsubshard_channels:0
latest_fork_usec:0
total_forks:0
migrate_cached_sockets:0
slave_expires_tracked_keys:0
active_defrag_hits:0
active_defrag_misses:0
active_defrag_key_hits:0
active_defrag_key_misses:0
total_active_defrag_time:0
current_active_defrag_time:0
tracking_total_keys:0
tracking_total_items:0
tracking_total_prefixes:0
unexpected_error_replies:0
total_error_replies:0
dump_payload_sanitizations:0
total_reads_processed:1
total_writes_processed:1
io_threaded_reads_processed:0
io_threaded_writes_processed:0
reply_buffer_shrinks:0
reply_buffer_expands:0
acl_access_denied_auth:0
acl_access_denied_cmd:0
acl_access_denied_key:0
acl_access_denied_channel:0

# Replication
role:master
connected_slaves:0
master_failover_state:no-failover
master_replid:c4a20efcb7d19f168c322a90d06ce444410a786b
master_replid2:0000000000000000000000000000000000000000
master_repl_offset:0
second_repl_offset:-1
repl_backlog_active:0
repl_backlog_size:1048576
repl_backlog_first_byte_offset:0
repl_backlog_histlen:0

# CPU
used_cpu_sys:0.005635
used_cpu_user:0.014089
used_cpu_sys_children:0.000000
used_cpu_user_children:0.000000
used_cpu_sys_main_thread:0.003676
used_cpu_user_main_thread:0.014705

# Modules
module:name=raft,ver=1,api=1,filters=1,usedby=[],using=[],options=[]

# Commandstats
cmdstat_command:calls=2,usec=1630,usec_per_call=815.00,rejected_calls=0,failed_calls=0
cmdstat_config|set:calls=1,usec=7,usec_per_call=7.00,rejected_calls=0,failed_calls=0
cmdstat_config|get:calls=3,usec=5,usec_per_call=1.67,rejected_calls=0,failed_calls=0
cmdstat_auth:calls=1,usec=1,usec_per_call=1.00,rejected_calls=0,failed_calls=0

# Errorstats

# Latencystats
latency_percentiles_usec_command:p50=749.567,p99=884.735,p99.9=884.735
latency_percentiles_usec_config|set:p50=7.007,p99=7.007,p99.9=7.007
latency_percentiles_usec_config|get:p50=2.007,p99=2.007,p99.9=2.007
latency_percentiles_usec_auth:p50=1.003,p99=1.003,p99.9=1.003

# Cluster
cluster_enabled:0

# Keyspace

------ CLIENT LIST OUTPUT ------
id=8 addr=127.0.0.1:35296 laddr=127.0.0.1:5093 fd=11 name= age=0 idle=0 flags=N db=0 sub=0 psub=0 ssub=0 multi=-1 qbuf=0 qbuf-free=20474 argv-mem=0 multi-mem=0 rbs=16384 rbp=16384 obl=0 oll=0 omem=0 tot-mem=37760 events=r cmd=auth user=default redir=-1 resp=2 lib-name= lib-ver=

------ MODULES INFO OUTPUT ------
# raft_version
raft_version:255.255.255
raft_git_sha1:b779b199

# raft_general
raft_dbid:4c46bc3310bc3fa0bafb45d02cf6b67c
raft_node_id:3
raft_state:up
raft_role:follower
raft_is_voting:no
raft_voted_for:-1
raft_leader_id:-1
raft_current_term:0
raft_num_nodes:1
raft_num_voting_nodes:0

# raft_log
raft_log_entries:5
raft_current_index:5
raft_commit_index:0
raft_last_applied_index:0
raft_file_size:1527
raft_cache_memory_size:0
raft_cache_entries:0
raft_client_attached_entries:0
raft_fsync_count:0
raft_fsync_max_microseconds:0
raft_entry1:term=1,id=0,data_len=0
raft_entry2:term=1,id=323021367,data_len=264
raft_entry3:term=1,id=1648540480,data_len=264
raft_entry4:term=1,id=1859746667,data_len=264
raft_fsync_avg_microseconds:0

# raft_snapshot
raft_snapshot_filename:redis3.rdb
raft_snapshot_last_idx:0
raft_snapshot_last_term:0
raft_snapshot_size:0
raft_snapshot_time_secs:-1
raft_snapshots_created:0
raft_snapshots_received:0
raft_snapshot_in_progress:no
raft_snapshot_in_progress_last_idx:-1
raft_snapshot_in_progress_last_term:-1

# raft_clients
raft_proxy_reqs:0
raft_proxy_failed_reqs:0
raft_proxy_failed_responses:0
raft_proxy_outstanding_reqs:0

# raft_stats
raft_appendreq_received:0
raft_appendreq_with_entry_received:0
raft_snapshotreq_received:0
raft_exec_throttled:0
raft_num_sessions:0

------ CONFIG DEBUG OUTPUT ------
sanitize-dump-payload no
io-threads 1
lazyfree-lazy-eviction no
list-compress-depth 0
lazyfree-lazy-user-flush no
replica-read-only yes
client-query-buffer-limit 1gb
proto-max-bulk-len 512mb
activedefrag no
io-threads-do-reads no
lazyfree-lazy-user-del no
repl-diskless-sync yes
lazyfree-lazy-server-del no
repl-diskless-load disabled
lazyfree-lazy-expire no
slave-read-only yes

------ FAST MEMORY TEST ------
3010054:M 07 Jan 2024 18:11:03.927 # main thread terminated
3010054:M 07 Jan 2024 18:11:03.927 # Bio worker thread #0 terminated
3010054:M 07 Jan 2024 18:11:03.927 # Bio worker thread #1 terminated
3010054:M 07 Jan 2024 18:11:03.927 # Bio worker thread #2 terminated

Fast memory test PASSED, however your memory can still be broken. Please run a memory test for several hours if possible.

=== REDIS BUG REPORT END. Make sure to include from START to END. ===

       Please report the crash by opening an issue on github:

           http://github.com/redis/redis/issues

  If a Redis module was involved, please open in the module's repo instead.

  Suspect RAM error? Use redis-server --test-memory to verify it.

  Some other issues could be detected by redis-server --check-system
3010351:C 07 Jan 2024 18:11:04.509 # WARNING Memory overcommit must be enabled! Without it, a background save or replication may fail under low memory condition. Being disabled, it can also cause failures without low memory condition, see https://github.com/jemalloc/jemalloc/issues/1328. To fix this issue add 'vm.overcommit_memory = 1' to /etc/sysctl.conf and then reboot or run the command 'sysctl vm.overcommit_memory=1' for this to take effect.
3010351:C 07 Jan 2024 18:11:04.509 * oO0OoO0OoO0Oo Redis is starting oO0OoO0OoO0Oo
3010351:C 07 Jan 2024 18:11:04.509 * Redis version=255.255.255, bits=64, commit=e04ebdb8, modified=1, pid=3010351, just started
3010351:C 07 Jan 2024 18:11:04.509 * Configuration loaded
3010351:M 07 Jan 2024 18:11:04.510 * monotonic clock: POSIX clock_gettime
3010351:M 07 Jan 2024 18:11:04.510 * Running mode=standalone, port=5093.
3010351:M 07 Jan 2024 18:11:04.516 * <raft> RedisRaft version 255.255.255 [b779b199]
3010351:M 07 Jan 2024 18:11:04.521 * <raft> Initializing test network
3010351:M 07 Jan 2024 18:11:04.521 * <raft> Created test network client
3010351:M 07 Jan 2024 18:11:04.526 * <raft> Raft module loaded, state is 'loading'
3010351:M 07 Jan 2024 18:11:04.526 * Module 'raft' loaded from /home/snagendra/Fuzzing/redisraft-fuzzing/redisraft.so
3010351:M 07 Jan 2024 18:11:04.527 * Server initialized
3010351:M 07 Jan 2024 18:11:04.527 . The AOF directory appendonlydir doesn't exist
3010351:M 07 Jan 2024 18:11:04.527 * Ready to accept connections tcp
3010351:M 07 Jan 2024 18:11:04.527 . 0 clients connected (0 replicas), 1746656 bytes in use
3010351:M 07 Jan 2024 18:11:04.621 - Accepted 127.0.0.1:35402
3010351:M 07 Jan 2024 18:11:04.621 # Missing implement of connection type tls
3010351:M 07 Jan 2024 18:11:04.626 * <raft> Loading: Redis loading complete, snapshot NOT LOADED
3010351:M 07 Jan 2024 18:11:04.627 * <raft> Cluster Membership: term:0 index:0 nodes: id=3,voting=0,active=1,addr=-
3010351:M 07 Jan 2024 18:11:04.627 * <raft> Test network starting message polling thread
3010351:M 07 Jan 2024 18:11:04.627 * <raft> Cluster Membership: term:0 index:5 nodes: id=3,voting=0,active=1,addr=- id=1,voting=1,active=1,addr=localhost:5091
3010351:M 07 Jan 2024 18:11:04.628 * <raft> Cluster Membership: term:0 index:5 nodes: id=3,voting=0,active=1,addr=- id=1,voting=1,active=1,addr=localhost:5091 id=2,voting=0,active=1,addr=localhost:5092
3010351:M 07 Jan 2024 18:11:04.628 * <raft> Raft state after loading log: log_count=5, first_idx=1, current_idx=5, last_applied_idx=0
3010351:M 07 Jan 2024 18:11:04.628 . <raft> Raft term=1, vote=-1
3010351:M 07 Jan 2024 18:11:04.797 - Accepted 127.0.0.1:35406
3010351:signal-handler (1704647464) Received SIGINT scheduling shutdown...
3010351:signal-handler (1704647464) You insist... exiting now.
3010671:C 07 Jan 2024 18:11:05.198 # WARNING Memory overcommit must be enabled! Without it, a background save or replication may fail under low memory condition. Being disabled, it can also cause failures without low memory condition, see https://github.com/jemalloc/jemalloc/issues/1328. To fix this issue add 'vm.overcommit_memory = 1' to /etc/sysctl.conf and then reboot or run the command 'sysctl vm.overcommit_memory=1' for this to take effect.
3010671:C 07 Jan 2024 18:11:05.198 * oO0OoO0OoO0Oo Redis is starting oO0OoO0OoO0Oo
3010671:C 07 Jan 2024 18:11:05.198 * Redis version=255.255.255, bits=64, commit=e04ebdb8, modified=1, pid=3010671, just started
3010671:C 07 Jan 2024 18:11:05.198 * Configuration loaded
3010671:M 07 Jan 2024 18:11:05.199 * monotonic clock: POSIX clock_gettime
3010671:M 07 Jan 2024 18:11:05.199 * Running mode=standalone, port=5093.
3010671:M 07 Jan 2024 18:11:05.206 * <raft> RedisRaft version 255.255.255 [b779b199]
3010671:M 07 Jan 2024 18:11:05.210 * <raft> Initializing test network
3010671:M 07 Jan 2024 18:11:05.211 * <raft> Created test network client
3010671:M 07 Jan 2024 18:11:05.213 * <raft> Raft module loaded, state is 'loading'
3010671:M 07 Jan 2024 18:11:05.213 * Module 'raft' loaded from /home/snagendra/Fuzzing/redisraft-fuzzing/redisraft.so
3010671:M 07 Jan 2024 18:11:05.214 * Server initialized
3010671:M 07 Jan 2024 18:11:05.214 . The AOF directory appendonlydir doesn't exist
3010671:M 07 Jan 2024 18:11:05.214 * Ready to accept connections tcp
3010671:M 07 Jan 2024 18:11:05.214 . 0 clients connected (0 replicas), 1746688 bytes in use
3010671:M 07 Jan 2024 18:11:05.224 - Accepted 127.0.0.1:35474
3010671:M 07 Jan 2024 18:11:05.224 # Missing implement of connection type tls
3010671:M 07 Jan 2024 18:11:05.313 * <raft> Loading: Redis loading complete, snapshot NOT LOADED
3010671:M 07 Jan 2024 18:11:05.314 * <raft> Cluster Membership: term:0 index:0 nodes: id=3,voting=0,active=1,addr=-
3010671:M 07 Jan 2024 18:11:05.314 * <raft> Test network starting message polling thread
3010671:M 07 Jan 2024 18:11:05.314 * <raft> Cluster Membership: term:0 index:5 nodes: id=3,voting=0,active=1,addr=- id=1,voting=1,active=1,addr=localhost:5091
3010671:M 07 Jan 2024 18:11:05.315 * <raft> Cluster Membership: term:0 index:5 nodes: id=3,voting=0,active=1,addr=- id=1,voting=1,active=1,addr=localhost:5091 id=2,voting=0,active=1,addr=localhost:5092
3010671:M 07 Jan 2024 18:11:05.315 * <raft> Raft state after loading log: log_count=5, first_idx=1, current_idx=5, last_applied_idx=0
3010671:M 07 Jan 2024 18:11:05.315 . <raft> Raft term=1, vote=-1
3010671:signal-handler (1704647465) Received SIGINT scheduling shutdown...
3010671:signal-handler (1704647465) You insist... exiting now.

----- Stderr -----
libgcov profiling error:/home/snagendra/Fuzzing/redisraft-fuzzing/build/deps/raft/CMakeFiles/raft.dir/src/raft_server.c.gcda:Merge mismatch for function 46
libgcov profiling error:/home/snagendra/Fuzzing/redisraft-fuzzing/build/deps/raft/CMakeFiles/raft.dir/src/raft_server.c.gcda:Merge mismatch for function 46
libgcov profiling error:/home/snagendra/Fuzzing/redisraft-fuzzing/build/deps/raft/CMakeFiles/raft.dir/src/raft_server.c.gcda:Merge mismatch for function 46




logs for node: 1

----- Stdout -----
3009404:C 07 Jan 2024 18:11:02.091 # WARNING Memory overcommit must be enabled! Without it, a background save or replication may fail under low memory condition. Being disabled, it can also cause failures without low memory condition, see https://github.com/jemalloc/jemalloc/issues/1328. To fix this issue add 'vm.overcommit_memory = 1' to /etc/sysctl.conf and then reboot or run the command 'sysctl vm.overcommit_memory=1' for this to take effect.
3009404:C 07 Jan 2024 18:11:02.091 * oO0OoO0OoO0Oo Redis is starting oO0OoO0OoO0Oo
3009404:C 07 Jan 2024 18:11:02.091 * Redis version=255.255.255, bits=64, commit=e04ebdb8, modified=1, pid=3009404, just started
3009404:C 07 Jan 2024 18:11:02.091 * Configuration loaded
3009404:M 07 Jan 2024 18:11:02.091 * monotonic clock: POSIX clock_gettime
3009404:M 07 Jan 2024 18:11:02.092 * Running mode=standalone, port=5091.
3009404:M 07 Jan 2024 18:11:02.098 * <raft> RedisRaft version 255.255.255 [b779b199]
3009404:M 07 Jan 2024 18:11:02.103 * <raft> Initializing test network
3009404:M 07 Jan 2024 18:11:02.104 * <raft> Created test network client
3009404:M 07 Jan 2024 18:11:02.104 * <raft> Raft module loaded, state is 'uninitialized'
3009404:M 07 Jan 2024 18:11:02.104 * Module 'raft' loaded from /home/snagendra/Fuzzing/redisraft-fuzzing/redisraft.so
3009404:M 07 Jan 2024 18:11:02.105 * Server initialized
3009404:M 07 Jan 2024 18:11:02.105 . The AOF directory appendonlydir doesn't exist
3009404:M 07 Jan 2024 18:11:02.106 * Ready to accept connections tcp
3009404:M 07 Jan 2024 18:11:02.106 . 0 clients connected (0 replicas), 1726256 bytes in use
3009404:M 07 Jan 2024 18:11:02.123 - Accepted 127.0.0.1:59922
3009404:M 07 Jan 2024 18:11:02.123 # Missing implement of connection type tls
3009404:M 07 Jan 2024 18:11:02.128 * <raft> Cluster Membership: term:0 index:0 nodes: id=1,voting=0,active=1,addr=-
3009404:M 07 Jan 2024 18:11:02.133 * <raft> State change: Node is now a leader, term 1
3009404:M 07 Jan 2024 18:11:02.134 * <raft> Cluster Membership: term:1 index:1 nodes: id=1,voting=0,active=1,addr=-
3009404:M 07 Jan 2024 18:11:02.134 * <raft> Test network starting message polling thread
3009404:M 07 Jan 2024 18:11:02.134 * <raft> Raft Cluster initialized, node id: 1, dbid: 4c46bc3310bc3fa0bafb45d02cf6b67c
3009404:M 07 Jan 2024 18:11:02.251 - Accepted 127.0.0.1:59934
3009404:M 07 Jan 2024 18:11:02.252 * <raft> Cluster Membership: term:1 index:3 nodes: id=1,voting=1,active=1,addr=- id=2,voting=0,active=1,addr=localhost:5092
3009404:M 07 Jan 2024 18:11:02.260 - Client closed connection id=9 addr=127.0.0.1:59934 laddr=127.0.0.1:5091 fd=12 name= age=0 idle=0 flags=N db=0 sub=0 psub=0 ssub=0 multi=-1 qbuf=0 qbuf-free=20474 argv-mem=0 multi-mem=0 rbs=16384 rbp=16384 obl=0 oll=0 omem=0 tot-mem=37760 events=r cmd=raft.node user=default redir=-1 resp=2 lib-name= lib-ver=
3009404:M 07 Jan 2024 18:11:02.376 - Accepted 127.0.0.1:59950
3009404:M 07 Jan 2024 18:11:02.377 * <raft> Cluster Membership: term:1 index:4 nodes: id=1,voting=1,active=1,addr=- id=2,voting=0,active=1,addr=localhost:5092 id=3,voting=0,active=1,addr=localhost:5093
3009404:M 07 Jan 2024 18:11:02.385 - Client closed connection id=10 addr=127.0.0.1:59950 laddr=127.0.0.1:5091 fd=13 name= age=0 idle=0 flags=N db=0 sub=0 psub=0 ssub=0 multi=-1 qbuf=0 qbuf-free=20474 argv-mem=0 multi-mem=0 rbs=16384 rbp=16384 obl=0 oll=0 omem=0 tot-mem=37760 events=r cmd=raft.node user=default redir=-1 resp=2 lib-name= lib-ver=
3009404:M 07 Jan 2024 18:11:02.476 - Accepted 127.0.0.1:59960
3009404:M 07 Jan 2024 18:11:02.478 * <raft> node:3 has sufficient logs, adding as voting node.
3009404:M 07 Jan 2024 18:11:02.753 - Accepted 127.0.0.1:53864
3009404:M 07 Jan 2024 18:11:02.766 - Client closed connection id=11 addr=127.0.0.1:59960 laddr=127.0.0.1:5091 fd=14 name= age=0 idle=0 flags=N db=0 sub=0 psub=0 ssub=0 multi=-1 qbuf=0 qbuf-free=20474 argv-mem=0 multi-mem=0 rbs=1024 rbp=0 obl=0 oll=0 omem=0 tot-mem=22400 events=r cmd=auth user=default redir=-1 resp=2 lib-name= lib-ver=
3009404:M 07 Jan 2024 18:11:03.379 - Client closed connection id=12 addr=127.0.0.1:53864 laddr=127.0.0.1:5091 fd=15 name= age=1 idle=1 flags=N db=0 sub=0 psub=0 ssub=0 multi=-1 qbuf=0 qbuf-free=20474 argv-mem=0 multi-mem=0 rbs=1024 rbp=0 obl=0 oll=0 omem=0 tot-mem=22400 events=r cmd=auth user=default redir=-1 resp=2 lib-name= lib-ver=
3009404:M 07 Jan 2024 18:11:03.413 * <raft> State change: Node is now a follower, term 1
3009404:M 07 Jan 2024 18:11:03.413 * <raft> Cluster Membership: term:1 index:5 nodes: id=1,voting=1,active=1,addr=- id=2,voting=0,active=1,addr=localhost:5092 id=3,voting=1,active=1,addr=localhost:5093
3009404:M 07 Jan 2024 18:11:03.715 * <raft> State change: Election starting, node is now a pre-candidate, term 1
3009404:M 07 Jan 2024 18:11:03.715 * <raft> Cluster Membership: term:1 index:5 nodes: id=1,voting=1,active=1,addr=- id=2,voting=0,active=1,addr=localhost:5092 id=3,voting=1,active=1,addr=localhost:5093
3009404:M 07 Jan 2024 18:11:04.016 * <raft> State change: Election starting, node is now a pre-candidate, term 1
3009404:M 07 Jan 2024 18:11:04.016 * <raft> Cluster Membership: term:1 index:5 nodes: id=1,voting=1,active=1,addr=- id=2,voting=0,active=1,addr=localhost:5092 id=3,voting=1,active=1,addr=localhost:5093
3009404:M 07 Jan 2024 18:11:04.018 - Accepted 127.0.0.1:53868
3009404:M 07 Jan 2024 18:11:04.419 * <raft> State change: Election starting, node is now a pre-candidate, term 1
3009404:M 07 Jan 2024 18:11:04.419 * <raft> Cluster Membership: term:1 index:5 nodes: id=1,voting=1,active=1,addr=- id=2,voting=0,active=1,addr=localhost:5092 id=3,voting=1,active=1,addr=localhost:5093
3009404:signal-handler (1704647464) Received SIGINT scheduling shutdown...
3009404:signal-handler (1704647464) You insist... exiting now.
3010415:C 07 Jan 2024 18:11:04.679 # WARNING Memory overcommit must be enabled! Without it, a background save or replication may fail under low memory condition. Being disabled, it can also cause failures without low memory condition, see https://github.com/jemalloc/jemalloc/issues/1328. To fix this issue add 'vm.overcommit_memory = 1' to /etc/sysctl.conf and then reboot or run the command 'sysctl vm.overcommit_memory=1' for this to take effect.
3010415:C 07 Jan 2024 18:11:04.679 * oO0OoO0OoO0Oo Redis is starting oO0OoO0OoO0Oo
3010415:C 07 Jan 2024 18:11:04.679 * Redis version=255.255.255, bits=64, commit=e04ebdb8, modified=1, pid=3010415, just started
3010415:C 07 Jan 2024 18:11:04.679 * Configuration loaded
3010415:M 07 Jan 2024 18:11:04.679 * monotonic clock: POSIX clock_gettime
3010415:M 07 Jan 2024 18:11:04.680 * Running mode=standalone, port=5091.
3010415:M 07 Jan 2024 18:11:04.686 * <raft> RedisRaft version 255.255.255 [b779b199]
3010415:M 07 Jan 2024 18:11:04.690 * <raft> Initializing test network
3010415:M 07 Jan 2024 18:11:04.691 * <raft> Created test network client
3010415:M 07 Jan 2024 18:11:04.694 * <raft> Raft module loaded, state is 'loading'
3010415:M 07 Jan 2024 18:11:04.694 * Module 'raft' loaded from /home/snagendra/Fuzzing/redisraft-fuzzing/redisraft.so
3010415:M 07 Jan 2024 18:11:04.695 * Server initialized
3010415:M 07 Jan 2024 18:11:04.695 . The AOF directory appendonlydir doesn't exist
3010415:M 07 Jan 2024 18:11:04.695 * Ready to accept connections tcp
3010415:M 07 Jan 2024 18:11:04.695 . 0 clients connected (0 replicas), 1746688 bytes in use
3010415:M 07 Jan 2024 18:11:04.722 - Accepted 127.0.0.1:53890
3010415:M 07 Jan 2024 18:11:04.722 # Missing implement of connection type tls
3010415:M 07 Jan 2024 18:11:04.729 - Accepted 127.0.0.1:53898
3010415:M 07 Jan 2024 18:11:04.795 * <raft> Loading: Redis loading complete, snapshot NOT LOADED
3010415:M 07 Jan 2024 18:11:04.795 * <raft> Cluster Membership: term:0 index:0 nodes: id=1,voting=0,active=1,addr=-
3010415:M 07 Jan 2024 18:11:04.796 * <raft> Test network starting message polling thread
3010415:M 07 Jan 2024 18:11:04.796 * <raft> Cluster Membership: term:0 index:5 nodes: id=1,voting=1,active=1,addr=- id=2,voting=0,active=1,addr=localhost:5092
3010415:M 07 Jan 2024 18:11:04.796 * <raft> Cluster Membership: term:0 index:5 nodes: id=1,voting=1,active=1,addr=- id=2,voting=0,active=1,addr=localhost:5092 id=3,voting=0,active=1,addr=localhost:5093
3010415:M 07 Jan 2024 18:11:04.796 * <raft> Raft state after loading log: log_count=5, first_idx=1, current_idx=5, last_applied_idx=0
3010415:M 07 Jan 2024 18:11:04.796 . <raft> Raft term=1, vote=-1
3010415:M 07 Jan 2024 18:11:04.876 - Client closed connection id=9 addr=127.0.0.1:53898 laddr=127.0.0.1:5091 fd=12 name= age=0 idle=0 flags=N db=0 sub=0 psub=0 ssub=0 multi=-1 qbuf=0 qbuf-free=20474 argv-mem=0 multi-mem=0 rbs=16384 rbp=0 obl=0 oll=0 omem=0 tot-mem=37760 events=r cmd=auth user=default redir=-1 resp=2 lib-name= lib-ver=
3010415:M 07 Jan 2024 18:11:04.877 - Accepted 127.0.0.1:53912
3010415:signal-handler (1704647465) Received SIGINT scheduling shutdown...
3010415:signal-handler (1704647465) You insist... exiting now.

----- Stderr -----
libgcov profiling error:/home/snagendra/Fuzzing/redisraft-fuzzing/build/deps/raft/CMakeFiles/raft.dir/src/raft_server.c.gcda:Merge mismatch for function 46
libgcov profiling error:/home/snagendra/Fuzzing/redisraft-fuzzing/build/deps/raft/CMakeFiles/raft.dir/src/raft_server.c.gcda:Merge mismatch for function 46




logs for node: 2

----- Stdout -----
3009437:C 07 Jan 2024 18:11:02.137 # WARNING Memory overcommit must be enabled! Without it, a background save or replication may fail under low memory condition. Being disabled, it can also cause failures without low memory condition, see https://github.com/jemalloc/jemalloc/issues/1328. To fix this issue add 'vm.overcommit_memory = 1' to /etc/sysctl.conf and then reboot or run the command 'sysctl vm.overcommit_memory=1' for this to take effect.
3009437:C 07 Jan 2024 18:11:02.137 * oO0OoO0OoO0Oo Redis is starting oO0OoO0OoO0Oo
3009437:C 07 Jan 2024 18:11:02.137 * Redis version=255.255.255, bits=64, commit=e04ebdb8, modified=1, pid=3009437, just started
3009437:C 07 Jan 2024 18:11:02.137 * Configuration loaded
3009437:M 07 Jan 2024 18:11:02.137 * monotonic clock: POSIX clock_gettime
3009437:M 07 Jan 2024 18:11:02.138 * Running mode=standalone, port=5092.
3009437:M 07 Jan 2024 18:11:02.144 * <raft> RedisRaft version 255.255.255 [b779b199]
3009437:M 07 Jan 2024 18:11:02.149 * <raft> Initializing test network
3009437:M 07 Jan 2024 18:11:02.150 * <raft> Created test network client
3009437:M 07 Jan 2024 18:11:02.150 * <raft> Raft module loaded, state is 'uninitialized'
3009437:M 07 Jan 2024 18:11:02.150 * Module 'raft' loaded from /home/snagendra/Fuzzing/redisraft-fuzzing/redisraft.so
3009437:M 07 Jan 2024 18:11:02.151 * Server initialized
3009437:M 07 Jan 2024 18:11:02.151 . The AOF directory appendonlydir doesn't exist
3009437:M 07 Jan 2024 18:11:02.152 * Ready to accept connections tcp
3009437:M 07 Jan 2024 18:11:02.152 . 0 clients connected (0 replicas), 1726256 bytes in use
3009437:M 07 Jan 2024 18:11:02.159 - Accepted 127.0.0.1:37356
3009437:M 07 Jan 2024 18:11:02.159 # Missing implement of connection type tls
3009437:M 07 Jan 2024 18:11:02.251 - <raft> join cluster, connecting to localhost:5091
3009437:M 07 Jan 2024 18:11:02.253 * <raft> Joined Raft cluster, node id: 2, dbid: 4c46bc3310bc3fa0bafb45d02cf6b67c
3009437:M 07 Jan 2024 18:11:02.259 * <raft> Cluster Membership: term:0 index:0 nodes: id=2,voting=0,active=1,addr=-
3009437:M 07 Jan 2024 18:11:02.259 * <raft> Test network starting message polling thread
3009437:M 07 Jan 2024 18:11:02.306 - Accepted 127.0.0.1:37358
3009437:M 07 Jan 2024 18:11:02.476 - Accepted 127.0.0.1:37366
3009437:M 07 Jan 2024 18:11:02.652 * <raft> State change: Election starting, node is now a pre-candidate, term 0
3009437:M 07 Jan 2024 18:11:02.652 * <raft> Cluster Membership: term:0 index:0 nodes: id=2,voting=0,active=1,addr=-
3009437:M 07 Jan 2024 18:11:02.695 * <raft> State change: Node is now a follower, term 1
3009437:M 07 Jan 2024 18:11:02.695 * <raft> Cluster Membership: term:1 index:0 nodes: id=2,voting=0,active=1,addr=-
3009437:M 07 Jan 2024 18:11:02.696 * <raft> Cluster Membership: term:1 index:2 nodes: id=2,voting=0,active=1,addr=- id=1,voting=1,active=1,addr=localhost:5091
3009437:M 07 Jan 2024 18:11:02.766 - Client closed connection id=10 addr=127.0.0.1:37366 laddr=127.0.0.1:5092 fd=13 name= age=0 idle=0 flags=N db=0 sub=0 psub=0 ssub=0 multi=-1 qbuf=0 qbuf-free=20474 argv-mem=0 multi-mem=0 rbs=1024 rbp=0 obl=0 oll=0 omem=0 tot-mem=22400 events=r cmd=auth user=default redir=-1 resp=2 lib-name= lib-ver=
3009437:M 07 Jan 2024 18:11:02.798 * <raft> Cluster Membership: term:1 index:4 nodes: id=2,voting=0,active=1,addr=- id=1,voting=1,active=1,addr=localhost:5091 id=3,voting=0,active=1,addr=localhost:5093
3009437:M 07 Jan 2024 18:11:03.156 * <raft> State change: Election starting, node is now a pre-candidate, term 1
3009437:M 07 Jan 2024 18:11:03.156 * <raft> Cluster Membership: term:1 index:5 nodes: id=2,voting=0,active=1,addr=- id=1,voting=1,active=1,addr=localhost:5091 id=3,voting=1,active=1,addr=localhost:5093
3009437:M 07 Jan 2024 18:11:03.226 * <raft> State change: Node is now a follower, term 1
3009437:M 07 Jan 2024 18:11:03.226 * <raft> Cluster Membership: term:1 index:5 nodes: id=2,voting=0,active=1,addr=- id=1,voting=1,active=1,addr=localhost:5091 id=3,voting=1,active=1,addr=localhost:5093
3009437:signal-handler (1704647463) Received SIGINT scheduling shutdown...
3009437:M 07 Jan 2024 18:11:03.366 * User requested shutdown...
3009437:M 07 Jan 2024 18:11:03.366 # Redis is now ready to exit, bye bye...
3010086:C 07 Jan 2024 18:11:03.899 # WARNING Memory overcommit must be enabled! Without it, a background save or replication may fail under low memory condition. Being disabled, it can also cause failures without low memory condition, see https://github.com/jemalloc/jemalloc/issues/1328. To fix this issue add 'vm.overcommit_memory = 1' to /etc/sysctl.conf and then reboot or run the command 'sysctl vm.overcommit_memory=1' for this to take effect.
3010086:C 07 Jan 2024 18:11:03.900 * oO0OoO0OoO0Oo Redis is starting oO0OoO0OoO0Oo
3010086:C 07 Jan 2024 18:11:03.900 * Redis version=255.255.255, bits=64, commit=e04ebdb8, modified=1, pid=3010086, just started
3010086:C 07 Jan 2024 18:11:03.900 * Configuration loaded
3010086:M 07 Jan 2024 18:11:03.900 * monotonic clock: POSIX clock_gettime
3010086:M 07 Jan 2024 18:11:03.900 * Running mode=standalone, port=5092.
3010086:M 07 Jan 2024 18:11:03.907 * <raft> RedisRaft version 255.255.255 [b779b199]
3010086:M 07 Jan 2024 18:11:03.912 * <raft> Initializing test network
3010086:M 07 Jan 2024 18:11:03.913 * <raft> Created test network client
3010086:M 07 Jan 2024 18:11:03.916 * <raft> Raft module loaded, state is 'loading'
3010086:M 07 Jan 2024 18:11:03.916 * Module 'raft' loaded from /home/snagendra/Fuzzing/redisraft-fuzzing/redisraft.so
3010086:M 07 Jan 2024 18:11:03.916 * Server initialized
3010086:M 07 Jan 2024 18:11:03.916 . The AOF directory appendonlydir doesn't exist
3010086:M 07 Jan 2024 18:11:03.916 * Ready to accept connections tcp
3010086:M 07 Jan 2024 18:11:03.916 . 0 clients connected (0 replicas), 1746688 bytes in use
3010086:M 07 Jan 2024 18:11:03.918 - Accepted 127.0.0.1:55284
3010086:M 07 Jan 2024 18:11:03.918 # Missing implement of connection type tls
3010086:M 07 Jan 2024 18:11:04.016 * <raft> Loading: Redis loading complete, snapshot NOT LOADED
3010086:M 07 Jan 2024 18:11:04.017 * <raft> Cluster Membership: term:0 index:0 nodes: id=2,voting=0,active=1,addr=-
3010086:M 07 Jan 2024 18:11:04.017 * <raft> Test network starting message polling thread
3010086:M 07 Jan 2024 18:11:04.017 * <raft> Cluster Membership: term:0 index:5 nodes: id=2,voting=0,active=1,addr=- id=1,voting=1,active=1,addr=localhost:5091
3010086:M 07 Jan 2024 18:11:04.018 * <raft> Cluster Membership: term:0 index:5 nodes: id=2,voting=0,active=1,addr=- id=1,voting=1,active=1,addr=localhost:5091 id=3,voting=0,active=1,addr=localhost:5093
3010086:M 07 Jan 2024 18:11:04.018 * <raft> Raft state after loading log: log_count=5, first_idx=1, current_idx=5, last_applied_idx=0
3010086:M 07 Jan 2024 18:11:04.018 . <raft> Raft term=1, vote=-1
3010086:M 07 Jan 2024 18:11:04.318 * <raft> State change: Election starting, node is now a pre-candidate, term 1
3010086:M 07 Jan 2024 18:11:04.318 * <raft> Cluster Membership: term:1 index:5 nodes: id=2,voting=0,active=1,addr=- id=1,voting=1,active=1,addr=localhost:5091 id=3,voting=1,active=1,addr=localhost:5093
3010086:M 07 Jan 2024 18:11:04.524 - Client closed connection id=8 addr=127.0.0.1:55284 laddr=127.0.0.1:5092 fd=11 name= age=1 idle=1 flags=N db=0 sub=0 psub=0 ssub=0 multi=-1 qbuf=0 qbuf-free=20474 argv-mem=0 multi-mem=0 rbs=1024 rbp=0 obl=0 oll=0 omem=0 tot-mem=22400 events=r cmd=auth user=default redir=-1 resp=2 lib-name= lib-ver=
3010086:M 07 Jan 2024 18:11:04.619 * <raft> State change: Election starting, node is now a pre-candidate, term 1
3010086:M 07 Jan 2024 18:11:04.619 * <raft> Cluster Membership: term:1 index:5 nodes: id=2,voting=0,active=1,addr=- id=1,voting=1,active=1,addr=localhost:5091 id=3,voting=1,active=1,addr=localhost:5093
3010086:M 07 Jan 2024 18:11:04.628 - Accepted 127.0.0.1:55296
3010086:M 07 Jan 2024 18:11:04.797 - Accepted 127.0.0.1:55304
3010086:M 07 Jan 2024 18:11:04.876 - Client closed connection id=9 addr=127.0.0.1:55296 laddr=127.0.0.1:5092 fd=12 name= age=0 idle=0 flags=N db=0 sub=0 psub=0 ssub=0 multi=-1 qbuf=0 qbuf-free=20474 argv-mem=0 multi-mem=0 rbs=1024 rbp=0 obl=0 oll=0 omem=0 tot-mem=22400 events=r cmd=auth user=default redir=-1 resp=2 lib-name= lib-ver=
3010086:M 07 Jan 2024 18:11:04.920 * <raft> State change: Election starting, node is now a pre-candidate, term 1
3010086:M 07 Jan 2024 18:11:04.920 * <raft> Cluster Membership: term:1 index:5 nodes: id=2,voting=0,active=1,addr=- id=1,voting=1,active=1,addr=localhost:5091 id=3,voting=1,active=1,addr=localhost:5093
3010086:M 07 Jan 2024 18:11:05.043 - Client closed connection id=10 addr=127.0.0.1:55304 laddr=127.0.0.1:5092 fd=14 name= age=1 idle=1 flags=N db=0 sub=0 psub=0 ssub=0 multi=-1 qbuf=0 qbuf-free=20474 argv-mem=0 multi-mem=0 rbs=1024 rbp=0 obl=0 oll=0 omem=0 tot-mem=22400 events=r cmd=auth user=default redir=-1 resp=2 lib-name= lib-ver=
3010086:M 07 Jan 2024 18:11:05.315 - Accepted 127.0.0.1:55306
3010086:M 07 Jan 2024 18:11:05.320 * <raft> State change: Node is now a follower, term 1
3010086:M 07 Jan 2024 18:11:05.320 * <raft> Cluster Membership: term:1 index:5 nodes: id=2,voting=0,active=1,addr=- id=1,voting=1,active=1,addr=localhost:5091 id=3,voting=1,active=1,addr=localhost:5093
3010086:M 07 Jan 2024 18:11:05.395 - Client closed connection id=11 addr=127.0.0.1:55306 laddr=127.0.0.1:5092 fd=12 name= age=0 idle=0 flags=N db=0 sub=0 psub=0 ssub=0 multi=-1 qbuf=0 qbuf-free=20474 argv-mem=0 multi-mem=0 rbs=16384 rbp=0 obl=0 oll=0 omem=0 tot-mem=37760 events=r cmd=auth user=default redir=-1 resp=2 lib-name= lib-ver=
3010086:signal-handler (1704647465) Received SIGINT scheduling shutdown...
3010086:signal-handler (1704647465) You insist... exiting now.
3010830:C 07 Jan 2024 18:11:05.535 # WARNING Memory overcommit must be enabled! Without it, a background save or replication may fail under low memory condition. Being disabled, it can also cause failures without low memory condition, see https://github.com/jemalloc/jemalloc/issues/1328. To fix this issue add 'vm.overcommit_memory = 1' to /etc/sysctl.conf and then reboot or run the command 'sysctl vm.overcommit_memory=1' for this to take effect.
3010830:C 07 Jan 2024 18:11:05.535 * oO0OoO0OoO0Oo Redis is starting oO0OoO0OoO0Oo
3010830:C 07 Jan 2024 18:11:05.535 * Redis version=255.255.255, bits=64, commit=e04ebdb8, modified=1, pid=3010830, just started
3010830:C 07 Jan 2024 18:11:05.535 * Configuration loaded
3010830:M 07 Jan 2024 18:11:05.536 * monotonic clock: POSIX clock_gettime
3010830:M 07 Jan 2024 18:11:05.536 * Running mode=standalone, port=5092.
3010830:M 07 Jan 2024 18:11:05.543 * <raft> RedisRaft version 255.255.255 [b779b199]
3010830:M 07 Jan 2024 18:11:05.547 * <raft> Initializing test network
3010830:M 07 Jan 2024 18:11:05.548 * <raft> Created test network client
3010830:M 07 Jan 2024 18:11:05.552 * <raft> Raft module loaded, state is 'loading'
3010830:M 07 Jan 2024 18:11:05.552 * Module 'raft' loaded from /home/snagendra/Fuzzing/redisraft-fuzzing/redisraft.so
3010830:M 07 Jan 2024 18:11:05.552 * Server initialized
3010830:M 07 Jan 2024 18:11:05.552 . The AOF directory appendonlydir doesn't exist
3010830:M 07 Jan 2024 18:11:05.552 * Ready to accept connections tcp
3010830:M 07 Jan 2024 18:11:05.552 . 0 clients connected (0 replicas), 1746656 bytes in use
3010830:signal-handler (1704647465) Received SIGINT scheduling shutdown...
3010830:signal-handler (1704647465) You insist... exiting now.

----- Stderr -----
libgcov profiling error:/home/snagendra/Fuzzing/redisraft-fuzzing/build/deps/raft/CMakeFiles/raft.dir/src/raft_server.c.gcda:Merge mismatch for function 46
libgcov profiling error:/home/snagendra/Fuzzing/redisraft-fuzzing/build/deps/raft/CMakeFiles/raft.dir/src/raft_server.c.gcda:Merge mismatch for function 46
libgcov profiling error:/home/snagendra/Fuzzing/redisraft-fuzzing/build/deps/raft/CMakeFiles/raft.dir/src/raft_server.c.gcda:Merge mismatch for function 46



