logs for node: 1

----- Stdout -----
2915176:C 07 Jan 2024 18:07:33.120 # WARNING Memory overcommit must be enabled! Without it, a background save or replication may fail under low memory condition. Being disabled, it can also cause failures without low memory condition, see https://github.com/jemalloc/jemalloc/issues/1328. To fix this issue add 'vm.overcommit_memory = 1' to /etc/sysctl.conf and then reboot or run the command 'sysctl vm.overcommit_memory=1' for this to take effect.
2915176:C 07 Jan 2024 18:07:33.120 * oO0OoO0OoO0Oo Redis is starting oO0OoO0OoO0Oo
2915176:C 07 Jan 2024 18:07:33.120 * Redis version=255.255.255, bits=64, commit=e04ebdb8, modified=1, pid=2915176, just started
2915176:C 07 Jan 2024 18:07:33.120 * Configuration loaded
2915176:M 07 Jan 2024 18:07:33.121 * monotonic clock: POSIX clock_gettime
2915176:M 07 Jan 2024 18:07:33.121 * Running mode=standalone, port=5091.
2915176:M 07 Jan 2024 18:07:33.128 * <raft> RedisRaft version 255.255.255 [b779b199]
2915176:M 07 Jan 2024 18:07:33.132 * <raft> Initializing test network
2915176:M 07 Jan 2024 18:07:33.133 * <raft> Created test network client
2915176:M 07 Jan 2024 18:07:33.134 * <raft> Raft module loaded, state is 'uninitialized'
2915176:M 07 Jan 2024 18:07:33.134 * Module 'raft' loaded from /home/snagendra/Fuzzing/redisraft-fuzzing/redisraft.so
2915176:M 07 Jan 2024 18:07:33.134 * Server initialized
2915176:M 07 Jan 2024 18:07:33.135 . The AOF directory appendonlydir doesn't exist
2915176:M 07 Jan 2024 18:07:33.136 * Ready to accept connections tcp
2915176:M 07 Jan 2024 18:07:33.136 - Accepted 127.0.0.1:32880
2915176:M 07 Jan 2024 18:07:33.136 # Missing implement of connection type tls
2915176:M 07 Jan 2024 18:07:33.136 . 1 clients connected (0 replicas), 1744056 bytes in use
2915176:M 07 Jan 2024 18:07:33.142 * <raft> Cluster Membership: term:0 index:0 nodes: id=1,voting=0,active=1,addr=-
2915176:M 07 Jan 2024 18:07:33.147 * <raft> State change: Node is now a leader, term 1
2915176:M 07 Jan 2024 18:07:33.147 * <raft> Cluster Membership: term:1 index:1 nodes: id=1,voting=0,active=1,addr=-
2915176:M 07 Jan 2024 18:07:33.147 * <raft> Test network starting message polling thread
2915176:M 07 Jan 2024 18:07:33.147 * <raft> Raft Cluster initialized, node id: 1, dbid: d565b98cbfb51da663f570b70ef409df
2915176:M 07 Jan 2024 18:07:33.266 - Accepted 127.0.0.1:32882
2915176:M 07 Jan 2024 18:07:33.267 * <raft> Cluster Membership: term:1 index:3 nodes: id=1,voting=1,active=1,addr=- id=2,voting=0,active=1,addr=localhost:5092
2915176:M 07 Jan 2024 18:07:33.274 - Client closed connection id=9 addr=127.0.0.1:32882 laddr=127.0.0.1:5091 fd=12 name= age=0 idle=0 flags=N db=0 sub=0 psub=0 ssub=0 multi=-1 qbuf=0 qbuf-free=20474 argv-mem=0 multi-mem=0 rbs=16384 rbp=16384 obl=0 oll=0 omem=0 tot-mem=37760 events=r cmd=raft.node user=default redir=-1 resp=2 lib-name= lib-ver=
2915176:M 07 Jan 2024 18:07:33.390 - Accepted 127.0.0.1:32894
2915176:M 07 Jan 2024 18:07:33.391 * <raft> Cluster Membership: term:1 index:4 nodes: id=1,voting=1,active=1,addr=- id=2,voting=0,active=1,addr=localhost:5092 id=3,voting=0,active=1,addr=localhost:5093
2915176:M 07 Jan 2024 18:07:33.398 - Client closed connection id=10 addr=127.0.0.1:32894 laddr=127.0.0.1:5091 fd=13 name= age=0 idle=0 flags=N db=0 sub=0 psub=0 ssub=0 multi=-1 qbuf=0 qbuf-free=20474 argv-mem=0 multi-mem=0 rbs=16384 rbp=16384 obl=0 oll=0 omem=0 tot-mem=37760 events=r cmd=raft.node user=default redir=-1 resp=2 lib-name= lib-ver=
2915176:M 07 Jan 2024 18:07:33.667 - Accepted 127.0.0.1:32902
2915176:M 07 Jan 2024 18:07:33.691 - Accepted 127.0.0.1:32908
2915176:M 07 Jan 2024 18:07:33.705 * <raft> node:3 has sufficient logs, adding as voting node.
2915176:signal-handler (1704647253) Received SIGINT scheduling shutdown...
2915176:signal-handler (1704647253) You insist... exiting now.
2916105:C 07 Jan 2024 18:07:35.302 # WARNING Memory overcommit must be enabled! Without it, a background save or replication may fail under low memory condition. Being disabled, it can also cause failures without low memory condition, see https://github.com/jemalloc/jemalloc/issues/1328. To fix this issue add 'vm.overcommit_memory = 1' to /etc/sysctl.conf and then reboot or run the command 'sysctl vm.overcommit_memory=1' for this to take effect.
2916105:C 07 Jan 2024 18:07:35.302 * oO0OoO0OoO0Oo Redis is starting oO0OoO0OoO0Oo
2916105:C 07 Jan 2024 18:07:35.302 * Redis version=255.255.255, bits=64, commit=e04ebdb8, modified=1, pid=2916105, just started
2916105:C 07 Jan 2024 18:07:35.302 * Configuration loaded
2916105:M 07 Jan 2024 18:07:35.303 * monotonic clock: POSIX clock_gettime
2916105:M 07 Jan 2024 18:07:35.303 * Running mode=standalone, port=5091.
2916105:M 07 Jan 2024 18:07:35.309 * <raft> RedisRaft version 255.255.255 [b779b199]
2916105:M 07 Jan 2024 18:07:35.314 * <raft> Initializing test network
2916105:M 07 Jan 2024 18:07:35.315 * <raft> Created test network client
2916105:M 07 Jan 2024 18:07:35.317 * <raft> Raft module loaded, state is 'loading'
2916105:M 07 Jan 2024 18:07:35.317 * Module 'raft' loaded from /home/snagendra/Fuzzing/redisraft-fuzzing/redisraft.so
2916105:M 07 Jan 2024 18:07:35.318 * Server initialized
2916105:M 07 Jan 2024 18:07:35.318 . The AOF directory appendonlydir doesn't exist
2916105:M 07 Jan 2024 18:07:35.318 * Ready to accept connections tcp
2916105:M 07 Jan 2024 18:07:35.318 . 0 clients connected (0 replicas), 1746656 bytes in use
2916105:M 07 Jan 2024 18:07:35.377 - Accepted 127.0.0.1:33202
2916105:M 07 Jan 2024 18:07:35.377 # Missing implement of connection type tls
2916105:signal-handler (1704647255) Received SIGINT scheduling shutdown...
2916105:M 07 Jan 2024 18:07:35.418 * <raft> Loading: Redis loading complete, snapshot NOT LOADED
2916105:M 07 Jan 2024 18:07:35.418 * <raft> Cluster Membership: term:0 index:0 nodes: id=1,voting=0,active=1,addr=-
2916105:M 07 Jan 2024 18:07:35.419 * <raft> Test network starting message polling thread
2916105:M 07 Jan 2024 18:07:35.419 * <raft> Cluster Membership: term:0 index:7 nodes: id=1,voting=1,active=1,addr=- id=2,voting=0,active=1,addr=localhost:5092
2916105:M 07 Jan 2024 18:07:35.419 * <raft> Cluster Membership: term:0 index:7 nodes: id=1,voting=1,active=1,addr=- id=2,voting=0,active=1,addr=localhost:5092 id=3,voting=0,active=1,addr=localhost:5093
2916105:M 07 Jan 2024 18:07:35.419 * <raft> Raft state after loading log: log_count=7, first_idx=1, current_idx=7, last_applied_idx=0
2916105:M 07 Jan 2024 18:07:35.419 . <raft> Raft term=1, vote=-1
2916105:M 07 Jan 2024 18:07:35.419 * User requested shutdown...
2916105:M 07 Jan 2024 18:07:35.419 # Redis is now ready to exit, bye bye...
2916363:C 07 Jan 2024 18:07:35.764 # WARNING Memory overcommit must be enabled! Without it, a background save or replication may fail under low memory condition. Being disabled, it can also cause failures without low memory condition, see https://github.com/jemalloc/jemalloc/issues/1328. To fix this issue add 'vm.overcommit_memory = 1' to /etc/sysctl.conf and then reboot or run the command 'sysctl vm.overcommit_memory=1' for this to take effect.
2916363:C 07 Jan 2024 18:07:35.764 * oO0OoO0OoO0Oo Redis is starting oO0OoO0OoO0Oo
2916363:C 07 Jan 2024 18:07:35.764 * Redis version=255.255.255, bits=64, commit=e04ebdb8, modified=1, pid=2916363, just started
2916363:C 07 Jan 2024 18:07:35.764 * Configuration loaded
2916363:M 07 Jan 2024 18:07:35.765 * monotonic clock: POSIX clock_gettime
2916363:M 07 Jan 2024 18:07:35.765 * Running mode=standalone, port=5091.
2916363:M 07 Jan 2024 18:07:35.771 * <raft> RedisRaft version 255.255.255 [b779b199]
2916363:M 07 Jan 2024 18:07:35.776 * <raft> Initializing test network
2916363:M 07 Jan 2024 18:07:35.776 * <raft> Created test network client
2916363:M 07 Jan 2024 18:07:35.780 * <raft> Raft module loaded, state is 'loading'
2916363:M 07 Jan 2024 18:07:35.780 * Module 'raft' loaded from /home/snagendra/Fuzzing/redisraft-fuzzing/redisraft.so
2916363:M 07 Jan 2024 18:07:35.781 * Server initialized
2916363:M 07 Jan 2024 18:07:35.781 . The AOF directory appendonlydir doesn't exist
2916363:M 07 Jan 2024 18:07:35.781 * Ready to accept connections tcp
2916363:M 07 Jan 2024 18:07:35.781 . 0 clients connected (0 replicas), 1746656 bytes in use
2916363:M 07 Jan 2024 18:07:35.880 - Accepted 127.0.0.1:33248
2916363:M 07 Jan 2024 18:07:35.880 # Missing implement of connection type tls
2916363:M 07 Jan 2024 18:07:35.880 * <raft> Loading: Redis loading complete, snapshot NOT LOADED
2916363:M 07 Jan 2024 18:07:35.880 * <raft> Cluster Membership: term:0 index:0 nodes: id=1,voting=0,active=1,addr=-
2916363:M 07 Jan 2024 18:07:35.881 * <raft> Test network starting message polling thread
2916363:M 07 Jan 2024 18:07:35.881 # <raft> error, fd: 9, write(): Bad address
2916363:M 07 Jan 2024 18:07:35.881 # <raft> error, fd: 9, write(): Bad address
2916363:M 07 Jan 2024 18:07:35.881 * <raft> Raft state after loading log: log_count=7, first_idx=1, current_idx=7, last_applied_idx=0
2916363:M 07 Jan 2024 18:07:35.881 . <raft> Raft term=1, vote=-1
2916363:M 07 Jan 2024 18:07:36.067 # <raft> error, fd: 9, write(): Bad address
2916363:M 07 Jan 2024 18:07:36.281 * <raft> State change: Election starting, node is now a pre-candidate, term 1
2916363:M 07 Jan 2024 18:07:36.281 * <raft> Cluster Membership: term:1 index:7 nodes: id=1,voting=0,active=1,addr=-
2916363:signal-handler (1704647256) Received SIGINT scheduling shutdown...
2916363:signal-handler (1704647256) You insist... exiting now.
2916639:C 07 Jan 2024 18:07:36.539 # WARNING Memory overcommit must be enabled! Without it, a background save or replication may fail under low memory condition. Being disabled, it can also cause failures without low memory condition, see https://github.com/jemalloc/jemalloc/issues/1328. To fix this issue add 'vm.overcommit_memory = 1' to /etc/sysctl.conf and then reboot or run the command 'sysctl vm.overcommit_memory=1' for this to take effect.
2916639:C 07 Jan 2024 18:07:36.539 * oO0OoO0OoO0Oo Redis is starting oO0OoO0OoO0Oo
2916639:C 07 Jan 2024 18:07:36.539 * Redis version=255.255.255, bits=64, commit=e04ebdb8, modified=1, pid=2916639, just started
2916639:C 07 Jan 2024 18:07:36.539 * Configuration loaded
2916639:M 07 Jan 2024 18:07:36.539 * monotonic clock: POSIX clock_gettime
2916639:M 07 Jan 2024 18:07:36.540 * Running mode=standalone, port=5091.
2916639:M 07 Jan 2024 18:07:36.546 * <raft> RedisRaft version 255.255.255 [b779b199]
2916639:M 07 Jan 2024 18:07:36.551 * <raft> Initializing test network
2916639:M 07 Jan 2024 18:07:36.551 * <raft> Created test network client
2916639:M 07 Jan 2024 18:07:36.554 * <raft> Raft module loaded, state is 'loading'
2916639:M 07 Jan 2024 18:07:36.554 * Module 'raft' loaded from /home/snagendra/Fuzzing/redisraft-fuzzing/redisraft.so
2916639:M 07 Jan 2024 18:07:36.554 * Server initialized
2916639:M 07 Jan 2024 18:07:36.554 . The AOF directory appendonlydir doesn't exist
2916639:M 07 Jan 2024 18:07:36.554 * Ready to accept connections tcp
2916639:M 07 Jan 2024 18:07:36.554 . 0 clients connected (0 replicas), 1746720 bytes in use
2916639:signal-handler (1704647256) Received SIGINT scheduling shutdown...
2916639:signal-handler (1704647256) You insist... exiting now.

----- Stderr -----
libgcov profiling error:/home/snagendra/Fuzzing/redisraft-fuzzing/build/deps/raft/CMakeFiles/raft.dir/src/raft_server.c.gcda:Merge mismatch for function 46
libgcov profiling error:/home/snagendra/Fuzzing/redisraft-fuzzing/build/deps/raft/CMakeFiles/raft.dir/src/raft_server.c.gcda:Merge mismatch for function 46
libgcov profiling error:/home/snagendra/Fuzzing/redisraft-fuzzing/build/deps/raft/CMakeFiles/raft.dir/src/raft_server.c.gcda:Merge mismatch for function 46




logs for node: 2

----- Stdout -----
2915190:C 07 Jan 2024 18:07:33.151 # WARNING Memory overcommit must be enabled! Without it, a background save or replication may fail under low memory condition. Being disabled, it can also cause failures without low memory condition, see https://github.com/jemalloc/jemalloc/issues/1328. To fix this issue add 'vm.overcommit_memory = 1' to /etc/sysctl.conf and then reboot or run the command 'sysctl vm.overcommit_memory=1' for this to take effect.
2915190:C 07 Jan 2024 18:07:33.151 * oO0OoO0OoO0Oo Redis is starting oO0OoO0OoO0Oo
2915190:C 07 Jan 2024 18:07:33.151 * Redis version=255.255.255, bits=64, commit=e04ebdb8, modified=1, pid=2915190, just started
2915190:C 07 Jan 2024 18:07:33.151 * Configuration loaded
2915190:M 07 Jan 2024 18:07:33.151 * monotonic clock: POSIX clock_gettime
2915190:M 07 Jan 2024 18:07:33.152 * Running mode=standalone, port=5092.
2915190:M 07 Jan 2024 18:07:33.159 * <raft> RedisRaft version 255.255.255 [b779b199]
2915190:M 07 Jan 2024 18:07:33.164 * <raft> Initializing test network
2915190:M 07 Jan 2024 18:07:33.164 * <raft> Created test network client
2915190:M 07 Jan 2024 18:07:33.165 * <raft> Raft module loaded, state is 'uninitialized'
2915190:M 07 Jan 2024 18:07:33.165 * Module 'raft' loaded from /home/snagendra/Fuzzing/redisraft-fuzzing/redisraft.so
2915190:M 07 Jan 2024 18:07:33.166 * Server initialized
2915190:M 07 Jan 2024 18:07:33.166 . The AOF directory appendonlydir doesn't exist
2915190:M 07 Jan 2024 18:07:33.167 * Ready to accept connections tcp
2915190:M 07 Jan 2024 18:07:33.167 - Accepted 127.0.0.1:37662
2915190:M 07 Jan 2024 18:07:33.167 # Missing implement of connection type tls
2915190:M 07 Jan 2024 18:07:33.167 . 1 clients connected (0 replicas), 1743992 bytes in use
2915190:M 07 Jan 2024 18:07:33.265 - <raft> join cluster, connecting to localhost:5091
2915190:M 07 Jan 2024 18:07:33.267 * <raft> Joined Raft cluster, node id: 2, dbid: d565b98cbfb51da663f570b70ef409df
2915190:M 07 Jan 2024 18:07:33.273 * <raft> Cluster Membership: term:0 index:0 nodes: id=2,voting=0,active=1,addr=-
2915190:M 07 Jan 2024 18:07:33.274 * <raft> Test network starting message polling thread
2915190:M 07 Jan 2024 18:07:33.336 - Accepted 127.0.0.1:37668
2915190:M 07 Jan 2024 18:07:33.588 * <raft> Cluster Membership: term:1 index:2 nodes: id=2,voting=0,active=1,addr=- id=1,voting=1,active=1,addr=localhost:5091
2915190:M 07 Jan 2024 18:07:33.691 - Accepted 127.0.0.1:37680
2915190:M 07 Jan 2024 18:07:33.797 * <raft> Cluster Membership: term:1 index:4 nodes: id=2,voting=0,active=1,addr=- id=1,voting=1,active=1,addr=localhost:5091 id=3,voting=0,active=1,addr=localhost:5093
2915190:M 07 Jan 2024 18:07:33.899 - Client closed connection id=9 addr=127.0.0.1:37668 laddr=127.0.0.1:5092 fd=10 name= age=0 idle=0 flags=N db=0 sub=0 psub=0 ssub=0 multi=-1 qbuf=0 qbuf-free=20474 argv-mem=0 multi-mem=0 rbs=1024 rbp=0 obl=0 oll=0 omem=0 tot-mem=22400 events=r cmd=auth user=default redir=-1 resp=2 lib-name= lib-ver=
2915190:M 07 Jan 2024 18:07:34.070 * <raft> State change: Election starting, node is now a pre-candidate, term 1
2915190:M 07 Jan 2024 18:07:34.070 * <raft> Cluster Membership: term:1 index:6 nodes: id=2,voting=0,active=1,addr=- id=1,voting=1,active=1,addr=localhost:5091 id=3,voting=1,active=1,addr=localhost:5093
2915190:M 07 Jan 2024 18:07:34.174 * <raft> State change: Node is now a follower, term 1
2915190:M 07 Jan 2024 18:07:34.174 * <raft> Cluster Membership: term:1 index:6 nodes: id=2,voting=0,active=1,addr=- id=1,voting=1,active=1,addr=localhost:5091 id=3,voting=1,active=1,addr=localhost:5093
2915190:M 07 Jan 2024 18:07:34.572 * <raft> State change: Election starting, node is now a pre-candidate, term 1
2915190:M 07 Jan 2024 18:07:34.572 * <raft> Cluster Membership: term:1 index:7 nodes: id=2,voting=0,active=1,addr=- id=1,voting=1,active=1,addr=localhost:5091 id=3,voting=1,active=1,addr=localhost:5093
2915190:M 07 Jan 2024 18:07:34.873 * <raft> State change: Election starting, node is now a pre-candidate, term 1
2915190:M 07 Jan 2024 18:07:34.873 * <raft> Cluster Membership: term:1 index:7 nodes: id=2,voting=0,active=1,addr=- id=1,voting=1,active=1,addr=localhost:5091 id=3,voting=1,active=1,addr=localhost:5093
2915190:M 07 Jan 2024 18:07:35.175 * <raft> State change: Election starting, node is now a pre-candidate, term 1
2915190:M 07 Jan 2024 18:07:35.175 * <raft> Cluster Membership: term:1 index:7 nodes: id=2,voting=0,active=1,addr=- id=1,voting=1,active=1,addr=localhost:5091 id=3,voting=1,active=1,addr=localhost:5093
2915190:M 07 Jan 2024 18:07:35.316 - Client closed connection id=10 addr=127.0.0.1:37680 laddr=127.0.0.1:5092 fd=14 name= age=2 idle=2 flags=N db=0 sub=0 psub=0 ssub=0 multi=-1 qbuf=0 qbuf-free=20474 argv-mem=0 multi-mem=0 rbs=1024 rbp=0 obl=0 oll=0 omem=0 tot-mem=22400 events=r cmd=auth user=default redir=-1 resp=2 lib-name= lib-ver=
2915190:M 07 Jan 2024 18:07:35.476 * <raft> State change: Election starting, node is now a pre-candidate, term 1
2915190:M 07 Jan 2024 18:07:35.476 * <raft> Cluster Membership: term:1 index:7 nodes: id=2,voting=0,active=1,addr=- id=1,voting=1,active=1,addr=localhost:5091 id=3,voting=1,active=1,addr=localhost:5093
2915190:M 07 Jan 2024 18:07:35.879 * <raft> State change: Election starting, node is now a pre-candidate, term 1
2915190:M 07 Jan 2024 18:07:35.879 * <raft> Cluster Membership: term:1 index:7 nodes: id=2,voting=0,active=1,addr=- id=1,voting=1,active=1,addr=localhost:5091 id=3,voting=1,active=1,addr=localhost:5093
2915190:M 07 Jan 2024 18:07:36.281 * <raft> State change: Election starting, node is now a pre-candidate, term 1
2915190:M 07 Jan 2024 18:07:36.281 * <raft> Cluster Membership: term:1 index:7 nodes: id=2,voting=0,active=1,addr=- id=1,voting=1,active=1,addr=localhost:5091 id=3,voting=1,active=1,addr=localhost:5093
2915190:M 07 Jan 2024 18:07:36.583 * <raft> State change: Election starting, node is now a pre-candidate, term 1
2915190:M 07 Jan 2024 18:07:36.583 * <raft> Cluster Membership: term:1 index:7 nodes: id=2,voting=0,active=1,addr=- id=1,voting=1,active=1,addr=localhost:5091 id=3,voting=1,active=1,addr=localhost:5093
2915190:signal-handler (1704647256) Received SIGINT scheduling shutdown...
2915190:signal-handler (1704647256) You insist... exiting now.

----- Stderr -----
libgcov profiling error:/home/snagendra/Fuzzing/redisraft-fuzzing/build/deps/raft/CMakeFiles/raft.dir/src/raft_server.c.gcda:Merge mismatch for function 46




logs for node: 3

----- Stdout -----
2915243:C 07 Jan 2024 18:07:33.276 # WARNING Memory overcommit must be enabled! Without it, a background save or replication may fail under low memory condition. Being disabled, it can also cause failures without low memory condition, see https://github.com/jemalloc/jemalloc/issues/1328. To fix this issue add 'vm.overcommit_memory = 1' to /etc/sysctl.conf and then reboot or run the command 'sysctl vm.overcommit_memory=1' for this to take effect.
2915243:C 07 Jan 2024 18:07:33.276 * oO0OoO0OoO0Oo Redis is starting oO0OoO0OoO0Oo
2915243:C 07 Jan 2024 18:07:33.276 * Redis version=255.255.255, bits=64, commit=e04ebdb8, modified=1, pid=2915243, just started
2915243:C 07 Jan 2024 18:07:33.276 * Configuration loaded
2915243:M 07 Jan 2024 18:07:33.277 * monotonic clock: POSIX clock_gettime
2915243:M 07 Jan 2024 18:07:33.277 * Running mode=standalone, port=5093.
2915243:M 07 Jan 2024 18:07:33.283 * <raft> RedisRaft version 255.255.255 [b779b199]
2915243:M 07 Jan 2024 18:07:33.288 * <raft> Initializing test network
2915243:M 07 Jan 2024 18:07:33.289 * <raft> Created test network client
2915243:M 07 Jan 2024 18:07:33.290 * <raft> Raft module loaded, state is 'uninitialized'
2915243:M 07 Jan 2024 18:07:33.290 * Module 'raft' loaded from /home/snagendra/Fuzzing/redisraft-fuzzing/redisraft.so
2915243:M 07 Jan 2024 18:07:33.290 * Server initialized
2915243:M 07 Jan 2024 18:07:33.291 . The AOF directory appendonlydir doesn't exist
2915243:M 07 Jan 2024 18:07:33.291 * Ready to accept connections tcp
2915243:M 07 Jan 2024 18:07:33.291 . 0 clients connected (0 replicas), 1726224 bytes in use
2915243:M 07 Jan 2024 18:07:33.297 - Accepted 127.0.0.1:36102
2915243:M 07 Jan 2024 18:07:33.297 # Missing implement of connection type tls
2915243:M 07 Jan 2024 18:07:33.390 - <raft> join cluster, connecting to localhost:5091
2915243:M 07 Jan 2024 18:07:33.392 * <raft> Joined Raft cluster, node id: 3, dbid: d565b98cbfb51da663f570b70ef409df
2915243:M 07 Jan 2024 18:07:33.398 * <raft> Cluster Membership: term:0 index:0 nodes: id=3,voting=0,active=1,addr=-
2915243:M 07 Jan 2024 18:07:33.398 * <raft> Test network starting message polling thread
2915243:M 07 Jan 2024 18:07:33.436 - Accepted 127.0.0.1:36116
2915243:M 07 Jan 2024 18:07:33.618 * <raft> Cluster Membership: term:1 index:2 nodes: id=3,voting=0,active=1,addr=- id=1,voting=1,active=1,addr=localhost:5091
2915243:M 07 Jan 2024 18:07:33.619 * <raft> Cluster Membership: term:1 index:3 nodes: id=3,voting=0,active=1,addr=- id=1,voting=1,active=1,addr=localhost:5091 id=2,voting=0,active=1,addr=localhost:5092
2915243:M 07 Jan 2024 18:07:33.868 - Accepted 127.0.0.1:36128
2915243:M 07 Jan 2024 18:07:33.893 * <raft> State change: Election starting, node is now a pre-candidate, term 1
2915243:M 07 Jan 2024 18:07:33.893 * <raft> Cluster Membership: term:1 index:5 nodes: id=3,voting=0,active=1,addr=- id=1,voting=1,active=1,addr=localhost:5091 id=2,voting=0,active=1,addr=localhost:5092
2915243:M 07 Jan 2024 18:07:33.899 - Client closed connection id=9 addr=127.0.0.1:36116 laddr=127.0.0.1:5093 fd=10 name= age=0 idle=0 flags=N db=0 sub=0 psub=0 ssub=0 multi=-1 qbuf=0 qbuf-free=20474 argv-mem=0 multi-mem=0 rbs=1024 rbp=0 obl=0 oll=0 omem=0 tot-mem=22400 events=r cmd=auth user=default redir=-1 resp=2 lib-name= lib-ver=
2915243:M 07 Jan 2024 18:07:33.930 * <raft> State change: Node is now a follower, term 1
2915243:M 07 Jan 2024 18:07:33.930 * <raft> Cluster Membership: term:1 index:5 nodes: id=3,voting=0,active=1,addr=- id=1,voting=1,active=1,addr=localhost:5091 id=2,voting=0,active=1,addr=localhost:5092
2915243:M 07 Jan 2024 18:07:34.998 * <raft> State change: Election starting, node is now a pre-candidate, term 1
2915243:M 07 Jan 2024 18:07:34.998 * <raft> Cluster Membership: term:1 index:6 nodes: id=3,voting=1,active=1,addr=- id=1,voting=1,active=1,addr=localhost:5091 id=2,voting=0,active=1,addr=localhost:5092
2915243:M 07 Jan 2024 18:07:35.300 * <raft> State change: Election starting, node is now a pre-candidate, term 1
2915243:M 07 Jan 2024 18:07:35.300 * <raft> Cluster Membership: term:1 index:6 nodes: id=3,voting=1,active=1,addr=- id=1,voting=1,active=1,addr=localhost:5091 id=2,voting=0,active=1,addr=localhost:5092
2915243:signal-handler (1704647255) Received SIGINT scheduling shutdown...
2915243:signal-handler (1704647255) You insist... exiting now.
2916438:C 07 Jan 2024 18:07:35.916 # WARNING Memory overcommit must be enabled! Without it, a background save or replication may fail under low memory condition. Being disabled, it can also cause failures without low memory condition, see https://github.com/jemalloc/jemalloc/issues/1328. To fix this issue add 'vm.overcommit_memory = 1' to /etc/sysctl.conf and then reboot or run the command 'sysctl vm.overcommit_memory=1' for this to take effect.
2916438:C 07 Jan 2024 18:07:35.916 * oO0OoO0OoO0Oo Redis is starting oO0OoO0OoO0Oo
2916438:C 07 Jan 2024 18:07:35.916 * Redis version=255.255.255, bits=64, commit=e04ebdb8, modified=1, pid=2916438, just started
2916438:C 07 Jan 2024 18:07:35.916 * Configuration loaded
2916438:M 07 Jan 2024 18:07:35.917 * monotonic clock: POSIX clock_gettime
2916438:M 07 Jan 2024 18:07:35.917 * Running mode=standalone, port=5093.
2916438:M 07 Jan 2024 18:07:35.924 * <raft> RedisRaft version 255.255.255 [b779b199]
2916438:M 07 Jan 2024 18:07:35.929 * <raft> Initializing test network
2916438:M 07 Jan 2024 18:07:35.930 * <raft> Created test network client
2916438:M 07 Jan 2024 18:07:35.933 * <raft> Raft module loaded, state is 'loading'
2916438:M 07 Jan 2024 18:07:35.933 * Module 'raft' loaded from /home/snagendra/Fuzzing/redisraft-fuzzing/redisraft.so
2916438:M 07 Jan 2024 18:07:35.934 * Server initialized
2916438:M 07 Jan 2024 18:07:35.934 . The AOF directory appendonlydir doesn't exist
2916438:M 07 Jan 2024 18:07:35.934 * Ready to accept connections tcp
2916438:M 07 Jan 2024 18:07:35.934 . 0 clients connected (0 replicas), 1746720 bytes in use
2916438:M 07 Jan 2024 18:07:35.980 - Accepted 127.0.0.1:36192
2916438:M 07 Jan 2024 18:07:35.980 # Missing implement of connection type tls
2916438:M 07 Jan 2024 18:07:36.034 * <raft> Loading: Redis loading complete, snapshot NOT LOADED
2916438:M 07 Jan 2024 18:07:36.034 * <raft> Cluster Membership: term:0 index:0 nodes: id=3,voting=0,active=1,addr=-
2916438:M 07 Jan 2024 18:07:36.034 * <raft> Test network starting message polling thread
2916438:M 07 Jan 2024 18:07:36.035 * <raft> Cluster Membership: term:0 index:6 nodes: id=3,voting=1,active=1,addr=- id=1,voting=1,active=1,addr=localhost:5091
2916438:M 07 Jan 2024 18:07:36.035 * <raft> Cluster Membership: term:0 index:6 nodes: id=3,voting=1,active=1,addr=- id=1,voting=1,active=1,addr=localhost:5091 id=2,voting=0,active=1,addr=localhost:5092


=== REDIS BUG REPORT START: Cut & paste starting from here ===
2916438:M 07 Jan 2024 18:07:36.035 # Redis 255.255.255 crashed by signal: 6, si_code: -6
2916438:M 07 Jan 2024 18:07:36.035 # Crashed running the instruction at: 0x7f6a74dc5d3c

------ STACK TRACE ------
EIP:
/lib/x86_64-linux-gnu/libc.so.6(+0x8ad3c)[0x7f6a74dc5d3c]

Backtrace:
/lib/x86_64-linux-gnu/libc.so.6(+0x3bfd0)[0x7f6a74d76fd0]
/lib/x86_64-linux-gnu/libc.so.6(+0x8ad3c)[0x7f6a74dc5d3c]
/lib/x86_64-linux-gnu/libc.so.6(gsignal+0x12)[0x7f6a74d76f32]
/lib/x86_64-linux-gnu/libc.so.6(abort+0xd3)[0x7f6a74d61472]
/lib/x86_64-linux-gnu/libc.so.6(+0x26395)[0x7f6a74d61395]
/lib/x86_64-linux-gnu/libc.so.6(+0x34e32)[0x7f6a74d6fe32]
/home/snagendra/Fuzzing/redisraft-fuzzing/redisraft.so(raft_handle_append_cfg_change+0x2c2)[0x7f6a74cea942]
/home/snagendra/Fuzzing/redisraft-fuzzing/redisraft.so(raft_restore_log+0xb2)[0x7f6a74cee932]
/home/snagendra/Fuzzing/redisraft-fuzzing/redisraft.so(callRaftPeriodic+0x131)[0x7f6a74cdad41]
/home/snagendra/Fuzzing/redis/src/redis-server 0.0.0.0:5093(moduleTimerHandler+0x21c)[0x55ea7ca2d98c]
/home/snagendra/Fuzzing/redis/src/redis-server 0.0.0.0:5093(+0x81705)[0x55ea7c937705]
/home/snagendra/Fuzzing/redis/src/redis-server 0.0.0.0:5093(aeMain+0x1c8)[0x55ea7c941cb8]
/home/snagendra/Fuzzing/redis/src/redis-server 0.0.0.0:5093(main+0x3cd)[0x55ea7c936e2d]
/lib/x86_64-linux-gnu/libc.so.6(+0x271ca)[0x7f6a74d621ca]
/lib/x86_64-linux-gnu/libc.so.6(__libc_start_main+0x85)[0x7f6a74d62285]
/home/snagendra/Fuzzing/redis/src/redis-server 0.0.0.0:5093(_start+0x2a)[0x55ea7c9375aa]

------ REGISTERS ------
2916438:M 07 Jan 2024 18:07:36.036 # 
RAX:0000000000000000 RBX:00000000002c8056
RCX:00007f6a74dc5d3c RDX:0000000000000006
RDI:00000000002c8056 RSI:00000000002c8056
RBP:00007f6a74d371c0 RSP:00007ffea70e7500
R8 :0000000000000007 R9 :000055ea7ea81530
R10:0000000000000008 R11:0000000000000246
R12:0000000000000006 R13:0000000000000117
R14:00007f6a74d0e1df R15:00007ffea70e77b0
RIP:00007f6a74dc5d3c EFL:0000000000000246
CSGSFS:002b000000000033
2916438:M 07 Jan 2024 18:07:36.036 # (00007ffea70e750f) -> 000055ea7ea794f0
2916438:M 07 Jan 2024 18:07:36.036 # (00007ffea70e750e) -> 0000000000000007
2916438:M 07 Jan 2024 18:07:36.036 # (00007ffea70e750d) -> 0000000000000012
2916438:M 07 Jan 2024 18:07:36.036 # (00007ffea70e750c) -> 000055ea7ea81530
2916438:M 07 Jan 2024 18:07:36.036 # (00007ffea70e750b) -> 0000000000000117
2916438:M 07 Jan 2024 18:07:36.036 # (00007ffea70e750a) -> 0000000000000020
2916438:M 07 Jan 2024 18:07:36.036 # (00007ffea70e7509) -> 00007f6a74d61472
2916438:M 07 Jan 2024 18:07:36.036 # (00007ffea70e7508) -> 00007f6a74f0ee70
2916438:M 07 Jan 2024 18:07:36.036 # (00007ffea70e7507) -> 00007f6a74d76f32
2916438:M 07 Jan 2024 18:07:36.036 # (00007ffea70e7506) -> 00007f6a74d0e1df
2916438:M 07 Jan 2024 18:07:36.036 # (00007ffea70e7505) -> 0000000000000117
2916438:M 07 Jan 2024 18:07:36.036 # (00007ffea70e7504) -> 00007f6a74d16720
2916438:M 07 Jan 2024 18:07:36.036 # (00007ffea70e7503) -> 00007f6a74d371c0
2916438:M 07 Jan 2024 18:07:36.036 # (00007ffea70e7502) -> 0000000000000006
2916438:M 07 Jan 2024 18:07:36.036 # (00007ffea70e7501) -> 08d6ece0bae60a00
2916438:M 07 Jan 2024 18:07:36.036 # (00007ffea70e7500) -> 00007ffea70e77b0

------ INFO OUTPUT ------
# Server
redis_version:255.255.255
redis_git_sha1:e04ebdb8
redis_git_dirty:1
redis_build_id:1f78dcc7b4fbdd25
redis_mode:standalone
os:Linux 6.1.60.1.amd64-smp x86_64
arch_bits:64
monotonic_clock:POSIX clock_gettime
multiplexing_api:epoll
atomicvar_api:c11-builtin
gcc_version:10.2.1
process_id:2916438
process_supervised:no
run_id:027fe88a49e8611d372f999d8178df6fffcd83e7
tcp_port:5093
server_time_usec:1704647256034096
uptime_in_seconds:1
uptime_in_days:0
hz:10
configured_hz:10
lru_clock:10148439
executable:/home/snagendra/Fuzzing/redis/src/redis-server
config_file:
io_threads_active:0
listener0:name=tcp,bind=0.0.0.0,port=5093

# Clients
connected_clients:1
cluster_connections:0
maxclients:10000
client_recent_max_input_buffer:0
client_recent_max_output_buffer:0
blocked_clients:0
tracking_clients:0
clients_in_timeout_table:0
total_blocking_keys:0
total_blocking_keys_on_nokey:0

# Memory
used_memory:1819248
used_memory_human:1.73M
used_memory_rss:17690624
used_memory_rss_human:16.87M
used_memory_peak:1819248
used_memory_peak_human:1.73M
used_memory_peak_perc:100.52%
used_memory_overhead:1746760
used_memory_startup:1746576
used_memory_dataset:72488
used_memory_dataset_perc:99.75%
allocator_allocated:2165288
allocator_active:2703360
allocator_resident:10903552
total_system_memory:270388695040
total_system_memory_human:251.82G
used_memory_lua:31744
used_memory_vm_eval:31744
used_memory_lua_human:31.00K
used_memory_scripts_eval:0
number_of_cached_scripts:0
number_of_functions:0
number_of_libraries:0
used_memory_vm_functions:32768
used_memory_vm_total:64512
used_memory_vm_total_human:63.00K
used_memory_functions:184
used_memory_scripts:184
used_memory_scripts_human:184B
maxmemory:0
maxmemory_human:0B
maxmemory_policy:noeviction
allocator_frag_ratio:1.25
allocator_frag_bytes:538072
allocator_rss_ratio:4.03
allocator_rss_bytes:8200192
rss_overhead_ratio:1.62
rss_overhead_bytes:6787072
mem_fragmentation_ratio:10.13
mem_fragmentation_bytes:15943904
mem_not_counted_for_evict:0
mem_replication_backlog:0
mem_total_replication_buffers:0
mem_clients_slaves:0
mem_clients_normal:0
mem_cluster_links:0
mem_aof_buffer:0
mem_allocator:jemalloc-5.3.0
active_defrag_running:0
lazyfree_pending_objects:0
lazyfreed_objects:0

# Persistence
loading:0
async_loading:0
current_cow_peak:0
current_cow_size:0
current_cow_size_age:0
current_fork_perc:0.00
current_save_keys_processed:0
current_save_keys_total:0
rdb_changes_since_last_save:0
rdb_bgsave_in_progress:0
rdb_last_save_time:1704647255
rdb_last_bgsave_status:ok
rdb_last_bgsave_time_sec:-1
rdb_current_bgsave_time_sec:-1
rdb_saves:0
rdb_last_cow_size:0
rdb_last_load_keys_expired:0
rdb_last_load_keys_loaded:0
aof_enabled:0
aof_rewrite_in_progress:0
aof_rewrite_scheduled:0
aof_last_rewrite_time_sec:-1
aof_current_rewrite_time_sec:-1
aof_last_bgrewrite_status:ok
aof_rewrites:0
aof_rewrites_consecutive_failures:0
aof_last_write_status:ok
aof_last_cow_size:0
module_fork_in_progress:0
module_fork_last_cow_size:0

# Stats
total_connections_received:1
total_commands_processed:7
instantaneous_ops_per_sec:22
total_net_input_bytes:33
total_net_output_bytes:5
total_net_repl_input_bytes:0
total_net_repl_output_bytes:0
instantaneous_input_kbps:0.00
instantaneous_output_kbps:0.00
instantaneous_input_repl_kbps:0.00
instantaneous_output_repl_kbps:0.00
rejected_connections:0
sync_full:0
sync_partial_ok:0
sync_partial_err:0
expired_keys:0
expired_stale_perc:0.00
expired_time_cap_reached_count:0
expire_cycle_cpu_milliseconds:0
evicted_keys:0
evicted_clients:0
total_eviction_exceeded_time:0
current_eviction_exceeded_time:0
keyspace_hits:0
keyspace_misses:0
pubsub_channels:0
pubsub_patterns:0
pubsubshard_channels:0
latest_fork_usec:0
total_forks:0
migrate_cached_sockets:0
slave_expires_tracked_keys:0
active_defrag_hits:0
active_defrag_misses:0
active_defrag_key_hits:0
active_defrag_key_misses:0
total_active_defrag_time:0
current_active_defrag_time:0
tracking_total_keys:0
tracking_total_items:0
tracking_total_prefixes:0
unexpected_error_replies:0
total_error_replies:0
dump_payload_sanitizations:0
total_reads_processed:1
total_writes_processed:1
io_threaded_reads_processed:0
io_threaded_writes_processed:0
reply_buffer_shrinks:0
reply_buffer_expands:0
acl_access_denied_auth:0
acl_access_denied_cmd:0
acl_access_denied_key:0
acl_access_denied_channel:0

# Replication
role:master
connected_slaves:0
master_failover_state:no-failover
master_replid:1ed07796930b6d443bace55ed73ae3fe5d7a8afc
master_replid2:0000000000000000000000000000000000000000
master_repl_offset:0
second_repl_offset:-1
repl_backlog_active:0
repl_backlog_size:1048576
repl_backlog_first_byte_offset:0
repl_backlog_histlen:0

# CPU
used_cpu_sys:0.008276
used_cpu_user:0.012415
used_cpu_sys_children:0.000000
used_cpu_user_children:0.000000
used_cpu_sys_main_thread:0.007530
used_cpu_user_main_thread:0.011295

# Modules
module:name=raft,ver=1,api=1,filters=1,usedby=[],using=[],options=[]

# Commandstats
cmdstat_auth:calls=1,usec=5,usec_per_call=5.00,rejected_calls=0,failed_calls=0
cmdstat_config|get:calls=3,usec=6,usec_per_call=2.00,rejected_calls=0,failed_calls=0
cmdstat_config|set:calls=1,usec=13,usec_per_call=13.00,rejected_calls=0,failed_calls=0
cmdstat_command:calls=2,usec=1659,usec_per_call=829.50,rejected_calls=0,failed_calls=0

# Errorstats

# Latencystats
latency_percentiles_usec_auth:p50=5.023,p99=5.023,p99.9=5.023
latency_percentiles_usec_config|get:p50=2.007,p99=3.007,p99.9=3.007
latency_percentiles_usec_config|set:p50=13.055,p99=13.055,p99.9=13.055
latency_percentiles_usec_command:p50=778.239,p99=884.735,p99.9=884.735

# Cluster
cluster_enabled:0

# Keyspace

------ CLIENT LIST OUTPUT ------
id=8 addr=127.0.0.1:36192 laddr=127.0.0.1:5093 fd=11 name= age=1 idle=1 flags=N db=0 sub=0 psub=0 ssub=0 multi=-1 qbuf=0 qbuf-free=20474 argv-mem=0 multi-mem=0 rbs=16384 rbp=16384 obl=0 oll=0 omem=0 tot-mem=37760 events=r cmd=auth user=default redir=-1 resp=2 lib-name= lib-ver=

------ MODULES INFO OUTPUT ------
# raft_version
raft_version:255.255.255
raft_git_sha1:b779b199

# raft_general
raft_dbid:d565b98cbfb51da663f570b70ef409df
raft_node_id:3
raft_state:up
raft_role:follower
raft_is_voting:yes
raft_voted_for:-1
raft_leader_id:-1
raft_current_term:0
raft_num_nodes:3
raft_num_voting_nodes:2
raft_node1:id=1,state=disconnected,voting=yes,addr=localhost,port=5091,last_conn_secs=-1,conn_errors=0,conn_oks=0
raft_node2:id=2,state=disconnected,voting=no,addr=localhost,port=5092,last_conn_secs=-1,conn_errors=0,conn_oks=0

# raft_log
raft_log_entries:6
raft_current_index:6
raft_commit_index:0
raft_last_applied_index:0
raft_file_size:1641
raft_cache_memory_size:0
raft_cache_entries:0
raft_client_attached_entries:0
raft_fsync_count:0
raft_fsync_max_microseconds:0
raft_entry1:term=1,id=0,data_len=0
raft_entry2:term=1,id=383562504,data_len=264
raft_entry3:term=1,id=111795494,data_len=264
raft_entry4:term=1,id=206442383,data_len=264
raft_entry5:term=1,id=1497339609,data_len=35
raft_fsync_avg_microseconds:0

# raft_snapshot
raft_snapshot_filename:redis3.rdb
raft_snapshot_last_idx:0
raft_snapshot_last_term:0
raft_snapshot_size:0
raft_snapshot_time_secs:-1
raft_snapshots_created:0
raft_snapshots_received:0
raft_snapshot_in_progress:no
raft_snapshot_in_progress_last_idx:-1
raft_snapshot_in_progress_last_term:-1

# raft_clients
raft_proxy_reqs:0
raft_proxy_failed_reqs:0
raft_proxy_failed_responses:0
raft_proxy_outstanding_reqs:0

# raft_stats
raft_appendreq_received:0
raft_appendreq_with_entry_received:0
raft_snapshotreq_received:0
raft_exec_throttled:0
raft_num_sessions:0

------ CONFIG DEBUG OUTPUT ------
repl-diskless-sync yes
client-query-buffer-limit 1gb
sanitize-dump-payload no
io-threads-do-reads no
io-threads 1
lazyfree-lazy-server-del no
slave-read-only yes
replica-read-only yes
lazyfree-lazy-user-del no
list-compress-depth 0
lazyfree-lazy-eviction no
proto-max-bulk-len 512mb
lazyfree-lazy-expire no
lazyfree-lazy-user-flush no
activedefrag no
repl-diskless-load disabled

------ FAST MEMORY TEST ------
2916438:M 07 Jan 2024 18:07:36.036 # Bio worker thread #0 terminated
2916438:M 07 Jan 2024 18:07:36.036 # Bio worker thread #1 terminated
2916438:M 07 Jan 2024 18:07:36.036 # Bio worker thread #2 terminated
*** Preparing to test memory region 55ea7cc0d000 (2273280 bytes)
*** Preparing to test memory region 55ea7ea29000 (405504 bytes)
*** Preparing to test memory region 7f6a58000000 (135168 bytes)
*** Preparing to test memory region 7f6a5f7fe000 (8388608 bytes)
*** Preparing to test memory region 7f6a60000000 (135168 bytes)
*** Preparing to test memory region 7f6a67c00000 (2097152 bytes)
*** Preparing to test memory region 7f6a67fff000 (8388608 bytes)
*** Preparing to test memory region 7f6a68800000 (8388608 bytes)
*** Preparing to test memory region 7f6a69000000 (6291456 bytes)
*** Preparing to test memory region 7f6a697fc000 (8388608 bytes)
*** Preparing to test memory region 7f6a69ffd000 (8388608 bytes)
*** Preparing to test memory region 7f6a6a7fe000 (8388608 bytes)
*** Preparing to test memory region 7f6a6afff000 (8388608 bytes)
*** Preparing to test memory region 7f6a6b800000 (8388608 bytes)
*** Preparing to test memory region 7f6a6c000000 (135168 bytes)
*** Preparing to test memory region 7f6a700a1000 (2097152 bytes)
*** Preparing to test memory region 7f6a702a2000 (8388608 bytes)
*** Preparing to test memory region 7f6a70aa3000 (8388608 bytes)
*** Preparing to test memory region 7f6a712a4000 (8388608 bytes)
*** Preparing to test memory region 7f6a71aa5000 (8388608 bytes)
*** Preparing to test memory region 7f6a722a6000 (8388608 bytes)
*** Preparing to test memory region 7f6a72aa6000 (2621440 bytes)
*** Preparing to test memory region 7f6a7327f000 (12288 bytes)
*** Preparing to test memory region 7f6a73293000 (8192 bytes)
*** Preparing to test memory region 7f6a737fe000 (8192 bytes)
*** Preparing to test memory region 7f6a73a18000 (16384 bytes)
*** Preparing to test memory region 7f6a74400000 (8388608 bytes)
*** Preparing to test memory region 7f6a74c86000 (4096 bytes)
*** Preparing to test memory region 7f6a74cab000 (12288 bytes)
*** Preparing to test memory region 7f6a74d30000 (45056 bytes)
*** Preparing to test memory region 7f6a74f0f000 (53248 bytes)
*** Preparing to test memory region 7f6a7502c000 (8192 bytes)
.O.O.O.O.O.O.O.O.O.O.O.O.O.O.O.O.O.O.2916438:signal-handler (1704647256) Received SIGINT scheduling shutdown...
2916438:signal-handler (1704647256) You insist... exiting now.

----- Stderr -----
libgcov profiling error:/home/snagendra/Fuzzing/redisraft-fuzzing/build/deps/raft/CMakeFiles/raft.dir/src/raft_server.c.gcda:Merge mismatch for function 46
redis-server: /home/snagendra/Fuzzing/redisraft-fuzzing/deps/raft/src/raft_server.c:279: raft_handle_append_cfg_change: Assertion `node' failed.
libgcov profiling error:/home/snagendra/Fuzzing/redisraft-fuzzing/build/deps/raft/CMakeFiles/raft.dir/src/raft_server.c.gcda:Merge mismatch for function 46



