logs for node: 3

----- Stdout -----
1749835:C 07 Jan 2024 19:54:50.469 # WARNING Memory overcommit must be enabled! Without it, a background save or replication may fail under low memory condition. Being disabled, it can also cause failures without low memory condition, see https://github.com/jemalloc/jemalloc/issues/1328. To fix this issue add 'vm.overcommit_memory = 1' to /etc/sysctl.conf and then reboot or run the command 'sysctl vm.overcommit_memory=1' for this to take effect.
1749835:C 07 Jan 2024 19:54:50.469 * oO0OoO0OoO0Oo Redis is starting oO0OoO0OoO0Oo
1749835:C 07 Jan 2024 19:54:50.469 * Redis version=255.255.255, bits=64, commit=e04ebdb8, modified=1, pid=1749835, just started
1749835:C 07 Jan 2024 19:54:50.469 * Configuration loaded
1749835:M 07 Jan 2024 19:54:50.470 * monotonic clock: POSIX clock_gettime
1749835:M 07 Jan 2024 19:54:50.470 * Running mode=standalone, port=5063.
1749835:M 07 Jan 2024 19:54:50.476 * <raft> RedisRaft version 255.255.255 [b779b199]
1749835:M 07 Jan 2024 19:54:50.481 * <raft> Initializing test network
1749835:M 07 Jan 2024 19:54:50.482 * <raft> Created test network client
1749835:M 07 Jan 2024 19:54:50.483 * <raft> Raft module loaded, state is 'uninitialized'
1749835:M 07 Jan 2024 19:54:50.483 * Module 'raft' loaded from /home/snagendra/Fuzzing/redisraft-fuzzing/redisraft.so
1749835:M 07 Jan 2024 19:54:50.483 * Server initialized
1749835:M 07 Jan 2024 19:54:50.484 . The AOF directory appendonlydir doesn't exist
1749835:M 07 Jan 2024 19:54:50.484 * Ready to accept connections tcp
1749835:M 07 Jan 2024 19:54:50.484 . 0 clients connected (0 replicas), 1726160 bytes in use
1749835:M 07 Jan 2024 19:54:50.485 - Accepted 127.0.0.1:34874
1749835:M 07 Jan 2024 19:54:50.485 # Missing implement of connection type tls
1749835:M 07 Jan 2024 19:54:50.583 - <raft> join cluster, connecting to localhost:5061
1749835:M 07 Jan 2024 19:54:50.584 * <raft> Joined Raft cluster, node id: 3, dbid: 6bf1f11da944f801b547e1d29e32adcb
1749835:M 07 Jan 2024 19:54:50.590 * <raft> Cluster Membership: term:0 index:0 nodes: id=3,voting=0,active=1,addr=-
1749835:M 07 Jan 2024 19:54:50.591 * <raft> Test network starting message polling thread
1749835:M 07 Jan 2024 19:54:50.629 - Accepted 127.0.0.1:34888
1749835:M 07 Jan 2024 19:54:50.659 * <raft> Cluster Membership: term:1 index:2 nodes: id=3,voting=0,active=1,addr=- id=1,voting=1,active=1,addr=localhost:5061
1749835:M 07 Jan 2024 19:54:50.660 * <raft> Cluster Membership: term:1 index:3 nodes: id=3,voting=0,active=1,addr=- id=1,voting=1,active=1,addr=localhost:5061 id=2,voting=0,active=1,addr=localhost:5062
1749835:M 07 Jan 2024 19:54:50.961 - Accepted 127.0.0.1:34890
1749835:signal-handler (1704653691) Received SIGINT scheduling shutdown...
1749835:signal-handler (1704653691) You insist... exiting now.
1750763:C 07 Jan 2024 19:54:52.626 # WARNING Memory overcommit must be enabled! Without it, a background save or replication may fail under low memory condition. Being disabled, it can also cause failures without low memory condition, see https://github.com/jemalloc/jemalloc/issues/1328. To fix this issue add 'vm.overcommit_memory = 1' to /etc/sysctl.conf and then reboot or run the command 'sysctl vm.overcommit_memory=1' for this to take effect.
1750763:C 07 Jan 2024 19:54:52.626 * oO0OoO0OoO0Oo Redis is starting oO0OoO0OoO0Oo
1750763:C 07 Jan 2024 19:54:52.626 * Redis version=255.255.255, bits=64, commit=e04ebdb8, modified=1, pid=1750763, just started
1750763:C 07 Jan 2024 19:54:52.626 * Configuration loaded
1750763:M 07 Jan 2024 19:54:52.626 * monotonic clock: POSIX clock_gettime
1750763:M 07 Jan 2024 19:54:52.627 * Running mode=standalone, port=5063.
1750763:M 07 Jan 2024 19:54:52.633 * <raft> RedisRaft version 255.255.255 [b779b199]
1750763:M 07 Jan 2024 19:54:52.637 * <raft> Initializing test network
1750763:M 07 Jan 2024 19:54:52.638 * <raft> Created test network client
1750763:M 07 Jan 2024 19:54:52.641 * <raft> Raft module loaded, state is 'loading'
1750763:M 07 Jan 2024 19:54:52.641 * Module 'raft' loaded from /home/snagendra/Fuzzing/redisraft-fuzzing/redisraft.so
1750763:M 07 Jan 2024 19:54:52.641 * Server initialized
1750763:M 07 Jan 2024 19:54:52.641 . The AOF directory appendonlydir doesn't exist
1750763:M 07 Jan 2024 19:54:52.641 * Ready to accept connections tcp
1750763:M 07 Jan 2024 19:54:52.641 . 0 clients connected (0 replicas), 1746688 bytes in use
1750763:M 07 Jan 2024 19:54:52.726 - Accepted 127.0.0.1:51964
1750763:M 07 Jan 2024 19:54:52.726 # Missing implement of connection type tls
1750763:M 07 Jan 2024 19:54:52.741 * <raft> Loading: Redis loading complete, snapshot NOT LOADED
1750763:M 07 Jan 2024 19:54:52.742 * <raft> Cluster Membership: term:0 index:0 nodes: id=3,voting=0,active=1,addr=-
1750763:M 07 Jan 2024 19:54:52.742 * <raft> Test network starting message polling thread
1750763:M 07 Jan 2024 19:54:52.743 * <raft> Cluster Membership: term:0 index:7 nodes: id=3,voting=0,active=1,addr=- id=1,voting=1,active=1,addr=localhost:5061
1750763:M 07 Jan 2024 19:54:52.743 * <raft> Cluster Membership: term:0 index:7 nodes: id=3,voting=0,active=1,addr=- id=1,voting=1,active=1,addr=localhost:5061 id=2,voting=0,active=1,addr=localhost:5062
1750763:M 07 Jan 2024 19:54:52.743 * <raft> Raft state after loading log: log_count=7, first_idx=1, current_idx=7, last_applied_idx=0
1750763:M 07 Jan 2024 19:54:52.743 . <raft> Raft term=1, vote=-1
1750763:M 07 Jan 2024 19:54:52.823 - Client closed connection id=8 addr=127.0.0.1:51964 laddr=127.0.0.1:5063 fd=11 name= age=0 idle=0 flags=N db=0 sub=0 psub=0 ssub=0 multi=-1 qbuf=0 qbuf-free=20474 argv-mem=0 multi-mem=0 rbs=16384 rbp=0 obl=0 oll=0 omem=0 tot-mem=37760 events=r cmd=auth user=default redir=-1 resp=2 lib-name= lib-ver=
1750763:M 07 Jan 2024 19:54:53.004 - Accepted 127.0.0.1:51974
1750763:M 07 Jan 2024 19:54:53.345 * <raft> State change: Election starting, node is now a pre-candidate, term 1
1750763:M 07 Jan 2024 19:54:53.345 * <raft> Cluster Membership: term:1 index:7 nodes: id=3,voting=1,active=1,addr=- id=1,voting=1,active=1,addr=localhost:5061 id=2,voting=0,active=1,addr=localhost:5062
1750763:M 07 Jan 2024 19:54:53.362 - Client closed connection id=9 addr=127.0.0.1:51974 laddr=127.0.0.1:5063 fd=12 name= age=0 idle=0 flags=N db=0 sub=0 psub=0 ssub=0 multi=-1 qbuf=0 qbuf-free=20474 argv-mem=0 multi-mem=0 rbs=1024 rbp=0 obl=0 oll=0 omem=0 tot-mem=22400 events=r cmd=auth user=default redir=-1 resp=2 lib-name= lib-ver=
1750763:M 07 Jan 2024 19:54:53.421 * <raft> State change: Node is now a follower, term 1
1750763:M 07 Jan 2024 19:54:53.421 * <raft> Cluster Membership: term:1 index:7 nodes: id=3,voting=1,active=1,addr=- id=1,voting=1,active=1,addr=localhost:5061 id=2,voting=0,active=1,addr=localhost:5062
1750763:M 07 Jan 2024 19:54:53.647 * <raft> State change: Election starting, node is now a pre-candidate, term 1
1750763:M 07 Jan 2024 19:54:53.647 * <raft> Cluster Membership: term:1 index:8 nodes: id=3,voting=1,active=1,addr=- id=1,voting=1,active=1,addr=localhost:5061 id=2,voting=0,active=1,addr=localhost:5062
1750763:M 07 Jan 2024 19:54:53.697 * <raft> State change: Node is now a follower, term 1
1750763:M 07 Jan 2024 19:54:53.697 * <raft> Cluster Membership: term:1 index:8 nodes: id=3,voting=1,active=1,addr=- id=1,voting=1,active=1,addr=localhost:5061 id=2,voting=0,active=1,addr=localhost:5062
1750763:signal-handler (1704653693) Received SIGINT scheduling shutdown...
1750763:signal-handler (1704653693) You insist... exiting now.

----- Stderr -----
libgcov profiling error:/home/snagendra/Fuzzing/redisraft-fuzzing/build/deps/raft/CMakeFiles/raft.dir/src/raft_server_properties.c.gcda:Merge mismatch for function 2
libgcov profiling error:/home/snagendra/Fuzzing/redisraft-fuzzing/build/deps/raft/CMakeFiles/raft.dir/src/raft_server.c.gcda:Merge mismatch for function 33
libgcov profiling error:/home/snagendra/Fuzzing/redisraft-fuzzing/build/deps/raft/CMakeFiles/raft.dir/src/raft_server_properties.c.gcda:Merge mismatch for function 2
libgcov profiling error:/home/snagendra/Fuzzing/redisraft-fuzzing/build/deps/raft/CMakeFiles/raft.dir/src/raft_server.c.gcda:Merge mismatch for function 33




logs for node: 1

----- Stdout -----
1749697:C 07 Jan 2024 19:54:50.308 # WARNING Memory overcommit must be enabled! Without it, a background save or replication may fail under low memory condition. Being disabled, it can also cause failures without low memory condition, see https://github.com/jemalloc/jemalloc/issues/1328. To fix this issue add 'vm.overcommit_memory = 1' to /etc/sysctl.conf and then reboot or run the command 'sysctl vm.overcommit_memory=1' for this to take effect.
1749697:C 07 Jan 2024 19:54:50.308 * oO0OoO0OoO0Oo Redis is starting oO0OoO0OoO0Oo
1749697:C 07 Jan 2024 19:54:50.308 * Redis version=255.255.255, bits=64, commit=e04ebdb8, modified=1, pid=1749697, just started
1749697:C 07 Jan 2024 19:54:50.308 * Configuration loaded
1749697:M 07 Jan 2024 19:54:50.309 * monotonic clock: POSIX clock_gettime
1749697:M 07 Jan 2024 19:54:50.309 * Running mode=standalone, port=5061.
1749697:M 07 Jan 2024 19:54:50.318 * <raft> RedisRaft version 255.255.255 [b779b199]
1749697:M 07 Jan 2024 19:54:50.325 * <raft> Initializing test network
1749697:M 07 Jan 2024 19:54:50.326 * <raft> Created test network client
1749697:M 07 Jan 2024 19:54:50.326 * <raft> Raft module loaded, state is 'uninitialized'
1749697:M 07 Jan 2024 19:54:50.326 * Module 'raft' loaded from /home/snagendra/Fuzzing/redisraft-fuzzing/redisraft.so
1749697:M 07 Jan 2024 19:54:50.327 * Server initialized
1749697:M 07 Jan 2024 19:54:50.327 . The AOF directory appendonlydir doesn't exist
1749697:M 07 Jan 2024 19:54:50.328 * Ready to accept connections tcp
1749697:M 07 Jan 2024 19:54:50.328 . 0 clients connected (0 replicas), 1726224 bytes in use
1749697:M 07 Jan 2024 19:54:50.330 - Accepted 127.0.0.1:51384
1749697:M 07 Jan 2024 19:54:50.330 # Missing implement of connection type tls
1749697:M 07 Jan 2024 19:54:50.336 * <raft> Cluster Membership: term:0 index:0 nodes: id=1,voting=0,active=1,addr=-
1749697:M 07 Jan 2024 19:54:50.340 * <raft> State change: Node is now a leader, term 1
1749697:M 07 Jan 2024 19:54:50.340 * <raft> Cluster Membership: term:1 index:1 nodes: id=1,voting=0,active=1,addr=-
1749697:M 07 Jan 2024 19:54:50.341 * <raft> Test network starting message polling thread
1749697:M 07 Jan 2024 19:54:50.341 * <raft> Raft Cluster initialized, node id: 1, dbid: 6bf1f11da944f801b547e1d29e32adcb
1749697:M 07 Jan 2024 19:54:50.459 - Accepted 127.0.0.1:51386
1749697:M 07 Jan 2024 19:54:50.460 * <raft> Cluster Membership: term:1 index:3 nodes: id=1,voting=1,active=1,addr=- id=2,voting=0,active=1,addr=localhost:5062
1749697:M 07 Jan 2024 19:54:50.467 - Client closed connection id=9 addr=127.0.0.1:51386 laddr=127.0.0.1:5061 fd=12 name= age=0 idle=0 flags=N db=0 sub=0 psub=0 ssub=0 multi=-1 qbuf=0 qbuf-free=20474 argv-mem=0 multi-mem=0 rbs=16384 rbp=16384 obl=0 oll=0 omem=0 tot-mem=37760 events=r cmd=raft.node user=default redir=-1 resp=2 lib-name= lib-ver=
1749697:M 07 Jan 2024 19:54:50.583 - Accepted 127.0.0.1:51398
1749697:M 07 Jan 2024 19:54:50.584 * <raft> Cluster Membership: term:1 index:4 nodes: id=1,voting=1,active=1,addr=- id=2,voting=0,active=1,addr=localhost:5062 id=3,voting=0,active=1,addr=localhost:5063
1749697:M 07 Jan 2024 19:54:50.591 - Client closed connection id=10 addr=127.0.0.1:51398 laddr=127.0.0.1:5061 fd=13 name= age=0 idle=0 flags=N db=0 sub=0 psub=0 ssub=0 multi=-1 qbuf=0 qbuf-free=20474 argv-mem=0 multi-mem=0 rbs=16384 rbp=16384 obl=0 oll=0 omem=0 tot-mem=37760 events=r cmd=raft.node user=default redir=-1 resp=2 lib-name= lib-ver=
1749697:M 07 Jan 2024 19:54:50.684 - Accepted 127.0.0.1:51402
1749697:M 07 Jan 2024 19:54:50.860 - Accepted 127.0.0.1:51418
1749697:M 07 Jan 2024 19:54:51.051 * <raft> node:3 has sufficient logs, adding as voting node.
1749697:M 07 Jan 2024 19:54:51.369 - Client closed connection id=12 addr=127.0.0.1:51402 laddr=127.0.0.1:5061 fd=14 name= age=1 idle=1 flags=N db=0 sub=0 psub=0 ssub=0 multi=-1 qbuf=0 qbuf-free=20474 argv-mem=0 multi-mem=0 rbs=1024 rbp=0 obl=0 oll=0 omem=0 tot-mem=22400 events=r cmd=auth user=default redir=-1 resp=2 lib-name= lib-ver=
1749697:M 07 Jan 2024 19:54:51.749 - Client closed connection id=13 addr=127.0.0.1:51418 laddr=127.0.0.1:5061 fd=15 name= age=1 idle=1 flags=N db=0 sub=0 psub=0 ssub=0 multi=-1 qbuf=0 qbuf-free=20474 argv-mem=0 multi-mem=0 rbs=1024 rbp=0 obl=0 oll=0 omem=0 tot-mem=22400 events=r cmd=auth user=default redir=-1 resp=2 lib-name= lib-ver=
1749697:M 07 Jan 2024 19:54:52.022 - Accepted 127.0.0.1:51434
1749697:M 07 Jan 2024 19:54:52.037 * <raft> State change: Node is now a follower, term 1
1749697:M 07 Jan 2024 19:54:52.037 * <raft> Cluster Membership: term:1 index:8 nodes: id=1,voting=1,active=1,addr=- id=2,voting=0,active=1,addr=localhost:5062 id=3,voting=1,active=1,addr=localhost:5063
1749697:M 07 Jan 2024 19:54:52.147 - Accepted 127.0.0.1:51440
1749697:M 07 Jan 2024 19:54:52.338 * <raft> State change: Election starting, node is now a pre-candidate, term 1
1749697:M 07 Jan 2024 19:54:52.338 * <raft> Cluster Membership: term:1 index:8 nodes: id=1,voting=1,active=1,addr=- id=2,voting=0,active=1,addr=localhost:5062 id=3,voting=1,active=1,addr=localhost:5063
1749697:signal-handler (1704653692) Received SIGINT scheduling shutdown...
1749697:signal-handler (1704653692) You insist... exiting now.
1750904:C 07 Jan 2024 19:54:52.886 # WARNING Memory overcommit must be enabled! Without it, a background save or replication may fail under low memory condition. Being disabled, it can also cause failures without low memory condition, see https://github.com/jemalloc/jemalloc/issues/1328. To fix this issue add 'vm.overcommit_memory = 1' to /etc/sysctl.conf and then reboot or run the command 'sysctl vm.overcommit_memory=1' for this to take effect.
1750904:C 07 Jan 2024 19:54:52.886 * oO0OoO0OoO0Oo Redis is starting oO0OoO0OoO0Oo
1750904:C 07 Jan 2024 19:54:52.886 * Redis version=255.255.255, bits=64, commit=e04ebdb8, modified=1, pid=1750904, just started
1750904:C 07 Jan 2024 19:54:52.886 * Configuration loaded
1750904:M 07 Jan 2024 19:54:52.887 * monotonic clock: POSIX clock_gettime
1750904:M 07 Jan 2024 19:54:52.887 * Running mode=standalone, port=5061.
1750904:M 07 Jan 2024 19:54:52.894 * <raft> RedisRaft version 255.255.255 [b779b199]
1750904:M 07 Jan 2024 19:54:52.899 * <raft> Initializing test network
1750904:M 07 Jan 2024 19:54:52.899 * <raft> Created test network client
1750904:M 07 Jan 2024 19:54:52.902 * <raft> Raft module loaded, state is 'loading'
1750904:M 07 Jan 2024 19:54:52.902 * Module 'raft' loaded from /home/snagendra/Fuzzing/redisraft-fuzzing/redisraft.so
1750904:M 07 Jan 2024 19:54:52.902 * Server initialized
1750904:M 07 Jan 2024 19:54:52.902 . The AOF directory appendonlydir doesn't exist
1750904:M 07 Jan 2024 19:54:52.902 * Ready to accept connections tcp
1750904:M 07 Jan 2024 19:54:52.903 . 0 clients connected (0 replicas), 1746720 bytes in use
1750904:M 07 Jan 2024 19:54:52.944 - Accepted 127.0.0.1:47976
1750904:M 07 Jan 2024 19:54:52.944 # Missing implement of connection type tls
1750904:M 07 Jan 2024 19:54:53.002 * <raft> Loading: Redis loading complete, snapshot NOT LOADED
1750904:M 07 Jan 2024 19:54:53.003 * <raft> Cluster Membership: term:0 index:0 nodes: id=1,voting=0,active=1,addr=-
1750904:M 07 Jan 2024 19:54:53.003 * <raft> Test network starting message polling thread
1750904:M 07 Jan 2024 19:54:53.003 * <raft> Cluster Membership: term:0 index:8 nodes: id=1,voting=1,active=1,addr=- id=2,voting=0,active=1,addr=localhost:5062
1750904:M 07 Jan 2024 19:54:53.004 * <raft> Cluster Membership: term:0 index:8 nodes: id=1,voting=1,active=1,addr=- id=2,voting=0,active=1,addr=localhost:5062 id=3,voting=0,active=1,addr=localhost:5063
1750904:M 07 Jan 2024 19:54:53.004 * <raft> Raft state after loading log: log_count=8, first_idx=1, current_idx=8, last_applied_idx=0
1750904:M 07 Jan 2024 19:54:53.004 . <raft> Raft term=1, vote=-1
1750904:M 07 Jan 2024 19:54:53.068 - Accepted 127.0.0.1:47986
1750904:signal-handler (1704653693) Received SIGINT scheduling shutdown...
1751458:C 07 Jan 2024 19:54:53.667 # WARNING Memory overcommit must be enabled! Without it, a background save or replication may fail under low memory condition. Being disabled, it can also cause failures without low memory condition, see https://github.com/jemalloc/jemalloc/issues/1328. To fix this issue add 'vm.overcommit_memory = 1' to /etc/sysctl.conf and then reboot or run the command 'sysctl vm.overcommit_memory=1' for this to take effect.
1751458:C 07 Jan 2024 19:54:53.667 * oO0OoO0OoO0Oo Redis is starting oO0OoO0OoO0Oo
1751458:C 07 Jan 2024 19:54:53.667 * Redis version=255.255.255, bits=64, commit=e04ebdb8, modified=1, pid=1751458, just started
1751458:C 07 Jan 2024 19:54:53.667 * Configuration loaded
1751458:M 07 Jan 2024 19:54:53.667 * monotonic clock: POSIX clock_gettime
1751458:M 07 Jan 2024 19:54:53.668 * Running mode=standalone, port=5061.
1751458:M 07 Jan 2024 19:54:53.674 * <raft> RedisRaft version 255.255.255 [b779b199]
1751458:M 07 Jan 2024 19:54:53.679 * <raft> Initializing test network
1751458:M 07 Jan 2024 19:54:53.680 * <raft> Created test network client
1751458:M 07 Jan 2024 19:54:53.683 * <raft> Raft module loaded, state is 'loading'
1751458:M 07 Jan 2024 19:54:53.683 * Module 'raft' loaded from /home/snagendra/Fuzzing/redisraft-fuzzing/redisraft.so
1751458:M 07 Jan 2024 19:54:53.684 * Server initialized
1751458:M 07 Jan 2024 19:54:53.684 . The AOF directory appendonlydir doesn't exist
1751458:M 07 Jan 2024 19:54:53.684 * Ready to accept connections tcp
1751458:M 07 Jan 2024 19:54:53.684 . 0 clients connected (0 replicas), 1746656 bytes in use
1751458:signal-handler (1704653693) Received SIGINT scheduling shutdown...
1751458:signal-handler (1704653693) You insist... exiting now.
1751458:M 07 Jan 2024 19:54:53.784 * <raft> Loading: Redis loading complete, snapshot NOT LOADED


=== REDIS BUG REPORT START: Cut & paste starting from here ===
1751458:M 07 Jan 2024 19:54:53.784 # Redis 255.255.255 crashed by signal: 11, si_code: 1
1751458:M 07 Jan 2024 19:54:53.784 # Accessing address: 0x18
1751458:M 07 Jan 2024 19:54:53.784 # Crashed running the instruction at: 0x7fbd5484b0b0

------ STACK TRACE ------
EIP:
/lib/x86_64-linux-gnu/libc.so.6(__pthread_rwlock_wrlock+0x0)[0x7fbd5484b0b0]

Backtrace:
/lib/x86_64-linux-gnu/libc.so.6(+0x3bfd0)[0x7fbd547f7fd0]
/lib/x86_64-linux-gnu/libc.so.6(__pthread_rwlock_wrlock+0x0)[0x7fbd5484b0b0]
/lib/x86_64-linux-gnu/libcrypto.so.3(CRYPTO_THREAD_write_lock+0x9)[0x7fbd52c3df49]
/lib/x86_64-linux-gnu/libcrypto.so.3(ENGINE_get_first+0x3a)[0x7fbd52be408a]
/lib/x86_64-linux-gnu/libcrypto.so.3(ENGINE_register_all_complete+0x6)[0x7fbd52be3486]
/lib/x86_64-linux-gnu/libssh2.so.1(libssh2_init+0x39)[0x7fbd5359d389]
/lib/x86_64-linux-gnu/libcurl-gnutls.so.4(+0x8146b)[0x7fbd546de46b]
/lib/x86_64-linux-gnu/libcurl-gnutls.so.4(+0x22125)[0x7fbd5467f125]
/lib/x86_64-linux-gnu/libcurl-gnutls.so.4(curl_global_init+0x3a)[0x7fbd5467f22a]
/home/snagendra/Fuzzing/redisraft-fuzzing/redisraft.so(redis_test_http_do+0x2c)[0x7fbd5477b86c]
/home/snagendra/Fuzzing/redisraft-fuzzing/redisraft.so(redis_test_http_post+0x26)[0x7fbd5477ba86]
/home/snagendra/Fuzzing/redisraft-fuzzing/redisraft.so(redis_test_send_event+0x84)[0x7fbd5477afa4]
/home/snagendra/Fuzzing/redisraft-fuzzing/redisraft.so(testNetworkSendEvent+0x132)[0x7fbd54764782]
/home/snagendra/Fuzzing/redisraft-fuzzing/redisraft.so(testSendMemberShipEvent+0x10f)[0x7fbd5475b4df]
/home/snagendra/Fuzzing/redisraft-fuzzing/redisraft.so(raftNotifyMembershipEvent+0x6a)[0x7fbd5475b69a]
/home/snagendra/Fuzzing/redisraft-fuzzing/redisraft.so(raft_add_node_internal+0x139)[0x7fbd5476a139]
/home/snagendra/Fuzzing/redisraft-fuzzing/redisraft.so(raft_add_non_voting_node+0x1e)[0x7fbd5476a20e]
/home/snagendra/Fuzzing/redisraft-fuzzing/redisraft.so(RaftLibraryInit+0x15c)[0x7fbd5475b93c]
/home/snagendra/Fuzzing/redisraft-fuzzing/redisraft.so(callRaftPeriodic+0x2c8)[0x7fbd5475bed8]
/home/snagendra/Fuzzing/redis/src/redis-server 0.0.0.0:5061(moduleTimerHandler+0x21c)[0x5572b605e98c]
/home/snagendra/Fuzzing/redis/src/redis-server 0.0.0.0:5061(+0x81705)[0x5572b5f68705]
/home/snagendra/Fuzzing/redis/src/redis-server 0.0.0.0:5061(aeMain+0x1c8)[0x5572b5f72cb8]
/home/snagendra/Fuzzing/redis/src/redis-server 0.0.0.0:5061(main+0x3cd)[0x5572b5f67e2d]
/lib/x86_64-linux-gnu/libc.so.6(+0x271ca)[0x7fbd547e31ca]
/lib/x86_64-linux-gnu/libc.so.6(__libc_start_main+0x85)[0x7fbd547e3285]
/home/snagendra/Fuzzing/redis/src/redis-server 0.0.0.0:5061(_start+0x2a)[0x5572b5f685aa]

------ REGISTERS ------
1751458:M 07 Jan 2024 19:54:53.785 # 
RAX:0000000000000001 RBX:00005572b7bed7f0
RCX:0000000000000000 RDX:0000000000000000
RDI:0000000000000000 RSI:0000000000000000
RBP:00007fbd52e7e638 RSP:00007ffeeceebc38
R8 :0000000000000000 R9 :0000000000000000
R10:0000000000000000 R11:0000000000000000
R12:00007ffeeceebd30 R13:00005572b7c0a780
R14:00005572b6467e40 R15:00007ffeeceebdb8
RIP:00007fbd5484b0b0 EFL:0000000000010202
CSGSFS:002b000000000033
1751458:M 07 Jan 2024 19:54:53.785 # (00007ffeeceebc47) -> 00005572b7bed7f0
1751458:M 07 Jan 2024 19:54:53.785 # (00007ffeeceebc46) -> 00007fbd5467f125
1751458:M 07 Jan 2024 19:54:53.785 # (00007ffeeceebc45) -> 00007ffeeceebcc0
1751458:M 07 Jan 2024 19:54:53.785 # (00007ffeeceebc44) -> 00007fbd546de46b
1751458:M 07 Jan 2024 19:54:53.785 # (00007ffeeceebc43) -> 00005572b7c0a780
1751458:M 07 Jan 2024 19:54:53.785 # (00007ffeeceebc42) -> 00000000eceebd30
1751458:M 07 Jan 2024 19:54:53.785 # (00007ffeeceebc41) -> 00005572b7bed290
1751458:M 07 Jan 2024 19:54:53.785 # (00007ffeeceebc40) -> 00007fbd5359d389
1751458:M 07 Jan 2024 19:54:53.785 # (00007ffeeceebc3f) -> 00005572b7bed7f0
1751458:M 07 Jan 2024 19:54:53.785 # (00007ffeeceebc3e) -> 00007fbd52be3486
1751458:M 07 Jan 2024 19:54:53.785 # (00007ffeeceebc3d) -> 00005572b7bed290
1751458:M 07 Jan 2024 19:54:53.785 # (00007ffeeceebc3c) -> 00005572b7bed7f0
1751458:M 07 Jan 2024 19:54:53.785 # (00007ffeeceebc3b) -> 00007ffeeceebd30
1751458:M 07 Jan 2024 19:54:53.785 # (00007ffeeceebc3a) -> 00007fbd52be408a
1751458:M 07 Jan 2024 19:54:53.785 # (00007ffeeceebc39) -> 00005572b7bed7f0
1751458:M 07 Jan 2024 19:54:53.785 # (00007ffeeceebc38) -> 00007fbd52c3df49

------ INFO OUTPUT ------
# Server
redis_version:255.255.255
redis_git_sha1:e04ebdb8
redis_git_dirty:1
redis_build_id:1f78dcc7b4fbdd25
redis_mode:standalone
os:Linux 6.1.60.1.amd64-smp x86_64
arch_bits:64
monotonic_clock:POSIX clock_gettime
multiplexing_api:epoll
atomicvar_api:c11-builtin
gcc_version:10.2.1
process_id:1751458
process_supervised:no
run_id:2d3a7f1bbfa725f6947f9d8f41a919c77deccc4d
tcp_port:5061
server_time_usec:1704653693784601
uptime_in_seconds:0
uptime_in_days:0
hz:10
configured_hz:10
lru_clock:10154877
executable:/home/snagendra/Fuzzing/redis/src/redis-server
config_file:
io_threads_active:0
listener0:name=tcp,bind=0.0.0.0,port=5061

# Clients
connected_clients:0
cluster_connections:0
maxclients:10000
client_recent_max_input_buffer:0
client_recent_max_output_buffer:0
blocked_clients:0
tracking_clients:0
clients_in_timeout_table:0
total_blocking_keys:0
total_blocking_keys_on_nokey:0

# Memory
used_memory:1754152
used_memory_human:1.67M
used_memory_rss:17526784
used_memory_rss_human:16.71M
used_memory_peak:1754152
used_memory_peak_human:1.67M
used_memory_peak_perc:100.43%
used_memory_overhead:1746696
used_memory_startup:1746512
used_memory_dataset:7456
used_memory_dataset_perc:97.59%
allocator_allocated:2014536
allocator_active:2568192
allocator_resident:10715136
total_system_memory:270388695040
total_system_memory_human:251.82G
used_memory_lua:31744
used_memory_vm_eval:31744
used_memory_lua_human:31.00K
used_memory_scripts_eval:0
number_of_cached_scripts:0
number_of_functions:0
number_of_libraries:0
used_memory_vm_functions:32768
used_memory_vm_total:64512
used_memory_vm_total_human:63.00K
used_memory_functions:184
used_memory_scripts:184
used_memory_scripts_human:184B
maxmemory:0
maxmemory_human:0B
maxmemory_policy:noeviction
allocator_frag_ratio:1.27
allocator_frag_bytes:553656
allocator_rss_ratio:4.17
allocator_rss_bytes:8146944
rss_overhead_ratio:1.64
rss_overhead_bytes:6811648
mem_fragmentation_ratio:10.03
mem_fragmentation_bytes:15780128
mem_not_counted_for_evict:0
mem_replication_backlog:0
mem_total_replication_buffers:0
mem_clients_slaves:0
mem_clients_normal:0
mem_cluster_links:0
mem_aof_buffer:0
mem_allocator:jemalloc-5.3.0
active_defrag_running:0
lazyfree_pending_objects:0
lazyfreed_objects:0

# Persistence
loading:0
async_loading:0
current_cow_peak:0
current_cow_size:0
current_cow_size_age:0
current_fork_perc:0.00
current_save_keys_processed:0
current_save_keys_total:0
rdb_changes_since_last_save:0
rdb_bgsave_in_progress:0
rdb_last_save_time:1704653693
rdb_last_bgsave_status:ok
rdb_last_bgsave_time_sec:-1
rdb_current_bgsave_time_sec:-1
rdb_saves:0
rdb_last_cow_size:0
rdb_last_load_keys_expired:0
rdb_last_load_keys_loaded:0
aof_enabled:0
aof_rewrite_in_progress:0
aof_rewrite_scheduled:0
aof_last_rewrite_time_sec:-1
aof_current_rewrite_time_sec:-1
aof_last_bgrewrite_status:ok
aof_rewrites:0
aof_rewrites_consecutive_failures:0
aof_last_write_status:ok
aof_last_cow_size:0
module_fork_in_progress:0
module_fork_last_cow_size:0

# Stats
total_connections_received:0
total_commands_processed:6
instantaneous_ops_per_sec:22
total_net_input_bytes:0
total_net_output_bytes:0
total_net_repl_input_bytes:0
total_net_repl_output_bytes:0
instantaneous_input_kbps:0.00
instantaneous_output_kbps:0.00
instantaneous_input_repl_kbps:0.00
instantaneous_output_repl_kbps:0.00
rejected_connections:0
sync_full:0
sync_partial_ok:0
sync_partial_err:0
expired_keys:0
expired_stale_perc:0.00
expired_time_cap_reached_count:0
expire_cycle_cpu_milliseconds:0
evicted_keys:0
evicted_clients:0
total_eviction_exceeded_time:0
current_eviction_exceeded_time:0
keyspace_hits:0
keyspace_misses:0
pubsub_channels:0
pubsub_patterns:0
pubsubshard_channels:0
latest_fork_usec:0
total_forks:0
migrate_cached_sockets:0
slave_expires_tracked_keys:0
active_defrag_hits:0
active_defrag_misses:0
active_defrag_key_hits:0
active_defrag_key_misses:0
total_active_defrag_time:0
current_active_defrag_time:0
tracking_total_keys:0
tracking_total_items:0
tracking_total_prefixes:0
unexpected_error_replies:0
total_error_replies:0
dump_payload_sanitizations:0
total_reads_processed:0
total_writes_processed:0
io_threaded_reads_processed:0
io_threaded_writes_processed:0
reply_buffer_shrinks:0
reply_buffer_expands:0
acl_access_denied_auth:0
acl_access_denied_cmd:0
acl_access_denied_key:0
acl_access_denied_channel:0

# Replication
role:master
connected_slaves:0
master_failover_state:no-failover
master_replid:a812f704580b3dd6f1e1333771c89414b9f3f5f9
master_replid2:0000000000000000000000000000000000000000
master_repl_offset:0
second_repl_offset:-1
repl_backlog_active:0
repl_backlog_size:1048576
repl_backlog_first_byte_offset:0
repl_backlog_histlen:0

# CPU
used_cpu_sys:0.004135
used_cpu_user:0.014231
used_cpu_sys_children:0.000000
used_cpu_user_children:0.000000
used_cpu_sys_main_thread:0.003556
used_cpu_user_main_thread:0.014224

# Modules
module:name=raft,ver=1,api=1,filters=1,usedby=[],using=[],options=[]

# Commandstats
cmdstat_command:calls=2,usec=1731,usec_per_call=865.50,rejected_calls=0,failed_calls=0
cmdstat_config|get:calls=3,usec=5,usec_per_call=1.67,rejected_calls=0,failed_calls=0
cmdstat_config|set:calls=1,usec=12,usec_per_call=12.00,rejected_calls=0,failed_calls=0

# Errorstats

# Latencystats
latency_percentiles_usec_command:p50=831.487,p99=905.215,p99.9=905.215
latency_percentiles_usec_config|get:p50=2.007,p99=2.007,p99.9=2.007
latency_percentiles_usec_config|set:p50=12.031,p99=12.031,p99.9=12.031

# Cluster
cluster_enabled:0

# Keyspace

------ CLIENT LIST OUTPUT ------

------ MODULES INFO OUTPUT ------
# raft_version
raft_version:255.255.255
raft_git_sha1:b779b199

# raft_general
raft_dbid:
raft_node_id:1
raft_state:loading
raft_role:follower
raft_is_voting:no
raft_voted_for:-1
raft_leader_id:-1
raft_current_term:0
raft_num_nodes:1
raft_num_voting_nodes:0

# raft_log
raft_log_entries:0
raft_current_index:0
raft_commit_index:0
raft_last_applied_index:0
raft_file_size:1857
raft_cache_memory_size:0
raft_cache_entries:0
raft_client_attached_entries:0
raft_fsync_count:0
raft_fsync_max_microseconds:0
raft_fsync_avg_microseconds:0

# raft_snapshot
raft_snapshot_filename:redis1.rdb
raft_snapshot_last_idx:0
raft_snapshot_last_term:0
raft_snapshot_size:0
raft_snapshot_time_secs:-1
raft_snapshots_created:0
raft_snapshots_received:0
raft_snapshot_in_progress:no
raft_snapshot_in_progress_last_idx:-1
raft_snapshot_in_progress_last_term:-1

# raft_clients
raft_proxy_reqs:0
raft_proxy_failed_reqs:0
raft_proxy_failed_responses:0
raft_proxy_outstanding_reqs:0

# raft_stats
raft_appendreq_received:0
raft_appendreq_with_entry_received:0
raft_snapshotreq_received:0
raft_exec_throttled:0
raft_num_sessions:0

------ CONFIG DEBUG OUTPUT ------
io-threads-do-reads no
repl-diskless-load disabled
activedefrag no
lazyfree-lazy-user-del no
list-compress-depth 0
lazyfree-lazy-server-del no
sanitize-dump-payload no
repl-diskless-sync yes
lazyfree-lazy-eviction no
io-threads 1
lazyfree-lazy-user-flush no
proto-max-bulk-len 512mb
client-query-buffer-limit 1gb
lazyfree-lazy-expire no
replica-read-only yes
slave-read-only yes

------ FAST MEMORY TEST ------
1751458:M 07 Jan 2024 19:54:53.786 # Bio worker thread #0 terminated
1751458:M 07 Jan 2024 19:54:53.786 # Bio worker thread #1 terminated
1751458:M 07 Jan 2024 19:54:53.786 # Bio worker thread #2 terminated
*** Preparing to test memory region 5572b623e000 (2273280 bytes)
*** Preparing to test memory region 5572b7bc2000 (405504 bytes)
*** Preparing to test memory region 7fbd48000000 (8388608 bytes)
*** Preparing to test memory region 7fbd48800000 (6291456 bytes)
*** Preparing to test memory region 7fbd48ffb000 (8388608 bytes)
*** Preparing to test memory region 7fbd497fc000 (8388608 bytes)
*** Preparing to test memory region 7fbd49ffd000 (8388608 bytes)
*** Preparing to test memory region 7fbd4a7fe000 (8388608 bytes)
*** Preparing to test memory region 7fbd4afff000 (8388608 bytes)
*** Preparing to test memory region 7fbd4b800000 (8388608 bytes)
*** Preparing to test memory region 7fbd4c000000 (135168 bytes)
*** Preparing to test memory region 7fbd5051e000 (8388608 bytes)
*** Preparing to test memory region 7fbd50d1f000 (8388608 bytes)
*** Preparing to test memory region 7fbd51520000 (8388608 bytes)
*** Preparing to test memory region 7fbd51d21000 (8388608 bytes)
*** Preparing to test memory region 7fbd52521000 (2621440 bytes)
*** Preparing to test memory region 7fbd527b0000 (8192 bytes)
*** Preparing to test memory region 7fbd52e7f000 (12288 bytes)
*** Preparing to test memory region 7fbd53418000 (16384 bytes)
*** Preparing to test memory region 7fbd534cd000 (8192 bytes)
*** Preparing to test memory region 7fbd53e00000 (8388608 bytes)
*** Preparing to test memory region 7fbd5465c000 (4096 bytes)
*** Preparing to test memory region 7fbd5472d000 (8192 bytes)
*** Preparing to test memory region 7fbd547b1000 (45056 bytes)
*** Preparing to test memory region 7fbd54990000 (53248 bytes)
*** Preparing to test memory region 7fbd54aad000 (8192 bytes)
.O.O.
----- Stderr -----
libgcov profiling error:/home/snagendra/Fuzzing/redisraft-fuzzing/build/deps/raft/CMakeFiles/raft.dir/src/raft_server_properties.c.gcda:Merge mismatch for function 2
libgcov profiling error:/home/snagendra/Fuzzing/redisraft-fuzzing/build/deps/raft/CMakeFiles/raft.dir/src/raft_server.c.gcda:Merge mismatch for function 33
libgcov profiling error:/home/snagendra/Fuzzing/redisraft-fuzzing/build/deps/raft/CMakeFiles/raft.dir/src/raft_server_properties.c.gcda:Merge mismatch for function 2
libgcov profiling error:/home/snagendra/Fuzzing/redisraft-fuzzing/build/deps/raft/CMakeFiles/raft.dir/src/raft_server.c.gcda:Merge mismatch for function 33




logs for node: 2

----- Stdout -----
1749719:C 07 Jan 2024 19:54:50.344 # WARNING Memory overcommit must be enabled! Without it, a background save or replication may fail under low memory condition. Being disabled, it can also cause failures without low memory condition, see https://github.com/jemalloc/jemalloc/issues/1328. To fix this issue add 'vm.overcommit_memory = 1' to /etc/sysctl.conf and then reboot or run the command 'sysctl vm.overcommit_memory=1' for this to take effect.
1749719:C 07 Jan 2024 19:54:50.344 * oO0OoO0OoO0Oo Redis is starting oO0OoO0OoO0Oo
1749719:C 07 Jan 2024 19:54:50.344 * Redis version=255.255.255, bits=64, commit=e04ebdb8, modified=1, pid=1749719, just started
1749719:C 07 Jan 2024 19:54:50.344 * Configuration loaded
1749719:M 07 Jan 2024 19:54:50.344 * monotonic clock: POSIX clock_gettime
1749719:M 07 Jan 2024 19:54:50.345 * Running mode=standalone, port=5062.
1749719:M 07 Jan 2024 19:54:50.352 * <raft> RedisRaft version 255.255.255 [b779b199]
1749719:M 07 Jan 2024 19:54:50.357 * <raft> Initializing test network
1749719:M 07 Jan 2024 19:54:50.358 * <raft> Created test network client
1749719:M 07 Jan 2024 19:54:50.358 * <raft> Raft module loaded, state is 'uninitialized'
1749719:M 07 Jan 2024 19:54:50.358 * Module 'raft' loaded from /home/snagendra/Fuzzing/redisraft-fuzzing/redisraft.so
1749719:M 07 Jan 2024 19:54:50.359 * Server initialized
1749719:M 07 Jan 2024 19:54:50.359 . The AOF directory appendonlydir doesn't exist
1749719:M 07 Jan 2024 19:54:50.360 * Ready to accept connections tcp
1749719:M 07 Jan 2024 19:54:50.360 . 0 clients connected (0 replicas), 1726224 bytes in use
1749719:M 07 Jan 2024 19:54:50.362 - Accepted 127.0.0.1:46538
1749719:M 07 Jan 2024 19:54:50.362 # Missing implement of connection type tls
1749719:M 07 Jan 2024 19:54:50.459 - <raft> join cluster, connecting to localhost:5061
1749719:M 07 Jan 2024 19:54:50.461 * <raft> Joined Raft cluster, node id: 2, dbid: 6bf1f11da944f801b547e1d29e32adcb
1749719:M 07 Jan 2024 19:54:50.466 * <raft> Cluster Membership: term:0 index:0 nodes: id=2,voting=0,active=1,addr=-
1749719:M 07 Jan 2024 19:54:50.467 * <raft> Test network starting message polling thread
1749719:M 07 Jan 2024 19:54:50.529 - Accepted 127.0.0.1:46552
1749719:M 07 Jan 2024 19:54:50.684 - Accepted 127.0.0.1:46558
1749719:M 07 Jan 2024 19:54:50.811 * <raft> Cluster Membership: term:1 index:2 nodes: id=2,voting=0,active=1,addr=- id=1,voting=1,active=1,addr=localhost:5061
1749719:M 07 Jan 2024 19:54:50.959 * <raft> Cluster Membership: term:1 index:4 nodes: id=2,voting=0,active=1,addr=- id=1,voting=1,active=1,addr=localhost:5061 id=3,voting=0,active=1,addr=localhost:5063
1749719:M 07 Jan 2024 19:54:51.363 * <raft> State change: Election starting, node is now a pre-candidate, term 1
1749719:M 07 Jan 2024 19:54:51.363 * <raft> Cluster Membership: term:1 index:5 nodes: id=2,voting=0,active=1,addr=- id=1,voting=1,active=1,addr=localhost:5061 id=3,voting=0,active=1,addr=localhost:5063
1749719:M 07 Jan 2024 19:54:51.369 - Client closed connection id=10 addr=127.0.0.1:46558 laddr=127.0.0.1:5062 fd=13 name= age=1 idle=1 flags=N db=0 sub=0 psub=0 ssub=0 multi=-1 qbuf=0 qbuf-free=20474 argv-mem=0 multi-mem=0 rbs=1024 rbp=0 obl=0 oll=0 omem=0 tot-mem=22400 events=r cmd=auth user=default redir=-1 resp=2 lib-name= lib-ver=
1749719:signal-handler (1704653691) Received SIGINT scheduling shutdown...
1749719:signal-handler (1704653691) You insist... exiting now.
1750418:C 07 Jan 2024 19:54:51.904 # WARNING Memory overcommit must be enabled! Without it, a background save or replication may fail under low memory condition. Being disabled, it can also cause failures without low memory condition, see https://github.com/jemalloc/jemalloc/issues/1328. To fix this issue add 'vm.overcommit_memory = 1' to /etc/sysctl.conf and then reboot or run the command 'sysctl vm.overcommit_memory=1' for this to take effect.
1750418:C 07 Jan 2024 19:54:51.904 * oO0OoO0OoO0Oo Redis is starting oO0OoO0OoO0Oo
1750418:C 07 Jan 2024 19:54:51.904 * Redis version=255.255.255, bits=64, commit=e04ebdb8, modified=1, pid=1750418, just started
1750418:C 07 Jan 2024 19:54:51.904 * Configuration loaded
1750418:M 07 Jan 2024 19:54:51.905 * monotonic clock: POSIX clock_gettime
1750418:M 07 Jan 2024 19:54:51.905 * Running mode=standalone, port=5062.
1750418:M 07 Jan 2024 19:54:51.911 * <raft> RedisRaft version 255.255.255 [b779b199]
1750418:M 07 Jan 2024 19:54:51.915 * <raft> Initializing test network
1750418:M 07 Jan 2024 19:54:51.916 * <raft> Created test network client
1750418:M 07 Jan 2024 19:54:51.920 * <raft> Raft module loaded, state is 'loading'
1750418:M 07 Jan 2024 19:54:51.920 * Module 'raft' loaded from /home/snagendra/Fuzzing/redisraft-fuzzing/redisraft.so
1750418:M 07 Jan 2024 19:54:51.920 * Server initialized
1750418:M 07 Jan 2024 19:54:51.920 . The AOF directory appendonlydir doesn't exist
1750418:M 07 Jan 2024 19:54:51.920 * Ready to accept connections tcp
1750418:M 07 Jan 2024 19:54:51.920 . 0 clients connected (0 replicas), 1746720 bytes in use
1750418:M 07 Jan 2024 19:54:51.942 - Accepted 127.0.0.1:46588
1750418:M 07 Jan 2024 19:54:51.942 # Missing implement of connection type tls
1750418:M 07 Jan 2024 19:54:52.020 * <raft> Loading: Redis loading complete, snapshot NOT LOADED
1750418:M 07 Jan 2024 19:54:52.021 * <raft> Cluster Membership: term:0 index:0 nodes: id=2,voting=0,active=1,addr=-
1750418:M 07 Jan 2024 19:54:52.021 * <raft> Test network starting message polling thread
1750418:M 07 Jan 2024 19:54:52.021 * <raft> Cluster Membership: term:0 index:5 nodes: id=2,voting=0,active=1,addr=- id=1,voting=1,active=1,addr=localhost:5061
1750418:M 07 Jan 2024 19:54:52.022 * <raft> Cluster Membership: term:0 index:5 nodes: id=2,voting=0,active=1,addr=- id=1,voting=1,active=1,addr=localhost:5061 id=3,voting=0,active=1,addr=localhost:5063
1750418:M 07 Jan 2024 19:54:52.022 * <raft> Raft state after loading log: log_count=5, first_idx=1, current_idx=5, last_applied_idx=0
1750418:M 07 Jan 2024 19:54:52.022 . <raft> Raft term=1, vote=-1
1750418:M 07 Jan 2024 19:54:52.422 * <raft> State change: Node is now a follower, term 1
1750418:M 07 Jan 2024 19:54:52.422 * <raft> Cluster Membership: term:1 index:6 nodes: id=2,voting=0,active=1,addr=- id=1,voting=1,active=1,addr=localhost:5061 id=3,voting=0,active=1,addr=localhost:5063
1750418:M 07 Jan 2024 19:54:52.422 * <raft> State change: Election starting, node is now a pre-candidate, term 1
1750418:M 07 Jan 2024 19:54:52.422 * <raft> Cluster Membership: term:1 index:6 nodes: id=2,voting=0,active=1,addr=- id=1,voting=1,active=1,addr=localhost:5061 id=3,voting=0,active=1,addr=localhost:5063
1750418:M 07 Jan 2024 19:54:52.500 - Client closed connection id=8 addr=127.0.0.1:46588 laddr=127.0.0.1:5062 fd=11 name= age=1 idle=1 flags=N db=0 sub=0 psub=0 ssub=0 multi=-1 qbuf=0 qbuf-free=20474 argv-mem=0 multi-mem=0 rbs=1024 rbp=0 obl=0 oll=0 omem=0 tot-mem=22400 events=r cmd=auth user=default redir=-1 resp=2 lib-name= lib-ver=
1750418:M 07 Jan 2024 19:54:52.743 - Accepted 127.0.0.1:48602
1750418:signal-handler (1704653692) Received SIGINT scheduling shutdown...
1750418:signal-handler (1704653692) You insist... exiting now.
1751485:C 07 Jan 2024 19:54:53.698 # WARNING Memory overcommit must be enabled! Without it, a background save or replication may fail under low memory condition. Being disabled, it can also cause failures without low memory condition, see https://github.com/jemalloc/jemalloc/issues/1328. To fix this issue add 'vm.overcommit_memory = 1' to /etc/sysctl.conf and then reboot or run the command 'sysctl vm.overcommit_memory=1' for this to take effect.
1751485:C 07 Jan 2024 19:54:53.698 * oO0OoO0OoO0Oo Redis is starting oO0OoO0OoO0Oo
1751485:C 07 Jan 2024 19:54:53.698 * Redis version=255.255.255, bits=64, commit=e04ebdb8, modified=1, pid=1751485, just started
1751485:C 07 Jan 2024 19:54:53.698 * Configuration loaded
1751485:M 07 Jan 2024 19:54:53.699 * monotonic clock: POSIX clock_gettime
1751485:M 07 Jan 2024 19:54:53.699 * Running mode=standalone, port=5062.
1751485:M 07 Jan 2024 19:54:53.706 * <raft> RedisRaft version 255.255.255 [b779b199]
1751485:M 07 Jan 2024 19:54:53.710 * <raft> Initializing test network
1751485:M 07 Jan 2024 19:54:53.711 * <raft> Created test network client
1751485:M 07 Jan 2024 19:54:53.716 * <raft> Raft module loaded, state is 'loading'
1751485:M 07 Jan 2024 19:54:53.716 * Module 'raft' loaded from /home/snagendra/Fuzzing/redisraft-fuzzing/redisraft.so
1751485:M 07 Jan 2024 19:54:53.716 * Server initialized
1751485:M 07 Jan 2024 19:54:53.716 . The AOF directory appendonlydir doesn't exist
1751485:M 07 Jan 2024 19:54:53.716 * Ready to accept connections tcp
1751485:M 07 Jan 2024 19:54:53.716 . 0 clients connected (0 replicas), 1746720 bytes in use
1751485:signal-handler (1704653693) Received SIGINT scheduling shutdown...
1751485:signal-handler (1704653693) You insist... exiting now.
1751485:M 07 Jan 2024 19:54:53.815 * <raft> Loading: Redis loading complete, snapshot NOT LOADED


=== REDIS BUG REPORT START: Cut & paste starting from here ===
1751485:M 07 Jan 2024 19:54:53.816 # Redis 255.255.255 crashed by signal: 11, si_code: 1
1751485:M 07 Jan 2024 19:54:53.816 # Accessing address: 0x18
1751485:M 07 Jan 2024 19:54:53.816 # Crashed running the instruction at: 0x7fb34345a0b0

------ STACK TRACE ------
EIP:
/lib/x86_64-linux-gnu/libc.so.6(__pthread_rwlock_wrlock+0x0)[0x7fb34345a0b0]

Backtrace:
/lib/x86_64-linux-gnu/libc.so.6(+0x3bfd0)[0x7fb343406fd0]
/lib/x86_64-linux-gnu/libc.so.6(__pthread_rwlock_wrlock+0x0)[0x7fb34345a0b0]
/lib/x86_64-linux-gnu/libcrypto.so.3(CRYPTO_THREAD_write_lock+0x9)[0x7fb34183df49]
/lib/x86_64-linux-gnu/libcrypto.so.3(ENGINE_get_first+0x3a)[0x7fb3417e408a]
/lib/x86_64-linux-gnu/libcrypto.so.3(ENGINE_register_all_complete+0x6)[0x7fb3417e3486]
/lib/x86_64-linux-gnu/libssh2.so.1(libssh2_init+0x39)[0x7fb3421bc389]
/lib/x86_64-linux-gnu/libcurl-gnutls.so.4(+0x8146b)[0x7fb3432ed46b]
/lib/x86_64-linux-gnu/libcurl-gnutls.so.4(+0x22125)[0x7fb34328e125]
/lib/x86_64-linux-gnu/libcurl-gnutls.so.4(curl_global_init+0x3a)[0x7fb34328e22a]
/home/snagendra/Fuzzing/redisraft-fuzzing/redisraft.so(redis_test_http_do+0x2c)[0x7fb34338a86c]
/home/snagendra/Fuzzing/redisraft-fuzzing/redisraft.so(redis_test_http_post+0x26)[0x7fb34338aa86]
/home/snagendra/Fuzzing/redisraft-fuzzing/redisraft.so(redis_test_send_event+0x84)[0x7fb343389fa4]
/home/snagendra/Fuzzing/redisraft-fuzzing/redisraft.so(testNetworkSendEvent+0x132)[0x7fb343373782]
/home/snagendra/Fuzzing/redisraft-fuzzing/redisraft.so(testSendMemberShipEvent+0x10f)[0x7fb34336a4df]
/home/snagendra/Fuzzing/redisraft-fuzzing/redisraft.so(raftNotifyMembershipEvent+0x6a)[0x7fb34336a69a]
/home/snagendra/Fuzzing/redisraft-fuzzing/redisraft.so(raft_add_node_internal+0x139)[0x7fb343379139]
/home/snagendra/Fuzzing/redisraft-fuzzing/redisraft.so(raft_add_non_voting_node+0x1e)[0x7fb34337920e]
/home/snagendra/Fuzzing/redisraft-fuzzing/redisraft.so(RaftLibraryInit+0x15c)[0x7fb34336a93c]
/home/snagendra/Fuzzing/redisraft-fuzzing/redisraft.so(callRaftPeriodic+0x2c8)[0x7fb34336aed8]
/home/snagendra/Fuzzing/redis/src/redis-server 0.0.0.0:5062(moduleTimerHandler+0x21c)[0x5588adba598c]
/home/snagendra/Fuzzing/redis/src/redis-server 0.0.0.0:5062(+0x81705)[0x5588adaaf705]
/home/snagendra/Fuzzing/redis/src/redis-server 0.0.0.0:5062(aeMain+0x1c8)[0x5588adab9cb8]
/home/snagendra/Fuzzing/redis/src/redis-server 0.0.0.0:5062(main+0x3cd)[0x5588adaaee2d]
/lib/x86_64-linux-gnu/libc.so.6(+0x271ca)[0x7fb3433f21ca]
/lib/x86_64-linux-gnu/libc.so.6(__libc_start_main+0x85)[0x7fb3433f2285]
/home/snagendra/Fuzzing/redis/src/redis-server 0.0.0.0:5062(_start+0x2a)[0x5588adaaf5aa]

------ REGISTERS ------
1751485:M 07 Jan 2024 19:54:53.817 # 
RAX:0000000000000001 RBX:00005588ae1797f0
RCX:0000000000000000 RDX:0000000000000000
RDI:0000000000000000 RSI:0000000000000000
RBP:00007fb341a7e638 RSP:00007ffdd978c068
R8 :0000000000000000 R9 :0000000000000000
R10:0000000000000000 R11:0000000000000000
R12:00007ffdd978c160 R13:00005588ae196780
R14:00005588adfaee40 R15:00007ffdd978c1e8
RIP:00007fb34345a0b0 EFL:0000000000010202
CSGSFS:002b000000000033
1751485:M 07 Jan 2024 19:54:53.817 # (00007ffdd978c077) -> 00005588ae1797f0
1751485:M 07 Jan 2024 19:54:53.817 # (00007ffdd978c076) -> 00007fb34328e125
1751485:M 07 Jan 2024 19:54:53.817 # (00007ffdd978c075) -> 00007ffdd978c0f0
1751485:M 07 Jan 2024 19:54:53.817 # (00007ffdd978c074) -> 00007fb3432ed46b
1751485:M 07 Jan 2024 19:54:53.817 # (00007ffdd978c073) -> 00005588ae196780
1751485:M 07 Jan 2024 19:54:53.817 # (00007ffdd978c072) -> 00000000d978c160
1751485:M 07 Jan 2024 19:54:53.817 # (00007ffdd978c071) -> 00005588ae179290
1751485:M 07 Jan 2024 19:54:53.817 # (00007ffdd978c070) -> 00007fb3421bc389
1751485:M 07 Jan 2024 19:54:53.817 # (00007ffdd978c06f) -> 00005588ae1797f0
1751485:M 07 Jan 2024 19:54:53.817 # (00007ffdd978c06e) -> 00007fb3417e3486
1751485:M 07 Jan 2024 19:54:53.817 # (00007ffdd978c06d) -> 00005588ae179290
1751485:M 07 Jan 2024 19:54:53.817 # (00007ffdd978c06c) -> 00005588ae1797f0
1751485:M 07 Jan 2024 19:54:53.817 # (00007ffdd978c06b) -> 00007ffdd978c160
1751485:M 07 Jan 2024 19:54:53.817 # (00007ffdd978c06a) -> 00007fb3417e408a
1751485:M 07 Jan 2024 19:54:53.817 # (00007ffdd978c069) -> 00005588ae1797f0
1751485:M 07 Jan 2024 19:54:53.817 # (00007ffdd978c068) -> 00007fb34183df49

------ INFO OUTPUT ------
# Server
redis_version:255.255.255
redis_git_sha1:e04ebdb8
redis_git_dirty:1
redis_build_id:1f78dcc7b4fbdd25
redis_mode:standalone
os:Linux 6.1.60.1.amd64-smp x86_64
arch_bits:64
monotonic_clock:POSIX clock_gettime
multiplexing_api:epoll
atomicvar_api:c11-builtin
gcc_version:10.2.1
process_id:1751485
process_supervised:no
run_id:16bc845a51c2e36d006cbb3ec5226d05c06783a8
tcp_port:5062
server_time_usec:1704653693815874
uptime_in_seconds:0
uptime_in_days:0
hz:10
configured_hz:10
lru_clock:10154877
executable:/home/snagendra/Fuzzing/redis/src/redis-server
config_file:
io_threads_active:0
listener0:name=tcp,bind=0.0.0.0,port=5062

# Clients
connected_clients:0
cluster_connections:0
maxclients:10000
client_recent_max_input_buffer:0
client_recent_max_output_buffer:0
blocked_clients:0
tracking_clients:0
clients_in_timeout_table:0
total_blocking_keys:0
total_blocking_keys_on_nokey:0

# Memory
used_memory:1754216
used_memory_human:1.67M
used_memory_rss:17956864
used_memory_rss_human:17.12M
used_memory_peak:1754216
used_memory_peak_human:1.67M
used_memory_peak_perc:100.43%
used_memory_overhead:1746760
used_memory_startup:1746576
used_memory_dataset:7456
used_memory_dataset_perc:97.59%
allocator_allocated:2053064
allocator_active:2592768
allocator_resident:10862592
total_system_memory:270388695040
total_system_memory_human:251.82G
used_memory_lua:31744
used_memory_vm_eval:31744
used_memory_lua_human:31.00K
used_memory_scripts_eval:0
number_of_cached_scripts:0
number_of_functions:0
number_of_libraries:0
used_memory_vm_functions:32768
used_memory_vm_total:64512
used_memory_vm_total_human:63.00K
used_memory_functions:184
used_memory_scripts:184
used_memory_scripts_human:184B
maxmemory:0
maxmemory_human:0B
maxmemory_policy:noeviction
allocator_frag_ratio:1.26
allocator_frag_bytes:539704
allocator_rss_ratio:4.19
allocator_rss_bytes:8269824
rss_overhead_ratio:1.65
rss_overhead_bytes:7094272
mem_fragmentation_ratio:10.28
mem_fragmentation_bytes:16210144
mem_not_counted_for_evict:0
mem_replication_backlog:0
mem_total_replication_buffers:0
mem_clients_slaves:0
mem_clients_normal:0
mem_cluster_links:0
mem_aof_buffer:0
mem_allocator:jemalloc-5.3.0
active_defrag_running:0
lazyfree_pending_objects:0
lazyfreed_objects:0

# Persistence
loading:0
async_loading:0
current_cow_peak:0
current_cow_size:0
current_cow_size_age:0
current_fork_perc:0.00
current_save_keys_processed:0
current_save_keys_total:0
rdb_changes_since_last_save:0
rdb_bgsave_in_progress:0
rdb_last_save_time:1704653693
rdb_last_bgsave_status:ok
rdb_last_bgsave_time_sec:-1
rdb_current_bgsave_time_sec:-1
rdb_saves:0
rdb_last_cow_size:0
rdb_last_load_keys_expired:0
rdb_last_load_keys_loaded:0
aof_enabled:0
aof_rewrite_in_progress:0
aof_rewrite_scheduled:0
aof_last_rewrite_time_sec:-1
aof_current_rewrite_time_sec:-1
aof_last_bgrewrite_status:ok
aof_rewrites:0
aof_rewrites_consecutive_failures:0
aof_last_write_status:ok
aof_last_cow_size:0
module_fork_in_progress:0
module_fork_last_cow_size:0

# Stats
total_connections_received:0
total_commands_processed:6
instantaneous_ops_per_sec:22
total_net_input_bytes:0
total_net_output_bytes:0
total_net_repl_input_bytes:0
total_net_repl_output_bytes:0
instantaneous_input_kbps:0.00
instantaneous_output_kbps:0.00
instantaneous_input_repl_kbps:0.00
instantaneous_output_repl_kbps:0.00
rejected_connections:0
sync_full:0
sync_partial_ok:0
sync_partial_err:0
expired_keys:0
expired_stale_perc:0.00
expired_time_cap_reached_count:0
expire_cycle_cpu_milliseconds:0
evicted_keys:0
evicted_clients:0
total_eviction_exceeded_time:0
current_eviction_exceeded_time:0
keyspace_hits:0
keyspace_misses:0
pubsub_channels:0
pubsub_patterns:0
pubsubshard_channels:0
latest_fork_usec:0
total_forks:0
migrate_cached_sockets:0
slave_expires_tracked_keys:0
active_defrag_hits:0
active_defrag_misses:0
active_defrag_key_hits:0
active_defrag_key_misses:0
total_active_defrag_time:0
current_active_defrag_time:0
tracking_total_keys:0
tracking_total_items:0
tracking_total_prefixes:0
unexpected_error_replies:0
total_error_replies:0
dump_payload_sanitizations:0
total_reads_processed:0
total_writes_processed:0
io_threaded_reads_processed:0
io_threaded_writes_processed:0
reply_buffer_shrinks:0
reply_buffer_expands:0
acl_access_denied_auth:0
acl_access_denied_cmd:0
acl_access_denied_key:0
acl_access_denied_channel:0

# Replication
role:master
connected_slaves:0
master_failover_state:no-failover
master_replid:c532e70734203ed2d4a308678f68c190423f5485
master_replid2:0000000000000000000000000000000000000000
master_repl_offset:0
second_repl_offset:-1
repl_backlog_active:0
repl_backlog_size:1048576
repl_backlog_first_byte_offset:0
repl_backlog_histlen:0

# CPU
used_cpu_sys:0.010489
used_cpu_user:0.008463
used_cpu_sys_children:0.000000
used_cpu_user_children:0.000000
used_cpu_sys_main_thread:0.009046
used_cpu_user_main_thread:0.009046

# Modules
module:name=raft,ver=1,api=1,filters=1,usedby=[],using=[],options=[]

# Commandstats
cmdstat_config|set:calls=1,usec=7,usec_per_call=7.00,rejected_calls=0,failed_calls=0
cmdstat_config|get:calls=3,usec=5,usec_per_call=1.67,rejected_calls=0,failed_calls=0
cmdstat_command:calls=2,usec=1506,usec_per_call=753.00,rejected_calls=0,failed_calls=0

# Errorstats

# Latencystats
latency_percentiles_usec_config|set:p50=7.007,p99=7.007,p99.9=7.007
latency_percentiles_usec_config|get:p50=2.007,p99=2.007,p99.9=2.007
latency_percentiles_usec_command:p50=708.607,p99=802.815,p99.9=802.815

# Cluster
cluster_enabled:0

# Keyspace

------ CLIENT LIST OUTPUT ------

------ MODULES INFO OUTPUT ------
# raft_version
raft_version:255.255.255
raft_git_sha1:b779b199

# raft_general
raft_dbid:
raft_node_id:2
raft_state:loading
raft_role:follower
raft_is_voting:no
raft_voted_for:-1
raft_leader_id:-1
raft_current_term:0
raft_num_nodes:1
raft_num_voting_nodes:0

# raft_log
raft_log_entries:0
raft_current_index:0
raft_commit_index:0
raft_last_applied_index:0
raft_file_size:1747
raft_cache_memory_size:0
raft_cache_entries:0
raft_client_attached_entries:0
raft_fsync_count:0
raft_fsync_max_microseconds:0
raft_fsync_avg_microseconds:0

# raft_snapshot
raft_snapshot_filename:redis2.rdb
raft_snapshot_last_idx:0
raft_snapshot_last_term:0
raft_snapshot_size:0
raft_snapshot_time_secs:-1
raft_snapshots_created:0
raft_snapshots_received:0
raft_snapshot_in_progress:no
raft_snapshot_in_progress_last_idx:-1
raft_snapshot_in_progress_last_term:-1

# raft_clients
raft_proxy_reqs:0
raft_proxy_failed_reqs:0
raft_proxy_failed_responses:0
raft_proxy_outstanding_reqs:0

# raft_stats
raft_appendreq_received:0
raft_appendreq_with_entry_received:0
raft_snapshotreq_received:0
raft_exec_throttled:0
raft_num_sessions:0

------ CONFIG DEBUG OUTPUT ------
io-threads-do-reads no
sanitize-dump-payload no
proto-max-bulk-len 512mb
repl-diskless-sync yes
slave-read-only yes
client-query-buffer-limit 1gb
io-threads 1
lazyfree-lazy-user-flush no
lazyfree-lazy-server-del no
repl-diskless-load disabled
lazyfree-lazy-user-del no
activedefrag no
lazyfree-lazy-eviction no
replica-read-only yes
lazyfree-lazy-expire no
list-compress-depth 0

------ FAST MEMORY TEST ------
1751485:M 07 Jan 2024 19:54:53.817 # Bio worker thread #0 terminated
1751485:M 07 Jan 2024 19:54:53.817 # Bio worker thread #1 terminated
1751485:M 07 Jan 2024 19:54:53.817 # Bio worker thread #2 terminated
*** Preparing to test memory region 5588add85000 (2273280 bytes)
*** Preparing to test memory region 5588ae14e000 (405504 bytes)
*** Preparing to test memory region 7fb337000000 (8388608 bytes)
*** Preparing to test memory region 7fb337800000 (6291456 bytes)
*** Preparing to test memory region 7fb337ff9000 (8388608 bytes)
*** Preparing to test memory region 7fb3387fa000 (8388608 bytes)
*** Preparing to test memory region 7fb338ffb000 (8388608 bytes)
*** Preparing to test memory region 7fb3397fc000 (8388608 bytes)
*** Preparing to test memory region 7fb339ffd000 (8388608 bytes)
*** Preparing to test memory region 7fb33a7fe000 (8388608 bytes)
*** Preparing to test memory region 7fb33afff000 (8388608 bytes)
*** Preparing to test memory region 7fb33b800000 (8388608 bytes)
*** Preparing to test memory region 7fb33c000000 (135168 bytes)
*** Preparing to test memory region 7fb340131000 (8388608 bytes)
*** Preparing to test memory region 7fb340932000 (8388608 bytes)
*** Preparing to test memory region 7fb341132000 (2621440 bytes)
*** Preparing to test memory region 7fb341a7f000 (12288 bytes)
*** Preparing to test memory region 7fb341a95000 (8192 bytes)
*** Preparing to test memory region 7fb342018000 (16384 bytes)
*** Preparing to test memory region 7fb3420ec000 (8192 bytes)
*** Preparing to test memory region 7fb342a00000 (8388608 bytes)
*** Preparing to test memory region 7fb34326b000 (4096 bytes)
*** Preparing to test memory region 7fb34333c000 (8192 bytes)
*** Preparing to test memory region 7fb3433c0000 (45056 bytes)
*** Preparing to test memory region 7fb34359f000 (53248 bytes)
*** Preparing to test memory region 7fb3436bc000 (8192 bytes)
.
----- Stderr -----
libgcov profiling error:/home/snagendra/Fuzzing/redisraft-fuzzing/build/deps/raft/CMakeFiles/raft.dir/src/raft_server_properties.c.gcda:Merge mismatch for function 2
libgcov profiling error:/home/snagendra/Fuzzing/redisraft-fuzzing/build/deps/raft/CMakeFiles/raft.dir/src/raft_server.c.gcda:Merge mismatch for function 33
libgcov profiling error:/home/snagendra/Fuzzing/redisraft-fuzzing/build/deps/raft/CMakeFiles/raft.dir/src/raft_server_properties.c.gcda:Merge mismatch for function 2
libgcov profiling error:/home/snagendra/Fuzzing/redisraft-fuzzing/build/deps/raft/CMakeFiles/raft.dir/src/raft_server.c.gcda:Merge mismatch for function 33
libgcov profiling error:/home/snagendra/Fuzzing/redisraft-fuzzing/build/deps/raft/CMakeFiles/raft.dir/src/raft_server_properties.c.gcda:Merge mismatch for function 2
libgcov profiling error:/home/snagendra/Fuzzing/redisraft-fuzzing/build/deps/raft/CMakeFiles/raft.dir/src/raft_server.c.gcda:Merge mismatch for function 33



