logs for node: 1

----- Stdout -----
128300:C 08 Jan 2024 00:08:21.732 # WARNING Memory overcommit must be enabled! Without it, a background save or replication may fail under low memory condition. Being disabled, it can also cause failures without low memory condition, see https://github.com/jemalloc/jemalloc/issues/1328. To fix this issue add 'vm.overcommit_memory = 1' to /etc/sysctl.conf and then reboot or run the command 'sysctl vm.overcommit_memory=1' for this to take effect.
128300:C 08 Jan 2024 00:08:21.732 * oO0OoO0OoO0Oo Redis is starting oO0OoO0OoO0Oo
128300:C 08 Jan 2024 00:08:21.732 * Redis version=255.255.255, bits=64, commit=e04ebdb8, modified=1, pid=128300, just started
128300:C 08 Jan 2024 00:08:21.732 * Configuration loaded
128300:M 08 Jan 2024 00:08:21.733 * monotonic clock: POSIX clock_gettime
128300:M 08 Jan 2024 00:08:21.733 * Running mode=standalone, port=5081.
128300:M 08 Jan 2024 00:08:21.740 * <raft> RedisRaft version 255.255.255 [b779b199]
128300:M 08 Jan 2024 00:08:21.745 * <raft> Initializing test network
128300:M 08 Jan 2024 00:08:21.745 * <raft> Created test network client
128300:M 08 Jan 2024 00:08:21.746 * <raft> Raft module loaded, state is 'uninitialized'
128300:M 08 Jan 2024 00:08:21.746 * Module 'raft' loaded from /home/snagendra/Fuzzing/redisraft-fuzzing/redisraft.so
128300:M 08 Jan 2024 00:08:21.747 * Server initialized
128300:M 08 Jan 2024 00:08:21.747 . The AOF directory appendonlydir doesn't exist
128300:M 08 Jan 2024 00:08:21.748 * Ready to accept connections tcp
128300:M 08 Jan 2024 00:08:21.748 . 0 clients connected (0 replicas), 1726224 bytes in use
128300:M 08 Jan 2024 00:08:21.753 - Accepted 127.0.0.1:40916
128300:M 08 Jan 2024 00:08:21.753 # Missing implement of connection type tls
128300:M 08 Jan 2024 00:08:21.760 * <raft> Cluster Membership: term:0 index:0 nodes: id=1,voting=0,active=1,addr=-
128300:M 08 Jan 2024 00:08:21.765 * <raft> State change: Node is now a leader, term 1
128300:M 08 Jan 2024 00:08:21.765 * <raft> Cluster Membership: term:1 index:1 nodes: id=1,voting=0,active=1,addr=-
128300:M 08 Jan 2024 00:08:21.765 * <raft> Test network starting message polling thread
128300:M 08 Jan 2024 00:08:21.766 * <raft> Raft Cluster initialized, node id: 1, dbid: e9c6304be48c9e1761600415f46f99d5
128300:M 08 Jan 2024 00:08:21.882 - Accepted 127.0.0.1:40932
128300:M 08 Jan 2024 00:08:21.883 * <raft> Cluster Membership: term:1 index:3 nodes: id=1,voting=1,active=1,addr=- id=2,voting=0,active=1,addr=localhost:5082
128300:M 08 Jan 2024 00:08:21.891 - Client closed connection id=9 addr=127.0.0.1:40932 laddr=127.0.0.1:5081 fd=12 name= age=0 idle=0 flags=N db=0 sub=0 psub=0 ssub=0 multi=-1 qbuf=0 qbuf-free=20474 argv-mem=0 multi-mem=0 rbs=16384 rbp=16384 obl=0 oll=0 omem=0 tot-mem=37760 events=r cmd=raft.node user=default redir=-1 resp=2 lib-name= lib-ver=
128300:M 08 Jan 2024 00:08:22.008 - Accepted 127.0.0.1:40940
128300:M 08 Jan 2024 00:08:22.009 * <raft> Cluster Membership: term:1 index:4 nodes: id=1,voting=1,active=1,addr=- id=2,voting=0,active=1,addr=localhost:5082 id=3,voting=0,active=1,addr=localhost:5083
128300:M 08 Jan 2024 00:08:22.017 - Client closed connection id=10 addr=127.0.0.1:40940 laddr=127.0.0.1:5081 fd=13 name= age=0 idle=0 flags=N db=0 sub=0 psub=0 ssub=0 multi=-1 qbuf=0 qbuf-free=20474 argv-mem=0 multi-mem=0 rbs=16384 rbp=16384 obl=0 oll=0 omem=0 tot-mem=37760 events=r cmd=raft.node user=default redir=-1 resp=2 lib-name= lib-ver=
128300:M 08 Jan 2024 00:08:22.262 * <raft> node:2 has sufficient logs, adding as voting node.
128300:M 08 Jan 2024 00:08:22.283 - Accepted 127.0.0.1:40954
128300:M 08 Jan 2024 00:08:22.309 - Accepted 127.0.0.1:40958
128300:signal-handler (1704668902) Received SIGINT scheduling shutdown...
128300:signal-handler (1704668902) You insist... exiting now.
129138:C 08 Jan 2024 00:08:24.326 # WARNING Memory overcommit must be enabled! Without it, a background save or replication may fail under low memory condition. Being disabled, it can also cause failures without low memory condition, see https://github.com/jemalloc/jemalloc/issues/1328. To fix this issue add 'vm.overcommit_memory = 1' to /etc/sysctl.conf and then reboot or run the command 'sysctl vm.overcommit_memory=1' for this to take effect.
129138:C 08 Jan 2024 00:08:24.326 * oO0OoO0OoO0Oo Redis is starting oO0OoO0OoO0Oo
129138:C 08 Jan 2024 00:08:24.326 * Redis version=255.255.255, bits=64, commit=e04ebdb8, modified=1, pid=129138, just started
129138:C 08 Jan 2024 00:08:24.326 * Configuration loaded
129138:M 08 Jan 2024 00:08:24.326 * monotonic clock: POSIX clock_gettime
129138:M 08 Jan 2024 00:08:24.327 * Running mode=standalone, port=5081.
129138:M 08 Jan 2024 00:08:24.334 * <raft> RedisRaft version 255.255.255 [b779b199]
129138:M 08 Jan 2024 00:08:24.338 * <raft> Initializing test network
129138:M 08 Jan 2024 00:08:24.339 * <raft> Created test network client
129138:M 08 Jan 2024 00:08:24.345 * <raft> Raft module loaded, state is 'loading'
129138:M 08 Jan 2024 00:08:24.345 * Module 'raft' loaded from /home/snagendra/Fuzzing/redisraft-fuzzing/redisraft.so
129138:M 08 Jan 2024 00:08:24.346 * Server initialized
129138:M 08 Jan 2024 00:08:24.346 . The AOF directory appendonlydir doesn't exist
129138:M 08 Jan 2024 00:08:24.346 * Ready to accept connections tcp
129138:M 08 Jan 2024 00:08:24.346 . 0 clients connected (0 replicas), 1746624 bytes in use
129138:M 08 Jan 2024 00:08:24.348 - Accepted 127.0.0.1:55796
129138:M 08 Jan 2024 00:08:24.348 # Missing implement of connection type tls
129138:M 08 Jan 2024 00:08:24.416 - Accepted 127.0.0.1:55804
129138:M 08 Jan 2024 00:08:24.445 * <raft> Loading: Redis loading complete, snapshot NOT LOADED
129138:M 08 Jan 2024 00:08:24.446 * <raft> Cluster Membership: term:0 index:0 nodes: id=1,voting=0,active=1,addr=-
129138:M 08 Jan 2024 00:08:24.446 * <raft> Test network starting message polling thread
129138:M 08 Jan 2024 00:08:24.447 * <raft> Cluster Membership: term:0 index:5 nodes: id=1,voting=1,active=1,addr=- id=2,voting=0,active=1,addr=localhost:5082
129138:M 08 Jan 2024 00:08:24.447 * <raft> Cluster Membership: term:0 index:5 nodes: id=1,voting=1,active=1,addr=- id=2,voting=0,active=1,addr=localhost:5082 id=3,voting=0,active=1,addr=localhost:5083
129138:M 08 Jan 2024 00:08:24.447 * <raft> Raft state after loading log: log_count=5, first_idx=1, current_idx=5, last_applied_idx=0
129138:M 08 Jan 2024 00:08:24.447 . <raft> Raft term=1, vote=-1
129138:signal-handler (1704668904) Received SIGINT scheduling shutdown...
129138:signal-handler (1704668904) You insist... exiting now.
129473:C 08 Jan 2024 00:08:24.895 # WARNING Memory overcommit must be enabled! Without it, a background save or replication may fail under low memory condition. Being disabled, it can also cause failures without low memory condition, see https://github.com/jemalloc/jemalloc/issues/1328. To fix this issue add 'vm.overcommit_memory = 1' to /etc/sysctl.conf and then reboot or run the command 'sysctl vm.overcommit_memory=1' for this to take effect.
129473:C 08 Jan 2024 00:08:24.895 * oO0OoO0OoO0Oo Redis is starting oO0OoO0OoO0Oo
129473:C 08 Jan 2024 00:08:24.895 * Redis version=255.255.255, bits=64, commit=e04ebdb8, modified=1, pid=129473, just started
129473:C 08 Jan 2024 00:08:24.895 * Configuration loaded
129473:M 08 Jan 2024 00:08:24.895 * monotonic clock: POSIX clock_gettime
129473:M 08 Jan 2024 00:08:24.896 * Running mode=standalone, port=5081.
129473:M 08 Jan 2024 00:08:24.902 * <raft> RedisRaft version 255.255.255 [b779b199]
129473:M 08 Jan 2024 00:08:24.907 * <raft> Initializing test network
129473:M 08 Jan 2024 00:08:24.908 * <raft> Created test network client
129473:M 08 Jan 2024 00:08:24.911 * <raft> Raft module loaded, state is 'loading'
129473:M 08 Jan 2024 00:08:24.911 * Module 'raft' loaded from /home/snagendra/Fuzzing/redisraft-fuzzing/redisraft.so
129473:M 08 Jan 2024 00:08:24.912 * Server initialized
129473:M 08 Jan 2024 00:08:24.912 . The AOF directory appendonlydir doesn't exist
129473:M 08 Jan 2024 00:08:24.912 * Ready to accept connections tcp
129473:M 08 Jan 2024 00:08:24.912 . 0 clients connected (0 replicas), 1746720 bytes in use
129473:M 08 Jan 2024 00:08:24.952 - Accepted 127.0.0.1:55828
129473:M 08 Jan 2024 00:08:24.952 # Missing implement of connection type tls
129473:signal-handler (1704668904) Received SIGINT scheduling shutdown...
129473:signal-handler (1704668904) You insist... exiting now.
129553:C 08 Jan 2024 00:08:25.062 # WARNING Memory overcommit must be enabled! Without it, a background save or replication may fail under low memory condition. Being disabled, it can also cause failures without low memory condition, see https://github.com/jemalloc/jemalloc/issues/1328. To fix this issue add 'vm.overcommit_memory = 1' to /etc/sysctl.conf and then reboot or run the command 'sysctl vm.overcommit_memory=1' for this to take effect.
129553:C 08 Jan 2024 00:08:25.062 * oO0OoO0OoO0Oo Redis is starting oO0OoO0OoO0Oo
129553:C 08 Jan 2024 00:08:25.062 * Redis version=255.255.255, bits=64, commit=e04ebdb8, modified=1, pid=129553, just started
129553:C 08 Jan 2024 00:08:25.062 * Configuration loaded
129553:M 08 Jan 2024 00:08:25.062 * monotonic clock: POSIX clock_gettime
129553:M 08 Jan 2024 00:08:25.063 * Running mode=standalone, port=5081.
129553:M 08 Jan 2024 00:08:25.070 * <raft> RedisRaft version 255.255.255 [b779b199]
129553:M 08 Jan 2024 00:08:25.074 * <raft> Initializing test network
129553:M 08 Jan 2024 00:08:25.075 * <raft> Created test network client
129553:M 08 Jan 2024 00:08:25.076 * <raft> Raft module loaded, state is 'loading'
129553:M 08 Jan 2024 00:08:25.076 * Module 'raft' loaded from /home/snagendra/Fuzzing/redisraft-fuzzing/redisraft.so
129553:M 08 Jan 2024 00:08:25.077 * Server initialized
129553:M 08 Jan 2024 00:08:25.077 . The AOF directory appendonlydir doesn't exist
129553:M 08 Jan 2024 00:08:25.077 * Ready to accept connections tcp
129553:M 08 Jan 2024 00:08:25.077 . 0 clients connected (0 replicas), 1746656 bytes in use
129553:M 08 Jan 2024 00:08:25.153 - Accepted 127.0.0.1:55832
129553:M 08 Jan 2024 00:08:25.153 # Missing implement of connection type tls
129553:M 08 Jan 2024 00:08:25.156 - Client closed connection id=8 addr=127.0.0.1:55832 laddr=127.0.0.1:5081 fd=11 name= age=0 idle=0 flags=N db=0 sub=0 psub=0 ssub=0 multi=-1 qbuf=0 qbuf-free=20474 argv-mem=0 multi-mem=0 rbs=16384 rbp=16384 obl=0 oll=0 omem=0 tot-mem=37760 events=r cmd=NULL user=default redir=-1 resp=2 lib-name= lib-ver=
129553:signal-handler (1704668905) Received SIGINT scheduling shutdown...
129553:signal-handler (1704668905) You insist... exiting now.

----- Stderr -----
libgcov profiling error:/home/snagendra/Fuzzing/redisraft-fuzzing/build/deps/raft/CMakeFiles/raft.dir/src/raft_server_properties.c.gcda:Merge mismatch for function 9
libgcov profiling error:/home/snagendra/Fuzzing/redisraft-fuzzing/build/deps/raft/CMakeFiles/raft.dir/src/raft_server.c.gcda:Merge mismatch for function 47
libgcov profiling error:/home/snagendra/Fuzzing/redisraft-fuzzing/build/deps/raft/CMakeFiles/raft.dir/src/raft_server_properties.c.gcda:Merge mismatch for function 9
libgcov profiling error:/home/snagendra/Fuzzing/redisraft-fuzzing/build/deps/raft/CMakeFiles/raft.dir/src/raft_server.c.gcda:Merge mismatch for function 47
libgcov profiling error:/home/snagendra/Fuzzing/redisraft-fuzzing/build/deps/raft/CMakeFiles/raft.dir/src/raft_server_properties.c.gcda:Merge mismatch for function 9
libgcov profiling error:/home/snagendra/Fuzzing/redisraft-fuzzing/build/deps/raft/CMakeFiles/raft.dir/src/raft_server.c.gcda:Merge mismatch for function 47
libgcov profiling error:/home/snagendra/Fuzzing/redisraft-fuzzing/build/deps/raft/CMakeFiles/raft.dir/src/raft_server_properties.c.gcda:Merge mismatch for function 9
libgcov profiling error:/home/snagendra/Fuzzing/redisraft-fuzzing/build/deps/raft/CMakeFiles/raft.dir/src/raft_server.c.gcda:Merge mismatch for function 47




logs for node: 2

----- Stdout -----
128319:C 08 Jan 2024 00:08:21.768 # WARNING Memory overcommit must be enabled! Without it, a background save or replication may fail under low memory condition. Being disabled, it can also cause failures without low memory condition, see https://github.com/jemalloc/jemalloc/issues/1328. To fix this issue add 'vm.overcommit_memory = 1' to /etc/sysctl.conf and then reboot or run the command 'sysctl vm.overcommit_memory=1' for this to take effect.
128319:C 08 Jan 2024 00:08:21.768 * oO0OoO0OoO0Oo Redis is starting oO0OoO0OoO0Oo
128319:C 08 Jan 2024 00:08:21.768 * Redis version=255.255.255, bits=64, commit=e04ebdb8, modified=1, pid=128319, just started
128319:C 08 Jan 2024 00:08:21.768 * Configuration loaded
128319:M 08 Jan 2024 00:08:21.769 * monotonic clock: POSIX clock_gettime
128319:M 08 Jan 2024 00:08:21.769 * Running mode=standalone, port=5082.
128319:M 08 Jan 2024 00:08:21.775 * <raft> RedisRaft version 255.255.255 [b779b199]
128319:M 08 Jan 2024 00:08:21.780 * <raft> Initializing test network
128319:M 08 Jan 2024 00:08:21.781 * <raft> Created test network client
128319:M 08 Jan 2024 00:08:21.782 * <raft> Raft module loaded, state is 'uninitialized'
128319:M 08 Jan 2024 00:08:21.782 * Module 'raft' loaded from /home/snagendra/Fuzzing/redisraft-fuzzing/redisraft.so
128319:M 08 Jan 2024 00:08:21.782 * Server initialized
128319:M 08 Jan 2024 00:08:21.783 . The AOF directory appendonlydir doesn't exist
128319:M 08 Jan 2024 00:08:21.783 * Ready to accept connections tcp
128319:M 08 Jan 2024 00:08:21.783 . 0 clients connected (0 replicas), 1726192 bytes in use
128319:M 08 Jan 2024 00:08:21.789 - Accepted 127.0.0.1:48246
128319:M 08 Jan 2024 00:08:21.789 # Missing implement of connection type tls
128319:M 08 Jan 2024 00:08:21.882 - <raft> join cluster, connecting to localhost:5081
128319:M 08 Jan 2024 00:08:21.883 * <raft> Joined Raft cluster, node id: 2, dbid: e9c6304be48c9e1761600415f46f99d5
128319:M 08 Jan 2024 00:08:21.890 * <raft> Cluster Membership: term:0 index:0 nodes: id=2,voting=0,active=1,addr=-
128319:M 08 Jan 2024 00:08:21.891 * <raft> Test network starting message polling thread
128319:M 08 Jan 2024 00:08:21.948 - Accepted 127.0.0.1:48252
128319:M 08 Jan 2024 00:08:22.208 * <raft> Cluster Membership: term:1 index:2 nodes: id=2,voting=0,active=1,addr=- id=1,voting=1,active=1,addr=localhost:5081
128319:M 08 Jan 2024 00:08:22.309 - Accepted 127.0.0.1:48256
128319:M 08 Jan 2024 00:08:22.585 * <raft> State change: Election starting, node is now a pre-candidate, term 1
128319:M 08 Jan 2024 00:08:22.585 * <raft> Cluster Membership: term:1 index:3 nodes: id=2,voting=0,active=1,addr=- id=1,voting=1,active=1,addr=localhost:5081
128319:M 08 Jan 2024 00:08:22.613 - Client closed connection id=9 addr=127.0.0.1:48252 laddr=127.0.0.1:5082 fd=10 name= age=1 idle=1 flags=N db=0 sub=0 psub=0 ssub=0 multi=-1 qbuf=0 qbuf-free=20474 argv-mem=0 multi-mem=0 rbs=1024 rbp=0 obl=0 oll=0 omem=0 tot-mem=22400 events=r cmd=auth user=default redir=-1 resp=2 lib-name= lib-ver=
128319:signal-handler (1704668902) Received SIGINT scheduling shutdown...
128319:signal-handler (1704668902) You insist... exiting now.
129457:C 08 Jan 2024 00:08:24.863 # WARNING Memory overcommit must be enabled! Without it, a background save or replication may fail under low memory condition. Being disabled, it can also cause failures without low memory condition, see https://github.com/jemalloc/jemalloc/issues/1328. To fix this issue add 'vm.overcommit_memory = 1' to /etc/sysctl.conf and then reboot or run the command 'sysctl vm.overcommit_memory=1' for this to take effect.
129457:C 08 Jan 2024 00:08:24.863 * oO0OoO0OoO0Oo Redis is starting oO0OoO0OoO0Oo
129457:C 08 Jan 2024 00:08:24.863 * Redis version=255.255.255, bits=64, commit=e04ebdb8, modified=1, pid=129457, just started
129457:C 08 Jan 2024 00:08:24.863 * Configuration loaded
129457:M 08 Jan 2024 00:08:24.864 * monotonic clock: POSIX clock_gettime
129457:M 08 Jan 2024 00:08:24.864 * Running mode=standalone, port=5082.
129457:M 08 Jan 2024 00:08:24.871 * <raft> RedisRaft version 255.255.255 [b779b199]
129457:M 08 Jan 2024 00:08:24.875 * <raft> Initializing test network
129457:M 08 Jan 2024 00:08:24.876 * <raft> Created test network client
129457:M 08 Jan 2024 00:08:24.882 * <raft> Raft module loaded, state is 'loading'
129457:M 08 Jan 2024 00:08:24.882 * Module 'raft' loaded from /home/snagendra/Fuzzing/redisraft-fuzzing/redisraft.so
129457:M 08 Jan 2024 00:08:24.882 * Server initialized
129457:M 08 Jan 2024 00:08:24.882 . The AOF directory appendonlydir doesn't exist
129457:M 08 Jan 2024 00:08:24.882 * Ready to accept connections tcp
129457:M 08 Jan 2024 00:08:24.882 . 0 clients connected (0 replicas), 1746624 bytes in use
129457:M 08 Jan 2024 00:08:24.952 - Accepted 127.0.0.1:54128
129457:M 08 Jan 2024 00:08:24.952 # Missing implement of connection type tls
129457:M 08 Jan 2024 00:08:24.982 * <raft> Loading: Redis loading complete, snapshot NOT LOADED
129457:M 08 Jan 2024 00:08:24.983 * <raft> Cluster Membership: term:0 index:0 nodes: id=2,voting=0,active=1,addr=-
129457:M 08 Jan 2024 00:08:24.983 * <raft> Test network starting message polling thread


=== REDIS BUG REPORT START: Cut & paste starting from here ===
129457:M 08 Jan 2024 00:08:24.983 # === ASSERTION FAILED ===
129457:M 08 Jan 2024 00:08:24.983 # === ASSERTION FAILED ===
129457:M 08 Jan 2024 00:08:24.983 # ==> /home/snagendra/Fuzzing/redisraft-fuzzing/src/log.c:509 'ety != NULL' is not true
129457:M 08 Jan 2024 00:08:24.983 # ==> /home/snagendra/Fuzzing/redisraft-fuzzing/src/log.c:509 'ety != NULL' is not true

------ STACK TRACE ------

------ STACK TRACE ------

Backtrace:

Backtrace:
/home/snagendra/Fuzzing/redisraft-fuzzing/redisraft.so(+0x25e00)[0x7f503b78ae00]
/home/snagendra/Fuzzing/redisraft-fuzzing/redisraft.so(+0x25e00)[0x7f503b78ae00]
/home/snagendra/Fuzzing/redisraft-fuzzing/redisraft.so(LogGet+0x60)[0x7f503b78c1b0]
/home/snagendra/Fuzzing/redisraft-fuzzing/redisraft.so(LogGet+0x60)[0x7f503b78c1b0]
/home/snagendra/Fuzzing/redisraft-fuzzing/redisraft.so(+0x272ef)[0x7f503b78c2ef]
/home/snagendra/Fuzzing/redisraft-fuzzing/redisraft.so(+0x272ef)[0x7f503b78c2ef]
/home/snagendra/Fuzzing/redisraft-fuzzing/redisraft.so(raft_restore_log+0x54)[0x7f503b7a58d4]
/home/snagendra/Fuzzing/redisraft-fuzzing/redisraft.so(raft_get_entry_from_idx+0x1a)[0x7f503b7a045a]
/home/snagendra/Fuzzing/redisraft-fuzzing/redisraft.so(callRaftPeriodic+0x131)[0x7f503b791d41]
/home/snagendra/Fuzzing/redisraft-fuzzing/redisraft.so(raft_get_last_log_term+0x36)[0x7f503b7a6346]
/home/snagendra/Fuzzing/redis/src/redis-server 0.0.0.0:5082(moduleTimerHandler+0x21c)[0x5588703b898c]
/home/snagendra/Fuzzing/redisraft-fuzzing/redisraft.so(raft_recv_requestvote+0x16f)[0x7f503b7a108f]
/home/snagendra/Fuzzing/redis/src/redis-server 0.0.0.0:5082(+0x81705)[0x5588702c2705]
/home/snagendra/Fuzzing/redisraft-fuzzing/redisraft.so(handleTestNetworkMessage+0x1a2)[0x7f503b79a512]
/home/snagendra/Fuzzing/redis/src/redis-server 0.0.0.0:5082(aeMain+0x1c8)[0x5588702cccb8]
/home/snagendra/Fuzzing/redisraft-fuzzing/redisraft.so(poll_redis_test_messages+0x89)[0x7f503b79a5c9]
/home/snagendra/Fuzzing/redis/src/redis-server 0.0.0.0:5082(main+0x3cd)[0x5588702c1e2d]
/lib/x86_64-linux-gnu/libc.so.6(+0x89044)[0x7f503b87b044]
/lib/x86_64-linux-gnu/libc.so.6(+0x271ca)[0x7f503b8191ca]
/lib/x86_64-linux-gnu/libc.so.6(+0x10961c)[0x7f503b8fb61c]

------ INFO OUTPUT ------
/lib/x86_64-linux-gnu/libc.so.6(__libc_start_main+0x85)[0x7f503b819285]
/home/snagendra/Fuzzing/redis/src/redis-server 0.0.0.0:5082(_start+0x2a)[0x5588702c25aa]

------ INFO OUTPUT ------
# Server
redis_version:255.255.255
redis_git_sha1:e04ebdb8
redis_git_dirty:1
redis_build_id:1f78dcc7b4fbdd25
redis_mode:standalone
os:Linux 6.1.60.1.amd64-smp x86_64
arch_bits:64
monotonic_clock:POSIX clock_gettime
multiplexing_api:epoll
atomicvar_api:c11-builtin
gcc_version:10.2.1
process_id:129457
process_supervised:no
run_id:5f514b74f827a74ec3081014675643918da43c3d
tcp_port:5082
server_time_usec:1704668904982562
uptime_in_seconds:0
uptime_in_days:0
hz:10
configured_hz:10
lru_clock:10170088
executable:/home/snagendra/Fuzzing/redis/src/redis-server
config_file:
io_threads_active:0
listener0:name=tcp,bind=0.0.0.0,port=5082

# Clients
connected_clients:1
cluster_connections:0
maxclients:10000
client_recent_max_input_buffer:0
client_recent_max_output_buffer:0
blocked_clients:0
tracking_clients:0
clients_in_timeout_table:0
total_blocking_keys:0
total_blocking_keys_on_nokey:0

# Memory
used_memory:1816832
used_memory_human:1.73M
used_memory_rss:17633280
used_memory_rss_human:16.82M
used_memory_peak:1816832
used_memory_peak_human:1.73M
used_memory_peak_perc:100.39%
used_memory_overhead:1746664
used_memory_startup:1746480
used_memory_dataset:70168
used_memory_dataset_perc:99.74%
allocator_allocated:2067552
allocator_active:2600960
allocator_resident:10817536
total_system_memory:270388695040
total_system_memory_human:251.82G
used_memory_lua:31744
used_memory_vm_eval:31744
used_memory_lua_human:31.00K
used_memory_scripts_eval:0
number_of_cached_scripts:0
number_of_functions:0
number_of_libraries:0
used_memory_vm_functions:32768
used_memory_vm_total:64512
used_memory_vm_total_human:63.00K
used_memory_functions:184
used_memory_scripts:184
used_memory_scripts_human:184B
maxmemory:0
maxmemory_human:0B
maxmemory_policy:noeviction
allocator_frag_ratio:1.26
allocator_frag_bytes:533408
allocator_rss_ratio:4.16
allocator_rss_bytes:8216576
rss_overhead_ratio:1.63
rss_overhead_bytes:6815744
mem_fragmentation_ratio:10.10
mem_fragmentation_bytes:15886656
mem_not_counted_for_evict:0
mem_replication_backlog:0
mem_total_replication_buffers:0
mem_clients_slaves:0
mem_clients_normal:0
mem_cluster_links:0
mem_aof_buffer:0
mem_allocator:jemalloc-5.3.0
active_defrag_running:0
lazyfree_pending_objects:0
lazyfreed_objects:0

# Persistence
loading:0
async_loading:0
current_cow_peak:0
current_cow_size:0
current_cow_size_age:0
current_fork_perc:0.00
current_save_keys_processed:0
current_save_keys_total:0
rdb_changes_since_last_save:0
rdb_bgsave_in_progress:0
rdb_last_save_time:1704668904
rdb_last_bgsave_status:ok
rdb_last_bgsave_time_sec:-1
rdb_current_bgsave_time_sec:-1
rdb_saves:0
rdb_last_cow_size:0
rdb_last_load_keys_expired:0
rdb_last_load_keys_loaded:0
aof_enabled:0
aof_rewrite_in_progress:0
aof_rewrite_scheduled:0
aof_last_rewrite_time_sec:-1
aof_current_rewrite_time_sec:-1
aof_last_bgrewrite_status:ok
aof_rewrites:0
aof_rewrites_consecutive_failures:0
aof_last_write_status:ok
aof_last_cow_size:0
module_fork_in_progress:0
module_fork_last_cow_size:0

# Stats
total_connections_received:1
total_commands_processed:7
instantaneous_ops_per_sec:20
total_net_input_bytes:33
total_net_output_bytes:5
total_net_repl_input_bytes:0
total_net_repl_output_bytes:0
instantaneous_input_kbps:0.00
instantaneous_output_kbps:0.00
instantaneous_input_repl_kbps:0.00
instantaneous_output_repl_kbps:0.00
rejected_connections:0
sync_full:0
sync_partial_ok:0
sync_partial_err:0
expired_keys:0
expired_stale_perc:0.00
expired_time_cap_reached_count:0
expire_cycle_cpu_milliseconds:0
evicted_keys:0
evicted_clients:0
total_eviction_exceeded_time:0
current_eviction_exceeded_time:0
keyspace_hits:0
keyspace_misses:0
pubsub_channels:0
pubsub_patterns:0
pubsubshard_channels:0
latest_fork_usec:0
total_forks:0
migrate_cached_sockets:0
slave_expires_tracked_keys:0
active_defrag_hits:0
active_defrag_misses:0
active_defrag_key_hits:0
active_defrag_key_misses:0
total_active_defrag_time:0
current_active_defrag_time:0
tracking_total_keys:0
tracking_total_items:0
tracking_total_prefixes:0
unexpected_error_replies:0
total_error_replies:0
dump_payload_sanitizations:0
total_reads_processed:1
total_writes_processed:1
io_threaded_reads_processed:0
io_threaded_writes_processed:0
reply_buffer_shrinks:0
reply_buffer_expands:0
acl_access_denied_auth:0
acl_access_denied_cmd:0
acl_access_denied_key:0
acl_access_denied_channel:0

# Replication
role:master
connected_slaves:0
master_failover_state:no-failover
master_replid:3013ce37ce82a12ed1b2f92a3110b15f0b28f364
master_replid2:0000000000000000000000000000000000000000
master_repl_offset:0
second_repl_offset:-1
repl_backlog_active:0
repl_backlog_size:1048576
repl_backlog_first_byte_offset:0
repl_backlog_histlen:0

# CPU
used_cpu_sys:0.005141
used_cpu_user:0.012800
used_cpu_sys_children:0.000000
used_cpu_user_children:0.000000
used_cpu_sys_main_thread:0.005536
used_cpu_user_main_thread:0.011073

# Modules
module:name=raft,ver=1,api=1,filters=1,usedby=[],using=[],options=[]

# Commandstats
cmdstat_config|set:calls=1,usec=10,usec_per_call=10.00,rejected_calls=0,failed_calls=0
cmdstat_config|get:calls=3,usec=4,usec_per_call=1.33,rejected_calls=0,failed_calls=0
cmdstat_auth:calls=1,usec=2,usec_per_call=2.00,rejected_calls=0,failed_calls=0
cmdstat_command:calls=2,usec=1456,usec_per_call=728.00,rejected_calls=0,failed_calls=0

# Errorstats

# Latencystats
latency_percentiles_usec_config|set:p50=10.047,p99=10.047,p99.9=10.047
latency_percentiles_usec_config|get:p50=1.003,p99=2.007,p99.9=2.007
latency_percentiles_usec_auth:p50=2.007,p99=2.007,p99.9=2.007
latency_percentiles_usec_command:p50=700.415,p99=761.855,p99.9=761.855

# Cluster
cluster_enabled:0

# Keyspace

------ CLIENT LIST OUTPUT ------
id=8 addr=127.0.0.1:54128 laddr=127.0.0.1:5082 fd=11 name= age=0 idle=0 flags=N db=0 sub=0 psub=0 ssub=0 multi=-1 qbuf=0 qbuf-free=20474 argv-mem=0 multi-mem=0 rbs=16384 rbp=16384 obl=0 oll=0 omem=0 tot-mem=37760 events=r cmd=auth user=default redir=-1 resp=2 lib-name= lib-ver=

------ MODULES INFO OUTPUT ------
# raft_version
raft_version:255.255.255
raft_git_sha1:b779b199

# raft_general
raft_dbid:e9c6304be48c9e1761600415f46f99d5
raft_node_id:2
raft_state:up
raft_role:follower
raft_is_voting:no
raft_voted_for:-1
raft_leader_id:-1
raft_current_term:0
raft_num_nodes:1
raft_num_voting_nodes:0

# raft_log
raft_log_entries:3
raft_current_index:3
raft_commit_index:0
raft_last_applied_index:0
raft_file_size:847
raft_cache_memory_size:0
raft_cache_entries:0
raft_client_attached_entries:0
raft_fsync_count:0
raft_fsync_max_microseconds:0
raft_entry1:term=1,id=0,data_len=0
raft_entry2:term=1,id=159370383,data_len=264
raft_fsync_avg_microseconds:0

# raft_snapshot
raft_snapshot_filename:redis2.rdb
raft_snapshot_last_idx:0
raft_snapshot_last_term:0
raft_snapshot_size:0
raft_snapshot_time_secs:-1
raft_snapshots_created:0
raft_snapshots_received:0
raft_snapshot_in_progress:no
raft_snapshot_in_progress_last_idx:-1
raft_snapshot_in_progress_last_term:-1

# raft_clients
raft_proxy_reqs:0
raft_proxy_failed_reqs:0
raft_proxy_failed_responses:0
raft_proxy_outstanding_reqs:0

# raft_stats
raft_appendreq_received:0
raft_appendreq_with_entry_received:0
raft_snapshotreq_received:0
raft_exec_throttled:0
raft_num_sessions:0

------ CONFIG DEBUG OUTPUT ------
proto-max-bulk-len 512mb
list-compress-depth 0
repl-diskless-sync yes
io-threads-do-reads no
io-threads 1
lazyfree-lazy-user-flush no
lazyfree-lazy-user-del no
slave-read-only yes
lazyfree-lazy-eviction no
lazyfree-lazy-expire no
sanitize-dump-payload no
replica-read-only yes
repl-diskless-load disabled
lazyfree-lazy-server-del no
client-query-buffer-limit 1gb
activedefrag no

------ FAST MEMORY TEST ------
# Server
redis_version:255.255.255
redis_git_sha1:e04ebdb8
redis_git_dirty:1
redis_build_id:1f78dcc7b4fbdd25
redis_mode:standalone
os:Linux 6.1.60.1.amd64-smp x86_64
arch_bits:64
monotonic_clock:POSIX clock_gettime
multiplexing_api:epoll
atomicvar_api:c11-builtin
gcc_version:10.2.1
process_id:129457
process_supervised:no
run_id:5f514b74f827a74ec3081014675643918da43c3d
tcp_port:5082
server_time_usec:1704668904982562
uptime_in_seconds:0
uptime_in_days:0
hz:10
configured_hz:10
lru_clock:10170088
executable:/home/snagendra/Fuzzing/redis/src/redis-server
config_file:
io_threads_active:0
listener0:name=tcp,bind=0.0.0.0,port=5082

# Clients
connected_clients:1
cluster_connections:0
maxclients:10000
client_recent_max_input_buffer:0
client_recent_max_output_buffer:0
blocked_clients:0
tracking_clients:0
clients_in_timeout_table:0
total_blocking_keys:0
total_blocking_keys_on_nokey:0

# Memory
used_memory:1829232
used_memory_human:1.74M
used_memory_rss:17633280
used_memory_rss_human:16.82M
used_memory_peak:1829232
used_memory_peak_human:1.74M
used_memory_peak_perc:100.68%
used_memory_overhead:1746664
used_memory_startup:1746480
used_memory_dataset:82568
used_memory_dataset_perc:99.78%
allocator_allocated:2067552
allocator_active:2600960
allocator_resident:10817536
total_system_memory:270388695040
total_system_memory_human:251.82G
used_memory_lua:31744
used_memory_vm_eval:31744
used_memory_lua_human:31.00K
used_memory_scripts_eval:0
number_of_cached_scripts:0
number_of_functions:0
number_of_libraries:0
used_memory_vm_functions:32768
used_memory_vm_total:64512
used_memory_vm_total_human:63.00K
used_memory_functions:184
used_memory_scripts:184
used_memory_scripts_human:184B
maxmemory:0
maxmemory_human:0B
maxmemory_policy:noeviction
allocator_frag_ratio:1.26
allocator_frag_bytes:533408
allocator_rss_ratio:4.16
allocator_rss_bytes:8216576
rss_overhead_ratio:1.63
rss_overhead_bytes:6815744
mem_fragmentation_ratio:10.10
mem_fragmentation_bytes:15886656
mem_not_counted_for_evict:0
mem_replication_backlog:0
mem_total_replication_buffers:0
mem_clients_slaves:0
mem_clients_normal:0
mem_cluster_links:0
mem_aof_buffer:0
mem_allocator:jemalloc-5.3.0
active_defrag_running:0
lazyfree_pending_objects:0
lazyfreed_objects:0

# Persistence
loading:0
async_loading:0
current_cow_peak:0
current_cow_size:0
current_cow_size_age:0
current_fork_perc:0.00
current_save_keys_processed:0
current_save_keys_total:0
rdb_changes_since_last_save:0
rdb_bgsave_in_progress:0
rdb_last_save_time:1704668904
rdb_last_bgsave_status:ok
rdb_last_bgsave_time_sec:-1
rdb_current_bgsave_time_sec:-1
rdb_saves:0
rdb_last_cow_size:0
rdb_last_load_keys_expired:0
rdb_last_load_keys_loaded:0
aof_enabled:0
aof_rewrite_in_progress:0
aof_rewrite_scheduled:0
aof_last_rewrite_time_sec:-1
aof_current_rewrite_time_sec:-1
aof_last_bgrewrite_status:ok
aof_rewrites:0
aof_rewrites_consecutive_failures:0
aof_last_write_status:ok
aof_last_cow_size:0
module_fork_in_progress:0
module_fork_last_cow_size:0

# Stats
total_connections_received:1
total_commands_processed:7
instantaneous_ops_per_sec:20
total_net_input_bytes:33
total_net_output_bytes:5
total_net_repl_input_bytes:0
total_net_repl_output_bytes:0
instantaneous_input_kbps:0.00
instantaneous_output_kbps:0.00
instantaneous_input_repl_kbps:0.00
instantaneous_output_repl_kbps:0.00
rejected_connections:0
sync_full:0
sync_partial_ok:0
sync_partial_err:0
expired_keys:0
expired_stale_perc:0.00
expired_time_cap_reached_count:0
expire_cycle_cpu_milliseconds:0
evicted_keys:0
evicted_clients:0
total_eviction_exceeded_time:0
current_eviction_exceeded_time:0
keyspace_hits:0
keyspace_misses:0
pubsub_channels:0
pubsub_patterns:0
pubsubshard_channels:0
latest_fork_usec:0
total_forks:0
migrate_cached_sockets:0
slave_expires_tracked_keys:0
active_defrag_hits:0
active_defrag_misses:0
active_defrag_key_hits:0
active_defrag_key_misses:0
total_active_defrag_time:0
current_active_defrag_time:0
tracking_total_keys:0
tracking_total_items:0
tracking_total_prefixes:0
unexpected_error_replies:0
total_error_replies:0
dump_payload_sanitizations:0
total_reads_processed:1
total_writes_processed:1
io_threaded_reads_processed:0
io_threaded_writes_processed:0
reply_buffer_shrinks:0
reply_buffer_expands:0
acl_access_denied_auth:0
acl_access_denied_cmd:0
acl_access_denied_key:0
acl_access_denied_channel:0

# Replication
role:master
connected_slaves:0
master_failover_state:no-failover
master_replid:3013ce37ce82a12ed1b2f92a3110b15f0b28f364
master_replid2:0000000000000000000000000000000000000000
master_repl_offset:0
second_repl_offset:-1
repl_backlog_active:0
repl_backlog_size:1048576
repl_backlog_first_byte_offset:0
repl_backlog_histlen:0

# CPU
used_cpu_sys:0.005141
used_cpu_user:0.013040
used_cpu_sys_children:0.000000
used_cpu_user_children:0.000000
used_cpu_sys_main_thread:0.000000
used_cpu_user_main_thread:0.000711

# Modules
module:name=raft,ver=1,api=1,filters=1,usedby=[],using=[],options=[]

# Commandstats
cmdstat_config|set:calls=1,usec=10,usec_per_call=10.00,rejected_calls=0,failed_calls=0
cmdstat_config|get:calls=3,usec=4,usec_per_call=1.33,rejected_calls=0,failed_calls=0
cmdstat_auth:calls=1,usec=2,usec_per_call=2.00,rejected_calls=0,failed_calls=0
cmdstat_command:calls=2,usec=1456,usec_per_call=728.00,rejected_calls=0,failed_calls=0

# Errorstats

# Latencystats
latency_percentiles_usec_config|set:p50=10.047,p99=10.047,p99.9=10.047
latency_percentiles_usec_config|get:p50=1.003,p99=2.007,p99.9=2.007
latency_percentiles_usec_auth:p50=2.007,p99=2.007,p99.9=2.007
latency_percentiles_usec_command:p50=700.415,p99=761.855,p99.9=761.855

# Cluster
cluster_enabled:0

# Keyspace

------ CLIENT LIST OUTPUT ------
129457:M 08 Jan 2024 00:08:24.984 # Bio worker thread #0 terminated
id=8 addr=127.0.0.1:54128 laddr=127.0.0.1:5082 fd=11 name= age=0 idle=0 flags=N db=0 sub=0 psub=0 ssub=0 multi=-1 qbuf=0 qbuf-free=20474 argv-mem=0 multi-mem=0 rbs=16384 rbp=16384 obl=0 oll=0 omem=0 tot-mem=37760 events=r cmd=auth user=default redir=-1 resp=2 lib-name= lib-ver=

------ MODULES INFO OUTPUT ------
129457:M 08 Jan 2024 00:08:24.984 # Bio worker thread #1 terminated
# raft_version
raft_version:255.255.255
raft_git_sha1:b779b199

# raft_general
raft_dbid:e9c6304be48c9e1761600415f46f99d5
raft_node_id:2
raft_state:up
raft_role:follower
raft_is_voting:no
raft_voted_for:-1
raft_leader_id:-1
raft_current_term:0
raft_num_nodes:1
raft_num_voting_nodes:0

# raft_log
raft_log_entries:3
raft_current_index:3
raft_commit_index:0
raft_last_applied_index:0
raft_file_size:847
raft_cache_memory_size:0
raft_cache_entries:0
raft_client_attached_entries:0
raft_fsync_count:0
raft_fsync_max_microseconds:0
raft_entry1:term=1,id=0,data_len=0
raft_entry2:term=1,id=159370383,data_len=264
raft_fsync_avg_microseconds:0

# raft_snapshot
raft_snapshot_filename:redis2.rdb
raft_snapshot_last_idx:0
raft_snapshot_last_term:0
raft_snapshot_size:0
raft_snapshot_time_secs:-1
raft_snapshots_created:0
raft_snapshots_received:0
raft_snapshot_in_progress:no
raft_snapshot_in_progress_last_idx:-1
raft_snapshot_in_progress_last_term:-1

# raft_clients
raft_proxy_reqs:0
raft_proxy_failed_reqs:0
raft_proxy_failed_responses:0
raft_proxy_outstanding_reqs:0

# raft_stats
raft_appendreq_received:0
raft_appendreq_with_entry_received:0
raft_snapshotreq_received:0
raft_exec_throttled:0
raft_num_sessions:0
129457:M 08 Jan 2024 00:08:24.984 # Bio worker thread #2 terminated
*** Preparing to test memory region 558870598000 (2273280 bytes)
*** Preparing to test memory region 558872446000 (405504 bytes)
*** Preparing to test memory region 7f5020000000 (135168 bytes)

------ CONFIG DEBUG OUTPUT ------
*** Preparing to test memory region 7f5028000000 (135168 bytes)
proto-max-bulk-len 512mb
list-compress-depth 0
repl-diskless-sync yes
io-threads-do-reads no
io-threads 1
lazyfree-lazy-user-flush no
lazyfree-lazy-user-del no
slave-read-only yes
lazyfree-lazy-eviction no
lazyfree-lazy-expire no
sanitize-dump-payload no
replica-read-only yes
repl-diskless-load disabled
lazyfree-lazy-server-del no
client-query-buffer-limit 1gb
activedefrag no
*** Preparing to test memory region 7f502dffe000 (8388608 bytes)

------ FAST MEMORY TEST ------
*** Preparing to test memory region 7f502e7ff000 (8388608 bytes)
129457:M 08 Jan 2024 00:08:24.984 # main thread terminated
129457:M 08 Jan 2024 00:08:24.984 # Bio worker thread #0 can not be joined: No such process
129457:M 08 Jan 2024 00:08:24.984 # Bio worker thread #1 can not be joined: No such process
129457:M 08 Jan 2024 00:08:24.984 # Bio worker thread #2 can not be joined: No such process

Fast memory test PASSED, however your memory can still be broken. Please run a memory test for several hours if possible.

=== REDIS BUG REPORT END. Make sure to include from START to END. ===

       Please report the crash by opening an issue on github:

           http://github.com/redis/redis/issues

  If a Redis module was involved, please open in the module's repo instead.

  Suspect RAM error? Use redis-server --test-memory to verify it.

  Some other issues could be detected by redis-server --check-system

----- Stderr -----
libgcov profiling error:/home/snagendra/Fuzzing/redisraft-fuzzing/build/deps/raft/CMakeFiles/raft.dir/src/raft_server_properties.c.gcda:Merge mismatch for function 9
libgcov profiling error:/home/snagendra/Fuzzing/redisraft-fuzzing/build/deps/raft/CMakeFiles/raft.dir/src/raft_server.c.gcda:Merge mismatch for function 47




logs for node: 3

----- Stdout -----
128349:C 08 Jan 2024 00:08:21.893 # WARNING Memory overcommit must be enabled! Without it, a background save or replication may fail under low memory condition. Being disabled, it can also cause failures without low memory condition, see https://github.com/jemalloc/jemalloc/issues/1328. To fix this issue add 'vm.overcommit_memory = 1' to /etc/sysctl.conf and then reboot or run the command 'sysctl vm.overcommit_memory=1' for this to take effect.
128349:C 08 Jan 2024 00:08:21.894 * oO0OoO0OoO0Oo Redis is starting oO0OoO0OoO0Oo
128349:C 08 Jan 2024 00:08:21.894 * Redis version=255.255.255, bits=64, commit=e04ebdb8, modified=1, pid=128349, just started
128349:C 08 Jan 2024 00:08:21.894 * Configuration loaded
128349:M 08 Jan 2024 00:08:21.894 * monotonic clock: POSIX clock_gettime
128349:M 08 Jan 2024 00:08:21.894 * Running mode=standalone, port=5083.
128349:M 08 Jan 2024 00:08:21.901 * <raft> RedisRaft version 255.255.255 [b779b199]
128349:M 08 Jan 2024 00:08:21.906 * <raft> Initializing test network
128349:M 08 Jan 2024 00:08:21.907 * <raft> Created test network client
128349:M 08 Jan 2024 00:08:21.908 * <raft> Raft module loaded, state is 'uninitialized'
128349:M 08 Jan 2024 00:08:21.908 * Module 'raft' loaded from /home/snagendra/Fuzzing/redisraft-fuzzing/redisraft.so
128349:M 08 Jan 2024 00:08:21.908 * Server initialized
128349:M 08 Jan 2024 00:08:21.909 . The AOF directory appendonlydir doesn't exist
128349:M 08 Jan 2024 00:08:21.909 * Ready to accept connections tcp
128349:M 08 Jan 2024 00:08:21.909 . 0 clients connected (0 replicas), 1726128 bytes in use
128349:M 08 Jan 2024 00:08:21.914 - Accepted 127.0.0.1:50762
128349:M 08 Jan 2024 00:08:21.914 # Missing implement of connection type tls
128349:M 08 Jan 2024 00:08:22.008 - <raft> join cluster, connecting to localhost:5081
128349:M 08 Jan 2024 00:08:22.010 * <raft> Joined Raft cluster, node id: 3, dbid: e9c6304be48c9e1761600415f46f99d5
128349:M 08 Jan 2024 00:08:22.016 * <raft> Cluster Membership: term:0 index:0 nodes: id=3,voting=0,active=1,addr=-
128349:M 08 Jan 2024 00:08:22.017 * <raft> Test network starting message polling thread
128349:M 08 Jan 2024 00:08:22.049 - Accepted 127.0.0.1:50766
128349:M 08 Jan 2024 00:08:22.239 * <raft> Cluster Membership: term:1 index:2 nodes: id=3,voting=0,active=1,addr=- id=1,voting=1,active=1,addr=localhost:5081
128349:M 08 Jan 2024 00:08:22.239 * <raft> Cluster Membership: term:1 index:3 nodes: id=3,voting=0,active=1,addr=- id=1,voting=1,active=1,addr=localhost:5081 id=2,voting=0,active=1,addr=localhost:5082
128349:M 08 Jan 2024 00:08:22.510 * <raft> State change: Election starting, node is now a pre-candidate, term 1
128349:M 08 Jan 2024 00:08:22.510 * <raft> Cluster Membership: term:1 index:4 nodes: id=3,voting=0,active=1,addr=- id=1,voting=1,active=1,addr=localhost:5081 id=2,voting=0,active=1,addr=localhost:5082
128349:M 08 Jan 2024 00:08:22.613 - Client closed connection id=9 addr=127.0.0.1:50766 laddr=127.0.0.1:5083 fd=10 name= age=0 idle=0 flags=N db=0 sub=0 psub=0 ssub=0 multi=-1 qbuf=0 qbuf-free=20474 argv-mem=0 multi-mem=0 rbs=1024 rbp=0 obl=0 oll=0 omem=0 tot-mem=22400 events=r cmd=auth user=default redir=-1 resp=2 lib-name= lib-ver=
128349:M 08 Jan 2024 00:08:22.811 * <raft> State change: Election starting, node is now a pre-candidate, term 1
128349:M 08 Jan 2024 00:08:22.811 * <raft> Cluster Membership: term:1 index:4 nodes: id=3,voting=0,active=1,addr=- id=1,voting=1,active=1,addr=localhost:5081 id=2,voting=0,active=1,addr=localhost:5082
128349:signal-handler (1704668902) Received SIGINT scheduling shutdown...
128349:signal-handler (1704668902) You insist... exiting now.
128349:M 08 Jan 2024 00:08:22.914 * User requested shutdown...
128349:M 08 Jan 2024 00:08:22.914 # Redis is now ready to exit, bye bye...
128706:C 08 Jan 2024 00:08:23.224 # WARNING Memory overcommit must be enabled! Without it, a background save or replication may fail under low memory condition. Being disabled, it can also cause failures without low memory condition, see https://github.com/jemalloc/jemalloc/issues/1328. To fix this issue add 'vm.overcommit_memory = 1' to /etc/sysctl.conf and then reboot or run the command 'sysctl vm.overcommit_memory=1' for this to take effect.
128706:C 08 Jan 2024 00:08:23.224 * oO0OoO0OoO0Oo Redis is starting oO0OoO0OoO0Oo
128706:C 08 Jan 2024 00:08:23.224 * Redis version=255.255.255, bits=64, commit=e04ebdb8, modified=1, pid=128706, just started
128706:C 08 Jan 2024 00:08:23.224 * Configuration loaded
128706:M 08 Jan 2024 00:08:23.225 * monotonic clock: POSIX clock_gettime
128706:M 08 Jan 2024 00:08:23.225 * Running mode=standalone, port=5083.
128706:M 08 Jan 2024 00:08:23.231 * <raft> RedisRaft version 255.255.255 [b779b199]
128706:M 08 Jan 2024 00:08:23.236 * <raft> Initializing test network
128706:M 08 Jan 2024 00:08:23.236 * <raft> Created test network client
128706:M 08 Jan 2024 00:08:23.239 * <raft> Raft module loaded, state is 'loading'
128706:M 08 Jan 2024 00:08:23.239 * Module 'raft' loaded from /home/snagendra/Fuzzing/redisraft-fuzzing/redisraft.so
128706:M 08 Jan 2024 00:08:23.239 * Server initialized
128706:M 08 Jan 2024 00:08:23.239 . The AOF directory appendonlydir doesn't exist
128706:M 08 Jan 2024 00:08:23.239 * Ready to accept connections tcp
128706:M 08 Jan 2024 00:08:23.240 . 0 clients connected (0 replicas), 1746688 bytes in use
128706:M 08 Jan 2024 00:08:23.340 * <raft> Loading: Redis loading complete, snapshot NOT LOADED
128706:M 08 Jan 2024 00:08:23.340 * <raft> Cluster Membership: term:0 index:0 nodes: id=3,voting=0,active=1,addr=-
128706:M 08 Jan 2024 00:08:23.340 * <raft> Test network starting message polling thread
128706:M 08 Jan 2024 00:08:23.341 * <raft> Cluster Membership: term:0 index:4 nodes: id=3,voting=0,active=1,addr=- id=1,voting=1,active=1,addr=localhost:5081
128706:M 08 Jan 2024 00:08:23.341 * <raft> Cluster Membership: term:0 index:4 nodes: id=3,voting=0,active=1,addr=- id=1,voting=1,active=1,addr=localhost:5081 id=2,voting=0,active=1,addr=localhost:5082
128706:M 08 Jan 2024 00:08:23.341 * <raft> Raft state after loading log: log_count=4, first_idx=1, current_idx=4, last_applied_idx=0
128706:M 08 Jan 2024 00:08:23.341 . <raft> Raft term=1, vote=-1
128706:M 08 Jan 2024 00:08:23.641 * <raft> State change: Election starting, node is now a pre-candidate, term 1
128706:M 08 Jan 2024 00:08:23.641 * <raft> Cluster Membership: term:1 index:4 nodes: id=3,voting=0,active=1,addr=- id=1,voting=1,active=1,addr=localhost:5081 id=2,voting=0,active=1,addr=localhost:5082
128706:M 08 Jan 2024 00:08:23.836 * <raft> State change: Node is now a follower, term 1
128706:M 08 Jan 2024 00:08:23.836 * <raft> Cluster Membership: term:1 index:4 nodes: id=3,voting=0,active=1,addr=- id=1,voting=1,active=1,addr=localhost:5081 id=2,voting=0,active=1,addr=localhost:5082
128706:M 08 Jan 2024 00:08:24.346 * <raft> State change: Election starting, node is now a pre-candidate, term 1
128706:M 08 Jan 2024 00:08:24.346 * <raft> Cluster Membership: term:1 index:4 nodes: id=3,voting=0,active=1,addr=- id=1,voting=1,active=1,addr=localhost:5081 id=2,voting=0,active=1,addr=localhost:5082
128706:M 08 Jan 2024 00:08:24.446 * <raft> State change: Node is now a follower, term 1
128706:M 08 Jan 2024 00:08:24.446 * <raft> Cluster Membership: term:1 index:4 nodes: id=3,voting=0,active=1,addr=- id=1,voting=1,active=1,addr=localhost:5081 id=2,voting=0,active=1,addr=localhost:5082
128706:M 08 Jan 2024 00:08:24.448 - Accepted 127.0.0.1:47212
128706:M 08 Jan 2024 00:08:24.448 # Missing implement of connection type tls
128706:M 08 Jan 2024 00:08:24.708 - Client closed connection id=8 addr=127.0.0.1:47212 laddr=127.0.0.1:5083 fd=11 name= age=0 idle=0 flags=N db=0 sub=0 psub=0 ssub=0 multi=-1 qbuf=0 qbuf-free=20474 argv-mem=0 multi-mem=0 rbs=1024 rbp=0 obl=0 oll=0 omem=0 tot-mem=22400 events=r cmd=auth user=default redir=-1 resp=2 lib-name= lib-ver=
128706:M 08 Jan 2024 00:08:24.747 * <raft> State change: Election starting, node is now a pre-candidate, term 1
128706:M 08 Jan 2024 00:08:24.747 * <raft> Cluster Membership: term:1 index:5 nodes: id=3,voting=0,active=1,addr=- id=1,voting=1,active=1,addr=localhost:5081 id=2,voting=1,active=1,addr=localhost:5082
128706:M 08 Jan 2024 00:08:24.862 * <raft> State change: Node is now a follower, term 1
128706:M 08 Jan 2024 00:08:24.862 * <raft> Cluster Membership: term:1 index:5 nodes: id=3,voting=0,active=1,addr=- id=1,voting=1,active=1,addr=localhost:5081 id=2,voting=1,active=1,addr=localhost:5082
128706:signal-handler (1704668905) Received SIGINT scheduling shutdown...
128706:signal-handler (1704668905) You insist... exiting now.
128706:M 08 Jan 2024 00:08:25.153 * User requested shutdown...
128706:M 08 Jan 2024 00:08:25.153 # Redis is now ready to exit, bye bye...

----- Stderr -----
libgcov profiling error:/home/snagendra/Fuzzing/redisraft-fuzzing/build/deps/raft/CMakeFiles/raft.dir/src/raft_server_properties.c.gcda:Merge mismatch for function 9
libgcov profiling error:/home/snagendra/Fuzzing/redisraft-fuzzing/build/deps/raft/CMakeFiles/raft.dir/src/raft_server.c.gcda:Merge mismatch for function 47



