logs for node: 1

----- Stdout -----
4118935:C 08 Jan 2024 05:14:21.491 # WARNING Memory overcommit must be enabled! Without it, a background save or replication may fail under low memory condition. Being disabled, it can also cause failures without low memory condition, see https://github.com/jemalloc/jemalloc/issues/1328. To fix this issue add 'vm.overcommit_memory = 1' to /etc/sysctl.conf and then reboot or run the command 'sysctl vm.overcommit_memory=1' for this to take effect.
4118935:C 08 Jan 2024 05:14:21.491 * oO0OoO0OoO0Oo Redis is starting oO0OoO0OoO0Oo
4118935:C 08 Jan 2024 05:14:21.491 * Redis version=255.255.255, bits=64, commit=e04ebdb8, modified=1, pid=4118935, just started
4118935:C 08 Jan 2024 05:14:21.491 * Configuration loaded
4118935:M 08 Jan 2024 05:14:21.491 * monotonic clock: POSIX clock_gettime
4118935:M 08 Jan 2024 05:14:21.492 * Running mode=standalone, port=5021.
4118935:M 08 Jan 2024 05:14:21.498 * <raft> RedisRaft version 255.255.255 [b779b199]
4118935:M 08 Jan 2024 05:14:21.503 * <raft> Initializing test network
4118935:M 08 Jan 2024 05:14:21.503 * <raft> Created test network client
4118935:M 08 Jan 2024 05:14:21.504 * <raft> Raft module loaded, state is 'uninitialized'
4118935:M 08 Jan 2024 05:14:21.504 * Module 'raft' loaded from /home/snagendra/Fuzzing/redisraft-fuzzing/redisraft.so
4118935:M 08 Jan 2024 05:14:21.505 * Server initialized
4118935:M 08 Jan 2024 05:14:21.505 . The AOF directory appendonlydir doesn't exist
4118935:M 08 Jan 2024 05:14:21.506 * Ready to accept connections tcp
4118935:M 08 Jan 2024 05:14:21.506 . 0 clients connected (0 replicas), 1726288 bytes in use
4118935:M 08 Jan 2024 05:14:21.511 - Accepted 127.0.0.1:34968
4118935:M 08 Jan 2024 05:14:21.511 # Missing implement of connection type tls
4118935:M 08 Jan 2024 05:14:21.518 * <raft> Cluster Membership: term:0 index:0 nodes: id=1,voting=0,active=1,addr=-
4118935:M 08 Jan 2024 05:14:21.523 * <raft> State change: Node is now a leader, term 1
4118935:M 08 Jan 2024 05:14:21.524 * <raft> Cluster Membership: term:1 index:1 nodes: id=1,voting=0,active=1,addr=-
4118935:M 08 Jan 2024 05:14:21.524 * <raft> Test network starting message polling thread
4118935:M 08 Jan 2024 05:14:21.524 * <raft> Raft Cluster initialized, node id: 1, dbid: 33351e9d1403ebb9bcd6fd8e41db8e8a
4118935:M 08 Jan 2024 05:14:21.642 - Accepted 127.0.0.1:34970
4118935:M 08 Jan 2024 05:14:21.642 * <raft> Cluster Membership: term:1 index:3 nodes: id=1,voting=1,active=1,addr=- id=2,voting=0,active=1,addr=localhost:5022
4118935:M 08 Jan 2024 05:14:21.650 - Client closed connection id=9 addr=127.0.0.1:34970 laddr=127.0.0.1:5021 fd=12 name= age=0 idle=0 flags=N db=0 sub=0 psub=0 ssub=0 multi=-1 qbuf=0 qbuf-free=20474 argv-mem=0 multi-mem=0 rbs=16384 rbp=16384 obl=0 oll=0 omem=0 tot-mem=37760 events=r cmd=raft.node user=default redir=-1 resp=2 lib-name= lib-ver=
4118935:M 08 Jan 2024 05:14:21.768 - Accepted 127.0.0.1:34976
4118935:M 08 Jan 2024 05:14:21.768 * <raft> Cluster Membership: term:1 index:4 nodes: id=1,voting=1,active=1,addr=- id=2,voting=0,active=1,addr=localhost:5022 id=3,voting=0,active=1,addr=localhost:5023
4118935:M 08 Jan 2024 05:14:21.776 - Client closed connection id=10 addr=127.0.0.1:34976 laddr=127.0.0.1:5021 fd=13 name= age=0 idle=0 flags=N db=0 sub=0 psub=0 ssub=0 multi=-1 qbuf=0 qbuf-free=20474 argv-mem=0 multi-mem=0 rbs=16384 rbp=16384 obl=0 oll=0 omem=0 tot-mem=37760 events=r cmd=raft.node user=default redir=-1 resp=2 lib-name= lib-ver=
4118935:M 08 Jan 2024 05:14:21.968 - Accepted 127.0.0.1:34986
4118935:M 08 Jan 2024 05:14:22.143 * <raft> node:3 has sufficient logs, adding as voting node.
4118935:M 08 Jan 2024 05:14:22.143 - Accepted 127.0.0.1:34994
4118935:M 08 Jan 2024 05:14:22.461 - Client closed connection id=11 addr=127.0.0.1:34986 laddr=127.0.0.1:5021 fd=14 name= age=1 idle=1 flags=N db=0 sub=0 psub=0 ssub=0 multi=-1 qbuf=0 qbuf-free=20474 argv-mem=0 multi-mem=0 rbs=1024 rbp=0 obl=0 oll=0 omem=0 tot-mem=22400 events=r cmd=auth user=default redir=-1 resp=2 lib-name= lib-ver=
4118935:M 08 Jan 2024 05:14:22.813 * <raft> State change: Node is now a follower, term 1
4118935:M 08 Jan 2024 05:14:22.813 * <raft> Cluster Membership: term:1 index:6 nodes: id=1,voting=1,active=1,addr=- id=2,voting=0,active=1,addr=localhost:5022 id=3,voting=1,active=1,addr=localhost:5023
4118935:M 08 Jan 2024 05:14:23.114 * <raft> State change: Election starting, node is now a pre-candidate, term 1
4118935:M 08 Jan 2024 05:14:23.114 * <raft> Cluster Membership: term:1 index:6 nodes: id=1,voting=1,active=1,addr=- id=2,voting=0,active=1,addr=localhost:5022 id=3,voting=1,active=1,addr=localhost:5023
4118935:M 08 Jan 2024 05:14:23.158 - Accepted 127.0.0.1:40460
4118935:M 08 Jan 2024 05:14:23.416 * <raft> State change: Election starting, node is now a pre-candidate, term 1
4118935:M 08 Jan 2024 05:14:23.416 * <raft> Cluster Membership: term:1 index:6 nodes: id=1,voting=1,active=1,addr=- id=2,voting=0,active=1,addr=localhost:5022 id=3,voting=1,active=1,addr=localhost:5023
4118935:M 08 Jan 2024 05:14:23.717 * <raft> State change: Election starting, node is now a pre-candidate, term 1
4118935:M 08 Jan 2024 05:14:23.717 * <raft> Cluster Membership: term:1 index:6 nodes: id=1,voting=1,active=1,addr=- id=2,voting=0,active=1,addr=localhost:5022 id=3,voting=1,active=1,addr=localhost:5023
4118935:signal-handler (1704687263) Received SIGINT scheduling shutdown...
4118935:signal-handler (1704687263) You insist... exiting now.
4120229:C 08 Jan 2024 05:14:24.219 # WARNING Memory overcommit must be enabled! Without it, a background save or replication may fail under low memory condition. Being disabled, it can also cause failures without low memory condition, see https://github.com/jemalloc/jemalloc/issues/1328. To fix this issue add 'vm.overcommit_memory = 1' to /etc/sysctl.conf and then reboot or run the command 'sysctl vm.overcommit_memory=1' for this to take effect.
4120229:C 08 Jan 2024 05:14:24.219 * oO0OoO0OoO0Oo Redis is starting oO0OoO0OoO0Oo
4120229:C 08 Jan 2024 05:14:24.219 * Redis version=255.255.255, bits=64, commit=e04ebdb8, modified=1, pid=4120229, just started
4120229:C 08 Jan 2024 05:14:24.219 * Configuration loaded
4120229:M 08 Jan 2024 05:14:24.219 * monotonic clock: POSIX clock_gettime
4120229:M 08 Jan 2024 05:14:24.220 * Running mode=standalone, port=5021.
4120229:M 08 Jan 2024 05:14:24.226 * <raft> RedisRaft version 255.255.255 [b779b199]
4120229:M 08 Jan 2024 05:14:24.231 * <raft> Initializing test network
4120229:M 08 Jan 2024 05:14:24.232 * <raft> Created test network client
4120229:M 08 Jan 2024 05:14:24.235 * <raft> Raft module loaded, state is 'loading'
4120229:M 08 Jan 2024 05:14:24.235 * Module 'raft' loaded from /home/snagendra/Fuzzing/redisraft-fuzzing/redisraft.so
4120229:M 08 Jan 2024 05:14:24.236 * Server initialized
4120229:M 08 Jan 2024 05:14:24.236 . The AOF directory appendonlydir doesn't exist
4120229:M 08 Jan 2024 05:14:24.236 * Ready to accept connections tcp
4120229:M 08 Jan 2024 05:14:24.236 . 0 clients connected (0 replicas), 1746688 bytes in use
4120229:M 08 Jan 2024 05:14:24.336 * <raft> Loading: Redis loading complete, snapshot NOT LOADED
4120229:M 08 Jan 2024 05:14:24.336 * <raft> Cluster Membership: term:0 index:0 nodes: id=1,voting=0,active=1,addr=-
4120229:M 08 Jan 2024 05:14:24.337 * <raft> Test network starting message polling thread
4120229:M 08 Jan 2024 05:14:24.337 * <raft> Cluster Membership: term:0 index:6 nodes: id=1,voting=1,active=1,addr=- id=2,voting=0,active=1,addr=localhost:5022


=== REDIS BUG REPORT START: Cut & paste starting from here ===
4120229:M 08 Jan 2024 05:14:24.337 # === ASSERTION FAILED ===
4120229:M 08 Jan 2024 05:14:24.337 # ==> /home/snagendra/Fuzzing/redisraft-fuzzing/src/log.c:509 'ety != NULL' is not true

------ STACK TRACE ------

Backtrace:
/home/snagendra/Fuzzing/redisraft-fuzzing/redisraft.so(+0x25e00)[0x7f13bfa9ce00]
4120229:M 08 Jan 2024 05:14:24.337 * <raft> Cluster Membership: term:0 index:6 nodes: id=1,voting=1,active=1,addr=- id=2,voting=0,active=1,addr=localhost:5022 id=3,voting=0,active=1,addr=localhost:5023
/home/snagendra/Fuzzing/redisraft-fuzzing/redisraft.so(LogGet+0x60)[0x7f13bfa9e1b0]
4120229:M 08 Jan 2024 05:14:24.337 * <raft> Raft state after loading log: log_count=6, first_idx=1, current_idx=6, last_applied_idx=0
4120229:M 08 Jan 2024 05:14:24.337 . <raft> Raft term=1, vote=-1
/home/snagendra/Fuzzing/redisraft-fuzzing/redisraft.so(+0x272ef)[0x7f13bfa9e2ef]
/home/snagendra/Fuzzing/redisraft-fuzzing/redisraft.so(raft_get_entry_from_idx+0x1a)[0x7f13bfab245a]
/home/snagendra/Fuzzing/redisraft-fuzzing/redisraft.so(raft_get_last_log_term+0x36)[0x7f13bfab8346]
/home/snagendra/Fuzzing/redisraft-fuzzing/redisraft.so(raft_recv_requestvote+0x16f)[0x7f13bfab308f]
/home/snagendra/Fuzzing/redisraft-fuzzing/redisraft.so(handleTestNetworkMessage+0x1a2)[0x7f13bfaac512]
/home/snagendra/Fuzzing/redisraft-fuzzing/redisraft.so(poll_redis_test_messages+0x89)[0x7f13bfaac5c9]
/lib/x86_64-linux-gnu/libc.so.6(+0x89044)[0x7f13bfb8d044]
/lib/x86_64-linux-gnu/libc.so.6(+0x10961c)[0x7f13bfc0d61c]

------ INFO OUTPUT ------
# Server
redis_version:255.255.255
redis_git_sha1:e04ebdb8
redis_git_dirty:1
redis_build_id:1f78dcc7b4fbdd25
redis_mode:standalone
os:Linux 6.1.60.1.amd64-smp x86_64
arch_bits:64
monotonic_clock:POSIX clock_gettime
multiplexing_api:epoll
atomicvar_api:c11-builtin
gcc_version:10.2.1
process_id:4120229
process_supervised:no
run_id:c9f9382d5a6af7dc14a6ddaa54c28a52294d95aa
tcp_port:5021
server_time_usec:1704687264337812
uptime_in_seconds:0
uptime_in_days:0
hz:10
configured_hz:10
lru_clock:10188448
executable:/home/snagendra/Fuzzing/redis/src/redis-server
config_file:
io_threads_active:0
listener0:name=tcp,bind=0.0.0.0,port=5021

# Clients
connected_clients:0
cluster_connections:0
maxclients:10000
client_recent_max_input_buffer:0
client_recent_max_output_buffer:0
blocked_clients:0
tracking_clients:0
clients_in_timeout_table:0
total_blocking_keys:0
total_blocking_keys_on_nokey:0

# Memory
used_memory:1755896
used_memory_human:1.67M
used_memory_rss:18702336
used_memory_rss_human:17.84M
used_memory_peak:1755896
used_memory_peak_human:1.67M
used_memory_peak_perc:100.11%
used_memory_overhead:1746728
used_memory_startup:1746544
used_memory_dataset:9168
used_memory_dataset_perc:98.03%
allocator_allocated:2307920
allocator_active:2846720
allocator_resident:11059200
total_system_memory:270388695040
total_system_memory_human:251.82G
used_memory_lua:31744
used_memory_vm_eval:31744
used_memory_lua_human:31.00K
used_memory_scripts_eval:0
number_of_cached_scripts:0
number_of_functions:0
number_of_libraries:0
used_memory_vm_functions:32768
used_memory_vm_total:64512
used_memory_vm_total_human:63.00K
used_memory_functions:184
used_memory_scripts:184
used_memory_scripts_human:184B
maxmemory:0
maxmemory_human:0B
maxmemory_policy:noeviction
allocator_frag_ratio:1.23
allocator_frag_bytes:538800
allocator_rss_ratio:3.88
allocator_rss_bytes:8212480
rss_overhead_ratio:1.69
rss_overhead_bytes:7643136
mem_fragmentation_ratio:10.66
mem_fragmentation_bytes:16948344
mem_not_counted_for_evict:0
mem_replication_backlog:0
mem_total_replication_buffers:0
mem_clients_slaves:0
mem_clients_normal:0
mem_cluster_links:0
mem_aof_buffer:0
mem_allocator:jemalloc-5.3.0
active_defrag_running:0
lazyfree_pending_objects:0
lazyfreed_objects:0

# Persistence
loading:0
async_loading:0
current_cow_peak:0
current_cow_size:0
current_cow_size_age:0
current_fork_perc:0.00
current_save_keys_processed:0
current_save_keys_total:0
rdb_changes_since_last_save:0
rdb_bgsave_in_progress:0
rdb_last_save_time:1704687264
rdb_last_bgsave_status:ok
rdb_last_bgsave_time_sec:-1
rdb_current_bgsave_time_sec:-1
rdb_saves:0
rdb_last_cow_size:0
rdb_last_load_keys_expired:0
rdb_last_load_keys_loaded:0
aof_enabled:0
aof_rewrite_in_progress:0
aof_rewrite_scheduled:0
aof_last_rewrite_time_sec:-1
aof_current_rewrite_time_sec:-1
aof_last_bgrewrite_status:ok
aof_rewrites:0
aof_rewrites_consecutive_failures:0
aof_last_write_status:ok
aof_last_cow_size:0
module_fork_in_progress:0
module_fork_last_cow_size:0

# Stats
total_connections_received:0
total_commands_processed:6
instantaneous_ops_per_sec:22
total_net_input_bytes:0
total_net_output_bytes:0
total_net_repl_input_bytes:0
total_net_repl_output_bytes:0
instantaneous_input_kbps:0.00
instantaneous_output_kbps:0.00
instantaneous_input_repl_kbps:0.00
instantaneous_output_repl_kbps:0.00
rejected_connections:0
sync_full:0
sync_partial_ok:0
sync_partial_err:0
expired_keys:0
expired_stale_perc:0.00
expired_time_cap_reached_count:0
expire_cycle_cpu_milliseconds:0
evicted_keys:0
evicted_clients:0
total_eviction_exceeded_time:0
current_eviction_exceeded_time:0
keyspace_hits:0
keyspace_misses:0
pubsub_channels:0
pubsub_patterns:0
pubsubshard_channels:0
latest_fork_usec:0
total_forks:0
migrate_cached_sockets:0
slave_expires_tracked_keys:0
active_defrag_hits:0
active_defrag_misses:0
active_defrag_key_hits:0
active_defrag_key_misses:0
total_active_defrag_time:0
current_active_defrag_time:0
tracking_total_keys:0
tracking_total_items:0
tracking_total_prefixes:0
unexpected_error_replies:0
total_error_replies:0
dump_payload_sanitizations:0
total_reads_processed:0
total_writes_processed:0
io_threaded_reads_processed:0
io_threaded_writes_processed:0
reply_buffer_shrinks:0
reply_buffer_expands:0
acl_access_denied_auth:0
acl_access_denied_cmd:0
acl_access_denied_key:0
acl_access_denied_channel:0

# Replication
role:master
connected_slaves:0
master_failover_state:no-failover
master_replid:e8a7caccdaaff4445430526437a38c0fa6a131f9
master_replid2:0000000000000000000000000000000000000000
master_repl_offset:0
second_repl_offset:-1
repl_backlog_active:0
repl_backlog_size:1048576
repl_backlog_first_byte_offset:0
repl_backlog_histlen:0

# CPU
used_cpu_sys:0.005631
used_cpu_user:0.014079
used_cpu_sys_children:0.000000
used_cpu_user_children:0.000000
used_cpu_sys_main_thread:0.000000
used_cpu_user_main_thread:0.000755

# Modules
module:name=raft,ver=1,api=1,filters=1,usedby=[],using=[],options=[]

# Commandstats
cmdstat_command:calls=2,usec=1637,usec_per_call=818.50,rejected_calls=0,failed_calls=0
cmdstat_config|get:calls=3,usec=5,usec_per_call=1.67,rejected_calls=0,failed_calls=0
cmdstat_config|set:calls=1,usec=18,usec_per_call=18.00,rejected_calls=0,failed_calls=0

# Errorstats

# Latencystats
latency_percentiles_usec_command:p50=815.103,p99=823.295,p99.9=823.295
latency_percentiles_usec_config|get:p50=2.007,p99=2.007,p99.9=2.007
latency_percentiles_usec_config|set:p50=18.047,p99=18.047,p99.9=18.047

# Cluster
cluster_enabled:0

# Keyspace

------ CLIENT LIST OUTPUT ------

------ MODULES INFO OUTPUT ------
# raft_version
raft_version:255.255.255
raft_git_sha1:b779b199

# raft_general
raft_dbid:33351e9d1403ebb9bcd6fd8e41db8e8a
raft_node_id:1
raft_state:up
raft_role:follower
raft_is_voting:yes
raft_voted_for:-1
raft_leader_id:-1
raft_current_term:1
raft_num_nodes:3
raft_num_voting_nodes:2
raft_node1:id=2,state=connecting,voting=no,addr=localhost,port=5022,last_conn_secs=-1,conn_errors=0,conn_oks=0
raft_node2:id=3,state=resolving,voting=yes,addr=localhost,port=5023,last_conn_secs=-1,conn_errors=0,conn_oks=0

# raft_log
raft_log_entries:6
raft_current_index:6
raft_commit_index:0
raft_last_applied_index:0
raft_file_size:1639
raft_cache_memory_size:0
raft_cache_entries:0
raft_client_attached_entries:0
raft_fsync_count:0
raft_fsync_max_microseconds:0
raft_entry1:term=1,id=0,data_len=0
raft_entry2:term=1,id=897295883,data_len=264
raft_entry3:term=1,id=1544629802,data_len=264
raft_entry4:term=1,id=1396780567,data_len=264
raft_entry5:term=1,id=1674289780,data_len=35
raft_fsync_avg_microseconds:0

# raft_snapshot
raft_snapshot_filename:redis1.rdb
raft_snapshot_last_idx:0
raft_snapshot_last_term:0
raft_snapshot_size:0
raft_snapshot_time_secs:-1
raft_snapshots_created:0
raft_snapshots_received:0
raft_snapshot_in_progress:no
raft_snapshot_in_progress_last_idx:-1
raft_snapshot_in_progress_last_term:-1

# raft_clients
raft_proxy_reqs:0
raft_proxy_failed_reqs:0
raft_proxy_failed_responses:0
raft_proxy_outstanding_reqs:0

# raft_stats
raft_appendreq_received:0
raft_appendreq_with_entry_received:0
raft_snapshotreq_received:0
raft_exec_throttled:0
raft_num_sessions:0

------ CONFIG DEBUG OUTPUT ------
replica-read-only yes
lazyfree-lazy-expire no
activedefrag no
list-compress-depth 0
sanitize-dump-payload no
lazyfree-lazy-user-flush no
lazyfree-lazy-user-del no
io-threads-do-reads no
client-query-buffer-limit 1gb
repl-diskless-sync yes
proto-max-bulk-len 512mb
lazyfree-lazy-eviction no
slave-read-only yes
repl-diskless-load disabled
lazyfree-lazy-server-del no
io-threads 1

------ FAST MEMORY TEST ------
4120229:M 08 Jan 2024 05:14:24.338 # main thread terminated
4120229:M 08 Jan 2024 05:14:24.338 # Bio worker thread #0 terminated
4120229:M 08 Jan 2024 05:14:24.338 # Bio worker thread #1 terminated
4120229:M 08 Jan 2024 05:14:24.338 # Bio worker thread #2 terminated

Fast memory test PASSED, however your memory can still be broken. Please run a memory test for several hours if possible.

=== REDIS BUG REPORT END. Make sure to include from START to END. ===

       Please report the crash by opening an issue on github:

           http://github.com/redis/redis/issues

  If a Redis module was involved, please open in the module's repo instead.

  Suspect RAM error? Use redis-server --test-memory to verify it.

  Some other issues could be detected by redis-server --check-system
4120367:C 08 Jan 2024 05:14:24.645 # WARNING Memory overcommit must be enabled! Without it, a background save or replication may fail under low memory condition. Being disabled, it can also cause failures without low memory condition, see https://github.com/jemalloc/jemalloc/issues/1328. To fix this issue add 'vm.overcommit_memory = 1' to /etc/sysctl.conf and then reboot or run the command 'sysctl vm.overcommit_memory=1' for this to take effect.
4120367:C 08 Jan 2024 05:14:24.645 * oO0OoO0OoO0Oo Redis is starting oO0OoO0OoO0Oo
4120367:C 08 Jan 2024 05:14:24.645 * Redis version=255.255.255, bits=64, commit=e04ebdb8, modified=1, pid=4120367, just started
4120367:C 08 Jan 2024 05:14:24.645 * Configuration loaded
4120367:M 08 Jan 2024 05:14:24.645 * monotonic clock: POSIX clock_gettime
4120367:M 08 Jan 2024 05:14:24.646 * Running mode=standalone, port=5021.
4120367:M 08 Jan 2024 05:14:24.652 * <raft> RedisRaft version 255.255.255 [b779b199]
4120367:M 08 Jan 2024 05:14:24.656 * <raft> Initializing test network
4120367:M 08 Jan 2024 05:14:24.657 * <raft> Created test network client
4120367:M 08 Jan 2024 05:14:24.661 * <raft> Raft module loaded, state is 'loading'
4120367:M 08 Jan 2024 05:14:24.661 * Module 'raft' loaded from /home/snagendra/Fuzzing/redisraft-fuzzing/redisraft.so
4120367:M 08 Jan 2024 05:14:24.661 * Server initialized
4120367:M 08 Jan 2024 05:14:24.661 . The AOF directory appendonlydir doesn't exist
4120367:M 08 Jan 2024 05:14:24.661 * Ready to accept connections tcp
4120367:M 08 Jan 2024 05:14:24.661 . 0 clients connected (0 replicas), 1746720 bytes in use
4120367:M 08 Jan 2024 05:14:24.663 - Accepted 127.0.0.1:40568
4120367:M 08 Jan 2024 05:14:24.663 # Missing implement of connection type tls
4120367:M 08 Jan 2024 05:14:24.668 - Accepted 127.0.0.1:40572
4120367:signal-handler (1704687264) Received SIGINT scheduling shutdown...
4120367:signal-handler (1704687264) You insist... exiting now.
4120498:C 08 Jan 2024 05:14:24.874 # WARNING Memory overcommit must be enabled! Without it, a background save or replication may fail under low memory condition. Being disabled, it can also cause failures without low memory condition, see https://github.com/jemalloc/jemalloc/issues/1328. To fix this issue add 'vm.overcommit_memory = 1' to /etc/sysctl.conf and then reboot or run the command 'sysctl vm.overcommit_memory=1' for this to take effect.
4120498:C 08 Jan 2024 05:14:24.874 * oO0OoO0OoO0Oo Redis is starting oO0OoO0OoO0Oo
4120498:C 08 Jan 2024 05:14:24.874 * Redis version=255.255.255, bits=64, commit=e04ebdb8, modified=1, pid=4120498, just started
4120498:C 08 Jan 2024 05:14:24.874 * Configuration loaded
4120498:M 08 Jan 2024 05:14:24.875 * monotonic clock: POSIX clock_gettime
4120498:M 08 Jan 2024 05:14:24.875 * Running mode=standalone, port=5021.
4120498:M 08 Jan 2024 05:14:24.882 * <raft> RedisRaft version 255.255.255 [b779b199]
4120498:M 08 Jan 2024 05:14:24.886 * <raft> Initializing test network
4120498:M 08 Jan 2024 05:14:24.887 * <raft> Created test network client
4120498:M 08 Jan 2024 05:14:24.888 * <raft> Raft module loaded, state is 'loading'
4120498:M 08 Jan 2024 05:14:24.888 * Module 'raft' loaded from /home/snagendra/Fuzzing/redisraft-fuzzing/redisraft.so
4120498:M 08 Jan 2024 05:14:24.889 * Server initialized
4120498:M 08 Jan 2024 05:14:24.889 . The AOF directory appendonlydir doesn't exist
4120498:M 08 Jan 2024 05:14:24.889 * Ready to accept connections tcp
4120498:M 08 Jan 2024 05:14:24.889 . 0 clients connected (0 replicas), 1746688 bytes in use
4120498:M 08 Jan 2024 05:14:24.961 - Accepted 127.0.0.1:40600
4120498:M 08 Jan 2024 05:14:24.961 # Missing implement of connection type tls
4120498:M 08 Jan 2024 05:14:24.989 * <raft> Loading: Redis loading complete, snapshot NOT LOADED
4120498:M 08 Jan 2024 05:14:24.990 * <raft> Cluster Membership: term:0 index:0 nodes: id=1,voting=0,active=1,addr=-
4120498:M 08 Jan 2024 05:14:24.990 * <raft> Test network starting message polling thread
4120498:M 08 Jan 2024 05:14:24.990 * <raft> Cluster Membership: term:0 index:6 nodes: id=1,voting=1,active=1,addr=- id=2,voting=0,active=1,addr=localhost:5022
4120498:M 08 Jan 2024 05:14:24.991 * <raft> Cluster Membership: term:0 index:6 nodes: id=1,voting=1,active=1,addr=- id=2,voting=0,active=1,addr=localhost:5022 id=3,voting=0,active=1,addr=localhost:5023
4120498:M 08 Jan 2024 05:14:24.991 * <raft> Raft state after loading log: log_count=6, first_idx=1, current_idx=6, last_applied_idx=0
4120498:M 08 Jan 2024 05:14:24.991 . <raft> Raft term=1, vote=-1
4120498:M 08 Jan 2024 05:14:25.018 - Client closed connection id=8 addr=127.0.0.1:40600 laddr=127.0.0.1:5021 fd=11 name= age=1 idle=1 flags=N db=0 sub=0 psub=0 ssub=0 multi=-1 qbuf=0 qbuf-free=20474 argv-mem=0 multi-mem=0 rbs=16384 rbp=0 obl=0 oll=0 omem=0 tot-mem=37760 events=r cmd=auth user=default redir=-1 resp=2 lib-name= lib-ver=
4120498:signal-handler (1704687265) Received SIGINT scheduling shutdown...
4120498:signal-handler (1704687265) You insist... exiting now.

----- Stderr -----
libgcov profiling error:/home/snagendra/Fuzzing/redisraft-fuzzing/build/deps/raft/CMakeFiles/raft.dir/src/raft_server_properties.c.gcda:Merge mismatch for function 5
libgcov profiling error:/home/snagendra/Fuzzing/redisraft-fuzzing/build/deps/raft/CMakeFiles/raft.dir/src/raft_server.c.gcda:Merge mismatch for function 44
libgcov profiling error:/home/snagendra/Fuzzing/redisraft-fuzzing/build/deps/raft/CMakeFiles/raft.dir/src/raft_server_properties.c.gcda:Merge mismatch for function 5
libgcov profiling error:/home/snagendra/Fuzzing/redisraft-fuzzing/build/deps/raft/CMakeFiles/raft.dir/src/raft_server.c.gcda:Merge mismatch for function 44
libgcov profiling error:/home/snagendra/Fuzzing/redisraft-fuzzing/build/deps/raft/CMakeFiles/raft.dir/src/raft_server_properties.c.gcda:Merge mismatch for function 5
libgcov profiling error:/home/snagendra/Fuzzing/redisraft-fuzzing/build/deps/raft/CMakeFiles/raft.dir/src/raft_server.c.gcda:Merge mismatch for function 44




logs for node: 2

----- Stdout -----
4118981:C 08 Jan 2024 05:14:21.527 # WARNING Memory overcommit must be enabled! Without it, a background save or replication may fail under low memory condition. Being disabled, it can also cause failures without low memory condition, see https://github.com/jemalloc/jemalloc/issues/1328. To fix this issue add 'vm.overcommit_memory = 1' to /etc/sysctl.conf and then reboot or run the command 'sysctl vm.overcommit_memory=1' for this to take effect.
4118981:C 08 Jan 2024 05:14:21.527 * oO0OoO0OoO0Oo Redis is starting oO0OoO0OoO0Oo
4118981:C 08 Jan 2024 05:14:21.527 * Redis version=255.255.255, bits=64, commit=e04ebdb8, modified=1, pid=4118981, just started
4118981:C 08 Jan 2024 05:14:21.527 * Configuration loaded
4118981:M 08 Jan 2024 05:14:21.527 * monotonic clock: POSIX clock_gettime
4118981:M 08 Jan 2024 05:14:21.528 * Running mode=standalone, port=5022.
4118981:M 08 Jan 2024 05:14:21.534 * <raft> RedisRaft version 255.255.255 [b779b199]
4118981:M 08 Jan 2024 05:14:21.539 * <raft> Initializing test network
4118981:M 08 Jan 2024 05:14:21.540 * <raft> Created test network client
4118981:M 08 Jan 2024 05:14:21.541 * <raft> Raft module loaded, state is 'uninitialized'
4118981:M 08 Jan 2024 05:14:21.541 * Module 'raft' loaded from /home/snagendra/Fuzzing/redisraft-fuzzing/redisraft.so
4118981:M 08 Jan 2024 05:14:21.542 * Server initialized
4118981:M 08 Jan 2024 05:14:21.542 . The AOF directory appendonlydir doesn't exist
4118981:M 08 Jan 2024 05:14:21.543 * Ready to accept connections tcp
4118981:M 08 Jan 2024 05:14:21.543 . 0 clients connected (0 replicas), 1726224 bytes in use
4118981:M 08 Jan 2024 05:14:21.546 - Accepted 127.0.0.1:45068
4118981:M 08 Jan 2024 05:14:21.546 # Missing implement of connection type tls
4118981:M 08 Jan 2024 05:14:21.641 - <raft> join cluster, connecting to localhost:5021
4118981:M 08 Jan 2024 05:14:21.643 * <raft> Joined Raft cluster, node id: 2, dbid: 33351e9d1403ebb9bcd6fd8e41db8e8a
4118981:M 08 Jan 2024 05:14:21.649 * <raft> Cluster Membership: term:0 index:0 nodes: id=2,voting=0,active=1,addr=-
4118981:M 08 Jan 2024 05:14:21.650 * <raft> Test network starting message polling thread
4118981:M 08 Jan 2024 05:14:21.706 - Accepted 127.0.0.1:45074
4118981:M 08 Jan 2024 05:14:21.968 - Accepted 127.0.0.1:45088
4118981:M 08 Jan 2024 05:14:22.042 * <raft> State change: Election starting, node is now a pre-candidate, term 0
4118981:M 08 Jan 2024 05:14:22.042 * <raft> Cluster Membership: term:0 index:0 nodes: id=2,voting=0,active=1,addr=-
4118981:M 08 Jan 2024 05:14:22.057 * <raft> State change: Node is now a follower, term 1
4118981:M 08 Jan 2024 05:14:22.057 * <raft> Cluster Membership: term:1 index:0 nodes: id=2,voting=0,active=1,addr=-
4118981:M 08 Jan 2024 05:14:22.058 * <raft> Cluster Membership: term:1 index:2 nodes: id=2,voting=0,active=1,addr=- id=1,voting=1,active=1,addr=localhost:5021
4118981:M 08 Jan 2024 05:14:22.444 * <raft> State change: Election starting, node is now a pre-candidate, term 1
4118981:M 08 Jan 2024 05:14:22.444 * <raft> Cluster Membership: term:1 index:3 nodes: id=2,voting=0,active=1,addr=- id=1,voting=1,active=1,addr=localhost:5021
4118981:M 08 Jan 2024 05:14:22.461 - Client closed connection id=10 addr=127.0.0.1:45088 laddr=127.0.0.1:5022 fd=13 name= age=1 idle=1 flags=N db=0 sub=0 psub=0 ssub=0 multi=-1 qbuf=0 qbuf-free=20474 argv-mem=0 multi-mem=0 rbs=1024 rbp=0 obl=0 oll=0 omem=0 tot-mem=22400 events=r cmd=auth user=default redir=-1 resp=2 lib-name= lib-ver=
4118981:M 08 Jan 2024 05:14:22.745 * <raft> State change: Election starting, node is now a pre-candidate, term 1
4118981:M 08 Jan 2024 05:14:22.745 * <raft> Cluster Membership: term:1 index:3 nodes: id=2,voting=0,active=1,addr=- id=1,voting=1,active=1,addr=localhost:5021
4118981:M 08 Jan 2024 05:14:23.147 * <raft> State change: Election starting, node is now a pre-candidate, term 1
4118981:M 08 Jan 2024 05:14:23.147 * <raft> Cluster Membership: term:1 index:3 nodes: id=2,voting=0,active=1,addr=- id=1,voting=1,active=1,addr=localhost:5021
4118981:M 08 Jan 2024 05:14:23.158 - Accepted 127.0.0.1:50744
4118981:M 08 Jan 2024 05:14:23.448 * <raft> State change: Election starting, node is now a pre-candidate, term 1
4118981:M 08 Jan 2024 05:14:23.448 * <raft> Cluster Membership: term:1 index:3 nodes: id=2,voting=0,active=1,addr=- id=1,voting=1,active=1,addr=localhost:5021
4118981:M 08 Jan 2024 05:14:23.784 - Client closed connection id=9 addr=127.0.0.1:45074 laddr=127.0.0.1:5022 fd=10 name= age=2 idle=2 flags=N db=0 sub=0 psub=0 ssub=0 multi=-1 qbuf=0 qbuf-free=20474 argv-mem=0 multi-mem=0 rbs=1024 rbp=0 obl=0 oll=0 omem=0 tot-mem=22400 events=r cmd=auth user=default redir=-1 resp=2 lib-name= lib-ver=
4118981:M 08 Jan 2024 05:14:23.850 * <raft> State change: Election starting, node is now a pre-candidate, term 1
4118981:M 08 Jan 2024 05:14:23.850 * <raft> Cluster Membership: term:1 index:3 nodes: id=2,voting=0,active=1,addr=- id=1,voting=1,active=1,addr=localhost:5021
4118981:M 08 Jan 2024 05:14:23.936 * <raft> State change: Node is now a follower, term 1
4118981:M 08 Jan 2024 05:14:23.936 * <raft> Cluster Membership: term:1 index:3 nodes: id=2,voting=0,active=1,addr=- id=1,voting=1,active=1,addr=localhost:5021
4118981:M 08 Jan 2024 05:14:24.044 - Client closed connection id=11 addr=127.0.0.1:50744 laddr=127.0.0.1:5022 fd=13 name= age=1 idle=1 flags=N db=0 sub=0 psub=0 ssub=0 multi=-1 qbuf=0 qbuf-free=20474 argv-mem=0 multi-mem=0 rbs=1024 rbp=0 obl=0 oll=0 omem=0 tot-mem=22400 events=r cmd=auth user=default redir=-1 resp=2 lib-name= lib-ver=
4118981:signal-handler (1704687264) Received SIGINT scheduling shutdown...
4120245:C 08 Jan 2024 05:14:24.249 # WARNING Memory overcommit must be enabled! Without it, a background save or replication may fail under low memory condition. Being disabled, it can also cause failures without low memory condition, see https://github.com/jemalloc/jemalloc/issues/1328. To fix this issue add 'vm.overcommit_memory = 1' to /etc/sysctl.conf and then reboot or run the command 'sysctl vm.overcommit_memory=1' for this to take effect.
4120245:C 08 Jan 2024 05:14:24.249 * oO0OoO0OoO0Oo Redis is starting oO0OoO0OoO0Oo
4120245:C 08 Jan 2024 05:14:24.249 * Redis version=255.255.255, bits=64, commit=e04ebdb8, modified=1, pid=4120245, just started
4120245:C 08 Jan 2024 05:14:24.249 * Configuration loaded
4120245:M 08 Jan 2024 05:14:24.249 * monotonic clock: POSIX clock_gettime
4120245:M 08 Jan 2024 05:14:24.250 * Running mode=standalone, port=5022.
4120245:M 08 Jan 2024 05:14:24.256 * <raft> RedisRaft version 255.255.255 [b779b199]
4120245:M 08 Jan 2024 05:14:24.260 * <raft> Initializing test network
4120245:M 08 Jan 2024 05:14:24.261 * <raft> Created test network client
4120245:M 08 Jan 2024 05:14:24.264 * <raft> Raft module loaded, state is 'loading'
4120245:M 08 Jan 2024 05:14:24.264 * Module 'raft' loaded from /home/snagendra/Fuzzing/redisraft-fuzzing/redisraft.so
4120245:M 08 Jan 2024 05:14:24.265 * Server initialized
4120245:M 08 Jan 2024 05:14:24.265 . The AOF directory appendonlydir doesn't exist
4120245:M 08 Jan 2024 05:14:24.265 * Ready to accept connections tcp
4120245:M 08 Jan 2024 05:14:24.265 . 0 clients connected (0 replicas), 1746816 bytes in use
4120245:M 08 Jan 2024 05:14:24.338 - Accepted 127.0.0.1:50758
4120245:M 08 Jan 2024 05:14:24.338 # Missing implement of connection type tls
4120245:M 08 Jan 2024 05:14:24.340 - Client closed connection id=8 addr=127.0.0.1:50758 laddr=127.0.0.1:5022 fd=11 name= age=0 idle=0 flags=N db=0 sub=0 psub=0 ssub=0 multi=-1 qbuf=0 qbuf-free=20474 argv-mem=0 multi-mem=0 rbs=16384 rbp=16384 obl=0 oll=0 omem=0 tot-mem=37760 events=r cmd=auth user=default redir=-1 resp=2 lib-name= lib-ver=
4120245:M 08 Jan 2024 05:14:24.364 * <raft> Loading: Redis loading complete, snapshot NOT LOADED
4120245:M 08 Jan 2024 05:14:24.365 * <raft> Cluster Membership: term:0 index:0 nodes: id=2,voting=0,active=1,addr=-
4120245:M 08 Jan 2024 05:14:24.365 * <raft> Test network starting message polling thread
4120245:M 08 Jan 2024 05:14:24.365 * <raft> Cluster Membership: term:0 index:3 nodes: id=2,voting=0,active=1,addr=- id=1,voting=1,active=1,addr=localhost:5021
4120245:M 08 Jan 2024 05:14:24.366 * <raft> Raft state after loading log: log_count=3, first_idx=1, current_idx=3, last_applied_idx=0
4120245:M 08 Jan 2024 05:14:24.366 . <raft> Raft term=1, vote=-1
4120245:M 08 Jan 2024 05:14:24.459 - Accepted 127.0.0.1:50772
4120245:M 08 Jan 2024 05:14:24.666 * <raft> State change: Election starting, node is now a pre-candidate, term 1
4120245:M 08 Jan 2024 05:14:24.666 * <raft> Cluster Membership: term:1 index:3 nodes: id=2,voting=0,active=1,addr=- id=1,voting=1,active=1,addr=localhost:5021
4120245:signal-handler (1704687264) Received SIGINT scheduling shutdown...
4120245:signal-handler (1704687264) You insist... exiting now.

----- Stderr -----
libgcov profiling error:/home/snagendra/Fuzzing/redisraft-fuzzing/build/deps/raft/CMakeFiles/raft.dir/src/raft_server_properties.c.gcda:Merge mismatch for function 5
libgcov profiling error:/home/snagendra/Fuzzing/redisraft-fuzzing/build/deps/raft/CMakeFiles/raft.dir/src/raft_server.c.gcda:Merge mismatch for function 44




logs for node: 3

----- Stdout -----
4119045:C 08 Jan 2024 05:14:21.652 # WARNING Memory overcommit must be enabled! Without it, a background save or replication may fail under low memory condition. Being disabled, it can also cause failures without low memory condition, see https://github.com/jemalloc/jemalloc/issues/1328. To fix this issue add 'vm.overcommit_memory = 1' to /etc/sysctl.conf and then reboot or run the command 'sysctl vm.overcommit_memory=1' for this to take effect.
4119045:C 08 Jan 2024 05:14:21.652 * oO0OoO0OoO0Oo Redis is starting oO0OoO0OoO0Oo
4119045:C 08 Jan 2024 05:14:21.652 * Redis version=255.255.255, bits=64, commit=e04ebdb8, modified=1, pid=4119045, just started
4119045:C 08 Jan 2024 05:14:21.652 * Configuration loaded
4119045:M 08 Jan 2024 05:14:21.653 * monotonic clock: POSIX clock_gettime
4119045:M 08 Jan 2024 05:14:21.653 * Running mode=standalone, port=5023.
4119045:M 08 Jan 2024 05:14:21.660 * <raft> RedisRaft version 255.255.255 [b779b199]
4119045:M 08 Jan 2024 05:14:21.665 * <raft> Initializing test network
4119045:M 08 Jan 2024 05:14:21.666 * <raft> Created test network client
4119045:M 08 Jan 2024 05:14:21.667 * <raft> Raft module loaded, state is 'uninitialized'
4119045:M 08 Jan 2024 05:14:21.667 * Module 'raft' loaded from /home/snagendra/Fuzzing/redisraft-fuzzing/redisraft.so
4119045:M 08 Jan 2024 05:14:21.668 * Server initialized
4119045:M 08 Jan 2024 05:14:21.668 . The AOF directory appendonlydir doesn't exist
4119045:M 08 Jan 2024 05:14:21.668 * Ready to accept connections tcp
4119045:M 08 Jan 2024 05:14:21.669 . 0 clients connected (0 replicas), 1726192 bytes in use
4119045:M 08 Jan 2024 05:14:21.670 - Accepted 127.0.0.1:41702
4119045:M 08 Jan 2024 05:14:21.670 # Missing implement of connection type tls
4119045:M 08 Jan 2024 05:14:21.767 - <raft> join cluster, connecting to localhost:5021
4119045:M 08 Jan 2024 05:14:21.769 * <raft> Joined Raft cluster, node id: 3, dbid: 33351e9d1403ebb9bcd6fd8e41db8e8a
4119045:M 08 Jan 2024 05:14:21.776 * <raft> Cluster Membership: term:0 index:0 nodes: id=3,voting=0,active=1,addr=-
4119045:M 08 Jan 2024 05:14:21.776 * <raft> Test network starting message polling thread
4119045:M 08 Jan 2024 05:14:21.806 - Accepted 127.0.0.1:41710
4119045:M 08 Jan 2024 05:14:21.874 * <raft> Cluster Membership: term:1 index:2 nodes: id=3,voting=0,active=1,addr=- id=1,voting=1,active=1,addr=localhost:5021
4119045:M 08 Jan 2024 05:14:21.874 * <raft> Cluster Membership: term:1 index:3 nodes: id=3,voting=0,active=1,addr=- id=1,voting=1,active=1,addr=localhost:5021 id=2,voting=0,active=1,addr=localhost:5022
4119045:M 08 Jan 2024 05:14:22.270 * <raft> State change: Election starting, node is now a pre-candidate, term 1
4119045:M 08 Jan 2024 05:14:22.270 * <raft> Cluster Membership: term:1 index:4 nodes: id=3,voting=0,active=1,addr=- id=1,voting=1,active=1,addr=localhost:5021 id=2,voting=0,active=1,addr=localhost:5022
4119045:signal-handler (1704687262) Received SIGINT scheduling shutdown...
4119045:signal-handler (1704687262) You insist... exiting now.
4119716:C 08 Jan 2024 05:14:23.039 # WARNING Memory overcommit must be enabled! Without it, a background save or replication may fail under low memory condition. Being disabled, it can also cause failures without low memory condition, see https://github.com/jemalloc/jemalloc/issues/1328. To fix this issue add 'vm.overcommit_memory = 1' to /etc/sysctl.conf and then reboot or run the command 'sysctl vm.overcommit_memory=1' for this to take effect.
4119716:C 08 Jan 2024 05:14:23.039 * oO0OoO0OoO0Oo Redis is starting oO0OoO0OoO0Oo
4119716:C 08 Jan 2024 05:14:23.039 * Redis version=255.255.255, bits=64, commit=e04ebdb8, modified=1, pid=4119716, just started
4119716:C 08 Jan 2024 05:14:23.039 * Configuration loaded
4119716:M 08 Jan 2024 05:14:23.040 * monotonic clock: POSIX clock_gettime
4119716:M 08 Jan 2024 05:14:23.040 * Running mode=standalone, port=5023.
4119716:M 08 Jan 2024 05:14:23.047 * <raft> RedisRaft version 255.255.255 [b779b199]
4119716:M 08 Jan 2024 05:14:23.052 * <raft> Initializing test network
4119716:M 08 Jan 2024 05:14:23.052 * <raft> Created test network client
4119716:M 08 Jan 2024 05:14:23.056 * <raft> Raft module loaded, state is 'loading'
4119716:M 08 Jan 2024 05:14:23.056 * Module 'raft' loaded from /home/snagendra/Fuzzing/redisraft-fuzzing/redisraft.so
4119716:M 08 Jan 2024 05:14:23.056 * Server initialized
4119716:M 08 Jan 2024 05:14:23.056 . The AOF directory appendonlydir doesn't exist
4119716:M 08 Jan 2024 05:14:23.056 * Ready to accept connections tcp
4119716:M 08 Jan 2024 05:14:23.056 . 0 clients connected (0 replicas), 1746720 bytes in use
4119716:M 08 Jan 2024 05:14:23.116 - Accepted 127.0.0.1:56796
4119716:M 08 Jan 2024 05:14:23.116 # Missing implement of connection type tls
4119716:M 08 Jan 2024 05:14:23.156 * <raft> Loading: Redis loading complete, snapshot NOT LOADED
4119716:M 08 Jan 2024 05:14:23.157 * <raft> Cluster Membership: term:0 index:0 nodes: id=3,voting=0,active=1,addr=-
4119716:M 08 Jan 2024 05:14:23.157 * <raft> Test network starting message polling thread
4119716:M 08 Jan 2024 05:14:23.157 * <raft> Cluster Membership: term:0 index:4 nodes: id=3,voting=0,active=1,addr=- id=1,voting=1,active=1,addr=localhost:5021
4119716:M 08 Jan 2024 05:14:23.158 * <raft> Cluster Membership: term:0 index:4 nodes: id=3,voting=0,active=1,addr=- id=1,voting=1,active=1,addr=localhost:5021 id=2,voting=0,active=1,addr=localhost:5022
4119716:M 08 Jan 2024 05:14:23.158 * <raft> Raft state after loading log: log_count=4, first_idx=1, current_idx=4, last_applied_idx=0
4119716:M 08 Jan 2024 05:14:23.158 . <raft> Raft term=1, vote=-1
4119716:M 08 Jan 2024 05:14:23.559 * <raft> State change: Election starting, node is now a pre-candidate, term 1
4119716:M 08 Jan 2024 05:14:23.559 * <raft> Cluster Membership: term:1 index:4 nodes: id=3,voting=0,active=1,addr=- id=1,voting=1,active=1,addr=localhost:5021 id=2,voting=0,active=1,addr=localhost:5022
4119716:M 08 Jan 2024 05:14:23.784 - Client closed connection id=8 addr=127.0.0.1:56796 laddr=127.0.0.1:5023 fd=11 name= age=0 idle=0 flags=N db=0 sub=0 psub=0 ssub=0 multi=-1 qbuf=0 qbuf-free=20474 argv-mem=0 multi-mem=0 rbs=1024 rbp=0 obl=0 oll=0 omem=0 tot-mem=22400 events=r cmd=auth user=default redir=-1 resp=2 lib-name= lib-ver=
4119716:M 08 Jan 2024 05:14:23.961 * <raft> State change: Election starting, node is now a pre-candidate, term 1
4119716:M 08 Jan 2024 05:14:23.961 * <raft> Cluster Membership: term:1 index:4 nodes: id=3,voting=0,active=1,addr=- id=1,voting=1,active=1,addr=localhost:5021 id=2,voting=0,active=1,addr=localhost:5022
4119716:signal-handler (1704687264) Received SIGINT scheduling shutdown...
4119716:signal-handler (1704687264) You insist... exiting now.
4120278:C 08 Jan 2024 05:14:24.340 # WARNING Memory overcommit must be enabled! Without it, a background save or replication may fail under low memory condition. Being disabled, it can also cause failures without low memory condition, see https://github.com/jemalloc/jemalloc/issues/1328. To fix this issue add 'vm.overcommit_memory = 1' to /etc/sysctl.conf and then reboot or run the command 'sysctl vm.overcommit_memory=1' for this to take effect.
4120278:C 08 Jan 2024 05:14:24.340 * oO0OoO0OoO0Oo Redis is starting oO0OoO0OoO0Oo
4120278:C 08 Jan 2024 05:14:24.340 * Redis version=255.255.255, bits=64, commit=e04ebdb8, modified=1, pid=4120278, just started
4120278:C 08 Jan 2024 05:14:24.340 * Configuration loaded
4120278:M 08 Jan 2024 05:14:24.340 * monotonic clock: POSIX clock_gettime
4120278:M 08 Jan 2024 05:14:24.341 * Running mode=standalone, port=5023.
4120278:M 08 Jan 2024 05:14:24.347 * <raft> RedisRaft version 255.255.255 [b779b199]
4120278:M 08 Jan 2024 05:14:24.351 * <raft> Initializing test network
4120278:M 08 Jan 2024 05:14:24.352 * <raft> Created test network client
4120278:M 08 Jan 2024 05:14:24.356 * <raft> Raft module loaded, state is 'loading'
4120278:M 08 Jan 2024 05:14:24.356 * Module 'raft' loaded from /home/snagendra/Fuzzing/redisraft-fuzzing/redisraft.so
4120278:M 08 Jan 2024 05:14:24.357 * Server initialized
4120278:M 08 Jan 2024 05:14:24.357 . The AOF directory appendonlydir doesn't exist
4120278:M 08 Jan 2024 05:14:24.357 * Ready to accept connections tcp
4120278:M 08 Jan 2024 05:14:24.357 . 0 clients connected (0 replicas), 1746816 bytes in use
4120278:M 08 Jan 2024 05:14:24.457 * <raft> Loading: Redis loading complete, snapshot NOT LOADED
4120278:M 08 Jan 2024 05:14:24.457 * <raft> Cluster Membership: term:0 index:0 nodes: id=3,voting=0,active=1,addr=-
4120278:M 08 Jan 2024 05:14:24.458 * <raft> Test network starting message polling thread
4120278:M 08 Jan 2024 05:14:24.458 * <raft> Cluster Membership: term:0 index:4 nodes: id=3,voting=0,active=1,addr=- id=1,voting=1,active=1,addr=localhost:5021
4120278:M 08 Jan 2024 05:14:24.458 * <raft> Cluster Membership: term:0 index:4 nodes: id=3,voting=0,active=1,addr=- id=1,voting=1,active=1,addr=localhost:5021 id=2,voting=0,active=1,addr=localhost:5022
4120278:M 08 Jan 2024 05:14:24.458 * <raft> Raft state after loading log: log_count=4, first_idx=1, current_idx=4, last_applied_idx=0
4120278:M 08 Jan 2024 05:14:24.458 . <raft> Raft term=1, vote=-1
4120278:signal-handler (1704687264) Received SIGINT scheduling shutdown...4120278
:signal-handler (1704687264) Received SIGINT scheduling shutdown...
4120278:M 08 Jan 2024 05:14:24.991 - Accepted 127.0.0.1:56816
4120278:M 08 Jan 2024 05:14:24.991 # Missing implement of connection type tls

----- Stderr -----
libgcov profiling error:/home/snagendra/Fuzzing/redisraft-fuzzing/build/deps/raft/CMakeFiles/raft.dir/src/raft_server_properties.c.gcda:Merge mismatch for function 5
libgcov profiling error:/home/snagendra/Fuzzing/redisraft-fuzzing/build/deps/raft/CMakeFiles/raft.dir/src/raft_server.c.gcda:Merge mismatch for function 44
libgcov profiling error:/home/snagendra/Fuzzing/redisraft-fuzzing/build/deps/raft/CMakeFiles/raft.dir/src/raft_server_properties.c.gcda:Merge mismatch for function 5
libgcov profiling error:/home/snagendra/Fuzzing/redisraft-fuzzing/build/deps/raft/CMakeFiles/raft.dir/src/raft_server.c.gcda:Merge mismatch for function 44



