logs for node: 1

----- Stdout -----
4164882:C 08 Jan 2024 07:50:35.128 # WARNING Memory overcommit must be enabled! Without it, a background save or replication may fail under low memory condition. Being disabled, it can also cause failures without low memory condition, see https://github.com/jemalloc/jemalloc/issues/1328. To fix this issue add 'vm.overcommit_memory = 1' to /etc/sysctl.conf and then reboot or run the command 'sysctl vm.overcommit_memory=1' for this to take effect.
4164882:C 08 Jan 2024 07:50:35.128 * oO0OoO0OoO0Oo Redis is starting oO0OoO0OoO0Oo
4164882:C 08 Jan 2024 07:50:35.128 * Redis version=255.255.255, bits=64, commit=e04ebdb8, modified=1, pid=4164882, just started
4164882:C 08 Jan 2024 07:50:35.128 * Configuration loaded
4164882:M 08 Jan 2024 07:50:35.129 * monotonic clock: POSIX clock_gettime
4164882:M 08 Jan 2024 07:50:35.129 * Running mode=standalone, port=5081.
4164882:M 08 Jan 2024 07:50:35.136 * <raft> RedisRaft version 255.255.255 [b779b199]
4164882:M 08 Jan 2024 07:50:35.141 * <raft> Initializing test network
4164882:M 08 Jan 2024 07:50:35.142 * <raft> Created test network client
4164882:M 08 Jan 2024 07:50:35.142 * <raft> Raft module loaded, state is 'uninitialized'
4164882:M 08 Jan 2024 07:50:35.142 * Module 'raft' loaded from /home/snagendra/Fuzzing/redisraft-fuzzing/redisraft.so
4164882:M 08 Jan 2024 07:50:35.143 * Server initialized
4164882:M 08 Jan 2024 07:50:35.143 . The AOF directory appendonlydir doesn't exist
4164882:M 08 Jan 2024 07:50:35.144 * Ready to accept connections tcp
4164882:M 08 Jan 2024 07:50:35.144 . 0 clients connected (0 replicas), 1726224 bytes in use
4164882:M 08 Jan 2024 07:50:35.158 - Accepted 127.0.0.1:57530
4164882:M 08 Jan 2024 07:50:35.158 # Missing implement of connection type tls
4164882:M 08 Jan 2024 07:50:35.165 * <raft> Cluster Membership: term:0 index:0 nodes: id=1,voting=0,active=1,addr=-
4164882:M 08 Jan 2024 07:50:35.170 * <raft> State change: Node is now a leader, term 1
4164882:M 08 Jan 2024 07:50:35.171 * <raft> Cluster Membership: term:1 index:1 nodes: id=1,voting=0,active=1,addr=-
4164882:M 08 Jan 2024 07:50:35.171 * <raft> Test network starting message polling thread
4164882:M 08 Jan 2024 07:50:35.171 * <raft> Raft Cluster initialized, node id: 1, dbid: e4402cbbbe72515a46b89451989217dc
4164882:M 08 Jan 2024 07:50:35.289 - Accepted 127.0.0.1:57536
4164882:M 08 Jan 2024 07:50:35.290 * <raft> Cluster Membership: term:1 index:3 nodes: id=1,voting=1,active=1,addr=- id=2,voting=0,active=1,addr=localhost:5082
4164882:M 08 Jan 2024 07:50:35.297 - Client closed connection id=9 addr=127.0.0.1:57536 laddr=127.0.0.1:5081 fd=12 name= age=0 idle=0 flags=N db=0 sub=0 psub=0 ssub=0 multi=-1 qbuf=0 qbuf-free=20474 argv-mem=0 multi-mem=0 rbs=16384 rbp=16384 obl=0 oll=0 omem=0 tot-mem=37760 events=r cmd=raft.node user=default redir=-1 resp=2 lib-name= lib-ver=
4164882:M 08 Jan 2024 07:50:35.413 - Accepted 127.0.0.1:57540
4164882:M 08 Jan 2024 07:50:35.414 * <raft> Cluster Membership: term:1 index:4 nodes: id=1,voting=1,active=1,addr=- id=2,voting=0,active=1,addr=localhost:5082 id=3,voting=0,active=1,addr=localhost:5083
4164882:M 08 Jan 2024 07:50:35.422 - Client closed connection id=10 addr=127.0.0.1:57540 laddr=127.0.0.1:5081 fd=13 name= age=0 idle=0 flags=N db=0 sub=0 psub=0 ssub=0 multi=-1 qbuf=0 qbuf-free=20474 argv-mem=0 multi-mem=0 rbs=16384 rbp=16384 obl=0 oll=0 omem=0 tot-mem=37760 events=r cmd=raft.node user=default redir=-1 resp=2 lib-name= lib-ver=
4164882:M 08 Jan 2024 07:50:35.489 - Accepted 127.0.0.1:57546
4164882:M 08 Jan 2024 07:50:36.050 - Client closed connection id=11 addr=127.0.0.1:57546 laddr=127.0.0.1:5081 fd=14 name= age=1 idle=1 flags=N db=0 sub=0 psub=0 ssub=0 multi=-1 qbuf=0 qbuf-free=20474 argv-mem=0 multi-mem=0 rbs=1024 rbp=0 obl=0 oll=0 omem=0 tot-mem=22400 events=r cmd=auth user=default redir=-1 resp=2 lib-name= lib-ver=
4164882:M 08 Jan 2024 07:50:36.567 * <raft> node:2 has sufficient logs, adding as voting node.
4164882:M 08 Jan 2024 07:50:37.351 * <raft> State change: Node is now a follower, term 1
4164882:M 08 Jan 2024 07:50:37.351 * <raft> Cluster Membership: term:1 index:6 nodes: id=1,voting=1,active=1,addr=- id=2,voting=1,active=1,addr=localhost:5082 id=3,voting=0,active=1,addr=localhost:5083
4164882:signal-handler (1704696637) Received SIGINT scheduling shutdown...
4164882:M 08 Jan 2024 07:50:37.461 * User requested shutdown...
4164882:M 08 Jan 2024 07:50:37.461 # Redis is now ready to exit, bye bye...
4166157:C 08 Jan 2024 07:50:37.889 # WARNING Memory overcommit must be enabled! Without it, a background save or replication may fail under low memory condition. Being disabled, it can also cause failures without low memory condition, see https://github.com/jemalloc/jemalloc/issues/1328. To fix this issue add 'vm.overcommit_memory = 1' to /etc/sysctl.conf and then reboot or run the command 'sysctl vm.overcommit_memory=1' for this to take effect.
4166157:C 08 Jan 2024 07:50:37.889 * oO0OoO0OoO0Oo Redis is starting oO0OoO0OoO0Oo
4166157:C 08 Jan 2024 07:50:37.889 * Redis version=255.255.255, bits=64, commit=e04ebdb8, modified=1, pid=4166157, just started
4166157:C 08 Jan 2024 07:50:37.889 * Configuration loaded
4166157:M 08 Jan 2024 07:50:37.890 * monotonic clock: POSIX clock_gettime
4166157:M 08 Jan 2024 07:50:37.891 * Running mode=standalone, port=5081.
4166157:M 08 Jan 2024 07:50:37.897 * <raft> RedisRaft version 255.255.255 [b779b199]
4166157:M 08 Jan 2024 07:50:37.901 * <raft> Initializing test network
4166157:M 08 Jan 2024 07:50:37.902 * <raft> Created test network client
4166157:M 08 Jan 2024 07:50:37.907 * <raft> Raft module loaded, state is 'loading'
4166157:M 08 Jan 2024 07:50:37.907 * Module 'raft' loaded from /home/snagendra/Fuzzing/redisraft-fuzzing/redisraft.so
4166157:M 08 Jan 2024 07:50:37.908 * Server initialized
4166157:M 08 Jan 2024 07:50:37.908 . The AOF directory appendonlydir doesn't exist
4166157:M 08 Jan 2024 07:50:37.908 * Ready to accept connections tcp
4166157:M 08 Jan 2024 07:50:37.908 . 0 clients connected (0 replicas), 1746624 bytes in use
4166157:M 08 Jan 2024 07:50:38.004 - Accepted 127.0.0.1:57600
4166157:M 08 Jan 2024 07:50:38.004 # Missing implement of connection type tls
4166157:M 08 Jan 2024 07:50:38.007 * <raft> Loading: Redis loading complete, snapshot NOT LOADED
4166157:M 08 Jan 2024 07:50:38.008 * <raft> Cluster Membership: term:0 index:0 nodes: id=1,voting=0,active=1,addr=-
4166157:M 08 Jan 2024 07:50:38.008 * <raft> Test network starting message polling thread
4166157:M 08 Jan 2024 07:50:38.008 * <raft> Cluster Membership: term:0 index:6 nodes: id=1,voting=1,active=1,addr=- id=2,voting=0,active=1,addr=localhost:5082
4166157:M 08 Jan 2024 07:50:38.009 * <raft> Cluster Membership: term:0 index:6 nodes: id=1,voting=1,active=1,addr=- id=2,voting=0,active=1,addr=localhost:5082 id=3,voting=0,active=1,addr=localhost:5083
4166157:M 08 Jan 2024 07:50:38.009 * <raft> Raft state after loading log: log_count=6, first_idx=1, current_idx=6, last_applied_idx=0
4166157:M 08 Jan 2024 07:50:38.009 . <raft> Raft term=1, vote=-1
4166157:M 08 Jan 2024 07:50:38.309 * <raft> State change: Election starting, node is now a pre-candidate, term 1
4166157:M 08 Jan 2024 07:50:38.309 * <raft> Cluster Membership: term:1 index:6 nodes: id=1,voting=1,active=1,addr=- id=2,voting=1,active=1,addr=localhost:5082 id=3,voting=0,active=1,addr=localhost:5083
4166157:M 08 Jan 2024 07:50:38.438 - Accepted 127.0.0.1:57602
4166157:signal-handler (1704696638) Received SIGINT scheduling shutdown...
4166157:signal-handler (1704696638) You insist... exiting now.

----- Stderr -----
libgcov profiling error:/home/snagendra/Fuzzing/redisraft-fuzzing/build/deps/raft/CMakeFiles/raft.dir/src/raft_server.c.gcda:Merge mismatch for function 33




logs for node: 2

----- Stdout -----
4164919:C 08 Jan 2024 07:50:35.174 # WARNING Memory overcommit must be enabled! Without it, a background save or replication may fail under low memory condition. Being disabled, it can also cause failures without low memory condition, see https://github.com/jemalloc/jemalloc/issues/1328. To fix this issue add 'vm.overcommit_memory = 1' to /etc/sysctl.conf and then reboot or run the command 'sysctl vm.overcommit_memory=1' for this to take effect.
4164919:C 08 Jan 2024 07:50:35.174 * oO0OoO0OoO0Oo Redis is starting oO0OoO0OoO0Oo
4164919:C 08 Jan 2024 07:50:35.174 * Redis version=255.255.255, bits=64, commit=e04ebdb8, modified=1, pid=4164919, just started
4164919:C 08 Jan 2024 07:50:35.174 * Configuration loaded
4164919:M 08 Jan 2024 07:50:35.174 * monotonic clock: POSIX clock_gettime
4164919:M 08 Jan 2024 07:50:35.175 * Running mode=standalone, port=5082.
4164919:M 08 Jan 2024 07:50:35.181 * <raft> RedisRaft version 255.255.255 [b779b199]
4164919:M 08 Jan 2024 07:50:35.186 * <raft> Initializing test network
4164919:M 08 Jan 2024 07:50:35.187 * <raft> Created test network client
4164919:M 08 Jan 2024 07:50:35.187 * <raft> Raft module loaded, state is 'uninitialized'
4164919:M 08 Jan 2024 07:50:35.187 * Module 'raft' loaded from /home/snagendra/Fuzzing/redisraft-fuzzing/redisraft.so
4164919:M 08 Jan 2024 07:50:35.188 * Server initialized
4164919:M 08 Jan 2024 07:50:35.189 . The AOF directory appendonlydir doesn't exist
4164919:M 08 Jan 2024 07:50:35.189 * Ready to accept connections tcp
4164919:M 08 Jan 2024 07:50:35.189 . 0 clients connected (0 replicas), 1726224 bytes in use
4164919:M 08 Jan 2024 07:50:35.193 - Accepted 127.0.0.1:50024
4164919:M 08 Jan 2024 07:50:35.193 # Missing implement of connection type tls
4164919:M 08 Jan 2024 07:50:35.288 - <raft> join cluster, connecting to localhost:5081
4164919:M 08 Jan 2024 07:50:35.290 * <raft> Joined Raft cluster, node id: 2, dbid: e4402cbbbe72515a46b89451989217dc
4164919:M 08 Jan 2024 07:50:35.296 * <raft> Cluster Membership: term:0 index:0 nodes: id=2,voting=0,active=1,addr=-
4164919:M 08 Jan 2024 07:50:35.297 * <raft> Test network starting message polling thread
4164919:M 08 Jan 2024 07:50:35.344 - Accepted 127.0.0.1:50026
4164919:M 08 Jan 2024 07:50:35.431 * <raft> Cluster Membership: term:1 index:2 nodes: id=2,voting=0,active=1,addr=- id=1,voting=1,active=1,addr=localhost:5081
4164919:M 08 Jan 2024 07:50:35.607 * <raft> Cluster Membership: term:1 index:4 nodes: id=2,voting=0,active=1,addr=- id=1,voting=1,active=1,addr=localhost:5081 id=3,voting=0,active=1,addr=localhost:5083
4164919:M 08 Jan 2024 07:50:35.892 * <raft> State change: Election starting, node is now a pre-candidate, term 1
4164919:M 08 Jan 2024 07:50:35.892 * <raft> Cluster Membership: term:1 index:4 nodes: id=2,voting=0,active=1,addr=- id=1,voting=1,active=1,addr=localhost:5081 id=3,voting=0,active=1,addr=localhost:5083
4164919:M 08 Jan 2024 07:50:35.909 * <raft> State change: Node is now a follower, term 1
4164919:M 08 Jan 2024 07:50:35.909 * <raft> Cluster Membership: term:1 index:4 nodes: id=2,voting=0,active=1,addr=- id=1,voting=1,active=1,addr=localhost:5081 id=3,voting=0,active=1,addr=localhost:5083
4164919:signal-handler (1704696636) Received SIGINT scheduling shutdown...
4164919:signal-handler (1704696636) You insist... exiting now.
4166066:C 08 Jan 2024 07:50:37.584 # WARNING Memory overcommit must be enabled! Without it, a background save or replication may fail under low memory condition. Being disabled, it can also cause failures without low memory condition, see https://github.com/jemalloc/jemalloc/issues/1328. To fix this issue add 'vm.overcommit_memory = 1' to /etc/sysctl.conf and then reboot or run the command 'sysctl vm.overcommit_memory=1' for this to take effect.
4166066:C 08 Jan 2024 07:50:37.584 * oO0OoO0OoO0Oo Redis is starting oO0OoO0OoO0Oo
4166066:C 08 Jan 2024 07:50:37.584 * Redis version=255.255.255, bits=64, commit=e04ebdb8, modified=1, pid=4166066, just started
4166066:C 08 Jan 2024 07:50:37.584 * Configuration loaded
4166066:M 08 Jan 2024 07:50:37.584 * monotonic clock: POSIX clock_gettime
4166066:M 08 Jan 2024 07:50:37.585 * Running mode=standalone, port=5082.
4166066:M 08 Jan 2024 07:50:37.592 * <raft> RedisRaft version 255.255.255 [b779b199]
4166066:M 08 Jan 2024 07:50:37.596 * <raft> Initializing test network
4166066:M 08 Jan 2024 07:50:37.596 * <raft> Created test network client
4166066:M 08 Jan 2024 07:50:37.600 * <raft> Raft module loaded, state is 'loading'
4166066:M 08 Jan 2024 07:50:37.600 * Module 'raft' loaded from /home/snagendra/Fuzzing/redisraft-fuzzing/redisraft.so
4166066:M 08 Jan 2024 07:50:37.601 * Server initialized
4166066:M 08 Jan 2024 07:50:37.601 . The AOF directory appendonlydir doesn't exist
4166066:M 08 Jan 2024 07:50:37.601 * Ready to accept connections tcp
4166066:M 08 Jan 2024 07:50:37.601 . 0 clients connected (0 replicas), 1746656 bytes in use
4166066:M 08 Jan 2024 07:50:37.700 * <raft> Loading: Redis loading complete, snapshot NOT LOADED
4166066:M 08 Jan 2024 07:50:37.701 * <raft> Cluster Membership: term:0 index:0 nodes: id=2,voting=0,active=1,addr=-
4166066:M 08 Jan 2024 07:50:37.701 * <raft> Test network starting message polling thread
4166066:M 08 Jan 2024 07:50:37.701 * <raft> Cluster Membership: term:0 index:4 nodes: id=2,voting=0,active=1,addr=- id=1,voting=1,active=1,addr=localhost:5081
4166066:M 08 Jan 2024 07:50:37.702 * <raft> Cluster Membership: term:0 index:4 nodes: id=2,voting=0,active=1,addr=- id=1,voting=1,active=1,addr=localhost:5081 id=3,voting=0,active=1,addr=localhost:5083
4166066:M 08 Jan 2024 07:50:37.702 * <raft> Raft state after loading log: log_count=4, first_idx=1, current_idx=4, last_applied_idx=0
4166066:M 08 Jan 2024 07:50:37.702 . <raft> Raft term=1, vote=-1
4166066:M 08 Jan 2024 07:50:38.009 - Accepted 127.0.0.1:50172
4166066:M 08 Jan 2024 07:50:38.009 # Missing implement of connection type tls
4166066:M 08 Jan 2024 07:50:38.103 * <raft> State change: Election starting, node is now a pre-candidate, term 1
4166066:M 08 Jan 2024 07:50:38.103 * <raft> Cluster Membership: term:1 index:4 nodes: id=2,voting=0,active=1,addr=- id=1,voting=1,active=1,addr=localhost:5081 id=3,voting=0,active=1,addr=localhost:5083
4166066:M 08 Jan 2024 07:50:38.405 * <raft> State change: Election starting, node is now a pre-candidate, term 1
4166066:M 08 Jan 2024 07:50:38.405 * <raft> Cluster Membership: term:1 index:4 nodes: id=2,voting=0,active=1,addr=- id=1,voting=1,active=1,addr=localhost:5081 id=3,voting=0,active=1,addr=localhost:5083
4166066:M 08 Jan 2024 07:50:38.468 * <raft> State change: Node is now a follower, term 1
4166066:M 08 Jan 2024 07:50:38.468 * <raft> Cluster Membership: term:1 index:4 nodes: id=2,voting=0,active=1,addr=- id=1,voting=1,active=1,addr=localhost:5081 id=3,voting=0,active=1,addr=localhost:5083
4166066:M 08 Jan 2024 07:50:38.575 - Client closed connection id=8 addr=127.0.0.1:50172 laddr=127.0.0.1:5082 fd=11 name= age=0 idle=0 flags=N db=0 sub=0 psub=0 ssub=0 multi=-1 qbuf=0 qbuf-free=20474 argv-mem=0 multi-mem=0 rbs=1024 rbp=0 obl=0 oll=0 omem=0 tot-mem=22400 events=r cmd=auth user=default redir=-1 resp=2 lib-name= lib-ver=
4166066:signal-handler (1704696638) Received SIGINT scheduling shutdown...
4166066:signal-handler (1704696638) You insist... exiting now.

----- Stderr -----
libgcov profiling error:/home/snagendra/Fuzzing/redisraft-fuzzing/build/deps/raft/CMakeFiles/raft.dir/src/raft_server.c.gcda:Merge mismatch for function 33
libgcov profiling error:/home/snagendra/Fuzzing/redisraft-fuzzing/build/deps/raft/CMakeFiles/raft.dir/src/raft_server.c.gcda:Merge mismatch for function 33




logs for node: 3

----- Stdout -----
4164996:C 08 Jan 2024 07:50:35.299 # WARNING Memory overcommit must be enabled! Without it, a background save or replication may fail under low memory condition. Being disabled, it can also cause failures without low memory condition, see https://github.com/jemalloc/jemalloc/issues/1328. To fix this issue add 'vm.overcommit_memory = 1' to /etc/sysctl.conf and then reboot or run the command 'sysctl vm.overcommit_memory=1' for this to take effect.
4164996:C 08 Jan 2024 07:50:35.299 * oO0OoO0OoO0Oo Redis is starting oO0OoO0OoO0Oo
4164996:C 08 Jan 2024 07:50:35.299 * Redis version=255.255.255, bits=64, commit=e04ebdb8, modified=1, pid=4164996, just started
4164996:C 08 Jan 2024 07:50:35.299 * Configuration loaded
4164996:M 08 Jan 2024 07:50:35.300 * monotonic clock: POSIX clock_gettime
4164996:M 08 Jan 2024 07:50:35.300 * Running mode=standalone, port=5083.
4164996:M 08 Jan 2024 07:50:35.307 * <raft> RedisRaft version 255.255.255 [b779b199]
4164996:M 08 Jan 2024 07:50:35.311 * <raft> Initializing test network
4164996:M 08 Jan 2024 07:50:35.312 * <raft> Created test network client
4164996:M 08 Jan 2024 07:50:35.313 * <raft> Raft module loaded, state is 'uninitialized'
4164996:M 08 Jan 2024 07:50:35.313 * Module 'raft' loaded from /home/snagendra/Fuzzing/redisraft-fuzzing/redisraft.so
4164996:M 08 Jan 2024 07:50:35.314 * Server initialized
4164996:M 08 Jan 2024 07:50:35.314 . The AOF directory appendonlydir doesn't exist
4164996:M 08 Jan 2024 07:50:35.315 * Ready to accept connections tcp
4164996:M 08 Jan 2024 07:50:35.315 . 0 clients connected (0 replicas), 1726320 bytes in use
4164996:M 08 Jan 2024 07:50:35.331 - Accepted 127.0.0.1:59740
4164996:M 08 Jan 2024 07:50:35.331 # Missing implement of connection type tls
4164996:M 08 Jan 2024 07:50:35.413 - <raft> join cluster, connecting to localhost:5081
4164996:M 08 Jan 2024 07:50:35.415 * <raft> Joined Raft cluster, node id: 3, dbid: e4402cbbbe72515a46b89451989217dc
4164996:M 08 Jan 2024 07:50:35.421 * <raft> Cluster Membership: term:0 index:0 nodes: id=3,voting=0,active=1,addr=-
4164996:M 08 Jan 2024 07:50:35.422 * <raft> Test network starting message polling thread
4164996:M 08 Jan 2024 07:50:35.445 - Accepted 127.0.0.1:59744
4164996:M 08 Jan 2024 07:50:35.690 - Accepted 127.0.0.1:59754
4164996:M 08 Jan 2024 07:50:36.016 * <raft> State change: Election starting, node is now a pre-candidate, term 1
4164996:M 08 Jan 2024 07:50:36.016 * <raft> Cluster Membership: term:1 index:0 nodes: id=3,voting=0,active=1,addr=-
4164996:M 08 Jan 2024 07:50:36.050 - Client closed connection id=10 addr=127.0.0.1:59754 laddr=127.0.0.1:5083 fd=13 name= age=1 idle=1 flags=N db=0 sub=0 psub=0 ssub=0 multi=-1 qbuf=0 qbuf-free=20474 argv-mem=0 multi-mem=0 rbs=1024 rbp=0 obl=0 oll=0 omem=0 tot-mem=22400 events=r cmd=auth user=default redir=-1 resp=2 lib-name= lib-ver=
4164996:M 08 Jan 2024 07:50:36.203 * <raft> State change: Node is now a follower, term 1
4164996:M 08 Jan 2024 07:50:36.203 * <raft> Cluster Membership: term:1 index:0 nodes: id=3,voting=0,active=1,addr=-
4164996:M 08 Jan 2024 07:50:36.517 * <raft> State change: Election starting, node is now a pre-candidate, term 1
4164996:M 08 Jan 2024 07:50:36.517 * <raft> Cluster Membership: term:1 index:0 nodes: id=3,voting=0,active=1,addr=-
4164996:signal-handler (1704696636) Received SIGINT scheduling shutdown...
4164996:signal-handler (1704696636) You insist... exiting now.
4165979:C 08 Jan 2024 07:50:37.379 # WARNING Memory overcommit must be enabled! Without it, a background save or replication may fail under low memory condition. Being disabled, it can also cause failures without low memory condition, see https://github.com/jemalloc/jemalloc/issues/1328. To fix this issue add 'vm.overcommit_memory = 1' to /etc/sysctl.conf and then reboot or run the command 'sysctl vm.overcommit_memory=1' for this to take effect.
4165979:C 08 Jan 2024 07:50:37.379 * oO0OoO0OoO0Oo Redis is starting oO0OoO0OoO0Oo
4165979:C 08 Jan 2024 07:50:37.379 * Redis version=255.255.255, bits=64, commit=e04ebdb8, modified=1, pid=4165979, just started
4165979:C 08 Jan 2024 07:50:37.379 * Configuration loaded
4165979:M 08 Jan 2024 07:50:37.379 * monotonic clock: POSIX clock_gettime
4165979:M 08 Jan 2024 07:50:37.380 * Running mode=standalone, port=5083.
4165979:M 08 Jan 2024 07:50:37.386 * <raft> RedisRaft version 255.255.255 [b779b199]
4165979:M 08 Jan 2024 07:50:37.390 * <raft> Initializing test network
4165979:M 08 Jan 2024 07:50:37.391 * <raft> Created test network client
4165979:M 08 Jan 2024 07:50:37.402 * <raft> Raft module loaded, state is 'loading'
4165979:M 08 Jan 2024 07:50:37.402 * Module 'raft' loaded from /home/snagendra/Fuzzing/redisraft-fuzzing/redisraft.so
4165979:M 08 Jan 2024 07:50:37.403 * Server initialized
4165979:M 08 Jan 2024 07:50:37.403 . The AOF directory appendonlydir doesn't exist
4165979:M 08 Jan 2024 07:50:37.403 * Ready to accept connections tcp
4165979:M 08 Jan 2024 07:50:37.403 . 0 clients connected (0 replicas), 1746720 bytes in use
4165979:M 08 Jan 2024 07:50:37.455 - Accepted 127.0.0.1:59826
4165979:M 08 Jan 2024 07:50:37.455 # Missing implement of connection type tls
4165979:M 08 Jan 2024 07:50:37.494 - Client closed connection id=8 addr=127.0.0.1:59826 laddr=127.0.0.1:5083 fd=11 name= age=0 idle=0 flags=N db=0 sub=0 psub=0 ssub=0 multi=-1 qbuf=0 qbuf-free=20474 argv-mem=0 multi-mem=0 rbs=16384 rbp=16384 obl=0 oll=0 omem=0 tot-mem=37760 events=r cmd=auth user=default redir=-1 resp=2 lib-name= lib-ver=
4165979:M 08 Jan 2024 07:50:37.503 * <raft> Loading: Redis loading complete, snapshot NOT LOADED
4165979:M 08 Jan 2024 07:50:37.503 * <raft> Cluster Membership: term:0 index:0 nodes: id=3,voting=0,active=1,addr=-
4165979:M 08 Jan 2024 07:50:37.504 * <raft> Test network starting message polling thread


=== REDIS BUG REPORT START: Cut & paste starting from here ===
4165979:M 08 Jan 2024 07:50:37.504 # Redis 255.255.255 crashed by signal: 6, si_code: -6
4165979:M 08 Jan 2024 07:50:37.504 # Crashed running the instruction at: 0x7fcd79de5d3c

------ STACK TRACE ------
EIP:
/lib/x86_64-linux-gnu/libc.so.6(+0x8ad3c)[0x7fcd79de5d3c]

Backtrace:
/lib/x86_64-linux-gnu/libc.so.6(+0x3bfd0)[0x7fcd79d96fd0]
/lib/x86_64-linux-gnu/libc.so.6(+0x8ad3c)[0x7fcd79de5d3c]
/lib/x86_64-linux-gnu/libc.so.6(gsignal+0x12)[0x7fcd79d96f32]
/lib/x86_64-linux-gnu/libc.so.6(abort+0xd3)[0x7fcd79d81472]
/lib/x86_64-linux-gnu/libc.so.6(+0x26395)[0x7fcd79d81395]
/lib/x86_64-linux-gnu/libc.so.6(+0x34e32)[0x7fcd79d8fe32]
/home/snagendra/Fuzzing/redisraft-fuzzing/redisraft.so(+0x3caea)[0x7fcd79d0aaea]
/home/snagendra/Fuzzing/redisraft-fuzzing/redisraft.so(callRaftPeriodic+0x478)[0x7fcd79cfb088]
/home/snagendra/Fuzzing/redis/src/redis-server 0.0.0.0:5083(moduleTimerHandler+0x21c)[0x558ed9afc98c]
/home/snagendra/Fuzzing/redis/src/redis-server 0.0.0.0:5083(+0x81705)[0x558ed9a06705]
/home/snagendra/Fuzzing/redis/src/redis-server 0.0.0.0:5083(aeMain+0x1c8)[0x558ed9a10cb8]
/home/snagendra/Fuzzing/redis/src/redis-server 0.0.0.0:5083(main+0x3cd)[0x558ed9a05e2d]
/lib/x86_64-linux-gnu/libc.so.6(+0x271ca)[0x7fcd79d821ca]
/lib/x86_64-linux-gnu/libc.so.6(__libc_start_main+0x85)[0x7fcd79d82285]
/home/snagendra/Fuzzing/redis/src/redis-server 0.0.0.0:5083(_start+0x2a)[0x558ed9a065aa]

------ REGISTERS ------
4165979:M 08 Jan 2024 07:50:37.504 # 
RAX:0000000000000000 RBX:00000000003f915b
RCX:00007fcd79de5d3c RDX:0000000000000006
RDI:00000000003f915b RSI:00000000003f915b
RBP:00007fcd79d571c0 RSP:00007fffecd21a90
R8 :0000000000000007 R9 :0000558edb38d820
R10:0000000000000008 R11:0000000000000246
R12:0000000000000006 R13:00000000000006a6
R14:00007fcd79d3705c R15:0000558ed9afb2b0
RIP:00007fcd79de5d3c EFL:0000000000000246
CSGSFS:002b000000000033
4165979:M 08 Jan 2024 07:50:37.504 # (00007fffecd21a9f) -> 0000558edb38d8d0
4165979:M 08 Jan 2024 07:50:37.504 # (00007fffecd21a9e) -> 00007fcd79f2dc60
4165979:M 08 Jan 2024 07:50:37.504 # (00007fffecd21a9d) -> 00000000000002b1
4165979:M 08 Jan 2024 07:50:37.504 # (00007fffecd21a9c) -> 0000558edb38d820
4165979:M 08 Jan 2024 07:50:37.504 # (00007fffecd21a9b) -> 00000000000006a6
4165979:M 08 Jan 2024 07:50:37.504 # (00007fffecd21a9a) -> 0000000000000020
4165979:M 08 Jan 2024 07:50:37.504 # (00007fffecd21a99) -> 00007fcd79d81472
4165979:M 08 Jan 2024 07:50:37.504 # (00007fffecd21a98) -> 00007fcd79f2ee70
4165979:M 08 Jan 2024 07:50:37.504 # (00007fffecd21a97) -> 00007fcd79d96f32
4165979:M 08 Jan 2024 07:50:37.504 # (00007fffecd21a96) -> 00007fcd79d3705c
4165979:M 08 Jan 2024 07:50:37.504 # (00007fffecd21a95) -> 00000000000006a6
4165979:M 08 Jan 2024 07:50:37.504 # (00007fffecd21a94) -> 00007fcd79d36720
4165979:M 08 Jan 2024 07:50:37.504 # (00007fffecd21a93) -> 00007fcd79d571c0
4165979:M 08 Jan 2024 07:50:37.504 # (00007fffecd21a92) -> 0000000000000006
4165979:M 08 Jan 2024 07:50:37.504 # (00007fffecd21a91) -> 23eb53a90d1c3600
4165979:M 08 Jan 2024 07:50:37.504 # (00007fffecd21a90) -> 0000558ed9afb2b0

------ INFO OUTPUT ------
# Server
redis_version:255.255.255
redis_git_sha1:e04ebdb8
redis_git_dirty:1
redis_build_id:1f78dcc7b4fbdd25
redis_mode:standalone
os:Linux 6.1.60.1.amd64-smp x86_64
arch_bits:64
monotonic_clock:POSIX clock_gettime
multiplexing_api:epoll
atomicvar_api:c11-builtin
gcc_version:10.2.1
process_id:4165979
process_supervised:no
run_id:c583ef0cfa7a537d3ce997cfd70a4d3bca1786bc
tcp_port:5083
server_time_usec:1704696637503215
uptime_in_seconds:0
uptime_in_days:0
hz:10
configured_hz:10
lru_clock:10197821
executable:/home/snagendra/Fuzzing/redis/src/redis-server
config_file:
io_threads_active:0
listener0:name=tcp,bind=0.0.0.0,port=5083

# Clients
connected_clients:0
cluster_connections:0
maxclients:10000
client_recent_max_input_buffer:0
client_recent_max_output_buffer:0
blocked_clients:0
tracking_clients:0
clients_in_timeout_table:0
total_blocking_keys:0
total_blocking_keys_on_nokey:0

# Memory
used_memory:1778656
used_memory_human:1.70M
used_memory_rss:17711104
used_memory_rss_human:16.89M
used_memory_peak:1809816
used_memory_peak_human:1.73M
used_memory_peak_perc:98.28%
used_memory_overhead:1746760
used_memory_startup:1746576
used_memory_dataset:31896
used_memory_dataset_perc:99.43%
allocator_allocated:2087232
allocator_active:2629632
allocator_resident:10883072
total_system_memory:270388695040
total_system_memory_human:251.82G
used_memory_lua:31744
used_memory_vm_eval:31744
used_memory_lua_human:31.00K
used_memory_scripts_eval:0
number_of_cached_scripts:0
number_of_functions:0
number_of_libraries:0
used_memory_vm_functions:32768
used_memory_vm_total:64512
used_memory_vm_total_human:63.00K
used_memory_functions:184
used_memory_scripts:184
used_memory_scripts_human:184B
maxmemory:0
maxmemory_human:0B
maxmemory_policy:noeviction
allocator_frag_ratio:1.26
allocator_frag_bytes:542400
allocator_rss_ratio:4.14
allocator_rss_bytes:8253440
rss_overhead_ratio:1.63
rss_overhead_bytes:6828032
mem_fragmentation_ratio:10.14
mem_fragmentation_bytes:15964384
mem_not_counted_for_evict:0
mem_replication_backlog:0
mem_total_replication_buffers:0
mem_clients_slaves:0
mem_clients_normal:0
mem_cluster_links:0
mem_aof_buffer:0
mem_allocator:jemalloc-5.3.0
active_defrag_running:0
lazyfree_pending_objects:0
lazyfreed_objects:0

# Persistence
loading:0
async_loading:0
current_cow_peak:0
current_cow_size:0
current_cow_size_age:0
current_fork_perc:0.00
current_save_keys_processed:0
current_save_keys_total:0
rdb_changes_since_last_save:0
rdb_bgsave_in_progress:0
rdb_last_save_time:1704696637
rdb_last_bgsave_status:ok
rdb_last_bgsave_time_sec:-1
rdb_current_bgsave_time_sec:-1
rdb_saves:0
rdb_last_cow_size:0
rdb_last_load_keys_expired:0
rdb_last_load_keys_loaded:0
aof_enabled:0
aof_rewrite_in_progress:0
aof_rewrite_scheduled:0
aof_last_rewrite_time_sec:-1
aof_current_rewrite_time_sec:-1
aof_last_bgrewrite_status:ok
aof_rewrites:0
aof_rewrites_consecutive_failures:0
aof_last_write_status:ok
aof_last_cow_size:0
module_fork_in_progress:0
module_fork_last_cow_size:0

# Stats
total_connections_received:1
total_commands_processed:7
instantaneous_ops_per_sec:15
total_net_input_bytes:33
total_net_output_bytes:5
total_net_repl_input_bytes:0
total_net_repl_output_bytes:0
instantaneous_input_kbps:0.00
instantaneous_output_kbps:0.00
instantaneous_input_repl_kbps:0.00
instantaneous_output_repl_kbps:0.00
rejected_connections:0
sync_full:0
sync_partial_ok:0
sync_partial_err:0
expired_keys:0
expired_stale_perc:0.00
expired_time_cap_reached_count:0
expire_cycle_cpu_milliseconds:0
evicted_keys:0
evicted_clients:0
total_eviction_exceeded_time:0
current_eviction_exceeded_time:0
keyspace_hits:0
keyspace_misses:0
pubsub_channels:0
pubsub_patterns:0
pubsubshard_channels:0
latest_fork_usec:0
total_forks:0
migrate_cached_sockets:0
slave_expires_tracked_keys:0
active_defrag_hits:0
active_defrag_misses:0
active_defrag_key_hits:0
active_defrag_key_misses:0
total_active_defrag_time:0
current_active_defrag_time:0
tracking_total_keys:0
tracking_total_items:0
tracking_total_prefixes:0
unexpected_error_replies:0
total_error_replies:0
dump_payload_sanitizations:0
total_reads_processed:2
total_writes_processed:1
io_threaded_reads_processed:0
io_threaded_writes_processed:0
reply_buffer_shrinks:0
reply_buffer_expands:0
acl_access_denied_auth:0
acl_access_denied_cmd:0
acl_access_denied_key:0
acl_access_denied_channel:0

# Replication
role:master
connected_slaves:0
master_failover_state:no-failover
master_replid:e47303ba8993078f29794391a6a30a86273146bd
master_replid2:0000000000000000000000000000000000000000
master_repl_offset:0
second_repl_offset:-1
repl_backlog_active:0
repl_backlog_size:1048576
repl_backlog_first_byte_offset:0
repl_backlog_histlen:0

# CPU
used_cpu_sys:0.008562
used_cpu_user:0.008562
used_cpu_sys_children:0.000000
used_cpu_user_children:0.000000
used_cpu_sys_main_thread:0.008407
used_cpu_user_main_thread:0.008407

# Modules
module:name=raft,ver=1,api=1,filters=1,usedby=[],using=[],options=[]

# Commandstats
cmdstat_command:calls=2,usec=1477,usec_per_call=738.50,rejected_calls=0,failed_calls=0
cmdstat_auth:calls=1,usec=1,usec_per_call=1.00,rejected_calls=0,failed_calls=0
cmdstat_config|get:calls=3,usec=3,usec_per_call=1.00,rejected_calls=0,failed_calls=0
cmdstat_config|set:calls=1,usec=9,usec_per_call=9.00,rejected_calls=0,failed_calls=0

# Errorstats

# Latencystats
latency_percentiles_usec_command:p50=716.799,p99=761.855,p99.9=761.855
latency_percentiles_usec_auth:p50=1.003,p99=1.003,p99.9=1.003
latency_percentiles_usec_config|get:p50=1.003,p99=1.003,p99.9=1.003
latency_percentiles_usec_config|set:p50=9.023,p99=9.023,p99.9=9.023

# Cluster
cluster_enabled:0

# Keyspace

------ CLIENT LIST OUTPUT ------

------ MODULES INFO OUTPUT ------
# raft_version
raft_version:255.255.255
raft_git_sha1:b779b199

# raft_general
raft_dbid:e4402cbbbe72515a46b89451989217dc
raft_node_id:3
raft_state:up
raft_role:follower
raft_is_voting:no
raft_voted_for:-1
raft_leader_id:-1
raft_current_term:0
raft_num_nodes:1
raft_num_voting_nodes:0

# raft_log
raft_log_entries:0
raft_current_index:0
raft_commit_index:0
raft_last_applied_index:0
raft_file_size:101
raft_cache_memory_size:0
raft_cache_entries:0
raft_client_attached_entries:0
raft_fsync_count:0
raft_fsync_max_microseconds:0
raft_fsync_avg_microseconds:0

# raft_snapshot
raft_snapshot_filename:redis3.rdb
raft_snapshot_last_idx:0
raft_snapshot_last_term:0
raft_snapshot_size:0
raft_snapshot_time_secs:-1
raft_snapshots_created:0
raft_snapshots_received:0
raft_snapshot_in_progress:no
raft_snapshot_in_progress_last_idx:-1
raft_snapshot_in_progress_last_term:-1

# raft_clients
raft_proxy_reqs:0
raft_proxy_failed_reqs:0
raft_proxy_failed_responses:0
raft_proxy_outstanding_reqs:0

# raft_stats
raft_appendreq_received:0
raft_appendreq_with_entry_received:0
raft_snapshotreq_received:0
raft_exec_throttled:0
raft_num_sessions:0

------ CONFIG DEBUG OUTPUT ------
activedefrag no
lazyfree-lazy-user-del no
list-compress-depth 0
repl-diskless-load disabled
lazyfree-lazy-user-flush no
io-threads 1
proto-max-bulk-len 512mb
slave-read-only yes
sanitize-dump-payload no
io-threads-do-reads no
lazyfree-lazy-expire no
repl-diskless-sync yes
lazyfree-lazy-eviction no
replica-read-only yes
client-query-buffer-limit 1gb
lazyfree-lazy-server-del no

------ FAST MEMORY TEST ------
4165979:M 08 Jan 2024 07:50:37.504 # Bio worker thread #0 terminated
4165979:M 08 Jan 2024 07:50:37.505 # Bio worker thread #1 terminated
4165979:M 08 Jan 2024 07:50:37.505 # Bio worker thread #2 terminated
*** Preparing to test memory region 558ed9cdc000 (2273280 bytes)
*** Preparing to test memory region 558edb338000 (405504 bytes)
*** Preparing to test memory region 7fcd6cfff000 (8388608 bytes)
*** Preparing to test memory region 7fcd6d800000 (8388608 bytes)
*** Preparing to test memory region 7fcd6e000000 (6291456 bytes)
*** Preparing to test memory region 7fcd6e7fe000 (8388608 bytes)
*** Preparing to test memory region 7fcd6efff000 (8388608 bytes)
*** Preparing to test memory region 7fcd6f800000 (8388608 bytes)
*** Preparing to test memory region 7fcd70000000 (135168 bytes)
*** Preparing to test memory region 7fcd742a0000 (8388608 bytes)
*** Preparing to test memory region 7fcd74aa1000 (8388608 bytes)
*** Preparing to test memory region 7fcd752a2000 (8388608 bytes)
*** Preparing to test memory region 7fcd75aa3000 (8388608 bytes)
*** Preparing to test memory region 7fcd762a4000 (8388608 bytes)
*** Preparing to test memory region 7fcd76aa5000 (8388608 bytes)
*** Preparing to test memory region 7fcd772a6000 (8388608 bytes)
*** Preparing to test memory region 7fcd77aa6000 (2621440 bytes)
*** Preparing to test memory region 7fcd7827f000 (12288 bytes)
*** Preparing to test memory region 7fcd782af000 (8192 bytes)
*** Preparing to test memory region 7fcd787fe000 (8192 bytes)
*** Preparing to test memory region 7fcd78a18000 (16384 bytes)
*** Preparing to test memory region 7fcd79400000 (8388608 bytes)
*** Preparing to test memory region 7fcd79ca6000 (4096 bytes)
*** Preparing to test memory region 7fcd79ccb000 (12288 bytes)
*** Preparing to test memory region 7fcd79d50000 (45056 bytes)
*** Preparing to test memory region 7fcd79f2f000 (53248 bytes)
*** Preparing to test memory region 7fcd7a04c000 (8192 bytes)
.O.4165979:M 08 Jan 2024 07:50:37.512 # Redis 255.255.255 crashed by signal: 11, si_code: 128
4165979:M 08 Jan 2024 07:50:37.512 # Accessing address: (nil)
4165979:M 08 Jan 2024 07:50:37.512 # Crashed runüš¥>Òhˆ instruction at: 0x7fcd79d24086
E.4166202:C 08 Jan 2024 07:50:38.012 # WARNING Memory overcommit must be enabled! Without it, a background save or replication may fail under low memory condition. Being disabled, it can also cause failures without low memory condition, see https://github.com/jemalloc/jemalloc/issues/1328. To fix this issue add 'vm.overcommit_memory = 1' to /etc/sysctl.conf and then reboot or run the command 'sysctl vm.overcommit_memory=1' for this to take effect.
4166202:C 08 Jan 2024 07:50:38.012 * oO0OoO0OoO0Oo Redis is starting oO0OoO0OoO0Oo
4166202:C 08 Jan 2024 07:50:38.012 * Redis version=255.255.255, bits=64, commit=e04ebdb8, modified=1, pid=4166202, just started
4166202:C 08 Jan 2024 07:50:38.012 * Configuration loaded
4166202:M 08 Jan 2024 07:50:38.013 * monotonic clock: POSIX clock_gettime
4166202:M 08 Jan 2024 07:50:38.013 * Running mode=standalone, port=5083.
4166202:M 08 Jan 2024 07:50:38.019 * <raft> RedisRaft version 255.255.255 [b779b199]
4166202:M 08 Jan 2024 07:50:38.024 * <raft> Initializing test network
4166202:M 08 Jan 2024 07:50:38.024 * <raft> Created test network client
4166202:M 08 Jan 2024 07:50:38.029 * <raft> Raft module loaded, state is 'loading'
4166202:M 08 Jan 2024 07:50:38.029 * Module 'raft' loaded from /home/snagendra/Fuzzing/redisraft-fuzzing/redisraft.so
4166202:M 08 Jan 2024 07:50:38.029 * Server initialized
4166202:M 08 Jan 2024 07:50:38.029 . The AOF directory appendonlydir doesn't exist
4166202:M 08 Jan 2024 07:50:38.029 * Ready to accept connections tcp
4166202:M 08 Jan 2024 07:50:38.029 . 0 clients connected (0 replicas), 1746784 bytes in use
4166202:M 08 Jan 2024 07:50:38.104 - Accepted 127.0.0.1:59884
4166202:M 08 Jan 2024 07:50:38.104 # Missing implement of connection type tls
4166202:M 08 Jan 2024 07:50:38.110 - Accepted 127.0.0.1:59900
4166202:M 08 Jan 2024 07:50:38.129 * <raft> Loading: Redis loading complete, snapshot NOT LOADED
4166202:M 08 Jan 2024 07:50:38.130 * <raft> Cluster Membership: term:0 index:0 nodes: id=3,voting=0,active=1,addr=-
4166202:M 08 Jan 2024 07:50:38.130 * <raft> Test network starting message polling thread


=== REDIS BUG REPORT START: Cut & paste starting from here ===
4166202:M 08 Jan 2024 07:50:38.130 # Redis 255.255.255 crashed by signal: 6, si_code: -6
4166202:M 08 Jan 2024 07:50:38.130 # Crashed running the instruction at: 0x7f66d0fa7d3c

------ STACK TRACE ------
EIP:
/lib/x86_64-linux-gnu/libc.so.6(+0x8ad3c)[0x7f66d0fa7d3c]

Backtrace:
/lib/x86_64-linux-gnu/libc.so.6(+0x3bfd0)[0x7f66d0f58fd0]
/lib/x86_64-linux-gnu/libc.so.6(+0x8ad3c)[0x7f66d0fa7d3c]
/lib/x86_64-linux-gnu/libc.so.6(gsignal+0x12)[0x7f66d0f58f32]
/lib/x86_64-linux-gnu/libc.so.6(abort+0xd3)[0x7f66d0f43472]
/lib/x86_64-linux-gnu/libc.so.6(+0x26395)[0x7f66d0f43395]
/lib/x86_64-linux-gnu/libc.so.6(+0x34e32)[0x7f66d0f51e32]
/home/snagendra/Fuzzing/redisraft-fuzzing/redisraft.so(+0x3caea)[0x7f66d0eccaea]
/home/snagendra/Fuzzing/redisraft-fuzzing/redisraft.so(callRaftPeriodic+0x478)[0x7f66d0ebd088]
/home/snagendra/Fuzzing/redis/src/redis-server 0.0.0.0:5083(moduleTimerHandler+0x21c)[0x563b90bde98c]
/home/snagendra/Fuzzing/redis/src/redis-server 0.0.0.0:5083(+0x81705)[0x563b90ae8705]
/home/snagendra/Fuzzing/redis/src/redis-server 0.0.0.0:5083(aeMain+0x1c8)[0x563b90af2cb8]
/home/snagendra/Fuzzing/redis/src/redis-server 0.0.0.0:5083(main+0x3cd)[0x563b90ae7e2d]
/lib/x86_64-linux-gnu/libc.so.6(+0x271ca)[0x7f66d0f441ca]
/lib/x86_64-linux-gnu/libc.so.6(__libc_start_main+0x85)[0x7f66d0f44285]
/home/snagendra/Fuzzing/redis/src/redis-server 0.0.0.0:5083(_start+0x2a)[0x563b90ae85aa]

------ REGISTERS ------
4166202:M 08 Jan 2024 07:50:38.131 # 
RAX:0000000000000000 RBX:00000000003f923a
RCX:00007f66d0fa7d3c RDX:0000000000000006
RDI:00000000003f923a RSI:00000000003f923a
RBP:00007f66d0f191c0 RSP:00007fffc74b1740
R8 :0000000000000007 R9 :0000563b92ebf820
R10:0000000000000008 R11:0000000000000246
R12:0000000000000006 R13:00000000000006a6
R14:00007f66d0ef905c R15:0000563b90bdd2b0
RIP:00007f66d0fa7d3c EFL:0000000000000246
CSGSFS:002b000000000033
4166202:M 08 Jan 2024 07:50:38.131 # (00007fffc74b174f) -> 0000563b92ebf8d0
4166202:M 08 Jan 2024 07:50:38.131 # (00007fffc74b174e) -> 00007f66d10efc60
4166202:M 08 Jan 2024 07:50:38.131 # (00007fffc74b174d) -> 00000000000002b1
4166202:M 08 Jan 2024 07:50:38.131 # (00007fffc74b174c) -> 0000563b92ebf820
4166202:M 08 Jan 2024 07:50:38.131 # (00007fffc74b174b) -> 00000000000006a6
4166202:M 08 Jan 2024 07:50:38.131 # (00007fffc74b174a) -> 0000000000000020
4166202:M 08 Jan 2024 07:50:38.131 # (00007fffc74b1749) -> 00007f66d0f43472
4166202:M 08 Jan 2024 07:50:38.131 # (00007fffc74b1748) -> 00007f66d10f0e70
4166202:M 08 Jan 2024 07:50:38.131 # (00007fffc74b1747) -> 00007f66d0f58f32
4166202:M 08 Jan 2024 07:50:38.131 # (00007fffc74b1746) -> 00007f66d0ef905c
4166202:M 08 Jan 2024 07:50:38.131 # (00007fffc74b1745) -> 00000000000006a6
4166202:M 08 Jan 2024 07:50:38.131 # (00007fffc74b1744) -> 00007f66d0ef8720
4166202:M 08 Jan 2024 07:50:38.131 # (00007fffc74b1743) -> 00007f66d0f191c0
4166202:M 08 Jan 2024 07:50:38.131 # (00007fffc74b1742) -> 0000000000000006
4166202:M 08 Jan 2024 07:50:38.131 # (00007fffc74b1741) -> 15caac2aa1752100
4166202:M 08 Jan 2024 07:50:38.131 # (00007fffc74b1740) -> 0000563b90bdd2b0

------ INFO OUTPUT ------
# Server
redis_version:255.255.255
redis_git_sha1:e04ebdb8
redis_git_dirty:1
redis_build_id:1f78dcc7b4fbdd25
redis_mode:standalone
os:Linux 6.1.60.1.amd64-smp x86_64
arch_bits:64
monotonic_clock:POSIX clock_gettime
multiplexing_api:epoll
atomicvar_api:c11-builtin
gcc_version:10.2.1
process_id:4166202
process_supervised:no
run_id:227fdd834797cb71b1aa6a2aeda8bd8e1d6af64b
tcp_port:5083
server_time_usec:1704696638129650
uptime_in_seconds:0
uptime_in_days:0
hz:10
configured_hz:10
lru_clock:10197822
executable:/home/snagendra/Fuzzing/redis/src/redis-server
config_file:
io_threads_active:0
listener0:name=tcp,bind=0.0.0.0,port=5083

# Clients
connected_clients:2
cluster_connections:0
maxclients:10000
client_recent_max_input_buffer:0
client_recent_max_output_buffer:0
blocked_clients:0
tracking_clients:0
clients_in_timeout_table:0
total_blocking_keys:0
total_blocking_keys_on_nokey:0

# Memory
used_memory:1855336
used_memory_human:1.77M
used_memory_rss:18010112
used_memory_rss_human:17.18M
used_memory_peak:1855336
used_memory_peak_human:1.77M
used_memory_peak_perc:100.38%
used_memory_overhead:1746824
used_memory_startup:1746640
used_memory_dataset:108512
used_memory_dataset_perc:99.83%
allocator_allocated:2068160
allocator_active:2613248
allocator_resident:10887168
total_system_memory:270388695040
total_system_memory_human:251.82G
used_memory_lua:31744
used_memory_vm_eval:31744
used_memory_lua_human:31.00K
used_memory_scripts_eval:0
number_of_cached_scripts:0
number_of_functions:0
number_of_libraries:0
used_memory_vm_functions:32768
used_memory_vm_total:64512
used_memory_vm_total_human:63.00K
used_memory_functions:184
used_memory_scripts:184
used_memory_scripts_human:184B
maxmemory:0
maxmemory_human:0B
maxmemory_policy:noeviction
allocator_frag_ratio:1.26
allocator_frag_bytes:545088
allocator_rss_ratio:4.17
allocator_rss_bytes:8273920
rss_overhead_ratio:1.65
rss_overhead_bytes:7122944
mem_fragmentation_ratio:10.31
mem_fragmentation_bytes:16263328
mem_not_counted_for_evict:0
mem_replication_backlog:0
mem_total_replication_buffers:0
mem_clients_slaves:0
mem_clients_normal:0
mem_cluster_links:0
mem_aof_buffer:0
mem_allocator:jemalloc-5.3.0
active_defrag_running:0
lazyfree_pending_objects:0
lazyfreed_objects:0

# Persistence
loading:0
async_loading:0
current_cow_peak:0
current_cow_size:0
current_cow_size_age:0
current_fork_perc:0.00
current_save_keys_processed:0
current_save_keys_total:0
rdb_changes_since_last_save:0
rdb_bgsave_in_progress:0
rdb_last_save_time:1704696638
rdb_last_bgsave_status:ok
rdb_last_bgsave_time_sec:-1
rdb_current_bgsave_time_sec:-1
rdb_saves:0
rdb_last_cow_size:0
rdb_last_load_keys_expired:0
rdb_last_load_keys_loaded:0
aof_enabled:0
aof_rewrite_in_progress:0
aof_rewrite_scheduled:0
aof_last_rewrite_time_sec:-1
aof_current_rewrite_time_sec:-1
aof_last_bgrewrite_status:ok
aof_rewrites:0
aof_rewrites_consecutive_failures:0
aof_last_write_status:ok
aof_last_cow_size:0
module_fork_in_progress:0
module_fork_last_cow_size:0

# Stats
total_connections_received:2
total_commands_processed:8
instantaneous_ops_per_sec:23
total_net_input_bytes:66
total_net_output_bytes:10
total_net_repl_input_bytes:0
total_net_repl_output_bytes:0
instantaneous_input_kbps:0.00
instantaneous_output_kbps:0.00
instantaneous_input_repl_kbps:0.00
instantaneous_output_repl_kbps:0.00
rejected_connections:0
sync_full:0
sync_partial_ok:0
sync_partial_err:0
expired_keys:0
expired_stale_perc:0.00
expired_time_cap_reached_count:0
expire_cycle_cpu_milliseconds:0
evicted_keys:0
evicted_clients:0
total_eviction_exceeded_time:0
current_eviction_exceeded_time:0
keyspace_hits:0
keyspace_misses:0
pubsub_channels:0
pubsub_patterns:0
pubsubshard_channels:0
latest_fork_usec:0
total_forks:0
migrate_cached_sockets:0
slave_expires_tracked_keys:0
active_defrag_hits:0
active_defrag_misses:0
active_defrag_key_hits:0
active_defrag_key_misses:0
total_active_defrag_time:0
current_active_defrag_time:0
tracking_total_keys:0
tracking_total_items:0
tracking_total_prefixes:0
unexpected_error_replies:0
total_error_replies:0
dump_payload_sanitizations:0
total_reads_processed:2
total_writes_processed:2
io_threaded_reads_processed:0
io_threaded_writes_processed:0
reply_buffer_shrinks:0
reply_buffer_expands:0
acl_access_denied_auth:0
acl_access_denied_cmd:0
acl_access_denied_key:0
acl_access_denied_channel:0

# Replication
role:master
connected_slaves:0
master_failover_state:no-failover
master_replid:477e4ddcfdbd7a96075861e4c890f68db063c128
master_replid2:0000000000000000000000000000000000000000
master_repl_offset:0
second_repl_offset:-1
repl_backlog_active:0
repl_backlog_size:1048576
repl_backlog_first_byte_offset:0
repl_backlog_histlen:0

# CPU
used_cpu_sys:0.009429
used_cpu_user:0.007508
used_cpu_sys_children:0.000000
used_cpu_user_children:0.000000
used_cpu_sys_main_thread:0.008300
used_cpu_user_main_thread:0.008300

# Modules
module:name=raft,ver=1,api=1,filters=1,usedby=[],using=[],options=[]

# Commandstats
cmdstat_command:calls=2,usec=1468,usec_per_call=734.00,rejected_calls=0,failed_calls=0
cmdstat_auth:calls=2,usec=3,usec_per_call=1.50,rejected_calls=0,failed_calls=0
cmdstat_config|set:calls=1,usec=10,usec_per_call=10.00,rejected_calls=0,failed_calls=0
cmdstat_config|get:calls=3,usec=3,usec_per_call=1.00,rejected_calls=0,failed_calls=0

# Errorstats

# Latencystats
latency_percentiles_usec_command:p50=688.127,p99=786.431,p99.9=786.431
latency_percentiles_usec_auth:p50=1.003,p99=2.007,p99.9=2.007
latency_percentiles_usec_config|set:p50=10.047,p99=10.047,p99.9=10.047
latency_percentiles_usec_config|get:p50=1.003,p99=2.007,p99.9=2.007

# Cluster
cluster_enabled:0

# Keyspace

------ CLIENT LIST OUTPUT ------
id=8 addr=127.0.0.1:59884 laddr=127.0.0.1:5083 fd=11 name= age=0 idle=0 flags=N db=0 sub=0 psub=0 ssub=0 multi=-1 qbuf=0 qbuf-free=20474 argv-mem=0 multi-mem=0 rbs=16384 rbp=16384 obl=0 oll=0 omem=0 tot-mem=37760 events=r cmd=auth user=default redir=-1 resp=2 lib-name= lib-ver=
id=9 addr=127.0.0.1:59900 laddr=127.0.0.1:5083 fd=12 name= age=0 idle=0 flags=N db=0 sub=0 psub=0 ssub=0 multi=-1 qbuf=0 qbuf-free=20474 argv-mem=0 multi-mem=0 rbs=16384 rbp=16384 obl=0 oll=0 omem=0 tot-mem=37760 events=r cmd=auth user=default redir=-1 resp=2 lib-name= lib-ver=

------ MODULES INFO OUTPUT ------
# raft_version
raft_version:255.255.255
raft_git_sha1:b779b199

# raft_general
raft_dbid:e4402cbbbe72515a46b89451989217dc
raft_node_id:3
raft_state:up
raft_role:follower
raft_is_voting:no
raft_voted_for:-1
raft_leader_id:-1
raft_current_term:0
raft_num_nodes:1
raft_num_voting_nodes:0

# raft_log
raft_log_entries:0
raft_current_index:0
raft_commit_index:0
raft_last_applied_index:0
raft_file_size:101
raft_cache_memory_size:0
raft_cache_entries:0
raft_client_attached_entries:0
raft_fsync_count:0
raft_fsync_max_microseconds:0
raft_fsync_avg_microseconds:0

# raft_snapshot
raft_snapshot_filename:redis3.rdb
raft_snapshot_last_idx:0
raft_snapshot_last_term:0
raft_snapshot_size:0
raft_snapshot_time_secs:-1
raft_snapshots_created:0
raft_snapshots_received:0
raft_snapshot_in_progress:no
raft_snapshot_in_progress_last_idx:-1
raft_snapshot_in_progress_last_term:-1

# raft_clients
raft_proxy_reqs:0
raft_proxy_failed_reqs:0
raft_proxy_failed_responses:0
raft_proxy_outstanding_reqs:0

# raft_stats
raft_appendreq_received:0
raft_appendreq_with_entry_received:0
raft_snapshotreq_received:0
raft_exec_throttled:0
raft_num_sessions:0

------ CONFIG DEBUG OUTPUT ------
replica-read-only yes
io-threads 1
client-query-buffer-limit 1gb
activedefrag no
proto-max-bulk-len 512mb
lazyfree-lazy-expire no
repl-diskless-sync yes
sanitize-dump-payload no
lazyfree-lazy-user-del no
repl-diskless-load disabled
io-threads-do-reads no
slave-read-only yes
lazyfree-lazy-user-flush no
lazyfree-lazy-server-del no
lazyfree-lazy-eviction no
list-compress-depth 0

------ FAST MEMORY TEST ------
4166202:M 08 Jan 2024 07:50:38.131 # Bio worker thread #0 terminated
4166202:M 08 Jan 2024 07:50:38.131 # Bio worker thread #1 terminated
4166202:M 08 Jan 2024 07:50:38.131 # Bio worker thread #2 terminated
*** Preparing to test memory region 563b90dbe000 (2273280 bytes)
*** Preparing to test memory region 563b92e6a000 (405504 bytes)
*** Preparing to test memory region 7f66c3fff000 (8388608 bytes)
*** Preparing to test memory region 7f66c4800000 (8388608 bytes)
*** Preparing to test memory region 7f66c5000000 (6291456 bytes)
*** Preparing to test memory region 7f66c57fc000 (8388608 bytes)
*** Preparing to test memory region 7f66c5ffd000 (8388608 bytes)
*** Preparing to test memory region 7f66c67fe000 (8388608 bytes)
*** Preparing to test memory region 7f66c6fff000 (8388608 bytes)
*** Preparing to test memory region 7f66c7800000 (8388608 bytes)
*** Preparing to test memory region 7f66c8000000 (135168 bytes)
*** Preparing to test memory region 7f66cc485000 (8388608 bytes)
*** Preparing to test memory region 7f66ccc86000 (8388608 bytes)
*** Preparing to test memory region 7f66cd487000 (8388608 bytes)
*** Preparing to test memory region 7f66cdc88000 (8388608 bytes)
*** Preparing to test memory region 7f66ce489000 (8388608 bytes)
*** Preparing to test memory region 7f66cec89000 (2621440 bytes)
*** Preparing to test memory region 7f66cef18000 (8192 bytes)
*** Preparing to test memory region 7f66cf47f000 (12288 bytes)
*** Preparing to test memory region 7f66cf9fe000 (8192 bytes)
*** Preparing to test memory region 7f66cfc18000 (16384 bytes)
*** Preparing to test memory region 7f66d0600000 (8388608 bytes)
*** Preparing to test memory region 7f66d0e68000 (4096 bytes)
*** Preparing to test memory region 7f66d0e8d000 (12288 bytes)
*** Preparing to test memory region 7f66d0f12000 (45056 bytes)
*** Preparing to test memory region 7f66d10f1000 (53248 bytes)
*** Preparing to test memory region 7f66d120e000 (8192 bytes)
.O.O.O.O.O.O.O.E.E.E.E.E.E.E.E.E.E.E.E.E.E.E.E.E.E.E.E
!!! MEMORY ERROR DETECTED! Check your memory ASAP !!!

------ DUMPING CODE AROUND EIP ------
Symbol: (null) (base: (nil))
Module: /lib/x86_64-linux-gnu/libc.so.6 (base 0x7f66d0f1d000)
$ xxd -r -p /tmp/dump.hex /tmp/dump.bin
$ objdump --adjust-vma=(nil) -D -b binary -m i386:x86-64 /tmp/dump.bin
------

=== REDIS BUG REPORT END. Make sure to include from START to END. ===

       Please report the crash by opening an issue on github:

           http://github.com/redis/redis/issues

  If a Redis module was involved, please open in the module's repo instead.

  Suspect RAM error? Use redis-server --test-memory to verify it.

  Some other issues could be detected by redis-server --check-system

----- Stderr -----
libgcov profiling error:/home/snagendra/Fuzzing/redisraft-fuzzing/build/deps/raft/CMakeFiles/raft.dir/src/raft_server.c.gcda:Merge mismatch for function 33
redis-server: /home/snagendra/Fuzzing/redisraft-fuzzing/deps/raft/src/raft_server.c:1702: raft_get_first_entry_idx: Assertion `0 < raft_get_current_idx(me)' failed.
redis-server: /home/snagendra/Fuzzing/redisraft-fuzzing/deps/raft/src/raft_server.c:1702: raft_get_first_entry_idx: Assertion `0 < raft_get_current_idx(me)' failed.



