logs for node: 3

----- Stdout -----
372316:C 08 Jan 2024 08:04:39.637 # WARNING Memory overcommit must be enabled! Without it, a background save or replication may fail under low memory condition. Being disabled, it can also cause failures without low memory condition, see https://github.com/jemalloc/jemalloc/issues/1328. To fix this issue add 'vm.overcommit_memory = 1' to /etc/sysctl.conf and then reboot or run the command 'sysctl vm.overcommit_memory=1' for this to take effect.
372316:C 08 Jan 2024 08:04:39.637 * oO0OoO0OoO0Oo Redis is starting oO0OoO0OoO0Oo
372316:C 08 Jan 2024 08:04:39.637 * Redis version=255.255.255, bits=64, commit=e04ebdb8, modified=1, pid=372316, just started
372316:C 08 Jan 2024 08:04:39.637 * Configuration loaded
372316:M 08 Jan 2024 08:04:39.637 * monotonic clock: POSIX clock_gettime
372316:M 08 Jan 2024 08:04:39.638 * Running mode=standalone, port=5033.
372316:M 08 Jan 2024 08:04:39.644 * <raft> RedisRaft version 255.255.255 [b779b199]
372316:M 08 Jan 2024 08:04:39.650 * <raft> Initializing test network
372316:M 08 Jan 2024 08:04:39.650 * <raft> Created test network client
372316:M 08 Jan 2024 08:04:39.651 * <raft> Raft module loaded, state is 'uninitialized'
372316:M 08 Jan 2024 08:04:39.651 * Module 'raft' loaded from /home/snagendra/Fuzzing/redisraft-fuzzing/redisraft.so
372316:M 08 Jan 2024 08:04:39.652 * Server initialized
372316:M 08 Jan 2024 08:04:39.652 . The AOF directory appendonlydir doesn't exist
372316:M 08 Jan 2024 08:04:39.653 * Ready to accept connections tcp
372316:M 08 Jan 2024 08:04:39.653 . 0 clients connected (0 replicas), 1726160 bytes in use
372316:M 08 Jan 2024 08:04:39.656 - Accepted 127.0.0.1:45790
372316:M 08 Jan 2024 08:04:39.656 # Missing implement of connection type tls
372316:M 08 Jan 2024 08:04:39.752 - <raft> join cluster, connecting to localhost:5031
372316:M 08 Jan 2024 08:04:39.754 * <raft> Joined Raft cluster, node id: 3, dbid: b9b9996193d6d9f2eef74b7c273a17b4
372316:M 08 Jan 2024 08:04:39.760 * <raft> Cluster Membership: term:0 index:0 nodes: id=3,voting=0,active=1,addr=-
372316:M 08 Jan 2024 08:04:39.760 * <raft> Test network starting message polling thread
372316:M 08 Jan 2024 08:04:39.781 - Accepted 127.0.0.1:45802
372316:M 08 Jan 2024 08:04:40.153 * <raft> State change: Election starting, node is now a pre-candidate, term 1
372316:M 08 Jan 2024 08:04:40.153 * <raft> Cluster Membership: term:1 index:0 nodes: id=3,voting=0,active=1,addr=-
372316:M 08 Jan 2024 08:04:40.169 - Client closed connection id=9 addr=127.0.0.1:45802 laddr=127.0.0.1:5033 fd=10 name= age=1 idle=1 flags=N db=0 sub=0 psub=0 ssub=0 multi=-1 qbuf=0 qbuf-free=20474 argv-mem=0 multi-mem=0 rbs=1024 rbp=0 obl=0 oll=0 omem=0 tot-mem=22400 events=r cmd=auth user=default redir=-1 resp=2 lib-name= lib-ver=
372316:M 08 Jan 2024 08:04:40.351 * <raft> State change: Node is now a follower, term 1
372316:M 08 Jan 2024 08:04:40.351 * <raft> Cluster Membership: term:1 index:0 nodes: id=3,voting=0,active=1,addr=-
372316:M 08 Jan 2024 08:04:40.655 * <raft> State change: Election starting, node is now a pre-candidate, term 1
372316:M 08 Jan 2024 08:04:40.655 * <raft> Cluster Membership: term:1 index:0 nodes: id=3,voting=0,active=1,addr=-
372316:signal-handler (1704697480) Received SIGINT scheduling shutdown...
372316:signal-handler (1704697480) You insist... exiting now.
373177:C 08 Jan 2024 08:04:41.589 # WARNING Memory overcommit must be enabled! Without it, a background save or replication may fail under low memory condition. Being disabled, it can also cause failures without low memory condition, see https://github.com/jemalloc/jemalloc/issues/1328. To fix this issue add 'vm.overcommit_memory = 1' to /etc/sysctl.conf and then reboot or run the command 'sysctl vm.overcommit_memory=1' for this to take effect.
373177:C 08 Jan 2024 08:04:41.589 * oO0OoO0OoO0Oo Redis is starting oO0OoO0OoO0Oo
373177:C 08 Jan 2024 08:04:41.589 * Redis version=255.255.255, bits=64, commit=e04ebdb8, modified=1, pid=373177, just started
373177:C 08 Jan 2024 08:04:41.589 * Configuration loaded
373177:M 08 Jan 2024 08:04:41.590 * monotonic clock: POSIX clock_gettime
373177:M 08 Jan 2024 08:04:41.590 * Running mode=standalone, port=5033.
373177:M 08 Jan 2024 08:04:41.597 * <raft> RedisRaft version 255.255.255 [b779b199]
373177:M 08 Jan 2024 08:04:41.601 * <raft> Initializing test network
373177:M 08 Jan 2024 08:04:41.602 * <raft> Created test network client
373177:M 08 Jan 2024 08:04:41.605 * <raft> Raft module loaded, state is 'loading'
373177:M 08 Jan 2024 08:04:41.605 * Module 'raft' loaded from /home/snagendra/Fuzzing/redisraft-fuzzing/redisraft.so
373177:M 08 Jan 2024 08:04:41.606 * Server initialized
373177:M 08 Jan 2024 08:04:41.606 . The AOF directory appendonlydir doesn't exist
373177:M 08 Jan 2024 08:04:41.606 * Ready to accept connections tcp
373177:M 08 Jan 2024 08:04:41.606 . 0 clients connected (0 replicas), 1746656 bytes in use
373177:M 08 Jan 2024 08:04:41.705 * <raft> Loading: Redis loading complete, snapshot NOT LOADED
373177:M 08 Jan 2024 08:04:41.706 * <raft> Cluster Membership: term:0 index:0 nodes: id=3,voting=0,active=1,addr=-
373177:M 08 Jan 2024 08:04:41.706 * <raft> Test network starting message polling thread


=== REDIS BUG REPORT START: Cut & paste starting from here ===
373177:M 08 Jan 2024 08:04:41.706 # Redis 255.255.255 crashed by signal: 6, si_code: -6
373177:M 08 Jan 2024 08:04:41.706 # Crashed running the instruction at: 0x7f60c970cd3c

------ STACK TRACE ------
EIP:
/lib/x86_64-linux-gnu/libc.so.6(+0x8ad3c)[0x7f60c970cd3c]

Backtrace:
/lib/x86_64-linux-gnu/libc.so.6(+0x3bfd0)[0x7f60c96bdfd0]
/lib/x86_64-linux-gnu/libc.so.6(+0x8ad3c)[0x7f60c970cd3c]
/lib/x86_64-linux-gnu/libc.so.6(gsignal+0x12)[0x7f60c96bdf32]
/lib/x86_64-linux-gnu/libc.so.6(abort+0xd3)[0x7f60c96a8472]
/lib/x86_64-linux-gnu/libc.so.6(+0x26395)[0x7f60c96a8395]
/lib/x86_64-linux-gnu/libc.so.6(+0x34e32)[0x7f60c96b6e32]
/home/snagendra/Fuzzing/redisraft-fuzzing/redisraft.so(+0x3caea)[0x7f60c85b4aea]
/home/snagendra/Fuzzing/redisraft-fuzzing/redisraft.so(callRaftPeriodic+0x478)[0x7f60c85a5088]
/home/snagendra/Fuzzing/redis/src/redis-server 0.0.0.0:5033(moduleTimerHandler+0x21c)[0x563cda88098c]
/home/snagendra/Fuzzing/redis/src/redis-server 0.0.0.0:5033(+0x81705)[0x563cda78a705]
/home/snagendra/Fuzzing/redis/src/redis-server 0.0.0.0:5033(aeMain+0x1c8)[0x563cda794cb8]
/home/snagendra/Fuzzing/redis/src/redis-server 0.0.0.0:5033(main+0x3cd)[0x563cda789e2d]
/lib/x86_64-linux-gnu/libc.so.6(+0x271ca)[0x7f60c96a91ca]
/lib/x86_64-linux-gnu/libc.so.6(__libc_start_main+0x85)[0x7f60c96a9285]
/home/snagendra/Fuzzing/redis/src/redis-server 0.0.0.0:5033(_start+0x2a)[0x563cda78a5aa]

------ REGISTERS ------
373177:M 08 Jan 2024 08:04:41.707 # 
RAX:0000000000000000 RBX:000000000005b1b9
RCX:00007f60c970cd3c RDX:0000000000000006
RDI:000000000005b1b9 RSI:000000000005b1b9
RBP:00007f60c967e1c0 RSP:00007ffeffe7cab0
R8 :0000000000000007 R9 :0000563cdc8e2820
R10:0000000000000008 R11:0000000000000246
R12:0000000000000006 R13:00000000000006a6
R14:00007f60c85e105c R15:0000563cda87f2b0
RIP:00007f60c970cd3c EFL:0000000000000246
CSGSFS:002b000000000033
373177:M 08 Jan 2024 08:04:41.707 # (00007ffeffe7cabf) -> 0000563cdc8e28d0
373177:M 08 Jan 2024 08:04:41.707 # (00007ffeffe7cabe) -> 00007f60c9854c60
373177:M 08 Jan 2024 08:04:41.707 # (00007ffeffe7cabd) -> 00000000000002b1
373177:M 08 Jan 2024 08:04:41.707 # (00007ffeffe7cabc) -> 0000563cdc8e2820
373177:M 08 Jan 2024 08:04:41.707 # (00007ffeffe7cabb) -> 00000000000006a6
373177:M 08 Jan 2024 08:04:41.707 # (00007ffeffe7caba) -> 0000000000000020
373177:M 08 Jan 2024 08:04:41.707 # (00007ffeffe7cab9) -> 00007f60c96a8472
373177:M 08 Jan 2024 08:04:41.707 # (00007ffeffe7cab8) -> 00007f60c9855e70
373177:M 08 Jan 2024 08:04:41.707 # (00007ffeffe7cab7) -> 00007f60c96bdf32
373177:M 08 Jan 2024 08:04:41.707 # (00007ffeffe7cab6) -> 00007f60c85e105c
373177:M 08 Jan 2024 08:04:41.707 # (00007ffeffe7cab5) -> 00000000000006a6
373177:M 08 Jan 2024 08:04:41.707 # (00007ffeffe7cab4) -> 00007f60c85e0720
373177:M 08 Jan 2024 08:04:41.707 # (00007ffeffe7cab3) -> 00007f60c967e1c0
373177:M 08 Jan 2024 08:04:41.707 # (00007ffeffe7cab2) -> 0000000000000006
373177:M 08 Jan 2024 08:04:41.707 # (00007ffeffe7cab1) -> 769b0f12e6bc4b00
373177:M 08 Jan 2024 08:04:41.707 # (00007ffeffe7cab0) -> 0000563cda87f2b0

------ INFO OUTPUT ------
# Server
redis_version:255.255.255
redis_git_sha1:e04ebdb8
redis_git_dirty:1
redis_build_id:1f78dcc7b4fbdd25
redis_mode:standalone
os:Linux 6.1.60.1.amd64-smp x86_64
arch_bits:64
monotonic_clock:POSIX clock_gettime
multiplexing_api:epoll
atomicvar_api:c11-builtin
gcc_version:10.2.1
process_id:373177
process_supervised:no
run_id:1703d6ee28edde9ea9c590faaf702f095648ef82
tcp_port:5033
server_time_usec:1704697481705710
uptime_in_seconds:0
uptime_in_days:0
hz:10
configured_hz:10
lru_clock:10198665
executable:/home/snagendra/Fuzzing/redis/src/redis-server
config_file:
io_threads_active:0
listener0:name=tcp,bind=0.0.0.0,port=5033

# Clients
connected_clients:0
cluster_connections:0
maxclients:10000
client_recent_max_input_buffer:0
client_recent_max_output_buffer:0
blocked_clients:0
tracking_clients:0
clients_in_timeout_table:0
total_blocking_keys:0
total_blocking_keys_on_nokey:0

# Memory
used_memory:1753872
used_memory_human:1.67M
used_memory_rss:17985536
used_memory_rss_human:17.15M
used_memory_peak:1753872
used_memory_peak_human:1.67M
used_memory_peak_perc:100.41%
used_memory_overhead:1746696
used_memory_startup:1746512
used_memory_dataset:7176
used_memory_dataset_perc:97.50%
allocator_allocated:2056464
allocator_active:2592768
allocator_resident:10883072
total_system_memory:270388695040
total_system_memory_human:251.82G
used_memory_lua:31744
used_memory_vm_eval:31744
used_memory_lua_human:31.00K
used_memory_scripts_eval:0
number_of_cached_scripts:0
number_of_functions:0
number_of_libraries:0
used_memory_vm_functions:32768
used_memory_vm_total:64512
used_memory_vm_total_human:63.00K
used_memory_functions:184
used_memory_scripts:184
used_memory_scripts_human:184B
maxmemory:0
maxmemory_human:0B
maxmemory_policy:noeviction
allocator_frag_ratio:1.26
allocator_frag_bytes:536304
allocator_rss_ratio:4.20
allocator_rss_bytes:8290304
rss_overhead_ratio:1.65
rss_overhead_bytes:7102464
mem_fragmentation_ratio:10.30
mem_fragmentation_bytes:16238880
mem_not_counted_for_evict:0
mem_replication_backlog:0
mem_total_replication_buffers:0
mem_clients_slaves:0
mem_clients_normal:0
mem_cluster_links:0
mem_aof_buffer:0
mem_allocator:jemalloc-5.3.0
active_defrag_running:0
lazyfree_pending_objects:0
lazyfreed_objects:0

# Persistence
loading:0
async_loading:0
current_cow_peak:0
current_cow_size:0
current_cow_size_age:0
current_fork_perc:0.00
current_save_keys_processed:0
current_save_keys_total:0
rdb_changes_since_last_save:0
rdb_bgsave_in_progress:0
rdb_last_save_time:1704697481
rdb_last_bgsave_status:ok
rdb_last_bgsave_time_sec:-1
rdb_current_bgsave_time_sec:-1
rdb_saves:0
rdb_last_cow_size:0
rdb_last_load_keys_expired:0
rdb_last_load_keys_loaded:0
aof_enabled:0
aof_rewrite_in_progress:0
aof_rewrite_scheduled:0
aof_last_rewrite_time_sec:-1
aof_current_rewrite_time_sec:-1
aof_last_bgrewrite_status:ok
aof_rewrites:0
aof_rewrites_consecutive_failures:0
aof_last_write_status:ok
aof_last_cow_size:0
module_fork_in_progress:0
module_fork_last_cow_size:0

# Stats
total_connections_received:0
total_commands_processed:6
instantaneous_ops_per_sec:23
total_net_input_bytes:0
total_net_output_bytes:0
total_net_repl_input_bytes:0
total_net_repl_output_bytes:0
instantaneous_input_kbps:0.00
instantaneous_output_kbps:0.00
instantaneous_input_repl_kbps:0.00
instantaneous_output_repl_kbps:0.00
rejected_connections:0
sync_full:0
sync_partial_ok:0
sync_partial_err:0
expired_keys:0
expired_stale_perc:0.00
expired_time_cap_reached_count:0
expire_cycle_cpu_milliseconds:0
evicted_keys:0
evicted_clients:0
total_eviction_exceeded_time:0
current_eviction_exceeded_time:0
keyspace_hits:0
keyspace_misses:0
pubsub_channels:0
pubsub_patterns:0
pubsubshard_channels:0
latest_fork_usec:0
total_forks:0
migrate_cached_sockets:0
slave_expires_tracked_keys:0
active_defrag_hits:0
active_defrag_misses:0
active_defrag_key_hits:0
active_defrag_key_misses:0
total_active_defrag_time:0
current_active_defrag_time:0
tracking_total_keys:0
tracking_total_items:0
tracking_total_prefixes:0
unexpected_error_replies:0
total_error_replies:0
dump_payload_sanitizations:0
total_reads_processed:0
total_writes_processed:0
io_threaded_reads_processed:0
io_threaded_writes_processed:0
reply_buffer_shrinks:0
reply_buffer_expands:0
acl_access_denied_auth:0
acl_access_denied_cmd:0
acl_access_denied_key:0
acl_access_denied_channel:0

# Replication
role:master
connected_slaves:0
master_failover_state:no-failover
master_replid:59c901fecd7c3f5f6c2313880da3f3a57a317c6a
master_replid2:0000000000000000000000000000000000000000
master_repl_offset:0
second_repl_offset:-1
repl_backlog_active:0
repl_backlog_size:1048576
repl_backlog_first_byte_offset:0
repl_backlog_histlen:0

# CPU
used_cpu_sys:0.008968
used_cpu_user:0.008968
used_cpu_sys_children:0.000000
used_cpu_user_children:0.000000
used_cpu_sys_main_thread:0.008755
used_cpu_user_main_thread:0.008755

# Modules
module:name=raft,ver=1,api=1,filters=1,usedby=[],using=[],options=[]

# Commandstats
cmdstat_command:calls=2,usec=1507,usec_per_call=753.50,rejected_calls=0,failed_calls=0
cmdstat_config|get:calls=3,usec=4,usec_per_call=1.33,rejected_calls=0,failed_calls=0
cmdstat_config|set:calls=1,usec=6,usec_per_call=6.00,rejected_calls=0,failed_calls=0

# Errorstats

# Latencystats
latency_percentiles_usec_command:p50=696.319,p99=815.103,p99.9=815.103
latency_percentiles_usec_config|get:p50=1.003,p99=2.007,p99.9=2.007
latency_percentiles_usec_config|set:p50=6.015,p99=6.015,p99.9=6.015

# Cluster
cluster_enabled:0

# Keyspace

------ CLIENT LIST OUTPUT ------

------ MODULES INFO OUTPUT ------
# raft_version
raft_version:255.255.255
raft_git_sha1:b779b199

# raft_general
raft_dbid:b9b9996193d6d9f2eef74b7c273a17b4
raft_node_id:3
raft_state:up
raft_role:follower
raft_is_voting:no
raft_voted_for:-1
raft_leader_id:-1
raft_current_term:0
raft_num_nodes:1
raft_num_voting_nodes:0

# raft_log
raft_log_entries:0
raft_current_index:0
raft_commit_index:0
raft_last_applied_index:0
raft_file_size:101
raft_cache_memory_size:0
raft_cache_entries:0
raft_client_attached_entries:0
raft_fsync_count:0
raft_fsync_max_microseconds:0
raft_fsync_avg_microseconds:0

# raft_snapshot
raft_snapshot_filename:redis3.rdb
raft_snapshot_last_idx:0
raft_snapshot_last_term:0
raft_snapshot_size:0
raft_snapshot_time_secs:-1
raft_snapshots_created:0
raft_snapshots_received:0
raft_snapshot_in_progress:no
raft_snapshot_in_progress_last_idx:-1
raft_snapshot_in_progress_last_term:-1

# raft_clients
raft_proxy_reqs:0
raft_proxy_failed_reqs:0
raft_proxy_failed_responses:0
raft_proxy_outstanding_reqs:0

# raft_stats
raft_appendreq_received:0
raft_appendreq_with_entry_received:0
raft_snapshotreq_received:0
raft_exec_throttled:0
raft_num_sessions:0

------ CONFIG DEBUG OUTPUT ------
lazyfree-lazy-server-del no
client-query-buffer-limit 1gb
repl-diskless-load disabled
repl-diskless-sync yes
lazyfree-lazy-expire no
list-compress-depth 0
io-threads 1
lazyfree-lazy-user-flush no
lazyfree-lazy-user-del no
proto-max-bulk-len 512mb
sanitize-dump-payload no
lazyfree-lazy-eviction no
replica-read-only yes
slave-read-only yes
activedefrag no
io-threads-do-reads no

------ FAST MEMORY TEST ------
373177:M 08 Jan 2024 08:04:41.707 # Bio worker thread #0 terminated
373177:M 08 Jan 2024 08:04:41.707 # Bio worker thread #1 terminated
373177:M 08 Jan 2024 08:04:41.707 # Bio worker thread #2 terminated
*** Preparing to test memory region 563cdaa60000 (2273280 bytes)
*** Preparing to test memory region 563cdc88d000 (405504 bytes)
*** Preparing to test memory region 7f60bc7ff000 (8388608 bytes)
*** Preparing to test memory region 7f60bd000000 (8388608 bytes)
*** Preparing to test memory region 7f60bd800000 (6291456 bytes)
*** Preparing to test memory region 7f60bdffd000 (8388608 bytes)
*** Preparing to test memory region 7f60be7fe000 (8388608 bytes)
*** Preparing to test memory region 7f60befff000 (8388608 bytes)
*** Preparing to test memory region 7f60bf800000 (8388608 bytes)
*** Preparing to test memory region 7f60c0000000 (135168 bytes)
*** Preparing to test memory region 7f60c43e6000 (8388608 bytes)
*** Preparing to test memory region 7f60c4be7000 (8388608 bytes)
*** Preparing to test memory region 7f60c53e8000 (8388608 bytes)
*** Preparing to test memory region 7f60c5be9000 (8388608 bytes)
*** Preparing to test memory region 7f60c63ea000 (8388608 bytes)
*** Preparing to test memory region 7f60c6beb000 (8388608 bytes)
*** Preparing to test memory region 7f60c73eb000 (2621440 bytes)
*** Preparing to test memory region 7f60c767a000 (8192 bytes)
*** Preparing to test memory region 7f60c7c7f000 (12288 bytes)
*** Preparing to test memory region 7f60c8218000 (16384 bytes)
*** Preparing to test memory region 7f60c839a000 (8192 bytes)
*** Preparing to test memory region 7f60c85fa000 (24576 bytes)
*** Preparing to test memory region 7f60c8e00000 (8388608 bytes)
*** Preparing to test memory region 7f60c9655000 (4096 bytes)
*** Preparing to test memory region 7f60c967a000 (32768 bytes)
*** Preparing to test memory region 7f60c9856000 (53248 bytes)
*** Preparing to test memory region 7f60c9973000 (8192 bytes)
.O.O.O.O.O.O.O.O.O.O.O.O.O.O.O.373707:C 08 Jan 2024 08:04:42.591 # WARNING Memory overcommit must be enabled! Without it, a background save or replication may fail under low memory condition. Being disabled, it can also cause failures without low memory condition, see https://github.com/jemalloc/jemalloc/issues/1328. To fix this issue add 'vm.overcommit_memory = 1' to /etc/sysctl.conf and then reboot or run the command 'sysctl vm.overcommit_memory=1' for this to take effect.
373707:C 08 Jan 2024 08:04:42.591 * oO0OoO0OoO0Oo Redis is starting oO0OoO0OoO0Oo
373707:C 08 Jan 2024 08:04:42.591 * Redis version=255.255.255, bits=64, commit=e04ebdb8, modified=1, pid=373707, just started
373707:C 08 Jan 2024 08:04:42.591 * Configuration loaded
373707:M 08 Jan 2024 08:04:42.592 * monotonic clock: POSIX clock_gettime
373707:M 08 Jan 2024 08:04:42.592 * Running mode=standalone, port=5033.
373707:M 08 Jan 2024 08:04:42.598 * <raft> RedisRaft version 255.255.255 [b779b199]
373707:M 08 Jan 2024 08:04:42.603 * <raft> Initializing test network
373707:M 08 Jan 2024 08:04:42.603 * <raft> Created test network client
373707:M 08 Jan 2024 08:04:42.607 * <raft> Raft module loaded, state is 'loading'
373707:M 08 Jan 2024 08:04:42.607 * Module 'raft' loaded from /home/snagendra/Fuzzing/redisraft-fuzzing/redisraft.so
373707:M 08 Jan 2024 08:04:42.607 * Server initialized
373707:M 08 Jan 2024 08:04:42.607 . The AOF directory appendonlydir doesn't exist
373707:M 08 Jan 2024 08:04:42.607 * Ready to accept connections tcp
373707:M 08 Jan 2024 08:04:42.607 . 0 clients connected (0 replicas), 1746624 bytes in use
373707:M 08 Jan 2024 08:04:42.682 - Accepted 127.0.0.1:36136
373707:M 08 Jan 2024 08:04:42.682 # Missing implement of connection type tls
373707:M 08 Jan 2024 08:04:42.707 * <raft> Loading: Redis loading complete, snapshot NOT LOADED
373707:M 08 Jan 2024 08:04:42.707 * <raft> Cluster Membership: term:0 index:0 nodes: id=3,voting=0,active=1,addr=-
373707:M 08 Jan 2024 08:04:42.708 * <raft> Test network starting message polling thread


=== REDIS BUG REPORT START: Cut & paste starting from here ===
373707:M 08 Jan 2024 08:04:42.708 # Redis 255.255.255 crashed by signal: 6, si_code: -6
373707:M 08 Jan 2024 08:04:42.708 # Crashed running the instruction at: 0x7f8a84919d3c

------ STACK TRACE ------
EIP:
/lib/x86_64-linux-gnu/libc.so.6(+0x8ad3c)[0x7f8a84919d3c]

Backtrace:
/lib/x86_64-linux-gnu/libc.so.6(+0x3bfd0)[0x7f8a848cafd0]
/lib/x86_64-linux-gnu/libc.so.6(+0x8ad3c)[0x7f8a84919d3c]
/lib/x86_64-linux-gnu/libc.so.6(gsignal+0x12)[0x7f8a848caf32]
/lib/x86_64-linux-gnu/libc.so.6(abort+0xd3)[0x7f8a848b5472]
/lib/x86_64-linux-gnu/libc.so.6(+0x26395)[0x7f8a848b5395]
/lib/x86_64-linux-gnu/libc.so.6(+0x34e32)[0x7f8a848c3e32]
/home/snagendra/Fuzzing/redisraft-fuzzing/redisraft.so(+0x3caea)[0x7f8a8483eaea]
/home/snagendra/Fuzzing/redisraft-fuzzing/redisraft.so(callRaftPeriodic+0x478)[0x7f8a8482f088]
/home/snagendra/Fuzzing/redis/src/redis-server 0.0.0.0:5033(moduleTimerHandler+0x21c)[0x5636ed62f98c]
/home/snagendra/Fuzzing/redis/src/redis-server 0.0.0.0:5033(+0x81705)[0x5636ed539705]
/home/snagendra/Fuzzing/redis/src/redis-server 0.0.0.0:5033(aeMain+0x1c8)[0x5636ed543cb8]
/home/snagendra/Fuzzing/redis/src/redis-server 0.0.0.0:5033(main+0x3cd)[0x5636ed538e2d]
/lib/x86_64-linux-gnu/libc.so.6(+0x271ca)[0x7f8a848b61ca]
/lib/x86_64-linux-gnu/libc.so.6(__libc_start_main+0x85)[0x7f8a848b6285]
/home/snagendra/Fuzzing/redis/src/redis-server 0.0.0.0:5033(_start+0x2a)[0x5636ed5395aa]

------ REGISTERS ------
373707:M 08 Jan 2024 08:04:42.708 # 
RAX:0000000000000000 RBX:000000000005b3cb
RCX:00007f8a84919d3c RDX:0000000000000006
RDI:000000000005b3cb RSI:000000000005b3cb
RBP:00007f8a8488b1c0 RSP:00007ffc5d6e3b30
R8 :0000000000000007 R9 :00005636ee879820
R10:0000000000000008 R11:0000000000000246
R12:0000000000000006 R13:00000000000006a6
R14:00007f8a8486b05c R15:00005636ed62e2b0
RIP:00007f8a84919d3c EFL:0000000000000246
CSGSFS:002b000000000033
373707:M 08 Jan 2024 08:04:42.708 # (00007ffc5d6e3b3f) -> 00005636ee8798d0
373707:M 08 Jan 2024 08:04:42.708 # (00007ffc5d6e3b3e) -> 00007f8a84a61c60
373707:M 08 Jan 2024 08:04:42.708 # (00007ffc5d6e3b3d) -> 00000000000002b1
373707:M 08 Jan 2024 08:04:42.708 # (00007ffc5d6e3b3c) -> 00005636ee879820
373707:M 08 Jan 2024 08:04:42.708 # (00007ffc5d6e3b3b) -> 00000000000006a6
373707:M 08 Jan 2024 08:04:42.708 # (00007ffc5d6e3b3a) -> 0000000000000020
373707:M 08 Jan 2024 08:04:42.708 # (00007ffc5d6e3b39) -> 00007f8a848b5472
373707:M 08 Jan 2024 08:04:42.708 # (00007ffc5d6e3b38) -> 00007f8a84a62e70
373707:M 08 Jan 2024 08:04:42.708 # (00007ffc5d6e3b37) -> 00007f8a848caf32
373707:M 08 Jan 2024 08:04:42.708 # (00007ffc5d6e3b36) -> 00007f8a8486b05c
373707:M 08 Jan 2024 08:04:42.708 # (00007ffc5d6e3b35) -> 00000000000006a6
373707:M 08 Jan 2024 08:04:42.708 # (00007ffc5d6e3b34) -> 00007f8a8486a720
373707:M 08 Jan 2024 08:04:42.708 # (00007ffc5d6e3b33) -> 00007f8a8488b1c0
373707:M 08 Jan 2024 08:04:42.708 # (00007ffc5d6e3b32) -> 0000000000000006
373707:M 08 Jan 2024 08:04:42.708 # (00007ffc5d6e3b31) -> 7fff299ec1aef800
373707:M 08 Jan 2024 08:04:42.708 # (00007ffc5d6e3b30) -> 00005636ed62e2b0

------ INFO OUTPUT ------
# Server
redis_version:255.255.255
redis_git_sha1:e04ebdb8
redis_git_dirty:1
redis_build_id:1f78dcc7b4fbdd25
redis_mode:standalone
os:Linux 6.1.60.1.amd64-smp x86_64
arch_bits:64
monotonic_clock:POSIX clock_gettime
multiplexing_api:epoll
atomicvar_api:c11-builtin
gcc_version:10.2.1
process_id:373707
process_supervised:no
run_id:2fcb75192a9addeb902a44f6d314869463cf140c
tcp_port:5033
server_time_usec:1704697482707393
uptime_in_seconds:0
uptime_in_days:0
hz:10
configured_hz:10
lru_clock:10198666
executable:/home/snagendra/Fuzzing/redis/src/redis-server
config_file:
io_threads_active:0
listener0:name=tcp,bind=0.0.0.0,port=5033

# Clients
connected_clients:1
cluster_connections:0
maxclients:10000
client_recent_max_input_buffer:0
client_recent_max_output_buffer:0
blocked_clients:0
tracking_clients:0
clients_in_timeout_table:0
total_blocking_keys:0
total_blocking_keys_on_nokey:0

# Memory
used_memory:1816832
used_memory_human:1.73M
used_memory_rss:17575936
used_memory_rss_human:16.76M
used_memory_peak:1816832
used_memory_peak_human:1.73M
used_memory_peak_perc:100.39%
used_memory_overhead:1746664
used_memory_startup:1746480
used_memory_dataset:70168
used_memory_dataset_perc:99.74%
allocator_allocated:2114408
allocator_active:2703360
allocator_resident:10784768
total_system_memory:270388695040
total_system_memory_human:251.82G
used_memory_lua:31744
used_memory_vm_eval:31744
used_memory_lua_human:31.00K
used_memory_scripts_eval:0
number_of_cached_scripts:0
number_of_functions:0
number_of_libraries:0
used_memory_vm_functions:32768
used_memory_vm_total:64512
used_memory_vm_total_human:63.00K
used_memory_functions:184
used_memory_scripts:184
used_memory_scripts_human:184B
maxmemory:0
maxmemory_human:0B
maxmemory_policy:noeviction
allocator_frag_ratio:1.28
allocator_frag_bytes:588952
allocator_rss_ratio:3.99
allocator_rss_bytes:8081408
rss_overhead_ratio:1.63
rss_overhead_bytes:6791168
mem_fragmentation_ratio:10.06
mem_fragmentation_bytes:15829312
mem_not_counted_for_evict:0
mem_replication_backlog:0
mem_total_replication_buffers:0
mem_clients_slaves:0
mem_clients_normal:0
mem_cluster_links:0
mem_aof_buffer:0
mem_allocator:jemalloc-5.3.0
active_defrag_running:0
lazyfree_pending_objects:0
lazyfreed_objects:0

# Persistence
loading:0
async_loading:0
current_cow_peak:0
current_cow_size:0
current_cow_size_age:0
current_fork_perc:0.00
current_save_keys_processed:0
current_save_keys_total:0
rdb_changes_since_last_save:0
rdb_bgsave_in_progress:0
rdb_last_save_time:1704697482
rdb_last_bgsave_status:ok
rdb_last_bgsave_time_sec:-1
rdb_current_bgsave_time_sec:-1
rdb_saves:0
rdb_last_cow_size:0
rdb_last_load_keys_expired:0
rdb_last_load_keys_loaded:0
aof_enabled:0
aof_rewrite_in_progress:0
aof_rewrite_scheduled:0
aof_last_rewrite_time_sec:-1
aof_current_rewrite_time_sec:-1
aof_last_bgrewrite_status:ok
aof_rewrites:0
aof_rewrites_consecutive_failures:0
aof_last_write_status:ok
aof_last_cow_size:0
module_fork_in_progress:0
module_fork_last_cow_size:0

# Stats
total_connections_received:1
total_commands_processed:7
instantaneous_ops_per_sec:25
total_net_input_bytes:33
total_net_output_bytes:5
total_net_repl_input_bytes:0
total_net_repl_output_bytes:0
instantaneous_input_kbps:0.00
instantaneous_output_kbps:0.00
instantaneous_input_repl_kbps:0.00
instantaneous_output_repl_kbps:0.00
rejected_connections:0
sync_full:0
sync_partial_ok:0
sync_partial_err:0
expired_keys:0
expired_stale_perc:0.00
expired_time_cap_reached_count:0
expire_cycle_cpu_milliseconds:0
evicted_keys:0
evicted_clients:0
total_eviction_exceeded_time:0
current_eviction_exceeded_time:0
keyspace_hits:0
keyspace_misses:0
pubsub_channels:0
pubsub_patterns:0
pubsubshard_channels:0
latest_fork_usec:0
total_forks:0
migrate_cached_sockets:0
slave_expires_tracked_keys:0
active_defrag_hits:0
active_defrag_misses:0
active_defrag_key_hits:0
active_defrag_key_misses:0
total_active_defrag_time:0
current_active_defrag_time:0
tracking_total_keys:0
tracking_total_items:0
tracking_total_prefixes:0
unexpected_error_replies:0
total_error_replies:0
dump_payload_sanitizations:0
total_reads_processed:1
total_writes_processed:1
io_threaded_reads_processed:0
io_threaded_writes_processed:0
reply_buffer_shrinks:0
reply_buffer_expands:0
acl_access_denied_auth:0
acl_access_denied_cmd:0
acl_access_denied_key:0
acl_access_denied_channel:0

# Replication
role:master
connected_slaves:0
master_failover_state:no-failover
master_replid:b405fba232014ab04fc59d5046c88ab7b58d7f8e
master_replid2:0000000000000000000000000000000000000000
master_repl_offset:0
second_repl_offset:-1
repl_backlog_active:0
repl_backlog_size:1048576
repl_backlog_first_byte_offset:0
repl_backlog_histlen:0

# CPU
used_cpu_sys:0.005660
used_cpu_user:0.011321
used_cpu_sys_children:0.000000
used_cpu_user_children:0.000000
used_cpu_sys_main_thread:0.005540
used_cpu_user_main_thread:0.011080

# Modules
module:name=raft,ver=1,api=1,filters=1,usedby=[],using=[],options=[]

# Commandstats
cmdstat_command:calls=2,usec=1472,usec_per_call=736.00,rejected_calls=0,failed_calls=0
cmdstat_config|get:calls=3,usec=5,usec_per_call=1.67,rejected_calls=0,failed_calls=0
cmdstat_config|set:calls=1,usec=6,usec_per_call=6.00,rejected_calls=0,failed_calls=0
cmdstat_auth:calls=1,usec=2,usec_per_call=2.00,rejected_calls=0,failed_calls=0

# Errorstats

# Latencystats
latency_percentiles_usec_command:p50=729.087,p99=745.471,p99.9=745.471
latency_percentiles_usec_config|get:p50=2.007,p99=2.007,p99.9=2.007
latency_percentiles_usec_config|set:p50=6.015,p99=6.015,p99.9=6.015
latency_percentiles_usec_auth:p50=2.007,p99=2.007,p99.9=2.007

# Cluster
cluster_enabled:0

# Keyspace

------ CLIENT LIST OUTPUT ------
id=8 addr=127.0.0.1:36136 laddr=127.0.0.1:5033 fd=11 name= age=0 idle=0 flags=N db=0 sub=0 psub=0 ssub=0 multi=-1 qbuf=0 qbuf-free=20474 argv-mem=0 multi-mem=0 rbs=16384 rbp=16384 obl=0 oll=0 omem=0 tot-mem=37760 events=r cmd=auth user=default redir=-1 resp=2 lib-name= lib-ver=

------ MODULES INFO OUTPUT ------
# raft_version
raft_version:255.255.255
raft_git_sha1:b779b199

# raft_general
raft_dbid:b9b9996193d6d9f2eef74b7c273a17b4
raft_node_id:3
raft_state:up
raft_role:follower
raft_is_voting:no
raft_voted_for:-1
raft_leader_id:-1
raft_current_term:0
raft_num_nodes:1
raft_num_voting_nodes:0

# raft_log
raft_log_entries:0
raft_current_index:0
raft_commit_index:0
raft_last_applied_index:0
raft_file_size:101
raft_cache_memory_size:0
raft_cache_entries:0
raft_client_attached_entries:0
raft_fsync_count:0
raft_fsync_max_microseconds:0
raft_fsync_avg_microseconds:0

# raft_snapshot
raft_snapshot_filename:redis3.rdb
raft_snapshot_last_idx:0
raft_snapshot_last_term:0
raft_snapshot_size:0
raft_snapshot_time_secs:-1
raft_snapshots_created:0
raft_snapshots_received:0
raft_snapshot_in_progress:no
raft_snapshot_in_progress_last_idx:-1
raft_snapshot_in_progress_last_term:-1

# raft_clients
raft_proxy_reqs:0
raft_proxy_failed_reqs:0
raft_proxy_failed_responses:0
raft_proxy_outstanding_reqs:0

# raft_stats
raft_appendreq_received:0
raft_appendreq_with_entry_received:0
raft_snapshotreq_received:0
raft_exec_throttled:0
raft_num_sessions:0

------ CONFIG DEBUG OUTPUT ------
repl-diskless-sync yes
lazyfree-lazy-server-del no
lazyfree-lazy-user-flush no
list-compress-depth 0
io-threads-do-reads no
lazyfree-lazy-eviction no
repl-diskless-load disabled
client-query-buffer-limit 1gb
io-threads 1
sanitize-dump-payload no
lazyfree-lazy-expire no
activedefrag no
slave-read-only yes
proto-max-bulk-len 512mb
lazyfree-lazy-user-del no
replica-read-only yes

------ FAST MEMORY TEST ------
373707:M 08 Jan 2024 08:04:42.709 # Bio worker thread #0 terminated
373707:M 08 Jan 2024 08:04:42.709 # Bio worker thread #1 terminated
373707:M 08 Jan 2024 08:04:42.709 # Bio worker thread #2 terminated
*** Preparing to test memory region 5636ed80f000 (2273280 bytes)
*** Preparing to test memory region 5636ee824000 (405504 bytes)
*** Preparing to test memory region 7f8a777ff000 (8388608 bytes)
*** Preparing to test memory region 7f8a78000000 (8388608 bytes)
*** Preparing to test memory region 7f8a78800000 (6291456 bytes)
*** Preparing to test memory region 7f8a78ffb000 (8388608 bytes)
*** Preparing to test memory region 7f8a797fc000 (8388608 bytes)
*** Preparing to test memory region 7f8a79ffd000 (8388608 bytes)
*** Preparing to test memory region 7f8a7a7fe000 (8388608 bytes)
*** Preparing to test memory region 7f8a7afff000 (8388608 bytes)
*** Preparing to test memory region 7f8a7b800000 (8388608 bytes)
*** Preparing to test memory region 7f8a7c000000 (135168 bytes)
*** Preparing to test memory region 7f8a805f8000 (8388608 bytes)
*** Preparing to test memory region 7f8a80df9000 (8388608 bytes)
*** Preparing to test memory region 7f8a815fa000 (8388608 bytes)
*** Preparing to test memory region 7f8a81dfb000 (8388608 bytes)
*** Preparing to test memory region 7f8a825fb000 (2621440 bytes)
*** Preparing to test memory region 7f8a8288a000 (8192 bytes)
*** Preparing to test memory region 7f8a82e7f000 (12288 bytes)
*** Preparing to test memory region 7f8a83418000 (16384 bytes)
*** Preparing to test memory region 7f8a835b6000 (8192 bytes)
*** Preparing to test memory region 7f8a8372d000 (4096 bytes)
*** Preparing to test memory region 7f8a837ff000 (4096 bytes)
*** Preparing to test memory region 7f8a84000000 (8388608 bytes)
*** Preparing to test memory region 7f8a84800000 (8192 bytes)
*** Preparing to test memory region 7f8a84884000 (45056 bytes)
*** Preparing to test memory region 7f8a84a63000 (53248 bytes)
*** Preparing to test memory region 7f8a84b80000 (8192 bytes)
.373825:C 08 Jan 2024 08:04:42.850 # WARNING Memory overcommit must be enabled! Without it, a background save or replication may fail under low memory condition. Being disabled, it can also cause failures without low memory condition, see https://github.com/jemalloc/jemalloc/issues/1328. To fix this issue add 'vm.overcommit_memory = 1' to /etc/sysctl.conf and then reboot or run the command 'sysctl vm.overcommit_memory=1' for this to take effect.
373825:C 08 Jan 2024 08:04:42.850 * oO0OoO0OoO0Oo Redis is starting oO0OoO0OoO0Oo
373825:C 08 Jan 2024 08:04:42.850 * Redis version=255.255.255, bits=64, commit=e04ebdb8, modified=1, pid=373825, just started
373825:C 08 Jan 2024 08:04:42.850 * Configuration loaded
373825:M 08 Jan 2024 08:04:42.850 * monotonic clock: POSIX clock_gettime
373825:M 08 Jan 2024 08:04:42.851 * Running mode=standalone, port=5033.
373825:M 08 Jan 2024 08:04:42.858 * <raft> RedisRaft version 255.255.255 [b779b199]
373825:M 08 Jan 2024 08:04:42.862 * <raft> Initializing test network
373825:M 08 Jan 2024 08:04:42.863 * <raft> Created test network client
373825:M 08 Jan 2024 08:04:42.864 * <raft> Raft module loaded, state is 'loading'
373825:M 08 Jan 2024 08:04:42.864 * Module 'raft' loaded from /home/snagendra/Fuzzing/redisraft-fuzzing/redisraft.so
373825:M 08 Jan 2024 08:04:42.865 * Server initialized
373825:M 08 Jan 2024 08:04:42.865 . The AOF directory appendonlydir doesn't exist
373825:M 08 Jan 2024 08:04:42.865 * Ready to accept connections tcp
373825:M 08 Jan 2024 08:04:42.865 . 0 clients connected (0 replicas), 1746848 bytes in use
373825:M 08 Jan 2024 08:04:42.883 - Accepted 127.0.0.1:36152
373825:M 08 Jan 2024 08:04:42.883 # Missing implement of connection type tls
373825:M 08 Jan 2024 08:04:42.941 - Client closed connection id=8 addr=127.0.0.1:36152 laddr=127.0.0.1:5033 fd=11 name= age=0 idle=0 flags=N db=0 sub=0 psub=0 ssub=0 multi=-1 qbuf=0 qbuf-free=20474 argv-mem=0 multi-mem=0 rbs=16384 rbp=16384 obl=0 oll=0 omem=0 tot-mem=37760 events=r cmd=auth user=default redir=-1 resp=2 lib-name= lib-ver=
373825:signal-handler (1704697482) Received SIGINT scheduling shutdown...
373825:signal-handler (1704697482) You insist... exiting now.

----- Stderr -----
libgcov profiling error:/home/snagendra/Fuzzing/redisraft-fuzzing/build/deps/raft/CMakeFiles/raft.dir/src/raft_server.c.gcda:Merge mismatch for function 33
redis-server: /home/snagendra/Fuzzing/redisraft-fuzzing/deps/raft/src/raft_server.c:1702: raft_get_first_entry_idx: Assertion `0 < raft_get_current_idx(me)' failed.
redis-server: /home/snagendra/Fuzzing/redisraft-fuzzing/deps/raft/src/raft_server.c:1702: raft_get_first_entry_idx: Assertion `0 < raft_get_current_idx(me)' failed.
redis-server: pthread_mutex_lock.c:94: ___pthread_mutex_lock: Assertion `mutex->__data.__owner == 0' failed.
libgcov profiling error:/home/snagendra/Fuzzing/redisraft-fuzzing/build/deps/raft/CMakeFiles/raft.dir/src/raft_server.c.gcda:Merge mismatch for function 33




logs for node: 1

----- Stdout -----
372218:C 08 Jan 2024 08:04:39.465 # WARNING Memory overcommit must be enabled! Without it, a background save or replication may fail under low memory condition. Being disabled, it can also cause failures without low memory condition, see https://github.com/jemalloc/jemalloc/issues/1328. To fix this issue add 'vm.overcommit_memory = 1' to /etc/sysctl.conf and then reboot or run the command 'sysctl vm.overcommit_memory=1' for this to take effect.
372218:C 08 Jan 2024 08:04:39.465 * oO0OoO0OoO0Oo Redis is starting oO0OoO0OoO0Oo
372218:C 08 Jan 2024 08:04:39.465 * Redis version=255.255.255, bits=64, commit=e04ebdb8, modified=1, pid=372218, just started
372218:C 08 Jan 2024 08:04:39.465 * Configuration loaded
372218:M 08 Jan 2024 08:04:39.465 * monotonic clock: POSIX clock_gettime
372218:M 08 Jan 2024 08:04:39.466 * Running mode=standalone, port=5031.
372218:M 08 Jan 2024 08:04:39.473 * <raft> RedisRaft version 255.255.255 [b779b199]
372218:M 08 Jan 2024 08:04:39.477 * <raft> Initializing test network
372218:M 08 Jan 2024 08:04:39.478 * <raft> Created test network client
372218:M 08 Jan 2024 08:04:39.479 * <raft> Raft module loaded, state is 'uninitialized'
372218:M 08 Jan 2024 08:04:39.479 * Module 'raft' loaded from /home/snagendra/Fuzzing/redisraft-fuzzing/redisraft.so
372218:M 08 Jan 2024 08:04:39.479 * Server initialized
372218:M 08 Jan 2024 08:04:39.480 . The AOF directory appendonlydir doesn't exist
372218:M 08 Jan 2024 08:04:39.480 * Ready to accept connections tcp
372218:M 08 Jan 2024 08:04:39.480 . 0 clients connected (0 replicas), 1726192 bytes in use
372218:M 08 Jan 2024 08:04:39.494 - Accepted 127.0.0.1:34536
372218:M 08 Jan 2024 08:04:39.494 # Missing implement of connection type tls
372218:M 08 Jan 2024 08:04:39.500 * <raft> Cluster Membership: term:0 index:0 nodes: id=1,voting=0,active=1,addr=-
372218:M 08 Jan 2024 08:04:39.506 * <raft> State change: Node is now a leader, term 1
372218:M 08 Jan 2024 08:04:39.507 * <raft> Cluster Membership: term:1 index:1 nodes: id=1,voting=0,active=1,addr=-
372218:M 08 Jan 2024 08:04:39.507 * <raft> Test network starting message polling thread
372218:M 08 Jan 2024 08:04:39.507 * <raft> Raft Cluster initialized, node id: 1, dbid: b9b9996193d6d9f2eef74b7c273a17b4
372218:M 08 Jan 2024 08:04:39.624 - Accepted 127.0.0.1:34548
372218:M 08 Jan 2024 08:04:39.625 * <raft> Cluster Membership: term:1 index:3 nodes: id=1,voting=1,active=1,addr=- id=2,voting=0,active=1,addr=localhost:5032
372218:M 08 Jan 2024 08:04:39.633 - Client closed connection id=9 addr=127.0.0.1:34548 laddr=127.0.0.1:5031 fd=12 name= age=0 idle=0 flags=N db=0 sub=0 psub=0 ssub=0 multi=-1 qbuf=0 qbuf-free=20474 argv-mem=0 multi-mem=0 rbs=16384 rbp=16384 obl=0 oll=0 omem=0 tot-mem=37760 events=r cmd=raft.node user=default redir=-1 resp=2 lib-name= lib-ver=
372218:M 08 Jan 2024 08:04:39.752 - Accepted 127.0.0.1:34564
372218:M 08 Jan 2024 08:04:39.753 * <raft> Cluster Membership: term:1 index:4 nodes: id=1,voting=1,active=1,addr=- id=2,voting=0,active=1,addr=localhost:5032 id=3,voting=0,active=1,addr=localhost:5033
372218:M 08 Jan 2024 08:04:39.760 - Client closed connection id=10 addr=127.0.0.1:34564 laddr=127.0.0.1:5031 fd=13 name= age=0 idle=0 flags=N db=0 sub=0 psub=0 ssub=0 multi=-1 qbuf=0 qbuf-free=20474 argv-mem=0 multi-mem=0 rbs=16384 rbp=16384 obl=0 oll=0 omem=0 tot-mem=37760 events=r cmd=raft.node user=default redir=-1 resp=2 lib-name= lib-ver=
372218:signal-handler (1704697480) Received SIGINT scheduling shutdown...
373370:C 08 Jan 2024 08:04:41.954 # WARNING Memory overcommit must be enabled! Without it, a background save or replication may fail under low memory condition. Being disabled, it can also cause failures without low memory condition, see https://github.com/jemalloc/jemalloc/issues/1328. To fix this issue add 'vm.overcommit_memory = 1' to /etc/sysctl.conf and then reboot or run the command 'sysctl vm.overcommit_memory=1' for this to take effect.
373370:C 08 Jan 2024 08:04:41.954 * oO0OoO0OoO0Oo Redis is starting oO0OoO0OoO0Oo
373370:C 08 Jan 2024 08:04:41.954 * Redis version=255.255.255, bits=64, commit=e04ebdb8, modified=1, pid=373370, just started
373370:C 08 Jan 2024 08:04:41.954 * Configuration loaded
373370:M 08 Jan 2024 08:04:41.955 * monotonic clock: POSIX clock_gettime
373370:M 08 Jan 2024 08:04:41.955 * Running mode=standalone, port=5031.
373370:M 08 Jan 2024 08:04:41.962 * <raft> RedisRaft version 255.255.255 [b779b199]
373370:M 08 Jan 2024 08:04:41.966 * <raft> Initializing test network
373370:M 08 Jan 2024 08:04:41.966 * <raft> Created test network client
373370:M 08 Jan 2024 08:04:41.970 * <raft> Raft module loaded, state is 'loading'
373370:M 08 Jan 2024 08:04:41.970 * Module 'raft' loaded from /home/snagendra/Fuzzing/redisraft-fuzzing/redisraft.so
373370:M 08 Jan 2024 08:04:41.970 * Server initialized
373370:M 08 Jan 2024 08:04:41.970 . The AOF directory appendonlydir doesn't exist
373370:M 08 Jan 2024 08:04:41.970 * Ready to accept connections tcp
373370:M 08 Jan 2024 08:04:41.970 . 0 clients connected (0 replicas), 1746656 bytes in use
373370:M 08 Jan 2024 08:04:42.070 * <raft> Loading: Redis loading complete, snapshot NOT LOADED
373370:M 08 Jan 2024 08:04:42.071 * <raft> Cluster Membership: term:0 index:0 nodes: id=1,voting=0,active=1,addr=-
373370:M 08 Jan 2024 08:04:42.071 * <raft> Test network starting message polling thread
373370:M 08 Jan 2024 08:04:42.072 * <raft> Cluster Membership: term:0 index:5 nodes: id=1,voting=1,active=1,addr=- id=2,voting=0,active=1,addr=localhost:5032
373370:M 08 Jan 2024 08:04:42.072 * <raft> Cluster Membership: term:0 index:5 nodes: id=1,voting=1,active=1,addr=- id=2,voting=0,active=1,addr=localhost:5032 id=3,voting=0,active=1,addr=localhost:5033
373370:M 08 Jan 2024 08:04:42.072 * <raft> Raft state after loading log: log_count=5, first_idx=1, current_idx=5, last_applied_idx=0
373370:M 08 Jan 2024 08:04:42.072 . <raft> Raft term=1, vote=-1
373370:M 08 Jan 2024 08:04:42.079 * <raft> State change: Node is now a leader, term 2
373370:M 08 Jan 2024 08:04:42.079 * <raft> Cluster Membership: term:2 index:6 nodes: id=1,voting=1,active=1,addr=- id=2,voting=0,active=1,addr=localhost:5032 id=3,voting=0,active=1,addr=localhost:5033
373370:M 08 Jan 2024 08:04:42.346 - Accepted 127.0.0.1:34568
373370:M 08 Jan 2024 08:04:42.346 # Missing implement of connection type tls
373370:signal-handler (1704697482) Received SIGINT scheduling shutdown...
373370:signal-handler (1704697482) You insist... exiting now.

----- Stderr -----
libgcov profiling error:/home/snagendra/Fuzzing/redisraft-fuzzing/build/deps/raft/CMakeFiles/raft.dir/src/raft_server.c.gcda:Merge mismatch for function 33




logs for node: 2

----- Stdout -----
372249:C 08 Jan 2024 08:04:39.510 # WARNING Memory overcommit must be enabled! Without it, a background save or replication may fail under low memory condition. Being disabled, it can also cause failures without low memory condition, see https://github.com/jemalloc/jemalloc/issues/1328. To fix this issue add 'vm.overcommit_memory = 1' to /etc/sysctl.conf and then reboot or run the command 'sysctl vm.overcommit_memory=1' for this to take effect.
372249:C 08 Jan 2024 08:04:39.510 * oO0OoO0OoO0Oo Redis is starting oO0OoO0OoO0Oo
372249:C 08 Jan 2024 08:04:39.510 * Redis version=255.255.255, bits=64, commit=e04ebdb8, modified=1, pid=372249, just started
372249:C 08 Jan 2024 08:04:39.510 * Configuration loaded
372249:M 08 Jan 2024 08:04:39.510 * monotonic clock: POSIX clock_gettime
372249:M 08 Jan 2024 08:04:39.511 * Running mode=standalone, port=5032.
372249:M 08 Jan 2024 08:04:39.517 * <raft> RedisRaft version 255.255.255 [b779b199]
372249:M 08 Jan 2024 08:04:39.522 * <raft> Initializing test network
372249:M 08 Jan 2024 08:04:39.522 * <raft> Created test network client
372249:M 08 Jan 2024 08:04:39.523 * <raft> Raft module loaded, state is 'uninitialized'
372249:M 08 Jan 2024 08:04:39.523 * Module 'raft' loaded from /home/snagendra/Fuzzing/redisraft-fuzzing/redisraft.so
372249:M 08 Jan 2024 08:04:39.524 * Server initialized
372249:M 08 Jan 2024 08:04:39.524 . The AOF directory appendonlydir doesn't exist
372249:M 08 Jan 2024 08:04:39.525 * Ready to accept connections tcp
372249:M 08 Jan 2024 08:04:39.525 . 0 clients connected (0 replicas), 1726192 bytes in use
372249:M 08 Jan 2024 08:04:39.549 - Accepted 127.0.0.1:45446
372249:M 08 Jan 2024 08:04:39.549 # Missing implement of connection type tls
372249:M 08 Jan 2024 08:04:39.623 - <raft> join cluster, connecting to localhost:5031
372249:M 08 Jan 2024 08:04:39.625 * <raft> Joined Raft cluster, node id: 2, dbid: b9b9996193d6d9f2eef74b7c273a17b4
372249:M 08 Jan 2024 08:04:39.633 * <raft> Cluster Membership: term:0 index:0 nodes: id=2,voting=0,active=1,addr=-
372249:M 08 Jan 2024 08:04:39.633 * <raft> Test network starting message polling thread
372249:M 08 Jan 2024 08:04:39.681 - Accepted 127.0.0.1:45456
372249:signal-handler (1704697479) Received SIGINT scheduling shutdown...
372249:signal-handler (1704697479) You insist... exiting now.
373122:C 08 Jan 2024 08:04:41.436 # WARNING Memory overcommit must be enabled! Without it, a background save or replication may fail under low memory condition. Being disabled, it can also cause failures without low memory condition, see https://github.com/jemalloc/jemalloc/issues/1328. To fix this issue add 'vm.overcommit_memory = 1' to /etc/sysctl.conf and then reboot or run the command 'sysctl vm.overcommit_memory=1' for this to take effect.
373122:C 08 Jan 2024 08:04:41.436 * oO0OoO0OoO0Oo Redis is starting oO0OoO0OoO0Oo
373122:C 08 Jan 2024 08:04:41.436 * Redis version=255.255.255, bits=64, commit=e04ebdb8, modified=1, pid=373122, just started
373122:C 08 Jan 2024 08:04:41.436 * Configuration loaded
373122:M 08 Jan 2024 08:04:41.437 * monotonic clock: POSIX clock_gettime
373122:M 08 Jan 2024 08:04:41.437 * Running mode=standalone, port=5032.
373122:M 08 Jan 2024 08:04:41.444 * <raft> RedisRaft version 255.255.255 [b779b199]
373122:M 08 Jan 2024 08:04:41.448 * <raft> Initializing test network
373122:M 08 Jan 2024 08:04:41.449 * <raft> Created test network client
373122:M 08 Jan 2024 08:04:41.449 * <raft> Raft module loaded, state is 'uninitialized'
373122:M 08 Jan 2024 08:04:41.449 * Module 'raft' loaded from /home/snagendra/Fuzzing/redisraft-fuzzing/redisraft.so
373122:M 08 Jan 2024 08:04:41.450 * Server initialized
373122:M 08 Jan 2024 08:04:41.450 . The AOF directory appendonlydir doesn't exist
373122:M 08 Jan 2024 08:04:41.450 * Ready to accept connections tcp
373122:M 08 Jan 2024 08:04:41.450 . 0 clients connected (0 replicas), 1726160 bytes in use
373122:M 08 Jan 2024 08:04:42.080 - Accepted 127.0.0.1:45488
373122:M 08 Jan 2024 08:04:42.080 # Missing implement of connection type tls
373122:signal-handler (1704697482) Received SIGINT scheduling shutdown...
373122:signal-handler (1704697482) You insist... exiting now.

----- Stderr -----
libgcov profiling error:/home/snagendra/Fuzzing/redisraft-fuzzing/build/deps/raft/CMakeFiles/raft.dir/src/raft_server.c.gcda:Merge mismatch for function 33
libgcov profiling error:/home/snagendra/Fuzzing/redisraft-fuzzing/build/deps/raft/CMakeFiles/raft.dir/src/raft_server.c.gcda:Merge mismatch for function 33



