logs for node: 1

----- Stdout -----
1267274:C 08 Jan 2024 11:12:09.524 # WARNING Memory overcommit must be enabled! Without it, a background save or replication may fail under low memory condition. Being disabled, it can also cause failures without low memory condition, see https://github.com/jemalloc/jemalloc/issues/1328. To fix this issue add 'vm.overcommit_memory = 1' to /etc/sysctl.conf and then reboot or run the command 'sysctl vm.overcommit_memory=1' for this to take effect.
1267274:C 08 Jan 2024 11:12:09.524 * oO0OoO0OoO0Oo Redis is starting oO0OoO0OoO0Oo
1267274:C 08 Jan 2024 11:12:09.524 * Redis version=255.255.255, bits=64, commit=e04ebdb8, modified=1, pid=1267274, just started
1267274:C 08 Jan 2024 11:12:09.524 * Configuration loaded
1267274:M 08 Jan 2024 11:12:09.524 * monotonic clock: POSIX clock_gettime
1267274:M 08 Jan 2024 11:12:09.525 * Running mode=standalone, port=5091.
1267274:M 08 Jan 2024 11:12:09.531 * <raft> RedisRaft version 255.255.255 [b779b199]
1267274:M 08 Jan 2024 11:12:09.536 * <raft> Initializing test network
1267274:M 08 Jan 2024 11:12:09.536 * <raft> Created test network client
1267274:M 08 Jan 2024 11:12:09.537 * <raft> Raft module loaded, state is 'uninitialized'
1267274:M 08 Jan 2024 11:12:09.537 * Module 'raft' loaded from /home/snagendra/Fuzzing/redisraft-fuzzing/redisraft.so
1267274:M 08 Jan 2024 11:12:09.538 * Server initialized
1267274:M 08 Jan 2024 11:12:09.538 . The AOF directory appendonlydir doesn't exist
1267274:M 08 Jan 2024 11:12:09.539 * Ready to accept connections tcp
1267274:M 08 Jan 2024 11:12:09.539 . 0 clients connected (0 replicas), 1726128 bytes in use
1267274:M 08 Jan 2024 11:12:09.545 - Accepted 127.0.0.1:54072
1267274:M 08 Jan 2024 11:12:09.545 # Missing implement of connection type tls
1267274:M 08 Jan 2024 11:12:09.551 * <raft> Cluster Membership: term:0 index:0 nodes: id=1,voting=0,active=1,addr=-
1267274:M 08 Jan 2024 11:12:09.557 * <raft> State change: Node is now a leader, term 1
1267274:M 08 Jan 2024 11:12:09.557 * <raft> Cluster Membership: term:1 index:1 nodes: id=1,voting=0,active=1,addr=-
1267274:M 08 Jan 2024 11:12:09.558 * <raft> Test network starting message polling thread
1267274:M 08 Jan 2024 11:12:09.558 * <raft> Raft Cluster initialized, node id: 1, dbid: 9ce3b78932c7e160863ca691c49afbc7
1267274:M 08 Jan 2024 11:12:09.675 - Accepted 127.0.0.1:54078
1267274:M 08 Jan 2024 11:12:09.676 * <raft> Cluster Membership: term:1 index:3 nodes: id=1,voting=1,active=1,addr=- id=2,voting=0,active=1,addr=localhost:5092
1267274:M 08 Jan 2024 11:12:09.683 - Client closed connection id=9 addr=127.0.0.1:54078 laddr=127.0.0.1:5091 fd=12 name= age=0 idle=0 flags=N db=0 sub=0 psub=0 ssub=0 multi=-1 qbuf=0 qbuf-free=20474 argv-mem=0 multi-mem=0 rbs=16384 rbp=16384 obl=0 oll=0 omem=0 tot-mem=37760 events=r cmd=raft.node user=default redir=-1 resp=2 lib-name= lib-ver=
1267274:M 08 Jan 2024 11:12:09.802 - Accepted 127.0.0.1:54090
1267274:M 08 Jan 2024 11:12:09.802 * <raft> Cluster Membership: term:1 index:4 nodes: id=1,voting=1,active=1,addr=- id=2,voting=0,active=1,addr=localhost:5092 id=3,voting=0,active=1,addr=localhost:5093
1267274:M 08 Jan 2024 11:12:09.811 - Client closed connection id=10 addr=127.0.0.1:54090 laddr=127.0.0.1:5091 fd=13 name= age=0 idle=0 flags=N db=0 sub=0 psub=0 ssub=0 multi=-1 qbuf=0 qbuf-free=20474 argv-mem=0 multi-mem=0 rbs=16384 rbp=16384 obl=0 oll=0 omem=0 tot-mem=37760 events=r cmd=raft.node user=default redir=-1 resp=2 lib-name= lib-ver=
1267274:M 08 Jan 2024 11:12:09.976 - Accepted 127.0.0.1:54106
1267274:M 08 Jan 2024 11:12:10.396 - Client closed connection id=11 addr=127.0.0.1:54106 laddr=127.0.0.1:5091 fd=14 name= age=1 idle=1 flags=N db=0 sub=0 psub=0 ssub=0 multi=-1 qbuf=0 qbuf-free=20474 argv-mem=0 multi-mem=0 rbs=1024 rbp=0 obl=0 oll=0 omem=0 tot-mem=22400 events=r cmd=auth user=default redir=-1 resp=2 lib-name= lib-ver=
1267274:M 08 Jan 2024 11:12:10.794 * <raft> node:2 has sufficient logs, adding as voting node.
1267274:signal-handler (1704708730) Received SIGINT scheduling shutdown...
1267274:signal-handler (1704708730) You insist... exiting now.
1267961:C 08 Jan 2024 11:12:11.268 # WARNING Memory overcommit must be enabled! Without it, a background save or replication may fail under low memory condition. Being disabled, it can also cause failures without low memory condition, see https://github.com/jemalloc/jemalloc/issues/1328. To fix this issue add 'vm.overcommit_memory = 1' to /etc/sysctl.conf and then reboot or run the command 'sysctl vm.overcommit_memory=1' for this to take effect.
1267961:C 08 Jan 2024 11:12:11.268 * oO0OoO0OoO0Oo Redis is starting oO0OoO0OoO0Oo
1267961:C 08 Jan 2024 11:12:11.268 * Redis version=255.255.255, bits=64, commit=e04ebdb8, modified=1, pid=1267961, just started
1267961:C 08 Jan 2024 11:12:11.268 * Configuration loaded
1267961:M 08 Jan 2024 11:12:11.268 * monotonic clock: POSIX clock_gettime
1267961:M 08 Jan 2024 11:12:11.269 * Running mode=standalone, port=5091.
1267961:M 08 Jan 2024 11:12:11.276 * <raft> RedisRaft version 255.255.255 [b779b199]
1267961:M 08 Jan 2024 11:12:11.281 * <raft> Initializing test network
1267961:M 08 Jan 2024 11:12:11.282 * <raft> Created test network client
1267961:M 08 Jan 2024 11:12:11.285 * <raft> Raft module loaded, state is 'loading'
1267961:M 08 Jan 2024 11:12:11.285 * Module 'raft' loaded from /home/snagendra/Fuzzing/redisraft-fuzzing/redisraft.so
1267961:M 08 Jan 2024 11:12:11.285 * Server initialized
1267961:M 08 Jan 2024 11:12:11.285 . The AOF directory appendonlydir doesn't exist
1267961:M 08 Jan 2024 11:12:11.286 * Ready to accept connections tcp
1267961:M 08 Jan 2024 11:12:11.286 . 0 clients connected (0 replicas), 1746720 bytes in use
1267961:M 08 Jan 2024 11:12:11.386 * <raft> Loading: Redis loading complete, snapshot NOT LOADED
1267961:M 08 Jan 2024 11:12:11.386 * <raft> Cluster Membership: term:0 index:0 nodes: id=1,voting=0,active=1,addr=-
1267961:M 08 Jan 2024 11:12:11.386 * <raft> Test network starting message polling thread
1267961:M 08 Jan 2024 11:12:11.387 * <raft> Cluster Membership: term:0 index:5 nodes: id=1,voting=1,active=1,addr=- id=2,voting=0,active=1,addr=localhost:5092
1267961:M 08 Jan 2024 11:12:11.387 * <raft> Cluster Membership: term:0 index:5 nodes: id=1,voting=1,active=1,addr=- id=2,voting=0,active=1,addr=localhost:5092 id=3,voting=0,active=1,addr=localhost:5093
1267961:M 08 Jan 2024 11:12:11.387 * <raft> Raft state after loading log: log_count=5, first_idx=1, current_idx=5, last_applied_idx=0
1267961:M 08 Jan 2024 11:12:11.387 . <raft> Raft term=1, vote=-1
1267961:M 08 Jan 2024 11:12:11.630 - Accepted 127.0.0.1:54112
1267961:M 08 Jan 2024 11:12:11.630 # Missing implement of connection type tls
1267961:M 08 Jan 2024 11:12:11.633 - Accepted 127.0.0.1:54124
1267961:signal-handler (1704708731) Received SIGINT scheduling shutdown...
1267961:signal-handler (1704708731) You insist... exiting now.
1268161:C 08 Jan 2024 11:12:11.822 # WARNING Memory overcommit must be enabled! Without it, a background save or replication may fail under low memory condition. Being disabled, it can also cause failures without low memory condition, see https://github.com/jemalloc/jemalloc/issues/1328. To fix this issue add 'vm.overcommit_memory = 1' to /etc/sysctl.conf and then reboot or run the command 'sysctl vm.overcommit_memory=1' for this to take effect.
1268161:C 08 Jan 2024 11:12:11.822 * oO0OoO0OoO0Oo Redis is starting oO0OoO0OoO0Oo
1268161:C 08 Jan 2024 11:12:11.822 * Redis version=255.255.255, bits=64, commit=e04ebdb8, modified=1, pid=1268161, just started
1268161:C 08 Jan 2024 11:12:11.822 * Configuration loaded
1268161:M 08 Jan 2024 11:12:11.822 * monotonic clock: POSIX clock_gettime
1268161:M 08 Jan 2024 11:12:11.823 * Running mode=standalone, port=5091.
1268161:M 08 Jan 2024 11:12:11.829 * <raft> RedisRaft version 255.255.255 [b779b199]
1268161:M 08 Jan 2024 11:12:11.833 * <raft> Initializing test network
1268161:M 08 Jan 2024 11:12:11.834 * <raft> Created test network client
1268161:M 08 Jan 2024 11:12:11.838 * <raft> Raft module loaded, state is 'loading'
1268161:M 08 Jan 2024 11:12:11.838 * Module 'raft' loaded from /home/snagendra/Fuzzing/redisraft-fuzzing/redisraft.so
1268161:M 08 Jan 2024 11:12:11.839 * Server initialized
1268161:M 08 Jan 2024 11:12:11.839 . The AOF directory appendonlydir doesn't exist
1268161:M 08 Jan 2024 11:12:11.839 * Ready to accept connections tcp
1268161:M 08 Jan 2024 11:12:11.839 . 0 clients connected (0 replicas), 1746720 bytes in use
1268161:M 08 Jan 2024 11:12:11.931 - Accepted 127.0.0.1:54142
1268161:M 08 Jan 2024 11:12:11.931 # Missing implement of connection type tls
1268161:M 08 Jan 2024 11:12:11.939 * <raft> Loading: Redis loading complete, snapshot NOT LOADED
1268161:M 08 Jan 2024 11:12:11.939 * <raft> Cluster Membership: term:0 index:0 nodes: id=1,voting=0,active=1,addr=-
1268161:M 08 Jan 2024 11:12:11.939 * <raft> Test network starting message polling thread
1268161:M 08 Jan 2024 11:12:11.940 * <raft> Cluster Membership: term:0 index:5 nodes: id=1,voting=1,active=1,addr=- id=2,voting=0,active=1,addr=localhost:5092
1268161:M 08 Jan 2024 11:12:11.940 * <raft> Cluster Membership: term:0 index:5 nodes: id=1,voting=1,active=1,addr=- id=2,voting=0,active=1,addr=localhost:5092 id=3,voting=0,active=1,addr=localhost:5093
1268161:M 08 Jan 2024 11:12:11.940 * <raft> Raft state after loading log: log_count=5, first_idx=1, current_idx=5, last_applied_idx=0
1268161:M 08 Jan 2024 11:12:11.940 . <raft> Raft term=1, vote=-1
1268161:M 08 Jan 2024 11:12:12.240 * <raft> State change: Election starting, node is now a pre-candidate, term 1
1268161:M 08 Jan 2024 11:12:12.240 * <raft> Cluster Membership: term:1 index:5 nodes: id=1,voting=1,active=1,addr=- id=2,voting=1,active=1,addr=localhost:5092 id=3,voting=0,active=1,addr=localhost:5093
1268161:M 08 Jan 2024 11:12:12.249 - Client closed connection id=8 addr=127.0.0.1:54142 laddr=127.0.0.1:5091 fd=11 name= age=1 idle=1 flags=N db=0 sub=0 psub=0 ssub=0 multi=-1 qbuf=0 qbuf-free=20474 argv-mem=0 multi-mem=0 rbs=1024 rbp=0 obl=0 oll=0 omem=0 tot-mem=22400 events=r cmd=auth user=default redir=-1 resp=2 lib-name= lib-ver=
1268161:M 08 Jan 2024 11:12:12.615 - Accepted 127.0.0.1:57230
1268161:M 08 Jan 2024 11:12:12.642 * <raft> State change: Election starting, node is now a pre-candidate, term 1
1268161:M 08 Jan 2024 11:12:12.642 * <raft> Cluster Membership: term:1 index:5 nodes: id=1,voting=1,active=1,addr=- id=2,voting=1,active=1,addr=localhost:5092 id=3,voting=0,active=1,addr=localhost:5093
1268161:signal-handler (1704708732) Received SIGINT scheduling shutdown...
1268161:signal-handler (1704708732) You insist... exiting now.

----- Stderr -----
libgcov profiling error:/home/snagendra/Fuzzing/redisraft-fuzzing/build/deps/raft/CMakeFiles/raft.dir/src/raft_server_properties.c.gcda:Merge mismatch for function 4
libgcov profiling error:/home/snagendra/Fuzzing/redisraft-fuzzing/build/deps/raft/CMakeFiles/raft.dir/src/raft_server.c.gcda:Merge mismatch for function 50
libgcov profiling error:/home/snagendra/Fuzzing/redisraft-fuzzing/build/deps/raft/CMakeFiles/raft.dir/src/raft_server_properties.c.gcda:Merge mismatch for function 4
libgcov profiling error:/home/snagendra/Fuzzing/redisraft-fuzzing/build/deps/raft/CMakeFiles/raft.dir/src/raft_server.c.gcda:Merge mismatch for function 50
libgcov profiling error:/home/snagendra/Fuzzing/redisraft-fuzzing/build/deps/raft/CMakeFiles/raft.dir/src/raft_server_properties.c.gcda:Merge mismatch for function 4
libgcov profiling error:/home/snagendra/Fuzzing/redisraft-fuzzing/build/deps/raft/CMakeFiles/raft.dir/src/raft_server.c.gcda:Merge mismatch for function 50




logs for node: 2

----- Stdout -----
1267309:C 08 Jan 2024 11:12:09.560 # WARNING Memory overcommit must be enabled! Without it, a background save or replication may fail under low memory condition. Being disabled, it can also cause failures without low memory condition, see https://github.com/jemalloc/jemalloc/issues/1328. To fix this issue add 'vm.overcommit_memory = 1' to /etc/sysctl.conf and then reboot or run the command 'sysctl vm.overcommit_memory=1' for this to take effect.
1267309:C 08 Jan 2024 11:12:09.560 * oO0OoO0OoO0Oo Redis is starting oO0OoO0OoO0Oo
1267309:C 08 Jan 2024 11:12:09.560 * Redis version=255.255.255, bits=64, commit=e04ebdb8, modified=1, pid=1267309, just started
1267309:C 08 Jan 2024 11:12:09.560 * Configuration loaded
1267309:M 08 Jan 2024 11:12:09.561 * monotonic clock: POSIX clock_gettime
1267309:M 08 Jan 2024 11:12:09.561 * Running mode=standalone, port=5092.
1267309:M 08 Jan 2024 11:12:09.568 * <raft> RedisRaft version 255.255.255 [b779b199]
1267309:M 08 Jan 2024 11:12:09.573 * <raft> Initializing test network
1267309:M 08 Jan 2024 11:12:09.574 * <raft> Created test network client
1267309:M 08 Jan 2024 11:12:09.575 * <raft> Raft module loaded, state is 'uninitialized'
1267309:M 08 Jan 2024 11:12:09.575 * Module 'raft' loaded from /home/snagendra/Fuzzing/redisraft-fuzzing/redisraft.so
1267309:M 08 Jan 2024 11:12:09.576 * Server initialized
1267309:M 08 Jan 2024 11:12:09.576 . The AOF directory appendonlydir doesn't exist
1267309:M 08 Jan 2024 11:12:09.577 * Ready to accept connections tcp
1267309:M 08 Jan 2024 11:12:09.577 . 0 clients connected (0 replicas), 1726224 bytes in use
1267309:M 08 Jan 2024 11:12:09.589 - Accepted 127.0.0.1:36358
1267309:M 08 Jan 2024 11:12:09.589 # Missing implement of connection type tls
1267309:M 08 Jan 2024 11:12:09.675 - <raft> join cluster, connecting to localhost:5091
1267309:M 08 Jan 2024 11:12:09.676 * <raft> Joined Raft cluster, node id: 2, dbid: 9ce3b78932c7e160863ca691c49afbc7
1267309:M 08 Jan 2024 11:12:09.683 * <raft> Cluster Membership: term:0 index:0 nodes: id=2,voting=0,active=1,addr=-
1267309:M 08 Jan 2024 11:12:09.683 * <raft> Test network starting message polling thread
1267309:M 08 Jan 2024 11:12:09.739 - Accepted 127.0.0.1:36370
1267309:M 08 Jan 2024 11:12:09.971 * <raft> Cluster Membership: term:1 index:2 nodes: id=2,voting=0,active=1,addr=- id=1,voting=1,active=1,addr=localhost:5091
1267309:M 08 Jan 2024 11:12:10.010 * <raft> Cluster Membership: term:1 index:4 nodes: id=2,voting=0,active=1,addr=- id=1,voting=1,active=1,addr=localhost:5091 id=3,voting=0,active=1,addr=localhost:5093
1267309:M 08 Jan 2024 11:12:10.278 * <raft> State change: Election starting, node is now a pre-candidate, term 1
1267309:M 08 Jan 2024 11:12:10.278 * <raft> Cluster Membership: term:1 index:4 nodes: id=2,voting=0,active=1,addr=- id=1,voting=1,active=1,addr=localhost:5091 id=3,voting=0,active=1,addr=localhost:5093
1267309:signal-handler (1704708730) Received SIGINT scheduling shutdown...
1267309:signal-handler (1704708730) You insist... exiting now.
1268006:C 08 Jan 2024 11:12:11.511 # WARNING Memory overcommit must be enabled! Without it, a background save or replication may fail under low memory condition. Being disabled, it can also cause failures without low memory condition, see https://github.com/jemalloc/jemalloc/issues/1328. To fix this issue add 'vm.overcommit_memory = 1' to /etc/sysctl.conf and then reboot or run the command 'sysctl vm.overcommit_memory=1' for this to take effect.
1268006:C 08 Jan 2024 11:12:11.511 * oO0OoO0OoO0Oo Redis is starting oO0OoO0OoO0Oo
1268006:C 08 Jan 2024 11:12:11.511 * Redis version=255.255.255, bits=64, commit=e04ebdb8, modified=1, pid=1268006, just started
1268006:C 08 Jan 2024 11:12:11.511 * Configuration loaded
1268006:M 08 Jan 2024 11:12:11.512 * monotonic clock: POSIX clock_gettime
1268006:M 08 Jan 2024 11:12:11.512 * Running mode=standalone, port=5092.
1268006:M 08 Jan 2024 11:12:11.519 * <raft> RedisRaft version 255.255.255 [b779b199]
1268006:M 08 Jan 2024 11:12:11.524 * <raft> Initializing test network
1268006:M 08 Jan 2024 11:12:11.524 * <raft> Created test network client
1268006:M 08 Jan 2024 11:12:11.528 * <raft> Raft module loaded, state is 'loading'
1268006:M 08 Jan 2024 11:12:11.528 * Module 'raft' loaded from /home/snagendra/Fuzzing/redisraft-fuzzing/redisraft.so
1268006:M 08 Jan 2024 11:12:11.528 * Server initialized
1268006:M 08 Jan 2024 11:12:11.528 . The AOF directory appendonlydir doesn't exist
1268006:M 08 Jan 2024 11:12:11.528 * Ready to accept connections tcp
1268006:M 08 Jan 2024 11:12:11.528 . 0 clients connected (0 replicas), 1746688 bytes in use
1268006:M 08 Jan 2024 11:12:11.589 - Accepted 127.0.0.1:36446
1268006:M 08 Jan 2024 11:12:11.589 # Missing implement of connection type tls
1268006:M 08 Jan 2024 11:12:11.628 * <raft> Loading: Redis loading complete, snapshot NOT LOADED
1268006:M 08 Jan 2024 11:12:11.629 * <raft> Cluster Membership: term:0 index:0 nodes: id=2,voting=0,active=1,addr=-
1268006:M 08 Jan 2024 11:12:11.629 * <raft> Test network starting message polling thread
1268006:M 08 Jan 2024 11:12:11.629 * <raft> Cluster Membership: term:0 index:4 nodes: id=2,voting=0,active=1,addr=- id=1,voting=1,active=1,addr=localhost:5091
1268006:M 08 Jan 2024 11:12:11.629 * <raft> Cluster Membership: term:0 index:4 nodes: id=2,voting=0,active=1,addr=- id=1,voting=1,active=1,addr=localhost:5091 id=3,voting=0,active=1,addr=localhost:5093
1268006:M 08 Jan 2024 11:12:11.629 * <raft> Raft state after loading log: log_count=4, first_idx=1, current_idx=4, last_applied_idx=0
1268006:M 08 Jan 2024 11:12:11.629 . <raft> Raft term=1, vote=-1
1268006:M 08 Jan 2024 11:12:11.788 - Client closed connection id=8 addr=127.0.0.1:36446 laddr=127.0.0.1:5092 fd=11 name= age=0 idle=0 flags=N db=0 sub=0 psub=0 ssub=0 multi=-1 qbuf=0 qbuf-free=20474 argv-mem=0 multi-mem=0 rbs=1024 rbp=0 obl=0 oll=0 omem=0 tot-mem=22400 events=r cmd=auth user=default redir=-1 resp=2 lib-name= lib-ver=
1268006:M 08 Jan 2024 11:12:11.941 - Accepted 127.0.0.1:36460
1268006:signal-handler (1704708732) Received SIGINT scheduling shutdown...
1268006:M 08 Jan 2024 11:12:12.233 * User requested shutdown...
1268006:M 08 Jan 2024 11:12:12.233 # Redis is now ready to exit, bye bye...
1268536:C 08 Jan 2024 11:12:12.709 # WARNING Memory overcommit must be enabled! Without it, a background save or replication may fail under low memory condition. Being disabled, it can also cause failures without low memory condition, see https://github.com/jemalloc/jemalloc/issues/1328. To fix this issue add 'vm.overcommit_memory = 1' to /etc/sysctl.conf and then reboot or run the command 'sysctl vm.overcommit_memory=1' for this to take effect.
1268536:C 08 Jan 2024 11:12:12.709 * oO0OoO0OoO0Oo Redis is starting oO0OoO0OoO0Oo
1268536:C 08 Jan 2024 11:12:12.709 * Redis version=255.255.255, bits=64, commit=e04ebdb8, modified=1, pid=1268536, just started
1268536:C 08 Jan 2024 11:12:12.709 * Configuration loaded
1268536:M 08 Jan 2024 11:12:12.709 * monotonic clock: POSIX clock_gettime
1268536:M 08 Jan 2024 11:12:12.710 * Running mode=standalone, port=5092.
1268536:M 08 Jan 2024 11:12:12.716 * <raft> RedisRaft version 255.255.255 [b779b199]
1268536:M 08 Jan 2024 11:12:12.721 * <raft> Initializing test network
1268536:M 08 Jan 2024 11:12:12.721 * <raft> Created test network client
1268536:M 08 Jan 2024 11:12:12.726 * <raft> Raft module loaded, state is 'loading'
1268536:M 08 Jan 2024 11:12:12.726 * Module 'raft' loaded from /home/snagendra/Fuzzing/redisraft-fuzzing/redisraft.so
1268536:M 08 Jan 2024 11:12:12.726 * Server initialized
1268536:M 08 Jan 2024 11:12:12.726 . The AOF directory appendonlydir doesn't exist
1268536:M 08 Jan 2024 11:12:12.726 * Ready to accept connections tcp
1268536:M 08 Jan 2024 11:12:12.726 . 0 clients connected (0 replicas), 1746720 bytes in use
1268536:M 08 Jan 2024 11:12:12.827 * <raft> Loading: Redis loading complete, snapshot NOT LOADED
1268536:M 08 Jan 2024 11:12:12.827 * <raft> Cluster Membership: term:0 index:0 nodes: id=2,voting=0,active=1,addr=-
1268536:M 08 Jan 2024 11:12:12.827 * <raft> Test network starting message polling thread
1268536:M 08 Jan 2024 11:12:12.828 * <raft> Cluster Membership: term:0 index:4 nodes: id=2,voting=0,active=1,addr=- id=1,voting=1,active=1,addr=localhost:5091
1268536:M 08 Jan 2024 11:12:12.828 * <raft> Cluster Membership: term:0 index:4 nodes: id=2,voting=0,active=1,addr=- id=1,voting=1,active=1,addr=localhost:5091 id=3,voting=0,active=1,addr=localhost:5093
1268536:M 08 Jan 2024 11:12:12.828 * <raft> Raft state after loading log: log_count=4, first_idx=1, current_idx=4, last_applied_idx=0
1268536:M 08 Jan 2024 11:12:12.828 . <raft> Raft term=1, vote=-1
1268536:signal-handler (1704708733) Received SIGINT scheduling shutdown...
1268536:signal-handler (1704708733) You insist... exiting now.

----- Stderr -----
libgcov profiling error:/home/snagendra/Fuzzing/redisraft-fuzzing/build/deps/raft/CMakeFiles/raft.dir/src/raft_server_properties.c.gcda:Merge mismatch for function 4
libgcov profiling error:/home/snagendra/Fuzzing/redisraft-fuzzing/build/deps/raft/CMakeFiles/raft.dir/src/raft_server.c.gcda:Merge mismatch for function 50
libgcov profiling error:/home/snagendra/Fuzzing/redisraft-fuzzing/build/deps/raft/CMakeFiles/raft.dir/src/raft_server_properties.c.gcda:Merge mismatch for function 4
libgcov profiling error:/home/snagendra/Fuzzing/redisraft-fuzzing/build/deps/raft/CMakeFiles/raft.dir/src/raft_server.c.gcda:Merge mismatch for function 50
libgcov profiling error:/home/snagendra/Fuzzing/redisraft-fuzzing/build/deps/raft/CMakeFiles/raft.dir/src/raft_server_properties.c.gcda:Merge mismatch for function 4
libgcov profiling error:/home/snagendra/Fuzzing/redisraft-fuzzing/build/deps/raft/CMakeFiles/raft.dir/src/raft_server.c.gcda:Merge mismatch for function 50




logs for node: 3

----- Stdout -----
1267383:C 08 Jan 2024 11:12:09.686 # WARNING Memory overcommit must be enabled! Without it, a background save or replication may fail under low memory condition. Being disabled, it can also cause failures without low memory condition, see https://github.com/jemalloc/jemalloc/issues/1328. To fix this issue add 'vm.overcommit_memory = 1' to /etc/sysctl.conf and then reboot or run the command 'sysctl vm.overcommit_memory=1' for this to take effect.
1267383:C 08 Jan 2024 11:12:09.686 * oO0OoO0OoO0Oo Redis is starting oO0OoO0OoO0Oo
1267383:C 08 Jan 2024 11:12:09.686 * Redis version=255.255.255, bits=64, commit=e04ebdb8, modified=1, pid=1267383, just started
1267383:C 08 Jan 2024 11:12:09.686 * Configuration loaded
1267383:M 08 Jan 2024 11:12:09.686 * monotonic clock: POSIX clock_gettime
1267383:M 08 Jan 2024 11:12:09.687 * Running mode=standalone, port=5093.
1267383:M 08 Jan 2024 11:12:09.694 * <raft> RedisRaft version 255.255.255 [b779b199]
1267383:M 08 Jan 2024 11:12:09.700 * <raft> Initializing test network
1267383:M 08 Jan 2024 11:12:09.700 * <raft> Created test network client
1267383:M 08 Jan 2024 11:12:09.701 * <raft> Raft module loaded, state is 'uninitialized'
1267383:M 08 Jan 2024 11:12:09.701 * Module 'raft' loaded from /home/snagendra/Fuzzing/redisraft-fuzzing/redisraft.so
1267383:M 08 Jan 2024 11:12:09.702 * Server initialized
1267383:M 08 Jan 2024 11:12:09.702 . The AOF directory appendonlydir doesn't exist
1267383:M 08 Jan 2024 11:12:09.703 * Ready to accept connections tcp
1267383:M 08 Jan 2024 11:12:09.703 . 0 clients connected (0 replicas), 1726224 bytes in use
1267383:M 08 Jan 2024 11:12:09.714 - Accepted 127.0.0.1:38532
1267383:M 08 Jan 2024 11:12:09.714 # Missing implement of connection type tls
1267383:M 08 Jan 2024 11:12:09.801 - <raft> join cluster, connecting to localhost:5091
1267383:M 08 Jan 2024 11:12:09.803 * <raft> Joined Raft cluster, node id: 3, dbid: 9ce3b78932c7e160863ca691c49afbc7
1267383:M 08 Jan 2024 11:12:09.810 * <raft> Cluster Membership: term:0 index:0 nodes: id=3,voting=0,active=1,addr=-
1267383:M 08 Jan 2024 11:12:09.811 * <raft> Test network starting message polling thread
1267383:M 08 Jan 2024 11:12:09.840 - Accepted 127.0.0.1:38540
1267383:signal-handler (1704708729) Received SIGINT scheduling shutdown...
1267383:signal-handler (1704708729) You insist... exiting now.
1267383:M 08 Jan 2024 11:12:10.004 * User requested shutdown...
1267383:M 08 Jan 2024 11:12:10.005 # Redis is now ready to exit, bye bye...
1268047:C 08 Jan 2024 11:12:11.573 # WARNING Memory overcommit must be enabled! Without it, a background save or replication may fail under low memory condition. Being disabled, it can also cause failures without low memory condition, see https://github.com/jemalloc/jemalloc/issues/1328. To fix this issue add 'vm.overcommit_memory = 1' to /etc/sysctl.conf and then reboot or run the command 'sysctl vm.overcommit_memory=1' for this to take effect.
1268047:C 08 Jan 2024 11:12:11.573 * oO0OoO0OoO0Oo Redis is starting oO0OoO0OoO0Oo
1268047:C 08 Jan 2024 11:12:11.573 * Redis version=255.255.255, bits=64, commit=e04ebdb8, modified=1, pid=1268047, just started
1268047:C 08 Jan 2024 11:12:11.573 * Configuration loaded
1268047:M 08 Jan 2024 11:12:11.574 * monotonic clock: POSIX clock_gettime
1268047:M 08 Jan 2024 11:12:11.574 * Running mode=standalone, port=5093.
1268047:M 08 Jan 2024 11:12:11.580 * <raft> RedisRaft version 255.255.255 [b779b199]
1268047:M 08 Jan 2024 11:12:11.585 * <raft> Initializing test network
1268047:M 08 Jan 2024 11:12:11.586 * <raft> Created test network client
1268047:M 08 Jan 2024 11:12:11.590 * <raft> Raft module loaded, state is 'loading'
1268047:M 08 Jan 2024 11:12:11.590 * Module 'raft' loaded from /home/snagendra/Fuzzing/redisraft-fuzzing/redisraft.so
1268047:M 08 Jan 2024 11:12:11.590 * Server initialized
1268047:M 08 Jan 2024 11:12:11.590 . The AOF directory appendonlydir doesn't exist
1268047:M 08 Jan 2024 11:12:11.590 * Ready to accept connections tcp
1268047:M 08 Jan 2024 11:12:11.590 . 0 clients connected (0 replicas), 1746688 bytes in use
1268047:M 08 Jan 2024 11:12:11.630 - Accepted 127.0.0.1:38656
1268047:M 08 Jan 2024 11:12:11.630 # Missing implement of connection type tls
1268047:signal-handler (1704708731) Received SIGINT scheduling shutdown...
1268047:signal-handler (1704708731) You insist... exiting now.
1268364:C 08 Jan 2024 11:12:12.314 # WARNING Memory overcommit must be enabled! Without it, a background save or replication may fail under low memory condition. Being disabled, it can also cause failures without low memory condition, see https://github.com/jemalloc/jemalloc/issues/1328. To fix this issue add 'vm.overcommit_memory = 1' to /etc/sysctl.conf and then reboot or run the command 'sysctl vm.overcommit_memory=1' for this to take effect.
1268364:C 08 Jan 2024 11:12:12.314 * oO0OoO0OoO0Oo Redis is starting oO0OoO0OoO0Oo
1268364:C 08 Jan 2024 11:12:12.314 * Redis version=255.255.255, bits=64, commit=e04ebdb8, modified=1, pid=1268364, just started
1268364:C 08 Jan 2024 11:12:12.314 * Configuration loaded
1268364:M 08 Jan 2024 11:12:12.314 * monotonic clock: POSIX clock_gettime
1268364:M 08 Jan 2024 11:12:12.315 * Running mode=standalone, port=5093.
1268364:M 08 Jan 2024 11:12:12.321 * <raft> RedisRaft version 255.255.255 [b779b199]
1268364:M 08 Jan 2024 11:12:12.326 * <raft> Initializing test network
1268364:M 08 Jan 2024 11:12:12.327 * <raft> Created test network client
1268364:M 08 Jan 2024 11:12:12.331 * <raft> Raft module loaded, state is 'loading'
1268364:M 08 Jan 2024 11:12:12.331 * Module 'raft' loaded from /home/snagendra/Fuzzing/redisraft-fuzzing/redisraft.so
1268364:M 08 Jan 2024 11:12:12.331 * Server initialized
1268364:M 08 Jan 2024 11:12:12.331 . The AOF directory appendonlydir doesn't exist
1268364:M 08 Jan 2024 11:12:12.331 * Ready to accept connections tcp
1268364:M 08 Jan 2024 11:12:12.331 . 0 clients connected (0 replicas), 1746688 bytes in use
1268364:M 08 Jan 2024 11:12:12.344 - Accepted 127.0.0.1:38760
1268364:M 08 Jan 2024 11:12:12.344 # Missing implement of connection type tls
1268364:M 08 Jan 2024 11:12:12.431 * <raft> Loading: Redis loading complete, snapshot NOT LOADED
1268364:M 08 Jan 2024 11:12:12.432 * <raft> Cluster Membership: term:0 index:0 nodes: id=3,voting=0,active=1,addr=-
1268364:M 08 Jan 2024 11:12:12.432 * <raft> Test network starting message polling thread


=== REDIS BUG REPORT START: Cut & paste starting from here ===
1268364:M 08 Jan 2024 11:12:12.432 # Redis 255.255.255 crashed by signal: 6, si_code: -6
1268364:M 08 Jan 2024 11:12:12.432 # Crashed running the instruction at: 0x7f1037ee1d3c

------ STACK TRACE ------
EIP:
/lib/x86_64-linux-gnu/libc.so.6(+0x8ad3c)[0x7f1037ee1d3c]

Backtrace:
/lib/x86_64-linux-gnu/libc.so.6(+0x3bfd0)[0x7f1037e92fd0]
/lib/x86_64-linux-gnu/libc.so.6(+0x8ad3c)[0x7f1037ee1d3c]
/lib/x86_64-linux-gnu/libc.so.6(gsignal+0x12)[0x7f1037e92f32]
/lib/x86_64-linux-gnu/libc.so.6(abort+0xd3)[0x7f1037e7d472]
/lib/x86_64-linux-gnu/libc.so.6(+0x26395)[0x7f1037e7d395]
/lib/x86_64-linux-gnu/libc.so.6(+0x34e32)[0x7f1037e8be32]
/home/snagendra/Fuzzing/redisraft-fuzzing/redisraft.so(+0x3caea)[0x7f1036db4aea]
/home/snagendra/Fuzzing/redisraft-fuzzing/redisraft.so(callRaftPeriodic+0x478)[0x7f1036da5088]
/home/snagendra/Fuzzing/redis/src/redis-server 0.0.0.0:5093(moduleTimerHandler+0x21c)[0x5607e4af898c]
/home/snagendra/Fuzzing/redis/src/redis-server 0.0.0.0:5093(+0x81705)[0x5607e4a02705]
/home/snagendra/Fuzzing/redis/src/redis-server 0.0.0.0:5093(aeMain+0x1c8)[0x5607e4a0ccb8]
/home/snagendra/Fuzzing/redis/src/redis-server 0.0.0.0:5093(main+0x3cd)[0x5607e4a01e2d]
/lib/x86_64-linux-gnu/libc.so.6(+0x271ca)[0x7f1037e7e1ca]
/lib/x86_64-linux-gnu/libc.so.6(__libc_start_main+0x85)[0x7f1037e7e285]
/home/snagendra/Fuzzing/redis/src/redis-server 0.0.0.0:5093(_start+0x2a)[0x5607e4a025aa]

------ REGISTERS ------
1268364:M 08 Jan 2024 11:12:12.433 # 
RAX:0000000000000000 RBX:0000000000135a8c
RCX:00007f1037ee1d3c RDX:0000000000000006
RDI:0000000000135a8c RSI:0000000000135a8c
RBP:00007f1037e531c0 RSP:00007fff8fd738d0
R8 :0000000000000007 R9 :00005607e6df5820
R10:0000000000000008 R11:0000000000000246
R12:0000000000000006 R13:00000000000006a6
R14:00007f1036de105c R15:00005607e4af72b0
RIP:00007f1037ee1d3c EFL:0000000000000246
CSGSFS:002b000000000033
1268364:M 08 Jan 2024 11:12:12.433 # (00007fff8fd738df) -> 00005607e6df58d0
1268364:M 08 Jan 2024 11:12:12.433 # (00007fff8fd738de) -> 00007f1038029c60
1268364:M 08 Jan 2024 11:12:12.433 # (00007fff8fd738dd) -> 00000000000002b1
1268364:M 08 Jan 2024 11:12:12.433 # (00007fff8fd738dc) -> 00005607e6df5820
1268364:M 08 Jan 2024 11:12:12.433 # (00007fff8fd738db) -> 00000000000006a6
1268364:M 08 Jan 2024 11:12:12.433 # (00007fff8fd738da) -> 0000000000000020
1268364:M 08 Jan 2024 11:12:12.433 # (00007fff8fd738d9) -> 00007f1037e7d472
1268364:M 08 Jan 2024 11:12:12.433 # (00007fff8fd738d8) -> 00007f103802ae70
1268364:M 08 Jan 2024 11:12:12.433 # (00007fff8fd738d7) -> 00007f1037e92f32
1268364:M 08 Jan 2024 11:12:12.433 # (00007fff8fd738d6) -> 00007f1036de105c
1268364:M 08 Jan 2024 11:12:12.433 # (00007fff8fd738d5) -> 00000000000006a6
1268364:M 08 Jan 2024 11:12:12.433 # (00007fff8fd738d4) -> 00007f1036de0720
1268364:M 08 Jan 2024 11:12:12.433 # (00007fff8fd738d3) -> 00007f1037e531c0
1268364:M 08 Jan 2024 11:12:12.433 # (00007fff8fd738d2) -> 0000000000000006
1268364:M 08 Jan 2024 11:12:12.433 # (00007fff8fd738d1) -> 91fc219015e85a00
1268364:M 08 Jan 2024 11:12:12.433 # (00007fff8fd738d0) -> 00005607e4af72b0

------ INFO OUTPUT ------
# Server
redis_version:255.255.255
redis_git_sha1:e04ebdb8
redis_git_dirty:1
redis_build_id:1f78dcc7b4fbdd25
redis_mode:standalone
os:Linux 6.1.60.1.amd64-smp x86_64
arch_bits:64
monotonic_clock:POSIX clock_gettime
multiplexing_api:epoll
atomicvar_api:c11-builtin
gcc_version:10.2.1
process_id:1268364
process_supervised:no
run_id:bc05e7ce3d607c27efcffdb7c69112f0dcdd84bb
tcp_port:5093
server_time_usec:1704708732431467
uptime_in_seconds:0
uptime_in_days:0
hz:10
configured_hz:10
lru_clock:10209916
executable:/home/snagendra/Fuzzing/redis/src/redis-server
config_file:
io_threads_active:0
listener0:name=tcp,bind=0.0.0.0,port=5093

# Clients
connected_clients:1
cluster_connections:0
maxclients:10000
client_recent_max_input_buffer:0
client_recent_max_output_buffer:0
blocked_clients:0
tracking_clients:0
clients_in_timeout_table:0
total_blocking_keys:0
total_blocking_keys_on_nokey:0

# Memory
used_memory:1816896
used_memory_human:1.73M
used_memory_rss:17514496
used_memory_rss_human:16.70M
used_memory_peak:1816896
used_memory_peak_human:1.73M
used_memory_peak_perc:100.39%
used_memory_overhead:1746728
used_memory_startup:1746544
used_memory_dataset:70168
used_memory_dataset_perc:99.74%
allocator_allocated:1998640
allocator_active:2543616
allocator_resident:10686464
total_system_memory:270388695040
total_system_memory_human:251.82G
used_memory_lua:31744
used_memory_vm_eval:31744
used_memory_lua_human:31.00K
used_memory_scripts_eval:0
number_of_cached_scripts:0
number_of_functions:0
number_of_libraries:0
used_memory_vm_functions:32768
used_memory_vm_total:64512
used_memory_vm_total_human:63.00K
used_memory_functions:184
used_memory_scripts:184
used_memory_scripts_human:184B
maxmemory:0
maxmemory_human:0B
maxmemory_policy:noeviction
allocator_frag_ratio:1.27
allocator_frag_bytes:544976
allocator_rss_ratio:4.20
allocator_rss_bytes:8142848
rss_overhead_ratio:1.64
rss_overhead_bytes:6828032
mem_fragmentation_ratio:10.03
mem_fragmentation_bytes:15767808
mem_not_counted_for_evict:0
mem_replication_backlog:0
mem_total_replication_buffers:0
mem_clients_slaves:0
mem_clients_normal:0
mem_cluster_links:0
mem_aof_buffer:0
mem_allocator:jemalloc-5.3.0
active_defrag_running:0
lazyfree_pending_objects:0
lazyfreed_objects:0

# Persistence
loading:0
async_loading:0
current_cow_peak:0
current_cow_size:0
current_cow_size_age:0
current_fork_perc:0.00
current_save_keys_processed:0
current_save_keys_total:0
rdb_changes_since_last_save:0
rdb_bgsave_in_progress:0
rdb_last_save_time:1704708732
rdb_last_bgsave_status:ok
rdb_last_bgsave_time_sec:-1
rdb_current_bgsave_time_sec:-1
rdb_saves:0
rdb_last_cow_size:0
rdb_last_load_keys_expired:0
rdb_last_load_keys_loaded:0
aof_enabled:0
aof_rewrite_in_progress:0
aof_rewrite_scheduled:0
aof_last_rewrite_time_sec:-1
aof_current_rewrite_time_sec:-1
aof_last_bgrewrite_status:ok
aof_rewrites:0
aof_rewrites_consecutive_failures:0
aof_last_write_status:ok
aof_last_cow_size:0
module_fork_in_progress:0
module_fork_last_cow_size:0

# Stats
total_connections_received:1
total_commands_processed:7
instantaneous_ops_per_sec:22
total_net_input_bytes:33
total_net_output_bytes:5
total_net_repl_input_bytes:0
total_net_repl_output_bytes:0
instantaneous_input_kbps:0.00
instantaneous_output_kbps:0.00
instantaneous_input_repl_kbps:0.00
instantaneous_output_repl_kbps:0.00
rejected_connections:0
sync_full:0
sync_partial_ok:0
sync_partial_err:0
expired_keys:0
expired_stale_perc:0.00
expired_time_cap_reached_count:0
expire_cycle_cpu_milliseconds:0
evicted_keys:0
evicted_clients:0
total_eviction_exceeded_time:0
current_eviction_exceeded_time:0
keyspace_hits:0
keyspace_misses:0
pubsub_channels:0
pubsub_patterns:0
pubsubshard_channels:0
latest_fork_usec:0
total_forks:0
migrate_cached_sockets:0
slave_expires_tracked_keys:0
active_defrag_hits:0
active_defrag_misses:0
active_defrag_key_hits:0
active_defrag_key_misses:0
total_active_defrag_time:0
current_active_defrag_time:0
tracking_total_keys:0
tracking_total_items:0
tracking_total_prefixes:0
unexpected_error_replies:0
total_error_replies:0
dump_payload_sanitizations:0
total_reads_processed:1
total_writes_processed:1
io_threaded_reads_processed:0
io_threaded_writes_processed:0
reply_buffer_shrinks:0
reply_buffer_expands:0
acl_access_denied_auth:0
acl_access_denied_cmd:0
acl_access_denied_key:0
acl_access_denied_channel:0

# Replication
role:master
connected_slaves:0
master_failover_state:no-failover
master_replid:0a56dcdafff75fe47d06d6dd433f876615ba0c1f
master_replid2:0000000000000000000000000000000000000000
master_repl_offset:0
second_repl_offset:-1
repl_backlog_active:0
repl_backlog_size:1048576
repl_backlog_first_byte_offset:0
repl_backlog_histlen:0

# CPU
used_cpu_sys:0.000000
used_cpu_user:0.018188
used_cpu_sys_children:0.000000
used_cpu_user_children:0.000000
used_cpu_sys_main_thread:0.000000
used_cpu_user_main_thread:0.017862

# Modules
module:name=raft,ver=1,api=1,filters=1,usedby=[],using=[],options=[]

# Commandstats
cmdstat_command:calls=2,usec=1614,usec_per_call=807.00,rejected_calls=0,failed_calls=0
cmdstat_auth:calls=1,usec=14,usec_per_call=14.00,rejected_calls=0,failed_calls=0
cmdstat_config|get:calls=3,usec=4,usec_per_call=1.33,rejected_calls=0,failed_calls=0
cmdstat_config|set:calls=1,usec=11,usec_per_call=11.00,rejected_calls=0,failed_calls=0

# Errorstats

# Latencystats
latency_percentiles_usec_command:p50=802.815,p99=815.103,p99.9=815.103
latency_percentiles_usec_auth:p50=14.015,p99=14.015,p99.9=14.015
latency_percentiles_usec_config|get:p50=1.003,p99=2.007,p99.9=2.007
latency_percentiles_usec_config|set:p50=11.007,p99=11.007,p99.9=11.007

# Cluster
cluster_enabled:0

# Keyspace

------ CLIENT LIST OUTPUT ------
id=8 addr=127.0.0.1:38760 laddr=127.0.0.1:5093 fd=11 name= age=0 idle=0 flags=N db=0 sub=0 psub=0 ssub=0 multi=-1 qbuf=0 qbuf-free=20474 argv-mem=0 multi-mem=0 rbs=16384 rbp=16384 obl=0 oll=0 omem=0 tot-mem=37760 events=r cmd=auth user=default redir=-1 resp=2 lib-name= lib-ver=

------ MODULES INFO OUTPUT ------
# raft_version
raft_version:255.255.255
raft_git_sha1:b779b199

# raft_general
raft_dbid:9ce3b78932c7e160863ca691c49afbc7
raft_node_id:3
raft_state:up
raft_role:follower
raft_is_voting:no
raft_voted_for:-1
raft_leader_id:-1
raft_current_term:0
raft_num_nodes:1
raft_num_voting_nodes:0

# raft_log
raft_log_entries:0
raft_current_index:0
raft_commit_index:0
raft_last_applied_index:0
raft_file_size:101
raft_cache_memory_size:0
raft_cache_entries:0
raft_client_attached_entries:0
raft_fsync_count:0
raft_fsync_max_microseconds:0
raft_fsync_avg_microseconds:0

# raft_snapshot
raft_snapshot_filename:redis3.rdb
raft_snapshot_last_idx:0
raft_snapshot_last_term:0
raft_snapshot_size:0
raft_snapshot_time_secs:-1
raft_snapshots_created:0
raft_snapshots_received:0
raft_snapshot_in_progress:no
raft_snapshot_in_progress_last_idx:-1
raft_snapshot_in_progress_last_term:-1

# raft_clients
raft_proxy_reqs:0
raft_proxy_failed_reqs:0
raft_proxy_failed_responses:0
raft_proxy_outstanding_reqs:0

# raft_stats
raft_appendreq_received:0
raft_appendreq_with_entry_received:0
raft_snapshotreq_received:0
raft_exec_throttled:0
raft_num_sessions:0

------ CONFIG DEBUG OUTPUT ------
replica-read-only yes
list-compress-depth 0
lazyfree-lazy-user-del no
repl-diskless-sync yes
slave-read-only yes
lazyfree-lazy-expire no
lazyfree-lazy-user-flush no
sanitize-dump-payload no
io-threads 1
io-threads-do-reads no
lazyfree-lazy-eviction no
client-query-buffer-limit 1gb
lazyfree-lazy-server-del no
activedefrag no
repl-diskless-load disabled
proto-max-bulk-len 512mb

------ FAST MEMORY TEST ------
1268364:M 08 Jan 2024 11:12:12.433 # Bio worker thread #0 terminated
1268364:M 08 Jan 2024 11:12:12.433 # Bio worker thread #1 terminated
1268364:M 08 Jan 2024 11:12:12.433 # Bio worker thread #2 terminated
*** Preparing to test memory region 5607e4cd8000 (2273280 bytes)
*** Preparing to test memory region 5607e6da0000 (405504 bytes)
*** Preparing to test memory region 7f102afff000 (8388608 bytes)
*** Preparing to test memory region 7f102b800000 (8388608 bytes)
*** Preparing to test memory region 7f102c000000 (6291456 bytes)
*** Preparing to test memory region 7f102c7fa000 (8388608 bytes)
*** Preparing to test memory region 7f102cffb000 (8388608 bytes)
*** Preparing to test memory region 7f102d7fc000 (8388608 bytes)
*** Preparing to test memory region 7f102dffd000 (8388608 bytes)
*** Preparing to test memory region 7f102e7fe000 (8388608 bytes)
*** Preparing to test memory region 7f102efff000 (8388608 bytes)
*** Preparing to test memory region 7f102f800000 (8388608 bytes)
*** Preparing to test memory region 7f1030000000 (135168 bytes)
*** Preparing to test memory region 7f10343c0000 (8388608 bytes)
*** Preparing to test memory region 7f1034bc1000 (8388608 bytes)
*** Preparing to test memory region 7f10353c2000 (8388608 bytes)
*** Preparing to test memory region 7f1035bc2000 (2621440 bytes)
*** Preparing to test memory region 7f1035e51000 (8192 bytes)
*** Preparing to test memory region 7f103647f000 (12288 bytes)
*** Preparing to test memory region 7f1036a18000 (16384 bytes)
*** Preparing to test memory region 7f1036b6b000 (8192 bytes)
*** Preparing to test memory region 7f1036dfa000 (24576 bytes)
*** Preparing to test memory region 7f1037600000 (8388608 bytes)
*** Preparing to test memory region 7f1037e2a000 (4096 bytes)
*** Preparing to test memory region 7f1037e4f000 (32768 bytes)
*** Preparing to test memory region 7f103802b000 (53248 bytes)
*** Preparing to test memory region 7f1038148000 (8192 bytes)
.O.O.O.O.O.O.O.O.O.O.O.O.O.O.O.
----- Stderr -----
libgcov profiling error:/home/snagendra/Fuzzing/redisraft-fuzzing/build/deps/raft/CMakeFiles/raft.dir/src/raft_server_properties.c.gcda:Merge mismatch for function 4
libgcov profiling error:/home/snagendra/Fuzzing/redisraft-fuzzing/build/deps/raft/CMakeFiles/raft.dir/src/raft_server_properties.c.gcda:Merge mismatch for function 4
libgcov profiling error:/home/snagendra/Fuzzing/redisraft-fuzzing/build/deps/raft/CMakeFiles/raft.dir/src/raft_server.c.gcda:Merge mismatch for function 50
redis-server: /home/snagendra/Fuzzing/redisraft-fuzzing/deps/raft/src/raft_server.c:1702: raft_get_first_entry_idx: Assertion `0 < raft_get_current_idx(me)' failed.



