logs for node: 1

----- Stdout -----
866968:C 08 Jan 2024 10:56:25.631 # WARNING Memory overcommit must be enabled! Without it, a background save or replication may fail under low memory condition. Being disabled, it can also cause failures without low memory condition, see https://github.com/jemalloc/jemalloc/issues/1328. To fix this issue add 'vm.overcommit_memory = 1' to /etc/sysctl.conf and then reboot or run the command 'sysctl vm.overcommit_memory=1' for this to take effect.
866968:C 08 Jan 2024 10:56:25.631 * oO0OoO0OoO0Oo Redis is starting oO0OoO0OoO0Oo
866968:C 08 Jan 2024 10:56:25.631 * Redis version=255.255.255, bits=64, commit=e04ebdb8, modified=1, pid=866968, just started
866968:C 08 Jan 2024 10:56:25.631 * Configuration loaded
866968:M 08 Jan 2024 10:56:25.632 * monotonic clock: POSIX clock_gettime
866968:M 08 Jan 2024 10:56:25.632 * Running mode=standalone, port=5091.
866968:M 08 Jan 2024 10:56:25.639 * <raft> RedisRaft version 255.255.255 [b779b199]
866968:M 08 Jan 2024 10:56:25.644 * <raft> Initializing test network
866968:M 08 Jan 2024 10:56:25.645 * <raft> Created test network client
866968:M 08 Jan 2024 10:56:25.646 * <raft> Raft module loaded, state is 'uninitialized'
866968:M 08 Jan 2024 10:56:25.646 * Module 'raft' loaded from /home/snagendra/Fuzzing/redisraft-fuzzing/redisraft.so
866968:M 08 Jan 2024 10:56:25.647 * Server initialized
866968:M 08 Jan 2024 10:56:25.647 . The AOF directory appendonlydir doesn't exist
866968:M 08 Jan 2024 10:56:25.648 * Ready to accept connections tcp
866968:M 08 Jan 2024 10:56:25.648 . 0 clients connected (0 replicas), 1726160 bytes in use
866968:M 08 Jan 2024 10:56:25.666 - Accepted 127.0.0.1:60054
866968:M 08 Jan 2024 10:56:25.666 # Missing implement of connection type tls
866968:M 08 Jan 2024 10:56:25.672 * <raft> Cluster Membership: term:0 index:0 nodes: id=1,voting=0,active=1,addr=-
866968:M 08 Jan 2024 10:56:25.677 * <raft> State change: Node is now a leader, term 1
866968:M 08 Jan 2024 10:56:25.678 * <raft> Cluster Membership: term:1 index:1 nodes: id=1,voting=0,active=1,addr=-
866968:M 08 Jan 2024 10:56:25.678 * <raft> Test network starting message polling thread
866968:M 08 Jan 2024 10:56:25.678 * <raft> Raft Cluster initialized, node id: 1, dbid: 41402246093c1243d6cc8ba5a96c882e
866968:M 08 Jan 2024 10:56:25.795 - Accepted 127.0.0.1:60062
866968:M 08 Jan 2024 10:56:25.796 * <raft> Cluster Membership: term:1 index:3 nodes: id=1,voting=1,active=1,addr=- id=2,voting=0,active=1,addr=localhost:5092
866968:M 08 Jan 2024 10:56:25.804 - Client closed connection id=9 addr=127.0.0.1:60062 laddr=127.0.0.1:5091 fd=12 name= age=0 idle=0 flags=N db=0 sub=0 psub=0 ssub=0 multi=-1 qbuf=0 qbuf-free=20474 argv-mem=0 multi-mem=0 rbs=16384 rbp=16384 obl=0 oll=0 omem=0 tot-mem=37760 events=r cmd=raft.node user=default redir=-1 resp=2 lib-name= lib-ver=
866968:M 08 Jan 2024 10:56:25.924 - Accepted 127.0.0.1:60066
866968:M 08 Jan 2024 10:56:25.925 * <raft> Cluster Membership: term:1 index:4 nodes: id=1,voting=1,active=1,addr=- id=2,voting=0,active=1,addr=localhost:5092 id=3,voting=0,active=1,addr=localhost:5093
866968:M 08 Jan 2024 10:56:25.932 - Client closed connection id=10 addr=127.0.0.1:60066 laddr=127.0.0.1:5091 fd=13 name= age=0 idle=0 flags=N db=0 sub=0 psub=0 ssub=0 multi=-1 qbuf=0 qbuf-free=20474 argv-mem=0 multi-mem=0 rbs=16384 rbp=16384 obl=0 oll=0 omem=0 tot-mem=37760 events=r cmd=raft.node user=default redir=-1 resp=2 lib-name= lib-ver=
866968:signal-handler (1704707786) Received SIGINT scheduling shutdown...
866968:signal-handler (1704707786) You insist... exiting now.
868105:C 08 Jan 2024 10:56:28.428 # WARNING Memory overcommit must be enabled! Without it, a background save or replication may fail under low memory condition. Being disabled, it can also cause failures without low memory condition, see https://github.com/jemalloc/jemalloc/issues/1328. To fix this issue add 'vm.overcommit_memory = 1' to /etc/sysctl.conf and then reboot or run the command 'sysctl vm.overcommit_memory=1' for this to take effect.
868105:C 08 Jan 2024 10:56:28.428 * oO0OoO0OoO0Oo Redis is starting oO0OoO0OoO0Oo
868105:C 08 Jan 2024 10:56:28.428 * Redis version=255.255.255, bits=64, commit=e04ebdb8, modified=1, pid=868105, just started
868105:C 08 Jan 2024 10:56:28.428 * Configuration loaded
868105:M 08 Jan 2024 10:56:28.429 * monotonic clock: POSIX clock_gettime
868105:M 08 Jan 2024 10:56:28.429 * Running mode=standalone, port=5091.
868105:M 08 Jan 2024 10:56:28.435 * <raft> RedisRaft version 255.255.255 [b779b199]
868105:M 08 Jan 2024 10:56:28.441 * <raft> Initializing test network
868105:M 08 Jan 2024 10:56:28.443 * <raft> Created test network client
868105:M 08 Jan 2024 10:56:28.447 * <raft> Raft module loaded, state is 'loading'
868105:M 08 Jan 2024 10:56:28.447 * Module 'raft' loaded from /home/snagendra/Fuzzing/redisraft-fuzzing/redisraft.so
868105:M 08 Jan 2024 10:56:28.448 * Server initialized
868105:M 08 Jan 2024 10:56:28.448 . The AOF directory appendonlydir doesn't exist
868105:M 08 Jan 2024 10:56:28.448 * Ready to accept connections tcp
868105:M 08 Jan 2024 10:56:28.448 . 0 clients connected (0 replicas), 1746848 bytes in use
868105:M 08 Jan 2024 10:56:28.450 - Accepted 127.0.0.1:60174
868105:M 08 Jan 2024 10:56:28.450 # Missing implement of connection type tls
868105:M 08 Jan 2024 10:56:28.503 - Accepted 127.0.0.1:60176
868105:M 08 Jan 2024 10:56:28.547 * <raft> Loading: Redis loading complete, snapshot NOT LOADED
868105:M 08 Jan 2024 10:56:28.547 * <raft> Cluster Membership: term:0 index:0 nodes: id=1,voting=0,active=1,addr=-
868105:M 08 Jan 2024 10:56:28.548 * <raft> Test network starting message polling thread
868105:M 08 Jan 2024 10:56:28.548 * <raft> Cluster Membership: term:0 index:4 nodes: id=1,voting=1,active=1,addr=- id=2,voting=0,active=1,addr=localhost:5092
868105:M 08 Jan 2024 10:56:28.548 * <raft> Cluster Membership: term:0 index:4 nodes: id=1,voting=1,active=1,addr=- id=2,voting=0,active=1,addr=localhost:5092 id=3,voting=0,active=1,addr=localhost:5093
868105:M 08 Jan 2024 10:56:28.548 * <raft> Raft state after loading log: log_count=4, first_idx=1, current_idx=4, last_applied_idx=0
868105:M 08 Jan 2024 10:56:28.548 . <raft> Raft term=1, vote=-1
868105:M 08 Jan 2024 10:56:28.555 * <raft> State change: Node is now a leader, term 2
868105:M 08 Jan 2024 10:56:28.555 * <raft> Cluster Membership: term:2 index:5 nodes: id=1,voting=1,active=1,addr=- id=2,voting=0,active=1,addr=localhost:5092 id=3,voting=0,active=1,addr=localhost:5093
868105:signal-handler (1704707789) Received SIGINT scheduling shutdown...
868105:signal-handler (1704707789) You insist... exiting now.

----- Stderr -----
libgcov profiling error:/home/snagendra/Fuzzing/redisraft-fuzzing/build/deps/raft/CMakeFiles/raft.dir/src/raft_server_properties.c.gcda:Merge mismatch for function 4
libgcov profiling error:/home/snagendra/Fuzzing/redisraft-fuzzing/build/deps/raft/CMakeFiles/raft.dir/src/raft_server.c.gcda:Merge mismatch for function 50
libgcov profiling error:/home/snagendra/Fuzzing/redisraft-fuzzing/build/deps/raft/CMakeFiles/raft.dir/src/raft_server_properties.c.gcda:Merge mismatch for function 4
libgcov profiling error:/home/snagendra/Fuzzing/redisraft-fuzzing/build/deps/raft/CMakeFiles/raft.dir/src/raft_server.c.gcda:Merge mismatch for function 50




logs for node: 2

----- Stdout -----
867005:C 08 Jan 2024 10:56:25.681 # WARNING Memory overcommit must be enabled! Without it, a background save or replication may fail under low memory condition. Being disabled, it can also cause failures without low memory condition, see https://github.com/jemalloc/jemalloc/issues/1328. To fix this issue add 'vm.overcommit_memory = 1' to /etc/sysctl.conf and then reboot or run the command 'sysctl vm.overcommit_memory=1' for this to take effect.
867005:C 08 Jan 2024 10:56:25.681 * oO0OoO0OoO0Oo Redis is starting oO0OoO0OoO0Oo
867005:C 08 Jan 2024 10:56:25.681 * Redis version=255.255.255, bits=64, commit=e04ebdb8, modified=1, pid=867005, just started
867005:C 08 Jan 2024 10:56:25.681 * Configuration loaded
867005:M 08 Jan 2024 10:56:25.682 * monotonic clock: POSIX clock_gettime
867005:M 08 Jan 2024 10:56:25.682 * Running mode=standalone, port=5092.
867005:M 08 Jan 2024 10:56:25.688 * <raft> RedisRaft version 255.255.255 [b779b199]
867005:M 08 Jan 2024 10:56:25.693 * <raft> Initializing test network
867005:M 08 Jan 2024 10:56:25.694 * <raft> Created test network client
867005:M 08 Jan 2024 10:56:25.694 * <raft> Raft module loaded, state is 'uninitialized'
867005:M 08 Jan 2024 10:56:25.694 * Module 'raft' loaded from /home/snagendra/Fuzzing/redisraft-fuzzing/redisraft.so
867005:M 08 Jan 2024 10:56:25.695 * Server initialized
867005:M 08 Jan 2024 10:56:25.696 . The AOF directory appendonlydir doesn't exist
867005:M 08 Jan 2024 10:56:25.696 * Ready to accept connections tcp
867005:M 08 Jan 2024 10:56:25.696 . 0 clients connected (0 replicas), 1726224 bytes in use
867005:M 08 Jan 2024 10:56:25.700 - Accepted 127.0.0.1:36740
867005:M 08 Jan 2024 10:56:25.700 # Missing implement of connection type tls
867005:M 08 Jan 2024 10:56:25.795 - <raft> join cluster, connecting to localhost:5091
867005:M 08 Jan 2024 10:56:25.797 * <raft> Joined Raft cluster, node id: 2, dbid: 41402246093c1243d6cc8ba5a96c882e
867005:M 08 Jan 2024 10:56:25.804 * <raft> Cluster Membership: term:0 index:0 nodes: id=2,voting=0,active=1,addr=-
867005:M 08 Jan 2024 10:56:25.804 * <raft> Test network starting message polling thread
867005:M 08 Jan 2024 10:56:25.848 - Accepted 127.0.0.1:36744
867005:signal-handler (1704707786) Received SIGINT scheduling shutdown...
867005:signal-handler (1704707786) You insist... exiting now.
867534:C 08 Jan 2024 10:56:27.101 # WARNING Memory overcommit must be enabled! Without it, a background save or replication may fail under low memory condition. Being disabled, it can also cause failures without low memory condition, see https://github.com/jemalloc/jemalloc/issues/1328. To fix this issue add 'vm.overcommit_memory = 1' to /etc/sysctl.conf and then reboot or run the command 'sysctl vm.overcommit_memory=1' for this to take effect.
867534:C 08 Jan 2024 10:56:27.101 * oO0OoO0OoO0Oo Redis is starting oO0OoO0OoO0Oo
867534:C 08 Jan 2024 10:56:27.101 * Redis version=255.255.255, bits=64, commit=e04ebdb8, modified=1, pid=867534, just started
867534:C 08 Jan 2024 10:56:27.101 * Configuration loaded
867534:M 08 Jan 2024 10:56:27.101 * monotonic clock: POSIX clock_gettime
867534:M 08 Jan 2024 10:56:27.102 * Running mode=standalone, port=5092.
867534:M 08 Jan 2024 10:56:27.108 * <raft> RedisRaft version 255.255.255 [b779b199]
867534:M 08 Jan 2024 10:56:27.112 * <raft> Initializing test network
867534:M 08 Jan 2024 10:56:27.113 * <raft> Created test network client
867534:M 08 Jan 2024 10:56:27.113 * <raft> Raft module loaded, state is 'uninitialized'
867534:M 08 Jan 2024 10:56:27.113 * Module 'raft' loaded from /home/snagendra/Fuzzing/redisraft-fuzzing/redisraft.so
867534:M 08 Jan 2024 10:56:27.114 * Server initialized
867534:M 08 Jan 2024 10:56:27.114 . The AOF directory appendonlydir doesn't exist
867534:M 08 Jan 2024 10:56:27.114 * Ready to accept connections tcp
867534:M 08 Jan 2024 10:56:27.114 . 0 clients connected (0 replicas), 1726224 bytes in use
867534:M 08 Jan 2024 10:56:27.131 - Accepted 127.0.0.1:36822
867534:M 08 Jan 2024 10:56:27.131 # Missing implement of connection type tls
867534:M 08 Jan 2024 10:56:27.380 - Client closed connection id=8 addr=127.0.0.1:36822 laddr=127.0.0.1:5092 fd=9 name= age=0 idle=0 flags=N db=0 sub=0 psub=0 ssub=0 multi=-1 qbuf=0 qbuf-free=20474 argv-mem=0 multi-mem=0 rbs=1024 rbp=0 obl=0 oll=0 omem=0 tot-mem=22400 events=r cmd=auth user=default redir=-1 resp=2 lib-name= lib-ver=
867534:signal-handler (1704707788) Received SIGINT scheduling shutdown...
867534:signal-handler (1704707788) You insist... exiting now.
868070:C 08 Jan 2024 10:56:28.337 # WARNING Memory overcommit must be enabled! Without it, a background save or replication may fail under low memory condition. Being disabled, it can also cause failures without low memory condition, see https://github.com/jemalloc/jemalloc/issues/1328. To fix this issue add 'vm.overcommit_memory = 1' to /etc/sysctl.conf and then reboot or run the command 'sysctl vm.overcommit_memory=1' for this to take effect.
868070:C 08 Jan 2024 10:56:28.337 * oO0OoO0OoO0Oo Redis is starting oO0OoO0OoO0Oo
868070:C 08 Jan 2024 10:56:28.337 * Redis version=255.255.255, bits=64, commit=e04ebdb8, modified=1, pid=868070, just started
868070:C 08 Jan 2024 10:56:28.337 * Configuration loaded
868070:M 08 Jan 2024 10:56:28.338 * monotonic clock: POSIX clock_gettime
868070:M 08 Jan 2024 10:56:28.338 * Running mode=standalone, port=5092.
868070:M 08 Jan 2024 10:56:28.346 * <raft> RedisRaft version 255.255.255 [b779b199]
868070:M 08 Jan 2024 10:56:28.350 * <raft> Initializing test network
868070:M 08 Jan 2024 10:56:28.351 * <raft> Created test network client
868070:M 08 Jan 2024 10:56:28.351 * <raft> Raft module loaded, state is 'uninitialized'
868070:M 08 Jan 2024 10:56:28.351 * Module 'raft' loaded from /home/snagendra/Fuzzing/redisraft-fuzzing/redisraft.so
868070:M 08 Jan 2024 10:56:28.352 * Server initialized
868070:M 08 Jan 2024 10:56:28.352 . The AOF directory appendonlydir doesn't exist
868070:M 08 Jan 2024 10:56:28.352 * Ready to accept connections tcp
868070:M 08 Jan 2024 10:56:28.352 . 0 clients connected (0 replicas), 1726224 bytes in use
868070:M 08 Jan 2024 10:56:28.402 - Accepted 127.0.0.1:36836
868070:M 08 Jan 2024 10:56:28.402 # Missing implement of connection type tls
868070:M 08 Jan 2024 10:56:28.556 - Accepted 127.0.0.1:36842
868070:signal-handler (1704707789) Received SIGINT scheduling shutdown...
868070:signal-handler (1704707789) You insist... exiting now.

----- Stderr -----
libgcov profiling error:/home/snagendra/Fuzzing/redisraft-fuzzing/build/deps/raft/CMakeFiles/raft.dir/src/raft_server_properties.c.gcda:Merge mismatch for function 4
libgcov profiling error:/home/snagendra/Fuzzing/redisraft-fuzzing/build/deps/raft/CMakeFiles/raft.dir/src/raft_server.c.gcda:Merge mismatch for function 50
libgcov profiling error:/home/snagendra/Fuzzing/redisraft-fuzzing/build/deps/raft/CMakeFiles/raft.dir/src/raft_server_properties.c.gcda:Merge mismatch for function 4
libgcov profiling error:/home/snagendra/Fuzzing/redisraft-fuzzing/build/deps/raft/CMakeFiles/raft.dir/src/raft_server_properties.c.gcda:Merge mismatch for function 4
libgcov profiling error:/home/snagendra/Fuzzing/redisraft-fuzzing/build/deps/raft/CMakeFiles/raft.dir/src/raft_server.c.gcda:Merge mismatch for function 50




logs for node: 3

----- Stdout -----
867077:C 08 Jan 2024 10:56:25.807 # WARNING Memory overcommit must be enabled! Without it, a background save or replication may fail under low memory condition. Being disabled, it can also cause failures without low memory condition, see https://github.com/jemalloc/jemalloc/issues/1328. To fix this issue add 'vm.overcommit_memory = 1' to /etc/sysctl.conf and then reboot or run the command 'sysctl vm.overcommit_memory=1' for this to take effect.
867077:C 08 Jan 2024 10:56:25.807 * oO0OoO0OoO0Oo Redis is starting oO0OoO0OoO0Oo
867077:C 08 Jan 2024 10:56:25.807 * Redis version=255.255.255, bits=64, commit=e04ebdb8, modified=1, pid=867077, just started
867077:C 08 Jan 2024 10:56:25.807 * Configuration loaded
867077:M 08 Jan 2024 10:56:25.808 * monotonic clock: POSIX clock_gettime
867077:M 08 Jan 2024 10:56:25.808 * Running mode=standalone, port=5093.
867077:M 08 Jan 2024 10:56:25.815 * <raft> RedisRaft version 255.255.255 [b779b199]
867077:M 08 Jan 2024 10:56:25.821 * <raft> Initializing test network
867077:M 08 Jan 2024 10:56:25.822 * <raft> Created test network client
867077:M 08 Jan 2024 10:56:25.823 * <raft> Raft module loaded, state is 'uninitialized'
867077:M 08 Jan 2024 10:56:25.823 * Module 'raft' loaded from /home/snagendra/Fuzzing/redisraft-fuzzing/redisraft.so
867077:M 08 Jan 2024 10:56:25.823 * Server initialized
867077:M 08 Jan 2024 10:56:25.824 . The AOF directory appendonlydir doesn't exist
867077:M 08 Jan 2024 10:56:25.824 * Ready to accept connections tcp
867077:M 08 Jan 2024 10:56:25.824 . 0 clients connected (0 replicas), 1726160 bytes in use
867077:M 08 Jan 2024 10:56:25.844 - Accepted 127.0.0.1:38568
867077:M 08 Jan 2024 10:56:25.844 # Missing implement of connection type tls
867077:M 08 Jan 2024 10:56:25.923 - <raft> join cluster, connecting to localhost:5091
867077:M 08 Jan 2024 10:56:25.925 * <raft> Joined Raft cluster, node id: 3, dbid: 41402246093c1243d6cc8ba5a96c882e
867077:M 08 Jan 2024 10:56:25.931 * <raft> Cluster Membership: term:0 index:0 nodes: id=3,voting=0,active=1,addr=-
867077:M 08 Jan 2024 10:56:25.932 * <raft> Test network starting message polling thread
867077:M 08 Jan 2024 10:56:25.949 - Accepted 127.0.0.1:38582
867077:M 08 Jan 2024 10:56:26.243 - Client closed connection id=9 addr=127.0.0.1:38582 laddr=127.0.0.1:5093 fd=10 name= age=1 idle=1 flags=N db=0 sub=0 psub=0 ssub=0 multi=-1 qbuf=0 qbuf-free=20474 argv-mem=0 multi-mem=0 rbs=1024 rbp=0 obl=0 oll=0 omem=0 tot-mem=22400 events=r cmd=auth user=default redir=-1 resp=2 lib-name= lib-ver=
867077:M 08 Jan 2024 10:56:26.325 * <raft> State change: Election starting, node is now a pre-candidate, term 0
867077:M 08 Jan 2024 10:56:26.325 * <raft> Cluster Membership: term:0 index:0 nodes: id=3,voting=0,active=1,addr=-
867077:M 08 Jan 2024 10:56:26.373 * <raft> State change: Node is now a follower, term 1
867077:M 08 Jan 2024 10:56:26.373 * <raft> Cluster Membership: term:1 index:0 nodes: id=3,voting=0,active=1,addr=-
867077:M 08 Jan 2024 10:56:26.374 * <raft> Cluster Membership: term:1 index:2 nodes: id=3,voting=0,active=1,addr=- id=1,voting=1,active=1,addr=localhost:5091
867077:M 08 Jan 2024 10:56:26.374 * <raft> Cluster Membership: term:1 index:3 nodes: id=3,voting=0,active=1,addr=- id=1,voting=1,active=1,addr=localhost:5091 id=2,voting=0,active=1,addr=localhost:5092
867077:M 08 Jan 2024 10:56:26.728 * <raft> State change: Election starting, node is now a pre-candidate, term 1
867077:M 08 Jan 2024 10:56:26.728 * <raft> Cluster Membership: term:1 index:4 nodes: id=3,voting=0,active=1,addr=- id=1,voting=1,active=1,addr=localhost:5091 id=2,voting=0,active=1,addr=localhost:5092
867077:M 08 Jan 2024 10:56:26.929 * <raft> State change: Election starting, node is now a pre-candidate, term 1
867077:M 08 Jan 2024 10:56:26.929 * <raft> Cluster Membership: term:1 index:4 nodes: id=3,voting=0,active=1,addr=- id=1,voting=1,active=1,addr=localhost:5091 id=2,voting=0,active=1,addr=localhost:5092
867077:M 08 Jan 2024 10:56:27.230 * <raft> State change: Election starting, node is now a pre-candidate, term 1
867077:M 08 Jan 2024 10:56:27.230 * <raft> Cluster Membership: term:1 index:4 nodes: id=3,voting=0,active=1,addr=- id=1,voting=1,active=1,addr=localhost:5091 id=2,voting=0,active=1,addr=localhost:5092
867077:signal-handler (1704707787) Received SIGINT scheduling shutdown...
867077:signal-handler (1704707787) You insist... exiting now.
867823:C 08 Jan 2024 10:56:27.840 # WARNING Memory overcommit must be enabled! Without it, a background save or replication may fail under low memory condition. Being disabled, it can also cause failures without low memory condition, see https://github.com/jemalloc/jemalloc/issues/1328. To fix this issue add 'vm.overcommit_memory = 1' to /etc/sysctl.conf and then reboot or run the command 'sysctl vm.overcommit_memory=1' for this to take effect.
867823:C 08 Jan 2024 10:56:27.840 * oO0OoO0OoO0Oo Redis is starting oO0OoO0OoO0Oo
867823:C 08 Jan 2024 10:56:27.840 * Redis version=255.255.255, bits=64, commit=e04ebdb8, modified=1, pid=867823, just started
867823:C 08 Jan 2024 10:56:27.840 * Configuration loaded
867823:M 08 Jan 2024 10:56:27.840 * monotonic clock: POSIX clock_gettime
867823:M 08 Jan 2024 10:56:27.841 * Running mode=standalone, port=5093.
867823:M 08 Jan 2024 10:56:27.847 * <raft> RedisRaft version 255.255.255 [b779b199]
867823:M 08 Jan 2024 10:56:27.851 * <raft> Initializing test network
867823:M 08 Jan 2024 10:56:27.852 * <raft> Created test network client
867823:M 08 Jan 2024 10:56:27.865 * <raft> Raft module loaded, state is 'loading'
867823:M 08 Jan 2024 10:56:27.865 * Module 'raft' loaded from /home/snagendra/Fuzzing/redisraft-fuzzing/redisraft.so
867823:M 08 Jan 2024 10:56:27.865 * Server initialized
867823:M 08 Jan 2024 10:56:27.865 . The AOF directory appendonlydir doesn't exist
867823:M 08 Jan 2024 10:56:27.865 * Ready to accept connections tcp
867823:M 08 Jan 2024 10:56:27.865 . 0 clients connected (0 replicas), 1746720 bytes in use
867823:signal-handler (1704707787) Received SIGINT scheduling shutdown...
867823:signal-handler (1704707787) You insist... exiting now.
867823:M 08 Jan 2024 10:56:27.965 * <raft> Loading: Redis loading complete, snapshot NOT LOADED


=== REDIS BUG REPORT START: Cut & paste starting from here ===
867823:M 08 Jan 2024 10:56:27.965 # Redis 255.255.255 crashed by signal: 11, si_code: 1
867823:M 08 Jan 2024 10:56:27.965 # Accessing address: 0x18
867823:M 08 Jan 2024 10:56:27.965 # Crashed running the instruction at: 0x7f30358dd0b0

------ STACK TRACE ------
EIP:
/lib/x86_64-linux-gnu/libc.so.6(__pthread_rwlock_wrlock+0x0)[0x7f30358dd0b0]

Backtrace:
/lib/x86_64-linux-gnu/libc.so.6(+0x3bfd0)[0x7f3035889fd0]
/lib/x86_64-linux-gnu/libc.so.6(__pthread_rwlock_wrlock+0x0)[0x7f30358dd0b0]
/lib/x86_64-linux-gnu/libcrypto.so.3(CRYPTO_THREAD_write_lock+0x9)[0x7f3033c3df49]
/lib/x86_64-linux-gnu/libcrypto.so.3(ENGINE_get_first+0x3a)[0x7f3033be408a]
/lib/x86_64-linux-gnu/libcrypto.so.3(ENGINE_register_all_complete+0x6)[0x7f3033be3486]
/lib/x86_64-linux-gnu/libssh2.so.1(libssh2_init+0x39)[0x7f303463b389]
/lib/x86_64-linux-gnu/libcurl-gnutls.so.4(+0x8146b)[0x7f303474e46b]
/lib/x86_64-linux-gnu/libcurl-gnutls.so.4(+0x22125)[0x7f30346ef125]
/lib/x86_64-linux-gnu/libcurl-gnutls.so.4(curl_global_init+0x3a)[0x7f30346ef22a]
/home/snagendra/Fuzzing/redisraft-fuzzing/redisraft.so(redis_test_http_do+0x2c)[0x7f30347c486c]
/home/snagendra/Fuzzing/redisraft-fuzzing/redisraft.so(redis_test_http_post+0x26)[0x7f30347c4a86]
/home/snagendra/Fuzzing/redisraft-fuzzing/redisraft.so(redis_test_send_event+0x84)[0x7f30347c3fa4]
/home/snagendra/Fuzzing/redisraft-fuzzing/redisraft.so(testNetworkSendEvent+0x132)[0x7f30347ad782]
/home/snagendra/Fuzzing/redisraft-fuzzing/redisraft.so(testSendMemberShipEvent+0x10f)[0x7f30347a44df]
/home/snagendra/Fuzzing/redisraft-fuzzing/redisraft.so(raftNotifyMembershipEvent+0x6a)[0x7f30347a469a]
/home/snagendra/Fuzzing/redisraft-fuzzing/redisraft.so(raft_add_node_internal+0x139)[0x7f30347b3139]
/home/snagendra/Fuzzing/redisraft-fuzzing/redisraft.so(raft_add_non_voting_node+0x1e)[0x7f30347b320e]
/home/snagendra/Fuzzing/redisraft-fuzzing/redisraft.so(RaftLibraryInit+0x15c)[0x7f30347a493c]
/home/snagendra/Fuzzing/redisraft-fuzzing/redisraft.so(callRaftPeriodic+0x2c8)[0x7f30347a4ed8]
/home/snagendra/Fuzzing/redis/src/redis-server 0.0.0.0:5093(moduleTimerHandler+0x21c)[0x55b2a115c98c]
/home/snagendra/Fuzzing/redis/src/redis-server 0.0.0.0:5093(+0x81705)[0x55b2a1066705]
/home/snagendra/Fuzzing/redis/src/redis-server 0.0.0.0:5093(aeMain+0x1c8)[0x55b2a1070cb8]
/home/snagendra/Fuzzing/redis/src/redis-server 0.0.0.0:5093(main+0x3cd)[0x55b2a1065e2d]
/lib/x86_64-linux-gnu/libc.so.6(+0x271ca)[0x7f30358751ca]
/lib/x86_64-linux-gnu/libc.so.6(__libc_start_main+0x85)[0x7f3035875285]
/home/snagendra/Fuzzing/redis/src/redis-server 0.0.0.0:5093(_start+0x2a)[0x55b2a10665aa]

------ REGISTERS ------
867823:M 08 Jan 2024 10:56:27.966 # 
RAX:0000000000000001 RBX:000055b2a17427f0
RCX:0000000000000000 RDX:0000000000000000
RDI:0000000000000000 RSI:0000000000000000
RBP:00007f3033e7e638 RSP:00007ffe3b1fc4a8
R8 :0000000000000000 R9 :0000000000000000
R10:0000000000000000 R11:0000000000000000
R12:00007ffe3b1fc5a0 R13:000055b2a175f780
R14:000055b2a1565e40 R15:00007ffe3b1fc628
RIP:00007f30358dd0b0 EFL:0000000000010202
CSGSFS:002b000000000033
867823:M 08 Jan 2024 10:56:27.966 # (00007ffe3b1fc4b7) -> 000055b2a17427f0
867823:M 08 Jan 2024 10:56:27.966 # (00007ffe3b1fc4b6) -> 00007f30346ef125
867823:M 08 Jan 2024 10:56:27.966 # (00007ffe3b1fc4b5) -> 00007ffe3b1fc530
867823:M 08 Jan 2024 10:56:27.966 # (00007ffe3b1fc4b4) -> 00007f303474e46b
867823:M 08 Jan 2024 10:56:27.966 # (00007ffe3b1fc4b3) -> 000055b2a175f780
867823:M 08 Jan 2024 10:56:27.966 # (00007ffe3b1fc4b2) -> 000000003b1fc5a0
867823:M 08 Jan 2024 10:56:27.966 # (00007ffe3b1fc4b1) -> 000055b2a1742290
867823:M 08 Jan 2024 10:56:27.966 # (00007ffe3b1fc4b0) -> 00007f303463b389
867823:M 08 Jan 2024 10:56:27.966 # (00007ffe3b1fc4af) -> 000055b2a17427f0
867823:M 08 Jan 2024 10:56:27.966 # (00007ffe3b1fc4ae) -> 00007f3033be3486
867823:M 08 Jan 2024 10:56:27.966 # (00007ffe3b1fc4ad) -> 000055b2a1742290
867823:M 08 Jan 2024 10:56:27.966 # (00007ffe3b1fc4ac) -> 000055b2a17427f0
867823:M 08 Jan 2024 10:56:27.966 # (00007ffe3b1fc4ab) -> 00007ffe3b1fc5a0
867823:M 08 Jan 2024 10:56:27.966 # (00007ffe3b1fc4aa) -> 00007f3033be408a
867823:M 08 Jan 2024 10:56:27.966 # (00007ffe3b1fc4a9) -> 000055b2a17427f0
867823:M 08 Jan 2024 10:56:27.966 # (00007ffe3b1fc4a8) -> 00007f3033c3df49

------ INFO OUTPUT ------
# Server
redis_version:255.255.255
redis_git_sha1:e04ebdb8
redis_git_dirty:1
redis_build_id:1f78dcc7b4fbdd25
redis_mode:standalone
os:Linux 6.1.60.1.amd64-smp x86_64
arch_bits:64
monotonic_clock:POSIX clock_gettime
multiplexing_api:epoll
atomicvar_api:c11-builtin
gcc_version:10.2.1
process_id:867823
process_supervised:no
run_id:8b2018d149ae807411bb47fe1ca6e57c51b260e7
tcp_port:5093
server_time_usec:1704707787965679
uptime_in_seconds:0
uptime_in_days:0
hz:10
configured_hz:10
lru_clock:10208971
executable:/home/snagendra/Fuzzing/redis/src/redis-server
config_file:
io_threads_active:0
listener0:name=tcp,bind=0.0.0.0,port=5093

# Clients
connected_clients:0
cluster_connections:0
maxclients:10000
client_recent_max_input_buffer:0
client_recent_max_output_buffer:0
blocked_clients:0
tracking_clients:0
clients_in_timeout_table:0
total_blocking_keys:0
total_blocking_keys_on_nokey:0

# Memory
used_memory:1754216
used_memory_human:1.67M
used_memory_rss:17829888
used_memory_rss_human:17.00M
used_memory_peak:1754216
used_memory_peak_human:1.67M
used_memory_peak_perc:100.43%
used_memory_overhead:1746760
used_memory_startup:1746576
used_memory_dataset:7456
used_memory_dataset_perc:97.59%
allocator_allocated:2218648
allocator_active:2736128
allocator_resident:10948608
total_system_memory:270388695040
total_system_memory_human:251.82G
used_memory_lua:31744
used_memory_vm_eval:31744
used_memory_lua_human:31.00K
used_memory_scripts_eval:0
number_of_cached_scripts:0
number_of_functions:0
number_of_libraries:0
used_memory_vm_functions:32768
used_memory_vm_total:64512
used_memory_vm_total_human:63.00K
used_memory_functions:184
used_memory_scripts:184
used_memory_scripts_human:184B
maxmemory:0
maxmemory_human:0B
maxmemory_policy:noeviction
allocator_frag_ratio:1.23
allocator_frag_bytes:517480
allocator_rss_ratio:4.00
allocator_rss_bytes:8212480
rss_overhead_ratio:1.63
rss_overhead_bytes:6881280
mem_fragmentation_ratio:10.21
mem_fragmentation_bytes:16083168
mem_not_counted_for_evict:0
mem_replication_backlog:0
mem_total_replication_buffers:0
mem_clients_slaves:0
mem_clients_normal:0
mem_cluster_links:0
mem_aof_buffer:0
mem_allocator:jemalloc-5.3.0
active_defrag_running:0
lazyfree_pending_objects:0
lazyfreed_objects:0

# Persistence
loading:0
async_loading:0
current_cow_peak:0
current_cow_size:0
current_cow_size_age:0
current_fork_perc:0.00
current_save_keys_processed:0
current_save_keys_total:0
rdb_changes_since_last_save:0
rdb_bgsave_in_progress:0
rdb_last_save_time:1704707787
rdb_last_bgsave_status:ok
rdb_last_bgsave_time_sec:-1
rdb_current_bgsave_time_sec:-1
rdb_saves:0
rdb_last_cow_size:0
rdb_last_load_keys_expired:0
rdb_last_load_keys_loaded:0
aof_enabled:0
aof_rewrite_in_progress:0
aof_rewrite_scheduled:0
aof_last_rewrite_time_sec:-1
aof_current_rewrite_time_sec:-1
aof_last_bgrewrite_status:ok
aof_rewrites:0
aof_rewrites_consecutive_failures:0
aof_last_write_status:ok
aof_last_cow_size:0
module_fork_in_progress:0
module_fork_last_cow_size:0

# Stats
total_connections_received:0
total_commands_processed:6
instantaneous_ops_per_sec:15
total_net_input_bytes:0
total_net_output_bytes:0
total_net_repl_input_bytes:0
total_net_repl_output_bytes:0
instantaneous_input_kbps:0.00
instantaneous_output_kbps:0.00
instantaneous_input_repl_kbps:0.00
instantaneous_output_repl_kbps:0.00
rejected_connections:0
sync_full:0
sync_partial_ok:0
sync_partial_err:0
expired_keys:0
expired_stale_perc:0.00
expired_time_cap_reached_count:0
expire_cycle_cpu_milliseconds:0
evicted_keys:0
evicted_clients:0
total_eviction_exceeded_time:0
current_eviction_exceeded_time:0
keyspace_hits:0
keyspace_misses:0
pubsub_channels:0
pubsub_patterns:0
pubsubshard_channels:0
latest_fork_usec:0
total_forks:0
migrate_cached_sockets:0
slave_expires_tracked_keys:0
active_defrag_hits:0
active_defrag_misses:0
active_defrag_key_hits:0
active_defrag_key_misses:0
total_active_defrag_time:0
current_active_defrag_time:0
tracking_total_keys:0
tracking_total_items:0
tracking_total_prefixes:0
unexpected_error_replies:0
total_error_replies:0
dump_payload_sanitizations:0
total_reads_processed:0
total_writes_processed:0
io_threaded_reads_processed:0
io_threaded_writes_processed:0
reply_buffer_shrinks:0
reply_buffer_expands:0
acl_access_denied_auth:0
acl_access_denied_cmd:0
acl_access_denied_key:0
acl_access_denied_channel:0

# Replication
role:master
connected_slaves:0
master_failover_state:no-failover
master_replid:c2aeb4aac6677934c98cb20563e3fe8de855723f
master_replid2:0000000000000000000000000000000000000000
master_repl_offset:0
second_repl_offset:-1
repl_backlog_active:0
repl_backlog_size:1048576
repl_backlog_first_byte_offset:0
repl_backlog_histlen:0

# CPU
used_cpu_sys:0.006811
used_cpu_user:0.010216
used_cpu_sys_children:0.000000
used_cpu_user_children:0.000000
used_cpu_sys_main_thread:0.004074
used_cpu_user_main_thread:0.012224

# Modules
module:name=raft,ver=1,api=1,filters=1,usedby=[],using=[],options=[]

# Commandstats
cmdstat_config|set:calls=1,usec=10,usec_per_call=10.00,rejected_calls=0,failed_calls=0
cmdstat_config|get:calls=3,usec=4,usec_per_call=1.33,rejected_calls=0,failed_calls=0
cmdstat_command:calls=2,usec=1399,usec_per_call=699.50,rejected_calls=0,failed_calls=0

# Errorstats

# Latencystats
latency_percentiles_usec_config|set:p50=10.047,p99=10.047,p99.9=10.047
latency_percentiles_usec_config|get:p50=1.003,p99=2.007,p99.9=2.007
latency_percentiles_usec_command:p50=671.743,p99=733.183,p99.9=733.183

# Cluster
cluster_enabled:0

# Keyspace

------ CLIENT LIST OUTPUT ------

------ MODULES INFO OUTPUT ------
# raft_version
raft_version:255.255.255
raft_git_sha1:b779b199

# raft_general
raft_dbid:
raft_node_id:3
raft_state:loading
raft_role:follower
raft_is_voting:no
raft_voted_for:-1
raft_leader_id:-1
raft_current_term:0
raft_num_nodes:1
raft_num_voting_nodes:0

# raft_log
raft_log_entries:0
raft_current_index:0
raft_commit_index:0
raft_last_applied_index:0
raft_file_size:1191
raft_cache_memory_size:0
raft_cache_entries:0
raft_client_attached_entries:0
raft_fsync_count:0
raft_fsync_max_microseconds:0
raft_fsync_avg_microseconds:0

# raft_snapshot
raft_snapshot_filename:redis3.rdb
raft_snapshot_last_idx:0
raft_snapshot_last_term:0
raft_snapshot_size:0
raft_snapshot_time_secs:-1
raft_snapshots_created:0
raft_snapshots_received:0
raft_snapshot_in_progress:no
raft_snapshot_in_progress_last_idx:-1
raft_snapshot_in_progress_last_term:-1

# raft_clients
raft_proxy_reqs:0
raft_proxy_failed_reqs:0
raft_proxy_failed_responses:0
raft_proxy_outstanding_reqs:0

# raft_stats
raft_appendreq_received:0
raft_appendreq_with_entry_received:0
raft_snapshotreq_received:0
raft_exec_throttled:0
raft_num_sessions:0

------ CONFIG DEBUG OUTPUT ------
lazyfree-lazy-eviction no
slave-read-only yes
client-query-buffer-limit 1gb
lazyfree-lazy-expire no
io-threads 1
proto-max-bulk-len 512mb
repl-diskless-load disabled
repl-diskless-sync yes
replica-read-only yes
lazyfree-lazy-user-del no
io-threads-do-reads no
lazyfree-lazy-server-del no
list-compress-depth 0
activedefrag no
lazyfree-lazy-user-flush no
sanitize-dump-payload no

------ FAST MEMORY TEST ------
867823:M 08 Jan 2024 10:56:27.967 # Bio worker thread #0 terminated
867823:M 08 Jan 2024 10:56:27.967 # Bio worker thread #1 terminated
867823:M 08 Jan 2024 10:56:27.967 # Bio worker thread #2 terminated
*** Preparing to test memory region 55b2a133c000 (2273280 bytes)
*** Preparing to test memory region 55b2a1717000 (405504 bytes)
*** Preparing to test memory region 7f3029000000 (8388608 bytes)
*** Preparing to test memory region 7f3029800000 (6291456 bytes)
*** Preparing to test memory region 7f3029ffd000 (8388608 bytes)
*** Preparing to test memory region 7f302a7fe000 (8388608 bytes)
*** Preparing to test memory region 7f302afff000 (8388608 bytes)
*** Preparing to test memory region 7f302b800000 (8388608 bytes)
*** Preparing to test memory region 7f302c000000 (135168 bytes)
*** Preparing to test memory region 7f30305af000 (8388608 bytes)
*** Preparing to test memory region 7f3030db0000 (8388608 bytes)
*** Preparing to test memory region 7f30315b1000 (8388608 bytes)
*** Preparing to test memory region 7f3031db2000 (8388608 bytes)
*** Preparing to test memory region 7f30325b3000 (8388608 bytes)
*** Preparing to test memory region 7f3032db4000 (8388608 bytes)
*** Preparing to test memory region 7f30335b4000 (2621440 bytes)
*** Preparing to test memory region 7f3033843000 (8192 bytes)
*** Preparing to test memory region 7f3033e7f000 (12288 bytes)
*** Preparing to test memory region 7f3034418000 (16384 bytes)
*** Preparing to test memory region 7f303456b000 (8192 bytes)
*** Preparing to test memory region 7f30347fa000 (24576 bytes)
*** Preparing to test memory region 7f3035000000 (8388608 bytes)
*** Preparing to test memory region 7f3035821000 (4096 bytes)
*** Preparing to test memory region 7f3035847000 (28672 bytes)
*** Preparing to test memory region 7f3035a22000 (53248 bytes)
*** Preparing to test memory region 7f3035b3f000 (8192 bytes)
.O.O.868046:C 08 Jan 2024 10:56:28.276 # WARNING Memory overcommit must be enabled! Without it, a background save or replication may fail under low memory condition. Being disabled, it can also cause failures without low memory condition, see https://github.com/jemalloc/jemalloc/issues/1328. To fix this issue add 'vm.overcommit_memory = 1' to /etc/sysctl.conf and then reboot or run the command 'sysctl vm.overcommit_memory=1' for this to take effect.
868046:C 08 Jan 2024 10:56:28.276 * oO0OoO0OoO0Oo Redis is starting oO0OoO0OoO0Oo
868046:C 08 Jan 2024 10:56:28.276 * Redis version=255.255.255, bits=64, commit=e04ebdb8, modified=1, pid=868046, just started
868046:C 08 Jan 2024 10:56:28.276 * Configuration loaded
868046:M 08 Jan 2024 10:56:28.276 * monotonic clock: POSIX clock_gettime
868046:M 08 Jan 2024 10:56:28.277 * Running mode=standalone, port=5093.
868046:M 08 Jan 2024 10:56:28.283 * <raft> RedisRaft version 255.255.255 [b779b199]
868046:M 08 Jan 2024 10:56:28.287 * <raft> Initializing test network
868046:M 08 Jan 2024 10:56:28.288 * <raft> Created test network client
868046:M 08 Jan 2024 10:56:28.300 * <raft> Raft module loaded, state is 'loading'
868046:M 08 Jan 2024 10:56:28.300 * Module 'raft' loaded from /home/snagendra/Fuzzing/redisraft-fuzzing/redisraft.so
868046:M 08 Jan 2024 10:56:28.301 * Server initialized
868046:M 08 Jan 2024 10:56:28.301 . The AOF directory appendonlydir doesn't exist
868046:M 08 Jan 2024 10:56:28.301 * Ready to accept connections tcp
868046:M 08 Jan 2024 10:56:28.301 . 0 clients connected (0 replicas), 1746656 bytes in use
868046:M 08 Jan 2024 10:56:28.400 * <raft> Loading: Redis loading complete, snapshot NOT LOADED
868046:M 08 Jan 2024 10:56:28.401 * <raft> Cluster Membership: term:0 index:0 nodes: id=3,voting=0,active=1,addr=-
868046:M 08 Jan 2024 10:56:28.401 * <raft> Test network starting message polling thread
868046:M 08 Jan 2024 10:56:28.401 * <raft> Cluster Membership: term:0 index:4 nodes: id=3,voting=0,active=1,addr=- id=1,voting=1,active=1,addr=localhost:5091
868046:M 08 Jan 2024 10:56:28.402 * <raft> Cluster Membership: term:0 index:4 nodes: id=3,voting=0,active=1,addr=- id=1,voting=1,active=1,addr=localhost:5091 id=2,voting=0,active=1,addr=localhost:5092
868046:M 08 Jan 2024 10:56:28.402 * <raft> Raft state after loading log: log_count=4, first_idx=1, current_idx=4, last_applied_idx=0
868046:M 08 Jan 2024 10:56:28.402 . <raft> Raft term=1, vote=-1
868046:M 08 Jan 2024 10:56:28.556 - Accepted 127.0.0.1:38592
868046:M 08 Jan 2024 10:56:28.556 # Missing implement of connection type tls
868046:M 08 Jan 2024 10:56:28.702 * <raft> State change: Election starting, node is now a pre-candidate, term 1
868046:M 08 Jan 2024 10:56:28.702 * <raft> Cluster Membership: term:1 index:4 nodes: id=3,voting=0,active=1,addr=- id=1,voting=1,active=1,addr=localhost:5091 id=2,voting=0,active=1,addr=localhost:5092
868046:M 08 Jan 2024 10:56:29.103 * <raft> State change: Node is now a follower, term 2
868046:M 08 Jan 2024 10:56:29.103 * <raft> Cluster Membership: term:2 index:4 nodes: id=3,voting=0,active=1,addr=- id=1,voting=1,active=1,addr=localhost:5091 id=2,voting=0,active=1,addr=localhost:5092
868046:M 08 Jan 2024 10:56:29.209 - Client closed connection id=8 addr=127.0.0.1:38592 laddr=127.0.0.1:5093 fd=13 name= age=1 idle=1 flags=N db=0 sub=0 psub=0 ssub=0 multi=-1 qbuf=0 qbuf-free=20474 argv-mem=0 multi-mem=0 rbs=1024 rbp=0 obl=0 oll=0 omem=0 tot-mem=22400 events=r cmd=auth user=default redir=-1 resp=2 lib-name= lib-ver=
868046:signal-handler (1704707789) Received SIGINT scheduling shutdown...
868046:signal-handler (1704707789) You insist... exiting now.

----- Stderr -----
libgcov profiling error:/home/snagendra/Fuzzing/redisraft-fuzzing/build/deps/raft/CMakeFiles/raft.dir/src/raft_server_properties.c.gcda:Merge mismatch for function 4
libgcov profiling error:/home/snagendra/Fuzzing/redisraft-fuzzing/build/deps/raft/CMakeFiles/raft.dir/src/raft_server.c.gcda:Merge mismatch for function 50
libgcov profiling error:/home/snagendra/Fuzzing/redisraft-fuzzing/build/deps/raft/CMakeFiles/raft.dir/src/raft_server_properties.c.gcda:Merge mismatch for function 4
libgcov profiling error:/home/snagendra/Fuzzing/redisraft-fuzzing/build/deps/raft/CMakeFiles/raft.dir/src/raft_server_properties.c.gcda:Merge mismatch for function 4
libgcov profiling error:/home/snagendra/Fuzzing/redisraft-fuzzing/build/deps/raft/CMakeFiles/raft.dir/src/raft_server.c.gcda:Merge mismatch for function 50



