logs for node: 1

----- Stdout -----
960217:C 11 Jan 2024 14:26:47.791 # WARNING Memory overcommit must be enabled! Without it, a background save or replication may fail under low memory condition. Being disabled, it can also cause failures without low memory condition, see https://github.com/jemalloc/jemalloc/issues/1328. To fix this issue add 'vm.overcommit_memory = 1' to /etc/sysctl.conf and then reboot or run the command 'sysctl vm.overcommit_memory=1' for this to take effect.
960217:C 11 Jan 2024 14:26:47.791 * oO0OoO0OoO0Oo Redis is starting oO0OoO0OoO0Oo
960217:C 11 Jan 2024 14:26:47.791 * Redis version=255.255.255, bits=64, commit=e04ebdb8, modified=1, pid=960217, just started
960217:C 11 Jan 2024 14:26:47.791 * Configuration loaded
960217:M 11 Jan 2024 14:26:47.791 * monotonic clock: POSIX clock_gettime
960217:M 11 Jan 2024 14:26:47.792 * Running mode=standalone, port=5041.
960217:M 11 Jan 2024 14:26:47.798 * <raft> RedisRaft version 255.255.255 [b779b199]
960217:M 11 Jan 2024 14:26:47.803 * <raft> Initializing test network
960217:M 11 Jan 2024 14:26:47.804 * <raft> Created test network client
960217:M 11 Jan 2024 14:26:47.805 * <raft> Raft module loaded, state is 'uninitialized'
960217:M 11 Jan 2024 14:26:47.805 * Module 'raft' loaded from /home/snagendra/Fuzzing/redisraft-fuzzing/redisraft.so
960217:M 11 Jan 2024 14:26:47.806 * Server initialized
960217:M 11 Jan 2024 14:26:47.806 . The AOF directory appendonlydir doesn't exist
960217:M 11 Jan 2024 14:26:47.807 * Ready to accept connections tcp
960217:M 11 Jan 2024 14:26:47.807 . 0 clients connected (0 replicas), 1726128 bytes in use
960217:M 11 Jan 2024 14:26:47.823 - Accepted 127.0.0.1:35090
960217:M 11 Jan 2024 14:26:47.823 # Missing implement of connection type tls
960217:M 11 Jan 2024 14:26:47.830 * <raft> Cluster Membership: term:0 index:0 nodes: id=1,voting=0,active=1,addr=-
960217:M 11 Jan 2024 14:26:47.835 * <raft> State change: Node is now a leader, term 1
960217:M 11 Jan 2024 14:26:47.835 * <raft> Cluster Membership: term:1 index:1 nodes: id=1,voting=0,active=1,addr=-
960217:M 11 Jan 2024 14:26:47.836 * <raft> Test network starting message polling thread
960217:M 11 Jan 2024 14:26:47.836 * <raft> Raft Cluster initialized, node id: 1, dbid: e065c876f1095297b5339ea6dcba7fd4
960217:M 11 Jan 2024 14:26:47.952 - Accepted 127.0.0.1:35096
960217:M 11 Jan 2024 14:26:47.953 * <raft> Cluster Membership: term:1 index:3 nodes: id=1,voting=1,active=1,addr=- id=2,voting=0,active=1,addr=localhost:5042
960217:M 11 Jan 2024 14:26:47.960 - Client closed connection id=9 addr=127.0.0.1:35096 laddr=127.0.0.1:5041 fd=12 name= age=0 idle=0 flags=N db=0 sub=0 psub=0 ssub=0 multi=-1 qbuf=0 qbuf-free=20474 argv-mem=0 multi-mem=0 rbs=16384 rbp=16384 obl=0 oll=0 omem=0 tot-mem=37760 events=r cmd=raft.node user=default redir=-1 resp=2 lib-name= lib-ver=
960217:M 11 Jan 2024 14:26:48.077 - Accepted 127.0.0.1:35098
960217:M 11 Jan 2024 14:26:48.078 * <raft> Cluster Membership: term:1 index:4 nodes: id=1,voting=1,active=1,addr=- id=2,voting=0,active=1,addr=localhost:5042 id=3,voting=0,active=1,addr=localhost:5043
960217:M 11 Jan 2024 14:26:48.085 - Client closed connection id=10 addr=127.0.0.1:35098 laddr=127.0.0.1:5041 fd=13 name= age=0 idle=0 flags=N db=0 sub=0 psub=0 ssub=0 multi=-1 qbuf=0 qbuf-free=20474 argv-mem=0 multi-mem=0 rbs=16384 rbp=16384 obl=0 oll=0 omem=0 tot-mem=37760 events=r cmd=raft.node user=default redir=-1 resp=2 lib-name= lib-ver=
960217:M 11 Jan 2024 14:26:48.253 - Accepted 127.0.0.1:35102
960217:signal-handler (1704979608) Received SIGINT scheduling shutdown...
960217:signal-handler (1704979608) You insist... exiting now.
960813:C 11 Jan 2024 14:26:49.484 # WARNING Memory overcommit must be enabled! Without it, a background save or replication may fail under low memory condition. Being disabled, it can also cause failures without low memory condition, see https://github.com/jemalloc/jemalloc/issues/1328. To fix this issue add 'vm.overcommit_memory = 1' to /etc/sysctl.conf and then reboot or run the command 'sysctl vm.overcommit_memory=1' for this to take effect.
960813:C 11 Jan 2024 14:26:49.484 * oO0OoO0OoO0Oo Redis is starting oO0OoO0OoO0Oo
960813:C 11 Jan 2024 14:26:49.484 * Redis version=255.255.255, bits=64, commit=e04ebdb8, modified=1, pid=960813, just started
960813:C 11 Jan 2024 14:26:49.484 * Configuration loaded
960813:M 11 Jan 2024 14:26:49.484 * monotonic clock: POSIX clock_gettime
960813:M 11 Jan 2024 14:26:49.484 * Running mode=standalone, port=5041.
960813:M 11 Jan 2024 14:26:49.491 * <raft> RedisRaft version 255.255.255 [b779b199]
960813:M 11 Jan 2024 14:26:49.495 * <raft> Initializing test network
960813:M 11 Jan 2024 14:26:49.496 * <raft> Created test network client
960813:M 11 Jan 2024 14:26:49.499 * <raft> Raft module loaded, state is 'loading'
960813:M 11 Jan 2024 14:26:49.499 * Module 'raft' loaded from /home/snagendra/Fuzzing/redisraft-fuzzing/redisraft.so
960813:M 11 Jan 2024 14:26:49.499 * Server initialized
960813:M 11 Jan 2024 14:26:49.499 . The AOF directory appendonlydir doesn't exist
960813:M 11 Jan 2024 14:26:49.499 * Ready to accept connections tcp
960813:M 11 Jan 2024 14:26:49.499 . 0 clients connected (0 replicas), 1746816 bytes in use
960813:M 11 Jan 2024 14:26:49.513 - Accepted 127.0.0.1:35118
960813:M 11 Jan 2024 14:26:49.513 # Missing implement of connection type tls
960813:M 11 Jan 2024 14:26:49.599 * <raft> Loading: Redis loading complete, snapshot NOT LOADED
960813:M 11 Jan 2024 14:26:49.600 * <raft> Cluster Membership: term:0 index:0 nodes: id=1,voting=0,active=1,addr=-
960813:M 11 Jan 2024 14:26:49.600 * <raft> Test network starting message polling thread
960813:M 11 Jan 2024 14:26:49.600 * <raft> Cluster Membership: term:0 index:4 nodes: id=1,voting=1,active=1,addr=- id=2,voting=0,active=1,addr=localhost:5042
960813:M 11 Jan 2024 14:26:49.601 * <raft> Cluster Membership: term:0 index:4 nodes: id=1,voting=1,active=1,addr=- id=2,voting=0,active=1,addr=localhost:5042 id=3,voting=0,active=1,addr=localhost:5043
960813:M 11 Jan 2024 14:26:49.601 * <raft> Raft state after loading log: log_count=4, first_idx=1, current_idx=4, last_applied_idx=0
960813:M 11 Jan 2024 14:26:49.601 . <raft> Raft term=1, vote=-1
960813:M 11 Jan 2024 14:26:49.607 * <raft> State change: Node is now a leader, term 2
960813:M 11 Jan 2024 14:26:49.607 * <raft> Cluster Membership: term:2 index:5 nodes: id=1,voting=1,active=1,addr=- id=2,voting=0,active=1,addr=localhost:5042 id=3,voting=0,active=1,addr=localhost:5043
960813:signal-handler (1704979609) Received SIGINT scheduling shutdown...
961194:C 11 Jan 2024 14:26:50.111 # WARNING Memory overcommit must be enabled! Without it, a background save or replication may fail under low memory condition. Being disabled, it can also cause failures without low memory condition, see https://github.com/jemalloc/jemalloc/issues/1328. To fix this issue add 'vm.overcommit_memory = 1' to /etc/sysctl.conf and then reboot or run the command 'sysctl vm.overcommit_memory=1' for this to take effect.
961194:C 11 Jan 2024 14:26:50.111 * oO0OoO0OoO0Oo Redis is starting oO0OoO0OoO0Oo
961194:C 11 Jan 2024 14:26:50.111 * Redis version=255.255.255, bits=64, commit=e04ebdb8, modified=1, pid=961194, just started
961194:C 11 Jan 2024 14:26:50.111 * Configuration loaded
961194:M 11 Jan 2024 14:26:50.112 * monotonic clock: POSIX clock_gettime
961194:M 11 Jan 2024 14:26:50.112 * Running mode=standalone, port=5041.
961194:M 11 Jan 2024 14:26:50.119 * <raft> RedisRaft version 255.255.255 [b779b199]
961194:M 11 Jan 2024 14:26:50.123 * <raft> Initializing test network
961194:M 11 Jan 2024 14:26:50.124 * <raft> Created test network client
961194:M 11 Jan 2024 14:26:50.128 * <raft> Raft module loaded, state is 'loading'
961194:M 11 Jan 2024 14:26:50.128 * Module 'raft' loaded from /home/snagendra/Fuzzing/redisraft-fuzzing/redisraft.so
961194:M 11 Jan 2024 14:26:50.129 * Server initialized
961194:M 11 Jan 2024 14:26:50.129 . The AOF directory appendonlydir doesn't exist
961194:M 11 Jan 2024 14:26:50.129 * Ready to accept connections tcp
961194:M 11 Jan 2024 14:26:50.129 . 0 clients connected (0 replicas), 1746688 bytes in use
961194:M 11 Jan 2024 14:26:50.228 * <raft> Loading: Redis loading complete, snapshot NOT LOADED
961194:M 11 Jan 2024 14:26:50.228 * <raft> Cluster Membership: term:0 index:0 nodes: id=1,voting=0,active=1,addr=-
961194:M 11 Jan 2024 14:26:50.229 * <raft> Test network starting message polling thread
961194:M 11 Jan 2024 14:26:50.229 * <raft> Cluster Membership: term:0 index:6 nodes: id=1,voting=1,active=1,addr=- id=2,voting=0,active=1,addr=localhost:5042
961194:M 11 Jan 2024 14:26:50.229 * <raft> Cluster Membership: term:0 index:6 nodes: id=1,voting=1,active=1,addr=- id=2,voting=0,active=1,addr=localhost:5042 id=3,voting=0,active=1,addr=localhost:5043
961194:M 11 Jan 2024 14:26:50.229 * <raft> Raft state after loading log: log_count=6, first_idx=1, current_idx=6, last_applied_idx=0
961194:M 11 Jan 2024 14:26:50.229 . <raft> Raft term=2, vote=-1
961194:M 11 Jan 2024 14:26:50.235 * <raft> State change: Node is now a leader, term 3
961194:M 11 Jan 2024 14:26:50.236 * <raft> Cluster Membership: term:3 index:7 nodes: id=1,voting=1,active=1,addr=- id=2,voting=0,active=1,addr=localhost:5042 id=3,voting=0,active=1,addr=localhost:5043
961194:M 11 Jan 2024 14:26:50.413 - Accepted 127.0.0.1:35132
961194:M 11 Jan 2024 14:26:50.413 # Missing implement of connection type tls
961194:signal-handler (1704979610) Received SIGINT scheduling shutdown...
961194:signal-handler (1704979610) You insist... exiting now.
961533:C 11 Jan 2024 14:26:50.983 # WARNING Memory overcommit must be enabled! Without it, a background save or replication may fail under low memory condition. Being disabled, it can also cause failures without low memory condition, see https://github.com/jemalloc/jemalloc/issues/1328. To fix this issue add 'vm.overcommit_memory = 1' to /etc/sysctl.conf and then reboot or run the command 'sysctl vm.overcommit_memory=1' for this to take effect.
961533:C 11 Jan 2024 14:26:50.983 * oO0OoO0OoO0Oo Redis is starting oO0OoO0OoO0Oo
961533:C 11 Jan 2024 14:26:50.983 * Redis version=255.255.255, bits=64, commit=e04ebdb8, modified=1, pid=961533, just started
961533:C 11 Jan 2024 14:26:50.983 * Configuration loaded
961533:M 11 Jan 2024 14:26:50.984 * monotonic clock: POSIX clock_gettime
961533:M 11 Jan 2024 14:26:50.984 * Running mode=standalone, port=5041.
961533:M 11 Jan 2024 14:26:50.991 * <raft> RedisRaft version 255.255.255 [b779b199]
961533:M 11 Jan 2024 14:26:50.995 * <raft> Initializing test network
961533:M 11 Jan 2024 14:26:50.996 * <raft> Created test network client
961533:M 11 Jan 2024 14:26:50.999 * <raft> Raft module loaded, state is 'loading'
961533:M 11 Jan 2024 14:26:50.999 * Module 'raft' loaded from /home/snagendra/Fuzzing/redisraft-fuzzing/redisraft.so
961533:M 11 Jan 2024 14:26:51.000 * Server initialized
961533:M 11 Jan 2024 14:26:51.000 . The AOF directory appendonlydir doesn't exist
961533:M 11 Jan 2024 14:26:51.000 * Ready to accept connections tcp
961533:M 11 Jan 2024 14:26:51.000 . 0 clients connected (0 replicas), 1746560 bytes in use
961533:M 11 Jan 2024 14:26:51.099 * <raft> Loading: Redis loading complete, snapshot NOT LOADED
961533:M 11 Jan 2024 14:26:51.100 * <raft> Cluster Membership: term:0 index:0 nodes: id=1,voting=0,active=1,addr=-
961533:M 11 Jan 2024 14:26:51.100 * <raft> Test network starting message polling thread
961533:M 11 Jan 2024 14:26:51.100 * <raft> Cluster Membership: term:0 index:7 nodes: id=1,voting=1,active=1,addr=- id=2,voting=0,active=1,addr=localhost:5042
961533:M 11 Jan 2024 14:26:51.101 * <raft> Cluster Membership: term:0 index:7 nodes: id=1,voting=1,active=1,addr=- id=2,voting=0,active=1,addr=localhost:5042 id=3,voting=0,active=1,addr=localhost:5043
961533:M 11 Jan 2024 14:26:51.101 * <raft> Raft state after loading log: log_count=7, first_idx=1, current_idx=7, last_applied_idx=0
961533:M 11 Jan 2024 14:26:51.101 . <raft> Raft term=3, vote=-1
961533:M 11 Jan 2024 14:26:51.108 * <raft> State change: Node is now a leader, term 4
961533:M 11 Jan 2024 14:26:51.108 * <raft> Cluster Membership: term:4 index:8 nodes: id=1,voting=1,active=1,addr=- id=2,voting=0,active=1,addr=localhost:5042 id=3,voting=0,active=1,addr=localhost:5043
961533:signal-handler (1704979611) Received SIGINT scheduling shutdown...
961533:signal-handler (1704979611) You insist... exiting now.

----- Stderr -----
libgcov profiling error:/home/snagendra/Fuzzing/redisraft-fuzzing/build/deps/raft/CMakeFiles/raft.dir/src/raft_server.c.gcda:Merge mismatch for function 36
libgcov profiling error:/home/snagendra/Fuzzing/redisraft-fuzzing/build/deps/raft/CMakeFiles/raft.dir/src/raft_server.c.gcda:Merge mismatch for function 36
libgcov profiling error:/home/snagendra/Fuzzing/redisraft-fuzzing/build/deps/raft/CMakeFiles/raft.dir/src/raft_server.c.gcda:Merge mismatch for function 36




logs for node: 2

----- Stdout -----
960251:C 11 Jan 2024 14:26:47.838 # WARNING Memory overcommit must be enabled! Without it, a background save or replication may fail under low memory condition. Being disabled, it can also cause failures without low memory condition, see https://github.com/jemalloc/jemalloc/issues/1328. To fix this issue add 'vm.overcommit_memory = 1' to /etc/sysctl.conf and then reboot or run the command 'sysctl vm.overcommit_memory=1' for this to take effect.
960251:C 11 Jan 2024 14:26:47.838 * oO0OoO0OoO0Oo Redis is starting oO0OoO0OoO0Oo
960251:C 11 Jan 2024 14:26:47.838 * Redis version=255.255.255, bits=64, commit=e04ebdb8, modified=1, pid=960251, just started
960251:C 11 Jan 2024 14:26:47.838 * Configuration loaded
960251:M 11 Jan 2024 14:26:47.839 * monotonic clock: POSIX clock_gettime
960251:M 11 Jan 2024 14:26:47.839 * Running mode=standalone, port=5042.
960251:M 11 Jan 2024 14:26:47.846 * <raft> RedisRaft version 255.255.255 [b779b199]
960251:M 11 Jan 2024 14:26:47.850 * <raft> Initializing test network
960251:M 11 Jan 2024 14:26:47.851 * <raft> Created test network client
960251:M 11 Jan 2024 14:26:47.852 * <raft> Raft module loaded, state is 'uninitialized'
960251:M 11 Jan 2024 14:26:47.852 * Module 'raft' loaded from /home/snagendra/Fuzzing/redisraft-fuzzing/redisraft.so
960251:M 11 Jan 2024 14:26:47.852 * Server initialized
960251:M 11 Jan 2024 14:26:47.853 . The AOF directory appendonlydir doesn't exist
960251:M 11 Jan 2024 14:26:47.853 * Ready to accept connections tcp
960251:M 11 Jan 2024 14:26:47.853 . 0 clients connected (0 replicas), 1726192 bytes in use
960251:M 11 Jan 2024 14:26:47.875 - Accepted 127.0.0.1:50082
960251:M 11 Jan 2024 14:26:47.875 # Missing implement of connection type tls
960251:M 11 Jan 2024 14:26:47.952 - <raft> join cluster, connecting to localhost:5041
960251:M 11 Jan 2024 14:26:47.953 * <raft> Joined Raft cluster, node id: 2, dbid: e065c876f1095297b5339ea6dcba7fd4
960251:M 11 Jan 2024 14:26:47.959 * <raft> Cluster Membership: term:0 index:0 nodes: id=2,voting=0,active=1,addr=-
960251:M 11 Jan 2024 14:26:47.960 * <raft> Test network starting message polling thread
960251:M 11 Jan 2024 14:26:48.008 - Accepted 127.0.0.1:50086
960251:M 11 Jan 2024 14:26:48.153 * <raft> Cluster Membership: term:1 index:2 nodes: id=2,voting=0,active=1,addr=- id=1,voting=1,active=1,addr=localhost:5041
960251:M 11 Jan 2024 14:26:48.450 - Client closed connection id=9 addr=127.0.0.1:50086 laddr=127.0.0.1:5042 fd=10 name= age=0 idle=0 flags=N db=0 sub=0 psub=0 ssub=0 multi=-1 qbuf=0 qbuf-free=20474 argv-mem=0 multi-mem=0 rbs=1024 rbp=0 obl=0 oll=0 omem=0 tot-mem=22400 events=r cmd=auth user=default redir=-1 resp=2 lib-name= lib-ver=
960251:signal-handler (1704979608) Received SIGINT scheduling shutdown...
960251:signal-handler (1704979608) You insist... exiting now.


=== REDIS BUG REPORT START: Cut & paste starting from here ===
960251:M 11 Jan 2024 14:26:48.554 # Redis 255.255.255 crashed by signal: 11, si_code: 1
960251:M 11 Jan 2024 14:26:48.554 # Accessing address: 0x18
960251:M 11 Jan 2024 14:26:48.554 # Crashed running the instruction at: 0x7f9691cf80b0

------ STACK TRACE ------
EIP:
/lib/x86_64-linux-gnu/libc.so.6(__pthread_rwlock_wrlock+0x0)[0x7f9691cf80b0]

Backtrace:
/lib/x86_64-linux-gnu/libc.so.6(+0x3bfd0)[0x7f9691ca4fd0]
/lib/x86_64-linux-gnu/libc.so.6(__pthread_rwlock_wrlock+0x0)[0x7f9691cf80b0]
/lib/x86_64-linux-gnu/libcrypto.so.3(CRYPTO_THREAD_write_lock+0x9)[0x7f969003df49]
/lib/x86_64-linux-gnu/libcrypto.so.3(ENGINE_get_first+0x3a)[0x7f968ffe408a]
/lib/x86_64-linux-gnu/libcrypto.so.3(ENGINE_register_all_complete+0x6)[0x7f968ffe3486]
/lib/x86_64-linux-gnu/libssh2.so.1(libssh2_init+0x39)[0x7f9690a5a389]
/lib/x86_64-linux-gnu/libcurl-gnutls.so.4(+0x8146b)[0x7f9690b4e46b]
/lib/x86_64-linux-gnu/libcurl-gnutls.so.4(+0x22125)[0x7f9690aef125]
/lib/x86_64-linux-gnu/libcurl-gnutls.so.4(curl_global_init+0x3a)[0x7f9690aef22a]
/home/snagendra/Fuzzing/redisraft-fuzzing/redisraft.so(redis_test_http_do+0x2c)[0x7f9690bc486c]
/home/snagendra/Fuzzing/redisraft-fuzzing/redisraft.so(redis_test_http_post+0x26)[0x7f9690bc4a86]
/home/snagendra/Fuzzing/redisraft-fuzzing/redisraft.so(redis_test_send_message+0x9d)[0x7f9690bc3efd]
/home/snagendra/Fuzzing/redisraft-fuzzing/redisraft.so(testNetworkSendRequestVote+0x6a)[0x7f9690bad2ba]
/home/snagendra/Fuzzing/redisraft-fuzzing/redisraft.so(raft_send_requestvote+0x126)[0x7f9690bb35e6]
/home/snagendra/Fuzzing/redisraft-fuzzing/redisraft.so(raft_become_precandidate+0x113)[0x7f9690bb37a3]
/home/snagendra/Fuzzing/redisraft-fuzzing/redisraft.so(raft_election_start+0x80)[0x7f9690bb3f10]
/home/snagendra/Fuzzing/redisraft-fuzzing/redisraft.so(raft_periodic_internal+0x9a)[0x7f9690bb863a]
/home/snagendra/Fuzzing/redisraft-fuzzing/redisraft.so(raft_periodic+0x18)[0x7f9690bb8868]
/home/snagendra/Fuzzing/redisraft-fuzzing/redisraft.so(+0x2b765)[0x7f9690ba3765]
/home/snagendra/Fuzzing/redis/src/redis-server 0.0.0.0:5042(moduleTimerHandler+0x21c)[0x55f0c32f498c]
/home/snagendra/Fuzzing/redis/src/redis-server 0.0.0.0:5042(+0x81705)[0x55f0c31fe705]
/home/snagendra/Fuzzing/redis/src/redis-server 0.0.0.0:5042(aeMain+0x1c8)[0x55f0c3208cb8]
/home/snagendra/Fuzzing/redis/src/redis-server 0.0.0.0:5042(main+0x3cd)[0x55f0c31fde2d]
/lib/x86_64-linux-gnu/libc.so.6(+0x271ca)[0x7f9691c901ca]
/lib/x86_64-linux-gnu/libc.so.6(__libc_start_main+0x85)[0x7f9691c90285]
/home/snagendra/Fuzzing/redis/src/redis-server 0.0.0.0:5042(_start+0x2a)[0x55f0c31fe5aa]

------ REGISTERS ------
960251:M 11 Jan 2024 14:26:48.555 # 
RAX:0000000000000001 RBX:000055f0c4cd92f0
RCX:0000000000000000 RDX:0000000000000000
RDI:0000000000000000 RSI:0000000000000000
RBP:00007f969027e638 RSP:00007ffeb1711828
R8 :0000000000000000 R9 :0000000000000000
R10:0000000000000000 R11:0000000000000000
R12:00007ffeb1711920 R13:000055f0c4cd93b0
R14:0000000000000001 R15:0000000000000002
RIP:00007f9691cf80b0 EFL:0000000000010206
CSGSFS:002b000000000033
960251:M 11 Jan 2024 14:26:48.555 # (00007ffeb1711837) -> 000055f0c4cd92f0
960251:M 11 Jan 2024 14:26:48.555 # (00007ffeb1711836) -> 00007f9690aef125
960251:M 11 Jan 2024 14:26:48.555 # (00007ffeb1711835) -> 0000000000000002
960251:M 11 Jan 2024 14:26:48.555 # (00007ffeb1711834) -> 00007f9690b4e46b
960251:M 11 Jan 2024 14:26:48.555 # (00007ffeb1711833) -> 000055f0c4cd93b0
960251:M 11 Jan 2024 14:26:48.555 # (00007ffeb1711832) -> 00000000b1711920
960251:M 11 Jan 2024 14:26:48.555 # (00007ffeb1711831) -> 000055f0c4d03440
960251:M 11 Jan 2024 14:26:48.555 # (00007ffeb1711830) -> 00007f9690a5a389
960251:M 11 Jan 2024 14:26:48.555 # (00007ffeb171182f) -> 000055f0c4cd92f0
960251:M 11 Jan 2024 14:26:48.555 # (00007ffeb171182e) -> 00007f968ffe3486
960251:M 11 Jan 2024 14:26:48.555 # (00007ffeb171182d) -> 000055f0c4d03440
960251:M 11 Jan 2024 14:26:48.555 # (00007ffeb171182c) -> 000055f0c4cd92f0
960251:M 11 Jan 2024 14:26:48.555 # (00007ffeb171182b) -> 00007ffeb1711920
960251:M 11 Jan 2024 14:26:48.555 # (00007ffeb171182a) -> 00007f968ffe408a
960251:M 11 Jan 2024 14:26:48.555 # (00007ffeb1711829) -> 000055f0c4cd92f0
960251:M 11 Jan 2024 14:26:48.555 # (00007ffeb1711828) -> 00007f969003df49

------ INFO OUTPUT ------
# Server
redis_version:255.255.255
redis_git_sha1:e04ebdb8
redis_git_dirty:1
redis_build_id:1f78dcc7b4fbdd25
redis_mode:standalone
os:Linux 6.1.60.1.amd64-smp x86_64
arch_bits:64
monotonic_clock:POSIX clock_gettime
multiplexing_api:epoll
atomicvar_api:c11-builtin
gcc_version:10.2.1
process_id:960251
process_supervised:no
run_id:c9769d79ae67c38d59d54cf66a371c6a2e034f17
tcp_port:5042
server_time_usec:1704979608554846
uptime_in_seconds:1
uptime_in_days:0
hz:10
configured_hz:10
lru_clock:10480792
executable:/home/snagendra/Fuzzing/redis/src/redis-server
config_file:
io_threads_active:0
listener0:name=tcp,bind=0.0.0.0,port=5042

# Clients
connected_clients:1
cluster_connections:0
maxclients:10000
client_recent_max_input_buffer:20534
client_recent_max_output_buffer:0
blocked_clients:0
tracking_clients:0
clients_in_timeout_table:0
total_blocking_keys:0
total_blocking_keys_on_nokey:0

# Memory
used_memory:1877616
used_memory_human:1.79M
used_memory_rss:18317312
used_memory_rss_human:17.47M
used_memory_peak:1927520
used_memory_peak_human:1.84M
used_memory_peak_perc:97.41%
used_memory_overhead:1748632
used_memory_startup:1726048
used_memory_dataset:128984
used_memory_dataset_perc:85.10%
allocator_allocated:2437168
allocator_active:3129344
allocator_resident:13565952
total_system_memory:270388695040
total_system_memory_human:251.82G
used_memory_lua:31744
used_memory_vm_eval:31744
used_memory_lua_human:31.00K
used_memory_scripts_eval:0
number_of_cached_scripts:0
number_of_functions:0
number_of_libraries:0
used_memory_vm_functions:32768
used_memory_vm_total:64512
used_memory_vm_total_human:63.00K
used_memory_functions:184
used_memory_scripts:184
used_memory_scripts_human:184B
maxmemory:0
maxmemory_human:0B
maxmemory_policy:noeviction
allocator_frag_ratio:1.28
allocator_frag_bytes:692176
allocator_rss_ratio:4.34
allocator_rss_bytes:10436608
rss_overhead_ratio:1.35
rss_overhead_bytes:4751360
mem_fragmentation_ratio:9.77
mem_fragmentation_bytes:16441704
mem_not_counted_for_evict:0
mem_replication_backlog:0
mem_total_replication_buffers:0
mem_clients_slaves:0
mem_clients_normal:22400
mem_cluster_links:0
mem_aof_buffer:0
mem_allocator:jemalloc-5.3.0
active_defrag_running:0
lazyfree_pending_objects:0
lazyfreed_objects:0

# Persistence
loading:0
async_loading:0
current_cow_peak:0
current_cow_size:0
current_cow_size_age:0
current_fork_perc:0.00
current_save_keys_processed:0
current_save_keys_total:0
rdb_changes_since_last_save:0
rdb_bgsave_in_progress:0
rdb_last_save_time:1704979607
rdb_last_bgsave_status:ok
rdb_last_bgsave_time_sec:-1
rdb_current_bgsave_time_sec:-1
rdb_saves:0
rdb_last_cow_size:0
rdb_last_load_keys_expired:0
rdb_last_load_keys_loaded:0
aof_enabled:0
aof_rewrite_in_progress:0
aof_rewrite_scheduled:0
aof_last_rewrite_time_sec:-1
aof_current_rewrite_time_sec:-1
aof_last_bgrewrite_status:ok
aof_rewrites:0
aof_rewrites_consecutive_failures:0
aof_last_write_status:ok
aof_last_cow_size:0
module_fork_in_progress:0
module_fork_last_cow_size:0

# Stats
total_connections_received:2
total_commands_processed:11
instantaneous_ops_per_sec:29
total_net_input_bytes:231
total_net_output_bytes:293
total_net_repl_input_bytes:0
total_net_repl_output_bytes:0
instantaneous_input_kbps:0.13
instantaneous_output_kbps:0.17
instantaneous_input_repl_kbps:0.00
instantaneous_output_repl_kbps:0.00
rejected_connections:0
sync_full:0
sync_partial_ok:0
sync_partial_err:0
expired_keys:0
expired_stale_perc:0.00
expired_time_cap_reached_count:0
expire_cycle_cpu_milliseconds:0
evicted_keys:0
evicted_clients:0
total_eviction_exceeded_time:0
current_eviction_exceeded_time:0
keyspace_hits:0
keyspace_misses:0
pubsub_channels:0
pubsub_patterns:0
pubsubshard_channels:0
latest_fork_usec:0
total_forks:0
migrate_cached_sockets:0
slave_expires_tracked_keys:0
active_defrag_hits:0
active_defrag_misses:0
active_defrag_key_hits:0
active_defrag_key_misses:0
total_active_defrag_time:0
current_active_defrag_time:0
tracking_total_keys:0
tracking_total_items:0
tracking_total_prefixes:0
unexpected_error_replies:0
total_error_replies:0
dump_payload_sanitizations:0
total_reads_processed:6
total_writes_processed:5
io_threaded_reads_processed:0
io_threaded_writes_processed:0
reply_buffer_shrinks:2
reply_buffer_expands:0
acl_access_denied_auth:0
acl_access_denied_cmd:0
acl_access_denied_key:0
acl_access_denied_channel:0

# Replication
role:master
connected_slaves:0
master_failover_state:no-failover
master_replid:cef2e0985556037b60a32c6c7edcf918775a40a2
master_replid2:0000000000000000000000000000000000000000
master_repl_offset:0
second_repl_offset:-1
repl_backlog_active:0
repl_backlog_size:1048576
repl_backlog_first_byte_offset:0
repl_backlog_histlen:0

# CPU
used_cpu_sys:0.028170
used_cpu_user:0.028170
used_cpu_sys_children:0.000000
used_cpu_user_children:0.000000
used_cpu_sys_main_thread:0.004728
used_cpu_user_main_thread:0.014185

# Modules
module:name=raft,ver=1,api=1,filters=1,usedby=[],using=[],options=[]

# Commandstats
cmdstat_hello:calls=1,usec=4,usec_per_call=4.00,rejected_calls=0,failed_calls=0
cmdstat_client|setinfo:calls=2,usec=0,usec_per_call=0.00,rejected_calls=0,failed_calls=0
cmdstat_command:calls=2,usec=1388,usec_per_call=694.00,rejected_calls=0,failed_calls=0
cmdstat_raft.cluster:calls=1,usec=4,usec_per_call=4.00,rejected_calls=0,failed_calls=0
cmdstat_config|set:calls=1,usec=7,usec_per_call=7.00,rejected_calls=0,failed_calls=0
cmdstat_config|get:calls=3,usec=5,usec_per_call=1.67,rejected_calls=0,failed_calls=0
cmdstat_auth:calls=1,usec=1,usec_per_call=1.00,rejected_calls=0,failed_calls=0

# Errorstats

# Latencystats
latency_percentiles_usec_hello:p50=4.015,p99=4.015,p99.9=4.015
latency_percentiles_usec_client|setinfo:p50=0.001,p99=0.001,p99.9=0.001
latency_percentiles_usec_command:p50=663.551,p99=729.087,p99.9=729.087
latency_percentiles_usec_raft.cluster:p50=4.015,p99=4.015,p99.9=4.015
latency_percentiles_usec_config|set:p50=7.007,p99=7.007,p99.9=7.007
latency_percentiles_usec_config|get:p50=2.007,p99=2.007,p99.9=2.007
latency_percentiles_usec_auth:p50=1.003,p99=1.003,p99.9=1.003

# Cluster
cluster_enabled:0

# Keyspace

------ CLIENT LIST OUTPUT ------
id=8 addr=127.0.0.1:50082 laddr=127.0.0.1:5042 fd=9 name= age=1 idle=1 flags=N db=0 sub=0 psub=0 ssub=0 multi=-1 qbuf=0 qbuf-free=20474 argv-mem=0 multi-mem=0 rbs=1024 rbp=5 obl=0 oll=0 omem=0 tot-mem=22400 events=r cmd=raft.cluster user=default redir=-1 resp=3 lib-name=go-redis(,go1.21.4) lib-ver=9.2.1

------ MODULES INFO OUTPUT ------
# raft_version
raft_version:255.255.255
raft_git_sha1:b779b199

# raft_general
raft_dbid:e065c876f1095297b5339ea6dcba7fd4
raft_node_id:2
raft_state:up
raft_role:pre-candidate
raft_is_voting:no
raft_voted_for:-1
raft_leader_id:-1
raft_current_term:1
raft_num_nodes:2
raft_num_voting_nodes:1
raft_node1:id=1,state=connect_error,voting=yes,addr=localhost,port=5041,last_conn_secs=0,conn_errors=1,conn_oks=1

# raft_log
raft_log_entries:3
raft_current_index:3
raft_commit_index:3
raft_last_applied_index:3
raft_file_size:845
raft_cache_memory_size:696
raft_cache_entries:3
raft_client_attached_entries:0
raft_fsync_count:1
raft_fsync_max_microseconds:10
raft_entry1:term=1,id=0,data_len=0
raft_entry2:term=1,id=819078934,data_len=264
raft_fsync_avg_microseconds:10

# raft_snapshot
raft_snapshot_filename:redis2.rdb
raft_snapshot_last_idx:0
raft_snapshot_last_term:0
raft_snapshot_size:0
raft_snapshot_time_secs:-1
raft_snapshots_created:0
raft_snapshots_received:0
raft_snapshot_in_progress:no
raft_snapshot_in_progress_last_idx:-1
raft_snapshot_in_progress_last_term:-1

# raft_clients
raft_proxy_reqs:0
raft_proxy_failed_reqs:0
raft_proxy_failed_responses:0
raft_proxy_outstanding_reqs:0

# raft_stats
raft_appendreq_received:0
raft_appendreq_with_entry_received:0
raft_snapshotreq_received:0
raft_exec_throttled:0
raft_num_sessions:0

------ CONFIG DEBUG OUTPUT ------
sanitize-dump-payload no
lazyfree-lazy-user-del no
slave-read-only yes
proto-max-bulk-len 512mb
lazyfree-lazy-expire no
repl-diskless-load disabled
list-compress-depth 0
lazyfree-lazy-server-del no
io-threads 1
io-threads-do-reads no
repl-diskless-sync yes
activedefrag no
lazyfree-lazy-eviction no
replica-read-only yes
client-query-buffer-limit 1gb
lazyfree-lazy-user-flush no

------ FAST MEMORY TEST ------
960251:M 11 Jan 2024 14:26:48.556 # Bio worker thread #0 terminated
960251:M 11 Jan 2024 14:26:48.556 # Bio worker thread #1 terminated
960251:M 11 Jan 2024 14:26:48.556 # Bio worker thread #2 terminated
*** Preparing to test memory region 55f0c34d4000 (2273280 bytes)
*** Preparing to test memory region 55f0c4cad000 (405504 bytes)
*** Preparing to test memory region 7f966c000000 (135168 bytes)
*** Preparing to test memory region 7f9670000000 (135168 bytes)
*** Preparing to test memory region 7f9674000000 (135168 bytes)
*** Preparing to test memory region 7f9678000000 (135168 bytes)
*** Preparing to test memory region 7f967d800000 (8388608 bytes)
*** Preparing to test memory region 7f967e200000 (8388608 bytes)
*** Preparing to test memory region 7f967ea00000 (4194304 bytes)
*** Preparing to test memory region 7f967efff000 (8388608 bytes)
*** Preparing to test memory region 7f967f800000 (8388608 bytes)
*** Preparing to test memory region 7f9680000000 (135168 bytes)
*** Preparing to test memory region 7f96841ff000 (8388608 bytes)
*** Preparing to test memory region 7f9684a00000 (8388608 bytes)
*** Preparing to test memory region 7f9685200000 (4194304 bytes)
*** Preparing to test memory region 7f9685800000 (8388608 bytes)
*** Preparing to test memory region 7f9686000000 (6291456 bytes)
*** Preparing to test memory region 7f96867fe000 (8388608 bytes)
*** Preparing to test memory region 7f9686fff000 (8388608 bytes)
*** Preparing to test memory region 7f9687800000 (8388608 bytes)
*** Preparing to test memory region 7f9688000000 (135168 bytes)
*** Preparing to test memory region 7f968c1c8000 (8388608 bytes)
*** Preparing to test memory region 7f968c9c9000 (8388608 bytes)
*** Preparing to test memory region 7f968d1ca000 (8388608 bytes)
*** Preparing to test memory region 7f968d9cb000 (8388608 bytes)
*** Preparing to test memory region 7f968e1cc000 (8388608 bytes)
*** Preparing to test memory region 7f968e9cd000 (8388608 bytes)
*** Preparing to test memory region 7f968f1ce000 (8388608 bytes)
*** Preparing to test memory region 7f968f9ce000 (2621440 bytes)
*** Preparing to test memory region 7f968fc5d000 (8192 bytes)
*** Preparing to test memory region 7f969027f000 (12288 bytes)
*** Preparing to test memory region 7f9690818000 (16384 bytes)
*** Preparing to test memory region 7f969098a000 (8192 bytes)
*** Preparing to test memory region 7f9690bfa000 (24576 bytes)
*** Preparing to test memory region 7f9691400000 (8388608 bytes)
*** Preparing to test memory region 7f9691c3c000 (4096 bytes)
*** Preparing to test memory region 7f9691c62000 (28672 bytes)
*** Preparing to test memory region 7f9691e3d000 (53248 bytes)
*** Preparing to test memory region 7f9691f5a000 (8192 bytes)
.
----- Stderr -----
libgcov profiling error:/home/snagendra/Fuzzing/redisraft-fuzzing/build/deps/raft/CMakeFiles/raft.dir/src/raft_server.c.gcda:Merge mismatch for function 36




logs for node: 3

----- Stdout -----
960280:C 11 Jan 2024 14:26:47.963 # WARNING Memory overcommit must be enabled! Without it, a background save or replication may fail under low memory condition. Being disabled, it can also cause failures without low memory condition, see https://github.com/jemalloc/jemalloc/issues/1328. To fix this issue add 'vm.overcommit_memory = 1' to /etc/sysctl.conf and then reboot or run the command 'sysctl vm.overcommit_memory=1' for this to take effect.
960280:C 11 Jan 2024 14:26:47.963 * oO0OoO0OoO0Oo Redis is starting oO0OoO0OoO0Oo
960280:C 11 Jan 2024 14:26:47.963 * Redis version=255.255.255, bits=64, commit=e04ebdb8, modified=1, pid=960280, just started
960280:C 11 Jan 2024 14:26:47.963 * Configuration loaded
960280:M 11 Jan 2024 14:26:47.963 * monotonic clock: POSIX clock_gettime
960280:M 11 Jan 2024 14:26:47.964 * Running mode=standalone, port=5043.
960280:M 11 Jan 2024 14:26:47.970 * <raft> RedisRaft version 255.255.255 [b779b199]
960280:M 11 Jan 2024 14:26:47.975 * <raft> Initializing test network
960280:M 11 Jan 2024 14:26:47.976 * <raft> Created test network client
960280:M 11 Jan 2024 14:26:47.976 * <raft> Raft module loaded, state is 'uninitialized'
960280:M 11 Jan 2024 14:26:47.976 * Module 'raft' loaded from /home/snagendra/Fuzzing/redisraft-fuzzing/redisraft.so
960280:M 11 Jan 2024 14:26:47.977 * Server initialized
960280:M 11 Jan 2024 14:26:47.978 . The AOF directory appendonlydir doesn't exist
960280:M 11 Jan 2024 14:26:47.978 * Ready to accept connections tcp
960280:M 11 Jan 2024 14:26:47.978 . 0 clients connected (0 replicas), 1726224 bytes in use
960280:M 11 Jan 2024 14:26:47.981 - Accepted 127.0.0.1:50462
960280:M 11 Jan 2024 14:26:47.981 # Missing implement of connection type tls
960280:M 11 Jan 2024 14:26:48.077 - <raft> join cluster, connecting to localhost:5041
960280:M 11 Jan 2024 14:26:48.079 * <raft> Joined Raft cluster, node id: 3, dbid: e065c876f1095297b5339ea6dcba7fd4
960280:M 11 Jan 2024 14:26:48.085 * <raft> Cluster Membership: term:0 index:0 nodes: id=3,voting=0,active=1,addr=-
960280:M 11 Jan 2024 14:26:48.085 * <raft> Test network starting message polling thread
960280:M 11 Jan 2024 14:26:48.109 - Accepted 127.0.0.1:50470
960280:signal-handler (1704979608) Received SIGINT scheduling shutdown...
960280:signal-handler (1704979608) You insist... exiting now.
961429:C 11 Jan 2024 14:26:50.709 # WARNING Memory overcommit must be enabled! Without it, a background save or replication may fail under low memory condition. Being disabled, it can also cause failures without low memory condition, see https://github.com/jemalloc/jemalloc/issues/1328. To fix this issue add 'vm.overcommit_memory = 1' to /etc/sysctl.conf and then reboot or run the command 'sysctl vm.overcommit_memory=1' for this to take effect.
961429:C 11 Jan 2024 14:26:50.709 * oO0OoO0OoO0Oo Redis is starting oO0OoO0OoO0Oo
961429:C 11 Jan 2024 14:26:50.709 * Redis version=255.255.255, bits=64, commit=e04ebdb8, modified=1, pid=961429, just started
961429:C 11 Jan 2024 14:26:50.709 * Configuration loaded
961429:M 11 Jan 2024 14:26:50.710 * monotonic clock: POSIX clock_gettime
961429:M 11 Jan 2024 14:26:50.710 * Running mode=standalone, port=5043.
961429:M 11 Jan 2024 14:26:50.717 * <raft> RedisRaft version 255.255.255 [b779b199]
961429:M 11 Jan 2024 14:26:50.722 * <raft> Initializing test network
961429:M 11 Jan 2024 14:26:50.722 * <raft> Created test network client
961429:M 11 Jan 2024 14:26:50.723 * <raft> Raft module loaded, state is 'uninitialized'
961429:M 11 Jan 2024 14:26:50.723 * Module 'raft' loaded from /home/snagendra/Fuzzing/redisraft-fuzzing/redisraft.so
961429:M 11 Jan 2024 14:26:50.723 * Server initialized
961429:M 11 Jan 2024 14:26:50.723 . The AOF directory appendonlydir doesn't exist
961429:M 11 Jan 2024 14:26:50.723 * Ready to accept connections tcp
961429:M 11 Jan 2024 14:26:50.723 . 0 clients connected (0 replicas), 1726352 bytes in use
961429:M 11 Jan 2024 14:26:51.108 - Accepted 127.0.0.1:50538
961429:M 11 Jan 2024 14:26:51.108 # Missing implement of connection type tls
961429:signal-handler (1704979611) Received SIGINT scheduling shutdown...
961429:signal-handler (1704979611) You insist... exiting now.

----- Stderr -----
libgcov profiling error:/home/snagendra/Fuzzing/redisraft-fuzzing/build/deps/raft/CMakeFiles/raft.dir/src/raft_server.c.gcda:Merge mismatch for function 36
libgcov profiling error:/home/snagendra/Fuzzing/redisraft-fuzzing/build/deps/raft/CMakeFiles/raft.dir/src/raft_server.c.gcda:Merge mismatch for function 36



