logs for node: 3

----- Stdout -----
4185991:C 11 Jan 2024 13:50:39.337 # WARNING Memory overcommit must be enabled! Without it, a background save or replication may fail under low memory condition. Being disabled, it can also cause failures without low memory condition, see https://github.com/jemalloc/jemalloc/issues/1328. To fix this issue add 'vm.overcommit_memory = 1' to /etc/sysctl.conf and then reboot or run the command 'sysctl vm.overcommit_memory=1' for this to take effect.
4185991:C 11 Jan 2024 13:50:39.337 * oO0OoO0OoO0Oo Redis is starting oO0OoO0OoO0Oo
4185991:C 11 Jan 2024 13:50:39.337 * Redis version=255.255.255, bits=64, commit=e04ebdb8, modified=1, pid=4185991, just started
4185991:C 11 Jan 2024 13:50:39.337 * Configuration loaded
4185991:M 11 Jan 2024 13:50:39.337 * monotonic clock: POSIX clock_gettime
4185991:M 11 Jan 2024 13:50:39.338 * Running mode=standalone, port=5073.
4185991:M 11 Jan 2024 13:50:39.344 * <raft> RedisRaft version 255.255.255 [b779b199]
4185991:M 11 Jan 2024 13:50:39.349 * <raft> Initializing test network
4185991:M 11 Jan 2024 13:50:39.350 * <raft> Created test network client
4185991:M 11 Jan 2024 13:50:39.351 * <raft> Raft module loaded, state is 'uninitialized'
4185991:M 11 Jan 2024 13:50:39.351 * Module 'raft' loaded from /home/snagendra/Fuzzing/redisraft-fuzzing/redisraft.so
4185991:M 11 Jan 2024 13:50:39.351 * Server initialized
4185991:M 11 Jan 2024 13:50:39.352 . The AOF directory appendonlydir doesn't exist
4185991:M 11 Jan 2024 13:50:39.352 * Ready to accept connections tcp
4185991:M 11 Jan 2024 13:50:39.352 . 0 clients connected (0 replicas), 1726224 bytes in use
4185991:M 11 Jan 2024 13:50:39.377 - Accepted 127.0.0.1:49896
4185991:M 11 Jan 2024 13:50:39.377 # Missing implement of connection type tls
4185991:M 11 Jan 2024 13:50:39.450 - <raft> join cluster, connecting to localhost:5071
4185991:M 11 Jan 2024 13:50:39.452 * <raft> Joined Raft cluster, node id: 3, dbid: 89bf88dd1c055c41f8d41727adb92b77
4185991:M 11 Jan 2024 13:50:39.458 * <raft> Cluster Membership: term:0 index:0 nodes: id=3,voting=0,active=1,addr=-
4185991:M 11 Jan 2024 13:50:39.458 * <raft> Test network starting message polling thread
4185991:M 11 Jan 2024 13:50:39.489 - Accepted 127.0.0.1:49898
4185991:M 11 Jan 2024 13:50:39.728 - Accepted 127.0.0.1:49912
4185991:M 11 Jan 2024 13:50:39.852 * <raft> State change: Election starting, node is now a pre-candidate, term 0
4185991:M 11 Jan 2024 13:50:39.852 * <raft> Cluster Membership: term:0 index:0 nodes: id=3,voting=0,active=1,addr=-
4185991:M 11 Jan 2024 13:50:39.964 - Client closed connection id=9 addr=127.0.0.1:49898 laddr=127.0.0.1:5073 fd=10 name= age=0 idle=0 flags=N db=0 sub=0 psub=0 ssub=0 multi=-1 qbuf=0 qbuf-free=20474 argv-mem=0 multi-mem=0 rbs=1024 rbp=0 obl=0 oll=0 omem=0 tot-mem=22400 events=r cmd=auth user=default redir=-1 resp=2 lib-name= lib-ver=
4185991:M 11 Jan 2024 13:50:40.001 * <raft> State change: Node is now a follower, term 1
4185991:M 11 Jan 2024 13:50:40.001 * <raft> Cluster Membership: term:1 index:0 nodes: id=3,voting=0,active=1,addr=-
4185991:M 11 Jan 2024 13:50:40.001 * <raft> Cluster Membership: term:1 index:2 nodes: id=3,voting=0,active=1,addr=- id=1,voting=1,active=1,addr=localhost:5071
4185991:M 11 Jan 2024 13:50:40.001 * <raft> Cluster Membership: term:1 index:3 nodes: id=3,voting=0,active=1,addr=- id=1,voting=1,active=1,addr=localhost:5071 id=2,voting=0,active=1,addr=localhost:5072
4185991:M 11 Jan 2024 13:50:40.356 * <raft> State change: Election starting, node is now a pre-candidate, term 1
4185991:M 11 Jan 2024 13:50:40.356 * <raft> Cluster Membership: term:1 index:4 nodes: id=3,voting=0,active=1,addr=- id=1,voting=1,active=1,addr=localhost:5071 id=2,voting=0,active=1,addr=localhost:5072
4185991:M 11 Jan 2024 13:50:40.652 - Client closed connection id=10 addr=127.0.0.1:49912 laddr=127.0.0.1:5073 fd=13 name= age=1 idle=1 flags=N db=0 sub=0 psub=0 ssub=0 multi=-1 qbuf=0 qbuf-free=20474 argv-mem=0 multi-mem=0 rbs=1024 rbp=0 obl=0 oll=0 omem=0 tot-mem=22400 events=r cmd=auth user=default redir=-1 resp=2 lib-name= lib-ver=
4185991:M 11 Jan 2024 13:50:40.757 * <raft> State change: Election starting, node is now a pre-candidate, term 1
4185991:M 11 Jan 2024 13:50:40.758 * <raft> Cluster Membership: term:1 index:4 nodes: id=3,voting=0,active=1,addr=- id=1,voting=1,active=1,addr=localhost:5071 id=2,voting=0,active=1,addr=localhost:5072
4185991:M 11 Jan 2024 13:50:41.160 * <raft> State change: Election starting, node is now a pre-candidate, term 1
4185991:M 11 Jan 2024 13:50:41.160 * <raft> Cluster Membership: term:1 index:4 nodes: id=3,voting=0,active=1,addr=- id=1,voting=1,active=1,addr=localhost:5071 id=2,voting=0,active=1,addr=localhost:5072
4185991:M 11 Jan 2024 13:50:41.443 - Accepted 127.0.0.1:49916
4185991:M 11 Jan 2024 13:50:41.462 * <raft> State change: Election starting, node is now a pre-candidate, term 1
4185991:M 11 Jan 2024 13:50:41.462 * <raft> Cluster Membership: term:1 index:4 nodes: id=3,voting=0,active=1,addr=- id=1,voting=1,active=1,addr=localhost:5071 id=2,voting=0,active=1,addr=localhost:5072
4185991:M 11 Jan 2024 13:50:41.476 * <raft> State change: Node is now a follower, term 1
4185991:M 11 Jan 2024 13:50:41.476 * <raft> Cluster Membership: term:1 index:4 nodes: id=3,voting=0,active=1,addr=- id=1,voting=1,active=1,addr=localhost:5071 id=2,voting=0,active=1,addr=localhost:5072
4185991:M 11 Jan 2024 13:50:41.586 - Client closed connection id=11 addr=127.0.0.1:49916 laddr=127.0.0.1:5073 fd=10 name= age=0 idle=0 flags=N db=0 sub=0 psub=0 ssub=0 multi=-1 qbuf=0 qbuf-free=20474 argv-mem=0 multi-mem=0 rbs=1024 rbp=0 obl=0 oll=0 omem=0 tot-mem=22400 events=r cmd=auth user=default redir=-1 resp=2 lib-name= lib-ver=
4185991:M 11 Jan 2024 13:50:41.864 * <raft> State change: Election starting, node is now a pre-candidate, term 1
4185991:M 11 Jan 2024 13:50:41.864 * <raft> Cluster Membership: term:1 index:4 nodes: id=3,voting=0,active=1,addr=- id=1,voting=1,active=1,addr=localhost:5071 id=2,voting=0,active=1,addr=localhost:5072
4185991:M 11 Jan 2024 13:50:41.984 - Accepted 127.0.0.1:49920
4185991:M 11 Jan 2024 13:50:42.036 - Client closed connection id=12 addr=127.0.0.1:49920 laddr=127.0.0.1:5073 fd=10 name= age=1 idle=1 flags=N db=0 sub=0 psub=0 ssub=0 multi=-1 qbuf=0 qbuf-free=20474 argv-mem=0 multi-mem=0 rbs=16384 rbp=16384 obl=0 oll=0 omem=0 tot-mem=37760 events=r cmd=auth user=default redir=-1 resp=2 lib-name= lib-ver=
4185991:M 11 Jan 2024 13:50:42.077 - Accepted 127.0.0.1:49932
4185991:M 11 Jan 2024 13:50:42.166 * <raft> State change: Election starting, node is now a pre-candidate, term 1
4185991:M 11 Jan 2024 13:50:42.166 * <raft> Cluster Membership: term:1 index:4 nodes: id=3,voting=0,active=1,addr=- id=1,voting=1,active=1,addr=localhost:5071 id=2,voting=0,active=1,addr=localhost:5072
4185991:M 11 Jan 2024 13:50:42.268 - Client closed connection id=13 addr=127.0.0.1:49932 laddr=127.0.0.1:5073 fd=13 name= age=0 idle=0 flags=N db=0 sub=0 psub=0 ssub=0 multi=-1 qbuf=0 qbuf-free=20474 argv-mem=0 multi-mem=0 rbs=16384 rbp=0 obl=0 oll=0 omem=0 tot-mem=37760 events=r cmd=auth user=default redir=-1 resp=2 lib-name= lib-ver=
4185991:M 11 Jan 2024 13:50:42.468 * <raft> State change: Election starting, node is now a pre-candidate, term 1
4185991:M 11 Jan 2024 13:50:42.468 * <raft> Cluster Membership: term:1 index:4 nodes: id=3,voting=0,active=1,addr=- id=1,voting=1,active=1,addr=localhost:5071 id=2,voting=0,active=1,addr=localhost:5072
4185991:M 11 Jan 2024 13:50:42.482 * <raft> State change: Node is now a follower, term 1
4185991:M 11 Jan 2024 13:50:42.482 * <raft> Cluster Membership: term:1 index:4 nodes: id=3,voting=0,active=1,addr=- id=1,voting=1,active=1,addr=localhost:5071 id=2,voting=0,active=1,addr=localhost:5072
4185991:signal-handler (1704977442) Received SIGINT scheduling shutdown...
4185991:signal-handler (1704977442) You insist... exiting now.

----- Stderr -----
libgcov profiling error:/home/snagendra/Fuzzing/redisraft-fuzzing/build/deps/raft/CMakeFiles/raft.dir/src/raft_server.c.gcda:Merge mismatch for function 36




logs for node: 1

----- Stdout -----
4185840:C 11 Jan 2024 13:50:39.172 # WARNING Memory overcommit must be enabled! Without it, a background save or replication may fail under low memory condition. Being disabled, it can also cause failures without low memory condition, see https://github.com/jemalloc/jemalloc/issues/1328. To fix this issue add 'vm.overcommit_memory = 1' to /etc/sysctl.conf and then reboot or run the command 'sysctl vm.overcommit_memory=1' for this to take effect.
4185840:C 11 Jan 2024 13:50:39.172 * oO0OoO0OoO0Oo Redis is starting oO0OoO0OoO0Oo
4185840:C 11 Jan 2024 13:50:39.172 * Redis version=255.255.255, bits=64, commit=e04ebdb8, modified=1, pid=4185840, just started
4185840:C 11 Jan 2024 13:50:39.172 * Configuration loaded
4185840:M 11 Jan 2024 13:50:39.172 * monotonic clock: POSIX clock_gettime
4185840:M 11 Jan 2024 13:50:39.173 * Running mode=standalone, port=5071.
4185840:M 11 Jan 2024 13:50:39.179 * <raft> RedisRaft version 255.255.255 [b779b199]
4185840:M 11 Jan 2024 13:50:39.184 * <raft> Initializing test network
4185840:M 11 Jan 2024 13:50:39.185 * <raft> Created test network client
4185840:M 11 Jan 2024 13:50:39.186 * <raft> Raft module loaded, state is 'uninitialized'
4185840:M 11 Jan 2024 13:50:39.186 * Module 'raft' loaded from /home/snagendra/Fuzzing/redisraft-fuzzing/redisraft.so
4185840:M 11 Jan 2024 13:50:39.186 * Server initialized
4185840:M 11 Jan 2024 13:50:39.187 . The AOF directory appendonlydir doesn't exist
4185840:M 11 Jan 2024 13:50:39.187 * Ready to accept connections tcp
4185840:M 11 Jan 2024 13:50:39.187 . 0 clients connected (0 replicas), 1726352 bytes in use
4185840:M 11 Jan 2024 13:50:39.198 - Accepted 127.0.0.1:47658
4185840:M 11 Jan 2024 13:50:39.198 # Missing implement of connection type tls
4185840:M 11 Jan 2024 13:50:39.204 * <raft> Cluster Membership: term:0 index:0 nodes: id=1,voting=0,active=1,addr=-
4185840:M 11 Jan 2024 13:50:39.209 * <raft> State change: Node is now a leader, term 1
4185840:M 11 Jan 2024 13:50:39.210 * <raft> Cluster Membership: term:1 index:1 nodes: id=1,voting=0,active=1,addr=-
4185840:M 11 Jan 2024 13:50:39.210 * <raft> Test network starting message polling thread
4185840:M 11 Jan 2024 13:50:39.210 * <raft> Raft Cluster initialized, node id: 1, dbid: 89bf88dd1c055c41f8d41727adb92b77
4185840:M 11 Jan 2024 13:50:39.327 - Accepted 127.0.0.1:47672
4185840:M 11 Jan 2024 13:50:39.328 * <raft> Cluster Membership: term:1 index:3 nodes: id=1,voting=1,active=1,addr=- id=2,voting=0,active=1,addr=localhost:5072
4185840:M 11 Jan 2024 13:50:39.334 - Client closed connection id=9 addr=127.0.0.1:47672 laddr=127.0.0.1:5071 fd=12 name= age=0 idle=0 flags=N db=0 sub=0 psub=0 ssub=0 multi=-1 qbuf=0 qbuf-free=20474 argv-mem=0 multi-mem=0 rbs=16384 rbp=16384 obl=0 oll=0 omem=0 tot-mem=37760 events=r cmd=raft.node user=default redir=-1 resp=2 lib-name= lib-ver=
4185840:M 11 Jan 2024 13:50:39.451 - Accepted 127.0.0.1:47682
4185840:M 11 Jan 2024 13:50:39.452 * <raft> Cluster Membership: term:1 index:4 nodes: id=1,voting=1,active=1,addr=- id=2,voting=0,active=1,addr=localhost:5072 id=3,voting=0,active=1,addr=localhost:5073
4185840:M 11 Jan 2024 13:50:39.458 - Client closed connection id=10 addr=127.0.0.1:47682 laddr=127.0.0.1:5071 fd=13 name= age=0 idle=0 flags=N db=0 sub=0 psub=0 ssub=0 multi=-1 qbuf=0 qbuf-free=20474 argv-mem=0 multi-mem=0 rbs=16384 rbp=16384 obl=0 oll=0 omem=0 tot-mem=37760 events=r cmd=raft.node user=default redir=-1 resp=2 lib-name= lib-ver=
4185840:M 11 Jan 2024 13:50:39.728 - Accepted 127.0.0.1:47690
4185840:M 11 Jan 2024 13:50:39.737 * <raft> node:2 has sufficient logs, adding as voting node.
4185840:signal-handler (1704977439) Received SIGINT scheduling shutdown...
4185840:signal-handler (1704977439) You insist... exiting now.
4186811:C 11 Jan 2024 13:50:41.324 # WARNING Memory overcommit must be enabled! Without it, a background save or replication may fail under low memory condition. Being disabled, it can also cause failures without low memory condition, see https://github.com/jemalloc/jemalloc/issues/1328. To fix this issue add 'vm.overcommit_memory = 1' to /etc/sysctl.conf and then reboot or run the command 'sysctl vm.overcommit_memory=1' for this to take effect.
4186811:C 11 Jan 2024 13:50:41.324 * oO0OoO0OoO0Oo Redis is starting oO0OoO0OoO0Oo
4186811:C 11 Jan 2024 13:50:41.324 * Redis version=255.255.255, bits=64, commit=e04ebdb8, modified=1, pid=4186811, just started
4186811:C 11 Jan 2024 13:50:41.324 * Configuration loaded
4186811:M 11 Jan 2024 13:50:41.324 * monotonic clock: POSIX clock_gettime
4186811:M 11 Jan 2024 13:50:41.325 * Running mode=standalone, port=5071.
4186811:M 11 Jan 2024 13:50:41.331 * <raft> RedisRaft version 255.255.255 [b779b199]
4186811:M 11 Jan 2024 13:50:41.336 * <raft> Initializing test network
4186811:M 11 Jan 2024 13:50:41.336 * <raft> Created test network client
4186811:M 11 Jan 2024 13:50:41.341 * <raft> Raft module loaded, state is 'loading'
4186811:M 11 Jan 2024 13:50:41.341 * Module 'raft' loaded from /home/snagendra/Fuzzing/redisraft-fuzzing/redisraft.so
4186811:M 11 Jan 2024 13:50:41.341 * Server initialized
4186811:M 11 Jan 2024 13:50:41.341 . The AOF directory appendonlydir doesn't exist
4186811:M 11 Jan 2024 13:50:41.341 * Ready to accept connections tcp
4186811:M 11 Jan 2024 13:50:41.341 . 0 clients connected (0 replicas), 1746592 bytes in use
4186811:M 11 Jan 2024 13:50:41.361 - Accepted 127.0.0.1:47926
4186811:M 11 Jan 2024 13:50:41.361 # Missing implement of connection type tls
4186811:M 11 Jan 2024 13:50:41.441 * <raft> Loading: Redis loading complete, snapshot NOT LOADED
4186811:M 11 Jan 2024 13:50:41.442 * <raft> Cluster Membership: term:0 index:0 nodes: id=1,voting=0,active=1,addr=-
4186811:M 11 Jan 2024 13:50:41.442 * <raft> Test network starting message polling thread
4186811:M 11 Jan 2024 13:50:41.442 * <raft> Cluster Membership: term:0 index:6 nodes: id=1,voting=1,active=1,addr=- id=2,voting=0,active=1,addr=localhost:5072
4186811:M 11 Jan 2024 13:50:41.443 * <raft> Cluster Membership: term:0 index:6 nodes: id=1,voting=1,active=1,addr=- id=2,voting=0,active=1,addr=localhost:5072 id=3,voting=0,active=1,addr=localhost:5073
4186811:M 11 Jan 2024 13:50:41.443 * <raft> Raft state after loading log: log_count=6, first_idx=1, current_idx=6, last_applied_idx=0
4186811:M 11 Jan 2024 13:50:41.443 . <raft> Raft term=1, vote=-1
4186811:signal-handler (1704977441) Received SIGINT scheduling shutdown...
4186811:signal-handler (1704977441) You insist... exiting now.
4186972:C 11 Jan 2024 13:50:41.865 # WARNING Memory overcommit must be enabled! Without it, a background save or replication may fail under low memory condition. Being disabled, it can also cause failures without low memory condition, see https://github.com/jemalloc/jemalloc/issues/1328. To fix this issue add 'vm.overcommit_memory = 1' to /etc/sysctl.conf and then reboot or run the command 'sysctl vm.overcommit_memory=1' for this to take effect.
4186972:C 11 Jan 2024 13:50:41.865 * oO0OoO0OoO0Oo Redis is starting oO0OoO0OoO0Oo
4186972:C 11 Jan 2024 13:50:41.865 * Redis version=255.255.255, bits=64, commit=e04ebdb8, modified=1, pid=4186972, just started
4186972:C 11 Jan 2024 13:50:41.865 * Configuration loaded
4186972:M 11 Jan 2024 13:50:41.866 * monotonic clock: POSIX clock_gettime
4186972:M 11 Jan 2024 13:50:41.866 * Running mode=standalone, port=5071.
4186972:M 11 Jan 2024 13:50:41.873 * <raft> RedisRaft version 255.255.255 [b779b199]
4186972:M 11 Jan 2024 13:50:41.877 * <raft> Initializing test network
4186972:M 11 Jan 2024 13:50:41.878 * <raft> Created test network client
4186972:M 11 Jan 2024 13:50:41.882 * <raft> Raft module loaded, state is 'loading'
4186972:M 11 Jan 2024 13:50:41.882 * Module 'raft' loaded from /home/snagendra/Fuzzing/redisraft-fuzzing/redisraft.so
4186972:M 11 Jan 2024 13:50:41.882 * Server initialized
4186972:M 11 Jan 2024 13:50:41.883 . The AOF directory appendonlydir doesn't exist
4186972:M 11 Jan 2024 13:50:41.883 * Ready to accept connections tcp
4186972:M 11 Jan 2024 13:50:41.883 . 0 clients connected (0 replicas), 1746688 bytes in use
4186972:M 11 Jan 2024 13:50:41.894 - Accepted 127.0.0.1:47964
4186972:M 11 Jan 2024 13:50:41.894 # Missing implement of connection type tls
4186972:M 11 Jan 2024 13:50:41.965 - Accepted 127.0.0.1:47974
4186972:M 11 Jan 2024 13:50:41.982 * <raft> Loading: Redis loading complete, snapshot NOT LOADED
4186972:M 11 Jan 2024 13:50:41.983 * <raft> Cluster Membership: term:0 index:0 nodes: id=1,voting=0,active=1,addr=-
4186972:M 11 Jan 2024 13:50:41.983 * <raft> Test network starting message polling thread
4186972:M 11 Jan 2024 13:50:41.983 * <raft> Cluster Membership: term:0 index:6 nodes: id=1,voting=1,active=1,addr=- id=2,voting=0,active=1,addr=localhost:5072
4186972:M 11 Jan 2024 13:50:41.983 * <raft> Cluster Membership: term:0 index:6 nodes: id=1,voting=1,active=1,addr=- id=2,voting=0,active=1,addr=localhost:5072 id=3,voting=0,active=1,addr=localhost:5073
4186972:M 11 Jan 2024 13:50:41.983 * <raft> Raft state after loading log: log_count=6, first_idx=1, current_idx=6, last_applied_idx=0
4186972:M 11 Jan 2024 13:50:41.983 . <raft> Raft term=1, vote=-1
4186972:signal-handler (1704977442) Received SIGINT scheduling shutdown...
4186972:signal-handler (1704977442) You insist... exiting now.
4187116:C 11 Jan 2024 13:50:42.162 # WARNING Memory overcommit must be enabled! Without it, a background save or replication may fail under low memory condition. Being disabled, it can also cause failures without low memory condition, see https://github.com/jemalloc/jemalloc/issues/1328. To fix this issue add 'vm.overcommit_memory = 1' to /etc/sysctl.conf and then reboot or run the command 'sysctl vm.overcommit_memory=1' for this to take effect.
4187116:C 11 Jan 2024 13:50:42.162 * oO0OoO0OoO0Oo Redis is starting oO0OoO0OoO0Oo
4187116:C 11 Jan 2024 13:50:42.162 * Redis version=255.255.255, bits=64, commit=e04ebdb8, modified=1, pid=4187116, just started
4187116:C 11 Jan 2024 13:50:42.162 * Configuration loaded
4187116:M 11 Jan 2024 13:50:42.162 * monotonic clock: POSIX clock_gettime
4187116:M 11 Jan 2024 13:50:42.163 * Running mode=standalone, port=5071.
4187116:M 11 Jan 2024 13:50:42.169 * <raft> RedisRaft version 255.255.255 [b779b199]
4187116:M 11 Jan 2024 13:50:42.173 * <raft> Initializing test network
4187116:M 11 Jan 2024 13:50:42.174 * <raft> Created test network client
4187116:M 11 Jan 2024 13:50:42.176 * <raft> Raft module loaded, state is 'loading'
4187116:M 11 Jan 2024 13:50:42.176 * Module 'raft' loaded from /home/snagendra/Fuzzing/redisraft-fuzzing/redisraft.so
4187116:M 11 Jan 2024 13:50:42.177 * Server initialized
4187116:M 11 Jan 2024 13:50:42.177 . The AOF directory appendonlydir doesn't exist
4187116:M 11 Jan 2024 13:50:42.177 * Ready to accept connections tcp
4187116:M 11 Jan 2024 13:50:42.177 . 0 clients connected (0 replicas), 1746688 bytes in use
4187116:M 11 Jan 2024 13:50:42.177 - Accepted 127.0.0.1:47992
4187116:M 11 Jan 2024 13:50:42.177 # Missing implement of connection type tls
4187116:M 11 Jan 2024 13:50:42.267 - Accepted 127.0.0.1:48004
4187116:M 11 Jan 2024 13:50:42.268 - Client closed connection id=8 addr=127.0.0.1:47992 laddr=127.0.0.1:5071 fd=11 name= age=0 idle=0 flags=N db=0 sub=0 psub=0 ssub=0 multi=-1 qbuf=0 qbuf-free=20474 argv-mem=0 multi-mem=0 rbs=16384 rbp=16384 obl=0 oll=0 omem=0 tot-mem=37760 events=r cmd=auth user=default redir=-1 resp=2 lib-name= lib-ver=
4187116:M 11 Jan 2024 13:50:42.277 * <raft> Loading: Redis loading complete, snapshot NOT LOADED
4187116:M 11 Jan 2024 13:50:42.277 * <raft> Cluster Membership: term:0 index:0 nodes: id=1,voting=0,active=1,addr=-
4187116:M 11 Jan 2024 13:50:42.278 * <raft> Test network starting message polling thread
4187116:M 11 Jan 2024 13:50:42.278 * <raft> Raft state after loading log: log_count=6, first_idx=1, current_idx=6, last_applied_idx=0
4187116:M 11 Jan 2024 13:50:42.278 . <raft> Raft term=1, vote=-1
4187116:M 11 Jan 2024 13:50:42.283 * <raft> State change: Node is now a leader, term 2
4187116:M 11 Jan 2024 13:50:42.284 * <raft> Cluster Membership: term:2 index:7 nodes: id=1,voting=1,active=1,addr=-


=== REDIS BUG REPORT START: Cut & paste starting from here ===
4187116:M 11 Jan 2024 13:50:42.284 # Redis 255.255.255 crashed by signal: 11, si_code: 1
4187116:M 11 Jan 2024 13:50:42.284 # Accessing address: 0x30
4187116:M 11 Jan 2024 13:50:42.284 # Crashed running the instruction at: 0x7f4432540cb0

------ STACK TRACE ------
EIP:
/home/snagendra/Fuzzing/redisraft-fuzzing/redisraft.so(raft_node_set_addition_committed+0x0)[0x7f4432540cb0]

Backtrace:
/lib/x86_64-linux-gnu/libc.so.6(+0x3bfd0)[0x7f44325c8fd0]
/home/snagendra/Fuzzing/redisraft-fuzzing/redisraft.so(raft_node_set_addition_committed+0x0)[0x7f4432540cb0]
/home/snagendra/Fuzzing/redisraft-fuzzing/redisraft.so(raft_handle_apply_cfg_change+0xa5)[0x7f443253c425]
/home/snagendra/Fuzzing/redisraft-fuzzing/redisraft.so(raft_apply_entry+0x136)[0x7f443253d5a6]
/home/snagendra/Fuzzing/redisraft-fuzzing/redisraft.so(raft_apply_all+0x3e)[0x7f443253d66e]
/home/snagendra/Fuzzing/redisraft-fuzzing/redisraft.so(raft_exec_operations+0x4b)[0x7f443253f78b]
/home/snagendra/Fuzzing/redisraft-fuzzing/redisraft.so(raft_flush+0x38)[0x7f443253f808]
/home/snagendra/Fuzzing/redisraft-fuzzing/redisraft.so(handleBeforeSleep+0x67)[0x7f443252e7d7]
/home/snagendra/Fuzzing/redis/src/redis-server 0.0.0.0:5071(moduleFireServerEvent+0x1f5)[0x561ef2832f05]
/home/snagendra/Fuzzing/redis/src/redis-server 0.0.0.0:5071(beforeSleep+0x416)[0x561ef2741c56]
/home/snagendra/Fuzzing/redis/src/redis-server 0.0.0.0:5071(aeMain+0x2e)[0x561ef273cb1e]
/home/snagendra/Fuzzing/redis/src/redis-server 0.0.0.0:5071(main+0x3cd)[0x561ef2731e2d]
/lib/x86_64-linux-gnu/libc.so.6(+0x271ca)[0x7f44325b41ca]
/lib/x86_64-linux-gnu/libc.so.6(__libc_start_main+0x85)[0x7f44325b4285]
/home/snagendra/Fuzzing/redis/src/redis-server 0.0.0.0:5071(_start+0x2a)[0x561ef27325aa]

------ REGISTERS ------
4187116:M 11 Jan 2024 13:50:42.284 # 
RAX:0000000000000001 RBX:00007f44303ac800
RCX:0000000000000003 RDX:00007f443038be40
RDI:0000000000000000 RSI:0000000000000001
RBP:00007f443038be40 RSP:00007ffd623dfea8
R8 :0000000000000108 R9 :0000000000000000
R10:00007f4432709ac0 R11:00007f443270a3c0
R12:0000000000000000 R13:0000000000000000
R14:0000000000000000 R15:0000000000000001
RIP:00007f4432540cb0 EFL:0000000000010202
CSGSFS:002b000000000033
4187116:M 11 Jan 2024 13:50:42.284 # (00007ffd623dfeb7) -> 00007ffd623dff70
4187116:M 11 Jan 2024 13:50:42.284 # (00007ffd623dfeb6) -> 00007f44303ac800
4187116:M 11 Jan 2024 13:50:42.284 # (00007ffd623dfeb5) -> 00007ffd623dff70
4187116:M 11 Jan 2024 13:50:42.284 # (00007ffd623dfeb4) -> 00007f443253f78b
4187116:M 11 Jan 2024 13:50:42.284 # (00007ffd623dfeb3) -> 00007f44303ac800
4187116:M 11 Jan 2024 13:50:42.284 # (00007ffd623dfeb2) -> 00007f443253d66e
4187116:M 11 Jan 2024 13:50:42.284 # (00007ffd623dfeb1) -> 0000000000000001
4187116:M 11 Jan 2024 13:50:42.284 # (00007ffd623dfeb0) -> 00007ffd623dff70
4187116:M 11 Jan 2024 13:50:42.284 # (00007ffd623dfeaf) -> 00007f44303ac800
4187116:M 11 Jan 2024 13:50:42.284 # (00007ffd623dfeae) -> 0000000039dd3a80
4187116:M 11 Jan 2024 13:50:42.284 # (00007ffd623dfead) -> 00000000001a3647
4187116:M 11 Jan 2024 13:50:42.284 # (00007ffd623dfeac) -> 00007f443253d5a6
4187116:M 11 Jan 2024 13:50:42.284 # (00007ffd623dfeab) -> 0000000000000003
4187116:M 11 Jan 2024 13:50:42.284 # (00007ffd623dfeaa) -> 00007f443038be40
4187116:M 11 Jan 2024 13:50:42.284 # (00007ffd623dfea9) -> 00007f44303ac800
4187116:M 11 Jan 2024 13:50:42.284 # (00007ffd623dfea8) -> 00007f443253c425

------ INFO OUTPUT ------
# Server
redis_version:255.255.255
redis_git_sha1:e04ebdb8
redis_git_dirty:1
redis_build_id:1f78dcc7b4fbdd25
redis_mode:standalone
os:Linux 6.1.60.1.amd64-smp x86_64
arch_bits:64
monotonic_clock:POSIX clock_gettime
multiplexing_api:epoll
atomicvar_api:c11-builtin
gcc_version:10.2.1
process_id:4187116
process_supervised:no
run_id:aed8aa83e2087e4ca69422e852de473c9fac6f68
tcp_port:5071
server_time_usec:1704977442284237
uptime_in_seconds:0
uptime_in_days:0
hz:10
configured_hz:10
lru_clock:10478626
executable:/home/snagendra/Fuzzing/redis/src/redis-server
config_file:
io_threads_active:0
listener0:name=tcp,bind=0.0.0.0,port=5071

# Clients
connected_clients:1
cluster_connections:0
maxclients:10000
client_recent_max_input_buffer:20480
client_recent_max_output_buffer:0
blocked_clients:0
tracking_clients:0
clients_in_timeout_table:0
total_blocking_keys:0
total_blocking_keys_on_nokey:0

# Memory
used_memory:1817200
used_memory_human:1.73M
used_memory_rss:18128896
used_memory_rss_human:17.29M
used_memory_peak:1848128
used_memory_peak_human:1.76M
used_memory_peak_perc:98.33%
used_memory_overhead:1784488
used_memory_startup:1746544
used_memory_dataset:32712
used_memory_dataset_perc:46.30%
allocator_allocated:2319864
allocator_active:2867200
allocator_resident:10997760
total_system_memory:270388695040
total_system_memory_human:251.82G
used_memory_lua:31744
used_memory_vm_eval:31744
used_memory_lua_human:31.00K
used_memory_scripts_eval:0
number_of_cached_scripts:0
number_of_functions:0
number_of_libraries:0
used_memory_vm_functions:32768
used_memory_vm_total:64512
used_memory_vm_total_human:63.00K
used_memory_functions:184
used_memory_scripts:184
used_memory_scripts_human:184B
maxmemory:0
maxmemory_human:0B
maxmemory_policy:noeviction
allocator_frag_ratio:1.24
allocator_frag_bytes:547336
allocator_rss_ratio:3.84
allocator_rss_bytes:8130560
rss_overhead_ratio:1.65
rss_overhead_bytes:7131136
mem_fragmentation_ratio:9.99
mem_fragmentation_bytes:16313920
mem_not_counted_for_evict:0
mem_replication_backlog:0
mem_total_replication_buffers:0
mem_clients_slaves:0
mem_clients_normal:37760
mem_cluster_links:0
mem_aof_buffer:0
mem_allocator:jemalloc-5.3.0
active_defrag_running:0
lazyfree_pending_objects:0
lazyfreed_objects:0

# Persistence
loading:0
async_loading:0
current_cow_peak:0
current_cow_size:0
current_cow_size_age:0
current_fork_perc:0.00
current_save_keys_processed:0
current_save_keys_total:0
rdb_changes_since_last_save:0
rdb_bgsave_in_progress:0
rdb_last_save_time:1704977442
rdb_last_bgsave_status:ok
rdb_last_bgsave_time_sec:-1
rdb_current_bgsave_time_sec:-1
rdb_saves:0
rdb_last_cow_size:0
rdb_last_load_keys_expired:0
rdb_last_load_keys_loaded:0
aof_enabled:0
aof_rewrite_in_progress:0
aof_rewrite_scheduled:0
aof_last_rewrite_time_sec:-1
aof_current_rewrite_time_sec:-1
aof_last_bgrewrite_status:ok
aof_rewrites:0
aof_rewrites_consecutive_failures:0
aof_last_write_status:ok
aof_last_cow_size:0
module_fork_in_progress:0
module_fork_last_cow_size:0

# Stats
total_connections_received:2
total_commands_processed:8
instantaneous_ops_per_sec:26
total_net_input_bytes:66
total_net_output_bytes:10
total_net_repl_input_bytes:0
total_net_repl_output_bytes:0
instantaneous_input_kbps:0.04
instantaneous_output_kbps:0.00
instantaneous_input_repl_kbps:0.00
instantaneous_output_repl_kbps:0.00
rejected_connections:0
sync_full:0
sync_partial_ok:0
sync_partial_err:0
expired_keys:0
expired_stale_perc:0.00
expired_time_cap_reached_count:0
expire_cycle_cpu_milliseconds:0
evicted_keys:0
evicted_clients:0
total_eviction_exceeded_time:0
current_eviction_exceeded_time:0
keyspace_hits:0
keyspace_misses:0
pubsub_channels:0
pubsub_patterns:0
pubsubshard_channels:0
latest_fork_usec:0
total_forks:0
migrate_cached_sockets:0
slave_expires_tracked_keys:0
active_defrag_hits:0
active_defrag_misses:0
active_defrag_key_hits:0
active_defrag_key_misses:0
total_active_defrag_time:0
current_active_defrag_time:0
tracking_total_keys:0
tracking_total_items:0
tracking_total_prefixes:0
unexpected_error_replies:0
total_error_replies:0
dump_payload_sanitizations:0
total_reads_processed:3
total_writes_processed:2
io_threaded_reads_processed:0
io_threaded_writes_processed:0
reply_buffer_shrinks:0
reply_buffer_expands:0
acl_access_denied_auth:0
acl_access_denied_cmd:0
acl_access_denied_key:0
acl_access_denied_channel:0

# Replication
role:master
connected_slaves:0
master_failover_state:no-failover
master_replid:d58b72c7bfb02d5484fbd1b54e710e36989da91d
master_replid2:0000000000000000000000000000000000000000
master_repl_offset:0
second_repl_offset:-1
repl_backlog_active:0
repl_backlog_size:1048576
repl_backlog_first_byte_offset:0
repl_backlog_histlen:0

# CPU
used_cpu_sys:0.003346
used_cpu_user:0.016733
used_cpu_sys_children:0.000000
used_cpu_user_children:0.000000
used_cpu_sys_main_thread:0.002997
used_cpu_user_main_thread:0.014989

# Modules
module:name=raft,ver=1,api=1,filters=1,usedby=[],using=[],options=[]

# Commandstats
cmdstat_auth:calls=2,usec=2,usec_per_call=1.00,rejected_calls=0,failed_calls=0
cmdstat_command:calls=2,usec=1461,usec_per_call=730.50,rejected_calls=0,failed_calls=0
cmdstat_config|get:calls=3,usec=5,usec_per_call=1.67,rejected_calls=0,failed_calls=0
cmdstat_config|set:calls=1,usec=11,usec_per_call=11.00,rejected_calls=0,failed_calls=0

# Errorstats

# Latencystats
latency_percentiles_usec_auth:p50=1.003,p99=1.003,p99.9=1.003
latency_percentiles_usec_command:p50=688.127,p99=774.143,p99.9=774.143
latency_percentiles_usec_config|get:p50=2.007,p99=2.007,p99.9=2.007
latency_percentiles_usec_config|set:p50=11.007,p99=11.007,p99.9=11.007

# Cluster
cluster_enabled:0

# Keyspace

------ CLIENT LIST OUTPUT ------
id=9 addr=127.0.0.1:48004 laddr=127.0.0.1:5071 fd=12 name= age=0 idle=0 flags=N db=0 sub=0 psub=0 ssub=0 multi=-1 qbuf=0 qbuf-free=20474 argv-mem=0 multi-mem=0 rbs=16384 rbp=0 obl=0 oll=0 omem=0 tot-mem=37760 events=r cmd=auth user=default redir=-1 resp=2 lib-name= lib-ver=

------ MODULES INFO OUTPUT ------
# raft_version
raft_version:255.255.255
raft_git_sha1:b779b199

# raft_general
raft_dbid:89bf88dd1c055c41f8d41727adb92b77
raft_node_id:1
raft_state:up
raft_role:leader
raft_is_voting:yes
raft_voted_for:-1
raft_leader_id:1
raft_current_term:2
raft_num_nodes:1
raft_num_voting_nodes:1

# raft_log
raft_log_entries:7
raft_current_index:7
raft_commit_index:7
raft_last_applied_index:3
raft_file_size:1707
raft_cache_memory_size:56
raft_cache_entries:1
raft_client_attached_entries:0
raft_fsync_count:1
raft_fsync_max_microseconds:6
raft_entry1:term=1,id=0,data_len=0
raft_entry2:term=1,id=1370244732,data_len=264
raft_entry3:term=1,id=1927618817,data_len=264
raft_entry4:term=1,id=951179785,data_len=264
raft_entry5:term=1,id=791391532,data_len=264
raft_entry6:term=1,id=127546112,data_len=35
raft_fsync_avg_microseconds:6

# raft_snapshot
raft_snapshot_filename:redis1.rdb
raft_snapshot_last_idx:0
raft_snapshot_last_term:0
raft_snapshot_size:0
raft_snapshot_time_secs:-1
raft_snapshots_created:0
raft_snapshots_received:0
raft_snapshot_in_progress:no
raft_snapshot_in_progress_last_idx:-1
raft_snapshot_in_progress_last_term:-1

# raft_clients
raft_proxy_reqs:0
raft_proxy_failed_reqs:0
raft_proxy_failed_responses:0
raft_proxy_outstanding_reqs:0

# raft_stats
raft_appendreq_received:0
raft_appendreq_with_entry_received:0
raft_snapshotreq_received:0
raft_exec_throttled:0
raft_num_sessions:0

------ CONFIG DEBUG OUTPUT ------
lazyfree-lazy-user-flush no
repl-diskless-load disabled
lazyfree-lazy-user-del no
list-compress-depth 0
sanitize-dump-payload no
lazyfree-lazy-eviction no
repl-diskless-sync yes
io-threads-do-reads no
lazyfree-lazy-server-del no
replica-read-only yes
proto-max-bulk-len 512mb
slave-read-only yes
lazyfree-lazy-expire no
client-query-buffer-limit 1gb
activedefrag no
io-threads 1

------ FAST MEMORY TEST ------
4187116:M 11 Jan 2024 13:50:42.285 # Bio worker thread #0 terminated
4187116:M 11 Jan 2024 13:50:42.285 # Bio worker thread #1 terminated
4187116:M 11 Jan 2024 13:50:42.285 # Bio worker thread #2 terminated
*** Preparing to test memory region 561ef2a08000 (2273280 bytes)
*** Preparing to test memory region 561ef4059000 (405504 bytes)
*** Preparing to test memory region 7f4410000000 (135168 bytes)
*** Preparing to test memory region 7f4418000000 (135168 bytes)
*** Preparing to test memory region 7f441cffe000 (8388608 bytes)
*** Preparing to test memory region 7f4420000000 (135168 bytes)
*** Preparing to test memory region 7f4424c00000 (2097152 bytes)
*** Preparing to test memory region 7f4424ffe000 (8388608 bytes)
*** Preparing to test memory region 7f44257ff000 (8388608 bytes)
*** Preparing to test memory region 7f4426000000 (8388608 bytes)
*** Preparing to test memory region 7f4426800000 (6291456 bytes)
*** Preparing to test memory region 7f4426fff000 (8388608 bytes)
*** Preparing to test memory region 7f4427800000 (8388608 bytes)
*** Preparing to test memory region 7f4428000000 (135168 bytes)
*** Preparing to test memory region 7f442c0e5000 (2097152 bytes)
*** Preparing to test memory region 7f442c2e6000 (8388608 bytes)
*** Preparing to test memory region 7f442cae7000 (8388608 bytes)
*** Preparing to test memory region 7f442d2e8000 (8388608 bytes)
*** Preparing to test memory region 7f442dae9000 (8388608 bytes)
*** Preparing to test memory region 7f442e2ea000 (8388608 bytes)
*** Preparing to test memory region 7f442eaeb000 (8388608 bytes)
*** Preparing to test memory region 7f442f2ec000 (8388608 bytes)
*** Preparing to test memory region 7f442faed000 (8388608 bytes)
*** Preparing to test memory region 7f44302ed000 (2621440 bytes)
*** Preparing to test memory region 7f443057c000 (8192 bytes)
*** Preparing to test memory region 7f4430c7f000 (12288 bytes)
*** Preparing to test memory region 7f4431218000 (16384 bytes)
*** Preparing to test memory region 7f443129e000 (8192 bytes)
*** Preparing to test memory region 7f4431c00000 (8388608 bytes)
*** Preparing to test memory region 7f443242d000 (4096 bytes)
*** Preparing to test memory region 7f44324fe000 (8192 bytes)
*** Preparing to test memory region 7f4432582000 (45056 bytes)
*** Preparing to test memory region 7f4432761000 (53248 bytes)
*** Preparing to test memory region 7f443287e000 (8192 bytes)
.O.O.O.O.O.O.O.O.O.O.O.E.E.E.
----- Stderr -----
libgcov profiling error:/home/snagendra/Fuzzing/redisraft-fuzzing/build/deps/raft/CMakeFiles/raft.dir/src/raft_server.c.gcda:Merge mismatch for function 36
libgcov profiling error:/home/snagendra/Fuzzing/redisraft-fuzzing/build/deps/raft/CMakeFiles/raft.dir/src/raft_server.c.gcda:Merge mismatch for function 36
libgcov profiling error:/home/snagendra/Fuzzing/redisraft-fuzzing/build/deps/raft/CMakeFiles/raft.dir/src/raft_server.c.gcda:Merge mismatch for function 36




logs for node: 2

----- Stdout -----
4185885:C 11 Jan 2024 13:50:39.212 # WARNING Memory overcommit must be enabled! Without it, a background save or replication may fail under low memory condition. Being disabled, it can also cause failures without low memory condition, see https://github.com/jemalloc/jemalloc/issues/1328. To fix this issue add 'vm.overcommit_memory = 1' to /etc/sysctl.conf and then reboot or run the command 'sysctl vm.overcommit_memory=1' for this to take effect.
4185885:C 11 Jan 2024 13:50:39.212 * oO0OoO0OoO0Oo Redis is starting oO0OoO0OoO0Oo
4185885:C 11 Jan 2024 13:50:39.212 * Redis version=255.255.255, bits=64, commit=e04ebdb8, modified=1, pid=4185885, just started
4185885:C 11 Jan 2024 13:50:39.212 * Configuration loaded
4185885:M 11 Jan 2024 13:50:39.213 * monotonic clock: POSIX clock_gettime
4185885:M 11 Jan 2024 13:50:39.213 * Running mode=standalone, port=5072.
4185885:M 11 Jan 2024 13:50:39.220 * <raft> RedisRaft version 255.255.255 [b779b199]
4185885:M 11 Jan 2024 13:50:39.224 * <raft> Initializing test network
4185885:M 11 Jan 2024 13:50:39.225 * <raft> Created test network client
4185885:M 11 Jan 2024 13:50:39.226 * <raft> Raft module loaded, state is 'uninitialized'
4185885:M 11 Jan 2024 13:50:39.226 * Module 'raft' loaded from /home/snagendra/Fuzzing/redisraft-fuzzing/redisraft.so
4185885:M 11 Jan 2024 13:50:39.226 * Server initialized
4185885:M 11 Jan 2024 13:50:39.227 . The AOF directory appendonlydir doesn't exist
4185885:M 11 Jan 2024 13:50:39.227 * Ready to accept connections tcp
4185885:M 11 Jan 2024 13:50:39.228 . 0 clients connected (0 replicas), 1726192 bytes in use
4185885:M 11 Jan 2024 13:50:39.235 - Accepted 127.0.0.1:54554
4185885:M 11 Jan 2024 13:50:39.235 # Missing implement of connection type tls
4185885:M 11 Jan 2024 13:50:39.326 - <raft> join cluster, connecting to localhost:5071
4185885:M 11 Jan 2024 13:50:39.328 * <raft> Joined Raft cluster, node id: 2, dbid: 89bf88dd1c055c41f8d41727adb92b77
4185885:M 11 Jan 2024 13:50:39.334 * <raft> Cluster Membership: term:0 index:0 nodes: id=2,voting=0,active=1,addr=-
4185885:M 11 Jan 2024 13:50:39.334 * <raft> Test network starting message polling thread
4185885:M 11 Jan 2024 13:50:39.387 - Accepted 127.0.0.1:54568
4185885:M 11 Jan 2024 13:50:39.650 * <raft> Cluster Membership: term:1 index:2 nodes: id=2,voting=0,active=1,addr=- id=1,voting=1,active=1,addr=localhost:5071
4185885:M 11 Jan 2024 13:50:39.651 * <raft> Cluster Membership: term:1 index:4 nodes: id=2,voting=0,active=1,addr=- id=1,voting=1,active=1,addr=localhost:5071 id=3,voting=0,active=1,addr=localhost:5073
4185885:M 11 Jan 2024 13:50:39.964 - Client closed connection id=9 addr=127.0.0.1:54568 laddr=127.0.0.1:5072 fd=10 name= age=0 idle=0 flags=N db=0 sub=0 psub=0 ssub=0 multi=-1 qbuf=0 qbuf-free=20474 argv-mem=0 multi-mem=0 rbs=1024 rbp=0 obl=0 oll=0 omem=0 tot-mem=22400 events=r cmd=auth user=default redir=-1 resp=2 lib-name= lib-ver=
4185885:M 11 Jan 2024 13:50:40.054 - Accepted 127.0.0.1:54570
4185885:M 11 Jan 2024 13:50:40.331 * <raft> State change: Election starting, node is now a pre-candidate, term 1
4185885:M 11 Jan 2024 13:50:40.331 * <raft> Cluster Membership: term:1 index:4 nodes: id=2,voting=0,active=1,addr=- id=1,voting=1,active=1,addr=localhost:5071 id=3,voting=0,active=1,addr=localhost:5073
4185885:M 11 Jan 2024 13:50:40.484 * <raft> State change: Node is now a follower, term 1
4185885:M 11 Jan 2024 13:50:40.484 * <raft> Cluster Membership: term:1 index:4 nodes: id=2,voting=0,active=1,addr=- id=1,voting=1,active=1,addr=localhost:5071 id=3,voting=0,active=1,addr=localhost:5073
4185885:signal-handler (1704977440) Received SIGINT scheduling shutdown...
4185885:signal-handler (1704977440) You insist... exiting now.
4187050:C 11 Jan 2024 13:50:41.958 # WARNING Memory overcommit must be enabled! Without it, a background save or replication may fail under low memory condition. Being disabled, it can also cause failures without low memory condition, see https://github.com/jemalloc/jemalloc/issues/1328. To fix this issue add 'vm.overcommit_memory = 1' to /etc/sysctl.conf and then reboot or run the command 'sysctl vm.overcommit_memory=1' for this to take effect.
4187050:C 11 Jan 2024 13:50:41.958 * oO0OoO0OoO0Oo Redis is starting oO0OoO0OoO0Oo
4187050:C 11 Jan 2024 13:50:41.958 * Redis version=255.255.255, bits=64, commit=e04ebdb8, modified=1, pid=4187050, just started
4187050:C 11 Jan 2024 13:50:41.958 * Configuration loaded
4187050:M 11 Jan 2024 13:50:41.959 * monotonic clock: POSIX clock_gettime
4187050:M 11 Jan 2024 13:50:41.959 * Running mode=standalone, port=5072.
4187050:M 11 Jan 2024 13:50:41.966 * <raft> RedisRaft version 255.255.255 [b779b199]
4187050:M 11 Jan 2024 13:50:41.970 * <raft> Initializing test network
4187050:M 11 Jan 2024 13:50:41.970 * <raft> Created test network client
4187050:M 11 Jan 2024 13:50:41.974 * <raft> Raft module loaded, state is 'loading'
4187050:M 11 Jan 2024 13:50:41.974 * Module 'raft' loaded from /home/snagendra/Fuzzing/redisraft-fuzzing/redisraft.so
4187050:M 11 Jan 2024 13:50:41.974 * Server initialized
4187050:M 11 Jan 2024 13:50:41.974 . The AOF directory appendonlydir doesn't exist
4187050:M 11 Jan 2024 13:50:41.974 * Ready to accept connections tcp
4187050:M 11 Jan 2024 13:50:41.974 . 0 clients connected (0 replicas), 1746656 bytes in use
4187050:M 11 Jan 2024 13:50:41.984 - Accepted 127.0.0.1:54750
4187050:M 11 Jan 2024 13:50:41.984 # Missing implement of connection type tls
4187050:M 11 Jan 2024 13:50:42.036 - Client closed connection id=8 addr=127.0.0.1:54750 laddr=127.0.0.1:5072 fd=11 name= age=1 idle=1 flags=N db=0 sub=0 psub=0 ssub=0 multi=-1 qbuf=0 qbuf-free=20474 argv-mem=0 multi-mem=0 rbs=16384 rbp=16384 obl=0 oll=0 omem=0 tot-mem=37760 events=r cmd=auth user=default redir=-1 resp=2 lib-name= lib-ver=
4187050:M 11 Jan 2024 13:50:42.065 - Accepted 127.0.0.1:54754
4187050:M 11 Jan 2024 13:50:42.075 * <raft> Loading: Redis loading complete, snapshot NOT LOADED
4187050:M 11 Jan 2024 13:50:42.075 * <raft> Cluster Membership: term:0 index:0 nodes: id=2,voting=0,active=1,addr=-
4187050:M 11 Jan 2024 13:50:42.075 * <raft> Test network starting message polling thread
4187050:M 11 Jan 2024 13:50:42.076 * <raft> Cluster Membership: term:0 index:4 nodes: id=2,voting=0,active=1,addr=- id=1,voting=1,active=1,addr=localhost:5071
4187050:M 11 Jan 2024 13:50:42.076 * <raft> Cluster Membership: term:0 index:4 nodes: id=2,voting=0,active=1,addr=- id=1,voting=1,active=1,addr=localhost:5071 id=3,voting=0,active=1,addr=localhost:5073
4187050:M 11 Jan 2024 13:50:42.076 * <raft> Raft state after loading log: log_count=4, first_idx=1, current_idx=4, last_applied_idx=0
4187050:M 11 Jan 2024 13:50:42.076 . <raft> Raft term=1, vote=-1
4187050:signal-handler (1704977442) Received SIGINT scheduling shutdown...
4187050:signal-handler (1704977442) You insist... exiting now.
4187286:C 11 Jan 2024 13:50:42.515 # WARNING Memory overcommit must be enabled! Without it, a background save or replication may fail under low memory condition. Being disabled, it can also cause failures without low memory condition, see https://github.com/jemalloc/jemalloc/issues/1328. To fix this issue add 'vm.overcommit_memory = 1' to /etc/sysctl.conf and then reboot or run the command 'sysctl vm.overcommit_memory=1' for this to take effect.
4187286:C 11 Jan 2024 13:50:42.515 * oO0OoO0OoO0Oo Redis is starting oO0OoO0OoO0Oo
4187286:C 11 Jan 2024 13:50:42.515 * Redis version=255.255.255, bits=64, commit=e04ebdb8, modified=1, pid=4187286, just started
4187286:C 11 Jan 2024 13:50:42.515 * Configuration loaded
4187286:M 11 Jan 2024 13:50:42.515 * monotonic clock: POSIX clock_gettime
4187286:M 11 Jan 2024 13:50:42.516 * Running mode=standalone, port=5072.
4187286:M 11 Jan 2024 13:50:42.523 * <raft> RedisRaft version 255.255.255 [b779b199]
4187286:M 11 Jan 2024 13:50:42.527 * <raft> Initializing test network
4187286:M 11 Jan 2024 13:50:42.528 * <raft> Created test network client
4187286:M 11 Jan 2024 13:50:42.532 * <raft> Raft module loaded, state is 'loading'
4187286:M 11 Jan 2024 13:50:42.532 * Module 'raft' loaded from /home/snagendra/Fuzzing/redisraft-fuzzing/redisraft.so
4187286:M 11 Jan 2024 13:50:42.533 * Server initialized
4187286:M 11 Jan 2024 13:50:42.533 . The AOF directory appendonlydir doesn't exist
4187286:M 11 Jan 2024 13:50:42.533 * Ready to accept connections tcp
4187286:M 11 Jan 2024 13:50:42.533 . 0 clients connected (0 replicas), 1746624 bytes in use
4187286:M 11 Jan 2024 13:50:42.568 - Accepted 127.0.0.1:35294
4187286:M 11 Jan 2024 13:50:42.568 # Missing implement of connection type tls
4187286:signal-handler (1704977442) Received SIGINT scheduling shutdown...
4187286:signal-handler (1704977442) You insist... exiting now.

----- Stderr -----
libgcov profiling error:/home/snagendra/Fuzzing/redisraft-fuzzing/build/deps/raft/CMakeFiles/raft.dir/src/raft_server.c.gcda:Merge mismatch for function 36
libgcov profiling error:/home/snagendra/Fuzzing/redisraft-fuzzing/build/deps/raft/CMakeFiles/raft.dir/src/raft_server.c.gcda:Merge mismatch for function 36
libgcov profiling error:/home/snagendra/Fuzzing/redisraft-fuzzing/build/deps/raft/CMakeFiles/raft.dir/src/raft_server.c.gcda:Merge mismatch for function 36



