logs for node: 1

----- Stdout -----
2705522:C 11 Jan 2024 15:31:40.642 # WARNING Memory overcommit must be enabled! Without it, a background save or replication may fail under low memory condition. Being disabled, it can also cause failures without low memory condition, see https://github.com/jemalloc/jemalloc/issues/1328. To fix this issue add 'vm.overcommit_memory = 1' to /etc/sysctl.conf and then reboot or run the command 'sysctl vm.overcommit_memory=1' for this to take effect.
2705522:C 11 Jan 2024 15:31:40.642 * oO0OoO0OoO0Oo Redis is starting oO0OoO0OoO0Oo
2705522:C 11 Jan 2024 15:31:40.642 * Redis version=255.255.255, bits=64, commit=e04ebdb8, modified=1, pid=2705522, just started
2705522:C 11 Jan 2024 15:31:40.642 * Configuration loaded
2705522:M 11 Jan 2024 15:31:40.643 * monotonic clock: POSIX clock_gettime
2705522:M 11 Jan 2024 15:31:40.644 * Running mode=standalone, port=5031.
2705522:M 11 Jan 2024 15:31:40.651 * <raft> RedisRaft version 255.255.255 [b779b199]
2705522:M 11 Jan 2024 15:31:40.656 * <raft> Initializing test network
2705522:M 11 Jan 2024 15:31:40.656 * <raft> Created test network client
2705522:M 11 Jan 2024 15:31:40.657 * <raft> Raft module loaded, state is 'uninitialized'
2705522:M 11 Jan 2024 15:31:40.657 * Module 'raft' loaded from /home/snagendra/Fuzzing/redisraft-fuzzing/redisraft.so
2705522:M 11 Jan 2024 15:31:40.658 * Server initialized
2705522:M 11 Jan 2024 15:31:40.658 . The AOF directory appendonlydir doesn't exist
2705522:M 11 Jan 2024 15:31:40.659 * Ready to accept connections tcp
2705522:M 11 Jan 2024 15:31:40.659 . 0 clients connected (0 replicas), 1726192 bytes in use
2705522:M 11 Jan 2024 15:31:40.660 - Accepted 127.0.0.1:43016
2705522:M 11 Jan 2024 15:31:40.660 # Missing implement of connection type tls
2705522:M 11 Jan 2024 15:31:40.666 * <raft> Cluster Membership: term:0 index:0 nodes: id=1,voting=0,active=1,addr=-
2705522:M 11 Jan 2024 15:31:40.672 * <raft> State change: Node is now a leader, term 1
2705522:M 11 Jan 2024 15:31:40.672 * <raft> Cluster Membership: term:1 index:1 nodes: id=1,voting=0,active=1,addr=-
2705522:M 11 Jan 2024 15:31:40.672 * <raft> Test network starting message polling thread
2705522:M 11 Jan 2024 15:31:40.672 * <raft> Raft Cluster initialized, node id: 1, dbid: 02423d39f13a73a47c6c4c2df5d5fae3
2705522:M 11 Jan 2024 15:31:40.790 - Accepted 127.0.0.1:43026
2705522:M 11 Jan 2024 15:31:40.790 * <raft> Cluster Membership: term:1 index:3 nodes: id=1,voting=1,active=1,addr=- id=2,voting=0,active=1,addr=localhost:5032
2705522:M 11 Jan 2024 15:31:40.797 - Client closed connection id=9 addr=127.0.0.1:43026 laddr=127.0.0.1:5031 fd=12 name= age=0 idle=0 flags=N db=0 sub=0 psub=0 ssub=0 multi=-1 qbuf=0 qbuf-free=20474 argv-mem=0 multi-mem=0 rbs=16384 rbp=16384 obl=0 oll=0 omem=0 tot-mem=37760 events=r cmd=raft.node user=default redir=-1 resp=2 lib-name= lib-ver=
2705522:M 11 Jan 2024 15:31:40.916 - Accepted 127.0.0.1:43034
2705522:M 11 Jan 2024 15:31:40.916 * <raft> Cluster Membership: term:1 index:4 nodes: id=1,voting=1,active=1,addr=- id=2,voting=0,active=1,addr=localhost:5032 id=3,voting=0,active=1,addr=localhost:5033
2705522:M 11 Jan 2024 15:31:40.924 - Client closed connection id=10 addr=127.0.0.1:43034 laddr=127.0.0.1:5031 fd=13 name= age=0 idle=0 flags=N db=0 sub=0 psub=0 ssub=0 multi=-1 qbuf=0 qbuf-free=20474 argv-mem=0 multi-mem=0 rbs=16384 rbp=16384 obl=0 oll=0 omem=0 tot-mem=37760 events=r cmd=raft.node user=default redir=-1 resp=2 lib-name= lib-ver=
2705522:M 11 Jan 2024 15:31:40.990 - Accepted 127.0.0.1:43050
2705522:signal-handler (1704983501) Received SIGINT scheduling shutdown...
2705522:signal-handler (1704983501) You insist... exiting now.
2705800:C 11 Jan 2024 15:31:41.397 # WARNING Memory overcommit must be enabled! Without it, a background save or replication may fail under low memory condition. Being disabled, it can also cause failures without low memory condition, see https://github.com/jemalloc/jemalloc/issues/1328. To fix this issue add 'vm.overcommit_memory = 1' to /etc/sysctl.conf and then reboot or run the command 'sysctl vm.overcommit_memory=1' for this to take effect.
2705800:C 11 Jan 2024 15:31:41.397 * oO0OoO0OoO0Oo Redis is starting oO0OoO0OoO0Oo
2705800:C 11 Jan 2024 15:31:41.397 * Redis version=255.255.255, bits=64, commit=e04ebdb8, modified=1, pid=2705800, just started
2705800:C 11 Jan 2024 15:31:41.397 * Configuration loaded
2705800:M 11 Jan 2024 15:31:41.398 * monotonic clock: POSIX clock_gettime
2705800:M 11 Jan 2024 15:31:41.398 * Running mode=standalone, port=5031.
2705800:M 11 Jan 2024 15:31:41.405 * <raft> RedisRaft version 255.255.255 [b779b199]
2705800:M 11 Jan 2024 15:31:41.409 * <raft> Initializing test network
2705800:M 11 Jan 2024 15:31:41.410 * <raft> Created test network client
2705800:M 11 Jan 2024 15:31:41.413 * <raft> Raft module loaded, state is 'loading'
2705800:M 11 Jan 2024 15:31:41.413 * Module 'raft' loaded from /home/snagendra/Fuzzing/redisraft-fuzzing/redisraft.so
2705800:M 11 Jan 2024 15:31:41.413 * Server initialized
2705800:M 11 Jan 2024 15:31:41.413 . The AOF directory appendonlydir doesn't exist
2705800:M 11 Jan 2024 15:31:41.413 * Ready to accept connections tcp
2705800:M 11 Jan 2024 15:31:41.413 . 0 clients connected (0 replicas), 1746784 bytes in use
2705800:M 11 Jan 2024 15:31:41.494 - Accepted 127.0.0.1:43074
2705800:M 11 Jan 2024 15:31:41.494 # Missing implement of connection type tls
2705800:M 11 Jan 2024 15:31:41.513 * <raft> Loading: Redis loading complete, snapshot NOT LOADED
2705800:M 11 Jan 2024 15:31:41.513 * <raft> Cluster Membership: term:0 index:0 nodes: id=1,voting=0,active=1,addr=-
2705800:M 11 Jan 2024 15:31:41.514 * <raft> Test network starting message polling thread
2705800:M 11 Jan 2024 15:31:41.514 * <raft> Cluster Membership: term:0 index:4 nodes: id=1,voting=1,active=1,addr=- id=2,voting=0,active=1,addr=localhost:5032
2705800:M 11 Jan 2024 15:31:41.514 * <raft> Cluster Membership: term:0 index:4 nodes: id=1,voting=1,active=1,addr=- id=2,voting=0,active=1,addr=localhost:5032 id=3,voting=0,active=1,addr=localhost:5033
2705800:M 11 Jan 2024 15:31:41.514 * <raft> Raft state after loading log: log_count=4, first_idx=1, current_idx=4, last_applied_idx=0
2705800:M 11 Jan 2024 15:31:41.514 . <raft> Raft term=1, vote=-1
2705800:M 11 Jan 2024 15:31:41.521 * <raft> State change: Node is now a leader, term 2
2705800:M 11 Jan 2024 15:31:41.521 * <raft> Cluster Membership: term:2 index:5 nodes: id=1,voting=1,active=1,addr=- id=2,voting=0,active=1,addr=localhost:5032 id=3,voting=0,active=1,addr=localhost:5033
2705800:M 11 Jan 2024 15:31:41.521 - Accepted 127.0.0.1:43082
2705800:signal-handler (1704983502) Received SIGINT scheduling shutdown...
2705800:signal-handler (1704983502) You insist... exiting now.
2706462:C 11 Jan 2024 15:31:43.253 # WARNING Memory overcommit must be enabled! Without it, a background save or replication may fail under low memory condition. Being disabled, it can also cause failures without low memory condition, see https://github.com/jemalloc/jemalloc/issues/1328. To fix this issue add 'vm.overcommit_memory = 1' to /etc/sysctl.conf and then reboot or run the command 'sysctl vm.overcommit_memory=1' for this to take effect.
2706462:C 11 Jan 2024 15:31:43.253 * oO0OoO0OoO0Oo Redis is starting oO0OoO0OoO0Oo
2706462:C 11 Jan 2024 15:31:43.253 * Redis version=255.255.255, bits=64, commit=e04ebdb8, modified=1, pid=2706462, just started
2706462:C 11 Jan 2024 15:31:43.253 * Configuration loaded
2706462:M 11 Jan 2024 15:31:43.253 * monotonic clock: POSIX clock_gettime
2706462:M 11 Jan 2024 15:31:43.254 * Running mode=standalone, port=5031.
2706462:M 11 Jan 2024 15:31:43.260 * <raft> RedisRaft version 255.255.255 [b779b199]
2706462:M 11 Jan 2024 15:31:43.264 * <raft> Initializing test network
2706462:M 11 Jan 2024 15:31:43.265 * <raft> Created test network client
2706462:M 11 Jan 2024 15:31:43.270 * <raft> Raft module loaded, state is 'loading'
2706462:M 11 Jan 2024 15:31:43.270 * Module 'raft' loaded from /home/snagendra/Fuzzing/redisraft-fuzzing/redisraft.so
2706462:M 11 Jan 2024 15:31:43.270 * Server initialized
2706462:M 11 Jan 2024 15:31:43.270 . The AOF directory appendonlydir doesn't exist
2706462:M 11 Jan 2024 15:31:43.270 * Ready to accept connections tcp
2706462:M 11 Jan 2024 15:31:43.271 . 0 clients connected (0 replicas), 1746656 bytes in use
2706462:M 11 Jan 2024 15:31:43.304 - Accepted 127.0.0.1:39094
2706462:M 11 Jan 2024 15:31:43.304 # Missing implement of connection type tls
2706462:M 11 Jan 2024 15:31:43.370 * <raft> Loading: Redis loading complete, snapshot NOT LOADED
2706462:M 11 Jan 2024 15:31:43.371 * <raft> Cluster Membership: term:0 index:0 nodes: id=1,voting=0,active=1,addr=-
2706462:M 11 Jan 2024 15:31:43.371 * <raft> Test network starting message polling thread
2706462:M 11 Jan 2024 15:31:43.372 * <raft> Cluster Membership: term:0 index:7 nodes: id=1,voting=1,active=1,addr=- id=2,voting=0,active=1,addr=localhost:5032
2706462:M 11 Jan 2024 15:31:43.372 * <raft> Cluster Membership: term:0 index:7 nodes: id=1,voting=1,active=1,addr=- id=2,voting=0,active=1,addr=localhost:5032 id=3,voting=0,active=1,addr=localhost:5033
2706462:M 11 Jan 2024 15:31:43.372 * <raft> Raft state after loading log: log_count=7, first_idx=1, current_idx=7, last_applied_idx=0
2706462:M 11 Jan 2024 15:31:43.372 . <raft> Raft term=2, vote=-1
2706462:M 11 Jan 2024 15:31:43.378 * <raft> State change: Node is now a leader, term 3
2706462:M 11 Jan 2024 15:31:43.379 * <raft> Cluster Membership: term:3 index:8 nodes: id=1,voting=1,active=1,addr=- id=2,voting=0,active=1,addr=localhost:5032 id=3,voting=0,active=1,addr=localhost:5033
2706462:signal-handler (1704983503) Received SIGINT scheduling shutdown...
2706462:signal-handler (1704983503) Received SIGINT scheduling shutdown...
2706936:C 11 Jan 2024 15:31:43.990 # WARNING Memory overcommit must be enabled! Without it, a background save or replication may fail under low memory condition. Being disabled, it can also cause failures without low memory condition, see https://github.com/jemalloc/jemalloc/issues/1328. To fix this issue add 'vm.overcommit_memory = 1' to /etc/sysctl.conf and then reboot or run the command 'sysctl vm.overcommit_memory=1' for this to take effect.
2706936:C 11 Jan 2024 15:31:43.990 * oO0OoO0OoO0Oo Redis is starting oO0OoO0OoO0Oo
2706936:C 11 Jan 2024 15:31:43.990 * Redis version=255.255.255, bits=64, commit=e04ebdb8, modified=1, pid=2706936, just started
2706936:C 11 Jan 2024 15:31:43.990 * Configuration loaded
2706936:M 11 Jan 2024 15:31:43.990 * monotonic clock: POSIX clock_gettime
2706936:M 11 Jan 2024 15:31:43.991 * Running mode=standalone, port=5031.
2706936:M 11 Jan 2024 15:31:43.997 * <raft> RedisRaft version 255.255.255 [b779b199]
2706936:M 11 Jan 2024 15:31:44.002 * <raft> Initializing test network
2706936:M 11 Jan 2024 15:31:44.003 * <raft> Created test network client
2706936:M 11 Jan 2024 15:31:44.006 * <raft> Raft module loaded, state is 'loading'
2706936:M 11 Jan 2024 15:31:44.006 * Module 'raft' loaded from /home/snagendra/Fuzzing/redisraft-fuzzing/redisraft.so
2706936:M 11 Jan 2024 15:31:44.007 * Server initialized
2706936:M 11 Jan 2024 15:31:44.007 . The AOF directory appendonlydir doesn't exist
2706936:M 11 Jan 2024 15:31:44.007 * Ready to accept connections tcp
2706936:M 11 Jan 2024 15:31:44.007 . 0 clients connected (0 replicas), 1746656 bytes in use
2706936:M 11 Jan 2024 15:31:44.008 - Accepted 127.0.0.1:39116
2706936:M 11 Jan 2024 15:31:44.008 # Missing implement of connection type tls
2706936:M 11 Jan 2024 15:31:44.063 - Client closed connection id=8 addr=127.0.0.1:39116 laddr=127.0.0.1:5031 fd=11 name= age=0 idle=0 flags=N db=0 sub=0 psub=0 ssub=0 multi=-1 qbuf=0 qbuf-free=20474 argv-mem=0 multi-mem=0 rbs=16384 rbp=16384 obl=0 oll=0 omem=0 tot-mem=37760 events=r cmd=auth user=default redir=-1 resp=2 lib-name= lib-ver=
2706936:signal-handler (1704983504) Received SIGINT scheduling shutdown...
2706936:signal-handler (1704983504) You insist... exiting now.

----- Stderr -----
libgcov profiling error:/home/snagendra/Fuzzing/redisraft-fuzzing/build/deps/raft/CMakeFiles/raft.dir/src/raft_server_properties.c.gcda:Merge mismatch for function 10
libgcov profiling error:/home/snagendra/Fuzzing/redisraft-fuzzing/build/deps/raft/CMakeFiles/raft.dir/src/raft_server.c.gcda:Merge mismatch for function 36
libgcov profiling error:/home/snagendra/Fuzzing/redisraft-fuzzing/build/deps/raft/CMakeFiles/raft.dir/src/raft_server_properties.c.gcda:Merge mismatch for function 10
libgcov profiling error:/home/snagendra/Fuzzing/redisraft-fuzzing/build/deps/raft/CMakeFiles/raft.dir/src/raft_server.c.gcda:Merge mismatch for function 36
libgcov profiling error:/home/snagendra/Fuzzing/redisraft-fuzzing/build/deps/raft/CMakeFiles/raft.dir/src/raft_server_properties.c.gcda:Merge mismatch for function 10
libgcov profiling error:/home/snagendra/Fuzzing/redisraft-fuzzing/build/deps/raft/CMakeFiles/raft.dir/src/raft_server.c.gcda:Merge mismatch for function 36




logs for node: 2

----- Stdout -----
2705563:C 11 Jan 2024 15:31:40.675 # WARNING Memory overcommit must be enabled! Without it, a background save or replication may fail under low memory condition. Being disabled, it can also cause failures without low memory condition, see https://github.com/jemalloc/jemalloc/issues/1328. To fix this issue add 'vm.overcommit_memory = 1' to /etc/sysctl.conf and then reboot or run the command 'sysctl vm.overcommit_memory=1' for this to take effect.
2705563:C 11 Jan 2024 15:31:40.675 * oO0OoO0OoO0Oo Redis is starting oO0OoO0OoO0Oo
2705563:C 11 Jan 2024 15:31:40.675 * Redis version=255.255.255, bits=64, commit=e04ebdb8, modified=1, pid=2705563, just started
2705563:C 11 Jan 2024 15:31:40.675 * Configuration loaded
2705563:M 11 Jan 2024 15:31:40.675 * monotonic clock: POSIX clock_gettime
2705563:M 11 Jan 2024 15:31:40.676 * Running mode=standalone, port=5032.
2705563:M 11 Jan 2024 15:31:40.683 * <raft> RedisRaft version 255.255.255 [b779b199]
2705563:M 11 Jan 2024 15:31:40.688 * <raft> Initializing test network
2705563:M 11 Jan 2024 15:31:40.688 * <raft> Created test network client
2705563:M 11 Jan 2024 15:31:40.689 * <raft> Raft module loaded, state is 'uninitialized'
2705563:M 11 Jan 2024 15:31:40.689 * Module 'raft' loaded from /home/snagendra/Fuzzing/redisraft-fuzzing/redisraft.so
2705563:M 11 Jan 2024 15:31:40.690 * Server initialized
2705563:M 11 Jan 2024 15:31:40.690 . The AOF directory appendonlydir doesn't exist
2705563:M 11 Jan 2024 15:31:40.691 * Ready to accept connections tcp
2705563:M 11 Jan 2024 15:31:40.691 . 0 clients connected (0 replicas), 1726224 bytes in use
2705563:M 11 Jan 2024 15:31:40.702 - Accepted 127.0.0.1:54556
2705563:M 11 Jan 2024 15:31:40.702 # Missing implement of connection type tls
2705563:M 11 Jan 2024 15:31:40.789 - <raft> join cluster, connecting to localhost:5031
2705563:M 11 Jan 2024 15:31:40.791 * <raft> Joined Raft cluster, node id: 2, dbid: 02423d39f13a73a47c6c4c2df5d5fae3
2705563:M 11 Jan 2024 15:31:40.797 * <raft> Cluster Membership: term:0 index:0 nodes: id=2,voting=0,active=1,addr=-
2705563:M 11 Jan 2024 15:31:40.797 * <raft> Test network starting message polling thread
2705563:M 11 Jan 2024 15:31:40.859 - Accepted 127.0.0.1:54572
2705563:M 11 Jan 2024 15:31:40.932 * <raft> Cluster Membership: term:1 index:2 nodes: id=2,voting=0,active=1,addr=- id=1,voting=1,active=1,addr=localhost:5031
2705563:M 11 Jan 2024 15:31:41.150 - Client closed connection id=9 addr=127.0.0.1:54572 laddr=127.0.0.1:5032 fd=10 name= age=1 idle=1 flags=N db=0 sub=0 psub=0 ssub=0 multi=-1 qbuf=0 qbuf-free=20474 argv-mem=0 multi-mem=0 rbs=1024 rbp=0 obl=0 oll=0 omem=0 tot-mem=22400 events=r cmd=auth user=default redir=-1 resp=2 lib-name= lib-ver=
2705563:M 11 Jan 2024 15:31:41.191 * <raft> State change: Election starting, node is now a pre-candidate, term 1
2705563:M 11 Jan 2024 15:31:41.191 * <raft> Cluster Membership: term:1 index:3 nodes: id=2,voting=0,active=1,addr=- id=1,voting=1,active=1,addr=localhost:5031
2705563:M 11 Jan 2024 15:31:41.393 * <raft> State change: Election starting, node is now a pre-candidate, term 1
2705563:M 11 Jan 2024 15:31:41.393 * <raft> Cluster Membership: term:1 index:3 nodes: id=2,voting=0,active=1,addr=- id=1,voting=1,active=1,addr=localhost:5031
2705563:M 11 Jan 2024 15:31:41.426 * <raft> State change: Node is now a follower, term 1
2705563:M 11 Jan 2024 15:31:41.426 * <raft> Cluster Membership: term:1 index:3 nodes: id=2,voting=0,active=1,addr=- id=1,voting=1,active=1,addr=localhost:5031
2705563:M 11 Jan 2024 15:31:41.427 * <raft> Cluster Membership: term:1 index:4 nodes: id=2,voting=0,active=1,addr=- id=1,voting=1,active=1,addr=localhost:5031 id=3,voting=0,active=1,addr=localhost:5033
2705563:M 11 Jan 2024 15:31:41.522 - Accepted 127.0.0.1:54578
2705563:M 11 Jan 2024 15:31:41.996 * <raft> State change: Election starting, node is now a pre-candidate, term 1
2705563:M 11 Jan 2024 15:31:41.996 * <raft> Cluster Membership: term:1 index:4 nodes: id=2,voting=0,active=1,addr=- id=1,voting=1,active=1,addr=localhost:5031 id=3,voting=0,active=1,addr=localhost:5033
2705563:M 11 Jan 2024 15:31:42.067 * <raft> State change: Node is now a follower, term 1
2705563:M 11 Jan 2024 15:31:42.067 * <raft> Cluster Membership: term:1 index:4 nodes: id=2,voting=0,active=1,addr=- id=1,voting=1,active=1,addr=localhost:5031 id=3,voting=0,active=1,addr=localhost:5033
2705563:M 11 Jan 2024 15:31:42.139 - Client closed connection id=10 addr=127.0.0.1:54578 laddr=127.0.0.1:5032 fd=14 name= age=1 idle=1 flags=N db=0 sub=0 psub=0 ssub=0 multi=-1 qbuf=0 qbuf-free=20474 argv-mem=0 multi-mem=0 rbs=1024 rbp=0 obl=0 oll=0 omem=0 tot-mem=22400 events=r cmd=auth user=default redir=-1 resp=2 lib-name= lib-ver=
2705563:M 11 Jan 2024 15:31:42.399 * <raft> State change: Election starting, node is now a pre-candidate, term 2
2705563:M 11 Jan 2024 15:31:42.399 * <raft> Cluster Membership: term:2 index:5 nodes: id=2,voting=0,active=1,addr=- id=1,voting=1,active=1,addr=localhost:5031 id=3,voting=0,active=1,addr=localhost:5033
2705563:M 11 Jan 2024 15:31:42.475 * <raft> State change: Node is now a follower, term 2
2705563:M 11 Jan 2024 15:31:42.475 * <raft> Cluster Membership: term:2 index:5 nodes: id=2,voting=0,active=1,addr=- id=1,voting=1,active=1,addr=localhost:5031 id=3,voting=0,active=1,addr=localhost:5033
2705563:M 11 Jan 2024 15:31:43.204 * <raft> State change: Election starting, node is now a pre-candidate, term 2
2705563:M 11 Jan 2024 15:31:43.204 * <raft> Cluster Membership: term:2 index:7 nodes: id=2,voting=0,active=1,addr=- id=1,voting=1,active=1,addr=localhost:5031 id=3,voting=0,active=1,addr=localhost:5033
2705563:M 11 Jan 2024 15:31:43.251 * <raft> State change: Node is now a follower, term 2
2705563:M 11 Jan 2024 15:31:43.251 * <raft> Cluster Membership: term:2 index:7 nodes: id=2,voting=0,active=1,addr=- id=1,voting=1,active=1,addr=localhost:5031 id=3,voting=0,active=1,addr=localhost:5033
2705563:M 11 Jan 2024 15:31:43.379 - Accepted 127.0.0.1:33572
2705563:M 11 Jan 2024 15:31:43.869 - Client closed connection id=11 addr=127.0.0.1:33572 laddr=127.0.0.1:5032 fd=13 name= age=0 idle=0 flags=N db=0 sub=0 psub=0 ssub=0 multi=-1 qbuf=0 qbuf-free=20474 argv-mem=0 multi-mem=0 rbs=1024 rbp=0 obl=0 oll=0 omem=0 tot-mem=22400 events=r cmd=auth user=default redir=-1 resp=2 lib-name= lib-ver=
2705563:M 11 Jan 2024 15:31:43.907 * <raft> State change: Election starting, node is now a pre-candidate, term 3
2705563:M 11 Jan 2024 15:31:43.907 * <raft> Cluster Membership: term:3 index:8 nodes: id=2,voting=0,active=1,addr=- id=1,voting=1,active=1,addr=localhost:5031 id=3,voting=0,active=1,addr=localhost:5033
2705563:M 11 Jan 2024 15:31:43.957 * <raft> State change: Node is now a follower, term 3
2705563:M 11 Jan 2024 15:31:43.957 * <raft> Cluster Membership: term:3 index:8 nodes: id=2,voting=0,active=1,addr=- id=1,voting=1,active=1,addr=localhost:5031 id=3,voting=0,active=1,addr=localhost:5033
2705563:signal-handler (1704983504) Received SIGINT scheduling shutdown...
2705563:signal-handler (1704983504) You insist... exiting now.

----- Stderr -----
libgcov profiling error:/home/snagendra/Fuzzing/redisraft-fuzzing/build/deps/raft/CMakeFiles/raft.dir/src/raft_server_properties.c.gcda:Merge mismatch for function 10
libgcov profiling error:/home/snagendra/Fuzzing/redisraft-fuzzing/build/deps/raft/CMakeFiles/raft.dir/src/raft_server.c.gcda:Merge mismatch for function 36




logs for node: 3

----- Stdout -----
2705632:C 11 Jan 2024 15:31:40.800 # WARNING Memory overcommit must be enabled! Without it, a background save or replication may fail under low memory condition. Being disabled, it can also cause failures without low memory condition, see https://github.com/jemalloc/jemalloc/issues/1328. To fix this issue add 'vm.overcommit_memory = 1' to /etc/sysctl.conf and then reboot or run the command 'sysctl vm.overcommit_memory=1' for this to take effect.
2705632:C 11 Jan 2024 15:31:40.800 * oO0OoO0OoO0Oo Redis is starting oO0OoO0OoO0Oo
2705632:C 11 Jan 2024 15:31:40.800 * Redis version=255.255.255, bits=64, commit=e04ebdb8, modified=1, pid=2705632, just started
2705632:C 11 Jan 2024 15:31:40.800 * Configuration loaded
2705632:M 11 Jan 2024 15:31:40.801 * monotonic clock: POSIX clock_gettime
2705632:M 11 Jan 2024 15:31:40.801 * Running mode=standalone, port=5033.
2705632:M 11 Jan 2024 15:31:40.808 * <raft> RedisRaft version 255.255.255 [b779b199]
2705632:M 11 Jan 2024 15:31:40.813 * <raft> Initializing test network
2705632:M 11 Jan 2024 15:31:40.814 * <raft> Created test network client
2705632:M 11 Jan 2024 15:31:40.815 * <raft> Raft module loaded, state is 'uninitialized'
2705632:M 11 Jan 2024 15:31:40.815 * Module 'raft' loaded from /home/snagendra/Fuzzing/redisraft-fuzzing/redisraft.so
2705632:M 11 Jan 2024 15:31:40.816 * Server initialized
2705632:M 11 Jan 2024 15:31:40.816 . The AOF directory appendonlydir doesn't exist
2705632:M 11 Jan 2024 15:31:40.817 * Ready to accept connections tcp
2705632:M 11 Jan 2024 15:31:40.817 . 0 clients connected (0 replicas), 1726192 bytes in use
2705632:M 11 Jan 2024 15:31:40.839 - Accepted 127.0.0.1:42688
2705632:M 11 Jan 2024 15:31:40.839 # Missing implement of connection type tls
2705632:M 11 Jan 2024 15:31:40.915 - <raft> join cluster, connecting to localhost:5031
2705632:M 11 Jan 2024 15:31:40.917 * <raft> Joined Raft cluster, node id: 3, dbid: 02423d39f13a73a47c6c4c2df5d5fae3
2705632:M 11 Jan 2024 15:31:40.924 * <raft> Cluster Membership: term:0 index:0 nodes: id=3,voting=0,active=1,addr=-
2705632:M 11 Jan 2024 15:31:40.924 * <raft> Test network starting message polling thread
2705632:M 11 Jan 2024 15:31:40.960 - Accepted 127.0.0.1:42704
2705632:M 11 Jan 2024 15:31:41.150 - Client closed connection id=9 addr=127.0.0.1:42704 laddr=127.0.0.1:5033 fd=10 name= age=1 idle=1 flags=N db=0 sub=0 psub=0 ssub=0 multi=-1 qbuf=0 qbuf-free=20474 argv-mem=0 multi-mem=0 rbs=1024 rbp=0 obl=0 oll=0 omem=0 tot-mem=22400 events=r cmd=auth user=default redir=-1 resp=2 lib-name= lib-ver=
2705632:M 11 Jan 2024 15:31:41.418 * <raft> State change: Election starting, node is now a pre-candidate, term 0
2705632:M 11 Jan 2024 15:31:41.418 * <raft> Cluster Membership: term:0 index:0 nodes: id=3,voting=0,active=1,addr=-
2705632:M 11 Jan 2024 15:31:41.494 - Accepted 127.0.0.1:42716
2705632:M 11 Jan 2024 15:31:41.522 - Accepted 127.0.0.1:42720
2705632:M 11 Jan 2024 15:31:41.719 * <raft> State change: Election starting, node is now a pre-candidate, term 0
2705632:M 11 Jan 2024 15:31:41.719 * <raft> Cluster Membership: term:0 index:0 nodes: id=3,voting=0,active=1,addr=-
2705632:M 11 Jan 2024 15:31:41.952 * <raft> State change: Node is now a follower, term 2
2705632:M 11 Jan 2024 15:31:41.952 * <raft> Cluster Membership: term:2 index:0 nodes: id=3,voting=0,active=1,addr=-
2705632:M 11 Jan 2024 15:31:42.139 - Client closed connection id=11 addr=127.0.0.1:42720 laddr=127.0.0.1:5033 fd=13 name= age=1 idle=1 flags=N db=0 sub=0 psub=0 ssub=0 multi=-1 qbuf=0 qbuf-free=20474 argv-mem=0 multi-mem=0 rbs=1024 rbp=0 obl=0 oll=0 omem=0 tot-mem=22400 events=r cmd=auth user=default redir=-1 resp=2 lib-name= lib-ver=
2705632:M 11 Jan 2024 15:31:42.522 * <raft> State change: Election starting, node is now a pre-candidate, term 2
2705632:M 11 Jan 2024 15:31:42.522 * <raft> Cluster Membership: term:2 index:0 nodes: id=3,voting=0,active=1,addr=-
2705632:M 11 Jan 2024 15:31:42.688 * <raft> State change: Node is now a follower, term 2
2705632:M 11 Jan 2024 15:31:42.688 * <raft> Cluster Membership: term:2 index:0 nodes: id=3,voting=0,active=1,addr=-
2705632:M 11 Jan 2024 15:31:43.023 * <raft> State change: Election starting, node is now a pre-candidate, term 2
2705632:M 11 Jan 2024 15:31:43.023 * <raft> Cluster Membership: term:2 index:0 nodes: id=3,voting=0,active=1,addr=-
2705632:M 11 Jan 2024 15:31:43.053 * <raft> State change: Node is now a follower, term 2
2705632:M 11 Jan 2024 15:31:43.053 * <raft> Cluster Membership: term:2 index:0 nodes: id=3,voting=0,active=1,addr=-
2705632:signal-handler (1704983503) Received SIGINT scheduling shutdown...
2705632:signal-handler (1704983503) You insist... exiting now.
2706493:C 11 Jan 2024 15:31:43.314 # WARNING Memory overcommit must be enabled! Without it, a background save or replication may fail under low memory condition. Being disabled, it can also cause failures without low memory condition, see https://github.com/jemalloc/jemalloc/issues/1328. To fix this issue add 'vm.overcommit_memory = 1' to /etc/sysctl.conf and then reboot or run the command 'sysctl vm.overcommit_memory=1' for this to take effect.
2706493:C 11 Jan 2024 15:31:43.314 * oO0OoO0OoO0Oo Redis is starting oO0OoO0OoO0Oo
2706493:C 11 Jan 2024 15:31:43.314 * Redis version=255.255.255, bits=64, commit=e04ebdb8, modified=1, pid=2706493, just started
2706493:C 11 Jan 2024 15:31:43.314 * Configuration loaded
2706493:M 11 Jan 2024 15:31:43.314 * monotonic clock: POSIX clock_gettime
2706493:M 11 Jan 2024 15:31:43.315 * Running mode=standalone, port=5033.
2706493:M 11 Jan 2024 15:31:43.321 * <raft> RedisRaft version 255.255.255 [b779b199]
2706493:M 11 Jan 2024 15:31:43.325 * <raft> Initializing test network
2706493:M 11 Jan 2024 15:31:43.326 * <raft> Created test network client
2706493:M 11 Jan 2024 15:31:43.329 * <raft> Raft module loaded, state is 'loading'
2706493:M 11 Jan 2024 15:31:43.329 * Module 'raft' loaded from /home/snagendra/Fuzzing/redisraft-fuzzing/redisraft.so
2706493:M 11 Jan 2024 15:31:43.329 * Server initialized
2706493:M 11 Jan 2024 15:31:43.330 . The AOF directory appendonlydir doesn't exist
2706493:M 11 Jan 2024 15:31:43.330 * Ready to accept connections tcp
2706493:M 11 Jan 2024 15:31:43.330 . 0 clients connected (0 replicas), 1746848 bytes in use
2706493:M 11 Jan 2024 15:31:43.379 - Accepted 127.0.0.1:58674
2706493:M 11 Jan 2024 15:31:43.379 # Missing implement of connection type tls
2706493:M 11 Jan 2024 15:31:43.404 - Accepted 127.0.0.1:58684
2706493:M 11 Jan 2024 15:31:43.430 * <raft> Loading: Redis loading complete, snapshot NOT LOADED
2706493:M 11 Jan 2024 15:31:43.430 * <raft> Cluster Membership: term:0 index:0 nodes: id=3,voting=0,active=1,addr=-
2706493:M 11 Jan 2024 15:31:43.430 * <raft> Test network starting message polling thread


=== REDIS BUG REPORT START: Cut & paste starting from here ===
2706493:M 11 Jan 2024 15:31:43.430 # Redis 255.255.255 crashed by signal: 6, si_code: -6
2706493:M 11 Jan 2024 15:31:43.431 # Crashed running the instruction at: 0x7f2cdca49d3c

------ STACK TRACE ------
EIP:
/lib/x86_64-linux-gnu/libc.so.6(+0x8ad3c)[0x7f2cdca49d3c]

Backtrace:
/lib/x86_64-linux-gnu/libc.so.6(+0x3bfd0)[0x7f2cdc9fafd0]
/lib/x86_64-linux-gnu/libc.so.6(+0x8ad3c)[0x7f2cdca49d3c]
/lib/x86_64-linux-gnu/libc.so.6(gsignal+0x12)[0x7f2cdc9faf32]
/lib/x86_64-linux-gnu/libc.so.6(abort+0xd3)[0x7f2cdc9e5472]
/lib/x86_64-linux-gnu/libc.so.6(+0x26395)[0x7f2cdc9e5395]
/lib/x86_64-linux-gnu/libc.so.6(+0x34e32)[0x7f2cdc9f3e32]
/home/snagendra/Fuzzing/redisraft-fuzzing/redisraft.so(+0x3caea)[0x7f2cdc96eaea]
/home/snagendra/Fuzzing/redisraft-fuzzing/redisraft.so(callRaftPeriodic+0x478)[0x7f2cdc95f088]
/home/snagendra/Fuzzing/redis/src/redis-server 0.0.0.0:5033(moduleTimerHandler+0x21c)[0x55830b86598c]
/home/snagendra/Fuzzing/redis/src/redis-server 0.0.0.0:5033(+0x81705)[0x55830b76f705]
/home/snagendra/Fuzzing/redis/src/redis-server 0.0.0.0:5033(aeMain+0x1c8)[0x55830b779cb8]
/home/snagendra/Fuzzing/redis/src/redis-server 0.0.0.0:5033(main+0x3cd)[0x55830b76ee2d]
/lib/x86_64-linux-gnu/libc.so.6(+0x271ca)[0x7f2cdc9e61ca]
/lib/x86_64-linux-gnu/libc.so.6(__libc_start_main+0x85)[0x7f2cdc9e6285]
/home/snagendra/Fuzzing/redis/src/redis-server 0.0.0.0:5033(_start+0x2a)[0x55830b76f5aa]

------ REGISTERS ------
2706493:M 11 Jan 2024 15:31:43.431 # 
RAX:0000000000000000 RBX:0000000000294c3d
RCX:00007f2cdca49d3c RDX:0000000000000006
RDI:0000000000294c3d RSI:0000000000294c3d
RBP:00007f2cdc9bb1c0 RSP:00007ffc309d1180
R8 :0000000000000007 R9 :000055830c7d4820
R10:0000000000000008 R11:0000000000000246
R12:0000000000000006 R13:00000000000006a6
R14:00007f2cdc99b05c R15:000055830b8642b0
RIP:00007f2cdca49d3c EFL:0000000000000246
CSGSFS:002b000000000033
2706493:M 11 Jan 2024 15:31:43.431 # (00007ffc309d118f) -> 000055830c7d48d0
2706493:M 11 Jan 2024 15:31:43.431 # (00007ffc309d118e) -> 00007f2cdcb91c60
2706493:M 11 Jan 2024 15:31:43.431 # (00007ffc309d118d) -> 00000000000002b1
2706493:M 11 Jan 2024 15:31:43.431 # (00007ffc309d118c) -> 000055830c7d4820
2706493:M 11 Jan 2024 15:31:43.431 # (00007ffc309d118b) -> 00000000000006a6
2706493:M 11 Jan 2024 15:31:43.431 # (00007ffc309d118a) -> 0000000000000020
2706493:M 11 Jan 2024 15:31:43.431 # (00007ffc309d1189) -> 00007f2cdc9e5472
2706493:M 11 Jan 2024 15:31:43.431 # (00007ffc309d1188) -> 00007f2cdcb92e70
2706493:M 11 Jan 2024 15:31:43.431 # (00007ffc309d1187) -> 00007f2cdc9faf32
2706493:M 11 Jan 2024 15:31:43.431 # (00007ffc309d1186) -> 00007f2cdc99b05c
2706493:M 11 Jan 2024 15:31:43.431 # (00007ffc309d1185) -> 00000000000006a6
2706493:M 11 Jan 2024 15:31:43.431 # (00007ffc309d1184) -> 00007f2cdc99a720
2706493:M 11 Jan 2024 15:31:43.431 # (00007ffc309d1183) -> 00007f2cdc9bb1c0
2706493:M 11 Jan 2024 15:31:43.431 # (00007ffc309d1182) -> 0000000000000006
2706493:M 11 Jan 2024 15:31:43.431 # (00007ffc309d1181) -> 135ef8e1e5905000
2706493:M 11 Jan 2024 15:31:43.431 # (00007ffc309d1180) -> 000055830b8642b0

------ INFO OUTPUT ------
# Server
redis_version:255.255.255
redis_git_sha1:e04ebdb8
redis_git_dirty:1
redis_build_id:1f78dcc7b4fbdd25
redis_mode:standalone
os:Linux 6.1.60.1.amd64-smp x86_64
arch_bits:64
monotonic_clock:POSIX clock_gettime
multiplexing_api:epoll
atomicvar_api:c11-builtin
gcc_version:10.2.1
process_id:2706493
process_supervised:no
run_id:365cfba055e882d24cca65e6bc06d29fcee91b1b
tcp_port:5033
server_time_usec:1704983503430095
uptime_in_seconds:0
uptime_in_days:0
hz:10
configured_hz:10
lru_clock:10484687
executable:/home/snagendra/Fuzzing/redis/src/redis-server
config_file:
io_threads_active:0
listener0:name=tcp,bind=0.0.0.0,port=5033

# Clients
connected_clients:2
cluster_connections:0
maxclients:10000
client_recent_max_input_buffer:0
client_recent_max_output_buffer:0
blocked_clients:0
tracking_clients:0
clients_in_timeout_table:0
total_blocking_keys:0
total_blocking_keys_on_nokey:0

# Memory
used_memory:1855400
used_memory_human:1.77M
used_memory_rss:17842176
used_memory_rss_human:17.02M
used_memory_peak:1855400
used_memory_peak_human:1.77M
used_memory_peak_perc:100.38%
used_memory_overhead:1746888
used_memory_startup:1746704
used_memory_dataset:108512
used_memory_dataset_perc:99.83%
allocator_allocated:2219152
allocator_active:2756608
allocator_resident:10948608
total_system_memory:270388695040
total_system_memory_human:251.82G
used_memory_lua:31744
used_memory_vm_eval:31744
used_memory_lua_human:31.00K
used_memory_scripts_eval:0
number_of_cached_scripts:0
number_of_functions:0
number_of_libraries:0
used_memory_vm_functions:32768
used_memory_vm_total:64512
used_memory_vm_total_human:63.00K
used_memory_functions:184
used_memory_scripts:184
used_memory_scripts_human:184B
maxmemory:0
maxmemory_human:0B
maxmemory_policy:noeviction
allocator_frag_ratio:1.24
allocator_frag_bytes:537456
allocator_rss_ratio:3.97
allocator_rss_bytes:8192000
rss_overhead_ratio:1.63
rss_overhead_bytes:6893568
mem_fragmentation_ratio:10.21
mem_fragmentation_bytes:16095328
mem_not_counted_for_evict:0
mem_replication_backlog:0
mem_total_replication_buffers:0
mem_clients_slaves:0
mem_clients_normal:0
mem_cluster_links:0
mem_aof_buffer:0
mem_allocator:jemalloc-5.3.0
active_defrag_running:0
lazyfree_pending_objects:0
lazyfreed_objects:0

# Persistence
loading:0
async_loading:0
current_cow_peak:0
current_cow_size:0
current_cow_size_age:0
current_fork_perc:0.00
current_save_keys_processed:0
current_save_keys_total:0
rdb_changes_since_last_save:0
rdb_bgsave_in_progress:0
rdb_last_save_time:1704983503
rdb_last_bgsave_status:ok
rdb_last_bgsave_time_sec:-1
rdb_current_bgsave_time_sec:-1
rdb_saves:0
rdb_last_cow_size:0
rdb_last_load_keys_expired:0
rdb_last_load_keys_loaded:0
aof_enabled:0
aof_rewrite_in_progress:0
aof_rewrite_scheduled:0
aof_last_rewrite_time_sec:-1
aof_current_rewrite_time_sec:-1
aof_last_bgrewrite_status:ok
aof_rewrites:0
aof_rewrites_consecutive_failures:0
aof_last_write_status:ok
aof_last_cow_size:0
module_fork_in_progress:0
module_fork_last_cow_size:0

# Stats
total_connections_received:2
total_commands_processed:8
instantaneous_ops_per_sec:23
total_net_input_bytes:66
total_net_output_bytes:10
total_net_repl_input_bytes:0
total_net_repl_output_bytes:0
instantaneous_input_kbps:0.00
instantaneous_output_kbps:0.00
instantaneous_input_repl_kbps:0.00
instantaneous_output_repl_kbps:0.00
rejected_connections:0
sync_full:0
sync_partial_ok:0
sync_partial_err:0
expired_keys:0
expired_stale_perc:0.00
expired_time_cap_reached_count:0
expire_cycle_cpu_milliseconds:0
evicted_keys:0
evicted_clients:0
total_eviction_exceeded_time:0
current_eviction_exceeded_time:0
keyspace_hits:0
keyspace_misses:0
pubsub_channels:0
pubsub_patterns:0
pubsubshard_channels:0
latest_fork_usec:0
total_forks:0
migrate_cached_sockets:0
slave_expires_tracked_keys:0
active_defrag_hits:0
active_defrag_misses:0
active_defrag_key_hits:0
active_defrag_key_misses:0
total_active_defrag_time:0
current_active_defrag_time:0
tracking_total_keys:0
tracking_total_items:0
tracking_total_prefixes:0
unexpected_error_replies:0
total_error_replies:0
dump_payload_sanitizations:0
total_reads_processed:2
total_writes_processed:2
io_threaded_reads_processed:0
io_threaded_writes_processed:0
reply_buffer_shrinks:0
reply_buffer_expands:0
acl_access_denied_auth:0
acl_access_denied_cmd:0
acl_access_denied_key:0
acl_access_denied_channel:0

# Replication
role:master
connected_slaves:0
master_failover_state:no-failover
master_replid:80c67e32046c830b90b985bcc6c474df175eb530
master_replid2:0000000000000000000000000000000000000000
master_repl_offset:0
second_repl_offset:-1
repl_backlog_active:0
repl_backlog_size:1048576
repl_backlog_first_byte_offset:0
repl_backlog_histlen:0

# CPU
used_cpu_sys:0.003414
used_cpu_user:0.013658
used_cpu_sys_children:0.000000
used_cpu_user_children:0.000000
used_cpu_sys_main_thread:0.003335
used_cpu_user_main_thread:0.013342

# Modules
module:name=raft,ver=1,api=1,filters=1,usedby=[],using=[],options=[]

# Commandstats
cmdstat_command:calls=2,usec=1468,usec_per_call=734.00,rejected_calls=0,failed_calls=0
cmdstat_config|set:calls=1,usec=5,usec_per_call=5.00,rejected_calls=0,failed_calls=0
cmdstat_config|get:calls=3,usec=4,usec_per_call=1.33,rejected_calls=0,failed_calls=0
cmdstat_auth:calls=2,usec=2,usec_per_call=1.00,rejected_calls=0,failed_calls=0

# Errorstats

# Latencystats
latency_percentiles_usec_command:p50=684.031,p99=786.431,p99.9=786.431
latency_percentiles_usec_config|set:p50=5.023,p99=5.023,p99.9=5.023
latency_percentiles_usec_config|get:p50=1.003,p99=2.007,p99.9=2.007
latency_percentiles_usec_auth:p50=1.003,p99=1.003,p99.9=1.003

# Cluster
cluster_enabled:0

# Keyspace

------ CLIENT LIST OUTPUT ------
id=8 addr=127.0.0.1:58674 laddr=127.0.0.1:5033 fd=11 name= age=0 idle=0 flags=N db=0 sub=0 psub=0 ssub=0 multi=-1 qbuf=0 qbuf-free=20474 argv-mem=0 multi-mem=0 rbs=16384 rbp=16384 obl=0 oll=0 omem=0 tot-mem=37760 events=r cmd=auth user=default redir=-1 resp=2 lib-name= lib-ver=
id=9 addr=127.0.0.1:58684 laddr=127.0.0.1:5033 fd=12 name= age=0 idle=0 flags=N db=0 sub=0 psub=0 ssub=0 multi=-1 qbuf=0 qbuf-free=20474 argv-mem=0 multi-mem=0 rbs=16384 rbp=16384 obl=0 oll=0 omem=0 tot-mem=37760 events=r cmd=auth user=default redir=-1 resp=2 lib-name= lib-ver=

------ MODULES INFO OUTPUT ------
# raft_version
raft_version:255.255.255
raft_git_sha1:b779b199

# raft_general
raft_dbid:02423d39f13a73a47c6c4c2df5d5fae3
raft_node_id:3
raft_state:up
raft_role:follower
raft_is_voting:no
raft_voted_for:-1
raft_leader_id:-1
raft_current_term:0
raft_num_nodes:1
raft_num_voting_nodes:0

# raft_log
raft_log_entries:0
raft_current_index:0
raft_commit_index:0
raft_last_applied_index:0
raft_file_size:101
raft_cache_memory_size:0
raft_cache_entries:0
raft_client_attached_entries:0
raft_fsync_count:0
raft_fsync_max_microseconds:0
raft_fsync_avg_microseconds:0

# raft_snapshot
raft_snapshot_filename:redis3.rdb
raft_snapshot_last_idx:0
raft_snapshot_last_term:0
raft_snapshot_size:0
raft_snapshot_time_secs:-1
raft_snapshots_created:0
raft_snapshots_received:0
raft_snapshot_in_progress:no
raft_snapshot_in_progress_last_idx:-1
raft_snapshot_in_progress_last_term:-1

# raft_clients
raft_proxy_reqs:0
raft_proxy_failed_reqs:0
raft_proxy_failed_responses:0
raft_proxy_outstanding_reqs:0

# raft_stats
raft_appendreq_received:0
raft_appendreq_with_entry_received:0
raft_snapshotreq_received:0
raft_exec_throttled:0
raft_num_sessions:0

------ CONFIG DEBUG OUTPUT ------
lazyfree-lazy-eviction no
repl-diskless-sync yes
lazyfree-lazy-expire no
io-threads-do-reads no
lazyfree-lazy-user-flush no
client-query-buffer-limit 1gb
proto-max-bulk-len 512mb
lazyfree-lazy-server-del no
activedefrag no
repl-diskless-load disabled
lazyfree-lazy-user-del no
slave-read-only yes
list-compress-depth 0
sanitize-dump-payload no
io-threads 1
replica-read-only yes

------ FAST MEMORY TEST ------
2706493:M 11 Jan 2024 15:31:43.432 # Bio worker thread #0 terminated
2706493:M 11 Jan 2024 15:31:43.432 # Bio worker thread #1 terminated
2706493:M 11 Jan 2024 15:31:43.432 # Bio worker thread #2 terminated
*** Preparing to test memory region 55830ba45000 (2273280 bytes)
*** Preparing to test memory region 55830c77f000 (405504 bytes)
*** Preparing to test memory region 7f2ccf7ff000 (8388608 bytes)
*** Preparing to test memory region 7f2cd0000000 (8388608 bytes)
*** Preparing to test memory region 7f2cd0800000 (6291456 bytes)
*** Preparing to test memory region 7f2cd0ffb000 (8388608 bytes)
*** Preparing to test memory region 7f2cd17fc000 (8388608 bytes)
*** Preparing to test memory region 7f2cd1ffd000 (8388608 bytes)
*** Preparing to test memory region 7f2cd27fe000 (8388608 bytes)
*** Preparing to test memory region 7f2cd2fff000 (8388608 bytes)
*** Preparing to test memory region 7f2cd3800000 (8388608 bytes)
*** Preparing to test memory region 7f2cd4000000 (135168 bytes)
*** Preparing to test memory region 7f2cd871e000 (8388608 bytes)
*** Preparing to test memory region 7f2cd8f1f000 (8388608 bytes)
*** Preparing to test memory region 7f2cd9720000 (8388608 bytes)
*** Preparing to test memory region 7f2cd9f21000 (8388608 bytes)
*** Preparing to test memory region 7f2cda721000 (2621440 bytes)
*** Preparing to test memory region 7f2cda9b0000 (8192 bytes)
*** Preparing to test memory region 7f2cdb07f000 (12288 bytes)
*** Preparing to test memory region 7f2cdb618000 (16384 bytes)
*** Preparing to test memory region 7f2cdb6cd000 (8192 bytes)
*** Preparing to test memory region 7f2cdc000000 (8388608 bytes)
*** Preparing to test memory region 7f2cdc85f000 (4096 bytes)
*** Preparing to test memory region 7f2cdc92f000 (12288 bytes)
*** Preparing to test memory region 7f2cdc9b4000 (45056 bytes)
*** Preparing to test memory region 7f2cdcb93000 (53248 bytes)
*** Preparing to test memory region 7f2cdccb0000 (8192 bytes)
.O.O.O.O.2706493:signal-handler (1704983503) Received SIGINT scheduling shutdown...
2706493:signal-handler (1704983503) You insist... exiting now.
2706686:C 11 Jan 2024 15:31:43.635 # WARNING Memory overcommit must be enabled! Without it, a background save or replication may fail under low memory condition. Being disabled, it can also cause failures without low memory condition, see https://github.com/jemalloc/jemalloc/issues/1328. To fix this issue add 'vm.overcommit_memory = 1' to /etc/sysctl.conf and then reboot or run the command 'sysctl vm.overcommit_memory=1' for this to take effect.
2706686:C 11 Jan 2024 15:31:43.635 * oO0OoO0OoO0Oo Redis is starting oO0OoO0OoO0Oo
2706686:C 11 Jan 2024 15:31:43.635 * Redis version=255.255.255, bits=64, commit=e04ebdb8, modified=1, pid=2706686, just started
2706686:C 11 Jan 2024 15:31:43.635 * Configuration loaded
2706686:M 11 Jan 2024 15:31:43.635 * monotonic clock: POSIX clock_gettime
2706686:M 11 Jan 2024 15:31:43.636 * Running mode=standalone, port=5033.
2706686:M 11 Jan 2024 15:31:43.642 * <raft> RedisRaft version 255.255.255 [b779b199]
2706686:M 11 Jan 2024 15:31:43.647 * <raft> Initializing test network
2706686:M 11 Jan 2024 15:31:43.648 * <raft> Created test network client
2706686:M 11 Jan 2024 15:31:43.651 * <raft> Raft module loaded, state is 'loading'
2706686:M 11 Jan 2024 15:31:43.651 * Module 'raft' loaded from /home/snagendra/Fuzzing/redisraft-fuzzing/redisraft.so
2706686:M 11 Jan 2024 15:31:43.651 * Server initialized
2706686:M 11 Jan 2024 15:31:43.651 . The AOF directory appendonlydir doesn't exist
2706686:M 11 Jan 2024 15:31:43.651 * Ready to accept connections tcp
2706686:M 11 Jan 2024 15:31:43.651 . 0 clients connected (0 replicas), 1746656 bytes in use
2706686:M 11 Jan 2024 15:31:43.681 - Accepted 127.0.0.1:58708
2706686:M 11 Jan 2024 15:31:43.681 # Missing implement of connection type tls
2706686:M 11 Jan 2024 15:31:43.706 - Accepted 127.0.0.1:58722
2706686:M 11 Jan 2024 15:31:43.751 * <raft> Loading: Redis loading complete, snapshot NOT LOADED
2706686:M 11 Jan 2024 15:31:43.752 * <raft> Cluster Membership: term:0 index:0 nodes: id=3,voting=0,active=1,addr=-
2706686:M 11 Jan 2024 15:31:43.752 * <raft> Test network starting message polling thread


=== REDIS BUG REPORT START: Cut & paste starting from here ===
2706686:M 11 Jan 2024 15:31:43.752 # Redis 255.255.255 crashed by signal: 6, si_code: -6
2706686:M 11 Jan 2024 15:31:43.752 # Crashed running the instruction at: 0x7f803db4ed3c

------ STACK TRACE ------
EIP:
/lib/x86_64-linux-gnu/libc.so.6(+0x8ad3c)[0x7f803db4ed3c]

Backtrace:
/lib/x86_64-linux-gnu/libc.so.6(+0x3bfd0)[0x7f803dafffd0]
/lib/x86_64-linux-gnu/libc.so.6(+0x8ad3c)[0x7f803db4ed3c]
/lib/x86_64-linux-gnu/libc.so.6(gsignal+0x12)[0x7f803dafff32]
/lib/x86_64-linux-gnu/libc.so.6(abort+0xd3)[0x7f803daea472]
/lib/x86_64-linux-gnu/libc.so.6(+0x26395)[0x7f803daea395]
/lib/x86_64-linux-gnu/libc.so.6(+0x34e32)[0x7f803daf8e32]
/home/snagendra/Fuzzing/redisraft-fuzzing/redisraft.so(+0x3caea)[0x7f803da73aea]
/home/snagendra/Fuzzing/redisraft-fuzzing/redisraft.so(callRaftPeriodic+0x478)[0x7f803da64088]
/home/snagendra/Fuzzing/redis/src/redis-server 0.0.0.0:5033(moduleTimerHandler+0x21c)[0x55ae8704598c]
/home/snagendra/Fuzzing/redis/src/redis-server 0.0.0.0:5033(+0x81705)[0x55ae86f4f705]
/home/snagendra/Fuzzing/redis/src/redis-server 0.0.0.0:5033(aeMain+0x1c8)[0x55ae86f59cb8]
/home/snagendra/Fuzzing/redis/src/redis-server 0.0.0.0:5033(main+0x3cd)[0x55ae86f4ee2d]
/lib/x86_64-linux-gnu/libc.so.6(+0x271ca)[0x7f803daeb1ca]
/lib/x86_64-linux-gnu/libc.so.6(__libc_start_main+0x85)[0x7f803daeb285]
/home/snagendra/Fuzzing/redis/src/redis-server 0.0.0.0:5033(_start+0x2a)[0x55ae86f4f5aa]

------ REGISTERS ------
2706686:M 11 Jan 2024 15:31:43.753 # 
RAX:0000000000000000 RBX:0000000000294cfe
RCX:00007f803db4ed3c RDX:0000000000000006
RDI:0000000000294cfe RSI:0000000000294cfe
RBP:00007f803dac01c0 RSP:00007ffcba1ed4e0
R8 :0000000000000007 R9 :000055ae87970820
R10:0000000000000008 R11:0000000000000246
R12:0000000000000006 R13:00000000000006a6
R14:00007f803daa005c R15:000055ae870442b0
RIP:00007f803db4ed3c EFL:0000000000000246
CSGSFS:002b000000000033
2706686:M 11 Jan 2024 15:31:43.753 # (00007ffcba1ed4ef) -> 000055ae879708d0
2706686:M 11 Jan 2024 15:31:43.753 # (00007ffcba1ed4ee) -> 00007f803dc96c60
2706686:M 11 Jan 2024 15:31:43.753 # (00007ffcba1ed4ed) -> 00000000000002b1
2706686:M 11 Jan 2024 15:31:43.753 # (00007ffcba1ed4ec) -> 000055ae87970820
2706686:M 11 Jan 2024 15:31:43.753 # (00007ffcba1ed4eb) -> 00000000000006a6
2706686:M 11 Jan 2024 15:31:43.753 # (00007ffcba1ed4ea) -> 0000000000000020
2706686:M 11 Jan 2024 15:31:43.753 # (00007ffcba1ed4e9) -> 00007f803daea472
2706686:M 11 Jan 2024 15:31:43.753 # (00007ffcba1ed4e8) -> 00007f803dc97e70
2706686:M 11 Jan 2024 15:31:43.753 # (00007ffcba1ed4e7) -> 00007f803dafff32
2706686:M 11 Jan 2024 15:31:43.753 # (00007ffcba1ed4e6) -> 00007f803daa005c
2706686:M 11 Jan 2024 15:31:43.753 # (00007ffcba1ed4e5) -> 00000000000006a6
2706686:M 11 Jan 2024 15:31:43.753 # (00007ffcba1ed4e4) -> 00007f803da9f720
2706686:M 11 Jan 2024 15:31:43.753 # (00007ffcba1ed4e3) -> 00007f803dac01c0
2706686:M 11 Jan 2024 15:31:43.753 # (00007ffcba1ed4e2) -> 0000000000000006
2706686:M 11 Jan 2024 15:31:43.753 # (00007ffcba1ed4e1) -> a2a6f95ea4233500
2706686:M 11 Jan 2024 15:31:43.753 # (00007ffcba1ed4e0) -> 000055ae870442b0

------ INFO OUTPUT ------
# Server
redis_version:255.255.255
redis_git_sha1:e04ebdb8
redis_git_dirty:1
redis_build_id:1f78dcc7b4fbdd25
redis_mode:standalone
os:Linux 6.1.60.1.amd64-smp x86_64
arch_bits:64
monotonic_clock:POSIX clock_gettime
multiplexing_api:epoll
atomicvar_api:c11-builtin
gcc_version:10.2.1
process_id:2706686
process_supervised:no
run_id:b0e5ecaf25460bf510d4e3f7f4af7a6b3b983045
tcp_port:5033
server_time_usec:1704983503751556
uptime_in_seconds:0
uptime_in_days:0
hz:10
configured_hz:10
lru_clock:10484687
executable:/home/snagendra/Fuzzing/redis/src/redis-server
config_file:
io_threads_active:0
listener0:name=tcp,bind=0.0.0.0,port=5033

# Clients
connected_clients:2
cluster_connections:0
maxclients:10000
client_recent_max_input_buffer:0
client_recent_max_output_buffer:0
blocked_clients:0
tracking_clients:0
clients_in_timeout_table:0
total_blocking_keys:0
total_blocking_keys_on_nokey:0

# Memory
used_memory:1855208
used_memory_human:1.77M
used_memory_rss:17534976
used_memory_rss_human:16.72M
used_memory_peak:1855208
used_memory_peak_human:1.77M
used_memory_peak_perc:100.38%
used_memory_overhead:1746696
used_memory_startup:1746512
used_memory_dataset:108512
used_memory_dataset_perc:99.83%
allocator_allocated:2104896
allocator_active:2682880
allocator_resident:10821632
total_system_memory:270388695040
total_system_memory_human:251.82G
used_memory_lua:31744
used_memory_vm_eval:31744
used_memory_lua_human:31.00K
used_memory_scripts_eval:0
number_of_cached_scripts:0
number_of_functions:0
number_of_libraries:0
used_memory_vm_functions:32768
used_memory_vm_total:64512
used_memory_vm_total_human:63.00K
used_memory_functions:184
used_memory_scripts:184
used_memory_scripts_human:184B
maxmemory:0
maxmemory_human:0B
maxmemory_policy:noeviction
allocator_frag_ratio:1.27
allocator_frag_bytes:577984
allocator_rss_ratio:4.03
allocator_rss_bytes:8138752
rss_overhead_ratio:1.62
rss_overhead_bytes:6713344
mem_fragmentation_ratio:10.04
mem_fragmentation_bytes:15788320
mem_not_counted_for_evict:0
mem_replication_backlog:0
mem_total_replication_buffers:0
mem_clients_slaves:0
mem_clients_normal:0
mem_cluster_links:0
mem_aof_buffer:0
mem_allocator:jemalloc-5.3.0
active_defrag_running:0
lazyfree_pending_objects:0
lazyfreed_objects:0

# Persistence
loading:0
async_loading:0
current_cow_peak:0
current_cow_size:0
current_cow_size_age:0
current_fork_perc:0.00
current_save_keys_processed:0
current_save_keys_total:0
rdb_changes_since_last_save:0
rdb_bgsave_in_progress:0
rdb_last_save_time:1704983503
rdb_last_bgsave_status:ok
rdb_last_bgsave_time_sec:-1
rdb_current_bgsave_time_sec:-1
rdb_saves:0
rdb_last_cow_size:0
rdb_last_load_keys_expired:0
rdb_last_load_keys_loaded:0
aof_enabled:0
aof_rewrite_in_progress:0
aof_rewrite_scheduled:0
aof_last_rewrite_time_sec:-1
aof_current_rewrite_time_sec:-1
aof_last_bgrewrite_status:ok
aof_rewrites:0
aof_rewrites_consecutive_failures:0
aof_last_write_status:ok
aof_last_cow_size:0
module_fork_in_progress:0
module_fork_last_cow_size:0

# Stats
total_connections_received:2
total_commands_processed:8
instantaneous_ops_per_sec:23
total_net_input_bytes:66
total_net_output_bytes:10
total_net_repl_input_bytes:0
total_net_repl_output_bytes:0
instantaneous_input_kbps:0.00
instantaneous_output_kbps:0.00
instantaneous_input_repl_kbps:0.00
instantaneous_output_repl_kbps:0.00
rejected_connections:0
sync_full:0
sync_partial_ok:0
sync_partial_err:0
expired_keys:0
expired_stale_perc:0.00
expired_time_cap_reached_count:0
expire_cycle_cpu_milliseconds:0
evicted_keys:0
evicted_clients:0
total_eviction_exceeded_time:0
current_eviction_exceeded_time:0
keyspace_hits:0
keyspace_misses:0
pubsub_channels:0
pubsub_patterns:0
pubsubshard_channels:0
latest_fork_usec:0
total_forks:0
migrate_cached_sockets:0
slave_expires_tracked_keys:0
active_defrag_hits:0
active_defrag_misses:0
active_defrag_key_hits:0
active_defrag_key_misses:0
total_active_defrag_time:0
current_active_defrag_time:0
tracking_total_keys:0
tracking_total_items:0
tracking_total_prefixes:0
unexpected_error_replies:0
total_error_replies:0
dump_payload_sanitizations:0
total_reads_processed:2
total_writes_processed:2
io_threaded_reads_processed:0
io_threaded_writes_processed:0
reply_buffer_shrinks:0
reply_buffer_expands:0
acl_access_denied_auth:0
acl_access_denied_cmd:0
acl_access_denied_key:0
acl_access_denied_channel:0

# Replication
role:master
connected_slaves:0
master_failover_state:no-failover
master_replid:99b2a3a67d0864c0efc5718bd8191fc1c7428c7c
master_replid2:0000000000000000000000000000000000000000
master_repl_offset:0
second_repl_offset:-1
repl_backlog_active:0
repl_backlog_size:1048576
repl_backlog_first_byte_offset:0
repl_backlog_histlen:0

# CPU
used_cpu_sys:0.000000
used_cpu_user:0.018109
used_cpu_sys_children:0.000000
used_cpu_user_children:0.000000
used_cpu_sys_main_thread:0.000000
used_cpu_user_main_thread:0.017716

# Modules
module:name=raft,ver=1,api=1,filters=1,usedby=[],using=[],options=[]

# Commandstats
cmdstat_command:calls=2,usec=1445,usec_per_call=722.50,rejected_calls=0,failed_calls=0
cmdstat_config|set:calls=1,usec=6,usec_per_call=6.00,rejected_calls=0,failed_calls=0
cmdstat_config|get:calls=3,usec=3,usec_per_call=1.00,rejected_calls=0,failed_calls=0
cmdstat_auth:calls=2,usec=4,usec_per_call=2.00,rejected_calls=0,failed_calls=0

# Errorstats

# Latencystats
latency_percentiles_usec_command:p50=700.415,p99=745.471,p99.9=745.471
latency_percentiles_usec_config|set:p50=6.015,p99=6.015,p99.9=6.015
latency_percentiles_usec_config|get:p50=1.003,p99=1.003,p99.9=1.003
latency_percentiles_usec_auth:p50=2.007,p99=2.007,p99.9=2.007

# Cluster
cluster_enabled:0

# Keyspace

------ CLIENT LIST OUTPUT ------
id=8 addr=127.0.0.1:58708 laddr=127.0.0.1:5033 fd=11 name= age=0 idle=0 flags=N db=0 sub=0 psub=0 ssub=0 multi=-1 qbuf=0 qbuf-free=20474 argv-mem=0 multi-mem=0 rbs=16384 rbp=16384 obl=0 oll=0 omem=0 tot-mem=37760 events=r cmd=auth user=default redir=-1 resp=2 lib-name= lib-ver=
id=9 addr=127.0.0.1:58722 laddr=127.0.0.1:5033 fd=12 name= age=0 idle=0 flags=N db=0 sub=0 psub=0 ssub=0 multi=-1 qbuf=0 qbuf-free=20474 argv-mem=0 multi-mem=0 rbs=16384 rbp=16384 obl=0 oll=0 omem=0 tot-mem=37760 events=r cmd=auth user=default redir=-1 resp=2 lib-name= lib-ver=

------ MODULES INFO OUTPUT ------
# raft_version
raft_version:255.255.255
raft_git_sha1:b779b199

# raft_general
raft_dbid:02423d39f13a73a47c6c4c2df5d5fae3
raft_node_id:3
raft_state:up
raft_role:follower
raft_is_voting:no
raft_voted_for:-1
raft_leader_id:-1
raft_current_term:0
raft_num_nodes:1
raft_num_voting_nodes:0

# raft_log
raft_log_entries:0
raft_current_index:0
raft_commit_index:0
raft_last_applied_index:0
raft_file_size:101
raft_cache_memory_size:0
raft_cache_entries:0
raft_client_attached_entries:0
raft_fsync_count:0
raft_fsync_max_microseconds:0
raft_fsync_avg_microseconds:0

# raft_snapshot
raft_snapshot_filename:redis3.rdb
raft_snapshot_last_idx:0
raft_snapshot_last_term:0
raft_snapshot_size:0
raft_snapshot_time_secs:-1
raft_snapshots_created:0
raft_snapshots_received:0
raft_snapshot_in_progress:no
raft_snapshot_in_progress_last_idx:-1
raft_snapshot_in_progress_last_term:-1

# raft_clients
raft_proxy_reqs:0
raft_proxy_failed_reqs:0
raft_proxy_failed_responses:0
raft_proxy_outstanding_reqs:0

# raft_stats
raft_appendreq_received:0
raft_appendreq_with_entry_received:0
raft_snapshotreq_received:0
raft_exec_throttled:0
raft_num_sessions:0

------ CONFIG DEBUG OUTPUT ------
slave-read-only yes
lazyfree-lazy-server-del no
replica-read-only yes
client-query-buffer-limit 1gb
proto-max-bulk-len 512mb
io-threads 1
lazyfree-lazy-expire no
list-compress-depth 0
activedefrag no
lazyfree-lazy-eviction no
lazyfree-lazy-user-flush no
sanitize-dump-payload no
lazyfree-lazy-user-del no
io-threads-do-reads no
repl-diskless-load disabled
repl-diskless-sync yes

------ FAST MEMORY TEST ------
2706686:M 11 Jan 2024 15:31:43.753 # Bio worker thread #0 terminated
2706686:M 11 Jan 2024 15:31:43.753 # Bio worker thread #1 terminated
2706686:M 11 Jan 2024 15:31:43.753 # Bio worker thread #2 terminated
*** Preparing to test memory region 55ae87225000 (2273280 bytes)
*** Preparing to test memory region 55ae8791b000 (405504 bytes)
*** Preparing to test memory region 7f8030fff000 (8388608 bytes)
*** Preparing to test memory region 7f8031800000 (8388608 bytes)
*** Preparing to test memory region 7f8032000000 (6291456 bytes)
*** Preparing to test memory region 7f80327fe000 (8388608 bytes)
*** Preparing to test memory region 7f8032fff000 (8388608 bytes)
*** Preparing to test memory region 7f8033800000 (8388608 bytes)
*** Preparing to test memory region 7f8034000000 (135168 bytes)
*** Preparing to test memory region 7f8038022000 (8388608 bytes)
*** Preparing to test memory region 7f8038823000 (8388608 bytes)
*** Preparing to test memory region 7f8039024000 (8388608 bytes)
*** Preparing to test memory region 7f8039825000 (8388608 bytes)
*** Preparing to test memory region 7f803a026000 (8388608 bytes)
*** Preparing to test memory region 7f803a827000 (8388608 bytes)
*** Preparing to test memory region 7f803b028000 (8388608 bytes)
*** Preparing to test memory region 7f803b828000 (2621440 bytes)
*** Preparing to test memory region 7f803bab7000 (8192 bytes)
*** Preparing to test memory region 7f803c07f000 (12288 bytes)
*** Preparing to test memory region 7f803c5ac000 (8192 bytes)
*** Preparing to test memory region 7f803c818000 (16384 bytes)
*** Preparing to test memory region 7f803c954000 (4096 bytes)
*** Preparing to test memory region 7f803d200000 (8388608 bytes)
*** Preparing to test memory region 7f803da34000 (12288 bytes)
*** Preparing to test memory region 7f803dab9000 (45056 bytes)
*** Preparing to test memory region 7f803dc98000 (53248 bytes)
*** Preparing to test memory region 7f803ddb5000 (8192 bytes)
.O.O.O.O.O.O.O.O.O.O.O.O.O.O.O.O.O.O.O.O.O.O.O.O.O.O.O
Fast memory test PASSED, however your memory can still be broken. Please run a memory test for several hours if possible.

------ DUMPING CODE AROUND EIP ------
Symbol: (null) (base: (nil))
Module: /lib/x86_64-linux-gnu/libc.so.6 (base 0x7f803dac4000)
$ xxd -r -p /tmp/dump.hex /tmp/dump.bin
$ objdump --adjust-vma=(nil) -D -b binary -m i386:x86-64 /tmp/dump.bin
------

=== REDIS BUG REPORT END. Make sure to include from START to END. ===

       Please report the crash by opening an issue on github:

           http://github.com/redis/redis/issues

  If a Redis module was involved, please open in the module's repo instead.

  Suspect RAM error? Use redis-server --test-memory to verify it.

  Some other issues could be detected by redis-server --check-system

----- Stderr -----
libgcov profiling error:/home/snagendra/Fuzzing/redisraft-fuzzing/build/deps/raft/CMakeFiles/raft.dir/src/raft_server_properties.c.gcda:Merge mismatch for function 10
libgcov profiling error:/home/snagendra/Fuzzing/redisraft-fuzzing/build/deps/raft/CMakeFiles/raft.dir/src/raft_server.c.gcda:Merge mismatch for function 36
redis-server: /home/snagendra/Fuzzing/redisraft-fuzzing/deps/raft/src/raft_server.c:1702: raft_get_first_entry_idx: Assertion `0 < raft_get_current_idx(me)' failed.
libgcov profiling error:/home/snagendra/Fuzzing/redisraft-fuzzing/build/deps/raft/CMakeFiles/raft.dir/src/raft_server_properties.c.gcda:Merge mismatch for function 10
libgcov profiling error:/home/snagendra/Fuzzing/redisraft-fuzzing/build/deps/raft/CMakeFiles/raft.dir/src/raft_server.c.gcda:Merge mismatch for function 36
redis-server: /home/snagendra/Fuzzing/redisraft-fuzzing/deps/raft/src/raft_server.c:1702: raft_get_first_entry_idx: Assertion `0 < raft_get_current_idx(me)' failed.



