logs for node: 3

----- Stdout -----
1072605:C 11 Jan 2024 17:07:19.011 # WARNING Memory overcommit must be enabled! Without it, a background save or replication may fail under low memory condition. Being disabled, it can also cause failures without low memory condition, see https://github.com/jemalloc/jemalloc/issues/1328. To fix this issue add 'vm.overcommit_memory = 1' to /etc/sysctl.conf and then reboot or run the command 'sysctl vm.overcommit_memory=1' for this to take effect.
1072605:C 11 Jan 2024 17:07:19.011 * oO0OoO0OoO0Oo Redis is starting oO0OoO0OoO0Oo
1072605:C 11 Jan 2024 17:07:19.011 * Redis version=255.255.255, bits=64, commit=e04ebdb8, modified=1, pid=1072605, just started
1072605:C 11 Jan 2024 17:07:19.011 * Configuration loaded
1072605:M 11 Jan 2024 17:07:19.012 * monotonic clock: POSIX clock_gettime
1072605:M 11 Jan 2024 17:07:19.012 * Running mode=standalone, port=5023.
1072605:M 11 Jan 2024 17:07:19.019 * <raft> RedisRaft version 255.255.255 [b779b199]
1072605:M 11 Jan 2024 17:07:19.024 * <raft> Initializing test network
1072605:M 11 Jan 2024 17:07:19.025 * <raft> Created test network client
1072605:M 11 Jan 2024 17:07:19.026 * <raft> Raft module loaded, state is 'uninitialized'
1072605:M 11 Jan 2024 17:07:19.026 * Module 'raft' loaded from /home/snagendra/Fuzzing/redisraft-fuzzing/redisraft.so
1072605:M 11 Jan 2024 17:07:19.027 * Server initialized
1072605:M 11 Jan 2024 17:07:19.027 . The AOF directory appendonlydir doesn't exist
1072605:M 11 Jan 2024 17:07:19.028 * Ready to accept connections tcp
1072605:M 11 Jan 2024 17:07:19.028 - Accepted 127.0.0.1:40574
1072605:M 11 Jan 2024 17:07:19.028 # Missing implement of connection type tls
1072605:M 11 Jan 2024 17:07:19.028 . 1 clients connected (0 replicas), 1743992 bytes in use
1072605:M 11 Jan 2024 17:07:19.126 - <raft> join cluster, connecting to localhost:5021
1072605:M 11 Jan 2024 17:07:19.128 * <raft> Joined Raft cluster, node id: 3, dbid: 7cd417be4a897d48c5977c2c2ccaf627
1072605:M 11 Jan 2024 17:07:19.136 * <raft> Cluster Membership: term:0 index:0 nodes: id=3,voting=0,active=1,addr=-
1072605:M 11 Jan 2024 17:07:19.136 * <raft> Test network starting message polling thread
1072605:M 11 Jan 2024 17:07:19.149 - Accepted 127.0.0.1:40588
1072605:M 11 Jan 2024 17:07:19.328 * <raft> Cluster Membership: term:1 index:2 nodes: id=3,voting=0,active=1,addr=- id=1,voting=1,active=1,addr=localhost:5021
1072605:M 11 Jan 2024 17:07:19.328 * <raft> Cluster Membership: term:1 index:3 nodes: id=3,voting=0,active=1,addr=- id=1,voting=1,active=1,addr=localhost:5021 id=2,voting=0,active=1,addr=localhost:5022
1072605:M 11 Jan 2024 17:07:19.402 - Accepted 127.0.0.1:40598
1072605:M 11 Jan 2024 17:07:19.930 * <raft> State change: Election starting, node is now a pre-candidate, term 1
1072605:M 11 Jan 2024 17:07:19.930 * <raft> Cluster Membership: term:1 index:4 nodes: id=3,voting=0,active=1,addr=- id=1,voting=1,active=1,addr=localhost:5021 id=2,voting=0,active=1,addr=localhost:5022
1072605:signal-handler (1704989239) Received SIGINT scheduling shutdown...
1072605:signal-handler (1704989239) You insist... exiting now.
1073427:C 11 Jan 2024 17:07:21.028 # WARNING Memory overcommit must be enabled! Without it, a background save or replication may fail under low memory condition. Being disabled, it can also cause failures without low memory condition, see https://github.com/jemalloc/jemalloc/issues/1328. To fix this issue add 'vm.overcommit_memory = 1' to /etc/sysctl.conf and then reboot or run the command 'sysctl vm.overcommit_memory=1' for this to take effect.
1073427:C 11 Jan 2024 17:07:21.028 * oO0OoO0OoO0Oo Redis is starting oO0OoO0OoO0Oo
1073427:C 11 Jan 2024 17:07:21.028 * Redis version=255.255.255, bits=64, commit=e04ebdb8, modified=1, pid=1073427, just started
1073427:C 11 Jan 2024 17:07:21.028 * Configuration loaded
1073427:M 11 Jan 2024 17:07:21.029 * monotonic clock: POSIX clock_gettime
1073427:M 11 Jan 2024 17:07:21.029 * Running mode=standalone, port=5023.
1073427:M 11 Jan 2024 17:07:21.036 * <raft> RedisRaft version 255.255.255 [b779b199]
1073427:M 11 Jan 2024 17:07:21.041 * <raft> Initializing test network
1073427:M 11 Jan 2024 17:07:21.042 * <raft> Created test network client
1073427:M 11 Jan 2024 17:07:21.045 * <raft> Raft module loaded, state is 'loading'
1073427:M 11 Jan 2024 17:07:21.045 * Module 'raft' loaded from /home/snagendra/Fuzzing/redisraft-fuzzing/redisraft.so
1073427:M 11 Jan 2024 17:07:21.046 * Server initialized
1073427:M 11 Jan 2024 17:07:21.046 . The AOF directory appendonlydir doesn't exist
1073427:M 11 Jan 2024 17:07:21.046 * Ready to accept connections tcp
1073427:M 11 Jan 2024 17:07:21.046 . 0 clients connected (0 replicas), 1746816 bytes in use
1073427:M 11 Jan 2024 17:07:21.145 * <raft> Loading: Redis loading complete, snapshot NOT LOADED
1073427:M 11 Jan 2024 17:07:21.145 * <raft> Cluster Membership: term:0 index:0 nodes: id=3,voting=0,active=1,addr=-
1073427:M 11 Jan 2024 17:07:21.146 * <raft> Test network starting message polling thread
1073427:M 11 Jan 2024 17:07:21.146 * <raft> Cluster Membership: term:0 index:4 nodes: id=3,voting=0,active=1,addr=- id=1,voting=1,active=1,addr=localhost:5021
1073427:M 11 Jan 2024 17:07:21.146 * <raft> Cluster Membership: term:0 index:4 nodes: id=3,voting=0,active=1,addr=- id=1,voting=1,active=1,addr=localhost:5021 id=2,voting=0,active=1,addr=localhost:5022
1073427:M 11 Jan 2024 17:07:21.146 * <raft> Raft state after loading log: log_count=4, first_idx=1, current_idx=4, last_applied_idx=0
1073427:M 11 Jan 2024 17:07:21.146 . <raft> Raft term=1, vote=-1
1073427:M 11 Jan 2024 17:07:21.447 * <raft> State change: Election starting, node is now a pre-candidate, term 1
1073427:M 11 Jan 2024 17:07:21.447 * <raft> Cluster Membership: term:1 index:4 nodes: id=3,voting=0,active=1,addr=- id=1,voting=1,active=1,addr=localhost:5021 id=2,voting=0,active=1,addr=localhost:5022
1073427:signal-handler (1704989241) Received SIGINT scheduling shutdown...
1073427:signal-handler (1704989241) You insist... exiting now.


=== REDIS BUG REPORT START: Cut & paste starting from here ===
1073427:M 11 Jan 2024 17:07:21.749 # Redis 255.255.255 crashed by signal: 11, si_code: 1
1073427:M 11 Jan 2024 17:07:21.749 # Accessing address: 0x18
1073427:M 11 Jan 2024 17:07:21.749 # Crashed running the instruction at: 0x7ff1047820b0

------ STACK TRACE ------
EIP:
/lib/x86_64-linux-gnu/libc.so.6(__pthread_rwlock_wrlock+0x0)[0x7ff1047820b0]

Backtrace:
/lib/x86_64-linux-gnu/libc.so.6(+0x3bfd0)[0x7ff10472efd0]
/lib/x86_64-linux-gnu/libc.so.6(__pthread_rwlock_wrlock+0x0)[0x7ff1047820b0]
/lib/x86_64-linux-gnu/libcrypto.so.3(CRYPTO_THREAD_write_lock+0x9)[0x7ff102a3df49]
/lib/x86_64-linux-gnu/libcrypto.so.3(ENGINE_get_first+0x3a)[0x7ff1029e408a]
/lib/x86_64-linux-gnu/libcrypto.so.3(ENGINE_register_all_complete+0x6)[0x7ff1029e3486]
/lib/x86_64-linux-gnu/libssh2.so.1(libssh2_init+0x39)[0x7ff1034e2389]
/lib/x86_64-linux-gnu/libcurl-gnutls.so.4(+0x8146b)[0x7ff1035d646b]
/lib/x86_64-linux-gnu/libcurl-gnutls.so.4(+0x22125)[0x7ff103577125]
/lib/x86_64-linux-gnu/libcurl-gnutls.so.4(curl_global_init+0x3a)[0x7ff10357722a]
/home/snagendra/Fuzzing/redisraft-fuzzing/redisraft.so(redis_test_http_do+0x2c)[0x7ff1046b286c]
/home/snagendra/Fuzzing/redisraft-fuzzing/redisraft.so(redis_test_http_post+0x26)[0x7ff1046b2a86]
/home/snagendra/Fuzzing/redisraft-fuzzing/redisraft.so(redis_test_send_message+0x9d)[0x7ff1046b1efd]
/home/snagendra/Fuzzing/redisraft-fuzzing/redisraft.so(testNetworkSendRequestVote+0x6a)[0x7ff10469b2ba]
/home/snagendra/Fuzzing/redisraft-fuzzing/redisraft.so(raft_send_requestvote+0x126)[0x7ff1046a15e6]
/home/snagendra/Fuzzing/redisraft-fuzzing/redisraft.so(raft_become_precandidate+0x113)[0x7ff1046a17a3]
/home/snagendra/Fuzzing/redisraft-fuzzing/redisraft.so(raft_election_start+0x80)[0x7ff1046a1f10]
/home/snagendra/Fuzzing/redisraft-fuzzing/redisraft.so(raft_periodic_internal+0x9a)[0x7ff1046a663a]
/home/snagendra/Fuzzing/redisraft-fuzzing/redisraft.so(raft_periodic+0x18)[0x7ff1046a6868]
/home/snagendra/Fuzzing/redisraft-fuzzing/redisraft.so(+0x2b765)[0x7ff104691765]
/home/snagendra/Fuzzing/redis/src/redis-server 0.0.0.0:5023(moduleTimerHandler+0x21c)[0x562eb497198c]
/home/snagendra/Fuzzing/redis/src/redis-server 0.0.0.0:5023(+0x81705)[0x562eb487b705]
/home/snagendra/Fuzzing/redis/src/redis-server 0.0.0.0:5023(aeMain+0x1c8)[0x562eb4885cb8]
/home/snagendra/Fuzzing/redis/src/redis-server 0.0.0.0:5023(main+0x3cd)[0x562eb487ae2d]
/lib/x86_64-linux-gnu/libc.so.6(+0x271ca)[0x7ff10471a1ca]
/lib/x86_64-linux-gnu/libc.so.6(__libc_start_main+0x85)[0x7ff10471a285]
/home/snagendra/Fuzzing/redis/src/redis-server 0.0.0.0:5023(_start+0x2a)[0x562eb487b5aa]

------ REGISTERS ------
1073427:M 11 Jan 2024 17:07:21.750 # 
RAX:0000000000000001 RBX:0000562eb5d8cbb0
RCX:0000000000000000 RDX:0000000000000000
RDI:0000000000000000 RSI:0000000000000000
RBP:00007ff102c7e638 RSP:00007fff31132168
R8 :0000000000000000 R9 :0000000000000000
R10:0000000000000000 R11:0000000000000000
R12:00007fff31132260 R13:0000562eb5d8cc70
R14:0000000000000001 R15:0000000000000002
RIP:00007ff1047820b0 EFL:0000000000010202
CSGSFS:002b000000000033
1073427:M 11 Jan 2024 17:07:21.750 # (00007fff31132177) -> 0000562eb5d8cbb0
1073427:M 11 Jan 2024 17:07:21.750 # (00007fff31132176) -> 00007ff103577125
1073427:M 11 Jan 2024 17:07:21.750 # (00007fff31132175) -> 0000000000000002
1073427:M 11 Jan 2024 17:07:21.750 # (00007fff31132174) -> 00007ff1035d646b
1073427:M 11 Jan 2024 17:07:21.750 # (00007fff31132173) -> 0000562eb5d8cc70
1073427:M 11 Jan 2024 17:07:21.750 # (00007fff31132172) -> 0000000031132260
1073427:M 11 Jan 2024 17:07:21.750 # (00007fff31132171) -> 0000562eb5dab420
1073427:M 11 Jan 2024 17:07:21.750 # (00007fff31132170) -> 00007ff1034e2389
1073427:M 11 Jan 2024 17:07:21.750 # (00007fff3113216f) -> 0000562eb5d8cbb0
1073427:M 11 Jan 2024 17:07:21.750 # (00007fff3113216e) -> 00007ff1029e3486
1073427:M 11 Jan 2024 17:07:21.750 # (00007fff3113216d) -> 0000562eb5dab420
1073427:M 11 Jan 2024 17:07:21.750 # (00007fff3113216c) -> 0000562eb5d8cbb0
1073427:M 11 Jan 2024 17:07:21.750 # (00007fff3113216b) -> 00007fff31132260
1073427:M 11 Jan 2024 17:07:21.750 # (00007fff3113216a) -> 00007ff1029e408a
1073427:M 11 Jan 2024 17:07:21.750 # (00007fff31132169) -> 0000562eb5d8cbb0
1073427:M 11 Jan 2024 17:07:21.750 # (00007fff31132168) -> 00007ff102a3df49

------ INFO OUTPUT ------
# Server
redis_version:255.255.255
redis_git_sha1:e04ebdb8
redis_git_dirty:1
redis_build_id:1f78dcc7b4fbdd25
redis_mode:standalone
os:Linux 6.1.60.1.amd64-smp x86_64
arch_bits:64
monotonic_clock:POSIX clock_gettime
multiplexing_api:epoll
atomicvar_api:c11-builtin
gcc_version:10.2.1
process_id:1073427
process_supervised:no
run_id:426344b984bfee25498a47a23fc835b1f69f3d0a
tcp_port:5023
server_time_usec:1704989241749545
uptime_in_seconds:0
uptime_in_days:0
hz:10
configured_hz:10
lru_clock:10490425
executable:/home/snagendra/Fuzzing/redis/src/redis-server
config_file:
io_threads_active:0
listener0:name=tcp,bind=0.0.0.0,port=5023

# Clients
connected_clients:0
cluster_connections:0
maxclients:10000
client_recent_max_input_buffer:0
client_recent_max_output_buffer:0
blocked_clients:0
tracking_clients:0
clients_in_timeout_table:0
total_blocking_keys:0
total_blocking_keys_on_nokey:0

# Memory
used_memory:1780784
used_memory_human:1.70M
used_memory_rss:18522112
used_memory_rss_human:17.66M
used_memory_peak:1780784
used_memory_peak_human:1.70M
used_memory_peak_perc:100.10%
used_memory_overhead:1746856
used_memory_startup:1746672
used_memory_dataset:33928
used_memory_dataset_perc:99.46%
allocator_allocated:2325184
allocator_active:2969600
allocator_resident:13479936
total_system_memory:270388695040
total_system_memory_human:251.82G
used_memory_lua:31744
used_memory_vm_eval:31744
used_memory_lua_human:31.00K
used_memory_scripts_eval:0
number_of_cached_scripts:0
number_of_functions:0
number_of_libraries:0
used_memory_vm_functions:32768
used_memory_vm_total:64512
used_memory_vm_total_human:63.00K
used_memory_functions:184
used_memory_scripts:184
used_memory_scripts_human:184B
maxmemory:0
maxmemory_human:0B
maxmemory_policy:noeviction
allocator_frag_ratio:1.28
allocator_frag_bytes:644416
allocator_rss_ratio:4.54
allocator_rss_bytes:10510336
rss_overhead_ratio:1.37
rss_overhead_bytes:5042176
mem_fragmentation_ratio:10.41
mem_fragmentation_bytes:16743216
mem_not_counted_for_evict:0
mem_replication_backlog:0
mem_total_replication_buffers:0
mem_clients_slaves:0
mem_clients_normal:0
mem_cluster_links:0
mem_aof_buffer:0
mem_allocator:jemalloc-5.3.0
active_defrag_running:0
lazyfree_pending_objects:0
lazyfreed_objects:0

# Persistence
loading:0
async_loading:0
current_cow_peak:0
current_cow_size:0
current_cow_size_age:0
current_fork_perc:0.00
current_save_keys_processed:0
current_save_keys_total:0
rdb_changes_since_last_save:0
rdb_bgsave_in_progress:0
rdb_last_save_time:1704989241
rdb_last_bgsave_status:ok
rdb_last_bgsave_time_sec:-1
rdb_current_bgsave_time_sec:-1
rdb_saves:0
rdb_last_cow_size:0
rdb_last_load_keys_expired:0
rdb_last_load_keys_loaded:0
aof_enabled:0
aof_rewrite_in_progress:0
aof_rewrite_scheduled:0
aof_last_rewrite_time_sec:-1
aof_current_rewrite_time_sec:-1
aof_last_bgrewrite_status:ok
aof_rewrites:0
aof_rewrites_consecutive_failures:0
aof_last_write_status:ok
aof_last_cow_size:0
module_fork_in_progress:0
module_fork_last_cow_size:0

# Stats
total_connections_received:0
total_commands_processed:7
instantaneous_ops_per_sec:22
total_net_input_bytes:0
total_net_output_bytes:0
total_net_repl_input_bytes:0
total_net_repl_output_bytes:0
instantaneous_input_kbps:0.00
instantaneous_output_kbps:0.00
instantaneous_input_repl_kbps:0.00
instantaneous_output_repl_kbps:0.00
rejected_connections:0
sync_full:0
sync_partial_ok:0
sync_partial_err:0
expired_keys:0
expired_stale_perc:0.00
expired_time_cap_reached_count:0
expire_cycle_cpu_milliseconds:0
evicted_keys:0
evicted_clients:0
total_eviction_exceeded_time:0
current_eviction_exceeded_time:0
keyspace_hits:0
keyspace_misses:0
pubsub_channels:0
pubsub_patterns:0
pubsubshard_channels:0
latest_fork_usec:0
total_forks:0
migrate_cached_sockets:0
slave_expires_tracked_keys:0
active_defrag_hits:0
active_defrag_misses:0
active_defrag_key_hits:0
active_defrag_key_misses:0
total_active_defrag_time:0
current_active_defrag_time:0
tracking_total_keys:0
tracking_total_items:0
tracking_total_prefixes:0
unexpected_error_replies:0
total_error_replies:0
dump_payload_sanitizations:0
total_reads_processed:0
total_writes_processed:0
io_threaded_reads_processed:0
io_threaded_writes_processed:0
reply_buffer_shrinks:0
reply_buffer_expands:0
acl_access_denied_auth:0
acl_access_denied_cmd:0
acl_access_denied_key:0
acl_access_denied_channel:0

# Replication
role:master
connected_slaves:0
master_failover_state:no-failover
master_replid:7c5fa3e176a492d37457e4d3253859a77fdfe201
master_replid2:0000000000000000000000000000000000000000
master_repl_offset:0
second_repl_offset:-1
repl_backlog_active:0
repl_backlog_size:1048576
repl_backlog_first_byte_offset:0
repl_backlog_histlen:0

# CPU
used_cpu_sys:0.025568
used_cpu_user:0.038352
used_cpu_sys_children:0.000000
used_cpu_user_children:0.000000
used_cpu_sys_main_thread:0.003040
used_cpu_user_main_thread:0.018245

# Modules
module:name=raft,ver=1,api=1,filters=1,usedby=[],using=[],options=[]

# Commandstats
cmdstat_command:calls=2,usec=1670,usec_per_call=835.00,rejected_calls=0,failed_calls=0
cmdstat_client|kill:calls=1,usec=2,usec_per_call=2.00,rejected_calls=0,failed_calls=0
cmdstat_config|get:calls=3,usec=5,usec_per_call=1.67,rejected_calls=0,failed_calls=0
cmdstat_config|set:calls=1,usec=6,usec_per_call=6.00,rejected_calls=0,failed_calls=0

# Errorstats

# Latencystats
latency_percentiles_usec_command:p50=778.239,p99=897.023,p99.9=897.023
latency_percentiles_usec_client|kill:p50=2.007,p99=2.007,p99.9=2.007
latency_percentiles_usec_config|get:p50=2.007,p99=2.007,p99.9=2.007
latency_percentiles_usec_config|set:p50=6.015,p99=6.015,p99.9=6.015

# Cluster
cluster_enabled:0

# Keyspace

------ CLIENT LIST OUTPUT ------

------ MODULES INFO OUTPUT ------
# raft_version
raft_version:255.255.255
raft_git_sha1:b779b199

# raft_general
raft_dbid:7cd417be4a897d48c5977c2c2ccaf627
raft_node_id:3
raft_state:up
raft_role:pre-candidate
raft_is_voting:no
raft_voted_for:-1
raft_leader_id:-1
raft_current_term:1
raft_num_nodes:3
raft_num_voting_nodes:1
raft_node1:id=1,state=connect_error,voting=yes,addr=localhost,port=5021,last_conn_secs=-1,conn_errors=6,conn_oks=0
raft_node2:id=2,state=connect_error,voting=no,addr=localhost,port=5022,last_conn_secs=-1,conn_errors=6,conn_oks=0

# raft_log
raft_log_entries:4
raft_current_index:4
raft_commit_index:0
raft_last_applied_index:0
raft_file_size:1183
raft_cache_memory_size:0
raft_cache_entries:0
raft_client_attached_entries:0
raft_fsync_count:0
raft_fsync_max_microseconds:0
raft_entry1:term=1,id=0,data_len=0
raft_entry2:term=1,id=718638549,data_len=264
raft_entry3:term=1,id=423581286,data_len=264
raft_fsync_avg_microseconds:0

# raft_snapshot
raft_snapshot_filename:redis3.rdb
raft_snapshot_last_idx:0
raft_snapshot_last_term:0
raft_snapshot_size:0
raft_snapshot_time_secs:-1
raft_snapshots_created:0
raft_snapshots_received:0
raft_snapshot_in_progress:no
raft_snapshot_in_progress_last_idx:-1
raft_snapshot_in_progress_last_term:-1

# raft_clients
raft_proxy_reqs:0
raft_proxy_failed_reqs:0
raft_proxy_failed_responses:0
raft_proxy_outstanding_reqs:0

# raft_stats
raft_appendreq_received:0
raft_appendreq_with_entry_received:0
raft_snapshotreq_received:0
raft_exec_throttled:0
raft_num_sessions:0

------ CONFIG DEBUG OUTPUT ------
repl-diskless-sync yes
list-compress-depth 0
lazyfree-lazy-server-del no
replica-read-only yes
sanitize-dump-payload no
lazyfree-lazy-user-flush no
proto-max-bulk-len 512mb
lazyfree-lazy-expire no
client-query-buffer-limit 1gb
lazyfree-lazy-eviction no
activedefrag no
io-threads 1
lazyfree-lazy-user-del no
slave-read-only yes
repl-diskless-load disabled
io-threads-do-reads no

------ FAST MEMORY TEST ------
1073427:M 11 Jan 2024 17:07:21.751 # Bio worker thread #0 terminated
1073427:M 11 Jan 2024 17:07:21.751 # Bio worker thread #1 terminated
1073427:M 11 Jan 2024 17:07:21.751 # Bio worker thread #2 terminated
*** Preparing to test memory region 562eb4b51000 (2273280 bytes)
*** Preparing to test memory region 562eb5d61000 (405504 bytes)
*** Preparing to test memory region 7ff0d8000000 (135168 bytes)
*** Preparing to test memory region 7ff0e0000000 (135168 bytes)
*** Preparing to test memory region 7ff0e4000000 (135168 bytes)
*** Preparing to test memory region 7ff0e8000000 (135168 bytes)
*** Preparing to test memory region 7ff0ec000000 (135168 bytes)
*** Preparing to test memory region 7ff0f0000000 (135168 bytes)
*** Preparing to test memory region 7ff0f4c00000 (4194304 bytes)
*** Preparing to test memory region 7ff0f51ff000 (2097152 bytes)
*** Preparing to test memory region 7ff0f5400000 (8388608 bytes)
*** Preparing to test memory region 7ff0f5c00000 (6291456 bytes)
*** Preparing to test memory region 7ff0f63fd000 (8388608 bytes)
*** Preparing to test memory region 7ff0f6bfd000 (2097152 bytes)
*** Preparing to test memory region 7ff0f6dfe000 (8388608 bytes)
*** Preparing to test memory region 7ff0f75fe000 (2097152 bytes)
*** Preparing to test memory region 7ff0f77ff000 (8388608 bytes)
*** Preparing to test memory region 7ff0f8000000 (8388608 bytes)
*** Preparing to test memory region 7ff0f8800000 (6291456 bytes)
*** Preparing to test memory region 7ff0f8ffb000 (8388608 bytes)
*** Preparing to test memory region 7ff0f97fc000 (8388608 bytes)
*** Preparing to test memory region 7ff0f9ffd000 (8388608 bytes)
*** Preparing to test memory region 7ff0fa7fe000 (8388608 bytes)
*** Preparing to test memory region 7ff0fafff000 (8388608 bytes)
*** Preparing to test memory region 7ff0fb800000 (8388608 bytes)
*** Preparing to test memory region 7ff0fc000000 (135168 bytes)
*** Preparing to test memory region 7ff100000000 (4194304 bytes)
*** Preparing to test memory region 7ff100452000 (8388608 bytes)
*** Preparing to test memory region 7ff100c53000 (8388608 bytes)
*** Preparing to test memory region 7ff101454000 (8388608 bytes)
*** Preparing to test memory region 7ff101c55000 (8388608 bytes)
*** Preparing to test memory region 7ff102455000 (2621440 bytes)
*** Preparing to test memory region 7ff1026e4000 (8192 bytes)
*** Preparing to test memory region 7ff102c7f000 (12288 bytes)
*** Preparing to test memory region 7ff1031ac000 (8192 bytes)
*** Preparing to test memory region 7ff103418000 (16384 bytes)
*** Preparing to test memory region 7ff103e00000 (8388608 bytes)
*** Preparing to test memory region 7ff10463e000 (4096 bytes)
*** Preparing to test memory region 7ff104664000 (8192 bytes)
*** Preparing to test memory region 7ff1046e8000 (45056 bytes)
*** Preparing to test memory region 7ff1048c7000 (53248 bytes)
*** Preparing to test memory region 7ff1049e4000 (8192 bytes)
.O.O.1073707:C 11 Jan 2024 17:07:21.826 # WARNING Memory overcommit must be enabled! Without it, a background save or replication may fail under low memory condition. Being disabled, it can also cause failures without low memory condition, see https://github.com/jemalloc/jemalloc/issues/1328. To fix this issue add 'vm.overcommit_memory = 1' to /etc/sysctl.conf and then reboot or run the command 'sysctl vm.overcommit_memory=1' for this to take effect.
1073707:C 11 Jan 2024 17:07:21.826 * oO0OoO0OoO0Oo Redis is starting oO0OoO0OoO0Oo
1073707:C 11 Jan 2024 17:07:21.826 * Redis version=255.255.255, bits=64, commit=e04ebdb8, modified=1, pid=1073707, just started
1073707:C 11 Jan 2024 17:07:21.826 * Configuration loaded
1073707:M 11 Jan 2024 17:07:21.826 * monotonic clock: POSIX clock_gettime
1073707:M 11 Jan 2024 17:07:21.827 * Running mode=standalone, port=5023.
1073707:M 11 Jan 2024 17:07:21.834 * <raft> RedisRaft version 255.255.255 [b779b199]
1073707:M 11 Jan 2024 17:07:21.839 * <raft> Initializing test network
1073707:M 11 Jan 2024 17:07:21.839 * <raft> Created test network client
1073707:M 11 Jan 2024 17:07:21.845 * <raft> Raft module loaded, state is 'loading'
1073707:M 11 Jan 2024 17:07:21.845 * Module 'raft' loaded from /home/snagendra/Fuzzing/redisraft-fuzzing/redisraft.so
1073707:M 11 Jan 2024 17:07:21.845 * Server initialized
1073707:M 11 Jan 2024 17:07:21.845 . The AOF directory appendonlydir doesn't exist
1073707:M 11 Jan 2024 17:07:21.845 * Ready to accept connections tcp
1073707:M 11 Jan 2024 17:07:21.845 . 0 clients connected (0 replicas), 1746624 bytes in use
1073707:M 11 Jan 2024 17:07:21.934 - Accepted 127.0.0.1:40730
1073707:M 11 Jan 2024 17:07:21.934 # Missing implement of connection type tls
1073707:M 11 Jan 2024 17:07:21.945 * <raft> Loading: Redis loading complete, snapshot NOT LOADED
1073707:M 11 Jan 2024 17:07:21.945 * <raft> Cluster Membership: term:0 index:0 nodes: id=3,voting=0,active=1,addr=-
1073707:M 11 Jan 2024 17:07:21.946 * <raft> Test network starting message polling thread
1073707:M 11 Jan 2024 17:07:21.946 * <raft> Cluster Membership: term:0 index:4 nodes: id=3,voting=0,active=1,addr=- id=1,voting=1,active=1,addr=localhost:5021
1073707:M 11 Jan 2024 17:07:21.946 * <raft> Cluster Membership: term:0 index:4 nodes: id=3,voting=0,active=1,addr=- id=1,voting=1,active=1,addr=localhost:5021 id=2,voting=0,active=1,addr=localhost:5022
1073707:M 11 Jan 2024 17:07:21.946 * <raft> Raft state after loading log: log_count=4, first_idx=1, current_idx=4, last_applied_idx=0
1073707:M 11 Jan 2024 17:07:21.946 . <raft> Raft term=1, vote=-1
1073707:M 11 Jan 2024 17:07:22.185 - Accepted 127.0.0.1:40740
1073707:signal-handler (1704989242) Received SIGINT scheduling shutdown...
1073707:signal-handler (1704989242) You insist... exiting now.

----- Stderr -----




logs for node: 1

----- Stdout -----
1072507:C 11 Jan 2024 17:07:18.833 # WARNING Memory overcommit must be enabled! Without it, a background save or replication may fail under low memory condition. Being disabled, it can also cause failures without low memory condition, see https://github.com/jemalloc/jemalloc/issues/1328. To fix this issue add 'vm.overcommit_memory = 1' to /etc/sysctl.conf and then reboot or run the command 'sysctl vm.overcommit_memory=1' for this to take effect.
1072507:C 11 Jan 2024 17:07:18.833 * oO0OoO0OoO0Oo Redis is starting oO0OoO0OoO0Oo
1072507:C 11 Jan 2024 17:07:18.833 * Redis version=255.255.255, bits=64, commit=e04ebdb8, modified=1, pid=1072507, just started
1072507:C 11 Jan 2024 17:07:18.833 * Configuration loaded
1072507:M 11 Jan 2024 17:07:18.833 * monotonic clock: POSIX clock_gettime
1072507:M 11 Jan 2024 17:07:18.834 * Running mode=standalone, port=5021.
1072507:M 11 Jan 2024 17:07:18.840 * <raft> RedisRaft version 255.255.255 [b779b199]
1072507:M 11 Jan 2024 17:07:18.845 * <raft> Initializing test network
1072507:M 11 Jan 2024 17:07:18.845 * <raft> Created test network client
1072507:M 11 Jan 2024 17:07:18.846 * <raft> Raft module loaded, state is 'uninitialized'
1072507:M 11 Jan 2024 17:07:18.846 * Module 'raft' loaded from /home/snagendra/Fuzzing/redisraft-fuzzing/redisraft.so
1072507:M 11 Jan 2024 17:07:18.847 * Server initialized
1072507:M 11 Jan 2024 17:07:18.847 . The AOF directory appendonlydir doesn't exist
1072507:M 11 Jan 2024 17:07:18.848 * Ready to accept connections tcp
1072507:M 11 Jan 2024 17:07:18.848 . 0 clients connected (0 replicas), 1726288 bytes in use
1072507:M 11 Jan 2024 17:07:18.869 - Accepted 127.0.0.1:36436
1072507:M 11 Jan 2024 17:07:18.869 # Missing implement of connection type tls
1072507:M 11 Jan 2024 17:07:18.875 * <raft> Cluster Membership: term:0 index:0 nodes: id=1,voting=0,active=1,addr=-
1072507:M 11 Jan 2024 17:07:18.882 * <raft> State change: Node is now a leader, term 1
1072507:M 11 Jan 2024 17:07:18.882 * <raft> Cluster Membership: term:1 index:1 nodes: id=1,voting=0,active=1,addr=-
1072507:M 11 Jan 2024 17:07:18.882 * <raft> Test network starting message polling thread
1072507:M 11 Jan 2024 17:07:18.883 * <raft> Raft Cluster initialized, node id: 1, dbid: 7cd417be4a897d48c5977c2c2ccaf627
1072507:M 11 Jan 2024 17:07:19.001 - Accepted 127.0.0.1:36448
1072507:M 11 Jan 2024 17:07:19.001 * <raft> Cluster Membership: term:1 index:3 nodes: id=1,voting=1,active=1,addr=- id=2,voting=0,active=1,addr=localhost:5022
1072507:M 11 Jan 2024 17:07:19.008 - Client closed connection id=9 addr=127.0.0.1:36448 laddr=127.0.0.1:5021 fd=12 name= age=0 idle=0 flags=N db=0 sub=0 psub=0 ssub=0 multi=-1 qbuf=0 qbuf-free=20474 argv-mem=0 multi-mem=0 rbs=16384 rbp=16384 obl=0 oll=0 omem=0 tot-mem=37760 events=r cmd=raft.node user=default redir=-1 resp=2 lib-name= lib-ver=
1072507:M 11 Jan 2024 17:07:19.127 - Accepted 127.0.0.1:36454
1072507:M 11 Jan 2024 17:07:19.127 * <raft> Cluster Membership: term:1 index:4 nodes: id=1,voting=1,active=1,addr=- id=2,voting=0,active=1,addr=localhost:5022 id=3,voting=0,active=1,addr=localhost:5023
1072507:M 11 Jan 2024 17:07:19.136 - Client closed connection id=10 addr=127.0.0.1:36454 laddr=127.0.0.1:5021 fd=13 name= age=0 idle=0 flags=N db=0 sub=0 psub=0 ssub=0 multi=-1 qbuf=0 qbuf-free=20474 argv-mem=0 multi-mem=0 rbs=16384 rbp=16384 obl=0 oll=0 omem=0 tot-mem=37760 events=r cmd=raft.node user=default redir=-1 resp=2 lib-name= lib-ver=
1072507:M 11 Jan 2024 17:07:19.402 - Accepted 127.0.0.1:36460
1072507:M 11 Jan 2024 17:07:19.428 - Accepted 127.0.0.1:36474
1072507:M 11 Jan 2024 17:07:20.006 - Client closed connection id=13 addr=127.0.0.1:36474 laddr=127.0.0.1:5021 fd=15 name= age=1 idle=1 flags=N db=0 sub=0 psub=0 ssub=0 multi=-1 qbuf=0 qbuf-free=20474 argv-mem=0 multi-mem=0 rbs=1024 rbp=0 obl=0 oll=0 omem=0 tot-mem=22400 events=r cmd=auth user=default redir=-1 resp=2 lib-name= lib-ver=
1072507:signal-handler (1704989240) Received SIGINT scheduling shutdown...
1072507:signal-handler (1704989240) You insist... exiting now.
1073674:C 11 Jan 2024 17:07:21.744 # WARNING Memory overcommit must be enabled! Without it, a background save or replication may fail under low memory condition. Being disabled, it can also cause failures without low memory condition, see https://github.com/jemalloc/jemalloc/issues/1328. To fix this issue add 'vm.overcommit_memory = 1' to /etc/sysctl.conf and then reboot or run the command 'sysctl vm.overcommit_memory=1' for this to take effect.
1073674:C 11 Jan 2024 17:07:21.744 * oO0OoO0OoO0Oo Redis is starting oO0OoO0OoO0Oo
1073674:C 11 Jan 2024 17:07:21.744 * Redis version=255.255.255, bits=64, commit=e04ebdb8, modified=1, pid=1073674, just started
1073674:C 11 Jan 2024 17:07:21.744 * Configuration loaded
1073674:M 11 Jan 2024 17:07:21.744 * monotonic clock: POSIX clock_gettime
1073674:M 11 Jan 2024 17:07:21.745 * Running mode=standalone, port=5021.
1073674:M 11 Jan 2024 17:07:21.751 * <raft> RedisRaft version 255.255.255 [b779b199]
1073674:M 11 Jan 2024 17:07:21.755 * <raft> Initializing test network
1073674:M 11 Jan 2024 17:07:21.756 * <raft> Created test network client
1073674:M 11 Jan 2024 17:07:21.759 * <raft> Raft module loaded, state is 'loading'
1073674:M 11 Jan 2024 17:07:21.759 * Module 'raft' loaded from /home/snagendra/Fuzzing/redisraft-fuzzing/redisraft.so
1073674:M 11 Jan 2024 17:07:21.760 * Server initialized
1073674:M 11 Jan 2024 17:07:21.760 . The AOF directory appendonlydir doesn't exist
1073674:M 11 Jan 2024 17:07:21.760 * Ready to accept connections tcp
1073674:M 11 Jan 2024 17:07:21.760 . 0 clients connected (0 replicas), 1746688 bytes in use
1073674:M 11 Jan 2024 17:07:21.833 - Accepted 127.0.0.1:36576
1073674:M 11 Jan 2024 17:07:21.833 # Missing implement of connection type tls
1073674:signal-handler (1704989241) Received SIGINT scheduling shutdown...
1073674:M 11 Jan 2024 17:07:21.859 * <raft> Loading: Redis loading complete, snapshot NOT LOADED
1073674:M 11 Jan 2024 17:07:21.860 * <raft> Cluster Membership: term:0 index:0 nodes: id=1,voting=0,active=1,addr=-
1073674:M 11 Jan 2024 17:07:21.860 * <raft> Test network starting message polling thread
1073674:M 11 Jan 2024 17:07:21.860 * <raft> Cluster Membership: term:0 index:8 nodes: id=1,voting=1,active=1,addr=- id=2,voting=0,active=1,addr=localhost:5022
1073674:M 11 Jan 2024 17:07:21.861 * <raft> Cluster Membership: term:0 index:8 nodes: id=1,voting=1,active=1,addr=- id=2,voting=0,active=1,addr=localhost:5022 id=3,voting=0,active=1,addr=localhost:5023
1073674:M 11 Jan 2024 17:07:21.861 * <raft> Raft state after loading log: log_count=8, first_idx=1, current_idx=8, last_applied_idx=0
1073674:M 11 Jan 2024 17:07:21.861 . <raft> Raft term=1, vote=-1
1073674:M 11 Jan 2024 17:07:21.872 * <raft> State change: Node is now a leader, term 2
1073674:M 11 Jan 2024 17:07:21.872 * <raft> Cluster Membership: term:2 index:9 nodes: id=1,voting=1,active=1,addr=- id=2,voting=0,active=1,addr=localhost:5022 id=3,voting=0,active=1,addr=localhost:5023
1073674:M 11 Jan 2024 17:07:21.872 * User requested shutdown...
1073674:M 11 Jan 2024 17:07:21.872 # Redis is now ready to exit, bye bye...
1073817:C 11 Jan 2024 17:07:22.059 # WARNING Memory overcommit must be enabled! Without it, a background save or replication may fail under low memory condition. Being disabled, it can also cause failures without low memory condition, see https://github.com/jemalloc/jemalloc/issues/1328. To fix this issue add 'vm.overcommit_memory = 1' to /etc/sysctl.conf and then reboot or run the command 'sysctl vm.overcommit_memory=1' for this to take effect.
1073817:C 11 Jan 2024 17:07:22.059 * oO0OoO0OoO0Oo Redis is starting oO0OoO0OoO0Oo
1073817:C 11 Jan 2024 17:07:22.059 * Redis version=255.255.255, bits=64, commit=e04ebdb8, modified=1, pid=1073817, just started
1073817:C 11 Jan 2024 17:07:22.059 * Configuration loaded
1073817:M 11 Jan 2024 17:07:22.059 * monotonic clock: POSIX clock_gettime
1073817:M 11 Jan 2024 17:07:22.060 * Running mode=standalone, port=5021.
1073817:M 11 Jan 2024 17:07:22.066 * <raft> RedisRaft version 255.255.255 [b779b199]
1073817:M 11 Jan 2024 17:07:22.070 * <raft> Initializing test network
1073817:M 11 Jan 2024 17:07:22.071 * <raft> Created test network client
1073817:M 11 Jan 2024 17:07:22.077 * <raft> Raft module loaded, state is 'loading'
1073817:M 11 Jan 2024 17:07:22.077 * Module 'raft' loaded from /home/snagendra/Fuzzing/redisraft-fuzzing/redisraft.so
1073817:M 11 Jan 2024 17:07:22.077 * Server initialized
1073817:M 11 Jan 2024 17:07:22.077 . The AOF directory appendonlydir doesn't exist
1073817:M 11 Jan 2024 17:07:22.078 * Ready to accept connections tcp
1073817:M 11 Jan 2024 17:07:22.078 . 0 clients connected (0 replicas), 1746720 bytes in use
1073817:M 11 Jan 2024 17:07:22.135 - Accepted 127.0.0.1:36612
1073817:M 11 Jan 2024 17:07:22.135 # Missing implement of connection type tls
1073817:M 11 Jan 2024 17:07:22.148 - Accepted 127.0.0.1:36614
1073817:M 11 Jan 2024 17:07:22.177 * <raft> Loading: Redis loading complete, snapshot NOT LOADED
1073817:M 11 Jan 2024 17:07:22.178 * <raft> Cluster Membership: term:0 index:0 nodes: id=1,voting=0,active=1,addr=-
1073817:M 11 Jan 2024 17:07:22.178 * <raft> Test network starting message polling thread
1073817:M 11 Jan 2024 17:07:22.178 * <raft> Cluster Membership: term:0 index:9 nodes: id=1,voting=1,active=1,addr=- id=2,voting=0,active=1,addr=localhost:5022
1073817:M 11 Jan 2024 17:07:22.178 * <raft> Cluster Membership: term:0 index:9 nodes: id=1,voting=1,active=1,addr=- id=2,voting=0,active=1,addr=localhost:5022 id=3,voting=0,active=1,addr=localhost:5023
1073817:M 11 Jan 2024 17:07:22.178 * <raft> Raft state after loading log: log_count=9, first_idx=1, current_idx=9, last_applied_idx=0
1073817:M 11 Jan 2024 17:07:22.178 . <raft> Raft term=2, vote=-1
1073817:M 11 Jan 2024 17:07:22.184 * <raft> State change: Node is now a leader, term 3
1073817:M 11 Jan 2024 17:07:22.185 * <raft> Cluster Membership: term:3 index:10 nodes: id=1,voting=1,active=1,addr=- id=2,voting=0,active=1,addr=localhost:5022 id=3,voting=0,active=1,addr=localhost:5023
1073817:M 11 Jan 2024 17:07:22.328 - Client closed connection id=9 addr=127.0.0.1:36614 laddr=127.0.0.1:5021 fd=12 name= age=0 idle=0 flags=N db=0 sub=0 psub=0 ssub=0 multi=-1 qbuf=0 qbuf-free=20474 argv-mem=0 multi-mem=0 rbs=1024 rbp=0 obl=0 oll=0 omem=0 tot-mem=22400 events=r cmd=auth user=default redir=-1 resp=2 lib-name= lib-ver=
1073817:signal-handler (1704989242) Received SIGINT scheduling shutdown...
1073817:signal-handler (1704989242) You insist... exiting now.

----- Stderr -----




logs for node: 2

----- Stdout -----
1072542:C 11 Jan 2024 17:07:18.885 # WARNING Memory overcommit must be enabled! Without it, a background save or replication may fail under low memory condition. Being disabled, it can also cause failures without low memory condition, see https://github.com/jemalloc/jemalloc/issues/1328. To fix this issue add 'vm.overcommit_memory = 1' to /etc/sysctl.conf and then reboot or run the command 'sysctl vm.overcommit_memory=1' for this to take effect.
1072542:C 11 Jan 2024 17:07:18.885 * oO0OoO0OoO0Oo Redis is starting oO0OoO0OoO0Oo
1072542:C 11 Jan 2024 17:07:18.885 * Redis version=255.255.255, bits=64, commit=e04ebdb8, modified=1, pid=1072542, just started
1072542:C 11 Jan 2024 17:07:18.885 * Configuration loaded
1072542:M 11 Jan 2024 17:07:18.886 * monotonic clock: POSIX clock_gettime
1072542:M 11 Jan 2024 17:07:18.886 * Running mode=standalone, port=5022.
1072542:M 11 Jan 2024 17:07:18.893 * <raft> RedisRaft version 255.255.255 [b779b199]
1072542:M 11 Jan 2024 17:07:18.898 * <raft> Initializing test network
1072542:M 11 Jan 2024 17:07:18.899 * <raft> Created test network client
1072542:M 11 Jan 2024 17:07:18.900 * <raft> Raft module loaded, state is 'uninitialized'
1072542:M 11 Jan 2024 17:07:18.900 * Module 'raft' loaded from /home/snagendra/Fuzzing/redisraft-fuzzing/redisraft.so
1072542:M 11 Jan 2024 17:07:18.900 * Server initialized
1072542:M 11 Jan 2024 17:07:18.902 . The AOF directory appendonlydir doesn't exist
1072542:M 11 Jan 2024 17:07:18.903 * Ready to accept connections tcp
1072542:M 11 Jan 2024 17:07:18.903 . 0 clients connected (0 replicas), 1726192 bytes in use
1072542:M 11 Jan 2024 17:07:18.903 - Accepted 127.0.0.1:56626
1072542:M 11 Jan 2024 17:07:18.903 # Missing implement of connection type tls
1072542:M 11 Jan 2024 17:07:19.000 - <raft> join cluster, connecting to localhost:5021
1072542:M 11 Jan 2024 17:07:19.002 * <raft> Joined Raft cluster, node id: 2, dbid: 7cd417be4a897d48c5977c2c2ccaf627
1072542:M 11 Jan 2024 17:07:19.008 * <raft> Cluster Membership: term:0 index:0 nodes: id=2,voting=0,active=1,addr=-
1072542:M 11 Jan 2024 17:07:19.008 * <raft> Test network starting message polling thread
1072542:M 11 Jan 2024 17:07:19.048 - Accepted 127.0.0.1:56640
1072542:M 11 Jan 2024 17:07:19.301 * <raft> State change: Election starting, node is now a pre-candidate, term 0
1072542:M 11 Jan 2024 17:07:19.301 * <raft> Cluster Membership: term:0 index:0 nodes: id=2,voting=0,active=1,addr=-
1072542:M 11 Jan 2024 17:07:19.358 * <raft> State change: Node is now a follower, term 1
1072542:M 11 Jan 2024 17:07:19.358 * <raft> Cluster Membership: term:1 index:0 nodes: id=2,voting=0,active=1,addr=-
1072542:M 11 Jan 2024 17:07:19.359 * <raft> Cluster Membership: term:1 index:2 nodes: id=2,voting=0,active=1,addr=- id=1,voting=1,active=1,addr=localhost:5021
1072542:M 11 Jan 2024 17:07:19.359 * <raft> Cluster Membership: term:1 index:4 nodes: id=2,voting=0,active=1,addr=- id=1,voting=1,active=1,addr=localhost:5021 id=3,voting=0,active=1,addr=localhost:5023
1072542:M 11 Jan 2024 17:07:19.428 - Accepted 127.0.0.1:56644
1072542:M 11 Jan 2024 17:07:19.603 * <raft> State change: Election starting, node is now a pre-candidate, term 1
1072542:M 11 Jan 2024 17:07:19.603 * <raft> Cluster Membership: term:1 index:4 nodes: id=2,voting=0,active=1,addr=- id=1,voting=1,active=1,addr=localhost:5021 id=3,voting=0,active=1,addr=localhost:5023
1072542:M 11 Jan 2024 17:07:20.005 * <raft> State change: Election starting, node is now a pre-candidate, term 1
1072542:M 11 Jan 2024 17:07:20.005 * <raft> Cluster Membership: term:1 index:4 nodes: id=2,voting=0,active=1,addr=- id=1,voting=1,active=1,addr=localhost:5021 id=3,voting=0,active=1,addr=localhost:5023
1072542:M 11 Jan 2024 17:07:20.006 - Client closed connection id=10 addr=127.0.0.1:56644 laddr=127.0.0.1:5022 fd=15 name= age=1 idle=1 flags=N db=0 sub=0 psub=0 ssub=0 multi=-1 qbuf=0 qbuf-free=20474 argv-mem=0 multi-mem=0 rbs=1024 rbp=0 obl=0 oll=0 omem=0 tot-mem=22400 events=r cmd=auth user=default redir=-1 resp=2 lib-name= lib-ver=
1072542:M 11 Jan 2024 17:07:20.387 - Client closed connection id=9 addr=127.0.0.1:56640 laddr=127.0.0.1:5022 fd=10 name= age=1 idle=1 flags=N db=0 sub=0 psub=0 ssub=0 multi=-1 qbuf=0 qbuf-free=20474 argv-mem=0 multi-mem=0 rbs=1024 rbp=0 obl=0 oll=0 omem=0 tot-mem=22400 events=r cmd=auth user=default redir=-1 resp=2 lib-name= lib-ver=
1072542:M 11 Jan 2024 17:07:20.408 * <raft> State change: Election starting, node is now a pre-candidate, term 1
1072542:M 11 Jan 2024 17:07:20.408 * <raft> Cluster Membership: term:1 index:4 nodes: id=2,voting=0,active=1,addr=- id=1,voting=1,active=1,addr=localhost:5021 id=3,voting=0,active=1,addr=localhost:5023
1072542:M 11 Jan 2024 17:07:20.449 * <raft> State change: Node is now a follower, term 1
1072542:M 11 Jan 2024 17:07:20.449 * <raft> Cluster Membership: term:1 index:4 nodes: id=2,voting=0,active=1,addr=- id=1,voting=1,active=1,addr=localhost:5021 id=3,voting=0,active=1,addr=localhost:5023
1072542:M 11 Jan 2024 17:07:20.710 * <raft> State change: Election starting, node is now a pre-candidate, term 1
1072542:M 11 Jan 2024 17:07:20.710 * <raft> Cluster Membership: term:1 index:5 nodes: id=2,voting=0,active=1,addr=- id=1,voting=1,active=1,addr=localhost:5021 id=3,voting=0,active=1,addr=localhost:5023
1072542:signal-handler (1704989241) Received SIGINT scheduling shutdown...
1072542:signal-handler (1704989241) You insist... exiting now.
1073652:C 11 Jan 2024 17:07:21.713 # WARNING Memory overcommit must be enabled! Without it, a background save or replication may fail under low memory condition. Being disabled, it can also cause failures without low memory condition, see https://github.com/jemalloc/jemalloc/issues/1328. To fix this issue add 'vm.overcommit_memory = 1' to /etc/sysctl.conf and then reboot or run the command 'sysctl vm.overcommit_memory=1' for this to take effect.
1073652:C 11 Jan 2024 17:07:21.713 * oO0OoO0OoO0Oo Redis is starting oO0OoO0OoO0Oo
1073652:C 11 Jan 2024 17:07:21.713 * Redis version=255.255.255, bits=64, commit=e04ebdb8, modified=1, pid=1073652, just started
1073652:C 11 Jan 2024 17:07:21.713 * Configuration loaded
1073652:M 11 Jan 2024 17:07:21.714 * monotonic clock: POSIX clock_gettime
1073652:M 11 Jan 2024 17:07:21.714 * Running mode=standalone, port=5022.
1073652:M 11 Jan 2024 17:07:21.721 * <raft> RedisRaft version 255.255.255 [b779b199]
1073652:M 11 Jan 2024 17:07:21.725 * <raft> Initializing test network
1073652:M 11 Jan 2024 17:07:21.726 * <raft> Created test network client
1073652:M 11 Jan 2024 17:07:21.729 * <raft> Raft module loaded, state is 'loading'
1073652:M 11 Jan 2024 17:07:21.729 * Module 'raft' loaded from /home/snagendra/Fuzzing/redisraft-fuzzing/redisraft.so
1073652:M 11 Jan 2024 17:07:21.730 * Server initialized
1073652:M 11 Jan 2024 17:07:21.730 . The AOF directory appendonlydir doesn't exist
1073652:M 11 Jan 2024 17:07:21.730 * Ready to accept connections tcp
1073652:M 11 Jan 2024 17:07:21.730 . 0 clients connected (0 replicas), 1746656 bytes in use
1073652:M 11 Jan 2024 17:07:21.830 * <raft> Loading: Redis loading complete, snapshot NOT LOADED
1073652:M 11 Jan 2024 17:07:21.831 * <raft> Cluster Membership: term:0 index:0 nodes: id=2,voting=0,active=1,addr=-
1073652:M 11 Jan 2024 17:07:21.832 * <raft> Test network starting message polling thread
1073652:M 11 Jan 2024 17:07:21.833 * <raft> Cluster Membership: term:0 index:5 nodes: id=2,voting=0,active=1,addr=- id=1,voting=1,active=1,addr=localhost:5021
1073652:M 11 Jan 2024 17:07:21.833 * <raft> Cluster Membership: term:0 index:5 nodes: id=2,voting=0,active=1,addr=- id=1,voting=1,active=1,addr=localhost:5021 id=3,voting=0,active=1,addr=localhost:5023
1073652:M 11 Jan 2024 17:07:21.833 * <raft> Raft state after loading log: log_count=5, first_idx=1, current_idx=5, last_applied_idx=0
1073652:M 11 Jan 2024 17:07:21.833 . <raft> Raft term=1, vote=-1
1073652:M 11 Jan 2024 17:07:21.947 - Accepted 127.0.0.1:56710
1073652:M 11 Jan 2024 17:07:21.947 # Missing implement of connection type tls
1073652:M 11 Jan 2024 17:07:22.185 - Accepted 127.0.0.1:56724
1073652:M 11 Jan 2024 17:07:22.328 - Client closed connection id=8 addr=127.0.0.1:56710 laddr=127.0.0.1:5022 fd=12 name= age=1 idle=1 flags=N db=0 sub=0 psub=0 ssub=0 multi=-1 qbuf=0 qbuf-free=20474 argv-mem=0 multi-mem=0 rbs=1024 rbp=0 obl=0 oll=0 omem=0 tot-mem=22400 events=r cmd=auth user=default redir=-1 resp=2 lib-name= lib-ver=
1073652:M 11 Jan 2024 17:07:22.377 - Client closed connection id=9 addr=127.0.0.1:56724 laddr=127.0.0.1:5022 fd=14 name= age=0 idle=0 flags=N db=0 sub=0 psub=0 ssub=0 multi=-1 qbuf=0 qbuf-free=20474 argv-mem=0 multi-mem=0 rbs=1024 rbp=0 obl=0 oll=0 omem=0 tot-mem=22400 events=r cmd=auth user=default redir=-1 resp=2 lib-name= lib-ver=
1073652:signal-handler (1704989242) Received SIGINT scheduling shutdown...
1073652:signal-handler (1704989242) You insist... exiting now.

----- Stderr -----



