logs for node: 1

----- Stdout -----
3457976:C 06 Jan 2024 12:40:33.272 # WARNING Memory overcommit must be enabled! Without it, a background save or replication may fail under low memory condition. Being disabled, it can also cause failures without low memory condition, see https://github.com/jemalloc/jemalloc/issues/1328. To fix this issue add 'vm.overcommit_memory = 1' to /etc/sysctl.conf and then reboot or run the command 'sysctl vm.overcommit_memory=1' for this to take effect.
3457976:C 06 Jan 2024 12:40:33.272 * oO0OoO0OoO0Oo Redis is starting oO0OoO0OoO0Oo
3457976:C 06 Jan 2024 12:40:33.272 * Redis version=255.255.255, bits=64, commit=e04ebdb8, modified=1, pid=3457976, just started
3457976:C 06 Jan 2024 12:40:33.272 * Configuration loaded
3457976:M 06 Jan 2024 12:40:33.273 * monotonic clock: POSIX clock_gettime
3457976:M 06 Jan 2024 12:40:33.273 * Running mode=standalone, port=5091.
3457976:M 06 Jan 2024 12:40:33.280 * <raft> RedisRaft version 255.255.255 [b779b199]
3457976:M 06 Jan 2024 12:40:33.284 * <raft> Initializing test network
3457976:M 06 Jan 2024 12:40:33.285 * <raft> Created test network client
3457976:M 06 Jan 2024 12:40:33.286 * <raft> Raft module loaded, state is 'uninitialized'
3457976:M 06 Jan 2024 12:40:33.286 * Module 'raft' loaded from /home/snagendra/Fuzzing/redisraft-fuzzing/redisraft.so
3457976:M 06 Jan 2024 12:40:33.286 * Server initialized
3457976:M 06 Jan 2024 12:40:33.287 . The AOF directory appendonlydir doesn't exist
3457976:M 06 Jan 2024 12:40:33.287 * Ready to accept connections tcp
3457976:M 06 Jan 2024 12:40:33.287 . 0 clients connected (0 replicas), 1726128 bytes in use
3457976:M 06 Jan 2024 12:40:33.307 - Accepted 127.0.0.1:60108
3457976:M 06 Jan 2024 12:40:33.307 # Missing implement of connection type tls
3457976:M 06 Jan 2024 12:40:33.313 * <raft> Cluster Membership: term:0 index:0 nodes: id=1,voting=0,active=1,addr=-
3457976:M 06 Jan 2024 12:40:33.318 * <raft> State change: Node is now a leader, term 1
3457976:M 06 Jan 2024 12:40:33.319 * <raft> Cluster Membership: term:1 index:1 nodes: id=1,voting=0,active=1,addr=-
3457976:M 06 Jan 2024 12:40:33.319 * <raft> Test network starting message polling thread
3457976:M 06 Jan 2024 12:40:33.319 * <raft> Raft Cluster initialized, node id: 1, dbid: cdf42f8579f40de47c44b8289ca9a989
3457976:M 06 Jan 2024 12:40:33.436 - Accepted 127.0.0.1:60114
3457976:M 06 Jan 2024 12:40:33.437 * <raft> Cluster Membership: term:1 index:3 nodes: id=1,voting=1,active=1,addr=- id=2,voting=0,active=1,addr=localhost:5092
3457976:M 06 Jan 2024 12:40:33.444 - Client closed connection id=9 addr=127.0.0.1:60114 laddr=127.0.0.1:5091 fd=12 name= age=0 idle=0 flags=N db=0 sub=0 psub=0 ssub=0 multi=-1 qbuf=0 qbuf-free=20474 argv-mem=0 multi-mem=0 rbs=16384 rbp=16384 obl=0 oll=0 omem=0 tot-mem=37760 events=r cmd=raft.node user=default redir=-1 resp=2 lib-name= lib-ver=
3457976:M 06 Jan 2024 12:40:33.561 - Accepted 127.0.0.1:60116
3457976:M 06 Jan 2024 12:40:33.561 * <raft> Cluster Membership: term:1 index:4 nodes: id=1,voting=1,active=1,addr=- id=2,voting=0,active=1,addr=localhost:5092 id=3,voting=0,active=1,addr=localhost:5093
3457976:M 06 Jan 2024 12:40:33.569 - Client closed connection id=10 addr=127.0.0.1:60116 laddr=127.0.0.1:5091 fd=13 name= age=0 idle=0 flags=N db=0 sub=0 psub=0 ssub=0 multi=-1 qbuf=0 qbuf-free=20474 argv-mem=0 multi-mem=0 rbs=16384 rbp=16384 obl=0 oll=0 omem=0 tot-mem=37760 events=r cmd=raft.node user=default redir=-1 resp=2 lib-name= lib-ver=
3457976:M 06 Jan 2024 12:40:33.761 - Accepted 127.0.0.1:60122
3457976:M 06 Jan 2024 12:40:34.060 * <raft> node:3 has sufficient logs, adding as voting node.
3457976:M 06 Jan 2024 12:40:34.592 - Accepted 127.0.0.1:60138
3457976:signal-handler (1704541234) Received SIGINT scheduling shutdown...
3457976:signal-handler (1704541234) You insist... exiting now.
3459031:C 06 Jan 2024 12:40:35.807 # WARNING Memory overcommit must be enabled! Without it, a background save or replication may fail under low memory condition. Being disabled, it can also cause failures without low memory condition, see https://github.com/jemalloc/jemalloc/issues/1328. To fix this issue add 'vm.overcommit_memory = 1' to /etc/sysctl.conf and then reboot or run the command 'sysctl vm.overcommit_memory=1' for this to take effect.
3459031:C 06 Jan 2024 12:40:35.807 * oO0OoO0OoO0Oo Redis is starting oO0OoO0OoO0Oo
3459031:C 06 Jan 2024 12:40:35.807 * Redis version=255.255.255, bits=64, commit=e04ebdb8, modified=1, pid=3459031, just started
3459031:C 06 Jan 2024 12:40:35.807 * Configuration loaded
3459031:M 06 Jan 2024 12:40:35.808 * monotonic clock: POSIX clock_gettime
3459031:M 06 Jan 2024 12:40:35.808 * Running mode=standalone, port=5091.
3459031:M 06 Jan 2024 12:40:35.814 * <raft> RedisRaft version 255.255.255 [b779b199]
3459031:M 06 Jan 2024 12:40:35.819 * <raft> Initializing test network
3459031:M 06 Jan 2024 12:40:35.819 * <raft> Created test network client
3459031:M 06 Jan 2024 12:40:35.822 * <raft> Raft module loaded, state is 'loading'
3459031:M 06 Jan 2024 12:40:35.822 * Module 'raft' loaded from /home/snagendra/Fuzzing/redisraft-fuzzing/redisraft.so
3459031:M 06 Jan 2024 12:40:35.823 * Server initialized
3459031:M 06 Jan 2024 12:40:35.823 . The AOF directory appendonlydir doesn't exist
3459031:M 06 Jan 2024 12:40:35.823 * Ready to accept connections tcp
3459031:M 06 Jan 2024 12:40:35.823 . 0 clients connected (0 replicas), 1746720 bytes in use
3459031:signal-handler (1704541235) Received SIGINT scheduling shutdown...
3459031:signal-handler (1704541235) You insist... exiting now.
3459078:C 06 Jan 2024 12:40:35.914 # WARNING Memory overcommit must be enabled! Without it, a background save or replication may fail under low memory condition. Being disabled, it can also cause failures without low memory condition, see https://github.com/jemalloc/jemalloc/issues/1328. To fix this issue add 'vm.overcommit_memory = 1' to /etc/sysctl.conf and then reboot or run the command 'sysctl vm.overcommit_memory=1' for this to take effect.
3459078:C 06 Jan 2024 12:40:35.914 * oO0OoO0OoO0Oo Redis is starting oO0OoO0OoO0Oo
3459078:C 06 Jan 2024 12:40:35.914 * Redis version=255.255.255, bits=64, commit=e04ebdb8, modified=1, pid=3459078, just started
3459078:C 06 Jan 2024 12:40:35.914 * Configuration loaded
3459078:M 06 Jan 2024 12:40:35.914 * monotonic clock: POSIX clock_gettime
3459078:M 06 Jan 2024 12:40:35.915 * Running mode=standalone, port=5091.
3459078:M 06 Jan 2024 12:40:35.921 * <raft> RedisRaft version 255.255.255 [b779b199]
3459078:M 06 Jan 2024 12:40:35.926 * <raft> Initializing test network
3459078:M 06 Jan 2024 12:40:35.927 * <raft> Created test network client
3459078:M 06 Jan 2024 12:40:35.930 * <raft> Raft module loaded, state is 'loading'
3459078:M 06 Jan 2024 12:40:35.930 * Module 'raft' loaded from /home/snagendra/Fuzzing/redisraft-fuzzing/redisraft.so
3459078:M 06 Jan 2024 12:40:35.930 * Server initialized
3459078:M 06 Jan 2024 12:40:35.930 . The AOF directory appendonlydir doesn't exist
3459078:M 06 Jan 2024 12:40:35.930 * Ready to accept connections tcp
3459078:M 06 Jan 2024 12:40:35.931 . 0 clients connected (0 replicas), 1746656 bytes in use
3459078:M 06 Jan 2024 12:40:35.995 - Accepted 127.0.0.1:60246
3459078:M 06 Jan 2024 12:40:35.995 # Missing implement of connection type tls
3459078:M 06 Jan 2024 12:40:36.030 * <raft> Loading: Redis loading complete, snapshot NOT LOADED
3459078:M 06 Jan 2024 12:40:36.031 * <raft> Cluster Membership: term:0 index:0 nodes: id=1,voting=0,active=1,addr=-
3459078:M 06 Jan 2024 12:40:36.031 * <raft> Test network starting message polling thread
3459078:M 06 Jan 2024 12:40:36.031 * <raft> Cluster Membership: term:0 index:8 nodes: id=1,voting=1,active=1,addr=- id=2,voting=0,active=1,addr=localhost:5092
3459078:M 06 Jan 2024 12:40:36.032 * <raft> Cluster Membership: term:0 index:8 nodes: id=1,voting=1,active=1,addr=- id=2,voting=0,active=1,addr=localhost:5092 id=3,voting=0,active=1,addr=localhost:5093
3459078:M 06 Jan 2024 12:40:36.032 * <raft> Raft state after loading log: log_count=8, first_idx=1, current_idx=8, last_applied_idx=0
3459078:M 06 Jan 2024 12:40:36.032 . <raft> Raft term=1, vote=-1
3459078:signal-handler (1704541236) Received SIGINT scheduling shutdown...
3459078:signal-handler (1704541236) You insist... exiting now.
3459367:C 06 Jan 2024 12:40:36.432 # WARNING Memory overcommit must be enabled! Without it, a background save or replication may fail under low memory condition. Being disabled, it can also cause failures without low memory condition, see https://github.com/jemalloc/jemalloc/issues/1328. To fix this issue add 'vm.overcommit_memory = 1' to /etc/sysctl.conf and then reboot or run the command 'sysctl vm.overcommit_memory=1' for this to take effect.
3459367:C 06 Jan 2024 12:40:36.433 * oO0OoO0OoO0Oo Redis is starting oO0OoO0OoO0Oo
3459367:C 06 Jan 2024 12:40:36.433 * Redis version=255.255.255, bits=64, commit=e04ebdb8, modified=1, pid=3459367, just started
3459367:C 06 Jan 2024 12:40:36.433 * Configuration loaded
3459367:M 06 Jan 2024 12:40:36.433 * monotonic clock: POSIX clock_gettime
3459367:M 06 Jan 2024 12:40:36.433 * Running mode=standalone, port=5091.
3459367:M 06 Jan 2024 12:40:36.440 * <raft> RedisRaft version 255.255.255 [b779b199]
3459367:M 06 Jan 2024 12:40:36.444 * <raft> Initializing test network
3459367:M 06 Jan 2024 12:40:36.445 * <raft> Created test network client
3459367:M 06 Jan 2024 12:40:36.447 * <raft> Raft module loaded, state is 'loading'
3459367:M 06 Jan 2024 12:40:36.447 * Module 'raft' loaded from /home/snagendra/Fuzzing/redisraft-fuzzing/redisraft.so
3459367:M 06 Jan 2024 12:40:36.448 * Server initialized
3459367:M 06 Jan 2024 12:40:36.448 . The AOF directory appendonlydir doesn't exist
3459367:M 06 Jan 2024 12:40:36.448 * Ready to accept connections tcp
3459367:M 06 Jan 2024 12:40:36.448 . 0 clients connected (0 replicas), 1746720 bytes in use
3459367:M 06 Jan 2024 12:40:36.548 * <raft> Loading: Redis loading complete, snapshot NOT LOADED
3459367:M 06 Jan 2024 12:40:36.549 * <raft> Cluster Membership: term:0 index:0 nodes: id=1,voting=0,active=1,addr=-
3459367:M 06 Jan 2024 12:40:36.549 * <raft> Test network starting message polling thread
3459367:M 06 Jan 2024 12:40:36.550 * <raft> Cluster Membership: term:0 index:8 nodes: id=1,voting=1,active=1,addr=- id=2,voting=0,active=1,addr=localhost:5092
3459367:M 06 Jan 2024 12:40:36.550 * <raft> Cluster Membership: term:0 index:8 nodes: id=1,voting=1,active=1,addr=- id=2,voting=0,active=1,addr=localhost:5092 id=3,voting=0,active=1,addr=localhost:5093
3459367:M 06 Jan 2024 12:40:36.550 * <raft> Raft state after loading log: log_count=8, first_idx=1, current_idx=8, last_applied_idx=0
3459367:M 06 Jan 2024 12:40:36.550 . <raft> Raft term=1, vote=-1
3459367:M 06 Jan 2024 12:40:36.704 - Accepted 127.0.0.1:60258
3459367:M 06 Jan 2024 12:40:36.704 # Missing implement of connection type tls
3459367:signal-handler (1704541236) Received SIGINT scheduling shutdown...
3459367:signal-handler (1704541236) You insist... exiting now.

----- Stderr -----
libgcov profiling error:/home/snagendra/Fuzzing/redisraft-fuzzing/build/deps/raft/CMakeFiles/raft.dir/src/raft_server_properties.c.gcda:Merge mismatch for function 1
libgcov profiling error:/home/snagendra/Fuzzing/redisraft-fuzzing/build/deps/raft/CMakeFiles/raft.dir/src/raft_server.c.gcda:Merge mismatch for function 47
libgcov profiling error:/home/snagendra/Fuzzing/redisraft-fuzzing/build/deps/raft/CMakeFiles/raft.dir/src/raft_server_properties.c.gcda:Merge mismatch for function 1
libgcov profiling error:/home/snagendra/Fuzzing/redisraft-fuzzing/build/deps/raft/CMakeFiles/raft.dir/src/raft_server.c.gcda:Merge mismatch for function 47
libgcov profiling error:/home/snagendra/Fuzzing/redisraft-fuzzing/build/deps/raft/CMakeFiles/raft.dir/src/raft_server_properties.c.gcda:Merge mismatch for function 1
libgcov profiling error:/home/snagendra/Fuzzing/redisraft-fuzzing/build/deps/raft/CMakeFiles/raft.dir/src/raft_server.c.gcda:Merge mismatch for function 47
libgcov profiling error:/home/snagendra/Fuzzing/redisraft-fuzzing/build/deps/raft/CMakeFiles/raft.dir/src/raft_server_properties.c.gcda:Merge mismatch for function 1
libgcov profiling error:/home/snagendra/Fuzzing/redisraft-fuzzing/build/deps/raft/CMakeFiles/raft.dir/src/raft_server.c.gcda:Merge mismatch for function 47




logs for node: 2

----- Stdout -----
3458004:C 06 Jan 2024 12:40:33.322 # WARNING Memory overcommit must be enabled! Without it, a background save or replication may fail under low memory condition. Being disabled, it can also cause failures without low memory condition, see https://github.com/jemalloc/jemalloc/issues/1328. To fix this issue add 'vm.overcommit_memory = 1' to /etc/sysctl.conf and then reboot or run the command 'sysctl vm.overcommit_memory=1' for this to take effect.
3458004:C 06 Jan 2024 12:40:33.322 * oO0OoO0OoO0Oo Redis is starting oO0OoO0OoO0Oo
3458004:C 06 Jan 2024 12:40:33.322 * Redis version=255.255.255, bits=64, commit=e04ebdb8, modified=1, pid=3458004, just started
3458004:C 06 Jan 2024 12:40:33.322 * Configuration loaded
3458004:M 06 Jan 2024 12:40:33.322 * monotonic clock: POSIX clock_gettime
3458004:M 06 Jan 2024 12:40:33.323 * Running mode=standalone, port=5092.
3458004:M 06 Jan 2024 12:40:33.329 * <raft> RedisRaft version 255.255.255 [b779b199]
3458004:M 06 Jan 2024 12:40:33.334 * <raft> Initializing test network
3458004:M 06 Jan 2024 12:40:33.334 * <raft> Created test network client
3458004:M 06 Jan 2024 12:40:33.335 * <raft> Raft module loaded, state is 'uninitialized'
3458004:M 06 Jan 2024 12:40:33.335 * Module 'raft' loaded from /home/snagendra/Fuzzing/redisraft-fuzzing/redisraft.so
3458004:M 06 Jan 2024 12:40:33.336 * Server initialized
3458004:M 06 Jan 2024 12:40:33.336 . The AOF directory appendonlydir doesn't exist
3458004:M 06 Jan 2024 12:40:33.337 * Ready to accept connections tcp
3458004:M 06 Jan 2024 12:40:33.337 . 0 clients connected (0 replicas), 1726192 bytes in use
3458004:M 06 Jan 2024 12:40:33.348 - Accepted 127.0.0.1:48792
3458004:M 06 Jan 2024 12:40:33.348 # Missing implement of connection type tls
3458004:M 06 Jan 2024 12:40:33.436 - <raft> join cluster, connecting to localhost:5091
3458004:M 06 Jan 2024 12:40:33.437 * <raft> Joined Raft cluster, node id: 2, dbid: cdf42f8579f40de47c44b8289ca9a989
3458004:M 06 Jan 2024 12:40:33.444 * <raft> Cluster Membership: term:0 index:0 nodes: id=2,voting=0,active=1,addr=-
3458004:M 06 Jan 2024 12:40:33.444 * <raft> Test network starting message polling thread
3458004:M 06 Jan 2024 12:40:33.488 - Accepted 127.0.0.1:48796
3458004:M 06 Jan 2024 12:40:33.761 - Accepted 127.0.0.1:48810
3458004:M 06 Jan 2024 12:40:33.937 * <raft> State change: Election starting, node is now a pre-candidate, term 0
3458004:M 06 Jan 2024 12:40:33.937 * <raft> Cluster Membership: term:0 index:0 nodes: id=2,voting=0,active=1,addr=-
3458004:signal-handler (1704541234) Received SIGINT scheduling shutdown...
3458004:signal-handler (1704541234) You insist... exiting now.
3459185:C 06 Jan 2024 12:40:36.157 # WARNING Memory overcommit must be enabled! Without it, a background save or replication may fail under low memory condition. Being disabled, it can also cause failures without low memory condition, see https://github.com/jemalloc/jemalloc/issues/1328. To fix this issue add 'vm.overcommit_memory = 1' to /etc/sysctl.conf and then reboot or run the command 'sysctl vm.overcommit_memory=1' for this to take effect.
3459185:C 06 Jan 2024 12:40:36.157 * oO0OoO0OoO0Oo Redis is starting oO0OoO0OoO0Oo
3459185:C 06 Jan 2024 12:40:36.157 * Redis version=255.255.255, bits=64, commit=e04ebdb8, modified=1, pid=3459185, just started
3459185:C 06 Jan 2024 12:40:36.157 * Configuration loaded
3459185:M 06 Jan 2024 12:40:36.158 * monotonic clock: POSIX clock_gettime
3459185:M 06 Jan 2024 12:40:36.158 * Running mode=standalone, port=5092.
3459185:M 06 Jan 2024 12:40:36.164 * <raft> RedisRaft version 255.255.255 [b779b199]
3459185:M 06 Jan 2024 12:40:36.169 * <raft> Initializing test network
3459185:M 06 Jan 2024 12:40:36.170 * <raft> Created test network client
3459185:M 06 Jan 2024 12:40:36.170 * <raft> Raft module loaded, state is 'uninitialized'
3459185:M 06 Jan 2024 12:40:36.170 * Module 'raft' loaded from /home/snagendra/Fuzzing/redisraft-fuzzing/redisraft.so
3459185:M 06 Jan 2024 12:40:36.171 * Server initialized
3459185:M 06 Jan 2024 12:40:36.171 . The AOF directory appendonlydir doesn't exist
3459185:M 06 Jan 2024 12:40:36.171 * Ready to accept connections tcp
3459185:M 06 Jan 2024 12:40:36.171 . 0 clients connected (0 replicas), 1726192 bytes in use
3459185:M 06 Jan 2024 12:40:36.196 - Accepted 127.0.0.1:48988
3459185:M 06 Jan 2024 12:40:36.196 # Missing implement of connection type tls
3459185:M 06 Jan 2024 12:40:36.308 - Client closed connection id=8 addr=127.0.0.1:48988 laddr=127.0.0.1:5092 fd=9 name= age=0 idle=0 flags=N db=0 sub=0 psub=0 ssub=0 multi=-1 qbuf=0 qbuf-free=20474 argv-mem=0 multi-mem=0 rbs=16384 rbp=0 obl=0 oll=0 omem=0 tot-mem=37760 events=r cmd=auth user=default redir=-1 resp=2 lib-name= lib-ver=
3459185:M 06 Jan 2024 12:40:36.550 - Accepted 127.0.0.1:48994
3459185:M 06 Jan 2024 12:40:36.704 - Accepted 127.0.0.1:49002
3459185:M 06 Jan 2024 12:40:36.715 - Client closed connection id=9 addr=127.0.0.1:48994 laddr=127.0.0.1:5092 fd=9 name= age=0 idle=0 flags=N db=0 sub=0 psub=0 ssub=0 multi=-1 qbuf=0 qbuf-free=20474 argv-mem=0 multi-mem=0 rbs=1024 rbp=0 obl=0 oll=0 omem=0 tot-mem=22400 events=r cmd=auth user=default redir=-1 resp=2 lib-name= lib-ver=
3459185:signal-handler (1704541236) Received SIGINT scheduling shutdown...
3459185:signal-handler (1704541236) You insist... exiting now.

----- Stderr -----
libgcov profiling error:/home/snagendra/Fuzzing/redisraft-fuzzing/build/deps/raft/CMakeFiles/raft.dir/src/raft_server_properties.c.gcda:Merge mismatch for function 1
libgcov profiling error:/home/snagendra/Fuzzing/redisraft-fuzzing/build/deps/raft/CMakeFiles/raft.dir/src/raft_server.c.gcda:Merge mismatch for function 47
libgcov profiling error:/home/snagendra/Fuzzing/redisraft-fuzzing/build/deps/raft/CMakeFiles/raft.dir/src/raft_server_properties.c.gcda:Merge mismatch for function 1
libgcov profiling error:/home/snagendra/Fuzzing/redisraft-fuzzing/build/deps/raft/CMakeFiles/raft.dir/src/raft_server.c.gcda:Merge mismatch for function 47




logs for node: 3

----- Stdout -----
3458077:C 06 Jan 2024 12:40:33.447 # WARNING Memory overcommit must be enabled! Without it, a background save or replication may fail under low memory condition. Being disabled, it can also cause failures without low memory condition, see https://github.com/jemalloc/jemalloc/issues/1328. To fix this issue add 'vm.overcommit_memory = 1' to /etc/sysctl.conf and then reboot or run the command 'sysctl vm.overcommit_memory=1' for this to take effect.
3458077:C 06 Jan 2024 12:40:33.447 * oO0OoO0OoO0Oo Redis is starting oO0OoO0OoO0Oo
3458077:C 06 Jan 2024 12:40:33.447 * Redis version=255.255.255, bits=64, commit=e04ebdb8, modified=1, pid=3458077, just started
3458077:C 06 Jan 2024 12:40:33.447 * Configuration loaded
3458077:M 06 Jan 2024 12:40:33.447 * monotonic clock: POSIX clock_gettime
3458077:M 06 Jan 2024 12:40:33.448 * Running mode=standalone, port=5093.
3458077:M 06 Jan 2024 12:40:33.454 * <raft> RedisRaft version 255.255.255 [b779b199]
3458077:M 06 Jan 2024 12:40:33.459 * <raft> Initializing test network
3458077:M 06 Jan 2024 12:40:33.459 * <raft> Created test network client
3458077:M 06 Jan 2024 12:40:33.460 * <raft> Raft module loaded, state is 'uninitialized'
3458077:M 06 Jan 2024 12:40:33.460 * Module 'raft' loaded from /home/snagendra/Fuzzing/redisraft-fuzzing/redisraft.so
3458077:M 06 Jan 2024 12:40:33.461 * Server initialized
3458077:M 06 Jan 2024 12:40:33.461 . The AOF directory appendonlydir doesn't exist
3458077:M 06 Jan 2024 12:40:33.462 * Ready to accept connections tcp
3458077:M 06 Jan 2024 12:40:33.462 - Accepted 127.0.0.1:36992
3458077:M 06 Jan 2024 12:40:33.462 # Missing implement of connection type tls
3458077:M 06 Jan 2024 12:40:33.462 . 1 clients connected (0 replicas), 1744024 bytes in use
3458077:M 06 Jan 2024 12:40:33.560 - <raft> join cluster, connecting to localhost:5091
3458077:M 06 Jan 2024 12:40:33.562 * <raft> Joined Raft cluster, node id: 3, dbid: cdf42f8579f40de47c44b8289ca9a989
3458077:M 06 Jan 2024 12:40:33.569 * <raft> Cluster Membership: term:0 index:0 nodes: id=3,voting=0,active=1,addr=-
3458077:M 06 Jan 2024 12:40:33.569 * <raft> Test network starting message polling thread
3458077:M 06 Jan 2024 12:40:33.589 - Accepted 127.0.0.1:36996
3458077:M 06 Jan 2024 12:40:33.699 * <raft> Cluster Membership: term:1 index:2 nodes: id=3,voting=0,active=1,addr=- id=1,voting=1,active=1,addr=localhost:5091
3458077:M 06 Jan 2024 12:40:33.699 * <raft> Cluster Membership: term:1 index:3 nodes: id=3,voting=0,active=1,addr=- id=1,voting=1,active=1,addr=localhost:5091 id=2,voting=0,active=1,addr=localhost:5092
3458077:M 06 Jan 2024 12:40:34.364 * <raft> State change: Election starting, node is now a pre-candidate, term 1
3458077:M 06 Jan 2024 12:40:34.364 * <raft> Cluster Membership: term:1 index:5 nodes: id=3,voting=0,active=1,addr=- id=1,voting=1,active=1,addr=localhost:5091 id=2,voting=0,active=1,addr=localhost:5092
3458077:M 06 Jan 2024 12:40:34.380 * <raft> State change: Node is now a follower, term 1
3458077:M 06 Jan 2024 12:40:34.380 * <raft> Cluster Membership: term:1 index:5 nodes: id=3,voting=0,active=1,addr=- id=1,voting=1,active=1,addr=localhost:5091 id=2,voting=0,active=1,addr=localhost:5092
3458077:M 06 Jan 2024 12:40:34.766 * <raft> State change: Election starting, node is now a pre-candidate, term 1
3458077:M 06 Jan 2024 12:40:34.766 * <raft> Cluster Membership: term:1 index:6 nodes: id=3,voting=1,active=1,addr=- id=1,voting=1,active=1,addr=localhost:5091 id=2,voting=0,active=1,addr=localhost:5092
3458077:M 06 Jan 2024 12:40:34.847 - Client closed connection id=9 addr=127.0.0.1:36996 laddr=127.0.0.1:5093 fd=10 name= age=1 idle=1 flags=N db=0 sub=0 psub=0 ssub=0 multi=-1 qbuf=0 qbuf-free=20474 argv-mem=0 multi-mem=0 rbs=1024 rbp=0 obl=0 oll=0 omem=0 tot-mem=22400 events=r cmd=auth user=default redir=-1 resp=2 lib-name= lib-ver=
3458077:M 06 Jan 2024 12:40:35.030 * <raft> State change: Node is now a follower, term 1
3458077:M 06 Jan 2024 12:40:35.030 * <raft> Cluster Membership: term:1 index:6 nodes: id=3,voting=1,active=1,addr=- id=1,voting=1,active=1,addr=localhost:5091 id=2,voting=0,active=1,addr=localhost:5092
3458077:signal-handler (1704541235) Received SIGINT scheduling shutdown...
3458077:signal-handler (1704541235) You insist... exiting now.
3459012:C 06 Jan 2024 12:40:35.776 # WARNING Memory overcommit must be enabled! Without it, a background save or replication may fail under low memory condition. Being disabled, it can also cause failures without low memory condition, see https://github.com/jemalloc/jemalloc/issues/1328. To fix this issue add 'vm.overcommit_memory = 1' to /etc/sysctl.conf and then reboot or run the command 'sysctl vm.overcommit_memory=1' for this to take effect.
3459012:C 06 Jan 2024 12:40:35.777 * oO0OoO0OoO0Oo Redis is starting oO0OoO0OoO0Oo
3459012:C 06 Jan 2024 12:40:35.777 * Redis version=255.255.255, bits=64, commit=e04ebdb8, modified=1, pid=3459012, just started
3459012:C 06 Jan 2024 12:40:35.777 * Configuration loaded
3459012:M 06 Jan 2024 12:40:35.777 * monotonic clock: POSIX clock_gettime
3459012:M 06 Jan 2024 12:40:35.777 * Running mode=standalone, port=5093.
3459012:M 06 Jan 2024 12:40:35.784 * <raft> RedisRaft version 255.255.255 [b779b199]
3459012:M 06 Jan 2024 12:40:35.788 * <raft> Initializing test network
3459012:M 06 Jan 2024 12:40:35.789 * <raft> Created test network client
3459012:M 06 Jan 2024 12:40:35.792 * <raft> Raft module loaded, state is 'loading'
3459012:M 06 Jan 2024 12:40:35.792 * Module 'raft' loaded from /home/snagendra/Fuzzing/redisraft-fuzzing/redisraft.so
3459012:M 06 Jan 2024 12:40:35.792 * Server initialized
3459012:M 06 Jan 2024 12:40:35.792 . The AOF directory appendonlydir doesn't exist
3459012:M 06 Jan 2024 12:40:35.792 * Ready to accept connections tcp
3459012:M 06 Jan 2024 12:40:35.792 . 0 clients connected (0 replicas), 1746784 bytes in use
3459012:M 06 Jan 2024 12:40:35.893 * <raft> Loading: Redis loading complete, snapshot NOT LOADED
3459012:M 06 Jan 2024 12:40:35.893 * <raft> Cluster Membership: term:0 index:0 nodes: id=3,voting=0,active=1,addr=-
3459012:M 06 Jan 2024 12:40:35.893 * <raft> Test network starting message polling thread
3459012:M 06 Jan 2024 12:40:35.894 * <raft> Cluster Membership: term:0 index:6 nodes: id=3,voting=0,active=1,addr=- id=1,voting=1,active=1,addr=localhost:5091
3459012:M 06 Jan 2024 12:40:35.894 * <raft> Cluster Membership: term:0 index:6 nodes: id=3,voting=0,active=1,addr=- id=1,voting=1,active=1,addr=localhost:5091 id=2,voting=0,active=1,addr=localhost:5092
3459012:M 06 Jan 2024 12:40:35.894 * <raft> Raft state after loading log: log_count=6, first_idx=1, current_idx=6, last_applied_idx=0
3459012:M 06 Jan 2024 12:40:35.894 . <raft> Raft term=1, vote=-1
3459012:M 06 Jan 2024 12:40:36.032 - Accepted 127.0.0.1:37012
3459012:M 06 Jan 2024 12:40:36.032 # Missing implement of connection type tls
3459012:M 06 Jan 2024 12:40:36.231 - Client closed connection id=8 addr=127.0.0.1:37012 laddr=127.0.0.1:5093 fd=11 name= age=0 idle=0 flags=N db=0 sub=0 psub=0 ssub=0 multi=-1 qbuf=0 qbuf-free=20474 argv-mem=0 multi-mem=0 rbs=1024 rbp=0 obl=0 oll=0 omem=0 tot-mem=22400 events=r cmd=auth user=default redir=-1 resp=2 lib-name= lib-ver=
3459012:signal-handler (1704541236) Received SIGINT scheduling shutdown...
3459012:signal-handler (1704541236) You insist... exiting now.


=== REDIS BUG REPORT START: Cut & paste starting from here ===
3459012:M 06 Jan 2024 12:40:36.295 # Redis 255.255.255 crashed by signal: 11, si_code: 1
3459012:M 06 Jan 2024 12:40:36.295 # Accessing address: 0x18
3459012:M 06 Jan 2024 12:40:36.295 # Crashed running the instruction at: 0x7f6b5761a0b0

------ STACK TRACE ------
EIP:
/lib/x86_64-linux-gnu/libc.so.6(__pthread_rwlock_wrlock+0x0)[0x7f6b5761a0b0]

Backtrace:
/lib/x86_64-linux-gnu/libc.so.6(+0x3bfd0)[0x7f6b575c6fd0]
/lib/x86_64-linux-gnu/libc.so.6(__pthread_rwlock_wrlock+0x0)[0x7f6b5761a0b0]
/lib/x86_64-linux-gnu/libcrypto.so.3(CRYPTO_THREAD_write_lock+0x9)[0x7f6b55a3df49]
/lib/x86_64-linux-gnu/libcrypto.so.3(ENGINE_get_first+0x3a)[0x7f6b559e408a]
/lib/x86_64-linux-gnu/libcrypto.so.3(ENGINE_register_all_complete+0x6)[0x7f6b559e3486]
/lib/x86_64-linux-gnu/libssh2.so.1(libssh2_init+0x39)[0x7f6b5636e389]
/lib/x86_64-linux-gnu/libcurl-gnutls.so.4(+0x8146b)[0x7f6b574ad46b]
/lib/x86_64-linux-gnu/libcurl-gnutls.so.4(+0x22125)[0x7f6b5744e125]
/lib/x86_64-linux-gnu/libcurl-gnutls.so.4(curl_global_init+0x3a)[0x7f6b5744e22a]
/home/snagendra/Fuzzing/redisraft-fuzzing/redisraft.so(redis_test_http_do+0x2c)[0x7f6b5754a86c]
/home/snagendra/Fuzzing/redisraft-fuzzing/redisraft.so(redis_test_http_post+0x26)[0x7f6b5754aa86]
/home/snagendra/Fuzzing/redisraft-fuzzing/redisraft.so(redis_test_send_message+0x9d)[0x7f6b57549efd]
/home/snagendra/Fuzzing/redisraft-fuzzing/redisraft.so(testNetworkSendRequestVote+0x6a)[0x7f6b575332ba]
/home/snagendra/Fuzzing/redisraft-fuzzing/redisraft.so(raft_send_requestvote+0x126)[0x7f6b575395e6]
/home/snagendra/Fuzzing/redisraft-fuzzing/redisraft.so(raft_become_precandidate+0x113)[0x7f6b575397a3]
/home/snagendra/Fuzzing/redisraft-fuzzing/redisraft.so(raft_election_start+0x80)[0x7f6b57539f10]
/home/snagendra/Fuzzing/redisraft-fuzzing/redisraft.so(raft_periodic_internal+0x9a)[0x7f6b5753e63a]
/home/snagendra/Fuzzing/redisraft-fuzzing/redisraft.so(raft_periodic+0x18)[0x7f6b5753e868]
/home/snagendra/Fuzzing/redisraft-fuzzing/redisraft.so(+0x2b765)[0x7f6b57529765]
/home/snagendra/Fuzzing/redis/src/redis-server 0.0.0.0:5093(moduleTimerHandler+0x21c)[0x5593e72b698c]
/home/snagendra/Fuzzing/redis/src/redis-server 0.0.0.0:5093(+0x81705)[0x5593e71c0705]
/home/snagendra/Fuzzing/redis/src/redis-server 0.0.0.0:5093(aeMain+0x1c8)[0x5593e71cacb8]
/home/snagendra/Fuzzing/redis/src/redis-server 0.0.0.0:5093(main+0x3cd)[0x5593e71bfe2d]
/lib/x86_64-linux-gnu/libc.so.6(+0x271ca)[0x7f6b575b21ca]
/lib/x86_64-linux-gnu/libc.so.6(__libc_start_main+0x85)[0x7f6b575b2285]
/home/snagendra/Fuzzing/redis/src/redis-server 0.0.0.0:5093(_start+0x2a)[0x5593e71c05aa]

------ REGISTERS ------
3459012:M 06 Jan 2024 12:40:36.296 # 
RAX:0000000000000001 RBX:00005593e80212f0
RCX:0000000000000000 RDX:0000000000000000
RDI:0000000000000000 RSI:0000000000000000
RBP:00007f6b55c7e638 RSP:00007ffd9260d078
R8 :0000000000000000 R9 :0000000000000000
R10:0000000000000000 R11:0000000000000000
R12:00007ffd9260d170 R13:00005593e80213b0
R14:0000000000000001 R15:0000000000000002
RIP:00007f6b5761a0b0 EFL:0000000000010202
CSGSFS:002b000000000033
3459012:M 06 Jan 2024 12:40:36.296 # (00007ffd9260d087) -> 00005593e80212f0
3459012:M 06 Jan 2024 12:40:36.296 # (00007ffd9260d086) -> 00007f6b5744e125
3459012:M 06 Jan 2024 12:40:36.296 # (00007ffd9260d085) -> 0000000000000002
3459012:M 06 Jan 2024 12:40:36.296 # (00007ffd9260d084) -> 00007f6b574ad46b
3459012:M 06 Jan 2024 12:40:36.296 # (00007ffd9260d083) -> 00005593e80213b0
3459012:M 06 Jan 2024 12:40:36.296 # (00007ffd9260d082) -> 000000009260d170
3459012:M 06 Jan 2024 12:40:36.296 # (00007ffd9260d081) -> 00005593e804b440
3459012:M 06 Jan 2024 12:40:36.296 # (00007ffd9260d080) -> 00007f6b5636e389
3459012:M 06 Jan 2024 12:40:36.296 # (00007ffd9260d07f) -> 00005593e80212f0
3459012:M 06 Jan 2024 12:40:36.296 # (00007ffd9260d07e) -> 00007f6b559e3486
3459012:M 06 Jan 2024 12:40:36.296 # (00007ffd9260d07d) -> 00005593e804b440
3459012:M 06 Jan 2024 12:40:36.296 # (00007ffd9260d07c) -> 00005593e80212f0
3459012:M 06 Jan 2024 12:40:36.296 # (00007ffd9260d07b) -> 00007ffd9260d170
3459012:M 06 Jan 2024 12:40:36.296 # (00007ffd9260d07a) -> 00007f6b559e408a
3459012:M 06 Jan 2024 12:40:36.296 # (00007ffd9260d079) -> 00005593e80212f0
3459012:M 06 Jan 2024 12:40:36.296 # (00007ffd9260d078) -> 00007f6b55a3df49

------ INFO OUTPUT ------
# Server
redis_version:255.255.255
redis_git_sha1:e04ebdb8
redis_git_dirty:1
redis_build_id:1f78dcc7b4fbdd25
redis_mode:standalone
os:Linux 6.1.60.1.amd64-smp x86_64
arch_bits:64
monotonic_clock:POSIX clock_gettime
multiplexing_api:epoll
atomicvar_api:c11-builtin
gcc_version:10.2.1
process_id:3459012
process_supervised:no
run_id:4034c2f9a850db945ca363dd4d86c02a437e8502
tcp_port:5093
server_time_usec:1704541236295322
uptime_in_seconds:1
uptime_in_days:0
hz:10
configured_hz:10
lru_clock:10042420
executable:/home/snagendra/Fuzzing/redis/src/redis-server
config_file:
io_threads_active:0
listener0:name=tcp,bind=0.0.0.0,port=5093

# Clients
connected_clients:0
cluster_connections:0
maxclients:10000
client_recent_max_input_buffer:20480
client_recent_max_output_buffer:0
blocked_clients:0
tracking_clients:0
clients_in_timeout_table:0
total_blocking_keys:0
total_blocking_keys_on_nokey:0

# Memory
used_memory:1805576
used_memory_human:1.72M
used_memory_rss:18247680
used_memory_rss_human:17.40M
used_memory_peak:1842112
used_memory_peak_human:1.76M
used_memory_peak_perc:98.02%
used_memory_overhead:1746896
used_memory_startup:1746640
used_memory_dataset:58680
used_memory_dataset_perc:99.57%
allocator_allocated:2437320
allocator_active:3067904
allocator_resident:11464704
total_system_memory:270388695040
total_system_memory_human:251.82G
used_memory_lua:31744
used_memory_vm_eval:31744
used_memory_lua_human:31.00K
used_memory_scripts_eval:0
number_of_cached_scripts:0
number_of_functions:0
number_of_libraries:0
used_memory_vm_functions:32768
used_memory_vm_total:64512
used_memory_vm_total_human:63.00K
used_memory_functions:184
used_memory_scripts:184
used_memory_scripts_human:184B
maxmemory:0
maxmemory_human:0B
maxmemory_policy:noeviction
allocator_frag_ratio:1.26
allocator_frag_bytes:630584
allocator_rss_ratio:3.74
allocator_rss_bytes:8396800
rss_overhead_ratio:1.59
rss_overhead_bytes:6782976
mem_fragmentation_ratio:9.91
mem_fragmentation_bytes:16405784
mem_not_counted_for_evict:0
mem_replication_backlog:0
mem_total_replication_buffers:0
mem_clients_slaves:0
mem_clients_normal:0
mem_cluster_links:0
mem_aof_buffer:0
mem_allocator:jemalloc-5.3.0
active_defrag_running:0
lazyfree_pending_objects:0
lazyfreed_objects:0

# Persistence
loading:0
async_loading:0
current_cow_peak:0
current_cow_size:0
current_cow_size_age:0
current_fork_perc:0.00
current_save_keys_processed:0
current_save_keys_total:0
rdb_changes_since_last_save:1
rdb_bgsave_in_progress:0
rdb_last_save_time:1704541235
rdb_last_bgsave_status:ok
rdb_last_bgsave_time_sec:-1
rdb_current_bgsave_time_sec:-1
rdb_saves:0
rdb_last_cow_size:0
rdb_last_load_keys_expired:0
rdb_last_load_keys_loaded:0
aof_enabled:0
aof_rewrite_in_progress:0
aof_rewrite_scheduled:0
aof_last_rewrite_time_sec:-1
aof_current_rewrite_time_sec:-1
aof_last_bgrewrite_status:ok
aof_rewrites:0
aof_rewrites_consecutive_failures:0
aof_last_write_status:ok
aof_last_cow_size:0
module_fork_in_progress:0
module_fork_last_cow_size:0

# Stats
total_connections_received:1
total_commands_processed:8
instantaneous_ops_per_sec:26
total_net_input_bytes:33
total_net_output_bytes:5
total_net_repl_input_bytes:0
total_net_repl_output_bytes:0
instantaneous_input_kbps:0.02
instantaneous_output_kbps:0.00
instantaneous_input_repl_kbps:0.00
instantaneous_output_repl_kbps:0.00
rejected_connections:0
sync_full:0
sync_partial_ok:0
sync_partial_err:0
expired_keys:0
expired_stale_perc:0.00
expired_time_cap_reached_count:0
expire_cycle_cpu_milliseconds:0
evicted_keys:0
evicted_clients:0
total_eviction_exceeded_time:0
current_eviction_exceeded_time:0
keyspace_hits:0
keyspace_misses:0
pubsub_channels:0
pubsub_patterns:0
pubsubshard_channels:0
latest_fork_usec:0
total_forks:0
migrate_cached_sockets:0
slave_expires_tracked_keys:0
active_defrag_hits:0
active_defrag_misses:0
active_defrag_key_hits:0
active_defrag_key_misses:0
total_active_defrag_time:0
current_active_defrag_time:0
tracking_total_keys:0
tracking_total_items:0
tracking_total_prefixes:0
unexpected_error_replies:0
total_error_replies:0
dump_payload_sanitizations:0
total_reads_processed:2
total_writes_processed:1
io_threaded_reads_processed:0
io_threaded_writes_processed:0
reply_buffer_shrinks:1
reply_buffer_expands:0
acl_access_denied_auth:0
acl_access_denied_cmd:0
acl_access_denied_key:0
acl_access_denied_channel:0

# Replication
role:master
connected_slaves:0
master_failover_state:no-failover
master_replid:1df997263d960ef6b462d459b27de58948cdac79
master_replid2:0000000000000000000000000000000000000000
master_repl_offset:0
second_repl_offset:-1
repl_backlog_active:0
repl_backlog_size:1048576
repl_backlog_first_byte_offset:0
repl_backlog_histlen:0

# CPU
used_cpu_sys:0.009268
used_cpu_user:0.037073
used_cpu_sys_children:0.000000
used_cpu_user_children:0.000000
used_cpu_sys_main_thread:0.000000
used_cpu_user_main_thread:0.019031

# Modules
module:name=raft,ver=1,api=1,filters=1,usedby=[],using=[],options=[]

# Commandstats
cmdstat_auth:calls=1,usec=2,usec_per_call=2.00,rejected_calls=0,failed_calls=0
cmdstat_config|get:calls=3,usec=4,usec_per_call=1.33,rejected_calls=0,failed_calls=0
cmdstat_config|set:calls=1,usec=10,usec_per_call=10.00,rejected_calls=0,failed_calls=0
cmdstat_incr:calls=1,usec=9,usec_per_call=9.00,rejected_calls=0,failed_calls=0
cmdstat_command:calls=2,usec=1434,usec_per_call=717.00,rejected_calls=0,failed_calls=0

# Errorstats

# Latencystats
latency_percentiles_usec_auth:p50=2.007,p99=2.007,p99.9=2.007
latency_percentiles_usec_config|get:p50=2.007,p99=2.007,p99.9=2.007
latency_percentiles_usec_config|set:p50=10.047,p99=10.047,p99.9=10.047
latency_percentiles_usec_incr:p50=9.023,p99=9.023,p99.9=9.023
latency_percentiles_usec_command:p50=684.031,p99=757.759,p99.9=757.759

# Cluster
cluster_enabled:0

# Keyspace
db0:keys=1,expires=0,avg_ttl=0

------ CLIENT LIST OUTPUT ------

------ MODULES INFO OUTPUT ------
# raft_version
raft_version:255.255.255
raft_git_sha1:b779b199

# raft_general
raft_dbid:cdf42f8579f40de47c44b8289ca9a989
raft_node_id:3
raft_state:up
raft_role:pre-candidate
raft_is_voting:yes
raft_voted_for:-1
raft_leader_id:-1
raft_current_term:1
raft_num_nodes:3
raft_num_voting_nodes:2
raft_node1:id=1,state=disconnected,voting=yes,addr=localhost,port=5091,last_conn_secs=0,conn_errors=1,conn_oks=1
raft_node2:id=2,state=connected,voting=no,addr=localhost,port=5092,last_conn_secs=0,conn_errors=3,conn_oks=1

# raft_log
raft_log_entries:6
raft_current_index:6
raft_commit_index:5
raft_last_applied_index:5
raft_file_size:1637
raft_cache_memory_size:0
raft_cache_entries:0
raft_client_attached_entries:0
raft_fsync_count:0
raft_fsync_max_microseconds:0
raft_entry1:term=1,id=0,data_len=0
raft_entry2:term=1,id=1648204330,data_len=264
raft_entry3:term=1,id=855822008,data_len=264
raft_entry4:term=1,id=1884428511,data_len=264
raft_entry5:term=1,id=581772882,data_len=35
raft_fsync_avg_microseconds:0

# raft_snapshot
raft_snapshot_filename:redis3.rdb
raft_snapshot_last_idx:0
raft_snapshot_last_term:0
raft_snapshot_size:0
raft_snapshot_time_secs:-1
raft_snapshots_created:0
raft_snapshots_received:0
raft_snapshot_in_progress:no
raft_snapshot_in_progress_last_idx:-1
raft_snapshot_in_progress_last_term:-1

# raft_clients
raft_proxy_reqs:0
raft_proxy_failed_reqs:0
raft_proxy_failed_responses:0
raft_proxy_outstanding_reqs:0

# raft_stats
raft_appendreq_received:0
raft_appendreq_with_entry_received:0
raft_snapshotreq_received:0
raft_exec_throttled:0
raft_num_sessions:0

------ CONFIG DEBUG OUTPUT ------
lazyfree-lazy-user-flush no
slave-read-only yes
repl-diskless-sync yes
io-threads 1
list-compress-depth 0
repl-diskless-load disabled
replica-read-only yes
sanitize-dump-payload no
io-threads-do-reads no
proto-max-bulk-len 512mb
lazyfree-lazy-server-del no
activedefrag no
lazyfree-lazy-expire no
lazyfree-lazy-user-del no
client-query-buffer-limit 1gb
lazyfree-lazy-eviction no

------ FAST MEMORY TEST ------
3459012:M 06 Jan 2024 12:40:36.296 # Bio worker thread #0 terminated
3459012:M 06 Jan 2024 12:40:36.296 # Bio worker thread #1 terminated
3459012:M 06 Jan 2024 12:40:36.296 # Bio worker thread #2 terminated
*** Preparing to test memory region 5593e7496000 (2273280 bytes)
*** Preparing to test memory region 5593e7ff5000 (405504 bytes)
*** Preparing to test memory region 7f6b24000000 (135168 bytes)
*** Preparing to test memory region 7f6b28000000 (135168 bytes)
*** Preparing to test memory region 7f6b2c000000 (135168 bytes)
*** Preparing to test memory region 7f6b30000000 (135168 bytes)
*** Preparing to test memory region 7f6b34000000 (135168 bytes)
*** Preparing to test memory region 7f6b38000000 (135168 bytes)
*** Preparing to test memory region 7f6b3c000000 (135168 bytes)
*** Preparing to test memory region 7f6b42a00000 (4194304 bytes)
*** Preparing to test memory region 7f6b42fff000 (8388608 bytes)
*** Preparing to test memory region 7f6b43800000 (8388608 bytes)
*** Preparing to test memory region 7f6b44000000 (135168 bytes)
*** Preparing to test memory region 7f6b48000000 (12582912 bytes)
*** Preparing to test memory region 7f6b48e00000 (8388608 bytes)
*** Preparing to test memory region 7f6b49600000 (2097152 bytes)
*** Preparing to test memory region 7f6b49a00000 (8388608 bytes)
*** Preparing to test memory region 7f6b4a200000 (4194304 bytes)
*** Preparing to test memory region 7f6b4a7ff000 (8388608 bytes)
*** Preparing to test memory region 7f6b4b000000 (8388608 bytes)
*** Preparing to test memory region 7f6b4b800000 (6291456 bytes)
*** Preparing to test memory region 7f6b4bff9000 (8388608 bytes)
*** Preparing to test memory region 7f6b4c7fa000 (8388608 bytes)
*** Preparing to test memory region 7f6b4cffb000 (8388608 bytes)
*** Preparing to test memory region 7f6b4d7fc000 (8388608 bytes)
*** Preparing to test memory region 7f6b4dffd000 (8388608 bytes)
*** Preparing to test memory region 7f6b4e7fe000 (8388608 bytes)
*** Preparing to test memory region 7f6b4efff000 (8388608 bytes)
*** Preparing to test memory region 7f6b4f800000 (8388608 bytes)
*** Preparing to test memory region 7f6b50000000 (135168 bytes)
*** Preparing to test memory region 7f6b540b6000 (2097152 bytes)
*** Preparing to test memory region 7f6b542ec000 (8388608 bytes)
*** Preparing to test memory region 7f6b54aed000 (8388608 bytes)
*** Preparing to test memory region 7f6b552ed000 (2621440 bytes)
*** Preparing to test memory region 7f6b5557c000 (8192 bytes)
*** Preparing to test memory region 7f6b55c7f000 (12288 bytes)
*** Preparing to test memory region 7f6b56218000 (16384 bytes)
*** Preparing to test memory region 7f6b5629e000 (8192 bytes)
*** Preparing to test memory region 7f6b56c00000 (8388608 bytes)
*** Preparing to test memory region 7f6b5742b000 (4096 bytes)
*** Preparing to test memory region 7f6b574fc000 (8192 bytes)
*** Preparing to test memory region 7f6b57580000 (45056 bytes)
*** Preparing to test memory region 7f6b5775f000 (53248 bytes)
*** Preparing to test memory region 7f6b5787c000 (8192 bytes)
.O.O.O.O.3459455:C 06 Jan 2024 12:40:36.585 # WARNING Memory overcommit must be enabled! Without it, a background save or replication may fail under low memory condition. Being disabled, it can also cause failures without low memory condition, see https://github.com/jemalloc/jemalloc/issues/1328. To fix this issue add 'vm.overcommit_memory = 1' to /etc/sysctl.conf and then reboot or run the command 'sysctl vm.overcommit_memory=1' for this to take effect.
3459455:C 06 Jan 2024 12:40:36.585 * oO0OoO0OoO0Oo Redis is starting oO0OoO0OoO0Oo
3459455:C 06 Jan 2024 12:40:36.585 * Redis version=255.255.255, bits=64, commit=e04ebdb8, modified=1, pid=3459455, just started
3459455:C 06 Jan 2024 12:40:36.585 * Configuration loaded
3459455:M 06 Jan 2024 12:40:36.586 * monotonic clock: POSIX clock_gettime
3459455:M 06 Jan 2024 12:40:36.586 * Running mode=standalone, port=5093.
3459455:M 06 Jan 2024 12:40:36.592 * <raft> RedisRaft version 255.255.255 [b779b199]
3459455:M 06 Jan 2024 12:40:36.597 * <raft> Initializing test network
3459455:M 06 Jan 2024 12:40:36.598 * <raft> Created test network client
3459455:M 06 Jan 2024 12:40:36.602 * <raft> Raft module loaded, state is 'loading'
3459455:M 06 Jan 2024 12:40:36.602 * Module 'raft' loaded from /home/snagendra/Fuzzing/redisraft-fuzzing/redisraft.so
3459455:M 06 Jan 2024 12:40:36.602 * Server initialized
3459455:M 06 Jan 2024 12:40:36.602 . The AOF directory appendonlydir doesn't exist
3459455:M 06 Jan 2024 12:40:36.602 * Ready to accept connections tcp
3459455:M 06 Jan 2024 12:40:36.602 . 0 clients connected (0 replicas), 1746720 bytes in use
3459455:M 06 Jan 2024 12:40:36.651 - Accepted 127.0.0.1:37030
3459455:M 06 Jan 2024 12:40:36.651 # Missing implement of connection type tls
3459455:M 06 Jan 2024 12:40:36.702 * <raft> Loading: Redis loading complete, snapshot NOT LOADED
3459455:M 06 Jan 2024 12:40:36.703 * <raft> Cluster Membership: term:0 index:0 nodes: id=3,voting=0,active=1,addr=-
3459455:M 06 Jan 2024 12:40:36.703 * <raft> Test network starting message polling thread
3459455:M 06 Jan 2024 12:40:36.703 * <raft> Cluster Membership: term:0 index:6 nodes: id=3,voting=0,active=1,addr=- id=1,voting=1,active=1,addr=localhost:5091
3459455:M 06 Jan 2024 12:40:36.704 * <raft> Cluster Membership: term:0 index:6 nodes: id=3,voting=0,active=1,addr=- id=1,voting=1,active=1,addr=localhost:5091 id=2,voting=0,active=1,addr=localhost:5092
3459455:M 06 Jan 2024 12:40:36.704 * <raft> Raft state after loading log: log_count=6, first_idx=1, current_idx=6, last_applied_idx=0
3459455:M 06 Jan 2024 12:40:36.704 . <raft> Raft term=1, vote=-1
3459455:M 06 Jan 2024 12:40:36.715 - Client closed connection id=8 addr=127.0.0.1:37030 laddr=127.0.0.1:5093 fd=11 name= age=0 idle=0 flags=N db=0 sub=0 psub=0 ssub=0 multi=-1 qbuf=0 qbuf-free=20474 argv-mem=0 multi-mem=0 rbs=16384 rbp=0 obl=0 oll=0 omem=0 tot-mem=37760 events=r cmd=auth user=default redir=-1 resp=2 lib-name= lib-ver=
3459455:signal-handler (1704541236) Received SIGINT scheduling shutdown...
3459455:signal-handler (1704541236) You insist... exiting now.

----- Stderr -----
libgcov profiling error:/home/snagendra/Fuzzing/redisraft-fuzzing/build/deps/raft/CMakeFiles/raft.dir/src/raft_server_properties.c.gcda:Merge mismatch for function 1
libgcov profiling error:/home/snagendra/Fuzzing/redisraft-fuzzing/build/deps/raft/CMakeFiles/raft.dir/src/raft_server.c.gcda:Merge mismatch for function 47
libgcov profiling error:/home/snagendra/Fuzzing/redisraft-fuzzing/build/deps/raft/CMakeFiles/raft.dir/src/raft_server_properties.c.gcda:Merge mismatch for function 1
libgcov profiling error:/home/snagendra/Fuzzing/redisraft-fuzzing/build/deps/raft/CMakeFiles/raft.dir/src/raft_server.c.gcda:Merge mismatch for function 47
libgcov profiling error:/home/snagendra/Fuzzing/redisraft-fuzzing/build/deps/raft/CMakeFiles/raft.dir/src/raft_server_properties.c.gcda:Merge mismatch for function 1
libgcov profiling error:/home/snagendra/Fuzzing/redisraft-fuzzing/build/deps/raft/CMakeFiles/raft.dir/src/raft_server.c.gcda:Merge mismatch for function 47



