logs for node: 1

----- Stdout -----
19377:C 06 Jan 2024 10:34:35.614 # WARNING Memory overcommit must be enabled! Without it, a background save or replication may fail under low memory condition. Being disabled, it can also cause failures without low memory condition, see https://github.com/jemalloc/jemalloc/issues/1328. To fix this issue add 'vm.overcommit_memory = 1' to /etc/sysctl.conf and then reboot or run the command 'sysctl vm.overcommit_memory=1' for this to take effect.
19377:C 06 Jan 2024 10:34:35.614 * oO0OoO0OoO0Oo Redis is starting oO0OoO0OoO0Oo
19377:C 06 Jan 2024 10:34:35.614 * Redis version=255.255.255, bits=64, commit=e04ebdb8, modified=1, pid=19377, just started
19377:C 06 Jan 2024 10:34:35.614 * Configuration loaded
19377:M 06 Jan 2024 10:34:35.614 * monotonic clock: POSIX clock_gettime
19377:M 06 Jan 2024 10:34:35.615 * Running mode=standalone, port=5011.
19377:M 06 Jan 2024 10:34:35.622 * <raft> RedisRaft version 255.255.255 [b779b199]
19377:M 06 Jan 2024 10:34:35.626 * <raft> Initializing test network
19377:M 06 Jan 2024 10:34:35.627 * <raft> Created test network client
19377:M 06 Jan 2024 10:34:35.628 * <raft> Raft module loaded, state is 'uninitialized'
19377:M 06 Jan 2024 10:34:35.628 * Module 'raft' loaded from /home/snagendra/Fuzzing/redisraft-fuzzing/redisraft.so
19377:M 06 Jan 2024 10:34:35.628 * Server initialized
19377:M 06 Jan 2024 10:34:35.629 . The AOF directory appendonlydir doesn't exist
19377:M 06 Jan 2024 10:34:35.629 * Ready to accept connections tcp
19377:M 06 Jan 2024 10:34:35.629 . 0 clients connected (0 replicas), 1726128 bytes in use
19377:M 06 Jan 2024 10:34:35.642 - Accepted 127.0.0.1:41176
19377:M 06 Jan 2024 10:34:35.642 # Missing implement of connection type tls
19377:M 06 Jan 2024 10:34:35.651 * <raft> Cluster Membership: term:0 index:0 nodes: id=1,voting=0,active=1,addr=-
19377:M 06 Jan 2024 10:34:35.657 * <raft> State change: Node is now a leader, term 1
19377:M 06 Jan 2024 10:34:35.657 * <raft> Cluster Membership: term:1 index:1 nodes: id=1,voting=0,active=1,addr=-
19377:M 06 Jan 2024 10:34:35.658 * <raft> Test network starting message polling thread
19377:M 06 Jan 2024 10:34:35.658 * <raft> Raft Cluster initialized, node id: 1, dbid: 7e00b13388d1a5d280900ba0a125e792
19377:M 06 Jan 2024 10:34:35.775 - Accepted 127.0.0.1:41182
19377:M 06 Jan 2024 10:34:35.776 * <raft> Cluster Membership: term:1 index:3 nodes: id=1,voting=1,active=1,addr=- id=2,voting=0,active=1,addr=localhost:5012
19377:M 06 Jan 2024 10:34:35.784 - Client closed connection id=9 addr=127.0.0.1:41182 laddr=127.0.0.1:5011 fd=12 name= age=0 idle=0 flags=N db=0 sub=0 psub=0 ssub=0 multi=-1 qbuf=0 qbuf-free=20474 argv-mem=0 multi-mem=0 rbs=16384 rbp=16384 obl=0 oll=0 omem=0 tot-mem=37760 events=r cmd=raft.node user=default redir=-1 resp=2 lib-name= lib-ver=
19377:M 06 Jan 2024 10:34:35.902 - Accepted 127.0.0.1:41190
19377:M 06 Jan 2024 10:34:35.902 * <raft> Cluster Membership: term:1 index:4 nodes: id=1,voting=1,active=1,addr=- id=2,voting=0,active=1,addr=localhost:5012 id=3,voting=0,active=1,addr=localhost:5013
19377:M 06 Jan 2024 10:34:35.909 - Client closed connection id=10 addr=127.0.0.1:41190 laddr=127.0.0.1:5011 fd=13 name= age=0 idle=0 flags=N db=0 sub=0 psub=0 ssub=0 multi=-1 qbuf=0 qbuf-free=20474 argv-mem=0 multi-mem=0 rbs=16384 rbp=16384 obl=0 oll=0 omem=0 tot-mem=37760 events=r cmd=raft.node user=default redir=-1 resp=2 lib-name= lib-ver=
19377:M 06 Jan 2024 10:34:35.976 - Accepted 127.0.0.1:41202
19377:M 06 Jan 2024 10:34:36.002 - Accepted 127.0.0.1:41218
19377:M 06 Jan 2024 10:34:36.171 - Client closed connection id=12 addr=127.0.0.1:41218 laddr=127.0.0.1:5011 fd=15 name= age=0 idle=0 flags=N db=0 sub=0 psub=0 ssub=0 multi=-1 qbuf=0 qbuf-free=20474 argv-mem=0 multi-mem=0 rbs=1024 rbp=0 obl=0 oll=0 omem=0 tot-mem=22400 events=r cmd=auth user=default redir=-1 resp=2 lib-name= lib-ver=
19377:M 06 Jan 2024 10:34:36.233 * <raft> node:3 has sufficient logs, adding as voting node.
19377:M 06 Jan 2024 10:34:36.494 - Client closed connection id=11 addr=127.0.0.1:41202 laddr=127.0.0.1:5011 fd=14 name= age=1 idle=1 flags=N db=0 sub=0 psub=0 ssub=0 multi=-1 qbuf=0 qbuf-free=20474 argv-mem=0 multi-mem=0 rbs=1024 rbp=0 obl=0 oll=0 omem=0 tot-mem=22400 events=r cmd=auth user=default redir=-1 resp=2 lib-name= lib-ver=
19377:M 06 Jan 2024 10:34:36.922 - Accepted 127.0.0.1:41234
19377:M 06 Jan 2024 10:34:36.935 * <raft> State change: Node is now a follower, term 1
19377:M 06 Jan 2024 10:34:36.935 * <raft> Cluster Membership: term:1 index:6 nodes: id=1,voting=1,active=1,addr=- id=2,voting=0,active=1,addr=localhost:5012 id=3,voting=1,active=1,addr=localhost:5013
19377:signal-handler (1704533676) Received SIGINT scheduling shutdown...
20183:C 06 Jan 2024 10:34:37.908 # WARNING Memory overcommit must be enabled! Without it, a background save or replication may fail under low memory condition. Being disabled, it can also cause failures without low memory condition, see https://github.com/jemalloc/jemalloc/issues/1328. To fix this issue add 'vm.overcommit_memory = 1' to /etc/sysctl.conf and then reboot or run the command 'sysctl vm.overcommit_memory=1' for this to take effect.
20183:C 06 Jan 2024 10:34:37.908 * oO0OoO0OoO0Oo Redis is starting oO0OoO0OoO0Oo
20183:C 06 Jan 2024 10:34:37.908 * Redis version=255.255.255, bits=64, commit=e04ebdb8, modified=1, pid=20183, just started
20183:C 06 Jan 2024 10:34:37.908 * Configuration loaded
20183:M 06 Jan 2024 10:34:37.909 * monotonic clock: POSIX clock_gettime
20183:M 06 Jan 2024 10:34:37.909 * Running mode=standalone, port=5011.
20183:M 06 Jan 2024 10:34:37.916 * <raft> RedisRaft version 255.255.255 [b779b199]
20183:M 06 Jan 2024 10:34:37.921 * <raft> Initializing test network
20183:M 06 Jan 2024 10:34:37.921 * <raft> Created test network client
20183:M 06 Jan 2024 10:34:37.924 * <raft> Raft module loaded, state is 'loading'
20183:M 06 Jan 2024 10:34:37.924 * Module 'raft' loaded from /home/snagendra/Fuzzing/redisraft-fuzzing/redisraft.so
20183:M 06 Jan 2024 10:34:37.925 * Server initialized
20183:M 06 Jan 2024 10:34:37.925 . The AOF directory appendonlydir doesn't exist
20183:M 06 Jan 2024 10:34:37.925 * Ready to accept connections tcp
20183:M 06 Jan 2024 10:34:37.925 . 0 clients connected (0 replicas), 1746656 bytes in use
20183:M 06 Jan 2024 10:34:38.025 * <raft> Loading: Redis loading complete, snapshot NOT LOADED
20183:M 06 Jan 2024 10:34:38.025 * <raft> Cluster Membership: term:0 index:0 nodes: id=1,voting=0,active=1,addr=-
20183:M 06 Jan 2024 10:34:38.026 * <raft> Test network starting message polling thread
20183:M 06 Jan 2024 10:34:38.026 * <raft> Cluster Membership: term:0 index:6 nodes: id=1,voting=1,active=1,addr=- id=2,voting=0,active=1,addr=localhost:5012
20183:M 06 Jan 2024 10:34:38.026 * <raft> Cluster Membership: term:0 index:6 nodes: id=1,voting=1,active=1,addr=- id=2,voting=0,active=1,addr=localhost:5012 id=3,voting=0,active=1,addr=localhost:5013
20183:M 06 Jan 2024 10:34:38.026 * <raft> Raft state after loading log: log_count=6, first_idx=1, current_idx=6, last_applied_idx=0
20183:M 06 Jan 2024 10:34:38.026 . <raft> Raft term=1, vote=-1
20183:M 06 Jan 2024 10:34:38.327 * <raft> State change: Election starting, node is now a pre-candidate, term 1
20183:M 06 Jan 2024 10:34:38.327 * <raft> Cluster Membership: term:1 index:6 nodes: id=1,voting=1,active=1,addr=- id=2,voting=0,active=1,addr=localhost:5012 id=3,voting=1,active=1,addr=localhost:5013
20183:signal-handler (1704533678) Received SIGINT scheduling shutdown...
20183:signal-handler (1704533678) You insist... exiting now.
20675:C 06 Jan 2024 10:34:38.765 # WARNING Memory overcommit must be enabled! Without it, a background save or replication may fail under low memory condition. Being disabled, it can also cause failures without low memory condition, see https://github.com/jemalloc/jemalloc/issues/1328. To fix this issue add 'vm.overcommit_memory = 1' to /etc/sysctl.conf and then reboot or run the command 'sysctl vm.overcommit_memory=1' for this to take effect.
20675:C 06 Jan 2024 10:34:38.765 * oO0OoO0OoO0Oo Redis is starting oO0OoO0OoO0Oo
20675:C 06 Jan 2024 10:34:38.765 * Redis version=255.255.255, bits=64, commit=e04ebdb8, modified=1, pid=20675, just started
20675:C 06 Jan 2024 10:34:38.765 * Configuration loaded
20675:M 06 Jan 2024 10:34:38.766 * monotonic clock: POSIX clock_gettime
20675:M 06 Jan 2024 10:34:38.766 * Running mode=standalone, port=5011.
20675:M 06 Jan 2024 10:34:38.773 * <raft> RedisRaft version 255.255.255 [b779b199]
20675:M 06 Jan 2024 10:34:38.777 * <raft> Initializing test network
20675:M 06 Jan 2024 10:34:38.778 * <raft> Created test network client
20675:M 06 Jan 2024 10:34:38.782 * <raft> Raft module loaded, state is 'loading'
20675:M 06 Jan 2024 10:34:38.782 * Module 'raft' loaded from /home/snagendra/Fuzzing/redisraft-fuzzing/redisraft.so
20675:M 06 Jan 2024 10:34:38.783 * Server initialized
20675:M 06 Jan 2024 10:34:38.783 . The AOF directory appendonlydir doesn't exist
20675:M 06 Jan 2024 10:34:38.783 * Ready to accept connections tcp
20675:M 06 Jan 2024 10:34:38.783 . 0 clients connected (0 replicas), 1746656 bytes in use
20675:M 06 Jan 2024 10:34:38.791 - Accepted 127.0.0.1:41318
20675:M 06 Jan 2024 10:34:38.791 # Missing implement of connection type tls
20675:M 06 Jan 2024 10:34:38.883 * <raft> Loading: Redis loading complete, snapshot NOT LOADED
20675:M 06 Jan 2024 10:34:38.883 * <raft> Cluster Membership: term:0 index:0 nodes: id=1,voting=0,active=1,addr=-
20675:M 06 Jan 2024 10:34:38.883 * <raft> Test network starting message polling thread
20675:M 06 Jan 2024 10:34:38.884 * <raft> Cluster Membership: term:0 index:6 nodes: id=1,voting=1,active=1,addr=- id=2,voting=0,active=1,addr=localhost:5012
20675:M 06 Jan 2024 10:34:38.884 * <raft> Cluster Membership: term:0 index:6 nodes: id=1,voting=1,active=1,addr=- id=2,voting=0,active=1,addr=localhost:5012 id=3,voting=0,active=1,addr=localhost:5013
20675:M 06 Jan 2024 10:34:38.884 * <raft> Raft state after loading log: log_count=6, first_idx=1, current_idx=6, last_applied_idx=0
20675:M 06 Jan 2024 10:34:38.884 . <raft> Raft term=1, vote=-1
20675:M 06 Jan 2024 10:34:38.944 - Accepted 127.0.0.1:41324
20675:M 06 Jan 2024 10:34:39.068 - Accepted 127.0.0.1:41326
20675:signal-handler (1704533679) Received SIGINT scheduling shutdown...
20675:signal-handler (1704533679) You insist... exiting now.

----- Stderr -----




logs for node: 2

----- Stdout -----
19396:C 06 Jan 2024 10:34:35.660 # WARNING Memory overcommit must be enabled! Without it, a background save or replication may fail under low memory condition. Being disabled, it can also cause failures without low memory condition, see https://github.com/jemalloc/jemalloc/issues/1328. To fix this issue add 'vm.overcommit_memory = 1' to /etc/sysctl.conf and then reboot or run the command 'sysctl vm.overcommit_memory=1' for this to take effect.
19396:C 06 Jan 2024 10:34:35.660 * oO0OoO0OoO0Oo Redis is starting oO0OoO0OoO0Oo
19396:C 06 Jan 2024 10:34:35.660 * Redis version=255.255.255, bits=64, commit=e04ebdb8, modified=1, pid=19396, just started
19396:C 06 Jan 2024 10:34:35.660 * Configuration loaded
19396:M 06 Jan 2024 10:34:35.661 * monotonic clock: POSIX clock_gettime
19396:M 06 Jan 2024 10:34:35.661 * Running mode=standalone, port=5012.
19396:M 06 Jan 2024 10:34:35.668 * <raft> RedisRaft version 255.255.255 [b779b199]
19396:M 06 Jan 2024 10:34:35.673 * <raft> Initializing test network
19396:M 06 Jan 2024 10:34:35.673 * <raft> Created test network client
19396:M 06 Jan 2024 10:34:35.674 * <raft> Raft module loaded, state is 'uninitialized'
19396:M 06 Jan 2024 10:34:35.674 * Module 'raft' loaded from /home/snagendra/Fuzzing/redisraft-fuzzing/redisraft.so
19396:M 06 Jan 2024 10:34:35.675 * Server initialized
19396:M 06 Jan 2024 10:34:35.675 . The AOF directory appendonlydir doesn't exist
19396:M 06 Jan 2024 10:34:35.675 * Ready to accept connections tcp
19396:M 06 Jan 2024 10:34:35.675 . 0 clients connected (0 replicas), 1726160 bytes in use
19396:M 06 Jan 2024 10:34:35.682 - Accepted 127.0.0.1:35374
19396:M 06 Jan 2024 10:34:35.682 # Missing implement of connection type tls
19396:M 06 Jan 2024 10:34:35.775 - <raft> join cluster, connecting to localhost:5011
19396:M 06 Jan 2024 10:34:35.777 * <raft> Joined Raft cluster, node id: 2, dbid: 7e00b13388d1a5d280900ba0a125e792
19396:M 06 Jan 2024 10:34:35.783 * <raft> Cluster Membership: term:0 index:0 nodes: id=2,voting=0,active=1,addr=-
19396:M 06 Jan 2024 10:34:35.783 * <raft> Test network starting message polling thread
19396:M 06 Jan 2024 10:34:35.830 - Accepted 127.0.0.1:35378
19396:M 06 Jan 2024 10:34:35.948 * <raft> Cluster Membership: term:1 index:2 nodes: id=2,voting=0,active=1,addr=- id=1,voting=1,active=1,addr=localhost:5011
19396:M 06 Jan 2024 10:34:36.002 - Accepted 127.0.0.1:35384
19396:M 06 Jan 2024 10:34:36.171 - Client closed connection id=10 addr=127.0.0.1:35384 laddr=127.0.0.1:5012 fd=14 name= age=0 idle=0 flags=N db=0 sub=0 psub=0 ssub=0 multi=-1 qbuf=0 qbuf-free=20474 argv-mem=0 multi-mem=0 rbs=16384 rbp=0 obl=0 oll=0 omem=0 tot-mem=37760 events=r cmd=auth user=default redir=-1 resp=2 lib-name= lib-ver=
19396:M 06 Jan 2024 10:34:36.178 * <raft> State change: Election starting, node is now a pre-candidate, term 1
19396:M 06 Jan 2024 10:34:36.178 * <raft> Cluster Membership: term:1 index:3 nodes: id=2,voting=0,active=1,addr=- id=1,voting=1,active=1,addr=localhost:5011
19396:signal-handler (1704533676) Received SIGINT scheduling shutdown...
19396:signal-handler (1704533676) You insist... exiting now.
20552:C 06 Jan 2024 10:34:38.567 # WARNING Memory overcommit must be enabled! Without it, a background save or replication may fail under low memory condition. Being disabled, it can also cause failures without low memory condition, see https://github.com/jemalloc/jemalloc/issues/1328. To fix this issue add 'vm.overcommit_memory = 1' to /etc/sysctl.conf and then reboot or run the command 'sysctl vm.overcommit_memory=1' for this to take effect.
20552:C 06 Jan 2024 10:34:38.567 * oO0OoO0OoO0Oo Redis is starting oO0OoO0OoO0Oo
20552:C 06 Jan 2024 10:34:38.567 * Redis version=255.255.255, bits=64, commit=e04ebdb8, modified=1, pid=20552, just started
20552:C 06 Jan 2024 10:34:38.567 * Configuration loaded
20552:M 06 Jan 2024 10:34:38.567 * monotonic clock: POSIX clock_gettime
20552:M 06 Jan 2024 10:34:38.567 * Running mode=standalone, port=5012.
20552:M 06 Jan 2024 10:34:38.574 * <raft> RedisRaft version 255.255.255 [b779b199]
20552:M 06 Jan 2024 10:34:38.578 * <raft> Initializing test network
20552:M 06 Jan 2024 10:34:38.579 * <raft> Created test network client
20552:M 06 Jan 2024 10:34:38.581 * <raft> Raft module loaded, state is 'loading'
20552:M 06 Jan 2024 10:34:38.582 * Module 'raft' loaded from /home/snagendra/Fuzzing/redisraft-fuzzing/redisraft.so
20552:M 06 Jan 2024 10:34:38.582 * Server initialized
20552:M 06 Jan 2024 10:34:38.582 . The AOF directory appendonlydir doesn't exist
20552:M 06 Jan 2024 10:34:38.582 * Ready to accept connections tcp
20552:M 06 Jan 2024 10:34:38.582 . 0 clients connected (0 replicas), 1746688 bytes in use
20552:signal-handler (1704533678) Received SIGINT scheduling shutdown...
20552:signal-handler (1704533678) You insist... exiting now.
20696:C 06 Jan 2024 10:34:38.826 # WARNING Memory overcommit must be enabled! Without it, a background save or replication may fail under low memory condition. Being disabled, it can also cause failures without low memory condition, see https://github.com/jemalloc/jemalloc/issues/1328. To fix this issue add 'vm.overcommit_memory = 1' to /etc/sysctl.conf and then reboot or run the command 'sysctl vm.overcommit_memory=1' for this to take effect.
20696:C 06 Jan 2024 10:34:38.826 * oO0OoO0OoO0Oo Redis is starting oO0OoO0OoO0Oo
20696:C 06 Jan 2024 10:34:38.826 * Redis version=255.255.255, bits=64, commit=e04ebdb8, modified=1, pid=20696, just started
20696:C 06 Jan 2024 10:34:38.826 * Configuration loaded
20696:M 06 Jan 2024 10:34:38.827 * monotonic clock: POSIX clock_gettime
20696:M 06 Jan 2024 10:34:38.827 * Running mode=standalone, port=5012.
20696:M 06 Jan 2024 10:34:38.834 * <raft> RedisRaft version 255.255.255 [b779b199]
20696:M 06 Jan 2024 10:34:38.839 * <raft> Initializing test network
20696:M 06 Jan 2024 10:34:38.839 * <raft> Created test network client
20696:M 06 Jan 2024 10:34:38.842 * <raft> Raft module loaded, state is 'loading'
20696:M 06 Jan 2024 10:34:38.842 * Module 'raft' loaded from /home/snagendra/Fuzzing/redisraft-fuzzing/redisraft.so
20696:M 06 Jan 2024 10:34:38.843 * Server initialized
20696:M 06 Jan 2024 10:34:38.843 . The AOF directory appendonlydir doesn't exist
20696:M 06 Jan 2024 10:34:38.843 * Ready to accept connections tcp
20696:M 06 Jan 2024 10:34:38.843 . 0 clients connected (0 replicas), 1746688 bytes in use
20696:M 06 Jan 2024 10:34:38.885 - Accepted 127.0.0.1:35520
20696:M 06 Jan 2024 10:34:38.885 # Missing implement of connection type tls
20696:M 06 Jan 2024 10:34:38.943 * <raft> Loading: Redis loading complete, snapshot NOT LOADED
20696:M 06 Jan 2024 10:34:38.943 * <raft> Cluster Membership: term:0 index:0 nodes: id=2,voting=0,active=1,addr=-
20696:M 06 Jan 2024 10:34:38.944 * <raft> Test network starting message polling thread
20696:M 06 Jan 2024 10:34:38.944 * <raft> Cluster Membership: term:0 index:3 nodes: id=2,voting=0,active=1,addr=- id=1,voting=1,active=1,addr=localhost:5011
20696:M 06 Jan 2024 10:34:38.944 * <raft> Raft state after loading log: log_count=3, first_idx=1, current_idx=3, last_applied_idx=0
20696:M 06 Jan 2024 10:34:38.944 . <raft> Raft term=1, vote=-1
20696:M 06 Jan 2024 10:34:39.068 - Accepted 127.0.0.1:35532
20696:M 06 Jan 2024 10:34:39.069 * <raft> Cluster Membership: term:1 index:4 nodes: id=2,voting=0,active=1,addr=- id=1,voting=1,active=1,addr=localhost:5011 id=3,voting=0,active=1,addr=localhost:5013
20696:M 06 Jan 2024 10:34:39.117 - Client closed connection id=8 addr=127.0.0.1:35520 laddr=127.0.0.1:5012 fd=11 name= age=1 idle=1 flags=N db=0 sub=0 psub=0 ssub=0 multi=-1 qbuf=0 qbuf-free=20474 argv-mem=0 multi-mem=0 rbs=1024 rbp=0 obl=0 oll=0 omem=0 tot-mem=22400 events=r cmd=auth user=default redir=-1 resp=2 lib-name= lib-ver=
20696:signal-handler (1704533679) Received SIGINT scheduling shutdown...
20696:signal-handler (1704533679) You insist... exiting now.

----- Stderr -----




logs for node: 3

----- Stdout -----
19463:C 06 Jan 2024 10:34:35.786 # WARNING Memory overcommit must be enabled! Without it, a background save or replication may fail under low memory condition. Being disabled, it can also cause failures without low memory condition, see https://github.com/jemalloc/jemalloc/issues/1328. To fix this issue add 'vm.overcommit_memory = 1' to /etc/sysctl.conf and then reboot or run the command 'sysctl vm.overcommit_memory=1' for this to take effect.
19463:C 06 Jan 2024 10:34:35.786 * oO0OoO0OoO0Oo Redis is starting oO0OoO0OoO0Oo
19463:C 06 Jan 2024 10:34:35.786 * Redis version=255.255.255, bits=64, commit=e04ebdb8, modified=1, pid=19463, just started
19463:C 06 Jan 2024 10:34:35.786 * Configuration loaded
19463:M 06 Jan 2024 10:34:35.787 * monotonic clock: POSIX clock_gettime
19463:M 06 Jan 2024 10:34:35.787 * Running mode=standalone, port=5013.
19463:M 06 Jan 2024 10:34:35.794 * <raft> RedisRaft version 255.255.255 [b779b199]
19463:M 06 Jan 2024 10:34:35.799 * <raft> Initializing test network
19463:M 06 Jan 2024 10:34:35.800 * <raft> Created test network client
19463:M 06 Jan 2024 10:34:35.801 * <raft> Raft module loaded, state is 'uninitialized'
19463:M 06 Jan 2024 10:34:35.801 * Module 'raft' loaded from /home/snagendra/Fuzzing/redisraft-fuzzing/redisraft.so
19463:M 06 Jan 2024 10:34:35.802 * Server initialized
19463:M 06 Jan 2024 10:34:35.802 . The AOF directory appendonlydir doesn't exist
19463:M 06 Jan 2024 10:34:35.803 * Ready to accept connections tcp
19463:M 06 Jan 2024 10:34:35.803 . 0 clients connected (0 replicas), 1726192 bytes in use
19463:M 06 Jan 2024 10:34:35.803 - Accepted 127.0.0.1:43950
19463:M 06 Jan 2024 10:34:35.803 # Missing implement of connection type tls
19463:M 06 Jan 2024 10:34:35.901 - <raft> join cluster, connecting to localhost:5011
19463:M 06 Jan 2024 10:34:35.903 * <raft> Joined Raft cluster, node id: 3, dbid: 7e00b13388d1a5d280900ba0a125e792
19463:M 06 Jan 2024 10:34:35.909 * <raft> Cluster Membership: term:0 index:0 nodes: id=3,voting=0,active=1,addr=-
19463:M 06 Jan 2024 10:34:35.909 * <raft> Test network starting message polling thread
19463:M 06 Jan 2024 10:34:35.920 * <raft> Cluster Membership: term:1 index:2 nodes: id=3,voting=0,active=1,addr=- id=1,voting=1,active=1,addr=localhost:5011
19463:M 06 Jan 2024 10:34:35.920 * <raft> Cluster Membership: term:1 index:3 nodes: id=3,voting=0,active=1,addr=- id=1,voting=1,active=1,addr=localhost:5011 id=2,voting=0,active=1,addr=localhost:5012
19463:M 06 Jan 2024 10:34:35.930 - Accepted 127.0.0.1:43966
19463:signal-handler (1704533676) Received SIGINT scheduling shutdown...
19463:signal-handler (1704533676) You insist... exiting now.
19744:C 06 Jan 2024 10:34:36.954 # WARNING Memory overcommit must be enabled! Without it, a background save or replication may fail under low memory condition. Being disabled, it can also cause failures without low memory condition, see https://github.com/jemalloc/jemalloc/issues/1328. To fix this issue add 'vm.overcommit_memory = 1' to /etc/sysctl.conf and then reboot or run the command 'sysctl vm.overcommit_memory=1' for this to take effect.
19744:C 06 Jan 2024 10:34:36.954 * oO0OoO0OoO0Oo Redis is starting oO0OoO0OoO0Oo
19744:C 06 Jan 2024 10:34:36.954 * Redis version=255.255.255, bits=64, commit=e04ebdb8, modified=1, pid=19744, just started
19744:C 06 Jan 2024 10:34:36.954 * Configuration loaded
19744:M 06 Jan 2024 10:34:36.955 * monotonic clock: POSIX clock_gettime
19744:M 06 Jan 2024 10:34:36.955 * Running mode=standalone, port=5013.
19744:M 06 Jan 2024 10:34:36.962 * <raft> RedisRaft version 255.255.255 [b779b199]
19744:M 06 Jan 2024 10:34:36.966 * <raft> Initializing test network
19744:M 06 Jan 2024 10:34:36.966 * <raft> Created test network client
19744:M 06 Jan 2024 10:34:36.973 * <raft> Raft module loaded, state is 'loading'
19744:M 06 Jan 2024 10:34:36.973 * Module 'raft' loaded from /home/snagendra/Fuzzing/redisraft-fuzzing/redisraft.so
19744:M 06 Jan 2024 10:34:36.973 * Server initialized
19744:M 06 Jan 2024 10:34:36.973 . The AOF directory appendonlydir doesn't exist
19744:M 06 Jan 2024 10:34:36.973 * Ready to accept connections tcp
19744:M 06 Jan 2024 10:34:36.973 . 0 clients connected (0 replicas), 1746720 bytes in use
19744:M 06 Jan 2024 10:34:37.074 * <raft> Loading: Redis loading complete, snapshot NOT LOADED
19744:M 06 Jan 2024 10:34:37.074 * <raft> Cluster Membership: term:0 index:0 nodes: id=3,voting=0,active=1,addr=-
19744:M 06 Jan 2024 10:34:37.074 * <raft> Test network starting message polling thread
19744:M 06 Jan 2024 10:34:37.075 * <raft> Cluster Membership: term:0 index:4 nodes: id=3,voting=0,active=1,addr=- id=1,voting=1,active=1,addr=localhost:5011
19744:M 06 Jan 2024 10:34:37.075 * <raft> Cluster Membership: term:0 index:4 nodes: id=3,voting=0,active=1,addr=- id=1,voting=1,active=1,addr=localhost:5011 id=2,voting=0,active=1,addr=localhost:5012
19744:M 06 Jan 2024 10:34:37.075 * <raft> Raft state after loading log: log_count=4, first_idx=1, current_idx=4, last_applied_idx=0
19744:M 06 Jan 2024 10:34:37.075 . <raft> Raft term=1, vote=-1
19744:signal-handler (1704533677) Received SIGINT scheduling shutdown...
19744:signal-handler (1704533677) You insist... exiting now.


=== REDIS BUG REPORT START: Cut & paste starting from here ===
19744:M 06 Jan 2024 10:34:37.475 # Redis 255.255.255 crashed by signal: 11, si_code: 1
19744:M 06 Jan 2024 10:34:37.475 # Accessing address: 0x18
19744:M 06 Jan 2024 10:34:37.475 # Crashed running the instruction at: 0x7f9be10940b0
20787:C 06 Jan 2024 10:34:38.949 # WARNING Memory overcommit must be enabled! Without it, a background save or replication may fail under low memory condition. Being disabled, it can also cause failures without low memory condition, see https://github.com/jemalloc/jemalloc/issues/1328. To fix this issue add 'vm.overcommit_memory = 1' to /etc/sysctl.conf and then reboot or run the command 'sysctl vm.overcommit_memory=1' for this to take effect.
20787:C 06 Jan 2024 10:34:38.949 * oO0OoO0OoO0Oo Redis is starting oO0OoO0OoO0Oo
20787:C 06 Jan 2024 10:34:38.949 * Redis version=255.255.255, bits=64, commit=e04ebdb8, modified=1, pid=20787, just started
20787:C 06 Jan 2024 10:34:38.949 * Configuration loaded
20787:M 06 Jan 2024 10:34:38.949 * monotonic clock: POSIX clock_gettime
20787:M 06 Jan 2024 10:34:38.950 * Running mode=standalone, port=5013.
20787:M 06 Jan 2024 10:34:38.957 * <raft> RedisRaft version 255.255.255 [b779b199]
20787:M 06 Jan 2024 10:34:38.962 * <raft> Initializing test network
20787:M 06 Jan 2024 10:34:38.962 * <raft> Created test network client
20787:M 06 Jan 2024 10:34:38.966 * <raft> Raft module loaded, state is 'loading'
20787:M 06 Jan 2024 10:34:38.966 * Module 'raft' loaded from /home/snagendra/Fuzzing/redisraft-fuzzing/redisraft.so
20787:M 06 Jan 2024 10:34:38.967 * Server initialized
20787:M 06 Jan 2024 10:34:38.967 . The AOF directory appendonlydir doesn't exist
20787:M 06 Jan 2024 10:34:38.967 * Ready to accept connections tcp
20787:M 06 Jan 2024 10:34:38.967 . 0 clients connected (0 replicas), 1746656 bytes in use
20787:M 06 Jan 2024 10:34:38.985 - Accepted 127.0.0.1:44096
20787:M 06 Jan 2024 10:34:38.985 # Missing implement of connection type tls
20787:M 06 Jan 2024 10:34:39.066 * <raft> Loading: Redis loading complete, snapshot NOT LOADED
20787:M 06 Jan 2024 10:34:39.067 * <raft> Cluster Membership: term:0 index:0 nodes: id=3,voting=0,active=1,addr=-
20787:M 06 Jan 2024 10:34:39.067 * <raft> Test network starting message polling thread
20787:M 06 Jan 2024 10:34:39.067 * <raft> Cluster Membership: term:0 index:4 nodes: id=3,voting=0,active=1,addr=- id=1,voting=1,active=1,addr=localhost:5011
20787:M 06 Jan 2024 10:34:39.068 * <raft> Cluster Membership: term:0 index:4 nodes: id=3,voting=0,active=1,addr=- id=1,voting=1,active=1,addr=localhost:5011 id=2,voting=0,active=1,addr=localhost:5012
20787:M 06 Jan 2024 10:34:39.068 * <raft> Raft state after loading log: log_count=4, first_idx=1, current_idx=4, last_applied_idx=0
20787:M 06 Jan 2024 10:34:39.068 . <raft> Raft term=1, vote=-1
20787:M 06 Jan 2024 10:34:39.117 - Client closed connection id=8 addr=127.0.0.1:44096 laddr=127.0.0.1:5013 fd=11 name= age=1 idle=1 flags=N db=0 sub=0 psub=0 ssub=0 multi=-1 qbuf=0 qbuf-free=20474 argv-mem=0 multi-mem=0 rbs=16384 rbp=0 obl=0 oll=0 omem=0 tot-mem=37760 events=r cmd=auth user=default redir=-1 resp=2 lib-name= lib-ver=
20787:signal-handler (1704533679) Received SIGINT scheduling shutdown...
20787:signal-handler (1704533679) You insist... exiting now.

----- Stderr -----



