logs for node: 1

----- Stdout -----
658297:C 06 Jan 2024 16:08:08.940 # WARNING Memory overcommit must be enabled! Without it, a background save or replication may fail under low memory condition. Being disabled, it can also cause failures without low memory condition, see https://github.com/jemalloc/jemalloc/issues/1328. To fix this issue add 'vm.overcommit_memory = 1' to /etc/sysctl.conf and then reboot or run the command 'sysctl vm.overcommit_memory=1' for this to take effect.
658297:C 06 Jan 2024 16:08:08.940 * oO0OoO0OoO0Oo Redis is starting oO0OoO0OoO0Oo
658297:C 06 Jan 2024 16:08:08.940 * Redis version=255.255.255, bits=64, commit=e04ebdb8, modified=1, pid=658297, just started
658297:C 06 Jan 2024 16:08:08.940 * Configuration loaded
658297:M 06 Jan 2024 16:08:08.941 * monotonic clock: POSIX clock_gettime
658297:M 06 Jan 2024 16:08:08.941 * Running mode=standalone, port=5051.
658297:M 06 Jan 2024 16:08:08.949 * <raft> RedisRaft version 255.255.255 [b779b199]
658297:M 06 Jan 2024 16:08:08.954 * <raft> Initializing test network
658297:M 06 Jan 2024 16:08:08.955 * <raft> Created test network client
658297:M 06 Jan 2024 16:08:08.956 * <raft> Raft module loaded, state is 'uninitialized'
658297:M 06 Jan 2024 16:08:08.956 * Module 'raft' loaded from /home/snagendra/Fuzzing/redisraft-fuzzing/redisraft.so
658297:M 06 Jan 2024 16:08:08.956 * Server initialized
658297:M 06 Jan 2024 16:08:08.957 . The AOF directory appendonlydir doesn't exist
658297:M 06 Jan 2024 16:08:08.957 * Ready to accept connections tcp
658297:M 06 Jan 2024 16:08:08.957 . 0 clients connected (0 replicas), 1726352 bytes in use
658297:M 06 Jan 2024 16:08:08.961 - Accepted 127.0.0.1:60812
658297:M 06 Jan 2024 16:08:08.961 # Missing implement of connection type tls
658297:M 06 Jan 2024 16:08:08.968 * <raft> Cluster Membership: term:0 index:0 nodes: id=1,voting=0,active=1,addr=-
658297:M 06 Jan 2024 16:08:08.973 * <raft> State change: Node is now a leader, term 1
658297:M 06 Jan 2024 16:08:08.973 * <raft> Cluster Membership: term:1 index:1 nodes: id=1,voting=0,active=1,addr=-
658297:M 06 Jan 2024 16:08:08.974 * <raft> Test network starting message polling thread
658297:M 06 Jan 2024 16:08:08.974 * <raft> Raft Cluster initialized, node id: 1, dbid: 54f484469441f8a543082d019e58aa84
658297:M 06 Jan 2024 16:08:09.092 - Accepted 127.0.0.1:60820
658297:M 06 Jan 2024 16:08:09.092 * <raft> Cluster Membership: term:1 index:3 nodes: id=1,voting=1,active=1,addr=- id=2,voting=0,active=1,addr=localhost:5052
658297:M 06 Jan 2024 16:08:09.100 - Client closed connection id=9 addr=127.0.0.1:60820 laddr=127.0.0.1:5051 fd=12 name= age=0 idle=0 flags=N db=0 sub=0 psub=0 ssub=0 multi=-1 qbuf=0 qbuf-free=20474 argv-mem=0 multi-mem=0 rbs=16384 rbp=16384 obl=0 oll=0 omem=0 tot-mem=37760 events=r cmd=raft.node user=default redir=-1 resp=2 lib-name= lib-ver=
658297:M 06 Jan 2024 16:08:09.217 - Accepted 127.0.0.1:60836
658297:M 06 Jan 2024 16:08:09.218 * <raft> Cluster Membership: term:1 index:4 nodes: id=1,voting=1,active=1,addr=- id=2,voting=0,active=1,addr=localhost:5052 id=3,voting=0,active=1,addr=localhost:5053
658297:M 06 Jan 2024 16:08:09.226 - Client closed connection id=10 addr=127.0.0.1:60836 laddr=127.0.0.1:5051 fd=13 name= age=0 idle=0 flags=N db=0 sub=0 psub=0 ssub=0 multi=-1 qbuf=0 qbuf-free=20474 argv-mem=0 multi-mem=0 rbs=16384 rbp=16384 obl=0 oll=0 omem=0 tot-mem=37760 events=r cmd=raft.node user=default redir=-1 resp=2 lib-name= lib-ver=
658297:M 06 Jan 2024 16:08:09.317 - Accepted 127.0.0.1:60838
658297:M 06 Jan 2024 16:08:09.409 * <raft> node:3 has sufficient logs, adding as voting node.
658297:signal-handler (1704553690) Received SIGINT scheduling shutdown...
658297:signal-handler (1704553690) You insist... exiting now.
658910:C 06 Jan 2024 16:08:10.538 # WARNING Memory overcommit must be enabled! Without it, a background save or replication may fail under low memory condition. Being disabled, it can also cause failures without low memory condition, see https://github.com/jemalloc/jemalloc/issues/1328. To fix this issue add 'vm.overcommit_memory = 1' to /etc/sysctl.conf and then reboot or run the command 'sysctl vm.overcommit_memory=1' for this to take effect.
658910:C 06 Jan 2024 16:08:10.538 * oO0OoO0OoO0Oo Redis is starting oO0OoO0OoO0Oo
658910:C 06 Jan 2024 16:08:10.538 * Redis version=255.255.255, bits=64, commit=e04ebdb8, modified=1, pid=658910, just started
658910:C 06 Jan 2024 16:08:10.538 * Configuration loaded
658910:M 06 Jan 2024 16:08:10.538 * monotonic clock: POSIX clock_gettime
658910:M 06 Jan 2024 16:08:10.539 * Running mode=standalone, port=5051.
658910:M 06 Jan 2024 16:08:10.545 * <raft> RedisRaft version 255.255.255 [b779b199]
658910:M 06 Jan 2024 16:08:10.549 * <raft> Initializing test network
658910:M 06 Jan 2024 16:08:10.550 * <raft> Created test network client
658910:M 06 Jan 2024 16:08:10.553 * <raft> Raft module loaded, state is 'loading'
658910:M 06 Jan 2024 16:08:10.553 * Module 'raft' loaded from /home/snagendra/Fuzzing/redisraft-fuzzing/redisraft.so
658910:M 06 Jan 2024 16:08:10.553 * Server initialized
658910:M 06 Jan 2024 16:08:10.553 . The AOF directory appendonlydir doesn't exist
658910:M 06 Jan 2024 16:08:10.553 * Ready to accept connections tcp
658910:M 06 Jan 2024 16:08:10.553 . 0 clients connected (0 replicas), 1746752 bytes in use
658910:M 06 Jan 2024 16:08:10.654 * <raft> Loading: Redis loading complete, snapshot NOT LOADED
658910:M 06 Jan 2024 16:08:10.654 * <raft> Cluster Membership: term:0 index:0 nodes: id=1,voting=0,active=1,addr=-
658910:M 06 Jan 2024 16:08:10.654 * <raft> Test network starting message polling thread
658910:M 06 Jan 2024 16:08:10.655 * <raft> Cluster Membership: term:0 index:6 nodes: id=1,voting=1,active=1,addr=- id=2,voting=0,active=1,addr=localhost:5052
658910:M 06 Jan 2024 16:08:10.655 * <raft> Cluster Membership: term:0 index:6 nodes: id=1,voting=1,active=1,addr=- id=2,voting=0,active=1,addr=localhost:5052 id=3,voting=0,active=1,addr=localhost:5053
658910:M 06 Jan 2024 16:08:10.655 * <raft> Raft state after loading log: log_count=6, first_idx=1, current_idx=6, last_applied_idx=0
658910:M 06 Jan 2024 16:08:10.655 . <raft> Raft term=1, vote=-1
658910:M 06 Jan 2024 16:08:11.057 * <raft> State change: Election starting, node is now a pre-candidate, term 1
658910:M 06 Jan 2024 16:08:11.057 * <raft> Cluster Membership: term:1 index:6 nodes: id=1,voting=1,active=1,addr=- id=2,voting=0,active=1,addr=localhost:5052 id=3,voting=1,active=1,addr=localhost:5053
658910:signal-handler (1704553691) Received SIGINT scheduling shutdown...
658910:signal-handler (1704553691) You insist... exiting now.
659447:C 06 Jan 2024 16:08:11.764 # WARNING Memory overcommit must be enabled! Without it, a background save or replication may fail under low memory condition. Being disabled, it can also cause failures without low memory condition, see https://github.com/jemalloc/jemalloc/issues/1328. To fix this issue add 'vm.overcommit_memory = 1' to /etc/sysctl.conf and then reboot or run the command 'sysctl vm.overcommit_memory=1' for this to take effect.
659447:C 06 Jan 2024 16:08:11.764 * oO0OoO0OoO0Oo Redis is starting oO0OoO0OoO0Oo
659447:C 06 Jan 2024 16:08:11.764 * Redis version=255.255.255, bits=64, commit=e04ebdb8, modified=1, pid=659447, just started
659447:C 06 Jan 2024 16:08:11.764 * Configuration loaded
659447:M 06 Jan 2024 16:08:11.764 * monotonic clock: POSIX clock_gettime
659447:M 06 Jan 2024 16:08:11.765 * Running mode=standalone, port=5051.
659447:M 06 Jan 2024 16:08:11.772 * <raft> RedisRaft version 255.255.255 [b779b199]
659447:M 06 Jan 2024 16:08:11.776 * <raft> Initializing test network
659447:M 06 Jan 2024 16:08:11.777 * <raft> Created test network client
659447:M 06 Jan 2024 16:08:11.781 * <raft> Raft module loaded, state is 'loading'
659447:M 06 Jan 2024 16:08:11.781 * Module 'raft' loaded from /home/snagendra/Fuzzing/redisraft-fuzzing/redisraft.so
659447:M 06 Jan 2024 16:08:11.781 * Server initialized
659447:M 06 Jan 2024 16:08:11.781 . The AOF directory appendonlydir doesn't exist
659447:M 06 Jan 2024 16:08:11.781 * Ready to accept connections tcp
659447:M 06 Jan 2024 16:08:11.781 . 0 clients connected (0 replicas), 1746688 bytes in use
659447:M 06 Jan 2024 16:08:11.793 - Accepted 127.0.0.1:60938
659447:M 06 Jan 2024 16:08:11.793 # Missing implement of connection type tls
659447:M 06 Jan 2024 16:08:11.881 * <raft> Loading: Redis loading complete, snapshot NOT LOADED
659447:M 06 Jan 2024 16:08:11.882 * <raft> Cluster Membership: term:0 index:0 nodes: id=1,voting=0,active=1,addr=-
659447:M 06 Jan 2024 16:08:11.882 * <raft> Test network starting message polling thread
659447:M 06 Jan 2024 16:08:11.883 * <raft> Cluster Membership: term:0 index:6 nodes: id=1,voting=1,active=1,addr=- id=2,voting=0,active=1,addr=localhost:5052
659447:M 06 Jan 2024 16:08:11.883 * <raft> Cluster Membership: term:0 index:6 nodes: id=1,voting=1,active=1,addr=- id=2,voting=0,active=1,addr=localhost:5052 id=3,voting=0,active=1,addr=localhost:5053
659447:M 06 Jan 2024 16:08:11.883 * <raft> Raft state after loading log: log_count=6, first_idx=1, current_idx=6, last_applied_idx=0
659447:M 06 Jan 2024 16:08:11.883 . <raft> Raft term=1, vote=-1
659447:M 06 Jan 2024 16:08:11.974 - Accepted 127.0.0.1:60940
659447:M 06 Jan 2024 16:08:12.184 * <raft> State change: Election starting, node is now a pre-candidate, term 1
659447:M 06 Jan 2024 16:08:12.184 * <raft> Cluster Membership: term:1 index:6 nodes: id=1,voting=1,active=1,addr=- id=2,voting=0,active=1,addr=localhost:5052 id=3,voting=1,active=1,addr=localhost:5053
659447:M 06 Jan 2024 16:08:12.360 - Client closed connection id=9 addr=127.0.0.1:60940 laddr=127.0.0.1:5051 fd=13 name= age=1 idle=1 flags=N db=0 sub=0 psub=0 ssub=0 multi=-1 qbuf=0 qbuf-free=20474 argv-mem=0 multi-mem=0 rbs=1024 rbp=0 obl=0 oll=0 omem=0 tot-mem=22400 events=r cmd=auth user=default redir=-1 resp=2 lib-name= lib-ver=
659447:signal-handler (1704553692) Received SIGINT scheduling shutdown...
659447:signal-handler (1704553692) You insist... exiting now.

----- Stderr -----
libgcov profiling error:/home/snagendra/Fuzzing/redisraft-fuzzing/build/deps/raft/CMakeFiles/raft.dir/src/raft_server.c.gcda:Merge mismatch for function 9
libgcov profiling error:/home/snagendra/Fuzzing/redisraft-fuzzing/build/deps/raft/CMakeFiles/raft.dir/src/raft_server.c.gcda:Merge mismatch for function 9
libgcov profiling error:/home/snagendra/Fuzzing/redisraft-fuzzing/build/deps/raft/CMakeFiles/raft.dir/src/raft_server.c.gcda:Merge mismatch for function 9




logs for node: 2

----- Stdout -----
658313:C 06 Jan 2024 16:08:08.977 # WARNING Memory overcommit must be enabled! Without it, a background save or replication may fail under low memory condition. Being disabled, it can also cause failures without low memory condition, see https://github.com/jemalloc/jemalloc/issues/1328. To fix this issue add 'vm.overcommit_memory = 1' to /etc/sysctl.conf and then reboot or run the command 'sysctl vm.overcommit_memory=1' for this to take effect.
658313:C 06 Jan 2024 16:08:08.977 * oO0OoO0OoO0Oo Redis is starting oO0OoO0OoO0Oo
658313:C 06 Jan 2024 16:08:08.977 * Redis version=255.255.255, bits=64, commit=e04ebdb8, modified=1, pid=658313, just started
658313:C 06 Jan 2024 16:08:08.977 * Configuration loaded
658313:M 06 Jan 2024 16:08:08.977 * monotonic clock: POSIX clock_gettime
658313:M 06 Jan 2024 16:08:08.978 * Running mode=standalone, port=5052.
658313:M 06 Jan 2024 16:08:08.985 * <raft> RedisRaft version 255.255.255 [b779b199]
658313:M 06 Jan 2024 16:08:08.989 * <raft> Initializing test network
658313:M 06 Jan 2024 16:08:08.990 * <raft> Created test network client
658313:M 06 Jan 2024 16:08:08.991 * <raft> Raft module loaded, state is 'uninitialized'
658313:M 06 Jan 2024 16:08:08.991 * Module 'raft' loaded from /home/snagendra/Fuzzing/redisraft-fuzzing/redisraft.so
658313:M 06 Jan 2024 16:08:08.991 * Server initialized
658313:M 06 Jan 2024 16:08:08.992 . The AOF directory appendonlydir doesn't exist
658313:M 06 Jan 2024 16:08:08.992 * Ready to accept connections tcp
658313:M 06 Jan 2024 16:08:08.992 . 0 clients connected (0 replicas), 1726128 bytes in use
658313:M 06 Jan 2024 16:08:09.015 - Accepted 127.0.0.1:52044
658313:M 06 Jan 2024 16:08:09.015 # Missing implement of connection type tls
658313:M 06 Jan 2024 16:08:09.091 - <raft> join cluster, connecting to localhost:5051
658313:M 06 Jan 2024 16:08:09.093 * <raft> Joined Raft cluster, node id: 2, dbid: 54f484469441f8a543082d019e58aa84
658313:M 06 Jan 2024 16:08:09.099 * <raft> Cluster Membership: term:0 index:0 nodes: id=2,voting=0,active=1,addr=-
658313:M 06 Jan 2024 16:08:09.100 * <raft> Test network starting message polling thread
658313:M 06 Jan 2024 16:08:09.158 - Accepted 127.0.0.1:52054
658313:M 06 Jan 2024 16:08:09.317 - Accepted 127.0.0.1:52070
658313:signal-handler (1704553689) Received SIGINT scheduling shutdown...
658313:signal-handler (1704553689) You insist... exiting now.
659023:C 06 Jan 2024 16:08:10.737 # WARNING Memory overcommit must be enabled! Without it, a background save or replication may fail under low memory condition. Being disabled, it can also cause failures without low memory condition, see https://github.com/jemalloc/jemalloc/issues/1328. To fix this issue add 'vm.overcommit_memory = 1' to /etc/sysctl.conf and then reboot or run the command 'sysctl vm.overcommit_memory=1' for this to take effect.
659023:C 06 Jan 2024 16:08:10.737 * oO0OoO0OoO0Oo Redis is starting oO0OoO0OoO0Oo
659023:C 06 Jan 2024 16:08:10.737 * Redis version=255.255.255, bits=64, commit=e04ebdb8, modified=1, pid=659023, just started
659023:C 06 Jan 2024 16:08:10.737 * Configuration loaded
659023:M 06 Jan 2024 16:08:10.738 * monotonic clock: POSIX clock_gettime
659023:M 06 Jan 2024 16:08:10.738 * Running mode=standalone, port=5052.
659023:M 06 Jan 2024 16:08:10.744 * <raft> RedisRaft version 255.255.255 [b779b199]
659023:M 06 Jan 2024 16:08:10.749 * <raft> Initializing test network
659023:M 06 Jan 2024 16:08:10.749 * <raft> Created test network client
659023:M 06 Jan 2024 16:08:10.752 * <raft> Raft module loaded, state is 'loading'
659023:M 06 Jan 2024 16:08:10.752 * Module 'raft' loaded from /home/snagendra/Fuzzing/redisraft-fuzzing/redisraft.so
659023:M 06 Jan 2024 16:08:10.753 * Server initialized
659023:M 06 Jan 2024 16:08:10.753 . The AOF directory appendonlydir doesn't exist
659023:M 06 Jan 2024 16:08:10.753 * Ready to accept connections tcp
659023:M 06 Jan 2024 16:08:10.753 . 0 clients connected (0 replicas), 1746688 bytes in use
659023:M 06 Jan 2024 16:08:10.756 - Accepted 127.0.0.1:52238
659023:M 06 Jan 2024 16:08:10.756 # Missing implement of connection type tls
659023:M 06 Jan 2024 16:08:10.853 * <raft> Loading: Redis loading complete, snapshot NOT LOADED
659023:M 06 Jan 2024 16:08:10.853 * <raft> Cluster Membership: term:0 index:0 nodes: id=2,voting=0,active=1,addr=-
659023:M 06 Jan 2024 16:08:10.853 * <raft> Test network starting message polling thread


=== REDIS BUG REPORT START: Cut & paste starting from here ===
659023:M 06 Jan 2024 16:08:10.853 # Redis 255.255.255 crashed by signal: 6, si_code: -6
659023:M 06 Jan 2024 16:08:10.853 # Crashed running the instruction at: 0x7fd9781a4d3c

------ STACK TRACE ------
EIP:
/lib/x86_64-linux-gnu/libc.so.6(+0x8ad3c)[0x7fd9781a4d3c]

Backtrace:
/lib/x86_64-linux-gnu/libc.so.6(+0x3bfd0)[0x7fd978155fd0]
/lib/x86_64-linux-gnu/libc.so.6(+0x8ad3c)[0x7fd9781a4d3c]
/lib/x86_64-linux-gnu/libc.so.6(gsignal+0x12)[0x7fd978155f32]
/lib/x86_64-linux-gnu/libc.so.6(abort+0xd3)[0x7fd978140472]
/lib/x86_64-linux-gnu/libc.so.6(+0x26395)[0x7fd978140395]
/lib/x86_64-linux-gnu/libc.so.6(+0x34e32)[0x7fd97814ee32]
/home/snagendra/Fuzzing/redisraft-fuzzing/redisraft.so(+0x3caea)[0x7fd9780c9aea]
/home/snagendra/Fuzzing/redisraft-fuzzing/redisraft.so(callRaftPeriodic+0x478)[0x7fd9780ba088]
/home/snagendra/Fuzzing/redis/src/redis-server 0.0.0.0:5052(moduleTimerHandler+0x21c)[0x557c12e4a98c]
/home/snagendra/Fuzzing/redis/src/redis-server 0.0.0.0:5052(+0x81705)[0x557c12d54705]
/home/snagendra/Fuzzing/redis/src/redis-server 0.0.0.0:5052(aeMain+0x1c8)[0x557c12d5ecb8]
/home/snagendra/Fuzzing/redis/src/redis-server 0.0.0.0:5052(main+0x3cd)[0x557c12d53e2d]
/lib/x86_64-linux-gnu/libc.so.6(+0x271ca)[0x7fd9781411ca]
/lib/x86_64-linux-gnu/libc.so.6(__libc_start_main+0x85)[0x7fd978141285]
/home/snagendra/Fuzzing/redis/src/redis-server 0.0.0.0:5052(_start+0x2a)[0x557c12d545aa]

------ REGISTERS ------
659023:M 06 Jan 2024 16:08:10.854 # 
RAX:0000000000000000 RBX:00000000000a0e4f
RCX:00007fd9781a4d3c RDX:0000000000000006
RDI:00000000000a0e4f RSI:00000000000a0e4f
RBP:00007fd9781161c0 RSP:00007ffc5504e400
R8 :0000000000000007 R9 :0000557c14b70820
R10:0000000000000008 R11:0000000000000246
R12:0000000000000006 R13:00000000000006a6
R14:00007fd9780f605c R15:0000557c12e492b0
RIP:00007fd9781a4d3c EFL:0000000000000246
CSGSFS:002b000000000033
659023:M 06 Jan 2024 16:08:10.854 # (00007ffc5504e40f) -> 0000557c14b708d0
659023:M 06 Jan 2024 16:08:10.854 # (00007ffc5504e40e) -> 00007fd9782ecc60
659023:M 06 Jan 2024 16:08:10.854 # (00007ffc5504e40d) -> 00000000000002b1
659023:M 06 Jan 2024 16:08:10.854 # (00007ffc5504e40c) -> 0000557c14b70820
659023:M 06 Jan 2024 16:08:10.854 # (00007ffc5504e40b) -> 00000000000006a6
659023:M 06 Jan 2024 16:08:10.854 # (00007ffc5504e40a) -> 0000000000000020
659023:M 06 Jan 2024 16:08:10.854 # (00007ffc5504e409) -> 00007fd978140472
659023:M 06 Jan 2024 16:08:10.854 # (00007ffc5504e408) -> 00007fd9782ede70
659023:M 06 Jan 2024 16:08:10.854 # (00007ffc5504e407) -> 00007fd978155f32
659023:M 06 Jan 2024 16:08:10.854 # (00007ffc5504e406) -> 00007fd9780f605c
659023:M 06 Jan 2024 16:08:10.854 # (00007ffc5504e405) -> 00000000000006a6
659023:M 06 Jan 2024 16:08:10.854 # (00007ffc5504e404) -> 00007fd9780f5720
659023:M 06 Jan 2024 16:08:10.854 # (00007ffc5504e403) -> 00007fd9781161c0
659023:M 06 Jan 2024 16:08:10.854 # (00007ffc5504e402) -> 0000000000000006
659023:M 06 Jan 2024 16:08:10.854 # (00007ffc5504e401) -> ecdf7b202b674400
659023:M 06 Jan 2024 16:08:10.854 # (00007ffc5504e400) -> 0000557c12e492b0

------ INFO OUTPUT ------
# Server
redis_version:255.255.255
redis_git_sha1:e04ebdb8
redis_git_dirty:1
redis_build_id:1f78dcc7b4fbdd25
redis_mode:standalone
os:Linux 6.1.60.1.amd64-smp x86_64
arch_bits:64
monotonic_clock:POSIX clock_gettime
multiplexing_api:epoll
atomicvar_api:c11-builtin
gcc_version:10.2.1
process_id:659023
process_supervised:no
run_id:30039b59a7cf9fe1f9f7f2c4f50c21259985dfb6
tcp_port:5052
server_time_usec:1704553690853092
uptime_in_seconds:0
uptime_in_days:0
hz:10
configured_hz:10
lru_clock:10054874
executable:/home/snagendra/Fuzzing/redis/src/redis-server
config_file:
io_threads_active:0
listener0:name=tcp,bind=0.0.0.0,port=5052

# Clients
connected_clients:1
cluster_connections:0
maxclients:10000
client_recent_max_input_buffer:0
client_recent_max_output_buffer:0
blocked_clients:0
tracking_clients:0
clients_in_timeout_table:0
total_blocking_keys:0
total_blocking_keys_on_nokey:0

# Memory
used_memory:1816896
used_memory_human:1.73M
used_memory_rss:17960960
used_memory_rss_human:17.13M
used_memory_peak:1816896
used_memory_peak_human:1.73M
used_memory_peak_perc:100.39%
used_memory_overhead:1746728
used_memory_startup:1746544
used_memory_dataset:70168
used_memory_dataset_perc:99.74%
allocator_allocated:2217408
allocator_active:2756608
allocator_resident:10928128
total_system_memory:270388695040
total_system_memory_human:251.82G
used_memory_lua:31744
used_memory_vm_eval:31744
used_memory_lua_human:31.00K
used_memory_scripts_eval:0
number_of_cached_scripts:0
number_of_functions:0
number_of_libraries:0
used_memory_vm_functions:32768
used_memory_vm_total:64512
used_memory_vm_total_human:63.00K
used_memory_functions:184
used_memory_scripts:184
used_memory_scripts_human:184B
maxmemory:0
maxmemory_human:0B
maxmemory_policy:noeviction
allocator_frag_ratio:1.24
allocator_frag_bytes:539200
allocator_rss_ratio:3.96
allocator_rss_bytes:8171520
rss_overhead_ratio:1.64
rss_overhead_bytes:7032832
mem_fragmentation_ratio:10.28
mem_fragmentation_bytes:16214272
mem_not_counted_for_evict:0
mem_replication_backlog:0
mem_total_replication_buffers:0
mem_clients_slaves:0
mem_clients_normal:0
mem_cluster_links:0
mem_aof_buffer:0
mem_allocator:jemalloc-5.3.0
active_defrag_running:0
lazyfree_pending_objects:0
lazyfreed_objects:0

# Persistence
loading:0
async_loading:0
current_cow_peak:0
current_cow_size:0
current_cow_size_age:0
current_fork_perc:0.00
current_save_keys_processed:0
current_save_keys_total:0
rdb_changes_since_last_save:0
rdb_bgsave_in_progress:0
rdb_last_save_time:1704553690
rdb_last_bgsave_status:ok
rdb_last_bgsave_time_sec:-1
rdb_current_bgsave_time_sec:-1
rdb_saves:0
rdb_last_cow_size:0
rdb_last_load_keys_expired:0
rdb_last_load_keys_loaded:0
aof_enabled:0
aof_rewrite_in_progress:0
aof_rewrite_scheduled:0
aof_last_rewrite_time_sec:-1
aof_current_rewrite_time_sec:-1
aof_last_bgrewrite_status:ok
aof_rewrites:0
aof_rewrites_consecutive_failures:0
aof_last_write_status:ok
aof_last_cow_size:0
module_fork_in_progress:0
module_fork_last_cow_size:0

# Stats
total_connections_received:1
total_commands_processed:7
instantaneous_ops_per_sec:25
total_net_input_bytes:33
total_net_output_bytes:5
total_net_repl_input_bytes:0
total_net_repl_output_bytes:0
instantaneous_input_kbps:0.00
instantaneous_output_kbps:0.00
instantaneous_input_repl_kbps:0.00
instantaneous_output_repl_kbps:0.00
rejected_connections:0
sync_full:0
sync_partial_ok:0
sync_partial_err:0
expired_keys:0
expired_stale_perc:0.00
expired_time_cap_reached_count:0
expire_cycle_cpu_milliseconds:0
evicted_keys:0
evicted_clients:0
total_eviction_exceeded_time:0
current_eviction_exceeded_time:0
keyspace_hits:0
keyspace_misses:0
pubsub_channels:0
pubsub_patterns:0
pubsubshard_channels:0
latest_fork_usec:0
total_forks:0
migrate_cached_sockets:0
slave_expires_tracked_keys:0
active_defrag_hits:0
active_defrag_misses:0
active_defrag_key_hits:0
active_defrag_key_misses:0
total_active_defrag_time:0
current_active_defrag_time:0
tracking_total_keys:0
tracking_total_items:0
tracking_total_prefixes:0
unexpected_error_replies:0
total_error_replies:0
dump_payload_sanitizations:0
total_reads_processed:1
total_writes_processed:1
io_threaded_reads_processed:0
io_threaded_writes_processed:0
reply_buffer_shrinks:0
reply_buffer_expands:0
acl_access_denied_auth:0
acl_access_denied_cmd:0
acl_access_denied_key:0
acl_access_denied_channel:0

# Replication
role:master
connected_slaves:0
master_failover_state:no-failover
master_replid:0a16b32cf75934d4e6c4b4b17f63122d894bd0ab
master_replid2:0000000000000000000000000000000000000000
master_repl_offset:0
second_repl_offset:-1
repl_backlog_active:0
repl_backlog_size:1048576
repl_backlog_first_byte_offset:0
repl_backlog_histlen:0

# CPU
used_cpu_sys:0.000000
used_cpu_user:0.017048
used_cpu_sys_children:0.000000
used_cpu_user_children:0.000000
used_cpu_sys_main_thread:0.000000
used_cpu_user_main_thread:0.016687

# Modules
module:name=raft,ver=1,api=1,filters=1,usedby=[],using=[],options=[]

# Commandstats
cmdstat_config|get:calls=3,usec=4,usec_per_call=1.33,rejected_calls=0,failed_calls=0
cmdstat_config|set:calls=1,usec=11,usec_per_call=11.00,rejected_calls=0,failed_calls=0
cmdstat_auth:calls=1,usec=2,usec_per_call=2.00,rejected_calls=0,failed_calls=0
cmdstat_command:calls=2,usec=1482,usec_per_call=741.00,rejected_calls=0,failed_calls=0

# Errorstats

# Latencystats
latency_percentiles_usec_config|get:p50=2.007,p99=2.007,p99.9=2.007
latency_percentiles_usec_config|set:p50=11.007,p99=11.007,p99.9=11.007
latency_percentiles_usec_auth:p50=2.007,p99=2.007,p99.9=2.007
latency_percentiles_usec_command:p50=696.319,p99=790.527,p99.9=790.527

# Cluster
cluster_enabled:0

# Keyspace

------ CLIENT LIST OUTPUT ------
id=8 addr=127.0.0.1:52238 laddr=127.0.0.1:5052 fd=11 name= age=0 idle=0 flags=N db=0 sub=0 psub=0 ssub=0 multi=-1 qbuf=0 qbuf-free=20474 argv-mem=0 multi-mem=0 rbs=16384 rbp=16384 obl=0 oll=0 omem=0 tot-mem=37760 events=r cmd=auth user=default redir=-1 resp=2 lib-name= lib-ver=

------ MODULES INFO OUTPUT ------
# raft_version
raft_version:255.255.255
raft_git_sha1:b779b199

# raft_general
raft_dbid:54f484469441f8a543082d019e58aa84
raft_node_id:2
raft_state:up
raft_role:follower
raft_is_voting:no
raft_voted_for:-1
raft_leader_id:-1
raft_current_term:0
raft_num_nodes:1
raft_num_voting_nodes:0

# raft_log
raft_log_entries:0
raft_current_index:0
raft_commit_index:0
raft_last_applied_index:0
raft_file_size:101
raft_cache_memory_size:0
raft_cache_entries:0
raft_client_attached_entries:0
raft_fsync_count:0
raft_fsync_max_microseconds:0
raft_fsync_avg_microseconds:0

# raft_snapshot
raft_snapshot_filename:redis2.rdb
raft_snapshot_last_idx:0
raft_snapshot_last_term:0
raft_snapshot_size:0
raft_snapshot_time_secs:-1
raft_snapshots_created:0
raft_snapshots_received:0
raft_snapshot_in_progress:no
raft_snapshot_in_progress_last_idx:-1
raft_snapshot_in_progress_last_term:-1

# raft_clients
raft_proxy_reqs:0
raft_proxy_failed_reqs:0
raft_proxy_failed_responses:0
raft_proxy_outstanding_reqs:0

# raft_stats
raft_appendreq_received:0
raft_appendreq_with_entry_received:0
raft_snapshotreq_received:0
raft_exec_throttled:0
raft_num_sessions:0

------ CONFIG DEBUG OUTPUT ------
lazyfree-lazy-server-del no
lazyfree-lazy-expire no
proto-max-bulk-len 512mb
lazyfree-lazy-user-del no
repl-diskless-sync yes
activedefrag no
io-threads-do-reads no
replica-read-only yes
sanitize-dump-payload no
list-compress-depth 0
io-threads 1
lazyfree-lazy-user-flush no
lazyfree-lazy-eviction no
client-query-buffer-limit 1gb
slave-read-only yes
repl-diskless-load disabled

------ FAST MEMORY TEST ------
659023:M 06 Jan 2024 16:08:10.854 # Bio worker thread #0 terminated
659023:M 06 Jan 2024 16:08:10.854 # Bio worker thread #1 terminated
659023:M 06 Jan 2024 16:08:10.855 # Bio worker thread #2 terminated
*** Preparing to test memory region 557c1302a000 (2273280 bytes)
*** Preparing to test memory region 557c14b1b000 (405504 bytes)
*** Preparing to test memory region 7fd96afff000 (8388608 bytes)
*** Preparing to test memory region 7fd96b800000 (8388608 bytes)
*** Preparing to test memory region 7fd96c000000 (6291456 bytes)
*** Preparing to test memory region 7fd96c7fa000 (8388608 bytes)
*** Preparing to test memory region 7fd96cffb000 (8388608 bytes)
*** Preparing to test memory region 7fd96d7fc000 (8388608 bytes)
*** Preparing to test memory region 7fd96dffd000 (8388608 bytes)
*** Preparing to test memory region 7fd96e7fe000 (8388608 bytes)
*** Preparing to test memory region 7fd96efff000 (8388608 bytes)
*** Preparing to test memory region 7fd96f800000 (8388608 bytes)
*** Preparing to test memory region 7fd970000000 (135168 bytes)
*** Preparing to test memory region 7fd974687000 (8388608 bytes)
*** Preparing to test memory region 7fd974e88000 (8388608 bytes)
*** Preparing to test memory region 7fd975689000 (8388608 bytes)
*** Preparing to test memory region 7fd975e89000 (2621440 bytes)
*** Preparing to test memory region 7fd976118000 (8192 bytes)
*** Preparing to test memory region 7fd97667f000 (12288 bytes)
*** Preparing to test memory region 7fd976bfe000 (8192 bytes)
*** Preparing to test memory region 7fd976e18000 (16384 bytes)
*** Preparing to test memory region 7fd977800000 (8388608 bytes)
*** Preparing to test memory region 7fd978065000 (4096 bytes)
*** Preparing to test memory region 7fd97808a000 (12288 bytes)
*** Preparing to test memory region 7fd97810f000 (45056 bytes)
*** Preparing to test memory region 7fd9782ee000 (53248 bytes)
*** Preparing to test memory region 7fd97840b000 (8192 bytes)
.659023:M 06 Jan 2024 16:08:10.859 # Redis 255.255.255 crashed by signal: 11, si_code: 1
659023:M 06 Jan 2024 16:08:10.859 # Accessing address: 0x557c13300ba0
659023:M 06 Jan 2024 16:08:10.859 # Crashed running the instruction at: 0x557c12f21bd5

------ STACK TRACE ------
EIP:
/home/snagendra/Fuzzing/redis/src/redis-server 0.0.0.0:5052(+0x24ebd5)[0x557c12f21bd5]

Backtrace:
/lib/x86_64-linux-gnu/libc.so.6(+0x3bfd0)[0x7fd978155fd0]
/home/snagendra/Fuzzing/redis/src/redis-server 0.0.0.0:5052(+0x24ebd5)[0x557c12f21bd5]
/home/snagendra/Fuzzing/redis/src/redis-server 0.0.0.0:5052(+0x25539b)[0x557c12f2839b]
/home/snagendra/Fuzzing/redis/src/redis-server 0.0.0.0:5052(+0x255699)[0x557c12f28699]
/home/snagendra/Fuzzing/redis/src/redis-server 0.0.0.0:5052(+0x25feee)[0x557c12f32eee]
/home/snagendra/Fuzzing/redis/src/redis-server 0.0.0.0:5052(+0x260080)[0x557c12f33080]
/home/snagendra/Fuzzing/redis/src/redis-server 0.0.0.0:5052(+0x25f0cd)[0x557c12f320cd]
/home/snagendra/Fuzzing/redis/src/redis-server 0.0.0.0:5052(+0x20894f)[0x557c12edb94f]
/home/snagendra/Fuzzing/redis/src/redis-server 0.0.0.0:5052(+0x25d09b)[0x557c12f3009b]
/home/snagendra/Fuzzing/redis/src/redis-server 0.0.0.0:5052(+0x26e6e3)[0x557c12f416e3]
/home/snagendra/Fuzzing/redis/src/redis-server 0.0.0.0:5052(+0x26ed98)[0x557c12f41d98]
/home/snagendra/Fuzzing/redis/src/redis-server 0.0.0.0:5052(+0x270973)[0x557c12f43973]
/home/snagendra/Fuzzing/redis/src/redis-server 0.0.0.0:5052(je_calloc+0x1da)[0x557c12ed1c1a]
/home/snagendra/Fuzzing/redis/src/redis-server 0.0.0.0:5052(RM_Calloc+0x33)[0x557c12e36473]
/home/snagendra/Fuzzing/redisraft-fuzzing/redisraft.so(deserializeAEReq+0x147)[0x7fd9780c19c7]
/home/snagendra/Fuzzing/redisraft-fuzzing/redisraft.so(handleTestNetworkMessage+0xf9)[0x7fd9780c2469]
/home/snagendra/Fuzzing/redisraft-fuzzing/redisraft.so(poll_redis_test_messages+0x89)[0x7fd9780c25c9]
/lib/x86_64-linux-gnu/libc.so.6(+0x89044)[0x7fd9781a3044]
/lib/x86_64-linux-gnu/libc.so.6(+0x10961c)[0x7fd97822361c]

------ REGISTERS ------
659023:M 06 Jan 2024 16:08:10.860 # 
RAX:0000557c13300d48 RBX:0000000000000000
RCX:0000557c13300d48 RDX:0000000000000070
RDI:00007fd940000000 RSI:00007fd96b7fdee0
RBP:00007fd975ea4000 RSP:00007fd96b7fcbe0
R8 :00007fd940000000 R9 :0000000000000001
R10:0000557c13151680 R11:0000000000036000
R12:00007fd96b7fdc20 R13:0000557c13051ae0
R14:0000557c13300ba0 R15:00007fd96b7fdde0
RIP:0000557c12f21bd5 EFL:0000000000010206
CSGSFS:002b000000000033
659023:M 06 Jan 2024 16:08:10.860 # (00007fd96b7fcbef) -> 0000000000000000
659023:M 06 Jan 2024 16:08:10.860 # (00007fd96b7fcbee) -> 0000008000000000
659023:M 06 Jan 2024 16:08:10.860 # (00007fd96b7fcbed) -> 0000000000000000
659023:M 06 Jan 2024 16:08:10.860 # (00007fd96b7fcbec) -> 0000000000000000
659023:M 06 Jan 2024 16:08:10.860 # (00007fd96b7fcbeb) -> 0000000000000000
659023:M 06 Jan 2024 16:08:10.860 # (00007fd96b7fcbea) -> 0000000000000000
659023:M 06 Jan 2024 16:08:10.860 # (00007fd96b7fcbe9) -> 0000000000000000
659023:M 06 Jan 2024 16:08:10.860 # (00007fd96b7fcbe8) -> 00007fd96b7fceef
659023:M 06 Jan 2024 16:08:10.860 # (00007fd96b7fcbe7) -> 00007fd96b7fcec5
659023:M 06 Jan 2024 16:08:10.860 # (00007fd96b7fcbe6) -> 00007fd96b7fceef
659023:M 06 Jan 2024 16:08:10.860 # (00007fd96b7fcbe5) -> 00007fd96b7fcec8
659023:M 06 Jan 2024 16:08:10.860 # (00007fd96b7fcbe4) -> 00007fd96b7fcec5
659023:M 06 Jan 2024 16:08:10.860 # (00007fd96b7fcbe3) -> 00007fd96b7fcec5
659023:M 06 Jan 2024 16:08:10.860 # (00007fd96b7fcbe2) -> 00007fd96b7fcec5
659023:M 06 Jan 2024 16:08:10.860 # (00007fd96b7fcbe1) -> 00007fd96b7fcec5
659023:M 06 Jan 2024 16:08:10.860 # (00007fd96b7fcbe0) -> 00000000fbad8001

------ INFO OUTPUT ------
659597:C 06 Jan 2024 16:08:11.979 # WARNING Memory overcommit must be enabled! Without it, a background save or replication may fail under low memory condition. Being disabled, it can also cause failures without low memory condition, see https://github.com/jemalloc/jemalloc/issues/1328. To fix this issue add 'vm.overcommit_memory = 1' to /etc/sysctl.conf and then reboot or run the command 'sysctl vm.overcommit_memory=1' for this to take effect.
659597:C 06 Jan 2024 16:08:11.979 * oO0OoO0OoO0Oo Redis is starting oO0OoO0OoO0Oo
659597:C 06 Jan 2024 16:08:11.979 * Redis version=255.255.255, bits=64, commit=e04ebdb8, modified=1, pid=659597, just started
659597:C 06 Jan 2024 16:08:11.979 * Configuration loaded
659597:M 06 Jan 2024 16:08:11.979 * monotonic clock: POSIX clock_gettime
659597:M 06 Jan 2024 16:08:11.980 * Running mode=standalone, port=5052.
659597:M 06 Jan 2024 16:08:11.986 * <raft> RedisRaft version 255.255.255 [b779b199]
659597:M 06 Jan 2024 16:08:11.990 * <raft> Initializing test network
659597:M 06 Jan 2024 16:08:11.991 * <raft> Created test network client
659597:M 06 Jan 2024 16:08:11.994 * <raft> Raft module loaded, state is 'loading'
659597:M 06 Jan 2024 16:08:11.994 * Module 'raft' loaded from /home/snagendra/Fuzzing/redisraft-fuzzing/redisraft.so
659597:M 06 Jan 2024 16:08:11.994 * Server initialized
659597:M 06 Jan 2024 16:08:11.994 . The AOF directory appendonlydir doesn't exist
659597:M 06 Jan 2024 16:08:11.994 * Ready to accept connections tcp
659597:M 06 Jan 2024 16:08:11.994 . 0 clients connected (0 replicas), 1746624 bytes in use
659597:M 06 Jan 2024 16:08:12.074 - Accepted 127.0.0.1:52286
659597:M 06 Jan 2024 16:08:12.075 # Missing implement of connection type tls
659597:M 06 Jan 2024 16:08:12.085 - Accepted 127.0.0.1:52298
659597:M 06 Jan 2024 16:08:12.094 * <raft> Loading: Redis loading complete, snapshot NOT LOADED
659597:M 06 Jan 2024 16:08:12.094 * <raft> Cluster Membership: term:0 index:0 nodes: id=2,voting=0,active=1,addr=-
659597:M 06 Jan 2024 16:08:12.095 * <raft> Test network starting message polling thread


=== REDIS BUG REPORT START: Cut & paste starting from here ===
659597:M 06 Jan 2024 16:08:12.095 # Redis 255.255.255 crashed by signal: 6, si_code: -6
659597:M 06 Jan 2024 16:08:12.095 # Crashed running the instruction at: 0x7fcfddea9d3c

------ STACK TRACE ------
EIP:
/lib/x86_64-linux-gnu/libc.so.6(+0x8ad3c)[0x7fcfddea9d3c]

Backtrace:
/lib/x86_64-linux-gnu/libc.so.6(+0x3bfd0)[0x7fcfdde5afd0]
/lib/x86_64-linux-gnu/libc.so.6(+0x8ad3c)[0x7fcfddea9d3c]
/lib/x86_64-linux-gnu/libc.so.6(gsignal+0x12)[0x7fcfdde5af32]
/lib/x86_64-linux-gnu/libc.so.6(abort+0xd3)[0x7fcfdde45472]
/lib/x86_64-linux-gnu/libc.so.6(+0x26395)[0x7fcfdde45395]
/lib/x86_64-linux-gnu/libc.so.6(+0x34e32)[0x7fcfdde53e32]
/home/snagendra/Fuzzing/redisraft-fuzzing/redisraft.so(+0x3caea)[0x7fcfdcdb4aea]
/home/snagendra/Fuzzing/redisraft-fuzzing/redisraft.so(callRaftPeriodic+0x478)[0x7fcfdcda5088]
/home/snagendra/Fuzzing/redis/src/redis-server 0.0.0.0:5052(moduleTimerHandler+0x21c)[0x558d072da98c]
/home/snagendra/Fuzzing/redis/src/redis-server 0.0.0.0:5052(+0x81705)[0x558d071e4705]
/home/snagendra/Fuzzing/redis/src/redis-server 0.0.0.0:5052(aeMain+0x1c8)[0x558d071eecb8]
/home/snagendra/Fuzzing/redis/src/redis-server 0.0.0.0:5052(main+0x3cd)[0x558d071e3e2d]
/lib/x86_64-linux-gnu/libc.so.6(+0x271ca)[0x7fcfdde461ca]
/lib/x86_64-linux-gnu/libc.so.6(__libc_start_main+0x85)[0x7fcfdde46285]
/home/snagendra/Fuzzing/redis/src/redis-server 0.0.0.0:5052(_start+0x2a)[0x558d071e45aa]

------ REGISTERS ------
659597:M 06 Jan 2024 16:08:12.095 # 
RAX:0000000000000000 RBX:00000000000a108d
RCX:00007fcfddea9d3c RDX:0000000000000006
RDI:00000000000a108d RSI:00000000000a108d
RBP:00007fcfdde1b1c0 RSP:00007ffe457ecf40
R8 :0000000000000007 R9 :0000558d087a7820
R10:0000000000000008 R11:0000000000000246
R12:0000000000000006 R13:00000000000006a6
R14:00007fcfdcde105c R15:0000558d072d92b0
RIP:00007fcfddea9d3c EFL:0000000000000246
CSGSFS:002b000000000033
659597:M 06 Jan 2024 16:08:12.095 # (00007ffe457ecf4f) -> 0000558d087a78d0
659597:M 06 Jan 2024 16:08:12.095 # (00007ffe457ecf4e) -> 00007fcfddff1c60
659597:M 06 Jan 2024 16:08:12.095 # (00007ffe457ecf4d) -> 00000000000002b1
659597:M 06 Jan 2024 16:08:12.095 # (00007ffe457ecf4c) -> 0000558d087a7820
659597:M 06 Jan 2024 16:08:12.095 # (00007ffe457ecf4b) -> 00000000000006a6
659597:M 06 Jan 2024 16:08:12.095 # (00007ffe457ecf4a) -> 0000000000000020
659597:M 06 Jan 2024 16:08:12.095 # (00007ffe457ecf49) -> 00007fcfdde45472
659597:M 06 Jan 2024 16:08:12.095 # (00007ffe457ecf48) -> 00007fcfddff2e70
659597:M 06 Jan 2024 16:08:12.095 # (00007ffe457ecf47) -> 00007fcfdde5af32
659597:M 06 Jan 2024 16:08:12.095 # (00007ffe457ecf46) -> 00007fcfdcde105c
659597:M 06 Jan 2024 16:08:12.095 # (00007ffe457ecf45) -> 00000000000006a6
659597:M 06 Jan 2024 16:08:12.095 # (00007ffe457ecf44) -> 00007fcfdcde0720
659597:M 06 Jan 2024 16:08:12.095 # (00007ffe457ecf43) -> 00007fcfdde1b1c0
659597:M 06 Jan 2024 16:08:12.095 # (00007ffe457ecf42) -> 0000000000000006
659597:M 06 Jan 2024 16:08:12.095 # (00007ffe457ecf41) -> 431ff5ea4988ee00
659597:M 06 Jan 2024 16:08:12.095 # (00007ffe457ecf40) -> 0000558d072d92b0

------ INFO OUTPUT ------
# Server
redis_version:255.255.255
redis_git_sha1:e04ebdb8
redis_git_dirty:1
redis_build_id:1f78dcc7b4fbdd25
redis_mode:standalone
os:Linux 6.1.60.1.amd64-smp x86_64
arch_bits:64
monotonic_clock:POSIX clock_gettime
multiplexing_api:epoll
atomicvar_api:c11-builtin
gcc_version:10.2.1
process_id:659597
process_supervised:no
run_id:a1eaffedfe4b0db9ca69196afc127bc6ee9f2c9d
tcp_port:5052
server_time_usec:1704553692094291
uptime_in_seconds:1
uptime_in_days:0
hz:10
configured_hz:10
lru_clock:10054875
executable:/home/snagendra/Fuzzing/redis/src/redis-server
config_file:
io_threads_active:0
listener0:name=tcp,bind=0.0.0.0,port=5052

# Clients
connected_clients:2
cluster_connections:0
maxclients:10000
client_recent_max_input_buffer:0
client_recent_max_output_buffer:0
blocked_clients:0
tracking_clients:0
clients_in_timeout_table:0
total_blocking_keys:0
total_blocking_keys_on_nokey:0

# Memory
used_memory:1855176
used_memory_human:1.77M
used_memory_rss:17805312
used_memory_rss_human:16.98M
used_memory_peak:1855176
used_memory_peak_human:1.77M
used_memory_peak_perc:100.38%
used_memory_overhead:1746664
used_memory_startup:1746480
used_memory_dataset:108512
used_memory_dataset_perc:99.83%
allocator_allocated:2107344
allocator_active:2654208
allocator_resident:10887168
total_system_memory:270388695040
total_system_memory_human:251.82G
used_memory_lua:31744
used_memory_vm_eval:31744
used_memory_lua_human:31.00K
used_memory_scripts_eval:0
number_of_cached_scripts:0
number_of_functions:0
number_of_libraries:0
used_memory_vm_functions:32768
used_memory_vm_total:64512
used_memory_vm_total_human:63.00K
used_memory_functions:184
used_memory_scripts:184
used_memory_scripts_human:184B
maxmemory:0
maxmemory_human:0B
maxmemory_policy:noeviction
allocator_frag_ratio:1.26
allocator_frag_bytes:546864
allocator_rss_ratio:4.10
allocator_rss_bytes:8232960
rss_overhead_ratio:1.64
rss_overhead_bytes:6918144
mem_fragmentation_ratio:10.19
mem_fragmentation_bytes:16058688
mem_not_counted_for_evict:0
mem_replication_backlog:0
mem_total_replication_buffers:0
mem_clients_slaves:0
mem_clients_normal:0
mem_cluster_links:0
mem_aof_buffer:0
mem_allocator:jemalloc-5.3.0
active_defrag_running:0
lazyfree_pending_objects:0
lazyfreed_objects:0

# Persistence
loading:0
async_loading:0
current_cow_peak:0
current_cow_size:0
current_cow_size_age:0
current_fork_perc:0.00
current_save_keys_processed:0
current_save_keys_total:0
rdb_changes_since_last_save:0
rdb_bgsave_in_progress:0
rdb_last_save_time:1704553691
rdb_last_bgsave_status:ok
rdb_last_bgsave_time_sec:-1
rdb_current_bgsave_time_sec:-1
rdb_saves:0
rdb_last_cow_size:0
rdb_last_load_keys_expired:0
rdb_last_load_keys_loaded:0
aof_enabled:0
aof_rewrite_in_progress:0
aof_rewrite_scheduled:0
aof_last_rewrite_time_sec:-1
aof_current_rewrite_time_sec:-1
aof_last_bgrewrite_status:ok
aof_rewrites:0
aof_rewrites_consecutive_failures:0
aof_last_write_status:ok
aof_last_cow_size:0
module_fork_in_progress:0
module_fork_last_cow_size:0

# Stats
total_connections_received:2
total_commands_processed:8
instantaneous_ops_per_sec:25
total_net_input_bytes:66
total_net_output_bytes:10
total_net_repl_input_bytes:0
total_net_repl_output_bytes:0
instantaneous_input_kbps:0.00
instantaneous_output_kbps:0.00
instantaneous_input_repl_kbps:0.00
instantaneous_output_repl_kbps:0.00
rejected_connections:0
sync_full:0
sync_partial_ok:0
sync_partial_err:0
expired_keys:0
expired_stale_perc:0.00
expired_time_cap_reached_count:0
expire_cycle_cpu_milliseconds:0
evicted_keys:0
evicted_clients:0
total_eviction_exceeded_time:0
current_eviction_exceeded_time:0
keyspace_hits:0
keyspace_misses:0
pubsub_channels:0
pubsub_patterns:0
pubsubshard_channels:0
latest_fork_usec:0
total_forks:0
migrate_cached_sockets:0
slave_expires_tracked_keys:0
active_defrag_hits:0
active_defrag_misses:0
active_defrag_key_hits:0
active_defrag_key_misses:0
total_active_defrag_time:0
current_active_defrag_time:0
tracking_total_keys:0
tracking_total_items:0
tracking_total_prefixes:0
unexpected_error_replies:0
total_error_replies:0
dump_payload_sanitizations:0
total_reads_processed:2
total_writes_processed:2
io_threaded_reads_processed:0
io_threaded_writes_processed:0
reply_buffer_shrinks:0
reply_buffer_expands:0
acl_access_denied_auth:0
acl_access_denied_cmd:0
acl_access_denied_key:0
acl_access_denied_channel:0

# Replication
role:master
connected_slaves:0
master_failover_state:no-failover
master_replid:bad679c9d26f35a6b74c30e8c6b3fc79c084ca1f
master_replid2:0000000000000000000000000000000000000000
master_repl_offset:0
second_repl_offset:-1
repl_backlog_active:0
repl_backlog_size:1048576
repl_backlog_first_byte_offset:0
repl_backlog_histlen:0

# CPU
used_cpu_sys:0.004272
used_cpu_user:0.012816
used_cpu_sys_children:0.000000
used_cpu_user_children:0.000000
used_cpu_sys_main_thread:0.004187
used_cpu_user_main_thread:0.012563

# Modules
module:name=raft,ver=1,api=1,filters=1,usedby=[],using=[],options=[]

# Commandstats
cmdstat_command:calls=2,usec=1454,usec_per_call=727.00,rejected_calls=0,failed_calls=0
cmdstat_config|set:calls=1,usec=10,usec_per_call=10.00,rejected_calls=0,failed_calls=0
cmdstat_config|get:calls=3,usec=5,usec_per_call=1.67,rejected_calls=0,failed_calls=0
cmdstat_auth:calls=2,usec=2,usec_per_call=1.00,rejected_calls=0,failed_calls=0

# Errorstats

# Latencystats
latency_percentiles_usec_command:p50=716.799,p99=741.375,p99.9=741.375
latency_percentiles_usec_config|set:p50=10.047,p99=10.047,p99.9=10.047
latency_percentiles_usec_config|get:p50=2.007,p99=2.007,p99.9=2.007
latency_percentiles_usec_auth:p50=1.003,p99=1.003,p99.9=1.003

# Cluster
cluster_enabled:0

# Keyspace

------ CLIENT LIST OUTPUT ------
id=8 addr=127.0.0.1:52286 laddr=127.0.0.1:5052 fd=11 name= age=0 idle=0 flags=N db=0 sub=0 psub=0 ssub=0 multi=-1 qbuf=0 qbuf-free=20474 argv-mem=0 multi-mem=0 rbs=16384 rbp=16384 obl=0 oll=0 omem=0 tot-mem=37760 events=r cmd=auth user=default redir=-1 resp=2 lib-name= lib-ver=
id=9 addr=127.0.0.1:52298 laddr=127.0.0.1:5052 fd=12 name= age=0 idle=0 flags=N db=0 sub=0 psub=0 ssub=0 multi=-1 qbuf=0 qbuf-free=20474 argv-mem=0 multi-mem=0 rbs=16384 rbp=16384 obl=0 oll=0 omem=0 tot-mem=37760 events=r cmd=auth user=default redir=-1 resp=2 lib-name= lib-ver=

------ MODULES INFO OUTPUT ------
# raft_version
raft_version:255.255.255
raft_git_sha1:b779b199

# raft_general
raft_dbid:54f484469441f8a543082d019e58aa84
raft_node_id:2
raft_state:up
raft_role:follower
raft_is_voting:no
raft_voted_for:-1
raft_leader_id:-1
raft_current_term:0
raft_num_nodes:1
raft_num_voting_nodes:0

# raft_log
raft_log_entries:0
raft_current_index:0
raft_commit_index:0
raft_last_applied_index:0
raft_file_size:101
raft_cache_memory_size:0
raft_cache_entries:0
raft_client_attached_entries:0
raft_fsync_count:0
raft_fsync_max_microseconds:0
raft_fsync_avg_microseconds:0

# raft_snapshot
raft_snapshot_filename:redis2.rdb
raft_snapshot_last_idx:0
raft_snapshot_last_term:0
raft_snapshot_size:0
raft_snapshot_time_secs:-1
raft_snapshots_created:0
raft_snapshots_received:0
raft_snapshot_in_progress:no
raft_snapshot_in_progress_last_idx:-1
raft_snapshot_in_progress_last_term:-1

# raft_clients
raft_proxy_reqs:0
raft_proxy_failed_reqs:0
raft_proxy_failed_responses:0
raft_proxy_outstanding_reqs:0

# raft_stats
raft_appendreq_received:0
raft_appendreq_with_entry_received:0
raft_snapshotreq_received:0
raft_exec_throttled:0
raft_num_sessions:0

------ CONFIG DEBUG OUTPUT ------
lazyfree-lazy-user-flush no
io-threads 1
io-threads-do-reads no
lazyfree-lazy-user-del no
slave-read-only yes
lazyfree-lazy-eviction no
repl-diskless-load disabled
replica-read-only yes
client-query-buffer-limit 1gb
activedefrag no
lazyfree-lazy-server-del no
proto-max-bulk-len 512mb
list-compress-depth 0
sanitize-dump-payload no
lazyfree-lazy-expire no
repl-diskless-sync yes

------ FAST MEMORY TEST ------
659597:M 06 Jan 2024 16:08:12.096 # Bio worker thread #0 terminated
659597:M 06 Jan 2024 16:08:12.096 # Bio worker thread #1 terminated
659597:M 06 Jan 2024 16:08:12.096 # Bio worker thread #2 terminated
*** Preparing to test memory region 558d074ba000 (2273280 bytes)
*** Preparing to test memory region 558d08752000 (405504 bytes)
*** Preparing to test memory region 7fcfd0fff000 (8388608 bytes)
*** Preparing to test memory region 7fcfd1800000 (8388608 bytes)
*** Preparing to test memory region 7fcfd2000000 (6291456 bytes)
*** Preparing to test memory region 7fcfd27fe000 (8388608 bytes)
*** Preparing to test memory region 7fcfd2fff000 (8388608 bytes)
*** Preparing to test memory region 7fcfd3800000 (8388608 bytes)
*** Preparing to test memory region 7fcfd4000000 (135168 bytes)
*** Preparing to test memory region 7fcfd836c000 (8388608 bytes)
*** Preparing to test memory region 7fcfd8b6d000 (8388608 bytes)
*** Preparing to test memory region 7fcfd936e000 (8388608 bytes)
*** Preparing to test memory region 7fcfd9b6f000 (8388608 bytes)
*** Preparing to test memory region 7fcfda370000 (8388608 bytes)
*** Preparing to test memory region 7fcfdab71000 (8388608 bytes)
*** Preparing to test memory region 7fcfdb372000 (8388608 bytes)
*** Preparing to test memory region 7fcfdbb72000 (2621440 bytes)
*** Preparing to test memory region 7fcfdc47f000 (12288 bytes)
*** Preparing to test memory region 7fcfdc4a9000 (8192 bytes)
*** Preparing to test memory region 7fcfdca18000 (16384 bytes)
*** Preparing to test memory region 7fcfdcb44000 (8192 bytes)
*** Preparing to test memory region 7fcfdcdfa000 (24576 bytes)
*** Preparing to test memory region 7fcfdd600000 (8388608 bytes)
*** Preparing to test memory region 7fcfdde01000 (12288 bytes)
*** Preparing to test memory region 7fcfdde19000 (24576 bytes)
*** Preparing to test memory region 7fcfddff3000 (53248 bytes)
*** Preparing to test memory region 7fcfde110000 (8192 bytes)
.O.O.O.O.O.O.O.O.659597:M 06 Jan 2024 16:08:12.242 # Redis 255.255.255 crashed by signal: 11, si_code: 1
659597:M 06 Jan 2024 16:08:12.242 # Accessing address: 0xffffffffffffffff
659597:M 06 Jan 2024 16:08:12.242 # Crashed running the instruction at: 0xffffffffffffffff

------ STACK TRACE ------
EIP:
[0xffffffffffffffff]

Backtrace:
/lib/x86_64-linux-gnu/libc.so.6(+0x3bfd0)[0x7fcfdde5afd0]
O./home/snagendra/Fuzzing/redis/src/redis-server 0.0.0.0:5052(invalidFunctionWasCalled+0x0)[0x558d0727ac00]
/home/snagendra/Fuzzing/redisraft-fuzzing/redisraft.so(mg_call+0x21)[0x7fcfdcdc8201]
/home/snagendra/Fuzzing/redisraft-fuzzing/redisraft.so(mg_mgr_poll+0x7c)[0x7fcfdcdd373c]
/home/snagendra/Fuzzing/redisraft-fuzzing/redisraft.so(redis_test_http_listen+0x36)[0x7fcfdcdc4e06]
/lib/x86_64-linux-gnu/libc.so.6(+0x89044)[0x7fcfddea8044]
/lib/x86_64-linux-gnu/libc.so.6(+0x10961c)[0x7fcfddf2861c]

------ REGISTERS ------
659597:M 06 Jan 2024 16:08:12.242 # 
RAX:ffffffffffffffff RBX:00007fcfd4000b70
RCX:0000000000000000 RDX:00007fcfdbb703e8
RDI:00007fcfd4000b70 RSI:0000000000000002
RBP:0000000000000002 RSP:00007fcfdbb703a8
R8 :0000000000000000 R9 :0000000000000001
R10:00007ffe457fa170 R11:00007ffe457fa1b0
R12:00007fcfdbb703e8 R13:0000000000000000
R14:0000000000000000 R15:00007fcfdb371000
RIP:ffffffffffffffff EFL:0000000000010286
CSGSFS:002b000000000033
659597:M 06 Jan 2024 16:08:12.242 # (00007fcfdbb703b7) -> 0000000000000000
659597:M 06 Jan 2024 16:08:12.242 # (00007fcfdbb703b6) -> 0000558d08795580
659597:M 06 Jan 2024 16:08:12.242 # (00007fcfdbb703b5) -> 0000558d08795580
659597:M 06 Jan 2024 16:08:12.242 # (00007fcfdbb703b4) -> 00007fcfdcdd1c5f
659597:M 06 Jan 2024 16:08:12.242 # (00007fcfdbb703b3) -> 0000558d087955f0
659597:M 06 Jan 2024 16:08:12.242 # (00007fcfdbb703b2) -> 00007fcfdb371000
659597:M 06 Jan 2024 16:08:12.242 # (00007fcfdbb703b1) -> 00007fcfdcdc4cc0
659597:M 06 Jan 2024 16:08:12.242 # (00007fcfdbb703b0) -> 000000004d222f36
659597:M 06 Jan 2024 16:08:12.242 # (00007fcfdbb703af) -> 0000558d08795270
659597:M 06 Jan 2024 16:08:12.242 # (00007fcfdbb703ae) -> 00007fcfd4000b70
659597:M 06 Jan 2024 16:08:12.242 # (00007fcfdbb703ad) -> 0000558d087955f0
659597:M 06 Jan 2024 16:08:12.242 # (00007fcfdbb703ac) -> 00007fcfdcdd373c
659597:M 06 Jan 2024 16:08:12.242 # (00007fcfdbb703ab) -> 00007fcfdbb703e8
659597:M 06 Jan 2024 16:08:12.242 # (00007fcfdbb703aa) -> 00007fcfd4000b70
659597:M 06 Jan 2024 16:08:12.242 # (00007fcfdbb703a9) -> 00007fcfdcde3950
659597:M 06 Jan 2024 16:08:12.242 # (00007fcfdbb703a8) -> 00007fcfdcdc8201

------ INFO OUTPUT ------
# Server
redis_version:255.255.255
redis_git_sha1:e04ebdb8
redis_git_dirty:1
redis_build_id:1f78dcc7b4fbdd25
redis_mode:standalone
os:Linux 6.1.60.1.amd64-smp x86_64
arch_bits:64
monotonic_clock:POSIX clock_gettime
multiplexing_api:epoll
atomicvar_api:c11-builtin
gcc_version:10.2.1
process_id:659597
process_supervised:no
run_id:a1eaffedfe4b0db9ca69196afc127bc6ee9f2c9d
tcp_port:5052
server_time_usec:1704553692094291
uptime_in_seconds:1
uptime_in_days:0
hz:10
configured_hz:10
lru_clock:10054875
executable:/home/snagendra/Fuzzing/redis/src/redis-server
config_file:
io_threads_active:0
listener0:name=tcp,bind=0.0.0.0,port=5052

# Clients
connected_clients:2
cluster_connections:0
maxclients:10000
client_recent_max_input_buffer:0
client_recent_max_output_buffer:0
blocked_clients:0
tracking_clients:0
clients_in_timeout_table:0
total_blocking_keys:0
total_blocking_keys_on_nokey:0

# Memory
used_memory:1855256
used_memory_human:1.77M
used_memory_rss:17805312
used_memory_rss_human:16.98M
used_memory_peak:1855256
used_memory_peak_human:1.77M
used_memory_peak_perc:100.00%
used_memory_overhead:1746664
used_memory_startup:1746480
used_memory_dataset:108592
used_memory_dataset_perc:99.83%
allocator_allocated:2107344
allocator_active:2654208
allocator_resident:10887168
total_system_memory:270388695040
total_system_memory_human:251.82G
used_memory_lua:31744
used_memory_vm_eval:31744
used_memory_lua_human:31.00K
used_memory_scripts_eval:0
number_of_cached_scripts:0
number_of_functions:0
number_of_libraries:0
used_memory_vm_functions:32768
used_memory_vm_total:64512
used_memory_vm_total_human:63.00K
used_memory_functions:184
used_memory_scripts:184
used_memory_scripts_human:184B
maxmemory:0
maxmemory_human:0B
maxmemory_policy:noeviction
allocator_frag_ratio:1.26
allocator_frag_bytes:546864
allocator_rss_ratio:4.10
allocator_rss_bytes:8232960
rss_overhead_ratio:1.64
rss_overhead_bytes:6918144
mem_fragmentation_ratio:10.19
mem_fragmentation_bytes:16058688
mem_not_counted_for_evict:0
mem_replication_backlog:0
mem_total_replication_buffers:0
mem_clients_slaves:0
mem_clients_normal:0
mem_cluster_links:0
mem_aof_buffer:0
mem_allocator:jemalloc-5.3.0
active_defrag_running:0
lazyfree_pending_objects:0
lazyfreed_objects:0

# Persistence
loading:0
async_loading:0
current_cow_peak:0
current_cow_size:0
current_cow_size_age:0
current_fork_perc:0.00
current_save_keys_processed:0
current_save_keys_total:0
rdb_changes_since_last_save:0
rdb_bgsave_in_progress:0
rdb_last_save_time:1704553691
rdb_last_bgsave_status:ok
rdb_last_bgsave_time_sec:-1
rdb_current_bgsave_time_sec:-1
rdb_saves:0
rdb_last_cow_size:0
rdb_last_load_keys_expired:0
rdb_last_load_keys_loaded:0
aof_enabled:0
aof_rewrite_in_progress:0
aof_rewrite_scheduled:0
aof_last_rewrite_time_sec:-1
aof_current_rewrite_time_sec:-1
aof_last_bgrewrite_status:ok
aof_rewrites:0
aof_rewrites_consecutive_failures:0
aof_last_write_status:ok
aof_last_cow_size:0
module_fork_in_progress:0
module_fork_last_cow_size:0

# Stats
total_connections_received:2
total_commands_processed:8
instantaneous_ops_per_sec:25
total_net_input_bytes:66
total_net_output_bytes:10
total_net_repl_input_bytes:0
total_net_repl_output_bytes:0
instantaneous_input_kbps:0.00
instantaneous_output_kbps:0.00
instantaneous_input_repl_kbps:0.00
instantaneous_output_repl_kbps:0.00
rejected_connections:0
sync_full:0
sync_partial_ok:0
sync_partial_err:0
expired_keys:0
expired_stale_perc:0.00
expired_time_cap_reached_count:0
expire_cycle_cpu_milliseconds:0
evicted_keys:0
evicted_clients:0
total_eviction_exceeded_time:0
current_eviction_exceeded_time:0
keyspace_hits:0
keyspace_misses:0
pubsub_channels:0
pubsub_patterns:0
pubsubshard_channels:0
latest_fork_usec:0
total_forks:0
migrate_cached_sockets:0
slave_expires_tracked_keys:0
active_defrag_hits:0
active_defrag_misses:0
active_defrag_key_hits:0
active_defrag_key_misses:0
total_active_defrag_time:0
current_active_defrag_time:0
tracking_total_keys:0
tracking_total_items:0
tracking_total_prefixes:0
unexpected_error_replies:0
total_error_replies:0
dump_payload_sanitizations:0
total_reads_processed:2
total_writes_processed:2
io_threaded_reads_processed:0
io_threaded_writes_processed:0
reply_buffer_shrinks:0
reply_buffer_expands:0
acl_access_denied_auth:0
acl_access_denied_cmd:0
acl_access_denied_key:0
acl_access_denied_channel:0

# Replication
role:master
connected_slaves:0
master_failover_state:no-failover
master_replid:bad679c9d26f35a6b74c30e8c6b3fc79c084ca1f
master_replid2:0000000000000000000000000000000000000000
master_repl_offset:0
second_repl_offset:-1
repl_backlog_active:0
repl_backlog_size:1048576
repl_backlog_first_byte_offset:0
repl_backlog_histlen:0

# CPU
used_cpu_sys:0.032297
used_cpu_user:0.133227
used_cpu_sys_children:0.000000
used_cpu_user_children:0.000000
used_cpu_sys_main_thread:0.000000
used_cpu_user_main_thread:0.000859

# Modules
module:name=raft,ver=1,api=1,filters=1,usedby=[],using=[],options=[]

# Commandstats
cmdstat_command:calls=2,usec=1454,usec_per_call=727.00,rejected_calls=0,failed_calls=0
cmdstat_config|set:calls=1,usec=10,usec_per_call=10.00,rejected_calls=0,failed_calls=0
cmdstat_config|get:calls=3,usec=5,usec_per_call=1.67,rejected_calls=0,failed_calls=0
cmdstat_auth:calls=2,usec=2,usec_per_call=1.00,rejected_calls=0,failed_calls=0

# Errorstats

# Latencystats
latency_percentiles_usec_command:p50=716.799,p99=741.375,p99.9=741.375
latency_percentiles_usec_config|set:p50=10.047,p99=10.047,p99.9=10.047
latency_percentiles_usec_config|get:p50=2.007,p99=2.007,p99.9=2.007
latency_percentiles_usec_auth:p50=1.003,p99=1.003,p99.9=1.003

# Cluster
cluster_enabled:0

# Keyspace

------ CLIENT LIST OUTPUT ------
id=8 addr=127.0.0.1:52286 laddr=127.0.0.1:5052 fd=11 name= age=0 idle=0 flags=N db=0 sub=0 psub=0 ssub=0 multi=-1 qbuf=0 qbuf-free=20474 argv-mem=0 multi-mem=0 rbs=16384 rbp=16384 obl=0 oll=0 omem=0 tot-mem=37760 events=r cmd=auth user=default redir=-1 resp=2 lib-name= lib-ver=
id=9 addr=127.0.0.1:52298 laddr=127.0.0.1:5052 fd=12 name= age=0 idle=0 flags=N db=0 sub=0 psub=0 ssub=0 multi=-1 qbuf=0 qbuf-free=20474 argv-mem=0 multi-mem=0 rbs=16384 rbp=16384 obl=0 oll=0 omem=0 tot-mem=37760 events=r cmd=auth user=default redir=-1 resp=2 lib-name= lib-ver=

------ MODULES INFO OUTPUT ------
# raft_version
raft_version:255.255.255
raft_git_sha1:b779b199

# raft_general
raft_dbid:54f484469441f8a543082d019e58aa84
raft_node_id:2
raft_state:up
raft_role:follower
raft_is_voting:no
raft_voted_for:-1
raft_leader_id:-1
raft_current_term:0
raft_num_nodes:1
raft_num_voting_nodes:0

# raft_log
raft_log_entries:0
raft_current_index:0
raft_commit_index:0
raft_last_applied_index:0
raft_file_size:101
raft_cache_memory_size:0
raft_cache_entries:0
raft_client_attached_entries:0
raft_fsync_count:0
raft_fsync_max_microseconds:0
raft_fsync_avg_microseconds:0

# raft_snapshot
raft_snapshot_filename:redis2.rdb
raft_snapshot_last_idx:0
raft_snapshot_last_term:0
raft_snapshot_size:0
raft_snapshot_time_secs:-1
raft_snapshots_created:0
raft_snapshots_received:0
raft_snapshot_in_progress:no
raft_snapshot_in_progress_last_idx:-1
raft_snapshot_in_progress_last_term:-1

# raft_clients
raft_proxy_reqs:0
raft_proxy_failed_reqs:0
raft_proxy_failed_responses:0
raft_proxy_outstanding_reqs:0

# raft_stats
raft_appendreq_received:0
raft_appendreq_with_entry_received:0
raft_snapshotreq_received:0
raft_exec_throttled:0
raft_num_sessions:0

------ CONFIG DEBUG OUTPUT ------
lazyfree-lazy-user-flush no
io-threads 1
io-threads-do-reads no
lazyfree-lazy-user-del no
slave-read-only yes
lazyfree-lazy-eviction no
repl-diskless-load disabled
replica-read-only yes
client-query-buffer-limit 1gb
activedefrag no
lazyfree-lazy-server-del no
proto-max-bulk-len 512mb
list-compress-depth 0
sanitize-dump-payload no
lazyfree-lazy-expire no
repl-diskless-sync yes

------ FAST MEMORY TEST ------
O.O.O.O.O.O.659597:signal-handler (1704553692) Received SIGINT scheduling shutdown...
659597:signal-handler (1704553692) You insist... exiting now.

----- Stderr -----
libgcov profiling error:/home/snagendra/Fuzzing/redisraft-fuzzing/build/deps/raft/CMakeFiles/raft.dir/src/raft_server.c.gcda:Merge mismatch for function 9
redis-server: /home/snagendra/Fuzzing/redisraft-fuzzing/deps/raft/src/raft_server.c:1702: raft_get_first_entry_idx: Assertion `0 < raft_get_current_idx(me)' failed.
redis-server: /home/snagendra/Fuzzing/redisraft-fuzzing/deps/raft/src/raft_server.c:1702: raft_get_first_entry_idx: Assertion `0 < raft_get_current_idx(me)' failed.
libgcov profiling error:/home/snagendra/Fuzzing/redisraft-fuzzing/build/deps/raft/CMakeFiles/raft.dir/src/raft_server.c.gcda:Merge mismatch for function 9




logs for node: 3

----- Stdout -----
658377:C 06 Jan 2024 16:08:09.102 # WARNING Memory overcommit must be enabled! Without it, a background save or replication may fail under low memory condition. Being disabled, it can also cause failures without low memory condition, see https://github.com/jemalloc/jemalloc/issues/1328. To fix this issue add 'vm.overcommit_memory = 1' to /etc/sysctl.conf and then reboot or run the command 'sysctl vm.overcommit_memory=1' for this to take effect.
658377:C 06 Jan 2024 16:08:09.102 * oO0OoO0OoO0Oo Redis is starting oO0OoO0OoO0Oo
658377:C 06 Jan 2024 16:08:09.102 * Redis version=255.255.255, bits=64, commit=e04ebdb8, modified=1, pid=658377, just started
658377:C 06 Jan 2024 16:08:09.102 * Configuration loaded
658377:M 06 Jan 2024 16:08:09.103 * monotonic clock: POSIX clock_gettime
658377:M 06 Jan 2024 16:08:09.103 * Running mode=standalone, port=5053.
658377:M 06 Jan 2024 16:08:09.110 * <raft> RedisRaft version 255.255.255 [b779b199]
658377:M 06 Jan 2024 16:08:09.115 * <raft> Initializing test network
658377:M 06 Jan 2024 16:08:09.116 * <raft> Created test network client
658377:M 06 Jan 2024 16:08:09.117 * <raft> Raft module loaded, state is 'uninitialized'
658377:M 06 Jan 2024 16:08:09.117 * Module 'raft' loaded from /home/snagendra/Fuzzing/redisraft-fuzzing/redisraft.so
658377:M 06 Jan 2024 16:08:09.117 * Server initialized
658377:M 06 Jan 2024 16:08:09.118 . The AOF directory appendonlydir doesn't exist
658377:M 06 Jan 2024 16:08:09.118 * Ready to accept connections tcp
658377:M 06 Jan 2024 16:08:09.118 . 0 clients connected (0 replicas), 1726192 bytes in use
658377:M 06 Jan 2024 16:08:09.120 - Accepted 127.0.0.1:48162
658377:M 06 Jan 2024 16:08:09.121 # Missing implement of connection type tls
658377:M 06 Jan 2024 16:08:09.217 - <raft> join cluster, connecting to localhost:5051
658377:M 06 Jan 2024 16:08:09.219 * <raft> Joined Raft cluster, node id: 3, dbid: 54f484469441f8a543082d019e58aa84
658377:M 06 Jan 2024 16:08:09.225 * <raft> Cluster Membership: term:0 index:0 nodes: id=3,voting=0,active=1,addr=-
658377:M 06 Jan 2024 16:08:09.226 * <raft> Test network starting message polling thread
658377:M 06 Jan 2024 16:08:09.233 * <raft> Cluster Membership: term:1 index:2 nodes: id=3,voting=0,active=1,addr=- id=1,voting=1,active=1,addr=localhost:5051
658377:M 06 Jan 2024 16:08:09.233 * <raft> Cluster Membership: term:1 index:3 nodes: id=3,voting=0,active=1,addr=- id=1,voting=1,active=1,addr=localhost:5051 id=2,voting=0,active=1,addr=localhost:5052
658377:M 06 Jan 2024 16:08:09.259 - Accepted 127.0.0.1:48174
658377:M 06 Jan 2024 16:08:09.619 * <raft> State change: Election starting, node is now a pre-candidate, term 1
658377:M 06 Jan 2024 16:08:09.619 * <raft> Cluster Membership: term:1 index:4 nodes: id=3,voting=0,active=1,addr=- id=1,voting=1,active=1,addr=localhost:5051 id=2,voting=0,active=1,addr=localhost:5052
658377:M 06 Jan 2024 16:08:09.668 * <raft> State change: Node is now a follower, term 1
658377:M 06 Jan 2024 16:08:09.668 * <raft> Cluster Membership: term:1 index:4 nodes: id=3,voting=0,active=1,addr=- id=1,voting=1,active=1,addr=localhost:5051 id=2,voting=0,active=1,addr=localhost:5052
658377:M 06 Jan 2024 16:08:10.022 * <raft> State change: Election starting, node is now a pre-candidate, term 1
658377:M 06 Jan 2024 16:08:10.022 * <raft> Cluster Membership: term:1 index:5 nodes: id=3,voting=1,active=1,addr=- id=1,voting=1,active=1,addr=localhost:5051 id=2,voting=0,active=1,addr=localhost:5052
658377:M 06 Jan 2024 16:08:10.200 - Client closed connection id=9 addr=127.0.0.1:48174 laddr=127.0.0.1:5053 fd=10 name= age=1 idle=1 flags=N db=0 sub=0 psub=0 ssub=0 multi=-1 qbuf=0 qbuf-free=20474 argv-mem=0 multi-mem=0 rbs=1024 rbp=0 obl=0 oll=0 omem=0 tot-mem=22400 events=r cmd=auth user=default redir=-1 resp=2 lib-name= lib-ver=
658377:M 06 Jan 2024 16:08:10.323 * <raft> State change: Election starting, node is now a pre-candidate, term 1
658377:M 06 Jan 2024 16:08:10.323 * <raft> Cluster Membership: term:1 index:5 nodes: id=3,voting=1,active=1,addr=- id=1,voting=1,active=1,addr=localhost:5051 id=2,voting=0,active=1,addr=localhost:5052
658377:signal-handler (1704553690) Received SIGINT scheduling shutdown...
658377:signal-handler (1704553690) You insist... exiting now.
659494:C 06 Jan 2024 16:08:11.857 # WARNING Memory overcommit must be enabled! Without it, a background save or replication may fail under low memory condition. Being disabled, it can also cause failures without low memory condition, see https://github.com/jemalloc/jemalloc/issues/1328. To fix this issue add 'vm.overcommit_memory = 1' to /etc/sysctl.conf and then reboot or run the command 'sysctl vm.overcommit_memory=1' for this to take effect.
659494:C 06 Jan 2024 16:08:11.857 * oO0OoO0OoO0Oo Redis is starting oO0OoO0OoO0Oo
659494:C 06 Jan 2024 16:08:11.857 * Redis version=255.255.255, bits=64, commit=e04ebdb8, modified=1, pid=659494, just started
659494:C 06 Jan 2024 16:08:11.857 * Configuration loaded
659494:M 06 Jan 2024 16:08:11.857 * monotonic clock: POSIX clock_gettime
659494:M 06 Jan 2024 16:08:11.858 * Running mode=standalone, port=5053.
659494:M 06 Jan 2024 16:08:11.864 * <raft> RedisRaft version 255.255.255 [b779b199]
659494:M 06 Jan 2024 16:08:11.868 * <raft> Initializing test network
659494:M 06 Jan 2024 16:08:11.869 * <raft> Created test network client
659494:M 06 Jan 2024 16:08:11.871 * <raft> Raft module loaded, state is 'loading'
659494:M 06 Jan 2024 16:08:11.871 * Module 'raft' loaded from /home/snagendra/Fuzzing/redisraft-fuzzing/redisraft.so
659494:M 06 Jan 2024 16:08:11.872 * Server initialized
659494:M 06 Jan 2024 16:08:11.872 . The AOF directory appendonlydir doesn't exist
659494:M 06 Jan 2024 16:08:11.872 * Ready to accept connections tcp
659494:M 06 Jan 2024 16:08:11.872 . 0 clients connected (0 replicas), 1746720 bytes in use
659494:M 06 Jan 2024 16:08:11.883 - Accepted 127.0.0.1:48234
659494:M 06 Jan 2024 16:08:11.883 # Missing implement of connection type tls
659494:M 06 Jan 2024 16:08:11.972 * <raft> Loading: Redis loading complete, snapshot NOT LOADED
659494:M 06 Jan 2024 16:08:11.972 * <raft> Cluster Membership: term:0 index:0 nodes: id=3,voting=0,active=1,addr=-
659494:M 06 Jan 2024 16:08:11.973 * <raft> Test network starting message polling thread
659494:M 06 Jan 2024 16:08:11.973 * <raft> Cluster Membership: term:0 index:5 nodes: id=3,voting=0,active=1,addr=- id=1,voting=1,active=1,addr=localhost:5051
659494:M 06 Jan 2024 16:08:11.973 * <raft> Cluster Membership: term:0 index:5 nodes: id=3,voting=0,active=1,addr=- id=1,voting=1,active=1,addr=localhost:5051 id=2,voting=0,active=1,addr=localhost:5052
659494:M 06 Jan 2024 16:08:11.973 * <raft> Raft state after loading log: log_count=5, first_idx=1, current_idx=5, last_applied_idx=0
659494:M 06 Jan 2024 16:08:11.973 . <raft> Raft term=1, vote=-1
659494:signal-handler (1704553692) Received SIGINT scheduling shutdown...
659494:signal-handler (1704553692) You insist... exiting now.

----- Stderr -----
libgcov profiling error:/home/snagendra/Fuzzing/redisraft-fuzzing/build/deps/raft/CMakeFiles/raft.dir/src/raft_server.c.gcda:Merge mismatch for function 9
libgcov profiling error:/home/snagendra/Fuzzing/redisraft-fuzzing/build/deps/raft/CMakeFiles/raft.dir/src/raft_server.c.gcda:Merge mismatch for function 9



