logs for node: 2

----- Stdout -----
1695433:C 06 Jan 2024 14:10:24.924 # WARNING Memory overcommit must be enabled! Without it, a background save or replication may fail under low memory condition. Being disabled, it can also cause failures without low memory condition, see https://github.com/jemalloc/jemalloc/issues/1328. To fix this issue add 'vm.overcommit_memory = 1' to /etc/sysctl.conf and then reboot or run the command 'sysctl vm.overcommit_memory=1' for this to take effect.
1695433:C 06 Jan 2024 14:10:24.924 * oO0OoO0OoO0Oo Redis is starting oO0OoO0OoO0Oo
1695433:C 06 Jan 2024 14:10:24.924 * Redis version=255.255.255, bits=64, commit=e04ebdb8, modified=1, pid=1695433, just started
1695433:C 06 Jan 2024 14:10:24.924 * Configuration loaded
1695433:M 06 Jan 2024 14:10:24.924 * monotonic clock: POSIX clock_gettime
1695433:M 06 Jan 2024 14:10:24.925 * Running mode=standalone, port=5042.
1695433:M 06 Jan 2024 14:10:24.931 * <raft> RedisRaft version 255.255.255 [b779b199]
1695433:M 06 Jan 2024 14:10:24.936 * <raft> Initializing test network
1695433:M 06 Jan 2024 14:10:24.936 * <raft> Created test network client
1695433:M 06 Jan 2024 14:10:24.937 * <raft> Raft module loaded, state is 'uninitialized'
1695433:M 06 Jan 2024 14:10:24.937 * Module 'raft' loaded from /home/snagendra/Fuzzing/redisraft-fuzzing/redisraft.so
1695433:M 06 Jan 2024 14:10:24.938 * Server initialized
1695433:M 06 Jan 2024 14:10:24.938 . The AOF directory appendonlydir doesn't exist
1695433:M 06 Jan 2024 14:10:24.939 * Ready to accept connections tcp
1695433:M 06 Jan 2024 14:10:24.939 . 0 clients connected (0 replicas), 1726192 bytes in use
1695433:M 06 Jan 2024 14:10:24.940 - Accepted 127.0.0.1:48138
1695433:M 06 Jan 2024 14:10:24.940 # Missing implement of connection type tls
1695433:M 06 Jan 2024 14:10:25.037 - <raft> join cluster, connecting to localhost:5041
1695433:M 06 Jan 2024 14:10:25.039 * <raft> Joined Raft cluster, node id: 2, dbid: a75670bab334f8ff9e019cc33b89e47d
1695433:M 06 Jan 2024 14:10:25.046 * <raft> Cluster Membership: term:0 index:0 nodes: id=2,voting=0,active=1,addr=-
1695433:M 06 Jan 2024 14:10:25.046 * <raft> Test network starting message polling thread
1695433:M 06 Jan 2024 14:10:25.106 - Accepted 127.0.0.1:48154
1695433:M 06 Jan 2024 14:10:25.363 - Accepted 127.0.0.1:48158
1695433:M 06 Jan 2024 14:10:25.439 * <raft> State change: Election starting, node is now a pre-candidate, term 0
1695433:M 06 Jan 2024 14:10:25.439 * <raft> Cluster Membership: term:0 index:0 nodes: id=2,voting=0,active=1,addr=-
1695433:M 06 Jan 2024 14:10:25.840 * <raft> State change: Election starting, node is now a pre-candidate, term 0
1695433:M 06 Jan 2024 14:10:25.840 * <raft> Cluster Membership: term:0 index:0 nodes: id=2,voting=0,active=1,addr=-
1695433:M 06 Jan 2024 14:10:25.981 - Client closed connection id=9 addr=127.0.0.1:48154 laddr=127.0.0.1:5042 fd=10 name= age=0 idle=0 flags=N db=0 sub=0 psub=0 ssub=0 multi=-1 qbuf=0 qbuf-free=20474 argv-mem=0 multi-mem=0 rbs=1024 rbp=0 obl=0 oll=0 omem=0 tot-mem=22400 events=r cmd=auth user=default redir=-1 resp=2 lib-name= lib-ver=
1695433:M 06 Jan 2024 14:10:25.989 * <raft> State change: Node is now a follower, term 1
1695433:M 06 Jan 2024 14:10:25.989 * <raft> Cluster Membership: term:1 index:0 nodes: id=2,voting=0,active=1,addr=-
1695433:M 06 Jan 2024 14:10:25.990 * <raft> Cluster Membership: term:1 index:2 nodes: id=2,voting=0,active=1,addr=- id=1,voting=1,active=1,addr=localhost:5041
1695433:signal-handler (1704546626) Received SIGINT scheduling shutdown...
1695433:signal-handler (1704546626) You insist... exiting now.
1696395:C 06 Jan 2024 14:10:27.190 # WARNING Memory overcommit must be enabled! Without it, a background save or replication may fail under low memory condition. Being disabled, it can also cause failures without low memory condition, see https://github.com/jemalloc/jemalloc/issues/1328. To fix this issue add 'vm.overcommit_memory = 1' to /etc/sysctl.conf and then reboot or run the command 'sysctl vm.overcommit_memory=1' for this to take effect.
1696395:C 06 Jan 2024 14:10:27.190 * oO0OoO0OoO0Oo Redis is starting oO0OoO0OoO0Oo
1696395:C 06 Jan 2024 14:10:27.190 * Redis version=255.255.255, bits=64, commit=e04ebdb8, modified=1, pid=1696395, just started
1696395:C 06 Jan 2024 14:10:27.190 * Configuration loaded
1696395:M 06 Jan 2024 14:10:27.191 * monotonic clock: POSIX clock_gettime
1696395:M 06 Jan 2024 14:10:27.191 * Running mode=standalone, port=5042.
1696395:M 06 Jan 2024 14:10:27.197 * <raft> RedisRaft version 255.255.255 [b779b199]
1696395:M 06 Jan 2024 14:10:27.201 * <raft> Initializing test network
1696395:M 06 Jan 2024 14:10:27.202 * <raft> Created test network client
1696395:M 06 Jan 2024 14:10:27.206 * <raft> Raft module loaded, state is 'loading'
1696395:M 06 Jan 2024 14:10:27.206 * Module 'raft' loaded from /home/snagendra/Fuzzing/redisraft-fuzzing/redisraft.so
1696395:M 06 Jan 2024 14:10:27.206 * Server initialized
1696395:M 06 Jan 2024 14:10:27.206 . The AOF directory appendonlydir doesn't exist
1696395:M 06 Jan 2024 14:10:27.206 * Ready to accept connections tcp
1696395:M 06 Jan 2024 14:10:27.206 . 0 clients connected (0 replicas), 1746720 bytes in use
1696395:M 06 Jan 2024 14:10:27.263 - Accepted 127.0.0.1:48272
1696395:M 06 Jan 2024 14:10:27.263 # Missing implement of connection type tls
1696395:M 06 Jan 2024 14:10:27.273 - Accepted 127.0.0.1:48280
1696395:M 06 Jan 2024 14:10:27.306 * <raft> Loading: Redis loading complete, snapshot NOT LOADED
1696395:M 06 Jan 2024 14:10:27.307 * <raft> Cluster Membership: term:0 index:0 nodes: id=2,voting=0,active=1,addr=-
1696395:M 06 Jan 2024 14:10:27.307 * <raft> Test network starting message polling thread
1696395:M 06 Jan 2024 14:10:27.307 * <raft> Cluster Membership: term:0 index:3 nodes: id=2,voting=0,active=1,addr=- id=1,voting=1,active=1,addr=localhost:5041
1696395:M 06 Jan 2024 14:10:27.307 * <raft> Raft state after loading log: log_count=3, first_idx=1, current_idx=3, last_applied_idx=0
1696395:M 06 Jan 2024 14:10:27.307 . <raft> Raft term=1, vote=-1
1696395:M 06 Jan 2024 14:10:27.578 - Client closed connection id=9 addr=127.0.0.1:48280 laddr=127.0.0.1:5042 fd=12 name= age=0 idle=0 flags=N db=0 sub=0 psub=0 ssub=0 multi=-1 qbuf=0 qbuf-free=20474 argv-mem=0 multi-mem=0 rbs=1024 rbp=0 obl=0 oll=0 omem=0 tot-mem=22400 events=r cmd=auth user=default redir=-1 resp=2 lib-name= lib-ver=
1696395:M 06 Jan 2024 14:10:27.609 * <raft> State change: Election starting, node is now a pre-candidate, term 1
1696395:M 06 Jan 2024 14:10:27.609 * <raft> Cluster Membership: term:1 index:3 nodes: id=2,voting=0,active=1,addr=- id=1,voting=1,active=1,addr=localhost:5041
1696395:signal-handler (1704546627) Received SIGINT scheduling shutdown...
1696395:signal-handler (1704546627) You insist... exiting now.
1696781:C 06 Jan 2024 14:10:27.929 # WARNING Memory overcommit must be enabled! Without it, a background save or replication may fail under low memory condition. Being disabled, it can also cause failures without low memory condition, see https://github.com/jemalloc/jemalloc/issues/1328. To fix this issue add 'vm.overcommit_memory = 1' to /etc/sysctl.conf and then reboot or run the command 'sysctl vm.overcommit_memory=1' for this to take effect.
1696781:C 06 Jan 2024 14:10:27.929 * oO0OoO0OoO0Oo Redis is starting oO0OoO0OoO0Oo
1696781:C 06 Jan 2024 14:10:27.929 * Redis version=255.255.255, bits=64, commit=e04ebdb8, modified=1, pid=1696781, just started
1696781:C 06 Jan 2024 14:10:27.929 * Configuration loaded
1696781:M 06 Jan 2024 14:10:27.930 * monotonic clock: POSIX clock_gettime
1696781:M 06 Jan 2024 14:10:27.930 * Running mode=standalone, port=5042.
1696781:M 06 Jan 2024 14:10:27.936 * <raft> RedisRaft version 255.255.255 [b779b199]
1696781:M 06 Jan 2024 14:10:27.940 * <raft> Initializing test network
1696781:M 06 Jan 2024 14:10:27.941 * <raft> Created test network client
1696781:M 06 Jan 2024 14:10:27.945 * <raft> Raft module loaded, state is 'loading'
1696781:M 06 Jan 2024 14:10:27.945 * Module 'raft' loaded from /home/snagendra/Fuzzing/redisraft-fuzzing/redisraft.so
1696781:M 06 Jan 2024 14:10:27.946 * Server initialized
1696781:M 06 Jan 2024 14:10:27.946 . The AOF directory appendonlydir doesn't exist
1696781:M 06 Jan 2024 14:10:27.946 * Ready to accept connections tcp
1696781:M 06 Jan 2024 14:10:27.946 . 0 clients connected (0 replicas), 1746720 bytes in use
1696781:M 06 Jan 2024 14:10:27.966 - Accepted 127.0.0.1:48308
1696781:M 06 Jan 2024 14:10:27.966 # Missing implement of connection type tls
1696781:M 06 Jan 2024 14:10:28.039 - Client closed connection id=8 addr=127.0.0.1:48308 laddr=127.0.0.1:5042 fd=11 name= age=1 idle=1 flags=N db=0 sub=0 psub=0 ssub=0 multi=-1 qbuf=0 qbuf-free=20474 argv-mem=0 multi-mem=0 rbs=16384 rbp=16384 obl=0 oll=0 omem=0 tot-mem=37760 events=r cmd=auth user=default redir=-1 resp=2 lib-name= lib-ver=
1696781:M 06 Jan 2024 14:10:28.046 * <raft> Loading: Redis loading complete, snapshot NOT LOADED
1696781:M 06 Jan 2024 14:10:28.046 * <raft> Cluster Membership: term:0 index:0 nodes: id=2,voting=0,active=1,addr=-
1696781:M 06 Jan 2024 14:10:28.047 * <raft> Test network starting message polling thread
1696781:M 06 Jan 2024 14:10:28.047 * <raft> Cluster Membership: term:0 index:3 nodes: id=2,voting=0,active=1,addr=- id=1,voting=1,active=1,addr=localhost:5041
1696781:M 06 Jan 2024 14:10:28.047 * <raft> Raft state after loading log: log_count=3, first_idx=1, current_idx=3, last_applied_idx=0
1696781:M 06 Jan 2024 14:10:28.047 . <raft> Raft term=1, vote=-1
1696781:signal-handler (1704546628) Received SIGINT scheduling shutdown...
1696781:signal-handler (1704546628) You insist... exiting now.
1696946:C 06 Jan 2024 14:10:28.214 # WARNING Memory overcommit must be enabled! Without it, a background save or replication may fail under low memory condition. Being disabled, it can also cause failures without low memory condition, see https://github.com/jemalloc/jemalloc/issues/1328. To fix this issue add 'vm.overcommit_memory = 1' to /etc/sysctl.conf and then reboot or run the command 'sysctl vm.overcommit_memory=1' for this to take effect.
1696946:C 06 Jan 2024 14:10:28.214 * oO0OoO0OoO0Oo Redis is starting oO0OoO0OoO0Oo
1696946:C 06 Jan 2024 14:10:28.214 * Redis version=255.255.255, bits=64, commit=e04ebdb8, modified=1, pid=1696946, just started
1696946:C 06 Jan 2024 14:10:28.214 * Configuration loaded
1696946:M 06 Jan 2024 14:10:28.215 * monotonic clock: POSIX clock_gettime
1696946:M 06 Jan 2024 14:10:28.215 * Running mode=standalone, port=5042.
1696946:M 06 Jan 2024 14:10:28.222 * <raft> RedisRaft version 255.255.255 [b779b199]
1696946:M 06 Jan 2024 14:10:28.226 * <raft> Initializing test network
1696946:M 06 Jan 2024 14:10:28.227 * <raft> Created test network client
1696946:M 06 Jan 2024 14:10:28.229 * <raft> Raft module loaded, state is 'loading'
1696946:M 06 Jan 2024 14:10:28.229 * Module 'raft' loaded from /home/snagendra/Fuzzing/redisraft-fuzzing/redisraft.so
1696946:M 06 Jan 2024 14:10:28.230 * Server initialized
1696946:M 06 Jan 2024 14:10:28.230 . The AOF directory appendonlydir doesn't exist
1696946:M 06 Jan 2024 14:10:28.230 * Ready to accept connections tcp
1696946:M 06 Jan 2024 14:10:28.230 . 0 clients connected (0 replicas), 1746688 bytes in use
1696946:M 06 Jan 2024 14:10:28.302 - Accepted 127.0.0.1:48320
1696946:M 06 Jan 2024 14:10:28.302 # Missing implement of connection type tls
1696946:M 06 Jan 2024 14:10:28.330 * <raft> Loading: Redis loading complete, snapshot NOT LOADED
1696946:M 06 Jan 2024 14:10:28.330 * <raft> Cluster Membership: term:0 index:0 nodes: id=2,voting=0,active=1,addr=-
1696946:M 06 Jan 2024 14:10:28.330 * <raft> Test network starting message polling thread
1696946:M 06 Jan 2024 14:10:28.331 * <raft> Cluster Membership: term:0 index:3 nodes: id=2,voting=0,active=1,addr=- id=1,voting=1,active=1,addr=localhost:5041
1696946:M 06 Jan 2024 14:10:28.331 * <raft> Raft state after loading log: log_count=3, first_idx=1, current_idx=3, last_applied_idx=0
1696946:M 06 Jan 2024 14:10:28.331 . <raft> Raft term=1, vote=-1
1696946:M 06 Jan 2024 14:10:28.378 - Client closed connection id=8 addr=127.0.0.1:48320 laddr=127.0.0.1:5042 fd=11 name= age=0 idle=0 flags=N db=0 sub=0 psub=0 ssub=0 multi=-1 qbuf=0 qbuf-free=20474 argv-mem=0 multi-mem=0 rbs=16384 rbp=0 obl=0 oll=0 omem=0 tot-mem=37760 events=r cmd=auth user=default redir=-1 resp=2 lib-name= lib-ver=
1696946:signal-handler (1704546628) Received SIGINT scheduling shutdown...
1696946:signal-handler (1704546628) You insist... exiting now.

----- Stderr -----
libgcov profiling error:/home/snagendra/Fuzzing/redisraft-fuzzing/build/deps/raft/CMakeFiles/raft.dir/src/raft_server.c.gcda:Merge mismatch for function 9
libgcov profiling error:/home/snagendra/Fuzzing/redisraft-fuzzing/build/deps/raft/CMakeFiles/raft.dir/src/raft_server.c.gcda:Merge mismatch for function 9
libgcov profiling error:/home/snagendra/Fuzzing/redisraft-fuzzing/build/deps/raft/CMakeFiles/raft.dir/src/raft_server.c.gcda:Merge mismatch for function 9
libgcov profiling error:/home/snagendra/Fuzzing/redisraft-fuzzing/build/deps/raft/CMakeFiles/raft.dir/src/raft_server.c.gcda:Merge mismatch for function 9




logs for node: 3

----- Stdout -----
1695473:C 06 Jan 2024 14:10:25.049 # WARNING Memory overcommit must be enabled! Without it, a background save or replication may fail under low memory condition. Being disabled, it can also cause failures without low memory condition, see https://github.com/jemalloc/jemalloc/issues/1328. To fix this issue add 'vm.overcommit_memory = 1' to /etc/sysctl.conf and then reboot or run the command 'sysctl vm.overcommit_memory=1' for this to take effect.
1695473:C 06 Jan 2024 14:10:25.049 * oO0OoO0OoO0Oo Redis is starting oO0OoO0OoO0Oo
1695473:C 06 Jan 2024 14:10:25.049 * Redis version=255.255.255, bits=64, commit=e04ebdb8, modified=1, pid=1695473, just started
1695473:C 06 Jan 2024 14:10:25.049 * Configuration loaded
1695473:M 06 Jan 2024 14:10:25.049 * monotonic clock: POSIX clock_gettime
1695473:M 06 Jan 2024 14:10:25.050 * Running mode=standalone, port=5043.
1695473:M 06 Jan 2024 14:10:25.056 * <raft> RedisRaft version 255.255.255 [b779b199]
1695473:M 06 Jan 2024 14:10:25.061 * <raft> Initializing test network
1695473:M 06 Jan 2024 14:10:25.061 * <raft> Created test network client
1695473:M 06 Jan 2024 14:10:25.062 * <raft> Raft module loaded, state is 'uninitialized'
1695473:M 06 Jan 2024 14:10:25.062 * Module 'raft' loaded from /home/snagendra/Fuzzing/redisraft-fuzzing/redisraft.so
1695473:M 06 Jan 2024 14:10:25.063 * Server initialized
1695473:M 06 Jan 2024 14:10:25.063 . The AOF directory appendonlydir doesn't exist
1695473:M 06 Jan 2024 14:10:25.064 * Ready to accept connections tcp
1695473:M 06 Jan 2024 14:10:25.064 . 0 clients connected (0 replicas), 1726192 bytes in use
1695473:M 06 Jan 2024 14:10:25.072 - Accepted 127.0.0.1:56428
1695473:M 06 Jan 2024 14:10:25.072 # Missing implement of connection type tls
1695473:M 06 Jan 2024 14:10:25.162 - <raft> join cluster, connecting to localhost:5041
1695473:M 06 Jan 2024 14:10:25.164 * <raft> Joined Raft cluster, node id: 3, dbid: a75670bab334f8ff9e019cc33b89e47d
1695473:M 06 Jan 2024 14:10:25.171 * <raft> Cluster Membership: term:0 index:0 nodes: id=3,voting=0,active=1,addr=-
1695473:M 06 Jan 2024 14:10:25.172 * <raft> Test network starting message polling thread
1695473:M 06 Jan 2024 14:10:25.207 - Accepted 127.0.0.1:56434
1695473:M 06 Jan 2024 14:10:25.332 * <raft> Cluster Membership: term:1 index:2 nodes: id=3,voting=0,active=1,addr=- id=1,voting=1,active=1,addr=localhost:5041
1695473:M 06 Jan 2024 14:10:25.332 * <raft> Cluster Membership: term:1 index:3 nodes: id=3,voting=0,active=1,addr=- id=1,voting=1,active=1,addr=localhost:5041 id=2,voting=0,active=1,addr=localhost:5042
1695473:M 06 Jan 2024 14:10:25.981 - Client closed connection id=9 addr=127.0.0.1:56434 laddr=127.0.0.1:5043 fd=10 name= age=0 idle=0 flags=N db=0 sub=0 psub=0 ssub=0 multi=-1 qbuf=0 qbuf-free=20474 argv-mem=0 multi-mem=0 rbs=1024 rbp=0 obl=0 oll=0 omem=0 tot-mem=22400 events=r cmd=auth user=default redir=-1 resp=2 lib-name= lib-ver=
1695473:M 06 Jan 2024 14:10:26.368 * <raft> State change: Election starting, node is now a pre-candidate, term 1
1695473:M 06 Jan 2024 14:10:26.368 * <raft> Cluster Membership: term:1 index:5 nodes: id=3,voting=1,active=1,addr=- id=1,voting=1,active=1,addr=localhost:5041 id=2,voting=0,active=1,addr=localhost:5042
1695473:M 06 Jan 2024 14:10:26.669 * <raft> State change: Election starting, node is now a pre-candidate, term 1
1695473:M 06 Jan 2024 14:10:26.669 * <raft> Cluster Membership: term:1 index:5 nodes: id=3,voting=1,active=1,addr=- id=1,voting=1,active=1,addr=localhost:5041 id=2,voting=0,active=1,addr=localhost:5042
1695473:M 06 Jan 2024 14:10:26.761 - Accepted 127.0.0.1:56440
1695473:M 06 Jan 2024 14:10:26.971 * <raft> State change: Election starting, node is now a pre-candidate, term 1
1695473:M 06 Jan 2024 14:10:26.971 * <raft> Cluster Membership: term:1 index:5 nodes: id=3,voting=1,active=1,addr=- id=1,voting=1,active=1,addr=localhost:5041 id=2,voting=0,active=1,addr=localhost:5042
1695473:M 06 Jan 2024 14:10:27.273 * <raft> State change: Election starting, node is now a pre-candidate, term 1
1695473:M 06 Jan 2024 14:10:27.273 * <raft> Cluster Membership: term:1 index:5 nodes: id=3,voting=1,active=1,addr=- id=1,voting=1,active=1,addr=localhost:5041 id=2,voting=0,active=1,addr=localhost:5042
1695473:signal-handler (1704546627) Received SIGINT scheduling shutdown...
1695473:signal-handler (1704546627) Received SIGINT scheduling shutdown...
1696754:C 06 Jan 2024 14:10:27.898 # WARNING Memory overcommit must be enabled! Without it, a background save or replication may fail under low memory condition. Being disabled, it can also cause failures without low memory condition, see https://github.com/jemalloc/jemalloc/issues/1328. To fix this issue add 'vm.overcommit_memory = 1' to /etc/sysctl.conf and then reboot or run the command 'sysctl vm.overcommit_memory=1' for this to take effect.
1696754:C 06 Jan 2024 14:10:27.898 * oO0OoO0OoO0Oo Redis is starting oO0OoO0OoO0Oo
1696754:C 06 Jan 2024 14:10:27.898 * Redis version=255.255.255, bits=64, commit=e04ebdb8, modified=1, pid=1696754, just started
1696754:C 06 Jan 2024 14:10:27.898 * Configuration loaded
1696754:M 06 Jan 2024 14:10:27.899 * monotonic clock: POSIX clock_gettime
1696754:M 06 Jan 2024 14:10:27.899 * Running mode=standalone, port=5043.
1696754:M 06 Jan 2024 14:10:27.905 * <raft> RedisRaft version 255.255.255 [b779b199]
1696754:M 06 Jan 2024 14:10:27.910 * <raft> Initializing test network
1696754:M 06 Jan 2024 14:10:27.910 * <raft> Created test network client
1696754:M 06 Jan 2024 14:10:27.913 * <raft> Raft module loaded, state is 'loading'
1696754:M 06 Jan 2024 14:10:27.913 * Module 'raft' loaded from /home/snagendra/Fuzzing/redisraft-fuzzing/redisraft.so
1696754:M 06 Jan 2024 14:10:27.914 * Server initialized
1696754:M 06 Jan 2024 14:10:27.914 . The AOF directory appendonlydir doesn't exist
1696754:M 06 Jan 2024 14:10:27.914 * Ready to accept connections tcp
1696754:M 06 Jan 2024 14:10:27.914 . 0 clients connected (0 replicas), 1746720 bytes in use
1696754:M 06 Jan 2024 14:10:27.966 - Accepted 127.0.0.1:56472
1696754:M 06 Jan 2024 14:10:27.966 # Missing implement of connection type tls
1696754:M 06 Jan 2024 14:10:28.014 * <raft> Loading: Redis loading complete, snapshot NOT LOADED
1696754:M 06 Jan 2024 14:10:28.014 * <raft> Cluster Membership: term:0 index:0 nodes: id=3,voting=0,active=1,addr=-
1696754:M 06 Jan 2024 14:10:28.014 * <raft> Test network starting message polling thread


=== REDIS BUG REPORT START: Cut & paste starting from here ===
1696754:M 06 Jan 2024 14:10:28.014 # === ASSERTION FAILED ===
1696754:M 06 Jan 2024 14:10:28.014 # ==> /home/snagendra/Fuzzing/redisraft-fuzzing/src/log.c:509 'ety != NULL' is not true
1696754:M 06 Jan 2024 14:10:28.014 # === ASSERTION FAILED ===
1696754:M 06 Jan 2024 14:10:28.014 # ==> /home/snagendra/Fuzzing/redisraft-fuzzing/src/log.c:509 'ety != NULL' is not true

------ STACK TRACE ------

Backtrace:
/home/snagendra/Fuzzing/redisraft-fuzzing/redisraft.so(+0x25e00)[0x7f9b8b52fe00]

------ STACK TRACE ------

Backtrace:
/home/snagendra/Fuzzing/redisraft-fuzzing/redisraft.so(LogGet+0x60)[0x7f9b8b5311b0]
/home/snagendra/Fuzzing/redisraft-fuzzing/redisraft.so(+0x272ef)[0x7f9b8b5312ef]
/home/snagendra/Fuzzing/redisraft-fuzzing/redisraft.so(+0x25e00)[0x7f9b8b52fe00]
/home/snagendra/Fuzzing/redisraft-fuzzing/redisraft.so(raft_get_entry_from_idx+0x1a)[0x7f9b8b54545a]
/home/snagendra/Fuzzing/redisraft-fuzzing/redisraft.so(raft_get_last_log_term+0x36)[0x7f9b8b54b346]
/home/snagendra/Fuzzing/redisraft-fuzzing/redisraft.so(LogGet+0x60)[0x7f9b8b5311b0]
/home/snagendra/Fuzzing/redisraft-fuzzing/redisraft.so(raft_recv_requestvote+0x16f)[0x7f9b8b54608f]
/home/snagendra/Fuzzing/redisraft-fuzzing/redisraft.so(handleTestNetworkMessage+0x1a2)[0x7f9b8b53f512]
/home/snagendra/Fuzzing/redisraft-fuzzing/redisraft.so(poll_redis_test_messages+0x89)[0x7f9b8b53f5c9]
/lib/x86_64-linux-gnu/libc.so.6(+0x89044)[0x7f9b8b620044]
/lib/x86_64-linux-gnu/libc.so.6(+0x10961c)[0x7f9b8b6a061c]

------ INFO OUTPUT ------
/home/snagendra/Fuzzing/redisraft-fuzzing/redisraft.so(+0x272ef)[0x7f9b8b5312ef]
/home/snagendra/Fuzzing/redisraft-fuzzing/redisraft.so(raft_restore_log+0x54)[0x7f9b8b54a8d4]
/home/snagendra/Fuzzing/redisraft-fuzzing/redisraft.so(callRaftPeriodic+0x131)[0x7f9b8b536d41]
/home/snagendra/Fuzzing/redis/src/redis-server 0.0.0.0:5043(moduleTimerHandler+0x21c)[0x557d31fd198c]
/home/snagendra/Fuzzing/redis/src/redis-server 0.0.0.0:5043(+0x81705)[0x557d31edb705]
/home/snagendra/Fuzzing/redis/src/redis-server 0.0.0.0:5043(aeMain+0x1c8)[0x557d31ee5cb8]
/home/snagendra/Fuzzing/redis/src/redis-server 0.0.0.0:5043(main+0x3cd)[0x557d31edae2d]
/lib/x86_64-linux-gnu/libc.so.6(+0x271ca)[0x7f9b8b5be1ca]
/lib/x86_64-linux-gnu/libc.so.6(__libc_start_main+0x85)[0x7f9b8b5be285]
/home/snagendra/Fuzzing/redis/src/redis-server 0.0.0.0:5043(_start+0x2a)[0x557d31edb5aa]

------ INFO OUTPUT ------
# Server
redis_version:255.255.255
redis_git_sha1:e04ebdb8
redis_git_dirty:1
redis_build_id:1f78dcc7b4fbdd25
redis_mode:standalone
os:Linux 6.1.60.1.amd64-smp x86_64
arch_bits:64
monotonic_clock:POSIX clock_gettime
multiplexing_api:epoll
atomicvar_api:c11-builtin
gcc_version:10.2.1
process_id:1696754
process_supervised:no
run_id:4daec1f848b8204fc5e8c4c255a37da4e9216e78
tcp_port:5043
server_time_usec:1704546628014110
uptime_in_seconds:1
uptime_in_days:0
hz:10
configured_hz:10
lru_clock:10047811
executable:/home/snagendra/Fuzzing/redis/src/redis-server
config_file:
io_threads_active:0
listener0:name=tcp,bind=0.0.0.0,port=5043

# Clients
connected_clients:1
cluster_connections:0
maxclients:10000
client_recent_max_input_buffer:0
client_recent_max_output_buffer:0
blocked_clients:0
tracking_clients:0
clients_in_timeout_table:0
total_blocking_keys:0
total_blocking_keys_on_nokey:0

# Memory
used_memory:1816928
used_memory_human:1.73M
used_memory_rss:17670144
used_memory_rss_human:16.85M
used_memory_peak:1816928
used_memory_peak_human:1.73M
used_memory_peak_perc:100.39%
used_memory_overhead:1746760
used_memory_startup:1746576
used_memory_dataset:70168
used_memory_dataset_perc:99.74%
allocator_allocated:2104488
allocator_active:2650112
allocator_resident:10883072
total_system_memory:270388695040
total_system_memory_human:251.82G
used_memory_lua:31744
used_memory_vm_eval:31744
used_memory_lua_human:31.00K
used_memory_scripts_eval:0
number_of_cached_scripts:0
number_of_functions:0
number_of_libraries:0
used_memory_vm_functions:32768
used_memory_vm_total:64512
used_memory_vm_total_human:63.00K
used_memory_functions:184
used_memory_scripts:184
used_memory_scripts_human:184B
maxmemory:0
maxmemory_human:0B
maxmemory_policy:noeviction
allocator_frag_ratio:1.26
allocator_frag_bytes:545624
allocator_rss_ratio:4.11
allocator_rss_bytes:8232960
rss_overhead_ratio:1.62
rss_overhead_bytes:6787072
mem_fragmentation_ratio:10.12
mem_fragmentation_bytes:15923424
mem_not_counted_for_evict:0
mem_replication_backlog:0
mem_total_replication_buffers:0
mem_clients_slaves:0
mem_clients_normal:0
mem_cluster_links:0
mem_aof_buffer:0
mem_allocator:jemalloc-5.3.0
active_defrag_running:0
lazyfree_pending_objects:0
lazyfreed_objects:0

# Persistence
loading:0
async_loading:0
current_cow_peak:0
current_cow_size:0
current_cow_size_age:0
current_fork_perc:0.00
current_save_keys_processed:0
current_save_keys_total:0
rdb_changes_since_last_save:0
rdb_bgsave_in_progress:0
rdb_last_save_time:1704546627
rdb_last_bgsave_status:ok
rdb_last_bgsave_time_sec:-1
rdb_current_bgsave_time_sec:-1
rdb_saves:0
rdb_last_cow_size:0
rdb_last_load_keys_expired:0
rdb_last_load_keys_loaded:0
aof_enabled:0
aof_rewrite_in_progress:0
aof_rewrite_scheduled:0
aof_last_rewrite_time_sec:-1
aof_current_rewrite_time_sec:-1
aof_last_bgrewrite_status:ok
aof_rewrites:0
aof_rewrites_consecutive_failures:0
aof_last_write_status:ok
aof_last_cow_size:0
module_fork_in_progress:0
module_fork_last_cow_size:0

# Stats
total_connections_received:1
total_commands_processed:7
instantaneous_ops_per_sec:25
total_net_input_bytes:33
total_net_output_bytes:5
total_net_repl_input_bytes:0
total_net_repl_output_bytes:0
instantaneous_input_kbps:0.00
instantaneous_output_kbps:0.00
instantaneous_input_repl_kbps:0.00
instantaneous_output_repl_kbps:0.00
rejected_connections:0
sync_full:0
sync_partial_ok:0
sync_partial_err:0
expired_keys:0
expired_stale_perc:0.00
expired_time_cap_reached_count:0
expire_cycle_cpu_milliseconds:0
evicted_keys:0
evicted_clients:0
total_eviction_exceeded_time:0
current_eviction_exceeded_time:0
keyspace_hits:0
keyspace_misses:0
pubsub_channels:0
pubsub_patterns:0
pubsubshard_channels:0
latest_fork_usec:0
total_forks:0
migrate_cached_sockets:0
slave_expires_tracked_keys:0
active_defrag_hits:0
active_defrag_misses:0
active_defrag_key_hits:0
active_defrag_key_misses:0
total_active_defrag_time:0
current_active_defrag_time:0
tracking_total_keys:0
tracking_total_items:0
tracking_total_prefixes:0
unexpected_error_replies:0
total_error_replies:0
dump_payload_sanitizations:0
total_reads_processed:1
total_writes_processed:1
io_threaded_reads_processed:0
io_threaded_writes_processed:0
reply_buffer_shrinks:0
reply_buffer_expands:0
acl_access_denied_auth:0
acl_access_denied_cmd:0
acl_access_denied_key:0
acl_access_denied_channel:0

# Replication
role:master
connected_slaves:0
master_failover_state:no-failover
master_replid:198663260f41a3397e43b24d3d0ef634a7e6c07b
master_replid2:0000000000000000000000000000000000000000
master_repl_offset:0
second_repl_offset:-1
repl_backlog_active:0
repl_backlog_size:1048576
repl_backlog_first_byte_offset:0
repl_backlog_histlen:0

# CPU
used_cpu_sys:0.008985
used_cpu_user:0.008985
used_cpu_sys_children:0.000000
used_cpu_user_children:0.000000
used_cpu_sys_main_thread:0.000000
used_cpu_user_main_thread:0.000738

# Modules
module:name=raft,ver=1,api=1,filters=1,usedby=[],using=[],options=[]

# Commandstats
cmdstat_command:calls=2,usec=1542,usec_per_call=771.00,rejected_calls=0,failed_calls=0
cmdstat_auth:calls=1,usec=2,usec_per_call=2.00,rejected_calls=0,failed_calls=0
cmdstat_config|set:calls=1,usec=6,usec_per_call=6.00,rejected_calls=0,failed_calls=0
cmdstat_config|get:calls=3,usec=5,usec_per_call=1.67,rejected_calls=0,failed_calls=0

# Errorstats

# Latencystats
latency_percentiles_usec_command:p50=737.279,p99=811.007,p99.9=811.007
latency_percentiles_usec_auth:p50=2.007,p99=2.007,p99.9=2.007
latency_percentiles_usec_config|set:p50=6.015,p99=6.015,p99.9=6.015
latency_percentiles_usec_config|get:p50=2.007,p99=2.007,p99.9=2.007

# Cluster
cluster_enabled:0

# Keyspace

------ CLIENT LIST OUTPUT ------
id=8 addr=127.0.0.1:56472 laddr=127.0.0.1:5043 fd=11 name= age=1 idle=1 flags=N db=0 sub=0 psub=0 ssub=0 multi=-1 qbuf=0 qbuf-free=20474 argv-mem=0 multi-mem=0 rbs=16384 rbp=16384 obl=0 oll=0 omem=0 tot-mem=37760 events=r cmd=auth user=default redir=-1 resp=2 lib-name= lib-ver=

------ MODULES INFO OUTPUT ------
# raft_version
raft_version:255.255.255
raft_git_sha1:b779b199

# raft_general
raft_dbid:a75670bab334f8ff9e019cc33b89e47d
raft_node_id:3
raft_state:up
raft_role:follower
raft_is_voting:no
raft_voted_for:-1
raft_leader_id:-1
raft_current_term:0
raft_num_nodes:1
raft_num_voting_nodes:0

# raft_log
raft_log_entries:5
raft_current_index:5
raft_commit_index:0
raft_last_applied_index:0
raft_file_size:1527
raft_cache_memory_size:0
raft_cache_entries:0
raft_client_attached_entries:0
raft_fsync_count:0
raft_fsync_max_microseconds:0
raft_entry1:term=1,id=0,data_len=0
raft_entry2:term=1,id=452726606,data_len=264
raft_entry3:term=1,id=1774946907,data_len=264
raft_entry4:term=1,id=2005422180,data_len=264
raft_fsync_avg_microseconds:0

# raft_snapshot
raft_snapshot_filename:redis3.rdb
raft_snapshot_last_idx:0
raft_snapshot_last_term:0
raft_snapshot_size:0
raft_snapshot_time_secs:-1
raft_snapshots_created:0
raft_snapshots_received:0
raft_snapshot_in_progress:no
raft_snapshot_in_progress_last_idx:-1
raft_snapshot_in_progress_last_term:-1

# raft_clients
raft_proxy_reqs:0
raft_proxy_failed_reqs:0
raft_proxy_failed_responses:0
raft_proxy_outstanding_reqs:0

# raft_stats
raft_appendreq_received:0
raft_appendreq_with_entry_received:0
raft_snapshotreq_received:0
raft_exec_throttled:0
raft_num_sessions:0
# Server
redis_version:255.255.255
redis_git_sha1:e04ebdb8
redis_git_dirty:1
redis_build_id:1f78dcc7b4fbdd25
redis_mode:standalone
os:Linux 6.1.60.1.amd64-smp x86_64
arch_bits:64
monotonic_clock:POSIX clock_gettime
multiplexing_api:epoll
atomicvar_api:c11-builtin
gcc_version:10.2.1
process_id:1696754
process_supervised:no
run_id:4daec1f848b8204fc5e8c4c255a37da4e9216e78
tcp_port:5043
server_time_usec:1704546628014110
uptime_in_seconds:1
uptime_in_days:0
hz:10
configured_hz:10
lru_clock:10047811
executable:/home/snagendra/Fuzzing/redis/src/redis-server
config_file:
io_threads_active:0
listener0:name=tcp,bind=0.0.0.0,port=5043

# Clients
connected_clients:1
cluster_connections:0
maxclients:10000
client_recent_max_input_buffer:0
client_recent_max_output_buffer:0
blocked_clients:0
tracking_clients:0
clients_in_timeout_table:0
total_blocking_keys:0
total_blocking_keys_on_nokey:0

# Memory
used_memory:1829328
used_memory_human:1.74M
used_memory_rss:17670144
used_memory_rss_human:16.85M
used_memory_peak:1829328
used_memory_peak_human:1.74M
used_memory_peak_perc:100.68%
used_memory_overhead:1746760
used_memory_startup:1746576
used_memory_dataset:82568
used_memory_dataset_perc:99.78%
allocator_allocated:2104488
allocator_active:2650112
allocator_resident:10883072
total_system_memory:270388695040
total_system_memory_human:251.82G
used_memory_lua:31744
used_memory_vm_eval:31744
used_memory_lua_human:31.00K
used_memory_scripts_eval:0
number_of_cached_scripts:0
number_of_functions:0
number_of_libraries:0
used_memory_vm_functions:32768
used_memory_vm_total:64512
used_memory_vm_total_human:63.00K
used_memory_functions:184
used_memory_scripts:184
used_memory_scripts_human:184B
maxmemory:0
maxmemory_human:0B
maxmemory_policy:noeviction
allocator_frag_ratio:1.26
allocator_frag_bytes:545624
allocator_rss_ratio:4.11
allocator_rss_bytes:8232960
rss_overhead_ratio:1.62
rss_overhead_bytes:6787072
mem_fragmentation_ratio:10.12
mem_fragmentation_bytes:15923424
mem_not_counted_for_evict:0
mem_replication_backlog:0
mem_total_replication_buffers:0
mem_clients_slaves:0
mem_clients_normal:0
mem_cluster_links:0
mem_aof_buffer:0
mem_allocator:jemalloc-5.3.0
active_defrag_running:0
lazyfree_pending_objects:0
lazyfreed_objects:0

# Persistence
loading:0
async_loading:0
current_cow_peak:0
current_cow_size:0
current_cow_size_age:0
current_fork_perc:0.00
current_save_keys_processed:0
current_save_keys_total:0
rdb_changes_since_last_save:0
rdb_bgsave_in_progress:0
rdb_last_save_time:1704546627
rdb_last_bgsave_status:ok
rdb_last_bgsave_time_sec:-1
rdb_current_bgsave_time_sec:-1
rdb_saves:0
rdb_last_cow_size:0
rdb_last_load_keys_expired:0
rdb_last_load_keys_loaded:0
aof_enabled:0
aof_rewrite_in_progress:0
aof_rewrite_scheduled:0
aof_last_rewrite_time_sec:-1
aof_current_rewrite_time_sec:-1
aof_last_bgrewrite_status:ok
aof_rewrites:0
aof_rewrites_consecutive_failures:0
aof_last_write_status:ok
aof_last_cow_size:0
module_fork_in_progress:0
module_fork_last_cow_size:0

# Stats
total_connections_received:1
total_commands_processed:7
instantaneous_ops_per_sec:25
total_net_input_bytes:33
total_net_output_bytes:5
total_net_repl_input_bytes:0
total_net_repl_output_bytes:0
instantaneous_input_kbps:0.00
instantaneous_output_kbps:0.00
instantaneous_input_repl_kbps:0.00
instantaneous_output_repl_kbps:0.00
rejected_connections:0
sync_full:0
sync_partial_ok:0
sync_partial_err:0
expired_keys:0
expired_stale_perc:0.00
expired_time_cap_reached_count:0
expire_cycle_cpu_milliseconds:0
evicted_keys:0
evicted_clients:0
total_eviction_exceeded_time:0
current_eviction_exceeded_time:0
keyspace_hits:0
keyspace_misses:0
pubsub_channels:0
pubsub_patterns:0
pubsubshard_channels:0
latest_fork_usec:0
total_forks:0
migrate_cached_sockets:0
slave_expires_tracked_keys:0
active_defrag_hits:0
active_defrag_misses:0
active_defrag_key_hits:0
active_defrag_key_misses:0
total_active_defrag_time:0
current_active_defrag_time:0
tracking_total_keys:0
tracking_total_items:0
tracking_total_prefixes:0
unexpected_error_replies:0
total_error_replies:0
dump_payload_sanitizations:0
total_reads_processed:1
total_writes_processed:1
io_threaded_reads_processed:0
io_threaded_writes_processed:0
reply_buffer_shrinks:0
reply_buffer_expands:0
acl_access_denied_auth:0
acl_access_denied_cmd:0
acl_access_denied_key:0
acl_access_denied_channel:0

# Replication
role:master
connected_slaves:0
master_failover_state:no-failover
master_replid:198663260f41a3397e43b24d3d0ef634a7e6c07b
master_replid2:0000000000000000000000000000000000000000
master_repl_offset:0
second_repl_offset:-1
repl_backlog_active:0
repl_backlog_size:1048576
repl_backlog_first_byte_offset:0
repl_backlog_histlen:0

# CPU
used_cpu_sys:0.009191
used_cpu_user:0.009191
used_cpu_sys_children:0.000000
used_cpu_user_children:0.000000
used_cpu_sys_main_thread:0.008363
used_cpu_user_main_thread:0.008363

# Modules
module:name=raft,ver=1,api=1,filters=1,usedby=[],using=[],options=[]

# Commandstats
cmdstat_command:calls=2,usec=1542,usec_per_call=771.00,rejected_calls=0,failed_calls=0
cmdstat_auth:calls=1,usec=2,usec_per_call=2.00,rejected_calls=0,failed_calls=0
cmdstat_config|set:calls=1,usec=6,usec_per_call=6.00,rejected_calls=0,failed_calls=0
cmdstat_config|get:calls=3,usec=5,usec_per_call=1.67,rejected_calls=0,failed_calls=0

# Errorstats

# Latencystats
latency_percentiles_usec_command:p50=737.279,p99=811.007,p99.9=811.007
latency_percentiles_usec_auth:p50=2.007,p99=2.007,p99.9=2.007
latency_percentiles_usec_config|set:p50=6.015,p99=6.015,p99.9=6.015
latency_percentiles_usec_config|get:p50=2.007,p99=2.007,p99.9=2.007

# Cluster
cluster_enabled:0

# Keyspace

------ CLIENT LIST OUTPUT ------
id=8 addr=127.0.0.1:56472 laddr=127.0.0.1:5043 fd=11 name= age=1 idle=1 flags=N db=0 sub=0 psub=0 ssub=0 multi=-1 qbuf=0 qbuf-free=20474 argv-mem=0 multi-mem=0 rbs=16384 rbp=16384 obl=0 oll=0 omem=0 tot-mem=37760 events=r cmd=auth user=default redir=-1 resp=2 lib-name= lib-ver=

------ MODULES INFO OUTPUT ------

------ CONFIG DEBUG OUTPUT ------
replica-read-only yes
io-threads-do-reads no
sanitize-dump-payload no
proto-max-bulk-len 512mb
lazyfree-lazy-eviction no
activedefrag no
client-query-buffer-limit 1gb
io-threads 1
lazyfree-lazy-user-del no
slave-read-only yes
lazyfree-lazy-server-del no
repl-diskless-load disabled
repl-diskless-sync yes
list-compress-depth 0
lazyfree-lazy-expire no
lazyfree-lazy-user-flush no

------ FAST MEMORY TEST ------
1696754:M 06 Jan 2024 14:10:28.016 # main thread terminated
1696754:M 06 Jan 2024 14:10:28.016 # Bio worker thread #0 terminated
1696754:M 06 Jan 2024 14:10:28.016 # Bio worker thread #1 terminated
1696754:M 06 Jan 2024 14:10:28.016 # Bio worker thread #2 terminated

Fast memory test PASSED, however your memory can still be broken. Please run a memory test for several hours if possible.

=== REDIS BUG REPORT END. Make sure to include from START to END. ===

       Please report the crash by opening an issue on github:

           http://github.com/redis/redis/issues

  If a Redis module was involved, please open in the module's repo instead.

  Suspect RAM error? Use redis-server --test-memory to verify it.

  Some other issues could be detected by redis-server --check-system

----- Stderr -----




logs for node: 1

----- Stdout -----
1695419:C 06 Jan 2024 14:10:24.891 # WARNING Memory overcommit must be enabled! Without it, a background save or replication may fail under low memory condition. Being disabled, it can also cause failures without low memory condition, see https://github.com/jemalloc/jemalloc/issues/1328. To fix this issue add 'vm.overcommit_memory = 1' to /etc/sysctl.conf and then reboot or run the command 'sysctl vm.overcommit_memory=1' for this to take effect.
1695419:C 06 Jan 2024 14:10:24.891 * oO0OoO0OoO0Oo Redis is starting oO0OoO0OoO0Oo
1695419:C 06 Jan 2024 14:10:24.891 * Redis version=255.255.255, bits=64, commit=e04ebdb8, modified=1, pid=1695419, just started
1695419:C 06 Jan 2024 14:10:24.891 * Configuration loaded
1695419:M 06 Jan 2024 14:10:24.891 * monotonic clock: POSIX clock_gettime
1695419:M 06 Jan 2024 14:10:24.892 * Running mode=standalone, port=5041.
1695419:M 06 Jan 2024 14:10:24.898 * <raft> RedisRaft version 255.255.255 [b779b199]
1695419:M 06 Jan 2024 14:10:24.903 * <raft> Initializing test network
1695419:M 06 Jan 2024 14:10:24.904 * <raft> Created test network client
1695419:M 06 Jan 2024 14:10:24.904 * <raft> Raft module loaded, state is 'uninitialized'
1695419:M 06 Jan 2024 14:10:24.904 * Module 'raft' loaded from /home/snagendra/Fuzzing/redisraft-fuzzing/redisraft.so
1695419:M 06 Jan 2024 14:10:24.905 * Server initialized
1695419:M 06 Jan 2024 14:10:24.905 . The AOF directory appendonlydir doesn't exist
1695419:M 06 Jan 2024 14:10:24.906 * Ready to accept connections tcp
1695419:M 06 Jan 2024 14:10:24.906 . 0 clients connected (0 replicas), 1726160 bytes in use
1695419:M 06 Jan 2024 14:10:24.909 - Accepted 127.0.0.1:39578
1695419:M 06 Jan 2024 14:10:24.909 # Missing implement of connection type tls
1695419:M 06 Jan 2024 14:10:24.915 * <raft> Cluster Membership: term:0 index:0 nodes: id=1,voting=0,active=1,addr=-
1695419:M 06 Jan 2024 14:10:24.921 * <raft> State change: Node is now a leader, term 1
1695419:M 06 Jan 2024 14:10:24.921 * <raft> Cluster Membership: term:1 index:1 nodes: id=1,voting=0,active=1,addr=-
1695419:M 06 Jan 2024 14:10:24.921 * <raft> Test network starting message polling thread
1695419:M 06 Jan 2024 14:10:24.921 * <raft> Raft Cluster initialized, node id: 1, dbid: a75670bab334f8ff9e019cc33b89e47d
1695419:M 06 Jan 2024 14:10:25.038 - Accepted 127.0.0.1:39594
1695419:M 06 Jan 2024 14:10:25.039 * <raft> Cluster Membership: term:1 index:3 nodes: id=1,voting=1,active=1,addr=- id=2,voting=0,active=1,addr=localhost:5042
1695419:M 06 Jan 2024 14:10:25.046 - Client closed connection id=9 addr=127.0.0.1:39594 laddr=127.0.0.1:5041 fd=12 name= age=0 idle=0 flags=N db=0 sub=0 psub=0 ssub=0 multi=-1 qbuf=0 qbuf-free=20474 argv-mem=0 multi-mem=0 rbs=16384 rbp=16384 obl=0 oll=0 omem=0 tot-mem=37760 events=r cmd=raft.node user=default redir=-1 resp=2 lib-name= lib-ver=
1695419:M 06 Jan 2024 14:10:25.162 - Accepted 127.0.0.1:39602
1695419:M 06 Jan 2024 14:10:25.163 * <raft> Cluster Membership: term:1 index:4 nodes: id=1,voting=1,active=1,addr=- id=2,voting=0,active=1,addr=localhost:5042 id=3,voting=0,active=1,addr=localhost:5043
1695419:M 06 Jan 2024 14:10:25.172 - Client closed connection id=10 addr=127.0.0.1:39602 laddr=127.0.0.1:5041 fd=13 name= age=0 idle=0 flags=N db=0 sub=0 psub=0 ssub=0 multi=-1 qbuf=0 qbuf-free=20474 argv-mem=0 multi-mem=0 rbs=16384 rbp=16384 obl=0 oll=0 omem=0 tot-mem=37760 events=r cmd=raft.node user=default redir=-1 resp=2 lib-name= lib-ver=
1695419:M 06 Jan 2024 14:10:25.363 - Accepted 127.0.0.1:39604
1695419:M 06 Jan 2024 14:10:25.448 * <raft> node:3 has sufficient logs, adding as voting node.
1695419:signal-handler (1704546625) Received SIGINT scheduling shutdown...
1695419:signal-handler (1704546625) You insist... exiting now.
1696068:C 06 Jan 2024 14:10:26.643 # WARNING Memory overcommit must be enabled! Without it, a background save or replication may fail under low memory condition. Being disabled, it can also cause failures without low memory condition, see https://github.com/jemalloc/jemalloc/issues/1328. To fix this issue add 'vm.overcommit_memory = 1' to /etc/sysctl.conf and then reboot or run the command 'sysctl vm.overcommit_memory=1' for this to take effect.
1696068:C 06 Jan 2024 14:10:26.643 * oO0OoO0OoO0Oo Redis is starting oO0OoO0OoO0Oo
1696068:C 06 Jan 2024 14:10:26.643 * Redis version=255.255.255, bits=64, commit=e04ebdb8, modified=1, pid=1696068, just started
1696068:C 06 Jan 2024 14:10:26.643 * Configuration loaded
1696068:M 06 Jan 2024 14:10:26.643 * monotonic clock: POSIX clock_gettime
1696068:M 06 Jan 2024 14:10:26.644 * Running mode=standalone, port=5041.
1696068:M 06 Jan 2024 14:10:26.651 * <raft> RedisRaft version 255.255.255 [b779b199]
1696068:M 06 Jan 2024 14:10:26.655 * <raft> Initializing test network
1696068:M 06 Jan 2024 14:10:26.656 * <raft> Created test network client
1696068:M 06 Jan 2024 14:10:26.658 * <raft> Raft module loaded, state is 'loading'
1696068:M 06 Jan 2024 14:10:26.658 * Module 'raft' loaded from /home/snagendra/Fuzzing/redisraft-fuzzing/redisraft.so
1696068:M 06 Jan 2024 14:10:26.659 * Server initialized
1696068:M 06 Jan 2024 14:10:26.659 . The AOF directory appendonlydir doesn't exist
1696068:M 06 Jan 2024 14:10:26.659 * Ready to accept connections tcp
1696068:M 06 Jan 2024 14:10:26.659 . 0 clients connected (0 replicas), 1746688 bytes in use
1696068:M 06 Jan 2024 14:10:26.669 - Accepted 127.0.0.1:39672
1696068:M 06 Jan 2024 14:10:26.670 # Missing implement of connection type tls
1696068:M 06 Jan 2024 14:10:26.759 * <raft> Loading: Redis loading complete, snapshot NOT LOADED
1696068:M 06 Jan 2024 14:10:26.759 * <raft> Cluster Membership: term:0 index:0 nodes: id=1,voting=0,active=1,addr=-
1696068:M 06 Jan 2024 14:10:26.759 * <raft> Test network starting message polling thread
1696068:M 06 Jan 2024 14:10:26.760 * <raft> Cluster Membership: term:0 index:5 nodes: id=1,voting=1,active=1,addr=- id=2,voting=0,active=1,addr=localhost:5042
1696068:M 06 Jan 2024 14:10:26.760 * <raft> Cluster Membership: term:0 index:5 nodes: id=1,voting=1,active=1,addr=- id=2,voting=0,active=1,addr=localhost:5042 id=3,voting=0,active=1,addr=localhost:5043
1696068:M 06 Jan 2024 14:10:26.760 * <raft> Raft state after loading log: log_count=5, first_idx=1, current_idx=5, last_applied_idx=0
1696068:M 06 Jan 2024 14:10:26.760 . <raft> Raft term=1, vote=-1
1696068:M 06 Jan 2024 14:10:26.763 - Accepted 127.0.0.1:39682
1696068:M 06 Jan 2024 14:10:27.061 * <raft> State change: Election starting, node is now a pre-candidate, term 1
1696068:M 06 Jan 2024 14:10:27.061 * <raft> Cluster Membership: term:1 index:5 nodes: id=1,voting=1,active=1,addr=- id=2,voting=0,active=1,addr=localhost:5042 id=3,voting=1,active=1,addr=localhost:5043
1696068:M 06 Jan 2024 14:10:27.308 - Accepted 127.0.0.1:39692
1696068:M 06 Jan 2024 14:10:27.463 * <raft> State change: Election starting, node is now a pre-candidate, term 1
1696068:M 06 Jan 2024 14:10:27.463 * <raft> Cluster Membership: term:1 index:5 nodes: id=1,voting=1,active=1,addr=- id=2,voting=0,active=1,addr=localhost:5042 id=3,voting=1,active=1,addr=localhost:5043
1696068:M 06 Jan 2024 14:10:27.578 - Client closed connection id=8 addr=127.0.0.1:39672 laddr=127.0.0.1:5041 fd=11 name= age=1 idle=1 flags=N db=0 sub=0 psub=0 ssub=0 multi=-1 qbuf=0 qbuf-free=20474 argv-mem=0 multi-mem=0 rbs=1024 rbp=0 obl=0 oll=0 omem=0 tot-mem=22400 events=r cmd=auth user=default redir=-1 resp=2 lib-name= lib-ver=
1696068:M 06 Jan 2024 14:10:27.682 - Client closed connection id=10 addr=127.0.0.1:39692 laddr=127.0.0.1:5041 fd=15 name= age=0 idle=0 flags=N db=0 sub=0 psub=0 ssub=0 multi=-1 qbuf=0 qbuf-free=20474 argv-mem=0 multi-mem=0 rbs=1024 rbp=0 obl=0 oll=0 omem=0 tot-mem=22400 events=r cmd=auth user=default redir=-1 resp=2 lib-name= lib-ver=
1696068:M 06 Jan 2024 14:10:27.764 * <raft> State change: Election starting, node is now a pre-candidate, term 1
1696068:M 06 Jan 2024 14:10:27.764 * <raft> Cluster Membership: term:1 index:5 nodes: id=1,voting=1,active=1,addr=- id=2,voting=0,active=1,addr=localhost:5042 id=3,voting=1,active=1,addr=localhost:5043
1696068:signal-handler (1704546628) Received SIGINT scheduling shutdown...
1696068:signal-handler (1704546628) You insist... exiting now.
1696912:C 06 Jan 2024 14:10:28.183 # WARNING Memory overcommit must be enabled! Without it, a background save or replication may fail under low memory condition. Being disabled, it can also cause failures without low memory condition, see https://github.com/jemalloc/jemalloc/issues/1328. To fix this issue add 'vm.overcommit_memory = 1' to /etc/sysctl.conf and then reboot or run the command 'sysctl vm.overcommit_memory=1' for this to take effect.
1696912:C 06 Jan 2024 14:10:28.184 * oO0OoO0OoO0Oo Redis is starting oO0OoO0OoO0Oo
1696912:C 06 Jan 2024 14:10:28.184 * Redis version=255.255.255, bits=64, commit=e04ebdb8, modified=1, pid=1696912, just started
1696912:C 06 Jan 2024 14:10:28.184 * Configuration loaded
1696912:M 06 Jan 2024 14:10:28.184 * monotonic clock: POSIX clock_gettime
1696912:M 06 Jan 2024 14:10:28.184 * Running mode=standalone, port=5041.
1696912:M 06 Jan 2024 14:10:28.191 * <raft> RedisRaft version 255.255.255 [b779b199]
1696912:M 06 Jan 2024 14:10:28.195 * <raft> Initializing test network
1696912:M 06 Jan 2024 14:10:28.196 * <raft> Created test network client
1696912:M 06 Jan 2024 14:10:28.200 * <raft> Raft module loaded, state is 'loading'
1696912:M 06 Jan 2024 14:10:28.200 * Module 'raft' loaded from /home/snagendra/Fuzzing/redisraft-fuzzing/redisraft.so
1696912:M 06 Jan 2024 14:10:28.200 * Server initialized
1696912:M 06 Jan 2024 14:10:28.200 . The AOF directory appendonlydir doesn't exist
1696912:M 06 Jan 2024 14:10:28.200 * Ready to accept connections tcp
1696912:M 06 Jan 2024 14:10:28.200 . 0 clients connected (0 replicas), 1746688 bytes in use
1696912:M 06 Jan 2024 14:10:28.300 * <raft> Loading: Redis loading complete, snapshot NOT LOADED
1696912:M 06 Jan 2024 14:10:28.301 * <raft> Cluster Membership: term:0 index:0 nodes: id=1,voting=0,active=1,addr=-
1696912:M 06 Jan 2024 14:10:28.301 * <raft> Test network starting message polling thread
1696912:M 06 Jan 2024 14:10:28.302 * <raft> Cluster Membership: term:0 index:5 nodes: id=1,voting=1,active=1,addr=- id=2,voting=0,active=1,addr=localhost:5042
1696912:M 06 Jan 2024 14:10:28.302 * <raft> Cluster Membership: term:0 index:5 nodes: id=1,voting=1,active=1,addr=- id=2,voting=0,active=1,addr=localhost:5042 id=3,voting=0,active=1,addr=localhost:5043
1696912:M 06 Jan 2024 14:10:28.302 * <raft> Raft state after loading log: log_count=5, first_idx=1, current_idx=5, last_applied_idx=0
1696912:M 06 Jan 2024 14:10:28.302 . <raft> Raft term=1, vote=-1
1696912:M 06 Jan 2024 14:10:28.331 - Accepted 127.0.0.1:39720
1696912:M 06 Jan 2024 14:10:28.331 # Missing implement of connection type tls
1696912:signal-handler (1704546628) Received SIGINT scheduling shutdown...
1696912:signal-handler (1704546628) You insist... exiting now.

----- Stderr -----
libgcov profiling error:/home/snagendra/Fuzzing/redisraft-fuzzing/build/deps/raft/CMakeFiles/raft.dir/src/raft_server.c.gcda:Merge mismatch for function 9
libgcov profiling error:/home/snagendra/Fuzzing/redisraft-fuzzing/build/deps/raft/CMakeFiles/raft.dir/src/raft_server.c.gcda:Merge mismatch for function 9
libgcov profiling error:/home/snagendra/Fuzzing/redisraft-fuzzing/build/deps/raft/CMakeFiles/raft.dir/src/raft_server.c.gcda:Merge mismatch for function 9



