logs for node: 2

----- Stdout -----
2006592:C 06 Jan 2024 14:22:01.697 # WARNING Memory overcommit must be enabled! Without it, a background save or replication may fail under low memory condition. Being disabled, it can also cause failures without low memory condition, see https://github.com/jemalloc/jemalloc/issues/1328. To fix this issue add 'vm.overcommit_memory = 1' to /etc/sysctl.conf and then reboot or run the command 'sysctl vm.overcommit_memory=1' for this to take effect.
2006592:C 06 Jan 2024 14:22:01.697 * oO0OoO0OoO0Oo Redis is starting oO0OoO0OoO0Oo
2006592:C 06 Jan 2024 14:22:01.697 * Redis version=255.255.255, bits=64, commit=e04ebdb8, modified=1, pid=2006592, just started
2006592:C 06 Jan 2024 14:22:01.697 * Configuration loaded
2006592:M 06 Jan 2024 14:22:01.698 * monotonic clock: POSIX clock_gettime
2006592:M 06 Jan 2024 14:22:01.698 * Running mode=standalone, port=5032.
2006592:M 06 Jan 2024 14:22:01.705 * <raft> RedisRaft version 255.255.255 [b779b199]
2006592:M 06 Jan 2024 14:22:01.710 * <raft> Initializing test network
2006592:M 06 Jan 2024 14:22:01.711 * <raft> Created test network client
2006592:M 06 Jan 2024 14:22:01.712 * <raft> Raft module loaded, state is 'uninitialized'
2006592:M 06 Jan 2024 14:22:01.712 * Module 'raft' loaded from /home/snagendra/Fuzzing/redisraft-fuzzing/redisraft.so
2006592:M 06 Jan 2024 14:22:01.712 * Server initialized
2006592:M 06 Jan 2024 14:22:01.713 . The AOF directory appendonlydir doesn't exist
2006592:M 06 Jan 2024 14:22:01.713 * Ready to accept connections tcp
2006592:M 06 Jan 2024 14:22:01.713 . 0 clients connected (0 replicas), 1726224 bytes in use
2006592:M 06 Jan 2024 14:22:01.736 - Accepted 127.0.0.1:60466
2006592:M 06 Jan 2024 14:22:01.736 # Missing implement of connection type tls
2006592:M 06 Jan 2024 14:22:01.812 - <raft> join cluster, connecting to localhost:5031
2006592:M 06 Jan 2024 14:22:01.814 * <raft> Joined Raft cluster, node id: 2, dbid: 7ae424d9f99576d4fc9128dc90c4c2f8
2006592:M 06 Jan 2024 14:22:01.820 * <raft> Cluster Membership: term:0 index:0 nodes: id=2,voting=0,active=1,addr=-
2006592:M 06 Jan 2024 14:22:01.820 * <raft> Test network starting message polling thread
2006592:M 06 Jan 2024 14:22:01.879 - Accepted 127.0.0.1:60472
2006592:M 06 Jan 2024 14:22:02.039 - Accepted 127.0.0.1:60478
2006592:M 06 Jan 2024 14:22:02.066 - Client closed connection id=9 addr=127.0.0.1:60472 laddr=127.0.0.1:5032 fd=10 name= age=1 idle=1 flags=N db=0 sub=0 psub=0 ssub=0 multi=-1 qbuf=0 qbuf-free=20474 argv-mem=0 multi-mem=0 rbs=1024 rbp=0 obl=0 oll=0 omem=0 tot-mem=22400 events=r cmd=auth user=default redir=-1 resp=2 lib-name= lib-ver=
2006592:M 06 Jan 2024 14:22:02.073 * <raft> Cluster Membership: term:1 index:2 nodes: id=2,voting=0,active=1,addr=- id=1,voting=1,active=1,addr=localhost:5031
2006592:M 06 Jan 2024 14:22:02.128 * <raft> Cluster Membership: term:1 index:4 nodes: id=2,voting=0,active=1,addr=- id=1,voting=1,active=1,addr=localhost:5031 id=3,voting=0,active=1,addr=localhost:5033
2006592:M 06 Jan 2024 14:22:02.416 * <raft> State change: Election starting, node is now a pre-candidate, term 1
2006592:M 06 Jan 2024 14:22:02.416 * <raft> Cluster Membership: term:1 index:4 nodes: id=2,voting=0,active=1,addr=- id=1,voting=1,active=1,addr=localhost:5031 id=3,voting=0,active=1,addr=localhost:5033
2006592:M 06 Jan 2024 14:22:02.676 * <raft> State change: Node is now a follower, term 1
2006592:M 06 Jan 2024 14:22:02.676 * <raft> Cluster Membership: term:1 index:4 nodes: id=2,voting=0,active=1,addr=- id=1,voting=1,active=1,addr=localhost:5031 id=3,voting=0,active=1,addr=localhost:5033
2006592:M 06 Jan 2024 14:22:02.919 * <raft> State change: Election starting, node is now a pre-candidate, term 1
2006592:M 06 Jan 2024 14:22:02.919 * <raft> Cluster Membership: term:1 index:4 nodes: id=2,voting=0,active=1,addr=- id=1,voting=1,active=1,addr=localhost:5031 id=3,voting=0,active=1,addr=localhost:5033
2006592:M 06 Jan 2024 14:22:03.221 * <raft> State change: Election starting, node is now a pre-candidate, term 1
2006592:M 06 Jan 2024 14:22:03.221 * <raft> Cluster Membership: term:1 index:4 nodes: id=2,voting=0,active=1,addr=- id=1,voting=1,active=1,addr=localhost:5031 id=3,voting=0,active=1,addr=localhost:5033
2006592:signal-handler (1704547323) Received SIGINT scheduling shutdown...
2006592:signal-handler (1704547323) You insist... exiting now.
2007507:C 06 Jan 2024 14:22:03.947 # WARNING Memory overcommit must be enabled! Without it, a background save or replication may fail under low memory condition. Being disabled, it can also cause failures without low memory condition, see https://github.com/jemalloc/jemalloc/issues/1328. To fix this issue add 'vm.overcommit_memory = 1' to /etc/sysctl.conf and then reboot or run the command 'sysctl vm.overcommit_memory=1' for this to take effect.
2007507:C 06 Jan 2024 14:22:03.947 * oO0OoO0OoO0Oo Redis is starting oO0OoO0OoO0Oo
2007507:C 06 Jan 2024 14:22:03.947 * Redis version=255.255.255, bits=64, commit=e04ebdb8, modified=1, pid=2007507, just started
2007507:C 06 Jan 2024 14:22:03.947 * Configuration loaded
2007507:M 06 Jan 2024 14:22:03.948 * monotonic clock: POSIX clock_gettime
2007507:M 06 Jan 2024 14:22:03.948 * Running mode=standalone, port=5032.
2007507:M 06 Jan 2024 14:22:03.954 * <raft> RedisRaft version 255.255.255 [b779b199]
2007507:M 06 Jan 2024 14:22:03.958 * <raft> Initializing test network
2007507:M 06 Jan 2024 14:22:03.959 * <raft> Created test network client
2007507:M 06 Jan 2024 14:22:03.962 * <raft> Raft module loaded, state is 'loading'
2007507:M 06 Jan 2024 14:22:03.962 * Module 'raft' loaded from /home/snagendra/Fuzzing/redisraft-fuzzing/redisraft.so
2007507:M 06 Jan 2024 14:22:03.963 * Server initialized
2007507:M 06 Jan 2024 14:22:03.963 . The AOF directory appendonlydir doesn't exist
2007507:M 06 Jan 2024 14:22:03.963 * Ready to accept connections tcp
2007507:M 06 Jan 2024 14:22:03.963 . 0 clients connected (0 replicas), 1746656 bytes in use
2007507:M 06 Jan 2024 14:22:04.007 - Accepted 127.0.0.1:49606
2007507:M 06 Jan 2024 14:22:04.007 # Missing implement of connection type tls
2007507:M 06 Jan 2024 14:22:04.052 - Accepted 127.0.0.1:49622
2007507:M 06 Jan 2024 14:22:04.063 * <raft> Loading: Redis loading complete, snapshot NOT LOADED
2007507:M 06 Jan 2024 14:22:04.063 * <raft> Cluster Membership: term:0 index:0 nodes: id=2,voting=0,active=1,addr=-
2007507:M 06 Jan 2024 14:22:04.064 * <raft> Test network starting message polling thread
2007507:M 06 Jan 2024 14:22:04.064 * <raft> Cluster Membership: term:0 index:4 nodes: id=2,voting=0,active=1,addr=- id=1,voting=1,active=1,addr=localhost:5031
2007507:M 06 Jan 2024 14:22:04.064 * <raft> Cluster Membership: term:0 index:4 nodes: id=2,voting=0,active=1,addr=- id=1,voting=1,active=1,addr=localhost:5031 id=3,voting=0,active=1,addr=localhost:5033
2007507:M 06 Jan 2024 14:22:04.064 * <raft> Raft state after loading log: log_count=4, first_idx=1, current_idx=4, last_applied_idx=0
2007507:M 06 Jan 2024 14:22:04.064 . <raft> Raft term=1, vote=-1
2007507:M 06 Jan 2024 14:22:04.465 * <raft> State change: Election starting, node is now a pre-candidate, term 2
2007507:M 06 Jan 2024 14:22:04.465 * <raft> Cluster Membership: term:2 index:5 nodes: id=2,voting=0,active=1,addr=- id=1,voting=1,active=1,addr=localhost:5031 id=3,voting=0,active=1,addr=localhost:5033
2007507:signal-handler (1704547324) Received SIGINT scheduling shutdown...
2007507:signal-handler (1704547324) You insist... exiting now.
2007991:C 06 Jan 2024 14:22:04.958 # WARNING Memory overcommit must be enabled! Without it, a background save or replication may fail under low memory condition. Being disabled, it can also cause failures without low memory condition, see https://github.com/jemalloc/jemalloc/issues/1328. To fix this issue add 'vm.overcommit_memory = 1' to /etc/sysctl.conf and then reboot or run the command 'sysctl vm.overcommit_memory=1' for this to take effect.
2007991:C 06 Jan 2024 14:22:04.958 * oO0OoO0OoO0Oo Redis is starting oO0OoO0OoO0Oo
2007991:C 06 Jan 2024 14:22:04.958 * Redis version=255.255.255, bits=64, commit=e04ebdb8, modified=1, pid=2007991, just started
2007991:C 06 Jan 2024 14:22:04.958 * Configuration loaded
2007991:M 06 Jan 2024 14:22:04.959 * monotonic clock: POSIX clock_gettime
2007991:M 06 Jan 2024 14:22:04.959 * Running mode=standalone, port=5032.
2007991:M 06 Jan 2024 14:22:04.966 * <raft> RedisRaft version 255.255.255 [b779b199]
2007991:M 06 Jan 2024 14:22:04.970 * <raft> Initializing test network
2007991:M 06 Jan 2024 14:22:04.971 * <raft> Created test network client
2007991:M 06 Jan 2024 14:22:04.975 * <raft> Raft module loaded, state is 'loading'
2007991:M 06 Jan 2024 14:22:04.975 * Module 'raft' loaded from /home/snagendra/Fuzzing/redisraft-fuzzing/redisraft.so
2007991:M 06 Jan 2024 14:22:04.976 * Server initialized
2007991:M 06 Jan 2024 14:22:04.976 . The AOF directory appendonlydir doesn't exist
2007991:M 06 Jan 2024 14:22:04.976 * Ready to accept connections tcp
2007991:M 06 Jan 2024 14:22:04.976 . 0 clients connected (0 replicas), 1746720 bytes in use
2007991:M 06 Jan 2024 14:22:05.010 - Accepted 127.0.0.1:49672
2007991:M 06 Jan 2024 14:22:05.010 # Missing implement of connection type tls
2007991:M 06 Jan 2024 14:22:05.048 - Accepted 127.0.0.1:49688
2007991:M 06 Jan 2024 14:22:05.076 * <raft> Loading: Redis loading complete, snapshot NOT LOADED
2007991:M 06 Jan 2024 14:22:05.076 * <raft> Cluster Membership: term:0 index:0 nodes: id=2,voting=0,active=1,addr=-
2007991:M 06 Jan 2024 14:22:05.077 * <raft> Test network starting message polling thread
2007991:M 06 Jan 2024 14:22:05.077 * <raft> Cluster Membership: term:0 index:5 nodes: id=2,voting=0,active=1,addr=- id=1,voting=1,active=1,addr=localhost:5031
2007991:M 06 Jan 2024 14:22:05.077 * <raft> Cluster Membership: term:0 index:5 nodes: id=2,voting=0,active=1,addr=- id=1,voting=1,active=1,addr=localhost:5031 id=3,voting=0,active=1,addr=localhost:5033
2007991:M 06 Jan 2024 14:22:05.077 * <raft> Raft state after loading log: log_count=5, first_idx=1, current_idx=5, last_applied_idx=0
2007991:M 06 Jan 2024 14:22:05.077 . <raft> Raft term=2, vote=-1
2007991:M 06 Jan 2024 14:22:05.096 - Client closed connection id=8 addr=127.0.0.1:49672 laddr=127.0.0.1:5032 fd=11 name= age=0 idle=0 flags=N db=0 sub=0 psub=0 ssub=0 multi=-1 qbuf=0 qbuf-free=20474 argv-mem=0 multi-mem=0 rbs=16384 rbp=0 obl=0 oll=0 omem=0 tot-mem=37760 events=r cmd=auth user=default redir=-1 resp=2 lib-name= lib-ver=
2007991:signal-handler (1704547325) Received SIGINT scheduling shutdown...
2007991:signal-handler (1704547325) You insist... exiting now.

----- Stderr -----
libgcov profiling error:/home/snagendra/Fuzzing/redisraft-fuzzing/build/deps/raft/CMakeFiles/raft.dir/src/raft_server.c.gcda:Merge mismatch for function 9
libgcov profiling error:/home/snagendra/Fuzzing/redisraft-fuzzing/build/deps/raft/CMakeFiles/raft.dir/src/raft_server.c.gcda:Merge mismatch for function 9
libgcov profiling error:/home/snagendra/Fuzzing/redisraft-fuzzing/build/deps/raft/CMakeFiles/raft.dir/src/raft_server.c.gcda:Merge mismatch for function 9




logs for node: 3

----- Stdout -----
2006639:C 06 Jan 2024 14:22:01.823 # WARNING Memory overcommit must be enabled! Without it, a background save or replication may fail under low memory condition. Being disabled, it can also cause failures without low memory condition, see https://github.com/jemalloc/jemalloc/issues/1328. To fix this issue add 'vm.overcommit_memory = 1' to /etc/sysctl.conf and then reboot or run the command 'sysctl vm.overcommit_memory=1' for this to take effect.
2006639:C 06 Jan 2024 14:22:01.823 * oO0OoO0OoO0Oo Redis is starting oO0OoO0OoO0Oo
2006639:C 06 Jan 2024 14:22:01.823 * Redis version=255.255.255, bits=64, commit=e04ebdb8, modified=1, pid=2006639, just started
2006639:C 06 Jan 2024 14:22:01.823 * Configuration loaded
2006639:M 06 Jan 2024 14:22:01.824 * monotonic clock: POSIX clock_gettime
2006639:M 06 Jan 2024 14:22:01.824 * Running mode=standalone, port=5033.
2006639:M 06 Jan 2024 14:22:01.831 * <raft> RedisRaft version 255.255.255 [b779b199]
2006639:M 06 Jan 2024 14:22:01.836 * <raft> Initializing test network
2006639:M 06 Jan 2024 14:22:01.837 * <raft> Created test network client
2006639:M 06 Jan 2024 14:22:01.838 * <raft> Raft module loaded, state is 'uninitialized'
2006639:M 06 Jan 2024 14:22:01.838 * Module 'raft' loaded from /home/snagendra/Fuzzing/redisraft-fuzzing/redisraft.so
2006639:M 06 Jan 2024 14:22:01.838 * Server initialized
2006639:M 06 Jan 2024 14:22:01.839 . The AOF directory appendonlydir doesn't exist
2006639:M 06 Jan 2024 14:22:01.839 * Ready to accept connections tcp
2006639:M 06 Jan 2024 14:22:01.839 . 0 clients connected (0 replicas), 1726192 bytes in use
2006639:M 06 Jan 2024 14:22:01.873 - Accepted 127.0.0.1:59716
2006639:M 06 Jan 2024 14:22:01.873 # Missing implement of connection type tls
2006639:M 06 Jan 2024 14:22:01.938 - <raft> join cluster, connecting to localhost:5031
2006639:M 06 Jan 2024 14:22:01.940 * <raft> Joined Raft cluster, node id: 3, dbid: 7ae424d9f99576d4fc9128dc90c4c2f8
2006639:M 06 Jan 2024 14:22:01.955 * <raft> Cluster Membership: term:0 index:0 nodes: id=3,voting=0,active=1,addr=-
2006639:M 06 Jan 2024 14:22:01.955 * <raft> Test network starting message polling thread
2006639:M 06 Jan 2024 14:22:01.962 * <raft> Cluster Membership: term:1 index:2 nodes: id=3,voting=0,active=1,addr=- id=1,voting=1,active=1,addr=localhost:5031
2006639:M 06 Jan 2024 14:22:01.962 * <raft> Cluster Membership: term:1 index:3 nodes: id=3,voting=0,active=1,addr=- id=1,voting=1,active=1,addr=localhost:5031 id=2,voting=0,active=1,addr=localhost:5032
2006639:M 06 Jan 2024 14:22:01.980 - Accepted 127.0.0.1:59718
2006639:M 06 Jan 2024 14:22:02.066 - Client closed connection id=9 addr=127.0.0.1:59718 laddr=127.0.0.1:5033 fd=10 name= age=1 idle=1 flags=N db=0 sub=0 psub=0 ssub=0 multi=-1 qbuf=0 qbuf-free=20474 argv-mem=0 multi-mem=0 rbs=16384 rbp=0 obl=0 oll=0 omem=0 tot-mem=37760 events=r cmd=auth user=default redir=-1 resp=2 lib-name= lib-ver=
2006639:M 06 Jan 2024 14:22:02.215 - Accepted 127.0.0.1:59720
2006639:M 06 Jan 2024 14:22:02.340 * <raft> State change: Election starting, node is now a pre-candidate, term 1
2006639:M 06 Jan 2024 14:22:02.340 * <raft> Cluster Membership: term:1 index:4 nodes: id=3,voting=0,active=1,addr=- id=1,voting=1,active=1,addr=localhost:5031 id=2,voting=0,active=1,addr=localhost:5032
2006639:M 06 Jan 2024 14:22:02.642 * <raft> State change: Election starting, node is now a pre-candidate, term 1
2006639:M 06 Jan 2024 14:22:02.642 * <raft> Cluster Membership: term:1 index:4 nodes: id=3,voting=0,active=1,addr=- id=1,voting=1,active=1,addr=localhost:5031 id=2,voting=0,active=1,addr=localhost:5032
2006639:M 06 Jan 2024 14:22:02.944 * <raft> State change: Election starting, node is now a pre-candidate, term 1
2006639:M 06 Jan 2024 14:22:02.944 * <raft> Cluster Membership: term:1 index:4 nodes: id=3,voting=0,active=1,addr=- id=1,voting=1,active=1,addr=localhost:5031 id=2,voting=0,active=1,addr=localhost:5032
2006639:M 06 Jan 2024 14:22:03.246 * <raft> State change: Election starting, node is now a pre-candidate, term 1
2006639:M 06 Jan 2024 14:22:03.246 * <raft> Cluster Membership: term:1 index:4 nodes: id=3,voting=0,active=1,addr=- id=1,voting=1,active=1,addr=localhost:5031 id=2,voting=0,active=1,addr=localhost:5032
2006639:M 06 Jan 2024 14:22:03.334 - Client closed connection id=10 addr=127.0.0.1:59720 laddr=127.0.0.1:5033 fd=10 name= age=1 idle=1 flags=N db=0 sub=0 psub=0 ssub=0 multi=-1 qbuf=0 qbuf-free=20474 argv-mem=0 multi-mem=0 rbs=1024 rbp=0 obl=0 oll=0 omem=0 tot-mem=22400 events=r cmd=auth user=default redir=-1 resp=2 lib-name= lib-ver=
2006639:M 06 Jan 2024 14:22:03.548 * <raft> State change: Election starting, node is now a pre-candidate, term 1
2006639:M 06 Jan 2024 14:22:03.548 * <raft> Cluster Membership: term:1 index:4 nodes: id=3,voting=0,active=1,addr=- id=1,voting=1,active=1,addr=localhost:5031 id=2,voting=0,active=1,addr=localhost:5032
2006639:M 06 Jan 2024 14:22:03.706 - Accepted 127.0.0.1:39716
2006639:M 06 Jan 2024 14:22:03.749 * <raft> State change: Election starting, node is now a pre-candidate, term 1
2006639:M 06 Jan 2024 14:22:03.749 * <raft> Cluster Membership: term:1 index:4 nodes: id=3,voting=0,active=1,addr=- id=1,voting=1,active=1,addr=localhost:5031 id=2,voting=0,active=1,addr=localhost:5032
2006639:M 06 Jan 2024 14:22:04.065 - Accepted 127.0.0.1:39730
2006639:M 06 Jan 2024 14:22:04.151 * <raft> State change: Election starting, node is now a pre-candidate, term 1
2006639:M 06 Jan 2024 14:22:04.151 * <raft> Cluster Membership: term:1 index:4 nodes: id=3,voting=0,active=1,addr=- id=1,voting=1,active=1,addr=localhost:5031 id=2,voting=0,active=1,addr=localhost:5032
2006639:M 06 Jan 2024 14:22:04.553 * <raft> State change: Election starting, node is now a pre-candidate, term 1
2006639:M 06 Jan 2024 14:22:04.553 * <raft> Cluster Membership: term:1 index:4 nodes: id=3,voting=0,active=1,addr=- id=1,voting=1,active=1,addr=localhost:5031 id=2,voting=0,active=1,addr=localhost:5032
2006639:M 06 Jan 2024 14:22:04.664 - Client closed connection id=12 addr=127.0.0.1:39730 laddr=127.0.0.1:5033 fd=15 name= age=0 idle=0 flags=N db=0 sub=0 psub=0 ssub=0 multi=-1 qbuf=0 qbuf-free=20474 argv-mem=0 multi-mem=0 rbs=1024 rbp=0 obl=0 oll=0 omem=0 tot-mem=22400 events=r cmd=auth user=default redir=-1 resp=2 lib-name= lib-ver=
2006639:signal-handler (1704547324) Received SIGINT scheduling shutdown...
2006639:signal-handler (1704547324) You insist... exiting now.


=== REDIS BUG REPORT START: Cut & paste starting from here ===
2006639:M 06 Jan 2024 14:22:04.855 # Redis 255.255.255 crashed by signal: 11, si_code: 1
2006639:M 06 Jan 2024 14:22:04.855 # Accessing address: 0x18
2006639:M 06 Jan 2024 14:22:04.855 # Crashed running the instruction at: 0x7f692bf030b0

------ STACK TRACE ------
EIP:
/lib/x86_64-linux-gnu/libc.so.6(__pthread_rwlock_wrlock+0x0)[0x7f692bf030b0]

Backtrace:
/lib/x86_64-linux-gnu/libc.so.6(+0x3bfd0)[0x7f692beaffd0]
/lib/x86_64-linux-gnu/libc.so.6(__pthread_rwlock_wrlock+0x0)[0x7f692bf030b0]
/lib/x86_64-linux-gnu/libcrypto.so.3(CRYPTO_THREAD_write_lock+0x9)[0x7f692a23df49]
/lib/x86_64-linux-gnu/libcrypto.so.3(ENGINE_get_first+0x3a)[0x7f692a1e408a]
/lib/x86_64-linux-gnu/libcrypto.so.3(ENGINE_register_all_complete+0x6)[0x7f692a1e3486]
/lib/x86_64-linux-gnu/libssh2.so.1(libssh2_init+0x39)[0x7f692ac6a389]
/lib/x86_64-linux-gnu/libcurl-gnutls.so.4(+0x8146b)[0x7f692ad4e46b]
/lib/x86_64-linux-gnu/libcurl-gnutls.so.4(+0x22125)[0x7f692acef125]
/lib/x86_64-linux-gnu/libcurl-gnutls.so.4(curl_global_init+0x3a)[0x7f692acef22a]
/home/snagendra/Fuzzing/redisraft-fuzzing/redisraft.so(redis_test_http_do+0x2c)[0x7f692adc486c]
/home/snagendra/Fuzzing/redisraft-fuzzing/redisraft.so(redis_test_http_post+0x26)[0x7f692adc4a86]
/home/snagendra/Fuzzing/redisraft-fuzzing/redisraft.so(redis_test_send_message+0x9d)[0x7f692adc3efd]
/home/snagendra/Fuzzing/redisraft-fuzzing/redisraft.so(testNetworkSendRequestVote+0x6a)[0x7f692adad2ba]
/home/snagendra/Fuzzing/redisraft-fuzzing/redisraft.so(raft_send_requestvote+0x126)[0x7f692adb35e6]
/home/snagendra/Fuzzing/redisraft-fuzzing/redisraft.so(raft_become_precandidate+0x113)[0x7f692adb37a3]
/home/snagendra/Fuzzing/redisraft-fuzzing/redisraft.so(raft_election_start+0x80)[0x7f692adb3f10]
/home/snagendra/Fuzzing/redisraft-fuzzing/redisraft.so(raft_periodic_internal+0x9a)[0x7f692adb863a]
/home/snagendra/Fuzzing/redisraft-fuzzing/redisraft.so(raft_periodic+0x18)[0x7f692adb8868]
/home/snagendra/Fuzzing/redisraft-fuzzing/redisraft.so(+0x2b765)[0x7f692ada3765]
/home/snagendra/Fuzzing/redis/src/redis-server 0.0.0.0:5033(moduleTimerHandler+0x21c)[0x55c37b83798c]
/home/snagendra/Fuzzing/redis/src/redis-server 0.0.0.0:5033(+0x81705)[0x55c37b741705]
/home/snagendra/Fuzzing/redis/src/redis-server 0.0.0.0:5033(aeMain+0x1c8)[0x55c37b74bcb8]
/home/snagendra/Fuzzing/redis/src/redis-server 0.0.0.0:5033(main+0x3cd)[0x55c37b740e2d]
/lib/x86_64-linux-gnu/libc.so.6(+0x271ca)[0x7f692be9b1ca]
/lib/x86_64-linux-gnu/libc.so.6(__libc_start_main+0x85)[0x7f692be9b285]
/home/snagendra/Fuzzing/redis/src/redis-server 0.0.0.0:5033(_start+0x2a)[0x55c37b7415aa]

------ REGISTERS ------
2006639:M 06 Jan 2024 14:22:04.856 # 
RAX:0000000000000001 RBX:000055c37cc26bb0
RCX:0000000000000000 RDX:0000000000000000
RDI:0000000000000000 RSI:0000000000000000
RBP:00007f692a47e638 RSP:00007ffcea3804f8
R8 :0000000000000000 R9 :0000000000000000
R10:0000000000000000 R11:0000000000000000
R12:00007ffcea3805f0 R13:000055c37cc26c70
R14:0000000000000001 R15:0000000000000002
RIP:00007f692bf030b0 EFL:0000000000010206
CSGSFS:002b000000000033
2006639:M 06 Jan 2024 14:22:04.856 # (00007ffcea380507) -> 000055c37cc26bb0
2006639:M 06 Jan 2024 14:22:04.856 # (00007ffcea380506) -> 00007f692acef125
2006639:M 06 Jan 2024 14:22:04.856 # (00007ffcea380505) -> 0000000000000002
2006639:M 06 Jan 2024 14:22:04.856 # (00007ffcea380504) -> 00007f692ad4e46b
2006639:M 06 Jan 2024 14:22:04.856 # (00007ffcea380503) -> 000055c37cc26c70
2006639:M 06 Jan 2024 14:22:04.856 # (00007ffcea380502) -> 00000000ea3805f0
2006639:M 06 Jan 2024 14:22:04.856 # (00007ffcea380501) -> 000055c37cc55000
2006639:M 06 Jan 2024 14:22:04.856 # (00007ffcea380500) -> 00007f692ac6a389
2006639:M 06 Jan 2024 14:22:04.856 # (00007ffcea3804ff) -> 000055c37cc26bb0
2006639:M 06 Jan 2024 14:22:04.856 # (00007ffcea3804fe) -> 00007f692a1e3486
2006639:M 06 Jan 2024 14:22:04.856 # (00007ffcea3804fd) -> 000055c37cc55000
2006639:M 06 Jan 2024 14:22:04.856 # (00007ffcea3804fc) -> 000055c37cc26bb0
2006639:M 06 Jan 2024 14:22:04.856 # (00007ffcea3804fb) -> 00007ffcea3805f0
2006639:M 06 Jan 2024 14:22:04.856 # (00007ffcea3804fa) -> 00007f692a1e408a
2006639:M 06 Jan 2024 14:22:04.856 # (00007ffcea3804f9) -> 000055c37cc26bb0
2006639:M 06 Jan 2024 14:22:04.856 # (00007ffcea3804f8) -> 00007f692a23df49

------ INFO OUTPUT ------
# Server
redis_version:255.255.255
redis_git_sha1:e04ebdb8
redis_git_dirty:1
redis_build_id:1f78dcc7b4fbdd25
redis_mode:standalone
os:Linux 6.1.60.1.amd64-smp x86_64
arch_bits:64
monotonic_clock:POSIX clock_gettime
multiplexing_api:epoll
atomicvar_api:c11-builtin
gcc_version:10.2.1
process_id:2006639
process_supervised:no
run_id:71ef45518c0cac20c1ea196f63c5748830be2149
tcp_port:5033
server_time_usec:1704547324855540
uptime_in_seconds:3
uptime_in_days:0
hz:10
configured_hz:10
lru_clock:10048508
executable:/home/snagendra/Fuzzing/redis/src/redis-server
config_file:
io_threads_active:0
listener0:name=tcp,bind=0.0.0.0,port=5033

# Clients
connected_clients:2
cluster_connections:0
maxclients:10000
client_recent_max_input_buffer:20534
client_recent_max_output_buffer:0
blocked_clients:0
tracking_clients:0
clients_in_timeout_table:0
total_blocking_keys:0
total_blocking_keys_on_nokey:0

# Memory
used_memory:1906080
used_memory_human:1.82M
used_memory_rss:18350080
used_memory_rss_human:17.50M
used_memory_peak:1942664
used_memory_peak_human:1.85M
used_memory_peak_perc:98.12%
used_memory_overhead:1750560
used_memory_startup:1726048
used_memory_dataset:155520
used_memory_dataset_perc:86.38%
allocator_allocated:2508952
allocator_active:3256320
allocator_resident:13656064
total_system_memory:270388695040
total_system_memory_human:251.82G
used_memory_lua:31744
used_memory_vm_eval:31744
used_memory_lua_human:31.00K
used_memory_scripts_eval:0
number_of_cached_scripts:0
number_of_functions:0
number_of_libraries:0
used_memory_vm_functions:32768
used_memory_vm_total:64512
used_memory_vm_total_human:63.00K
used_memory_functions:184
used_memory_scripts:184
used_memory_scripts_human:184B
maxmemory:0
maxmemory_human:0B
maxmemory_policy:noeviction
allocator_frag_ratio:1.30
allocator_frag_bytes:747368
allocator_rss_ratio:4.19
allocator_rss_bytes:10399744
rss_overhead_ratio:1.34
rss_overhead_bytes:4694016
mem_fragmentation_ratio:9.64
mem_fragmentation_bytes:16445992
mem_not_counted_for_evict:0
mem_replication_backlog:0
mem_total_replication_buffers:0
mem_clients_slaves:0
mem_clients_normal:24328
mem_cluster_links:0
mem_aof_buffer:0
mem_allocator:jemalloc-5.3.0
active_defrag_running:0
lazyfree_pending_objects:0
lazyfreed_objects:0

# Persistence
loading:0
async_loading:0
current_cow_peak:0
current_cow_size:0
current_cow_size_age:0
current_fork_perc:0.00
current_save_keys_processed:0
current_save_keys_total:0
rdb_changes_since_last_save:0
rdb_bgsave_in_progress:0
rdb_last_save_time:1704547321
rdb_last_bgsave_status:ok
rdb_last_bgsave_time_sec:-1
rdb_current_bgsave_time_sec:-1
rdb_saves:0
rdb_last_cow_size:0
rdb_last_load_keys_expired:0
rdb_last_load_keys_loaded:0
aof_enabled:0
aof_rewrite_in_progress:0
aof_rewrite_scheduled:0
aof_last_rewrite_time_sec:-1
aof_current_rewrite_time_sec:-1
aof_last_bgrewrite_status:ok
aof_rewrites:0
aof_rewrites_consecutive_failures:0
aof_last_write_status:ok
aof_last_cow_size:0
module_fork_in_progress:0
module_fork_last_cow_size:0

# Stats
total_connections_received:5
total_commands_processed:22
instantaneous_ops_per_sec:4
total_net_input_bytes:330
total_net_output_bytes:308
total_net_repl_input_bytes:0
total_net_repl_output_bytes:0
instantaneous_input_kbps:0.04
instantaneous_output_kbps:0.01
instantaneous_input_repl_kbps:0.00
instantaneous_output_repl_kbps:0.00
rejected_connections:0
sync_full:0
sync_partial_ok:0
sync_partial_err:0
expired_keys:0
expired_stale_perc:0.00
expired_time_cap_reached_count:0
expire_cycle_cpu_milliseconds:0
evicted_keys:0
evicted_clients:0
total_eviction_exceeded_time:0
current_eviction_exceeded_time:0
keyspace_hits:0
keyspace_misses:0
pubsub_channels:0
pubsub_patterns:0
pubsubshard_channels:0
latest_fork_usec:0
total_forks:0
migrate_cached_sockets:0
slave_expires_tracked_keys:0
active_defrag_hits:0
active_defrag_misses:0
active_defrag_key_hits:0
active_defrag_key_misses:0
total_active_defrag_time:0
current_active_defrag_time:0
tracking_total_keys:0
tracking_total_items:0
tracking_total_prefixes:0
unexpected_error_replies:0
total_error_replies:0
dump_payload_sanitizations:0
total_reads_processed:11
total_writes_processed:8
io_threaded_reads_processed:0
io_threaded_writes_processed:0
reply_buffer_shrinks:4
reply_buffer_expands:0
acl_access_denied_auth:0
acl_access_denied_cmd:0
acl_access_denied_key:0
acl_access_denied_channel:0

# Replication
role:master
connected_slaves:0
master_failover_state:no-failover
master_replid:a35d9a62b2180e1883aaa2d327e039068e7f7b51
master_replid2:0000000000000000000000000000000000000000
master_repl_offset:0
second_repl_offset:-1
repl_backlog_active:0
repl_backlog_size:1048576
repl_backlog_first_byte_offset:0
repl_backlog_histlen:0

# CPU
used_cpu_sys:0.142585
used_cpu_user:0.065248
used_cpu_sys_children:0.000000
used_cpu_user_children:0.000000
used_cpu_sys_main_thread:0.017838
used_cpu_user_main_thread:0.013378

# Modules
module:name=raft,ver=1,api=1,filters=1,usedby=[],using=[],options=[]

# Commandstats
cmdstat_config|get:calls=3,usec=5,usec_per_call=1.67,rejected_calls=0,failed_calls=0
cmdstat_config|set:calls=1,usec=10,usec_per_call=10.00,rejected_calls=0,failed_calls=0
cmdstat_auth:calls=4,usec=8,usec_per_call=2.00,rejected_calls=0,failed_calls=0
cmdstat_raft.cluster:calls=1,usec=5,usec_per_call=5.00,rejected_calls=0,failed_calls=0
cmdstat_hello:calls=1,usec=8,usec_per_call=8.00,rejected_calls=0,failed_calls=0
cmdstat_command:calls=2,usec=1702,usec_per_call=851.00,rejected_calls=0,failed_calls=0
cmdstat_client|setinfo:calls=2,usec=1,usec_per_call=0.50,rejected_calls=0,failed_calls=0
cmdstat_client|kill:calls=8,usec=20,usec_per_call=2.50,rejected_calls=0,failed_calls=0

# Errorstats

# Latencystats
latency_percentiles_usec_config|get:p50=2.007,p99=2.007,p99.9=2.007
latency_percentiles_usec_config|set:p50=10.047,p99=10.047,p99.9=10.047
latency_percentiles_usec_auth:p50=1.003,p99=4.015,p99.9=4.015
latency_percentiles_usec_raft.cluster:p50=5.023,p99=5.023,p99.9=5.023
latency_percentiles_usec_hello:p50=8.031,p99=8.031,p99.9=8.031
latency_percentiles_usec_command:p50=851.967,p99=856.063,p99.9=856.063
latency_percentiles_usec_client|setinfo:p50=0.001,p99=1.003,p99.9=1.003
latency_percentiles_usec_client|kill:p50=2.007,p99=3.007,p99.9=3.007

# Cluster
cluster_enabled:0

# Keyspace

------ CLIENT LIST OUTPUT ------
id=8 addr=127.0.0.1:59716 laddr=127.0.0.1:5033 fd=9 name= age=3 idle=3 flags=N db=0 sub=0 psub=0 ssub=0 multi=-1 qbuf=0 qbuf-free=0 argv-mem=0 multi-mem=0 rbs=1024 rbp=5 obl=0 oll=0 omem=0 tot-mem=1928 events=r cmd=raft.cluster user=default redir=-1 resp=3 lib-name=go-redis(,go1.21.4) lib-ver=9.2.1
id=11 addr=127.0.0.1:39716 laddr=127.0.0.1:5033 fd=10 name= age=1 idle=1 flags=N db=0 sub=0 psub=0 ssub=0 multi=-1 qbuf=0 qbuf-free=20474 argv-mem=0 multi-mem=0 rbs=1024 rbp=0 obl=0 oll=0 omem=0 tot-mem=22400 events=r cmd=auth user=default redir=-1 resp=2 lib-name= lib-ver=

------ MODULES INFO OUTPUT ------
# raft_version
raft_version:255.255.255
raft_git_sha1:b779b199

# raft_general
raft_dbid:7ae424d9f99576d4fc9128dc90c4c2f8
raft_node_id:3
raft_state:up
raft_role:pre-candidate
raft_is_voting:no
raft_voted_for:-1
raft_leader_id:-1
raft_current_term:1
raft_num_nodes:3
raft_num_voting_nodes:1
raft_node1:id=1,state=connected,voting=yes,addr=localhost,port=5031,last_conn_secs=1,conn_errors=15,conn_oks=2
raft_node2:id=2,state=connect_error,voting=no,addr=localhost,port=5032,last_conn_secs=0,conn_errors=8,conn_oks=2

# raft_log
raft_log_entries:4
raft_current_index:4
raft_commit_index:4
raft_last_applied_index:4
raft_file_size:1185
raft_cache_memory_size:1016
raft_cache_entries:4
raft_client_attached_entries:0
raft_fsync_count:1
raft_fsync_max_microseconds:9
raft_entry1:term=1,id=0,data_len=0
raft_entry2:term=1,id=184734626,data_len=264
raft_entry3:term=1,id=1323414648,data_len=264
raft_fsync_avg_microseconds:9

# raft_snapshot
raft_snapshot_filename:redis3.rdb
raft_snapshot_last_idx:0
raft_snapshot_last_term:0
raft_snapshot_size:0
raft_snapshot_time_secs:-1
raft_snapshots_created:0
raft_snapshots_received:0
raft_snapshot_in_progress:no
raft_snapshot_in_progress_last_idx:-1
raft_snapshot_in_progress_last_term:-1

# raft_clients
raft_proxy_reqs:0
raft_proxy_failed_reqs:0
raft_proxy_failed_responses:0
raft_proxy_outstanding_reqs:0

# raft_stats
raft_appendreq_received:0
raft_appendreq_with_entry_received:0
raft_snapshotreq_received:0
raft_exec_throttled:0
raft_num_sessions:0

------ CONFIG DEBUG OUTPUT ------
activedefrag no
io-threads 1
proto-max-bulk-len 512mb
lazyfree-lazy-server-del no
lazyfree-lazy-eviction no
client-query-buffer-limit 1gb
lazyfree-lazy-user-flush no
io-threads-do-reads no
lazyfree-lazy-expire no
repl-diskless-sync yes
replica-read-only yes
list-compress-depth 0
repl-diskless-load disabled
lazyfree-lazy-user-del no
sanitize-dump-payload no
slave-read-only yes

------ FAST MEMORY TEST ------
2006639:M 06 Jan 2024 14:22:04.857 # Bio worker thread #0 terminated
2006639:M 06 Jan 2024 14:22:04.857 # Bio worker thread #1 terminated
2006639:M 06 Jan 2024 14:22:04.857 # Bio worker thread #2 terminated
*** Preparing to test memory region 55c37ba17000 (2273280 bytes)
*** Preparing to test memory region 55c37cbfb000 (536576 bytes)
*** Preparing to test memory region 7f68ffc00000 (4329472 bytes)
*** Preparing to test memory region 7f6904000000 (135168 bytes)
*** Preparing to test memory region 7f6908000000 (135168 bytes)
*** Preparing to test memory region 7f690c000000 (135168 bytes)
*** Preparing to test memory region 7f6910000000 (135168 bytes)
*** Preparing to test memory region 7f6914000000 (135168 bytes)
*** Preparing to test memory region 7f6918000000 (135168 bytes)
*** Preparing to test memory region 7f691c000000 (12582912 bytes)
*** Preparing to test memory region 7f691ce00000 (8388608 bytes)
*** Preparing to test memory region 7f691d600000 (4194304 bytes)
*** Preparing to test memory region 7f691dbfe000 (8388608 bytes)
*** Preparing to test memory region 7f691e3ff000 (8388608 bytes)
*** Preparing to test memory region 7f691ec00000 (8388608 bytes)
*** Preparing to test memory region 7f691f400000 (2097152 bytes)
*** Preparing to test memory region 7f691f800000 (8388608 bytes)
*** Preparing to test memory region 7f6920000000 (6291456 bytes)
*** Preparing to test memory region 7f69207fa000 (8388608 bytes)
*** Preparing to test memory region 7f6920ffb000 (8388608 bytes)
*** Preparing to test memory region 7f69217fc000 (8388608 bytes)
*** Preparing to test memory region 7f6921ffd000 (8388608 bytes)
*** Preparing to test memory region 7f69227fe000 (8388608 bytes)
*** Preparing to test memory region 7f6922fff000 (8388608 bytes)
*** Preparing to test memory region 7f6923800000 (8388608 bytes)
*** Preparing to test memory region 7f6924000000 (135168 bytes)
*** Preparing to test memory region 7f69281a7000 (2097152 bytes)
*** Preparing to test memory region 7f69283dd000 (8388608 bytes)
*** Preparing to test memory region 7f6928bde000 (8388608 bytes)
*** Preparing to test memory region 7f69293df000 (8388608 bytes)
*** Preparing to test memory region 7f6929bdf000 (2621440 bytes)
*** Preparing to test memory region 7f6929e6e000 (8192 bytes)
*** Preparing to test memory region 7f692a47f000 (12288 bytes)
*** Preparing to test memory region 7f692aa18000 (16384 bytes)
*** Preparing to test memory region 7f692ab9a000 (8192 bytes)
*** Preparing to test memory region 7f692adfa000 (24576 bytes)
*** Preparing to test memory region 7f692b600000 (8388608 bytes)
*** Preparing to test memory region 7f692be47000 (4096 bytes)
*** Preparing to test memory region 7f692be6d000 (28672 bytes)
*** Preparing to test memory region 7f692c048000 (53248 bytes)
*** Preparing to test memory region 7f692c165000 (8192 bytes)
.2007954:C 06 Jan 2024 14:22:04.928 # WARNING Memory overcommit must be enabled! Without it, a background save or replication may fail under low memory condition. Being disabled, it can also cause failures without low memory condition, see https://github.com/jemalloc/jemalloc/issues/1328. To fix this issue add 'vm.overcommit_memory = 1' to /etc/sysctl.conf and then reboot or run the command 'sysctl vm.overcommit_memory=1' for this to take effect.
2007954:C 06 Jan 2024 14:22:04.928 * oO0OoO0OoO0Oo Redis is starting oO0OoO0OoO0Oo
2007954:C 06 Jan 2024 14:22:04.928 * Redis version=255.255.255, bits=64, commit=e04ebdb8, modified=1, pid=2007954, just started
2007954:C 06 Jan 2024 14:22:04.928 * Configuration loaded
2007954:M 06 Jan 2024 14:22:04.928 * monotonic clock: POSIX clock_gettime
2007954:M 06 Jan 2024 14:22:04.929 * Running mode=standalone, port=5033.
2007954:M 06 Jan 2024 14:22:04.935 * <raft> RedisRaft version 255.255.255 [b779b199]
2007954:M 06 Jan 2024 14:22:04.940 * <raft> Initializing test network
2007954:M 06 Jan 2024 14:22:04.941 * <raft> Created test network client
2007954:M 06 Jan 2024 14:22:04.945 * <raft> Raft module loaded, state is 'loading'
2007954:M 06 Jan 2024 14:22:04.945 * Module 'raft' loaded from /home/snagendra/Fuzzing/redisraft-fuzzing/redisraft.so
2007954:M 06 Jan 2024 14:22:04.946 * Server initialized
2007954:M 06 Jan 2024 14:22:04.946 . The AOF directory appendonlydir doesn't exist
2007954:M 06 Jan 2024 14:22:04.946 * Ready to accept connections tcp
2007954:M 06 Jan 2024 14:22:04.946 . 0 clients connected (0 replicas), 1746688 bytes in use
2007954:M 06 Jan 2024 14:22:05.010 - Accepted 127.0.0.1:39738
2007954:M 06 Jan 2024 14:22:05.010 # Missing implement of connection type tls
2007954:M 06 Jan 2024 14:22:05.046 * <raft> Loading: Redis loading complete, snapshot NOT LOADED
2007954:M 06 Jan 2024 14:22:05.046 * <raft> Cluster Membership: term:0 index:0 nodes: id=3,voting=0,active=1,addr=-
2007954:M 06 Jan 2024 14:22:05.046 * <raft> Test network starting message polling thread
2007954:M 06 Jan 2024 14:22:05.047 * <raft> Cluster Membership: term:0 index:4 nodes: id=3,voting=0,active=1,addr=- id=1,voting=1,active=1,addr=localhost:5031
2007954:M 06 Jan 2024 14:22:05.047 * <raft> Cluster Membership: term:0 index:4 nodes: id=3,voting=0,active=1,addr=- id=1,voting=1,active=1,addr=localhost:5031 id=2,voting=0,active=1,addr=localhost:5032
2007954:M 06 Jan 2024 14:22:05.047 * <raft> Raft state after loading log: log_count=4, first_idx=1, current_idx=4, last_applied_idx=0
2007954:M 06 Jan 2024 14:22:05.047 . <raft> Raft term=1, vote=-1
2007954:M 06 Jan 2024 14:22:05.078 - Accepted 127.0.0.1:39754
2007954:M 06 Jan 2024 14:22:05.096 - Client closed connection id=8 addr=127.0.0.1:39738 laddr=127.0.0.1:5033 fd=11 name= age=0 idle=0 flags=N db=0 sub=0 psub=0 ssub=0 multi=-1 qbuf=0 qbuf-free=20474 argv-mem=0 multi-mem=0 rbs=16384 rbp=0 obl=0 oll=0 omem=0 tot-mem=37760 events=r cmd=auth user=default redir=-1 resp=2 lib-name= lib-ver=
2007954:M 06 Jan 2024 14:22:05.121 - Client closed connection id=9 addr=127.0.0.1:39754 laddr=127.0.0.1:5033 fd=14 name= age=0 idle=0 flags=N db=0 sub=0 psub=0 ssub=0 multi=-1 qbuf=0 qbuf-free=20474 argv-mem=0 multi-mem=0 rbs=16384 rbp=16384 obl=0 oll=0 omem=0 tot-mem=37760 events=r cmd=auth user=default redir=-1 resp=2 lib-name= lib-ver=
2007954:signal-handler (1704547325) Received SIGINT scheduling shutdown...
2007954:signal-handler (1704547325) You insist... exiting now.

----- Stderr -----
libgcov profiling error:/home/snagendra/Fuzzing/redisraft-fuzzing/build/deps/raft/CMakeFiles/raft.dir/src/raft_server.c.gcda:Merge mismatch for function 9
libgcov profiling error:/home/snagendra/Fuzzing/redisraft-fuzzing/build/deps/raft/CMakeFiles/raft.dir/src/raft_server.c.gcda:Merge mismatch for function 9




logs for node: 1

----- Stdout -----
2006573:C 06 Jan 2024 14:22:01.664 # WARNING Memory overcommit must be enabled! Without it, a background save or replication may fail under low memory condition. Being disabled, it can also cause failures without low memory condition, see https://github.com/jemalloc/jemalloc/issues/1328. To fix this issue add 'vm.overcommit_memory = 1' to /etc/sysctl.conf and then reboot or run the command 'sysctl vm.overcommit_memory=1' for this to take effect.
2006573:C 06 Jan 2024 14:22:01.664 * oO0OoO0OoO0Oo Redis is starting oO0OoO0OoO0Oo
2006573:C 06 Jan 2024 14:22:01.664 * Redis version=255.255.255, bits=64, commit=e04ebdb8, modified=1, pid=2006573, just started
2006573:C 06 Jan 2024 14:22:01.664 * Configuration loaded
2006573:M 06 Jan 2024 14:22:01.664 * monotonic clock: POSIX clock_gettime
2006573:M 06 Jan 2024 14:22:01.665 * Running mode=standalone, port=5031.
2006573:M 06 Jan 2024 14:22:01.671 * <raft> RedisRaft version 255.255.255 [b779b199]
2006573:M 06 Jan 2024 14:22:01.676 * <raft> Initializing test network
2006573:M 06 Jan 2024 14:22:01.677 * <raft> Created test network client
2006573:M 06 Jan 2024 14:22:01.678 * <raft> Raft module loaded, state is 'uninitialized'
2006573:M 06 Jan 2024 14:22:01.678 * Module 'raft' loaded from /home/snagendra/Fuzzing/redisraft-fuzzing/redisraft.so
2006573:M 06 Jan 2024 14:22:01.678 * Server initialized
2006573:M 06 Jan 2024 14:22:01.679 . The AOF directory appendonlydir doesn't exist
2006573:M 06 Jan 2024 14:22:01.679 * Ready to accept connections tcp
2006573:M 06 Jan 2024 14:22:01.679 . 0 clients connected (0 replicas), 1726192 bytes in use
2006573:M 06 Jan 2024 14:22:01.682 - Accepted 127.0.0.1:47508
2006573:M 06 Jan 2024 14:22:01.682 # Missing implement of connection type tls
2006573:M 06 Jan 2024 14:22:01.689 * <raft> Cluster Membership: term:0 index:0 nodes: id=1,voting=0,active=1,addr=-
2006573:M 06 Jan 2024 14:22:01.694 * <raft> State change: Node is now a leader, term 1
2006573:M 06 Jan 2024 14:22:01.694 * <raft> Cluster Membership: term:1 index:1 nodes: id=1,voting=0,active=1,addr=-
2006573:M 06 Jan 2024 14:22:01.694 * <raft> Test network starting message polling thread
2006573:M 06 Jan 2024 14:22:01.695 * <raft> Raft Cluster initialized, node id: 1, dbid: 7ae424d9f99576d4fc9128dc90c4c2f8
2006573:M 06 Jan 2024 14:22:01.813 - Accepted 127.0.0.1:47518
2006573:M 06 Jan 2024 14:22:01.813 * <raft> Cluster Membership: term:1 index:3 nodes: id=1,voting=1,active=1,addr=- id=2,voting=0,active=1,addr=localhost:5032
2006573:M 06 Jan 2024 14:22:01.820 - Client closed connection id=9 addr=127.0.0.1:47518 laddr=127.0.0.1:5031 fd=12 name= age=0 idle=0 flags=N db=0 sub=0 psub=0 ssub=0 multi=-1 qbuf=0 qbuf-free=20474 argv-mem=0 multi-mem=0 rbs=16384 rbp=16384 obl=0 oll=0 omem=0 tot-mem=37760 events=r cmd=raft.node user=default redir=-1 resp=2 lib-name= lib-ver=
2006573:M 06 Jan 2024 14:22:01.939 - Accepted 127.0.0.1:47530
2006573:M 06 Jan 2024 14:22:01.940 * <raft> Cluster Membership: term:1 index:4 nodes: id=1,voting=1,active=1,addr=- id=2,voting=0,active=1,addr=localhost:5032 id=3,voting=0,active=1,addr=localhost:5033
2006573:M 06 Jan 2024 14:22:01.955 - Client closed connection id=10 addr=127.0.0.1:47530 laddr=127.0.0.1:5031 fd=13 name= age=0 idle=0 flags=N db=0 sub=0 psub=0 ssub=0 multi=-1 qbuf=0 qbuf-free=20474 argv-mem=0 multi-mem=0 rbs=16384 rbp=16384 obl=0 oll=0 omem=0 tot-mem=37760 events=r cmd=raft.node user=default redir=-1 resp=2 lib-name= lib-ver=
2006573:M 06 Jan 2024 14:22:02.039 - Accepted 127.0.0.1:47542
2006573:signal-handler (1704547322) Received SIGINT scheduling shutdown...
2006573:signal-handler (1704547322) You insist... exiting now.
2007406:C 06 Jan 2024 14:22:03.582 # WARNING Memory overcommit must be enabled! Without it, a background save or replication may fail under low memory condition. Being disabled, it can also cause failures without low memory condition, see https://github.com/jemalloc/jemalloc/issues/1328. To fix this issue add 'vm.overcommit_memory = 1' to /etc/sysctl.conf and then reboot or run the command 'sysctl vm.overcommit_memory=1' for this to take effect.
2007406:C 06 Jan 2024 14:22:03.582 * oO0OoO0OoO0Oo Redis is starting oO0OoO0OoO0Oo
2007406:C 06 Jan 2024 14:22:03.582 * Redis version=255.255.255, bits=64, commit=e04ebdb8, modified=1, pid=2007406, just started
2007406:C 06 Jan 2024 14:22:03.582 * Configuration loaded
2007406:M 06 Jan 2024 14:22:03.582 * monotonic clock: POSIX clock_gettime
2007406:M 06 Jan 2024 14:22:03.583 * Running mode=standalone, port=5031.
2007406:M 06 Jan 2024 14:22:03.589 * <raft> RedisRaft version 255.255.255 [b779b199]
2007406:M 06 Jan 2024 14:22:03.593 * <raft> Initializing test network
2007406:M 06 Jan 2024 14:22:03.594 * <raft> Created test network client
2007406:M 06 Jan 2024 14:22:03.597 * <raft> Raft module loaded, state is 'loading'
2007406:M 06 Jan 2024 14:22:03.597 * Module 'raft' loaded from /home/snagendra/Fuzzing/redisraft-fuzzing/redisraft.so
2007406:M 06 Jan 2024 14:22:03.598 * Server initialized
2007406:M 06 Jan 2024 14:22:03.598 . The AOF directory appendonlydir doesn't exist
2007406:M 06 Jan 2024 14:22:03.598 * Ready to accept connections tcp
2007406:M 06 Jan 2024 14:22:03.598 . 0 clients connected (0 replicas), 1746592 bytes in use
2007406:M 06 Jan 2024 14:22:03.650 - Accepted 127.0.0.1:50036
2007406:M 06 Jan 2024 14:22:03.650 # Missing implement of connection type tls
2007406:M 06 Jan 2024 14:22:03.698 * <raft> Loading: Redis loading complete, snapshot NOT LOADED
2007406:M 06 Jan 2024 14:22:03.698 * <raft> Cluster Membership: term:0 index:0 nodes: id=1,voting=0,active=1,addr=-
2007406:M 06 Jan 2024 14:22:03.699 * <raft> Test network starting message polling thread
2007406:M 06 Jan 2024 14:22:03.699 * <raft> Cluster Membership: term:0 index:4 nodes: id=1,voting=1,active=1,addr=- id=2,voting=0,active=1,addr=localhost:5032
2007406:M 06 Jan 2024 14:22:03.699 * <raft> Cluster Membership: term:0 index:4 nodes: id=1,voting=1,active=1,addr=- id=2,voting=0,active=1,addr=localhost:5032 id=3,voting=0,active=1,addr=localhost:5033
2007406:M 06 Jan 2024 14:22:03.699 * <raft> Raft state after loading log: log_count=4, first_idx=1, current_idx=4, last_applied_idx=0
2007406:M 06 Jan 2024 14:22:03.699 . <raft> Raft term=1, vote=-1
2007406:M 06 Jan 2024 14:22:03.705 * <raft> State change: Node is now a leader, term 2
2007406:M 06 Jan 2024 14:22:03.706 * <raft> Cluster Membership: term:2 index:5 nodes: id=1,voting=1,active=1,addr=- id=2,voting=0,active=1,addr=localhost:5032 id=3,voting=0,active=1,addr=localhost:5033
2007406:M 06 Jan 2024 14:22:04.065 - Accepted 127.0.0.1:50052
2007406:M 06 Jan 2024 14:22:04.313 - Accepted 127.0.0.1:50058
2007406:M 06 Jan 2024 14:22:04.664 - Client closed connection id=9 addr=127.0.0.1:50052 laddr=127.0.0.1:5031 fd=14 name= age=0 idle=0 flags=N db=0 sub=0 psub=0 ssub=0 multi=-1 qbuf=0 qbuf-free=20474 argv-mem=0 multi-mem=0 rbs=1024 rbp=0 obl=0 oll=0 omem=0 tot-mem=22400 events=r cmd=auth user=default redir=-1 resp=2 lib-name= lib-ver=
2007406:M 06 Jan 2024 14:22:04.864 - Client closed connection id=8 addr=127.0.0.1:50036 laddr=127.0.0.1:5031 fd=11 name= age=1 idle=1 flags=N db=0 sub=0 psub=0 ssub=0 multi=-1 qbuf=0 qbuf-free=20474 argv-mem=0 multi-mem=0 rbs=1024 rbp=0 obl=0 oll=0 omem=0 tot-mem=22400 events=r cmd=auth user=default redir=-1 resp=2 lib-name= lib-ver=
2007406:M 06 Jan 2024 14:22:05.047 - Accepted 127.0.0.1:50074
2007406:M 06 Jan 2024 14:22:05.078 - Accepted 127.0.0.1:50086
2007406:signal-handler (1704547325) Received SIGINT scheduling shutdown...
2007406:signal-handler (1704547325) You insist... exiting now.

----- Stderr -----
libgcov profiling error:/home/snagendra/Fuzzing/redisraft-fuzzing/build/deps/raft/CMakeFiles/raft.dir/src/raft_server.c.gcda:Merge mismatch for function 9
libgcov profiling error:/home/snagendra/Fuzzing/redisraft-fuzzing/build/deps/raft/CMakeFiles/raft.dir/src/raft_server.c.gcda:Merge mismatch for function 9



