logs for node: 1

----- Stdout -----
838763:C 06 Jan 2024 18:40:12.640 # WARNING Memory overcommit must be enabled! Without it, a background save or replication may fail under low memory condition. Being disabled, it can also cause failures without low memory condition, see https://github.com/jemalloc/jemalloc/issues/1328. To fix this issue add 'vm.overcommit_memory = 1' to /etc/sysctl.conf and then reboot or run the command 'sysctl vm.overcommit_memory=1' for this to take effect.
838763:C 06 Jan 2024 18:40:12.640 * oO0OoO0OoO0Oo Redis is starting oO0OoO0OoO0Oo
838763:C 06 Jan 2024 18:40:12.640 * Redis version=255.255.255, bits=64, commit=e04ebdb8, modified=1, pid=838763, just started
838763:C 06 Jan 2024 18:40:12.640 * Configuration loaded
838763:M 06 Jan 2024 18:40:12.641 * monotonic clock: POSIX clock_gettime
838763:M 06 Jan 2024 18:40:12.641 * Running mode=standalone, port=5091.
838763:M 06 Jan 2024 18:40:12.648 * <raft> RedisRaft version 255.255.255 [b779b199]
838763:M 06 Jan 2024 18:40:12.653 * <raft> Initializing test network
838763:M 06 Jan 2024 18:40:12.654 * <raft> Created test network client
838763:M 06 Jan 2024 18:40:12.655 * <raft> Raft module loaded, state is 'uninitialized'
838763:M 06 Jan 2024 18:40:12.655 * Module 'raft' loaded from /home/snagendra/Fuzzing/redisraft-fuzzing/redisraft.so
838763:M 06 Jan 2024 18:40:12.656 * Server initialized
838763:M 06 Jan 2024 18:40:12.656 . The AOF directory appendonlydir doesn't exist
838763:M 06 Jan 2024 18:40:12.656 * Ready to accept connections tcp
838763:M 06 Jan 2024 18:40:12.656 . 0 clients connected (0 replicas), 1726192 bytes in use
838763:M 06 Jan 2024 18:40:12.662 - Accepted 127.0.0.1:39860
838763:M 06 Jan 2024 18:40:12.662 # Missing implement of connection type tls
838763:M 06 Jan 2024 18:40:12.668 * <raft> Cluster Membership: term:0 index:0 nodes: id=1,voting=0,active=1,addr=-
838763:M 06 Jan 2024 18:40:12.673 * <raft> State change: Node is now a leader, term 1
838763:M 06 Jan 2024 18:40:12.673 * <raft> Cluster Membership: term:1 index:1 nodes: id=1,voting=0,active=1,addr=-
838763:M 06 Jan 2024 18:40:12.674 * <raft> Test network starting message polling thread
838763:M 06 Jan 2024 18:40:12.674 * <raft> Raft Cluster initialized, node id: 1, dbid: 662ca08800431c26e87c6ec2d82d9b83
838763:M 06 Jan 2024 18:40:12.791 - Accepted 127.0.0.1:39866
838763:M 06 Jan 2024 18:40:12.792 * <raft> Cluster Membership: term:1 index:3 nodes: id=1,voting=1,active=1,addr=- id=2,voting=0,active=1,addr=localhost:5092
838763:M 06 Jan 2024 18:40:12.799 - Client closed connection id=9 addr=127.0.0.1:39866 laddr=127.0.0.1:5091 fd=12 name= age=0 idle=0 flags=N db=0 sub=0 psub=0 ssub=0 multi=-1 qbuf=0 qbuf-free=20474 argv-mem=0 multi-mem=0 rbs=16384 rbp=16384 obl=0 oll=0 omem=0 tot-mem=37760 events=r cmd=raft.node user=default redir=-1 resp=2 lib-name= lib-ver=
838763:M 06 Jan 2024 18:40:12.917 - Accepted 127.0.0.1:39878
838763:M 06 Jan 2024 18:40:12.918 * <raft> Cluster Membership: term:1 index:4 nodes: id=1,voting=1,active=1,addr=- id=2,voting=0,active=1,addr=localhost:5092 id=3,voting=0,active=1,addr=localhost:5093
838763:M 06 Jan 2024 18:40:12.925 - Client closed connection id=10 addr=127.0.0.1:39878 laddr=127.0.0.1:5091 fd=13 name= age=0 idle=0 flags=N db=0 sub=0 psub=0 ssub=0 multi=-1 qbuf=0 qbuf-free=20474 argv-mem=0 multi-mem=0 rbs=16384 rbp=16384 obl=0 oll=0 omem=0 tot-mem=37760 events=r cmd=raft.node user=default redir=-1 resp=2 lib-name= lib-ver=
838763:M 06 Jan 2024 18:40:13.018 * <raft> node:2 has sufficient logs, adding as voting node.
838763:M 06 Jan 2024 18:40:13.092 - Accepted 127.0.0.1:39892
838763:signal-handler (1704562813) Received SIGINT scheduling shutdown...
838763:signal-handler (1704562813) You insist... exiting now.
839457:C 06 Jan 2024 18:40:14.404 # WARNING Memory overcommit must be enabled! Without it, a background save or replication may fail under low memory condition. Being disabled, it can also cause failures without low memory condition, see https://github.com/jemalloc/jemalloc/issues/1328. To fix this issue add 'vm.overcommit_memory = 1' to /etc/sysctl.conf and then reboot or run the command 'sysctl vm.overcommit_memory=1' for this to take effect.
839457:C 06 Jan 2024 18:40:14.404 * oO0OoO0OoO0Oo Redis is starting oO0OoO0OoO0Oo
839457:C 06 Jan 2024 18:40:14.404 * Redis version=255.255.255, bits=64, commit=e04ebdb8, modified=1, pid=839457, just started
839457:C 06 Jan 2024 18:40:14.404 * Configuration loaded
839457:M 06 Jan 2024 18:40:14.405 * monotonic clock: POSIX clock_gettime
839457:M 06 Jan 2024 18:40:14.405 * Running mode=standalone, port=5091.
839457:M 06 Jan 2024 18:40:14.412 * <raft> RedisRaft version 255.255.255 [b779b199]
839457:M 06 Jan 2024 18:40:14.416 * <raft> Initializing test network
839457:M 06 Jan 2024 18:40:14.417 * <raft> Created test network client
839457:M 06 Jan 2024 18:40:14.420 * <raft> Raft module loaded, state is 'loading'
839457:M 06 Jan 2024 18:40:14.420 * Module 'raft' loaded from /home/snagendra/Fuzzing/redisraft-fuzzing/redisraft.so
839457:M 06 Jan 2024 18:40:14.421 * Server initialized
839457:M 06 Jan 2024 18:40:14.421 . The AOF directory appendonlydir doesn't exist
839457:M 06 Jan 2024 18:40:14.421 * Ready to accept connections tcp
839457:M 06 Jan 2024 18:40:14.421 . 0 clients connected (0 replicas), 1746624 bytes in use
839457:M 06 Jan 2024 18:40:14.430 - Accepted 127.0.0.1:39964
839457:M 06 Jan 2024 18:40:14.430 # Missing implement of connection type tls
839457:M 06 Jan 2024 18:40:14.480 - Client closed connection id=8 addr=127.0.0.1:39964 laddr=127.0.0.1:5091 fd=11 name= age=0 idle=0 flags=N db=0 sub=0 psub=0 ssub=0 multi=-1 qbuf=0 qbuf-free=20474 argv-mem=0 multi-mem=0 rbs=16384 rbp=16384 obl=0 oll=0 omem=0 tot-mem=37760 events=r cmd=auth user=default redir=-1 resp=2 lib-name= lib-ver=
839457:M 06 Jan 2024 18:40:14.481 - Accepted 127.0.0.1:39972
839457:M 06 Jan 2024 18:40:14.521 * <raft> Loading: Redis loading complete, snapshot NOT LOADED
839457:M 06 Jan 2024 18:40:14.521 * <raft> Cluster Membership: term:0 index:0 nodes: id=1,voting=0,active=1,addr=-
839457:M 06 Jan 2024 18:40:14.521 * <raft> Test network starting message polling thread
839457:M 06 Jan 2024 18:40:14.522 * <raft> Cluster Membership: term:0 index:6 nodes: id=1,voting=1,active=1,addr=- id=2,voting=0,active=1,addr=localhost:5092
839457:M 06 Jan 2024 18:40:14.522 * <raft> Cluster Membership: term:0 index:6 nodes: id=1,voting=1,active=1,addr=- id=2,voting=0,active=1,addr=localhost:5092 id=3,voting=0,active=1,addr=localhost:5093
839457:M 06 Jan 2024 18:40:14.522 * <raft> Raft state after loading log: log_count=6, first_idx=1, current_idx=6, last_applied_idx=0
839457:M 06 Jan 2024 18:40:14.522 . <raft> Raft term=1, vote=-1
839457:M 06 Jan 2024 18:40:14.783 # <raft> Redis connection authentication failed: connection died
839457:M 06 Jan 2024 18:40:14.818 - Accepted 127.0.0.1:39974
839457:M 06 Jan 2024 18:40:14.823 * <raft> State change: Election starting, node is now a pre-candidate, term 1
839457:M 06 Jan 2024 18:40:14.823 * <raft> Cluster Membership: term:1 index:6 nodes: id=1,voting=1,active=1,addr=- id=2,voting=1,active=1,addr=localhost:5092 id=3,voting=0,active=1,addr=localhost:5093
839457:M 06 Jan 2024 18:40:15.226 * <raft> State change: Election starting, node is now a pre-candidate, term 1
839457:M 06 Jan 2024 18:40:15.226 * <raft> Cluster Membership: term:1 index:6 nodes: id=1,voting=1,active=1,addr=- id=2,voting=1,active=1,addr=localhost:5092 id=3,voting=0,active=1,addr=localhost:5093
839457:M 06 Jan 2024 18:40:15.528 * <raft> State change: Election starting, node is now a pre-candidate, term 1
839457:M 06 Jan 2024 18:40:15.528 * <raft> Cluster Membership: term:1 index:6 nodes: id=1,voting=1,active=1,addr=- id=2,voting=1,active=1,addr=localhost:5092 id=3,voting=0,active=1,addr=localhost:5093
839457:M 06 Jan 2024 18:40:15.593 - Client closed connection id=10 addr=127.0.0.1:39974 laddr=127.0.0.1:5091 fd=12 name= age=1 idle=1 flags=N db=0 sub=0 psub=0 ssub=0 multi=-1 qbuf=0 qbuf-free=20474 argv-mem=0 multi-mem=0 rbs=1024 rbp=0 obl=0 oll=0 omem=0 tot-mem=22400 events=r cmd=auth user=default redir=-1 resp=2 lib-name= lib-ver=
839457:M 06 Jan 2024 18:40:15.929 * <raft> State change: Election starting, node is now a pre-candidate, term 1
839457:M 06 Jan 2024 18:40:15.929 * <raft> Cluster Membership: term:1 index:6 nodes: id=1,voting=1,active=1,addr=- id=2,voting=1,active=1,addr=localhost:5092 id=3,voting=0,active=1,addr=localhost:5093
839457:signal-handler (1704562816) Received SIGINT scheduling shutdown...
839457:signal-handler (1704562816) You insist... exiting now.

----- Stderr -----
libgcov profiling error:/home/snagendra/Fuzzing/redisraft-fuzzing/build/deps/raft/CMakeFiles/raft.dir/src/raft_log.c.gcda:Merge mismatch for function 5
libgcov profiling error:/home/snagendra/Fuzzing/redisraft-fuzzing/build/deps/raft/CMakeFiles/raft.dir/src/raft_server_properties.c.gcda:Merge mismatch for function 3
libgcov profiling error:/home/snagendra/Fuzzing/redisraft-fuzzing/build/deps/raft/CMakeFiles/raft.dir/src/raft_server.c.gcda:Merge mismatch for function 58
libgcov profiling error:/home/snagendra/Fuzzing/redisraft-fuzzing/build/deps/raft/CMakeFiles/raft.dir/src/raft_log.c.gcda:Merge mismatch for function 5
libgcov profiling error:/home/snagendra/Fuzzing/redisraft-fuzzing/build/deps/raft/CMakeFiles/raft.dir/src/raft_server_properties.c.gcda:Merge mismatch for function 3
libgcov profiling error:/home/snagendra/Fuzzing/redisraft-fuzzing/build/deps/raft/CMakeFiles/raft.dir/src/raft_server.c.gcda:Merge mismatch for function 58




logs for node: 2

----- Stdout -----
838782:C 06 Jan 2024 18:40:12.676 # WARNING Memory overcommit must be enabled! Without it, a background save or replication may fail under low memory condition. Being disabled, it can also cause failures without low memory condition, see https://github.com/jemalloc/jemalloc/issues/1328. To fix this issue add 'vm.overcommit_memory = 1' to /etc/sysctl.conf and then reboot or run the command 'sysctl vm.overcommit_memory=1' for this to take effect.
838782:C 06 Jan 2024 18:40:12.676 * oO0OoO0OoO0Oo Redis is starting oO0OoO0OoO0Oo
838782:C 06 Jan 2024 18:40:12.676 * Redis version=255.255.255, bits=64, commit=e04ebdb8, modified=1, pid=838782, just started
838782:C 06 Jan 2024 18:40:12.676 * Configuration loaded
838782:M 06 Jan 2024 18:40:12.677 * monotonic clock: POSIX clock_gettime
838782:M 06 Jan 2024 18:40:12.677 * Running mode=standalone, port=5092.
838782:M 06 Jan 2024 18:40:12.684 * <raft> RedisRaft version 255.255.255 [b779b199]
838782:M 06 Jan 2024 18:40:12.688 * <raft> Initializing test network
838782:M 06 Jan 2024 18:40:12.689 * <raft> Created test network client
838782:M 06 Jan 2024 18:40:12.690 * <raft> Raft module loaded, state is 'uninitialized'
838782:M 06 Jan 2024 18:40:12.690 * Module 'raft' loaded from /home/snagendra/Fuzzing/redisraft-fuzzing/redisraft.so
838782:M 06 Jan 2024 18:40:12.691 * Server initialized
838782:M 06 Jan 2024 18:40:12.691 . The AOF directory appendonlydir doesn't exist
838782:M 06 Jan 2024 18:40:12.691 * Ready to accept connections tcp
838782:M 06 Jan 2024 18:40:12.691 . 0 clients connected (0 replicas), 1726192 bytes in use
838782:M 06 Jan 2024 18:40:12.695 - Accepted 127.0.0.1:45108
838782:M 06 Jan 2024 18:40:12.695 # Missing implement of connection type tls
838782:M 06 Jan 2024 18:40:12.790 - <raft> join cluster, connecting to localhost:5091
838782:M 06 Jan 2024 18:40:12.792 * <raft> Joined Raft cluster, node id: 2, dbid: 662ca08800431c26e87c6ec2d82d9b83
838782:M 06 Jan 2024 18:40:12.799 * <raft> Cluster Membership: term:0 index:0 nodes: id=2,voting=0,active=1,addr=-
838782:M 06 Jan 2024 18:40:12.799 * <raft> Test network starting message polling thread
838782:M 06 Jan 2024 18:40:12.856 - Accepted 127.0.0.1:45120
838782:M 06 Jan 2024 18:40:12.993 * <raft> Cluster Membership: term:1 index:2 nodes: id=2,voting=0,active=1,addr=- id=1,voting=1,active=1,addr=localhost:5091
838782:M 06 Jan 2024 18:40:13.141 * <raft> Cluster Membership: term:1 index:4 nodes: id=2,voting=0,active=1,addr=- id=1,voting=1,active=1,addr=localhost:5091 id=3,voting=0,active=1,addr=localhost:5093
838782:M 06 Jan 2024 18:40:13.228 - Client closed connection id=9 addr=127.0.0.1:45120 laddr=127.0.0.1:5092 fd=10 name= age=1 idle=1 flags=N db=0 sub=0 psub=0 ssub=0 multi=-1 qbuf=0 qbuf-free=20474 argv-mem=0 multi-mem=0 rbs=1024 rbp=0 obl=0 oll=0 omem=0 tot-mem=22400 events=r cmd=auth user=default redir=-1 resp=2 lib-name= lib-ver=
838782:M 06 Jan 2024 18:40:13.595 * <raft> State change: Election starting, node is now a pre-candidate, term 1
838782:M 06 Jan 2024 18:40:13.595 * <raft> Cluster Membership: term:1 index:5 nodes: id=2,voting=1,active=1,addr=- id=1,voting=1,active=1,addr=localhost:5091 id=3,voting=0,active=1,addr=localhost:5093
838782:signal-handler (1704562813) Received SIGINT scheduling shutdown...
838782:signal-handler (1704562813) You insist... exiting now.
839387:C 06 Jan 2024 18:40:14.311 # WARNING Memory overcommit must be enabled! Without it, a background save or replication may fail under low memory condition. Being disabled, it can also cause failures without low memory condition, see https://github.com/jemalloc/jemalloc/issues/1328. To fix this issue add 'vm.overcommit_memory = 1' to /etc/sysctl.conf and then reboot or run the command 'sysctl vm.overcommit_memory=1' for this to take effect.
839387:C 06 Jan 2024 18:40:14.312 * oO0OoO0OoO0Oo Redis is starting oO0OoO0OoO0Oo
839387:C 06 Jan 2024 18:40:14.312 * Redis version=255.255.255, bits=64, commit=e04ebdb8, modified=1, pid=839387, just started
839387:C 06 Jan 2024 18:40:14.312 * Configuration loaded
839387:M 06 Jan 2024 18:40:14.312 * monotonic clock: POSIX clock_gettime
839387:M 06 Jan 2024 18:40:14.312 * Running mode=standalone, port=5092.
839387:M 06 Jan 2024 18:40:14.319 * <raft> RedisRaft version 255.255.255 [b779b199]
839387:M 06 Jan 2024 18:40:14.324 * <raft> Initializing test network
839387:M 06 Jan 2024 18:40:14.325 * <raft> Created test network client
839387:M 06 Jan 2024 18:40:14.328 * <raft> Raft module loaded, state is 'loading'
839387:M 06 Jan 2024 18:40:14.328 * Module 'raft' loaded from /home/snagendra/Fuzzing/redisraft-fuzzing/redisraft.so
839387:M 06 Jan 2024 18:40:14.328 * Server initialized
839387:M 06 Jan 2024 18:40:14.328 . The AOF directory appendonlydir doesn't exist
839387:M 06 Jan 2024 18:40:14.328 * Ready to accept connections tcp
839387:M 06 Jan 2024 18:40:14.328 . 0 clients connected (0 replicas), 1746688 bytes in use
839387:M 06 Jan 2024 18:40:14.428 * <raft> Loading: Redis loading complete, snapshot NOT LOADED
839387:M 06 Jan 2024 18:40:14.429 * <raft> Cluster Membership: term:0 index:0 nodes: id=2,voting=0,active=1,addr=-
839387:M 06 Jan 2024 18:40:14.429 * <raft> Test network starting message polling thread
839387:M 06 Jan 2024 18:40:14.430 * <raft> Cluster Membership: term:0 index:5 nodes: id=2,voting=0,active=1,addr=- id=1,voting=1,active=1,addr=localhost:5091
839387:M 06 Jan 2024 18:40:14.430 * <raft> Cluster Membership: term:0 index:5 nodes: id=2,voting=0,active=1,addr=- id=1,voting=1,active=1,addr=localhost:5091 id=3,voting=0,active=1,addr=localhost:5093
839387:M 06 Jan 2024 18:40:14.430 * <raft> Raft state after loading log: log_count=5, first_idx=1, current_idx=5, last_applied_idx=0
839387:M 06 Jan 2024 18:40:14.430 . <raft> Raft term=1, vote=-1
839387:signal-handler (1704562814) Received SIGINT scheduling shutdown...
839387:signal-handler (1704562814) You insist... exiting now.


=== REDIS BUG REPORT START: Cut & paste starting from here ===
839387:M 06 Jan 2024 18:40:14.435 # Redis 255.255.255 crashed by signal: 11, si_code: 1
839387:M 06 Jan 2024 18:40:14.435 # Accessing address: 0x18
839387:M 06 Jan 2024 18:40:14.435 # Crashed running the instruction at: 0x7f4b6f1880b0

------ STACK TRACE ------
EIP:
/lib/x86_64-linux-gnu/libc.so.6(__pthread_rwlock_wrlock+0x0)[0x7f4b6f1880b0]

Backtrace:
/lib/x86_64-linux-gnu/libc.so.6(+0x3bfd0)[0x7f4b6f134fd0]
/lib/x86_64-linux-gnu/libc.so.6(__pthread_rwlock_wrlock+0x0)[0x7f4b6f1880b0]
/lib/x86_64-linux-gnu/libcrypto.so.3(CRYPTO_THREAD_write_lock+0x9)[0x7f4b6d43df49]
/lib/x86_64-linux-gnu/libcrypto.so.3(ENGINE_get_first+0x3a)[0x7f4b6d3e408a]
/lib/x86_64-linux-gnu/libcrypto.so.3(ENGINE_register_all_complete+0x6)[0x7f4b6d3e3486]
/lib/x86_64-linux-gnu/libssh2.so.1(libssh2_init+0x39)[0x7f4b6def2389]
/lib/x86_64-linux-gnu/libcurl-gnutls.so.4(+0x8146b)[0x7f4b6dfd646b]
/lib/x86_64-linux-gnu/libcurl-gnutls.so.4(+0x22125)[0x7f4b6df77125]
/lib/x86_64-linux-gnu/libcurl-gnutls.so.4(curl_global_init+0x3a)[0x7f4b6df7722a]
/home/snagendra/Fuzzing/redisraft-fuzzing/redisraft.so(redis_test_http_do+0x2c)[0x7f4b6f0b886c]
/home/snagendra/Fuzzing/redisraft-fuzzing/redisraft.so(redis_test_http_post+0x26)[0x7f4b6f0b8a86]
/home/snagendra/Fuzzing/redisraft-fuzzing/redisraft.so(redis_test_send_message+0x9d)[0x7f4b6f0b7efd]
/home/snagendra/Fuzzing/redisraft-fuzzing/redisraft.so(testNetworkSendAppendEntriesResponse+0x6a)[0x7f4b6f0a122a]
/home/snagendra/Fuzzing/redisraft-fuzzing/redisraft.so(handleTestNetworkMessage+0x130)[0x7f4b6f0a14a0]
/home/snagendra/Fuzzing/redisraft-fuzzing/redisraft.so(poll_redis_test_messages+0x89)[0x7f4b6f0a15c9]
/lib/x86_64-linux-gnu/libc.so.6(+0x89044)[0x7f4b6f182044]
/lib/x86_64-linux-gnu/libc.so.6(+0x10961c)[0x7f4b6f20261c]

------ REGISTERS ------
839387:M 06 Jan 2024 18:40:14.435 # 
RAX:0000000000000001 RBX:00007f4b5c002350
RCX:0000000000000000 RDX:0000000000000000
RDI:0000000000000000 RSI:0000000000000000
RBP:00007f4b6d67e638 RSP:00007f4b627fd228
R8 :0000000000000000 R9 :0000000000000000
R10:0000000000000000 R11:0000000000000000
R12:00007f4b627fd320 R13:00007f4b5c001c90
R14:0000000000000000 R15:00007f4b6cf40800
RIP:00007f4b6f1880b0 EFL:0000000000010206
CSGSFS:002b000000000033
839387:M 06 Jan 2024 18:40:14.436 # (00007f4b627fd237) -> 00007f4b5c002350
839387:M 06 Jan 2024 18:40:14.436 # (00007f4b627fd236) -> 00007f4b6df77125
839387:M 06 Jan 2024 18:40:14.436 # (00007f4b627fd235) -> 00007f4b6cf40800
839387:M 06 Jan 2024 18:40:14.436 # (00007f4b627fd234) -> 00007f4b6dfd646b
839387:M 06 Jan 2024 18:40:14.436 # (00007f4b627fd233) -> 00007f4b5c001c90
839387:M 06 Jan 2024 18:40:14.436 # (00007f4b627fd232) -> 00000000627fd320
839387:M 06 Jan 2024 18:40:14.436 # (00007f4b627fd231) -> 00007f4b5c0031c0
839387:M 06 Jan 2024 18:40:14.436 # (00007f4b627fd230) -> 00007f4b6def2389
839387:M 06 Jan 2024 18:40:14.436 # (00007f4b627fd22f) -> 00007f4b5c002350
839387:M 06 Jan 2024 18:40:14.436 # (00007f4b627fd22e) -> 00007f4b6d3e3486
839387:M 06 Jan 2024 18:40:14.436 # (00007f4b627fd22d) -> 00007f4b5c0031c0
839387:M 06 Jan 2024 18:40:14.436 # (00007f4b627fd22c) -> 00007f4b5c002350
839387:M 06 Jan 2024 18:40:14.436 # (00007f4b627fd22b) -> 00007f4b627fd320
839387:M 06 Jan 2024 18:40:14.436 # (00007f4b627fd22a) -> 00007f4b6d3e408a
839387:M 06 Jan 2024 18:40:14.436 # (00007f4b627fd229) -> 00007f4b5c002350
839387:M 06 Jan 2024 18:40:14.436 # (00007f4b627fd228) -> 00007f4b6d43df49

------ INFO OUTPUT ------
# Server
redis_version:255.255.255
redis_git_sha1:e04ebdb8
redis_git_dirty:1
redis_build_id:1f78dcc7b4fbdd25
redis_mode:standalone
os:Linux 6.1.60.1.amd64-smp x86_64
arch_bits:64
monotonic_clock:POSIX clock_gettime
multiplexing_api:epoll
atomicvar_api:c11-builtin
gcc_version:10.2.1
process_id:839387
process_supervised:no
run_id:09c52d46ef51beb9ad02db75db276237aadc6247
tcp_port:5092
server_time_usec:1704562814431040
uptime_in_seconds:0
uptime_in_days:0
hz:10
configured_hz:10
lru_clock:10063998
executable:/home/snagendra/Fuzzing/redis/src/redis-server
config_file:
io_threads_active:0
listener0:name=tcp,bind=0.0.0.0,port=5092

# Clients
connected_clients:0
cluster_connections:0
maxclients:10000
client_recent_max_input_buffer:0
client_recent_max_output_buffer:0
blocked_clients:0
tracking_clients:0
clients_in_timeout_table:0
total_blocking_keys:0
total_blocking_keys_on_nokey:0

# Memory
used_memory:1756304
used_memory_human:1.67M
used_memory_rss:18436096
used_memory_rss_human:17.58M
used_memory_peak:1756304
used_memory_peak_human:1.67M
used_memory_peak_perc:100.11%
used_memory_overhead:1746728
used_memory_startup:1746544
used_memory_dataset:9576
used_memory_dataset_perc:98.11%
allocator_allocated:2309936
allocator_active:2879488
allocator_resident:11071488
total_system_memory:270388695040
total_system_memory_human:251.82G
used_memory_lua:31744
used_memory_vm_eval:31744
used_memory_lua_human:31.00K
used_memory_scripts_eval:0
number_of_cached_scripts:0
number_of_functions:0
number_of_libraries:0
used_memory_vm_functions:32768
used_memory_vm_total:64512
used_memory_vm_total_human:63.00K
used_memory_functions:184
used_memory_scripts:184
used_memory_scripts_human:184B
maxmemory:0
maxmemory_human:0B
maxmemory_policy:noeviction
allocator_frag_ratio:1.25
allocator_frag_bytes:569552
allocator_rss_ratio:3.84
allocator_rss_bytes:8192000
rss_overhead_ratio:1.67
rss_overhead_bytes:7364608
mem_fragmentation_ratio:10.51
mem_fragmentation_bytes:16681728
mem_not_counted_for_evict:0
mem_replication_backlog:0
mem_total_replication_buffers:0
mem_clients_slaves:0
mem_clients_normal:0
mem_cluster_links:0
mem_aof_buffer:0
mem_allocator:jemalloc-5.3.0
active_defrag_running:0
lazyfree_pending_objects:0
lazyfreed_objects:0

# Persistence
loading:0
async_loading:0
current_cow_peak:0
current_cow_size:0
current_cow_size_age:0
current_fork_perc:0.00
current_save_keys_processed:0
current_save_keys_total:0
rdb_changes_since_last_save:0
rdb_bgsave_in_progress:0
rdb_last_save_time:1704562814
rdb_last_bgsave_status:ok
rdb_last_bgsave_time_sec:-1
rdb_current_bgsave_time_sec:-1
rdb_saves:0
rdb_last_cow_size:0
rdb_last_load_keys_expired:0
rdb_last_load_keys_loaded:0
aof_enabled:0
aof_rewrite_in_progress:0
aof_rewrite_scheduled:0
aof_last_rewrite_time_sec:-1
aof_current_rewrite_time_sec:-1
aof_last_bgrewrite_status:ok
aof_rewrites:0
aof_rewrites_consecutive_failures:0
aof_last_write_status:ok
aof_last_cow_size:0
module_fork_in_progress:0
module_fork_last_cow_size:0

# Stats
total_connections_received:0
total_commands_processed:6
instantaneous_ops_per_sec:23
total_net_input_bytes:0
total_net_output_bytes:0
total_net_repl_input_bytes:0
total_net_repl_output_bytes:0
instantaneous_input_kbps:0.00
instantaneous_output_kbps:0.00
instantaneous_input_repl_kbps:0.00
instantaneous_output_repl_kbps:0.00
rejected_connections:0
sync_full:0
sync_partial_ok:0
sync_partial_err:0
expired_keys:0
expired_stale_perc:0.00
expired_time_cap_reached_count:0
expire_cycle_cpu_milliseconds:0
evicted_keys:0
evicted_clients:0
total_eviction_exceeded_time:0
current_eviction_exceeded_time:0
keyspace_hits:0
keyspace_misses:0
pubsub_channels:0
pubsub_patterns:0
pubsubshard_channels:0
latest_fork_usec:0
total_forks:0
migrate_cached_sockets:0
slave_expires_tracked_keys:0
active_defrag_hits:0
active_defrag_misses:0
active_defrag_key_hits:0
active_defrag_key_misses:0
total_active_defrag_time:0
current_active_defrag_time:0
tracking_total_keys:0
tracking_total_items:0
tracking_total_prefixes:0
unexpected_error_replies:0
total_error_replies:0
dump_payload_sanitizations:0
total_reads_processed:0
total_writes_processed:0
io_threaded_reads_processed:0
io_threaded_writes_processed:0
reply_buffer_shrinks:0
reply_buffer_expands:0
acl_access_denied_auth:0
acl_access_denied_cmd:0
acl_access_denied_key:0
acl_access_denied_channel:0

# Replication
role:master
connected_slaves:0
master_failover_state:no-failover
master_replid:e0ea0e9e047c239080961e2ad1336fcc0bc41223
master_replid2:0000000000000000000000000000000000000000
master_repl_offset:0
second_repl_offset:-1
repl_backlog_active:0
repl_backlog_size:1048576
repl_backlog_first_byte_offset:0
repl_backlog_histlen:0

# CPU
used_cpu_sys:0.005381
used_cpu_user:0.015441
used_cpu_sys_children:0.000000
used_cpu_user_children:0.000000
used_cpu_sys_main_thread:0.000000
used_cpu_user_main_thread:0.001307

# Modules
module:name=raft,ver=1,api=1,filters=1,usedby=[],using=[],options=[]

# Commandstats
cmdstat_command:calls=2,usec=1679,usec_per_call=839.50,rejected_calls=0,failed_calls=0
cmdstat_config|get:calls=3,usec=5,usec_per_call=1.67,rejected_calls=0,failed_calls=0
cmdstat_config|set:calls=1,usec=6,usec_per_call=6.00,rejected_calls=0,failed_calls=0

# Errorstats

# Latencystats
latency_percentiles_usec_command:p50=806.911,p99=876.543,p99.9=876.543
latency_percentiles_usec_config|get:p50=2.007,p99=2.007,p99.9=2.007
latency_percentiles_usec_config|set:p50=6.015,p99=6.015,p99.9=6.015

# Cluster
cluster_enabled:0

# Keyspace

------ CLIENT LIST OUTPUT ------

------ MODULES INFO OUTPUT ------
# raft_version
raft_version:255.255.255
raft_git_sha1:b779b199

# raft_general
raft_dbid:662ca08800431c26e87c6ec2d82d9b83
raft_node_id:2
raft_state:up
raft_role:follower
raft_is_voting:yes
raft_voted_for:-1
raft_leader_id:1
raft_current_term:1
raft_num_nodes:3
raft_num_voting_nodes:2
raft_node1:id=1,state=connected,voting=yes,addr=localhost,port=5091,last_conn_secs=0,conn_errors=0,conn_oks=1
raft_node2:id=3,state=connected,voting=no,addr=localhost,port=5093,last_conn_secs=0,conn_errors=0,conn_oks=1

# raft_log
raft_log_entries:5
raft_current_index:5
raft_commit_index:4
raft_last_applied_index:0
raft_file_size:1527
raft_cache_memory_size:0
raft_cache_entries:0
raft_client_attached_entries:0
raft_fsync_count:1
raft_fsync_max_microseconds:0
raft_entry1:term=1,id=0,data_len=0
raft_entry2:term=1,id=118726119,data_len=264
raft_entry3:term=1,id=1387861979,data_len=264
raft_entry4:term=1,id=366277432,data_len=264
raft_fsync_avg_microseconds:0

# raft_snapshot
raft_snapshot_filename:redis2.rdb
raft_snapshot_last_idx:0
raft_snapshot_last_term:0
raft_snapshot_size:0
raft_snapshot_time_secs:-1
raft_snapshots_created:0
raft_snapshots_received:0
raft_snapshot_in_progress:no
raft_snapshot_in_progress_last_idx:-1
raft_snapshot_in_progress_last_term:-1

# raft_clients
raft_proxy_reqs:0
raft_proxy_failed_reqs:0
raft_proxy_failed_responses:0
raft_proxy_outstanding_reqs:0

# raft_stats
raft_appendreq_received:0
raft_appendreq_with_entry_received:0
raft_snapshotreq_received:0
raft_exec_throttled:0
raft_num_sessions:0

------ CONFIG DEBUG OUTPUT ------
io-threads 1
repl-diskless-load disabled
replica-read-only yes
proto-max-bulk-len 512mb
lazyfree-lazy-eviction no
list-compress-depth 0
lazyfree-lazy-expire no
lazyfree-lazy-server-del no
io-threads-do-reads no
slave-read-only yes
repl-diskless-sync yes
client-query-buffer-limit 1gb
sanitize-dump-payload no
lazyfree-lazy-user-del no
lazyfree-lazy-user-flush no
activedefrag no

------ FAST MEMORY TEST ------
839387:M 06 Jan 2024 18:40:14.436 # main thread terminated
839387:M 06 Jan 2024 18:40:14.436 # Bio worker thread #0 terminated
839387:M 06 Jan 2024 18:40:14.436 # Bio worker thread #1 terminated
839387:M 06 Jan 2024 18:40:14.436 # Bio worker thread #2 terminated

Fast memory test PASSED, however your memory can still be broken. Please run a memory test for several hours if possible.

------ DUMPING CODE AROUND EIP ------
Symbol: __pthread_rwlock_wrlock (base: 0x7f4b6f1880b0)
Module: /lib/x86_64-linux-gnu/libc.so.6 (base 0x7f4b6f0f9000)
$ xxd -r -p /tmp/dump.hex /tmp/dump.bin
$ objdump --adjust-vma=0x7f4b6f1880b0 -D -b binary -m i386:x86-64 /tmp/dump.bin
------
839387:M 06 Jan 2024 18:40:14.436 # dump of function (hexdump of 128 bytes):
8b5718648b0425d002000039c20f8485000000415741564155415455534889fb4883ec088b0789c189c283c902f00fb10b75f3488d6b0cb801000000f6c202755f89430cf6c201752889d089d183e001c1e90309c80f854501000089d189d083c901f00fb10b89c275dfc7430801000000648b0425d00200008943184531c948

=== REDIS BUG REPORT END. Make sure to include from START to END. ===

       Please report the crash by opening an issue on github:

           http://github.com/redis/redis/issues

  If a Redis module was involved, please open in the module's repo instead.

  Suspect RAM error? Use redis-server --test-memory to verify it.

  Some other issues could be detected by redis-server --check-system
839619:C 06 Jan 2024 18:40:14.695 # WARNING Memory overcommit must be enabled! Without it, a background save or replication may fail under low memory condition. Being disabled, it can also cause failures without low memory condition, see https://github.com/jemalloc/jemalloc/issues/1328. To fix this issue add 'vm.overcommit_memory = 1' to /etc/sysctl.conf and then reboot or run the command 'sysctl vm.overcommit_memory=1' for this to take effect.
839619:C 06 Jan 2024 18:40:14.695 * oO0OoO0OoO0Oo Redis is starting oO0OoO0OoO0Oo
839619:C 06 Jan 2024 18:40:14.695 * Redis version=255.255.255, bits=64, commit=e04ebdb8, modified=1, pid=839619, just started
839619:C 06 Jan 2024 18:40:14.695 * Configuration loaded
839619:M 06 Jan 2024 18:40:14.695 * monotonic clock: POSIX clock_gettime
839619:M 06 Jan 2024 18:40:14.696 * Running mode=standalone, port=5092.
839619:M 06 Jan 2024 18:40:14.703 * <raft> RedisRaft version 255.255.255 [b779b199]
839619:M 06 Jan 2024 18:40:14.708 * <raft> Initializing test network
839619:M 06 Jan 2024 18:40:14.709 * <raft> Created test network client
839619:M 06 Jan 2024 18:40:14.715 * <raft> Raft module loaded, state is 'loading'
839619:M 06 Jan 2024 18:40:14.715 * Module 'raft' loaded from /home/snagendra/Fuzzing/redisraft-fuzzing/redisraft.so
839619:M 06 Jan 2024 18:40:14.716 * Server initialized
839619:M 06 Jan 2024 18:40:14.716 . The AOF directory appendonlydir doesn't exist
839619:M 06 Jan 2024 18:40:14.716 * Ready to accept connections tcp
839619:M 06 Jan 2024 18:40:14.716 . 0 clients connected (0 replicas), 1746656 bytes in use
839619:M 06 Jan 2024 18:40:14.723 - Accepted 127.0.0.1:45164
839619:M 06 Jan 2024 18:40:14.723 # Missing implement of connection type tls
839619:M 06 Jan 2024 18:40:14.816 * <raft> Loading: Redis loading complete, snapshot NOT LOADED
839619:M 06 Jan 2024 18:40:14.816 * <raft> Cluster Membership: term:0 index:0 nodes: id=2,voting=0,active=1,addr=-
839619:M 06 Jan 2024 18:40:14.817 * <raft> Test network starting message polling thread
839619:M 06 Jan 2024 18:40:14.817 * <raft> Cluster Membership: term:0 index:5 nodes: id=2,voting=0,active=1,addr=- id=1,voting=1,active=1,addr=localhost:5091
839619:M 06 Jan 2024 18:40:14.817 * <raft> Cluster Membership: term:0 index:5 nodes: id=2,voting=0,active=1,addr=- id=1,voting=1,active=1,addr=localhost:5091 id=3,voting=0,active=1,addr=localhost:5093
839619:M 06 Jan 2024 18:40:14.817 * <raft> Raft state after loading log: log_count=5, first_idx=1, current_idx=5, last_applied_idx=0
839619:M 06 Jan 2024 18:40:14.817 . <raft> Raft term=1, vote=-1
839619:M 06 Jan 2024 18:40:15.118 * <raft> State change: Election starting, node is now a pre-candidate, term 1
839619:M 06 Jan 2024 18:40:15.118 * <raft> Cluster Membership: term:1 index:5 nodes: id=2,voting=1,active=1,addr=- id=1,voting=1,active=1,addr=localhost:5091 id=3,voting=0,active=1,addr=localhost:5093
839619:M 06 Jan 2024 18:40:15.420 * <raft> State change: Election starting, node is now a pre-candidate, term 1
839619:M 06 Jan 2024 18:40:15.420 * <raft> Cluster Membership: term:1 index:5 nodes: id=2,voting=1,active=1,addr=- id=1,voting=1,active=1,addr=localhost:5091 id=3,voting=0,active=1,addr=localhost:5093
839619:signal-handler (1704562815) Received SIGINT scheduling shutdown...
839619:signal-handler (1704562815) You insist... exiting now.
840121:C 06 Jan 2024 18:40:15.658 # WARNING Memory overcommit must be enabled! Without it, a background save or replication may fail under low memory condition. Being disabled, it can also cause failures without low memory condition, see https://github.com/jemalloc/jemalloc/issues/1328. To fix this issue add 'vm.overcommit_memory = 1' to /etc/sysctl.conf and then reboot or run the command 'sysctl vm.overcommit_memory=1' for this to take effect.
840121:C 06 Jan 2024 18:40:15.658 * oO0OoO0OoO0Oo Redis is starting oO0OoO0OoO0Oo
840121:C 06 Jan 2024 18:40:15.658 * Redis version=255.255.255, bits=64, commit=e04ebdb8, modified=1, pid=840121, just started
840121:C 06 Jan 2024 18:40:15.658 * Configuration loaded
840121:M 06 Jan 2024 18:40:15.658 * monotonic clock: POSIX clock_gettime
840121:M 06 Jan 2024 18:40:15.659 * Running mode=standalone, port=5092.
840121:M 06 Jan 2024 18:40:15.665 * <raft> RedisRaft version 255.255.255 [b779b199]
840121:M 06 Jan 2024 18:40:15.670 * <raft> Initializing test network
840121:M 06 Jan 2024 18:40:15.671 * <raft> Created test network client
840121:M 06 Jan 2024 18:40:15.674 * <raft> Raft module loaded, state is 'loading'
840121:M 06 Jan 2024 18:40:15.674 * Module 'raft' loaded from /home/snagendra/Fuzzing/redisraft-fuzzing/redisraft.so
840121:M 06 Jan 2024 18:40:15.675 * Server initialized
840121:M 06 Jan 2024 18:40:15.675 . The AOF directory appendonlydir doesn't exist
840121:M 06 Jan 2024 18:40:15.675 * Ready to accept connections tcp
840121:M 06 Jan 2024 18:40:15.675 . 0 clients connected (0 replicas), 1746848 bytes in use
840121:M 06 Jan 2024 18:40:15.730 - Accepted 127.0.0.1:45188
840121:M 06 Jan 2024 18:40:15.730 # Missing implement of connection type tls
840121:M 06 Jan 2024 18:40:15.775 * <raft> Loading: Redis loading complete, snapshot NOT LOADED
840121:M 06 Jan 2024 18:40:15.775 * <raft> Cluster Membership: term:0 index:0 nodes: id=2,voting=0,active=1,addr=-
840121:M 06 Jan 2024 18:40:15.775 * <raft> Test network starting message polling thread
840121:M 06 Jan 2024 18:40:15.775 * <raft> Raft state after loading log: log_count=5, first_idx=1, current_idx=5, last_applied_idx=0
840121:M 06 Jan 2024 18:40:15.775 . <raft> Raft term=1, vote=-1
840121:signal-handler (1704562815) Received SIGINT scheduling shutdown...
840121:signal-handler (1704562815) You insist... exiting now.
840292:C 06 Jan 2024 18:40:16.008 # WARNING Memory overcommit must be enabled! Without it, a background save or replication may fail under low memory condition. Being disabled, it can also cause failures without low memory condition, see https://github.com/jemalloc/jemalloc/issues/1328. To fix this issue add 'vm.overcommit_memory = 1' to /etc/sysctl.conf and then reboot or run the command 'sysctl vm.overcommit_memory=1' for this to take effect.
840292:C 06 Jan 2024 18:40:16.008 * oO0OoO0OoO0Oo Redis is starting oO0OoO0OoO0Oo
840292:C 06 Jan 2024 18:40:16.008 * Redis version=255.255.255, bits=64, commit=e04ebdb8, modified=1, pid=840292, just started
840292:C 06 Jan 2024 18:40:16.008 * Configuration loaded
840292:M 06 Jan 2024 18:40:16.009 * monotonic clock: POSIX clock_gettime
840292:M 06 Jan 2024 18:40:16.009 * Running mode=standalone, port=5092.
840292:M 06 Jan 2024 18:40:16.016 * <raft> RedisRaft version 255.255.255 [b779b199]
840292:M 06 Jan 2024 18:40:16.020 * <raft> Initializing test network
840292:M 06 Jan 2024 18:40:16.021 * <raft> Created test network client
840292:M 06 Jan 2024 18:40:16.024 * <raft> Raft module loaded, state is 'loading'
840292:M 06 Jan 2024 18:40:16.024 * Module 'raft' loaded from /home/snagendra/Fuzzing/redisraft-fuzzing/redisraft.so
840292:M 06 Jan 2024 18:40:16.024 * Server initialized
840292:M 06 Jan 2024 18:40:16.024 . The AOF directory appendonlydir doesn't exist
840292:M 06 Jan 2024 18:40:16.024 * Ready to accept connections tcp
840292:M 06 Jan 2024 18:40:16.024 . 0 clients connected (0 replicas), 1746688 bytes in use
840292:M 06 Jan 2024 18:40:16.032 - Accepted 127.0.0.1:45214
840292:M 06 Jan 2024 18:40:16.032 # Missing implement of connection type tls
840292:M 06 Jan 2024 18:40:16.109 - Client closed connection id=8 addr=127.0.0.1:45214 laddr=127.0.0.1:5092 fd=11 name= age=0 idle=0 flags=N db=0 sub=0 psub=0 ssub=0 multi=-1 qbuf=0 qbuf-free=20474 argv-mem=0 multi-mem=0 rbs=16384 rbp=16384 obl=0 oll=0 omem=0 tot-mem=37760 events=r cmd=auth user=default redir=-1 resp=2 lib-name= lib-ver=
840292:signal-handler (1704562816) Received SIGINT scheduling shutdown...
840292:signal-handler (1704562816) You insist... exiting now.

----- Stderr -----
libgcov profiling error:/home/snagendra/Fuzzing/redisraft-fuzzing/build/deps/raft/CMakeFiles/raft.dir/src/raft_log.c.gcda:Merge mismatch for function 5
libgcov profiling error:/home/snagendra/Fuzzing/redisraft-fuzzing/build/deps/raft/CMakeFiles/raft.dir/src/raft_server_properties.c.gcda:Merge mismatch for function 3
libgcov profiling error:/home/snagendra/Fuzzing/redisraft-fuzzing/build/deps/raft/CMakeFiles/raft.dir/src/raft_server.c.gcda:Merge mismatch for function 58
libgcov profiling error:/home/snagendra/Fuzzing/redisraft-fuzzing/build/deps/raft/CMakeFiles/raft.dir/src/raft_log.c.gcda:Merge mismatch for function 5
libgcov profiling error:/home/snagendra/Fuzzing/redisraft-fuzzing/build/deps/raft/CMakeFiles/raft.dir/src/raft_log.c.gcda:Merge mismatch for function 5
libgcov profiling error:/home/snagendra/Fuzzing/redisraft-fuzzing/build/deps/raft/CMakeFiles/raft.dir/src/raft_server_properties.c.gcda:Merge mismatch for function 3
libgcov profiling error:/home/snagendra/Fuzzing/redisraft-fuzzing/build/deps/raft/CMakeFiles/raft.dir/src/raft_server.c.gcda:Merge mismatch for function 58
libgcov profiling error:/home/snagendra/Fuzzing/redisraft-fuzzing/build/deps/raft/CMakeFiles/raft.dir/src/raft_log.c.gcda:Merge mismatch for function 5
libgcov profiling error:/home/snagendra/Fuzzing/redisraft-fuzzing/build/deps/raft/CMakeFiles/raft.dir/src/raft_server_properties.c.gcda:Merge mismatch for function 3
libgcov profiling error:/home/snagendra/Fuzzing/redisraft-fuzzing/build/deps/raft/CMakeFiles/raft.dir/src/raft_server.c.gcda:Merge mismatch for function 58
libgcov profiling error:/home/snagendra/Fuzzing/redisraft-fuzzing/build/deps/raft/CMakeFiles/raft.dir/src/raft_log.c.gcda:Merge mismatch for function 5
libgcov profiling error:/home/snagendra/Fuzzing/redisraft-fuzzing/build/deps/raft/CMakeFiles/raft.dir/src/raft_server_properties.c.gcda:Merge mismatch for function 3
libgcov profiling error:/home/snagendra/Fuzzing/redisraft-fuzzing/build/deps/raft/CMakeFiles/raft.dir/src/raft_server.c.gcda:Merge mismatch for function 58




logs for node: 3

----- Stdout -----
838860:C 06 Jan 2024 18:40:12.802 # WARNING Memory overcommit must be enabled! Without it, a background save or replication may fail under low memory condition. Being disabled, it can also cause failures without low memory condition, see https://github.com/jemalloc/jemalloc/issues/1328. To fix this issue add 'vm.overcommit_memory = 1' to /etc/sysctl.conf and then reboot or run the command 'sysctl vm.overcommit_memory=1' for this to take effect.
838860:C 06 Jan 2024 18:40:12.802 * oO0OoO0OoO0Oo Redis is starting oO0OoO0OoO0Oo
838860:C 06 Jan 2024 18:40:12.802 * Redis version=255.255.255, bits=64, commit=e04ebdb8, modified=1, pid=838860, just started
838860:C 06 Jan 2024 18:40:12.802 * Configuration loaded
838860:M 06 Jan 2024 18:40:12.802 * monotonic clock: POSIX clock_gettime
838860:M 06 Jan 2024 18:40:12.803 * Running mode=standalone, port=5093.
838860:M 06 Jan 2024 18:40:12.810 * <raft> RedisRaft version 255.255.255 [b779b199]
838860:M 06 Jan 2024 18:40:12.815 * <raft> Initializing test network
838860:M 06 Jan 2024 18:40:12.816 * <raft> Created test network client
838860:M 06 Jan 2024 18:40:12.816 * <raft> Raft module loaded, state is 'uninitialized'
838860:M 06 Jan 2024 18:40:12.816 * Module 'raft' loaded from /home/snagendra/Fuzzing/redisraft-fuzzing/redisraft.so
838860:M 06 Jan 2024 18:40:12.817 * Server initialized
838860:M 06 Jan 2024 18:40:12.817 . The AOF directory appendonlydir doesn't exist
838860:M 06 Jan 2024 18:40:12.818 * Ready to accept connections tcp
838860:M 06 Jan 2024 18:40:12.818 . 0 clients connected (0 replicas), 1726160 bytes in use
838860:M 06 Jan 2024 18:40:12.823 - Accepted 127.0.0.1:46016
838860:M 06 Jan 2024 18:40:12.823 # Missing implement of connection type tls
838860:M 06 Jan 2024 18:40:12.917 - <raft> join cluster, connecting to localhost:5091
838860:M 06 Jan 2024 18:40:12.919 * <raft> Joined Raft cluster, node id: 3, dbid: 662ca08800431c26e87c6ec2d82d9b83
838860:M 06 Jan 2024 18:40:12.925 * <raft> Cluster Membership: term:0 index:0 nodes: id=3,voting=0,active=1,addr=-
838860:M 06 Jan 2024 18:40:12.925 * <raft> Test network starting message polling thread
838860:M 06 Jan 2024 18:40:12.957 - Accepted 127.0.0.1:46020
838860:signal-handler (1704562813) Received SIGINT scheduling shutdown...
838860:signal-handler (1704562813) You insist... exiting now.
839426:C 06 Jan 2024 18:40:14.342 # WARNING Memory overcommit must be enabled! Without it, a background save or replication may fail under low memory condition. Being disabled, it can also cause failures without low memory condition, see https://github.com/jemalloc/jemalloc/issues/1328. To fix this issue add 'vm.overcommit_memory = 1' to /etc/sysctl.conf and then reboot or run the command 'sysctl vm.overcommit_memory=1' for this to take effect.
839426:C 06 Jan 2024 18:40:14.342 * oO0OoO0OoO0Oo Redis is starting oO0OoO0OoO0Oo
839426:C 06 Jan 2024 18:40:14.342 * Redis version=255.255.255, bits=64, commit=e04ebdb8, modified=1, pid=839426, just started
839426:C 06 Jan 2024 18:40:14.342 * Configuration loaded
839426:M 06 Jan 2024 18:40:14.343 * monotonic clock: POSIX clock_gettime
839426:M 06 Jan 2024 18:40:14.343 * Running mode=standalone, port=5093.
839426:M 06 Jan 2024 18:40:14.349 * <raft> RedisRaft version 255.255.255 [b779b199]
839426:M 06 Jan 2024 18:40:14.354 * <raft> Initializing test network
839426:M 06 Jan 2024 18:40:14.355 * <raft> Created test network client
839426:M 06 Jan 2024 18:40:14.358 * <raft> Raft module loaded, state is 'loading'
839426:M 06 Jan 2024 18:40:14.358 * Module 'raft' loaded from /home/snagendra/Fuzzing/redisraft-fuzzing/redisraft.so
839426:M 06 Jan 2024 18:40:14.358 * Server initialized
839426:M 06 Jan 2024 18:40:14.358 . The AOF directory appendonlydir doesn't exist
839426:M 06 Jan 2024 18:40:14.358 * Ready to accept connections tcp
839426:M 06 Jan 2024 18:40:14.358 . 0 clients connected (0 replicas), 1746688 bytes in use
839426:M 06 Jan 2024 18:40:14.430 - Accepted 127.0.0.1:46090
839426:M 06 Jan 2024 18:40:14.430 # Missing implement of connection type tls
839426:M 06 Jan 2024 18:40:14.458 * <raft> Loading: Redis loading complete, snapshot NOT LOADED
839426:M 06 Jan 2024 18:40:14.458 * <raft> Cluster Membership: term:0 index:0 nodes: id=3,voting=0,active=1,addr=-
839426:M 06 Jan 2024 18:40:14.458 * <raft> Test network starting message polling thread


=== REDIS BUG REPORT START: Cut & paste starting from here ===
839426:M 06 Jan 2024 18:40:14.458 # Redis 255.255.255 crashed by signal: 6, si_code: -6
839426:M 06 Jan 2024 18:40:14.458 # Crashed running the instruction at: 0x7f372970bd3c

------ STACK TRACE ------
EIP:
/lib/x86_64-linux-gnu/libc.so.6(+0x8ad3c)[0x7f372970bd3c]

Backtrace:
/lib/x86_64-linux-gnu/libc.so.6(+0x3bfd0)[0x7f37296bcfd0]
/lib/x86_64-linux-gnu/libc.so.6(+0x8ad3c)[0x7f372970bd3c]
/lib/x86_64-linux-gnu/libc.so.6(gsignal+0x12)[0x7f37296bcf32]
/lib/x86_64-linux-gnu/libc.so.6(abort+0xd3)[0x7f37296a7472]
/lib/x86_64-linux-gnu/libc.so.6(+0x26395)[0x7f37296a7395]
/lib/x86_64-linux-gnu/libc.so.6(+0x34e32)[0x7f37296b5e32]
/home/snagendra/Fuzzing/redisraft-fuzzing/redisraft.so(+0x3caea)[0x7f37285b4aea]
/home/snagendra/Fuzzing/redisraft-fuzzing/redisraft.so(callRaftPeriodic+0x478)[0x7f37285a5088]
/home/snagendra/Fuzzing/redis/src/redis-server 0.0.0.0:5093(moduleTimerHandler+0x21c)[0x55a3fb30598c]
/home/snagendra/Fuzzing/redis/src/redis-server 0.0.0.0:5093(+0x81705)[0x55a3fb20f705]
/home/snagendra/Fuzzing/redis/src/redis-server 0.0.0.0:5093(aeMain+0x1c8)[0x55a3fb219cb8]
/home/snagendra/Fuzzing/redis/src/redis-server 0.0.0.0:5093(main+0x3cd)[0x55a3fb20ee2d]
/lib/x86_64-linux-gnu/libc.so.6(+0x271ca)[0x7f37296a81ca]
/lib/x86_64-linux-gnu/libc.so.6(__libc_start_main+0x85)[0x7f37296a8285]
/home/snagendra/Fuzzing/redis/src/redis-server 0.0.0.0:5093(_start+0x2a)[0x55a3fb20f5aa]

------ REGISTERS ------
839426:M 06 Jan 2024 18:40:14.459 # 
RAX:0000000000000000 RBX:00000000000ccf02
RCX:00007f372970bd3c RDX:0000000000000006
RDI:00000000000ccf02 RSI:00000000000ccf02
RBP:00007f372967d1c0 RSP:00007ffcae4457c0
R8 :0000000000000007 R9 :000055a3fc403820
R10:0000000000000008 R11:0000000000000246
R12:0000000000000006 R13:00000000000006a6
R14:00007f37285e105c R15:000055a3fb3042b0
RIP:00007f372970bd3c EFL:0000000000000246
CSGSFS:002b000000000033
839426:M 06 Jan 2024 18:40:14.459 # (00007ffcae4457cf) -> 000055a3fc4038d0
839426:M 06 Jan 2024 18:40:14.459 # (00007ffcae4457ce) -> 00007f3729853c60
839426:M 06 Jan 2024 18:40:14.459 # (00007ffcae4457cd) -> 00000000000002b1
839426:M 06 Jan 2024 18:40:14.459 # (00007ffcae4457cc) -> 000055a3fc403820
839426:M 06 Jan 2024 18:40:14.459 # (00007ffcae4457cb) -> 00000000000006a6
839426:M 06 Jan 2024 18:40:14.459 # (00007ffcae4457ca) -> 0000000000000020
839426:M 06 Jan 2024 18:40:14.459 # (00007ffcae4457c9) -> 00007f37296a7472
839426:M 06 Jan 2024 18:40:14.459 # (00007ffcae4457c8) -> 00007f3729854e70
839426:M 06 Jan 2024 18:40:14.459 # (00007ffcae4457c7) -> 00007f37296bcf32
839426:M 06 Jan 2024 18:40:14.459 # (00007ffcae4457c6) -> 00007f37285e105c
839426:M 06 Jan 2024 18:40:14.459 # (00007ffcae4457c5) -> 00000000000006a6
839426:M 06 Jan 2024 18:40:14.459 # (00007ffcae4457c4) -> 00007f37285e0720
839426:M 06 Jan 2024 18:40:14.459 # (00007ffcae4457c3) -> 00007f372967d1c0
839426:M 06 Jan 2024 18:40:14.459 # (00007ffcae4457c2) -> 0000000000000006
839426:M 06 Jan 2024 18:40:14.459 # (00007ffcae4457c1) -> 2ec5030a6757b700
839426:M 06 Jan 2024 18:40:14.459 # (00007ffcae4457c0) -> 000055a3fb3042b0

------ INFO OUTPUT ------
# Server
redis_version:255.255.255
redis_git_sha1:e04ebdb8
redis_git_dirty:1
redis_build_id:1f78dcc7b4fbdd25
redis_mode:standalone
os:Linux 6.1.60.1.amd64-smp x86_64
arch_bits:64
monotonic_clock:POSIX clock_gettime
multiplexing_api:epoll
atomicvar_api:c11-builtin
gcc_version:10.2.1
process_id:839426
process_supervised:no
run_id:57853f8b57087c4ec7e3d520edbf1ac2ee4f6f0e
tcp_port:5093
server_time_usec:1704562814458089
uptime_in_seconds:0
uptime_in_days:0
hz:10
configured_hz:10
lru_clock:10063998
executable:/home/snagendra/Fuzzing/redis/src/redis-server
config_file:
io_threads_active:0
listener0:name=tcp,bind=0.0.0.0,port=5093

# Clients
connected_clients:1
cluster_connections:0
maxclients:10000
client_recent_max_input_buffer:0
client_recent_max_output_buffer:0
blocked_clients:0
tracking_clients:0
clients_in_timeout_table:0
total_blocking_keys:0
total_blocking_keys_on_nokey:0

# Memory
used_memory:1816896
used_memory_human:1.73M
used_memory_rss:18092032
used_memory_rss_human:17.25M
used_memory_peak:1816896
used_memory_peak_human:1.73M
used_memory_peak_perc:100.39%
used_memory_overhead:1746728
used_memory_startup:1746544
used_memory_dataset:70168
used_memory_dataset_perc:99.74%
allocator_allocated:2053184
allocator_active:2592768
allocator_resident:10866688
total_system_memory:270388695040
total_system_memory_human:251.82G
used_memory_lua:31744
used_memory_vm_eval:31744
used_memory_lua_human:31.00K
used_memory_scripts_eval:0
number_of_cached_scripts:0
number_of_functions:0
number_of_libraries:0
used_memory_vm_functions:32768
used_memory_vm_total:64512
used_memory_vm_total_human:63.00K
used_memory_functions:184
used_memory_scripts:184
used_memory_scripts_human:184B
maxmemory:0
maxmemory_human:0B
maxmemory_policy:noeviction
allocator_frag_ratio:1.26
allocator_frag_bytes:539584
allocator_rss_ratio:4.19
allocator_rss_bytes:8273920
rss_overhead_ratio:1.66
rss_overhead_bytes:7225344
mem_fragmentation_ratio:10.36
mem_fragmentation_bytes:16345344
mem_not_counted_for_evict:0
mem_replication_backlog:0
mem_total_replication_buffers:0
mem_clients_slaves:0
mem_clients_normal:0
mem_cluster_links:0
mem_aof_buffer:0
mem_allocator:jemalloc-5.3.0
active_defrag_running:0
lazyfree_pending_objects:0
lazyfreed_objects:0

# Persistence
loading:0
async_loading:0
current_cow_peak:0
current_cow_size:0
current_cow_size_age:0
current_fork_perc:0.00
current_save_keys_processed:0
current_save_keys_total:0
rdb_changes_since_last_save:0
rdb_bgsave_in_progress:0
rdb_last_save_time:1704562814
rdb_last_bgsave_status:ok
rdb_last_bgsave_time_sec:-1
rdb_current_bgsave_time_sec:-1
rdb_saves:0
rdb_last_cow_size:0
rdb_last_load_keys_expired:0
rdb_last_load_keys_loaded:0
aof_enabled:0
aof_rewrite_in_progress:0
aof_rewrite_scheduled:0
aof_last_rewrite_time_sec:-1
aof_current_rewrite_time_sec:-1
aof_last_bgrewrite_status:ok
aof_rewrites:0
aof_rewrites_consecutive_failures:0
aof_last_write_status:ok
aof_last_cow_size:0
module_fork_in_progress:0
module_fork_last_cow_size:0

# Stats
total_connections_received:1
total_commands_processed:7
instantaneous_ops_per_sec:25
total_net_input_bytes:33
total_net_output_bytes:5
total_net_repl_input_bytes:0
total_net_repl_output_bytes:0
instantaneous_input_kbps:0.00
instantaneous_output_kbps:0.00
instantaneous_input_repl_kbps:0.00
instantaneous_output_repl_kbps:0.00
rejected_connections:0
sync_full:0
sync_partial_ok:0
sync_partial_err:0
expired_keys:0
expired_stale_perc:0.00
expired_time_cap_reached_count:0
expire_cycle_cpu_milliseconds:0
evicted_keys:0
evicted_clients:0
total_eviction_exceeded_time:0
current_eviction_exceeded_time:0
keyspace_hits:0
keyspace_misses:0
pubsub_channels:0
pubsub_patterns:0
pubsubshard_channels:0
latest_fork_usec:0
total_forks:0
migrate_cached_sockets:0
slave_expires_tracked_keys:0
active_defrag_hits:0
active_defrag_misses:0
active_defrag_key_hits:0
active_defrag_key_misses:0
total_active_defrag_time:0
current_active_defrag_time:0
tracking_total_keys:0
tracking_total_items:0
tracking_total_prefixes:0
unexpected_error_replies:0
total_error_replies:0
dump_payload_sanitizations:0
total_reads_processed:1
total_writes_processed:1
io_threaded_reads_processed:0
io_threaded_writes_processed:0
reply_buffer_shrinks:0
reply_buffer_expands:0
acl_access_denied_auth:0
acl_access_denied_cmd:0
acl_access_denied_key:0
acl_access_denied_channel:0

# Replication
role:master
connected_slaves:0
master_failover_state:no-failover
master_replid:0a6bd3738cbf6b55b7df279fd8e39791eec32bb3
master_replid2:0000000000000000000000000000000000000000
master_repl_offset:0
second_repl_offset:-1
repl_backlog_active:0
repl_backlog_size:1048576
repl_backlog_first_byte_offset:0
repl_backlog_histlen:0

# CPU
used_cpu_sys:0.013099
used_cpu_user:0.004366
used_cpu_sys_children:0.000000
used_cpu_user_children:0.000000
used_cpu_sys_main_thread:0.012837
used_cpu_user_main_thread:0.004279

# Modules
module:name=raft,ver=1,api=1,filters=1,usedby=[],using=[],options=[]

# Commandstats
cmdstat_command:calls=2,usec=1461,usec_per_call=730.50,rejected_calls=0,failed_calls=0
cmdstat_config|get:calls=3,usec=4,usec_per_call=1.33,rejected_calls=0,failed_calls=0
cmdstat_config|set:calls=1,usec=6,usec_per_call=6.00,rejected_calls=0,failed_calls=0
cmdstat_auth:calls=1,usec=2,usec_per_call=2.00,rejected_calls=0,failed_calls=0

# Errorstats

# Latencystats
latency_percentiles_usec_command:p50=692.223,p99=770.047,p99.9=770.047
latency_percentiles_usec_config|get:p50=2.007,p99=2.007,p99.9=2.007
latency_percentiles_usec_config|set:p50=6.015,p99=6.015,p99.9=6.015
latency_percentiles_usec_auth:p50=2.007,p99=2.007,p99.9=2.007

# Cluster
cluster_enabled:0

# Keyspace

------ CLIENT LIST OUTPUT ------
id=8 addr=127.0.0.1:46090 laddr=127.0.0.1:5093 fd=11 name= age=0 idle=0 flags=N db=0 sub=0 psub=0 ssub=0 multi=-1 qbuf=0 qbuf-free=20474 argv-mem=0 multi-mem=0 rbs=16384 rbp=16384 obl=0 oll=0 omem=0 tot-mem=37760 events=r cmd=auth user=default redir=-1 resp=2 lib-name= lib-ver=

------ MODULES INFO OUTPUT ------
# raft_version
raft_version:255.255.255
raft_git_sha1:b779b199

# raft_general
raft_dbid:662ca08800431c26e87c6ec2d82d9b83
raft_node_id:3
raft_state:up
raft_role:follower
raft_is_voting:no
raft_voted_for:-1
raft_leader_id:-1
raft_current_term:0
raft_num_nodes:1
raft_num_voting_nodes:0

# raft_log
raft_log_entries:0
raft_current_index:0
raft_commit_index:0
raft_last_applied_index:0
raft_file_size:99
raft_cache_memory_size:0
raft_cache_entries:0
raft_client_attached_entries:0
raft_fsync_count:0
raft_fsync_max_microseconds:0
raft_fsync_avg_microseconds:0

# raft_snapshot
raft_snapshot_filename:redis3.rdb
raft_snapshot_last_idx:0
raft_snapshot_last_term:0
raft_snapshot_size:0
raft_snapshot_time_secs:-1
raft_snapshots_created:0
raft_snapshots_received:0
raft_snapshot_in_progress:no
raft_snapshot_in_progress_last_idx:-1
raft_snapshot_in_progress_last_term:-1

# raft_clients
raft_proxy_reqs:0
raft_proxy_failed_reqs:0
raft_proxy_failed_responses:0
raft_proxy_outstanding_reqs:0

# raft_stats
raft_appendreq_received:0
raft_appendreq_with_entry_received:0
raft_snapshotreq_received:0
raft_exec_throttled:0
raft_num_sessions:0

------ CONFIG DEBUG OUTPUT ------
lazyfree-lazy-user-del no
lazyfree-lazy-eviction no
list-compress-depth 0
io-threads 1
io-threads-do-reads no
proto-max-bulk-len 512mb
sanitize-dump-payload no
slave-read-only yes
repl-diskless-sync yes
repl-diskless-load disabled
lazyfree-lazy-user-flush no
lazyfree-lazy-server-del no
replica-read-only yes
lazyfree-lazy-expire no
activedefrag no
client-query-buffer-limit 1gb

------ FAST MEMORY TEST ------
839426:M 06 Jan 2024 18:40:14.459 # Bio worker thread #0 terminated
839426:M 06 Jan 2024 18:40:14.459 # Bio worker thread #1 terminated
839426:M 06 Jan 2024 18:40:14.459 # Bio worker thread #2 terminated
*** Preparing to test memory region 55a3fb4e5000 (2273280 bytes)
*** Preparing to test memory region 55a3fc3ae000 (405504 bytes)
*** Preparing to test memory region 7f371c7ff000 (8388608 bytes)
*** Preparing to test memory region 7f371d000000 (8388608 bytes)
*** Preparing to test memory region 7f371d800000 (6291456 bytes)
*** Preparing to test memory region 7f371dffd000 (8388608 bytes)
*** Preparing to test memory region 7f371e7fe000 (8388608 bytes)
*** Preparing to test memory region 7f371efff000 (8388608 bytes)
*** Preparing to test memory region 7f371f800000 (8388608 bytes)
*** Preparing to test memory region 7f3720000000 (135168 bytes)
*** Preparing to test memory region 7f37243e6000 (8388608 bytes)
*** Preparing to test memory region 7f3724be7000 (8388608 bytes)
*** Preparing to test memory region 7f37253e8000 (8388608 bytes)
*** Preparing to test memory region 7f3725be9000 (8388608 bytes)
*** Preparing to test memory region 7f37263ea000 (8388608 bytes)
*** Preparing to test memory region 7f3726beb000 (8388608 bytes)
*** Preparing to test memory region 7f37273eb000 (2621440 bytes)
*** Preparing to test memory region 7f372767a000 (8192 bytes)
*** Preparing to test memory region 7f3727c7f000 (12288 bytes)
*** Preparing to test memory region 7f3728218000 (16384 bytes)
*** Preparing to test memory region 7f372839a000 (8192 bytes)
*** Preparing to test memory region 7f37285fa000 (24576 bytes)
*** Preparing to test memory region 7f3728e00000 (8388608 bytes)
*** Preparing to test memory region 7f3729654000 (4096 bytes)
*** Preparing to test memory region 7f3729679000 (32768 bytes)
*** Preparing to test memory region 7f3729855000 (53248 bytes)
*** Preparing to test memory region 7f3729972000 (8192 bytes)
.O.O.O.O.O.O.O.O.O.O.O.O.O.O.O.
----- Stderr -----
libgcov profiling error:/home/snagendra/Fuzzing/redisraft-fuzzing/build/deps/raft/CMakeFiles/raft.dir/src/raft_log.c.gcda:Merge mismatch for function 5
libgcov profiling error:/home/snagendra/Fuzzing/redisraft-fuzzing/build/deps/raft/CMakeFiles/raft.dir/src/raft_server_properties.c.gcda:Merge mismatch for function 3
libgcov profiling error:/home/snagendra/Fuzzing/redisraft-fuzzing/build/deps/raft/CMakeFiles/raft.dir/src/raft_server.c.gcda:Merge mismatch for function 58
redis-server: /home/snagendra/Fuzzing/redisraft-fuzzing/deps/raft/src/raft_server.c:1702: raft_get_first_entry_idx: Assertion `0 < raft_get_current_idx(me)' failed.



