logs for node: 3

----- Stdout -----
1775885:C 06 Jan 2024 19:14:36.265 # WARNING Memory overcommit must be enabled! Without it, a background save or replication may fail under low memory condition. Being disabled, it can also cause failures without low memory condition, see https://github.com/jemalloc/jemalloc/issues/1328. To fix this issue add 'vm.overcommit_memory = 1' to /etc/sysctl.conf and then reboot or run the command 'sysctl vm.overcommit_memory=1' for this to take effect.
1775885:C 06 Jan 2024 19:14:36.266 * oO0OoO0OoO0Oo Redis is starting oO0OoO0OoO0Oo
1775885:C 06 Jan 2024 19:14:36.266 * Redis version=255.255.255, bits=64, commit=e04ebdb8, modified=1, pid=1775885, just started
1775885:C 06 Jan 2024 19:14:36.266 * Configuration loaded
1775885:M 06 Jan 2024 19:14:36.266 * monotonic clock: POSIX clock_gettime
1775885:M 06 Jan 2024 19:14:36.266 * Running mode=standalone, port=5003.
1775885:M 06 Jan 2024 19:14:36.273 * <raft> RedisRaft version 255.255.255 [b779b199]
1775885:M 06 Jan 2024 19:14:36.277 * <raft> Initializing test network
1775885:M 06 Jan 2024 19:14:36.278 * <raft> Created test network client
1775885:M 06 Jan 2024 19:14:36.279 * <raft> Raft module loaded, state is 'uninitialized'
1775885:M 06 Jan 2024 19:14:36.279 * Module 'raft' loaded from /home/snagendra/Fuzzing/redisraft-fuzzing/redisraft.so
1775885:M 06 Jan 2024 19:14:36.280 * Server initialized
1775885:M 06 Jan 2024 19:14:36.280 . The AOF directory appendonlydir doesn't exist
1775885:M 06 Jan 2024 19:14:36.281 * Ready to accept connections tcp
1775885:M 06 Jan 2024 19:14:36.281 . 0 clients connected (0 replicas), 1726160 bytes in use
1775885:M 06 Jan 2024 19:14:36.284 - Accepted 127.0.0.1:37634
1775885:M 06 Jan 2024 19:14:36.284 # Missing implement of connection type tls
1775885:M 06 Jan 2024 19:14:36.379 - <raft> join cluster, connecting to localhost:5001
1775885:M 06 Jan 2024 19:14:36.381 * <raft> Joined Raft cluster, node id: 3, dbid: 9cbcd43e1312f252145317c7345f3857
1775885:M 06 Jan 2024 19:14:36.387 * <raft> Cluster Membership: term:0 index:0 nodes: id=3,voting=0,active=1,addr=-
1775885:M 06 Jan 2024 19:14:36.388 * <raft> Test network starting message polling thread
1775885:M 06 Jan 2024 19:14:36.424 - Accepted 127.0.0.1:37636
1775885:M 06 Jan 2024 19:14:37.240 - Client closed connection id=9 addr=127.0.0.1:37636 laddr=127.0.0.1:5003 fd=10 name= age=1 idle=1 flags=N db=0 sub=0 psub=0 ssub=0 multi=-1 qbuf=0 qbuf-free=20474 argv-mem=0 multi-mem=0 rbs=1024 rbp=0 obl=0 oll=0 omem=0 tot-mem=22400 events=r cmd=auth user=default redir=-1 resp=2 lib-name= lib-ver=
1775885:M 06 Jan 2024 19:14:37.383 * <raft> State change: Election starting, node is now a pre-candidate, term 1
1775885:M 06 Jan 2024 19:14:37.383 * <raft> Cluster Membership: term:1 index:0 nodes: id=3,voting=0,active=1,addr=-
1775885:signal-handler (1704564877) Received SIGINT scheduling shutdown...
1775885:signal-handler (1704564877) You insist... exiting now.
1776471:C 06 Jan 2024 19:14:37.655 # WARNING Memory overcommit must be enabled! Without it, a background save or replication may fail under low memory condition. Being disabled, it can also cause failures without low memory condition, see https://github.com/jemalloc/jemalloc/issues/1328. To fix this issue add 'vm.overcommit_memory = 1' to /etc/sysctl.conf and then reboot or run the command 'sysctl vm.overcommit_memory=1' for this to take effect.
1776471:C 06 Jan 2024 19:14:37.655 * oO0OoO0OoO0Oo Redis is starting oO0OoO0OoO0Oo
1776471:C 06 Jan 2024 19:14:37.655 * Redis version=255.255.255, bits=64, commit=e04ebdb8, modified=1, pid=1776471, just started
1776471:C 06 Jan 2024 19:14:37.655 * Configuration loaded
1776471:M 06 Jan 2024 19:14:37.656 * monotonic clock: POSIX clock_gettime
1776471:M 06 Jan 2024 19:14:37.656 * Running mode=standalone, port=5003.
1776471:M 06 Jan 2024 19:14:37.662 * <raft> RedisRaft version 255.255.255 [b779b199]
1776471:M 06 Jan 2024 19:14:37.666 * <raft> Initializing test network
1776471:M 06 Jan 2024 19:14:37.667 * <raft> Created test network client
1776471:M 06 Jan 2024 19:14:37.670 * <raft> Raft module loaded, state is 'loading'
1776471:M 06 Jan 2024 19:14:37.670 * Module 'raft' loaded from /home/snagendra/Fuzzing/redisraft-fuzzing/redisraft.so
1776471:M 06 Jan 2024 19:14:37.670 * Server initialized
1776471:M 06 Jan 2024 19:14:37.671 . The AOF directory appendonlydir doesn't exist
1776471:M 06 Jan 2024 19:14:37.671 * Ready to accept connections tcp
1776471:M 06 Jan 2024 19:14:37.671 . 0 clients connected (0 replicas), 1746688 bytes in use
1776471:M 06 Jan 2024 19:14:37.771 * <raft> Loading: Redis loading complete, snapshot NOT LOADED
1776471:M 06 Jan 2024 19:14:37.771 * <raft> Cluster Membership: term:0 index:0 nodes: id=3,voting=0,active=1,addr=-
1776471:M 06 Jan 2024 19:14:37.772 * <raft> Test network starting message polling thread


=== REDIS BUG REPORT START: Cut & paste starting from here ===
1776471:M 06 Jan 2024 19:14:37.772 # Redis 255.255.255 crashed by signal: 6, si_code: -6
1776471:M 06 Jan 2024 19:14:37.772 # Crashed running the instruction at: 0x7f0d3a58cd3c

------ STACK TRACE ------
EIP:
/lib/x86_64-linux-gnu/libc.so.6(+0x8ad3c)[0x7f0d3a58cd3c]

Backtrace:
/lib/x86_64-linux-gnu/libc.so.6(+0x3bfd0)[0x7f0d3a53dfd0]
/lib/x86_64-linux-gnu/libc.so.6(+0x8ad3c)[0x7f0d3a58cd3c]
/lib/x86_64-linux-gnu/libc.so.6(gsignal+0x12)[0x7f0d3a53df32]
/lib/x86_64-linux-gnu/libc.so.6(abort+0xd3)[0x7f0d3a528472]
/lib/x86_64-linux-gnu/libc.so.6(+0x26395)[0x7f0d3a528395]
/lib/x86_64-linux-gnu/libc.so.6(+0x34e32)[0x7f0d3a536e32]
/home/snagendra/Fuzzing/redisraft-fuzzing/redisraft.so(+0x3caea)[0x7f0d3a4b1aea]
/home/snagendra/Fuzzing/redisraft-fuzzing/redisraft.so(callRaftPeriodic+0x478)[0x7f0d3a4a2088]
/home/snagendra/Fuzzing/redis/src/redis-server 0.0.0.0:5003(moduleTimerHandler+0x21c)[0x564cb5fc498c]
/home/snagendra/Fuzzing/redis/src/redis-server 0.0.0.0:5003(+0x81705)[0x564cb5ece705]
/home/snagendra/Fuzzing/redis/src/redis-server 0.0.0.0:5003(aeMain+0x1c8)[0x564cb5ed8cb8]
/home/snagendra/Fuzzing/redis/src/redis-server 0.0.0.0:5003(main+0x3cd)[0x564cb5ecde2d]
/lib/x86_64-linux-gnu/libc.so.6(+0x271ca)[0x7f0d3a5291ca]
/lib/x86_64-linux-gnu/libc.so.6(__libc_start_main+0x85)[0x7f0d3a529285]
/home/snagendra/Fuzzing/redis/src/redis-server 0.0.0.0:5003(_start+0x2a)[0x564cb5ece5aa]

------ REGISTERS ------
1776471:M 06 Jan 2024 19:14:37.772 # 
RAX:0000000000000000 RBX:00000000001b1b57
RCX:00007f0d3a58cd3c RDX:0000000000000006
RDI:00000000001b1b57 RSI:00000000001b1b57
RBP:00007f0d3a4fe1c0 RSP:00007ffe2887f400
R8 :0000000000000007 R9 :0000564cb814c820
R10:0000000000000008 R11:0000000000000246
R12:0000000000000006 R13:00000000000006a6
R14:00007f0d3a4de05c R15:0000564cb5fc32b0
RIP:00007f0d3a58cd3c EFL:0000000000000246
CSGSFS:002b000000000033
1776471:M 06 Jan 2024 19:14:37.772 # (00007ffe2887f40f) -> 0000564cb814c8d0
1776471:M 06 Jan 2024 19:14:37.772 # (00007ffe2887f40e) -> 00007f0d3a6d4c60
1776471:M 06 Jan 2024 19:14:37.772 # (00007ffe2887f40d) -> 00000000000002b1
1776471:M 06 Jan 2024 19:14:37.772 # (00007ffe2887f40c) -> 0000564cb814c820
1776471:M 06 Jan 2024 19:14:37.772 # (00007ffe2887f40b) -> 00000000000006a6
1776471:M 06 Jan 2024 19:14:37.772 # (00007ffe2887f40a) -> 0000000000000020
1776471:M 06 Jan 2024 19:14:37.772 # (00007ffe2887f409) -> 00007f0d3a528472
1776471:M 06 Jan 2024 19:14:37.772 # (00007ffe2887f408) -> 00007f0d3a6d5e70
1776471:M 06 Jan 2024 19:14:37.772 # (00007ffe2887f407) -> 00007f0d3a53df32
1776471:M 06 Jan 2024 19:14:37.772 # (00007ffe2887f406) -> 00007f0d3a4de05c
1776471:M 06 Jan 2024 19:14:37.772 # (00007ffe2887f405) -> 00000000000006a6
1776471:M 06 Jan 2024 19:14:37.772 # (00007ffe2887f404) -> 00007f0d3a4dd720
1776471:M 06 Jan 2024 19:14:37.772 # (00007ffe2887f403) -> 00007f0d3a4fe1c0
1776471:M 06 Jan 2024 19:14:37.772 # (00007ffe2887f402) -> 0000000000000006
1776471:M 06 Jan 2024 19:14:37.772 # (00007ffe2887f401) -> df13e0759257ef00
1776471:M 06 Jan 2024 19:14:37.772 # (00007ffe2887f400) -> 0000564cb5fc32b0

------ INFO OUTPUT ------
# Server
redis_version:255.255.255
redis_git_sha1:e04ebdb8
redis_git_dirty:1
redis_build_id:1f78dcc7b4fbdd25
redis_mode:standalone
os:Linux 6.1.60.1.amd64-smp x86_64
arch_bits:64
monotonic_clock:POSIX clock_gettime
multiplexing_api:epoll
atomicvar_api:c11-builtin
gcc_version:10.2.1
process_id:1776471
process_supervised:no
run_id:6517b8308a45b74d86c93ca5e2a7db1c3ce56e28
tcp_port:5003
server_time_usec:1704564877771210
uptime_in_seconds:0
uptime_in_days:0
hz:10
configured_hz:10
lru_clock:10066061
executable:/home/snagendra/Fuzzing/redis/src/redis-server
config_file:
io_threads_active:0
listener0:name=tcp,bind=0.0.0.0,port=5003

# Clients
connected_clients:0
cluster_connections:0
maxclients:10000
client_recent_max_input_buffer:0
client_recent_max_output_buffer:0
blocked_clients:0
tracking_clients:0
clients_in_timeout_table:0
total_blocking_keys:0
total_blocking_keys_on_nokey:0

# Memory
used_memory:1753904
used_memory_human:1.67M
used_memory_rss:17997824
used_memory_rss_human:17.16M
used_memory_peak:1753904
used_memory_peak_human:1.67M
used_memory_peak_perc:100.41%
used_memory_overhead:1746728
used_memory_startup:1746544
used_memory_dataset:7176
used_memory_dataset_perc:97.50%
allocator_allocated:2082840
allocator_active:2666496
allocator_resident:10887168
total_system_memory:270388695040
total_system_memory_human:251.82G
used_memory_lua:31744
used_memory_vm_eval:31744
used_memory_lua_human:31.00K
used_memory_scripts_eval:0
number_of_cached_scripts:0
number_of_functions:0
number_of_libraries:0
used_memory_vm_functions:32768
used_memory_vm_total:64512
used_memory_vm_total_human:63.00K
used_memory_functions:184
used_memory_scripts:184
used_memory_scripts_human:184B
maxmemory:0
maxmemory_human:0B
maxmemory_policy:noeviction
allocator_frag_ratio:1.28
allocator_frag_bytes:583656
allocator_rss_ratio:4.08
allocator_rss_bytes:8220672
rss_overhead_ratio:1.65
rss_overhead_bytes:7110656
mem_fragmentation_ratio:10.30
mem_fragmentation_bytes:16251136
mem_not_counted_for_evict:0
mem_replication_backlog:0
mem_total_replication_buffers:0
mem_clients_slaves:0
mem_clients_normal:0
mem_cluster_links:0
mem_aof_buffer:0
mem_allocator:jemalloc-5.3.0
active_defrag_running:0
lazyfree_pending_objects:0
lazyfreed_objects:0

# Persistence
loading:0
async_loading:0
current_cow_peak:0
current_cow_size:0
current_cow_size_age:0
current_fork_perc:0.00
current_save_keys_processed:0
current_save_keys_total:0
rdb_changes_since_last_save:0
rdb_bgsave_in_progress:0
rdb_last_save_time:1704564877
rdb_last_bgsave_status:ok
rdb_last_bgsave_time_sec:-1
rdb_current_bgsave_time_sec:-1
rdb_saves:0
rdb_last_cow_size:0
rdb_last_load_keys_expired:0
rdb_last_load_keys_loaded:0
aof_enabled:0
aof_rewrite_in_progress:0
aof_rewrite_scheduled:0
aof_last_rewrite_time_sec:-1
aof_current_rewrite_time_sec:-1
aof_last_bgrewrite_status:ok
aof_rewrites:0
aof_rewrites_consecutive_failures:0
aof_last_write_status:ok
aof_last_cow_size:0
module_fork_in_progress:0
module_fork_last_cow_size:0

# Stats
total_connections_received:0
total_commands_processed:6
instantaneous_ops_per_sec:25
total_net_input_bytes:0
total_net_output_bytes:0
total_net_repl_input_bytes:0
total_net_repl_output_bytes:0
instantaneous_input_kbps:0.00
instantaneous_output_kbps:0.00
instantaneous_input_repl_kbps:0.00
instantaneous_output_repl_kbps:0.00
rejected_connections:0
sync_full:0
sync_partial_ok:0
sync_partial_err:0
expired_keys:0
expired_stale_perc:0.00
expired_time_cap_reached_count:0
expire_cycle_cpu_milliseconds:0
evicted_keys:0
evicted_clients:0
total_eviction_exceeded_time:0
current_eviction_exceeded_time:0
keyspace_hits:0
keyspace_misses:0
pubsub_channels:0
pubsub_patterns:0
pubsubshard_channels:0
latest_fork_usec:0
total_forks:0
migrate_cached_sockets:0
slave_expires_tracked_keys:0
active_defrag_hits:0
active_defrag_misses:0
active_defrag_key_hits:0
active_defrag_key_misses:0
total_active_defrag_time:0
current_active_defrag_time:0
tracking_total_keys:0
tracking_total_items:0
tracking_total_prefixes:0
unexpected_error_replies:0
total_error_replies:0
dump_payload_sanitizations:0
total_reads_processed:0
total_writes_processed:0
io_threaded_reads_processed:0
io_threaded_writes_processed:0
reply_buffer_shrinks:0
reply_buffer_expands:0
acl_access_denied_auth:0
acl_access_denied_cmd:0
acl_access_denied_key:0
acl_access_denied_channel:0

# Replication
role:master
connected_slaves:0
master_failover_state:no-failover
master_replid:71e3e4af06b0eca94b667548860869789de49e58
master_replid2:0000000000000000000000000000000000000000
master_repl_offset:0
second_repl_offset:-1
repl_backlog_active:0
repl_backlog_size:1048576
repl_backlog_first_byte_offset:0
repl_backlog_histlen:0

# CPU
used_cpu_sys:0.005489
used_cpu_user:0.010978
used_cpu_sys_children:0.000000
used_cpu_user_children:0.000000
used_cpu_sys_main_thread:0.005375
used_cpu_user_main_thread:0.010751

# Modules
module:name=raft,ver=1,api=1,filters=1,usedby=[],using=[],options=[]

# Commandstats
cmdstat_config|set:calls=1,usec=7,usec_per_call=7.00,rejected_calls=0,failed_calls=0
cmdstat_config|get:calls=3,usec=5,usec_per_call=1.67,rejected_calls=0,failed_calls=0
cmdstat_command:calls=2,usec=1445,usec_per_call=722.50,rejected_calls=0,failed_calls=0

# Errorstats

# Latencystats
latency_percentiles_usec_config|set:p50=7.007,p99=7.007,p99.9=7.007
latency_percentiles_usec_config|get:p50=2.007,p99=2.007,p99.9=2.007
latency_percentiles_usec_command:p50=700.415,p99=749.567,p99.9=749.567

# Cluster
cluster_enabled:0

# Keyspace

------ CLIENT LIST OUTPUT ------

------ MODULES INFO OUTPUT ------
# raft_version
raft_version:255.255.255
raft_git_sha1:b779b199

# raft_general
raft_dbid:9cbcd43e1312f252145317c7345f3857
raft_node_id:3
raft_state:up
raft_role:follower
raft_is_voting:no
raft_voted_for:-1
raft_leader_id:-1
raft_current_term:0
raft_num_nodes:1
raft_num_voting_nodes:0

# raft_log
raft_log_entries:0
raft_current_index:0
raft_commit_index:0
raft_last_applied_index:0
raft_file_size:101
raft_cache_memory_size:0
raft_cache_entries:0
raft_client_attached_entries:0
raft_fsync_count:0
raft_fsync_max_microseconds:0
raft_fsync_avg_microseconds:0

# raft_snapshot
raft_snapshot_filename:redis3.rdb
raft_snapshot_last_idx:0
raft_snapshot_last_term:0
raft_snapshot_size:0
raft_snapshot_time_secs:-1
raft_snapshots_created:0
raft_snapshots_received:0
raft_snapshot_in_progress:no
raft_snapshot_in_progress_last_idx:-1
raft_snapshot_in_progress_last_term:-1

# raft_clients
raft_proxy_reqs:0
raft_proxy_failed_reqs:0
raft_proxy_failed_responses:0
raft_proxy_outstanding_reqs:0

# raft_stats
raft_appendreq_received:0
raft_appendreq_with_entry_received:0
raft_snapshotreq_received:0
raft_exec_throttled:0
raft_num_sessions:0

------ CONFIG DEBUG OUTPUT ------
list-compress-depth 0
io-threads-do-reads no
activedefrag no
lazyfree-lazy-expire no
slave-read-only yes
lazyfree-lazy-user-flush no
proto-max-bulk-len 512mb
lazyfree-lazy-user-del no
repl-diskless-load disabled
client-query-buffer-limit 1gb
repl-diskless-sync yes
replica-read-only yes
sanitize-dump-payload no
lazyfree-lazy-eviction no
io-threads 1
lazyfree-lazy-server-del no

------ FAST MEMORY TEST ------
1776471:M 06 Jan 2024 19:14:37.773 # Bio worker thread #0 terminated
1776471:M 06 Jan 2024 19:14:37.773 # Bio worker thread #1 terminated
1776471:M 06 Jan 2024 19:14:37.773 # Bio worker thread #2 terminated
*** Preparing to test memory region 564cb61a4000 (2273280 bytes)
*** Preparing to test memory region 564cb80f7000 (405504 bytes)
*** Preparing to test memory region 7f0d2d7ff000 (8388608 bytes)
*** Preparing to test memory region 7f0d2e000000 (8388608 bytes)
*** Preparing to test memory region 7f0d2e800000 (6291456 bytes)
*** Preparing to test memory region 7f0d2efff000 (8388608 bytes)
*** Preparing to test memory region 7f0d2f800000 (8388608 bytes)
*** Preparing to test memory region 7f0d30000000 (135168 bytes)
*** Preparing to test memory region 7f0d3425f000 (8388608 bytes)
*** Preparing to test memory region 7f0d34a60000 (8388608 bytes)
*** Preparing to test memory region 7f0d35261000 (8388608 bytes)
*** Preparing to test memory region 7f0d35a62000 (8388608 bytes)
*** Preparing to test memory region 7f0d36263000 (8388608 bytes)
*** Preparing to test memory region 7f0d36a64000 (8388608 bytes)
*** Preparing to test memory region 7f0d37265000 (8388608 bytes)
*** Preparing to test memory region 7f0d37a66000 (8388608 bytes)
*** Preparing to test memory region 7f0d38266000 (2621440 bytes)
*** Preparing to test memory region 7f0d384f5000 (8192 bytes)
*** Preparing to test memory region 7f0d38a7f000 (12288 bytes)
*** Preparing to test memory region 7f0d38ffe000 (8192 bytes)
*** Preparing to test memory region 7f0d39218000 (16384 bytes)
*** Preparing to test memory region 7f0d39c00000 (8388608 bytes)
*** Preparing to test memory region 7f0d3a44d000 (4096 bytes)
*** Preparing to test memory region 7f0d3a472000 (12288 bytes)
*** Preparing to test memory region 7f0d3a4f7000 (45056 bytes)
*** Preparing to test memory region 7f0d3a6d6000 (53248 bytes)
*** Preparing to test memory region 7f0d3a7f3000 (8192 bytes)
.O.O.O.O.O.O.O.O.O.O.O.O.O.1776471:signal-handler (1704564878) Received SIGINT scheduling shutdown...
1776471:signal-handler (1704564878) You insist... exiting now.
1777268:C 06 Jan 2024 19:14:39.492 # WARNING Memory overcommit must be enabled! Without it, a background save or replication may fail under low memory condition. Being disabled, it can also cause failures without low memory condition, see https://github.com/jemalloc/jemalloc/issues/1328. To fix this issue add 'vm.overcommit_memory = 1' to /etc/sysctl.conf and then reboot or run the command 'sysctl vm.overcommit_memory=1' for this to take effect.
1777268:C 06 Jan 2024 19:14:39.492 * oO0OoO0OoO0Oo Redis is starting oO0OoO0OoO0Oo
1777268:C 06 Jan 2024 19:14:39.492 * Redis version=255.255.255, bits=64, commit=e04ebdb8, modified=1, pid=1777268, just started
1777268:C 06 Jan 2024 19:14:39.492 * Configuration loaded
1777268:M 06 Jan 2024 19:14:39.493 * monotonic clock: POSIX clock_gettime
1777268:M 06 Jan 2024 19:14:39.493 * Running mode=standalone, port=5003.
1777268:M 06 Jan 2024 19:14:39.500 * <raft> RedisRaft version 255.255.255 [b779b199]
1777268:M 06 Jan 2024 19:14:39.504 * <raft> Initializing test network
1777268:M 06 Jan 2024 19:14:39.505 * <raft> Created test network client
1777268:M 06 Jan 2024 19:14:39.509 * <raft> Raft module loaded, state is 'loading'
1777268:M 06 Jan 2024 19:14:39.509 * Module 'raft' loaded from /home/snagendra/Fuzzing/redisraft-fuzzing/redisraft.so
1777268:M 06 Jan 2024 19:14:39.509 * Server initialized
1777268:M 06 Jan 2024 19:14:39.509 . The AOF directory appendonlydir doesn't exist
1777268:M 06 Jan 2024 19:14:39.509 * Ready to accept connections tcp
1777268:M 06 Jan 2024 19:14:39.509 . 0 clients connected (0 replicas), 1746656 bytes in use
1777268:signal-handler (1704564879) Received SIGINT scheduling shutdown...
1777268:signal-handler (1704564879) You insist... exiting now.

----- Stderr -----
libgcov profiling error:/home/snagendra/Fuzzing/redisraft-fuzzing/build/deps/raft/CMakeFiles/raft.dir/src/raft_log.c.gcda:Merge mismatch for function 5
libgcov profiling error:/home/snagendra/Fuzzing/redisraft-fuzzing/build/deps/raft/CMakeFiles/raft.dir/src/raft_server_properties.c.gcda:Merge mismatch for function 3
libgcov profiling error:/home/snagendra/Fuzzing/redisraft-fuzzing/build/deps/raft/CMakeFiles/raft.dir/src/raft_server.c.gcda:Merge mismatch for function 58
redis-server: /home/snagendra/Fuzzing/redisraft-fuzzing/deps/raft/src/raft_server.c:1702: raft_get_first_entry_idx: Assertion `0 < raft_get_current_idx(me)' failed.
libgcov profiling error:/home/snagendra/Fuzzing/redisraft-fuzzing/build/deps/raft/CMakeFiles/raft.dir/src/raft_log.c.gcda:Merge mismatch for function 5
libgcov profiling error:/home/snagendra/Fuzzing/redisraft-fuzzing/build/deps/raft/CMakeFiles/raft.dir/src/raft_server_properties.c.gcda:Merge mismatch for function 3
libgcov profiling error:/home/snagendra/Fuzzing/redisraft-fuzzing/build/deps/raft/CMakeFiles/raft.dir/src/raft_server.c.gcda:Merge mismatch for function 58
libgcov profiling error:/home/snagendra/Fuzzing/redisraft-fuzzing/build/deps/raft/CMakeFiles/raft.dir/src/raft_log.c.gcda:Merge mismatch for function 5
libgcov profiling error:/home/snagendra/Fuzzing/redisraft-fuzzing/build/deps/raft/CMakeFiles/raft.dir/src/raft_server_properties.c.gcda:Merge mismatch for function 3
libgcov profiling error:/home/snagendra/Fuzzing/redisraft-fuzzing/build/deps/raft/CMakeFiles/raft.dir/src/raft_server.c.gcda:Merge mismatch for function 58




logs for node: 1

----- Stdout -----
1775798:C 06 Jan 2024 19:14:36.108 # WARNING Memory overcommit must be enabled! Without it, a background save or replication may fail under low memory condition. Being disabled, it can also cause failures without low memory condition, see https://github.com/jemalloc/jemalloc/issues/1328. To fix this issue add 'vm.overcommit_memory = 1' to /etc/sysctl.conf and then reboot or run the command 'sysctl vm.overcommit_memory=1' for this to take effect.
1775798:C 06 Jan 2024 19:14:36.108 * oO0OoO0OoO0Oo Redis is starting oO0OoO0OoO0Oo
1775798:C 06 Jan 2024 19:14:36.108 * Redis version=255.255.255, bits=64, commit=e04ebdb8, modified=1, pid=1775798, just started
1775798:C 06 Jan 2024 19:14:36.108 * Configuration loaded
1775798:M 06 Jan 2024 19:14:36.108 * monotonic clock: POSIX clock_gettime
1775798:M 06 Jan 2024 19:14:36.109 * Running mode=standalone, port=5001.
1775798:M 06 Jan 2024 19:14:36.115 * <raft> RedisRaft version 255.255.255 [b779b199]
1775798:M 06 Jan 2024 19:14:36.119 * <raft> Initializing test network
1775798:M 06 Jan 2024 19:14:36.120 * <raft> Created test network client
1775798:M 06 Jan 2024 19:14:36.121 * <raft> Raft module loaded, state is 'uninitialized'
1775798:M 06 Jan 2024 19:14:36.121 * Module 'raft' loaded from /home/snagendra/Fuzzing/redisraft-fuzzing/redisraft.so
1775798:M 06 Jan 2024 19:14:36.122 * Server initialized
1775798:M 06 Jan 2024 19:14:36.122 . The AOF directory appendonlydir doesn't exist
1775798:M 06 Jan 2024 19:14:36.122 * Ready to accept connections tcp
1775798:M 06 Jan 2024 19:14:36.122 . 0 clients connected (0 replicas), 1726352 bytes in use
1775798:M 06 Jan 2024 19:14:36.126 - Accepted 127.0.0.1:55578
1775798:M 06 Jan 2024 19:14:36.126 # Missing implement of connection type tls
1775798:M 06 Jan 2024 19:14:36.133 * <raft> Cluster Membership: term:0 index:0 nodes: id=1,voting=0,active=1,addr=-
1775798:M 06 Jan 2024 19:14:36.138 * <raft> State change: Node is now a leader, term 1
1775798:M 06 Jan 2024 19:14:36.138 * <raft> Cluster Membership: term:1 index:1 nodes: id=1,voting=0,active=1,addr=-
1775798:M 06 Jan 2024 19:14:36.138 * <raft> Test network starting message polling thread
1775798:M 06 Jan 2024 19:14:36.138 * <raft> Raft Cluster initialized, node id: 1, dbid: 9cbcd43e1312f252145317c7345f3857
1775798:M 06 Jan 2024 19:14:36.254 - Accepted 127.0.0.1:55586
1775798:M 06 Jan 2024 19:14:36.255 * <raft> Cluster Membership: term:1 index:3 nodes: id=1,voting=1,active=1,addr=- id=2,voting=0,active=1,addr=localhost:5002
1775798:M 06 Jan 2024 19:14:36.263 - Client closed connection id=9 addr=127.0.0.1:55586 laddr=127.0.0.1:5001 fd=12 name= age=0 idle=0 flags=N db=0 sub=0 psub=0 ssub=0 multi=-1 qbuf=0 qbuf-free=20474 argv-mem=0 multi-mem=0 rbs=16384 rbp=16384 obl=0 oll=0 omem=0 tot-mem=37760 events=r cmd=raft.node user=default redir=-1 resp=2 lib-name= lib-ver=
1775798:M 06 Jan 2024 19:14:36.380 - Accepted 127.0.0.1:55602
1775798:M 06 Jan 2024 19:14:36.380 * <raft> Cluster Membership: term:1 index:4 nodes: id=1,voting=1,active=1,addr=- id=2,voting=0,active=1,addr=localhost:5002 id=3,voting=0,active=1,addr=localhost:5003
1775798:M 06 Jan 2024 19:14:36.388 - Client closed connection id=10 addr=127.0.0.1:55602 laddr=127.0.0.1:5001 fd=13 name= age=0 idle=0 flags=N db=0 sub=0 psub=0 ssub=0 multi=-1 qbuf=0 qbuf-free=20474 argv-mem=0 multi-mem=0 rbs=16384 rbp=16384 obl=0 oll=0 omem=0 tot-mem=37760 events=r cmd=raft.node user=default redir=-1 resp=2 lib-name= lib-ver=
1775798:signal-handler (1704564877) Received SIGINT scheduling shutdown...
1775798:signal-handler (1704564877) You insist... exiting now.
1776601:C 06 Jan 2024 19:14:37.868 # WARNING Memory overcommit must be enabled! Without it, a background save or replication may fail under low memory condition. Being disabled, it can also cause failures without low memory condition, see https://github.com/jemalloc/jemalloc/issues/1328. To fix this issue add 'vm.overcommit_memory = 1' to /etc/sysctl.conf and then reboot or run the command 'sysctl vm.overcommit_memory=1' for this to take effect.
1776601:C 06 Jan 2024 19:14:37.868 * oO0OoO0OoO0Oo Redis is starting oO0OoO0OoO0Oo
1776601:C 06 Jan 2024 19:14:37.868 * Redis version=255.255.255, bits=64, commit=e04ebdb8, modified=1, pid=1776601, just started
1776601:C 06 Jan 2024 19:14:37.868 * Configuration loaded
1776601:M 06 Jan 2024 19:14:37.869 * monotonic clock: POSIX clock_gettime
1776601:M 06 Jan 2024 19:14:37.869 * Running mode=standalone, port=5001.
1776601:M 06 Jan 2024 19:14:37.876 * <raft> RedisRaft version 255.255.255 [b779b199]
1776601:M 06 Jan 2024 19:14:37.881 * <raft> Initializing test network
1776601:M 06 Jan 2024 19:14:37.881 * <raft> Created test network client
1776601:M 06 Jan 2024 19:14:37.884 * <raft> Raft module loaded, state is 'loading'
1776601:M 06 Jan 2024 19:14:37.884 * Module 'raft' loaded from /home/snagendra/Fuzzing/redisraft-fuzzing/redisraft.so
1776601:M 06 Jan 2024 19:14:37.885 * Server initialized
1776601:M 06 Jan 2024 19:14:37.885 . The AOF directory appendonlydir doesn't exist
1776601:M 06 Jan 2024 19:14:37.885 * Ready to accept connections tcp
1776601:M 06 Jan 2024 19:14:37.885 . 0 clients connected (0 replicas), 1746624 bytes in use
1776601:M 06 Jan 2024 19:14:37.985 * <raft> Loading: Redis loading complete, snapshot NOT LOADED
1776601:M 06 Jan 2024 19:14:37.986 * <raft> Cluster Membership: term:0 index:0 nodes: id=1,voting=0,active=1,addr=-
1776601:M 06 Jan 2024 19:14:37.986 * <raft> Test network starting message polling thread
1776601:M 06 Jan 2024 19:14:37.986 * <raft> Cluster Membership: term:0 index:6 nodes: id=1,voting=1,active=1,addr=- id=2,voting=0,active=1,addr=localhost:5002
1776601:M 06 Jan 2024 19:14:37.987 * <raft> Cluster Membership: term:0 index:6 nodes: id=1,voting=1,active=1,addr=- id=2,voting=0,active=1,addr=localhost:5002 id=3,voting=0,active=1,addr=localhost:5003
1776601:M 06 Jan 2024 19:14:37.987 * <raft> Raft state after loading log: log_count=6, first_idx=1, current_idx=6, last_applied_idx=0
1776601:M 06 Jan 2024 19:14:37.987 . <raft> Raft term=1, vote=-1
1776601:M 06 Jan 2024 19:14:37.993 * <raft> State change: Node is now a leader, term 2
1776601:M 06 Jan 2024 19:14:37.994 * <raft> Cluster Membership: term:2 index:7 nodes: id=1,voting=1,active=1,addr=- id=2,voting=0,active=1,addr=localhost:5002 id=3,voting=0,active=1,addr=localhost:5003
1776601:M 06 Jan 2024 19:14:38.035 # <raft> Redis connection authentication failed: connection died
1776601:signal-handler (1704564878) Received SIGINT scheduling shutdown...
1776601:signal-handler (1704564878) You insist... exiting now.
1776886:C 06 Jan 2024 19:14:38.508 # WARNING Memory overcommit must be enabled! Without it, a background save or replication may fail under low memory condition. Being disabled, it can also cause failures without low memory condition, see https://github.com/jemalloc/jemalloc/issues/1328. To fix this issue add 'vm.overcommit_memory = 1' to /etc/sysctl.conf and then reboot or run the command 'sysctl vm.overcommit_memory=1' for this to take effect.
1776886:C 06 Jan 2024 19:14:38.508 * oO0OoO0OoO0Oo Redis is starting oO0OoO0OoO0Oo
1776886:C 06 Jan 2024 19:14:38.508 * Redis version=255.255.255, bits=64, commit=e04ebdb8, modified=1, pid=1776886, just started
1776886:C 06 Jan 2024 19:14:38.508 * Configuration loaded
1776886:M 06 Jan 2024 19:14:38.509 * monotonic clock: POSIX clock_gettime
1776886:M 06 Jan 2024 19:14:38.509 * Running mode=standalone, port=5001.
1776886:M 06 Jan 2024 19:14:38.516 * <raft> RedisRaft version 255.255.255 [b779b199]
1776886:M 06 Jan 2024 19:14:38.520 * <raft> Initializing test network
1776886:M 06 Jan 2024 19:14:38.521 * <raft> Created test network client
1776886:M 06 Jan 2024 19:14:38.525 * <raft> Raft module loaded, state is 'loading'
1776886:M 06 Jan 2024 19:14:38.525 * Module 'raft' loaded from /home/snagendra/Fuzzing/redisraft-fuzzing/redisraft.so
1776886:M 06 Jan 2024 19:14:38.525 * Server initialized
1776886:M 06 Jan 2024 19:14:38.525 . The AOF directory appendonlydir doesn't exist
1776886:M 06 Jan 2024 19:14:38.525 * Ready to accept connections tcp
1776886:M 06 Jan 2024 19:14:38.525 . 0 clients connected (0 replicas), 1746688 bytes in use
1776886:M 06 Jan 2024 19:14:38.568 - Accepted 127.0.0.1:55606
1776886:M 06 Jan 2024 19:14:38.568 # Missing implement of connection type tls
1776886:M 06 Jan 2024 19:14:38.625 * <raft> Loading: Redis loading complete, snapshot NOT LOADED
1776886:M 06 Jan 2024 19:14:38.626 * <raft> Cluster Membership: term:0 index:0 nodes: id=1,voting=0,active=1,addr=-
1776886:M 06 Jan 2024 19:14:38.626 * <raft> Test network starting message polling thread
1776886:M 06 Jan 2024 19:14:38.626 * <raft> Cluster Membership: term:0 index:7 nodes: id=1,voting=1,active=1,addr=- id=2,voting=0,active=1,addr=localhost:5002
1776886:M 06 Jan 2024 19:14:38.627 * <raft> Cluster Membership: term:0 index:7 nodes: id=1,voting=1,active=1,addr=- id=2,voting=0,active=1,addr=localhost:5002 id=3,voting=0,active=1,addr=localhost:5003
1776886:M 06 Jan 2024 19:14:38.627 * <raft> Raft state after loading log: log_count=7, first_idx=1, current_idx=7, last_applied_idx=0
1776886:M 06 Jan 2024 19:14:38.627 . <raft> Raft term=2, vote=-1
1776886:M 06 Jan 2024 19:14:38.633 * <raft> State change: Node is now a leader, term 3
1776886:M 06 Jan 2024 19:14:38.633 * <raft> Cluster Membership: term:3 index:8 nodes: id=1,voting=1,active=1,addr=- id=2,voting=0,active=1,addr=localhost:5002 id=3,voting=0,active=1,addr=localhost:5003
1776886:signal-handler (1704564879) Received SIGINT scheduling shutdown...
1776886:signal-handler (1704564879) You insist... exiting now.

----- Stderr -----
libgcov profiling error:/home/snagendra/Fuzzing/redisraft-fuzzing/build/deps/raft/CMakeFiles/raft.dir/src/raft_log.c.gcda:Merge mismatch for function 5
libgcov profiling error:/home/snagendra/Fuzzing/redisraft-fuzzing/build/deps/raft/CMakeFiles/raft.dir/src/raft_server_properties.c.gcda:Merge mismatch for function 3
libgcov profiling error:/home/snagendra/Fuzzing/redisraft-fuzzing/build/deps/raft/CMakeFiles/raft.dir/src/raft_server.c.gcda:Merge mismatch for function 58
libgcov profiling error:/home/snagendra/Fuzzing/redisraft-fuzzing/build/deps/raft/CMakeFiles/raft.dir/src/raft_log.c.gcda:Merge mismatch for function 5
libgcov profiling error:/home/snagendra/Fuzzing/redisraft-fuzzing/build/deps/raft/CMakeFiles/raft.dir/src/raft_server_properties.c.gcda:Merge mismatch for function 3
libgcov profiling error:/home/snagendra/Fuzzing/redisraft-fuzzing/build/deps/raft/CMakeFiles/raft.dir/src/raft_server.c.gcda:Merge mismatch for function 58
libgcov profiling error:/home/snagendra/Fuzzing/redisraft-fuzzing/build/deps/raft/CMakeFiles/raft.dir/src/raft_log.c.gcda:Merge mismatch for function 5
libgcov profiling error:/home/snagendra/Fuzzing/redisraft-fuzzing/build/deps/raft/CMakeFiles/raft.dir/src/raft_server_properties.c.gcda:Merge mismatch for function 3
libgcov profiling error:/home/snagendra/Fuzzing/redisraft-fuzzing/build/deps/raft/CMakeFiles/raft.dir/src/raft_server.c.gcda:Merge mismatch for function 58




logs for node: 2

----- Stdout -----
1775845:C 06 Jan 2024 19:14:36.141 # WARNING Memory overcommit must be enabled! Without it, a background save or replication may fail under low memory condition. Being disabled, it can also cause failures without low memory condition, see https://github.com/jemalloc/jemalloc/issues/1328. To fix this issue add 'vm.overcommit_memory = 1' to /etc/sysctl.conf and then reboot or run the command 'sysctl vm.overcommit_memory=1' for this to take effect.
1775845:C 06 Jan 2024 19:14:36.141 * oO0OoO0OoO0Oo Redis is starting oO0OoO0OoO0Oo
1775845:C 06 Jan 2024 19:14:36.141 * Redis version=255.255.255, bits=64, commit=e04ebdb8, modified=1, pid=1775845, just started
1775845:C 06 Jan 2024 19:14:36.141 * Configuration loaded
1775845:M 06 Jan 2024 19:14:36.141 * monotonic clock: POSIX clock_gettime
1775845:M 06 Jan 2024 19:14:36.142 * Running mode=standalone, port=5002.
1775845:M 06 Jan 2024 19:14:36.148 * <raft> RedisRaft version 255.255.255 [b779b199]
1775845:M 06 Jan 2024 19:14:36.152 * <raft> Initializing test network
1775845:M 06 Jan 2024 19:14:36.153 * <raft> Created test network client
1775845:M 06 Jan 2024 19:14:36.154 * <raft> Raft module loaded, state is 'uninitialized'
1775845:M 06 Jan 2024 19:14:36.154 * Module 'raft' loaded from /home/snagendra/Fuzzing/redisraft-fuzzing/redisraft.so
1775845:M 06 Jan 2024 19:14:36.155 * Server initialized
1775845:M 06 Jan 2024 19:14:36.155 . The AOF directory appendonlydir doesn't exist
1775845:M 06 Jan 2024 19:14:36.155 * Ready to accept connections tcp
1775845:M 06 Jan 2024 19:14:36.156 . 0 clients connected (0 replicas), 1726224 bytes in use
1775845:M 06 Jan 2024 19:14:36.163 - Accepted 127.0.0.1:38690
1775845:M 06 Jan 2024 19:14:36.163 # Missing implement of connection type tls
1775845:M 06 Jan 2024 19:14:36.254 - <raft> join cluster, connecting to localhost:5001
1775845:M 06 Jan 2024 19:14:36.256 * <raft> Joined Raft cluster, node id: 2, dbid: 9cbcd43e1312f252145317c7345f3857
1775845:M 06 Jan 2024 19:14:36.262 * <raft> Cluster Membership: term:0 index:0 nodes: id=2,voting=0,active=1,addr=-
1775845:M 06 Jan 2024 19:14:36.263 * <raft> Test network starting message polling thread
1775845:M 06 Jan 2024 19:14:36.323 - Accepted 127.0.0.1:38692
1775845:signal-handler (1704564876) Received SIGINT scheduling shutdown...
1775845:signal-handler (1704564876) You insist... exiting now.
1776178:C 06 Jan 2024 19:14:37.105 # WARNING Memory overcommit must be enabled! Without it, a background save or replication may fail under low memory condition. Being disabled, it can also cause failures without low memory condition, see https://github.com/jemalloc/jemalloc/issues/1328. To fix this issue add 'vm.overcommit_memory = 1' to /etc/sysctl.conf and then reboot or run the command 'sysctl vm.overcommit_memory=1' for this to take effect.
1776178:C 06 Jan 2024 19:14:37.105 * oO0OoO0OoO0Oo Redis is starting oO0OoO0OoO0Oo
1776178:C 06 Jan 2024 19:14:37.105 * Redis version=255.255.255, bits=64, commit=e04ebdb8, modified=1, pid=1776178, just started
1776178:C 06 Jan 2024 19:14:37.105 * Configuration loaded
1776178:M 06 Jan 2024 19:14:37.105 * monotonic clock: POSIX clock_gettime
1776178:M 06 Jan 2024 19:14:37.106 * Running mode=standalone, port=5002.
1776178:M 06 Jan 2024 19:14:37.112 * <raft> RedisRaft version 255.255.255 [b779b199]
1776178:M 06 Jan 2024 19:14:37.116 * <raft> Initializing test network
1776178:M 06 Jan 2024 19:14:37.117 * <raft> Created test network client
1776178:M 06 Jan 2024 19:14:37.117 * <raft> Raft module loaded, state is 'uninitialized'
1776178:M 06 Jan 2024 19:14:37.117 * Module 'raft' loaded from /home/snagendra/Fuzzing/redisraft-fuzzing/redisraft.so
1776178:M 06 Jan 2024 19:14:37.118 * Server initialized
1776178:M 06 Jan 2024 19:14:37.118 . The AOF directory appendonlydir doesn't exist
1776178:M 06 Jan 2024 19:14:37.118 * Ready to accept connections tcp
1776178:M 06 Jan 2024 19:14:37.118 . 0 clients connected (0 replicas), 1726192 bytes in use
1776178:M 06 Jan 2024 19:14:37.130 - Accepted 127.0.0.1:38752
1776178:M 06 Jan 2024 19:14:37.130 # Missing implement of connection type tls
1776178:M 06 Jan 2024 19:14:37.240 - Client closed connection id=8 addr=127.0.0.1:38752 laddr=127.0.0.1:5002 fd=9 name= age=0 idle=0 flags=N db=0 sub=0 psub=0 ssub=0 multi=-1 qbuf=0 qbuf-free=20474 argv-mem=0 multi-mem=0 rbs=16384 rbp=0 obl=0 oll=0 omem=0 tot-mem=37760 events=r cmd=auth user=default redir=-1 resp=2 lib-name= lib-ver=
1776178:M 06 Jan 2024 19:14:37.994 - Accepted 127.0.0.1:38754
1776178:M 06 Jan 2024 19:14:38.232 - Client closed connection id=9 addr=127.0.0.1:38754 laddr=127.0.0.1:5002 fd=9 name= age=1 idle=1 flags=N db=0 sub=0 psub=0 ssub=0 multi=-1 qbuf=0 qbuf-free=20474 argv-mem=0 multi-mem=0 rbs=1024 rbp=0 obl=0 oll=0 omem=0 tot-mem=22400 events=r cmd=auth user=default redir=-1 resp=2 lib-name= lib-ver=
1776178:M 06 Jan 2024 19:14:38.634 - Accepted 127.0.0.1:38768
1776178:signal-handler (1704564878) Received SIGINT scheduling shutdown...
1776178:signal-handler (1704564878) Received SIGINT scheduling shutdown...
1776178:M 06 Jan 2024 19:14:38.824 * User requested shutdown...
1776178:M 06 Jan 2024 19:14:38.824 # Redis is now ready to exit, bye bye...
1777120:C 06 Jan 2024 19:14:39.021 # WARNING Memory overcommit must be enabled! Without it, a background save or replication may fail under low memory condition. Being disabled, it can also cause failures without low memory condition, see https://github.com/jemalloc/jemalloc/issues/1328. To fix this issue add 'vm.overcommit_memory = 1' to /etc/sysctl.conf and then reboot or run the command 'sysctl vm.overcommit_memory=1' for this to take effect.
1777120:C 06 Jan 2024 19:14:39.021 * oO0OoO0OoO0Oo Redis is starting oO0OoO0OoO0Oo
1777120:C 06 Jan 2024 19:14:39.021 * Redis version=255.255.255, bits=64, commit=e04ebdb8, modified=1, pid=1777120, just started
1777120:C 06 Jan 2024 19:14:39.021 * Configuration loaded
1777120:M 06 Jan 2024 19:14:39.021 * monotonic clock: POSIX clock_gettime
1777120:M 06 Jan 2024 19:14:39.022 * Running mode=standalone, port=5002.
1777120:M 06 Jan 2024 19:14:39.028 * <raft> RedisRaft version 255.255.255 [b779b199]
1777120:M 06 Jan 2024 19:14:39.032 * <raft> Initializing test network
1777120:M 06 Jan 2024 19:14:39.033 * <raft> Created test network client
1777120:M 06 Jan 2024 19:14:39.033 * <raft> Raft module loaded, state is 'uninitialized'
1777120:M 06 Jan 2024 19:14:39.033 * Module 'raft' loaded from /home/snagendra/Fuzzing/redisraft-fuzzing/redisraft.so
1777120:M 06 Jan 2024 19:14:39.034 * Server initialized
1777120:M 06 Jan 2024 19:14:39.034 . The AOF directory appendonlydir doesn't exist
1777120:M 06 Jan 2024 19:14:39.034 * Ready to accept connections tcp
1777120:M 06 Jan 2024 19:14:39.034 . 0 clients connected (0 replicas), 1726192 bytes in use
1777120:M 06 Jan 2024 19:14:39.035 - Accepted 127.0.0.1:38782
1777120:M 06 Jan 2024 19:14:39.035 # Missing implement of connection type tls
1777120:M 06 Jan 2024 19:14:39.367 - Client closed connection id=8 addr=127.0.0.1:38782 laddr=127.0.0.1:5002 fd=9 name= age=0 idle=0 flags=N db=0 sub=0 psub=0 ssub=0 multi=-1 qbuf=0 qbuf-free=20474 argv-mem=0 multi-mem=0 rbs=1024 rbp=0 obl=0 oll=0 omem=0 tot-mem=22400 events=r cmd=auth user=default redir=-1 resp=2 lib-name= lib-ver=
1777120:signal-handler (1704564879) Received SIGINT scheduling shutdown...
1777120:signal-handler (1704564879) You insist... exiting now.

----- Stderr -----
libgcov profiling error:/home/snagendra/Fuzzing/redisraft-fuzzing/build/deps/raft/CMakeFiles/raft.dir/src/raft_log.c.gcda:Merge mismatch for function 5
libgcov profiling error:/home/snagendra/Fuzzing/redisraft-fuzzing/build/deps/raft/CMakeFiles/raft.dir/src/raft_server_properties.c.gcda:Merge mismatch for function 3
libgcov profiling error:/home/snagendra/Fuzzing/redisraft-fuzzing/build/deps/raft/CMakeFiles/raft.dir/src/raft_server.c.gcda:Merge mismatch for function 58
libgcov profiling error:/home/snagendra/Fuzzing/redisraft-fuzzing/build/deps/raft/CMakeFiles/raft.dir/src/raft_log.c.gcda:Merge mismatch for function 5
libgcov profiling error:/home/snagendra/Fuzzing/redisraft-fuzzing/build/deps/raft/CMakeFiles/raft.dir/src/raft_server_properties.c.gcda:Merge mismatch for function 3
libgcov profiling error:/home/snagendra/Fuzzing/redisraft-fuzzing/build/deps/raft/CMakeFiles/raft.dir/src/raft_server.c.gcda:Merge mismatch for function 58
libgcov profiling error:/home/snagendra/Fuzzing/redisraft-fuzzing/build/deps/raft/CMakeFiles/raft.dir/src/raft_log.c.gcda:Merge mismatch for function 5
libgcov profiling error:/home/snagendra/Fuzzing/redisraft-fuzzing/build/deps/raft/CMakeFiles/raft.dir/src/raft_server_properties.c.gcda:Merge mismatch for function 3
libgcov profiling error:/home/snagendra/Fuzzing/redisraft-fuzzing/build/deps/raft/CMakeFiles/raft.dir/src/raft_server.c.gcda:Merge mismatch for function 58



