logs for node: 1

----- Stdout -----
1620876:C 06 Jan 2024 21:50:17.303 # WARNING Memory overcommit must be enabled! Without it, a background save or replication may fail under low memory condition. Being disabled, it can also cause failures without low memory condition, see https://github.com/jemalloc/jemalloc/issues/1328. To fix this issue add 'vm.overcommit_memory = 1' to /etc/sysctl.conf and then reboot or run the command 'sysctl vm.overcommit_memory=1' for this to take effect.
1620876:C 06 Jan 2024 21:50:17.303 * oO0OoO0OoO0Oo Redis is starting oO0OoO0OoO0Oo
1620876:C 06 Jan 2024 21:50:17.303 * Redis version=255.255.255, bits=64, commit=e04ebdb8, modified=1, pid=1620876, just started
1620876:C 06 Jan 2024 21:50:17.303 * Configuration loaded
1620876:M 06 Jan 2024 21:50:17.304 * monotonic clock: POSIX clock_gettime
1620876:M 06 Jan 2024 21:50:17.304 * Running mode=standalone, port=5011.
1620876:M 06 Jan 2024 21:50:17.311 * <raft> RedisRaft version 255.255.255 [b779b199]
1620876:M 06 Jan 2024 21:50:17.316 * <raft> Initializing test network
1620876:M 06 Jan 2024 21:50:17.317 * <raft> Created test network client
1620876:M 06 Jan 2024 21:50:17.317 * <raft> Raft module loaded, state is 'uninitialized'
1620876:M 06 Jan 2024 21:50:17.318 * Module 'raft' loaded from /home/snagendra/Fuzzing/redisraft-fuzzing/redisraft.so
1620876:M 06 Jan 2024 21:50:17.318 * Server initialized
1620876:M 06 Jan 2024 21:50:17.319 . The AOF directory appendonlydir doesn't exist
1620876:M 06 Jan 2024 21:50:17.319 * Ready to accept connections tcp
1620876:M 06 Jan 2024 21:50:17.319 - Accepted 127.0.0.1:46312
1620876:M 06 Jan 2024 21:50:17.319 # Missing implement of connection type tls
1620876:M 06 Jan 2024 21:50:17.319 . 1 clients connected (0 replicas), 1744056 bytes in use
1620876:M 06 Jan 2024 21:50:17.326 * <raft> Cluster Membership: term:0 index:0 nodes: id=1,voting=0,active=1,addr=-
1620876:M 06 Jan 2024 21:50:17.331 * <raft> State change: Node is now a leader, term 1
1620876:M 06 Jan 2024 21:50:17.331 * <raft> Cluster Membership: term:1 index:1 nodes: id=1,voting=0,active=1,addr=-
1620876:M 06 Jan 2024 21:50:17.332 * <raft> Test network starting message polling thread
1620876:M 06 Jan 2024 21:50:17.332 * <raft> Raft Cluster initialized, node id: 1, dbid: a4a2df42d1cc0969ff80df4e822ef194
1620876:M 06 Jan 2024 21:50:17.449 - Accepted 127.0.0.1:46322
1620876:M 06 Jan 2024 21:50:17.450 * <raft> Cluster Membership: term:1 index:3 nodes: id=1,voting=1,active=1,addr=- id=2,voting=0,active=1,addr=localhost:5012
1620876:M 06 Jan 2024 21:50:17.458 - Client closed connection id=9 addr=127.0.0.1:46322 laddr=127.0.0.1:5011 fd=12 name= age=0 idle=0 flags=N db=0 sub=0 psub=0 ssub=0 multi=-1 qbuf=0 qbuf-free=20474 argv-mem=0 multi-mem=0 rbs=16384 rbp=16384 obl=0 oll=0 omem=0 tot-mem=37760 events=r cmd=raft.node user=default redir=-1 resp=2 lib-name= lib-ver=
1620876:M 06 Jan 2024 21:50:17.574 - Accepted 127.0.0.1:46326
1620876:M 06 Jan 2024 21:50:17.575 * <raft> Cluster Membership: term:1 index:4 nodes: id=1,voting=1,active=1,addr=- id=2,voting=0,active=1,addr=localhost:5012 id=3,voting=0,active=1,addr=localhost:5013
1620876:M 06 Jan 2024 21:50:17.582 - Client closed connection id=10 addr=127.0.0.1:46326 laddr=127.0.0.1:5011 fd=13 name= age=0 idle=0 flags=N db=0 sub=0 psub=0 ssub=0 multi=-1 qbuf=0 qbuf-free=20474 argv-mem=0 multi-mem=0 rbs=16384 rbp=16384 obl=0 oll=0 omem=0 tot-mem=37760 events=r cmd=raft.node user=default redir=-1 resp=2 lib-name= lib-ver=
1620876:signal-handler (1704574217) Received SIGINT scheduling shutdown...
1620876:signal-handler (1704574217) You insist... exiting now.
1621470:C 06 Jan 2024 21:50:18.558 # WARNING Memory overcommit must be enabled! Without it, a background save or replication may fail under low memory condition. Being disabled, it can also cause failures without low memory condition, see https://github.com/jemalloc/jemalloc/issues/1328. To fix this issue add 'vm.overcommit_memory = 1' to /etc/sysctl.conf and then reboot or run the command 'sysctl vm.overcommit_memory=1' for this to take effect.
1621470:C 06 Jan 2024 21:50:18.558 * oO0OoO0OoO0Oo Redis is starting oO0OoO0OoO0Oo
1621470:C 06 Jan 2024 21:50:18.558 * Redis version=255.255.255, bits=64, commit=e04ebdb8, modified=1, pid=1621470, just started
1621470:C 06 Jan 2024 21:50:18.558 * Configuration loaded
1621470:M 06 Jan 2024 21:50:18.559 * monotonic clock: POSIX clock_gettime
1621470:M 06 Jan 2024 21:50:18.559 * Running mode=standalone, port=5011.
1621470:M 06 Jan 2024 21:50:18.566 * <raft> RedisRaft version 255.255.255 [b779b199]
1621470:M 06 Jan 2024 21:50:18.570 * <raft> Initializing test network
1621470:M 06 Jan 2024 21:50:18.571 * <raft> Created test network client
1621470:M 06 Jan 2024 21:50:18.574 * <raft> Raft module loaded, state is 'loading'
1621470:M 06 Jan 2024 21:50:18.574 * Module 'raft' loaded from /home/snagendra/Fuzzing/redisraft-fuzzing/redisraft.so
1621470:M 06 Jan 2024 21:50:18.575 * Server initialized
1621470:M 06 Jan 2024 21:50:18.575 . The AOF directory appendonlydir doesn't exist
1621470:M 06 Jan 2024 21:50:18.575 * Ready to accept connections tcp
1621470:M 06 Jan 2024 21:50:18.575 . 0 clients connected (0 replicas), 1746688 bytes in use
1621470:M 06 Jan 2024 21:50:18.674 * <raft> Loading: Redis loading complete, snapshot NOT LOADED
1621470:M 06 Jan 2024 21:50:18.675 * <raft> Cluster Membership: term:0 index:0 nodes: id=1,voting=0,active=1,addr=-
1621470:M 06 Jan 2024 21:50:18.675 * <raft> Test network starting message polling thread
1621470:M 06 Jan 2024 21:50:18.675 * <raft> Cluster Membership: term:0 index:4 nodes: id=1,voting=1,active=1,addr=- id=2,voting=0,active=1,addr=localhost:5012
1621470:M 06 Jan 2024 21:50:18.675 * <raft> Cluster Membership: term:0 index:4 nodes: id=1,voting=1,active=1,addr=- id=2,voting=0,active=1,addr=localhost:5012 id=3,voting=0,active=1,addr=localhost:5013
1621470:M 06 Jan 2024 21:50:18.675 * <raft> Raft state after loading log: log_count=4, first_idx=1, current_idx=4, last_applied_idx=0
1621470:M 06 Jan 2024 21:50:18.675 . <raft> Raft term=1, vote=-1
1621470:M 06 Jan 2024 21:50:18.682 * <raft> State change: Node is now a leader, term 2
1621470:M 06 Jan 2024 21:50:18.682 * <raft> Cluster Membership: term:2 index:5 nodes: id=1,voting=1,active=1,addr=- id=2,voting=0,active=1,addr=localhost:5012 id=3,voting=0,active=1,addr=localhost:5013
1621470:M 06 Jan 2024 21:50:18.984 - Accepted 127.0.0.1:46330
1621470:M 06 Jan 2024 21:50:18.984 # Missing implement of connection type tls
1621470:signal-handler (1704574219) Received SIGINT scheduling shutdown...
1621470:signal-handler (1704574219) You insist... exiting now.
1622007:C 06 Jan 2024 21:50:19.958 # WARNING Memory overcommit must be enabled! Without it, a background save or replication may fail under low memory condition. Being disabled, it can also cause failures without low memory condition, see https://github.com/jemalloc/jemalloc/issues/1328. To fix this issue add 'vm.overcommit_memory = 1' to /etc/sysctl.conf and then reboot or run the command 'sysctl vm.overcommit_memory=1' for this to take effect.
1622007:C 06 Jan 2024 21:50:19.958 * oO0OoO0OoO0Oo Redis is starting oO0OoO0OoO0Oo
1622007:C 06 Jan 2024 21:50:19.958 * Redis version=255.255.255, bits=64, commit=e04ebdb8, modified=1, pid=1622007, just started
1622007:C 06 Jan 2024 21:50:19.958 * Configuration loaded
1622007:M 06 Jan 2024 21:50:19.958 * monotonic clock: POSIX clock_gettime
1622007:M 06 Jan 2024 21:50:19.959 * Running mode=standalone, port=5011.
1622007:M 06 Jan 2024 21:50:19.965 * <raft> RedisRaft version 255.255.255 [b779b199]
1622007:M 06 Jan 2024 21:50:19.970 * <raft> Initializing test network
1622007:M 06 Jan 2024 21:50:19.971 * <raft> Created test network client
1622007:M 06 Jan 2024 21:50:19.975 * <raft> Raft module loaded, state is 'loading'
1622007:M 06 Jan 2024 21:50:19.975 * Module 'raft' loaded from /home/snagendra/Fuzzing/redisraft-fuzzing/redisraft.so
1622007:M 06 Jan 2024 21:50:19.976 * Server initialized
1622007:M 06 Jan 2024 21:50:19.976 . The AOF directory appendonlydir doesn't exist
1622007:M 06 Jan 2024 21:50:19.976 * Ready to accept connections tcp
1622007:M 06 Jan 2024 21:50:19.976 . 0 clients connected (0 replicas), 1746688 bytes in use
1622007:M 06 Jan 2024 21:50:20.076 * <raft> Loading: Redis loading complete, snapshot NOT LOADED
1622007:M 06 Jan 2024 21:50:20.076 * <raft> Cluster Membership: term:0 index:0 nodes: id=1,voting=0,active=1,addr=-
1622007:M 06 Jan 2024 21:50:20.077 * <raft> Test network starting message polling thread
1622007:M 06 Jan 2024 21:50:20.077 * <raft> Cluster Membership: term:0 index:6 nodes: id=1,voting=1,active=1,addr=- id=2,voting=0,active=1,addr=localhost:5012
1622007:M 06 Jan 2024 21:50:20.077 * <raft> Cluster Membership: term:0 index:6 nodes: id=1,voting=1,active=1,addr=- id=2,voting=0,active=1,addr=localhost:5012 id=3,voting=0,active=1,addr=localhost:5013
1622007:M 06 Jan 2024 21:50:20.077 * <raft> Raft state after loading log: log_count=6, first_idx=1, current_idx=6, last_applied_idx=0
1622007:M 06 Jan 2024 21:50:20.077 . <raft> Raft term=2, vote=-1
1622007:M 06 Jan 2024 21:50:20.083 * <raft> State change: Node is now a leader, term 3
1622007:M 06 Jan 2024 21:50:20.083 * <raft> Cluster Membership: term:3 index:7 nodes: id=1,voting=1,active=1,addr=- id=2,voting=0,active=1,addr=localhost:5012 id=3,voting=0,active=1,addr=localhost:5013
1622007:signal-handler (1704574220) Received SIGINT scheduling shutdown...
1622007:signal-handler (1704574220) You insist... exiting now.

----- Stderr -----
libgcov profiling error:/home/snagendra/Fuzzing/redisraft-fuzzing/build/deps/raft/CMakeFiles/raft.dir/src/raft_server_properties.c.gcda:Merge mismatch for function 7
libgcov profiling error:/home/snagendra/Fuzzing/redisraft-fuzzing/build/deps/raft/CMakeFiles/raft.dir/src/raft_server.c.gcda:Merge mismatch for function 43
libgcov profiling error:/home/snagendra/Fuzzing/redisraft-fuzzing/build/deps/raft/CMakeFiles/raft.dir/src/raft_server_properties.c.gcda:Merge mismatch for function 7
libgcov profiling error:/home/snagendra/Fuzzing/redisraft-fuzzing/build/deps/raft/CMakeFiles/raft.dir/src/raft_server.c.gcda:Merge mismatch for function 43
libgcov profiling error:/home/snagendra/Fuzzing/redisraft-fuzzing/build/deps/raft/CMakeFiles/raft.dir/src/raft_server_properties.c.gcda:Merge mismatch for function 7
libgcov profiling error:/home/snagendra/Fuzzing/redisraft-fuzzing/build/deps/raft/CMakeFiles/raft.dir/src/raft_server.c.gcda:Merge mismatch for function 43




logs for node: 2

----- Stdout -----
1620890:C 06 Jan 2024 21:50:17.334 # WARNING Memory overcommit must be enabled! Without it, a background save or replication may fail under low memory condition. Being disabled, it can also cause failures without low memory condition, see https://github.com/jemalloc/jemalloc/issues/1328. To fix this issue add 'vm.overcommit_memory = 1' to /etc/sysctl.conf and then reboot or run the command 'sysctl vm.overcommit_memory=1' for this to take effect.
1620890:C 06 Jan 2024 21:50:17.334 * oO0OoO0OoO0Oo Redis is starting oO0OoO0OoO0Oo
1620890:C 06 Jan 2024 21:50:17.334 * Redis version=255.255.255, bits=64, commit=e04ebdb8, modified=1, pid=1620890, just started
1620890:C 06 Jan 2024 21:50:17.334 * Configuration loaded
1620890:M 06 Jan 2024 21:50:17.335 * monotonic clock: POSIX clock_gettime
1620890:M 06 Jan 2024 21:50:17.335 * Running mode=standalone, port=5012.
1620890:M 06 Jan 2024 21:50:17.342 * <raft> RedisRaft version 255.255.255 [b779b199]
1620890:M 06 Jan 2024 21:50:17.347 * <raft> Initializing test network
1620890:M 06 Jan 2024 21:50:17.348 * <raft> Created test network client
1620890:M 06 Jan 2024 21:50:17.349 * <raft> Raft module loaded, state is 'uninitialized'
1620890:M 06 Jan 2024 21:50:17.349 * Module 'raft' loaded from /home/snagendra/Fuzzing/redisraft-fuzzing/redisraft.so
1620890:M 06 Jan 2024 21:50:17.349 * Server initialized
1620890:M 06 Jan 2024 21:50:17.350 . The AOF directory appendonlydir doesn't exist
1620890:M 06 Jan 2024 21:50:17.350 * Ready to accept connections tcp
1620890:M 06 Jan 2024 21:50:17.350 . 0 clients connected (0 replicas), 1726224 bytes in use
1620890:M 06 Jan 2024 21:50:17.364 - Accepted 127.0.0.1:36310
1620890:M 06 Jan 2024 21:50:17.364 # Missing implement of connection type tls
1620890:M 06 Jan 2024 21:50:17.449 - <raft> join cluster, connecting to localhost:5011
1620890:M 06 Jan 2024 21:50:17.451 * <raft> Joined Raft cluster, node id: 2, dbid: a4a2df42d1cc0969ff80df4e822ef194
1620890:M 06 Jan 2024 21:50:17.457 * <raft> Cluster Membership: term:0 index:0 nodes: id=2,voting=0,active=1,addr=-
1620890:M 06 Jan 2024 21:50:17.458 * <raft> Test network starting message polling thread
1620890:M 06 Jan 2024 21:50:17.520 - Accepted 127.0.0.1:36322
1620890:signal-handler (1704574217) Received SIGINT scheduling shutdown...
1620890:signal-handler (1704574217) You insist... exiting now.
1621230:C 06 Jan 2024 21:50:17.890 # WARNING Memory overcommit must be enabled! Without it, a background save or replication may fail under low memory condition. Being disabled, it can also cause failures without low memory condition, see https://github.com/jemalloc/jemalloc/issues/1328. To fix this issue add 'vm.overcommit_memory = 1' to /etc/sysctl.conf and then reboot or run the command 'sysctl vm.overcommit_memory=1' for this to take effect.
1621230:C 06 Jan 2024 21:50:17.890 * oO0OoO0OoO0Oo Redis is starting oO0OoO0OoO0Oo
1621230:C 06 Jan 2024 21:50:17.890 * Redis version=255.255.255, bits=64, commit=e04ebdb8, modified=1, pid=1621230, just started
1621230:C 06 Jan 2024 21:50:17.890 * Configuration loaded
1621230:M 06 Jan 2024 21:50:17.890 * monotonic clock: POSIX clock_gettime
1621230:M 06 Jan 2024 21:50:17.891 * Running mode=standalone, port=5012.
1621230:M 06 Jan 2024 21:50:17.897 * <raft> RedisRaft version 255.255.255 [b779b199]
1621230:M 06 Jan 2024 21:50:17.902 * <raft> Initializing test network
1621230:M 06 Jan 2024 21:50:17.903 * <raft> Created test network client
1621230:M 06 Jan 2024 21:50:17.903 * <raft> Raft module loaded, state is 'uninitialized'
1621230:M 06 Jan 2024 21:50:17.903 * Module 'raft' loaded from /home/snagendra/Fuzzing/redisraft-fuzzing/redisraft.so
1621230:M 06 Jan 2024 21:50:17.904 * Server initialized
1621230:M 06 Jan 2024 21:50:17.904 . The AOF directory appendonlydir doesn't exist
1621230:M 06 Jan 2024 21:50:17.904 * Ready to accept connections tcp
1621230:M 06 Jan 2024 21:50:17.904 . 0 clients connected (0 replicas), 1726096 bytes in use
1621230:signal-handler (1704574218) Received SIGINT scheduling shutdown...
1621230:signal-handler (1704574218) You insist... exiting now.
1621897:C 06 Jan 2024 21:50:19.609 # WARNING Memory overcommit must be enabled! Without it, a background save or replication may fail under low memory condition. Being disabled, it can also cause failures without low memory condition, see https://github.com/jemalloc/jemalloc/issues/1328. To fix this issue add 'vm.overcommit_memory = 1' to /etc/sysctl.conf and then reboot or run the command 'sysctl vm.overcommit_memory=1' for this to take effect.
1621897:C 06 Jan 2024 21:50:19.609 * oO0OoO0OoO0Oo Redis is starting oO0OoO0OoO0Oo
1621897:C 06 Jan 2024 21:50:19.609 * Redis version=255.255.255, bits=64, commit=e04ebdb8, modified=1, pid=1621897, just started
1621897:C 06 Jan 2024 21:50:19.609 * Configuration loaded
1621897:M 06 Jan 2024 21:50:19.610 * monotonic clock: POSIX clock_gettime
1621897:M 06 Jan 2024 21:50:19.610 * Running mode=standalone, port=5012.
1621897:M 06 Jan 2024 21:50:19.617 * <raft> RedisRaft version 255.255.255 [b779b199]
1621897:M 06 Jan 2024 21:50:19.622 * <raft> Initializing test network
1621897:M 06 Jan 2024 21:50:19.623 * <raft> Created test network client
1621897:M 06 Jan 2024 21:50:19.623 * <raft> Raft module loaded, state is 'uninitialized'
1621897:M 06 Jan 2024 21:50:19.623 * Module 'raft' loaded from /home/snagendra/Fuzzing/redisraft-fuzzing/redisraft.so
1621897:M 06 Jan 2024 21:50:19.624 * Server initialized
1621897:M 06 Jan 2024 21:50:19.624 . The AOF directory appendonlydir doesn't exist
1621897:M 06 Jan 2024 21:50:19.624 * Ready to accept connections tcp
1621897:M 06 Jan 2024 21:50:19.624 . 0 clients connected (0 replicas), 1726128 bytes in use
1621897:signal-handler (1704574219) Received SIGINT scheduling shutdown...
1621897:signal-handler (1704574219) You insist... exiting now.
1622217:C 06 Jan 2024 21:50:20.323 # WARNING Memory overcommit must be enabled! Without it, a background save or replication may fail under low memory condition. Being disabled, it can also cause failures without low memory condition, see https://github.com/jemalloc/jemalloc/issues/1328. To fix this issue add 'vm.overcommit_memory = 1' to /etc/sysctl.conf and then reboot or run the command 'sysctl vm.overcommit_memory=1' for this to take effect.
1622217:C 06 Jan 2024 21:50:20.323 * oO0OoO0OoO0Oo Redis is starting oO0OoO0OoO0Oo
1622217:C 06 Jan 2024 21:50:20.323 * Redis version=255.255.255, bits=64, commit=e04ebdb8, modified=1, pid=1622217, just started
1622217:C 06 Jan 2024 21:50:20.323 * Configuration loaded
1622217:M 06 Jan 2024 21:50:20.324 * monotonic clock: POSIX clock_gettime
1622217:M 06 Jan 2024 21:50:20.324 * Running mode=standalone, port=5012.
1622217:M 06 Jan 2024 21:50:20.331 * <raft> RedisRaft version 255.255.255 [b779b199]
1622217:M 06 Jan 2024 21:50:20.336 * <raft> Initializing test network
1622217:M 06 Jan 2024 21:50:20.336 * <raft> Created test network client
1622217:M 06 Jan 2024 21:50:20.337 * <raft> Raft module loaded, state is 'uninitialized'
1622217:M 06 Jan 2024 21:50:20.337 * Module 'raft' loaded from /home/snagendra/Fuzzing/redisraft-fuzzing/redisraft.so
1622217:M 06 Jan 2024 21:50:20.337 * Server initialized
1622217:M 06 Jan 2024 21:50:20.337 . The AOF directory appendonlydir doesn't exist
1622217:M 06 Jan 2024 21:50:20.337 * Ready to accept connections tcp
1622217:M 06 Jan 2024 21:50:20.337 . 0 clients connected (0 replicas), 1726160 bytes in use
1622217:M 06 Jan 2024 21:50:20.384 - Accepted 127.0.0.1:36446
1622217:M 06 Jan 2024 21:50:20.384 # Missing implement of connection type tls
1622217:M 06 Jan 2024 21:50:20.736 - Client closed connection id=8 addr=127.0.0.1:36446 laddr=127.0.0.1:5012 fd=9 name= age=0 idle=0 flags=N db=0 sub=0 psub=0 ssub=0 multi=-1 qbuf=0 qbuf-free=20474 argv-mem=0 multi-mem=0 rbs=1024 rbp=0 obl=0 oll=0 omem=0 tot-mem=22400 events=r cmd=auth user=default redir=-1 resp=2 lib-name= lib-ver=
1622217:signal-handler (1704574220) Received SIGINT scheduling shutdown...
1622217:signal-handler (1704574220) You insist... exiting now.

----- Stderr -----
libgcov profiling error:/home/snagendra/Fuzzing/redisraft-fuzzing/build/deps/raft/CMakeFiles/raft.dir/src/raft_server_properties.c.gcda:Merge mismatch for function 7
libgcov profiling error:/home/snagendra/Fuzzing/redisraft-fuzzing/build/deps/raft/CMakeFiles/raft.dir/src/raft_server.c.gcda:Merge mismatch for function 43
libgcov profiling error:/home/snagendra/Fuzzing/redisraft-fuzzing/build/deps/raft/CMakeFiles/raft.dir/src/raft_server_properties.c.gcda:Merge mismatch for function 7
libgcov profiling error:/home/snagendra/Fuzzing/redisraft-fuzzing/build/deps/raft/CMakeFiles/raft.dir/src/raft_server.c.gcda:Merge mismatch for function 43
libgcov profiling error:/home/snagendra/Fuzzing/redisraft-fuzzing/build/deps/raft/CMakeFiles/raft.dir/src/raft_server_properties.c.gcda:Merge mismatch for function 7
libgcov profiling error:/home/snagendra/Fuzzing/redisraft-fuzzing/build/deps/raft/CMakeFiles/raft.dir/src/raft_server.c.gcda:Merge mismatch for function 43
libgcov profiling error:/home/snagendra/Fuzzing/redisraft-fuzzing/build/deps/raft/CMakeFiles/raft.dir/src/raft_server_properties.c.gcda:Merge mismatch for function 7
libgcov profiling error:/home/snagendra/Fuzzing/redisraft-fuzzing/build/deps/raft/CMakeFiles/raft.dir/src/raft_server.c.gcda:Merge mismatch for function 43




logs for node: 3

----- Stdout -----
1620947:C 06 Jan 2024 21:50:17.460 # WARNING Memory overcommit must be enabled! Without it, a background save or replication may fail under low memory condition. Being disabled, it can also cause failures without low memory condition, see https://github.com/jemalloc/jemalloc/issues/1328. To fix this issue add 'vm.overcommit_memory = 1' to /etc/sysctl.conf and then reboot or run the command 'sysctl vm.overcommit_memory=1' for this to take effect.
1620947:C 06 Jan 2024 21:50:17.460 * oO0OoO0OoO0Oo Redis is starting oO0OoO0OoO0Oo
1620947:C 06 Jan 2024 21:50:17.460 * Redis version=255.255.255, bits=64, commit=e04ebdb8, modified=1, pid=1620947, just started
1620947:C 06 Jan 2024 21:50:17.460 * Configuration loaded
1620947:M 06 Jan 2024 21:50:17.461 * monotonic clock: POSIX clock_gettime
1620947:M 06 Jan 2024 21:50:17.461 * Running mode=standalone, port=5013.
1620947:M 06 Jan 2024 21:50:17.467 * <raft> RedisRaft version 255.255.255 [b779b199]
1620947:M 06 Jan 2024 21:50:17.472 * <raft> Initializing test network
1620947:M 06 Jan 2024 21:50:17.473 * <raft> Created test network client
1620947:M 06 Jan 2024 21:50:17.474 * <raft> Raft module loaded, state is 'uninitialized'
1620947:M 06 Jan 2024 21:50:17.474 * Module 'raft' loaded from /home/snagendra/Fuzzing/redisraft-fuzzing/redisraft.so
1620947:M 06 Jan 2024 21:50:17.475 * Server initialized
1620947:M 06 Jan 2024 21:50:17.475 . The AOF directory appendonlydir doesn't exist
1620947:M 06 Jan 2024 21:50:17.475 * Ready to accept connections tcp
1620947:M 06 Jan 2024 21:50:17.475 - Accepted 127.0.0.1:52652
1620947:M 06 Jan 2024 21:50:17.475 # Missing implement of connection type tls
1620947:M 06 Jan 2024 21:50:17.476 . 1 clients connected (0 replicas), 1744056 bytes in use
1620947:M 06 Jan 2024 21:50:17.574 - <raft> join cluster, connecting to localhost:5011
1620947:M 06 Jan 2024 21:50:17.576 * <raft> Joined Raft cluster, node id: 3, dbid: a4a2df42d1cc0969ff80df4e822ef194
1620947:M 06 Jan 2024 21:50:17.582 * <raft> Cluster Membership: term:0 index:0 nodes: id=3,voting=0,active=1,addr=-
1620947:M 06 Jan 2024 21:50:17.582 * <raft> Test network starting message polling thread
1620947:M 06 Jan 2024 21:50:17.621 - Accepted 127.0.0.1:52662
1620947:M 06 Jan 2024 21:50:17.825 - Client closed connection id=9 addr=127.0.0.1:52662 laddr=127.0.0.1:5013 fd=10 name= age=0 idle=0 flags=N db=0 sub=0 psub=0 ssub=0 multi=-1 qbuf=0 qbuf-free=20474 argv-mem=0 multi-mem=0 rbs=1024 rbp=0 obl=0 oll=0 omem=0 tot-mem=22400 events=r cmd=auth user=default redir=-1 resp=2 lib-name= lib-ver=
1620947:M 06 Jan 2024 21:50:17.975 * <raft> State change: Election starting, node is now a pre-candidate, term 1
1620947:M 06 Jan 2024 21:50:17.975 * <raft> Cluster Membership: term:1 index:0 nodes: id=3,voting=0,active=1,addr=-
1620947:signal-handler (1704574218) Received SIGINT scheduling shutdown...
1620947:signal-handler (1704574218) You insist... exiting now.
1621862:C 06 Jan 2024 21:50:19.548 # WARNING Memory overcommit must be enabled! Without it, a background save or replication may fail under low memory condition. Being disabled, it can also cause failures without low memory condition, see https://github.com/jemalloc/jemalloc/issues/1328. To fix this issue add 'vm.overcommit_memory = 1' to /etc/sysctl.conf and then reboot or run the command 'sysctl vm.overcommit_memory=1' for this to take effect.
1621862:C 06 Jan 2024 21:50:19.548 * oO0OoO0OoO0Oo Redis is starting oO0OoO0OoO0Oo
1621862:C 06 Jan 2024 21:50:19.548 * Redis version=255.255.255, bits=64, commit=e04ebdb8, modified=1, pid=1621862, just started
1621862:C 06 Jan 2024 21:50:19.548 * Configuration loaded
1621862:M 06 Jan 2024 21:50:19.549 * monotonic clock: POSIX clock_gettime
1621862:M 06 Jan 2024 21:50:19.549 * Running mode=standalone, port=5013.
1621862:M 06 Jan 2024 21:50:19.556 * <raft> RedisRaft version 255.255.255 [b779b199]
1621862:M 06 Jan 2024 21:50:19.560 * <raft> Initializing test network
1621862:M 06 Jan 2024 21:50:19.561 * <raft> Created test network client
1621862:M 06 Jan 2024 21:50:19.563 * <raft> Raft module loaded, state is 'loading'
1621862:M 06 Jan 2024 21:50:19.563 * Module 'raft' loaded from /home/snagendra/Fuzzing/redisraft-fuzzing/redisraft.so
1621862:M 06 Jan 2024 21:50:19.564 * Server initialized
1621862:M 06 Jan 2024 21:50:19.564 . The AOF directory appendonlydir doesn't exist
1621862:M 06 Jan 2024 21:50:19.564 * Ready to accept connections tcp
1621862:M 06 Jan 2024 21:50:19.564 . 0 clients connected (0 replicas), 1746848 bytes in use
1621862:M 06 Jan 2024 21:50:19.664 * <raft> Loading: Redis loading complete, snapshot NOT LOADED
1621862:M 06 Jan 2024 21:50:19.665 * <raft> Cluster Membership: term:0 index:0 nodes: id=3,voting=0,active=1,addr=-
1621862:M 06 Jan 2024 21:50:19.665 * <raft> Test network starting message polling thread


=== REDIS BUG REPORT START: Cut & paste starting from here ===
1621862:M 06 Jan 2024 21:50:19.665 # Redis 255.255.255 crashed by signal: 6, si_code: -6
1621862:M 06 Jan 2024 21:50:19.665 # Crashed running the instruction at: 0x7f0580bd2d3c

------ STACK TRACE ------
EIP:
/lib/x86_64-linux-gnu/libc.so.6(+0x8ad3c)[0x7f0580bd2d3c]

Backtrace:
/lib/x86_64-linux-gnu/libc.so.6(+0x3bfd0)[0x7f0580b83fd0]
/lib/x86_64-linux-gnu/libc.so.6(+0x8ad3c)[0x7f0580bd2d3c]
/lib/x86_64-linux-gnu/libc.so.6(gsignal+0x12)[0x7f0580b83f32]
/lib/x86_64-linux-gnu/libc.so.6(abort+0xd3)[0x7f0580b6e472]
/lib/x86_64-linux-gnu/libc.so.6(+0x26395)[0x7f0580b6e395]
/lib/x86_64-linux-gnu/libc.so.6(+0x34e32)[0x7f0580b7ce32]
/home/snagendra/Fuzzing/redisraft-fuzzing/redisraft.so(+0x3caea)[0x7f0580af7aea]
/home/snagendra/Fuzzing/redisraft-fuzzing/redisraft.so(callRaftPeriodic+0x478)[0x7f0580ae8088]
/home/snagendra/Fuzzing/redis/src/redis-server 0.0.0.0:5013(moduleTimerHandler+0x21c)[0x55e635cb098c]
/home/snagendra/Fuzzing/redis/src/redis-server 0.0.0.0:5013(+0x81705)[0x55e635bba705]
/home/snagendra/Fuzzing/redis/src/redis-server 0.0.0.0:5013(aeMain+0x1c8)[0x55e635bc4cb8]
/home/snagendra/Fuzzing/redis/src/redis-server 0.0.0.0:5013(main+0x3cd)[0x55e635bb9e2d]
/lib/x86_64-linux-gnu/libc.so.6(+0x271ca)[0x7f0580b6f1ca]
/lib/x86_64-linux-gnu/libc.so.6(__libc_start_main+0x85)[0x7f0580b6f285]
/home/snagendra/Fuzzing/redis/src/redis-server 0.0.0.0:5013(_start+0x2a)[0x55e635bba5aa]

------ REGISTERS ------
1621862:M 06 Jan 2024 21:50:19.666 # 
RAX:0000000000000000 RBX:000000000018bf66
RCX:00007f0580bd2d3c RDX:0000000000000006
RDI:000000000018bf66 RSI:000000000018bf66
RBP:00007f0580b441c0 RSP:00007ffd88ab2fb0
R8 :0000000000000007 R9 :000055e6375bd820
R10:0000000000000008 R11:0000000000000246
R12:0000000000000006 R13:00000000000006a6
R14:00007f0580b2405c R15:000055e635caf2b0
RIP:00007f0580bd2d3c EFL:0000000000000246
CSGSFS:002b000000000033
1621862:M 06 Jan 2024 21:50:19.666 # (00007ffd88ab2fbf) -> 000055e6375bd8d0
1621862:M 06 Jan 2024 21:50:19.666 # (00007ffd88ab2fbe) -> 00007f0580d1ac60
1621862:M 06 Jan 2024 21:50:19.666 # (00007ffd88ab2fbd) -> 00000000000002b1
1621862:M 06 Jan 2024 21:50:19.666 # (00007ffd88ab2fbc) -> 000055e6375bd820
1621862:M 06 Jan 2024 21:50:19.666 # (00007ffd88ab2fbb) -> 00000000000006a6
1621862:M 06 Jan 2024 21:50:19.666 # (00007ffd88ab2fba) -> 0000000000000020
1621862:M 06 Jan 2024 21:50:19.666 # (00007ffd88ab2fb9) -> 00007f0580b6e472
1621862:M 06 Jan 2024 21:50:19.666 # (00007ffd88ab2fb8) -> 00007f0580d1be70
1621862:M 06 Jan 2024 21:50:19.666 # (00007ffd88ab2fb7) -> 00007f0580b83f32
1621862:M 06 Jan 2024 21:50:19.666 # (00007ffd88ab2fb6) -> 00007f0580b2405c
1621862:M 06 Jan 2024 21:50:19.666 # (00007ffd88ab2fb5) -> 00000000000006a6
1621862:M 06 Jan 2024 21:50:19.666 # (00007ffd88ab2fb4) -> 00007f0580b23720
1621862:M 06 Jan 2024 21:50:19.666 # (00007ffd88ab2fb3) -> 00007f0580b441c0
1621862:M 06 Jan 2024 21:50:19.666 # (00007ffd88ab2fb2) -> 0000000000000006
1621862:M 06 Jan 2024 21:50:19.666 # (00007ffd88ab2fb1) -> e3ed0f15f9119e00
1621862:M 06 Jan 2024 21:50:19.666 # (00007ffd88ab2fb0) -> 000055e635caf2b0

------ INFO OUTPUT ------
# Server
redis_version:255.255.255
redis_git_sha1:e04ebdb8
redis_git_dirty:1
redis_build_id:1f78dcc7b4fbdd25
redis_mode:standalone
os:Linux 6.1.60.1.amd64-smp x86_64
arch_bits:64
monotonic_clock:POSIX clock_gettime
multiplexing_api:epoll
atomicvar_api:c11-builtin
gcc_version:10.2.1
process_id:1621862
process_supervised:no
run_id:b332a6e72d7c8f419959f0044bbf4caa768be290
tcp_port:5013
server_time_usec:1704574219664599
uptime_in_seconds:0
uptime_in_days:0
hz:10
configured_hz:10
lru_clock:10075403
executable:/home/snagendra/Fuzzing/redis/src/redis-server
config_file:
io_threads_active:0
listener0:name=tcp,bind=0.0.0.0,port=5013

# Clients
connected_clients:0
cluster_connections:0
maxclients:10000
client_recent_max_input_buffer:0
client_recent_max_output_buffer:0
blocked_clients:0
tracking_clients:0
clients_in_timeout_table:0
total_blocking_keys:0
total_blocking_keys_on_nokey:0

# Memory
used_memory:1754064
used_memory_human:1.67M
used_memory_rss:17870848
used_memory_rss_human:17.04M
used_memory_peak:1754064
used_memory_peak_human:1.67M
used_memory_peak_perc:100.41%
used_memory_overhead:1746888
used_memory_startup:1746704
used_memory_dataset:7176
used_memory_dataset_perc:97.50%
allocator_allocated:2024168
allocator_active:2564096
allocator_resident:12898304
total_system_memory:270388695040
total_system_memory_human:251.82G
used_memory_lua:31744
used_memory_vm_eval:31744
used_memory_lua_human:31.00K
used_memory_scripts_eval:0
number_of_cached_scripts:0
number_of_functions:0
number_of_libraries:0
used_memory_vm_functions:32768
used_memory_vm_total:64512
used_memory_vm_total_human:63.00K
used_memory_functions:184
used_memory_scripts:184
used_memory_scripts_human:184B
maxmemory:0
maxmemory_human:0B
maxmemory_policy:noeviction
allocator_frag_ratio:1.27
allocator_frag_bytes:539928
allocator_rss_ratio:5.03
allocator_rss_bytes:10334208
rss_overhead_ratio:1.39
rss_overhead_bytes:4972544
mem_fragmentation_ratio:10.23
mem_fragmentation_bytes:16124000
mem_not_counted_for_evict:0
mem_replication_backlog:0
mem_total_replication_buffers:0
mem_clients_slaves:0
mem_clients_normal:0
mem_cluster_links:0
mem_aof_buffer:0
mem_allocator:jemalloc-5.3.0
active_defrag_running:0
lazyfree_pending_objects:0
lazyfreed_objects:0

# Persistence
loading:0
async_loading:0
current_cow_peak:0
current_cow_size:0
current_cow_size_age:0
current_fork_perc:0.00
current_save_keys_processed:0
current_save_keys_total:0
rdb_changes_since_last_save:0
rdb_bgsave_in_progress:0
rdb_last_save_time:1704574219
rdb_last_bgsave_status:ok
rdb_last_bgsave_time_sec:-1
rdb_current_bgsave_time_sec:-1
rdb_saves:0
rdb_last_cow_size:0
rdb_last_load_keys_expired:0
rdb_last_load_keys_loaded:0
aof_enabled:0
aof_rewrite_in_progress:0
aof_rewrite_scheduled:0
aof_last_rewrite_time_sec:-1
aof_current_rewrite_time_sec:-1
aof_last_bgrewrite_status:ok
aof_rewrites:0
aof_rewrites_consecutive_failures:0
aof_last_write_status:ok
aof_last_cow_size:0
module_fork_in_progress:0
module_fork_last_cow_size:0

# Stats
total_connections_received:0
total_commands_processed:6
instantaneous_ops_per_sec:25
total_net_input_bytes:0
total_net_output_bytes:0
total_net_repl_input_bytes:0
total_net_repl_output_bytes:0
instantaneous_input_kbps:0.00
instantaneous_output_kbps:0.00
instantaneous_input_repl_kbps:0.00
instantaneous_output_repl_kbps:0.00
rejected_connections:0
sync_full:0
sync_partial_ok:0
sync_partial_err:0
expired_keys:0
expired_stale_perc:0.00
expired_time_cap_reached_count:0
expire_cycle_cpu_milliseconds:0
evicted_keys:0
evicted_clients:0
total_eviction_exceeded_time:0
current_eviction_exceeded_time:0
keyspace_hits:0
keyspace_misses:0
pubsub_channels:0
pubsub_patterns:0
pubsubshard_channels:0
latest_fork_usec:0
total_forks:0
migrate_cached_sockets:0
slave_expires_tracked_keys:0
active_defrag_hits:0
active_defrag_misses:0
active_defrag_key_hits:0
active_defrag_key_misses:0
total_active_defrag_time:0
current_active_defrag_time:0
tracking_total_keys:0
tracking_total_items:0
tracking_total_prefixes:0
unexpected_error_replies:0
total_error_replies:0
dump_payload_sanitizations:0
total_reads_processed:0
total_writes_processed:0
io_threaded_reads_processed:0
io_threaded_writes_processed:0
reply_buffer_shrinks:0
reply_buffer_expands:0
acl_access_denied_auth:0
acl_access_denied_cmd:0
acl_access_denied_key:0
acl_access_denied_channel:0

# Replication
role:master
connected_slaves:0
master_failover_state:no-failover
master_replid:7c3760f63c715d2097449558a4f70f4c8e2e0175
master_replid2:0000000000000000000000000000000000000000
master_repl_offset:0
second_repl_offset:-1
repl_backlog_active:0
repl_backlog_size:1048576
repl_backlog_first_byte_offset:0
repl_backlog_histlen:0

# CPU
used_cpu_sys:0.011911
used_cpu_user:0.005121
used_cpu_sys_children:0.000000
used_cpu_user_children:0.000000
used_cpu_sys_main_thread:0.012502
used_cpu_user_main_thread:0.004167

# Modules
module:name=raft,ver=1,api=1,filters=1,usedby=[],using=[],options=[]

# Commandstats
cmdstat_command:calls=2,usec=1416,usec_per_call=708.00,rejected_calls=0,failed_calls=0
cmdstat_config|set:calls=1,usec=6,usec_per_call=6.00,rejected_calls=0,failed_calls=0
cmdstat_config|get:calls=3,usec=3,usec_per_call=1.00,rejected_calls=0,failed_calls=0

# Errorstats

# Latencystats
latency_percentiles_usec_command:p50=679.935,p99=741.375,p99.9=741.375
latency_percentiles_usec_config|set:p50=6.015,p99=6.015,p99.9=6.015
latency_percentiles_usec_config|get:p50=1.003,p99=2.007,p99.9=2.007

# Cluster
cluster_enabled:0

# Keyspace

------ CLIENT LIST OUTPUT ------

------ MODULES INFO OUTPUT ------
# raft_version
raft_version:255.255.255
raft_git_sha1:b779b199

# raft_general
raft_dbid:a4a2df42d1cc0969ff80df4e822ef194
raft_node_id:3
raft_state:up
raft_role:follower
raft_is_voting:no
raft_voted_for:-1
raft_leader_id:-1
raft_current_term:0
raft_num_nodes:1
raft_num_voting_nodes:0

# raft_log
raft_log_entries:0
raft_current_index:0
raft_commit_index:0
raft_last_applied_index:0
raft_file_size:101
raft_cache_memory_size:0
raft_cache_entries:0
raft_client_attached_entries:0
raft_fsync_count:0
raft_fsync_max_microseconds:0
raft_fsync_avg_microseconds:0

# raft_snapshot
raft_snapshot_filename:redis3.rdb
raft_snapshot_last_idx:0
raft_snapshot_last_term:0
raft_snapshot_size:0
raft_snapshot_time_secs:-1
raft_snapshots_created:0
raft_snapshots_received:0
raft_snapshot_in_progress:no
raft_snapshot_in_progress_last_idx:-1
raft_snapshot_in_progress_last_term:-1

# raft_clients
raft_proxy_reqs:0
raft_proxy_failed_reqs:0
raft_proxy_failed_responses:0
raft_proxy_outstanding_reqs:0

# raft_stats
raft_appendreq_received:0
raft_appendreq_with_entry_received:0
raft_snapshotreq_received:0
raft_exec_throttled:0
raft_num_sessions:0

------ CONFIG DEBUG OUTPUT ------
list-compress-depth 0
io-threads-do-reads no
lazyfree-lazy-server-del no
proto-max-bulk-len 512mb
lazyfree-lazy-user-del no
activedefrag no
sanitize-dump-payload no
lazyfree-lazy-eviction no
io-threads 1
client-query-buffer-limit 1gb
repl-diskless-load disabled
repl-diskless-sync yes
lazyfree-lazy-expire no
slave-read-only yes
lazyfree-lazy-user-flush no
replica-read-only yes

------ FAST MEMORY TEST ------
1621862:M 06 Jan 2024 21:50:19.666 # Bio worker thread #0 terminated
1621862:M 06 Jan 2024 21:50:19.666 # Bio worker thread #1 terminated
1621862:M 06 Jan 2024 21:50:19.666 # Bio worker thread #2 terminated
*** Preparing to test memory region 55e635e90000 (2273280 bytes)
*** Preparing to test memory region 55e637568000 (405504 bytes)
*** Preparing to test memory region 7f0573ff9000 (8388608 bytes)
*** Preparing to test memory region 7f05747fa000 (8388608 bytes)
*** Preparing to test memory region 7f0574ffb000 (8388608 bytes)
*** Preparing to test memory region 7f05757fc000 (8388608 bytes)
*** Preparing to test memory region 7f0575ffd000 (8388608 bytes)
*** Preparing to test memory region 7f05767fe000 (8388608 bytes)
*** Preparing to test memory region 7f0576fff000 (8388608 bytes)
*** Preparing to test memory region 7f0577800000 (8388608 bytes)
*** Preparing to test memory region 7f0578000000 (135168 bytes)
*** Preparing to test memory region 7f057c1fd000 (8388608 bytes)
*** Preparing to test memory region 7f057c9fe000 (8388608 bytes)
*** Preparing to test memory region 7f057d1ff000 (8388608 bytes)
*** Preparing to test memory region 7f057da00000 (8388608 bytes)
*** Preparing to test memory region 7f057e200000 (6291456 bytes)
*** Preparing to test memory region 7f057e8a6000 (2621440 bytes)
*** Preparing to test memory region 7f057f07f000 (12288 bytes)
*** Preparing to test memory region 7f057f09f000 (8192 bytes)
*** Preparing to test memory region 7f057f5fe000 (8192 bytes)
*** Preparing to test memory region 7f057f818000 (16384 bytes)
*** Preparing to test memory region 7f0580200000 (8388608 bytes)
*** Preparing to test memory region 7f0580a93000 (4096 bytes)
*** Preparing to test memory region 7f0580ab8000 (12288 bytes)
*** Preparing to test memory region 7f0580b3d000 (45056 bytes)
*** Preparing to test memory region 7f0580d1c000 (53248 bytes)
*** Preparing to test memory region 7f0580e39000 (8192 bytes)
.O.O.O.O.O.O.O.O.O.O.O.O.O.O.O.O.O.O.O.O.O.O.O.O.O.O.O
Fast memory test PASSED, however your memory can still be broken. Please run a memory test for several hours if possible.

------ DUMPING CODE AROUND EIP ------
Symbol: (null) (base: (nil))
Module: /lib/x86_64-linux-gnu/libc.so.6 (base 0x7f0580b48000)
$ xxd -r -p /tmp/dump.hex /tmp/dump.bin
$ objdump --adjust-vma=(nil) -D -b binary -m i386:x86-64 /tmp/dump.bin
------

=== REDIS BUG REPORT END. Make sure to include from START to END. ===

       Please report the crash by opening an issue on github:

           http://github.com/redis/redis/issues

  If a Redis module was involved, please open in the module's repo instead.

  Suspect RAM error? Use redis-server --test-memory to verify it.

  Some other issues could be detected by redis-server --check-system

----- Stderr -----
libgcov profiling error:/home/snagendra/Fuzzing/redisraft-fuzzing/build/deps/raft/CMakeFiles/raft.dir/src/raft_server_properties.c.gcda:Merge mismatch for function 7
libgcov profiling error:/home/snagendra/Fuzzing/redisraft-fuzzing/build/deps/raft/CMakeFiles/raft.dir/src/raft_server.c.gcda:Merge mismatch for function 43
redis-server: /home/snagendra/Fuzzing/redisraft-fuzzing/deps/raft/src/raft_server.c:1702: raft_get_first_entry_idx: Assertion `0 < raft_get_current_idx(me)' failed.



