logs for node: 1

----- Stdout -----
2930445:C 06 Jan 2024 19:58:45.763 # WARNING Memory overcommit must be enabled! Without it, a background save or replication may fail under low memory condition. Being disabled, it can also cause failures without low memory condition, see https://github.com/jemalloc/jemalloc/issues/1328. To fix this issue add 'vm.overcommit_memory = 1' to /etc/sysctl.conf and then reboot or run the command 'sysctl vm.overcommit_memory=1' for this to take effect.
2930445:C 06 Jan 2024 19:58:45.763 * oO0OoO0OoO0Oo Redis is starting oO0OoO0OoO0Oo
2930445:C 06 Jan 2024 19:58:45.763 * Redis version=255.255.255, bits=64, commit=e04ebdb8, modified=1, pid=2930445, just started
2930445:C 06 Jan 2024 19:58:45.763 * Configuration loaded
2930445:M 06 Jan 2024 19:58:45.764 * monotonic clock: POSIX clock_gettime
2930445:M 06 Jan 2024 19:58:45.764 * Running mode=standalone, port=5091.
2930445:M 06 Jan 2024 19:58:45.770 * <raft> RedisRaft version 255.255.255 [b779b199]
2930445:M 06 Jan 2024 19:58:45.775 * <raft> Initializing test network
2930445:M 06 Jan 2024 19:58:45.776 * <raft> Created test network client
2930445:M 06 Jan 2024 19:58:45.776 * <raft> Raft module loaded, state is 'uninitialized'
2930445:M 06 Jan 2024 19:58:45.776 * Module 'raft' loaded from /home/snagendra/Fuzzing/redisraft-fuzzing/redisraft.so
2930445:M 06 Jan 2024 19:58:45.777 * Server initialized
2930445:M 06 Jan 2024 19:58:45.777 . The AOF directory appendonlydir doesn't exist
2930445:M 06 Jan 2024 19:58:45.778 * Ready to accept connections tcp
2930445:M 06 Jan 2024 19:58:45.778 . 0 clients connected (0 replicas), 1726192 bytes in use
2930445:M 06 Jan 2024 19:58:45.781 - Accepted 127.0.0.1:35290
2930445:M 06 Jan 2024 19:58:45.781 # Missing implement of connection type tls
2930445:M 06 Jan 2024 19:58:45.788 * <raft> Cluster Membership: term:0 index:0 nodes: id=1,voting=0,active=1,addr=-
2930445:M 06 Jan 2024 19:58:45.793 * <raft> State change: Node is now a leader, term 1
2930445:M 06 Jan 2024 19:58:45.793 * <raft> Cluster Membership: term:1 index:1 nodes: id=1,voting=0,active=1,addr=-
2930445:M 06 Jan 2024 19:58:45.794 * <raft> Test network starting message polling thread
2930445:M 06 Jan 2024 19:58:45.794 * <raft> Raft Cluster initialized, node id: 1, dbid: 54fd951e0b781a1b4e62dd5bc275ef09
2930445:M 06 Jan 2024 19:58:45.911 - Accepted 127.0.0.1:35300
2930445:M 06 Jan 2024 19:58:45.912 * <raft> Cluster Membership: term:1 index:3 nodes: id=1,voting=1,active=1,addr=- id=2,voting=0,active=1,addr=localhost:5092
2930445:M 06 Jan 2024 19:58:45.919 - Client closed connection id=9 addr=127.0.0.1:35300 laddr=127.0.0.1:5091 fd=12 name= age=0 idle=0 flags=N db=0 sub=0 psub=0 ssub=0 multi=-1 qbuf=0 qbuf-free=20474 argv-mem=0 multi-mem=0 rbs=16384 rbp=16384 obl=0 oll=0 omem=0 tot-mem=37760 events=r cmd=raft.node user=default redir=-1 resp=2 lib-name= lib-ver=
2930445:M 06 Jan 2024 19:58:46.037 - Accepted 127.0.0.1:35304
2930445:M 06 Jan 2024 19:58:46.038 * <raft> Cluster Membership: term:1 index:4 nodes: id=1,voting=1,active=1,addr=- id=2,voting=0,active=1,addr=localhost:5092 id=3,voting=0,active=1,addr=localhost:5093
2930445:M 06 Jan 2024 19:58:46.060 - Client closed connection id=10 addr=127.0.0.1:35304 laddr=127.0.0.1:5091 fd=13 name= age=0 idle=0 flags=N db=0 sub=0 psub=0 ssub=0 multi=-1 qbuf=0 qbuf-free=20474 argv-mem=0 multi-mem=0 rbs=16384 rbp=16384 obl=0 oll=0 omem=0 tot-mem=37760 events=r cmd=raft.node user=default redir=-1 resp=2 lib-name= lib-ver=
2930445:signal-handler (1704567526) Received SIGINT scheduling shutdown...
2930445:signal-handler (1704567526) You insist... exiting now.
2931885:C 06 Jan 2024 19:58:48.820 # WARNING Memory overcommit must be enabled! Without it, a background save or replication may fail under low memory condition. Being disabled, it can also cause failures without low memory condition, see https://github.com/jemalloc/jemalloc/issues/1328. To fix this issue add 'vm.overcommit_memory = 1' to /etc/sysctl.conf and then reboot or run the command 'sysctl vm.overcommit_memory=1' for this to take effect.
2931885:C 06 Jan 2024 19:58:48.820 * oO0OoO0OoO0Oo Redis is starting oO0OoO0OoO0Oo
2931885:C 06 Jan 2024 19:58:48.820 * Redis version=255.255.255, bits=64, commit=e04ebdb8, modified=1, pid=2931885, just started
2931885:C 06 Jan 2024 19:58:48.820 * Configuration loaded
2931885:M 06 Jan 2024 19:58:48.820 * monotonic clock: POSIX clock_gettime
2931885:M 06 Jan 2024 19:58:48.821 * Running mode=standalone, port=5091.
2931885:M 06 Jan 2024 19:58:48.827 * <raft> RedisRaft version 255.255.255 [b779b199]
2931885:M 06 Jan 2024 19:58:48.831 * <raft> Initializing test network
2931885:M 06 Jan 2024 19:58:48.832 * <raft> Created test network client
2931885:M 06 Jan 2024 19:58:48.835 * <raft> Raft module loaded, state is 'loading'
2931885:M 06 Jan 2024 19:58:48.835 * Module 'raft' loaded from /home/snagendra/Fuzzing/redisraft-fuzzing/redisraft.so
2931885:M 06 Jan 2024 19:58:48.835 * Server initialized
2931885:M 06 Jan 2024 19:58:48.835 . The AOF directory appendonlydir doesn't exist
2931885:M 06 Jan 2024 19:58:48.835 * Ready to accept connections tcp
2931885:M 06 Jan 2024 19:58:48.836 . 0 clients connected (0 replicas), 1746656 bytes in use
2931885:M 06 Jan 2024 19:58:48.936 * <raft> Loading: Redis loading complete, snapshot NOT LOADED
2931885:M 06 Jan 2024 19:58:48.936 * <raft> Cluster Membership: term:0 index:0 nodes: id=1,voting=0,active=1,addr=-
2931885:M 06 Jan 2024 19:58:48.936 * <raft> Test network starting message polling thread
2931885:M 06 Jan 2024 19:58:48.937 * <raft> Cluster Membership: term:0 index:5 nodes: id=1,voting=1,active=1,addr=- id=2,voting=0,active=1,addr=localhost:5092
2931885:M 06 Jan 2024 19:58:48.937 * <raft> Cluster Membership: term:0 index:5 nodes: id=1,voting=1,active=1,addr=- id=2,voting=0,active=1,addr=localhost:5092 id=3,voting=0,active=1,addr=localhost:5093
2931885:M 06 Jan 2024 19:58:48.937 * <raft> Raft state after loading log: log_count=5, first_idx=1, current_idx=5, last_applied_idx=0
2931885:M 06 Jan 2024 19:58:48.937 . <raft> Raft term=1, vote=-1
2931885:M 06 Jan 2024 19:58:48.943 * <raft> State change: Node is now a leader, term 2
2931885:M 06 Jan 2024 19:58:48.943 * <raft> Cluster Membership: term:2 index:6 nodes: id=1,voting=1,active=1,addr=- id=2,voting=0,active=1,addr=localhost:5092 id=3,voting=0,active=1,addr=localhost:5093
2931885:signal-handler (1704567529) Received SIGINT scheduling shutdown...
2931885:signal-handler (1704567529) You insist... exiting now.

----- Stderr -----
libgcov profiling error:/home/snagendra/Fuzzing/redisraft-fuzzing/build/deps/raft/CMakeFiles/raft.dir/src/raft_server_properties.c.gcda:Merge mismatch for function 7
libgcov profiling error:/home/snagendra/Fuzzing/redisraft-fuzzing/build/deps/raft/CMakeFiles/raft.dir/src/raft_server_properties.c.gcda:Merge mismatch for function 7




logs for node: 2

----- Stdout -----
2930477:C 06 Jan 2024 19:58:45.796 # WARNING Memory overcommit must be enabled! Without it, a background save or replication may fail under low memory condition. Being disabled, it can also cause failures without low memory condition, see https://github.com/jemalloc/jemalloc/issues/1328. To fix this issue add 'vm.overcommit_memory = 1' to /etc/sysctl.conf and then reboot or run the command 'sysctl vm.overcommit_memory=1' for this to take effect.
2930477:C 06 Jan 2024 19:58:45.796 * oO0OoO0OoO0Oo Redis is starting oO0OoO0OoO0Oo
2930477:C 06 Jan 2024 19:58:45.796 * Redis version=255.255.255, bits=64, commit=e04ebdb8, modified=1, pid=2930477, just started
2930477:C 06 Jan 2024 19:58:45.796 * Configuration loaded
2930477:M 06 Jan 2024 19:58:45.797 * monotonic clock: POSIX clock_gettime
2930477:M 06 Jan 2024 19:58:45.797 * Running mode=standalone, port=5092.
2930477:M 06 Jan 2024 19:58:45.804 * <raft> RedisRaft version 255.255.255 [b779b199]
2930477:M 06 Jan 2024 19:58:45.808 * <raft> Initializing test network
2930477:M 06 Jan 2024 19:58:45.809 * <raft> Created test network client
2930477:M 06 Jan 2024 19:58:45.810 * <raft> Raft module loaded, state is 'uninitialized'
2930477:M 06 Jan 2024 19:58:45.810 * Module 'raft' loaded from /home/snagendra/Fuzzing/redisraft-fuzzing/redisraft.so
2930477:M 06 Jan 2024 19:58:45.810 * Server initialized
2930477:M 06 Jan 2024 19:58:45.811 . The AOF directory appendonlydir doesn't exist
2930477:M 06 Jan 2024 19:58:45.811 * Ready to accept connections tcp
2930477:M 06 Jan 2024 19:58:45.811 . 0 clients connected (0 replicas), 1726352 bytes in use
2930477:M 06 Jan 2024 19:58:45.816 - Accepted 127.0.0.1:57852
2930477:M 06 Jan 2024 19:58:45.816 # Missing implement of connection type tls
2930477:M 06 Jan 2024 19:58:45.910 - <raft> join cluster, connecting to localhost:5091
2930477:M 06 Jan 2024 19:58:45.912 * <raft> Joined Raft cluster, node id: 2, dbid: 54fd951e0b781a1b4e62dd5bc275ef09
2930477:M 06 Jan 2024 19:58:45.919 * <raft> Cluster Membership: term:0 index:0 nodes: id=2,voting=0,active=1,addr=-
2930477:M 06 Jan 2024 19:58:45.919 * <raft> Test network starting message polling thread
2930477:M 06 Jan 2024 19:58:45.978 - Accepted 127.0.0.1:57864
2930477:signal-handler (1704567526) Received SIGINT scheduling shutdown...
2930477:signal-handler (1704567526) You insist... exiting now.
2931340:C 06 Jan 2024 19:58:47.331 # WARNING Memory overcommit must be enabled! Without it, a background save or replication may fail under low memory condition. Being disabled, it can also cause failures without low memory condition, see https://github.com/jemalloc/jemalloc/issues/1328. To fix this issue add 'vm.overcommit_memory = 1' to /etc/sysctl.conf and then reboot or run the command 'sysctl vm.overcommit_memory=1' for this to take effect.
2931340:C 06 Jan 2024 19:58:47.331 * oO0OoO0OoO0Oo Redis is starting oO0OoO0OoO0Oo
2931340:C 06 Jan 2024 19:58:47.331 * Redis version=255.255.255, bits=64, commit=e04ebdb8, modified=1, pid=2931340, just started
2931340:C 06 Jan 2024 19:58:47.331 * Configuration loaded
2931340:M 06 Jan 2024 19:58:47.331 * monotonic clock: POSIX clock_gettime
2931340:M 06 Jan 2024 19:58:47.332 * Running mode=standalone, port=5092.
2931340:M 06 Jan 2024 19:58:47.338 * <raft> RedisRaft version 255.255.255 [b779b199]
2931340:M 06 Jan 2024 19:58:47.342 * <raft> Initializing test network
2931340:M 06 Jan 2024 19:58:47.343 * <raft> Created test network client
2931340:M 06 Jan 2024 19:58:47.346 * <raft> Raft module loaded, state is 'loading'
2931340:M 06 Jan 2024 19:58:47.346 * Module 'raft' loaded from /home/snagendra/Fuzzing/redisraft-fuzzing/redisraft.so
2931340:M 06 Jan 2024 19:58:47.346 * Server initialized
2931340:M 06 Jan 2024 19:58:47.346 . The AOF directory appendonlydir doesn't exist
2931340:M 06 Jan 2024 19:58:47.346 * Ready to accept connections tcp
2931340:M 06 Jan 2024 19:58:47.347 . 0 clients connected (0 replicas), 1746624 bytes in use
2931340:signal-handler (1704567527) Received SIGINT scheduling shutdown...
2931340:signal-handler (1704567527) You insist... exiting now.
2931463:C 06 Jan 2024 19:58:47.586 # WARNING Memory overcommit must be enabled! Without it, a background save or replication may fail under low memory condition. Being disabled, it can also cause failures without low memory condition, see https://github.com/jemalloc/jemalloc/issues/1328. To fix this issue add 'vm.overcommit_memory = 1' to /etc/sysctl.conf and then reboot or run the command 'sysctl vm.overcommit_memory=1' for this to take effect.
2931463:C 06 Jan 2024 19:58:47.586 * oO0OoO0OoO0Oo Redis is starting oO0OoO0OoO0Oo
2931463:C 06 Jan 2024 19:58:47.586 * Redis version=255.255.255, bits=64, commit=e04ebdb8, modified=1, pid=2931463, just started
2931463:C 06 Jan 2024 19:58:47.586 * Configuration loaded
2931463:M 06 Jan 2024 19:58:47.586 * monotonic clock: POSIX clock_gettime
2931463:M 06 Jan 2024 19:58:47.586 * Running mode=standalone, port=5092.
2931463:M 06 Jan 2024 19:58:47.592 * <raft> RedisRaft version 255.255.255 [b779b199]
2931463:M 06 Jan 2024 19:58:47.596 * <raft> Initializing test network
2931463:M 06 Jan 2024 19:58:47.597 * <raft> Created test network client
2931463:M 06 Jan 2024 19:58:47.600 * <raft> Raft module loaded, state is 'loading'
2931463:M 06 Jan 2024 19:58:47.601 * Module 'raft' loaded from /home/snagendra/Fuzzing/redisraft-fuzzing/redisraft.so
2931463:M 06 Jan 2024 19:58:47.601 * Server initialized
2931463:M 06 Jan 2024 19:58:47.601 . The AOF directory appendonlydir doesn't exist
2931463:M 06 Jan 2024 19:58:47.601 * Ready to accept connections tcp
2931463:M 06 Jan 2024 19:58:47.601 . 0 clients connected (0 replicas), 1746688 bytes in use
2931463:M 06 Jan 2024 19:58:47.701 * <raft> Loading: Redis loading complete, snapshot NOT LOADED
2931463:M 06 Jan 2024 19:58:47.702 * <raft> Cluster Membership: term:0 index:0 nodes: id=2,voting=0,active=1,addr=-
2931463:M 06 Jan 2024 19:58:47.702 * <raft> Test network starting message polling thread


=== REDIS BUG REPORT START: Cut & paste starting from here ===
2931463:M 06 Jan 2024 19:58:47.702 # Redis 255.255.255 crashed by signal: 6, si_code: -6
2931463:M 06 Jan 2024 19:58:47.702 # Crashed running the instruction at: 0x7fb6a22a8d3c

------ STACK TRACE ------
EIP:
/lib/x86_64-linux-gnu/libc.so.6(+0x8ad3c)[0x7fb6a22a8d3c]

Backtrace:
/lib/x86_64-linux-gnu/libc.so.6(+0x3bfd0)[0x7fb6a2259fd0]
/lib/x86_64-linux-gnu/libc.so.6(+0x8ad3c)[0x7fb6a22a8d3c]
/lib/x86_64-linux-gnu/libc.so.6(gsignal+0x12)[0x7fb6a2259f32]
/lib/x86_64-linux-gnu/libc.so.6(abort+0xd3)[0x7fb6a2244472]
/lib/x86_64-linux-gnu/libc.so.6(+0x26395)[0x7fb6a2244395]
/lib/x86_64-linux-gnu/libc.so.6(+0x34e32)[0x7fb6a2252e32]
/home/snagendra/Fuzzing/redisraft-fuzzing/redisraft.so(+0x3caea)[0x7fb6a11b4aea]
/home/snagendra/Fuzzing/redisraft-fuzzing/redisraft.so(callRaftPeriodic+0x478)[0x7fb6a11a5088]
/home/snagendra/Fuzzing/redis/src/redis-server 0.0.0.0:5092(moduleTimerHandler+0x21c)[0x559bb688a98c]
/home/snagendra/Fuzzing/redis/src/redis-server 0.0.0.0:5092(+0x81705)[0x559bb6794705]
/home/snagendra/Fuzzing/redis/src/redis-server 0.0.0.0:5092(aeMain+0x1c8)[0x559bb679ecb8]
/home/snagendra/Fuzzing/redis/src/redis-server 0.0.0.0:5092(main+0x3cd)[0x559bb6793e2d]
/lib/x86_64-linux-gnu/libc.so.6(+0x271ca)[0x7fb6a22451ca]
/lib/x86_64-linux-gnu/libc.so.6(__libc_start_main+0x85)[0x7fb6a2245285]
/home/snagendra/Fuzzing/redis/src/redis-server 0.0.0.0:5092(_start+0x2a)[0x559bb67945aa]

------ REGISTERS ------
2931463:M 06 Jan 2024 19:58:47.703 # 
RAX:0000000000000000 RBX:00000000002cbb07
RCX:00007fb6a22a8d3c RDX:0000000000000006
RDI:00000000002cbb07 RSI:00000000002cbb07
RBP:00007fb6a221a1c0 RSP:00007ffd29c2c120
R8 :0000000000000007 R9 :0000559bb816e820
R10:0000000000000008 R11:0000000000000246
R12:0000000000000006 R13:00000000000006a6
R14:00007fb6a11e105c R15:0000559bb68892b0
RIP:00007fb6a22a8d3c EFL:0000000000000246
CSGSFS:002b000000000033
2931463:M 06 Jan 2024 19:58:47.703 # (00007ffd29c2c12f) -> 0000559bb816e8d0
2931463:M 06 Jan 2024 19:58:47.703 # (00007ffd29c2c12e) -> 00007fb6a23f0c60
2931463:M 06 Jan 2024 19:58:47.703 # (00007ffd29c2c12d) -> 00000000000002b1
2931463:M 06 Jan 2024 19:58:47.703 # (00007ffd29c2c12c) -> 0000559bb816e820
2931463:M 06 Jan 2024 19:58:47.703 # (00007ffd29c2c12b) -> 00000000000006a6
2931463:M 06 Jan 2024 19:58:47.703 # (00007ffd29c2c12a) -> 0000000000000020
2931463:M 06 Jan 2024 19:58:47.703 # (00007ffd29c2c129) -> 00007fb6a2244472
2931463:M 06 Jan 2024 19:58:47.703 # (00007ffd29c2c128) -> 00007fb6a23f1e70
2931463:M 06 Jan 2024 19:58:47.703 # (00007ffd29c2c127) -> 00007fb6a2259f32
2931463:M 06 Jan 2024 19:58:47.703 # (00007ffd29c2c126) -> 00007fb6a11e105c
2931463:M 06 Jan 2024 19:58:47.703 # (00007ffd29c2c125) -> 00000000000006a6
2931463:M 06 Jan 2024 19:58:47.703 # (00007ffd29c2c124) -> 00007fb6a11e0720
2931463:M 06 Jan 2024 19:58:47.703 # (00007ffd29c2c123) -> 00007fb6a221a1c0
2931463:M 06 Jan 2024 19:58:47.703 # (00007ffd29c2c122) -> 0000000000000006
2931463:M 06 Jan 2024 19:58:47.703 # (00007ffd29c2c121) -> 7ab72d8b365f1f00
2931463:M 06 Jan 2024 19:58:47.703 # (00007ffd29c2c120) -> 0000559bb68892b0

------ INFO OUTPUT ------
# Server
redis_version:255.255.255
redis_git_sha1:e04ebdb8
redis_git_dirty:1
redis_build_id:1f78dcc7b4fbdd25
redis_mode:standalone
os:Linux 6.1.60.1.amd64-smp x86_64
arch_bits:64
monotonic_clock:POSIX clock_gettime
multiplexing_api:epoll
atomicvar_api:c11-builtin
gcc_version:10.2.1
process_id:2931463
process_supervised:no
run_id:8ae245869c99e7e8dfae75dbe6a3b1560edfae50
tcp_port:5092
server_time_usec:1704567527701774
uptime_in_seconds:0
uptime_in_days:0
hz:10
configured_hz:10
lru_clock:10068711
executable:/home/snagendra/Fuzzing/redis/src/redis-server
config_file:
io_threads_active:0
listener0:name=tcp,bind=0.0.0.0,port=5092

# Clients
connected_clients:0
cluster_connections:0
maxclients:10000
client_recent_max_input_buffer:0
client_recent_max_output_buffer:0
blocked_clients:0
tracking_clients:0
clients_in_timeout_table:0
total_blocking_keys:0
total_blocking_keys_on_nokey:0

# Memory
used_memory:1753904
used_memory_human:1.67M
used_memory_rss:17846272
used_memory_rss_human:17.02M
used_memory_peak:1753904
used_memory_peak_human:1.67M
used_memory_peak_perc:100.41%
used_memory_overhead:1746728
used_memory_startup:1746544
used_memory_dataset:7176
used_memory_dataset_perc:97.50%
allocator_allocated:2120312
allocator_active:2654208
allocator_resident:10883072
total_system_memory:270388695040
total_system_memory_human:251.82G
used_memory_lua:31744
used_memory_vm_eval:31744
used_memory_lua_human:31.00K
used_memory_scripts_eval:0
number_of_cached_scripts:0
number_of_functions:0
number_of_libraries:0
used_memory_vm_functions:32768
used_memory_vm_total:64512
used_memory_vm_total_human:63.00K
used_memory_functions:184
used_memory_scripts:184
used_memory_scripts_human:184B
maxmemory:0
maxmemory_human:0B
maxmemory_policy:noeviction
allocator_frag_ratio:1.25
allocator_frag_bytes:533896
allocator_rss_ratio:4.10
allocator_rss_bytes:8228864
rss_overhead_ratio:1.64
rss_overhead_bytes:6963200
mem_fragmentation_ratio:10.22
mem_fragmentation_bytes:16099584
mem_not_counted_for_evict:0
mem_replication_backlog:0
mem_total_replication_buffers:0
mem_clients_slaves:0
mem_clients_normal:0
mem_cluster_links:0
mem_aof_buffer:0
mem_allocator:jemalloc-5.3.0
active_defrag_running:0
lazyfree_pending_objects:0
lazyfreed_objects:0

# Persistence
loading:0
async_loading:0
current_cow_peak:0
current_cow_size:0
current_cow_size_age:0
current_fork_perc:0.00
current_save_keys_processed:0
current_save_keys_total:0
rdb_changes_since_last_save:0
rdb_bgsave_in_progress:0
rdb_last_save_time:1704567527
rdb_last_bgsave_status:ok
rdb_last_bgsave_time_sec:-1
rdb_current_bgsave_time_sec:-1
rdb_saves:0
rdb_last_cow_size:0
rdb_last_load_keys_expired:0
rdb_last_load_keys_loaded:0
aof_enabled:0
aof_rewrite_in_progress:0
aof_rewrite_scheduled:0
aof_last_rewrite_time_sec:-1
aof_current_rewrite_time_sec:-1
aof_last_bgrewrite_status:ok
aof_rewrites:0
aof_rewrites_consecutive_failures:0
aof_last_write_status:ok
aof_last_cow_size:0
module_fork_in_progress:0
module_fork_last_cow_size:0

# Stats
total_connections_received:0
total_commands_processed:6
instantaneous_ops_per_sec:25
total_net_input_bytes:0
total_net_output_bytes:0
total_net_repl_input_bytes:0
total_net_repl_output_bytes:0
instantaneous_input_kbps:0.00
instantaneous_output_kbps:0.00
instantaneous_input_repl_kbps:0.00
instantaneous_output_repl_kbps:0.00
rejected_connections:0
sync_full:0
sync_partial_ok:0
sync_partial_err:0
expired_keys:0
expired_stale_perc:0.00
expired_time_cap_reached_count:0
expire_cycle_cpu_milliseconds:0
evicted_keys:0
evicted_clients:0
total_eviction_exceeded_time:0
current_eviction_exceeded_time:0
keyspace_hits:0
keyspace_misses:0
pubsub_channels:0
pubsub_patterns:0
pubsubshard_channels:0
latest_fork_usec:0
total_forks:0
migrate_cached_sockets:0
slave_expires_tracked_keys:0
active_defrag_hits:0
active_defrag_misses:0
active_defrag_key_hits:0
active_defrag_key_misses:0
total_active_defrag_time:0
current_active_defrag_time:0
tracking_total_keys:0
tracking_total_items:0
tracking_total_prefixes:0
unexpected_error_replies:0
total_error_replies:0
dump_payload_sanitizations:0
total_reads_processed:0
total_writes_processed:0
io_threaded_reads_processed:0
io_threaded_writes_processed:0
reply_buffer_shrinks:0
reply_buffer_expands:0
acl_access_denied_auth:0
acl_access_denied_cmd:0
acl_access_denied_key:0
acl_access_denied_channel:0

# Replication
role:master
connected_slaves:0
master_failover_state:no-failover
master_replid:2a2221f63f9d454c4c1a04ab05a9e705c5d78755
master_replid2:0000000000000000000000000000000000000000
master_repl_offset:0
second_repl_offset:-1
repl_backlog_active:0
repl_backlog_size:1048576
repl_backlog_first_byte_offset:0
repl_backlog_histlen:0

# CPU
used_cpu_sys:0.006627
used_cpu_user:0.009940
used_cpu_sys_children:0.000000
used_cpu_user_children:0.000000
used_cpu_sys_main_thread:0.006440
used_cpu_user_main_thread:0.009660

# Modules
module:name=raft,ver=1,api=1,filters=1,usedby=[],using=[],options=[]

# Commandstats
cmdstat_config|get:calls=3,usec=4,usec_per_call=1.33,rejected_calls=0,failed_calls=0
cmdstat_config|set:calls=1,usec=9,usec_per_call=9.00,rejected_calls=0,failed_calls=0
cmdstat_command:calls=2,usec=1472,usec_per_call=736.00,rejected_calls=0,failed_calls=0

# Errorstats

# Latencystats
latency_percentiles_usec_config|get:p50=1.003,p99=2.007,p99.9=2.007
latency_percentiles_usec_config|set:p50=9.023,p99=9.023,p99.9=9.023
latency_percentiles_usec_command:p50=671.743,p99=802.815,p99.9=802.815

# Cluster
cluster_enabled:0

# Keyspace

------ CLIENT LIST OUTPUT ------

------ MODULES INFO OUTPUT ------
# raft_version
raft_version:255.255.255
raft_git_sha1:b779b199

# raft_general
raft_dbid:54fd951e0b781a1b4e62dd5bc275ef09
raft_node_id:2
raft_state:up
raft_role:follower
raft_is_voting:no
raft_voted_for:-1
raft_leader_id:-1
raft_current_term:0
raft_num_nodes:1
raft_num_voting_nodes:0

# raft_log
raft_log_entries:0
raft_current_index:0
raft_commit_index:0
raft_last_applied_index:0
raft_file_size:101
raft_cache_memory_size:0
raft_cache_entries:0
raft_client_attached_entries:0
raft_fsync_count:0
raft_fsync_max_microseconds:0
raft_fsync_avg_microseconds:0

# raft_snapshot
raft_snapshot_filename:redis2.rdb
raft_snapshot_last_idx:0
raft_snapshot_last_term:0
raft_snapshot_size:0
raft_snapshot_time_secs:-1
raft_snapshots_created:0
raft_snapshots_received:0
raft_snapshot_in_progress:no
raft_snapshot_in_progress_last_idx:-1
raft_snapshot_in_progress_last_term:-1

# raft_clients
raft_proxy_reqs:0
raft_proxy_failed_reqs:0
raft_proxy_failed_responses:0
raft_proxy_outstanding_reqs:0

# raft_stats
raft_appendreq_received:0
raft_appendreq_with_entry_received:0
raft_snapshotreq_received:0
raft_exec_throttled:0
raft_num_sessions:0

------ CONFIG DEBUG OUTPUT ------
replica-read-only yes
client-query-buffer-limit 1gb
lazyfree-lazy-server-del no
proto-max-bulk-len 512mb
activedefrag no
io-threads-do-reads no
repl-diskless-load disabled
lazyfree-lazy-user-del no
slave-read-only yes
lazyfree-lazy-expire no
sanitize-dump-payload no
lazyfree-lazy-eviction no
lazyfree-lazy-user-flush no
list-compress-depth 0
io-threads 1
repl-diskless-sync yes

------ FAST MEMORY TEST ------
2931463:M 06 Jan 2024 19:58:47.703 # Bio worker thread #0 terminated
2931463:M 06 Jan 2024 19:58:47.703 # Bio worker thread #1 terminated
2931463:M 06 Jan 2024 19:58:47.703 # Bio worker thread #2 terminated
*** Preparing to test memory region 559bb6a6a000 (2273280 bytes)
*** Preparing to test memory region 559bb8119000 (405504 bytes)
*** Preparing to test memory region 7fb694fff000 (8388608 bytes)
*** Preparing to test memory region 7fb695800000 (8388608 bytes)
*** Preparing to test memory region 7fb696000000 (6291456 bytes)
*** Preparing to test memory region 7fb6967fe000 (8388608 bytes)
*** Preparing to test memory region 7fb696fff000 (8388608 bytes)
*** Preparing to test memory region 7fb697800000 (8388608 bytes)
*** Preparing to test memory region 7fb698000000 (135168 bytes)
*** Preparing to test memory region 7fb69c76c000 (8388608 bytes)
*** Preparing to test memory region 7fb69cf6d000 (8388608 bytes)
*** Preparing to test memory region 7fb69d76e000 (8388608 bytes)
*** Preparing to test memory region 7fb69df6f000 (8388608 bytes)
*** Preparing to test memory region 7fb69e770000 (8388608 bytes)
*** Preparing to test memory region 7fb69ef71000 (8388608 bytes)
*** Preparing to test memory region 7fb69f772000 (8388608 bytes)
*** Preparing to test memory region 7fb69ff72000 (2621440 bytes)
*** Preparing to test memory region 7fb6a087f000 (12288 bytes)
*** Preparing to test memory region 7fb6a08a9000 (8192 bytes)
*** Preparing to test memory region 7fb6a0e18000 (16384 bytes)
*** Preparing to test memory region 7fb6a0f44000 (8192 bytes)
*** Preparing to test memory region 7fb6a11fa000 (24576 bytes)
*** Preparing to test memory region 7fb6a1a00000 (8388608 bytes)
*** Preparing to test memory region 7fb6a2200000 (12288 bytes)
*** Preparing to test memory region 7fb6a2218000 (24576 bytes)
*** Preparing to test memory region 7fb6a23f2000 (53248 bytes)
*** Preparing to test memory region 7fb6a250f000 (8192 bytes)
.O.O.O.O.O.O.O.O.O.O.O.2931463:signal-handler (1704567527) Received SIGINT scheduling shutdown...
2931463:signal-handler (1704567527) You insist... exiting now.
2931648:C 06 Jan 2024 19:58:48.243 # WARNING Memory overcommit must be enabled! Without it, a background save or replication may fail under low memory condition. Being disabled, it can also cause failures without low memory condition, see https://github.com/jemalloc/jemalloc/issues/1328. To fix this issue add 'vm.overcommit_memory = 1' to /etc/sysctl.conf and then reboot or run the command 'sysctl vm.overcommit_memory=1' for this to take effect.
2931648:C 06 Jan 2024 19:58:48.243 * oO0OoO0OoO0Oo Redis is starting oO0OoO0OoO0Oo
2931648:C 06 Jan 2024 19:58:48.243 * Redis version=255.255.255, bits=64, commit=e04ebdb8, modified=1, pid=2931648, just started
2931648:C 06 Jan 2024 19:58:48.243 * Configuration loaded
2931648:M 06 Jan 2024 19:58:48.243 * monotonic clock: POSIX clock_gettime
2931648:M 06 Jan 2024 19:58:48.244 * Running mode=standalone, port=5092.
2931648:M 06 Jan 2024 19:58:48.250 * <raft> RedisRaft version 255.255.255 [b779b199]
2931648:M 06 Jan 2024 19:58:48.254 * <raft> Initializing test network
2931648:M 06 Jan 2024 19:58:48.255 * <raft> Created test network client
2931648:M 06 Jan 2024 19:58:48.256 * <raft> Raft module loaded, state is 'loading'
2931648:M 06 Jan 2024 19:58:48.256 * Module 'raft' loaded from /home/snagendra/Fuzzing/redisraft-fuzzing/redisraft.so
2931648:M 06 Jan 2024 19:58:48.257 * Server initialized
2931648:M 06 Jan 2024 19:58:48.257 . The AOF directory appendonlydir doesn't exist
2931648:M 06 Jan 2024 19:58:48.257 * Ready to accept connections tcp
2931648:M 06 Jan 2024 19:58:48.257 . 0 clients connected (0 replicas), 1746720 bytes in use
2931648:M 06 Jan 2024 19:58:48.357 * <raft> Loading: Redis loading complete, snapshot NOT LOADED
2931648:M 06 Jan 2024 19:58:48.358 * <raft> Cluster Membership: term:0 index:0 nodes: id=2,voting=0,active=1,addr=-
2931648:M 06 Jan 2024 19:58:48.358 * <raft> Test network starting message polling thread


=== REDIS BUG REPORT START: Cut & paste starting from here ===
2931648:M 06 Jan 2024 19:58:48.358 # Redis 255.255.255 crashed by signal: 6, si_code: -6
2931648:M 06 Jan 2024 19:58:48.358 # Crashed running the instruction at: 0x7fc3232f3d3c

------ STACK TRACE ------
EIP:
/lib/x86_64-linux-gnu/libc.so.6(+0x8ad3c)[0x7fc3232f3d3c]

Backtrace:
/lib/x86_64-linux-gnu/libc.so.6(+0x3bfd0)[0x7fc3232a4fd0]
/lib/x86_64-linux-gnu/libc.so.6(+0x8ad3c)[0x7fc3232f3d3c]
/lib/x86_64-linux-gnu/libc.so.6(gsignal+0x12)[0x7fc3232a4f32]
/lib/x86_64-linux-gnu/libc.so.6(abort+0xd3)[0x7fc32328f472]
/lib/x86_64-linux-gnu/libc.so.6(+0x26395)[0x7fc32328f395]
/lib/x86_64-linux-gnu/libc.so.6(+0x34e32)[0x7fc32329de32]
/home/snagendra/Fuzzing/redisraft-fuzzing/redisraft.so(+0x3caea)[0x7fc3221b4aea]
/home/snagendra/Fuzzing/redisraft-fuzzing/redisraft.so(callRaftPeriodic+0x478)[0x7fc3221a5088]
/home/snagendra/Fuzzing/redis/src/redis-server 0.0.0.0:5092(moduleTimerHandler+0x21c)[0x55d2751e698c]
/home/snagendra/Fuzzing/redis/src/redis-server 0.0.0.0:5092(+0x81705)[0x55d2750f0705]
/home/snagendra/Fuzzing/redis/src/redis-server 0.0.0.0:5092(aeMain+0x1c8)[0x55d2750facb8]
/home/snagendra/Fuzzing/redis/src/redis-server 0.0.0.0:5092(main+0x3cd)[0x55d2750efe2d]
/lib/x86_64-linux-gnu/libc.so.6(+0x271ca)[0x7fc3232901ca]
/lib/x86_64-linux-gnu/libc.so.6(__libc_start_main+0x85)[0x7fc323290285]
/home/snagendra/Fuzzing/redis/src/redis-server 0.0.0.0:5092(_start+0x2a)[0x55d2750f05aa]

------ REGISTERS ------
2931648:M 06 Jan 2024 19:58:48.359 # 
RAX:0000000000000000 RBX:00000000002cbbc0
RCX:00007fc3232f3d3c RDX:0000000000000006
RDI:00000000002cbbc0 RSI:00000000002cbbc0
RBP:00007fc3232651c0 RSP:00007fff06542320
R8 :0000000000000007 R9 :000055d2775376b0
R10:0000000000000008 R11:0000000000000246
R12:0000000000000006 R13:00000000000006a6
R14:00007fc3221e105c R15:000055d2751e52b0
RIP:00007fc3232f3d3c EFL:0000000000000246
CSGSFS:002b000000000033
2931648:M 06 Jan 2024 19:58:48.359 # (00007fff0654232f) -> 000055d277537760
2931648:M 06 Jan 2024 19:58:48.359 # (00007fff0654232e) -> 00007fc32343bc60
2931648:M 06 Jan 2024 19:58:48.359 # (00007fff0654232d) -> 0000000000000421
2931648:M 06 Jan 2024 19:58:48.359 # (00007fff0654232c) -> 000055d2775376b0
2931648:M 06 Jan 2024 19:58:48.359 # (00007fff0654232b) -> 00000000000006a6
2931648:M 06 Jan 2024 19:58:48.359 # (00007fff0654232a) -> 0000000000000020
2931648:M 06 Jan 2024 19:58:48.359 # (00007fff06542329) -> 00007fc32328f472
2931648:M 06 Jan 2024 19:58:48.359 # (00007fff06542328) -> 00007fc32343ce70
2931648:M 06 Jan 2024 19:58:48.359 # (00007fff06542327) -> 00007fc3232a4f32
2931648:M 06 Jan 2024 19:58:48.359 # (00007fff06542326) -> 00007fc3221e105c
2931648:M 06 Jan 2024 19:58:48.359 # (00007fff06542325) -> 00000000000006a6
2931648:M 06 Jan 2024 19:58:48.359 # (00007fff06542324) -> 00007fc3221e0720
2931648:M 06 Jan 2024 19:58:48.359 # (00007fff06542323) -> 00007fc3232651c0
2931648:M 06 Jan 2024 19:58:48.359 # (00007fff06542322) -> 0000000000000006
2931648:M 06 Jan 2024 19:58:48.359 # (00007fff06542321) -> 1e5a962abe61a300
2931648:M 06 Jan 2024 19:58:48.359 # (00007fff06542320) -> 000055d2751e52b0

------ INFO OUTPUT ------
# Server
redis_version:255.255.255
redis_git_sha1:e04ebdb8
redis_git_dirty:1
redis_build_id:1f78dcc7b4fbdd25
redis_mode:standalone
os:Linux 6.1.60.1.amd64-smp x86_64
arch_bits:64
monotonic_clock:POSIX clock_gettime
multiplexing_api:epoll
atomicvar_api:c11-builtin
gcc_version:10.2.1
process_id:2931648
process_supervised:no
run_id:8e97287a89c91176ab1f700f6db37386a125bb4c
tcp_port:5092
server_time_usec:1704567528357761
uptime_in_seconds:0
uptime_in_days:0
hz:10
configured_hz:10
lru_clock:10068712
executable:/home/snagendra/Fuzzing/redis/src/redis-server
config_file:
io_threads_active:0
listener0:name=tcp,bind=0.0.0.0,port=5092

# Clients
connected_clients:0
cluster_connections:0
maxclients:10000
client_recent_max_input_buffer:0
client_recent_max_output_buffer:0
blocked_clients:0
tracking_clients:0
clients_in_timeout_table:0
total_blocking_keys:0
total_blocking_keys_on_nokey:0

# Memory
used_memory:1754312
used_memory_human:1.67M
used_memory_rss:17813504
used_memory_rss_human:16.99M
used_memory_peak:1754312
used_memory_peak_human:1.67M
used_memory_peak_perc:100.43%
used_memory_overhead:1746760
used_memory_startup:1746576
used_memory_dataset:7552
used_memory_dataset_perc:97.62%
allocator_allocated:2221512
allocator_active:2756608
allocator_resident:10948608
total_system_memory:270388695040
total_system_memory_human:251.82G
used_memory_lua:31744
used_memory_vm_eval:31744
used_memory_lua_human:31.00K
used_memory_scripts_eval:0
number_of_cached_scripts:0
number_of_functions:0
number_of_libraries:0
used_memory_vm_functions:32768
used_memory_vm_total:64512
used_memory_vm_total_human:63.00K
used_memory_functions:184
used_memory_scripts:184
used_memory_scripts_human:184B
maxmemory:0
maxmemory_human:0B
maxmemory_policy:noeviction
allocator_frag_ratio:1.24
allocator_frag_bytes:535096
allocator_rss_ratio:3.97
allocator_rss_bytes:8192000
rss_overhead_ratio:1.63
rss_overhead_bytes:6864896
mem_fragmentation_ratio:10.20
mem_fragmentation_bytes:16066784
mem_not_counted_for_evict:0
mem_replication_backlog:0
mem_total_replication_buffers:0
mem_clients_slaves:0
mem_clients_normal:0
mem_cluster_links:0
mem_aof_buffer:0
mem_allocator:jemalloc-5.3.0
active_defrag_running:0
lazyfree_pending_objects:0
lazyfreed_objects:0

# Persistence
loading:0
async_loading:0
current_cow_peak:0
current_cow_size:0
current_cow_size_age:0
current_fork_perc:0.00
current_save_keys_processed:0
current_save_keys_total:0
rdb_changes_since_last_save:0
rdb_bgsave_in_progress:0
rdb_last_save_time:1704567528
rdb_last_bgsave_status:ok
rdb_last_bgsave_time_sec:-1
rdb_current_bgsave_time_sec:-1
rdb_saves:0
rdb_last_cow_size:0
rdb_last_load_keys_expired:0
rdb_last_load_keys_loaded:0
aof_enabled:0
aof_rewrite_in_progress:0
aof_rewrite_scheduled:0
aof_last_rewrite_time_sec:-1
aof_current_rewrite_time_sec:-1
aof_last_bgrewrite_status:ok
aof_rewrites:0
aof_rewrites_consecutive_failures:0
aof_last_write_status:ok
aof_last_cow_size:0
module_fork_in_progress:0
module_fork_last_cow_size:0

# Stats
total_connections_received:0
total_commands_processed:6
instantaneous_ops_per_sec:28
total_net_input_bytes:0
total_net_output_bytes:0
total_net_repl_input_bytes:0
total_net_repl_output_bytes:0
instantaneous_input_kbps:0.00
instantaneous_output_kbps:0.00
instantaneous_input_repl_kbps:0.00
instantaneous_output_repl_kbps:0.00
rejected_connections:0
sync_full:0
sync_partial_ok:0
sync_partial_err:0
expired_keys:0
expired_stale_perc:0.00
expired_time_cap_reached_count:0
expire_cycle_cpu_milliseconds:0
evicted_keys:0
evicted_clients:0
total_eviction_exceeded_time:0
current_eviction_exceeded_time:0
keyspace_hits:0
keyspace_misses:0
pubsub_channels:0
pubsub_patterns:0
pubsubshard_channels:0
latest_fork_usec:0
total_forks:0
migrate_cached_sockets:0
slave_expires_tracked_keys:0
active_defrag_hits:0
active_defrag_misses:0
active_defrag_key_hits:0
active_defrag_key_misses:0
total_active_defrag_time:0
current_active_defrag_time:0
tracking_total_keys:0
tracking_total_items:0
tracking_total_prefixes:0
unexpected_error_replies:0
total_error_replies:0
dump_payload_sanitizations:0
total_reads_processed:0
total_writes_processed:0
io_threaded_reads_processed:0
io_threaded_writes_processed:0
reply_buffer_shrinks:0
reply_buffer_expands:0
acl_access_denied_auth:0
acl_access_denied_cmd:0
acl_access_denied_key:0
acl_access_denied_channel:0

# Replication
role:master
connected_slaves:0
master_failover_state:no-failover
master_replid:8eb1d36a016afe41066777c0c4b7f93d133ac070
master_replid2:0000000000000000000000000000000000000000
master_repl_offset:0
second_repl_offset:-1
repl_backlog_active:0
repl_backlog_size:1048576
repl_backlog_first_byte_offset:0
repl_backlog_histlen:0

# CPU
used_cpu_sys:0.006691
used_cpu_user:0.011463
used_cpu_sys_children:0.000000
used_cpu_user_children:0.000000
used_cpu_sys_main_thread:0.004154
used_cpu_user_main_thread:0.012464

# Modules
module:name=raft,ver=1,api=1,filters=1,usedby=[],using=[],options=[]

# Commandstats
cmdstat_command:calls=2,usec=1426,usec_per_call=713.00,rejected_calls=0,failed_calls=0
cmdstat_config|set:calls=1,usec=14,usec_per_call=14.00,rejected_calls=0,failed_calls=0
cmdstat_config|get:calls=3,usec=4,usec_per_call=1.33,rejected_calls=0,failed_calls=0

# Errorstats

# Latencystats
latency_percentiles_usec_command:p50=688.127,p99=741.375,p99.9=741.375
latency_percentiles_usec_config|set:p50=14.015,p99=14.015,p99.9=14.015
latency_percentiles_usec_config|get:p50=1.003,p99=2.007,p99.9=2.007

# Cluster
cluster_enabled:0

# Keyspace

------ CLIENT LIST OUTPUT ------

------ MODULES INFO OUTPUT ------
# raft_version
raft_version:255.255.255
raft_git_sha1:b779b199

# raft_general
raft_dbid:54fd951e0b781a1b4e62dd5bc275ef09
raft_node_id:2
raft_state:up
raft_role:follower
raft_is_voting:no
raft_voted_for:-1
raft_leader_id:-1
raft_current_term:0
raft_num_nodes:1
raft_num_voting_nodes:0

# raft_log
raft_log_entries:0
raft_current_index:0
raft_commit_index:0
raft_last_applied_index:0
raft_file_size:101
raft_cache_memory_size:0
raft_cache_entries:0
raft_client_attached_entries:0
raft_fsync_count:0
raft_fsync_max_microseconds:0
raft_fsync_avg_microseconds:0

# raft_snapshot
raft_snapshot_filename:redis2.rdb
raft_snapshot_last_idx:0
raft_snapshot_last_term:0
raft_snapshot_size:0
raft_snapshot_time_secs:-1
raft_snapshots_created:0
raft_snapshots_received:0
raft_snapshot_in_progress:no
raft_snapshot_in_progress_last_idx:-1
raft_snapshot_in_progress_last_term:-1

# raft_clients
raft_proxy_reqs:0
raft_proxy_failed_reqs:0
raft_proxy_failed_responses:0
raft_proxy_outstanding_reqs:0

# raft_stats
raft_appendreq_received:0
raft_appendreq_with_entry_received:0
raft_snapshotreq_received:0
raft_exec_throttled:0
raft_num_sessions:0

------ CONFIG DEBUG OUTPUT ------
client-query-buffer-limit 1gb
activedefrag no
list-compress-depth 0
lazyfree-lazy-user-del no
lazyfree-lazy-eviction no
repl-diskless-load disabled
slave-read-only yes
lazyfree-lazy-server-del no
io-threads 1
lazyfree-lazy-expire no
lazyfree-lazy-user-flush no
replica-read-only yes
sanitize-dump-payload no
io-threads-do-reads no
repl-diskless-sync yes
proto-max-bulk-len 512mb

------ FAST MEMORY TEST ------
2931648:M 06 Jan 2024 19:58:48.359 # Bio worker thread #0 terminated
2931648:M 06 Jan 2024 19:58:48.359 # Bio worker thread #1 terminated
2931648:M 06 Jan 2024 19:58:48.359 # Bio worker thread #2 terminated
*** Preparing to test memory region 55d2753c6000 (2273280 bytes)
*** Preparing to test memory region 55d2774e2000 (405504 bytes)
*** Preparing to test memory region 7fc308000000 (135168 bytes)
*** Preparing to test memory region 7fc310000000 (135168 bytes)
*** Preparing to test memory region 7fc3157fe000 (8388608 bytes)
*** Preparing to test memory region 7fc315fff000 (8388608 bytes)
*** Preparing to test memory region 7fc316800000 (8388608 bytes)
*** Preparing to test memory region 7fc317000000 (6291456 bytes)
*** Preparing to test memory region 7fc3177f8000 (8388608 bytes)
*** Preparing to test memory region 7fc317ff9000 (8388608 bytes)
*** Preparing to test memory region 7fc3187fa000 (8388608 bytes)
*** Preparing to test memory region 7fc318ffb000 (8388608 bytes)
*** Preparing to test memory region 7fc3197fc000 (8388608 bytes)
*** Preparing to test memory region 7fc319ffd000 (8388608 bytes)
*** Preparing to test memory region 7fc31a7fe000 (8388608 bytes)
*** Preparing to test memory region 7fc31afff000 (8388608 bytes)
*** Preparing to test memory region 7fc31b800000 (8388608 bytes)
*** Preparing to test memory region 7fc31c000000 (135168 bytes)
*** Preparing to test memory region 7fc320200000 (2097152 bytes)
*** Preparing to test memory region 7fc3205cd000 (2097152 bytes)
*** Preparing to test memory region 7fc3207ce000 (8388608 bytes)
*** Preparing to test memory region 7fc320fce000 (2621440 bytes)
*** Preparing to test memory region 7fc32125d000 (8192 bytes)
*** Preparing to test memory region 7fc32187f000 (12288 bytes)
*** Preparing to test memory region 7fc321e18000 (16384 bytes)
*** Preparing to test memory region 7fc321f8a000 (8192 bytes)
*** Preparing to test memory region 7fc3221fa000 (24576 bytes)
*** Preparing to test memory region 7fc322a00000 (8388608 bytes)
*** Preparing to test memory region 7fc32323c000 (4096 bytes)
*** Preparing to test memory region 7fc323261000 (32768 bytes)
*** Preparing to test memory region 7fc32343d000 (53248 bytes)
*** Preparing to test memory region 7fc32355a000 (8192 bytes)
.O.O.O.O.O.O.O.O.O.O.O.O.O.O.O.O.O.O.O.O.
----- Stderr -----
libgcov profiling error:/home/snagendra/Fuzzing/redisraft-fuzzing/build/deps/raft/CMakeFiles/raft.dir/src/raft_server_properties.c.gcda:Merge mismatch for function 7
libgcov profiling error:/home/snagendra/Fuzzing/redisraft-fuzzing/build/deps/raft/CMakeFiles/raft.dir/src/raft_server_properties.c.gcda:Merge mismatch for function 7
redis-server: /home/snagendra/Fuzzing/redisraft-fuzzing/deps/raft/src/raft_server.c:1702: raft_get_first_entry_idx: Assertion `0 < raft_get_current_idx(me)' failed.
libgcov profiling error:/home/snagendra/Fuzzing/redisraft-fuzzing/build/deps/raft/CMakeFiles/raft.dir/src/raft_server_properties.c.gcda:Merge mismatch for function 7
redis-server: /home/snagendra/Fuzzing/redisraft-fuzzing/deps/raft/src/raft_server.c:1702: raft_get_first_entry_idx: Assertion `0 < raft_get_current_idx(me)' failed.




logs for node: 3

----- Stdout -----
2930603:C 06 Jan 2024 19:58:45.922 # WARNING Memory overcommit must be enabled! Without it, a background save or replication may fail under low memory condition. Being disabled, it can also cause failures without low memory condition, see https://github.com/jemalloc/jemalloc/issues/1328. To fix this issue add 'vm.overcommit_memory = 1' to /etc/sysctl.conf and then reboot or run the command 'sysctl vm.overcommit_memory=1' for this to take effect.
2930603:C 06 Jan 2024 19:58:45.922 * oO0OoO0OoO0Oo Redis is starting oO0OoO0OoO0Oo
2930603:C 06 Jan 2024 19:58:45.922 * Redis version=255.255.255, bits=64, commit=e04ebdb8, modified=1, pid=2930603, just started
2930603:C 06 Jan 2024 19:58:45.922 * Configuration loaded
2930603:M 06 Jan 2024 19:58:45.923 * monotonic clock: POSIX clock_gettime
2930603:M 06 Jan 2024 19:58:45.923 * Running mode=standalone, port=5093.
2930603:M 06 Jan 2024 19:58:45.930 * <raft> RedisRaft version 255.255.255 [b779b199]
2930603:M 06 Jan 2024 19:58:45.934 * <raft> Initializing test network
2930603:M 06 Jan 2024 19:58:45.935 * <raft> Created test network client
2930603:M 06 Jan 2024 19:58:45.936 * <raft> Raft module loaded, state is 'uninitialized'
2930603:M 06 Jan 2024 19:58:45.936 * Module 'raft' loaded from /home/snagendra/Fuzzing/redisraft-fuzzing/redisraft.so
2930603:M 06 Jan 2024 19:58:45.936 * Server initialized
2930603:M 06 Jan 2024 19:58:45.937 . The AOF directory appendonlydir doesn't exist
2930603:M 06 Jan 2024 19:58:45.937 * Ready to accept connections tcp
2930603:M 06 Jan 2024 19:58:45.937 . 0 clients connected (0 replicas), 1726096 bytes in use
2930603:M 06 Jan 2024 19:58:45.960 - Accepted 127.0.0.1:41170
2930603:M 06 Jan 2024 19:58:45.960 # Missing implement of connection type tls
2930603:M 06 Jan 2024 19:58:46.037 - <raft> join cluster, connecting to localhost:5091
2930603:M 06 Jan 2024 19:58:46.039 * <raft> Joined Raft cluster, node id: 3, dbid: 54fd951e0b781a1b4e62dd5bc275ef09
2930603:M 06 Jan 2024 19:58:46.059 * <raft> Cluster Membership: term:0 index:0 nodes: id=3,voting=0,active=1,addr=-
2930603:M 06 Jan 2024 19:58:46.060 * <raft> Test network starting message polling thread
2930603:M 06 Jan 2024 19:58:46.079 - Accepted 127.0.0.1:41174
2930603:signal-handler (1704567526) Received SIGINT scheduling shutdown...
2930603:signal-handler (1704567526) You insist... exiting now.
2931438:C 06 Jan 2024 19:58:47.555 # WARNING Memory overcommit must be enabled! Without it, a background save or replication may fail under low memory condition. Being disabled, it can also cause failures without low memory condition, see https://github.com/jemalloc/jemalloc/issues/1328. To fix this issue add 'vm.overcommit_memory = 1' to /etc/sysctl.conf and then reboot or run the command 'sysctl vm.overcommit_memory=1' for this to take effect.
2931438:C 06 Jan 2024 19:58:47.555 * oO0OoO0OoO0Oo Redis is starting oO0OoO0OoO0Oo
2931438:C 06 Jan 2024 19:58:47.555 * Redis version=255.255.255, bits=64, commit=e04ebdb8, modified=1, pid=2931438, just started
2931438:C 06 Jan 2024 19:58:47.555 * Configuration loaded
2931438:M 06 Jan 2024 19:58:47.555 * monotonic clock: POSIX clock_gettime
2931438:M 06 Jan 2024 19:58:47.556 * Running mode=standalone, port=5093.
2931438:M 06 Jan 2024 19:58:47.562 * <raft> RedisRaft version 255.255.255 [b779b199]
2931438:M 06 Jan 2024 19:58:47.566 * <raft> Initializing test network
2931438:M 06 Jan 2024 19:58:47.567 * <raft> Created test network client
2931438:M 06 Jan 2024 19:58:47.567 * <raft> Raft module loaded, state is 'uninitialized'
2931438:M 06 Jan 2024 19:58:47.567 * Module 'raft' loaded from /home/snagendra/Fuzzing/redisraft-fuzzing/redisraft.so
2931438:M 06 Jan 2024 19:58:47.568 * Server initialized
2931438:M 06 Jan 2024 19:58:47.568 . The AOF directory appendonlydir doesn't exist
2931438:M 06 Jan 2024 19:58:47.568 * Ready to accept connections tcp
2931438:M 06 Jan 2024 19:58:47.568 . 0 clients connected (0 replicas), 1726224 bytes in use
2931438:M 06 Jan 2024 19:58:48.944 - Accepted 127.0.0.1:41244
2931438:M 06 Jan 2024 19:58:48.944 # Missing implement of connection type tls
2931438:signal-handler (1704567529) Received SIGINT scheduling shutdown...
2931438:signal-handler (1704567529) You insist... exiting now.

----- Stderr -----
libgcov profiling error:/home/snagendra/Fuzzing/redisraft-fuzzing/build/deps/raft/CMakeFiles/raft.dir/src/raft_server_properties.c.gcda:Merge mismatch for function 7
libgcov profiling error:/home/snagendra/Fuzzing/redisraft-fuzzing/build/deps/raft/CMakeFiles/raft.dir/src/raft_server_properties.c.gcda:Merge mismatch for function 7



