logs for node: 1

----- Stdout -----
620974:C 06 Jan 2024 21:11:43.792 # WARNING Memory overcommit must be enabled! Without it, a background save or replication may fail under low memory condition. Being disabled, it can also cause failures without low memory condition, see https://github.com/jemalloc/jemalloc/issues/1328. To fix this issue add 'vm.overcommit_memory = 1' to /etc/sysctl.conf and then reboot or run the command 'sysctl vm.overcommit_memory=1' for this to take effect.
620974:C 06 Jan 2024 21:11:43.792 * oO0OoO0OoO0Oo Redis is starting oO0OoO0OoO0Oo
620974:C 06 Jan 2024 21:11:43.792 * Redis version=255.255.255, bits=64, commit=e04ebdb8, modified=1, pid=620974, just started
620974:C 06 Jan 2024 21:11:43.792 * Configuration loaded
620974:M 06 Jan 2024 21:11:43.792 * monotonic clock: POSIX clock_gettime
620974:M 06 Jan 2024 21:11:43.793 * Running mode=standalone, port=5031.
620974:M 06 Jan 2024 21:11:43.800 * <raft> RedisRaft version 255.255.255 [b779b199]
620974:M 06 Jan 2024 21:11:43.804 * <raft> Initializing test network
620974:M 06 Jan 2024 21:11:43.805 * <raft> Created test network client
620974:M 06 Jan 2024 21:11:43.806 * <raft> Raft module loaded, state is 'uninitialized'
620974:M 06 Jan 2024 21:11:43.806 * Module 'raft' loaded from /home/snagendra/Fuzzing/redisraft-fuzzing/redisraft.so
620974:M 06 Jan 2024 21:11:43.807 * Server initialized
620974:M 06 Jan 2024 21:11:43.807 . The AOF directory appendonlydir doesn't exist
620974:M 06 Jan 2024 21:11:43.808 * Ready to accept connections tcp
620974:M 06 Jan 2024 21:11:43.808 . 0 clients connected (0 replicas), 1726160 bytes in use
620974:M 06 Jan 2024 21:11:43.809 - Accepted 127.0.0.1:44790
620974:M 06 Jan 2024 21:11:43.809 # Missing implement of connection type tls
620974:M 06 Jan 2024 21:11:43.815 * <raft> Cluster Membership: term:0 index:0 nodes: id=1,voting=0,active=1,addr=-
620974:M 06 Jan 2024 21:11:43.821 * <raft> State change: Node is now a leader, term 1
620974:M 06 Jan 2024 21:11:43.821 * <raft> Cluster Membership: term:1 index:1 nodes: id=1,voting=0,active=1,addr=-
620974:M 06 Jan 2024 21:11:43.822 * <raft> Test network starting message polling thread
620974:M 06 Jan 2024 21:11:43.822 * <raft> Raft Cluster initialized, node id: 1, dbid: a46fd748105d0aab087d641225ac493c
620974:M 06 Jan 2024 21:11:43.939 - Accepted 127.0.0.1:44802
620974:M 06 Jan 2024 21:11:43.940 * <raft> Cluster Membership: term:1 index:3 nodes: id=1,voting=1,active=1,addr=- id=2,voting=0,active=1,addr=localhost:5032
620974:M 06 Jan 2024 21:11:43.948 - Client closed connection id=9 addr=127.0.0.1:44802 laddr=127.0.0.1:5031 fd=12 name= age=0 idle=0 flags=N db=0 sub=0 psub=0 ssub=0 multi=-1 qbuf=0 qbuf-free=20474 argv-mem=0 multi-mem=0 rbs=16384 rbp=16384 obl=0 oll=0 omem=0 tot-mem=37760 events=r cmd=raft.node user=default redir=-1 resp=2 lib-name= lib-ver=
620974:M 06 Jan 2024 21:11:44.065 - Accepted 127.0.0.1:44804
620974:M 06 Jan 2024 21:11:44.066 * <raft> Cluster Membership: term:1 index:4 nodes: id=1,voting=1,active=1,addr=- id=2,voting=0,active=1,addr=localhost:5032 id=3,voting=0,active=1,addr=localhost:5033
620974:M 06 Jan 2024 21:11:44.073 - Client closed connection id=10 addr=127.0.0.1:44804 laddr=127.0.0.1:5031 fd=13 name= age=0 idle=0 flags=N db=0 sub=0 psub=0 ssub=0 multi=-1 qbuf=0 qbuf-free=20474 argv-mem=0 multi-mem=0 rbs=16384 rbp=16384 obl=0 oll=0 omem=0 tot-mem=37760 events=r cmd=raft.node user=default redir=-1 resp=2 lib-name= lib-ver=
620974:M 06 Jan 2024 21:11:44.139 - Accepted 127.0.0.1:44808
620974:M 06 Jan 2024 21:11:44.165 * <raft> node:3 has sufficient logs, adding as voting node.
620974:M 06 Jan 2024 21:11:44.166 - Accepted 127.0.0.1:44824
620974:M 06 Jan 2024 21:11:44.302 - Client closed connection id=12 addr=127.0.0.1:44824 laddr=127.0.0.1:5031 fd=15 name= age=0 idle=0 flags=N db=0 sub=0 psub=0 ssub=0 multi=-1 qbuf=0 qbuf-free=20474 argv-mem=0 multi-mem=0 rbs=16384 rbp=0 obl=0 oll=0 omem=0 tot-mem=37760 events=r cmd=auth user=default redir=-1 resp=2 lib-name= lib-ver=
620974:M 06 Jan 2024 21:11:44.711 * <raft> State change: Node is now a follower, term 1
620974:M 06 Jan 2024 21:11:44.711 * <raft> Cluster Membership: term:1 index:6 nodes: id=1,voting=1,active=1,addr=- id=2,voting=0,active=1,addr=localhost:5032 id=3,voting=1,active=1,addr=localhost:5033
620974:M 06 Jan 2024 21:11:45.113 * <raft> State change: Election starting, node is now a pre-candidate, term 1
620974:M 06 Jan 2024 21:11:45.113 * <raft> Cluster Membership: term:1 index:6 nodes: id=1,voting=1,active=1,addr=- id=2,voting=0,active=1,addr=localhost:5032 id=3,voting=1,active=1,addr=localhost:5033
620974:signal-handler (1704571905) Received SIGINT scheduling shutdown...
620974:signal-handler (1704571905) Received SIGINT scheduling shutdown...
622573:C 06 Jan 2024 21:11:46.857 # WARNING Memory overcommit must be enabled! Without it, a background save or replication may fail under low memory condition. Being disabled, it can also cause failures without low memory condition, see https://github.com/jemalloc/jemalloc/issues/1328. To fix this issue add 'vm.overcommit_memory = 1' to /etc/sysctl.conf and then reboot or run the command 'sysctl vm.overcommit_memory=1' for this to take effect.
622573:C 06 Jan 2024 21:11:46.857 * oO0OoO0OoO0Oo Redis is starting oO0OoO0OoO0Oo
622573:C 06 Jan 2024 21:11:46.857 * Redis version=255.255.255, bits=64, commit=e04ebdb8, modified=1, pid=622573, just started
622573:C 06 Jan 2024 21:11:46.857 * Configuration loaded
622573:M 06 Jan 2024 21:11:46.857 * monotonic clock: POSIX clock_gettime
622573:M 06 Jan 2024 21:11:46.858 * Running mode=standalone, port=5031.
622573:M 06 Jan 2024 21:11:46.864 * <raft> RedisRaft version 255.255.255 [b779b199]
622573:M 06 Jan 2024 21:11:46.868 * <raft> Initializing test network
622573:M 06 Jan 2024 21:11:46.869 * <raft> Created test network client
622573:M 06 Jan 2024 21:11:46.872 * <raft> Raft module loaded, state is 'loading'
622573:M 06 Jan 2024 21:11:46.872 * Module 'raft' loaded from /home/snagendra/Fuzzing/redisraft-fuzzing/redisraft.so
622573:M 06 Jan 2024 21:11:46.872 * Server initialized
622573:M 06 Jan 2024 21:11:46.872 . The AOF directory appendonlydir doesn't exist
622573:M 06 Jan 2024 21:11:46.872 * Ready to accept connections tcp
622573:M 06 Jan 2024 21:11:46.872 . 0 clients connected (0 replicas), 1746656 bytes in use
622573:M 06 Jan 2024 21:11:46.946 - Accepted 127.0.0.1:45130
622573:M 06 Jan 2024 21:11:46.946 # Missing implement of connection type tls
622573:M 06 Jan 2024 21:11:46.957 - Accepted 127.0.0.1:45146
622573:M 06 Jan 2024 21:11:46.972 * <raft> Loading: Redis loading complete, snapshot NOT LOADED
622573:M 06 Jan 2024 21:11:46.973 * <raft> Cluster Membership: term:0 index:0 nodes: id=1,voting=0,active=1,addr=-
622573:M 06 Jan 2024 21:11:46.973 * <raft> Test network starting message polling thread
622573:M 06 Jan 2024 21:11:46.973 * <raft> Cluster Membership: term:0 index:6 nodes: id=1,voting=1,active=1,addr=- id=2,voting=0,active=1,addr=localhost:5032
622573:M 06 Jan 2024 21:11:46.974 * <raft> Cluster Membership: term:0 index:6 nodes: id=1,voting=1,active=1,addr=- id=2,voting=0,active=1,addr=localhost:5032 id=3,voting=0,active=1,addr=localhost:5033
622573:M 06 Jan 2024 21:11:46.974 * <raft> Raft state after loading log: log_count=6, first_idx=1, current_idx=6, last_applied_idx=0
622573:M 06 Jan 2024 21:11:46.974 . <raft> Raft term=1, vote=-1
622573:M 06 Jan 2024 21:11:47.275 * <raft> State change: Election starting, node is now a pre-candidate, term 1
622573:M 06 Jan 2024 21:11:47.275 * <raft> Cluster Membership: term:1 index:6 nodes: id=1,voting=1,active=1,addr=- id=2,voting=0,active=1,addr=localhost:5032 id=3,voting=1,active=1,addr=localhost:5033
622573:signal-handler (1704571907) Received SIGINT scheduling shutdown...
622573:signal-handler (1704571907) You insist... exiting now.

----- Stderr -----
libgcov profiling error:/home/snagendra/Fuzzing/redisraft-fuzzing/build/deps/raft/CMakeFiles/raft.dir/src/raft_server_properties.c.gcda:Merge mismatch for function 7
libgcov profiling error:/home/snagendra/Fuzzing/redisraft-fuzzing/build/deps/raft/CMakeFiles/raft.dir/src/raft_server.c.gcda:Merge mismatch for function 43




logs for node: 2

----- Stdout -----
620998:C 06 Jan 2024 21:11:43.824 # WARNING Memory overcommit must be enabled! Without it, a background save or replication may fail under low memory condition. Being disabled, it can also cause failures without low memory condition, see https://github.com/jemalloc/jemalloc/issues/1328. To fix this issue add 'vm.overcommit_memory = 1' to /etc/sysctl.conf and then reboot or run the command 'sysctl vm.overcommit_memory=1' for this to take effect.
620998:C 06 Jan 2024 21:11:43.824 * oO0OoO0OoO0Oo Redis is starting oO0OoO0OoO0Oo
620998:C 06 Jan 2024 21:11:43.824 * Redis version=255.255.255, bits=64, commit=e04ebdb8, modified=1, pid=620998, just started
620998:C 06 Jan 2024 21:11:43.824 * Configuration loaded
620998:M 06 Jan 2024 21:11:43.825 * monotonic clock: POSIX clock_gettime
620998:M 06 Jan 2024 21:11:43.825 * Running mode=standalone, port=5032.
620998:M 06 Jan 2024 21:11:43.832 * <raft> RedisRaft version 255.255.255 [b779b199]
620998:M 06 Jan 2024 21:11:43.836 * <raft> Initializing test network
620998:M 06 Jan 2024 21:11:43.837 * <raft> Created test network client
620998:M 06 Jan 2024 21:11:43.838 * <raft> Raft module loaded, state is 'uninitialized'
620998:M 06 Jan 2024 21:11:43.838 * Module 'raft' loaded from /home/snagendra/Fuzzing/redisraft-fuzzing/redisraft.so
620998:M 06 Jan 2024 21:11:43.838 * Server initialized
620998:M 06 Jan 2024 21:11:43.839 . The AOF directory appendonlydir doesn't exist
620998:M 06 Jan 2024 21:11:43.839 * Ready to accept connections tcp
620998:M 06 Jan 2024 21:11:43.839 . 0 clients connected (0 replicas), 1726352 bytes in use
620998:M 06 Jan 2024 21:11:43.844 - Accepted 127.0.0.1:53636
620998:M 06 Jan 2024 21:11:43.844 # Missing implement of connection type tls
620998:M 06 Jan 2024 21:11:43.939 - <raft> join cluster, connecting to localhost:5031
620998:M 06 Jan 2024 21:11:43.940 * <raft> Joined Raft cluster, node id: 2, dbid: a46fd748105d0aab087d641225ac493c
620998:M 06 Jan 2024 21:11:43.947 * <raft> Cluster Membership: term:0 index:0 nodes: id=2,voting=0,active=1,addr=-
620998:M 06 Jan 2024 21:11:43.948 * <raft> Test network starting message polling thread
620998:M 06 Jan 2024 21:11:44.009 - Accepted 127.0.0.1:53650
620998:M 06 Jan 2024 21:11:44.112 * <raft> Cluster Membership: term:1 index:2 nodes: id=2,voting=0,active=1,addr=- id=1,voting=1,active=1,addr=localhost:5031
620998:M 06 Jan 2024 21:11:44.112 * <raft> Cluster Membership: term:1 index:4 nodes: id=2,voting=0,active=1,addr=- id=1,voting=1,active=1,addr=localhost:5031 id=3,voting=0,active=1,addr=localhost:5033
620998:M 06 Jan 2024 21:11:44.166 - Accepted 127.0.0.1:53664
620998:M 06 Jan 2024 21:11:44.302 - Client closed connection id=10 addr=127.0.0.1:53664 laddr=127.0.0.1:5032 fd=15 name= age=0 idle=0 flags=N db=0 sub=0 psub=0 ssub=0 multi=-1 qbuf=0 qbuf-free=20474 argv-mem=0 multi-mem=0 rbs=16384 rbp=0 obl=0 oll=0 omem=0 tot-mem=37760 events=r cmd=auth user=default redir=-1 resp=2 lib-name= lib-ver=
620998:M 06 Jan 2024 21:11:44.441 * <raft> State change: Election starting, node is now a pre-candidate, term 1
620998:M 06 Jan 2024 21:11:44.441 * <raft> Cluster Membership: term:1 index:4 nodes: id=2,voting=0,active=1,addr=- id=1,voting=1,active=1,addr=localhost:5031 id=3,voting=0,active=1,addr=localhost:5033
620998:M 06 Jan 2024 21:11:44.731 * <raft> State change: Node is now a follower, term 1
620998:M 06 Jan 2024 21:11:44.731 * <raft> Cluster Membership: term:1 index:4 nodes: id=2,voting=0,active=1,addr=- id=1,voting=1,active=1,addr=localhost:5031 id=3,voting=0,active=1,addr=localhost:5033
620998:M 06 Jan 2024 21:11:45.145 * <raft> State change: Election starting, node is now a pre-candidate, term 1
620998:M 06 Jan 2024 21:11:45.145 * <raft> Cluster Membership: term:1 index:5 nodes: id=2,voting=0,active=1,addr=- id=1,voting=1,active=1,addr=localhost:5031 id=3,voting=1,active=1,addr=localhost:5033
620998:M 06 Jan 2024 21:11:45.211 - Client closed connection id=9 addr=127.0.0.1:53650 laddr=127.0.0.1:5032 fd=10 name= age=1 idle=1 flags=N db=0 sub=0 psub=0 ssub=0 multi=-1 qbuf=0 qbuf-free=20474 argv-mem=0 multi-mem=0 rbs=1024 rbp=0 obl=0 oll=0 omem=0 tot-mem=22400 events=r cmd=auth user=default redir=-1 resp=2 lib-name= lib-ver=
620998:M 06 Jan 2024 21:11:45.482 - Accepted 127.0.0.1:53674
620998:M 06 Jan 2024 21:11:45.547 * <raft> State change: Election starting, node is now a pre-candidate, term 1
620998:M 06 Jan 2024 21:11:45.547 * <raft> Cluster Membership: term:1 index:5 nodes: id=2,voting=0,active=1,addr=- id=1,voting=1,active=1,addr=localhost:5031 id=3,voting=1,active=1,addr=localhost:5033
620998:M 06 Jan 2024 21:11:45.568 - Client closed connection id=11 addr=127.0.0.1:53674 laddr=127.0.0.1:5032 fd=13 name= age=0 idle=0 flags=N db=0 sub=0 psub=0 ssub=0 multi=-1 qbuf=0 qbuf-free=20474 argv-mem=0 multi-mem=0 rbs=16384 rbp=0 obl=0 oll=0 omem=0 tot-mem=37760 events=r cmd=auth user=default redir=-1 resp=2 lib-name= lib-ver=
620998:M 06 Jan 2024 21:11:45.848 * <raft> State change: Election starting, node is now a pre-candidate, term 1
620998:M 06 Jan 2024 21:11:45.848 * <raft> Cluster Membership: term:1 index:5 nodes: id=2,voting=0,active=1,addr=- id=1,voting=1,active=1,addr=localhost:5031 id=3,voting=1,active=1,addr=localhost:5033
620998:M 06 Jan 2024 21:11:45.904 * <raft> State change: Node is now a follower, term 1
620998:M 06 Jan 2024 21:11:45.904 * <raft> Cluster Membership: term:1 index:5 nodes: id=2,voting=0,active=1,addr=- id=1,voting=1,active=1,addr=localhost:5031 id=3,voting=1,active=1,addr=localhost:5033
620998:M 06 Jan 2024 21:11:46.055 - Accepted 127.0.0.1:53688
620998:M 06 Jan 2024 21:11:46.552 * <raft> State change: Election starting, node is now a pre-candidate, term 1
620998:M 06 Jan 2024 21:11:46.552 * <raft> Cluster Membership: term:1 index:6 nodes: id=2,voting=0,active=1,addr=- id=1,voting=1,active=1,addr=localhost:5031 id=3,voting=1,active=1,addr=localhost:5033
620998:M 06 Jan 2024 21:11:46.670 - Client closed connection id=12 addr=127.0.0.1:53688 laddr=127.0.0.1:5032 fd=13 name= age=0 idle=0 flags=N db=0 sub=0 psub=0 ssub=0 multi=-1 qbuf=0 qbuf-free=20474 argv-mem=0 multi-mem=0 rbs=1024 rbp=0 obl=0 oll=0 omem=0 tot-mem=22400 events=r cmd=auth user=default redir=-1 resp=2 lib-name= lib-ver=
620998:M 06 Jan 2024 21:11:46.763 * <raft> State change: Node is now a follower, term 1
620998:M 06 Jan 2024 21:11:46.763 * <raft> Cluster Membership: term:1 index:6 nodes: id=2,voting=0,active=1,addr=- id=1,voting=1,active=1,addr=localhost:5031 id=3,voting=1,active=1,addr=localhost:5033
620998:M 06 Jan 2024 21:11:46.974 - Accepted 127.0.0.1:53690
620998:M 06 Jan 2024 21:11:47.054 * <raft> State change: Election starting, node is now a pre-candidate, term 1
620998:M 06 Jan 2024 21:11:47.054 * <raft> Cluster Membership: term:1 index:6 nodes: id=2,voting=0,active=1,addr=- id=1,voting=1,active=1,addr=localhost:5031 id=3,voting=1,active=1,addr=localhost:5033
620998:M 06 Jan 2024 21:11:47.266 - Accepted 127.0.0.1:53694
620998:M 06 Jan 2024 21:11:47.269 - Client closed connection id=14 addr=127.0.0.1:53694 laddr=127.0.0.1:5032 fd=16 name= age=0 idle=0 flags=N db=0 sub=0 psub=0 ssub=0 multi=-1 qbuf=0 qbuf-free=20474 argv-mem=0 multi-mem=0 rbs=16384 rbp=16384 obl=0 oll=0 omem=0 tot-mem=37760 events=r cmd=auth user=default redir=-1 resp=2 lib-name= lib-ver=
620998:M 06 Jan 2024 21:11:47.313 - Client closed connection id=13 addr=127.0.0.1:53690 laddr=127.0.0.1:5032 fd=13 name= age=1 idle=1 flags=N db=0 sub=0 psub=0 ssub=0 multi=-1 qbuf=0 qbuf-free=20474 argv-mem=0 multi-mem=0 rbs=1024 rbp=0 obl=0 oll=0 omem=0 tot-mem=22400 events=r cmd=auth user=default redir=-1 resp=2 lib-name= lib-ver=
620998:signal-handler (1704571907) Received SIGINT scheduling shutdown...
620998:signal-handler (1704571907) You insist... exiting now.

----- Stderr -----
libgcov profiling error:/home/snagendra/Fuzzing/redisraft-fuzzing/build/deps/raft/CMakeFiles/raft.dir/src/raft_server_properties.c.gcda:Merge mismatch for function 7
libgcov profiling error:/home/snagendra/Fuzzing/redisraft-fuzzing/build/deps/raft/CMakeFiles/raft.dir/src/raft_server.c.gcda:Merge mismatch for function 43




logs for node: 3

----- Stdout -----
621039:C 06 Jan 2024 21:11:43.950 # WARNING Memory overcommit must be enabled! Without it, a background save or replication may fail under low memory condition. Being disabled, it can also cause failures without low memory condition, see https://github.com/jemalloc/jemalloc/issues/1328. To fix this issue add 'vm.overcommit_memory = 1' to /etc/sysctl.conf and then reboot or run the command 'sysctl vm.overcommit_memory=1' for this to take effect.
621039:C 06 Jan 2024 21:11:43.950 * oO0OoO0OoO0Oo Redis is starting oO0OoO0OoO0Oo
621039:C 06 Jan 2024 21:11:43.950 * Redis version=255.255.255, bits=64, commit=e04ebdb8, modified=1, pid=621039, just started
621039:C 06 Jan 2024 21:11:43.950 * Configuration loaded
621039:M 06 Jan 2024 21:11:43.951 * monotonic clock: POSIX clock_gettime
621039:M 06 Jan 2024 21:11:43.951 * Running mode=standalone, port=5033.
621039:M 06 Jan 2024 21:11:43.958 * <raft> RedisRaft version 255.255.255 [b779b199]
621039:M 06 Jan 2024 21:11:43.962 * <raft> Initializing test network
621039:M 06 Jan 2024 21:11:43.963 * <raft> Created test network client
621039:M 06 Jan 2024 21:11:43.964 * <raft> Raft module loaded, state is 'uninitialized'
621039:M 06 Jan 2024 21:11:43.964 * Module 'raft' loaded from /home/snagendra/Fuzzing/redisraft-fuzzing/redisraft.so
621039:M 06 Jan 2024 21:11:43.964 * Server initialized
621039:M 06 Jan 2024 21:11:43.965 . The AOF directory appendonlydir doesn't exist
621039:M 06 Jan 2024 21:11:43.965 * Ready to accept connections tcp
621039:M 06 Jan 2024 21:11:43.966 . 0 clients connected (0 replicas), 1726352 bytes in use
621039:M 06 Jan 2024 21:11:43.978 - Accepted 127.0.0.1:58060
621039:M 06 Jan 2024 21:11:43.978 # Missing implement of connection type tls
621039:M 06 Jan 2024 21:11:44.064 - <raft> join cluster, connecting to localhost:5031
621039:M 06 Jan 2024 21:11:44.067 * <raft> Joined Raft cluster, node id: 3, dbid: a46fd748105d0aab087d641225ac493c
621039:M 06 Jan 2024 21:11:44.073 * <raft> Cluster Membership: term:0 index:0 nodes: id=3,voting=0,active=1,addr=-
621039:M 06 Jan 2024 21:11:44.073 * <raft> Test network starting message polling thread
621039:M 06 Jan 2024 21:11:44.081 * <raft> Cluster Membership: term:1 index:2 nodes: id=3,voting=0,active=1,addr=- id=1,voting=1,active=1,addr=localhost:5031
621039:M 06 Jan 2024 21:11:44.081 * <raft> Cluster Membership: term:1 index:3 nodes: id=3,voting=0,active=1,addr=- id=1,voting=1,active=1,addr=localhost:5031 id=2,voting=0,active=1,addr=localhost:5032
621039:M 06 Jan 2024 21:11:44.110 - Accepted 127.0.0.1:58064
621039:M 06 Jan 2024 21:11:44.139 - Accepted 127.0.0.1:58080
621039:signal-handler (1704571904) Received SIGINT scheduling shutdown...
621039:signal-handler (1704571904) You insist... exiting now.
621792:C 06 Jan 2024 21:11:45.364 # WARNING Memory overcommit must be enabled! Without it, a background save or replication may fail under low memory condition. Being disabled, it can also cause failures without low memory condition, see https://github.com/jemalloc/jemalloc/issues/1328. To fix this issue add 'vm.overcommit_memory = 1' to /etc/sysctl.conf and then reboot or run the command 'sysctl vm.overcommit_memory=1' for this to take effect.
621792:C 06 Jan 2024 21:11:45.364 * oO0OoO0OoO0Oo Redis is starting oO0OoO0OoO0Oo
621792:C 06 Jan 2024 21:11:45.364 * Redis version=255.255.255, bits=64, commit=e04ebdb8, modified=1, pid=621792, just started
621792:C 06 Jan 2024 21:11:45.364 * Configuration loaded
621792:M 06 Jan 2024 21:11:45.364 * monotonic clock: POSIX clock_gettime
621792:M 06 Jan 2024 21:11:45.365 * Running mode=standalone, port=5033.
621792:M 06 Jan 2024 21:11:45.372 * <raft> RedisRaft version 255.255.255 [b779b199]
621792:M 06 Jan 2024 21:11:45.376 * <raft> Initializing test network
621792:M 06 Jan 2024 21:11:45.377 * <raft> Created test network client
621792:M 06 Jan 2024 21:11:45.379 * <raft> Raft module loaded, state is 'loading'
621792:M 06 Jan 2024 21:11:45.379 * Module 'raft' loaded from /home/snagendra/Fuzzing/redisraft-fuzzing/redisraft.so
621792:M 06 Jan 2024 21:11:45.380 * Server initialized
621792:M 06 Jan 2024 21:11:45.380 . The AOF directory appendonlydir doesn't exist
621792:M 06 Jan 2024 21:11:45.380 * Ready to accept connections tcp
621792:M 06 Jan 2024 21:11:45.380 . 0 clients connected (0 replicas), 1746624 bytes in use
621792:M 06 Jan 2024 21:11:45.447 - Accepted 127.0.0.1:58268
621792:M 06 Jan 2024 21:11:45.447 # Missing implement of connection type tls
621792:M 06 Jan 2024 21:11:45.480 * <raft> Loading: Redis loading complete, snapshot NOT LOADED
621792:M 06 Jan 2024 21:11:45.480 * <raft> Cluster Membership: term:0 index:0 nodes: id=3,voting=0,active=1,addr=-
621792:M 06 Jan 2024 21:11:45.481 * <raft> Test network starting message polling thread
621792:M 06 Jan 2024 21:11:45.481 * <raft> Cluster Membership: term:0 index:4 nodes: id=3,voting=0,active=1,addr=- id=1,voting=1,active=1,addr=localhost:5031
621792:M 06 Jan 2024 21:11:45.481 * <raft> Cluster Membership: term:0 index:4 nodes: id=3,voting=0,active=1,addr=- id=1,voting=1,active=1,addr=localhost:5031 id=2,voting=0,active=1,addr=localhost:5032
621792:M 06 Jan 2024 21:11:45.481 * <raft> Raft state after loading log: log_count=4, first_idx=1, current_idx=4, last_applied_idx=0
621792:M 06 Jan 2024 21:11:45.481 . <raft> Raft term=1, vote=-1
621792:signal-handler (1704571905) Received SIGINT scheduling shutdown...
622125:C 06 Jan 2024 21:11:45.936 # WARNING Memory overcommit must be enabled! Without it, a background save or replication may fail under low memory condition. Being disabled, it can also cause failures without low memory condition, see https://github.com/jemalloc/jemalloc/issues/1328. To fix this issue add 'vm.overcommit_memory = 1' to /etc/sysctl.conf and then reboot or run the command 'sysctl vm.overcommit_memory=1' for this to take effect.
622125:C 06 Jan 2024 21:11:45.936 * oO0OoO0OoO0Oo Redis is starting oO0OoO0OoO0Oo
622125:C 06 Jan 2024 21:11:45.936 * Redis version=255.255.255, bits=64, commit=e04ebdb8, modified=1, pid=622125, just started
622125:C 06 Jan 2024 21:11:45.936 * Configuration loaded
622125:M 06 Jan 2024 21:11:45.936 * monotonic clock: POSIX clock_gettime
622125:M 06 Jan 2024 21:11:45.937 * Running mode=standalone, port=5033.
622125:M 06 Jan 2024 21:11:45.944 * <raft> RedisRaft version 255.255.255 [b779b199]
622125:M 06 Jan 2024 21:11:45.948 * <raft> Initializing test network
622125:M 06 Jan 2024 21:11:45.949 * <raft> Created test network client
622125:M 06 Jan 2024 21:11:45.953 * <raft> Raft module loaded, state is 'loading'
622125:M 06 Jan 2024 21:11:45.953 * Module 'raft' loaded from /home/snagendra/Fuzzing/redisraft-fuzzing/redisraft.so
622125:M 06 Jan 2024 21:11:45.954 * Server initialized
622125:M 06 Jan 2024 21:11:45.954 . The AOF directory appendonlydir doesn't exist
622125:M 06 Jan 2024 21:11:45.954 * Ready to accept connections tcp
622125:M 06 Jan 2024 21:11:45.954 . 0 clients connected (0 replicas), 1746624 bytes in use
622125:M 06 Jan 2024 21:11:46.051 - Accepted 127.0.0.1:58308
622125:M 06 Jan 2024 21:11:46.051 # Missing implement of connection type tls
622125:M 06 Jan 2024 21:11:46.053 * <raft> Loading: Redis loading complete, snapshot NOT LOADED
622125:M 06 Jan 2024 21:11:46.054 * <raft> Cluster Membership: term:0 index:0 nodes: id=3,voting=0,active=1,addr=-
622125:M 06 Jan 2024 21:11:46.054 * <raft> Test network starting message polling thread
622125:M 06 Jan 2024 21:11:46.054 * <raft> Cluster Membership: term:0 index:4 nodes: id=3,voting=0,active=1,addr=- id=1,voting=1,active=1,addr=localhost:5031
622125:M 06 Jan 2024 21:11:46.055 * <raft> Cluster Membership: term:0 index:4 nodes: id=3,voting=0,active=1,addr=- id=1,voting=1,active=1,addr=localhost:5031 id=2,voting=0,active=1,addr=localhost:5032
622125:M 06 Jan 2024 21:11:46.055 * <raft> Raft state after loading log: log_count=4, first_idx=1, current_idx=4, last_applied_idx=0
622125:M 06 Jan 2024 21:11:46.055 . <raft> Raft term=1, vote=-1
622125:M 06 Jan 2024 21:11:46.455 * <raft> State change: Election starting, node is now a pre-candidate, term 1
622125:M 06 Jan 2024 21:11:46.455 * <raft> Cluster Membership: term:1 index:4 nodes: id=3,voting=0,active=1,addr=- id=1,voting=1,active=1,addr=localhost:5031 id=2,voting=0,active=1,addr=localhost:5032
622125:signal-handler (1704571906) Received SIGINT scheduling shutdown...
622125:M 06 Jan 2024 21:11:46.659 * User requested shutdown...
622125:M 06 Jan 2024 21:11:46.659 # Redis is now ready to exit, bye bye...
622640:C 06 Jan 2024 21:11:47.040 # WARNING Memory overcommit must be enabled! Without it, a background save or replication may fail under low memory condition. Being disabled, it can also cause failures without low memory condition, see https://github.com/jemalloc/jemalloc/issues/1328. To fix this issue add 'vm.overcommit_memory = 1' to /etc/sysctl.conf and then reboot or run the command 'sysctl vm.overcommit_memory=1' for this to take effect.
622640:C 06 Jan 2024 21:11:47.040 * oO0OoO0OoO0Oo Redis is starting oO0OoO0OoO0Oo
622640:C 06 Jan 2024 21:11:47.040 * Redis version=255.255.255, bits=64, commit=e04ebdb8, modified=1, pid=622640, just started
622640:C 06 Jan 2024 21:11:47.040 * Configuration loaded
622640:M 06 Jan 2024 21:11:47.041 * monotonic clock: POSIX clock_gettime
622640:M 06 Jan 2024 21:11:47.041 * Running mode=standalone, port=5033.
622640:M 06 Jan 2024 21:11:47.047 * <raft> RedisRaft version 255.255.255 [b779b199]
622640:M 06 Jan 2024 21:11:47.051 * <raft> Initializing test network
622640:M 06 Jan 2024 21:11:47.052 * <raft> Created test network client
622640:M 06 Jan 2024 21:11:47.055 * <raft> Raft module loaded, state is 'loading'
622640:M 06 Jan 2024 21:11:47.055 * Module 'raft' loaded from /home/snagendra/Fuzzing/redisraft-fuzzing/redisraft.so
622640:M 06 Jan 2024 21:11:47.056 * Server initialized
622640:M 06 Jan 2024 21:11:47.056 . The AOF directory appendonlydir doesn't exist
622640:M 06 Jan 2024 21:11:47.056 * Ready to accept connections tcp
622640:M 06 Jan 2024 21:11:47.056 . 0 clients connected (0 replicas), 1746720 bytes in use
622640:M 06 Jan 2024 21:11:47.058 - Accepted 127.0.0.1:58360
622640:M 06 Jan 2024 21:11:47.058 # Missing implement of connection type tls
622640:signal-handler (1704571907) Received SIGINT scheduling shutdown...
622640:signal-handler (1704571907) You insist... exiting now.
622640:M 06 Jan 2024 21:11:47.075 - Accepted 127.0.0.1:58364
622731:C 06 Jan 2024 21:11:47.149 # WARNING Memory overcommit must be enabled! Without it, a background save or replication may fail under low memory condition. Being disabled, it can also cause failures without low memory condition, see https://github.com/jemalloc/jemalloc/issues/1328. To fix this issue add 'vm.overcommit_memory = 1' to /etc/sysctl.conf and then reboot or run the command 'sysctl vm.overcommit_memory=1' for this to take effect.
622731:C 06 Jan 2024 21:11:47.149 * oO0OoO0OoO0Oo Redis is starting oO0OoO0OoO0Oo
622731:C 06 Jan 2024 21:11:47.149 * Redis version=255.255.255, bits=64, commit=e04ebdb8, modified=1, pid=622731, just started
622731:C 06 Jan 2024 21:11:47.149 * Configuration loaded
622731:M 06 Jan 2024 21:11:47.149 * monotonic clock: POSIX clock_gettime
622731:M 06 Jan 2024 21:11:47.150 * Running mode=standalone, port=5033.
622731:M 06 Jan 2024 21:11:47.156 * <raft> RedisRaft version 255.255.255 [b779b199]
622731:M 06 Jan 2024 21:11:47.160 * <raft> Initializing test network
622731:M 06 Jan 2024 21:11:47.161 * <raft> Created test network client
622731:M 06 Jan 2024 21:11:47.165 * <raft> Raft module loaded, state is 'loading'
622731:M 06 Jan 2024 21:11:47.165 * Module 'raft' loaded from /home/snagendra/Fuzzing/redisraft-fuzzing/redisraft.so
622731:M 06 Jan 2024 21:11:47.165 * Server initialized
622731:M 06 Jan 2024 21:11:47.165 . The AOF directory appendonlydir doesn't exist
622731:M 06 Jan 2024 21:11:47.165 * Ready to accept connections tcp
622731:M 06 Jan 2024 21:11:47.165 . 0 clients connected (0 replicas), 1746720 bytes in use
622731:M 06 Jan 2024 21:11:47.175 - Accepted 127.0.0.1:58380
622731:M 06 Jan 2024 21:11:47.175 # Missing implement of connection type tls
622731:M 06 Jan 2024 21:11:47.259 - Accepted 127.0.0.1:58392
622731:M 06 Jan 2024 21:11:47.265 * <raft> Loading: Redis loading complete, snapshot NOT LOADED
622731:M 06 Jan 2024 21:11:47.265 * <raft> Cluster Membership: term:0 index:0 nodes: id=3,voting=0,active=1,addr=-
622731:M 06 Jan 2024 21:11:47.266 * <raft> Test network starting message polling thread


=== REDIS BUG REPORT START: Cut & paste starting from here ===
622731:M 06 Jan 2024 21:11:47.266 # === ASSERTION FAILED ===
622731:M 06 Jan 2024 21:11:47.266 # ==> /home/snagendra/Fuzzing/redisraft-fuzzing/src/log.c:509 'ety != NULL' is not true

------ STACK TRACE ------

Backtrace:
/home/snagendra/Fuzzing/redisraft-fuzzing/redisraft.so(+0x25e00)[0x7fce0bca7e00]
/home/snagendra/Fuzzing/redisraft-fuzzing/redisraft.so(LogGet+0x60)[0x7fce0bca91b0]
/home/snagendra/Fuzzing/redisraft-fuzzing/redisraft.so(+0x272ef)[0x7fce0bca92ef]
/home/snagendra/Fuzzing/redisraft-fuzzing/redisraft.so(raft_get_entry_from_idx+0x1a)[0x7fce0bcbd45a]
/home/snagendra/Fuzzing/redisraft-fuzzing/redisraft.so(raft_get_last_log_term+0x36)[0x7fce0bcc3346]
622731:M 06 Jan 2024 21:11:47.266 * <raft> Cluster Membership: term:0 index:4 nodes: id=3,voting=0,active=1,addr=- id=2,voting=0,active=1,addr=localhost:5032
/home/snagendra/Fuzzing/redisraft-fuzzing/redisraft.so(raft_recv_requestvote+0x16f)[0x7fce0bcbe08f]
/home/snagendra/Fuzzing/redisraft-fuzzing/redisraft.so(handleTestNetworkMessage+0x1a2)[0x7fce0bcb7512]
622731:M 06 Jan 2024 21:11:47.266 * <raft> Raft state after loading log: log_count=4, first_idx=1, current_idx=4, last_applied_idx=0
622731:M 06 Jan 2024 21:11:47.266 . <raft> Raft term=1, vote=-1
/home/snagendra/Fuzzing/redisraft-fuzzing/redisraft.so(poll_redis_test_messages+0x89)[0x7fce0bcb75c9]
/lib/x86_64-linux-gnu/libc.so.6(+0x89044)[0x7fce0bd98044]
/lib/x86_64-linux-gnu/libc.so.6(+0x10961c)[0x7fce0be1861c]

------ INFO OUTPUT ------
# Server
redis_version:255.255.255
redis_git_sha1:e04ebdb8
redis_git_dirty:1
redis_build_id:1f78dcc7b4fbdd25
redis_mode:standalone
os:Linux 6.1.60.1.amd64-smp x86_64
arch_bits:64
monotonic_clock:POSIX clock_gettime
multiplexing_api:epoll
atomicvar_api:c11-builtin
gcc_version:10.2.1
process_id:622731
process_supervised:no
run_id:274b8b4e93dc4355fb0d1d308502ec189a6d72fb
tcp_port:5033
server_time_usec:1704571907266658
uptime_in_seconds:0
uptime_in_days:0
hz:10
configured_hz:10
lru_clock:10073091
executable:/home/snagendra/Fuzzing/redis/src/redis-server
config_file:
io_threads_active:0
listener0:name=tcp,bind=0.0.0.0,port=5033

# Clients
connected_clients:2
cluster_connections:0
maxclients:10000
client_recent_max_input_buffer:20480
client_recent_max_output_buffer:0
blocked_clients:0
tracking_clients:0
clients_in_timeout_table:0
total_blocking_keys:0
total_blocking_keys_on_nokey:0

# Memory
used_memory:1856232
used_memory_human:1.77M
used_memory_rss:18210816
used_memory_rss_human:17.37M
used_memory_peak:1856232
used_memory_peak_human:1.77M
used_memory_peak_perc:100.10%
used_memory_overhead:1822280
used_memory_startup:1746576
used_memory_dataset:33952
used_memory_dataset_perc:30.96%
allocator_allocated:2143288
allocator_active:2691072
allocator_resident:10797056
total_system_memory:270388695040
total_system_memory_human:251.82G
used_memory_lua:31744
used_memory_vm_eval:31744
used_memory_lua_human:31.00K
used_memory_scripts_eval:0
number_of_cached_scripts:0
number_of_functions:0
number_of_libraries:0
used_memory_vm_functions:32768
used_memory_vm_total:64512
used_memory_vm_total_human:63.00K
used_memory_functions:184
used_memory_scripts:184
used_memory_scripts_human:184B
maxmemory:0
maxmemory_human:0B
maxmemory_policy:noeviction
allocator_frag_ratio:1.26
allocator_frag_bytes:547784
allocator_rss_ratio:4.01
allocator_rss_bytes:8105984
rss_overhead_ratio:1.69
rss_overhead_bytes:7413760
mem_fragmentation_ratio:9.82
mem_fragmentation_bytes:16356488
mem_not_counted_for_evict:0
mem_replication_backlog:0
mem_total_replication_buffers:0
mem_clients_slaves:0
mem_clients_normal:75520
mem_cluster_links:0
mem_aof_buffer:0
mem_allocator:jemalloc-5.3.0
active_defrag_running:0
lazyfree_pending_objects:0
lazyfreed_objects:0

# Persistence
loading:0
async_loading:0
current_cow_peak:0
current_cow_size:0
current_cow_size_age:0
current_fork_perc:0.00
current_save_keys_processed:0
current_save_keys_total:0
rdb_changes_since_last_save:0
rdb_bgsave_in_progress:0
rdb_last_save_time:1704571907
rdb_last_bgsave_status:ok
rdb_last_bgsave_time_sec:-1
rdb_current_bgsave_time_sec:-1
rdb_saves:0
rdb_last_cow_size:0
rdb_last_load_keys_expired:0
rdb_last_load_keys_loaded:0
aof_enabled:0
aof_rewrite_in_progress:0
aof_rewrite_scheduled:0
aof_last_rewrite_time_sec:-1
aof_current_rewrite_time_sec:-1
aof_last_bgrewrite_status:ok
aof_rewrites:0
aof_rewrites_consecutive_failures:0
aof_last_write_status:ok
aof_last_cow_size:0
module_fork_in_progress:0
module_fork_last_cow_size:0

# Stats
total_connections_received:2
total_commands_processed:8
instantaneous_ops_per_sec:24
total_net_input_bytes:66
total_net_output_bytes:10
total_net_repl_input_bytes:0
total_net_repl_output_bytes:0
instantaneous_input_kbps:0.04
instantaneous_output_kbps:0.01
instantaneous_input_repl_kbps:0.00
instantaneous_output_repl_kbps:0.00
rejected_connections:0
sync_full:0
sync_partial_ok:0
sync_partial_err:0
expired_keys:0
expired_stale_perc:0.00
expired_time_cap_reached_count:0
expire_cycle_cpu_milliseconds:0
evicted_keys:0
evicted_clients:0
total_eviction_exceeded_time:0
current_eviction_exceeded_time:0
keyspace_hits:0
keyspace_misses:0
pubsub_channels:0
pubsub_patterns:0
pubsubshard_channels:0
latest_fork_usec:0
total_forks:0
migrate_cached_sockets:0
slave_expires_tracked_keys:0
active_defrag_hits:0
active_defrag_misses:0
active_defrag_key_hits:0
active_defrag_key_misses:0
total_active_defrag_time:0
current_active_defrag_time:0
tracking_total_keys:0
tracking_total_items:0
tracking_total_prefixes:0
unexpected_error_replies:0
total_error_replies:0
dump_payload_sanitizations:0
total_reads_processed:2
total_writes_processed:2
io_threaded_reads_processed:0
io_threaded_writes_processed:0
reply_buffer_shrinks:0
reply_buffer_expands:0
acl_access_denied_auth:0
acl_access_denied_cmd:0
acl_access_denied_key:0
acl_access_denied_channel:0

# Replication
role:master
connected_slaves:0
master_failover_state:no-failover
master_replid:d33fd514d718d2c4252a08850d122b9146c119bc
master_replid2:0000000000000000000000000000000000000000
master_repl_offset:0
second_repl_offset:-1
repl_backlog_active:0
repl_backlog_size:1048576
repl_backlog_first_byte_offset:0
repl_backlog_histlen:0

# CPU
used_cpu_sys:0.007194
used_cpu_user:0.011367
used_cpu_sys_children:0.000000
used_cpu_user_children:0.000000
used_cpu_sys_main_thread:0.000000
used_cpu_user_main_thread:0.000712

# Modules
module:name=raft,ver=1,api=1,filters=1,usedby=[],using=[],options=[]

# Commandstats
cmdstat_command:calls=2,usec=1433,usec_per_call=716.50,rejected_calls=0,failed_calls=0
cmdstat_auth:calls=2,usec=2,usec_per_call=1.00,rejected_calls=0,failed_calls=0
cmdstat_config|get:calls=3,usec=4,usec_per_call=1.33,rejected_calls=0,failed_calls=0
cmdstat_config|set:calls=1,usec=10,usec_per_call=10.00,rejected_calls=0,failed_calls=0

# Errorstats

# Latencystats
latency_percentiles_usec_command:p50=671.743,p99=765.951,p99.9=765.951
latency_percentiles_usec_auth:p50=1.003,p99=1.003,p99.9=1.003
latency_percentiles_usec_config|get:p50=1.003,p99=2.007,p99.9=2.007
latency_percentiles_usec_config|set:p50=10.047,p99=10.047,p99.9=10.047

# Cluster
cluster_enabled:0

# Keyspace

------ CLIENT LIST OUTPUT ------
id=8 addr=127.0.0.1:58380 laddr=127.0.0.1:5033 fd=11 name= age=0 idle=0 flags=N db=0 sub=0 psub=0 ssub=0 multi=-1 qbuf=0 qbuf-free=20474 argv-mem=0 multi-mem=0 rbs=16384 rbp=0 obl=0 oll=0 omem=0 tot-mem=37760 events=r cmd=auth user=default redir=-1 resp=2 lib-name= lib-ver=
id=9 addr=127.0.0.1:58392 laddr=127.0.0.1:5033 fd=12 name= age=0 idle=0 flags=N db=0 sub=0 psub=0 ssub=0 multi=-1 qbuf=0 qbuf-free=20474 argv-mem=0 multi-mem=0 rbs=16384 rbp=0 obl=0 oll=0 omem=0 tot-mem=37760 events=r cmd=auth user=default redir=-1 resp=2 lib-name= lib-ver=

------ MODULES INFO OUTPUT ------
# raft_version
raft_version:255.255.255
raft_git_sha1:b779b199

# raft_general
raft_dbid:a46fd748105d0aab087d641225ac493c
raft_node_id:3
raft_state:up
raft_role:follower
raft_is_voting:no
raft_voted_for:-1
raft_leader_id:-1
raft_current_term:1
raft_num_nodes:2
raft_num_voting_nodes:0
raft_node1:id=2,state=connecting,voting=no,addr=localhost,port=5032,last_conn_secs=-1,conn_errors=0,conn_oks=0

# raft_log
raft_log_entries:4
raft_current_index:4
raft_commit_index:0
raft_last_applied_index:0
raft_file_size:1187
raft_cache_memory_size:0
raft_cache_entries:0
raft_client_attached_entries:0
raft_fsync_count:0
raft_fsync_max_microseconds:0
raft_entry1:term=1,id=0,data_len=0
raft_entry2:term=1,id=293971369,data_len=264
raft_entry3:term=1,id=1627493056,data_len=264
raft_fsync_avg_microseconds:0

# raft_snapshot
raft_snapshot_filename:redis3.rdb
raft_snapshot_last_idx:0
raft_snapshot_last_term:0
raft_snapshot_size:0
raft_snapshot_time_secs:-1
raft_snapshots_created:0
raft_snapshots_received:0
raft_snapshot_in_progress:no
raft_snapshot_in_progress_last_idx:-1
raft_snapshot_in_progress_last_term:-1

# raft_clients
raft_proxy_reqs:0
raft_proxy_failed_reqs:0
raft_proxy_failed_responses:0
raft_proxy_outstanding_reqs:0

# raft_stats
raft_appendreq_received:0
raft_appendreq_with_entry_received:0
raft_snapshotreq_received:0
raft_exec_throttled:0
raft_num_sessions:0

------ CONFIG DEBUG OUTPUT ------
lazyfree-lazy-eviction no
sanitize-dump-payload no
list-compress-depth 0
client-query-buffer-limit 1gb
proto-max-bulk-len 512mb
lazyfree-lazy-user-flush no
lazyfree-lazy-expire no
lazyfree-lazy-user-del no
io-threads-do-reads no
lazyfree-lazy-server-del no
repl-diskless-load disabled
repl-diskless-sync yes
slave-read-only yes
activedefrag no
replica-read-only yes
io-threads 1

------ FAST MEMORY TEST ------
622731:M 06 Jan 2024 21:11:47.267 # main thread terminated
622731:M 06 Jan 2024 21:11:47.267 # Bio worker thread #0 terminated
622731:M 06 Jan 2024 21:11:47.267 # Bio worker thread #1 terminated
622731:M 06 Jan 2024 21:11:47.267 # Bio worker thread #2 terminated

Fast memory test PASSED, however your memory can still be broken. Please run a memory test for several hours if possible.

=== REDIS BUG REPORT END. Make sure to include from START to END. ===

       Please report the crash by opening an issue on github:

           http://github.com/redis/redis/issues

  If a Redis module was involved, please open in the module's repo instead.

  Suspect RAM error? Use redis-server --test-memory to verify it.

  Some other issues could be detected by redis-server --check-system

----- Stderr -----
libgcov profiling error:/home/snagendra/Fuzzing/redisraft-fuzzing/build/deps/raft/CMakeFiles/raft.dir/src/raft_server_properties.c.gcda:Merge mismatch for function 7
libgcov profiling error:/home/snagendra/Fuzzing/redisraft-fuzzing/build/deps/raft/CMakeFiles/raft.dir/src/raft_server.c.gcda:Merge mismatch for function 43
libgcov profiling error:/home/snagendra/Fuzzing/redisraft-fuzzing/build/deps/raft/CMakeFiles/raft.dir/src/raft_server_properties.c.gcda:Merge mismatch for function 7
libgcov profiling error:/home/snagendra/Fuzzing/redisraft-fuzzing/build/deps/raft/CMakeFiles/raft.dir/src/raft_server.c.gcda:Merge mismatch for function 43
libgcov profiling error:/home/snagendra/Fuzzing/redisraft-fuzzing/build/deps/raft/CMakeFiles/raft.dir/src/raft_server_properties.c.gcda:Merge mismatch for function 7
libgcov profiling error:/home/snagendra/Fuzzing/redisraft-fuzzing/build/deps/raft/CMakeFiles/raft.dir/src/raft_server.c.gcda:Merge mismatch for function 43



