logs for node: 1

----- Stdout -----
2565053:C 05 Jan 2024 12:43:40.928 # WARNING Memory overcommit must be enabled! Without it, a background save or replication may fail under low memory condition. Being disabled, it can also cause failures without low memory condition, see https://github.com/jemalloc/jemalloc/issues/1328. To fix this issue add 'vm.overcommit_memory = 1' to /etc/sysctl.conf and then reboot or run the command 'sysctl vm.overcommit_memory=1' for this to take effect.
2565053:C 05 Jan 2024 12:43:40.928 * oO0OoO0OoO0Oo Redis is starting oO0OoO0OoO0Oo
2565053:C 05 Jan 2024 12:43:40.928 * Redis version=255.255.255, bits=64, commit=e04ebdb8, modified=1, pid=2565053, just started
2565053:C 05 Jan 2024 12:43:40.928 * Configuration loaded
2565053:M 05 Jan 2024 12:43:40.929 * monotonic clock: POSIX clock_gettime
2565053:M 05 Jan 2024 12:43:40.929 * Running mode=standalone, port=5031.
2565053:M 05 Jan 2024 12:43:40.936 * <raft> RedisRaft version 255.255.255 [b779b199]
2565053:M 05 Jan 2024 12:43:40.941 * <raft> Initializing test network
2565053:M 05 Jan 2024 12:43:40.941 * <raft> Created test network client
2565053:M 05 Jan 2024 12:43:40.942 * <raft> Raft module loaded, state is 'uninitialized'
2565053:M 05 Jan 2024 12:43:40.942 * Module 'raft' loaded from /home/snagendra/Fuzzing/redisraft-fuzzing/redisraft.so
2565053:M 05 Jan 2024 12:43:40.943 * Server initialized
2565053:M 05 Jan 2024 12:43:40.943 . The AOF directory appendonlydir doesn't exist
2565053:M 05 Jan 2024 12:43:40.943 * Ready to accept connections tcp
2565053:M 05 Jan 2024 12:43:40.943 - Accepted 127.0.0.1:60828
2565053:M 05 Jan 2024 12:43:40.943 # Missing implement of connection type tls
2565053:M 05 Jan 2024 12:43:40.944 . 1 clients connected (0 replicas), 1744184 bytes in use
2565053:M 05 Jan 2024 12:43:40.949 * <raft> Cluster Membership: term:0 index:0 nodes: id=1,voting=0,active=1,addr=-
2565053:M 05 Jan 2024 12:43:40.954 * <raft> State change: Node is now a leader, term 1
2565053:M 05 Jan 2024 12:43:40.954 * <raft> Cluster Membership: term:1 index:1 nodes: id=1,voting=0,active=1,addr=-
2565053:M 05 Jan 2024 12:43:40.955 * <raft> Test network starting message polling thread
2565053:M 05 Jan 2024 12:43:40.955 * <raft> Raft Cluster initialized, node id: 1, dbid: 503f31ea638bae26da1913b6aa5ee559
2565053:M 05 Jan 2024 12:43:41.072 - Accepted 127.0.0.1:60830
2565053:M 05 Jan 2024 12:43:41.073 * <raft> Cluster Membership: term:1 index:3 nodes: id=1,voting=1,active=1,addr=- id=2,voting=0,active=1,addr=localhost:5032
2565053:M 05 Jan 2024 12:43:41.080 - Client closed connection id=9 addr=127.0.0.1:60830 laddr=127.0.0.1:5031 fd=12 name= age=0 idle=0 flags=N db=0 sub=0 psub=0 ssub=0 multi=-1 qbuf=0 qbuf-free=20474 argv-mem=0 multi-mem=0 rbs=16384 rbp=16384 obl=0 oll=0 omem=0 tot-mem=37760 events=r cmd=raft.node user=default redir=-1 resp=2 lib-name= lib-ver=
2565053:M 05 Jan 2024 12:43:41.196 - Accepted 127.0.0.1:60836
2565053:M 05 Jan 2024 12:43:41.197 * <raft> Cluster Membership: term:1 index:4 nodes: id=1,voting=1,active=1,addr=- id=2,voting=0,active=1,addr=localhost:5032 id=3,voting=0,active=1,addr=localhost:5033
2565053:M 05 Jan 2024 12:43:41.204 - Client closed connection id=10 addr=127.0.0.1:60836 laddr=127.0.0.1:5031 fd=13 name= age=0 idle=0 flags=N db=0 sub=0 psub=0 ssub=0 multi=-1 qbuf=0 qbuf-free=20474 argv-mem=0 multi-mem=0 rbs=16384 rbp=16384 obl=0 oll=0 omem=0 tot-mem=37760 events=r cmd=raft.node user=default redir=-1 resp=2 lib-name= lib-ver=
2565053:signal-handler (1704455023) Received SIGINT scheduling shutdown...
2565053:signal-handler (1704455023) You insist... exiting now.
2566523:C 05 Jan 2024 12:43:43.605 # WARNING Memory overcommit must be enabled! Without it, a background save or replication may fail under low memory condition. Being disabled, it can also cause failures without low memory condition, see https://github.com/jemalloc/jemalloc/issues/1328. To fix this issue add 'vm.overcommit_memory = 1' to /etc/sysctl.conf and then reboot or run the command 'sysctl vm.overcommit_memory=1' for this to take effect.
2566523:C 05 Jan 2024 12:43:43.605 * oO0OoO0OoO0Oo Redis is starting oO0OoO0OoO0Oo
2566523:C 05 Jan 2024 12:43:43.605 * Redis version=255.255.255, bits=64, commit=e04ebdb8, modified=1, pid=2566523, just started
2566523:C 05 Jan 2024 12:43:43.605 * Configuration loaded
2566523:M 05 Jan 2024 12:43:43.605 * monotonic clock: POSIX clock_gettime
2566523:M 05 Jan 2024 12:43:43.606 * Running mode=standalone, port=5031.
2566523:M 05 Jan 2024 12:43:43.613 * <raft> RedisRaft version 255.255.255 [b779b199]
2566523:M 05 Jan 2024 12:43:43.617 * <raft> Initializing test network
2566523:M 05 Jan 2024 12:43:43.618 * <raft> Created test network client
2566523:M 05 Jan 2024 12:43:43.621 * <raft> Raft module loaded, state is 'loading'
2566523:M 05 Jan 2024 12:43:43.621 * Module 'raft' loaded from /home/snagendra/Fuzzing/redisraft-fuzzing/redisraft.so
2566523:M 05 Jan 2024 12:43:43.622 * Server initialized
2566523:M 05 Jan 2024 12:43:43.622 . The AOF directory appendonlydir doesn't exist
2566523:M 05 Jan 2024 12:43:43.622 * Ready to accept connections tcp
2566523:M 05 Jan 2024 12:43:43.622 . 0 clients connected (0 replicas), 1746688 bytes in use
2566523:M 05 Jan 2024 12:43:43.722 * <raft> Loading: Redis loading complete, snapshot NOT LOADED
2566523:M 05 Jan 2024 12:43:43.723 * <raft> Cluster Membership: term:0 index:0 nodes: id=1,voting=0,active=1,addr=-
2566523:M 05 Jan 2024 12:43:43.723 * <raft> Test network starting message polling thread
2566523:M 05 Jan 2024 12:43:43.723 * <raft> Cluster Membership: term:0 index:6 nodes: id=1,voting=1,active=1,addr=- id=2,voting=0,active=1,addr=localhost:5032
2566523:M 05 Jan 2024 12:43:43.724 * <raft> Cluster Membership: term:0 index:6 nodes: id=1,voting=1,active=1,addr=- id=2,voting=0,active=1,addr=localhost:5032 id=3,voting=0,active=1,addr=localhost:5033
2566523:M 05 Jan 2024 12:43:43.724 * <raft> Raft state after loading log: log_count=6, first_idx=1, current_idx=6, last_applied_idx=0
2566523:M 05 Jan 2024 12:43:43.724 . <raft> Raft term=1, vote=-1
2566523:M 05 Jan 2024 12:43:43.730 * <raft> State change: Node is now a leader, term 2
2566523:M 05 Jan 2024 12:43:43.730 * <raft> Cluster Membership: term:2 index:7 nodes: id=1,voting=1,active=1,addr=- id=2,voting=0,active=1,addr=localhost:5032 id=3,voting=0,active=1,addr=localhost:5033
2566523:M 05 Jan 2024 12:43:43.863 - Accepted 127.0.0.1:60500
2566523:M 05 Jan 2024 12:43:43.863 # Missing implement of connection type tls
2566523:signal-handler (1704455024) Received SIGINT scheduling shutdown...
2566523:M 05 Jan 2024 12:43:44.232 * User requested shutdown...
2566523:M 05 Jan 2024 12:43:44.232 # Redis is now ready to exit, bye bye...
2566875:C 05 Jan 2024 12:43:44.278 # WARNING Memory overcommit must be enabled! Without it, a background save or replication may fail under low memory condition. Being disabled, it can also cause failures without low memory condition, see https://github.com/jemalloc/jemalloc/issues/1328. To fix this issue add 'vm.overcommit_memory = 1' to /etc/sysctl.conf and then reboot or run the command 'sysctl vm.overcommit_memory=1' for this to take effect.
2566875:C 05 Jan 2024 12:43:44.278 * oO0OoO0OoO0Oo Redis is starting oO0OoO0OoO0Oo
2566875:C 05 Jan 2024 12:43:44.278 * Redis version=255.255.255, bits=64, commit=e04ebdb8, modified=1, pid=2566875, just started
2566875:C 05 Jan 2024 12:43:44.278 * Configuration loaded
2566875:M 05 Jan 2024 12:43:44.279 * monotonic clock: POSIX clock_gettime
2566875:M 05 Jan 2024 12:43:44.279 * Running mode=standalone, port=5031.
2566875:M 05 Jan 2024 12:43:44.286 * <raft> RedisRaft version 255.255.255 [b779b199]
2566875:M 05 Jan 2024 12:43:44.291 * <raft> Initializing test network
2566875:M 05 Jan 2024 12:43:44.292 * <raft> Created test network client
2566875:M 05 Jan 2024 12:43:44.296 * <raft> Raft module loaded, state is 'loading'
2566875:M 05 Jan 2024 12:43:44.296 * Module 'raft' loaded from /home/snagendra/Fuzzing/redisraft-fuzzing/redisraft.so
2566875:M 05 Jan 2024 12:43:44.296 * Server initialized
2566875:M 05 Jan 2024 12:43:44.296 . The AOF directory appendonlydir doesn't exist
2566875:M 05 Jan 2024 12:43:44.296 * Ready to accept connections tcp
2566875:M 05 Jan 2024 12:43:44.296 . 0 clients connected (0 replicas), 1746688 bytes in use
2566875:signal-handler (1704455024) Received SIGINT scheduling shutdown...
2566875:signal-handler (1704455024) You insist... exiting now.
2566927:C 05 Jan 2024 12:43:44.354 # WARNING Memory overcommit must be enabled! Without it, a background save or replication may fail under low memory condition. Being disabled, it can also cause failures without low memory condition, see https://github.com/jemalloc/jemalloc/issues/1328. To fix this issue add 'vm.overcommit_memory = 1' to /etc/sysctl.conf and then reboot or run the command 'sysctl vm.overcommit_memory=1' for this to take effect.
2566927:C 05 Jan 2024 12:43:44.354 * oO0OoO0OoO0Oo Redis is starting oO0OoO0OoO0Oo
2566927:C 05 Jan 2024 12:43:44.354 * Redis version=255.255.255, bits=64, commit=e04ebdb8, modified=1, pid=2566927, just started
2566927:C 05 Jan 2024 12:43:44.354 * Configuration loaded
2566927:M 05 Jan 2024 12:43:44.354 * monotonic clock: POSIX clock_gettime
2566927:M 05 Jan 2024 12:43:44.355 * Running mode=standalone, port=5031.
2566927:M 05 Jan 2024 12:43:44.361 * <raft> RedisRaft version 255.255.255 [b779b199]
2566927:M 05 Jan 2024 12:43:44.365 * <raft> Initializing test network
2566927:M 05 Jan 2024 12:43:44.366 * <raft> Created test network client
2566927:M 05 Jan 2024 12:43:44.368 * <raft> Raft module loaded, state is 'loading'
2566927:M 05 Jan 2024 12:43:44.368 * Module 'raft' loaded from /home/snagendra/Fuzzing/redisraft-fuzzing/redisraft.so
2566927:M 05 Jan 2024 12:43:44.368 * Server initialized
2566927:M 05 Jan 2024 12:43:44.368 . The AOF directory appendonlydir doesn't exist
2566927:M 05 Jan 2024 12:43:44.368 * Ready to accept connections tcp
2566927:M 05 Jan 2024 12:43:44.368 . 0 clients connected (0 replicas), 1746688 bytes in use
2566927:signal-handler (1704455024) Received SIGINT scheduling shutdown...
2566927:signal-handler (1704455024) You insist... exiting now.

----- Stderr -----
libgcov profiling error:/home/snagendra/Fuzzing/redisraft-fuzzing/build/deps/raft/CMakeFiles/raft.dir/src/raft_node.c.gcda:Merge mismatch for function 0
libgcov profiling error:/home/snagendra/Fuzzing/redisraft-fuzzing/build/deps/raft/CMakeFiles/raft.dir/src/raft_server.c.gcda:Merge mismatch for function 47
libgcov profiling error:/home/snagendra/Fuzzing/redisraft-fuzzing/build/deps/raft/CMakeFiles/raft.dir/src/raft_node.c.gcda:Merge mismatch for function 0
libgcov profiling error:/home/snagendra/Fuzzing/redisraft-fuzzing/build/deps/raft/CMakeFiles/raft.dir/src/raft_server.c.gcda:Merge mismatch for function 47
libgcov profiling error:/home/snagendra/Fuzzing/redisraft-fuzzing/build/deps/raft/CMakeFiles/raft.dir/src/raft_node.c.gcda:Merge mismatch for function 0
libgcov profiling error:/home/snagendra/Fuzzing/redisraft-fuzzing/build/deps/raft/CMakeFiles/raft.dir/src/raft_server.c.gcda:Merge mismatch for function 47
libgcov profiling error:/home/snagendra/Fuzzing/redisraft-fuzzing/build/deps/raft/CMakeFiles/raft.dir/src/raft_node.c.gcda:Merge mismatch for function 0
libgcov profiling error:/home/snagendra/Fuzzing/redisraft-fuzzing/build/deps/raft/CMakeFiles/raft.dir/src/raft_server.c.gcda:Merge mismatch for function 47




logs for node: 2

----- Stdout -----
2565073:C 05 Jan 2024 12:43:40.957 # WARNING Memory overcommit must be enabled! Without it, a background save or replication may fail under low memory condition. Being disabled, it can also cause failures without low memory condition, see https://github.com/jemalloc/jemalloc/issues/1328. To fix this issue add 'vm.overcommit_memory = 1' to /etc/sysctl.conf and then reboot or run the command 'sysctl vm.overcommit_memory=1' for this to take effect.
2565073:C 05 Jan 2024 12:43:40.958 * oO0OoO0OoO0Oo Redis is starting oO0OoO0OoO0Oo
2565073:C 05 Jan 2024 12:43:40.958 * Redis version=255.255.255, bits=64, commit=e04ebdb8, modified=1, pid=2565073, just started
2565073:C 05 Jan 2024 12:43:40.958 * Configuration loaded
2565073:M 05 Jan 2024 12:43:40.958 * monotonic clock: POSIX clock_gettime
2565073:M 05 Jan 2024 12:43:40.958 * Running mode=standalone, port=5032.
2565073:M 05 Jan 2024 12:43:40.965 * <raft> RedisRaft version 255.255.255 [b779b199]
2565073:M 05 Jan 2024 12:43:40.970 * <raft> Initializing test network
2565073:M 05 Jan 2024 12:43:40.971 * <raft> Created test network client
2565073:M 05 Jan 2024 12:43:40.971 * <raft> Raft module loaded, state is 'uninitialized'
2565073:M 05 Jan 2024 12:43:40.971 * Module 'raft' loaded from /home/snagendra/Fuzzing/redisraft-fuzzing/redisraft.so
2565073:M 05 Jan 2024 12:43:40.972 * Server initialized
2565073:M 05 Jan 2024 12:43:40.973 . The AOF directory appendonlydir doesn't exist
2565073:M 05 Jan 2024 12:43:40.973 * Ready to accept connections tcp
2565073:M 05 Jan 2024 12:43:40.973 . 0 clients connected (0 replicas), 1726128 bytes in use
2565073:M 05 Jan 2024 12:43:40.988 - Accepted 127.0.0.1:41130
2565073:M 05 Jan 2024 12:43:40.988 # Missing implement of connection type tls
2565073:M 05 Jan 2024 12:43:41.072 - <raft> join cluster, connecting to localhost:5031
2565073:M 05 Jan 2024 12:43:41.073 * <raft> Joined Raft cluster, node id: 2, dbid: 503f31ea638bae26da1913b6aa5ee559
2565073:M 05 Jan 2024 12:43:41.079 * <raft> Cluster Membership: term:0 index:0 nodes: id=2,voting=0,active=1,addr=-
2565073:M 05 Jan 2024 12:43:41.080 * <raft> Test network starting message polling thread
2565073:M 05 Jan 2024 12:43:41.144 - Accepted 127.0.0.1:41146
2565073:signal-handler (1704455021) Received SIGINT scheduling shutdown...
2565073:signal-handler (1704455021) You insist... exiting now.
2565397:C 05 Jan 2024 12:43:41.708 # WARNING Memory overcommit must be enabled! Without it, a background save or replication may fail under low memory condition. Being disabled, it can also cause failures without low memory condition, see https://github.com/jemalloc/jemalloc/issues/1328. To fix this issue add 'vm.overcommit_memory = 1' to /etc/sysctl.conf and then reboot or run the command 'sysctl vm.overcommit_memory=1' for this to take effect.
2565397:C 05 Jan 2024 12:43:41.708 * oO0OoO0OoO0Oo Redis is starting oO0OoO0OoO0Oo
2565397:C 05 Jan 2024 12:43:41.708 * Redis version=255.255.255, bits=64, commit=e04ebdb8, modified=1, pid=2565397, just started
2565397:C 05 Jan 2024 12:43:41.708 * Configuration loaded
2565397:M 05 Jan 2024 12:43:41.708 * monotonic clock: POSIX clock_gettime
2565397:M 05 Jan 2024 12:43:41.709 * Running mode=standalone, port=5032.
2565397:M 05 Jan 2024 12:43:41.715 * <raft> RedisRaft version 255.255.255 [b779b199]
2565397:M 05 Jan 2024 12:43:41.719 * <raft> Initializing test network
2565397:M 05 Jan 2024 12:43:41.720 * <raft> Created test network client
2565397:M 05 Jan 2024 12:43:41.720 * <raft> Raft module loaded, state is 'uninitialized'
2565397:M 05 Jan 2024 12:43:41.721 * Module 'raft' loaded from /home/snagendra/Fuzzing/redisraft-fuzzing/redisraft.so
2565397:M 05 Jan 2024 12:43:41.721 * Server initialized
2565397:M 05 Jan 2024 12:43:41.721 . The AOF directory appendonlydir doesn't exist
2565397:M 05 Jan 2024 12:43:41.721 * Ready to accept connections tcp
2565397:M 05 Jan 2024 12:43:41.721 . 0 clients connected (0 replicas), 1726192 bytes in use
2565397:M 05 Jan 2024 12:43:41.748 - Accepted 127.0.0.1:41174
2565397:M 05 Jan 2024 12:43:41.748 # Missing implement of connection type tls
2565397:M 05 Jan 2024 12:43:43.021 - Client closed connection id=8 addr=127.0.0.1:41174 laddr=127.0.0.1:5032 fd=9 name= age=2 idle=2 flags=N db=0 sub=0 psub=0 ssub=0 multi=-1 qbuf=0 qbuf-free=20474 argv-mem=0 multi-mem=0 rbs=1024 rbp=0 obl=0 oll=0 omem=0 tot-mem=22400 events=r cmd=auth user=default redir=-1 resp=2 lib-name= lib-ver=
2565397:M 05 Jan 2024 12:43:43.730 - Accepted 127.0.0.1:57826
2565397:signal-handler (1704455023) Received SIGINT scheduling shutdown...
2565397:signal-handler (1704455023) Received SIGINT scheduling shutdown...
2565397:M 05 Jan 2024 12:43:43.929 * User requested shutdown...
2565397:M 05 Jan 2024 12:43:43.929 # Redis is now ready to exit, bye bye...
2566789:C 05 Jan 2024 12:43:44.064 # WARNING Memory overcommit must be enabled! Without it, a background save or replication may fail under low memory condition. Being disabled, it can also cause failures without low memory condition, see https://github.com/jemalloc/jemalloc/issues/1328. To fix this issue add 'vm.overcommit_memory = 1' to /etc/sysctl.conf and then reboot or run the command 'sysctl vm.overcommit_memory=1' for this to take effect.
2566789:C 05 Jan 2024 12:43:44.064 * oO0OoO0OoO0Oo Redis is starting oO0OoO0OoO0Oo
2566789:C 05 Jan 2024 12:43:44.064 * Redis version=255.255.255, bits=64, commit=e04ebdb8, modified=1, pid=2566789, just started
2566789:C 05 Jan 2024 12:43:44.064 * Configuration loaded
2566789:M 05 Jan 2024 12:43:44.065 * monotonic clock: POSIX clock_gettime
2566789:M 05 Jan 2024 12:43:44.066 * Running mode=standalone, port=5032.
2566789:M 05 Jan 2024 12:43:44.073 * <raft> RedisRaft version 255.255.255 [b779b199]
2566789:M 05 Jan 2024 12:43:44.078 * <raft> Initializing test network
2566789:M 05 Jan 2024 12:43:44.079 * <raft> Created test network client
2566789:M 05 Jan 2024 12:43:44.079 * <raft> Raft module loaded, state is 'uninitialized'
2566789:M 05 Jan 2024 12:43:44.079 * Module 'raft' loaded from /home/snagendra/Fuzzing/redisraft-fuzzing/redisraft.so
2566789:M 05 Jan 2024 12:43:44.079 * Server initialized
2566789:M 05 Jan 2024 12:43:44.079 . The AOF directory appendonlydir doesn't exist
2566789:M 05 Jan 2024 12:43:44.080 * Ready to accept connections tcp
2566789:M 05 Jan 2024 12:43:44.080 . 0 clients connected (0 replicas), 1726320 bytes in use
2566789:M 05 Jan 2024 12:43:44.132 - Accepted 127.0.0.1:57836
2566789:M 05 Jan 2024 12:43:44.132 # Missing implement of connection type tls
2566789:M 05 Jan 2024 12:43:44.245 - Client closed connection id=8 addr=127.0.0.1:57836 laddr=127.0.0.1:5032 fd=9 name= age=0 idle=0 flags=N db=0 sub=0 psub=0 ssub=0 multi=-1 qbuf=0 qbuf-free=20474 argv-mem=0 multi-mem=0 rbs=16384 rbp=0 obl=0 oll=0 omem=0 tot-mem=37760 events=r cmd=auth user=default redir=-1 resp=2 lib-name= lib-ver=
2566789:signal-handler (1704455024) Received SIGINT scheduling shutdown...
2566789:signal-handler (1704455024) You insist... exiting now.

----- Stderr -----
libgcov profiling error:/home/snagendra/Fuzzing/redisraft-fuzzing/build/deps/raft/CMakeFiles/raft.dir/src/raft_node.c.gcda:Merge mismatch for function 0
libgcov profiling error:/home/snagendra/Fuzzing/redisraft-fuzzing/build/deps/raft/CMakeFiles/raft.dir/src/raft_server.c.gcda:Merge mismatch for function 47
libgcov profiling error:/home/snagendra/Fuzzing/redisraft-fuzzing/build/deps/raft/CMakeFiles/raft.dir/src/raft_node.c.gcda:Merge mismatch for function 0
libgcov profiling error:/home/snagendra/Fuzzing/redisraft-fuzzing/build/deps/raft/CMakeFiles/raft.dir/src/raft_server.c.gcda:Merge mismatch for function 47
libgcov profiling error:/home/snagendra/Fuzzing/redisraft-fuzzing/build/deps/raft/CMakeFiles/raft.dir/src/raft_node.c.gcda:Merge mismatch for function 0
libgcov profiling error:/home/snagendra/Fuzzing/redisraft-fuzzing/build/deps/raft/CMakeFiles/raft.dir/src/raft_server.c.gcda:Merge mismatch for function 47




logs for node: 3

----- Stdout -----
2565127:C 05 Jan 2024 12:43:41.082 # WARNING Memory overcommit must be enabled! Without it, a background save or replication may fail under low memory condition. Being disabled, it can also cause failures without low memory condition, see https://github.com/jemalloc/jemalloc/issues/1328. To fix this issue add 'vm.overcommit_memory = 1' to /etc/sysctl.conf and then reboot or run the command 'sysctl vm.overcommit_memory=1' for this to take effect.
2565127:C 05 Jan 2024 12:43:41.082 * oO0OoO0OoO0Oo Redis is starting oO0OoO0OoO0Oo
2565127:C 05 Jan 2024 12:43:41.082 * Redis version=255.255.255, bits=64, commit=e04ebdb8, modified=1, pid=2565127, just started
2565127:C 05 Jan 2024 12:43:41.082 * Configuration loaded
2565127:M 05 Jan 2024 12:43:41.083 * monotonic clock: POSIX clock_gettime
2565127:M 05 Jan 2024 12:43:41.083 * Running mode=standalone, port=5033.
2565127:M 05 Jan 2024 12:43:41.090 * <raft> RedisRaft version 255.255.255 [b779b199]
2565127:M 05 Jan 2024 12:43:41.094 * <raft> Initializing test network
2565127:M 05 Jan 2024 12:43:41.095 * <raft> Created test network client
2565127:M 05 Jan 2024 12:43:41.096 * <raft> Raft module loaded, state is 'uninitialized'
2565127:M 05 Jan 2024 12:43:41.096 * Module 'raft' loaded from /home/snagendra/Fuzzing/redisraft-fuzzing/redisraft.so
2565127:M 05 Jan 2024 12:43:41.097 * Server initialized
2565127:M 05 Jan 2024 12:43:41.097 . The AOF directory appendonlydir doesn't exist
2565127:M 05 Jan 2024 12:43:41.098 * Ready to accept connections tcp
2565127:M 05 Jan 2024 12:43:41.098 . 0 clients connected (0 replicas), 1726352 bytes in use
2565127:M 05 Jan 2024 12:43:41.126 - Accepted 127.0.0.1:58640
2565127:M 05 Jan 2024 12:43:41.126 # Missing implement of connection type tls
2565127:M 05 Jan 2024 12:43:41.196 - <raft> join cluster, connecting to localhost:5031
2565127:M 05 Jan 2024 12:43:41.198 * <raft> Joined Raft cluster, node id: 3, dbid: 503f31ea638bae26da1913b6aa5ee559
2565127:M 05 Jan 2024 12:43:41.204 * <raft> Cluster Membership: term:0 index:0 nodes: id=3,voting=0,active=1,addr=-
2565127:M 05 Jan 2024 12:43:41.204 * <raft> Test network starting message polling thread
2565127:M 05 Jan 2024 12:43:41.244 - Accepted 127.0.0.1:58652
2565127:M 05 Jan 2024 12:43:41.898 * <raft> State change: Election starting, node is now a pre-candidate, term 1
2565127:M 05 Jan 2024 12:43:41.898 * <raft> Cluster Membership: term:1 index:0 nodes: id=3,voting=0,active=1,addr=-
2565127:M 05 Jan 2024 12:43:42.199 * <raft> State change: Election starting, node is now a pre-candidate, term 1
2565127:M 05 Jan 2024 12:43:42.199 * <raft> Cluster Membership: term:1 index:0 nodes: id=3,voting=0,active=1,addr=-
2565127:signal-handler (1704455022) Received SIGINT scheduling shutdown...
2565127:signal-handler (1704455022) You insist... exiting now.
2566281:C 05 Jan 2024 12:43:43.208 # WARNING Memory overcommit must be enabled! Without it, a background save or replication may fail under low memory condition. Being disabled, it can also cause failures without low memory condition, see https://github.com/jemalloc/jemalloc/issues/1328. To fix this issue add 'vm.overcommit_memory = 1' to /etc/sysctl.conf and then reboot or run the command 'sysctl vm.overcommit_memory=1' for this to take effect.
2566281:C 05 Jan 2024 12:43:43.208 * oO0OoO0OoO0Oo Redis is starting oO0OoO0OoO0Oo
2566281:C 05 Jan 2024 12:43:43.208 * Redis version=255.255.255, bits=64, commit=e04ebdb8, modified=1, pid=2566281, just started
2566281:C 05 Jan 2024 12:43:43.208 * Configuration loaded
2566281:M 05 Jan 2024 12:43:43.208 * monotonic clock: POSIX clock_gettime
2566281:M 05 Jan 2024 12:43:43.209 * Running mode=standalone, port=5033.
2566281:M 05 Jan 2024 12:43:43.216 * <raft> RedisRaft version 255.255.255 [b779b199]
2566281:M 05 Jan 2024 12:43:43.221 * <raft> Initializing test network
2566281:M 05 Jan 2024 12:43:43.222 * <raft> Created test network client
2566281:M 05 Jan 2024 12:43:43.225 * <raft> Raft module loaded, state is 'loading'
2566281:M 05 Jan 2024 12:43:43.225 * Module 'raft' loaded from /home/snagendra/Fuzzing/redisraft-fuzzing/redisraft.so
2566281:M 05 Jan 2024 12:43:43.226 * Server initialized
2566281:M 05 Jan 2024 12:43:43.226 . The AOF directory appendonlydir doesn't exist
2566281:M 05 Jan 2024 12:43:43.226 * Ready to accept connections tcp
2566281:M 05 Jan 2024 12:43:43.226 . 0 clients connected (0 replicas), 1746688 bytes in use
2566281:M 05 Jan 2024 12:43:43.325 * <raft> Loading: Redis loading complete, snapshot NOT LOADED
2566281:M 05 Jan 2024 12:43:43.325 * <raft> Cluster Membership: term:0 index:0 nodes: id=3,voting=0,active=1,addr=-
2566281:M 05 Jan 2024 12:43:43.326 * <raft> Test network starting message polling thread


=== REDIS BUG REPORT START: Cut & paste starting from here ===
2566281:M 05 Jan 2024 12:43:43.326 # Redis 255.255.255 crashed by signal: 6, si_code: -6
2566281:M 05 Jan 2024 12:43:43.326 # Crashed running the instruction at: 0x7f1853ae4d3c

------ STACK TRACE ------
EIP:
/lib/x86_64-linux-gnu/libc.so.6(+0x8ad3c)[0x7f1853ae4d3c]

Backtrace:
/lib/x86_64-linux-gnu/libc.so.6(+0x3bfd0)[0x7f1853a95fd0]
/lib/x86_64-linux-gnu/libc.so.6(+0x8ad3c)[0x7f1853ae4d3c]
/lib/x86_64-linux-gnu/libc.so.6(gsignal+0x12)[0x7f1853a95f32]
/lib/x86_64-linux-gnu/libc.so.6(abort+0xd3)[0x7f1853a80472]
/lib/x86_64-linux-gnu/libc.so.6(+0x26395)[0x7f1853a80395]
/lib/x86_64-linux-gnu/libc.so.6(+0x34e32)[0x7f1853a8ee32]
/home/snagendra/Fuzzing/redisraft-fuzzing/redisraft.so(+0x3caea)[0x7f18529b4aea]
/home/snagendra/Fuzzing/redisraft-fuzzing/redisraft.so(callRaftPeriodic+0x478)[0x7f18529a5088]
/home/snagendra/Fuzzing/redis/src/redis-server 0.0.0.0:5033(moduleTimerHandler+0x21c)[0x55d66c31d98c]
/home/snagendra/Fuzzing/redis/src/redis-server 0.0.0.0:5033(+0x81705)[0x55d66c227705]
/home/snagendra/Fuzzing/redis/src/redis-server 0.0.0.0:5033(aeMain+0x1c8)[0x55d66c231cb8]
/home/snagendra/Fuzzing/redis/src/redis-server 0.0.0.0:5033(main+0x3cd)[0x55d66c226e2d]
/lib/x86_64-linux-gnu/libc.so.6(+0x271ca)[0x7f1853a811ca]
/lib/x86_64-linux-gnu/libc.so.6(__libc_start_main+0x85)[0x7f1853a81285]
/home/snagendra/Fuzzing/redis/src/redis-server 0.0.0.0:5033(_start+0x2a)[0x55d66c2275aa]

------ REGISTERS ------
2566281:M 05 Jan 2024 12:43:43.326 # 
RAX:0000000000000000 RBX:0000000000272889
RCX:00007f1853ae4d3c RDX:0000000000000006
RDI:0000000000272889 RSI:0000000000272889
RBP:00007f1853a561c0 RSP:00007ffeaff77ca0
R8 :0000000000000007 R9 :000055d66c939820
R10:0000000000000008 R11:0000000000000246
R12:0000000000000006 R13:00000000000006a6
R14:00007f18529e105c R15:000055d66c31c2b0
RIP:00007f1853ae4d3c EFL:0000000000000246
CSGSFS:002b000000000033
2566281:M 05 Jan 2024 12:43:43.326 # (00007ffeaff77caf) -> 000055d66c9398d0
2566281:M 05 Jan 2024 12:43:43.326 # (00007ffeaff77cae) -> 00007f1853c2cc60
2566281:M 05 Jan 2024 12:43:43.326 # (00007ffeaff77cad) -> 00000000000002b1
2566281:M 05 Jan 2024 12:43:43.326 # (00007ffeaff77cac) -> 000055d66c939820
2566281:M 05 Jan 2024 12:43:43.326 # (00007ffeaff77cab) -> 00000000000006a6
2566281:M 05 Jan 2024 12:43:43.326 # (00007ffeaff77caa) -> 0000000000000020
2566281:M 05 Jan 2024 12:43:43.326 # (00007ffeaff77ca9) -> 00007f1853a80472
2566281:M 05 Jan 2024 12:43:43.326 # (00007ffeaff77ca8) -> 00007f1853c2de70
2566281:M 05 Jan 2024 12:43:43.326 # (00007ffeaff77ca7) -> 00007f1853a95f32
2566281:M 05 Jan 2024 12:43:43.326 # (00007ffeaff77ca6) -> 00007f18529e105c
2566281:M 05 Jan 2024 12:43:43.326 # (00007ffeaff77ca5) -> 00000000000006a6
2566281:M 05 Jan 2024 12:43:43.326 # (00007ffeaff77ca4) -> 00007f18529e0720
2566281:M 05 Jan 2024 12:43:43.326 # (00007ffeaff77ca3) -> 00007f1853a561c0
2566281:M 05 Jan 2024 12:43:43.326 # (00007ffeaff77ca2) -> 0000000000000006
2566281:M 05 Jan 2024 12:43:43.326 # (00007ffeaff77ca1) -> d5ff1728702b5600
2566281:M 05 Jan 2024 12:43:43.326 # (00007ffeaff77ca0) -> 000055d66c31c2b0

------ INFO OUTPUT ------
# Server
redis_version:255.255.255
redis_git_sha1:e04ebdb8
redis_git_dirty:1
redis_build_id:1f78dcc7b4fbdd25
redis_mode:standalone
os:Linux 6.1.60.1.amd64-smp x86_64
arch_bits:64
monotonic_clock:POSIX clock_gettime
multiplexing_api:epoll
atomicvar_api:c11-builtin
gcc_version:10.2.1
process_id:2566281
process_supervised:no
run_id:ba4b2f161c0bd484c17f8f8e3d8425c56d414e64
tcp_port:5033
server_time_usec:1704455023325197
uptime_in_seconds:0
uptime_in_days:0
hz:10
configured_hz:10
lru_clock:9956207
executable:/home/snagendra/Fuzzing/redis/src/redis-server
config_file:
io_threads_active:0
listener0:name=tcp,bind=0.0.0.0,port=5033

# Clients
connected_clients:0
cluster_connections:0
maxclients:10000
client_recent_max_input_buffer:0
client_recent_max_output_buffer:0
blocked_clients:0
tracking_clients:0
clients_in_timeout_table:0
total_blocking_keys:0
total_blocking_keys_on_nokey:0

# Memory
used_memory:1753904
used_memory_human:1.67M
used_memory_rss:17670144
used_memory_rss_human:16.85M
used_memory_peak:1753904
used_memory_peak_human:1.67M
used_memory_peak_perc:100.41%
used_memory_overhead:1746728
used_memory_startup:1746544
used_memory_dataset:7176
used_memory_dataset_perc:97.50%
allocator_allocated:2111104
allocator_active:2674688
allocator_resident:10928128
total_system_memory:270388695040
total_system_memory_human:251.82G
used_memory_lua:31744
used_memory_vm_eval:31744
used_memory_lua_human:31.00K
used_memory_scripts_eval:0
number_of_cached_scripts:0
number_of_functions:0
number_of_libraries:0
used_memory_vm_functions:32768
used_memory_vm_total:64512
used_memory_vm_total_human:63.00K
used_memory_functions:184
used_memory_scripts:184
used_memory_scripts_human:184B
maxmemory:0
maxmemory_human:0B
maxmemory_policy:noeviction
allocator_frag_ratio:1.27
allocator_frag_bytes:563584
allocator_rss_ratio:4.09
allocator_rss_bytes:8253440
rss_overhead_ratio:1.62
rss_overhead_bytes:6742016
mem_fragmentation_ratio:10.12
mem_fragmentation_bytes:15923456
mem_not_counted_for_evict:0
mem_replication_backlog:0
mem_total_replication_buffers:0
mem_clients_slaves:0
mem_clients_normal:0
mem_cluster_links:0
mem_aof_buffer:0
mem_allocator:jemalloc-5.3.0
active_defrag_running:0
lazyfree_pending_objects:0
lazyfreed_objects:0

# Persistence
loading:0
async_loading:0
current_cow_peak:0
current_cow_size:0
current_cow_size_age:0
current_fork_perc:0.00
current_save_keys_processed:0
current_save_keys_total:0
rdb_changes_since_last_save:0
rdb_bgsave_in_progress:0
rdb_last_save_time:1704455023
rdb_last_bgsave_status:ok
rdb_last_bgsave_time_sec:-1
rdb_current_bgsave_time_sec:-1
rdb_saves:0
rdb_last_cow_size:0
rdb_last_load_keys_expired:0
rdb_last_load_keys_loaded:0
aof_enabled:0
aof_rewrite_in_progress:0
aof_rewrite_scheduled:0
aof_last_rewrite_time_sec:-1
aof_current_rewrite_time_sec:-1
aof_last_bgrewrite_status:ok
aof_rewrites:0
aof_rewrites_consecutive_failures:0
aof_last_write_status:ok
aof_last_cow_size:0
module_fork_in_progress:0
module_fork_last_cow_size:0

# Stats
total_connections_received:0
total_commands_processed:6
instantaneous_ops_per_sec:20
total_net_input_bytes:0
total_net_output_bytes:0
total_net_repl_input_bytes:0
total_net_repl_output_bytes:0
instantaneous_input_kbps:0.00
instantaneous_output_kbps:0.00
instantaneous_input_repl_kbps:0.00
instantaneous_output_repl_kbps:0.00
rejected_connections:0
sync_full:0
sync_partial_ok:0
sync_partial_err:0
expired_keys:0
expired_stale_perc:0.00
expired_time_cap_reached_count:0
expire_cycle_cpu_milliseconds:0
evicted_keys:0
evicted_clients:0
total_eviction_exceeded_time:0
current_eviction_exceeded_time:0
keyspace_hits:0
keyspace_misses:0
pubsub_channels:0
pubsub_patterns:0
pubsubshard_channels:0
latest_fork_usec:0
total_forks:0
migrate_cached_sockets:0
slave_expires_tracked_keys:0
active_defrag_hits:0
active_defrag_misses:0
active_defrag_key_hits:0
active_defrag_key_misses:0
total_active_defrag_time:0
current_active_defrag_time:0
tracking_total_keys:0
tracking_total_items:0
tracking_total_prefixes:0
unexpected_error_replies:0
total_error_replies:0
dump_payload_sanitizations:0
total_reads_processed:0
total_writes_processed:0
io_threaded_reads_processed:0
io_threaded_writes_processed:0
reply_buffer_shrinks:0
reply_buffer_expands:0
acl_access_denied_auth:0
acl_access_denied_cmd:0
acl_access_denied_key:0
acl_access_denied_channel:0

# Replication
role:master
connected_slaves:0
master_failover_state:no-failover
master_replid:a490d4dfff008767a35c5f5fccee2a45e4e999ef
master_replid2:0000000000000000000000000000000000000000
master_repl_offset:0
second_repl_offset:-1
repl_backlog_active:0
repl_backlog_size:1048576
repl_backlog_first_byte_offset:0
repl_backlog_histlen:0

# CPU
used_cpu_sys:0.006919
used_cpu_user:0.012076
used_cpu_sys_children:0.000000
used_cpu_user_children:0.000000
used_cpu_sys_main_thread:0.006209
used_cpu_user_main_thread:0.012419

# Modules
module:name=raft,ver=1,api=1,filters=1,usedby=[],using=[],options=[]

# Commandstats
cmdstat_config|get:calls=3,usec=5,usec_per_call=1.67,rejected_calls=0,failed_calls=0
cmdstat_config|set:calls=1,usec=11,usec_per_call=11.00,rejected_calls=0,failed_calls=0
cmdstat_command:calls=2,usec=1562,usec_per_call=781.00,rejected_calls=0,failed_calls=0

# Errorstats

# Latencystats
latency_percentiles_usec_config|get:p50=1.003,p99=3.007,p99.9=3.007
latency_percentiles_usec_config|set:p50=11.007,p99=11.007,p99.9=11.007
latency_percentiles_usec_command:p50=729.087,p99=839.679,p99.9=839.679

# Cluster
cluster_enabled:0

# Keyspace

------ CLIENT LIST OUTPUT ------

------ MODULES INFO OUTPUT ------
# raft_version
raft_version:255.255.255
raft_git_sha1:b779b199

# raft_general
raft_dbid:503f31ea638bae26da1913b6aa5ee559
raft_node_id:3
raft_state:up
raft_role:follower
raft_is_voting:no
raft_voted_for:-1
raft_leader_id:-1
raft_current_term:0
raft_num_nodes:1
raft_num_voting_nodes:0

# raft_log
raft_log_entries:0
raft_current_index:0
raft_commit_index:0
raft_last_applied_index:0
raft_file_size:101
raft_cache_memory_size:0
raft_cache_entries:0
raft_client_attached_entries:0
raft_fsync_count:0
raft_fsync_max_microseconds:0
raft_fsync_avg_microseconds:0

# raft_snapshot
raft_snapshot_filename:redis3.rdb
raft_snapshot_last_idx:0
raft_snapshot_last_term:0
raft_snapshot_size:0
raft_snapshot_time_secs:-1
raft_snapshots_created:0
raft_snapshots_received:0
raft_snapshot_in_progress:no
raft_snapshot_in_progress_last_idx:-1
raft_snapshot_in_progress_last_term:-1

# raft_clients
raft_proxy_reqs:0
raft_proxy_failed_reqs:0
raft_proxy_failed_responses:0
raft_proxy_outstanding_reqs:0

# raft_stats
raft_appendreq_received:0
raft_appendreq_with_entry_received:0
raft_snapshotreq_received:0
raft_exec_throttled:0
raft_num_sessions:0

------ CONFIG DEBUG OUTPUT ------
client-query-buffer-limit 1gb
replica-read-only yes
list-compress-depth 0
lazyfree-lazy-eviction no
lazyfree-lazy-server-del no
repl-diskless-load disabled
io-threads 1
io-threads-do-reads no
activedefrag no
repl-diskless-sync yes
lazyfree-lazy-user-flush no
sanitize-dump-payload no
slave-read-only yes
proto-max-bulk-len 512mb
lazyfree-lazy-expire no
lazyfree-lazy-user-del no

------ FAST MEMORY TEST ------
2566281:M 05 Jan 2024 12:43:43.327 # Bio worker thread #0 terminated
2566281:M 05 Jan 2024 12:43:43.327 # Bio worker thread #1 terminated
2566281:M 05 Jan 2024 12:43:43.327 # Bio worker thread #2 terminated
*** Preparing to test memory region 55d66c4fd000 (2273280 bytes)
*** Preparing to test memory region 55d66c8e4000 (405504 bytes)
*** Preparing to test memory region 7f18467ff000 (8388608 bytes)
*** Preparing to test memory region 7f1847000000 (8388608 bytes)
*** Preparing to test memory region 7f1847800000 (6291456 bytes)
*** Preparing to test memory region 7f1847ff9000 (8388608 bytes)
*** Preparing to test memory region 7f18487fa000 (8388608 bytes)
*** Preparing to test memory region 7f1848ffb000 (8388608 bytes)
*** Preparing to test memory region 7f18497fc000 (8388608 bytes)
*** Preparing to test memory region 7f1849ffd000 (8388608 bytes)
*** Preparing to test memory region 7f184a7fe000 (8388608 bytes)
*** Preparing to test memory region 7f184afff000 (8388608 bytes)
*** Preparing to test memory region 7f184b800000 (8388608 bytes)
*** Preparing to test memory region 7f184c000000 (135168 bytes)
*** Preparing to test memory region 7f18507c1000 (8388608 bytes)
*** Preparing to test memory region 7f1850fc2000 (8388608 bytes)
*** Preparing to test memory region 7f18517c2000 (2621440 bytes)
*** Preparing to test memory region 7f1851a51000 (8192 bytes)
*** Preparing to test memory region 7f185207f000 (12288 bytes)
*** Preparing to test memory region 7f1852618000 (16384 bytes)
*** Preparing to test memory region 7f185276b000 (8192 bytes)
*** Preparing to test memory region 7f18529fa000 (24576 bytes)
*** Preparing to test memory region 7f1853200000 (8388608 bytes)
*** Preparing to test memory region 7f1853a2d000 (4096 bytes)
*** Preparing to test memory region 7f1853a52000 (32768 bytes)
*** Preparing to test memory region 7f1853c2e000 (53248 bytes)
*** Preparing to test memory region 7f1853d4b000 (8192 bytes)
.O.O.O.O.O.O.O.O.O.O.O.O.O.O.O.2566281:signal-handler (1704455023) Received SIGINT scheduling shutdown...
2566281:signal-handler (1704455023) You insist... exiting now.
2566579:C 05 Jan 2024 12:43:43.683 # WARNING Memory overcommit must be enabled! Without it, a background save or replication may fail under low memory condition. Being disabled, it can also cause failures without low memory condition, see https://github.com/jemalloc/jemalloc/issues/1328. To fix this issue add 'vm.overcommit_memory = 1' to /etc/sysctl.conf and then reboot or run the command 'sysctl vm.overcommit_memory=1' for this to take effect.
2566579:C 05 Jan 2024 12:43:43.683 * oO0OoO0OoO0Oo Redis is starting oO0OoO0OoO0Oo
2566579:C 05 Jan 2024 12:43:43.683 * Redis version=255.255.255, bits=64, commit=e04ebdb8, modified=1, pid=2566579, just started
2566579:C 05 Jan 2024 12:43:43.683 * Configuration loaded
2566579:M 05 Jan 2024 12:43:43.683 * monotonic clock: POSIX clock_gettime
2566579:M 05 Jan 2024 12:43:43.684 * Running mode=standalone, port=5033.
2566579:M 05 Jan 2024 12:43:43.691 * <raft> RedisRaft version 255.255.255 [b779b199]
2566579:M 05 Jan 2024 12:43:43.695 * <raft> Initializing test network
2566579:M 05 Jan 2024 12:43:43.696 * <raft> Created test network client
2566579:M 05 Jan 2024 12:43:43.698 * <raft> Raft module loaded, state is 'loading'
2566579:M 05 Jan 2024 12:43:43.698 * Module 'raft' loaded from /home/snagendra/Fuzzing/redisraft-fuzzing/redisraft.so
2566579:M 05 Jan 2024 12:43:43.699 * Server initialized
2566579:M 05 Jan 2024 12:43:43.699 . The AOF directory appendonlydir doesn't exist
2566579:M 05 Jan 2024 12:43:43.699 * Ready to accept connections tcp
2566579:M 05 Jan 2024 12:43:43.699 . 0 clients connected (0 replicas), 1746688 bytes in use
2566579:M 05 Jan 2024 12:43:43.731 - Accepted 127.0.0.1:47754
2566579:M 05 Jan 2024 12:43:43.731 # Missing implement of connection type tls
2566579:M 05 Jan 2024 12:43:43.799 * <raft> Loading: Redis loading complete, snapshot NOT LOADED
2566579:M 05 Jan 2024 12:43:43.799 * <raft> Cluster Membership: term:0 index:0 nodes: id=3,voting=0,active=1,addr=-
2566579:M 05 Jan 2024 12:43:43.800 * <raft> Test network starting message polling thread


=== REDIS BUG REPORT START: Cut & paste starting from here ===
2566579:M 05 Jan 2024 12:43:43.800 # Redis 255.255.255 crashed by signal: 6, si_code: -6
2566579:M 05 Jan 2024 12:43:43.800 # Crashed running the instruction at: 0x7f64ec92dd3c

------ STACK TRACE ------
EIP:
/lib/x86_64-linux-gnu/libc.so.6(+0x8ad3c)[0x7f64ec92dd3c]

Backtrace:
/lib/x86_64-linux-gnu/libc.so.6(+0x3bfd0)[0x7f64ec8defd0]
/lib/x86_64-linux-gnu/libc.so.6(+0x8ad3c)[0x7f64ec92dd3c]
/lib/x86_64-linux-gnu/libc.so.6(gsignal+0x12)[0x7f64ec8def32]
/lib/x86_64-linux-gnu/libc.so.6(abort+0xd3)[0x7f64ec8c9472]
/lib/x86_64-linux-gnu/libc.so.6(+0x26395)[0x7f64ec8c9395]
/lib/x86_64-linux-gnu/libc.so.6(+0x34e32)[0x7f64ec8d7e32]
/home/snagendra/Fuzzing/redisraft-fuzzing/redisraft.so(+0x3caea)[0x7f64ec852aea]
/home/snagendra/Fuzzing/redisraft-fuzzing/redisraft.so(callRaftPeriodic+0x478)[0x7f64ec843088]
/home/snagendra/Fuzzing/redis/src/redis-server 0.0.0.0:5033(moduleTimerHandler+0x21c)[0x55613401098c]
/home/snagendra/Fuzzing/redis/src/redis-server 0.0.0.0:5033(+0x81705)[0x556133f1a705]
/home/snagendra/Fuzzing/redis/src/redis-server 0.0.0.0:5033(aeMain+0x1c8)[0x556133f24cb8]
/home/snagendra/Fuzzing/redis/src/redis-server 0.0.0.0:5033(main+0x3cd)[0x556133f19e2d]
/lib/x86_64-linux-gnu/libc.so.6(+0x271ca)[0x7f64ec8ca1ca]
/lib/x86_64-linux-gnu/libc.so.6(__libc_start_main+0x85)[0x7f64ec8ca285]
/home/snagendra/Fuzzing/redis/src/redis-server 0.0.0.0:5033(_start+0x2a)[0x556133f1a5aa]

------ REGISTERS ------
2566579:M 05 Jan 2024 12:43:43.800 # 
RAX:0000000000000000 RBX:00000000002729b3
RCX:00007f64ec92dd3c RDX:0000000000000006
RDI:00000000002729b3 RSI:00000000002729b3
RBP:00007f64ec89f1c0 RSP:00007ffccb840e90
R8 :0000000000000007 R9 :0000556134b1d820
R10:0000000000000008 R11:0000000000000246
R12:0000000000000006 R13:00000000000006a6
R14:00007f64ec87f05c R15:000055613400f2b0
RIP:00007f64ec92dd3c EFL:0000000000000246
CSGSFS:002b000000000033
2566579:M 05 Jan 2024 12:43:43.800 # (00007ffccb840e9f) -> 0000556134b1d8d0
2566579:M 05 Jan 2024 12:43:43.800 # (00007ffccb840e9e) -> 00007f64eca75c60
2566579:M 05 Jan 2024 12:43:43.800 # (00007ffccb840e9d) -> 00000000000002b1
2566579:M 05 Jan 2024 12:43:43.800 # (00007ffccb840e9c) -> 0000556134b1d820
2566579:M 05 Jan 2024 12:43:43.800 # (00007ffccb840e9b) -> 00000000000006a6
2566579:M 05 Jan 2024 12:43:43.800 # (00007ffccb840e9a) -> 0000000000000020
2566579:M 05 Jan 2024 12:43:43.800 # (00007ffccb840e99) -> 00007f64ec8c9472
2566579:M 05 Jan 2024 12:43:43.800 # (00007ffccb840e98) -> 00007f64eca76e70
2566579:M 05 Jan 2024 12:43:43.800 # (00007ffccb840e97) -> 00007f64ec8def32
2566579:M 05 Jan 2024 12:43:43.800 # (00007ffccb840e96) -> 00007f64ec87f05c
2566579:M 05 Jan 2024 12:43:43.800 # (00007ffccb840e95) -> 00000000000006a6
2566579:M 05 Jan 2024 12:43:43.800 # (00007ffccb840e94) -> 00007f64ec87e720
2566579:M 05 Jan 2024 12:43:43.800 # (00007ffccb840e93) -> 00007f64ec89f1c0
2566579:M 05 Jan 2024 12:43:43.800 # (00007ffccb840e92) -> 0000000000000006
2566579:M 05 Jan 2024 12:43:43.800 # (00007ffccb840e91) -> 30e70fb57b1d2200
2566579:M 05 Jan 2024 12:43:43.800 # (00007ffccb840e90) -> 000055613400f2b0

------ INFO OUTPUT ------
# Server
redis_version:255.255.255
redis_git_sha1:e04ebdb8
redis_git_dirty:1
redis_build_id:1f78dcc7b4fbdd25
redis_mode:standalone
os:Linux 6.1.60.1.amd64-smp x86_64
arch_bits:64
monotonic_clock:POSIX clock_gettime
multiplexing_api:epoll
atomicvar_api:c11-builtin
gcc_version:10.2.1
process_id:2566579
process_supervised:no
run_id:69f250e3ed8826f757f0bf10708ad1cbd430012c
tcp_port:5033
server_time_usec:1704455023799187
uptime_in_seconds:0
uptime_in_days:0
hz:10
configured_hz:10
lru_clock:9956207
executable:/home/snagendra/Fuzzing/redis/src/redis-server
config_file:
io_threads_active:0
listener0:name=tcp,bind=0.0.0.0,port=5033

# Clients
connected_clients:1
cluster_connections:0
maxclients:10000
client_recent_max_input_buffer:0
client_recent_max_output_buffer:0
blocked_clients:0
tracking_clients:0
clients_in_timeout_table:0
total_blocking_keys:0
total_blocking_keys_on_nokey:0

# Memory
used_memory:1816896
used_memory_human:1.73M
used_memory_rss:17760256
used_memory_rss_human:16.94M
used_memory_peak:1816896
used_memory_peak_human:1.73M
used_memory_peak_perc:100.39%
used_memory_overhead:1746728
used_memory_startup:1746544
used_memory_dataset:70168
used_memory_dataset_perc:99.74%
allocator_allocated:2236768
allocator_active:2756608
allocator_resident:10928128
total_system_memory:270388695040
total_system_memory_human:251.82G
used_memory_lua:31744
used_memory_vm_eval:31744
used_memory_lua_human:31.00K
used_memory_scripts_eval:0
number_of_cached_scripts:0
number_of_functions:0
number_of_libraries:0
used_memory_vm_functions:32768
used_memory_vm_total:64512
used_memory_vm_total_human:63.00K
used_memory_functions:184
used_memory_scripts:184
used_memory_scripts_human:184B
maxmemory:0
maxmemory_human:0B
maxmemory_policy:noeviction
allocator_frag_ratio:1.23
allocator_frag_bytes:519840
allocator_rss_ratio:3.96
allocator_rss_bytes:8171520
rss_overhead_ratio:1.63
rss_overhead_bytes:6832128
mem_fragmentation_ratio:10.17
mem_fragmentation_bytes:16013568
mem_not_counted_for_evict:0
mem_replication_backlog:0
mem_total_replication_buffers:0
mem_clients_slaves:0
mem_clients_normal:0
mem_cluster_links:0
mem_aof_buffer:0
mem_allocator:jemalloc-5.3.0
active_defrag_running:0
lazyfree_pending_objects:0
lazyfreed_objects:0

# Persistence
loading:0
async_loading:0
current_cow_peak:0
current_cow_size:0
current_cow_size_age:0
current_fork_perc:0.00
current_save_keys_processed:0
current_save_keys_total:0
rdb_changes_since_last_save:0
rdb_bgsave_in_progress:0
rdb_last_save_time:1704455023
rdb_last_bgsave_status:ok
rdb_last_bgsave_time_sec:-1
rdb_current_bgsave_time_sec:-1
rdb_saves:0
rdb_last_cow_size:0
rdb_last_load_keys_expired:0
rdb_last_load_keys_loaded:0
aof_enabled:0
aof_rewrite_in_progress:0
aof_rewrite_scheduled:0
aof_last_rewrite_time_sec:-1
aof_current_rewrite_time_sec:-1
aof_last_bgrewrite_status:ok
aof_rewrites:0
aof_rewrites_consecutive_failures:0
aof_last_write_status:ok
aof_last_cow_size:0
module_fork_in_progress:0
module_fork_last_cow_size:0

# Stats
total_connections_received:1
total_commands_processed:7
instantaneous_ops_per_sec:23
total_net_input_bytes:33
total_net_output_bytes:5
total_net_repl_input_bytes:0
total_net_repl_output_bytes:0
instantaneous_input_kbps:0.00
instantaneous_output_kbps:0.00
instantaneous_input_repl_kbps:0.00
instantaneous_output_repl_kbps:0.00
rejected_connections:0
sync_full:0
sync_partial_ok:0
sync_partial_err:0
expired_keys:0
expired_stale_perc:0.00
expired_time_cap_reached_count:0
expire_cycle_cpu_milliseconds:0
evicted_keys:0
evicted_clients:0
total_eviction_exceeded_time:0
current_eviction_exceeded_time:0
keyspace_hits:0
keyspace_misses:0
pubsub_channels:0
pubsub_patterns:0
pubsubshard_channels:0
latest_fork_usec:0
total_forks:0
migrate_cached_sockets:0
slave_expires_tracked_keys:0
active_defrag_hits:0
active_defrag_misses:0
active_defrag_key_hits:0
active_defrag_key_misses:0
total_active_defrag_time:0
current_active_defrag_time:0
tracking_total_keys:0
tracking_total_items:0
tracking_total_prefixes:0
unexpected_error_replies:0
total_error_replies:0
dump_payload_sanitizations:0
total_reads_processed:1
total_writes_processed:1
io_threaded_reads_processed:0
io_threaded_writes_processed:0
reply_buffer_shrinks:0
reply_buffer_expands:0
acl_access_denied_auth:0
acl_access_denied_cmd:0
acl_access_denied_key:0
acl_access_denied_channel:0

# Replication
role:master
connected_slaves:0
master_failover_state:no-failover
master_replid:7474351628bc17b0c2d4a6712dff8a700ce604e1
master_replid2:0000000000000000000000000000000000000000
master_repl_offset:0
second_repl_offset:-1
repl_backlog_active:0
repl_backlog_size:1048576
repl_backlog_first_byte_offset:0
repl_backlog_histlen:0

# CPU
used_cpu_sys:0.009079
used_cpu_user:0.009079
used_cpu_sys_children:0.000000
used_cpu_user_children:0.000000
used_cpu_sys_main_thread:0.008913
used_cpu_user_main_thread:0.008913

# Modules
module:name=raft,ver=1,api=1,filters=1,usedby=[],using=[],options=[]

# Commandstats
cmdstat_command:calls=2,usec=1465,usec_per_call=732.50,rejected_calls=0,failed_calls=0
cmdstat_auth:calls=1,usec=1,usec_per_call=1.00,rejected_calls=0,failed_calls=0
cmdstat_config|set:calls=1,usec=7,usec_per_call=7.00,rejected_calls=0,failed_calls=0
cmdstat_config|get:calls=3,usec=18,usec_per_call=6.00,rejected_calls=0,failed_calls=0

# Errorstats

# Latencystats
latency_percentiles_usec_command:p50=704.511,p99=765.951,p99.9=765.951
latency_percentiles_usec_auth:p50=1.003,p99=1.003,p99.9=1.003
latency_percentiles_usec_config|set:p50=7.007,p99=7.007,p99.9=7.007
latency_percentiles_usec_config|get:p50=2.007,p99=14.015,p99.9=14.015

# Cluster
cluster_enabled:0

# Keyspace

------ CLIENT LIST OUTPUT ------
id=8 addr=127.0.0.1:47754 laddr=127.0.0.1:5033 fd=11 name= age=0 idle=0 flags=N db=0 sub=0 psub=0 ssub=0 multi=-1 qbuf=0 qbuf-free=20474 argv-mem=0 multi-mem=0 rbs=16384 rbp=16384 obl=0 oll=0 omem=0 tot-mem=37760 events=r cmd=auth user=default redir=-1 resp=2 lib-name= lib-ver=

------ MODULES INFO OUTPUT ------
# raft_version
raft_version:255.255.255
raft_git_sha1:b779b199

# raft_general
raft_dbid:503f31ea638bae26da1913b6aa5ee559
raft_node_id:3
raft_state:up
raft_role:follower
raft_is_voting:no
raft_voted_for:-1
raft_leader_id:-1
raft_current_term:0
raft_num_nodes:1
raft_num_voting_nodes:0

# raft_log
raft_log_entries:0
raft_current_index:0
raft_commit_index:0
raft_last_applied_index:0
raft_file_size:101
raft_cache_memory_size:0
raft_cache_entries:0
raft_client_attached_entries:0
raft_fsync_count:0
raft_fsync_max_microseconds:0
raft_fsync_avg_microseconds:0

# raft_snapshot
raft_snapshot_filename:redis3.rdb
raft_snapshot_last_idx:0
raft_snapshot_last_term:0
raft_snapshot_size:0
raft_snapshot_time_secs:-1
raft_snapshots_created:0
raft_snapshots_received:0
raft_snapshot_in_progress:no
raft_snapshot_in_progress_last_idx:-1
raft_snapshot_in_progress_last_term:-1

# raft_clients
raft_proxy_reqs:0
raft_proxy_failed_reqs:0
raft_proxy_failed_responses:0
raft_proxy_outstanding_reqs:0

# raft_stats
raft_appendreq_received:0
raft_appendreq_with_entry_received:0
raft_snapshotreq_received:0
raft_exec_throttled:0
raft_num_sessions:0

------ CONFIG DEBUG OUTPUT ------
replica-read-only yes
io-threads-do-reads no
lazyfree-lazy-server-del no
lazyfree-lazy-user-flush no
repl-diskless-load disabled
client-query-buffer-limit 1gb
repl-diskless-sync yes
lazyfree-lazy-eviction no
sanitize-dump-payload no
lazyfree-lazy-user-del no
slave-read-only yes
lazyfree-lazy-expire no
list-compress-depth 0
io-threads 1
activedefrag no
proto-max-bulk-len 512mb

------ FAST MEMORY TEST ------
2566579:M 05 Jan 2024 12:43:43.801 # Bio worker thread #0 terminated
2566579:M 05 Jan 2024 12:43:43.801 # Bio worker thread #1 terminated
2566579:M 05 Jan 2024 12:43:43.801 # Bio worker thread #2 terminated
*** Preparing to test memory region 5561341f0000 (2273280 bytes)
*** Preparing to test memory region 556134ac8000 (405504 bytes)
*** Preparing to test memory region 7f64df7ff000 (8388608 bytes)
*** Preparing to test memory region 7f64e0000000 (8388608 bytes)
*** Preparing to test memory region 7f64e0800000 (6291456 bytes)
*** Preparing to test memory region 7f64e0ffb000 (8388608 bytes)
*** Preparing to test memory region 7f64e17fc000 (8388608 bytes)
*** Preparing to test memory region 7f64e1ffd000 (8388608 bytes)
*** Preparing to test memory region 7f64e27fe000 (8388608 bytes)
*** Preparing to test memory region 7f64e2fff000 (8388608 bytes)
*** Preparing to test memory region 7f64e3800000 (8388608 bytes)
*** Preparing to test memory region 7f64e4000000 (135168 bytes)
*** Preparing to test memory region 7f64e860b000 (8388608 bytes)
*** Preparing to test memory region 7f64e8e0c000 (8388608 bytes)
*** Preparing to test memory region 7f64e960d000 (8388608 bytes)
*** Preparing to test memory region 7f64e9e0e000 (8388608 bytes)
*** Preparing to test memory region 7f64ea60e000 (2621440 bytes)
*** Preparing to test memory region 7f64ea89d000 (8192 bytes)
*** Preparing to test memory region 7f64eae7f000 (12288 bytes)
*** Preparing to test memory region 7f64eb3ac000 (8192 bytes)
*** Preparing to test memory region 7f64eb618000 (16384 bytes)
*** Preparing to test memory region 7f64eb7fd000 (12288 bytes)
*** Preparing to test memory region 7f64ec000000 (8388608 bytes)
*** Preparing to test memory region 7f64ec815000 (4096 bytes)
*** Preparing to test memory region 7f64ec898000 (45056 bytes)
*** Preparing to test memory region 7f64eca77000 (53248 bytes)
*** Preparing to test memory region 7f64ecb94000 (8192 bytes)
.O.O.O.O.O.O.O.O.O.O.O.O.O.O.O.O.O.O.O.O.O.O.O.O.O.O.O
Fast memory test PASSED, however your memory can still be broken. Please run a memory test for several hours if possible.

------ DUMPING CODE AROUND EIP ------
Symbol: (null) (base: (nil))
Module: /lib/x86_64-linux-gnu/libc.so.6 (base 0x7f64ec8a3000)
$ xxd -r -p /tmp/dump.hex /tmp/dump.bin
$ objdump --adjust-vma=(nil) -D -b binary -m i386:x86-64 /tmp/dump.bin
------

=== REDIS BUG REPORT END. Make sure to include from START to END. ===

       Please report the crash by opening an issue on github:

           http://github.com/redis/redis/issues

  If a Redis module was involved, please open in the module's repo instead.

  Suspect RAM error? Use redis-server --test-memory to verify it.

  Some other issues could be detected by redis-server --check-system

----- Stderr -----
libgcov profiling error:/home/snagendra/Fuzzing/redisraft-fuzzing/build/deps/raft/CMakeFiles/raft.dir/src/raft_node.c.gcda:Merge mismatch for function 0
libgcov profiling error:/home/snagendra/Fuzzing/redisraft-fuzzing/build/deps/raft/CMakeFiles/raft.dir/src/raft_server.c.gcda:Merge mismatch for function 47
redis-server: /home/snagendra/Fuzzing/redisraft-fuzzing/deps/raft/src/raft_server.c:1702: raft_get_first_entry_idx: Assertion `0 < raft_get_current_idx(me)' failed.
redis-server: /home/snagendra/Fuzzing/redisraft-fuzzing/deps/raft/src/raft_server.c:1702: raft_get_first_entry_idx: Assertion `0 < raft_get_current_idx(me)' failed.



