logs for node: 1

----- Stdout -----
2753472:C 05 Jan 2024 15:26:19.588 # WARNING Memory overcommit must be enabled! Without it, a background save or replication may fail under low memory condition. Being disabled, it can also cause failures without low memory condition, see https://github.com/jemalloc/jemalloc/issues/1328. To fix this issue add 'vm.overcommit_memory = 1' to /etc/sysctl.conf and then reboot or run the command 'sysctl vm.overcommit_memory=1' for this to take effect.
2753472:C 05 Jan 2024 15:26:19.588 * oO0OoO0OoO0Oo Redis is starting oO0OoO0OoO0Oo
2753472:C 05 Jan 2024 15:26:19.588 * Redis version=255.255.255, bits=64, commit=e04ebdb8, modified=1, pid=2753472, just started
2753472:C 05 Jan 2024 15:26:19.588 * Configuration loaded
2753472:M 05 Jan 2024 15:26:19.589 * monotonic clock: POSIX clock_gettime
2753472:M 05 Jan 2024 15:26:19.589 * Running mode=standalone, port=5081.
2753472:M 05 Jan 2024 15:26:19.596 * <raft> RedisRaft version 255.255.255 [b779b199]
2753472:M 05 Jan 2024 15:26:19.601 * <raft> Initializing test network
2753472:M 05 Jan 2024 15:26:19.602 * <raft> Created test network client
2753472:M 05 Jan 2024 15:26:19.603 * <raft> Raft module loaded, state is 'uninitialized'
2753472:M 05 Jan 2024 15:26:19.603 * Module 'raft' loaded from /home/snagendra/Fuzzing/redisraft-fuzzing/redisraft.so
2753472:M 05 Jan 2024 15:26:19.604 * Server initialized
2753472:M 05 Jan 2024 15:26:19.604 . The AOF directory appendonlydir doesn't exist
2753472:M 05 Jan 2024 15:26:19.604 * Ready to accept connections tcp
2753472:M 05 Jan 2024 15:26:19.605 . 0 clients connected (0 replicas), 1726352 bytes in use
2753472:M 05 Jan 2024 15:26:19.632 - Accepted 127.0.0.1:35004
2753472:M 05 Jan 2024 15:26:19.632 # Missing implement of connection type tls
2753472:M 05 Jan 2024 15:26:19.638 * <raft> Cluster Membership: term:0 index:0 nodes: id=1,voting=0,active=1,addr=-
2753472:M 05 Jan 2024 15:26:19.643 * <raft> State change: Node is now a leader, term 1
2753472:M 05 Jan 2024 15:26:19.643 * <raft> Cluster Membership: term:1 index:1 nodes: id=1,voting=0,active=1,addr=-
2753472:M 05 Jan 2024 15:26:19.644 * <raft> Test network starting message polling thread
2753472:M 05 Jan 2024 15:26:19.644 * <raft> Raft Cluster initialized, node id: 1, dbid: 4799e96e9510f8890c88739faa4a15de
2753472:M 05 Jan 2024 15:26:19.761 - Accepted 127.0.0.1:35012
2753472:M 05 Jan 2024 15:26:19.762 * <raft> Cluster Membership: term:1 index:3 nodes: id=1,voting=1,active=1,addr=- id=2,voting=0,active=1,addr=localhost:5082
2753472:M 05 Jan 2024 15:26:19.775 - Client closed connection id=9 addr=127.0.0.1:35012 laddr=127.0.0.1:5081 fd=12 name= age=0 idle=0 flags=N db=0 sub=0 psub=0 ssub=0 multi=-1 qbuf=0 qbuf-free=20474 argv-mem=0 multi-mem=0 rbs=16384 rbp=16384 obl=0 oll=0 omem=0 tot-mem=37760 events=r cmd=raft.node user=default redir=-1 resp=2 lib-name= lib-ver=
2753472:M 05 Jan 2024 15:26:19.893 - Accepted 127.0.0.1:35018
2753472:M 05 Jan 2024 15:26:19.894 * <raft> Cluster Membership: term:1 index:4 nodes: id=1,voting=1,active=1,addr=- id=2,voting=0,active=1,addr=localhost:5082 id=3,voting=0,active=1,addr=localhost:5083
2753472:M 05 Jan 2024 15:26:19.901 - Client closed connection id=10 addr=127.0.0.1:35018 laddr=127.0.0.1:5081 fd=13 name= age=0 idle=0 flags=N db=0 sub=0 psub=0 ssub=0 multi=-1 qbuf=0 qbuf-free=20474 argv-mem=0 multi-mem=0 rbs=16384 rbp=16384 obl=0 oll=0 omem=0 tot-mem=37760 events=r cmd=raft.node user=default redir=-1 resp=2 lib-name= lib-ver=
2753472:M 05 Jan 2024 15:26:20.062 - Accepted 127.0.0.1:35022
2753472:signal-handler (1704464780) Received SIGINT scheduling shutdown...
2753472:signal-handler (1704464780) You insist... exiting now.
2753977:C 05 Jan 2024 15:26:20.458 # WARNING Memory overcommit must be enabled! Without it, a background save or replication may fail under low memory condition. Being disabled, it can also cause failures without low memory condition, see https://github.com/jemalloc/jemalloc/issues/1328. To fix this issue add 'vm.overcommit_memory = 1' to /etc/sysctl.conf and then reboot or run the command 'sysctl vm.overcommit_memory=1' for this to take effect.
2753977:C 05 Jan 2024 15:26:20.458 * oO0OoO0OoO0Oo Redis is starting oO0OoO0OoO0Oo
2753977:C 05 Jan 2024 15:26:20.459 * Redis version=255.255.255, bits=64, commit=e04ebdb8, modified=1, pid=2753977, just started
2753977:C 05 Jan 2024 15:26:20.459 * Configuration loaded
2753977:M 05 Jan 2024 15:26:20.459 * monotonic clock: POSIX clock_gettime
2753977:M 05 Jan 2024 15:26:20.459 * Running mode=standalone, port=5081.
2753977:M 05 Jan 2024 15:26:20.466 * <raft> RedisRaft version 255.255.255 [b779b199]
2753977:M 05 Jan 2024 15:26:20.471 * <raft> Initializing test network
2753977:M 05 Jan 2024 15:26:20.471 * <raft> Created test network client
2753977:M 05 Jan 2024 15:26:20.474 * <raft> Raft module loaded, state is 'loading'
2753977:M 05 Jan 2024 15:26:20.474 * Module 'raft' loaded from /home/snagendra/Fuzzing/redisraft-fuzzing/redisraft.so
2753977:M 05 Jan 2024 15:26:20.475 * Server initialized
2753977:M 05 Jan 2024 15:26:20.475 . The AOF directory appendonlydir doesn't exist
2753977:M 05 Jan 2024 15:26:20.475 * Ready to accept connections tcp
2753977:M 05 Jan 2024 15:26:20.475 . 0 clients connected (0 replicas), 1746720 bytes in use
2753977:M 05 Jan 2024 15:26:20.565 - Accepted 127.0.0.1:35050
2753977:M 05 Jan 2024 15:26:20.565 # Missing implement of connection type tls
2753977:M 05 Jan 2024 15:26:20.575 * <raft> Loading: Redis loading complete, snapshot NOT LOADED
2753977:M 05 Jan 2024 15:26:20.575 * <raft> Cluster Membership: term:0 index:0 nodes: id=1,voting=0,active=1,addr=-
2753977:M 05 Jan 2024 15:26:20.575 * <raft> Test network starting message polling thread
2753977:M 05 Jan 2024 15:26:20.576 * <raft> Cluster Membership: term:0 index:4 nodes: id=1,voting=1,active=1,addr=- id=2,voting=0,active=1,addr=localhost:5082
2753977:M 05 Jan 2024 15:26:20.576 * <raft> Cluster Membership: term:0 index:4 nodes: id=1,voting=1,active=1,addr=- id=2,voting=0,active=1,addr=localhost:5082 id=3,voting=0,active=1,addr=localhost:5083
2753977:M 05 Jan 2024 15:26:20.576 * <raft> Raft state after loading log: log_count=4, first_idx=1, current_idx=4, last_applied_idx=0
2753977:M 05 Jan 2024 15:26:20.576 . <raft> Raft term=1, vote=-1
2753977:M 05 Jan 2024 15:26:20.582 * <raft> State change: Node is now a leader, term 2
2753977:M 05 Jan 2024 15:26:20.582 * <raft> Cluster Membership: term:2 index:5 nodes: id=1,voting=1,active=1,addr=- id=2,voting=0,active=1,addr=localhost:5082 id=3,voting=0,active=1,addr=localhost:5083
2753977:M 05 Jan 2024 15:26:21.173 - Client closed connection id=8 addr=127.0.0.1:35050 laddr=127.0.0.1:5081 fd=11 name= age=1 idle=1 flags=N db=0 sub=0 psub=0 ssub=0 multi=-1 qbuf=0 qbuf-free=20474 argv-mem=0 multi-mem=0 rbs=1024 rbp=0 obl=0 oll=0 omem=0 tot-mem=22400 events=r cmd=auth user=default redir=-1 resp=2 lib-name= lib-ver=
2753977:signal-handler (1704464781) Received SIGINT scheduling shutdown...
2753977:signal-handler (1704464781) You insist... exiting now.
2754692:C 05 Jan 2024 15:26:22.433 # WARNING Memory overcommit must be enabled! Without it, a background save or replication may fail under low memory condition. Being disabled, it can also cause failures without low memory condition, see https://github.com/jemalloc/jemalloc/issues/1328. To fix this issue add 'vm.overcommit_memory = 1' to /etc/sysctl.conf and then reboot or run the command 'sysctl vm.overcommit_memory=1' for this to take effect.
2754692:C 05 Jan 2024 15:26:22.433 * oO0OoO0OoO0Oo Redis is starting oO0OoO0OoO0Oo
2754692:C 05 Jan 2024 15:26:22.433 * Redis version=255.255.255, bits=64, commit=e04ebdb8, modified=1, pid=2754692, just started
2754692:C 05 Jan 2024 15:26:22.433 * Configuration loaded
2754692:M 05 Jan 2024 15:26:22.433 * monotonic clock: POSIX clock_gettime
2754692:M 05 Jan 2024 15:26:22.434 * Running mode=standalone, port=5081.
2754692:M 05 Jan 2024 15:26:22.440 * <raft> RedisRaft version 255.255.255 [b779b199]
2754692:M 05 Jan 2024 15:26:22.444 * <raft> Initializing test network
2754692:M 05 Jan 2024 15:26:22.445 * <raft> Created test network client
2754692:M 05 Jan 2024 15:26:22.450 * <raft> Raft module loaded, state is 'loading'
2754692:M 05 Jan 2024 15:26:22.450 * Module 'raft' loaded from /home/snagendra/Fuzzing/redisraft-fuzzing/redisraft.so
2754692:M 05 Jan 2024 15:26:22.450 * Server initialized
2754692:M 05 Jan 2024 15:26:22.450 . The AOF directory appendonlydir doesn't exist
2754692:M 05 Jan 2024 15:26:22.451 * Ready to accept connections tcp
2754692:M 05 Jan 2024 15:26:22.451 . 0 clients connected (0 replicas), 1746656 bytes in use
2754692:M 05 Jan 2024 15:26:22.549 - Accepted 127.0.0.1:40248
2754692:M 05 Jan 2024 15:26:22.549 # Missing implement of connection type tls
2754692:M 05 Jan 2024 15:26:22.551 * <raft> Loading: Redis loading complete, snapshot NOT LOADED
2754692:M 05 Jan 2024 15:26:22.551 * <raft> Cluster Membership: term:0 index:0 nodes: id=1,voting=0,active=1,addr=-
2754692:M 05 Jan 2024 15:26:22.551 * <raft> Test network starting message polling thread
2754692:M 05 Jan 2024 15:26:22.552 * <raft> Cluster Membership: term:0 index:5 nodes: id=1,voting=1,active=1,addr=- id=2,voting=0,active=1,addr=localhost:5082
2754692:M 05 Jan 2024 15:26:22.552 * <raft> Cluster Membership: term:0 index:5 nodes: id=1,voting=1,active=1,addr=- id=2,voting=0,active=1,addr=localhost:5082 id=3,voting=0,active=1,addr=localhost:5083
2754692:M 05 Jan 2024 15:26:22.552 * <raft> Raft state after loading log: log_count=5, first_idx=1, current_idx=5, last_applied_idx=0
2754692:M 05 Jan 2024 15:26:22.552 . <raft> Raft term=2, vote=-1
2754692:M 05 Jan 2024 15:26:22.558 * <raft> State change: Node is now a leader, term 3
2754692:M 05 Jan 2024 15:26:22.559 * <raft> Cluster Membership: term:3 index:6 nodes: id=1,voting=1,active=1,addr=- id=2,voting=0,active=1,addr=localhost:5082 id=3,voting=0,active=1,addr=localhost:5083
2754692:M 05 Jan 2024 15:26:22.869 - Accepted 127.0.0.1:40264
2754692:M 05 Jan 2024 15:26:23.019 - Accepted 127.0.0.1:40266
2754692:signal-handler (1704464783) Received SIGINT scheduling shutdown...

----- Stderr -----
libgcov profiling error:/home/snagendra/Fuzzing/redisraft-fuzzing/build/deps/raft/CMakeFiles/raft.dir/src/raft_server.c.gcda:Merge mismatch for function 36
libgcov profiling error:/home/snagendra/Fuzzing/redisraft-fuzzing/build/deps/raft/CMakeFiles/raft.dir/src/raft_server.c.gcda:Merge mismatch for function 36




logs for node: 2

----- Stdout -----
2753515:C 05 Jan 2024 15:26:19.646 # WARNING Memory overcommit must be enabled! Without it, a background save or replication may fail under low memory condition. Being disabled, it can also cause failures without low memory condition, see https://github.com/jemalloc/jemalloc/issues/1328. To fix this issue add 'vm.overcommit_memory = 1' to /etc/sysctl.conf and then reboot or run the command 'sysctl vm.overcommit_memory=1' for this to take effect.
2753515:C 05 Jan 2024 15:26:19.647 * oO0OoO0OoO0Oo Redis is starting oO0OoO0OoO0Oo
2753515:C 05 Jan 2024 15:26:19.647 * Redis version=255.255.255, bits=64, commit=e04ebdb8, modified=1, pid=2753515, just started
2753515:C 05 Jan 2024 15:26:19.647 * Configuration loaded
2753515:M 05 Jan 2024 15:26:19.647 * monotonic clock: POSIX clock_gettime
2753515:M 05 Jan 2024 15:26:19.648 * Running mode=standalone, port=5082.
2753515:M 05 Jan 2024 15:26:19.654 * <raft> RedisRaft version 255.255.255 [b779b199]
2753515:M 05 Jan 2024 15:26:19.659 * <raft> Initializing test network
2753515:M 05 Jan 2024 15:26:19.660 * <raft> Created test network client
2753515:M 05 Jan 2024 15:26:19.661 * <raft> Raft module loaded, state is 'uninitialized'
2753515:M 05 Jan 2024 15:26:19.661 * Module 'raft' loaded from /home/snagendra/Fuzzing/redisraft-fuzzing/redisraft.so
2753515:M 05 Jan 2024 15:26:19.662 * Server initialized
2753515:M 05 Jan 2024 15:26:19.662 . The AOF directory appendonlydir doesn't exist
2753515:M 05 Jan 2024 15:26:19.662 * Ready to accept connections tcp
2753515:M 05 Jan 2024 15:26:19.663 . 0 clients connected (0 replicas), 1726192 bytes in use
2753515:M 05 Jan 2024 15:26:19.667 - Accepted 127.0.0.1:33242
2753515:M 05 Jan 2024 15:26:19.667 # Missing implement of connection type tls
2753515:M 05 Jan 2024 15:26:19.761 - <raft> join cluster, connecting to localhost:5081
2753515:M 05 Jan 2024 15:26:19.763 * <raft> Joined Raft cluster, node id: 2, dbid: 4799e96e9510f8890c88739faa4a15de
2753515:M 05 Jan 2024 15:26:19.775 * <raft> Cluster Membership: term:0 index:0 nodes: id=2,voting=0,active=1,addr=-
2753515:M 05 Jan 2024 15:26:19.775 * <raft> Test network starting message polling thread
2753515:M 05 Jan 2024 15:26:19.804 - Accepted 127.0.0.1:33258
2753515:M 05 Jan 2024 15:26:20.029 * <raft> Cluster Membership: term:1 index:2 nodes: id=2,voting=0,active=1,addr=- id=1,voting=1,active=1,addr=localhost:5081
2753515:M 05 Jan 2024 15:26:20.163 - Client closed connection id=9 addr=127.0.0.1:33258 laddr=127.0.0.1:5082 fd=10 name= age=1 idle=1 flags=N db=0 sub=0 psub=0 ssub=0 multi=-1 qbuf=0 qbuf-free=20474 argv-mem=0 multi-mem=0 rbs=1024 rbp=0 obl=0 oll=0 omem=0 tot-mem=22400 events=r cmd=auth user=default redir=-1 resp=2 lib-name= lib-ver=
2753515:M 05 Jan 2024 15:26:20.364 * <raft> State change: Election starting, node is now a pre-candidate, term 1
2753515:M 05 Jan 2024 15:26:20.364 * <raft> Cluster Membership: term:1 index:3 nodes: id=2,voting=0,active=1,addr=- id=1,voting=1,active=1,addr=localhost:5081
2753515:M 05 Jan 2024 15:26:20.577 * <raft> State change: Node is now a follower, term 1
2753515:M 05 Jan 2024 15:26:20.577 * <raft> Cluster Membership: term:1 index:3 nodes: id=2,voting=0,active=1,addr=- id=1,voting=1,active=1,addr=localhost:5081
2753515:M 05 Jan 2024 15:26:20.578 * <raft> Cluster Membership: term:1 index:4 nodes: id=2,voting=0,active=1,addr=- id=1,voting=1,active=1,addr=localhost:5081 id=3,voting=0,active=1,addr=localhost:5083
2753515:M 05 Jan 2024 15:26:20.582 - Accepted 127.0.0.1:33262
2753515:M 05 Jan 2024 15:26:20.867 * <raft> State change: Election starting, node is now a pre-candidate, term 1
2753515:M 05 Jan 2024 15:26:20.867 * <raft> Cluster Membership: term:1 index:4 nodes: id=2,voting=0,active=1,addr=- id=1,voting=1,active=1,addr=localhost:5081 id=3,voting=0,active=1,addr=localhost:5083
2753515:M 05 Jan 2024 15:26:21.034 * <raft> State change: Node is now a follower, term 1
2753515:M 05 Jan 2024 15:26:21.034 * <raft> Cluster Membership: term:1 index:4 nodes: id=2,voting=0,active=1,addr=- id=1,voting=1,active=1,addr=localhost:5081 id=3,voting=0,active=1,addr=localhost:5083
2753515:signal-handler (1704464781) Received SIGINT scheduling shutdown...
2753515:signal-handler (1704464781) You insist... exiting now.
2754841:C 05 Jan 2024 15:26:22.707 # WARNING Memory overcommit must be enabled! Without it, a background save or replication may fail under low memory condition. Being disabled, it can also cause failures without low memory condition, see https://github.com/jemalloc/jemalloc/issues/1328. To fix this issue add 'vm.overcommit_memory = 1' to /etc/sysctl.conf and then reboot or run the command 'sysctl vm.overcommit_memory=1' for this to take effect.
2754841:C 05 Jan 2024 15:26:22.707 * oO0OoO0OoO0Oo Redis is starting oO0OoO0OoO0Oo
2754841:C 05 Jan 2024 15:26:22.707 * Redis version=255.255.255, bits=64, commit=e04ebdb8, modified=1, pid=2754841, just started
2754841:C 05 Jan 2024 15:26:22.707 * Configuration loaded
2754841:M 05 Jan 2024 15:26:22.708 * monotonic clock: POSIX clock_gettime
2754841:M 05 Jan 2024 15:26:22.708 * Running mode=standalone, port=5082.
2754841:M 05 Jan 2024 15:26:22.714 * <raft> RedisRaft version 255.255.255 [b779b199]
2754841:M 05 Jan 2024 15:26:22.719 * <raft> Initializing test network
2754841:M 05 Jan 2024 15:26:22.719 * <raft> Created test network client
2754841:M 05 Jan 2024 15:26:22.722 * <raft> Raft module loaded, state is 'loading'
2754841:M 05 Jan 2024 15:26:22.722 * Module 'raft' loaded from /home/snagendra/Fuzzing/redisraft-fuzzing/redisraft.so
2754841:M 05 Jan 2024 15:26:22.722 * Server initialized
2754841:M 05 Jan 2024 15:26:22.722 . The AOF directory appendonlydir doesn't exist
2754841:M 05 Jan 2024 15:26:22.722 * Ready to accept connections tcp
2754841:M 05 Jan 2024 15:26:22.723 . 0 clients connected (0 replicas), 1746720 bytes in use
2754841:M 05 Jan 2024 15:26:22.749 - Accepted 127.0.0.1:52168
2754841:M 05 Jan 2024 15:26:22.749 # Missing implement of connection type tls
2754841:M 05 Jan 2024 15:26:22.759 - Accepted 127.0.0.1:52172
2754841:signal-handler (1704464782) Received SIGINT scheduling shutdown...
2754841:signal-handler (1704464782) You insist... exiting now.
2754966:C 05 Jan 2024 15:26:22.901 # WARNING Memory overcommit must be enabled! Without it, a background save or replication may fail under low memory condition. Being disabled, it can also cause failures without low memory condition, see https://github.com/jemalloc/jemalloc/issues/1328. To fix this issue add 'vm.overcommit_memory = 1' to /etc/sysctl.conf and then reboot or run the command 'sysctl vm.overcommit_memory=1' for this to take effect.
2754966:C 05 Jan 2024 15:26:22.901 * oO0OoO0OoO0Oo Redis is starting oO0OoO0OoO0Oo
2754966:C 05 Jan 2024 15:26:22.901 * Redis version=255.255.255, bits=64, commit=e04ebdb8, modified=1, pid=2754966, just started
2754966:C 05 Jan 2024 15:26:22.901 * Configuration loaded
2754966:M 05 Jan 2024 15:26:22.902 * monotonic clock: POSIX clock_gettime
2754966:M 05 Jan 2024 15:26:22.902 * Running mode=standalone, port=5082.
2754966:M 05 Jan 2024 15:26:22.909 * <raft> RedisRaft version 255.255.255 [b779b199]
2754966:M 05 Jan 2024 15:26:22.913 * <raft> Initializing test network
2754966:M 05 Jan 2024 15:26:22.914 * <raft> Created test network client
2754966:M 05 Jan 2024 15:26:22.917 * <raft> Raft module loaded, state is 'loading'
2754966:M 05 Jan 2024 15:26:22.917 * Module 'raft' loaded from /home/snagendra/Fuzzing/redisraft-fuzzing/redisraft.so
2754966:M 05 Jan 2024 15:26:22.917 * Server initialized
2754966:M 05 Jan 2024 15:26:22.917 . The AOF directory appendonlydir doesn't exist
2754966:M 05 Jan 2024 15:26:22.917 * Ready to accept connections tcp
2754966:M 05 Jan 2024 15:26:22.917 . 0 clients connected (0 replicas), 1746656 bytes in use
2754966:M 05 Jan 2024 15:26:22.950 - Accepted 127.0.0.1:52190
2754966:M 05 Jan 2024 15:26:22.950 # Missing implement of connection type tls
2754966:M 05 Jan 2024 15:26:22.961 - Accepted 127.0.0.1:52198
2754966:M 05 Jan 2024 15:26:23.017 * <raft> Loading: Redis loading complete, snapshot NOT LOADED
2754966:M 05 Jan 2024 15:26:23.017 * <raft> Cluster Membership: term:0 index:0 nodes: id=2,voting=0,active=1,addr=-
2754966:M 05 Jan 2024 15:26:23.018 * <raft> Test network starting message polling thread
2754966:M 05 Jan 2024 15:26:23.018 * <raft> Cluster Membership: term:0 index:5 nodes: id=2,voting=0,active=1,addr=- id=1,voting=1,active=1,addr=localhost:5081
2754966:M 05 Jan 2024 15:26:23.018 * <raft> Cluster Membership: term:0 index:5 nodes: id=2,voting=0,active=1,addr=- id=1,voting=1,active=1,addr=localhost:5081 id=3,voting=0,active=1,addr=localhost:5083
2754966:M 05 Jan 2024 15:26:23.018 * <raft> Raft state after loading log: log_count=5, first_idx=1, current_idx=5, last_applied_idx=0
2754966:M 05 Jan 2024 15:26:23.018 . <raft> Raft term=2, vote=-1
2754966:M 05 Jan 2024 15:26:23.136 - Client closed connection id=9 addr=127.0.0.1:52198 laddr=127.0.0.1:5082 fd=12 name= age=1 idle=1 flags=N db=0 sub=0 psub=0 ssub=0 multi=-1 qbuf=0 qbuf-free=20474 argv-mem=0 multi-mem=0 rbs=1024 rbp=0 obl=0 oll=0 omem=0 tot-mem=22400 events=r cmd=auth user=default redir=-1 resp=2 lib-name= lib-ver=
2754966:signal-handler (1704464783) Received SIGINT scheduling shutdown...
2754966:signal-handler (1704464783) Received SIGINT scheduling shutdown...

----- Stderr -----
libgcov profiling error:/home/snagendra/Fuzzing/redisraft-fuzzing/build/deps/raft/CMakeFiles/raft.dir/src/raft_server.c.gcda:Merge mismatch for function 36
libgcov profiling error:/home/snagendra/Fuzzing/redisraft-fuzzing/build/deps/raft/CMakeFiles/raft.dir/src/raft_server.c.gcda:Merge mismatch for function 36




logs for node: 3

----- Stdout -----
2753608:C 05 Jan 2024 15:26:19.778 # WARNING Memory overcommit must be enabled! Without it, a background save or replication may fail under low memory condition. Being disabled, it can also cause failures without low memory condition, see https://github.com/jemalloc/jemalloc/issues/1328. To fix this issue add 'vm.overcommit_memory = 1' to /etc/sysctl.conf and then reboot or run the command 'sysctl vm.overcommit_memory=1' for this to take effect.
2753608:C 05 Jan 2024 15:26:19.778 * oO0OoO0OoO0Oo Redis is starting oO0OoO0OoO0Oo
2753608:C 05 Jan 2024 15:26:19.778 * Redis version=255.255.255, bits=64, commit=e04ebdb8, modified=1, pid=2753608, just started
2753608:C 05 Jan 2024 15:26:19.778 * Configuration loaded
2753608:M 05 Jan 2024 15:26:19.778 * monotonic clock: POSIX clock_gettime
2753608:M 05 Jan 2024 15:26:19.779 * Running mode=standalone, port=5083.
2753608:M 05 Jan 2024 15:26:19.786 * <raft> RedisRaft version 255.255.255 [b779b199]
2753608:M 05 Jan 2024 15:26:19.791 * <raft> Initializing test network
2753608:M 05 Jan 2024 15:26:19.792 * <raft> Created test network client
2753608:M 05 Jan 2024 15:26:19.793 * <raft> Raft module loaded, state is 'uninitialized'
2753608:M 05 Jan 2024 15:26:19.793 * Module 'raft' loaded from /home/snagendra/Fuzzing/redisraft-fuzzing/redisraft.so
2753608:M 05 Jan 2024 15:26:19.793 * Server initialized
2753608:M 05 Jan 2024 15:26:19.794 . The AOF directory appendonlydir doesn't exist
2753608:M 05 Jan 2024 15:26:19.794 * Ready to accept connections tcp
2753608:M 05 Jan 2024 15:26:19.794 - Accepted 127.0.0.1:44552
2753608:M 05 Jan 2024 15:26:19.794 # Missing implement of connection type tls
2753608:M 05 Jan 2024 15:26:19.794 . 1 clients connected (0 replicas), 1743960 bytes in use
2753608:M 05 Jan 2024 15:26:19.893 - <raft> join cluster, connecting to localhost:5081
2753608:M 05 Jan 2024 15:26:19.894 * <raft> Joined Raft cluster, node id: 3, dbid: 4799e96e9510f8890c88739faa4a15de
2753608:M 05 Jan 2024 15:26:19.901 * <raft> Cluster Membership: term:0 index:0 nodes: id=3,voting=0,active=1,addr=-
2753608:M 05 Jan 2024 15:26:19.901 * <raft> Test network starting message polling thread
2753608:M 05 Jan 2024 15:26:19.905 - Accepted 127.0.0.1:44568
2753608:M 05 Jan 2024 15:26:20.122 * <raft> Cluster Membership: term:1 index:2 nodes: id=3,voting=0,active=1,addr=- id=1,voting=1,active=1,addr=localhost:5081
2753608:M 05 Jan 2024 15:26:20.122 * <raft> Cluster Membership: term:1 index:3 nodes: id=3,voting=0,active=1,addr=- id=1,voting=1,active=1,addr=localhost:5081 id=2,voting=0,active=1,addr=localhost:5082
2753608:M 05 Jan 2024 15:26:20.163 - Client closed connection id=9 addr=127.0.0.1:44568 laddr=127.0.0.1:5083 fd=10 name= age=1 idle=1 flags=N db=0 sub=0 psub=0 ssub=0 multi=-1 qbuf=0 qbuf-free=20474 argv-mem=0 multi-mem=0 rbs=1024 rbp=0 obl=0 oll=0 omem=0 tot-mem=22400 events=r cmd=auth user=default redir=-1 resp=2 lib-name= lib-ver=
2753608:signal-handler (1704464780) Received SIGINT scheduling shutdown...
2753608:signal-handler (1704464780) You insist... exiting now.
2754369:C 05 Jan 2024 15:26:21.833 # WARNING Memory overcommit must be enabled! Without it, a background save or replication may fail under low memory condition. Being disabled, it can also cause failures without low memory condition, see https://github.com/jemalloc/jemalloc/issues/1328. To fix this issue add 'vm.overcommit_memory = 1' to /etc/sysctl.conf and then reboot or run the command 'sysctl vm.overcommit_memory=1' for this to take effect.
2754369:C 05 Jan 2024 15:26:21.833 * oO0OoO0OoO0Oo Redis is starting oO0OoO0OoO0Oo
2754369:C 05 Jan 2024 15:26:21.833 * Redis version=255.255.255, bits=64, commit=e04ebdb8, modified=1, pid=2754369, just started
2754369:C 05 Jan 2024 15:26:21.833 * Configuration loaded
2754369:M 05 Jan 2024 15:26:21.834 * monotonic clock: POSIX clock_gettime
2754369:M 05 Jan 2024 15:26:21.834 * Running mode=standalone, port=5083.
2754369:M 05 Jan 2024 15:26:21.840 * <raft> RedisRaft version 255.255.255 [b779b199]
2754369:M 05 Jan 2024 15:26:21.845 * <raft> Initializing test network
2754369:M 05 Jan 2024 15:26:21.845 * <raft> Created test network client
2754369:M 05 Jan 2024 15:26:21.848 * <raft> Raft module loaded, state is 'loading'
2754369:M 05 Jan 2024 15:26:21.848 * Module 'raft' loaded from /home/snagendra/Fuzzing/redisraft-fuzzing/redisraft.so
2754369:M 05 Jan 2024 15:26:21.849 * Server initialized
2754369:M 05 Jan 2024 15:26:21.849 . The AOF directory appendonlydir doesn't exist
2754369:M 05 Jan 2024 15:26:21.849 * Ready to accept connections tcp
2754369:M 05 Jan 2024 15:26:21.849 . 0 clients connected (0 replicas), 1746656 bytes in use
27543692754369:signal-handler (:signal-handler (1704464781) 1704464781Received SIGINT scheduling shutdown...) 
Received SIGINT scheduling shutdown...
2754369:M 05 Jan 2024 15:26:21.948 * <raft> Loading: Redis loading complete, snapshot NOT LOADED
2754369:M 05 Jan 2024 15:26:21.949 * <raft> Cluster Membership: term:0 index:0 nodes: id=3,voting=0,active=1,addr=-
2754369:M 05 Jan 2024 15:26:21.949 * <raft> Test network starting message polling thread
2754369:M 05 Jan 2024 15:26:21.950 * <raft> Cluster Membership: term:0 index:4 nodes: id=3,voting=0,active=1,addr=- id=1,voting=1,active=1,addr=localhost:5081
2754369:M 05 Jan 2024 15:26:21.950 * <raft> Cluster Membership: term:0 index:4 nodes: id=3,voting=0,active=1,addr=- id=1,voting=1,active=1,addr=localhost:5081 id=2,voting=0,active=1,addr=localhost:5082
2754369:M 05 Jan 2024 15:26:21.950 * <raft> Raft state after loading log: log_count=4, first_idx=1, current_idx=4, last_applied_idx=0
2754369:M 05 Jan 2024 15:26:21.950 . <raft> Raft term=1, vote=-1
2754369:M 05 Jan 2024 15:26:21.950 * User requested shutdown...
2754369:M 05 Jan 2024 15:26:21.950 # Redis is now ready to exit, bye bye...


=== REDIS BUG REPORT START: Cut & paste starting from here ===
2754369:M 05 Jan 2024 15:26:21.955 # Redis 255.255.255 crashed by signal: 11, si_code: 1
2754369:M 05 Jan 2024 15:26:21.955 # Accessing address: 0x18
2754369:M 05 Jan 2024 15:26:21.955 # Crashed running the instruction at: 0x7f46960200b0

------ STACK TRACE ------
EIP:
/lib/x86_64-linux-gnu/libc.so.6(__pthread_rwlock_wrlock+0x0)[0x7f46960200b0]

Backtrace:
/lib/x86_64-linux-gnu/libc.so.6(+0x3bfd0)[0x7f4695fccfd0]
/lib/x86_64-linux-gnu/libc.so.6(__pthread_rwlock_wrlock+0x0)[0x7f46960200b0]
/lib/x86_64-linux-gnu/libcrypto.so.3(CRYPTO_THREAD_write_lock+0x9)[0x7f469443df49]
/lib/x86_64-linux-gnu/libcrypto.so.3(ENGINE_get_first+0x3a)[0x7f46943e408a]
/lib/x86_64-linux-gnu/libcrypto.so.3(ENGINE_register_all_complete+0x6)[0x7f46943e3486]
/lib/x86_64-linux-gnu/libssh2.so.1(libssh2_init+0x39)[0x7f4694d6e389]
/lib/x86_64-linux-gnu/libcurl-gnutls.so.4(+0x8146b)[0x7f4695eb346b]
/lib/x86_64-linux-gnu/libcurl-gnutls.so.4(+0x22125)[0x7f4695e54125]
/lib/x86_64-linux-gnu/libcurl-gnutls.so.4(curl_global_init+0x3a)[0x7f4695e5422a]
/home/snagendra/Fuzzing/redisraft-fuzzing/redisraft.so(redis_test_http_do+0x2c)[0x7f4695f5086c]
/home/snagendra/Fuzzing/redisraft-fuzzing/redisraft.so(redis_test_http_post+0x26)[0x7f4695f50a86]
/home/snagendra/Fuzzing/redisraft-fuzzing/redisraft.so(redis_test_send_message+0x9d)[0x7f4695f4fefd]
/home/snagendra/Fuzzing/redisraft-fuzzing/redisraft.so(testNetworkSendAppendEntriesResponse+0x6a)[0x7f4695f3922a]
/home/snagendra/Fuzzing/redisraft-fuzzing/redisraft.so(handleTestNetworkMessage+0x130)[0x7f4695f394a0]
/home/snagendra/Fuzzing/redisraft-fuzzing/redisraft.so(poll_redis_test_messages+0x89)[0x7f4695f395c9]
/lib/x86_64-linux-gnu/libc.so.6(+0x89044)[0x7f469601a044]
/lib/x86_64-linux-gnu/libc.so.6(+0x10961c)[0x7f469609a61c]

------ REGISTERS ------
2754369:M 05 Jan 2024 15:26:21.956 # 
RAX:0000000000000001 RBX:00007f467c001b10
RCX:0000000000000000 RDX:0000000000000000
RDI:0000000000000000 RSI:0000000000000000
RBP:00007f469467e638 RSP:00007f4688ffc228
R8 :0000000000000000 R9 :0000000000000000
R10:0000000000000000 R11:0000000000000000
R12:00007f4688ffc320 R13:00007f467c002440
R14:0000000000000000 R15:00007f4693d82a00
RIP:00007f46960200b0 EFL:0000000000010206
CSGSFS:002b000000000033
2754369:M 05 Jan 2024 15:26:21.956 # (00007f4688ffc237) -> 00007f467c001b10
2754369:M 05 Jan 2024 15:26:21.956 # (00007f4688ffc236) -> 00007f4695e54125
2754369:M 05 Jan 2024 15:26:21.956 # (00007f4688ffc235) -> 00007f4693d82a00
2754369:M 05 Jan 2024 15:26:21.956 # (00007f4688ffc234) -> 00007f4695eb346b
2754369:M 05 Jan 2024 15:26:21.956 # (00007f4688ffc233) -> 00007f467c002440
2754369:M 05 Jan 2024 15:26:21.956 # (00007f4688ffc232) -> 0000000088ffc320
2754369:M 05 Jan 2024 15:26:21.956 # (00007f4688ffc231) -> 00007f467c002570
2754369:M 05 Jan 2024 15:26:21.956 # (00007f4688ffc230) -> 00007f4694d6e389
2754369:M 05 Jan 2024 15:26:21.956 # (00007f4688ffc22f) -> 00007f467c001b10
2754369:M 05 Jan 2024 15:26:21.956 # (00007f4688ffc22e) -> 00007f46943e3486
2754369:M 05 Jan 2024 15:26:21.956 # (00007f4688ffc22d) -> 00007f467c002570
2754369:M 05 Jan 2024 15:26:21.956 # (00007f4688ffc22c) -> 00007f467c001b10
2754369:M 05 Jan 2024 15:26:21.956 # (00007f4688ffc22b) -> 00007f4688ffc320
2754369:M 05 Jan 2024 15:26:21.956 # (00007f4688ffc22a) -> 00007f46943e408a
2754369:M 05 Jan 2024 15:26:21.956 # (00007f4688ffc229) -> 00007f467c001b10
2754369:M 05 Jan 2024 15:26:21.956 # (00007f4688ffc228) -> 00007f469443df49

------ INFO OUTPUT ------
# Server
redis_version:255.255.255
redis_git_sha1:e04ebdb8
redis_git_dirty:1
redis_build_id:1f78dcc7b4fbdd25
redis_mode:standalone
os:Linux 6.1.60.1.amd64-smp x86_64
arch_bits:64
monotonic_clock:POSIX clock_gettime
multiplexing_api:epoll
atomicvar_api:c11-builtin
gcc_version:10.2.1
process_id:2754369
process_supervised:no
run_id:0a02515be4ec006d562c7d354e58f89b289b3cdb
tcp_port:5083
server_time_usec:1704464781950362
uptime_in_seconds:0
uptime_in_days:0
hz:10
configured_hz:10
lru_clock:9965965
executable:/home/snagendra/Fuzzing/redis/src/redis-server
config_file:
io_threads_active:0
listener0:name=tcp,bind=0.0.0.0,port=5083

# Clients
connected_clients:0
cluster_connections:0
maxclients:10000
client_recent_max_input_buffer:0
client_recent_max_output_buffer:0
blocked_clients:0
tracking_clients:0
clients_in_timeout_table:0
total_blocking_keys:0
total_blocking_keys_on_nokey:0

# Memory
used_memory:1755792
used_memory_human:1.67M
used_memory_rss:18010112
used_memory_rss_human:17.18M
used_memory_peak:1755792
used_memory_peak_human:1.67M
used_memory_peak_perc:100.10%
used_memory_overhead:1746696
used_memory_startup:1746512
used_memory_dataset:9096
used_memory_dataset_perc:98.02%
allocator_allocated:2111072
allocator_active:2678784
allocator_resident:10940416
total_system_memory:270388695040
total_system_memory_human:251.82G
used_memory_lua:31744
used_memory_vm_eval:31744
used_memory_lua_human:31.00K
used_memory_scripts_eval:0
number_of_cached_scripts:0
number_of_functions:0
number_of_libraries:0
used_memory_vm_functions:32768
used_memory_vm_total:64512
used_memory_vm_total_human:63.00K
used_memory_functions:184
used_memory_scripts:184
used_memory_scripts_human:184B
maxmemory:0
maxmemory_human:0B
maxmemory_policy:noeviction
allocator_frag_ratio:1.27
allocator_frag_bytes:567712
allocator_rss_ratio:4.08
allocator_rss_bytes:8261632
rss_overhead_ratio:1.65
rss_overhead_bytes:7069696
mem_fragmentation_ratio:10.27
mem_fragmentation_bytes:16256144
mem_not_counted_for_evict:0
mem_replication_backlog:0
mem_total_replication_buffers:0
mem_clients_slaves:0
mem_clients_normal:0
mem_cluster_links:0
mem_aof_buffer:0
mem_allocator:jemalloc-5.3.0
active_defrag_running:0
lazyfree_pending_objects:0
lazyfreed_objects:0

# Persistence
loading:0
async_loading:0
current_cow_peak:0
current_cow_size:0
current_cow_size_age:0
current_fork_perc:0.00
current_save_keys_processed:0
current_save_keys_total:0
rdb_changes_since_last_save:0
rdb_bgsave_in_progress:0
rdb_last_save_time:1704464781
rdb_last_bgsave_status:ok
rdb_last_bgsave_time_sec:-1
rdb_current_bgsave_time_sec:-1
rdb_saves:0
rdb_last_cow_size:0
rdb_last_load_keys_expired:0
rdb_last_load_keys_loaded:0
aof_enabled:0
aof_rewrite_in_progress:0
aof_rewrite_scheduled:0
aof_last_rewrite_time_sec:-1
aof_current_rewrite_time_sec:-1
aof_last_bgrewrite_status:ok
aof_rewrites:0
aof_rewrites_consecutive_failures:0
aof_last_write_status:ok
aof_last_cow_size:0
module_fork_in_progress:0
module_fork_last_cow_size:0

# Stats
total_connections_received:0
total_commands_processed:6
instantaneous_ops_per_sec:25
total_net_input_bytes:0
total_net_output_bytes:0
total_net_repl_input_bytes:0
total_net_repl_output_bytes:0
instantaneous_input_kbps:0.00
instantaneous_output_kbps:0.00
instantaneous_input_repl_kbps:0.00
instantaneous_output_repl_kbps:0.00
rejected_connections:0
sync_full:0
sync_partial_ok:0
sync_partial_err:0
expired_keys:0
expired_stale_perc:0.00
expired_time_cap_reached_count:0
expire_cycle_cpu_milliseconds:0
evicted_keys:0
evicted_clients:0
total_eviction_exceeded_time:0
current_eviction_exceeded_time:0
keyspace_hits:0
keyspace_misses:0
pubsub_channels:0
pubsub_patterns:0
pubsubshard_channels:0
latest_fork_usec:0
total_forks:0
migrate_cached_sockets:0
slave_expires_tracked_keys:0
active_defrag_hits:0
active_defrag_misses:0
active_defrag_key_hits:0
active_defrag_key_misses:0
total_active_defrag_time:0
current_active_defrag_time:0
tracking_total_keys:0
tracking_total_items:0
tracking_total_prefixes:0
unexpected_error_replies:0
total_error_replies:0
dump_payload_sanitizations:0
total_reads_processed:0
total_writes_processed:0
io_threaded_reads_processed:0
io_threaded_writes_processed:0
reply_buffer_shrinks:0
reply_buffer_expands:0
acl_access_denied_auth:0
acl_access_denied_cmd:0
acl_access_denied_key:0
acl_access_denied_channel:0

# Replication
role:master
connected_slaves:0
master_failover_state:no-failover
master_replid:8d4f569363bc1cacda06aca45769485a7c214767
master_replid2:0000000000000000000000000000000000000000
master_repl_offset:0
second_repl_offset:-1
repl_backlog_active:0
repl_backlog_size:1048576
repl_backlog_first_byte_offset:0
repl_backlog_histlen:0

# CPU
used_cpu_sys:0.012201
used_cpu_user:0.008134
used_cpu_sys_children:0.000000
used_cpu_user_children:0.000000
used_cpu_sys_main_thread:0.000000
used_cpu_user_main_thread:0.001309

# Modules
module:name=raft,ver=1,api=1,filters=1,usedby=[],using=[],options=[]

# Commandstats
cmdstat_config|set:calls=1,usec=10,usec_per_call=10.00,rejected_calls=0,failed_calls=0
cmdstat_config|get:calls=3,usec=5,usec_per_call=1.67,rejected_calls=0,failed_calls=0
cmdstat_command:calls=2,usec=1570,usec_per_call=785.00,rejected_calls=0,failed_calls=0

# Errorstats

# Latencystats
latency_percentiles_usec_config|set:p50=10.047,p99=10.047,p99.9=10.047
latency_percentiles_usec_config|get:p50=2.007,p99=2.007,p99.9=2.007
latency_percentiles_usec_command:p50=688.127,p99=888.831,p99.9=888.831

# Cluster
cluster_enabled:0

# Keyspace

------ CLIENT LIST OUTPUT ------

------ MODULES INFO OUTPUT ------
# raft_version
raft_version:255.255.255
raft_git_sha1:b779b199

# raft_general
raft_dbid:4799e96e9510f8890c88739faa4a15de
raft_node_id:3
raft_state:up
raft_role:follower
raft_is_voting:no
raft_voted_for:-1
raft_leader_id:1
raft_current_term:1
raft_num_nodes:3
raft_num_voting_nodes:1
raft_node1:id=1,state=resolving,voting=yes,addr=localhost,port=5081,last_conn_secs=-1,conn_errors=0,conn_oks=0
raft_node2:id=2,state=resolving,voting=no,addr=localhost,port=5082,last_conn_secs=-1,conn_errors=0,conn_oks=0

# raft_log
raft_log_entries:4
raft_current_index:4
raft_commit_index:4
raft_last_applied_index:0
raft_file_size:1189
raft_cache_memory_size:0
raft_cache_entries:0
raft_client_attached_entries:0
raft_fsync_count:0
raft_fsync_max_microseconds:0
raft_entry1:term=1,id=0,data_len=0
raft_entry2:term=1,id=282239516,data_len=264
raft_entry3:term=1,id=443562952,data_len=264
raft_fsync_avg_microseconds:0

# raft_snapshot
raft_snapshot_filename:redis3.rdb
raft_snapshot_last_idx:0
raft_snapshot_last_term:0
raft_snapshot_size:0
raft_snapshot_time_secs:-1
raft_snapshots_created:0
raft_snapshots_received:0
raft_snapshot_in_progress:no
raft_snapshot_in_progress_last_idx:-1
raft_snapshot_in_progress_last_term:-1

# raft_clients
raft_proxy_reqs:0
raft_proxy_failed_reqs:0
raft_proxy_failed_responses:0
raft_proxy_outstanding_reqs:0

# raft_stats
raft_appendreq_received:0
raft_appendreq_with_entry_received:0
raft_snapshotreq_received:0
raft_exec_throttled:0
raft_num_sessions:0

------ CONFIG DEBUG OUTPUT ------
activedefrag no
lazyfree-lazy-user-del no
repl-diskless-load disabled
lazyfree-lazy-user-flush no
io-threads 1
slave-read-only yes
replica-read-only yes
sanitize-dump-payload no
repl-diskless-sync yes
lazyfree-lazy-server-del no
lazyfree-lazy-expire no
client-query-buffer-limit 1gb
list-compress-depth 0
proto-max-bulk-len 512mb
lazyfree-lazy-eviction no
io-threads-do-reads no

------ FAST MEMORY TEST ------
2754369:M 05 Jan 2024 15:26:21.957 # main thread terminated
2754369:M 05 Jan 2024 15:26:21.957 # Bio worker thread #0 terminated
2754369:M 05 Jan 2024 15:26:21.957 # Bio worker thread #1 terminated
2754369:M 05 Jan 2024 15:26:21.957 # Bio worker thread #2 terminated

Fast memory test PASSED, however your memory can still be broken. Please run a memory test for several hours if possible.

------ DUMPING CODE AROUND EIP ------
Symbol: __pthread_rwlock_wrlock (base: 0x7f46960200b0)
Module: /lib/x86_64-linux-gnu/libc.so.6 (base 0x7f4695f91000)
$ xxd -r -p /tmp/dump.hex /tmp/dump.bin
$ objdump --adjust-vma=0x7f46960200b0 -D -b binary -m i386:x86-64 /tmp/dump.bin
------
2754369:M 05 Jan 2024 15:26:21.957 # dump of function (hexdump of 128 bytes):
8b5718648b0425d002000039c20f8485000000415741564155415455534889fb4883ec088b0789c189c283c902f00fb10b75f3488d6b0cb801000000f6c202755f89430cf6c201752889d089d183e001c1e90309c80f854501000089d189d083c901f00fb10b89c275dfc7430801000000648b0425d00200008943184531c948

=== REDIS BUG REPORT END. Make sure to include from START to END. ===

       Please report the crash by opening an issue on github:

           http://github.com/redis/redis/issues

  If a Redis module was involved, please open in the module's repo instead.

  Suspect RAM error? Use redis-server --test-memory to verify it.

  Some other issues could be detected by redis-server --check-system
2754532:C 05 Jan 2024 15:26:22.128 # WARNING Memory overcommit must be enabled! Without it, a background save or replication may fail under low memory condition. Being disabled, it can also cause failures without low memory condition, see https://github.com/jemalloc/jemalloc/issues/1328. To fix this issue add 'vm.overcommit_memory = 1' to /etc/sysctl.conf and then reboot or run the command 'sysctl vm.overcommit_memory=1' for this to take effect.
2754532:C 05 Jan 2024 15:26:22.128 * oO0OoO0OoO0Oo Redis is starting oO0OoO0OoO0Oo
2754532:C 05 Jan 2024 15:26:22.128 * Redis version=255.255.255, bits=64, commit=e04ebdb8, modified=1, pid=2754532, just started
2754532:C 05 Jan 2024 15:26:22.128 * Configuration loaded
2754532:M 05 Jan 2024 15:26:22.128 * monotonic clock: POSIX clock_gettime
2754532:M 05 Jan 2024 15:26:22.129 * Running mode=standalone, port=5083.
2754532:M 05 Jan 2024 15:26:22.135 * <raft> RedisRaft version 255.255.255 [b779b199]
2754532:M 05 Jan 2024 15:26:22.139 * <raft> Initializing test network
2754532:M 05 Jan 2024 15:26:22.140 * <raft> Created test network client
2754532:M 05 Jan 2024 15:26:22.144 * <raft> Raft module loaded, state is 'loading'
2754532:M 05 Jan 2024 15:26:22.144 * Module 'raft' loaded from /home/snagendra/Fuzzing/redisraft-fuzzing/redisraft.so
2754532:M 05 Jan 2024 15:26:22.145 * Server initialized
2754532:M 05 Jan 2024 15:26:22.145 . The AOF directory appendonlydir doesn't exist
2754532:M 05 Jan 2024 15:26:22.145 * Ready to accept connections tcp
2754532:M 05 Jan 2024 15:26:22.145 . 0 clients connected (0 replicas), 1746848 bytes in use
2754532:M 05 Jan 2024 15:26:22.245 * <raft> Loading: Redis loading complete, snapshot NOT LOADED
2754532:M 05 Jan 2024 15:26:22.245 * <raft> Cluster Membership: term:0 index:0 nodes: id=3,voting=0,active=1,addr=-
2754532:M 05 Jan 2024 15:26:22.246 * <raft> Test network starting message polling thread
2754532:M 05 Jan 2024 15:26:22.246 * <raft> Cluster Membership: term:0 index:4 nodes: id=3,voting=0,active=1,addr=- id=1,voting=1,active=1,addr=localhost:5081
2754532:M 05 Jan 2024 15:26:22.246 * <raft> Cluster Membership: term:0 index:4 nodes: id=3,voting=0,active=1,addr=- id=1,voting=1,active=1,addr=localhost:5081 id=2,voting=0,active=1,addr=localhost:5082
2754532:M 05 Jan 2024 15:26:22.246 * <raft> Raft state after loading log: log_count=4, first_idx=1, current_idx=4, last_applied_idx=0
2754532:M 05 Jan 2024 15:26:22.246 . <raft> Raft term=1, vote=-1
2754532:M 05 Jan 2024 15:26:22.547 * <raft> State change: Election starting, node is now a pre-candidate, term 2
2754532:M 05 Jan 2024 15:26:22.547 * <raft> Cluster Membership: term:2 index:5 nodes: id=3,voting=0,active=1,addr=- id=1,voting=1,active=1,addr=localhost:5081 id=2,voting=0,active=1,addr=localhost:5082
2754532:M 05 Jan 2024 15:26:22.559 - Accepted 127.0.0.1:59558
2754532:M 05 Jan 2024 15:26:22.559 # Missing implement of connection type tls
2754532:M 05 Jan 2024 15:26:22.706 * <raft> State change: Node is now a follower, term 2
2754532:M 05 Jan 2024 15:26:22.706 * <raft> Cluster Membership: term:2 index:5 nodes: id=3,voting=0,active=1,addr=- id=1,voting=1,active=1,addr=localhost:5081 id=2,voting=0,active=1,addr=localhost:5082
2754532:M 05 Jan 2024 15:26:22.949 * <raft> State change: Election starting, node is now a pre-candidate, term 2
2754532:M 05 Jan 2024 15:26:22.949 * <raft> Cluster Membership: term:2 index:5 nodes: id=3,voting=0,active=1,addr=- id=1,voting=1,active=1,addr=localhost:5081 id=2,voting=0,active=1,addr=localhost:5082
2754532:M 05 Jan 2024 15:26:23.019 - Accepted 127.0.0.1:59560
2754532:M 05 Jan 2024 15:26:23.136 - Client closed connection id=8 addr=127.0.0.1:59558 laddr=127.0.0.1:5083 fd=12 name= age=1 idle=1 flags=N db=0 sub=0 psub=0 ssub=0 multi=-1 qbuf=0 qbuf-free=20474 argv-mem=0 multi-mem=0 rbs=1024 rbp=0 obl=0 oll=0 omem=0 tot-mem=22400 events=r cmd=auth user=default redir=-1 resp=2 lib-name= lib-ver=
2754532:M 05 Jan 2024 15:26:23.191 - Client closed connection id=9 addr=127.0.0.1:59560 laddr=127.0.0.1:5083 fd=14 name= age=0 idle=0 flags=N db=0 sub=0 psub=0 ssub=0 multi=-1 qbuf=0 qbuf-free=20474 argv-mem=0 multi-mem=0 rbs=1024 rbp=0 obl=0 oll=0 omem=0 tot-mem=22400 events=r cmd=auth user=default redir=-1 resp=2 lib-name= lib-ver=
2754532:signal-handler (1704464783) Received SIGINT scheduling shutdown...
2754532:signal-handler (1704464783) You insist... exiting now.

----- Stderr -----
libgcov profiling error:/home/snagendra/Fuzzing/redisraft-fuzzing/build/deps/raft/CMakeFiles/raft.dir/src/raft_server.c.gcda:Merge mismatch for function 36
libgcov profiling error:/home/snagendra/Fuzzing/redisraft-fuzzing/build/deps/raft/CMakeFiles/raft.dir/src/raft_server.c.gcda:Merge mismatch for function 36



