logs for node: 2

----- Stdout -----
3193347:C 05 Jan 2024 18:14:01.381 # WARNING Memory overcommit must be enabled! Without it, a background save or replication may fail under low memory condition. Being disabled, it can also cause failures without low memory condition, see https://github.com/jemalloc/jemalloc/issues/1328. To fix this issue add 'vm.overcommit_memory = 1' to /etc/sysctl.conf and then reboot or run the command 'sysctl vm.overcommit_memory=1' for this to take effect.
3193347:C 05 Jan 2024 18:14:01.381 * oO0OoO0OoO0Oo Redis is starting oO0OoO0OoO0Oo
3193347:C 05 Jan 2024 18:14:01.381 * Redis version=255.255.255, bits=64, commit=e04ebdb8, modified=1, pid=3193347, just started
3193347:C 05 Jan 2024 18:14:01.381 * Configuration loaded
3193347:M 05 Jan 2024 18:14:01.382 * monotonic clock: POSIX clock_gettime
3193347:M 05 Jan 2024 18:14:01.382 * Running mode=standalone, port=5072.
3193347:M 05 Jan 2024 18:14:01.389 * <raft> RedisRaft version 255.255.255 [b779b199]
3193347:M 05 Jan 2024 18:14:01.394 * <raft> Initializing test network
3193347:M 05 Jan 2024 18:14:01.395 * <raft> Created test network client
3193347:M 05 Jan 2024 18:14:01.396 * <raft> Raft module loaded, state is 'uninitialized'
3193347:M 05 Jan 2024 18:14:01.396 * Module 'raft' loaded from /home/snagendra/Fuzzing/redisraft-fuzzing/redisraft.so
3193347:M 05 Jan 2024 18:14:01.397 * Server initialized
3193347:M 05 Jan 2024 18:14:01.397 . The AOF directory appendonlydir doesn't exist
3193347:M 05 Jan 2024 18:14:01.398 * Ready to accept connections tcp
3193347:M 05 Jan 2024 18:14:01.398 . 0 clients connected (0 replicas), 1726224 bytes in use
3193347:M 05 Jan 2024 18:14:01.421 - Accepted 127.0.0.1:42122
3193347:M 05 Jan 2024 18:14:01.421 # Missing implement of connection type tls
3193347:M 05 Jan 2024 18:14:01.497 - <raft> join cluster, connecting to localhost:5071
3193347:M 05 Jan 2024 18:14:01.498 * <raft> Joined Raft cluster, node id: 2, dbid: 23d0b627f9cecab12c761f539f3999b0
3193347:M 05 Jan 2024 18:14:01.505 * <raft> Cluster Membership: term:0 index:0 nodes: id=2,voting=0,active=1,addr=-
3193347:M 05 Jan 2024 18:14:01.505 * <raft> Test network starting message polling thread
3193347:M 05 Jan 2024 18:14:01.543 - Accepted 127.0.0.1:42132
3193347:M 05 Jan 2024 18:14:01.760 * <raft> Cluster Membership: term:1 index:2 nodes: id=2,voting=0,active=1,addr=- id=1,voting=1,active=1,addr=localhost:5071
3193347:M 05 Jan 2024 18:14:01.938 * <raft> Cluster Membership: term:1 index:4 nodes: id=2,voting=0,active=1,addr=- id=1,voting=1,active=1,addr=localhost:5071 id=3,voting=0,active=1,addr=localhost:5073
3193347:M 05 Jan 2024 18:14:02.024 - Accepted 127.0.0.1:42148
3193347:M 05 Jan 2024 18:14:02.200 * <raft> State change: Election starting, node is now a pre-candidate, term 1
3193347:M 05 Jan 2024 18:14:02.200 * <raft> Cluster Membership: term:1 index:4 nodes: id=2,voting=0,active=1,addr=- id=1,voting=1,active=1,addr=localhost:5071 id=3,voting=0,active=1,addr=localhost:5073
3193347:M 05 Jan 2024 18:14:02.423 * <raft> State change: Node is now a follower, term 1
3193347:M 05 Jan 2024 18:14:02.423 * <raft> Cluster Membership: term:1 index:4 nodes: id=2,voting=0,active=1,addr=- id=1,voting=1,active=1,addr=localhost:5071 id=3,voting=0,active=1,addr=localhost:5073
3193347:M 05 Jan 2024 18:14:02.863 - Client closed connection id=9 addr=127.0.0.1:42132 laddr=127.0.0.1:5072 fd=10 name= age=1 idle=1 flags=N db=0 sub=0 psub=0 ssub=0 multi=-1 qbuf=0 qbuf-free=20474 argv-mem=0 multi-mem=0 rbs=1024 rbp=0 obl=0 oll=0 omem=0 tot-mem=22400 events=r cmd=auth user=default redir=-1 resp=2 lib-name= lib-ver=
3193347:M 05 Jan 2024 18:14:03.004 * <raft> State change: Election starting, node is now a pre-candidate, term 1
3193347:M 05 Jan 2024 18:14:03.004 * <raft> Cluster Membership: term:1 index:6 nodes: id=2,voting=0,active=1,addr=- id=1,voting=1,active=1,addr=localhost:5071 id=3,voting=1,active=1,addr=localhost:5073
3193347:M 05 Jan 2024 18:14:03.245 - Client closed connection id=10 addr=127.0.0.1:42148 laddr=127.0.0.1:5072 fd=15 name= age=1 idle=1 flags=N db=0 sub=0 psub=0 ssub=0 multi=-1 qbuf=0 qbuf-free=20474 argv-mem=0 multi-mem=0 rbs=1024 rbp=0 obl=0 oll=0 omem=0 tot-mem=22400 events=r cmd=auth user=default redir=-1 resp=2 lib-name= lib-ver=
3193347:signal-handler (1704474843) Received SIGINT scheduling shutdown...
3193347:signal-handler (1704474843) You insist... exiting now.
3194583:C 05 Jan 2024 18:14:03.965 # WARNING Memory overcommit must be enabled! Without it, a background save or replication may fail under low memory condition. Being disabled, it can also cause failures without low memory condition, see https://github.com/jemalloc/jemalloc/issues/1328. To fix this issue add 'vm.overcommit_memory = 1' to /etc/sysctl.conf and then reboot or run the command 'sysctl vm.overcommit_memory=1' for this to take effect.
3194583:C 05 Jan 2024 18:14:03.965 * oO0OoO0OoO0Oo Redis is starting oO0OoO0OoO0Oo
3194583:C 05 Jan 2024 18:14:03.965 * Redis version=255.255.255, bits=64, commit=e04ebdb8, modified=1, pid=3194583, just started
3194583:C 05 Jan 2024 18:14:03.965 * Configuration loaded
3194583:M 05 Jan 2024 18:14:03.966 * monotonic clock: POSIX clock_gettime
3194583:M 05 Jan 2024 18:14:03.966 * Running mode=standalone, port=5072.
3194583:M 05 Jan 2024 18:14:03.972 * <raft> RedisRaft version 255.255.255 [b779b199]
3194583:M 05 Jan 2024 18:14:03.976 * <raft> Initializing test network
3194583:M 05 Jan 2024 18:14:03.977 * <raft> Created test network client
3194583:M 05 Jan 2024 18:14:03.980 * <raft> Raft module loaded, state is 'loading'
3194583:M 05 Jan 2024 18:14:03.980 * Module 'raft' loaded from /home/snagendra/Fuzzing/redisraft-fuzzing/redisraft.so
3194583:M 05 Jan 2024 18:14:03.980 * Server initialized
3194583:M 05 Jan 2024 18:14:03.980 . The AOF directory appendonlydir doesn't exist
3194583:M 05 Jan 2024 18:14:03.980 * Ready to accept connections tcp
3194583:M 05 Jan 2024 18:14:03.981 . 0 clients connected (0 replicas), 1746720 bytes in use
3194583:M 05 Jan 2024 18:14:04.000 - Accepted 127.0.0.1:46152
3194583:M 05 Jan 2024 18:14:04.000 # Missing implement of connection type tls
3194583:M 05 Jan 2024 18:14:04.080 * <raft> Loading: Redis loading complete, snapshot NOT LOADED
3194583:M 05 Jan 2024 18:14:04.080 * <raft> Cluster Membership: term:0 index:0 nodes: id=2,voting=0,active=1,addr=-
3194583:M 05 Jan 2024 18:14:04.081 * <raft> Test network starting message polling thread
3194583:M 05 Jan 2024 18:14:04.081 * <raft> Cluster Membership: term:0 index:6 nodes: id=2,voting=0,active=1,addr=- id=1,voting=1,active=1,addr=localhost:5071
3194583:M 05 Jan 2024 18:14:04.081 * <raft> Cluster Membership: term:0 index:6 nodes: id=2,voting=0,active=1,addr=- id=1,voting=1,active=1,addr=localhost:5071 id=3,voting=0,active=1,addr=localhost:5073
3194583:M 05 Jan 2024 18:14:04.081 * <raft> Raft state after loading log: log_count=6, first_idx=1, current_idx=6, last_applied_idx=0
3194583:M 05 Jan 2024 18:14:04.081 . <raft> Raft term=1, vote=-1
3194583:M 05 Jan 2024 18:14:04.415 - Client closed connection id=8 addr=127.0.0.1:46152 laddr=127.0.0.1:5072 fd=11 name= age=0 idle=0 flags=N db=0 sub=0 psub=0 ssub=0 multi=-1 qbuf=0 qbuf-free=20474 argv-mem=0 multi-mem=0 rbs=1024 rbp=0 obl=0 oll=0 omem=0 tot-mem=22400 events=r cmd=auth user=default redir=-1 resp=2 lib-name= lib-ver=
3194583:M 05 Jan 2024 18:14:04.451 - Accepted 127.0.0.1:46164
3194583:M 05 Jan 2024 18:14:04.482 * <raft> State change: Election starting, node is now a pre-candidate, term 1
3194583:M 05 Jan 2024 18:14:04.482 * <raft> Cluster Membership: term:1 index:6 nodes: id=2,voting=0,active=1,addr=- id=1,voting=1,active=1,addr=localhost:5071 id=3,voting=1,active=1,addr=localhost:5073
3194583:M 05 Jan 2024 18:14:04.508 * <raft> State change: Node is now a follower, term 1
3194583:M 05 Jan 2024 18:14:04.508 * <raft> Cluster Membership: term:1 index:6 nodes: id=2,voting=0,active=1,addr=- id=1,voting=1,active=1,addr=localhost:5071 id=3,voting=1,active=1,addr=localhost:5073
3194583:signal-handler (1704474844) Received SIGINT scheduling shutdown...
3194961:C 05 Jan 2024 18:14:04.774 # WARNING Memory overcommit must be enabled! Without it, a background save or replication may fail under low memory condition. Being disabled, it can also cause failures without low memory condition, see https://github.com/jemalloc/jemalloc/issues/1328. To fix this issue add 'vm.overcommit_memory = 1' to /etc/sysctl.conf and then reboot or run the command 'sysctl vm.overcommit_memory=1' for this to take effect.
3194961:C 05 Jan 2024 18:14:04.774 * oO0OoO0OoO0Oo Redis is starting oO0OoO0OoO0Oo
3194961:C 05 Jan 2024 18:14:04.774 * Redis version=255.255.255, bits=64, commit=e04ebdb8, modified=1, pid=3194961, just started
3194961:C 05 Jan 2024 18:14:04.774 * Configuration loaded
3194961:M 05 Jan 2024 18:14:04.774 * monotonic clock: POSIX clock_gettime
3194961:M 05 Jan 2024 18:14:04.774 * Running mode=standalone, port=5072.
3194961:M 05 Jan 2024 18:14:04.781 * <raft> RedisRaft version 255.255.255 [b779b199]
3194961:M 05 Jan 2024 18:14:04.785 * <raft> Initializing test network
3194961:M 05 Jan 2024 18:14:04.786 * <raft> Created test network client
3194961:M 05 Jan 2024 18:14:04.789 * <raft> Raft module loaded, state is 'loading'
3194961:M 05 Jan 2024 18:14:04.789 * Module 'raft' loaded from /home/snagendra/Fuzzing/redisraft-fuzzing/redisraft.so
3194961:M 05 Jan 2024 18:14:04.790 * Server initialized
3194961:M 05 Jan 2024 18:14:04.790 . The AOF directory appendonlydir doesn't exist
3194961:M 05 Jan 2024 18:14:04.790 * Ready to accept connections tcp
3194961:M 05 Jan 2024 18:14:04.790 . 0 clients connected (0 replicas), 1746720 bytes in use
3194961:signal-handler (1704474844) Received SIGINT scheduling shutdown...
3194961:signal-handler (1704474844) You insist... exiting now.

----- Stderr -----
libgcov profiling error:/home/snagendra/Fuzzing/redisraft-fuzzing/build/deps/raft/CMakeFiles/raft.dir/src/raft_server_properties.c.gcda:Merge mismatch for function 17
libgcov profiling error:/home/snagendra/Fuzzing/redisraft-fuzzing/build/deps/raft/CMakeFiles/raft.dir/src/raft_server.c.gcda:Merge mismatch for function 14
libgcov profiling error:/home/snagendra/Fuzzing/redisraft-fuzzing/build/deps/raft/CMakeFiles/raft.dir/src/raft_server_properties.c.gcda:Merge mismatch for function 17
libgcov profiling error:/home/snagendra/Fuzzing/redisraft-fuzzing/build/deps/raft/CMakeFiles/raft.dir/src/raft_server.c.gcda:Merge mismatch for function 14




logs for node: 3

----- Stdout -----
3193460:C 05 Jan 2024 18:14:01.508 # WARNING Memory overcommit must be enabled! Without it, a background save or replication may fail under low memory condition. Being disabled, it can also cause failures without low memory condition, see https://github.com/jemalloc/jemalloc/issues/1328. To fix this issue add 'vm.overcommit_memory = 1' to /etc/sysctl.conf and then reboot or run the command 'sysctl vm.overcommit_memory=1' for this to take effect.
3193460:C 05 Jan 2024 18:14:01.508 * oO0OoO0OoO0Oo Redis is starting oO0OoO0OoO0Oo
3193460:C 05 Jan 2024 18:14:01.508 * Redis version=255.255.255, bits=64, commit=e04ebdb8, modified=1, pid=3193460, just started
3193460:C 05 Jan 2024 18:14:01.508 * Configuration loaded
3193460:M 05 Jan 2024 18:14:01.508 * monotonic clock: POSIX clock_gettime
3193460:M 05 Jan 2024 18:14:01.508 * Running mode=standalone, port=5073.
3193460:M 05 Jan 2024 18:14:01.516 * <raft> RedisRaft version 255.255.255 [b779b199]
3193460:M 05 Jan 2024 18:14:01.521 * <raft> Initializing test network
3193460:M 05 Jan 2024 18:14:01.522 * <raft> Created test network client
3193460:M 05 Jan 2024 18:14:01.522 * <raft> Raft module loaded, state is 'uninitialized'
3193460:M 05 Jan 2024 18:14:01.522 * Module 'raft' loaded from /home/snagendra/Fuzzing/redisraft-fuzzing/redisraft.so
3193460:M 05 Jan 2024 18:14:01.523 * Server initialized
3193460:M 05 Jan 2024 18:14:01.523 . The AOF directory appendonlydir doesn't exist
3193460:M 05 Jan 2024 18:14:01.524 * Ready to accept connections tcp
3193460:M 05 Jan 2024 18:14:01.524 . 0 clients connected (0 replicas), 1726224 bytes in use
3193460:M 05 Jan 2024 18:14:01.525 - Accepted 127.0.0.1:57516
3193460:M 05 Jan 2024 18:14:01.525 # Missing implement of connection type tls
3193460:M 05 Jan 2024 18:14:01.622 - <raft> join cluster, connecting to localhost:5071
3193460:M 05 Jan 2024 18:14:01.624 * <raft> Joined Raft cluster, node id: 3, dbid: 23d0b627f9cecab12c761f539f3999b0
3193460:M 05 Jan 2024 18:14:01.630 * <raft> Cluster Membership: term:0 index:0 nodes: id=3,voting=0,active=1,addr=-
3193460:M 05 Jan 2024 18:14:01.631 * <raft> Test network starting message polling thread
3193460:M 05 Jan 2024 18:14:01.644 - Accepted 127.0.0.1:57528
3193460:M 05 Jan 2024 18:14:01.968 * <raft> Cluster Membership: term:1 index:2 nodes: id=3,voting=0,active=1,addr=- id=1,voting=1,active=1,addr=localhost:5071
3193460:M 05 Jan 2024 18:14:01.968 * <raft> Cluster Membership: term:1 index:3 nodes: id=3,voting=0,active=1,addr=- id=1,voting=1,active=1,addr=localhost:5071 id=2,voting=0,active=1,addr=localhost:5072
3193460:M 05 Jan 2024 18:14:01.999 - Accepted 127.0.0.1:57536
3193460:M 05 Jan 2024 18:14:02.727 * <raft> State change: Election starting, node is now a pre-candidate, term 1
3193460:M 05 Jan 2024 18:14:02.727 * <raft> Cluster Membership: term:1 index:5 nodes: id=3,voting=0,active=1,addr=- id=1,voting=1,active=1,addr=localhost:5071 id=2,voting=0,active=1,addr=localhost:5072
3193460:M 05 Jan 2024 18:14:02.863 - Client closed connection id=9 addr=127.0.0.1:57528 laddr=127.0.0.1:5073 fd=10 name= age=1 idle=1 flags=N db=0 sub=0 psub=0 ssub=0 multi=-1 qbuf=0 qbuf-free=20474 argv-mem=0 multi-mem=0 rbs=1024 rbp=0 obl=0 oll=0 omem=0 tot-mem=22400 events=r cmd=auth user=default redir=-1 resp=2 lib-name= lib-ver=
3193460:M 05 Jan 2024 18:14:03.130 * <raft> State change: Election starting, node is now a pre-candidate, term 1
3193460:M 05 Jan 2024 18:14:03.130 * <raft> Cluster Membership: term:1 index:5 nodes: id=3,voting=0,active=1,addr=- id=1,voting=1,active=1,addr=localhost:5071 id=2,voting=0,active=1,addr=localhost:5072
3193460:signal-handler (1704474843) Received SIGINT scheduling shutdown...
3193460:signal-handler (1704474843) You insist... exiting now.
3194412:C 05 Jan 2024 18:14:03.447 # WARNING Memory overcommit must be enabled! Without it, a background save or replication may fail under low memory condition. Being disabled, it can also cause failures without low memory condition, see https://github.com/jemalloc/jemalloc/issues/1328. To fix this issue add 'vm.overcommit_memory = 1' to /etc/sysctl.conf and then reboot or run the command 'sysctl vm.overcommit_memory=1' for this to take effect.
3194412:C 05 Jan 2024 18:14:03.447 * oO0OoO0OoO0Oo Redis is starting oO0OoO0OoO0Oo
3194412:C 05 Jan 2024 18:14:03.447 * Redis version=255.255.255, bits=64, commit=e04ebdb8, modified=1, pid=3194412, just started
3194412:C 05 Jan 2024 18:14:03.447 * Configuration loaded
3194412:M 05 Jan 2024 18:14:03.447 * monotonic clock: POSIX clock_gettime
3194412:M 05 Jan 2024 18:14:03.448 * Running mode=standalone, port=5073.
3194412:M 05 Jan 2024 18:14:03.454 * <raft> RedisRaft version 255.255.255 [b779b199]
3194412:M 05 Jan 2024 18:14:03.458 * <raft> Initializing test network
3194412:M 05 Jan 2024 18:14:03.459 * <raft> Created test network client
3194412:M 05 Jan 2024 18:14:03.462 * <raft> Raft module loaded, state is 'loading'
3194412:M 05 Jan 2024 18:14:03.462 * Module 'raft' loaded from /home/snagendra/Fuzzing/redisraft-fuzzing/redisraft.so
3194412:M 05 Jan 2024 18:14:03.463 * Server initialized
3194412:M 05 Jan 2024 18:14:03.463 . The AOF directory appendonlydir doesn't exist
3194412:M 05 Jan 2024 18:14:03.463 * Ready to accept connections tcp
3194412:M 05 Jan 2024 18:14:03.463 . 0 clients connected (0 replicas), 1746784 bytes in use
3194412:M 05 Jan 2024 18:14:03.563 * <raft> Loading: Redis loading complete, snapshot NOT LOADED
3194412:M 05 Jan 2024 18:14:03.564 * <raft> Cluster Membership: term:0 index:0 nodes: id=3,voting=0,active=1,addr=-
3194412:M 05 Jan 2024 18:14:03.564 * <raft> Test network starting message polling thread


=== REDIS BUG REPORT START: Cut & paste starting from here ===
3194412:M 05 Jan 2024 18:14:03.564 # === ASSERTION FAILED ===
3194412:M 05 Jan 2024 18:14:03.564 # ==> /home/snagendra/Fuzzing/redisraft-fuzzing/src/log.c:509 'ety != NULL' is not true
3194412:M 05 Jan 2024 18:14:03.564 # === ASSERTION FAILED ===
3194412:M 05 Jan 2024 18:14:03.564 # ==> /home/snagendra/Fuzzing/redisraft-fuzzing/src/log.c:509 'ety != NULL' is not true

------ STACK TRACE ------

------ STACK TRACE ------

Backtrace:

Backtrace:
/home/snagendra/Fuzzing/redisraft-fuzzing/redisraft.so(+0x25e00)[0x7f82630bee00]
/home/snagendra/Fuzzing/redisraft-fuzzing/redisraft.so(LogGet+0x60)[0x7f82630c01b0]
/home/snagendra/Fuzzing/redisraft-fuzzing/redisraft.so(+0x272ef)[0x7f82630c02ef]
/home/snagendra/Fuzzing/redisraft-fuzzing/redisraft.so(raft_restore_log+0x54)[0x7f82630d98d4]
/home/snagendra/Fuzzing/redisraft-fuzzing/redisraft.so(callRaftPeriodic+0x131)[0x7f82630c5d41]
/home/snagendra/Fuzzing/redis/src/redis-server 0.0.0.0:5073(moduleTimerHandler+0x21c)[0x55767ae1898c]
/home/snagendra/Fuzzing/redis/src/redis-server 0.0.0.0:5073(+0x81705)[0x55767ad22705]
/home/snagendra/Fuzzing/redis/src/redis-server 0.0.0.0:5073(aeMain+0x1c8)[0x55767ad2ccb8]
/home/snagendra/Fuzzing/redisraft-fuzzing/redisraft.so(+0x25e00)[0x7f82630bee00]
/home/snagendra/Fuzzing/redis/src/redis-server 0.0.0.0:5073(main+0x3cd)[0x55767ad21e2d]
/lib/x86_64-linux-gnu/libc.so.6(+0x271ca)[0x7f826314d1ca]
/lib/x86_64-linux-gnu/libc.so.6(__libc_start_main+0x85)[0x7f826314d285]
/home/snagendra/Fuzzing/redis/src/redis-server 0.0.0.0:5073(_start+0x2a)[0x55767ad225aa]

------ INFO OUTPUT ------
/home/snagendra/Fuzzing/redisraft-fuzzing/redisraft.so(LogGet+0x60)[0x7f82630c01b0]
/home/snagendra/Fuzzing/redisraft-fuzzing/redisraft.so(+0x272ef)[0x7f82630c02ef]
/home/snagendra/Fuzzing/redisraft-fuzzing/redisraft.so(raft_get_entry_from_idx+0x1a)[0x7f82630d445a]
/home/snagendra/Fuzzing/redisraft-fuzzing/redisraft.so(raft_get_last_log_term+0x36)[0x7f82630da346]
/home/snagendra/Fuzzing/redisraft-fuzzing/redisraft.so(raft_recv_requestvote+0x16f)[0x7f82630d508f]
/home/snagendra/Fuzzing/redisraft-fuzzing/redisraft.so(handleTestNetworkMessage+0x1a2)[0x7f82630ce512]
/home/snagendra/Fuzzing/redisraft-fuzzing/redisraft.so(poll_redis_test_messages+0x89)[0x7f82630ce5c9]
/lib/x86_64-linux-gnu/libc.so.6(+0x89044)[0x7f82631af044]
# Server
redis_version:255.255.255
redis_git_sha1:e04ebdb8
redis_git_dirty:1
redis_build_id:1f78dcc7b4fbdd25
redis_mode:standalone
os:Linux 6.1.60.1.amd64-smp x86_64
arch_bits:64
monotonic_clock:POSIX clock_gettime
multiplexing_api:epoll
atomicvar_api:c11-builtin
gcc_version:10.2.1
process_id:3194412
process_supervised:no
run_id:44b30b003dff12baa4a6f924f9c7af30e96bd565
tcp_port:5073
server_time_usec:1704474843563533
uptime_in_seconds:0
uptime_in_days:0
hz:10
configured_hz:10
lru_clock:9976027
executable:/home/snagendra/Fuzzing/redis/src/redis-server
config_file:
io_threads_active:0
listener0:name=tcp,bind=0.0.0.0,port=5073

# Clients
connected_clients:0
cluster_connections:0
maxclients:10000
client_recent_max_input_buffer:0
client_recent_max_output_buffer:0
blocked_clients:0
tracking_clients:0
clients_in_timeout_table:0
total_blocking_keys:0
total_blocking_keys_on_nokey:0

# Memory
used_memory:1754000
used_memory_human:1.67M
used_memory_rss:17678336
used_memory_rss_human:16.86M
used_memory_peak:1754000
used_memory_peak_human:1.67M
used_memory_peak_perc:100.41%
used_memory_overhead:1746824
used_memory_startup:1746640
used_memory_dataset:7176
used_memory_dataset_perc:97.50%
allocator_allocated:2157312
allocator_active:2703360
allocator_resident:10895360
total_system_memory:270388695040
total_system_memory_human:251.82G
used_memory_lua:31744
used_memory_vm_eval:31744
used_memory_lua_human:31.00K
used_memory_scripts_eval:0
number_of_cached_scripts:0
number_of_functions:0
number_of_libraries:0
used_memory_vm_functions:32768
used_memory_vm_total:64512
used_memory_vm_total_human:63.00K
used_memory_functions:184
used_memory_scripts:184
used_memory_scripts_human:184B
maxmemory:0
maxmemory_human:0B
maxmemory_policy:noeviction
allocator_frag_ratio:1.25
allocator_frag_bytes:546048
allocator_rss_ratio:4.03
allocator_rss_bytes:8192000
rss_overhead_ratio:1.62
rss_overhead_bytes:6782976
mem_fragmentation_ratio:10.12
mem_fragmentation_bytes:15931552
mem_not_counted_for_evict:0
mem_replication_backlog:0
mem_total_replication_buffers:0
mem_clients_slaves:0
mem_clients_normal:0
mem_cluster_links:0
mem_aof_buffer:0
mem_allocator:jemalloc-5.3.0
active_defrag_running:0
lazyfree_pending_objects:0
lazyfreed_objects:0

# Persistence
loading:0
async_loading:0
current_cow_peak:0
current_cow_size:0
current_cow_size_age:0
current_fork_perc:0.00
current_save_keys_processed:0
current_save_keys_total:0
rdb_changes_since_last_save:0
rdb_bgsave_in_progress:0
rdb_last_save_time:1704474843
rdb_last_bgsave_status:ok
rdb_last_bgsave_time_sec:-1
rdb_current_bgsave_time_sec:-1
rdb_saves:0
rdb_last_cow_size:0
rdb_last_load_keys_expired:0
rdb_last_load_keys_loaded:0
aof_enabled:0
aof_rewrite_in_progress:0
aof_rewrite_scheduled:0
aof_last_rewrite_time_sec:-1
aof_current_rewrite_time_sec:-1
aof_last_bgrewrite_status:ok
aof_rewrites:0
aof_rewrites_consecutive_failures:0
aof_last_write_status:ok
aof_last_cow_size:0
module_fork_in_progress:0
module_fork_last_cow_size:0

# Stats
total_connections_received:0
total_commands_processed:6
instantaneous_ops_per_sec:25
total_net_input_bytes:0
total_net_output_bytes:0
total_net_repl_input_bytes:0
total_net_repl_output_bytes:0
instantaneous_input_kbps:0.00
instantaneous_output_kbps:0.00
instantaneous_input_repl_kbps:0.00
instantaneous_output_repl_kbps:0.00
rejected_connections:0
sync_full:0
sync_partial_ok:0
sync_partial_err:0
expired_keys:0
expired_stale_perc:0.00
expired_time_cap_reached_count:0
expire_cycle_cpu_milliseconds:0
evicted_keys:0
evicted_clients:0
total_eviction_exceeded_time:0
current_eviction_exceeded_time:0
keyspace_hits:0
keyspace_misses:0
pubsub_channels:0
pubsub_patterns:0
pubsubshard_channels:0
latest_fork_usec:0
total_forks:0
migrate_cached_sockets:0
slave_expires_tracked_keys:0
active_defrag_hits:0
active_defrag_misses:0
active_defrag_key_hits:0
active_defrag_key_misses:0
total_active_defrag_time:0
current_active_defrag_time:0
tracking_total_keys:0
tracking_total_items:0
tracking_total_prefixes:0
unexpected_error_replies:0
total_error_replies:0
dump_payload_sanitizations:0
total_reads_processed:0
total_writes_processed:0
io_threaded_reads_processed:0
io_threaded_writes_processed:0
reply_buffer_shrinks:0
reply_buffer_expands:0
acl_access_denied_auth:0
acl_access_denied_cmd:0
acl_access_denied_key:0
acl_access_denied_channel:0

# Replication
role:master
connected_slaves:0
master_failover_state:no-failover
master_replid:ada5d04ac099a7ecc4320512dbe082cda73335e9
master_replid2:0000000000000000000000000000000000000000
master_repl_offset:0
second_repl_offset:-1
repl_backlog_active:0
repl_backlog_size:1048576
repl_backlog_first_byte_offset:0
repl_backlog_histlen:0

# CPU
used_cpu_sys:0.005806
used_cpu_user:0.011612
used_cpu_sys_children:0.000000
used_cpu_user_children:0.000000
used_cpu_sys_main_thread:0.005436
used_cpu_user_main_thread:0.010873

# Modules
module:name=raft,ver=1,api=1,filters=1,usedby=[],using=[],options=[]

# Commandstats
cmdstat_command:calls=2,usec=1467,usec_per_call=733.50,rejected_calls=0,failed_calls=0
cmdstat_config|set:calls=1,usec=11,usec_per_call=11.00,rejected_calls=0,failed_calls=0
cmdstat_config|get:calls=3,usec=4,usec_per_call=1.33,rejected_calls=0,failed_calls=0

# Errorstats

# Latencystats
latency_percentiles_usec_command:p50=704.511,p99=765.951,p99.9=765.951
latency_percentiles_usec_config|set:p50=11.007,p99=11.007,p99.9=11.007
latency_percentiles_usec_config|get:p50=1.003,p99=2.007,p99.9=2.007

# Cluster
cluster_enabled:0

# Keyspace

------ CLIENT LIST OUTPUT ------

------ MODULES INFO OUTPUT ------
/lib/x86_64-linux-gnu/libc.so.6(+0x10961c)[0x7f826322f61c]

------ INFO OUTPUT ------
# raft_version
raft_version:255.255.255
raft_git_sha1:b779b199

# raft_general
raft_dbid:23d0b627f9cecab12c761f539f3999b0
raft_node_id:3
raft_state:up
raft_role:follower
raft_is_voting:no
raft_voted_for:-1
raft_leader_id:-1
raft_current_term:0
raft_num_nodes:1
raft_num_voting_nodes:0

# raft_log
raft_log_entries:5
raft_current_index:5
raft_commit_index:0
raft_last_applied_index:0
raft_file_size:1299
raft_cache_memory_size:0
raft_cache_entries:0
raft_client_attached_entries:0
raft_fsync_count:0
raft_fsync_max_microseconds:0
raft_entry1:term=1,id=0,data_len=0
raft_entry2:term=1,id=1584131693,data_len=264
raft_entry3:term=1,id=1097581272,data_len=264
raft_entry4:term=1,id=329143160,data_len=264
raft_fsync_avg_microseconds:0

# raft_snapshot
raft_snapshot_filename:redis3.rdb
raft_snapshot_last_idx:0
raft_snapshot_last_term:0
raft_snapshot_size:0
raft_snapshot_time_secs:-1
raft_snapshots_created:0
raft_snapshots_received:0
raft_snapshot_in_progress:no
raft_snapshot_in_progress_last_idx:-1
raft_snapshot_in_progress_last_term:-1

# raft_clients
raft_proxy_reqs:0
raft_proxy_failed_reqs:0
raft_proxy_failed_responses:0
raft_proxy_outstanding_reqs:0

# raft_stats
raft_appendreq_received:0
raft_appendreq_with_entry_received:0
raft_snapshotreq_received:0
raft_exec_throttled:0
raft_num_sessions:0

------ CONFIG DEBUG OUTPUT ------
lazyfree-lazy-expire no
io-threads 1
lazyfree-lazy-server-del no
repl-diskless-sync yes
client-query-buffer-limit 1gb
lazyfree-lazy-user-flush no
lazyfree-lazy-user-del no
slave-read-only yes
replica-read-only yes
lazyfree-lazy-eviction no
repl-diskless-load disabled
io-threads-do-reads no
sanitize-dump-payload no
proto-max-bulk-len 512mb
list-compress-depth 0
activedefrag no

------ FAST MEMORY TEST ------
3194412:M 05 Jan 2024 18:14:03.565 # Bio worker thread #0 terminated
3194412:M 05 Jan 2024 18:14:03.565 # Bio worker thread #1 terminated
3194412:M 05 Jan 2024 18:14:03.565 # Bio worker thread #2 terminated
*** Preparing to test memory region 55767aff8000 (2273280 bytes)
*** Preparing to test memory region 55767c702000 (405504 bytes)
*** Preparing to test memory region 7f8248000000 (135168 bytes)
*** Preparing to test memory region 7f8250000000 (135168 bytes)
*** Preparing to test memory region 7f82557fe000 (8388608 bytes)
*** Preparing to test memory region 7f8255fff000 (8388608 bytes)
*** Preparing to test memory region 7f8256800000 (8388608 bytes)
*** Preparing to test memory region 7f8257000000 (6291456 bytes)
*** Preparing to test memory region 7f82577f8000 (8388608 bytes)
*** Preparing to test memory region 7f8257ff9000 (8388608 bytes)
*** Preparing to test memory region 7f82587fa000 (8388608 bytes)
*** Preparing to test memory region 7f8258ffb000 (8388608 bytes)
*** Preparing to test memory region 7f82597fc000 (8388608 bytes)
*** Preparing to test memory region 7f8259ffd000 (8388608 bytes)
*** Preparing to test memory region 7f825a7fe000 (8388608 bytes)
*** Preparing to test memory region 7f825afff000 (8388608 bytes)
*** Preparing to test memory region 7f825b800000 (8388608 bytes)
*** Preparing to test memory region 7f825c000000 (135168 bytes)
*** Preparing to test memory region 7f8260200000 (4194304 bytes)
*** Preparing to test memory region 7f826068e000 (8388608 bytes)
*** Preparing to test memory region 7f8260e8e000 (2621440 bytes)
*** Preparing to test memory region 7f826111d000 (8192 bytes)
*** Preparing to test memory region 7f826167f000 (12288 bytes)
# Server
redis_version:255.255.255
redis_git_sha1:e04ebdb8
redis_git_dirty:1
redis_build_id:1f78dcc7b4fbdd25
redis_mode:standalone
os:Linux 6.1.60.1.amd64-smp x86_64
arch_bits:64
monotonic_clock:POSIX clock_gettime
multiplexing_api:epoll
atomicvar_api:c11-builtin
gcc_version:10.2.1
process_id:3194412
process_supervised:no
run_id:44b30b003dff12baa4a6f924f9c7af30e96bd565
tcp_port:5073
server_time_usec:1704474843563533
uptime_in_seconds:0
uptime_in_days:0
hz:10
configured_hz:10
lru_clock:9976027
executable:/home/snagendra/Fuzzing/redis/src/redis-server
config_file:
io_threads_active:0
listener0:name=tcp,bind=0.0.0.0,port=5073

# Clients
connected_clients:0
cluster_connections:0
maxclients:10000
client_recent_max_input_buffer:0
client_recent_max_output_buffer:0
blocked_clients:0
tracking_clients:0
clients_in_timeout_table:0
total_blocking_keys:0
total_blocking_keys_on_nokey:0

# Memory
used_memory:1755016
used_memory_human:1.67M
used_memory_rss:17678336
used_memory_rss_human:16.86M
used_memory_peak:1755016
used_memory_peak_human:1.67M
used_memory_peak_perc:100.06%
used_memory_overhead:1746824
used_memory_startup:1746640
used_memory_dataset:8192
used_memory_dataset_perc:97.80%
allocator_allocated:2157312
allocator_active:2703360
allocator_resident:10895360
total_system_memory:270388695040
total_system_memory_human:251.82G
used_memory_lua:31744
used_memory_vm_eval:31744
used_memory_lua_human:31.00K
used_memory_scripts_eval:0
number_of_cached_scripts:0
number_of_functions:0
number_of_libraries:0
used_memory_vm_functions:32768
used_memory_vm_total:64512
used_memory_vm_total_human:63.00K
used_memory_functions:184
used_memory_scripts:184
used_memory_scripts_human:184B
maxmemory:0
maxmemory_human:0B
maxmemory_policy:noeviction
allocator_frag_ratio:1.25
allocator_frag_bytes:546048
allocator_rss_ratio:4.03
allocator_rss_bytes:8192000
rss_overhead_ratio:1.62
rss_overhead_bytes:6782976
mem_fragmentation_ratio:10.12
mem_fragmentation_bytes:15931552
mem_not_counted_for_evict:0
mem_replication_backlog:0
mem_total_replication_buffers:0
mem_clients_slaves:0
mem_clients_normal:0
mem_cluster_links:0
mem_aof_buffer:0
mem_allocator:jemalloc-5.3.0
active_defrag_running:0
lazyfree_pending_objects:0
lazyfreed_objects:0

# Persistence
loading:0
async_loading:0
current_cow_peak:0
current_cow_size:0
current_cow_size_age:0
current_fork_perc:0.00
current_save_keys_processed:0
current_save_keys_total:0
rdb_changes_since_last_save:0
rdb_bgsave_in_progress:0
rdb_last_save_time:1704474843
rdb_last_bgsave_status:ok
rdb_last_bgsave_time_sec:-1
rdb_current_bgsave_time_sec:-1
rdb_saves:0
rdb_last_cow_size:0
rdb_last_load_keys_expired:0
rdb_last_load_keys_loaded:0
aof_enabled:0
aof_rewrite_in_progress:0
aof_rewrite_scheduled:0
aof_last_rewrite_time_sec:-1
aof_current_rewrite_time_sec:-1
aof_last_bgrewrite_status:ok
aof_rewrites:0
aof_rewrites_consecutive_failures:0
aof_last_write_status:ok
aof_last_cow_size:0
module_fork_in_progress:0
module_fork_last_cow_size:0

# Stats
total_connections_received:0
total_commands_processed:6
instantaneous_ops_per_sec:25
total_net_input_bytes:0
total_net_output_bytes:0
total_net_repl_input_bytes:0
total_net_repl_output_bytes:0
instantaneous_input_kbps:0.00
instantaneous_output_kbps:0.00
instantaneous_input_repl_kbps:0.00
instantaneous_output_repl_kbps:0.00
rejected_connections:0
sync_full:0
sync_partial_ok:0
sync_partial_err:0
expired_keys:0
expired_stale_perc:0.00
expired_time_cap_reached_count:0
expire_cycle_cpu_milliseconds:0
evicted_keys:0
evicted_clients:0
total_eviction_exceeded_time:0
current_eviction_exceeded_time:0
keyspace_hits:0
keyspace_misses:0
pubsub_channels:0
pubsub_patterns:0
pubsubshard_channels:0
latest_fork_usec:0
total_forks:0
migrate_cached_sockets:0
slave_expires_tracked_keys:0
active_defrag_hits:0
active_defrag_misses:0
active_defrag_key_hits:0
active_defrag_key_misses:0
total_active_defrag_time:0
current_active_defrag_time:0
tracking_total_keys:0
tracking_total_items:0
tracking_total_prefixes:0
unexpected_error_replies:0
total_error_replies:0
dump_payload_sanitizations:0
total_reads_processed:0
total_writes_processed:0
io_threaded_reads_processed:0
io_threaded_writes_processed:0
reply_buffer_shrinks:0
reply_buffer_expands:0
acl_access_denied_auth:0
acl_access_denied_cmd:0
acl_access_denied_key:0
acl_access_denied_channel:0

# Replication
role:master
connected_slaves:0
master_failover_state:no-failover
master_replid:ada5d04ac099a7ecc4320512dbe082cda73335e9
master_replid2:0000000000000000000000000000000000000000
master_repl_offset:0
second_repl_offset:-1
repl_backlog_active:0
repl_backlog_size:1048576
repl_backlog_first_byte_offset:0
repl_backlog_histlen:0

# CPU
used_cpu_sys:0.006695
used_cpu_user:0.011612
used_cpu_sys_children:0.000000
used_cpu_user_children:0.000000
used_cpu_sys_main_thread:0.000000
used_cpu_user_main_thread:0.000752

# Modules
module:name=raft,ver=1,api=1,filters=1,usedby=[],using=[],options=[]

# Commandstats
cmdstat_command:calls=2,usec=1467,usec_per_call=733.50,rejected_calls=0,failed_calls=0
cmdstat_config|set:calls=1,usec=11,usec_per_call=11.00,rejected_calls=0,failed_calls=0
cmdstat_config|get:calls=3,usec=4,usec_per_call=1.33,rejected_calls=0,failed_calls=0

# Errorstats

# Latencystats
latency_percentiles_usec_command:p50=704.511,p99=765.951,p99.9=765.951
latency_percentiles_usec_config|set:p50=11.007,p99=11.007,p99.9=11.007
latency_percentiles_usec_config|get:p50=1.003,p99=2.007,p99.9=2.007

# Cluster
cluster_enabled:0

# Keyspace

------ CLIENT LIST OUTPUT ------

------ MODULES INFO OUTPUT ------
*** Preparing to test memory region 7f8261bfe000 (8192 bytes)
*** Preparing to test memory region 7f8261e18000 (16384 bytes)
*** Preparing to test memory region 7f8262800000 (8388608 bytes)
# raft_version
raft_version:255.255.255
raft_git_sha1:b779b199

# raft_general
raft_dbid:23d0b627f9cecab12c761f539f3999b0
raft_node_id:3
raft_state:up
raft_role:follower
raft_is_voting:no
raft_voted_for:-1
raft_leader_id:-1
raft_current_term:0
raft_num_nodes:1
raft_num_voting_nodes:0

# raft_log
raft_log_entries:5
raft_current_index:5
raft_commit_index:0
raft_last_applied_index:0
raft_file_size:1299
raft_cache_memory_size:0
raft_cache_entries:0
raft_client_attached_entries:0
raft_fsync_count:0
raft_fsync_max_microseconds:0
raft_entry1:term=1,id=0,data_len=0
raft_entry2:term=1,id=1584131693,data_len=264
raft_entry3:term=1,id=1097581272,data_len=264
raft_entry4:term=1,id=329143160,data_len=264
raft_fsync_avg_microseconds:0

# raft_snapshot
raft_snapshot_filename:redis3.rdb
raft_snapshot_last_idx:0
raft_snapshot_last_term:0
raft_snapshot_size:0
raft_snapshot_time_secs:-1
raft_snapshots_created:0
raft_snapshots_received:0
raft_snapshot_in_progress:no
raft_snapshot_in_progress_last_idx:-1
raft_snapshot_in_progress_last_term:-1

# raft_clients
raft_proxy_reqs:0
raft_proxy_failed_reqs:0
raft_proxy_failed_responses:0
raft_proxy_outstanding_reqs:0

# raft_stats
raft_appendreq_received:0
raft_appendreq_with_entry_received:0
raft_snapshotreq_received:0
raft_exec_throttled:0
raft_num_sessions:0
*** Preparing to test memory region 7f8263071000 (4096 bytes)
*** Preparing to test memory region 7f8263097000 (8192 bytes)
*** Preparing to test memory region 7f826311b000 (45056 bytes)
*** Preparing to test memory region 7f82632fa000 (53248 bytes)
*** Preparing to test memory region 7f8263417000 (8192 bytes)
.
------ CONFIG DEBUG OUTPUT ------
lazyfree-lazy-expire no
io-threads 1
lazyfree-lazy-server-del no
repl-diskless-sync yes
client-query-buffer-limit 1gb
lazyfree-lazy-user-flush no
lazyfree-lazy-user-del no
slave-read-only yes
replica-read-only yes
lazyfree-lazy-eviction no
repl-diskless-load disabled
io-threads-do-reads no
sanitize-dump-payload no
proto-max-bulk-len 512mb
list-compress-depth 0
activedefrag no

------ FAST MEMORY TEST ------
3194412:M 05 Jan 2024 18:14:03.565 # main thread terminated
3194412:M 05 Jan 2024 18:14:03.565 # Bio worker thread #0 can not be joined: No such process
3194412:M 05 Jan 2024 18:14:03.565 # Bio worker thread #1 can not be joined: No such process
3194412:M 05 Jan 2024 18:14:03.565 # Bio worker thread #2 can not be joined: No such process

Fast memory test PASSED, however your memory can still be broken. Please run a memory test for several hours if possible.

=== REDIS BUG REPORT END. Make sure to include from START to END. ===

       Please report the crash by opening an issue on github:

           http://github.com/redis/redis/issues

  If a Redis module was involved, please open in the module's repo instead.

  Suspect RAM error? Use redis-server --test-memory to verify it.

  Some other issues could be detected by redis-server --check-system
3194752:C 05 Jan 2024 18:14:04.333 # WARNING Memory overcommit must be enabled! Without it, a background save or replication may fail under low memory condition. Being disabled, it can also cause failures without low memory condition, see https://github.com/jemalloc/jemalloc/issues/1328. To fix this issue add 'vm.overcommit_memory = 1' to /etc/sysctl.conf and then reboot or run the command 'sysctl vm.overcommit_memory=1' for this to take effect.
3194752:C 05 Jan 2024 18:14:04.333 * oO0OoO0OoO0Oo Redis is starting oO0OoO0OoO0Oo
3194752:C 05 Jan 2024 18:14:04.333 * Redis version=255.255.255, bits=64, commit=e04ebdb8, modified=1, pid=3194752, just started
3194752:C 05 Jan 2024 18:14:04.333 * Configuration loaded
3194752:M 05 Jan 2024 18:14:04.333 * monotonic clock: POSIX clock_gettime
3194752:M 05 Jan 2024 18:14:04.334 * Running mode=standalone, port=5073.
3194752:M 05 Jan 2024 18:14:04.340 * <raft> RedisRaft version 255.255.255 [b779b199]
3194752:M 05 Jan 2024 18:14:04.344 * <raft> Initializing test network
3194752:M 05 Jan 2024 18:14:04.345 * <raft> Created test network client
3194752:M 05 Jan 2024 18:14:04.349 * <raft> Raft module loaded, state is 'loading'
3194752:M 05 Jan 2024 18:14:04.349 * Module 'raft' loaded from /home/snagendra/Fuzzing/redisraft-fuzzing/redisraft.so
3194752:M 05 Jan 2024 18:14:04.350 * Server initialized
3194752:M 05 Jan 2024 18:14:04.350 . The AOF directory appendonlydir doesn't exist
3194752:M 05 Jan 2024 18:14:04.350 * Ready to accept connections tcp
3194752:M 05 Jan 2024 18:14:04.350 . 0 clients connected (0 replicas), 1746816 bytes in use
3194752:M 05 Jan 2024 18:14:04.383 - Accepted 127.0.0.1:49408
3194752:M 05 Jan 2024 18:14:04.383 # Missing implement of connection type tls
3194752:M 05 Jan 2024 18:14:04.450 * <raft> Loading: Redis loading complete, snapshot NOT LOADED
3194752:M 05 Jan 2024 18:14:04.450 * <raft> Cluster Membership: term:0 index:0 nodes: id=3,voting=0,active=1,addr=-
3194752:M 05 Jan 2024 18:14:04.450 * <raft> Test network starting message polling thread
3194752:M 05 Jan 2024 18:14:04.451 * <raft> Cluster Membership: term:0 index:5 nodes: id=3,voting=0,active=1,addr=- id=1,voting=1,active=1,addr=localhost:5071
3194752:M 05 Jan 2024 18:14:04.451 * <raft> Cluster Membership: term:0 index:5 nodes: id=3,voting=0,active=1,addr=- id=1,voting=1,active=1,addr=localhost:5071 id=2,voting=0,active=1,addr=localhost:5072
3194752:M 05 Jan 2024 18:14:04.451 * <raft> Raft state after loading log: log_count=5, first_idx=1, current_idx=5, last_applied_idx=0
3194752:M 05 Jan 2024 18:14:04.451 . <raft> Raft term=1, vote=-1
3194752:M 05 Jan 2024 18:14:04.743 - Client closed connection id=8 addr=127.0.0.1:49408 laddr=127.0.0.1:5073 fd=11 name= age=0 idle=0 flags=N db=0 sub=0 psub=0 ssub=0 multi=-1 qbuf=0 qbuf-free=20474 argv-mem=0 multi-mem=0 rbs=1024 rbp=0 obl=0 oll=0 omem=0 tot-mem=22400 events=r cmd=auth user=default redir=-1 resp=2 lib-name= lib-ver=
3194752:M 05 Jan 2024 18:14:04.810 - Accepted 127.0.0.1:49424
3194752:signal-handler (1704474844) Received SIGINT scheduling shutdown...
3194752:signal-handler (1704474844) You insist... exiting now.

----- Stderr -----
libgcov profiling error:/home/snagendra/Fuzzing/redisraft-fuzzing/build/deps/raft/CMakeFiles/raft.dir/src/raft_server_properties.c.gcda:Merge mismatch for function 17
libgcov profiling error:/home/snagendra/Fuzzing/redisraft-fuzzing/build/deps/raft/CMakeFiles/raft.dir/src/raft_server.c.gcda:Merge mismatch for function 14
libgcov profiling error:/home/snagendra/Fuzzing/redisraft-fuzzing/build/deps/raft/CMakeFiles/raft.dir/src/raft_server_properties.c.gcda:Merge mismatch for function 17
libgcov profiling error:/home/snagendra/Fuzzing/redisraft-fuzzing/build/deps/raft/CMakeFiles/raft.dir/src/raft_server.c.gcda:Merge mismatch for function 14




logs for node: 1

----- Stdout -----
3193316:C 05 Jan 2024 18:14:01.326 # WARNING Memory overcommit must be enabled! Without it, a background save or replication may fail under low memory condition. Being disabled, it can also cause failures without low memory condition, see https://github.com/jemalloc/jemalloc/issues/1328. To fix this issue add 'vm.overcommit_memory = 1' to /etc/sysctl.conf and then reboot or run the command 'sysctl vm.overcommit_memory=1' for this to take effect.
3193316:C 05 Jan 2024 18:14:01.326 * oO0OoO0OoO0Oo Redis is starting oO0OoO0OoO0Oo
3193316:C 05 Jan 2024 18:14:01.326 * Redis version=255.255.255, bits=64, commit=e04ebdb8, modified=1, pid=3193316, just started
3193316:C 05 Jan 2024 18:14:01.326 * Configuration loaded
3193316:M 05 Jan 2024 18:14:01.327 * monotonic clock: POSIX clock_gettime
3193316:M 05 Jan 2024 18:14:01.327 * Running mode=standalone, port=5071.
3193316:M 05 Jan 2024 18:14:01.335 * <raft> RedisRaft version 255.255.255 [b779b199]
3193316:M 05 Jan 2024 18:14:01.340 * <raft> Initializing test network
3193316:M 05 Jan 2024 18:14:01.341 * <raft> Created test network client
3193316:M 05 Jan 2024 18:14:01.342 * <raft> Raft module loaded, state is 'uninitialized'
3193316:M 05 Jan 2024 18:14:01.342 * Module 'raft' loaded from /home/snagendra/Fuzzing/redisraft-fuzzing/redisraft.so
3193316:M 05 Jan 2024 18:14:01.342 * Server initialized
3193316:M 05 Jan 2024 18:14:01.343 . The AOF directory appendonlydir doesn't exist
3193316:M 05 Jan 2024 18:14:01.343 * Ready to accept connections tcp
3193316:M 05 Jan 2024 18:14:01.343 . 0 clients connected (0 replicas), 1726224 bytes in use
3193316:M 05 Jan 2024 18:14:01.366 - Accepted 127.0.0.1:50732
3193316:M 05 Jan 2024 18:14:01.366 # Missing implement of connection type tls
3193316:M 05 Jan 2024 18:14:01.373 * <raft> Cluster Membership: term:0 index:0 nodes: id=1,voting=0,active=1,addr=-
3193316:M 05 Jan 2024 18:14:01.378 * <raft> State change: Node is now a leader, term 1
3193316:M 05 Jan 2024 18:14:01.378 * <raft> Cluster Membership: term:1 index:1 nodes: id=1,voting=0,active=1,addr=-
3193316:M 05 Jan 2024 18:14:01.379 * <raft> Test network starting message polling thread
3193316:M 05 Jan 2024 18:14:01.379 * <raft> Raft Cluster initialized, node id: 1, dbid: 23d0b627f9cecab12c761f539f3999b0
3193316:M 05 Jan 2024 18:14:01.497 - Accepted 127.0.0.1:50734
3193316:M 05 Jan 2024 18:14:01.498 * <raft> Cluster Membership: term:1 index:3 nodes: id=1,voting=1,active=1,addr=- id=2,voting=0,active=1,addr=localhost:5072
3193316:M 05 Jan 2024 18:14:01.505 - Client closed connection id=9 addr=127.0.0.1:50734 laddr=127.0.0.1:5071 fd=12 name= age=0 idle=0 flags=N db=0 sub=0 psub=0 ssub=0 multi=-1 qbuf=0 qbuf-free=20474 argv-mem=0 multi-mem=0 rbs=16384 rbp=16384 obl=0 oll=0 omem=0 tot-mem=37760 events=r cmd=raft.node user=default redir=-1 resp=2 lib-name= lib-ver=
3193316:M 05 Jan 2024 18:14:01.623 - Accepted 127.0.0.1:50744
3193316:M 05 Jan 2024 18:14:01.624 * <raft> Cluster Membership: term:1 index:4 nodes: id=1,voting=1,active=1,addr=- id=2,voting=0,active=1,addr=localhost:5072 id=3,voting=0,active=1,addr=localhost:5073
3193316:M 05 Jan 2024 18:14:01.631 - Client closed connection id=10 addr=127.0.0.1:50744 laddr=127.0.0.1:5071 fd=13 name= age=0 idle=0 flags=N db=0 sub=0 psub=0 ssub=0 multi=-1 qbuf=0 qbuf-free=20474 argv-mem=0 multi-mem=0 rbs=16384 rbp=16384 obl=0 oll=0 omem=0 tot-mem=37760 events=r cmd=raft.node user=default redir=-1 resp=2 lib-name= lib-ver=
3193316:M 05 Jan 2024 18:14:01.798 - Accepted 127.0.0.1:50760
3193316:M 05 Jan 2024 18:14:02.024 - Accepted 127.0.0.1:50770
3193316:M 05 Jan 2024 18:14:02.118 * <raft> node:3 has sufficient logs, adding as voting node.
3193316:M 05 Jan 2024 18:14:02.331 - Accepted 127.0.0.1:50782
3193316:signal-handler (1704474842) Received SIGINT scheduling shutdown...
3193316:signal-handler (1704474842) You insist... exiting now.


=== REDIS BUG REPORT START: Cut & paste starting from here ===
3193316:M 05 Jan 2024 18:14:02.852 # Redis 255.255.255 crashed by signal: 11, si_code: 1
3193316:M 05 Jan 2024 18:14:02.852 # Accessing address: 0x18
3193316:M 05 Jan 2024 18:14:02.852 # Crashed running the instruction at: 0x7f214e4390b0

------ STACK TRACE ------
EIP:
/lib/x86_64-linux-gnu/libc.so.6(__pthread_rwlock_wrlock+0x0)[0x7f214e4390b0]

Backtrace:
/lib/x86_64-linux-gnu/libc.so.6(+0x3bfd0)[0x7f214e3e5fd0]
/lib/x86_64-linux-gnu/libc.so.6(__pthread_rwlock_wrlock+0x0)[0x7f214e4390b0]
/lib/x86_64-linux-gnu/libcrypto.so.3(CRYPTO_THREAD_write_lock+0x9)[0x7f214c83df49]
/lib/x86_64-linux-gnu/libcrypto.so.3(ENGINE_get_first+0x3a)[0x7f214c7e408a]
/lib/x86_64-linux-gnu/libcrypto.so.3(ENGINE_register_all_complete+0x6)[0x7f214c7e3486]
/lib/x86_64-linux-gnu/libssh2.so.1(libssh2_init+0x39)[0x7f214d19d389]
/lib/x86_64-linux-gnu/libcurl-gnutls.so.4(+0x8146b)[0x7f214e2cc46b]
/lib/x86_64-linux-gnu/libcurl-gnutls.so.4(+0x22125)[0x7f214e26d125]
/lib/x86_64-linux-gnu/libcurl-gnutls.so.4(curl_global_init+0x3a)[0x7f214e26d22a]
/home/snagendra/Fuzzing/redisraft-fuzzing/redisraft.so(redis_test_http_do+0x2c)[0x7f214e36986c]
/home/snagendra/Fuzzing/redisraft-fuzzing/redisraft.so(redis_test_http_post+0x26)[0x7f214e369a86]
/home/snagendra/Fuzzing/redisraft-fuzzing/redisraft.so(redis_test_send_message+0x9d)[0x7f214e368efd]
/home/snagendra/Fuzzing/redisraft-fuzzing/redisraft.so(testNetworkSendAppendEntries+0x6a)[0x7f214e35219a]
/home/snagendra/Fuzzing/redisraft-fuzzing/redisraft.so(raft_send_appendentries+0x1ea)[0x7f214e35abaa]
/home/snagendra/Fuzzing/redisraft-fuzzing/redisraft.so(raft_send_appendentries_all+0x4d)[0x7f214e35ae8d]
/home/snagendra/Fuzzing/redisraft-fuzzing/redisraft.so(raft_periodic_internal+0x240)[0x7f214e35d7e0]
/home/snagendra/Fuzzing/redisraft-fuzzing/redisraft.so(raft_periodic+0x18)[0x7f214e35d868]
/home/snagendra/Fuzzing/redisraft-fuzzing/redisraft.so(+0x2b765)[0x7f214e348765]
/home/snagendra/Fuzzing/redis/src/redis-server 0.0.0.0:5071(moduleTimerHandler+0x21c)[0x5587f8b8d98c]
/home/snagendra/Fuzzing/redis/src/redis-server 0.0.0.0:5071(+0x81705)[0x5587f8a97705]
/home/snagendra/Fuzzing/redis/src/redis-server 0.0.0.0:5071(aeMain+0x1c8)[0x5587f8aa1cb8]
/home/snagendra/Fuzzing/redis/src/redis-server 0.0.0.0:5071(main+0x3cd)[0x5587f8a96e2d]
/lib/x86_64-linux-gnu/libc.so.6(+0x271ca)[0x7f214e3d11ca]
/lib/x86_64-linux-gnu/libc.so.6(__libc_start_main+0x85)[0x7f214e3d1285]
/home/snagendra/Fuzzing/redis/src/redis-server 0.0.0.0:5071(_start+0x2a)[0x5587f8a975aa]

------ REGISTERS ------
3193316:M 05 Jan 2024 18:14:02.853 # 
RAX:0000000000000001 RBX:00005587fabbdb60
RCX:0000000000000000 RDX:0000000000000000
RDI:0000000000000000 RSI:0000000000000000
RBP:00007f214ca7e638 RSP:00007fff7a66b158
R8 :0000000000000000 R9 :0000000000000000
R10:0000000000000000 R11:0000000000000000
R12:00007fff7a66b250 R13:00005587fab7ec70
R14:0000000000000008 R15:0000000000000001
RIP:00007f214e4390b0 EFL:0000000000010206
CSGSFS:002b000000000033
3193316:M 05 Jan 2024 18:14:02.853 # (00007fff7a66b167) -> 00005587fabbdb60
3193316:M 05 Jan 2024 18:14:02.853 # (00007fff7a66b166) -> 00007f214e26d125
3193316:M 05 Jan 2024 18:14:02.853 # (00007fff7a66b165) -> 0000000000000001
3193316:M 05 Jan 2024 18:14:02.853 # (00007fff7a66b164) -> 00007f214e2cc46b
3193316:M 05 Jan 2024 18:14:02.853 # (00007fff7a66b163) -> 00005587fab7ec70
3193316:M 05 Jan 2024 18:14:02.853 # (00007fff7a66b162) -> 000000007a66b250
3193316:M 05 Jan 2024 18:14:02.853 # (00007fff7a66b161) -> 00005587fabbdf10
3193316:M 05 Jan 2024 18:14:02.853 # (00007fff7a66b160) -> 00007f214d19d389
3193316:M 05 Jan 2024 18:14:02.853 # (00007fff7a66b15f) -> 00005587fabbdb60
3193316:M 05 Jan 2024 18:14:02.853 # (00007fff7a66b15e) -> 00007f214c7e3486
3193316:M 05 Jan 2024 18:14:02.853 # (00007fff7a66b15d) -> 00005587fabbdf10
3193316:M 05 Jan 2024 18:14:02.853 # (00007fff7a66b15c) -> 00005587fabbdb60
3193316:M 05 Jan 2024 18:14:02.853 # (00007fff7a66b15b) -> 00007fff7a66b250
3193316:M 05 Jan 2024 18:14:02.853 # (00007fff7a66b15a) -> 00007f214c7e408a
3193316:M 05 Jan 2024 18:14:02.853 # (00007fff7a66b159) -> 00005587fabbdb60
3193316:M 05 Jan 2024 18:14:02.853 # (00007fff7a66b158) -> 00007f214c83df49

------ INFO OUTPUT ------
# Server
redis_version:255.255.255
redis_git_sha1:e04ebdb8
redis_git_dirty:1
redis_build_id:1f78dcc7b4fbdd25
redis_mode:standalone
os:Linux 6.1.60.1.amd64-smp x86_64
arch_bits:64
monotonic_clock:POSIX clock_gettime
multiplexing_api:epoll
atomicvar_api:c11-builtin
gcc_version:10.2.1
process_id:3193316
process_supervised:no
run_id:4c3f56aa1bc05081c7536dfd2fef77c2e639c78a
tcp_port:5071
server_time_usec:1704474842852602
uptime_in_seconds:1
uptime_in_days:0
hz:10
configured_hz:10
lru_clock:9976026
executable:/home/snagendra/Fuzzing/redis/src/redis-server
config_file:
io_threads_active:0
listener0:name=tcp,bind=0.0.0.0,port=5071

# Clients
connected_clients:4
cluster_connections:0
maxclients:10000
client_recent_max_input_buffer:20515
client_recent_max_output_buffer:0
blocked_clients:2
tracking_clients:0
clients_in_timeout_table:0
total_blocking_keys:0
total_blocking_keys_on_nokey:0

# Memory
used_memory:2060240
used_memory_human:1.96M
used_memory_rss:18501632
used_memory_rss_human:17.64M
used_memory_peak:2073608
used_memory_peak_human:1.98M
used_memory_peak_perc:99.36%
used_memory_overhead:1816006
used_memory_startup:1726080
used_memory_dataset:244234
used_memory_dataset_perc:73.09%
allocator_allocated:2551368
allocator_active:3207168
allocator_resident:11341824
total_system_memory:270388695040
total_system_memory_human:251.82G
used_memory_lua:31744
used_memory_vm_eval:31744
used_memory_lua_human:31.00K
used_memory_scripts_eval:0
number_of_cached_scripts:0
number_of_functions:0
number_of_libraries:0
used_memory_vm_functions:32768
used_memory_vm_total:64512
used_memory_vm_total_human:63.00K
used_memory_functions:184
used_memory_scripts:184
used_memory_scripts_human:184B
maxmemory:0
maxmemory_human:0B
maxmemory_policy:noeviction
allocator_frag_ratio:1.26
allocator_frag_bytes:655800
allocator_rss_ratio:3.54
allocator_rss_bytes:8134656
rss_overhead_ratio:1.63
rss_overhead_bytes:7159808
mem_fragmentation_ratio:8.99
mem_fragmentation_bytes:16443384
mem_not_counted_for_evict:0
mem_replication_backlog:0
mem_total_replication_buffers:0
mem_clients_slaves:0
mem_clients_normal:89670
mem_cluster_links:0
mem_aof_buffer:0
mem_allocator:jemalloc-5.3.0
active_defrag_running:0
lazyfree_pending_objects:0
lazyfreed_objects:0

# Persistence
loading:0
async_loading:0
current_cow_peak:0
current_cow_size:0
current_cow_size_age:0
current_fork_perc:0.00
current_save_keys_processed:0
current_save_keys_total:0
rdb_changes_since_last_save:1
rdb_bgsave_in_progress:0
rdb_last_save_time:1704474841
rdb_last_bgsave_status:ok
rdb_last_bgsave_time_sec:-1
rdb_current_bgsave_time_sec:-1
rdb_saves:0
rdb_last_cow_size:0
rdb_last_load_keys_expired:0
rdb_last_load_keys_loaded:0
aof_enabled:0
aof_rewrite_in_progress:0
aof_rewrite_scheduled:0
aof_last_rewrite_time_sec:-1
aof_current_rewrite_time_sec:-1
aof_last_bgrewrite_status:ok
aof_rewrites:0
aof_rewrites_consecutive_failures:0
aof_last_write_status:ok
aof_last_cow_size:0
module_fork_in_progress:0
module_fork_last_cow_size:0

# Stats
total_connections_received:6
total_commands_processed:21
instantaneous_ops_per_sec:32
total_net_input_bytes:646
total_net_output_bytes:715
total_net_repl_input_bytes:0
total_net_repl_output_bytes:0
instantaneous_input_kbps:0.39
instantaneous_output_kbps:0.43
instantaneous_input_repl_kbps:0.00
instantaneous_output_repl_kbps:0.00
rejected_connections:0
sync_full:0
sync_partial_ok:0
sync_partial_err:0
expired_keys:0
expired_stale_perc:0.00
expired_time_cap_reached_count:0
expire_cycle_cpu_milliseconds:0
evicted_keys:0
evicted_clients:0
total_eviction_exceeded_time:0
current_eviction_exceeded_time:0
keyspace_hits:0
keyspace_misses:0
pubsub_channels:0
pubsub_patterns:0
pubsubshard_channels:0
latest_fork_usec:0
total_forks:0
migrate_cached_sockets:0
slave_expires_tracked_keys:0
active_defrag_hits:0
active_defrag_misses:0
active_defrag_key_hits:0
active_defrag_key_misses:0
total_active_defrag_time:0
current_active_defrag_time:0
tracking_total_keys:0
tracking_total_items:0
tracking_total_prefixes:0
unexpected_error_replies:0
total_error_replies:0
dump_payload_sanitizations:0
total_reads_processed:18
total_writes_processed:14
io_threaded_reads_processed:0
io_threaded_writes_processed:0
reply_buffer_shrinks:4
reply_buffer_expands:0
acl_access_denied_auth:0
acl_access_denied_cmd:0
acl_access_denied_key:0
acl_access_denied_channel:0

# Replication
role:master
connected_slaves:0
master_failover_state:no-failover
master_replid:85a4f540c4894bc902d6890ba266606c3e23ec56
master_replid2:0000000000000000000000000000000000000000
master_repl_offset:0
second_repl_offset:-1
repl_backlog_active:0
repl_backlog_size:1048576
repl_backlog_first_byte_offset:0
repl_backlog_histlen:0

# CPU
used_cpu_sys:0.068572
used_cpu_user:0.068572
used_cpu_sys_children:0.000000
used_cpu_user_children:0.000000
used_cpu_sys_main_thread:0.008327
used_cpu_user_main_thread:0.024981

# Modules
module:name=raft,ver=1,api=1,filters=1,usedby=[],using=[],options=[]

# Commandstats
cmdstat_config|set:calls=1,usec=11,usec_per_call=11.00,rejected_calls=0,failed_calls=0
cmdstat_config|get:calls=3,usec=5,usec_per_call=1.67,rejected_calls=0,failed_calls=0
cmdstat_raft.node:calls=2,usec=1217,usec_per_call=608.50,rejected_calls=0,failed_calls=0
cmdstat_raft.cluster:calls=1,usec=12261,usec_per_call=12261.00,rejected_calls=0,failed_calls=0
cmdstat_command:calls=2,usec=1610,usec_per_call=805.00,rejected_calls=0,failed_calls=0
cmdstat_client|setinfo:calls=4,usec=2,usec_per_call=0.50,rejected_calls=0,failed_calls=0
cmdstat_incr:calls=1,usec=4,usec_per_call=4.00,rejected_calls=0,failed_calls=0
cmdstat_auth:calls=4,usec=5,usec_per_call=1.25,rejected_calls=0,failed_calls=0
cmdstat_hello:calls=2,usec=12,usec_per_call=6.00,rejected_calls=0,failed_calls=0
cmdstat_raft:calls=1,usec=338,usec_per_call=338.00,rejected_calls=0,failed_calls=0

# Errorstats

# Latencystats
latency_percentiles_usec_config|set:p50=11.007,p99=11.007,p99.9=11.007
latency_percentiles_usec_config|get:p50=2.007,p99=2.007,p99.9=2.007
latency_percentiles_usec_raft.node:p50=565.247,p99=655.359,p99.9=655.359
latency_percentiles_usec_raft.cluster:p50=12320.767,p99=12320.767,p99.9=12320.767
latency_percentiles_usec_command:p50=745.471,p99=868.351,p99.9=868.351
latency_percentiles_usec_client|setinfo:p50=0.001,p99=1.003,p99.9=1.003
latency_percentiles_usec_incr:p50=4.015,p99=4.015,p99.9=4.015
latency_percentiles_usec_auth:p50=1.003,p99=2.007,p99.9=2.007
latency_percentiles_usec_hello:p50=5.023,p99=7.007,p99.9=7.007
latency_percentiles_usec_raft:p50=339.967,p99=339.967,p99.9=339.967

# Cluster
cluster_enabled:0

# Keyspace
db0:keys=1,expires=0,avg_ttl=0

------ CLIENT LIST OUTPUT ------
id=8 addr=127.0.0.1:50732 laddr=127.0.0.1:5071 fd=9 name= age=1 idle=0 flags=b db=0 sub=0 psub=0 ssub=0 multi=-1 qbuf=0 qbuf-free=20474 argv-mem=11 multi-mem=0 rbs=1024 rbp=4 obl=0 oll=0 omem=0 tot-mem=22435 events=r cmd=raft user=default redir=-1 resp=3 lib-name=go-redis(,go1.21.4) lib-ver=9.2.1
id=12 addr=127.0.0.1:50760 laddr=127.0.0.1:5071 fd=14 name= age=1 idle=1 flags=N db=0 sub=0 psub=0 ssub=0 multi=-1 qbuf=0 qbuf-free=20474 argv-mem=0 multi-mem=0 rbs=1024 rbp=0 obl=0 oll=0 omem=0 tot-mem=22400 events=r cmd=auth user=default redir=-1 resp=2 lib-name= lib-ver=
id=13 addr=127.0.0.1:50770 laddr=127.0.0.1:5071 fd=15 name= age=0 idle=0 flags=N db=0 sub=0 psub=0 ssub=0 multi=-1 qbuf=0 qbuf-free=20474 argv-mem=0 multi-mem=0 rbs=1024 rbp=0 obl=0 oll=0 omem=0 tot-mem=22400 events=r cmd=auth user=default redir=-1 resp=2 lib-name= lib-ver=
id=14 addr=127.0.0.1:50782 laddr=127.0.0.1:5071 fd=16 name= age=0 idle=0 flags=b db=0 sub=0 psub=0 ssub=0 multi=-1 qbuf=0 qbuf-free=20474 argv-mem=11 multi-mem=0 rbs=1024 rbp=0 obl=0 oll=0 omem=0 tot-mem=22435 events=r cmd=raft user=default redir=-1 resp=3 lib-name=go-redis(,go1.21.4) lib-ver=9.2.1

------ MODULES INFO OUTPUT ------
# raft_version
raft_version:255.255.255
raft_git_sha1:b779b199

# raft_general
raft_dbid:23d0b627f9cecab12c761f539f3999b0
raft_node_id:1
raft_state:up
raft_role:leader
raft_is_voting:yes
raft_voted_for:-1
raft_leader_id:1
raft_current_term:1
raft_num_nodes:3
raft_num_voting_nodes:2
raft_node1:id=2,state=connected,voting=no,addr=localhost,port=5072,last_conn_secs=1,conn_errors=0,conn_oks=1
raft_node2:id=3,state=connected,voting=yes,addr=localhost,port=5073,last_conn_secs=1,conn_errors=0,conn_oks=1

# raft_log
raft_log_entries:8
raft_current_index:8
raft_commit_index:5
raft_last_applied_index:5
raft_file_size:1858
raft_cache_memory_size:1609
raft_cache_entries:8
raft_client_attached_entries:2
raft_fsync_count:1
raft_fsync_max_microseconds:5
raft_entry1:term=1,id=0,data_len=0
raft_entry2:term=1,id=1584131693,data_len=264
raft_entry3:term=1,id=1097581272,data_len=264
raft_entry4:term=1,id=329143160,data_len=264
raft_entry5:term=1,id=1967013210,data_len=35
raft_entry6:term=1,id=910706586,data_len=264
raft_entry7:term=1,id=873067342,data_len=35
raft_fsync_avg_microseconds:5

# raft_snapshot
raft_snapshot_filename:redis1.rdb
raft_snapshot_last_idx:0
raft_snapshot_last_term:0
raft_snapshot_size:0
raft_snapshot_time_secs:-1
raft_snapshots_created:0
raft_snapshots_received:0
raft_snapshot_in_progress:no
raft_snapshot_in_progress_last_idx:-1
raft_snapshot_in_progress_last_term:-1

# raft_clients
raft_proxy_reqs:0
raft_proxy_failed_reqs:0
raft_proxy_failed_responses:0
raft_proxy_outstanding_reqs:0

# raft_stats
raft_appendreq_received:0
raft_appendreq_with_entry_received:0
raft_snapshotreq_received:0
raft_exec_throttled:0
raft_num_sessions:0

------ CONFIG DEBUG OUTPUT ------
repl-diskless-sync yes
slave-read-only yes
io-threads-do-reads no
io-threads 1
list-compress-depth 0
sanitize-dump-payload no
lazyfree-lazy-expire no
proto-max-bulk-len 512mb
replica-read-only yes
lazyfree-lazy-user-flush no
lazyfree-lazy-user-del no
repl-diskless-load disabled
client-query-buffer-limit 1gb
lazyfree-lazy-eviction no
activedefrag no
lazyfree-lazy-server-del no

------ FAST MEMORY TEST ------
3193316:M 05 Jan 2024 18:14:02.854 # Bio worker thread #0 terminated
3193316:M 05 Jan 2024 18:14:02.854 # Bio worker thread #1 terminated
3193316:M 05 Jan 2024 18:14:02.854 # Bio worker thread #2 terminated
*** Preparing to test memory region 5587f8d6d000 (2273280 bytes)
*** Preparing to test memory region 5587fab53000 (507904 bytes)
*** Preparing to test memory region 7f211c000000 (135168 bytes)
*** Preparing to test memory region 7f2120000000 (135168 bytes)
*** Preparing to test memory region 7f2124000000 (135168 bytes)
*** Preparing to test memory region 7f2128000000 (135168 bytes)
*** Preparing to test memory region 7f212c000000 (135168 bytes)
*** Preparing to test memory region 7f2130ffb000 (8388608 bytes)
*** Preparing to test memory region 7f21327fe000 (8388608 bytes)
*** Preparing to test memory region 7f2133800000 (8388608 bytes)
*** Preparing to test memory region 7f2134000000 (135168 bytes)
*** Preparing to test memory region 7f2138000000 (135168 bytes)
*** Preparing to test memory region 7f213c000000 (135168 bytes)
*** Preparing to test memory region 7f2140000000 (8388608 bytes)
*** Preparing to test memory region 7f2140a00000 (8388608 bytes)
*** Preparing to test memory region 7f2141200000 (4194304 bytes)
*** Preparing to test memory region 7f21417ff000 (8388608 bytes)
*** Preparing to test memory region 7f2142000000 (8388608 bytes)
*** Preparing to test memory region 7f2142800000 (6291456 bytes)
*** Preparing to test memory region 7f2142fff000 (8388608 bytes)
*** Preparing to test memory region 7f2143800000 (8388608 bytes)
*** Preparing to test memory region 7f2144000000 (135168 bytes)
*** Preparing to test memory region 7f214810e000 (8388608 bytes)
*** Preparing to test memory region 7f214890f000 (8388608 bytes)
*** Preparing to test memory region 7f2149110000 (8388608 bytes)
*** Preparing to test memory region 7f2149911000 (8388608 bytes)
*** Preparing to test memory region 7f214a112000 (8388608 bytes)
*** Preparing to test memory region 7f214a913000 (8388608 bytes)
*** Preparing to test memory region 7f214b114000 (8388608 bytes)
*** Preparing to test memory region 7f214b915000 (8388608 bytes)
*** Preparing to test memory region 7f214c115000 (2621440 bytes)
*** Preparing to test memory region 7f214c3a4000 (8192 bytes)
*** Preparing to test memory region 7f214ca7f000 (12288 bytes)
*** Preparing to test memory region 7f214d018000 (16384 bytes)
*** Preparing to test memory region 7f214d0cd000 (8192 bytes)
*** Preparing to test memory region 7f214da00000 (8388608 bytes)
*** Preparing to test memory region 7f214e24a000 (4096 bytes)
*** Preparing to test memory region 7f214e31b000 (8192 bytes)
*** Preparing to test memory region 7f214e39f000 (45056 bytes)
*** Preparing to test memory region 7f214e57e000 (53248 bytes)
*** Preparing to test memory region 7f214e69b000 (8192 bytes)
.3194485:C 05 Jan 2024 18:14:03.781 # WARNING Memory overcommit must be enabled! Without it, a background save or replication may fail under low memory condition. Being disabled, it can also cause failures without low memory condition, see https://github.com/jemalloc/jemalloc/issues/1328. To fix this issue add 'vm.overcommit_memory = 1' to /etc/sysctl.conf and then reboot or run the command 'sysctl vm.overcommit_memory=1' for this to take effect.
3194485:C 05 Jan 2024 18:14:03.781 * oO0OoO0OoO0Oo Redis is starting oO0OoO0OoO0Oo
3194485:C 05 Jan 2024 18:14:03.781 * Redis version=255.255.255, bits=64, commit=e04ebdb8, modified=1, pid=3194485, just started
3194485:C 05 Jan 2024 18:14:03.781 * Configuration loaded
3194485:M 05 Jan 2024 18:14:03.782 * monotonic clock: POSIX clock_gettime
3194485:M 05 Jan 2024 18:14:03.782 * Running mode=standalone, port=5071.
3194485:M 05 Jan 2024 18:14:03.788 * <raft> RedisRaft version 255.255.255 [b779b199]
3194485:M 05 Jan 2024 18:14:03.792 * <raft> Initializing test network
3194485:M 05 Jan 2024 18:14:03.793 * <raft> Created test network client
3194485:M 05 Jan 2024 18:14:03.797 * <raft> Raft module loaded, state is 'loading'
3194485:M 05 Jan 2024 18:14:03.797 * Module 'raft' loaded from /home/snagendra/Fuzzing/redisraft-fuzzing/redisraft.so
3194485:M 05 Jan 2024 18:14:03.797 * Server initialized
3194485:M 05 Jan 2024 18:14:03.797 . The AOF directory appendonlydir doesn't exist
3194485:M 05 Jan 2024 18:14:03.797 * Ready to accept connections tcp
3194485:M 05 Jan 2024 18:14:03.797 . 0 clients connected (0 replicas), 1746624 bytes in use
3194485:M 05 Jan 2024 18:14:03.897 * <raft> Loading: Redis loading complete, snapshot NOT LOADED
3194485:M 05 Jan 2024 18:14:03.898 * <raft> Cluster Membership: term:0 index:0 nodes: id=1,voting=0,active=1,addr=-
3194485:M 05 Jan 2024 18:14:03.898 * <raft> Test network starting message polling thread
3194485:M 05 Jan 2024 18:14:03.898 * <raft> Cluster Membership: term:0 index:8 nodes: id=1,voting=1,active=1,addr=- id=2,voting=0,active=1,addr=localhost:5072
3194485:M 05 Jan 2024 18:14:03.899 * <raft> Cluster Membership: term:0 index:8 nodes: id=1,voting=1,active=1,addr=- id=2,voting=0,active=1,addr=localhost:5072 id=3,voting=0,active=1,addr=localhost:5073
3194485:M 05 Jan 2024 18:14:03.899 * <raft> Raft state after loading log: log_count=8, first_idx=1, current_idx=8, last_applied_idx=0
3194485:M 05 Jan 2024 18:14:03.899 . <raft> Raft term=1, vote=-1
3194485:M 05 Jan 2024 18:14:03.902 - Accepted 127.0.0.1:54274
3194485:M 05 Jan 2024 18:14:03.902 # Missing implement of connection type tls
3194485:M 05 Jan 2024 18:14:04.082 - Accepted 127.0.0.1:54282
3194485:M 05 Jan 2024 18:14:04.200 * <raft> State change: Election starting, node is now a pre-candidate, term 1
3194485:M 05 Jan 2024 18:14:04.200 * <raft> Cluster Membership: term:1 index:8 nodes: id=1,voting=1,active=1,addr=- id=2,voting=0,active=1,addr=localhost:5072 id=3,voting=1,active=1,addr=localhost:5073
3194485:signal-handler (1704474844) Received SIGINT scheduling shutdown...
3194485:M 05 Jan 2024 18:14:04.402 * User requested shutdown...
3194485:M 05 Jan 2024 18:14:04.402 # Redis is now ready to exit, bye bye...
3194923:C 05 Jan 2024 18:14:04.692 # WARNING Memory overcommit must be enabled! Without it, a background save or replication may fail under low memory condition. Being disabled, it can also cause failures without low memory condition, see https://github.com/jemalloc/jemalloc/issues/1328. To fix this issue add 'vm.overcommit_memory = 1' to /etc/sysctl.conf and then reboot or run the command 'sysctl vm.overcommit_memory=1' for this to take effect.
3194923:C 05 Jan 2024 18:14:04.692 * oO0OoO0OoO0Oo Redis is starting oO0OoO0OoO0Oo
3194923:C 05 Jan 2024 18:14:04.692 * Redis version=255.255.255, bits=64, commit=e04ebdb8, modified=1, pid=3194923, just started
3194923:C 05 Jan 2024 18:14:04.692 * Configuration loaded
3194923:M 05 Jan 2024 18:14:04.692 * monotonic clock: POSIX clock_gettime
3194923:M 05 Jan 2024 18:14:04.693 * Running mode=standalone, port=5071.
3194923:M 05 Jan 2024 18:14:04.699 * <raft> RedisRaft version 255.255.255 [b779b199]
3194923:M 05 Jan 2024 18:14:04.703 * <raft> Initializing test network
3194923:M 05 Jan 2024 18:14:04.704 * <raft> Created test network client
3194923:M 05 Jan 2024 18:14:04.708 * <raft> Raft module loaded, state is 'loading'
3194923:M 05 Jan 2024 18:14:04.708 * Module 'raft' loaded from /home/snagendra/Fuzzing/redisraft-fuzzing/redisraft.so
3194923:M 05 Jan 2024 18:14:04.708 * Server initialized
3194923:M 05 Jan 2024 18:14:04.708 . The AOF directory appendonlydir doesn't exist
3194923:M 05 Jan 2024 18:14:04.708 * Ready to accept connections tcp
3194923:M 05 Jan 2024 18:14:04.708 . 0 clients connected (0 replicas), 1746720 bytes in use
3194923:M 05 Jan 2024 18:14:04.753 - Accepted 127.0.0.1:54328
3194923:M 05 Jan 2024 18:14:04.753 # Missing implement of connection type tls
3194923:M 05 Jan 2024 18:14:04.808 * <raft> Loading: Redis loading complete, snapshot NOT LOADED
3194923:M 05 Jan 2024 18:14:04.809 * <raft> Cluster Membership: term:0 index:0 nodes: id=1,voting=0,active=1,addr=-
3194923:M 05 Jan 2024 18:14:04.809 * <raft> Test network starting message polling thread
3194923:M 05 Jan 2024 18:14:04.809 * <raft> Cluster Membership: term:0 index:8 nodes: id=1,voting=1,active=1,addr=- id=2,voting=0,active=1,addr=localhost:5072
3194923:M 05 Jan 2024 18:14:04.809 * <raft> Cluster Membership: term:0 index:8 nodes: id=1,voting=1,active=1,addr=- id=2,voting=0,active=1,addr=localhost:5072 id=3,voting=0,active=1,addr=localhost:5073
3194923:M 05 Jan 2024 18:14:04.809 * <raft> Raft state after loading log: log_count=8, first_idx=1, current_idx=8, last_applied_idx=0
3194923:M 05 Jan 2024 18:14:04.809 . <raft> Raft term=1, vote=-1
3194923:M 05 Jan 2024 18:14:04.814 # <raft> Redis connection authentication failed: connection died
3194923:M 05 Jan 2024 18:14:04.834 - Client closed connection id=8 addr=127.0.0.1:54328 laddr=127.0.0.1:5071 fd=11 name= age=0 idle=0 flags=N db=0 sub=0 psub=0 ssub=0 multi=-1 qbuf=0 qbuf-free=20474 argv-mem=0 multi-mem=0 rbs=16384 rbp=0 obl=0 oll=0 omem=0 tot-mem=37760 events=r cmd=auth user=default redir=-1 resp=2 lib-name= lib-ver=
3194923:signal-handler (1704474844) Received SIGINT scheduling shutdown...
3194923:signal-handler (1704474844) You insist... exiting now.

----- Stderr -----
libgcov profiling error:/home/snagendra/Fuzzing/redisraft-fuzzing/build/deps/raft/CMakeFiles/raft.dir/src/raft_server_properties.c.gcda:Merge mismatch for function 17
libgcov profiling error:/home/snagendra/Fuzzing/redisraft-fuzzing/build/deps/raft/CMakeFiles/raft.dir/src/raft_server.c.gcda:Merge mismatch for function 14
libgcov profiling error:/home/snagendra/Fuzzing/redisraft-fuzzing/build/deps/raft/CMakeFiles/raft.dir/src/raft_server_properties.c.gcda:Merge mismatch for function 17
libgcov profiling error:/home/snagendra/Fuzzing/redisraft-fuzzing/build/deps/raft/CMakeFiles/raft.dir/src/raft_server.c.gcda:Merge mismatch for function 14
libgcov profiling error:/home/snagendra/Fuzzing/redisraft-fuzzing/build/deps/raft/CMakeFiles/raft.dir/src/raft_server_properties.c.gcda:Merge mismatch for function 17
libgcov profiling error:/home/snagendra/Fuzzing/redisraft-fuzzing/build/deps/raft/CMakeFiles/raft.dir/src/raft_server.c.gcda:Merge mismatch for function 14



