logs for node: 1

----- Stdout -----
1354592:C 05 Jan 2024 22:22:56.517 # WARNING Memory overcommit must be enabled! Without it, a background save or replication may fail under low memory condition. Being disabled, it can also cause failures without low memory condition, see https://github.com/jemalloc/jemalloc/issues/1328. To fix this issue add 'vm.overcommit_memory = 1' to /etc/sysctl.conf and then reboot or run the command 'sysctl vm.overcommit_memory=1' for this to take effect.
1354592:C 05 Jan 2024 22:22:56.517 * oO0OoO0OoO0Oo Redis is starting oO0OoO0OoO0Oo
1354592:C 05 Jan 2024 22:22:56.517 * Redis version=255.255.255, bits=64, commit=e04ebdb8, modified=1, pid=1354592, just started
1354592:C 05 Jan 2024 22:22:56.517 * Configuration loaded
1354592:M 05 Jan 2024 22:22:56.518 * monotonic clock: POSIX clock_gettime
1354592:M 05 Jan 2024 22:22:56.518 * Running mode=standalone, port=5021.
1354592:M 05 Jan 2024 22:22:56.524 * <raft> RedisRaft version 255.255.255 [b779b199]
1354592:M 05 Jan 2024 22:22:56.529 * <raft> Initializing test network
1354592:M 05 Jan 2024 22:22:56.530 * <raft> Created test network client
1354592:M 05 Jan 2024 22:22:56.531 * <raft> Raft module loaded, state is 'uninitialized'
1354592:M 05 Jan 2024 22:22:56.531 * Module 'raft' loaded from /home/snagendra/Fuzzing/redisraft-fuzzing/redisraft.so
1354592:M 05 Jan 2024 22:22:56.531 * Server initialized
1354592:M 05 Jan 2024 22:22:56.532 . The AOF directory appendonlydir doesn't exist
1354592:M 05 Jan 2024 22:22:56.532 * Ready to accept connections tcp
1354592:M 05 Jan 2024 22:22:56.532 - Accepted 127.0.0.1:54414
1354592:M 05 Jan 2024 22:22:56.532 # Missing implement of connection type tls
1354592:M 05 Jan 2024 22:22:56.532 . 1 clients connected (0 replicas), 1744056 bytes in use
1354592:M 05 Jan 2024 22:22:56.539 * <raft> Cluster Membership: term:0 index:0 nodes: id=1,voting=0,active=1,addr=-
1354592:M 05 Jan 2024 22:22:56.544 * <raft> State change: Node is now a leader, term 1
1354592:M 05 Jan 2024 22:22:56.544 * <raft> Cluster Membership: term:1 index:1 nodes: id=1,voting=0,active=1,addr=-
1354592:M 05 Jan 2024 22:22:56.544 * <raft> Test network starting message polling thread
1354592:M 05 Jan 2024 22:22:56.545 * <raft> Raft Cluster initialized, node id: 1, dbid: 2943d72efb42dc9439f0e2987fe0bfe3
1354592:M 05 Jan 2024 22:22:56.662 - Accepted 127.0.0.1:54428
1354592:M 05 Jan 2024 22:22:56.662 * <raft> Cluster Membership: term:1 index:3 nodes: id=1,voting=1,active=1,addr=- id=2,voting=0,active=1,addr=localhost:5022
1354592:M 05 Jan 2024 22:22:56.669 - Client closed connection id=9 addr=127.0.0.1:54428 laddr=127.0.0.1:5021 fd=12 name= age=0 idle=0 flags=N db=0 sub=0 psub=0 ssub=0 multi=-1 qbuf=0 qbuf-free=20474 argv-mem=0 multi-mem=0 rbs=16384 rbp=16384 obl=0 oll=0 omem=0 tot-mem=37760 events=r cmd=raft.node user=default redir=-1 resp=2 lib-name= lib-ver=
1354592:M 05 Jan 2024 22:22:56.787 - Accepted 127.0.0.1:54438
1354592:M 05 Jan 2024 22:22:56.788 * <raft> Cluster Membership: term:1 index:4 nodes: id=1,voting=1,active=1,addr=- id=2,voting=0,active=1,addr=localhost:5022 id=3,voting=0,active=1,addr=localhost:5023
1354592:M 05 Jan 2024 22:22:56.796 - Client closed connection id=10 addr=127.0.0.1:54438 laddr=127.0.0.1:5021 fd=13 name= age=0 idle=0 flags=N db=0 sub=0 psub=0 ssub=0 multi=-1 qbuf=0 qbuf-free=20474 argv-mem=0 multi-mem=0 rbs=16384 rbp=16384 obl=0 oll=0 omem=0 tot-mem=37760 events=r cmd=raft.node user=default redir=-1 resp=2 lib-name= lib-ver=
1354592:M 05 Jan 2024 22:22:56.962 - Accepted 127.0.0.1:54440
1354592:M 05 Jan 2024 22:22:57.000 * <raft> node:2 has sufficient logs, adding as voting node.
1354592:M 05 Jan 2024 22:22:57.435 * <raft> State change: Node is now a follower, term 1
1354592:M 05 Jan 2024 22:22:57.435 * <raft> Cluster Membership: term:1 index:5 nodes: id=1,voting=1,active=1,addr=- id=2,voting=1,active=1,addr=localhost:5022 id=3,voting=0,active=1,addr=localhost:5023
1354592:signal-handler (1704489777) Received SIGINT scheduling shutdown...
1354592:signal-handler (1704489777) You insist... exiting now.
1355043:C 05 Jan 2024 22:22:57.721 # WARNING Memory overcommit must be enabled! Without it, a background save or replication may fail under low memory condition. Being disabled, it can also cause failures without low memory condition, see https://github.com/jemalloc/jemalloc/issues/1328. To fix this issue add 'vm.overcommit_memory = 1' to /etc/sysctl.conf and then reboot or run the command 'sysctl vm.overcommit_memory=1' for this to take effect.
1355043:C 05 Jan 2024 22:22:57.721 * oO0OoO0OoO0Oo Redis is starting oO0OoO0OoO0Oo
1355043:C 05 Jan 2024 22:22:57.721 * Redis version=255.255.255, bits=64, commit=e04ebdb8, modified=1, pid=1355043, just started
1355043:C 05 Jan 2024 22:22:57.721 * Configuration loaded
1355043:M 05 Jan 2024 22:22:57.721 * monotonic clock: POSIX clock_gettime
1355043:M 05 Jan 2024 22:22:57.722 * Running mode=standalone, port=5021.
1355043:M 05 Jan 2024 22:22:57.728 * <raft> RedisRaft version 255.255.255 [b779b199]
1355043:M 05 Jan 2024 22:22:57.732 * <raft> Initializing test network
1355043:M 05 Jan 2024 22:22:57.733 * <raft> Created test network client
1355043:M 05 Jan 2024 22:22:57.736 * <raft> Raft module loaded, state is 'loading'
1355043:M 05 Jan 2024 22:22:57.736 * Module 'raft' loaded from /home/snagendra/Fuzzing/redisraft-fuzzing/redisraft.so
1355043:M 05 Jan 2024 22:22:57.736 * Server initialized
1355043:M 05 Jan 2024 22:22:57.736 . The AOF directory appendonlydir doesn't exist
1355043:M 05 Jan 2024 22:22:57.736 * Ready to accept connections tcp
1355043:M 05 Jan 2024 22:22:57.737 . 0 clients connected (0 replicas), 1746656 bytes in use
1355043:M 05 Jan 2024 22:22:57.768 - Accepted 127.0.0.1:54456
1355043:M 05 Jan 2024 22:22:57.768 # Missing implement of connection type tls
1355043:M 05 Jan 2024 22:22:57.797 - Client closed connection id=8 addr=127.0.0.1:54456 laddr=127.0.0.1:5021 fd=11 name= age=0 idle=0 flags=N db=0 sub=0 psub=0 ssub=0 multi=-1 qbuf=0 qbuf-free=20474 argv-mem=0 multi-mem=0 rbs=16384 rbp=16384 obl=0 oll=0 omem=0 tot-mem=37760 events=r cmd=auth user=default redir=-1 resp=2 lib-name= lib-ver=
1355043:M 05 Jan 2024 22:22:57.837 * <raft> Loading: Redis loading complete, snapshot NOT LOADED
1355043:M 05 Jan 2024 22:22:57.837 * <raft> Cluster Membership: term:0 index:0 nodes: id=1,voting=0,active=1,addr=-
1355043:M 05 Jan 2024 22:22:57.837 * <raft> Test network starting message polling thread
1355043:M 05 Jan 2024 22:22:57.838 * <raft> Cluster Membership: term:0 index:5 nodes: id=1,voting=1,active=1,addr=- id=2,voting=0,active=1,addr=localhost:5022
1355043:M 05 Jan 2024 22:22:57.838 * <raft> Cluster Membership: term:0 index:5 nodes: id=1,voting=1,active=1,addr=- id=2,voting=0,active=1,addr=localhost:5022 id=3,voting=0,active=1,addr=localhost:5023
1355043:M 05 Jan 2024 22:22:57.838 * <raft> Raft state after loading log: log_count=5, first_idx=1, current_idx=5, last_applied_idx=0
1355043:M 05 Jan 2024 22:22:57.838 . <raft> Raft term=1, vote=-1
1355043:M 05 Jan 2024 22:22:58.163 - Accepted 127.0.0.1:54460
1355043:M 05 Jan 2024 22:22:58.239 * <raft> State change: Election starting, node is now a pre-candidate, term 1
1355043:M 05 Jan 2024 22:22:58.239 * <raft> Cluster Membership: term:1 index:5 nodes: id=1,voting=1,active=1,addr=- id=2,voting=1,active=1,addr=localhost:5022 id=3,voting=0,active=1,addr=localhost:5023
1355043:M 05 Jan 2024 22:22:58.254 - Accepted 127.0.0.1:54468
1355043:M 05 Jan 2024 22:22:58.367 - Client closed connection id=10 addr=127.0.0.1:54468 laddr=127.0.0.1:5021 fd=12 name= age=0 idle=0 flags=N db=0 sub=0 psub=0 ssub=0 multi=-1 qbuf=0 qbuf-free=20474 argv-mem=0 multi-mem=0 rbs=16384 rbp=0 obl=0 oll=0 omem=0 tot-mem=37760 events=r cmd=auth user=default redir=-1 resp=2 lib-name= lib-ver=
1355043:M 05 Jan 2024 22:22:58.539 * <raft> State change: Election starting, node is now a pre-candidate, term 1
1355043:M 05 Jan 2024 22:22:58.539 * <raft> Cluster Membership: term:1 index:5 nodes: id=1,voting=1,active=1,addr=- id=2,voting=1,active=1,addr=localhost:5022 id=3,voting=0,active=1,addr=localhost:5023
1355043:signal-handler (1704489778) Received SIGINT scheduling shutdown...
1355043:signal-handler (1704489778) You insist... exiting now.
1355598:C 05 Jan 2024 22:22:59.095 # WARNING Memory overcommit must be enabled! Without it, a background save or replication may fail under low memory condition. Being disabled, it can also cause failures without low memory condition, see https://github.com/jemalloc/jemalloc/issues/1328. To fix this issue add 'vm.overcommit_memory = 1' to /etc/sysctl.conf and then reboot or run the command 'sysctl vm.overcommit_memory=1' for this to take effect.
1355598:C 05 Jan 2024 22:22:59.096 * oO0OoO0OoO0Oo Redis is starting oO0OoO0OoO0Oo
1355598:C 05 Jan 2024 22:22:59.096 * Redis version=255.255.255, bits=64, commit=e04ebdb8, modified=1, pid=1355598, just started
1355598:C 05 Jan 2024 22:22:59.096 * Configuration loaded
1355598:M 05 Jan 2024 22:22:59.096 * monotonic clock: POSIX clock_gettime
1355598:M 05 Jan 2024 22:22:59.096 * Running mode=standalone, port=5021.
1355598:M 05 Jan 2024 22:22:59.103 * <raft> RedisRaft version 255.255.255 [b779b199]
1355598:M 05 Jan 2024 22:22:59.107 * <raft> Initializing test network
1355598:M 05 Jan 2024 22:22:59.108 * <raft> Created test network client
1355598:M 05 Jan 2024 22:22:59.112 * <raft> Raft module loaded, state is 'loading'
1355598:M 05 Jan 2024 22:22:59.112 * Module 'raft' loaded from /home/snagendra/Fuzzing/redisraft-fuzzing/redisraft.so
1355598:M 05 Jan 2024 22:22:59.112 * Server initialized
1355598:M 05 Jan 2024 22:22:59.112 . The AOF directory appendonlydir doesn't exist
1355598:M 05 Jan 2024 22:22:59.112 * Ready to accept connections tcp
1355598:M 05 Jan 2024 22:22:59.113 . 0 clients connected (0 replicas), 1746688 bytes in use
1355598:M 05 Jan 2024 22:22:59.151 - Accepted 127.0.0.1:54502
1355598:M 05 Jan 2024 22:22:59.151 # Missing implement of connection type tls
1355598:M 05 Jan 2024 22:22:59.212 * <raft> Loading: Redis loading complete, snapshot NOT LOADED
1355598:M 05 Jan 2024 22:22:59.212 * <raft> Cluster Membership: term:0 index:0 nodes: id=1,voting=0,active=1,addr=-
1355598:M 05 Jan 2024 22:22:59.213 * <raft> Test network starting message polling thread


=== REDIS BUG REPORT START: Cut & paste starting from here ===
1355598:M 05 Jan 2024 22:22:59.213 # === ASSERTION FAILED ===
1355598:M 05 Jan 2024 22:22:59.213 # ==> /home/snagendra/Fuzzing/redisraft-fuzzing/src/log.c:509 'ety != NULL' is not true
1355598:M 05 Jan 2024 22:22:59.213 # === ASSERTION FAILED ===
1355598:M 05 Jan 2024 22:22:59.213 # ==> /home/snagendra/Fuzzing/redisraft-fuzzing/src/log.c:509 'ety != NULL' is not true

------ STACK TRACE ------

Backtrace:

------ STACK TRACE ------

Backtrace:
/home/snagendra/Fuzzing/redisraft-fuzzing/redisraft.so(+0x25e00)[0x7f33b6105e00]
/home/snagendra/Fuzzing/redisraft-fuzzing/redisraft.so(LogGet+0x60)[0x7f33b61071b0]
/home/snagendra/Fuzzing/redisraft-fuzzing/redisraft.so(+0x25e00)[0x7f33b6105e00]
/home/snagendra/Fuzzing/redisraft-fuzzing/redisraft.so(LogGet+0x60)[0x7f33b61071b0]
/home/snagendra/Fuzzing/redisraft-fuzzing/redisraft.so(+0x272ef)[0x7f33b61072ef]
/home/snagendra/Fuzzing/redisraft-fuzzing/redisraft.so(raft_restore_log+0x54)[0x7f33b61208d4]
/home/snagendra/Fuzzing/redisraft-fuzzing/redisraft.so(callRaftPeriodic+0x131)[0x7f33b610cd41]
/home/snagendra/Fuzzing/redis/src/redis-server 0.0.0.0:5021(moduleTimerHandler+0x21c)[0x55f31e2c898c]
/home/snagendra/Fuzzing/redisraft-fuzzing/redisraft.so(+0x272ef)[0x7f33b61072ef]
/home/snagendra/Fuzzing/redisraft-fuzzing/redisraft.so(raft_get_entry_from_idx+0x1a)[0x7f33b611b45a]
/home/snagendra/Fuzzing/redisraft-fuzzing/redisraft.so(raft_get_last_log_term+0x36)[0x7f33b6121346]
/home/snagendra/Fuzzing/redisraft-fuzzing/redisraft.so(raft_recv_requestvote+0x16f)[0x7f33b611c08f]
/home/snagendra/Fuzzing/redisraft-fuzzing/redisraft.so(handleTestNetworkMessage+0x1a2)[0x7f33b6115512]
/home/snagendra/Fuzzing/redisraft-fuzzing/redisraft.so(poll_redis_test_messages+0x89)[0x7f33b61155c9]
/lib/x86_64-linux-gnu/libc.so.6(+0x89044)[0x7f33b61f6044]
/lib/x86_64-linux-gnu/libc.so.6(+0x10961c)[0x7f33b627661c]

------ INFO OUTPUT ------
/home/snagendra/Fuzzing/redis/src/redis-server 0.0.0.0:5021(+0x81705)[0x55f31e1d2705]
/home/snagendra/Fuzzing/redis/src/redis-server 0.0.0.0:5021(aeMain+0x1c8)[0x55f31e1dccb8]
/home/snagendra/Fuzzing/redis/src/redis-server 0.0.0.0:5021(main+0x3cd)[0x55f31e1d1e2d]
/lib/x86_64-linux-gnu/libc.so.6(+0x271ca)[0x7f33b61941ca]
/lib/x86_64-linux-gnu/libc.so.6(__libc_start_main+0x85)[0x7f33b6194285]
/home/snagendra/Fuzzing/redis/src/redis-server 0.0.0.0:5021(_start+0x2a)[0x55f31e1d25aa]

------ INFO OUTPUT ------
# Server
redis_version:255.255.255
redis_git_sha1:e04ebdb8
redis_git_dirty:1
redis_build_id:1f78dcc7b4fbdd25
redis_mode:standalone
os:Linux 6.1.60.1.amd64-smp x86_64
arch_bits:64
monotonic_clock:POSIX clock_gettime
multiplexing_api:epoll
atomicvar_api:c11-builtin
gcc_version:10.2.1
process_id:1355598
process_supervised:no
run_id:d1b255dceab355fc4183799dac99ca8722f412b7
tcp_port:5021
server_time_usec:1704489779212479
uptime_in_seconds:0
uptime_in_days:0
hz:10
configured_hz:10
lru_clock:9990963
executable:/home/snagendra/Fuzzing/redis/src/redis-server
config_file:
io_threads_active:0
listener0:name=tcp,bind=0.0.0.0,port=5021

# Clients
connected_clients:1
cluster_connections:0
maxclients:10000
client_recent_max_input_buffer:0
client_recent_max_output_buffer:0
blocked_clients:0
tracking_clients:0
clients_in_timeout_table:0
total_blocking_keys:0
total_blocking_keys_on_nokey:0

# Memory
used_memory:1816896
used_memory_human:1.73M
used_memory_rss:17887232
used_memory_rss_human:17.06M
used_memory_peak:1816896
used_memory_peak_human:1.73M
used_memory_peak_perc:100.39%
used_memory_overhead:1746728
used_memory_startup:1746544
used_memory_dataset:70168
used_memory_dataset_perc:99.74%
allocator_allocated:2027704
allocator_active:2564096
allocator_resident:10797056
total_system_memory:270388695040
total_system_memory_human:251.82G
used_memory_lua:31744
used_memory_vm_eval:31744
used_memory_lua_human:31.00K
used_memory_scripts_eval:0
number_of_cached_scripts:0
number_of_functions:0
number_of_libraries:0
used_memory_vm_functions:32768
used_memory_vm_total:64512
used_memory_vm_total_human:63.00K
used_memory_functions:184
used_memory_scripts:184
used_memory_scripts_human:184B
maxmemory:0
maxmemory_human:0B
maxmemory_policy:noeviction
allocator_frag_ratio:1.26
allocator_frag_bytes:536392
allocator_rss_ratio:4.21
allocator_rss_bytes:8232960
rss_overhead_ratio:1.66
rss_overhead_bytes:7090176
mem_fragmentation_ratio:10.24
mem_fragmentation_bytes:16140544
mem_not_counted_for_evict:0
mem_replication_backlog:0
mem_total_replication_buffers:0
mem_clients_slaves:0
mem_clients_normal:0
mem_cluster_links:0
mem_aof_buffer:0
mem_allocator:jemalloc-5.3.0
active_defrag_running:0
lazyfree_pending_objects:0
lazyfreed_objects:0

# Persistence
loading:0
async_loading:0
current_cow_peak:0
current_cow_size:0
current_cow_size_age:0
current_fork_perc:0.00
current_save_keys_processed:0
current_save_keys_total:0
rdb_changes_since_last_save:0
rdb_bgsave_in_progress:0
rdb_last_save_time:1704489779
rdb_last_bgsave_status:ok
rdb_last_bgsave_time_sec:-1
rdb_current_bgsave_time_sec:-1
rdb_saves:0
rdb_last_cow_size:0
rdb_last_load_keys_expired:0
rdb_last_load_keys_loaded:0
aof_enabled:0
aof_rewrite_in_progress:0
aof_rewrite_scheduled:0
aof_last_rewrite_time_sec:-1
aof_current_rewrite_time_sec:-1
aof_last_bgrewrite_status:ok
aof_rewrites:0
aof_rewrites_consecutive_failures:0
aof_last_write_status:ok
aof_last_cow_size:0
module_fork_in_progress:0
module_fork_last_cow_size:0

# Stats
total_connections_received:1
total_commands_processed:7
instantaneous_ops_per_sec:23
total_net_input_bytes:33
total_net_output_bytes:5
total_net_repl_input_bytes:0
total_net_repl_output_bytes:0
instantaneous_input_kbps:0.00
instantaneous_output_kbps:0.00
instantaneous_input_repl_kbps:0.00
instantaneous_output_repl_kbps:0.00
rejected_connections:0
sync_full:0
sync_partial_ok:0
sync_partial_err:0
expired_keys:0
expired_stale_perc:0.00
expired_time_cap_reached_count:0
expire_cycle_cpu_milliseconds:0
evicted_keys:0
evicted_clients:0
total_eviction_exceeded_time:0
current_eviction_exceeded_time:0
keyspace_hits:0
keyspace_misses:0
pubsub_channels:0
pubsub_patterns:0
pubsubshard_channels:0
latest_fork_usec:0
total_forks:0
migrate_cached_sockets:0
slave_expires_tracked_keys:0
active_defrag_hits:0
active_defrag_misses:0
active_defrag_key_hits:0
active_defrag_key_misses:0
total_active_defrag_time:0
current_active_defrag_time:0
tracking_total_keys:0
tracking_total_items:0
tracking_total_prefixes:0
unexpected_error_replies:0
total_error_replies:0
dump_payload_sanitizations:0
total_reads_processed:1
total_writes_processed:1
io_threaded_reads_processed:0
io_threaded_writes_processed:0
reply_buffer_shrinks:0
reply_buffer_expands:0
acl_access_denied_auth:0
acl_access_denied_cmd:0
acl_access_denied_key:0
acl_access_denied_channel:0

# Replication
role:master
connected_slaves:0
master_failover_state:no-failover
master_replid:836df14cdb9f55496b58766b89243246c25a8b8a
master_replid2:0000000000000000000000000000000000000000
master_repl_offset:0
second_repl_offset:-1
repl_backlog_active:0
repl_backlog_size:1048576
repl_backlog_first_byte_offset:0
repl_backlog_histlen:0

# CPU
used_cpu_sys:0.007326
used_cpu_user:0.010990
used_cpu_sys_children:0.000000
used_cpu_user_children:0.000000
used_cpu_sys_main_thread:0.000698
used_cpu_user_main_thread:0.000000

# Modules
module:name=raft,ver=1,api=1,filters=1,usedby=[],using=[],options=[]

# Commandstats
cmdstat_command:calls=2,usec=1495,usec_per_call=747.50,rejected_calls=0,failed_calls=0
cmdstat_config|set:calls=1,usec=10,usec_per_call=10.00,rejected_calls=0,failed_calls=0
cmdstat_config|get:calls=3,usec=3,usec_per_call=1.00,rejected_calls=0,failed_calls=0
cmdstat_auth:calls=1,usec=1,usec_per_call=1.00,rejected_calls=0,failed_calls=0

# Errorstats

# Latencystats
latency_percentiles_usec_command:p50=720.895,p99=778.239,p99.9=778.239
latency_percentiles_usec_config|set:p50=10.047,p99=10.047,p99.9=10.047
latency_percentiles_usec_config|get:p50=1.003,p99=1.003,p99.9=1.003
latency_percentiles_usec_auth:p50=1.003,p99=1.003,p99.9=1.003

# Cluster
cluster_enabled:0

# Keyspace

------ CLIENT LIST OUTPUT ------
# Server
redis_version:255.255.255
redis_git_sha1:e04ebdb8
redis_git_dirty:1
redis_build_id:1f78dcc7b4fbdd25
redis_mode:standalone
os:Linux 6.1.60.1.amd64-smp x86_64
arch_bits:64
monotonic_clock:POSIX clock_gettime
multiplexing_api:epoll
atomicvar_api:c11-builtin
gcc_version:10.2.1
process_id:1355598
process_supervised:no
run_id:d1b255dceab355fc4183799dac99ca8722f412b7
tcp_port:5021
server_time_usec:1704489779212479
uptime_in_seconds:0
uptime_in_days:0
hz:10
configured_hz:10
lru_clock:9990963
executable:/home/snagendra/Fuzzing/redis/src/redis-server
config_file:
io_threads_active:0
listener0:name=tcp,bind=0.0.0.0,port=5021

# Clients
connected_clients:1
cluster_connections:0
maxclients:10000
client_recent_max_input_buffer:0
client_recent_max_output_buffer:0
blocked_clients:0
tracking_clients:0
clients_in_timeout_table:0
total_blocking_keys:0
total_blocking_keys_on_nokey:0

# Memory
used_memory:1823920
used_memory_human:1.74M
used_memory_rss:17887232
used_memory_rss_human:17.06M
used_memory_peak:1823920
used_memory_peak_human:1.74M
used_memory_peak_perc:100.29%
used_memory_overhead:1746728
used_memory_startup:1746544
used_memory_dataset:75400
used_memory_dataset_perc:99.76%
allocator_allocated:2027704
allocator_active:2564096
allocator_resident:10797056
total_system_memory:270388695040
total_system_memory_human:251.82G
used_memory_lua:31744
used_memory_vm_eval:31744
used_memory_lua_human:31.00K
used_memory_scripts_eval:0
number_of_cached_scripts:0
number_of_functions:0
number_of_libraries:0
used_memory_vm_functions:32768
used_memory_vm_total:64512
used_memory_vm_total_human:63.00K
used_memory_functions:184
used_memory_scripts:184
used_memory_scripts_human:184B
maxmemory:0
maxmemory_human:0B
maxmemory_policy:noeviction
allocator_frag_ratio:1.26
allocator_frag_bytes:536392
allocator_rss_ratio:4.21
allocator_rss_bytes:8232960
rss_overhead_ratio:1.66
rss_overhead_bytes:7090176
mem_fragmentation_ratio:10.24
mem_fragmentation_bytes:16140544
mem_not_counted_for_evict:0
mem_replication_backlog:0
mem_total_replication_buffers:0
mem_clients_slaves:0
mem_clients_normal:0
mem_cluster_links:0
mem_aof_buffer:0
mem_allocator:jemalloc-5.3.0
active_defrag_running:0
lazyfree_pending_objects:0
lazyfreed_objects:0

# Persistence
loading:0
async_loading:0
current_cow_peak:0
current_cow_size:0
current_cow_size_age:0
current_fork_perc:0.00
current_save_keys_processed:0
current_save_keys_total:0
rdb_changes_since_last_save:0
rdb_bgsave_in_progress:0
rdb_last_save_time:1704489779
rdb_last_bgsave_status:ok
rdb_last_bgsave_time_sec:-1
rdb_current_bgsave_time_sec:-1
rdb_saves:0
rdb_last_cow_size:0
rdb_last_load_keys_expired:0
rdb_last_load_keys_loaded:0
aof_enabled:0
aof_rewrite_in_progress:0
aof_rewrite_scheduled:0
aof_last_rewrite_time_sec:-1
aof_current_rewrite_time_sec:-1
aof_last_bgrewrite_status:ok
aof_rewrites:0
aof_rewrites_consecutive_failures:0
aof_last_write_status:ok
aof_last_cow_size:0
module_fork_in_progress:0
module_fork_last_cow_size:0

# Stats
total_connections_received:1
total_commands_processed:7
instantaneous_ops_per_sec:23
total_net_input_bytes:33
total_net_output_bytes:5
total_net_repl_input_bytes:0
total_net_repl_output_bytes:0
instantaneous_input_kbps:0.00
instantaneous_output_kbps:0.00
instantaneous_input_repl_kbps:0.00
instantaneous_output_repl_kbps:0.00
rejected_connections:0
sync_full:0
sync_partial_ok:0
sync_partial_err:0
expired_keys:0
expired_stale_perc:0.00
expired_time_cap_reached_count:0
expire_cycle_cpu_milliseconds:0
evicted_keys:0
evicted_clients:0
total_eviction_exceeded_time:0
current_eviction_exceeded_time:0
keyspace_hits:0
keyspace_misses:0
pubsub_channels:0
pubsub_patterns:0
pubsubshard_channels:0
latest_fork_usec:0
total_forks:0
migrate_cached_sockets:0
slave_expires_tracked_keys:0
active_defrag_hits:0
active_defrag_misses:0
active_defrag_key_hits:0
active_defrag_key_misses:0
total_active_defrag_time:0
current_active_defrag_time:0
tracking_total_keys:0
tracking_total_items:0
tracking_total_prefixes:0
unexpected_error_replies:0
total_error_replies:0
dump_payload_sanitizations:0
total_reads_processed:1
total_writes_processed:1
io_threaded_reads_processed:0
io_threaded_writes_processed:0
reply_buffer_shrinks:0
reply_buffer_expands:0
acl_access_denied_auth:0
acl_access_denied_cmd:0
acl_access_denied_key:0
acl_access_denied_channel:0

# Replication
role:master
connected_slaves:0
master_failover_state:no-failover
master_replid:836df14cdb9f55496b58766b89243246c25a8b8a
master_replid2:0000000000000000000000000000000000000000
master_repl_offset:0
second_repl_offset:-1
repl_backlog_active:0
repl_backlog_size:1048576
repl_backlog_first_byte_offset:0
repl_backlog_histlen:0

# CPU
used_cpu_sys:0.007431
used_cpu_user:0.011146
used_cpu_sys_children:0.000000
used_cpu_user_children:0.000000
used_cpu_sys_main_thread:0.004169
used_cpu_user_main_thread:0.012508

# Modules
module:name=raft,ver=1,api=1,filters=1,usedby=[],using=[],options=[]

# Commandstats
cmdstat_command:calls=2,usec=1495,usec_per_call=747.50,rejected_calls=0,failed_calls=0
cmdstat_config|set:calls=1,usec=10,usec_per_call=10.00,rejected_calls=0,failed_calls=0
cmdstat_config|get:calls=3,usec=3,usec_per_call=1.00,rejected_calls=0,failed_calls=0
cmdstat_auth:calls=1,usec=1,usec_per_call=1.00,rejected_calls=0,failed_calls=0

# Errorstats

# Latencystats
latency_percentiles_usec_command:p50=720.895,p99=778.239,p99.9=778.239
latency_percentiles_usec_config|set:p50=10.047,p99=10.047,p99.9=10.047
latency_percentiles_usec_config|get:p50=1.003,p99=1.003,p99.9=1.003
latency_percentiles_usec_auth:p50=1.003,p99=1.003,p99.9=1.003

# Cluster
cluster_enabled:0

# Keyspace

------ CLIENT LIST OUTPUT ------
id=8 addr=127.0.0.1:54502 laddr=127.0.0.1:5021 fd=11 name= age=0 idle=0 flags=N db=0 sub=0 psub=0 ssub=0 multi=-1 qbuf=0 qbuf-free=20474 argv-mem=0 multi-mem=0 rbs=16384 rbp=16384 obl=0 oll=0 omem=0 tot-mem=37760 events=r cmd=auth user=default redir=-1 resp=2 lib-name= lib-ver=

------ MODULES INFO OUTPUT ------
id=8 addr=127.0.0.1:54502 laddr=127.0.0.1:5021 fd=11 name= age=0 idle=0 flags=N db=0 sub=0 psub=0 ssub=0 multi=-1 qbuf=0 qbuf-free=20474 argv-mem=0 multi-mem=0 rbs=16384 rbp=16384 obl=0 oll=0 omem=0 tot-mem=37760 events=r cmd=auth user=default redir=-1 resp=2 lib-name= lib-ver=

------ MODULES INFO OUTPUT ------
# raft_version
raft_version:255.255.255
raft_git_sha1:b779b199

# raft_general
raft_dbid:2943d72efb42dc9439f0e2987fe0bfe3
raft_node_id:1
raft_state:up
raft_role:follower
raft_is_voting:yes
raft_voted_for:-1
raft_leader_id:-1
raft_current_term:0
raft_num_nodes:1
raft_num_voting_nodes:1

# raft_log
raft_log_entries:5
raft_current_index:5
raft_commit_index:0
raft_last_applied_index:0
raft_file_size:1530
raft_cache_memory_size:0
raft_cache_entries:0
raft_client_attached_entries:0
raft_fsync_count:0
raft_fsync_max_microseconds:0
raft_entry1:term=1,id=0,data_len=0
raft_entry2:term=1,id=834547985,data_len=264
raft_entry3:term=1,id=2068293768,data_len=264
raft_entry4:term=1,id=22289476,data_len=264
raft_fsync_avg_microseconds:0

# raft_snapshot
raft_snapshot_filename:redis1.rdb
raft_snapshot_last_idx:0
raft_snapshot_last_term:0
raft_snapshot_size:0
raft_snapshot_time_secs:-1
raft_snapshots_created:0
raft_snapshots_received:0
raft_snapshot_in_progress:no
raft_snapshot_in_progress_last_idx:-1
raft_snapshot_in_progress_last_term:-1

# raft_clients
raft_proxy_reqs:0
raft_proxy_failed_reqs:0
raft_proxy_failed_responses:0
raft_proxy_outstanding_reqs:0

# raft_stats
raft_appendreq_received:0
raft_appendreq_with_entry_received:0
raft_snapshotreq_received:0
raft_exec_throttled:0
raft_num_sessions:0
# raft_version
raft_version:255.255.255
raft_git_sha1:b779b199

# raft_general
raft_dbid:2943d72efb42dc9439f0e2987fe0bfe3
raft_node_id:1
raft_state:up
raft_role:follower
raft_is_voting:yes
raft_voted_for:-1
raft_leader_id:-1
raft_current_term:0
raft_num_nodes:1
raft_num_voting_nodes:1

# raft_log
raft_log_entries:5
raft_current_index:5
raft_commit_index:0
raft_last_applied_index:0
raft_file_size:1530
raft_cache_memory_size:0
raft_cache_entries:0
raft_client_attached_entries:0
raft_fsync_count:0
raft_fsync_max_microseconds:0
raft_entry1:term=1,id=0,data_len=0
raft_entry2:term=1,id=834547985,data_len=264
raft_entry3:term=1,id=2068293768,data_len=264
raft_entry4:term=1,id=22289476,data_len=264
raft_fsync_avg_microseconds:0

# raft_snapshot
raft_snapshot_filename:redis1.rdb
raft_snapshot_last_idx:0
raft_snapshot_last_term:0
raft_snapshot_size:0
raft_snapshot_time_secs:-1
raft_snapshots_created:0
raft_snapshots_received:0
raft_snapshot_in_progress:no
raft_snapshot_in_progress_last_idx:-1
raft_snapshot_in_progress_last_term:-1

# raft_clients
raft_proxy_reqs:0
raft_proxy_failed_reqs:0
raft_proxy_failed_responses:0
raft_proxy_outstanding_reqs:0

# raft_stats
raft_appendreq_received:0
raft_appendreq_with_entry_received:0
raft_snapshotreq_received:0
raft_exec_throttled:0
raft_num_sessions:0

------ CONFIG DEBUG OUTPUT ------
lazyfree-lazy-server-del no
slave-read-only yes
sanitize-dump-payload no
io-threads 1
list-compress-depth 0
lazyfree-lazy-eviction no
client-query-buffer-limit 1gb
activedefrag no
replica-read-only yes
lazyfree-lazy-user-flush no
proto-max-bulk-len 512mb
repl-diskless-load disabled
io-threads-do-reads no
lazyfree-lazy-user-del no
repl-diskless-sync yes
lazyfree-lazy-expire no

------ FAST MEMORY TEST ------
1355598:M 05 Jan 2024 22:22:59.214 # Bio worker thread #0 terminated

------ CONFIG DEBUG OUTPUT ------
lazyfree-lazy-server-del no
slave-read-only yes
sanitize-dump-payload no
io-threads 1
list-compress-depth 0
lazyfree-lazy-eviction no
client-query-buffer-limit 1gb
activedefrag no
replica-read-only yes
lazyfree-lazy-user-flush no
proto-max-bulk-len 512mb
repl-diskless-load disabled
io-threads-do-reads no
lazyfree-lazy-user-del no
repl-diskless-sync yes
lazyfree-lazy-expire no

------ FAST MEMORY TEST ------
1355598:M 05 Jan 2024 22:22:59.214 # main thread terminated
1355598:M 05 Jan 2024 22:22:59.214 # Bio worker thread #0 can not be joined: No such process
1355598:M 05 Jan 2024 22:22:59.214 # Bio worker thread #1 terminated
1355598:M 05 Jan 2024 22:22:59.214 # Bio worker thread #2 terminated

Fast memory test PASSED, however your memory can still be broken. Please run a memory test for several hours if possible.

=== REDIS BUG REPORT END. Make sure to include from START to END. ===

       Please report the crash by opening an issue on github:

           http://github.com/redis/redis/issues

  If a Redis module was involved, please open in the module's repo instead.

  Suspect RAM error? Use redis-server --test-memory to verify it.

  Some other issues could be detected by redis-server --check-system

----- Stderr -----
libgcov profiling error:/home/snagendra/Fuzzing/redisraft-fuzzing/build/deps/raft/CMakeFiles/raft.dir/src/raft_server.c.gcda:Merge mismatch for function 63
libgcov profiling error:/home/snagendra/Fuzzing/redisraft-fuzzing/build/deps/raft/CMakeFiles/raft.dir/src/raft_server.c.gcda:Merge mismatch for function 63




logs for node: 2

----- Stdout -----
1354619:C 05 Jan 2024 22:22:56.547 # WARNING Memory overcommit must be enabled! Without it, a background save or replication may fail under low memory condition. Being disabled, it can also cause failures without low memory condition, see https://github.com/jemalloc/jemalloc/issues/1328. To fix this issue add 'vm.overcommit_memory = 1' to /etc/sysctl.conf and then reboot or run the command 'sysctl vm.overcommit_memory=1' for this to take effect.
1354619:C 05 Jan 2024 22:22:56.547 * oO0OoO0OoO0Oo Redis is starting oO0OoO0OoO0Oo
1354619:C 05 Jan 2024 22:22:56.547 * Redis version=255.255.255, bits=64, commit=e04ebdb8, modified=1, pid=1354619, just started
1354619:C 05 Jan 2024 22:22:56.547 * Configuration loaded
1354619:M 05 Jan 2024 22:22:56.548 * monotonic clock: POSIX clock_gettime
1354619:M 05 Jan 2024 22:22:56.548 * Running mode=standalone, port=5022.
1354619:M 05 Jan 2024 22:22:56.555 * <raft> RedisRaft version 255.255.255 [b779b199]
1354619:M 05 Jan 2024 22:22:56.560 * <raft> Initializing test network
1354619:M 05 Jan 2024 22:22:56.560 * <raft> Created test network client
1354619:M 05 Jan 2024 22:22:56.561 * <raft> Raft module loaded, state is 'uninitialized'
1354619:M 05 Jan 2024 22:22:56.561 * Module 'raft' loaded from /home/snagendra/Fuzzing/redisraft-fuzzing/redisraft.so
1354619:M 05 Jan 2024 22:22:56.562 * Server initialized
1354619:M 05 Jan 2024 22:22:56.562 . The AOF directory appendonlydir doesn't exist
1354619:M 05 Jan 2024 22:22:56.563 * Ready to accept connections tcp
1354619:M 05 Jan 2024 22:22:56.563 . 0 clients connected (0 replicas), 1726224 bytes in use
1354619:M 05 Jan 2024 22:22:56.591 - Accepted 127.0.0.1:48606
1354619:M 05 Jan 2024 22:22:56.591 # Missing implement of connection type tls
1354619:M 05 Jan 2024 22:22:56.661 - <raft> join cluster, connecting to localhost:5021
1354619:M 05 Jan 2024 22:22:56.663 * <raft> Joined Raft cluster, node id: 2, dbid: 2943d72efb42dc9439f0e2987fe0bfe3
1354619:M 05 Jan 2024 22:22:56.669 * <raft> Cluster Membership: term:0 index:0 nodes: id=2,voting=0,active=1,addr=-
1354619:M 05 Jan 2024 22:22:56.669 * <raft> Test network starting message polling thread
1354619:M 05 Jan 2024 22:22:56.732 - Accepted 127.0.0.1:48618
1354619:M 05 Jan 2024 22:22:56.945 * <raft> Cluster Membership: term:1 index:2 nodes: id=2,voting=0,active=1,addr=- id=1,voting=1,active=1,addr=localhost:5021
1354619:M 05 Jan 2024 22:22:56.946 * <raft> Cluster Membership: term:1 index:4 nodes: id=2,voting=0,active=1,addr=- id=1,voting=1,active=1,addr=localhost:5021 id=3,voting=0,active=1,addr=localhost:5023
1354619:M 05 Jan 2024 22:22:57.164 * <raft> State change: Election starting, node is now a pre-candidate, term 1
1354619:M 05 Jan 2024 22:22:57.164 * <raft> Cluster Membership: term:1 index:4 nodes: id=2,voting=0,active=1,addr=- id=1,voting=1,active=1,addr=localhost:5021 id=3,voting=0,active=1,addr=localhost:5023
1354619:M 05 Jan 2024 22:22:57.465 * <raft> State change: Election starting, node is now a pre-candidate, term 1
1354619:M 05 Jan 2024 22:22:57.465 * <raft> Cluster Membership: term:1 index:4 nodes: id=2,voting=0,active=1,addr=- id=1,voting=1,active=1,addr=localhost:5021 id=3,voting=0,active=1,addr=localhost:5023
1354619:M 05 Jan 2024 22:22:57.488 * <raft> State change: Node is now a follower, term 1
1354619:M 05 Jan 2024 22:22:57.488 * <raft> Cluster Membership: term:1 index:4 nodes: id=2,voting=0,active=1,addr=- id=1,voting=1,active=1,addr=localhost:5021 id=3,voting=0,active=1,addr=localhost:5023
1354619:M 05 Jan 2024 22:22:57.657 - Client closed connection id=9 addr=127.0.0.1:48618 laddr=127.0.0.1:5022 fd=10 name= age=1 idle=1 flags=N db=0 sub=0 psub=0 ssub=0 multi=-1 qbuf=0 qbuf-free=20474 argv-mem=0 multi-mem=0 rbs=1024 rbp=0 obl=0 oll=0 omem=0 tot-mem=22400 events=r cmd=auth user=default redir=-1 resp=2 lib-name= lib-ver=
1354619:signal-handler (1704489777) Received SIGINT scheduling shutdown...
1354619:signal-handler (1704489777) You insist... exiting now.
1355210:C 05 Jan 2024 22:22:58.134 # WARNING Memory overcommit must be enabled! Without it, a background save or replication may fail under low memory condition. Being disabled, it can also cause failures without low memory condition, see https://github.com/jemalloc/jemalloc/issues/1328. To fix this issue add 'vm.overcommit_memory = 1' to /etc/sysctl.conf and then reboot or run the command 'sysctl vm.overcommit_memory=1' for this to take effect.
1355210:C 05 Jan 2024 22:22:58.135 * oO0OoO0OoO0Oo Redis is starting oO0OoO0OoO0Oo
1355210:C 05 Jan 2024 22:22:58.135 * Redis version=255.255.255, bits=64, commit=e04ebdb8, modified=1, pid=1355210, just started
1355210:C 05 Jan 2024 22:22:58.135 * Configuration loaded
1355210:M 05 Jan 2024 22:22:58.135 * monotonic clock: POSIX clock_gettime
1355210:M 05 Jan 2024 22:22:58.135 * Running mode=standalone, port=5022.
1355210:M 05 Jan 2024 22:22:58.143 * <raft> RedisRaft version 255.255.255 [b779b199]
1355210:M 05 Jan 2024 22:22:58.147 * <raft> Initializing test network
1355210:M 05 Jan 2024 22:22:58.148 * <raft> Created test network client
1355210:M 05 Jan 2024 22:22:58.152 * <raft> Raft module loaded, state is 'loading'
1355210:M 05 Jan 2024 22:22:58.152 * Module 'raft' loaded from /home/snagendra/Fuzzing/redisraft-fuzzing/redisraft.so
1355210:M 05 Jan 2024 22:22:58.152 * Server initialized
1355210:M 05 Jan 2024 22:22:58.152 . The AOF directory appendonlydir doesn't exist
1355210:M 05 Jan 2024 22:22:58.152 * Ready to accept connections tcp
1355210:M 05 Jan 2024 22:22:58.152 . 0 clients connected (0 replicas), 1746656 bytes in use
1355210:M 05 Jan 2024 22:22:58.241 - Accepted 127.0.0.1:48672
1355210:M 05 Jan 2024 22:22:58.241 # Missing implement of connection type tls
1355210:M 05 Jan 2024 22:22:58.252 * <raft> Loading: Redis loading complete, snapshot NOT LOADED
1355210:M 05 Jan 2024 22:22:58.253 * <raft> Cluster Membership: term:0 index:0 nodes: id=2,voting=0,active=1,addr=-
1355210:M 05 Jan 2024 22:22:58.253 * <raft> Test network starting message polling thread
1355210:M 05 Jan 2024 22:22:58.253 * <raft> Cluster Membership: term:0 index:5 nodes: id=2,voting=0,active=1,addr=- id=1,voting=1,active=1,addr=localhost:5021
1355210:M 05 Jan 2024 22:22:58.254 * <raft> Cluster Membership: term:0 index:5 nodes: id=2,voting=0,active=1,addr=- id=1,voting=1,active=1,addr=localhost:5021 id=3,voting=0,active=1,addr=localhost:5023
1355210:M 05 Jan 2024 22:22:58.254 * <raft> Raft state after loading log: log_count=5, first_idx=1, current_idx=5, last_applied_idx=0
1355210:M 05 Jan 2024 22:22:58.254 . <raft> Raft term=1, vote=-1
1355210:signal-handler (1704489778) Received SIGINT scheduling shutdown...
1355210:signal-handler (1704489778) Received SIGINT scheduling shutdown...
1355210:M 05 Jan 2024 22:22:58.355 * User requested shutdown...
1355210:M 05 Jan 2024 22:22:58.355 # Redis is now ready to exit, bye bye...
1355417:C 05 Jan 2024 22:22:58.629 # WARNING Memory overcommit must be enabled! Without it, a background save or replication may fail under low memory condition. Being disabled, it can also cause failures without low memory condition, see https://github.com/jemalloc/jemalloc/issues/1328. To fix this issue add 'vm.overcommit_memory = 1' to /etc/sysctl.conf and then reboot or run the command 'sysctl vm.overcommit_memory=1' for this to take effect.
1355417:C 05 Jan 2024 22:22:58.629 * oO0OoO0OoO0Oo Redis is starting oO0OoO0OoO0Oo
1355417:C 05 Jan 2024 22:22:58.629 * Redis version=255.255.255, bits=64, commit=e04ebdb8, modified=1, pid=1355417, just started
1355417:C 05 Jan 2024 22:22:58.629 * Configuration loaded
1355417:M 05 Jan 2024 22:22:58.629 * monotonic clock: POSIX clock_gettime
1355417:M 05 Jan 2024 22:22:58.630 * Running mode=standalone, port=5022.
1355417:M 05 Jan 2024 22:22:58.636 * <raft> RedisRaft version 255.255.255 [b779b199]
1355417:M 05 Jan 2024 22:22:58.641 * <raft> Initializing test network
1355417:M 05 Jan 2024 22:22:58.642 * <raft> Created test network client
1355417:M 05 Jan 2024 22:22:58.646 * <raft> Raft module loaded, state is 'loading'
1355417:M 05 Jan 2024 22:22:58.646 * Module 'raft' loaded from /home/snagendra/Fuzzing/redisraft-fuzzing/redisraft.so
1355417:M 05 Jan 2024 22:22:58.646 * Server initialized
1355417:M 05 Jan 2024 22:22:58.646 . The AOF directory appendonlydir doesn't exist
1355417:M 05 Jan 2024 22:22:58.646 * Ready to accept connections tcp
1355417:M 05 Jan 2024 22:22:58.646 . 0 clients connected (0 replicas), 1746720 bytes in use
1355417:M 05 Jan 2024 22:22:58.746 * <raft> Loading: Redis loading complete, snapshot NOT LOADED
1355417:M 05 Jan 2024 22:22:58.747 * <raft> Cluster Membership: term:0 index:0 nodes: id=2,voting=0,active=1,addr=-
1355417:M 05 Jan 2024 22:22:58.747 * <raft> Test network starting message polling thread
1355417:M 05 Jan 2024 22:22:58.747 * <raft> Cluster Membership: term:0 index:5 nodes: id=2,voting=0,active=1,addr=- id=1,voting=1,active=1,addr=localhost:5021
1355417:M 05 Jan 2024 22:22:58.748 * <raft> Cluster Membership: term:0 index:5 nodes: id=2,voting=0,active=1,addr=- id=1,voting=1,active=1,addr=localhost:5021 id=3,voting=0,active=1,addr=localhost:5023
1355417:M 05 Jan 2024 22:22:58.748 * <raft> Raft state after loading log: log_count=5, first_idx=1, current_idx=5, last_applied_idx=0
1355417:M 05 Jan 2024 22:22:58.748 . <raft> Raft term=1, vote=-1
1355417:M 05 Jan 2024 22:22:59.450 * <raft> State change: Election starting, node is now a pre-candidate, term 1
1355417:M 05 Jan 2024 22:22:59.450 * <raft> Cluster Membership: term:1 index:5 nodes: id=2,voting=1,active=1,addr=- id=1,voting=1,active=1,addr=localhost:5021 id=3,voting=0,active=1,addr=localhost:5023
1355417:M 05 Jan 2024 22:22:59.553 * <raft> State change: Node is now a follower, term 1
1355417:M 05 Jan 2024 22:22:59.553 * <raft> Cluster Membership: term:1 index:5 nodes: id=2,voting=1,active=1,addr=- id=1,voting=1,active=1,addr=localhost:5021 id=3,voting=0,active=1,addr=localhost:5023
1355417:signal-handler (1704489779) Received SIGINT scheduling shutdown...
1355417:signal-handler (1704489779) You insist... exiting now.

----- Stderr -----
libgcov profiling error:/home/snagendra/Fuzzing/redisraft-fuzzing/build/deps/raft/CMakeFiles/raft.dir/src/raft_server.c.gcda:Merge mismatch for function 63
libgcov profiling error:/home/snagendra/Fuzzing/redisraft-fuzzing/build/deps/raft/CMakeFiles/raft.dir/src/raft_server.c.gcda:Merge mismatch for function 63
libgcov profiling error:/home/snagendra/Fuzzing/redisraft-fuzzing/build/deps/raft/CMakeFiles/raft.dir/src/raft_server.c.gcda:Merge mismatch for function 63




logs for node: 3

----- Stdout -----
1354671:C 05 Jan 2024 22:22:56.672 # WARNING Memory overcommit must be enabled! Without it, a background save or replication may fail under low memory condition. Being disabled, it can also cause failures without low memory condition, see https://github.com/jemalloc/jemalloc/issues/1328. To fix this issue add 'vm.overcommit_memory = 1' to /etc/sysctl.conf and then reboot or run the command 'sysctl vm.overcommit_memory=1' for this to take effect.
1354671:C 05 Jan 2024 22:22:56.672 * oO0OoO0OoO0Oo Redis is starting oO0OoO0OoO0Oo
1354671:C 05 Jan 2024 22:22:56.672 * Redis version=255.255.255, bits=64, commit=e04ebdb8, modified=1, pid=1354671, just started
1354671:C 05 Jan 2024 22:22:56.672 * Configuration loaded
1354671:M 05 Jan 2024 22:22:56.673 * monotonic clock: POSIX clock_gettime
1354671:M 05 Jan 2024 22:22:56.673 * Running mode=standalone, port=5023.
1354671:M 05 Jan 2024 22:22:56.680 * <raft> RedisRaft version 255.255.255 [b779b199]
1354671:M 05 Jan 2024 22:22:56.685 * <raft> Initializing test network
1354671:M 05 Jan 2024 22:22:56.686 * <raft> Created test network client
1354671:M 05 Jan 2024 22:22:56.687 * <raft> Raft module loaded, state is 'uninitialized'
1354671:M 05 Jan 2024 22:22:56.687 * Module 'raft' loaded from /home/snagendra/Fuzzing/redisraft-fuzzing/redisraft.so
1354671:M 05 Jan 2024 22:22:56.687 * Server initialized
1354671:M 05 Jan 2024 22:22:56.688 . The AOF directory appendonlydir doesn't exist
1354671:M 05 Jan 2024 22:22:56.688 * Ready to accept connections tcp
1354671:M 05 Jan 2024 22:22:56.688 . 0 clients connected (0 replicas), 1726352 bytes in use
1354671:M 05 Jan 2024 22:22:56.690 - Accepted 127.0.0.1:46844
1354671:M 05 Jan 2024 22:22:56.690 # Missing implement of connection type tls
1354671:M 05 Jan 2024 22:22:56.787 - <raft> join cluster, connecting to localhost:5021
1354671:M 05 Jan 2024 22:22:56.789 * <raft> Joined Raft cluster, node id: 3, dbid: 2943d72efb42dc9439f0e2987fe0bfe3
1354671:M 05 Jan 2024 22:22:56.795 * <raft> Cluster Membership: term:0 index:0 nodes: id=3,voting=0,active=1,addr=-
1354671:M 05 Jan 2024 22:22:56.796 * <raft> Test network starting message polling thread
1354671:signal-handler (1704489776) Received SIGINT scheduling shutdown...
1354671:M 05 Jan 2024 22:22:56.834 - Accepted 127.0.0.1:46846
1355443:C 05 Jan 2024 22:22:58.659 # WARNING Memory overcommit must be enabled! Without it, a background save or replication may fail under low memory condition. Being disabled, it can also cause failures without low memory condition, see https://github.com/jemalloc/jemalloc/issues/1328. To fix this issue add 'vm.overcommit_memory = 1' to /etc/sysctl.conf and then reboot or run the command 'sysctl vm.overcommit_memory=1' for this to take effect.
1355443:C 05 Jan 2024 22:22:58.659 * oO0OoO0OoO0Oo Redis is starting oO0OoO0OoO0Oo
1355443:C 05 Jan 2024 22:22:58.659 * Redis version=255.255.255, bits=64, commit=e04ebdb8, modified=1, pid=1355443, just started
1355443:C 05 Jan 2024 22:22:58.659 * Configuration loaded
1355443:M 05 Jan 2024 22:22:58.660 * monotonic clock: POSIX clock_gettime
1355443:M 05 Jan 2024 22:22:58.660 * Running mode=standalone, port=5023.
1355443:M 05 Jan 2024 22:22:58.667 * <raft> RedisRaft version 255.255.255 [b779b199]
1355443:M 05 Jan 2024 22:22:58.672 * <raft> Initializing test network
1355443:M 05 Jan 2024 22:22:58.673 * <raft> Created test network client
1355443:M 05 Jan 2024 22:22:58.673 * <raft> Raft module loaded, state is 'uninitialized'
1355443:M 05 Jan 2024 22:22:58.673 * Module 'raft' loaded from /home/snagendra/Fuzzing/redisraft-fuzzing/redisraft.so
1355443:M 05 Jan 2024 22:22:58.673 * Server initialized
1355443:M 05 Jan 2024 22:22:58.673 . The AOF directory appendonlydir doesn't exist
1355443:M 05 Jan 2024 22:22:58.673 * Ready to accept connections tcp
1355443:M 05 Jan 2024 22:22:58.674 . 0 clients connected (0 replicas), 1726224 bytes in use
1355443:M 05 Jan 2024 22:22:58.748 - Accepted 127.0.0.1:47112
1355443:M 05 Jan 2024 22:22:58.748 # Missing implement of connection type tls
1355443:signal-handler (1704489778) Received SIGINT scheduling shutdown...
1355443:M 05 Jan 2024 22:22:58.774 * User requested shutdown...
1355443:M 05 Jan 2024 22:22:58.774 # Redis is now ready to exit, bye bye...
1355663:C 05 Jan 2024 22:22:59.311 # WARNING Memory overcommit must be enabled! Without it, a background save or replication may fail under low memory condition. Being disabled, it can also cause failures without low memory condition, see https://github.com/jemalloc/jemalloc/issues/1328. To fix this issue add 'vm.overcommit_memory = 1' to /etc/sysctl.conf and then reboot or run the command 'sysctl vm.overcommit_memory=1' for this to take effect.
1355663:C 05 Jan 2024 22:22:59.311 * oO0OoO0OoO0Oo Redis is starting oO0OoO0OoO0Oo
1355663:C 05 Jan 2024 22:22:59.311 * Redis version=255.255.255, bits=64, commit=e04ebdb8, modified=1, pid=1355663, just started
1355663:C 05 Jan 2024 22:22:59.311 * Configuration loaded
1355663:M 05 Jan 2024 22:22:59.311 * monotonic clock: POSIX clock_gettime
1355663:M 05 Jan 2024 22:22:59.312 * Running mode=standalone, port=5023.
1355663:M 05 Jan 2024 22:22:59.318 * <raft> RedisRaft version 255.255.255 [b779b199]
1355663:M 05 Jan 2024 22:22:59.323 * <raft> Initializing test network
1355663:M 05 Jan 2024 22:22:59.324 * <raft> Created test network client
1355663:M 05 Jan 2024 22:22:59.324 * <raft> Raft module loaded, state is 'uninitialized'
1355663:M 05 Jan 2024 22:22:59.324 * Module 'raft' loaded from /home/snagendra/Fuzzing/redisraft-fuzzing/redisraft.so
1355663:M 05 Jan 2024 22:22:59.324 * Server initialized
1355663:M 05 Jan 2024 22:22:59.324 . The AOF directory appendonlydir doesn't exist
1355663:M 05 Jan 2024 22:22:59.324 * Ready to accept connections tcp
1355663:M 05 Jan 2024 22:22:59.325 . 0 clients connected (0 replicas), 1726192 bytes in use
1355663:M 05 Jan 2024 22:22:59.352 - Accepted 127.0.0.1:47186
1355663:M 05 Jan 2024 22:22:59.352 # Missing implement of connection type tls
1355663:M 05 Jan 2024 22:22:59.630 - Client closed connection id=8 addr=127.0.0.1:47186 laddr=127.0.0.1:5023 fd=9 name= age=0 idle=0 flags=N db=0 sub=0 psub=0 ssub=0 multi=-1 qbuf=0 qbuf-free=20474 argv-mem=0 multi-mem=0 rbs=1024 rbp=0 obl=0 oll=0 omem=0 tot-mem=22400 events=r cmd=auth user=default redir=-1 resp=2 lib-name= lib-ver=
1355663:signal-handler (1704489780) Received SIGINT scheduling shutdown...
1355663:signal-handler (1704489780) You insist... exiting now.

----- Stderr -----
libgcov profiling error:/home/snagendra/Fuzzing/redisraft-fuzzing/build/deps/raft/CMakeFiles/raft.dir/src/raft_server.c.gcda:Merge mismatch for function 63
libgcov profiling error:/home/snagendra/Fuzzing/redisraft-fuzzing/build/deps/raft/CMakeFiles/raft.dir/src/raft_server.c.gcda:Merge mismatch for function 63



