logs for node: 3

----- Stdout -----
2080426:C 02 Jan 2024 01:52:17.098 # WARNING Memory overcommit must be enabled! Without it, a background save or replication may fail under low memory condition. Being disabled, it can also cause failures without low memory condition, see https://github.com/jemalloc/jemalloc/issues/1328. To fix this issue add 'vm.overcommit_memory = 1' to /etc/sysctl.conf and then reboot or run the command 'sysctl vm.overcommit_memory=1' for this to take effect.
2080426:C 02 Jan 2024 01:52:17.098 * oO0OoO0OoO0Oo Redis is starting oO0OoO0OoO0Oo
2080426:C 02 Jan 2024 01:52:17.098 * Redis version=255.255.255, bits=64, commit=e04ebdb8, modified=1, pid=2080426, just started
2080426:C 02 Jan 2024 01:52:17.098 * Configuration loaded
2080426:M 02 Jan 2024 01:52:17.098 * monotonic clock: POSIX clock_gettime
2080426:M 02 Jan 2024 01:52:17.099 * Running mode=standalone, port=5023.
2080426:M 02 Jan 2024 01:52:17.106 * <raft> RedisRaft version 255.255.255 [b779b199]
2080426:M 02 Jan 2024 01:52:17.111 * <raft> Initializing test network
2080426:M 02 Jan 2024 01:52:17.112 * <raft> Created test network client
2080426:M 02 Jan 2024 01:52:17.112 * <raft> Raft module loaded, state is 'uninitialized'
2080426:M 02 Jan 2024 01:52:17.112 * Module 'raft' loaded from /home/snagendra/Fuzzing/redisraft-fuzzing/redisraft.so
2080426:M 02 Jan 2024 01:52:17.113 * Server initialized
2080426:M 02 Jan 2024 01:52:17.114 . The AOF directory appendonlydir doesn't exist
2080426:M 02 Jan 2024 01:52:17.114 * Ready to accept connections tcp
2080426:M 02 Jan 2024 01:52:17.114 . 0 clients connected (0 replicas), 1726096 bytes in use
2080426:M 02 Jan 2024 01:52:17.142 - Accepted 127.0.0.1:43142
2080426:M 02 Jan 2024 01:52:17.142 # Missing implement of connection type tls
2080426:M 02 Jan 2024 01:52:17.213 - <raft> join cluster, connecting to localhost:5021
2080426:M 02 Jan 2024 01:52:17.215 * <raft> Joined Raft cluster, node id: 3, dbid: 84c536dcbb0d976b6f14719555d7e513
2080426:M 02 Jan 2024 01:52:17.221 * <raft> Cluster Membership: term:0 index:0 nodes: id=3,voting=0,active=1,addr=-
2080426:M 02 Jan 2024 01:52:17.221 * <raft> Test network starting message polling thread
2080426:M 02 Jan 2024 01:52:17.256 - Accepted 127.0.0.1:43152
2080426:M 02 Jan 2024 01:52:17.483 - Client closed connection id=9 addr=127.0.0.1:43152 laddr=127.0.0.1:5023 fd=10 name= age=0 idle=0 flags=N db=0 sub=0 psub=0 ssub=0 multi=-1 qbuf=0 qbuf-free=20474 argv-mem=0 multi-mem=0 rbs=1024 rbp=0 obl=0 oll=0 omem=0 tot-mem=22400 events=r cmd=auth user=default redir=-1 resp=2 lib-name= lib-ver=
2080426:M 02 Jan 2024 01:52:17.815 * <raft> State change: Election starting, node is now a pre-candidate, term 1
2080426:M 02 Jan 2024 01:52:17.815 * <raft> Cluster Membership: term:1 index:0 nodes: id=3,voting=0,active=1,addr=-
2080426:signal-handler (1704156737) Received SIGINT scheduling shutdown...
2080426:signal-handler (1704156737) You insist... exiting now.
2081414:C 02 Jan 2024 01:52:19.309 # WARNING Memory overcommit must be enabled! Without it, a background save or replication may fail under low memory condition. Being disabled, it can also cause failures without low memory condition, see https://github.com/jemalloc/jemalloc/issues/1328. To fix this issue add 'vm.overcommit_memory = 1' to /etc/sysctl.conf and then reboot or run the command 'sysctl vm.overcommit_memory=1' for this to take effect.
2081414:C 02 Jan 2024 01:52:19.309 * oO0OoO0OoO0Oo Redis is starting oO0OoO0OoO0Oo
2081414:C 02 Jan 2024 01:52:19.309 * Redis version=255.255.255, bits=64, commit=e04ebdb8, modified=1, pid=2081414, just started
2081414:C 02 Jan 2024 01:52:19.309 * Configuration loaded
2081414:M 02 Jan 2024 01:52:19.310 * monotonic clock: POSIX clock_gettime
2081414:M 02 Jan 2024 01:52:19.310 * Running mode=standalone, port=5023.
2081414:M 02 Jan 2024 01:52:19.317 * <raft> RedisRaft version 255.255.255 [b779b199]
2081414:M 02 Jan 2024 01:52:19.322 * <raft> Initializing test network
2081414:M 02 Jan 2024 01:52:19.323 * <raft> Created test network client
2081414:M 02 Jan 2024 01:52:19.326 * <raft> Raft module loaded, state is 'loading'
2081414:M 02 Jan 2024 01:52:19.326 * Module 'raft' loaded from /home/snagendra/Fuzzing/redisraft-fuzzing/redisraft.so
2081414:M 02 Jan 2024 01:52:19.327 * Server initialized
2081414:M 02 Jan 2024 01:52:19.327 . The AOF directory appendonlydir doesn't exist
2081414:M 02 Jan 2024 01:52:19.327 * Ready to accept connections tcp
2081414:M 02 Jan 2024 01:52:19.327 . 0 clients connected (0 replicas), 1746720 bytes in use
2081414:M 02 Jan 2024 01:52:19.376 - Accepted 127.0.0.1:43258
2081414:M 02 Jan 2024 01:52:19.376 # Missing implement of connection type tls
2081414:M 02 Jan 2024 01:52:19.426 * <raft> Loading: Redis loading complete, snapshot NOT LOADED
2081414:M 02 Jan 2024 01:52:19.427 * <raft> Cluster Membership: term:0 index:0 nodes: id=3,voting=0,active=1,addr=-
2081414:M 02 Jan 2024 01:52:19.427 * <raft> Test network starting message polling thread


=== REDIS BUG REPORT START: Cut & paste starting from here ===
2081414:M 02 Jan 2024 01:52:19.427 # Redis 255.255.255 crashed by signal: 6, si_code: -6
2081414:M 02 Jan 2024 01:52:19.427 # Crashed running the instruction at: 0x7f6624f26d3c

------ STACK TRACE ------
EIP:
/lib/x86_64-linux-gnu/libc.so.6(+0x8ad3c)[0x7f6624f26d3c]

Backtrace:
/lib/x86_64-linux-gnu/libc.so.6(+0x3bfd0)[0x7f6624ed7fd0]
/lib/x86_64-linux-gnu/libc.so.6(+0x8ad3c)[0x7f6624f26d3c]
/lib/x86_64-linux-gnu/libc.so.6(gsignal+0x12)[0x7f6624ed7f32]
/lib/x86_64-linux-gnu/libc.so.6(abort+0xd3)[0x7f6624ec2472]
/lib/x86_64-linux-gnu/libc.so.6(+0x26395)[0x7f6624ec2395]
/lib/x86_64-linux-gnu/libc.so.6(+0x34e32)[0x7f6624ed0e32]
/home/snagendra/Fuzzing/redisraft-fuzzing/redisraft.so(+0x3caea)[0x7f6624e4baea]
/home/snagendra/Fuzzing/redisraft-fuzzing/redisraft.so(callRaftPeriodic+0x478)[0x7f6624e3c088]
/home/snagendra/Fuzzing/redis/src/redis-server 0.0.0.0:5023(moduleTimerHandler+0x21c)[0x55866021c98c]
/home/snagendra/Fuzzing/redis/src/redis-server 0.0.0.0:5023(+0x81705)[0x558660126705]
/home/snagendra/Fuzzing/redis/src/redis-server 0.0.0.0:5023(aeMain+0x1c8)[0x558660130cb8]
/home/snagendra/Fuzzing/redis/src/redis-server 0.0.0.0:5023(main+0x3cd)[0x558660125e2d]
/lib/x86_64-linux-gnu/libc.so.6(+0x271ca)[0x7f6624ec31ca]
/lib/x86_64-linux-gnu/libc.so.6(__libc_start_main+0x85)[0x7f6624ec3285]
/home/snagendra/Fuzzing/redis/src/redis-server 0.0.0.0:5023(_start+0x2a)[0x5586601265aa]

------ REGISTERS ------
2081414:M 02 Jan 2024 01:52:19.428 # 
RAX:0000000000000000 RBX:00000000001fc286
RCX:00007f6624f26d3c RDX:0000000000000006
RDI:00000000001fc286 RSI:00000000001fc286
RBP:00007f6624e981c0 RSP:00007fffc95a1620
R8 :0000000000000007 R9 :0000558661241820
R10:0000000000000008 R11:0000000000000246
R12:0000000000000006 R13:00000000000006a6
R14:00007f6624e7805c R15:000055866021b2b0
RIP:00007f6624f26d3c EFL:0000000000000246
CSGSFS:002b000000000033
2081414:M 02 Jan 2024 01:52:19.428 # (00007fffc95a162f) -> 00005586612418d0
2081414:M 02 Jan 2024 01:52:19.428 # (00007fffc95a162e) -> 00007f662506ec60
2081414:M 02 Jan 2024 01:52:19.428 # (00007fffc95a162d) -> 00000000000002b1
2081414:M 02 Jan 2024 01:52:19.428 # (00007fffc95a162c) -> 0000558661241820
2081414:M 02 Jan 2024 01:52:19.428 # (00007fffc95a162b) -> 00000000000006a6
2081414:M 02 Jan 2024 01:52:19.428 # (00007fffc95a162a) -> 0000000000000020
2081414:M 02 Jan 2024 01:52:19.428 # (00007fffc95a1629) -> 00007f6624ec2472
2081414:M 02 Jan 2024 01:52:19.428 # (00007fffc95a1628) -> 00007f662506fe70
2081414:M 02 Jan 2024 01:52:19.428 # (00007fffc95a1627) -> 00007f6624ed7f32
2081414:M 02 Jan 2024 01:52:19.428 # (00007fffc95a1626) -> 00007f6624e7805c
2081414:M 02 Jan 2024 01:52:19.428 # (00007fffc95a1625) -> 00000000000006a6
2081414:M 02 Jan 2024 01:52:19.428 # (00007fffc95a1624) -> 00007f6624e77720
2081414:M 02 Jan 2024 01:52:19.428 # (00007fffc95a1623) -> 00007f6624e981c0
2081414:M 02 Jan 2024 01:52:19.428 # (00007fffc95a1622) -> 0000000000000006
2081414:M 02 Jan 2024 01:52:19.428 # (00007fffc95a1621) -> 8a64299ba2bb6c00
2081414:M 02 Jan 2024 01:52:19.428 # (00007fffc95a1620) -> 000055866021b2b0

------ INFO OUTPUT ------
# Server
redis_version:255.255.255
redis_git_sha1:e04ebdb8
redis_git_dirty:1
redis_build_id:1f78dcc7b4fbdd25
redis_mode:standalone
os:Linux 6.1.60.1.amd64-smp x86_64
arch_bits:64
monotonic_clock:POSIX clock_gettime
multiplexing_api:epoll
atomicvar_api:c11-builtin
gcc_version:10.2.1
process_id:2081414
process_supervised:no
run_id:1486c65b217e2dd76d7bc312f08c6bba5e0a9b09
tcp_port:5023
server_time_usec:1704156739426947
uptime_in_seconds:0
uptime_in_days:0
hz:10
configured_hz:10
lru_clock:9657923
executable:/home/snagendra/Fuzzing/redis/src/redis-server
config_file:
io_threads_active:0
listener0:name=tcp,bind=0.0.0.0,port=5023

# Clients
connected_clients:1
cluster_connections:0
maxclients:10000
client_recent_max_input_buffer:0
client_recent_max_output_buffer:0
blocked_clients:0
tracking_clients:0
clients_in_timeout_table:0
total_blocking_keys:0
total_blocking_keys_on_nokey:0

# Memory
used_memory:1816928
used_memory_human:1.73M
used_memory_rss:17887232
used_memory_rss_human:17.06M
used_memory_peak:1816928
used_memory_peak_human:1.73M
used_memory_peak_perc:100.39%
used_memory_overhead:1746760
used_memory_startup:1746576
used_memory_dataset:70168
used_memory_dataset_perc:99.74%
allocator_allocated:2083928
allocator_active:2637824
allocator_resident:10788864
total_system_memory:270388695040
total_system_memory_human:251.82G
used_memory_lua:31744
used_memory_vm_eval:31744
used_memory_lua_human:31.00K
used_memory_scripts_eval:0
number_of_cached_scripts:0
number_of_functions:0
number_of_libraries:0
used_memory_vm_functions:32768
used_memory_vm_total:64512
used_memory_vm_total_human:63.00K
used_memory_functions:184
used_memory_scripts:184
used_memory_scripts_human:184B
maxmemory:0
maxmemory_human:0B
maxmemory_policy:noeviction
allocator_frag_ratio:1.27
allocator_frag_bytes:553896
allocator_rss_ratio:4.09
allocator_rss_bytes:8151040
rss_overhead_ratio:1.66
rss_overhead_bytes:7098368
mem_fragmentation_ratio:10.24
mem_fragmentation_bytes:16140512
mem_not_counted_for_evict:0
mem_replication_backlog:0
mem_total_replication_buffers:0
mem_clients_slaves:0
mem_clients_normal:0
mem_cluster_links:0
mem_aof_buffer:0
mem_allocator:jemalloc-5.3.0
active_defrag_running:0
lazyfree_pending_objects:0
lazyfreed_objects:0

# Persistence
loading:0
async_loading:0
current_cow_peak:0
current_cow_size:0
current_cow_size_age:0
current_fork_perc:0.00
current_save_keys_processed:0
current_save_keys_total:0
rdb_changes_since_last_save:0
rdb_bgsave_in_progress:0
rdb_last_save_time:1704156739
rdb_last_bgsave_status:ok
rdb_last_bgsave_time_sec:-1
rdb_current_bgsave_time_sec:-1
rdb_saves:0
rdb_last_cow_size:0
rdb_last_load_keys_expired:0
rdb_last_load_keys_loaded:0
aof_enabled:0
aof_rewrite_in_progress:0
aof_rewrite_scheduled:0
aof_last_rewrite_time_sec:-1
aof_current_rewrite_time_sec:-1
aof_last_bgrewrite_status:ok
aof_rewrites:0
aof_rewrites_consecutive_failures:0
aof_last_write_status:ok
aof_last_cow_size:0
module_fork_in_progress:0
module_fork_last_cow_size:0

# Stats
total_connections_received:1
total_commands_processed:7
instantaneous_ops_per_sec:22
total_net_input_bytes:33
total_net_output_bytes:5
total_net_repl_input_bytes:0
total_net_repl_output_bytes:0
instantaneous_input_kbps:0.00
instantaneous_output_kbps:0.00
instantaneous_input_repl_kbps:0.00
instantaneous_output_repl_kbps:0.00
rejected_connections:0
sync_full:0
sync_partial_ok:0
sync_partial_err:0
expired_keys:0
expired_stale_perc:0.00
expired_time_cap_reached_count:0
expire_cycle_cpu_milliseconds:0
evicted_keys:0
evicted_clients:0
total_eviction_exceeded_time:0
current_eviction_exceeded_time:0
keyspace_hits:0
keyspace_misses:0
pubsub_channels:0
pubsub_patterns:0
pubsubshard_channels:0
latest_fork_usec:0
total_forks:0
migrate_cached_sockets:0
slave_expires_tracked_keys:0
active_defrag_hits:0
active_defrag_misses:0
active_defrag_key_hits:0
active_defrag_key_misses:0
total_active_defrag_time:0
current_active_defrag_time:0
tracking_total_keys:0
tracking_total_items:0
tracking_total_prefixes:0
unexpected_error_replies:0
total_error_replies:0
dump_payload_sanitizations:0
total_reads_processed:1
total_writes_processed:1
io_threaded_reads_processed:0
io_threaded_writes_processed:0
reply_buffer_shrinks:0
reply_buffer_expands:0
acl_access_denied_auth:0
acl_access_denied_cmd:0
acl_access_denied_key:0
acl_access_denied_channel:0

# Replication
role:master
connected_slaves:0
master_failover_state:no-failover
master_replid:e136f206d4af773f4fd3e69773863b1bf89d3677
master_replid2:0000000000000000000000000000000000000000
master_repl_offset:0
second_repl_offset:-1
repl_backlog_active:0
repl_backlog_size:1048576
repl_backlog_first_byte_offset:0
repl_backlog_histlen:0

# CPU
used_cpu_sys:0.004173
used_cpu_user:0.014320
used_cpu_sys_children:0.000000
used_cpu_user_children:0.000000
used_cpu_sys_main_thread:0.004530
used_cpu_user_main_thread:0.013592

# Modules
module:name=raft,ver=1,api=1,filters=1,usedby=[],using=[],options=[]

# Commandstats
cmdstat_auth:calls=1,usec=1,usec_per_call=1.00,rejected_calls=0,failed_calls=0
cmdstat_command:calls=2,usec=1640,usec_per_call=820.00,rejected_calls=0,failed_calls=0
cmdstat_config|get:calls=3,usec=5,usec_per_call=1.67,rejected_calls=0,failed_calls=0
cmdstat_config|set:calls=1,usec=12,usec_per_call=12.00,rejected_calls=0,failed_calls=0

# Errorstats

# Latencystats
latency_percentiles_usec_auth:p50=1.003,p99=1.003,p99.9=1.003
latency_percentiles_usec_command:p50=774.143,p99=868.351,p99.9=868.351
latency_percentiles_usec_config|get:p50=2.007,p99=2.007,p99.9=2.007
latency_percentiles_usec_config|set:p50=12.031,p99=12.031,p99.9=12.031

# Cluster
cluster_enabled:0

# Keyspace

------ CLIENT LIST OUTPUT ------
id=8 addr=127.0.0.1:43258 laddr=127.0.0.1:5023 fd=11 name= age=0 idle=0 flags=N db=0 sub=0 psub=0 ssub=0 multi=-1 qbuf=0 qbuf-free=20474 argv-mem=0 multi-mem=0 rbs=16384 rbp=16384 obl=0 oll=0 omem=0 tot-mem=37760 events=r cmd=auth user=default redir=-1 resp=2 lib-name= lib-ver=

------ MODULES INFO OUTPUT ------
# raft_version
raft_version:255.255.255
raft_git_sha1:b779b199

# raft_general
raft_dbid:84c536dcbb0d976b6f14719555d7e513
raft_node_id:3
raft_state:up
raft_role:follower
raft_is_voting:no
raft_voted_for:-1
raft_leader_id:-1
raft_current_term:0
raft_num_nodes:1
raft_num_voting_nodes:0

# raft_log
raft_log_entries:0
raft_current_index:0
raft_commit_index:0
raft_last_applied_index:0
raft_file_size:99
raft_cache_memory_size:0
raft_cache_entries:0
raft_client_attached_entries:0
raft_fsync_count:0
raft_fsync_max_microseconds:0
raft_fsync_avg_microseconds:0

# raft_snapshot
raft_snapshot_filename:redis3.rdb
raft_snapshot_last_idx:0
raft_snapshot_last_term:0
raft_snapshot_size:0
raft_snapshot_time_secs:-1
raft_snapshots_created:0
raft_snapshots_received:0
raft_snapshot_in_progress:no
raft_snapshot_in_progress_last_idx:-1
raft_snapshot_in_progress_last_term:-1

# raft_clients
raft_proxy_reqs:0
raft_proxy_failed_reqs:0
raft_proxy_failed_responses:0
raft_proxy_outstanding_reqs:0

# raft_stats
raft_appendreq_received:0
raft_appendreq_with_entry_received:0
raft_snapshotreq_received:0
raft_exec_throttled:0
raft_num_sessions:0

------ CONFIG DEBUG OUTPUT ------
client-query-buffer-limit 1gb
sanitize-dump-payload no
io-threads-do-reads no
list-compress-depth 0
lazyfree-lazy-expire no
proto-max-bulk-len 512mb
lazyfree-lazy-user-del no
replica-read-only yes
lazyfree-lazy-eviction no
slave-read-only yes
repl-diskless-load disabled
lazyfree-lazy-server-del no
lazyfree-lazy-user-flush no
repl-diskless-sync yes
io-threads 1
activedefrag no

------ FAST MEMORY TEST ------
2081414:M 02 Jan 2024 01:52:19.428 # Bio worker thread #0 terminated
2081414:M 02 Jan 2024 01:52:19.428 # Bio worker thread #1 terminated
2081414:M 02 Jan 2024 01:52:19.428 # Bio worker thread #2 terminated
*** Preparing to test memory region 5586603fc000 (2273280 bytes)
*** Preparing to test memory region 5586611ec000 (405504 bytes)
*** Preparing to test memory region 7f6617fff000 (8388608 bytes)
*** Preparing to test memory region 7f6618800000 (8388608 bytes)
*** Preparing to test memory region 7f6619000000 (6291456 bytes)
*** Preparing to test memory region 7f66197fc000 (8388608 bytes)
*** Preparing to test memory region 7f6619ffd000 (8388608 bytes)
*** Preparing to test memory region 7f661a7fe000 (8388608 bytes)
*** Preparing to test memory region 7f661afff000 (8388608 bytes)
*** Preparing to test memory region 7f661b800000 (8388608 bytes)
*** Preparing to test memory region 7f661c000000 (135168 bytes)
*** Preparing to test memory region 7f66203fc000 (8388608 bytes)
*** Preparing to test memory region 7f6620bfd000 (8388608 bytes)
*** Preparing to test memory region 7f66213fe000 (8388608 bytes)
*** Preparing to test memory region 7f6621bff000 (8388608 bytes)
*** Preparing to test memory region 7f6622400000 (8388608 bytes)
*** Preparing to test memory region 7f6622c00000 (2621440 bytes)
*** Preparing to test memory region 7f6622e8f000 (8192 bytes)
*** Preparing to test memory region 7f662347f000 (12288 bytes)
*** Preparing to test memory region 7f6623a18000 (16384 bytes)
*** Preparing to test memory region 7f6623bb6000 (8192 bytes)
*** Preparing to test memory region 7f6623d2d000 (4096 bytes)
*** Preparing to test memory region 7f6623dff000 (4096 bytes)
*** Preparing to test memory region 7f6624600000 (8388608 bytes)
*** Preparing to test memory region 7f6624e00000 (8192 bytes)
*** Preparing to test memory region 7f6624e91000 (45056 bytes)
*** Preparing to test memory region 7f6625070000 (53248 bytes)
*** Preparing to test memory region 7f662518d000 (8192 bytes)
.O.O.O.O.O.O.O.O.O.O.O.O.O.O.O.O.O.O.O.O.O.O.O.O.O.O.O.O
Fast memory test PASSED, however your memory can still be broken. Please run a memory test for several hours if possible.

------ DUMPING CODE AROUND EIP ------
Symbol: (null) (base: (nil))
Module: /lib/x86_64-linux-gnu/libc.so.6 (base 0x7f6624e9c000)
$ xxd -r -p /tmp/dump.hex /tmp/dump.bin
$ objdump --adjust-vma=(nil) -D -b binary -m i386:x86-64 /tmp/dump.bin
------

=== REDIS BUG REPORT END. Make sure to include from START to END. ===

       Please report the crash by opening an issue on github:

           http://github.com/redis/redis/issues

  If a Redis module was involved, please open in the module's repo instead.

  Suspect RAM error? Use redis-server --test-memory to verify it.

  Some other issues could be detected by redis-server --check-system

----- Stderr -----
libgcov profiling error:/home/snagendra/Fuzzing/redisraft-fuzzing/build/deps/raft/CMakeFiles/raft.dir/src/raft_server.c.gcda:Merge mismatch for function 60
redis-server: /home/snagendra/Fuzzing/redisraft-fuzzing/deps/raft/src/raft_server.c:1702: raft_get_first_entry_idx: Assertion `0 < raft_get_current_idx(me)' failed.




logs for node: 1

----- Stdout -----
2080307:C 02 Jan 2024 01:52:16.940 # WARNING Memory overcommit must be enabled! Without it, a background save or replication may fail under low memory condition. Being disabled, it can also cause failures without low memory condition, see https://github.com/jemalloc/jemalloc/issues/1328. To fix this issue add 'vm.overcommit_memory = 1' to /etc/sysctl.conf and then reboot or run the command 'sysctl vm.overcommit_memory=1' for this to take effect.
2080307:C 02 Jan 2024 01:52:16.940 * oO0OoO0OoO0Oo Redis is starting oO0OoO0OoO0Oo
2080307:C 02 Jan 2024 01:52:16.940 * Redis version=255.255.255, bits=64, commit=e04ebdb8, modified=1, pid=2080307, just started
2080307:C 02 Jan 2024 01:52:16.940 * Configuration loaded
2080307:M 02 Jan 2024 01:52:16.940 * monotonic clock: POSIX clock_gettime
2080307:M 02 Jan 2024 01:52:16.940 * Running mode=standalone, port=5021.
2080307:M 02 Jan 2024 01:52:16.947 * <raft> RedisRaft version 255.255.255 [b779b199]
2080307:M 02 Jan 2024 01:52:16.952 * <raft> Initializing test network
2080307:M 02 Jan 2024 01:52:16.953 * <raft> Created test network client
2080307:M 02 Jan 2024 01:52:16.953 * <raft> Raft module loaded, state is 'uninitialized'
2080307:M 02 Jan 2024 01:52:16.953 * Module 'raft' loaded from /home/snagendra/Fuzzing/redisraft-fuzzing/redisraft.so
2080307:M 02 Jan 2024 01:52:16.954 * Server initialized
2080307:M 02 Jan 2024 01:52:16.954 . The AOF directory appendonlydir doesn't exist
2080307:M 02 Jan 2024 01:52:16.955 * Ready to accept connections tcp
2080307:M 02 Jan 2024 01:52:16.955 - Accepted 127.0.0.1:55806
2080307:M 02 Jan 2024 01:52:16.955 # Missing implement of connection type tls
2080307:M 02 Jan 2024 01:52:16.955 . 1 clients connected (0 replicas), 1744024 bytes in use
2080307:M 02 Jan 2024 01:52:16.962 * <raft> Cluster Membership: term:0 index:0 nodes: id=1,voting=0,active=1,addr=-
2080307:M 02 Jan 2024 01:52:16.969 * <raft> State change: Node is now a leader, term 1
2080307:M 02 Jan 2024 01:52:16.969 * <raft> Cluster Membership: term:1 index:1 nodes: id=1,voting=0,active=1,addr=-
2080307:M 02 Jan 2024 01:52:16.970 * <raft> Test network starting message polling thread
2080307:M 02 Jan 2024 01:52:16.970 * <raft> Raft Cluster initialized, node id: 1, dbid: 84c536dcbb0d976b6f14719555d7e513
2080307:M 02 Jan 2024 01:52:17.087 - Accepted 127.0.0.1:55810
2080307:M 02 Jan 2024 01:52:17.088 * <raft> Cluster Membership: term:1 index:3 nodes: id=1,voting=1,active=1,addr=- id=2,voting=0,active=1,addr=localhost:5022
2080307:M 02 Jan 2024 01:52:17.095 - Client closed connection id=9 addr=127.0.0.1:55810 laddr=127.0.0.1:5021 fd=12 name= age=0 idle=0 flags=N db=0 sub=0 psub=0 ssub=0 multi=-1 qbuf=0 qbuf-free=20474 argv-mem=0 multi-mem=0 rbs=16384 rbp=16384 obl=0 oll=0 omem=0 tot-mem=37760 events=r cmd=raft.node user=default redir=-1 resp=2 lib-name= lib-ver=
2080307:M 02 Jan 2024 01:52:17.213 - Accepted 127.0.0.1:55820
2080307:M 02 Jan 2024 01:52:17.214 * <raft> Cluster Membership: term:1 index:4 nodes: id=1,voting=1,active=1,addr=- id=2,voting=0,active=1,addr=localhost:5022 id=3,voting=0,active=1,addr=localhost:5023
2080307:M 02 Jan 2024 01:52:17.221 - Client closed connection id=10 addr=127.0.0.1:55820 laddr=127.0.0.1:5021 fd=13 name= age=0 idle=0 flags=N db=0 sub=0 psub=0 ssub=0 multi=-1 qbuf=0 qbuf-free=20474 argv-mem=0 multi-mem=0 rbs=16384 rbp=16384 obl=0 oll=0 omem=0 tot-mem=37760 events=r cmd=raft.node user=default redir=-1 resp=2 lib-name= lib-ver=
2080307:signal-handler (1704156737) Received SIGINT scheduling shutdown...
2080307:signal-handler (1704156737) You insist... exiting now.
2080957:C 02 Jan 2024 01:52:18.097 # WARNING Memory overcommit must be enabled! Without it, a background save or replication may fail under low memory condition. Being disabled, it can also cause failures without low memory condition, see https://github.com/jemalloc/jemalloc/issues/1328. To fix this issue add 'vm.overcommit_memory = 1' to /etc/sysctl.conf and then reboot or run the command 'sysctl vm.overcommit_memory=1' for this to take effect.
2080957:C 02 Jan 2024 01:52:18.097 * oO0OoO0OoO0Oo Redis is starting oO0OoO0OoO0Oo
2080957:C 02 Jan 2024 01:52:18.097 * Redis version=255.255.255, bits=64, commit=e04ebdb8, modified=1, pid=2080957, just started
2080957:C 02 Jan 2024 01:52:18.097 * Configuration loaded
2080957:M 02 Jan 2024 01:52:18.097 * monotonic clock: POSIX clock_gettime
2080957:M 02 Jan 2024 01:52:18.098 * Running mode=standalone, port=5021.
2080957:M 02 Jan 2024 01:52:18.104 * <raft> RedisRaft version 255.255.255 [b779b199]
2080957:M 02 Jan 2024 01:52:18.109 * <raft> Initializing test network
2080957:M 02 Jan 2024 01:52:18.109 * <raft> Created test network client
2080957:M 02 Jan 2024 01:52:18.113 * <raft> Raft module loaded, state is 'loading'
2080957:M 02 Jan 2024 01:52:18.113 * Module 'raft' loaded from /home/snagendra/Fuzzing/redisraft-fuzzing/redisraft.so
2080957:M 02 Jan 2024 01:52:18.113 * Server initialized
2080957:M 02 Jan 2024 01:52:18.113 . The AOF directory appendonlydir doesn't exist
2080957:M 02 Jan 2024 01:52:18.113 * Ready to accept connections tcp
2080957:M 02 Jan 2024 01:52:18.113 . 0 clients connected (0 replicas), 1746720 bytes in use
2080957:M 02 Jan 2024 01:52:18.213 * <raft> Loading: Redis loading complete, snapshot NOT LOADED
2080957:M 02 Jan 2024 01:52:18.214 * <raft> Cluster Membership: term:0 index:0 nodes: id=1,voting=0,active=1,addr=-
2080957:M 02 Jan 2024 01:52:18.214 * <raft> Test network starting message polling thread
2080957:M 02 Jan 2024 01:52:18.214 * <raft> Cluster Membership: term:0 index:4 nodes: id=1,voting=1,active=1,addr=- id=2,voting=0,active=1,addr=localhost:5022
2080957:M 02 Jan 2024 01:52:18.215 * <raft> Cluster Membership: term:0 index:4 nodes: id=1,voting=1,active=1,addr=- id=2,voting=0,active=1,addr=localhost:5022 id=3,voting=0,active=1,addr=localhost:5023
2080957:M 02 Jan 2024 01:52:18.215 * <raft> Raft state after loading log: log_count=4, first_idx=1, current_idx=4, last_applied_idx=0
2080957:M 02 Jan 2024 01:52:18.215 . <raft> Raft term=1, vote=-1
2080957:M 02 Jan 2024 01:52:18.221 * <raft> State change: Node is now a leader, term 2
2080957:M 02 Jan 2024 01:52:18.222 * <raft> Cluster Membership: term:2 index:5 nodes: id=1,voting=1,active=1,addr=- id=2,voting=0,active=1,addr=localhost:5022 id=3,voting=0,active=1,addr=localhost:5023
2080957:M 02 Jan 2024 01:52:18.371 - Accepted 127.0.0.1:55822
2080957:M 02 Jan 2024 01:52:18.371 # Missing implement of connection type tls
2080957:signal-handler (1704156739) Received SIGINT scheduling shutdown...
2080957:signal-handler (1704156739) You insist... exiting now.
2081393:C 02 Jan 2024 01:52:19.248 # WARNING Memory overcommit must be enabled! Without it, a background save or replication may fail under low memory condition. Being disabled, it can also cause failures without low memory condition, see https://github.com/jemalloc/jemalloc/issues/1328. To fix this issue add 'vm.overcommit_memory = 1' to /etc/sysctl.conf and then reboot or run the command 'sysctl vm.overcommit_memory=1' for this to take effect.
2081393:C 02 Jan 2024 01:52:19.248 * oO0OoO0OoO0Oo Redis is starting oO0OoO0OoO0Oo
2081393:C 02 Jan 2024 01:52:19.248 * Redis version=255.255.255, bits=64, commit=e04ebdb8, modified=1, pid=2081393, just started
2081393:C 02 Jan 2024 01:52:19.248 * Configuration loaded
2081393:M 02 Jan 2024 01:52:19.249 * monotonic clock: POSIX clock_gettime
2081393:M 02 Jan 2024 01:52:19.249 * Running mode=standalone, port=5021.
2081393:M 02 Jan 2024 01:52:19.256 * <raft> RedisRaft version 255.255.255 [b779b199]
2081393:M 02 Jan 2024 01:52:19.261 * <raft> Initializing test network
2081393:M 02 Jan 2024 01:52:19.262 * <raft> Created test network client
2081393:M 02 Jan 2024 01:52:19.266 * <raft> Raft module loaded, state is 'loading'
2081393:M 02 Jan 2024 01:52:19.266 * Module 'raft' loaded from /home/snagendra/Fuzzing/redisraft-fuzzing/redisraft.so
2081393:M 02 Jan 2024 01:52:19.267 * Server initialized
2081393:M 02 Jan 2024 01:52:19.267 . The AOF directory appendonlydir doesn't exist
2081393:M 02 Jan 2024 01:52:19.267 * Ready to accept connections tcp
2081393:M 02 Jan 2024 01:52:19.267 . 0 clients connected (0 replicas), 1746624 bytes in use
2081393:M 02 Jan 2024 01:52:19.367 * <raft> Loading: Redis loading complete, snapshot NOT LOADED
2081393:M 02 Jan 2024 01:52:19.368 * <raft> Cluster Membership: term:0 index:0 nodes: id=1,voting=0,active=1,addr=-
2081393:M 02 Jan 2024 01:52:19.368 * <raft> Test network starting message polling thread
2081393:M 02 Jan 2024 01:52:19.368 * <raft> Cluster Membership: term:0 index:5 nodes: id=1,voting=1,active=1,addr=- id=2,voting=0,active=1,addr=localhost:5022
2081393:M 02 Jan 2024 01:52:19.368 * <raft> Cluster Membership: term:0 index:5 nodes: id=1,voting=1,active=1,addr=- id=2,voting=0,active=1,addr=localhost:5022 id=3,voting=0,active=1,addr=localhost:5023
2081393:M 02 Jan 2024 01:52:19.368 * <raft> Raft state after loading log: log_count=5, first_idx=1, current_idx=5, last_applied_idx=0
2081393:M 02 Jan 2024 01:52:19.368 . <raft> Raft term=2, vote=-1
2081393:M 02 Jan 2024 01:52:19.375 * <raft> State change: Node is now a leader, term 3
2081393:M 02 Jan 2024 01:52:19.376 * <raft> Cluster Membership: term:3 index:6 nodes: id=1,voting=1,active=1,addr=- id=2,voting=0,active=1,addr=localhost:5022 id=3,voting=0,active=1,addr=localhost:5023
2081393:signal-handler (1704156740) Received SIGINT scheduling shutdown...
2081393:signal-handler (1704156740) You insist... exiting now.
2081852:C 02 Jan 2024 01:52:20.307 # WARNING Memory overcommit must be enabled! Without it, a background save or replication may fail under low memory condition. Being disabled, it can also cause failures without low memory condition, see https://github.com/jemalloc/jemalloc/issues/1328. To fix this issue add 'vm.overcommit_memory = 1' to /etc/sysctl.conf and then reboot or run the command 'sysctl vm.overcommit_memory=1' for this to take effect.
2081852:C 02 Jan 2024 01:52:20.307 * oO0OoO0OoO0Oo Redis is starting oO0OoO0OoO0Oo
2081852:C 02 Jan 2024 01:52:20.307 * Redis version=255.255.255, bits=64, commit=e04ebdb8, modified=1, pid=2081852, just started
2081852:C 02 Jan 2024 01:52:20.307 * Configuration loaded
2081852:M 02 Jan 2024 01:52:20.307 * monotonic clock: POSIX clock_gettime
2081852:M 02 Jan 2024 01:52:20.308 * Running mode=standalone, port=5021.
2081852:M 02 Jan 2024 01:52:20.314 * <raft> RedisRaft version 255.255.255 [b779b199]
2081852:M 02 Jan 2024 01:52:20.318 * <raft> Initializing test network
2081852:M 02 Jan 2024 01:52:20.319 * <raft> Created test network client
2081852:M 02 Jan 2024 01:52:20.323 * <raft> Raft module loaded, state is 'loading'
2081852:M 02 Jan 2024 01:52:20.323 * Module 'raft' loaded from /home/snagendra/Fuzzing/redisraft-fuzzing/redisraft.so
2081852:M 02 Jan 2024 01:52:20.323 * Server initialized
2081852:M 02 Jan 2024 01:52:20.323 . The AOF directory appendonlydir doesn't exist
2081852:M 02 Jan 2024 01:52:20.323 * Ready to accept connections tcp
2081852:M 02 Jan 2024 01:52:20.323 . 0 clients connected (0 replicas), 1746720 bytes in use
2081852:signal-handler (1704156740) Received SIGINT scheduling shutdown...

----- Stderr -----
libgcov profiling error:/home/snagendra/Fuzzing/redisraft-fuzzing/build/deps/raft/CMakeFiles/raft.dir/src/raft_server.c.gcda:Merge mismatch for function 60
libgcov profiling error:/home/snagendra/Fuzzing/redisraft-fuzzing/build/deps/raft/CMakeFiles/raft.dir/src/raft_server.c.gcda:Merge mismatch for function 60
libgcov profiling error:/home/snagendra/Fuzzing/redisraft-fuzzing/build/deps/raft/CMakeFiles/raft.dir/src/raft_server.c.gcda:Merge mismatch for function 60




logs for node: 2

----- Stdout -----
2080338:C 02 Jan 2024 01:52:16.973 # WARNING Memory overcommit must be enabled! Without it, a background save or replication may fail under low memory condition. Being disabled, it can also cause failures without low memory condition, see https://github.com/jemalloc/jemalloc/issues/1328. To fix this issue add 'vm.overcommit_memory = 1' to /etc/sysctl.conf and then reboot or run the command 'sysctl vm.overcommit_memory=1' for this to take effect.
2080338:C 02 Jan 2024 01:52:16.973 * oO0OoO0OoO0Oo Redis is starting oO0OoO0OoO0Oo
2080338:C 02 Jan 2024 01:52:16.973 * Redis version=255.255.255, bits=64, commit=e04ebdb8, modified=1, pid=2080338, just started
2080338:C 02 Jan 2024 01:52:16.973 * Configuration loaded
2080338:M 02 Jan 2024 01:52:16.973 * monotonic clock: POSIX clock_gettime
2080338:M 02 Jan 2024 01:52:16.974 * Running mode=standalone, port=5022.
2080338:M 02 Jan 2024 01:52:16.980 * <raft> RedisRaft version 255.255.255 [b779b199]
2080338:M 02 Jan 2024 01:52:16.985 * <raft> Initializing test network
2080338:M 02 Jan 2024 01:52:16.986 * <raft> Created test network client
2080338:M 02 Jan 2024 01:52:16.986 * <raft> Raft module loaded, state is 'uninitialized'
2080338:M 02 Jan 2024 01:52:16.986 * Module 'raft' loaded from /home/snagendra/Fuzzing/redisraft-fuzzing/redisraft.so
2080338:M 02 Jan 2024 01:52:16.987 * Server initialized
2080338:M 02 Jan 2024 01:52:16.988 . The AOF directory appendonlydir doesn't exist
2080338:M 02 Jan 2024 01:52:16.988 * Ready to accept connections tcp
2080338:M 02 Jan 2024 01:52:16.988 . 0 clients connected (0 replicas), 1726224 bytes in use
2080338:M 02 Jan 2024 01:52:16.991 - Accepted 127.0.0.1:51856
2080338:M 02 Jan 2024 01:52:16.991 # Missing implement of connection type tls
2080338:M 02 Jan 2024 01:52:17.087 - <raft> join cluster, connecting to localhost:5021
2080338:M 02 Jan 2024 01:52:17.089 * <raft> Joined Raft cluster, node id: 2, dbid: 84c536dcbb0d976b6f14719555d7e513
2080338:M 02 Jan 2024 01:52:17.095 * <raft> Cluster Membership: term:0 index:0 nodes: id=2,voting=0,active=1,addr=-
2080338:M 02 Jan 2024 01:52:17.095 * <raft> Test network starting message polling thread
2080338:M 02 Jan 2024 01:52:17.155 - Accepted 127.0.0.1:51870
2080338:M 02 Jan 2024 01:52:17.483 - Client closed connection id=9 addr=127.0.0.1:51870 laddr=127.0.0.1:5022 fd=10 name= age=0 idle=0 flags=N db=0 sub=0 psub=0 ssub=0 multi=-1 qbuf=0 qbuf-free=20474 argv-mem=0 multi-mem=0 rbs=1024 rbp=0 obl=0 oll=0 omem=0 tot-mem=22400 events=r cmd=auth user=default redir=-1 resp=2 lib-name= lib-ver=
2080338:M 02 Jan 2024 01:52:17.488 * <raft> State change: Election starting, node is now a pre-candidate, term 0
2080338:M 02 Jan 2024 01:52:17.488 * <raft> Cluster Membership: term:0 index:0 nodes: id=2,voting=0,active=1,addr=-
2080338:signal-handler (1704156737) Received SIGINT scheduling shutdown...
2080338:signal-handler (1704156737) You insist... exiting now.
2081238:C 02 Jan 2024 01:52:18.861 # WARNING Memory overcommit must be enabled! Without it, a background save or replication may fail under low memory condition. Being disabled, it can also cause failures without low memory condition, see https://github.com/jemalloc/jemalloc/issues/1328. To fix this issue add 'vm.overcommit_memory = 1' to /etc/sysctl.conf and then reboot or run the command 'sysctl vm.overcommit_memory=1' for this to take effect.
2081238:C 02 Jan 2024 01:52:18.861 * oO0OoO0OoO0Oo Redis is starting oO0OoO0OoO0Oo
2081238:C 02 Jan 2024 01:52:18.861 * Redis version=255.255.255, bits=64, commit=e04ebdb8, modified=1, pid=2081238, just started
2081238:C 02 Jan 2024 01:52:18.861 * Configuration loaded
2081238:M 02 Jan 2024 01:52:18.862 * monotonic clock: POSIX clock_gettime
2081238:M 02 Jan 2024 01:52:18.862 * Running mode=standalone, port=5022.
2081238:M 02 Jan 2024 01:52:18.869 * <raft> RedisRaft version 255.255.255 [b779b199]
2081238:M 02 Jan 2024 01:52:18.873 * <raft> Initializing test network
2081238:M 02 Jan 2024 01:52:18.874 * <raft> Created test network client
2081238:M 02 Jan 2024 01:52:18.874 * <raft> Raft module loaded, state is 'uninitialized'
2081238:M 02 Jan 2024 01:52:18.874 * Module 'raft' loaded from /home/snagendra/Fuzzing/redisraft-fuzzing/redisraft.so
2081238:M 02 Jan 2024 01:52:18.875 * Server initialized
2081238:M 02 Jan 2024 01:52:18.875 . The AOF directory appendonlydir doesn't exist
2081238:M 02 Jan 2024 01:52:18.875 * Ready to accept connections tcp
2081238:M 02 Jan 2024 01:52:18.875 . 0 clients connected (0 replicas), 1726224 bytes in use
2081238:M 02 Jan 2024 01:52:18.925 - Accepted 127.0.0.1:51960
2081238:M 02 Jan 2024 01:52:18.925 # Missing implement of connection type tls
2081238:M 02 Jan 2024 01:52:19.123 - Client closed connection id=8 addr=127.0.0.1:51960 laddr=127.0.0.1:5022 fd=9 name= age=1 idle=1 flags=N db=0 sub=0 psub=0 ssub=0 multi=-1 qbuf=0 qbuf-free=20474 argv-mem=0 multi-mem=0 rbs=1024 rbp=0 obl=0 oll=0 omem=0 tot-mem=22400 events=r cmd=auth user=default redir=-1 resp=2 lib-name= lib-ver=
2081238:M 02 Jan 2024 01:52:19.376 - Accepted 127.0.0.1:51962
2081238:M 02 Jan 2024 01:52:20.181 - Client closed connection id=9 addr=127.0.0.1:51962 laddr=127.0.0.1:5022 fd=9 name= age=1 idle=1 flags=N db=0 sub=0 psub=0 ssub=0 multi=-1 qbuf=0 qbuf-free=20474 argv-mem=0 multi-mem=0 rbs=1024 rbp=0 obl=0 oll=0 omem=0 tot-mem=22400 events=r cmd=auth user=default redir=-1 resp=2 lib-name= lib-ver=
2081238:signal-handler (1704156740) Received SIGINT scheduling shutdown...

----- Stderr -----
libgcov profiling error:/home/snagendra/Fuzzing/redisraft-fuzzing/build/deps/raft/CMakeFiles/raft.dir/src/raft_server.c.gcda:Merge mismatch for function 60



