logs for node: 1

----- Stdout -----
2240910:C 02 Jan 2024 04:32:01.590 # WARNING Memory overcommit must be enabled! Without it, a background save or replication may fail under low memory condition. Being disabled, it can also cause failures without low memory condition, see https://github.com/jemalloc/jemalloc/issues/1328. To fix this issue add 'vm.overcommit_memory = 1' to /etc/sysctl.conf and then reboot or run the command 'sysctl vm.overcommit_memory=1' for this to take effect.
2240910:C 02 Jan 2024 04:32:01.590 * oO0OoO0OoO0Oo Redis is starting oO0OoO0OoO0Oo
2240910:C 02 Jan 2024 04:32:01.590 * Redis version=255.255.255, bits=64, commit=e04ebdb8, modified=1, pid=2240910, just started
2240910:C 02 Jan 2024 04:32:01.590 * Configuration loaded
2240910:M 02 Jan 2024 04:32:01.591 * monotonic clock: POSIX clock_gettime
2240910:M 02 Jan 2024 04:32:01.591 * Running mode=standalone, port=5001.
2240910:M 02 Jan 2024 04:32:01.598 * <raft> RedisRaft version 255.255.255 [b779b199]
2240910:M 02 Jan 2024 04:32:01.603 * <raft> Initializing test network
2240910:M 02 Jan 2024 04:32:01.604 * <raft> Created test network client
2240910:M 02 Jan 2024 04:32:01.605 * <raft> Raft module loaded, state is 'uninitialized'
2240910:M 02 Jan 2024 04:32:01.605 * Module 'raft' loaded from /home/snagendra/Fuzzing/redisraft-fuzzing/redisraft.so
2240910:M 02 Jan 2024 04:32:01.606 * Server initialized
2240910:M 02 Jan 2024 04:32:01.606 . The AOF directory appendonlydir doesn't exist
2240910:M 02 Jan 2024 04:32:01.607 * Ready to accept connections tcp
2240910:M 02 Jan 2024 04:32:01.607 . 0 clients connected (0 replicas), 1726224 bytes in use
2240910:M 02 Jan 2024 04:32:01.620 - Accepted 127.0.0.1:60626
2240910:M 02 Jan 2024 04:32:01.620 # Missing implement of connection type tls
2240910:M 02 Jan 2024 04:32:01.626 * <raft> Cluster Membership: term:0 index:0 nodes: id=1,voting=0,active=1,addr=-
2240910:M 02 Jan 2024 04:32:01.632 * <raft> State change: Node is now a leader, term 1
2240910:M 02 Jan 2024 04:32:01.632 * <raft> Cluster Membership: term:1 index:1 nodes: id=1,voting=0,active=1,addr=-
2240910:M 02 Jan 2024 04:32:01.632 * <raft> Test network starting message polling thread
2240910:M 02 Jan 2024 04:32:01.632 * <raft> Raft Cluster initialized, node id: 1, dbid: 7380e516bf5b5ed9c73fb89bf0a00016
2240910:M 02 Jan 2024 04:32:01.749 - Accepted 127.0.0.1:60632
2240910:M 02 Jan 2024 04:32:01.750 * <raft> Cluster Membership: term:1 index:3 nodes: id=1,voting=1,active=1,addr=- id=2,voting=0,active=1,addr=localhost:5002
2240910:M 02 Jan 2024 04:32:01.757 - Client closed connection id=9 addr=127.0.0.1:60632 laddr=127.0.0.1:5001 fd=12 name= age=0 idle=0 flags=N db=0 sub=0 psub=0 ssub=0 multi=-1 qbuf=0 qbuf-free=20474 argv-mem=0 multi-mem=0 rbs=16384 rbp=16384 obl=0 oll=0 omem=0 tot-mem=37760 events=r cmd=raft.node user=default redir=-1 resp=2 lib-name= lib-ver=
2240910:M 02 Jan 2024 04:32:01.876 - Accepted 127.0.0.1:60638
2240910:M 02 Jan 2024 04:32:01.877 * <raft> Cluster Membership: term:1 index:4 nodes: id=1,voting=1,active=1,addr=- id=2,voting=0,active=1,addr=localhost:5002 id=3,voting=0,active=1,addr=localhost:5003
2240910:M 02 Jan 2024 04:32:01.884 - Client closed connection id=10 addr=127.0.0.1:60638 laddr=127.0.0.1:5001 fd=13 name= age=0 idle=0 flags=N db=0 sub=0 psub=0 ssub=0 multi=-1 qbuf=0 qbuf-free=20474 argv-mem=0 multi-mem=0 rbs=16384 rbp=16384 obl=0 oll=0 omem=0 tot-mem=37760 events=r cmd=raft.node user=default redir=-1 resp=2 lib-name= lib-ver=
2240910:signal-handler (1704166322) Received SIGINT scheduling shutdown...
2240910:signal-handler (1704166322) You insist... exiting now.
2241555:C 02 Jan 2024 04:32:03.215 # WARNING Memory overcommit must be enabled! Without it, a background save or replication may fail under low memory condition. Being disabled, it can also cause failures without low memory condition, see https://github.com/jemalloc/jemalloc/issues/1328. To fix this issue add 'vm.overcommit_memory = 1' to /etc/sysctl.conf and then reboot or run the command 'sysctl vm.overcommit_memory=1' for this to take effect.
2241555:C 02 Jan 2024 04:32:03.215 * oO0OoO0OoO0Oo Redis is starting oO0OoO0OoO0Oo
2241555:C 02 Jan 2024 04:32:03.215 * Redis version=255.255.255, bits=64, commit=e04ebdb8, modified=1, pid=2241555, just started
2241555:C 02 Jan 2024 04:32:03.215 * Configuration loaded
2241555:M 02 Jan 2024 04:32:03.216 * monotonic clock: POSIX clock_gettime
2241555:M 02 Jan 2024 04:32:03.216 * Running mode=standalone, port=5001.
2241555:M 02 Jan 2024 04:32:03.222 * <raft> RedisRaft version 255.255.255 [b779b199]
2241555:M 02 Jan 2024 04:32:03.226 * <raft> Initializing test network
2241555:M 02 Jan 2024 04:32:03.227 * <raft> Created test network client
2241555:M 02 Jan 2024 04:32:03.230 * <raft> Raft module loaded, state is 'loading'
2241555:M 02 Jan 2024 04:32:03.230 * Module 'raft' loaded from /home/snagendra/Fuzzing/redisraft-fuzzing/redisraft.so
2241555:M 02 Jan 2024 04:32:03.231 * Server initialized
2241555:M 02 Jan 2024 04:32:03.231 . The AOF directory appendonlydir doesn't exist
2241555:M 02 Jan 2024 04:32:03.231 * Ready to accept connections tcp
2241555:M 02 Jan 2024 04:32:03.231 . 0 clients connected (0 replicas), 1746688 bytes in use
2241555:M 02 Jan 2024 04:32:03.331 * <raft> Loading: Redis loading complete, snapshot NOT LOADED
2241555:M 02 Jan 2024 04:32:03.331 * <raft> Cluster Membership: term:0 index:0 nodes: id=1,voting=0,active=1,addr=-
2241555:M 02 Jan 2024 04:32:03.332 * <raft> Test network starting message polling thread
2241555:M 02 Jan 2024 04:32:03.332 * <raft> Cluster Membership: term:0 index:4 nodes: id=1,voting=1,active=1,addr=- id=2,voting=0,active=1,addr=localhost:5002
2241555:M 02 Jan 2024 04:32:03.332 * <raft> Cluster Membership: term:0 index:4 nodes: id=1,voting=1,active=1,addr=- id=2,voting=0,active=1,addr=localhost:5002 id=3,voting=0,active=1,addr=localhost:5003
2241555:M 02 Jan 2024 04:32:03.332 * <raft> Raft state after loading log: log_count=4, first_idx=1, current_idx=4, last_applied_idx=0
2241555:M 02 Jan 2024 04:32:03.332 . <raft> Raft term=1, vote=-1
2241555:M 02 Jan 2024 04:32:03.339 * <raft> State change: Node is now a leader, term 2
2241555:M 02 Jan 2024 04:32:03.339 * <raft> Cluster Membership: term:2 index:5 nodes: id=1,voting=1,active=1,addr=- id=2,voting=0,active=1,addr=localhost:5002 id=3,voting=0,active=1,addr=localhost:5003
2241555:M 02 Jan 2024 04:32:03.549 - Accepted 127.0.0.1:54532
2241555:M 02 Jan 2024 04:32:03.549 # Missing implement of connection type tls
2241555:M 02 Jan 2024 04:32:03.789 - Accepted 127.0.0.1:54548
2241555:M 02 Jan 2024 04:32:04.262 - Client closed connection id=10 addr=127.0.0.1:54548 laddr=127.0.0.1:5001 fd=14 name= age=1 idle=1 flags=N db=0 sub=0 psub=0 ssub=0 multi=-1 qbuf=0 qbuf-free=20474 argv-mem=0 multi-mem=0 rbs=1024 rbp=0 obl=0 oll=0 omem=0 tot-mem=22400 events=r cmd=auth user=default redir=-1 resp=2 lib-name= lib-ver=
2241555:signal-handler (1704166324) Received SIGINT scheduling shutdown...
2241555:signal-handler (1704166324) You insist... exiting now.
2242269:C 02 Jan 2024 04:32:04.936 # WARNING Memory overcommit must be enabled! Without it, a background save or replication may fail under low memory condition. Being disabled, it can also cause failures without low memory condition, see https://github.com/jemalloc/jemalloc/issues/1328. To fix this issue add 'vm.overcommit_memory = 1' to /etc/sysctl.conf and then reboot or run the command 'sysctl vm.overcommit_memory=1' for this to take effect.
2242269:C 02 Jan 2024 04:32:04.936 * oO0OoO0OoO0Oo Redis is starting oO0OoO0OoO0Oo
2242269:C 02 Jan 2024 04:32:04.936 * Redis version=255.255.255, bits=64, commit=e04ebdb8, modified=1, pid=2242269, just started
2242269:C 02 Jan 2024 04:32:04.936 * Configuration loaded
2242269:M 02 Jan 2024 04:32:04.936 * monotonic clock: POSIX clock_gettime
2242269:M 02 Jan 2024 04:32:04.937 * Running mode=standalone, port=5001.
2242269:M 02 Jan 2024 04:32:04.943 * <raft> RedisRaft version 255.255.255 [b779b199]
2242269:M 02 Jan 2024 04:32:04.947 * <raft> Initializing test network
2242269:M 02 Jan 2024 04:32:04.948 * <raft> Created test network client
2242269:M 02 Jan 2024 04:32:04.952 * <raft> Raft module loaded, state is 'loading'
2242269:M 02 Jan 2024 04:32:04.952 * Module 'raft' loaded from /home/snagendra/Fuzzing/redisraft-fuzzing/redisraft.so
2242269:M 02 Jan 2024 04:32:04.953 * Server initialized
2242269:M 02 Jan 2024 04:32:04.953 . The AOF directory appendonlydir doesn't exist
2242269:M 02 Jan 2024 04:32:04.953 * Ready to accept connections tcp
2242269:M 02 Jan 2024 04:32:04.953 . 0 clients connected (0 replicas), 1746752 bytes in use
2242269:M 02 Jan 2024 04:32:05.053 * <raft> Loading: Redis loading complete, snapshot NOT LOADED
2242269:M 02 Jan 2024 04:32:05.053 * <raft> Cluster Membership: term:0 index:0 nodes: id=1,voting=0,active=1,addr=-
2242269:M 02 Jan 2024 04:32:05.054 * <raft> Test network starting message polling thread
2242269:M 02 Jan 2024 04:32:05.054 * <raft> Cluster Membership: term:0 index:6 nodes: id=1,voting=1,active=1,addr=- id=2,voting=0,active=1,addr=localhost:5002
2242269:M 02 Jan 2024 04:32:05.054 * <raft> Cluster Membership: term:0 index:6 nodes: id=1,voting=1,active=1,addr=- id=2,voting=0,active=1,addr=localhost:5002 id=3,voting=0,active=1,addr=localhost:5003
2242269:M 02 Jan 2024 04:32:05.054 * <raft> Raft state after loading log: log_count=6, first_idx=1, current_idx=6, last_applied_idx=0
2242269:M 02 Jan 2024 04:32:05.054 . <raft> Raft term=2, vote=-1
2242269:M 02 Jan 2024 04:32:05.061 * <raft> State change: Node is now a leader, term 3
2242269:M 02 Jan 2024 04:32:05.061 * <raft> Cluster Membership: term:3 index:7 nodes: id=1,voting=1,active=1,addr=- id=2,voting=0,active=1,addr=localhost:5002 id=3,voting=0,active=1,addr=localhost:5003
2242269:signal-handler (1704166325) Received SIGINT scheduling shutdown...
2242269:signal-handler (1704166325) You insist... exiting now.

----- Stderr -----
libgcov profiling error:/home/snagendra/Fuzzing/redisraft-fuzzing/build/deps/raft/CMakeFiles/raft.dir/src/raft_server_properties.c.gcda:Merge mismatch for function 12
libgcov profiling error:/home/snagendra/Fuzzing/redisraft-fuzzing/build/deps/raft/CMakeFiles/raft.dir/src/raft_server.c.gcda:Merge mismatch for function 60
libgcov profiling error:/home/snagendra/Fuzzing/redisraft-fuzzing/build/deps/raft/CMakeFiles/raft.dir/src/raft_server_properties.c.gcda:Merge mismatch for function 12
libgcov profiling error:/home/snagendra/Fuzzing/redisraft-fuzzing/build/deps/raft/CMakeFiles/raft.dir/src/raft_server.c.gcda:Merge mismatch for function 60
libgcov profiling error:/home/snagendra/Fuzzing/redisraft-fuzzing/build/deps/raft/CMakeFiles/raft.dir/src/raft_server_properties.c.gcda:Merge mismatch for function 12
libgcov profiling error:/home/snagendra/Fuzzing/redisraft-fuzzing/build/deps/raft/CMakeFiles/raft.dir/src/raft_server.c.gcda:Merge mismatch for function 60




logs for node: 2

----- Stdout -----
2240932:C 02 Jan 2024 04:32:01.635 # WARNING Memory overcommit must be enabled! Without it, a background save or replication may fail under low memory condition. Being disabled, it can also cause failures without low memory condition, see https://github.com/jemalloc/jemalloc/issues/1328. To fix this issue add 'vm.overcommit_memory = 1' to /etc/sysctl.conf and then reboot or run the command 'sysctl vm.overcommit_memory=1' for this to take effect.
2240932:C 02 Jan 2024 04:32:01.635 * oO0OoO0OoO0Oo Redis is starting oO0OoO0OoO0Oo
2240932:C 02 Jan 2024 04:32:01.635 * Redis version=255.255.255, bits=64, commit=e04ebdb8, modified=1, pid=2240932, just started
2240932:C 02 Jan 2024 04:32:01.635 * Configuration loaded
2240932:M 02 Jan 2024 04:32:01.635 * monotonic clock: POSIX clock_gettime
2240932:M 02 Jan 2024 04:32:01.636 * Running mode=standalone, port=5002.
2240932:M 02 Jan 2024 04:32:01.642 * <raft> RedisRaft version 255.255.255 [b779b199]
2240932:M 02 Jan 2024 04:32:01.647 * <raft> Initializing test network
2240932:M 02 Jan 2024 04:32:01.648 * <raft> Created test network client
2240932:M 02 Jan 2024 04:32:01.649 * <raft> Raft module loaded, state is 'uninitialized'
2240932:M 02 Jan 2024 04:32:01.649 * Module 'raft' loaded from /home/snagendra/Fuzzing/redisraft-fuzzing/redisraft.so
2240932:M 02 Jan 2024 04:32:01.649 * Server initialized
2240932:M 02 Jan 2024 04:32:01.650 . The AOF directory appendonlydir doesn't exist
2240932:M 02 Jan 2024 04:32:01.650 * Ready to accept connections tcp
2240932:M 02 Jan 2024 04:32:01.650 . 0 clients connected (0 replicas), 1726352 bytes in use
2240932:M 02 Jan 2024 04:32:01.654 - Accepted 127.0.0.1:49364
2240932:M 02 Jan 2024 04:32:01.654 # Missing implement of connection type tls
2240932:M 02 Jan 2024 04:32:01.749 - <raft> join cluster, connecting to localhost:5001
2240932:M 02 Jan 2024 04:32:01.751 * <raft> Joined Raft cluster, node id: 2, dbid: 7380e516bf5b5ed9c73fb89bf0a00016
2240932:M 02 Jan 2024 04:32:01.757 * <raft> Cluster Membership: term:0 index:0 nodes: id=2,voting=0,active=1,addr=-
2240932:M 02 Jan 2024 04:32:01.757 * <raft> Test network starting message polling thread
2240932:M 02 Jan 2024 04:32:01.807 - Accepted 127.0.0.1:49374
2240932:M 02 Jan 2024 04:32:02.150 * <raft> State change: Election starting, node is now a pre-candidate, term 0
2240932:M 02 Jan 2024 04:32:02.150 * <raft> Cluster Membership: term:0 index:0 nodes: id=2,voting=0,active=1,addr=-
2240932:M 02 Jan 2024 04:32:02.312 - Client closed connection id=9 addr=127.0.0.1:49374 laddr=127.0.0.1:5002 fd=10 name= age=1 idle=1 flags=N db=0 sub=0 psub=0 ssub=0 multi=-1 qbuf=0 qbuf-free=20474 argv-mem=0 multi-mem=0 rbs=1024 rbp=0 obl=0 oll=0 omem=0 tot-mem=22400 events=r cmd=auth user=default redir=-1 resp=2 lib-name= lib-ver=
2240932:M 02 Jan 2024 04:32:02.440 * <raft> State change: Node is now a follower, term 1
2240932:M 02 Jan 2024 04:32:02.440 * <raft> Cluster Membership: term:1 index:0 nodes: id=2,voting=0,active=1,addr=-
2240932:M 02 Jan 2024 04:32:02.441 * <raft> Cluster Membership: term:1 index:2 nodes: id=2,voting=0,active=1,addr=- id=1,voting=1,active=1,addr=localhost:5001
2240932:M 02 Jan 2024 04:32:02.654 * <raft> State change: Election starting, node is now a pre-candidate, term 1
2240932:M 02 Jan 2024 04:32:02.654 * <raft> Cluster Membership: term:1 index:3 nodes: id=2,voting=0,active=1,addr=- id=1,voting=1,active=1,addr=localhost:5001
2240932:M 02 Jan 2024 04:32:02.800 * <raft> State change: Node is now a follower, term 1
2240932:M 02 Jan 2024 04:32:02.800 * <raft> Cluster Membership: term:1 index:3 nodes: id=2,voting=0,active=1,addr=- id=1,voting=1,active=1,addr=localhost:5001
2240932:signal-handler (1704166322) Received SIGINT scheduling shutdown...
2240932:signal-handler (1704166322) You insist... exiting now.
2241705:C 02 Jan 2024 04:32:03.672 # WARNING Memory overcommit must be enabled! Without it, a background save or replication may fail under low memory condition. Being disabled, it can also cause failures without low memory condition, see https://github.com/jemalloc/jemalloc/issues/1328. To fix this issue add 'vm.overcommit_memory = 1' to /etc/sysctl.conf and then reboot or run the command 'sysctl vm.overcommit_memory=1' for this to take effect.
2241705:C 02 Jan 2024 04:32:03.673 * oO0OoO0OoO0Oo Redis is starting oO0OoO0OoO0Oo
2241705:C 02 Jan 2024 04:32:03.673 * Redis version=255.255.255, bits=64, commit=e04ebdb8, modified=1, pid=2241705, just started
2241705:C 02 Jan 2024 04:32:03.673 * Configuration loaded
2241705:M 02 Jan 2024 04:32:03.673 * monotonic clock: POSIX clock_gettime
2241705:M 02 Jan 2024 04:32:03.673 * Running mode=standalone, port=5002.
2241705:M 02 Jan 2024 04:32:03.680 * <raft> RedisRaft version 255.255.255 [b779b199]
2241705:M 02 Jan 2024 04:32:03.684 * <raft> Initializing test network
2241705:M 02 Jan 2024 04:32:03.685 * <raft> Created test network client
2241705:M 02 Jan 2024 04:32:03.688 * <raft> Raft module loaded, state is 'loading'
2241705:M 02 Jan 2024 04:32:03.688 * Module 'raft' loaded from /home/snagendra/Fuzzing/redisraft-fuzzing/redisraft.so
2241705:M 02 Jan 2024 04:32:03.688 * Server initialized
2241705:M 02 Jan 2024 04:32:03.688 . The AOF directory appendonlydir doesn't exist
2241705:M 02 Jan 2024 04:32:03.688 * Ready to accept connections tcp
2241705:M 02 Jan 2024 04:32:03.688 . 0 clients connected (0 replicas), 1746656 bytes in use
2241705:M 02 Jan 2024 04:32:03.741 - Accepted 127.0.0.1:54468
2241705:M 02 Jan 2024 04:32:03.741 # Missing implement of connection type tls
2241705:M 02 Jan 2024 04:32:03.788 * <raft> Loading: Redis loading complete, snapshot NOT LOADED
2241705:M 02 Jan 2024 04:32:03.788 * <raft> Cluster Membership: term:0 index:0 nodes: id=2,voting=0,active=1,addr=-
2241705:M 02 Jan 2024 04:32:03.788 * <raft> Test network starting message polling thread
2241705:M 02 Jan 2024 04:32:03.789 * <raft> Cluster Membership: term:0 index:3 nodes: id=2,voting=0,active=1,addr=- id=1,voting=1,active=1,addr=localhost:5001
2241705:M 02 Jan 2024 04:32:03.789 * <raft> Raft state after loading log: log_count=3, first_idx=1, current_idx=3, last_applied_idx=0
2241705:M 02 Jan 2024 04:32:03.789 . <raft> Raft term=1, vote=-1
2241705:M 02 Jan 2024 04:32:03.855 * <raft> Cluster Membership: term:1 index:4 nodes: id=2,voting=0,active=1,addr=- id=1,voting=1,active=1,addr=localhost:5001 id=3,voting=0,active=1,addr=localhost:5003
2241705:M 02 Jan 2024 04:32:04.090 * <raft> State change: Election starting, node is now a pre-candidate, term 1
2241705:M 02 Jan 2024 04:32:04.090 * <raft> Cluster Membership: term:1 index:4 nodes: id=2,voting=0,active=1,addr=- id=1,voting=1,active=1,addr=localhost:5001 id=3,voting=0,active=1,addr=localhost:5003
2241705:signal-handler (1704166324) Received SIGINT scheduling shutdown...
2241705:signal-handler (1704166324) You insist... exiting now.
2242195:C 02 Jan 2024 04:32:04.829 # WARNING Memory overcommit must be enabled! Without it, a background save or replication may fail under low memory condition. Being disabled, it can also cause failures without low memory condition, see https://github.com/jemalloc/jemalloc/issues/1328. To fix this issue add 'vm.overcommit_memory = 1' to /etc/sysctl.conf and then reboot or run the command 'sysctl vm.overcommit_memory=1' for this to take effect.
2242195:C 02 Jan 2024 04:32:04.829 * oO0OoO0OoO0Oo Redis is starting oO0OoO0OoO0Oo
2242195:C 02 Jan 2024 04:32:04.829 * Redis version=255.255.255, bits=64, commit=e04ebdb8, modified=1, pid=2242195, just started
2242195:C 02 Jan 2024 04:32:04.829 * Configuration loaded
2242195:M 02 Jan 2024 04:32:04.830 * monotonic clock: POSIX clock_gettime
2242195:M 02 Jan 2024 04:32:04.830 * Running mode=standalone, port=5002.
2242195:M 02 Jan 2024 04:32:04.837 * <raft> RedisRaft version 255.255.255 [b779b199]
2242195:M 02 Jan 2024 04:32:04.842 * <raft> Initializing test network
2242195:M 02 Jan 2024 04:32:04.842 * <raft> Created test network client
2242195:M 02 Jan 2024 04:32:04.846 * <raft> Raft module loaded, state is 'loading'
2242195:M 02 Jan 2024 04:32:04.846 * Module 'raft' loaded from /home/snagendra/Fuzzing/redisraft-fuzzing/redisraft.so
2242195:M 02 Jan 2024 04:32:04.847 * Server initialized
2242195:M 02 Jan 2024 04:32:04.847 . The AOF directory appendonlydir doesn't exist
2242195:M 02 Jan 2024 04:32:04.847 * Ready to accept connections tcp
2242195:M 02 Jan 2024 04:32:04.847 . 0 clients connected (0 replicas), 1746592 bytes in use
2242195:M 02 Jan 2024 04:32:04.847 - Accepted 127.0.0.1:54520
2242195:M 02 Jan 2024 04:32:04.847 # Missing implement of connection type tls
2242195:M 02 Jan 2024 04:32:04.873 - Client closed connection id=8 addr=127.0.0.1:54520 laddr=127.0.0.1:5002 fd=11 name= age=0 idle=0 flags=N db=0 sub=0 psub=0 ssub=0 multi=-1 qbuf=0 qbuf-free=20474 argv-mem=0 multi-mem=0 rbs=16384 rbp=16384 obl=0 oll=0 omem=0 tot-mem=37760 events=r cmd=auth user=default redir=-1 resp=2 lib-name= lib-ver=
2242195:signal-handler (1704166324) Received SIGINT scheduling shutdown...
2242195:signal-handler (1704166324) You insist... exiting now.
2242302:C 02 Jan 2024 04:32:04.979 # WARNING Memory overcommit must be enabled! Without it, a background save or replication may fail under low memory condition. Being disabled, it can also cause failures without low memory condition, see https://github.com/jemalloc/jemalloc/issues/1328. To fix this issue add 'vm.overcommit_memory = 1' to /etc/sysctl.conf and then reboot or run the command 'sysctl vm.overcommit_memory=1' for this to take effect.
2242302:C 02 Jan 2024 04:32:04.979 * oO0OoO0OoO0Oo Redis is starting oO0OoO0OoO0Oo
2242302:C 02 Jan 2024 04:32:04.979 * Redis version=255.255.255, bits=64, commit=e04ebdb8, modified=1, pid=2242302, just started
2242302:C 02 Jan 2024 04:32:04.979 * Configuration loaded
2242302:M 02 Jan 2024 04:32:04.980 * monotonic clock: POSIX clock_gettime
2242302:M 02 Jan 2024 04:32:04.980 * Running mode=standalone, port=5002.
2242302:M 02 Jan 2024 04:32:04.986 * <raft> RedisRaft version 255.255.255 [b779b199]
2242302:M 02 Jan 2024 04:32:04.990 * <raft> Initializing test network
2242302:M 02 Jan 2024 04:32:04.991 * <raft> Created test network client
2242302:M 02 Jan 2024 04:32:04.993 * <raft> Raft module loaded, state is 'loading'
2242302:M 02 Jan 2024 04:32:04.993 * Module 'raft' loaded from /home/snagendra/Fuzzing/redisraft-fuzzing/redisraft.so
2242302:M 02 Jan 2024 04:32:04.993 * Server initialized
2242302:M 02 Jan 2024 04:32:04.993 . The AOF directory appendonlydir doesn't exist
2242302:M 02 Jan 2024 04:32:04.993 * Ready to accept connections tcp
2242302:M 02 Jan 2024 04:32:04.993 . 0 clients connected (0 replicas), 1746848 bytes in use
2242302:M 02 Jan 2024 04:32:05.062 - Accepted 127.0.0.1:54532
2242302:M 02 Jan 2024 04:32:05.062 # Missing implement of connection type tls
2242302:M 02 Jan 2024 04:32:05.091 - Client closed connection id=8 addr=127.0.0.1:54532 laddr=127.0.0.1:5002 fd=11 name= age=0 idle=0 flags=N db=0 sub=0 psub=0 ssub=0 multi=-1 qbuf=0 qbuf-free=20474 argv-mem=0 multi-mem=0 rbs=16384 rbp=16384 obl=0 oll=0 omem=0 tot-mem=37760 events=r cmd=auth user=default redir=-1 resp=2 lib-name= lib-ver=
2242302:M 02 Jan 2024 04:32:05.093 * <raft> Loading: Redis loading complete, snapshot NOT LOADED
2242302:M 02 Jan 2024 04:32:05.094 * <raft> Cluster Membership: term:0 index:0 nodes: id=2,voting=0,active=1,addr=-
2242302:M 02 Jan 2024 04:32:05.094 * <raft> Test network starting message polling thread
2242302:M 02 Jan 2024 04:32:05.095 * <raft> Cluster Membership: term:0 index:4 nodes: id=2,voting=0,active=1,addr=- id=1,voting=1,active=1,addr=localhost:5001
2242302:M 02 Jan 2024 04:32:05.095 * <raft> Cluster Membership: term:0 index:4 nodes: id=2,voting=0,active=1,addr=- id=1,voting=1,active=1,addr=localhost:5001 id=3,voting=0,active=1,addr=localhost:5003
2242302:M 02 Jan 2024 04:32:05.095 * <raft> Raft state after loading log: log_count=4, first_idx=1, current_idx=4, last_applied_idx=0
2242302:M 02 Jan 2024 04:32:05.095 . <raft> Raft term=1, vote=-1
2242302:signal-handler (1704166325) Received SIGINT scheduling shutdown...
2242302:signal-handler (1704166325) You insist... exiting now.


=== REDIS BUG REPORT START: Cut & paste starting from here ===
2242302:M 02 Jan 2024 04:32:05.100 # Redis 255.255.255 crashed by signal: 11, si_code: 1
2242302:M 02 Jan 2024 04:32:05.100 # Accessing address: 0x18
2242302:M 02 Jan 2024 04:32:05.100 # Crashed running the instruction at: 0x7fa0155e30b0

------ STACK TRACE ------
EIP:
/lib/x86_64-linux-gnu/libc.so.6(__pthread_rwlock_wrlock+0x0)[0x7fa0155e30b0]

Backtrace:
/lib/x86_64-linux-gnu/libc.so.6(+0x3bfd0)[0x7fa01558ffd0]
/lib/x86_64-linux-gnu/libc.so.6(__pthread_rwlock_wrlock+0x0)[0x7fa0155e30b0]
/lib/x86_64-linux-gnu/libcrypto.so.3(CRYPTO_THREAD_write_lock+0x9)[0x7fa01383df49]
/lib/x86_64-linux-gnu/libcrypto.so.3(ENGINE_get_first+0x3a)[0x7fa0137e408a]
/lib/x86_64-linux-gnu/libcrypto.so.3(ENGINE_register_all_complete+0x6)[0x7fa0137e3486]
/lib/x86_64-linux-gnu/libssh2.so.1(libssh2_init+0x39)[0x7fa014342389]
/lib/x86_64-linux-gnu/libcurl-gnutls.so.4(+0x8146b)[0x7fa0143d646b]
/lib/x86_64-linux-gnu/libcurl-gnutls.so.4(+0x22125)[0x7fa014377125]
/lib/x86_64-linux-gnu/libcurl-gnutls.so.4(curl_global_init+0x3a)[0x7fa01437722a]
/home/snagendra/Fuzzing/redisraft-fuzzing/redisraft.so(redis_test_http_do+0x2c)[0x7fa01551386c]
/home/snagendra/Fuzzing/redisraft-fuzzing/redisraft.so(redis_test_http_post+0x26)[0x7fa015513a86]
/home/snagendra/Fuzzing/redisraft-fuzzing/redisraft.so(redis_test_send_message+0x9d)[0x7fa015512efd]
/home/snagendra/Fuzzing/redisraft-fuzzing/redisraft.so(testNetworkSendAppendEntriesResponse+0x6a)[0x7fa0154fc22a]
/home/snagendra/Fuzzing/redisraft-fuzzing/redisraft.so(handleTestNetworkMessage+0x130)[0x7fa0154fc4a0]
/home/snagendra/Fuzzing/redisraft-fuzzing/redisraft.so(poll_redis_test_messages+0x89)[0x7fa0154fc5c9]
/lib/x86_64-linux-gnu/libc.so.6(+0x89044)[0x7fa0155dd044]
/lib/x86_64-linux-gnu/libc.so.6(+0x10961c)[0x7fa01565d61c]

------ REGISTERS ------
2242302:M 02 Jan 2024 04:32:05.101 # 
RAX:0000000000000001 RBX:00007f9ff4002160
RCX:0000000000000000 RDX:0000000000000000
RDI:0000000000000000 RSI:0000000000000000
RBP:00007fa013a7e638 RSP:00007fa0037fd228
R8 :0000000000000000 R9 :0000000000000000
R10:0000000000000000 R11:0000000000000000
R12:00007fa0037fd320 R13:00007f9ff4001800
R14:0000000000000000 R15:00007fa013380800
RIP:00007fa0155e30b0 EFL:0000000000010206
CSGSFS:002b000000000033
2242302:M 02 Jan 2024 04:32:05.101 # (00007fa0037fd237) -> 00007f9ff4002160
2242302:M 02 Jan 2024 04:32:05.101 # (00007fa0037fd236) -> 00007fa014377125
2242302:M 02 Jan 2024 04:32:05.101 # (00007fa0037fd235) -> 00007fa013380800
2242302:M 02 Jan 2024 04:32:05.101 # (00007fa0037fd234) -> 00007fa0143d646b
2242302:M 02 Jan 2024 04:32:05.101 # (00007fa0037fd233) -> 00007f9ff4001800
2242302:M 02 Jan 2024 04:32:05.101 # (00007fa0037fd232) -> 00000000037fd320
2242302:M 02 Jan 2024 04:32:05.101 # (00007fa0037fd231) -> 00007f9ff4002a20
2242302:M 02 Jan 2024 04:32:05.101 # (00007fa0037fd230) -> 00007fa014342389
2242302:M 02 Jan 2024 04:32:05.101 # (00007fa0037fd22f) -> 00007f9ff4002160
2242302:M 02 Jan 2024 04:32:05.101 # (00007fa0037fd22e) -> 00007fa0137e3486
2242302:M 02 Jan 2024 04:32:05.101 # (00007fa0037fd22d) -> 00007f9ff4002a20
2242302:M 02 Jan 2024 04:32:05.101 # (00007fa0037fd22c) -> 00007f9ff4002160
2242302:M 02 Jan 2024 04:32:05.101 # (00007fa0037fd22b) -> 00007fa0037fd320
2242302:M 02 Jan 2024 04:32:05.101 # (00007fa0037fd22a) -> 00007fa0137e408a
2242302:M 02 Jan 2024 04:32:05.101 # (00007fa0037fd229) -> 00007f9ff4002160
2242302:M 02 Jan 2024 04:32:05.101 # (00007fa0037fd228) -> 00007fa01383df49

------ INFO OUTPUT ------
# Server
redis_version:255.255.255
redis_git_sha1:e04ebdb8
redis_git_dirty:1
redis_build_id:1f78dcc7b4fbdd25
redis_mode:standalone
os:Linux 6.1.60.1.amd64-smp x86_64
arch_bits:64
monotonic_clock:POSIX clock_gettime
multiplexing_api:epoll
atomicvar_api:c11-builtin
gcc_version:10.2.1
process_id:2242302
process_supervised:no
run_id:fa2ac269f6798ba5237907b6b94f78239e3d6118
tcp_port:5002
server_time_usec:1704166325098025
uptime_in_seconds:1
uptime_in_days:0
hz:10
configured_hz:10
lru_clock:9667509
executable:/home/snagendra/Fuzzing/redis/src/redis-server
config_file:
io_threads_active:0
listener0:name=tcp,bind=0.0.0.0,port=5002

# Clients
connected_clients:0
cluster_connections:0
maxclients:10000
client_recent_max_input_buffer:0
client_recent_max_output_buffer:0
blocked_clients:0
tracking_clients:0
clients_in_timeout_table:0
total_blocking_keys:0
total_blocking_keys_on_nokey:0

# Memory
used_memory:1780872
used_memory_human:1.70M
used_memory_rss:18468864
used_memory_rss_human:17.61M
used_memory_peak:1809944
used_memory_peak_human:1.73M
used_memory_peak_perc:98.39%
used_memory_overhead:1746888
used_memory_startup:1746704
used_memory_dataset:33984
used_memory_dataset_perc:99.46%
allocator_allocated:2330344
allocator_active:2904064
allocator_resident:11051008
total_system_memory:270388695040
total_system_memory_human:251.82G
used_memory_lua:31744
used_memory_vm_eval:31744
used_memory_lua_human:31.00K
used_memory_scripts_eval:0
number_of_cached_scripts:0
number_of_functions:0
number_of_libraries:0
used_memory_vm_functions:32768
used_memory_vm_total:64512
used_memory_vm_total_human:63.00K
used_memory_functions:184
used_memory_scripts:184
used_memory_scripts_human:184B
maxmemory:0
maxmemory_human:0B
maxmemory_policy:noeviction
allocator_frag_ratio:1.25
allocator_frag_bytes:573720
allocator_rss_ratio:3.81
allocator_rss_bytes:8146944
rss_overhead_ratio:1.67
rss_overhead_bytes:7417856
mem_fragmentation_ratio:10.38
mem_fragmentation_bytes:16689880
mem_not_counted_for_evict:0
mem_replication_backlog:0
mem_total_replication_buffers:0
mem_clients_slaves:0
mem_clients_normal:0
mem_cluster_links:0
mem_aof_buffer:0
mem_allocator:jemalloc-5.3.0
active_defrag_running:0
lazyfree_pending_objects:0
lazyfreed_objects:0

# Persistence
loading:0
async_loading:0
current_cow_peak:0
current_cow_size:0
current_cow_size_age:0
current_fork_perc:0.00
current_save_keys_processed:0
current_save_keys_total:0
rdb_changes_since_last_save:0
rdb_bgsave_in_progress:0
rdb_last_save_time:1704166324
rdb_last_bgsave_status:ok
rdb_last_bgsave_time_sec:-1
rdb_current_bgsave_time_sec:-1
rdb_saves:0
rdb_last_cow_size:0
rdb_last_load_keys_expired:0
rdb_last_load_keys_loaded:0
aof_enabled:0
aof_rewrite_in_progress:0
aof_rewrite_scheduled:0
aof_last_rewrite_time_sec:-1
aof_current_rewrite_time_sec:-1
aof_last_bgrewrite_status:ok
aof_rewrites:0
aof_rewrites_consecutive_failures:0
aof_last_write_status:ok
aof_last_cow_size:0
module_fork_in_progress:0
module_fork_last_cow_size:0

# Stats
total_connections_received:1
total_commands_processed:7
instantaneous_ops_per_sec:29
total_net_input_bytes:33
total_net_output_bytes:5
total_net_repl_input_bytes:0
total_net_repl_output_bytes:0
instantaneous_input_kbps:0.02
instantaneous_output_kbps:0.00
instantaneous_input_repl_kbps:0.00
instantaneous_output_repl_kbps:0.00
rejected_connections:0
sync_full:0
sync_partial_ok:0
sync_partial_err:0
expired_keys:0
expired_stale_perc:0.00
expired_time_cap_reached_count:0
expire_cycle_cpu_milliseconds:0
evicted_keys:0
evicted_clients:0
total_eviction_exceeded_time:0
current_eviction_exceeded_time:0
keyspace_hits:0
keyspace_misses:0
pubsub_channels:0
pubsub_patterns:0
pubsubshard_channels:0
latest_fork_usec:0
total_forks:0
migrate_cached_sockets:0
slave_expires_tracked_keys:0
active_defrag_hits:0
active_defrag_misses:0
active_defrag_key_hits:0
active_defrag_key_misses:0
total_active_defrag_time:0
current_active_defrag_time:0
tracking_total_keys:0
tracking_total_items:0
tracking_total_prefixes:0
unexpected_error_replies:0
total_error_replies:0
dump_payload_sanitizations:0
total_reads_processed:2
total_writes_processed:1
io_threaded_reads_processed:0
io_threaded_writes_processed:0
reply_buffer_shrinks:0
reply_buffer_expands:0
acl_access_denied_auth:0
acl_access_denied_cmd:0
acl_access_denied_key:0
acl_access_denied_channel:0

# Replication
role:master
connected_slaves:0
master_failover_state:no-failover
master_replid:17ad9e811ee0ab020d2136f32dc84f4f822b76b8
master_replid2:0000000000000000000000000000000000000000
master_repl_offset:0
second_repl_offset:-1
repl_backlog_active:0
repl_backlog_size:1048576
repl_backlog_first_byte_offset:0
repl_backlog_histlen:0

# CPU
used_cpu_sys:0.004376
used_cpu_user:0.015443
used_cpu_sys_children:0.000000
used_cpu_user_children:0.000000
used_cpu_sys_main_thread:0.000000
used_cpu_user_main_thread:0.001328

# Modules
module:name=raft,ver=1,api=1,filters=1,usedby=[],using=[],options=[]

# Commandstats
cmdstat_command:calls=2,usec=1458,usec_per_call=729.00,rejected_calls=0,failed_calls=0
cmdstat_config|get:calls=3,usec=3,usec_per_call=1.00,rejected_calls=0,failed_calls=0
cmdstat_config|set:calls=1,usec=9,usec_per_call=9.00,rejected_calls=0,failed_calls=0
cmdstat_auth:calls=1,usec=2,usec_per_call=2.00,rejected_calls=0,failed_calls=0

# Errorstats

# Latencystats
latency_percentiles_usec_command:p50=708.607,p99=753.663,p99.9=753.663
latency_percentiles_usec_config|get:p50=1.003,p99=1.003,p99.9=1.003
latency_percentiles_usec_config|set:p50=9.023,p99=9.023,p99.9=9.023
latency_percentiles_usec_auth:p50=2.007,p99=2.007,p99.9=2.007

# Cluster
cluster_enabled:0

# Keyspace

------ CLIENT LIST OUTPUT ------

------ MODULES INFO OUTPUT ------
# raft_version
raft_version:255.255.255
raft_git_sha1:b779b199

# raft_general
raft_dbid:7380e516bf5b5ed9c73fb89bf0a00016
raft_node_id:2
raft_state:up
raft_role:follower
raft_is_voting:no
raft_voted_for:-1
raft_leader_id:1
raft_current_term:2
raft_num_nodes:3
raft_num_voting_nodes:1
raft_node1:id=1,state=connect_error,voting=yes,addr=localhost,port=5001,last_conn_secs=-1,conn_errors=1,conn_oks=0
raft_node2:id=3,state=connect_error,voting=no,addr=localhost,port=5003,last_conn_secs=-1,conn_errors=1,conn_oks=0

# raft_log
raft_log_entries:5
raft_current_index:5
raft_commit_index:5
raft_last_applied_index:0
raft_file_size:1254
raft_cache_memory_size:56
raft_cache_entries:1
raft_client_attached_entries:0
raft_fsync_count:1
raft_fsync_max_microseconds:7
raft_entry1:term=1,id=0,data_len=0
raft_entry2:term=1,id=238964526,data_len=264
raft_entry3:term=1,id=1133043236,data_len=264
raft_entry4:term=1,id=1339472744,data_len=264
raft_fsync_avg_microseconds:7

# raft_snapshot
raft_snapshot_filename:redis2.rdb
raft_snapshot_last_idx:0
raft_snapshot_last_term:0
raft_snapshot_size:0
raft_snapshot_time_secs:-1
raft_snapshots_created:0
raft_snapshots_received:0
raft_snapshot_in_progress:no
raft_snapshot_in_progress_last_idx:-1
raft_snapshot_in_progress_last_term:-1

# raft_clients
raft_proxy_reqs:0
raft_proxy_failed_reqs:0
raft_proxy_failed_responses:0
raft_proxy_outstanding_reqs:0

# raft_stats
raft_appendreq_received:0
raft_appendreq_with_entry_received:0
raft_snapshotreq_received:0
raft_exec_throttled:0
raft_num_sessions:0

------ CONFIG DEBUG OUTPUT ------
lazyfree-lazy-expire no
replica-read-only yes
io-threads-do-reads no
activedefrag no
io-threads 1
slave-read-only yes
lazyfree-lazy-user-flush no
lazyfree-lazy-server-del no
lazyfree-lazy-user-del no
repl-diskless-load disabled
repl-diskless-sync yes
client-query-buffer-limit 1gb
sanitize-dump-payload no
proto-max-bulk-len 512mb
lazyfree-lazy-eviction no
list-compress-depth 0

------ FAST MEMORY TEST ------
2242302:M 02 Jan 2024 04:32:05.102 # main thread terminated
2242302:M 02 Jan 2024 04:32:05.102 # Bio worker thread #0 terminated
2242302:M 02 Jan 2024 04:32:05.102 # Bio worker thread #1 terminated
2242302:M 02 Jan 2024 04:32:05.102 # Bio worker thread #2 terminated

Fast memory test PASSED, however your memory can still be broken. Please run a memory test for several hours if possible.

------ DUMPING CODE AROUND EIP ------
Symbol: __pthread_rwlock_wrlock (base: 0x7fa0155e30b0)
Module: /lib/x86_64-linux-gnu/libc.so.6 (base 0x7fa015554000)
$ xxd -r -p /tmp/dump.hex /tmp/dump.bin
$ objdump --adjust-vma=0x7fa0155e30b0 -D -b binary -m i386:x86-64 /tmp/dump.bin
------
2242302:M 02 Jan 2024 04:32:05.102 # dump of function (hexdump of 128 bytes):
8b5718648b0425d002000039c20f8485000000415741564155415455534889fb4883ec088b0789c189c283c902f00fb10b75f3488d6b0cb801000000f6c202755f89430cf6c201752889d089d183e001c1e90309c80f854501000089d189d083c901f00fb10b89c275dfc7430801000000648b0425d00200008943184531c948

=== REDIS BUG REPORT END. Make sure to include from START to END. ===

       Please report the crash by opening an issue on github:

           http://github.com/redis/redis/issues

  If a Redis module was involved, please open in the module's repo instead.

  Suspect RAM error? Use redis-server --test-memory to verify it.

  Some other issues could be detected by redis-server --check-system

----- Stderr -----
libgcov profiling error:/home/snagendra/Fuzzing/redisraft-fuzzing/build/deps/raft/CMakeFiles/raft.dir/src/raft_server_properties.c.gcda:Merge mismatch for function 12
libgcov profiling error:/home/snagendra/Fuzzing/redisraft-fuzzing/build/deps/raft/CMakeFiles/raft.dir/src/raft_server.c.gcda:Merge mismatch for function 60
libgcov profiling error:/home/snagendra/Fuzzing/redisraft-fuzzing/build/deps/raft/CMakeFiles/raft.dir/src/raft_server_properties.c.gcda:Merge mismatch for function 12
libgcov profiling error:/home/snagendra/Fuzzing/redisraft-fuzzing/build/deps/raft/CMakeFiles/raft.dir/src/raft_server.c.gcda:Merge mismatch for function 60
libgcov profiling error:/home/snagendra/Fuzzing/redisraft-fuzzing/build/deps/raft/CMakeFiles/raft.dir/src/raft_server_properties.c.gcda:Merge mismatch for function 12
libgcov profiling error:/home/snagendra/Fuzzing/redisraft-fuzzing/build/deps/raft/CMakeFiles/raft.dir/src/raft_server.c.gcda:Merge mismatch for function 60




logs for node: 3

----- Stdout -----
2241012:C 02 Jan 2024 04:32:01.760 # WARNING Memory overcommit must be enabled! Without it, a background save or replication may fail under low memory condition. Being disabled, it can also cause failures without low memory condition, see https://github.com/jemalloc/jemalloc/issues/1328. To fix this issue add 'vm.overcommit_memory = 1' to /etc/sysctl.conf and then reboot or run the command 'sysctl vm.overcommit_memory=1' for this to take effect.
2241012:C 02 Jan 2024 04:32:01.760 * oO0OoO0OoO0Oo Redis is starting oO0OoO0OoO0Oo
2241012:C 02 Jan 2024 04:32:01.760 * Redis version=255.255.255, bits=64, commit=e04ebdb8, modified=1, pid=2241012, just started
2241012:C 02 Jan 2024 04:32:01.760 * Configuration loaded
2241012:M 02 Jan 2024 04:32:01.761 * monotonic clock: POSIX clock_gettime
2241012:M 02 Jan 2024 04:32:01.761 * Running mode=standalone, port=5003.
2241012:M 02 Jan 2024 04:32:01.768 * <raft> RedisRaft version 255.255.255 [b779b199]
2241012:M 02 Jan 2024 04:32:01.773 * <raft> Initializing test network
2241012:M 02 Jan 2024 04:32:01.774 * <raft> Created test network client
2241012:M 02 Jan 2024 04:32:01.775 * <raft> Raft module loaded, state is 'uninitialized'
2241012:M 02 Jan 2024 04:32:01.775 * Module 'raft' loaded from /home/snagendra/Fuzzing/redisraft-fuzzing/redisraft.so
2241012:M 02 Jan 2024 04:32:01.775 * Server initialized
2241012:M 02 Jan 2024 04:32:01.776 . The AOF directory appendonlydir doesn't exist
2241012:M 02 Jan 2024 04:32:01.776 * Ready to accept connections tcp
2241012:M 02 Jan 2024 04:32:01.776 . 0 clients connected (0 replicas), 1726288 bytes in use
2241012:M 02 Jan 2024 04:32:01.792 - Accepted 127.0.0.1:47044
2241012:M 02 Jan 2024 04:32:01.792 # Missing implement of connection type tls
2241012:M 02 Jan 2024 04:32:01.875 - <raft> join cluster, connecting to localhost:5001
2241012:M 02 Jan 2024 04:32:01.877 * <raft> Joined Raft cluster, node id: 3, dbid: 7380e516bf5b5ed9c73fb89bf0a00016
2241012:M 02 Jan 2024 04:32:01.883 * <raft> Cluster Membership: term:0 index:0 nodes: id=3,voting=0,active=1,addr=-
2241012:M 02 Jan 2024 04:32:01.884 * <raft> Test network starting message polling thread
2241012:M 02 Jan 2024 04:32:01.909 - Accepted 127.0.0.1:47048
2241012:signal-handler (1704166321) Received SIGINT scheduling shutdown...
2241012:M 02 Jan 2024 04:32:01.978 * User requested shutdown...
2241012:M 02 Jan 2024 04:32:01.978 # Redis is now ready to exit, bye bye...
2241740:C 02 Jan 2024 04:32:03.704 # WARNING Memory overcommit must be enabled! Without it, a background save or replication may fail under low memory condition. Being disabled, it can also cause failures without low memory condition, see https://github.com/jemalloc/jemalloc/issues/1328. To fix this issue add 'vm.overcommit_memory = 1' to /etc/sysctl.conf and then reboot or run the command 'sysctl vm.overcommit_memory=1' for this to take effect.
2241740:C 02 Jan 2024 04:32:03.704 * oO0OoO0OoO0Oo Redis is starting oO0OoO0OoO0Oo
2241740:C 02 Jan 2024 04:32:03.704 * Redis version=255.255.255, bits=64, commit=e04ebdb8, modified=1, pid=2241740, just started
2241740:C 02 Jan 2024 04:32:03.704 * Configuration loaded
2241740:M 02 Jan 2024 04:32:03.704 * monotonic clock: POSIX clock_gettime
2241740:M 02 Jan 2024 04:32:03.705 * Running mode=standalone, port=5003.
2241740:M 02 Jan 2024 04:32:03.711 * <raft> RedisRaft version 255.255.255 [b779b199]
2241740:M 02 Jan 2024 04:32:03.715 * <raft> Initializing test network
2241740:M 02 Jan 2024 04:32:03.716 * <raft> Created test network client
2241740:M 02 Jan 2024 04:32:03.716 * <raft> Raft module loaded, state is 'uninitialized'
2241740:M 02 Jan 2024 04:32:03.716 * Module 'raft' loaded from /home/snagendra/Fuzzing/redisraft-fuzzing/redisraft.so
2241740:M 02 Jan 2024 04:32:03.717 * Server initialized
2241740:M 02 Jan 2024 04:32:03.717 . The AOF directory appendonlydir doesn't exist
2241740:M 02 Jan 2024 04:32:03.717 * Ready to accept connections tcp
2241740:M 02 Jan 2024 04:32:03.717 . 0 clients connected (0 replicas), 1726128 bytes in use
2241740:M 02 Jan 2024 04:32:03.741 - Accepted 127.0.0.1:40728
2241740:M 02 Jan 2024 04:32:03.741 # Missing implement of connection type tls
2241740:M 02 Jan 2024 04:32:03.890 - Accepted 127.0.0.1:40730
2241740:M 02 Jan 2024 04:32:04.262 - Client closed connection id=9 addr=127.0.0.1:40730 laddr=127.0.0.1:5003 fd=10 name= age=1 idle=1 flags=N db=0 sub=0 psub=0 ssub=0 multi=-1 qbuf=0 qbuf-free=20474 argv-mem=0 multi-mem=0 rbs=1024 rbp=0 obl=0 oll=0 omem=0 tot-mem=22400 events=r cmd=auth user=default redir=-1 resp=2 lib-name= lib-ver=
2241740:signal-handler (1704166324) Received SIGINT scheduling shutdown...
2241740:signal-handler (1704166324) You insist... exiting now.

----- Stderr -----
libgcov profiling error:/home/snagendra/Fuzzing/redisraft-fuzzing/build/deps/raft/CMakeFiles/raft.dir/src/raft_server_properties.c.gcda:Merge mismatch for function 12
libgcov profiling error:/home/snagendra/Fuzzing/redisraft-fuzzing/build/deps/raft/CMakeFiles/raft.dir/src/raft_server.c.gcda:Merge mismatch for function 60
libgcov profiling error:/home/snagendra/Fuzzing/redisraft-fuzzing/build/deps/raft/CMakeFiles/raft.dir/src/raft_server_properties.c.gcda:Merge mismatch for function 12
libgcov profiling error:/home/snagendra/Fuzzing/redisraft-fuzzing/build/deps/raft/CMakeFiles/raft.dir/src/raft_server.c.gcda:Merge mismatch for function 60



