logs for node: 1

----- Stdout -----
4058133:C 02 Jan 2024 03:05:12.481 # WARNING Memory overcommit must be enabled! Without it, a background save or replication may fail under low memory condition. Being disabled, it can also cause failures without low memory condition, see https://github.com/jemalloc/jemalloc/issues/1328. To fix this issue add 'vm.overcommit_memory = 1' to /etc/sysctl.conf and then reboot or run the command 'sysctl vm.overcommit_memory=1' for this to take effect.
4058133:C 02 Jan 2024 03:05:12.481 * oO0OoO0OoO0Oo Redis is starting oO0OoO0OoO0Oo
4058133:C 02 Jan 2024 03:05:12.481 * Redis version=255.255.255, bits=64, commit=e04ebdb8, modified=1, pid=4058133, just started
4058133:C 02 Jan 2024 03:05:12.481 * Configuration loaded
4058133:M 02 Jan 2024 03:05:12.482 * monotonic clock: POSIX clock_gettime
4058133:M 02 Jan 2024 03:05:12.482 * Running mode=standalone, port=5011.
4058133:M 02 Jan 2024 03:05:12.488 * <raft> RedisRaft version 255.255.255 [b779b199]
4058133:M 02 Jan 2024 03:05:12.493 * <raft> Initializing test network
4058133:M 02 Jan 2024 03:05:12.493 * <raft> Created test network client
4058133:M 02 Jan 2024 03:05:12.494 * <raft> Raft module loaded, state is 'uninitialized'
4058133:M 02 Jan 2024 03:05:12.494 * Module 'raft' loaded from /home/snagendra/Fuzzing/redisraft-fuzzing/redisraft.so
4058133:M 02 Jan 2024 03:05:12.495 * Server initialized
4058133:M 02 Jan 2024 03:05:12.495 . The AOF directory appendonlydir doesn't exist
4058133:M 02 Jan 2024 03:05:12.496 * Ready to accept connections tcp
4058133:M 02 Jan 2024 03:05:12.496 . 0 clients connected (0 replicas), 1726192 bytes in use
4058133:M 02 Jan 2024 03:05:12.499 - Accepted 127.0.0.1:53554
4058133:M 02 Jan 2024 03:05:12.499 # Missing implement of connection type tls
4058133:M 02 Jan 2024 03:05:12.506 * <raft> Cluster Membership: term:0 index:0 nodes: id=1,voting=0,active=1,addr=-
4058133:M 02 Jan 2024 03:05:12.512 * <raft> State change: Node is now a leader, term 1
4058133:M 02 Jan 2024 03:05:12.512 * <raft> Cluster Membership: term:1 index:1 nodes: id=1,voting=0,active=1,addr=-
4058133:M 02 Jan 2024 03:05:12.513 * <raft> Test network starting message polling thread
4058133:M 02 Jan 2024 03:05:12.513 * <raft> Raft Cluster initialized, node id: 1, dbid: 28098fe21c26a700423185a387ca3c94
4058133:M 02 Jan 2024 03:05:12.629 - Accepted 127.0.0.1:53568
4058133:M 02 Jan 2024 03:05:12.630 * <raft> Cluster Membership: term:1 index:3 nodes: id=1,voting=1,active=1,addr=- id=2,voting=0,active=1,addr=localhost:5012
4058133:M 02 Jan 2024 03:05:12.637 - Client closed connection id=9 addr=127.0.0.1:53568 laddr=127.0.0.1:5011 fd=12 name= age=0 idle=0 flags=N db=0 sub=0 psub=0 ssub=0 multi=-1 qbuf=0 qbuf-free=20474 argv-mem=0 multi-mem=0 rbs=16384 rbp=16384 obl=0 oll=0 omem=0 tot-mem=37760 events=r cmd=raft.node user=default redir=-1 resp=2 lib-name= lib-ver=
4058133:M 02 Jan 2024 03:05:12.754 - Accepted 127.0.0.1:53570
4058133:M 02 Jan 2024 03:05:12.754 * <raft> Cluster Membership: term:1 index:4 nodes: id=1,voting=1,active=1,addr=- id=2,voting=0,active=1,addr=localhost:5012 id=3,voting=0,active=1,addr=localhost:5013
4058133:M 02 Jan 2024 03:05:12.761 - Client closed connection id=10 addr=127.0.0.1:53570 laddr=127.0.0.1:5011 fd=13 name= age=0 idle=0 flags=N db=0 sub=0 psub=0 ssub=0 multi=-1 qbuf=0 qbuf-free=20474 argv-mem=0 multi-mem=0 rbs=16384 rbp=16384 obl=0 oll=0 omem=0 tot-mem=37760 events=r cmd=raft.node user=default redir=-1 resp=2 lib-name= lib-ver=
4058133:M 02 Jan 2024 03:05:12.830 - Accepted 127.0.0.1:53582
4058133:M 02 Jan 2024 03:05:13.237 * <raft> node:2 has sufficient logs, adding as voting node.
4058133:M 02 Jan 2024 03:05:14.317 - Client closed connection id=11 addr=127.0.0.1:53582 laddr=127.0.0.1:5011 fd=14 name= age=2 idle=2 flags=N db=0 sub=0 psub=0 ssub=0 multi=-1 qbuf=0 qbuf-free=20474 argv-mem=0 multi-mem=0 rbs=1024 rbp=0 obl=0 oll=0 omem=0 tot-mem=22400 events=r cmd=auth user=default redir=-1 resp=2 lib-name= lib-ver=
4058133:signal-handler (1704161114) Received SIGINT scheduling shutdown...
4058133:signal-handler (1704161114) You insist... exiting now.
4059556:C 02 Jan 2024 03:05:15.498 # WARNING Memory overcommit must be enabled! Without it, a background save or replication may fail under low memory condition. Being disabled, it can also cause failures without low memory condition, see https://github.com/jemalloc/jemalloc/issues/1328. To fix this issue add 'vm.overcommit_memory = 1' to /etc/sysctl.conf and then reboot or run the command 'sysctl vm.overcommit_memory=1' for this to take effect.
4059556:C 02 Jan 2024 03:05:15.498 * oO0OoO0OoO0Oo Redis is starting oO0OoO0OoO0Oo
4059556:C 02 Jan 2024 03:05:15.498 * Redis version=255.255.255, bits=64, commit=e04ebdb8, modified=1, pid=4059556, just started
4059556:C 02 Jan 2024 03:05:15.498 * Configuration loaded
4059556:M 02 Jan 2024 03:05:15.499 * monotonic clock: POSIX clock_gettime
4059556:M 02 Jan 2024 03:05:15.499 * Running mode=standalone, port=5011.
4059556:M 02 Jan 2024 03:05:15.506 * <raft> RedisRaft version 255.255.255 [b779b199]
4059556:M 02 Jan 2024 03:05:15.510 * <raft> Initializing test network
4059556:M 02 Jan 2024 03:05:15.511 * <raft> Created test network client
4059556:M 02 Jan 2024 03:05:15.513 * <raft> Raft module loaded, state is 'loading'
4059556:M 02 Jan 2024 03:05:15.513 * Module 'raft' loaded from /home/snagendra/Fuzzing/redisraft-fuzzing/redisraft.so
4059556:M 02 Jan 2024 03:05:15.514 * Server initialized
4059556:M 02 Jan 2024 03:05:15.514 . The AOF directory appendonlydir doesn't exist
4059556:M 02 Jan 2024 03:05:15.514 * Ready to accept connections tcp
4059556:M 02 Jan 2024 03:05:15.514 . 0 clients connected (0 replicas), 1746656 bytes in use
4059556:M 02 Jan 2024 03:05:15.614 * <raft> Loading: Redis loading complete, snapshot NOT LOADED
4059556:M 02 Jan 2024 03:05:15.615 * <raft> Cluster Membership: term:0 index:0 nodes: id=1,voting=0,active=1,addr=-
4059556:M 02 Jan 2024 03:05:15.615 * <raft> Test network starting message polling thread
4059556:M 02 Jan 2024 03:05:15.615 * <raft> Cluster Membership: term:0 index:6 nodes: id=1,voting=1,active=1,addr=- id=2,voting=0,active=1,addr=localhost:5012
4059556:M 02 Jan 2024 03:05:15.616 * <raft> Cluster Membership: term:0 index:6 nodes: id=1,voting=1,active=1,addr=- id=2,voting=0,active=1,addr=localhost:5012 id=3,voting=0,active=1,addr=localhost:5013
4059556:M 02 Jan 2024 03:05:15.616 * <raft> Raft state after loading log: log_count=6, first_idx=1, current_idx=6, last_applied_idx=0
4059556:M 02 Jan 2024 03:05:15.616 . <raft> Raft term=1, vote=-1
4059556:M 02 Jan 2024 03:05:15.709 - Accepted 127.0.0.1:53594
4059556:M 02 Jan 2024 03:05:15.709 # Missing implement of connection type tls
4059556:signal-handler (1704161115) Received SIGINT scheduling shutdown...
4059556:signal-handler (1704161115) You insist... exiting now.

----- Stderr -----
libgcov profiling error:/home/snagendra/Fuzzing/redisraft-fuzzing/build/deps/raft/CMakeFiles/raft.dir/src/raft_server.c.gcda:Merge mismatch for function 60
libgcov profiling error:/home/snagendra/Fuzzing/redisraft-fuzzing/build/deps/raft/CMakeFiles/raft.dir/src/raft_server.c.gcda:Merge mismatch for function 60




logs for node: 2

----- Stdout -----
4058167:C 02 Jan 2024 03:05:12.515 # WARNING Memory overcommit must be enabled! Without it, a background save or replication may fail under low memory condition. Being disabled, it can also cause failures without low memory condition, see https://github.com/jemalloc/jemalloc/issues/1328. To fix this issue add 'vm.overcommit_memory = 1' to /etc/sysctl.conf and then reboot or run the command 'sysctl vm.overcommit_memory=1' for this to take effect.
4058167:C 02 Jan 2024 03:05:12.515 * oO0OoO0OoO0Oo Redis is starting oO0OoO0OoO0Oo
4058167:C 02 Jan 2024 03:05:12.515 * Redis version=255.255.255, bits=64, commit=e04ebdb8, modified=1, pid=4058167, just started
4058167:C 02 Jan 2024 03:05:12.515 * Configuration loaded
4058167:M 02 Jan 2024 03:05:12.516 * monotonic clock: POSIX clock_gettime
4058167:M 02 Jan 2024 03:05:12.516 * Running mode=standalone, port=5012.
4058167:M 02 Jan 2024 03:05:12.522 * <raft> RedisRaft version 255.255.255 [b779b199]
4058167:M 02 Jan 2024 03:05:12.527 * <raft> Initializing test network
4058167:M 02 Jan 2024 03:05:12.528 * <raft> Created test network client
4058167:M 02 Jan 2024 03:05:12.528 * <raft> Raft module loaded, state is 'uninitialized'
4058167:M 02 Jan 2024 03:05:12.529 * Module 'raft' loaded from /home/snagendra/Fuzzing/redisraft-fuzzing/redisraft.so
4058167:M 02 Jan 2024 03:05:12.529 * Server initialized
4058167:M 02 Jan 2024 03:05:12.530 . The AOF directory appendonlydir doesn't exist
4058167:M 02 Jan 2024 03:05:12.530 * Ready to accept connections tcp
4058167:M 02 Jan 2024 03:05:12.530 . 0 clients connected (0 replicas), 1726192 bytes in use
4058167:M 02 Jan 2024 03:05:12.558 - Accepted 127.0.0.1:52410
4058167:M 02 Jan 2024 03:05:12.558 # Missing implement of connection type tls
4058167:M 02 Jan 2024 03:05:12.629 - <raft> join cluster, connecting to localhost:5011
4058167:M 02 Jan 2024 03:05:12.631 * <raft> Joined Raft cluster, node id: 2, dbid: 28098fe21c26a700423185a387ca3c94
4058167:M 02 Jan 2024 03:05:12.637 * <raft> Cluster Membership: term:0 index:0 nodes: id=2,voting=0,active=1,addr=-
4058167:M 02 Jan 2024 03:05:12.637 * <raft> Test network starting message polling thread
4058167:M 02 Jan 2024 03:05:12.696 - Accepted 127.0.0.1:52424
4058167:M 02 Jan 2024 03:05:12.769 * <raft> Cluster Membership: term:1 index:2 nodes: id=2,voting=0,active=1,addr=- id=1,voting=1,active=1,addr=localhost:5011
4058167:M 02 Jan 2024 03:05:13.031 * <raft> State change: Election starting, node is now a pre-candidate, term 1
4058167:M 02 Jan 2024 03:05:13.031 * <raft> Cluster Membership: term:1 index:3 nodes: id=2,voting=0,active=1,addr=- id=1,voting=1,active=1,addr=localhost:5011
4058167:M 02 Jan 2024 03:05:13.159 * <raft> State change: Node is now a follower, term 1
4058167:M 02 Jan 2024 03:05:13.159 * <raft> Cluster Membership: term:1 index:3 nodes: id=2,voting=0,active=1,addr=- id=1,voting=1,active=1,addr=localhost:5011
4058167:M 02 Jan 2024 03:05:13.160 * <raft> Cluster Membership: term:1 index:4 nodes: id=2,voting=0,active=1,addr=- id=1,voting=1,active=1,addr=localhost:5011 id=3,voting=0,active=1,addr=localhost:5013
4058167:M 02 Jan 2024 03:05:13.734 * <raft> State change: Election starting, node is now a pre-candidate, term 1
4058167:M 02 Jan 2024 03:05:13.734 * <raft> Cluster Membership: term:1 index:5 nodes: id=2,voting=0,active=1,addr=- id=1,voting=1,active=1,addr=localhost:5011 id=3,voting=0,active=1,addr=localhost:5013
4058167:M 02 Jan 2024 03:05:14.136 * <raft> State change: Election starting, node is now a pre-candidate, term 1
4058167:M 02 Jan 2024 03:05:14.136 * <raft> Cluster Membership: term:1 index:5 nodes: id=2,voting=0,active=1,addr=- id=1,voting=1,active=1,addr=localhost:5011 id=3,voting=0,active=1,addr=localhost:5013
4058167:M 02 Jan 2024 03:05:14.212 * <raft> State change: Node is now a follower, term 1
4058167:M 02 Jan 2024 03:05:14.212 * <raft> Cluster Membership: term:1 index:5 nodes: id=2,voting=0,active=1,addr=- id=1,voting=1,active=1,addr=localhost:5011 id=3,voting=0,active=1,addr=localhost:5013
4058167:signal-handler (1704161114) Received SIGINT scheduling shutdown...
4058167:signal-handler (1704161114) You insist... exiting now.
4059443:C 02 Jan 2024 03:05:15.111 # WARNING Memory overcommit must be enabled! Without it, a background save or replication may fail under low memory condition. Being disabled, it can also cause failures without low memory condition, see https://github.com/jemalloc/jemalloc/issues/1328. To fix this issue add 'vm.overcommit_memory = 1' to /etc/sysctl.conf and then reboot or run the command 'sysctl vm.overcommit_memory=1' for this to take effect.
4059443:C 02 Jan 2024 03:05:15.111 * oO0OoO0OoO0Oo Redis is starting oO0OoO0OoO0Oo
4059443:C 02 Jan 2024 03:05:15.111 * Redis version=255.255.255, bits=64, commit=e04ebdb8, modified=1, pid=4059443, just started
4059443:C 02 Jan 2024 03:05:15.111 * Configuration loaded
4059443:M 02 Jan 2024 03:05:15.111 * monotonic clock: POSIX clock_gettime
4059443:M 02 Jan 2024 03:05:15.112 * Running mode=standalone, port=5012.
4059443:M 02 Jan 2024 03:05:15.118 * <raft> RedisRaft version 255.255.255 [b779b199]
4059443:M 02 Jan 2024 03:05:15.122 * <raft> Initializing test network
4059443:M 02 Jan 2024 03:05:15.123 * <raft> Created test network client
4059443:M 02 Jan 2024 03:05:15.126 * <raft> Raft module loaded, state is 'loading'
4059443:M 02 Jan 2024 03:05:15.126 * Module 'raft' loaded from /home/snagendra/Fuzzing/redisraft-fuzzing/redisraft.so
4059443:M 02 Jan 2024 03:05:15.126 * Server initialized
4059443:M 02 Jan 2024 03:05:15.126 . The AOF directory appendonlydir doesn't exist
4059443:M 02 Jan 2024 03:05:15.126 * Ready to accept connections tcp
4059443:M 02 Jan 2024 03:05:15.127 . 0 clients connected (0 replicas), 1746688 bytes in use
4059443:M 02 Jan 2024 03:05:15.227 * <raft> Loading: Redis loading complete, snapshot NOT LOADED
4059443:M 02 Jan 2024 03:05:15.227 * <raft> Cluster Membership: term:0 index:0 nodes: id=2,voting=0,active=1,addr=-
4059443:M 02 Jan 2024 03:05:15.227 * <raft> Test network starting message polling thread
4059443:M 02 Jan 2024 03:05:15.228 * <raft> Cluster Membership: term:0 index:5 nodes: id=2,voting=0,active=1,addr=- id=1,voting=1,active=1,addr=localhost:5011
4059443:M 02 Jan 2024 03:05:15.228 * <raft> Cluster Membership: term:0 index:5 nodes: id=2,voting=0,active=1,addr=- id=1,voting=1,active=1,addr=localhost:5011 id=3,voting=0,active=1,addr=localhost:5013
4059443:M 02 Jan 2024 03:05:15.228 * <raft> Raft state after loading log: log_count=5, first_idx=1, current_idx=5, last_applied_idx=0
4059443:M 02 Jan 2024 03:05:15.228 . <raft> Raft term=1, vote=-1
4059443:signal-handler (1704161115) Received SIGINT scheduling shutdown...
4059443:signal-handler (1704161115) You insist... exiting now.
4059595:C 02 Jan 2024 03:05:15.590 # WARNING Memory overcommit must be enabled! Without it, a background save or replication may fail under low memory condition. Being disabled, it can also cause failures without low memory condition, see https://github.com/jemalloc/jemalloc/issues/1328. To fix this issue add 'vm.overcommit_memory = 1' to /etc/sysctl.conf and then reboot or run the command 'sysctl vm.overcommit_memory=1' for this to take effect.
4059595:C 02 Jan 2024 03:05:15.590 * oO0OoO0OoO0Oo Redis is starting oO0OoO0OoO0Oo
4059595:C 02 Jan 2024 03:05:15.590 * Redis version=255.255.255, bits=64, commit=e04ebdb8, modified=1, pid=4059595, just started
4059595:C 02 Jan 2024 03:05:15.590 * Configuration loaded
4059595:M 02 Jan 2024 03:05:15.591 * monotonic clock: POSIX clock_gettime
4059595:M 02 Jan 2024 03:05:15.591 * Running mode=standalone, port=5012.
4059595:M 02 Jan 2024 03:05:15.598 * <raft> RedisRaft version 255.255.255 [b779b199]
4059595:M 02 Jan 2024 03:05:15.602 * <raft> Initializing test network
4059595:M 02 Jan 2024 03:05:15.602 * <raft> Created test network client
4059595:M 02 Jan 2024 03:05:15.606 * <raft> Raft module loaded, state is 'loading'
4059595:M 02 Jan 2024 03:05:15.606 * Module 'raft' loaded from /home/snagendra/Fuzzing/redisraft-fuzzing/redisraft.so
4059595:M 02 Jan 2024 03:05:15.607 * Server initialized
4059595:M 02 Jan 2024 03:05:15.607 . The AOF directory appendonlydir doesn't exist
4059595:M 02 Jan 2024 03:05:15.607 * Ready to accept connections tcp
4059595:M 02 Jan 2024 03:05:15.607 . 0 clients connected (0 replicas), 1746688 bytes in use
4059595:M 02 Jan 2024 03:05:15.616 - Accepted 127.0.0.1:52442
4059595:M 02 Jan 2024 03:05:15.616 # Missing implement of connection type tls
4059595:M 02 Jan 2024 03:05:15.706 * <raft> Loading: Redis loading complete, snapshot NOT LOADED
4059595:M 02 Jan 2024 03:05:15.707 * <raft> Cluster Membership: term:0 index:0 nodes: id=2,voting=0,active=1,addr=-
4059595:M 02 Jan 2024 03:05:15.707 * <raft> Test network starting message polling thread
4059595:M 02 Jan 2024 03:05:15.708 * <raft> Cluster Membership: term:0 index:5 nodes: id=2,voting=0,active=1,addr=- id=1,voting=1,active=1,addr=localhost:5011
4059595:M 02 Jan 2024 03:05:15.708 * <raft> Cluster Membership: term:0 index:5 nodes: id=2,voting=0,active=1,addr=- id=1,voting=1,active=1,addr=localhost:5011 id=3,voting=0,active=1,addr=localhost:5013
4059595:M 02 Jan 2024 03:05:15.708 * <raft> Raft state after loading log: log_count=5, first_idx=1, current_idx=5, last_applied_idx=0
4059595:M 02 Jan 2024 03:05:15.708 . <raft> Raft term=1, vote=-1
4059595:M 02 Jan 2024 03:05:15.914 - Client closed connection id=8 addr=127.0.0.1:52442 laddr=127.0.0.1:5012 fd=11 name= age=0 idle=0 flags=N db=0 sub=0 psub=0 ssub=0 multi=-1 qbuf=0 qbuf-free=20474 argv-mem=0 multi-mem=0 rbs=1024 rbp=0 obl=0 oll=0 omem=0 tot-mem=22400 events=r cmd=auth user=default redir=-1 resp=2 lib-name= lib-ver=
4059595:signal-handler (1704161115) Received SIGINT scheduling shutdown...
4059595:signal-handler (1704161115) You insist... exiting now.

----- Stderr -----
libgcov profiling error:/home/snagendra/Fuzzing/redisraft-fuzzing/build/deps/raft/CMakeFiles/raft.dir/src/raft_server.c.gcda:Merge mismatch for function 60
libgcov profiling error:/home/snagendra/Fuzzing/redisraft-fuzzing/build/deps/raft/CMakeFiles/raft.dir/src/raft_server.c.gcda:Merge mismatch for function 60
libgcov profiling error:/home/snagendra/Fuzzing/redisraft-fuzzing/build/deps/raft/CMakeFiles/raft.dir/src/raft_server.c.gcda:Merge mismatch for function 60




logs for node: 3

----- Stdout -----
4058264:C 02 Jan 2024 03:05:12.639 # WARNING Memory overcommit must be enabled! Without it, a background save or replication may fail under low memory condition. Being disabled, it can also cause failures without low memory condition, see https://github.com/jemalloc/jemalloc/issues/1328. To fix this issue add 'vm.overcommit_memory = 1' to /etc/sysctl.conf and then reboot or run the command 'sysctl vm.overcommit_memory=1' for this to take effect.
4058264:C 02 Jan 2024 03:05:12.640 * oO0OoO0OoO0Oo Redis is starting oO0OoO0OoO0Oo
4058264:C 02 Jan 2024 03:05:12.640 * Redis version=255.255.255, bits=64, commit=e04ebdb8, modified=1, pid=4058264, just started
4058264:C 02 Jan 2024 03:05:12.640 * Configuration loaded
4058264:M 02 Jan 2024 03:05:12.640 * monotonic clock: POSIX clock_gettime
4058264:M 02 Jan 2024 03:05:12.640 * Running mode=standalone, port=5013.
4058264:M 02 Jan 2024 03:05:12.647 * <raft> RedisRaft version 255.255.255 [b779b199]
4058264:M 02 Jan 2024 03:05:12.651 * <raft> Initializing test network
4058264:M 02 Jan 2024 03:05:12.652 * <raft> Created test network client
4058264:M 02 Jan 2024 03:05:12.653 * <raft> Raft module loaded, state is 'uninitialized'
4058264:M 02 Jan 2024 03:05:12.653 * Module 'raft' loaded from /home/snagendra/Fuzzing/redisraft-fuzzing/redisraft.so
4058264:M 02 Jan 2024 03:05:12.654 * Server initialized
4058264:M 02 Jan 2024 03:05:12.654 . The AOF directory appendonlydir doesn't exist
4058264:M 02 Jan 2024 03:05:12.655 * Ready to accept connections tcp
4058264:M 02 Jan 2024 03:05:12.655 . 0 clients connected (0 replicas), 1726192 bytes in use
4058264:M 02 Jan 2024 03:05:12.661 - Accepted 127.0.0.1:53894
4058264:M 02 Jan 2024 03:05:12.661 # Missing implement of connection type tls
4058264:M 02 Jan 2024 03:05:12.753 - <raft> join cluster, connecting to localhost:5011
4058264:M 02 Jan 2024 03:05:12.755 * <raft> Joined Raft cluster, node id: 3, dbid: 28098fe21c26a700423185a387ca3c94
4058264:M 02 Jan 2024 03:05:12.761 * <raft> Cluster Membership: term:0 index:0 nodes: id=3,voting=0,active=1,addr=-
4058264:M 02 Jan 2024 03:05:12.761 * <raft> Test network starting message polling thread
4058264:M 02 Jan 2024 03:05:12.796 - Accepted 127.0.0.1:53902
4058264:M 02 Jan 2024 03:05:13.154 * <raft> State change: Election starting, node is now a pre-candidate, term 1
4058264:M 02 Jan 2024 03:05:13.155 * <raft> Cluster Membership: term:1 index:0 nodes: id=3,voting=0,active=1,addr=-
4058264:signal-handler (1704161113) Received SIGINT scheduling shutdown...
4058264:signal-handler (1704161113) You insist... exiting now.
4058764:C 02 Jan 2024 03:05:13.696 # WARNING Memory overcommit must be enabled! Without it, a background save or replication may fail under low memory condition. Being disabled, it can also cause failures without low memory condition, see https://github.com/jemalloc/jemalloc/issues/1328. To fix this issue add 'vm.overcommit_memory = 1' to /etc/sysctl.conf and then reboot or run the command 'sysctl vm.overcommit_memory=1' for this to take effect.
4058764:C 02 Jan 2024 03:05:13.696 * oO0OoO0OoO0Oo Redis is starting oO0OoO0OoO0Oo
4058764:C 02 Jan 2024 03:05:13.696 * Redis version=255.255.255, bits=64, commit=e04ebdb8, modified=1, pid=4058764, just started
4058764:C 02 Jan 2024 03:05:13.696 * Configuration loaded
4058764:M 02 Jan 2024 03:05:13.696 * monotonic clock: POSIX clock_gettime
4058764:M 02 Jan 2024 03:05:13.697 * Running mode=standalone, port=5013.
4058764:M 02 Jan 2024 03:05:13.703 * <raft> RedisRaft version 255.255.255 [b779b199]
4058764:M 02 Jan 2024 03:05:13.708 * <raft> Initializing test network
4058764:M 02 Jan 2024 03:05:13.708 * <raft> Created test network client
4058764:M 02 Jan 2024 03:05:13.711 * <raft> Raft module loaded, state is 'loading'
4058764:M 02 Jan 2024 03:05:13.711 * Module 'raft' loaded from /home/snagendra/Fuzzing/redisraft-fuzzing/redisraft.so
4058764:M 02 Jan 2024 03:05:13.712 * Server initialized
4058764:M 02 Jan 2024 03:05:13.712 . The AOF directory appendonlydir doesn't exist
4058764:M 02 Jan 2024 03:05:13.712 * Ready to accept connections tcp
4058764:M 02 Jan 2024 03:05:13.712 . 0 clients connected (0 replicas), 1746816 bytes in use
4058764:M 02 Jan 2024 03:05:13.734 - Accepted 127.0.0.1:54014
4058764:M 02 Jan 2024 03:05:13.735 # Missing implement of connection type tls
4058764:M 02 Jan 2024 03:05:13.801 - Accepted 127.0.0.1:54030
4058764:M 02 Jan 2024 03:05:13.811 * <raft> Loading: Redis loading complete, snapshot NOT LOADED
4058764:M 02 Jan 2024 03:05:13.812 * <raft> Cluster Membership: term:0 index:0 nodes: id=3,voting=0,active=1,addr=-
4058764:M 02 Jan 2024 03:05:13.812 * <raft> Test network starting message polling thread


=== REDIS BUG REPORT START: Cut & paste starting from here ===
4058764:M 02 Jan 2024 03:05:13.812 # Redis 255.255.255 crashed by signal: 6, si_code: -6
4058764:M 02 Jan 2024 03:05:13.812 # Crashed running the instruction at: 0x7f14f184cd3c

------ STACK TRACE ------
EIP:
/lib/x86_64-linux-gnu/libc.so.6(+0x8ad3c)[0x7f14f184cd3c]

Backtrace:
/lib/x86_64-linux-gnu/libc.so.6(+0x3bfd0)[0x7f14f17fdfd0]
/lib/x86_64-linux-gnu/libc.so.6(+0x8ad3c)[0x7f14f184cd3c]
/lib/x86_64-linux-gnu/libc.so.6(gsignal+0x12)[0x7f14f17fdf32]
/lib/x86_64-linux-gnu/libc.so.6(abort+0xd3)[0x7f14f17e8472]
/lib/x86_64-linux-gnu/libc.so.6(+0x26395)[0x7f14f17e8395]
/lib/x86_64-linux-gnu/libc.so.6(+0x34e32)[0x7f14f17f6e32]
/home/snagendra/Fuzzing/redisraft-fuzzing/redisraft.so(+0x3caea)[0x7f14f1771aea]
/home/snagendra/Fuzzing/redisraft-fuzzing/redisraft.so(callRaftPeriodic+0x478)[0x7f14f1762088]
/home/snagendra/Fuzzing/redis/src/redis-server 0.0.0.0:5013(moduleTimerHandler+0x21c)[0x55721e23498c]
/home/snagendra/Fuzzing/redis/src/redis-server 0.0.0.0:5013(+0x81705)[0x55721e13e705]
/home/snagendra/Fuzzing/redis/src/redis-server 0.0.0.0:5013(aeMain+0x1c8)[0x55721e148cb8]
/home/snagendra/Fuzzing/redis/src/redis-server 0.0.0.0:5013(main+0x3cd)[0x55721e13de2d]
/lib/x86_64-linux-gnu/libc.so.6(+0x271ca)[0x7f14f17e91ca]
/lib/x86_64-linux-gnu/libc.so.6(__libc_start_main+0x85)[0x7f14f17e9285]
/home/snagendra/Fuzzing/redis/src/redis-server 0.0.0.0:5013(_start+0x2a)[0x55721e13e5aa]

------ REGISTERS ------
4058764:M 02 Jan 2024 03:05:13.813 # 
RAX:0000000000000000 RBX:00000000003dee8c
RCX:00007f14f184cd3c RDX:0000000000000006
RDI:00000000003dee8c RSI:00000000003dee8c
RBP:00007f14f17be1c0 RSP:00007fff8468ba20
R8 :0000000000000007 R9 :000055721efbc820
R10:0000000000000008 R11:0000000000000246
R12:0000000000000006 R13:00000000000006a6
R14:00007f14f179e05c R15:000055721e2332b0
RIP:00007f14f184cd3c EFL:0000000000000246
CSGSFS:002b000000000033
4058764:M 02 Jan 2024 03:05:13.813 # (00007fff8468ba2f) -> 000055721efbc8d0
4058764:M 02 Jan 2024 03:05:13.813 # (00007fff8468ba2e) -> 00007f14f1994c60
4058764:M 02 Jan 2024 03:05:13.813 # (00007fff8468ba2d) -> 00000000000002b1
4058764:M 02 Jan 2024 03:05:13.813 # (00007fff8468ba2c) -> 000055721efbc820
4058764:M 02 Jan 2024 03:05:13.813 # (00007fff8468ba2b) -> 00000000000006a6
4058764:M 02 Jan 2024 03:05:13.813 # (00007fff8468ba2a) -> 0000000000000020
4058764:M 02 Jan 2024 03:05:13.813 # (00007fff8468ba29) -> 00007f14f17e8472
4058764:M 02 Jan 2024 03:05:13.813 # (00007fff8468ba28) -> 00007f14f1995e70
4058764:M 02 Jan 2024 03:05:13.813 # (00007fff8468ba27) -> 00007f14f17fdf32
4058764:M 02 Jan 2024 03:05:13.813 # (00007fff8468ba26) -> 00007f14f179e05c
4058764:M 02 Jan 2024 03:05:13.813 # (00007fff8468ba25) -> 00000000000006a6
4058764:M 02 Jan 2024 03:05:13.813 # (00007fff8468ba24) -> 00007f14f179d720
4058764:M 02 Jan 2024 03:05:13.813 # (00007fff8468ba23) -> 00007f14f17be1c0
4058764:M 02 Jan 2024 03:05:13.813 # (00007fff8468ba22) -> 0000000000000006
4058764:M 02 Jan 2024 03:05:13.813 # (00007fff8468ba21) -> e6b23b0526bf7a00
4058764:M 02 Jan 2024 03:05:13.813 # (00007fff8468ba20) -> 000055721e2332b0

------ INFO OUTPUT ------
# Server
redis_version:255.255.255
redis_git_sha1:e04ebdb8
redis_git_dirty:1
redis_build_id:1f78dcc7b4fbdd25
redis_mode:standalone
os:Linux 6.1.60.1.amd64-smp x86_64
arch_bits:64
monotonic_clock:POSIX clock_gettime
multiplexing_api:epoll
atomicvar_api:c11-builtin
gcc_version:10.2.1
process_id:4058764
process_supervised:no
run_id:7b2d23835530b481695b1f4462da3aa31923e161
tcp_port:5013
server_time_usec:1704161113811825
uptime_in_seconds:0
uptime_in_days:0
hz:10
configured_hz:10
lru_clock:9662297
executable:/home/snagendra/Fuzzing/redis/src/redis-server
config_file:
io_threads_active:0
listener0:name=tcp,bind=0.0.0.0,port=5013

# Clients
connected_clients:2
cluster_connections:0
maxclients:10000
client_recent_max_input_buffer:0
client_recent_max_output_buffer:0
blocked_clients:0
tracking_clients:0
clients_in_timeout_table:0
total_blocking_keys:0
total_blocking_keys_on_nokey:0

# Memory
used_memory:1855368
used_memory_human:1.77M
used_memory_rss:17801216
used_memory_rss_human:16.98M
used_memory_peak:1855368
used_memory_peak_human:1.77M
used_memory_peak_perc:100.38%
used_memory_overhead:1746856
used_memory_startup:1746672
used_memory_dataset:108512
used_memory_dataset_perc:99.83%
allocator_allocated:2223040
allocator_active:2777088
allocator_resident:10969088
total_system_memory:270388695040
total_system_memory_human:251.82G
used_memory_lua:31744
used_memory_vm_eval:31744
used_memory_lua_human:31.00K
used_memory_scripts_eval:0
number_of_cached_scripts:0
number_of_functions:0
number_of_libraries:0
used_memory_vm_functions:32768
used_memory_vm_total:64512
used_memory_vm_total_human:63.00K
used_memory_functions:184
used_memory_scripts:184
used_memory_scripts_human:184B
maxmemory:0
maxmemory_human:0B
maxmemory_policy:noeviction
allocator_frag_ratio:1.25
allocator_frag_bytes:554048
allocator_rss_ratio:3.95
allocator_rss_bytes:8192000
rss_overhead_ratio:1.62
rss_overhead_bytes:6832128
mem_fragmentation_ratio:10.19
mem_fragmentation_bytes:16054400
mem_not_counted_for_evict:0
mem_replication_backlog:0
mem_total_replication_buffers:0
mem_clients_slaves:0
mem_clients_normal:0
mem_cluster_links:0
mem_aof_buffer:0
mem_allocator:jemalloc-5.3.0
active_defrag_running:0
lazyfree_pending_objects:0
lazyfreed_objects:0

# Persistence
loading:0
async_loading:0
current_cow_peak:0
current_cow_size:0
current_cow_size_age:0
current_fork_perc:0.00
current_save_keys_processed:0
current_save_keys_total:0
rdb_changes_since_last_save:0
rdb_bgsave_in_progress:0
rdb_last_save_time:1704161113
rdb_last_bgsave_status:ok
rdb_last_bgsave_time_sec:-1
rdb_current_bgsave_time_sec:-1
rdb_saves:0
rdb_last_cow_size:0
rdb_last_load_keys_expired:0
rdb_last_load_keys_loaded:0
aof_enabled:0
aof_rewrite_in_progress:0
aof_rewrite_scheduled:0
aof_last_rewrite_time_sec:-1
aof_current_rewrite_time_sec:-1
aof_last_bgrewrite_status:ok
aof_rewrites:0
aof_rewrites_consecutive_failures:0
aof_last_write_status:ok
aof_last_cow_size:0
module_fork_in_progress:0
module_fork_last_cow_size:0

# Stats
total_connections_received:2
total_commands_processed:8
instantaneous_ops_per_sec:25
total_net_input_bytes:66
total_net_output_bytes:10
total_net_repl_input_bytes:0
total_net_repl_output_bytes:0
instantaneous_input_kbps:0.00
instantaneous_output_kbps:0.00
instantaneous_input_repl_kbps:0.00
instantaneous_output_repl_kbps:0.00
rejected_connections:0
sync_full:0
sync_partial_ok:0
sync_partial_err:0
expired_keys:0
expired_stale_perc:0.00
expired_time_cap_reached_count:0
expire_cycle_cpu_milliseconds:0
evicted_keys:0
evicted_clients:0
total_eviction_exceeded_time:0
current_eviction_exceeded_time:0
keyspace_hits:0
keyspace_misses:0
pubsub_channels:0
pubsub_patterns:0
pubsubshard_channels:0
latest_fork_usec:0
total_forks:0
migrate_cached_sockets:0
slave_expires_tracked_keys:0
active_defrag_hits:0
active_defrag_misses:0
active_defrag_key_hits:0
active_defrag_key_misses:0
total_active_defrag_time:0
current_active_defrag_time:0
tracking_total_keys:0
tracking_total_items:0
tracking_total_prefixes:0
unexpected_error_replies:0
total_error_replies:0
dump_payload_sanitizations:0
total_reads_processed:2
total_writes_processed:2
io_threaded_reads_processed:0
io_threaded_writes_processed:0
reply_buffer_shrinks:0
reply_buffer_expands:0
acl_access_denied_auth:0
acl_access_denied_cmd:0
acl_access_denied_key:0
acl_access_denied_channel:0

# Replication
role:master
connected_slaves:0
master_failover_state:no-failover
master_replid:fe24bf1140f62bfc85e01e6b3571909c717a9d68
master_replid2:0000000000000000000000000000000000000000
master_repl_offset:0
second_repl_offset:-1
repl_backlog_active:0
repl_backlog_size:1048576
repl_backlog_first_byte_offset:0
repl_backlog_histlen:0

# CPU
used_cpu_sys:0.005162
used_cpu_user:0.012246
used_cpu_sys_children:0.000000
used_cpu_user_children:0.000000
used_cpu_sys_main_thread:0.004265
used_cpu_user_main_thread:0.012796

# Modules
module:name=raft,ver=1,api=1,filters=1,usedby=[],using=[],options=[]

# Commandstats
cmdstat_auth:calls=2,usec=3,usec_per_call=1.50,rejected_calls=0,failed_calls=0
cmdstat_config|get:calls=3,usec=5,usec_per_call=1.67,rejected_calls=0,failed_calls=0
cmdstat_config|set:calls=1,usec=6,usec_per_call=6.00,rejected_calls=0,failed_calls=0
cmdstat_command:calls=2,usec=1522,usec_per_call=761.00,rejected_calls=0,failed_calls=0

# Errorstats

# Latencystats
latency_percentiles_usec_auth:p50=1.003,p99=2.007,p99.9=2.007
latency_percentiles_usec_config|get:p50=2.007,p99=2.007,p99.9=2.007
latency_percentiles_usec_config|set:p50=6.015,p99=6.015,p99.9=6.015
latency_percentiles_usec_command:p50=712.703,p99=811.007,p99.9=811.007

# Cluster
cluster_enabled:0

# Keyspace

------ CLIENT LIST OUTPUT ------
id=8 addr=127.0.0.1:54014 laddr=127.0.0.1:5013 fd=11 name= age=0 idle=0 flags=N db=0 sub=0 psub=0 ssub=0 multi=-1 qbuf=0 qbuf-free=20474 argv-mem=0 multi-mem=0 rbs=16384 rbp=16384 obl=0 oll=0 omem=0 tot-mem=37760 events=r cmd=auth user=default redir=-1 resp=2 lib-name= lib-ver=
id=9 addr=127.0.0.1:54030 laddr=127.0.0.1:5013 fd=12 name= age=0 idle=0 flags=N db=0 sub=0 psub=0 ssub=0 multi=-1 qbuf=0 qbuf-free=20474 argv-mem=0 multi-mem=0 rbs=16384 rbp=16384 obl=0 oll=0 omem=0 tot-mem=37760 events=r cmd=auth user=default redir=-1 resp=2 lib-name= lib-ver=

------ MODULES INFO OUTPUT ------
# raft_version
raft_version:255.255.255
raft_git_sha1:b779b199

# raft_general
raft_dbid:28098fe21c26a700423185a387ca3c94
raft_node_id:3
raft_state:up
raft_role:follower
raft_is_voting:no
raft_voted_for:-1
raft_leader_id:-1
raft_current_term:0
raft_num_nodes:1
raft_num_voting_nodes:0

# raft_log
raft_log_entries:0
raft_current_index:0
raft_commit_index:0
raft_last_applied_index:0
raft_file_size:101
raft_cache_memory_size:0
raft_cache_entries:0
raft_client_attached_entries:0
raft_fsync_count:0
raft_fsync_max_microseconds:0
raft_fsync_avg_microseconds:0

# raft_snapshot
raft_snapshot_filename:redis3.rdb
raft_snapshot_last_idx:0
raft_snapshot_last_term:0
raft_snapshot_size:0
raft_snapshot_time_secs:-1
raft_snapshots_created:0
raft_snapshots_received:0
raft_snapshot_in_progress:no
raft_snapshot_in_progress_last_idx:-1
raft_snapshot_in_progress_last_term:-1

# raft_clients
raft_proxy_reqs:0
raft_proxy_failed_reqs:0
raft_proxy_failed_responses:0
raft_proxy_outstanding_reqs:0

# raft_stats
raft_appendreq_received:0
raft_appendreq_with_entry_received:0
raft_snapshotreq_received:0
raft_exec_throttled:0
raft_num_sessions:0

------ CONFIG DEBUG OUTPUT ------
io-threads 1
lazyfree-lazy-eviction no
lazyfree-lazy-server-del no
replica-read-only yes
proto-max-bulk-len 512mb
activedefrag no
lazyfree-lazy-expire no
lazyfree-lazy-user-flush no
lazyfree-lazy-user-del no
io-threads-do-reads no
client-query-buffer-limit 1gb
list-compress-depth 0
slave-read-only yes
repl-diskless-load disabled
sanitize-dump-payload no
repl-diskless-sync yes

------ FAST MEMORY TEST ------
4058764:M 02 Jan 2024 03:05:13.813 # Bio worker thread #0 terminated
4058764:M 02 Jan 2024 03:05:13.813 # Bio worker thread #1 terminated
4058764:M 02 Jan 2024 03:05:13.813 # Bio worker thread #2 terminated
*** Preparing to test memory region 55721e414000 (2273280 bytes)
*** Preparing to test memory region 55721ef67000 (405504 bytes)
*** Preparing to test memory region 7f14e47ff000 (8388608 bytes)
*** Preparing to test memory region 7f14e5000000 (8388608 bytes)
*** Preparing to test memory region 7f14e5800000 (6291456 bytes)
*** Preparing to test memory region 7f14e5ffd000 (8388608 bytes)
*** Preparing to test memory region 7f14e67fe000 (8388608 bytes)
*** Preparing to test memory region 7f14e6fff000 (8388608 bytes)
*** Preparing to test memory region 7f14e7800000 (8388608 bytes)
*** Preparing to test memory region 7f14e8000000 (135168 bytes)
*** Preparing to test memory region 7f14ec51c000 (8388608 bytes)
*** Preparing to test memory region 7f14ecd1d000 (8388608 bytes)
*** Preparing to test memory region 7f14ed51e000 (8388608 bytes)
*** Preparing to test memory region 7f14edd1f000 (8388608 bytes)
*** Preparing to test memory region 7f14ee520000 (8388608 bytes)
*** Preparing to test memory region 7f14eed21000 (8388608 bytes)
*** Preparing to test memory region 7f14ef521000 (2621440 bytes)
*** Preparing to test memory region 7f14ef7b0000 (8192 bytes)
*** Preparing to test memory region 7f14efe7f000 (12288 bytes)
*** Preparing to test memory region 7f14f0418000 (16384 bytes)
*** Preparing to test memory region 7f14f04cd000 (8192 bytes)
*** Preparing to test memory region 7f14f0e00000 (8388608 bytes)
*** Preparing to test memory region 7f14f1662000 (4096 bytes)
*** Preparing to test memory region 7f14f1732000 (12288 bytes)
*** Preparing to test memory region 7f14f17b7000 (45056 bytes)
*** Preparing to test memory region 7f14f1996000 (53248 bytes)
*** Preparing to test memory region 7f14f1ab3000 (8192 bytes)
.O.O.O.O.O.E.E.E.E.E.E.E.E.E.E.4059284:C 02 Jan 2024 03:05:14.792 # WARNING Memory overcommit must be enabled! Without it, a background save or replication may fail under low memory condition. Being disabled, it can also cause failures without low memory condition, see https://github.com/jemalloc/jemalloc/issues/1328. To fix this issue add 'vm.overcommit_memory = 1' to /etc/sysctl.conf and then reboot or run the command 'sysctl vm.overcommit_memory=1' for this to take effect.
4059284:C 02 Jan 2024 03:05:14.792 * oO0OoO0OoO0Oo Redis is starting oO0OoO0OoO0Oo
4059284:C 02 Jan 2024 03:05:14.792 * Redis version=255.255.255, bits=64, commit=e04ebdb8, modified=1, pid=4059284, just started
4059284:C 02 Jan 2024 03:05:14.792 * Configuration loaded
4059284:M 02 Jan 2024 03:05:14.792 * monotonic clock: POSIX clock_gettime
4059284:M 02 Jan 2024 03:05:14.793 * Running mode=standalone, port=5013.
4059284:M 02 Jan 2024 03:05:14.799 * <raft> RedisRaft version 255.255.255 [b779b199]
4059284:M 02 Jan 2024 03:05:14.804 * <raft> Initializing test network
4059284:M 02 Jan 2024 03:05:14.805 * <raft> Created test network client
4059284:M 02 Jan 2024 03:05:14.808 * <raft> Raft module loaded, state is 'loading'
4059284:M 02 Jan 2024 03:05:14.808 * Module 'raft' loaded from /home/snagendra/Fuzzing/redisraft-fuzzing/redisraft.so
4059284:M 02 Jan 2024 03:05:14.808 * Server initialized
4059284:M 02 Jan 2024 03:05:14.808 . The AOF directory appendonlydir doesn't exist
4059284:M 02 Jan 2024 03:05:14.808 * Ready to accept connections tcp
4059284:M 02 Jan 2024 03:05:14.808 . 0 clients connected (0 replicas), 1746688 bytes in use
4059284:signal-handler (1704161114) Received SIGINT scheduling shutdown...
4059284:signal-handler (1704161114) You insist... exiting now.
4059410:C 02 Jan 2024 03:05:15.019 # WARNING Memory overcommit must be enabled! Without it, a background save or replication may fail under low memory condition. Being disabled, it can also cause failures without low memory condition, see https://github.com/jemalloc/jemalloc/issues/1328. To fix this issue add 'vm.overcommit_memory = 1' to /etc/sysctl.conf and then reboot or run the command 'sysctl vm.overcommit_memory=1' for this to take effect.
4059410:C 02 Jan 2024 03:05:15.019 * oO0OoO0OoO0Oo Redis is starting oO0OoO0OoO0Oo
4059410:C 02 Jan 2024 03:05:15.019 * Redis version=255.255.255, bits=64, commit=e04ebdb8, modified=1, pid=4059410, just started
4059410:C 02 Jan 2024 03:05:15.019 * Configuration loaded
4059410:M 02 Jan 2024 03:05:15.020 * monotonic clock: POSIX clock_gettime
4059410:M 02 Jan 2024 03:05:15.020 * Running mode=standalone, port=5013.
4059410:M 02 Jan 2024 03:05:15.027 * <raft> RedisRaft version 255.255.255 [b779b199]
4059410:M 02 Jan 2024 03:05:15.031 * <raft> Initializing test network
4059410:M 02 Jan 2024 03:05:15.032 * <raft> Created test network client
4059410:M 02 Jan 2024 03:05:15.033 * <raft> Raft module loaded, state is 'loading'
4059410:M 02 Jan 2024 03:05:15.033 * Module 'raft' loaded from /home/snagendra/Fuzzing/redisraft-fuzzing/redisraft.so
4059410:M 02 Jan 2024 03:05:15.034 * Server initialized
4059410:M 02 Jan 2024 03:05:15.034 . The AOF directory appendonlydir doesn't exist
4059410:M 02 Jan 2024 03:05:15.034 * Ready to accept connections tcp
4059410:M 02 Jan 2024 03:05:15.034 . 0 clients connected (0 replicas), 1746720 bytes in use
4059410:M 02 Jan 2024 03:05:15.134 * <raft> Loading: Redis loading complete, snapshot NOT LOADED
4059410:M 02 Jan 2024 03:05:15.135 * <raft> Cluster Membership: term:0 index:0 nodes: id=3,voting=0,active=1,addr=-
4059410:M 02 Jan 2024 03:05:15.135 * <raft> Test network starting message polling thread


=== REDIS BUG REPORT START: Cut & paste starting from here ===
4059410:M 02 Jan 2024 03:05:15.135 # Redis 255.255.255 crashed by signal: 6, si_code: -6
4059410:M 02 Jan 2024 03:05:15.135 # Crashed running the instruction at: 0x7f0400bf5d3c

------ STACK TRACE ------
EIP:
/lib/x86_64-linux-gnu/libc.so.6(+0x8ad3c)[0x7f0400bf5d3c]

Backtrace:
/lib/x86_64-linux-gnu/libc.so.6(+0x3bfd0)[0x7f0400ba6fd0]
/lib/x86_64-linux-gnu/libc.so.6(+0x8ad3c)[0x7f0400bf5d3c]
/lib/x86_64-linux-gnu/libc.so.6(gsignal+0x12)[0x7f0400ba6f32]
/lib/x86_64-linux-gnu/libc.so.6(abort+0xd3)[0x7f0400b91472]
/lib/x86_64-linux-gnu/libc.so.6(+0x26395)[0x7f0400b91395]
/lib/x86_64-linux-gnu/libc.so.6(+0x34e32)[0x7f0400b9fe32]
/home/snagendra/Fuzzing/redisraft-fuzzing/redisraft.so(+0x3caea)[0x7f0400b1aaea]
/home/snagendra/Fuzzing/redisraft-fuzzing/redisraft.so(callRaftPeriodic+0x478)[0x7f0400b0b088]
/home/snagendra/Fuzzing/redis/src/redis-server 0.0.0.0:5013(moduleTimerHandler+0x21c)[0x55f0ea0be98c]
/home/snagendra/Fuzzing/redis/src/redis-server 0.0.0.0:5013(+0x81705)[0x55f0e9fc8705]
/home/snagendra/Fuzzing/redis/src/redis-server 0.0.0.0:5013(aeMain+0x1c8)[0x55f0e9fd2cb8]
/home/snagendra/Fuzzing/redis/src/redis-server 0.0.0.0:5013(main+0x3cd)[0x55f0e9fc7e2d]
/lib/x86_64-linux-gnu/libc.so.6(+0x271ca)[0x7f0400b921ca]
/lib/x86_64-linux-gnu/libc.so.6(__libc_start_main+0x85)[0x7f0400b92285]
/home/snagendra/Fuzzing/redis/src/redis-server 0.0.0.0:5013(_start+0x2a)[0x55f0e9fc85aa]

------ REGISTERS ------
4059410:M 02 Jan 2024 03:05:15.136 # 
RAX:0000000000000000 RBX:00000000003df112
RCX:00007f0400bf5d3c RDX:0000000000000006
RDI:00000000003df112 RSI:00000000003df112
RBP:00007f0400b671c0 RSP:00007ffe254b3460
R8 :0000000000000007 R9 :000055f0ea6ad6b0
R10:0000000000000008 R11:0000000000000246
R12:0000000000000006 R13:00000000000006a6
R14:00007f0400b4705c R15:000055f0ea0bd2b0
RIP:00007f0400bf5d3c EFL:0000000000000246
CSGSFS:002b000000000033
4059410:M 02 Jan 2024 03:05:15.136 # (00007ffe254b346f) -> 000055f0ea6ad760
4059410:M 02 Jan 2024 03:05:15.136 # (00007ffe254b346e) -> 00007f0400d3dc60
4059410:M 02 Jan 2024 03:05:15.136 # (00007ffe254b346d) -> 0000000000000421
4059410:M 02 Jan 2024 03:05:15.136 # (00007ffe254b346c) -> 000055f0ea6ad6b0
4059410:M 02 Jan 2024 03:05:15.136 # (00007ffe254b346b) -> 00000000000006a6
4059410:M 02 Jan 2024 03:05:15.136 # (00007ffe254b346a) -> 0000000000000020
4059410:M 02 Jan 2024 03:05:15.136 # (00007ffe254b3469) -> 00007f0400b91472
4059410:M 02 Jan 2024 03:05:15.136 # (00007ffe254b3468) -> 00007f0400d3ee70
4059410:M 02 Jan 2024 03:05:15.136 # (00007ffe254b3467) -> 00007f0400ba6f32
4059410:M 02 Jan 2024 03:05:15.136 # (00007ffe254b3466) -> 00007f0400b4705c
4059410:M 02 Jan 2024 03:05:15.136 # (00007ffe254b3465) -> 00000000000006a6
4059410:M 02 Jan 2024 03:05:15.136 # (00007ffe254b3464) -> 00007f0400b46720
4059410:M 02 Jan 2024 03:05:15.136 # (00007ffe254b3463) -> 00007f0400b671c0
4059410:M 02 Jan 2024 03:05:15.136 # (00007ffe254b3462) -> 0000000000000006
4059410:M 02 Jan 2024 03:05:15.136 # (00007ffe254b3461) -> e93e2a8403391e00
4059410:M 02 Jan 2024 03:05:15.136 # (00007ffe254b3460) -> 000055f0ea0bd2b0

------ INFO OUTPUT ------
# Server
redis_version:255.255.255
redis_git_sha1:e04ebdb8
redis_git_dirty:1
redis_build_id:1f78dcc7b4fbdd25
redis_mode:standalone
os:Linux 6.1.60.1.amd64-smp x86_64
arch_bits:64
monotonic_clock:POSIX clock_gettime
multiplexing_api:epoll
atomicvar_api:c11-builtin
gcc_version:10.2.1
process_id:4059410
process_supervised:no
run_id:9ce5ad5c5c9896b19053bf64f6e5053e949f6604
tcp_port:5013
server_time_usec:1704161115134725
uptime_in_seconds:0
uptime_in_days:0
hz:10
configured_hz:10
lru_clock:9662299
executable:/home/snagendra/Fuzzing/redis/src/redis-server
config_file:
io_threads_active:0
listener0:name=tcp,bind=0.0.0.0,port=5013

# Clients
connected_clients:0
cluster_connections:0
maxclients:10000
client_recent_max_input_buffer:0
client_recent_max_output_buffer:0
blocked_clients:0
tracking_clients:0
clients_in_timeout_table:0
total_blocking_keys:0
total_blocking_keys_on_nokey:0

# Memory
used_memory:1753944
used_memory_human:1.67M
used_memory_rss:17817600
used_memory_rss_human:16.99M
used_memory_peak:1753944
used_memory_peak_human:1.67M
used_memory_peak_perc:100.41%
used_memory_overhead:1746760
used_memory_startup:1746576
used_memory_dataset:7184
used_memory_dataset_perc:97.50%
allocator_allocated:2185000
allocator_active:2719744
allocator_resident:12955648
total_system_memory:270388695040
total_system_memory_human:251.82G
used_memory_lua:31744
used_memory_vm_eval:31744
used_memory_lua_human:31.00K
used_memory_scripts_eval:0
number_of_cached_scripts:0
number_of_functions:0
number_of_libraries:0
used_memory_vm_functions:32768
used_memory_vm_total:64512
used_memory_vm_total_human:63.00K
used_memory_functions:184
used_memory_scripts:184
used_memory_scripts_human:184B
maxmemory:0
maxmemory_human:0B
maxmemory_policy:noeviction
allocator_frag_ratio:1.24
allocator_frag_bytes:534744
allocator_rss_ratio:4.76
allocator_rss_bytes:10235904
rss_overhead_ratio:1.38
rss_overhead_bytes:4861952
mem_fragmentation_ratio:10.20
mem_fragmentation_bytes:16070880
mem_not_counted_for_evict:0
mem_replication_backlog:0
mem_total_replication_buffers:0
mem_clients_slaves:0
mem_clients_normal:0
mem_cluster_links:0
mem_aof_buffer:0
mem_allocator:jemalloc-5.3.0
active_defrag_running:0
lazyfree_pending_objects:0
lazyfreed_objects:0

# Persistence
loading:0
async_loading:0
current_cow_peak:0
current_cow_size:0
current_cow_size_age:0
current_fork_perc:0.00
current_save_keys_processed:0
current_save_keys_total:0
rdb_changes_since_last_save:0
rdb_bgsave_in_progress:0
rdb_last_save_time:1704161115
rdb_last_bgsave_status:ok
rdb_last_bgsave_time_sec:-1
rdb_current_bgsave_time_sec:-1
rdb_saves:0
rdb_last_cow_size:0
rdb_last_load_keys_expired:0
rdb_last_load_keys_loaded:0
aof_enabled:0
aof_rewrite_in_progress:0
aof_rewrite_scheduled:0
aof_last_rewrite_time_sec:-1
aof_current_rewrite_time_sec:-1
aof_last_bgrewrite_status:ok
aof_rewrites:0
aof_rewrites_consecutive_failures:0
aof_last_write_status:ok
aof_last_cow_size:0
module_fork_in_progress:0
module_fork_last_cow_size:0

# Stats
total_connections_received:0
total_commands_processed:6
instantaneous_ops_per_sec:26
total_net_input_bytes:0
total_net_output_bytes:0
total_net_repl_input_bytes:0
total_net_repl_output_bytes:0
instantaneous_input_kbps:0.00
instantaneous_output_kbps:0.00
instantaneous_input_repl_kbps:0.00
instantaneous_output_repl_kbps:0.00
rejected_connections:0
sync_full:0
sync_partial_ok:0
sync_partial_err:0
expired_keys:0
expired_stale_perc:0.00
expired_time_cap_reached_count:0
expire_cycle_cpu_milliseconds:0
evicted_keys:0
evicted_clients:0
total_eviction_exceeded_time:0
current_eviction_exceeded_time:0
keyspace_hits:0
keyspace_misses:0
pubsub_channels:0
pubsub_patterns:0
pubsubshard_channels:0
latest_fork_usec:0
total_forks:0
migrate_cached_sockets:0
slave_expires_tracked_keys:0
active_defrag_hits:0
active_defrag_misses:0
active_defrag_key_hits:0
active_defrag_key_misses:0
total_active_defrag_time:0
current_active_defrag_time:0
tracking_total_keys:0
tracking_total_items:0
tracking_total_prefixes:0
unexpected_error_replies:0
total_error_replies:0
dump_payload_sanitizations:0
total_reads_processed:0
total_writes_processed:0
io_threaded_reads_processed:0
io_threaded_writes_processed:0
reply_buffer_shrinks:0
reply_buffer_expands:0
acl_access_denied_auth:0
acl_access_denied_cmd:0
acl_access_denied_key:0
acl_access_denied_channel:0

# Replication
role:master
connected_slaves:0
master_failover_state:no-failover
master_replid:5556a7634f7f2ce320cbf5371369fd75bcbb9328
master_replid2:0000000000000000000000000000000000000000
master_repl_offset:0
second_repl_offset:-1
repl_backlog_active:0
repl_backlog_size:1048576
repl_backlog_first_byte_offset:0
repl_backlog_histlen:0

# CPU
used_cpu_sys:0.006334
used_cpu_user:0.012669
used_cpu_sys_children:0.000000
used_cpu_user_children:0.000000
used_cpu_sys_main_thread:0.005879
used_cpu_user_main_thread:0.011759

# Modules
module:name=raft,ver=1,api=1,filters=1,usedby=[],using=[],options=[]

# Commandstats
cmdstat_config|get:calls=3,usec=4,usec_per_call=1.33,rejected_calls=0,failed_calls=0
cmdstat_config|set:calls=1,usec=12,usec_per_call=12.00,rejected_calls=0,failed_calls=0
cmdstat_command:calls=2,usec=1590,usec_per_call=795.00,rejected_calls=0,failed_calls=0

# Errorstats

# Latencystats
latency_percentiles_usec_config|get:p50=1.003,p99=2.007,p99.9=2.007
latency_percentiles_usec_config|set:p50=12.031,p99=12.031,p99.9=12.031
latency_percentiles_usec_command:p50=774.143,p99=819.199,p99.9=819.199

# Cluster
cluster_enabled:0

# Keyspace

------ CLIENT LIST OUTPUT ------

------ MODULES INFO OUTPUT ------
# raft_version
raft_version:255.255.255
raft_git_sha1:b779b199

# raft_general
raft_dbid:28098fe21c26a700423185a387ca3c94
raft_node_id:3
raft_state:up
raft_role:follower
raft_is_voting:no
raft_voted_for:-1
raft_leader_id:-1
raft_current_term:0
raft_num_nodes:1
raft_num_voting_nodes:0

# raft_log
raft_log_entries:0
raft_current_index:0
raft_commit_index:0
raft_last_applied_index:0
raft_file_size:101
raft_cache_memory_size:0
raft_cache_entries:0
raft_client_attached_entries:0
raft_fsync_count:0
raft_fsync_max_microseconds:0
raft_fsync_avg_microseconds:0

# raft_snapshot
raft_snapshot_filename:redis3.rdb
raft_snapshot_last_idx:0
raft_snapshot_last_term:0
raft_snapshot_size:0
raft_snapshot_time_secs:-1
raft_snapshots_created:0
raft_snapshots_received:0
raft_snapshot_in_progress:no
raft_snapshot_in_progress_last_idx:-1
raft_snapshot_in_progress_last_term:-1

# raft_clients
raft_proxy_reqs:0
raft_proxy_failed_reqs:0
raft_proxy_failed_responses:0
raft_proxy_outstanding_reqs:0

# raft_stats
raft_appendreq_received:0
raft_appendreq_with_entry_received:0
raft_snapshotreq_received:0
raft_exec_throttled:0
raft_num_sessions:0

------ CONFIG DEBUG OUTPUT ------
replica-read-only yes
client-query-buffer-limit 1gb
repl-diskless-load disabled
io-threads-do-reads no
lazyfree-lazy-eviction no
proto-max-bulk-len 512mb
lazyfree-lazy-expire no
lazyfree-lazy-user-flush no
activedefrag no
repl-diskless-sync yes
lazyfree-lazy-user-del no
list-compress-depth 0
io-threads 1
sanitize-dump-payload no
lazyfree-lazy-server-del no
slave-read-only yes

------ FAST MEMORY TEST ------
4059410:M 02 Jan 2024 03:05:15.136 # Bio worker thread #0 terminated
4059410:M 02 Jan 2024 03:05:15.136 # Bio worker thread #1 terminated
4059410:M 02 Jan 2024 03:05:15.136 # Bio worker thread #2 terminated
*** Preparing to test memory region 55f0ea29e000 (2273280 bytes)
*** Preparing to test memory region 55f0ea658000 (405504 bytes)
*** Preparing to test memory region 7f03dc000000 (135168 bytes)
*** Preparing to test memory region 7f03e4000000 (135168 bytes)
*** Preparing to test memory region 7f03eb7f8000 (8388608 bytes)
*** Preparing to test memory region 7f03ec000000 (135168 bytes)
*** Preparing to test memory region 7f03f3200000 (4194304 bytes)
*** Preparing to test memory region 7f03f37f8000 (8388608 bytes)
*** Preparing to test memory region 7f03f3ff9000 (8388608 bytes)
*** Preparing to test memory region 7f03f47fa000 (8388608 bytes)
*** Preparing to test memory region 7f03f4ffb000 (8388608 bytes)
*** Preparing to test memory region 7f03f57fc000 (8388608 bytes)
*** Preparing to test memory region 7f03f5ffd000 (8388608 bytes)
*** Preparing to test memory region 7f03f67fe000 (8388608 bytes)
*** Preparing to test memory region 7f03f6fff000 (8388608 bytes)
*** Preparing to test memory region 7f03f7800000 (8388608 bytes)
*** Preparing to test memory region 7f03f8000000 (135168 bytes)
*** Preparing to test memory region 7f03fc1fd000 (8388608 bytes)
*** Preparing to test memory region 7f03fc9fe000 (8388608 bytes)
*** Preparing to test memory region 7f03fd1ff000 (8388608 bytes)
*** Preparing to test memory region 7f03fda00000 (8388608 bytes)
*** Preparing to test memory region 7f03fe200000 (6291456 bytes)
*** Preparing to test memory region 7f03fe8d3000 (2621440 bytes)
*** Preparing to test memory region 7f03feb62000 (8192 bytes)
*** Preparing to test memory region 7f03ff27f000 (12288 bytes)
*** Preparing to test memory region 7f03ff818000 (16384 bytes)
*** Preparing to test memory region 7f03ff888000 (8192 bytes)
*** Preparing to test memory region 7f03ff9ff000 (4096 bytes)
*** Preparing to test memory region 7f0400200000 (8388608 bytes)
*** Preparing to test memory region 7f0400adb000 (12288 bytes)
*** Preparing to test memory region 7f0400b60000 (45056 bytes)
*** Preparing to test memory region 7f0400d3f000 (53248 bytes)
*** Preparing to test memory region 7f0400e5c000 (8192 bytes)
.4059410:M 02 Jan 2024 03:05:15.142 * <raft> Cluster Membership: term:1 index:2 nodes: id=3,voting=0,active=1,addr=- id=1,voting=1,active=1,addr=localhost:5011
4059410:M 02 Jan 2024 03:05:15.142 * <raft> Cluster Membership: term:1 index:3 nodes: id=3,voting=0,active=1,addr=- id=1,voting=1,active=1,addr=localhost:5011 id=2,voting=0,active=1,addr=localhost:5012
O.O.O.O.O.O.O.O.O.O.O.O.O.O.O.O.O.O.O.O.O.O.O.O.O.O.O.O.O.O.O.O.O
Fast memory test PASSED, however your memory can still be broken. Please run a memory test for several hours if possible.

------ DUMPING CODE AROUND EIP ------
Symbol: (null) (base: (nil))
Module: /lib/x86_64-linux-gnu/libc.so.6 (base 0x7f0400b6b000)
$ xxd -r -p /tmp/dump.hex /tmp/dump.bin
$ objdump --adjust-vma=(nil) -D -b binary -m i386:x86-64 /tmp/dump.bin
------

=== REDIS BUG REPORT END. Make sure to include from START to END. ===

       Please report the crash by opening an issue on github:

           http://github.com/redis/redis/issues

  If a Redis module was involved, please open in the module's repo instead.

  Suspect RAM error? Use redis-server --test-memory to verify it.

  Some other issues could be detected by redis-server --check-system

----- Stderr -----
libgcov profiling error:/home/snagendra/Fuzzing/redisraft-fuzzing/build/deps/raft/CMakeFiles/raft.dir/src/raft_server.c.gcda:Merge mismatch for function 60
redis-server: /home/snagendra/Fuzzing/redisraft-fuzzing/deps/raft/src/raft_server.c:1702: raft_get_first_entry_idx: Assertion `0 < raft_get_current_idx(me)' failed.
libgcov profiling error:/home/snagendra/Fuzzing/redisraft-fuzzing/build/deps/raft/CMakeFiles/raft.dir/src/raft_server.c.gcda:Merge mismatch for function 60
redis-server: /home/snagendra/Fuzzing/redisraft-fuzzing/deps/raft/src/raft_server.c:1702: raft_get_first_entry_idx: Assertion `0 < raft_get_current_idx(me)' failed.



