logs for node: 1

----- Stdout -----
908683:C 02 Jan 2024 06:18:23.026 # WARNING Memory overcommit must be enabled! Without it, a background save or replication may fail under low memory condition. Being disabled, it can also cause failures without low memory condition, see https://github.com/jemalloc/jemalloc/issues/1328. To fix this issue add 'vm.overcommit_memory = 1' to /etc/sysctl.conf and then reboot or run the command 'sysctl vm.overcommit_memory=1' for this to take effect.
908683:C 02 Jan 2024 06:18:23.027 * oO0OoO0OoO0Oo Redis is starting oO0OoO0OoO0Oo
908683:C 02 Jan 2024 06:18:23.027 * Redis version=255.255.255, bits=64, commit=e04ebdb8, modified=1, pid=908683, just started
908683:C 02 Jan 2024 06:18:23.027 * Configuration loaded
908683:M 02 Jan 2024 06:18:23.027 * monotonic clock: POSIX clock_gettime
908683:M 02 Jan 2024 06:18:23.027 * Running mode=standalone, port=5091.
908683:M 02 Jan 2024 06:18:23.034 * <raft> RedisRaft version 255.255.255 [b779b199]
908683:M 02 Jan 2024 06:18:23.038 * <raft> Initializing test network
908683:M 02 Jan 2024 06:18:23.039 * <raft> Created test network client
908683:M 02 Jan 2024 06:18:23.040 * <raft> Raft module loaded, state is 'uninitialized'
908683:M 02 Jan 2024 06:18:23.040 * Module 'raft' loaded from /home/snagendra/Fuzzing/redisraft-fuzzing/redisraft.so
908683:M 02 Jan 2024 06:18:23.040 * Server initialized
908683:M 02 Jan 2024 06:18:23.041 . The AOF directory appendonlydir doesn't exist
908683:M 02 Jan 2024 06:18:23.041 * Ready to accept connections tcp
908683:M 02 Jan 2024 06:18:23.041 . 0 clients connected (0 replicas), 1726128 bytes in use
908683:M 02 Jan 2024 06:18:23.061 - Accepted 127.0.0.1:60598
908683:M 02 Jan 2024 06:18:23.061 # Missing implement of connection type tls
908683:M 02 Jan 2024 06:18:23.067 * <raft> Cluster Membership: term:0 index:0 nodes: id=1,voting=0,active=1,addr=-
908683:M 02 Jan 2024 06:18:23.072 * <raft> State change: Node is now a leader, term 1
908683:M 02 Jan 2024 06:18:23.073 * <raft> Cluster Membership: term:1 index:1 nodes: id=1,voting=0,active=1,addr=-
908683:M 02 Jan 2024 06:18:23.073 * <raft> Test network starting message polling thread
908683:M 02 Jan 2024 06:18:23.073 * <raft> Raft Cluster initialized, node id: 1, dbid: ca2a88ec0eb5909d9df32eab00f0132c
908683:M 02 Jan 2024 06:18:23.190 - Accepted 127.0.0.1:60614
908683:M 02 Jan 2024 06:18:23.191 * <raft> Cluster Membership: term:1 index:3 nodes: id=1,voting=1,active=1,addr=- id=2,voting=0,active=1,addr=localhost:5092
908683:M 02 Jan 2024 06:18:23.198 - Client closed connection id=9 addr=127.0.0.1:60614 laddr=127.0.0.1:5091 fd=12 name= age=0 idle=0 flags=N db=0 sub=0 psub=0 ssub=0 multi=-1 qbuf=0 qbuf-free=20474 argv-mem=0 multi-mem=0 rbs=16384 rbp=16384 obl=0 oll=0 omem=0 tot-mem=37760 events=r cmd=raft.node user=default redir=-1 resp=2 lib-name= lib-ver=
908683:M 02 Jan 2024 06:18:23.317 - Accepted 127.0.0.1:60630
908683:M 02 Jan 2024 06:18:23.317 * <raft> Cluster Membership: term:1 index:4 nodes: id=1,voting=1,active=1,addr=- id=2,voting=0,active=1,addr=localhost:5092 id=3,voting=0,active=1,addr=localhost:5093
908683:M 02 Jan 2024 06:18:23.324 - Client closed connection id=10 addr=127.0.0.1:60630 laddr=127.0.0.1:5091 fd=13 name= age=0 idle=0 flags=N db=0 sub=0 psub=0 ssub=0 multi=-1 qbuf=0 qbuf-free=20474 argv-mem=0 multi-mem=0 rbs=16384 rbp=16384 obl=0 oll=0 omem=0 tot-mem=37760 events=r cmd=raft.node user=default redir=-1 resp=2 lib-name= lib-ver=
908683:M 02 Jan 2024 06:18:23.417 - Accepted 127.0.0.1:60644
908683:M 02 Jan 2024 06:18:23.554 * <raft> node:3 has sufficient logs, adding as voting node.
908683:M 02 Jan 2024 06:18:23.946 * <raft> State change: Node is now a follower, term 1
908683:M 02 Jan 2024 06:18:23.946 * <raft> Cluster Membership: term:1 index:6 nodes: id=1,voting=1,active=1,addr=- id=2,voting=0,active=1,addr=localhost:5092 id=3,voting=1,active=1,addr=localhost:5093
908683:M 02 Jan 2024 06:18:23.968 - Client closed connection id=11 addr=127.0.0.1:60644 laddr=127.0.0.1:5091 fd=14 name= age=0 idle=0 flags=N db=0 sub=0 psub=0 ssub=0 multi=-1 qbuf=0 qbuf-free=20474 argv-mem=0 multi-mem=0 rbs=1024 rbp=0 obl=0 oll=0 omem=0 tot-mem=22400 events=r cmd=auth user=default redir=-1 resp=2 lib-name= lib-ver=
908683:signal-handler (1704172704) Received SIGINT scheduling shutdown...
908683:signal-handler (1704172704) You insist... exiting now.
909537:C 02 Jan 2024 06:18:25.211 # WARNING Memory overcommit must be enabled! Without it, a background save or replication may fail under low memory condition. Being disabled, it can also cause failures without low memory condition, see https://github.com/jemalloc/jemalloc/issues/1328. To fix this issue add 'vm.overcommit_memory = 1' to /etc/sysctl.conf and then reboot or run the command 'sysctl vm.overcommit_memory=1' for this to take effect.
909537:C 02 Jan 2024 06:18:25.211 * oO0OoO0OoO0Oo Redis is starting oO0OoO0OoO0Oo
909537:C 02 Jan 2024 06:18:25.211 * Redis version=255.255.255, bits=64, commit=e04ebdb8, modified=1, pid=909537, just started
909537:C 02 Jan 2024 06:18:25.211 * Configuration loaded
909537:M 02 Jan 2024 06:18:25.212 * monotonic clock: POSIX clock_gettime
909537:M 02 Jan 2024 06:18:25.212 * Running mode=standalone, port=5091.
909537:M 02 Jan 2024 06:18:25.220 * <raft> RedisRaft version 255.255.255 [b779b199]
909537:M 02 Jan 2024 06:18:25.225 * <raft> Initializing test network
909537:M 02 Jan 2024 06:18:25.225 * <raft> Created test network client
909537:M 02 Jan 2024 06:18:25.228 * <raft> Raft module loaded, state is 'loading'
909537:M 02 Jan 2024 06:18:25.228 * Module 'raft' loaded from /home/snagendra/Fuzzing/redisraft-fuzzing/redisraft.so
909537:M 02 Jan 2024 06:18:25.229 * Server initialized
909537:M 02 Jan 2024 06:18:25.229 . The AOF directory appendonlydir doesn't exist
909537:M 02 Jan 2024 06:18:25.229 * Ready to accept connections tcp
909537:M 02 Jan 2024 06:18:25.229 . 0 clients connected (0 replicas), 1746720 bytes in use
909537:M 02 Jan 2024 06:18:25.303 - Accepted 127.0.0.1:60742
909537:M 02 Jan 2024 06:18:25.303 # Missing implement of connection type tls
909537:M 02 Jan 2024 06:18:25.328 * <raft> Loading: Redis loading complete, snapshot NOT LOADED
909537:M 02 Jan 2024 06:18:25.329 * <raft> Cluster Membership: term:0 index:0 nodes: id=1,voting=0,active=1,addr=-
909537:M 02 Jan 2024 06:18:25.329 * <raft> Test network starting message polling thread


=== REDIS BUG REPORT START: Cut & paste starting from here ===
909537:M 02 Jan 2024 06:18:25.329 # === ASSERTION FAILED ===
909537:M 02 Jan 2024 06:18:25.329 # ==> /home/snagendra/Fuzzing/redisraft-fuzzing/src/log.c:509 'ety != NULL' is not true
909537:M 02 Jan 2024 06:18:25.329 # === ASSERTION FAILED ===
909537:M 02 Jan 2024 06:18:25.329 # ==> /home/snagendra/Fuzzing/redisraft-fuzzing/src/log.c:509 'ety != NULL' is not true

------ STACK TRACE ------

Backtrace:

------ STACK TRACE ------

Backtrace:
/home/snagendra/Fuzzing/redisraft-fuzzing/redisraft.so(+0x25e00)[0x7f9f7619de00]
/home/snagendra/Fuzzing/redisraft-fuzzing/redisraft.so(LogGet+0x60)[0x7f9f7619f1b0]
/home/snagendra/Fuzzing/redisraft-fuzzing/redisraft.so(+0x272ef)[0x7f9f7619f2ef]
/home/snagendra/Fuzzing/redisraft-fuzzing/redisraft.so(raft_get_entry_from_idx+0x1a)[0x7f9f761b345a]
/home/snagendra/Fuzzing/redisraft-fuzzing/redisraft.so(raft_get_last_log_term+0x36)[0x7f9f761b9346]
/home/snagendra/Fuzzing/redisraft-fuzzing/redisraft.so(raft_recv_requestvote+0x16f)[0x7f9f761b408f]
/home/snagendra/Fuzzing/redisraft-fuzzing/redisraft.so(handleTestNetworkMessage+0x1a2)[0x7f9f761ad512]
/home/snagendra/Fuzzing/redisraft-fuzzing/redisraft.so(poll_redis_test_messages+0x89)[0x7f9f761ad5c9]
/lib/x86_64-linux-gnu/libc.so.6(+0x89044)[0x7f9f772eb044]
/lib/x86_64-linux-gnu/libc.so.6(+0x10961c)[0x7f9f7736b61c]

------ INFO OUTPUT ------
/home/snagendra/Fuzzing/redisraft-fuzzing/redisraft.so(+0x25e00)[0x7f9f7619de00]
/home/snagendra/Fuzzing/redisraft-fuzzing/redisraft.so(LogGet+0x60)[0x7f9f7619f1b0]
/home/snagendra/Fuzzing/redisraft-fuzzing/redisraft.so(+0x272ef)[0x7f9f7619f2ef]
/home/snagendra/Fuzzing/redisraft-fuzzing/redisraft.so(raft_restore_log+0x54)[0x7f9f761b88d4]
/home/snagendra/Fuzzing/redisraft-fuzzing/redisraft.so(callRaftPeriodic+0x131)[0x7f9f761a4d41]
/home/snagendra/Fuzzing/redis/src/redis-server 0.0.0.0:5091(moduleTimerHandler+0x21c)[0x56093169198c]
/home/snagendra/Fuzzing/redis/src/redis-server 0.0.0.0:5091(+0x81705)[0x56093159b705]
/home/snagendra/Fuzzing/redis/src/redis-server 0.0.0.0:5091(aeMain+0x1c8)[0x5609315a5cb8]
/home/snagendra/Fuzzing/redis/src/redis-server 0.0.0.0:5091(main+0x3cd)[0x56093159ae2d]
/lib/x86_64-linux-gnu/libc.so.6(+0x271ca)[0x7f9f772891ca]
/lib/x86_64-linux-gnu/libc.so.6(__libc_start_main+0x85)[0x7f9f77289285]
/home/snagendra/Fuzzing/redis/src/redis-server 0.0.0.0:5091(_start+0x2a)[0x56093159b5aa]

------ INFO OUTPUT ------
# Server
redis_version:255.255.255
redis_git_sha1:e04ebdb8
redis_git_dirty:1
redis_build_id:1f78dcc7b4fbdd25
redis_mode:standalone
os:Linux 6.1.60.1.amd64-smp x86_64
arch_bits:64
monotonic_clock:POSIX clock_gettime
multiplexing_api:epoll
atomicvar_api:c11-builtin
gcc_version:10.2.1
process_id:909537
process_supervised:no
run_id:0d10df1161186d728c5878129146e6e3fe38a65e
tcp_port:5091
server_time_usec:1704172705328706
uptime_in_seconds:0
uptime_in_days:0
hz:10
configured_hz:10
lru_clock:9673889
executable:/home/snagendra/Fuzzing/redis/src/redis-server
config_file:
io_threads_active:0
listener0:name=tcp,bind=0.0.0.0,port=5091

# Clients
connected_clients:1
cluster_connections:0
maxclients:10000
client_recent_max_input_buffer:0
client_recent_max_output_buffer:0
blocked_clients:0
tracking_clients:0
clients_in_timeout_table:0
total_blocking_keys:0
total_blocking_keys_on_nokey:0

# Memory
used_memory:1816928
used_memory_human:1.73M
used_memory_rss:17936384
used_memory_rss_human:17.11M
used_memory_peak:1816928
used_memory_peak_human:1.73M
used_memory_peak_perc:100.39%
used_memory_overhead:1746760
used_memory_startup:1746576
used_memory_dataset:70168
used_memory_dataset_perc:99.74%
allocator_allocated:2224928
allocator_active:2805760
allocator_resident:10969088
total_system_memory:270388695040
total_system_memory_human:251.82G
used_memory_lua:31744
used_memory_vm_eval:31744
used_memory_lua_human:31.00K
used_memory_scripts_eval:0
number_of_cached_scripts:0
number_of_functions:0
number_of_libraries:0
used_memory_vm_functions:32768
used_memory_vm_total:64512
used_memory_vm_total_human:63.00K
used_memory_functions:184
used_memory_scripts:184
used_memory_scripts_human:184B
maxmemory:0
maxmemory_human:0B
maxmemory_policy:noeviction
allocator_frag_ratio:1.26
allocator_frag_bytes:580832
allocator_rss_ratio:3.91
allocator_rss_bytes:8163328
rss_overhead_ratio:1.64
rss_overhead_bytes:6967296
mem_fragmentation_ratio:10.27
mem_fragmentation_bytes:16189664
mem_not_counted_for_evict:0
mem_replication_backlog:0
mem_total_replication_buffers:0
mem_clients_slaves:0
mem_clients_normal:0
mem_cluster_links:0
mem_aof_buffer:0
mem_allocator:jemalloc-5.3.0
active_defrag_running:0
lazyfree_pending_objects:0
lazyfreed_objects:0

# Persistence
loading:0
async_loading:0
current_cow_peak:0
current_cow_size:0
current_cow_size_age:0
current_fork_perc:0.00
current_save_keys_processed:0
current_save_keys_total:0
rdb_changes_since_last_save:0
rdb_bgsave_in_progress:0
rdb_last_save_time:1704172705
rdb_last_bgsave_status:ok
rdb_last_bgsave_time_sec:-1
rdb_current_bgsave_time_sec:-1
rdb_saves:0
rdb_last_cow_size:0
rdb_last_load_keys_expired:0
rdb_last_load_keys_loaded:0
aof_enabled:0
aof_rewrite_in_progress:0
aof_rewrite_scheduled:0
aof_last_rewrite_time_sec:-1
aof_current_rewrite_time_sec:-1
aof_last_bgrewrite_status:ok
aof_rewrites:0
aof_rewrites_consecutive_failures:0
aof_last_write_status:ok
aof_last_cow_size:0
module_fork_in_progress:0
module_fork_last_cow_size:0

# Stats
total_connections_received:1
total_commands_processed:7
instantaneous_ops_per_sec:22
total_net_input_bytes:33
total_net_output_bytes:5
total_net_repl_input_bytes:0
total_net_repl_output_bytes:0
instantaneous_input_kbps:0.00
instantaneous_output_kbps:0.00
instantaneous_input_repl_kbps:0.00
instantaneous_output_repl_kbps:0.00
rejected_connections:0
sync_full:0
sync_partial_ok:0
sync_partial_err:0
expired_keys:0
expired_stale_perc:0.00
expired_time_cap_reached_count:0
expire_cycle_cpu_milliseconds:0
evicted_keys:0
evicted_clients:0
total_eviction_exceeded_time:0
current_eviction_exceeded_time:0
keyspace_hits:0
keyspace_misses:0
pubsub_channels:0
pubsub_patterns:0
pubsubshard_channels:0
latest_fork_usec:0
total_forks:0
migrate_cached_sockets:0
slave_expires_tracked_keys:0
active_defrag_hits:0
active_defrag_misses:0
active_defrag_key_hits:0
active_defrag_key_misses:0
total_active_defrag_time:0
current_active_defrag_time:0
tracking_total_keys:0
tracking_total_items:0
tracking_total_prefixes:0
unexpected_error_replies:0
total_error_replies:0
dump_payload_sanitizations:0
total_reads_processed:1
total_writes_processed:1
io_threaded_reads_processed:0
io_threaded_writes_processed:0
reply_buffer_shrinks:0
reply_buffer_expands:0
acl_access_denied_auth:0
acl_access_denied_cmd:0
acl_access_denied_key:0
acl_access_denied_channel:0

# Replication
role:master
connected_slaves:0
master_failover_state:no-failover
master_replid:f633675a1b9334e02546cf21ae4230ad29c45de4
master_replid2:0000000000000000000000000000000000000000
master_repl_offset:0
second_repl_offset:-1
repl_backlog_active:0
repl_backlog_size:1048576
repl_backlog_first_byte_offset:0
repl_backlog_histlen:0

# CPU
used_cpu_sys:0.007539
used_cpu_user:0.012566
used_cpu_sys_children:0.000000
used_cpu_user_children:0.000000
used_cpu_sys_main_thread:0.000000
used_cpu_user_main_thread:0.000571

# Modules
module:name=raft,ver=1,api=1,filters=1,usedby=[],using=[],options=[]

# Commandstats
cmdstat_auth:calls=1,usec=1,usec_per_call=1.00,rejected_calls=0,failed_calls=0
cmdstat_command:calls=2,usec=1666,usec_per_call=833.00,rejected_calls=0,failed_calls=0
cmdstat_config|set:calls=1,usec=9,usec_per_call=9.00,rejected_calls=0,failed_calls=0
cmdstat_config|get:calls=3,usec=5,usec_per_call=1.67,rejected_calls=0,failed_calls=0

# Errorstats

# Latencystats
latency_percentiles_usec_auth:p50=1.003,p99=1.003,p99.9=1.003
latency_percentiles_usec_command:p50=790.527,p99=880.639,p99.9=880.639
latency_percentiles_usec_config|set:p50=9.023,p99=9.023,p99.9=9.023
latency_percentiles_usec_config|get:p50=2.007,p99=2.007,p99.9=2.007

# Cluster
cluster_enabled:0

# Keyspace

------ CLIENT LIST OUTPUT ------
id=8 addr=127.0.0.1:60742 laddr=127.0.0.1:5091 fd=12 name= age=0 idle=0 flags=N db=0 sub=0 psub=0 ssub=0 multi=-1 qbuf=0 qbuf-free=20474 argv-mem=0 multi-mem=0 rbs=16384 rbp=16384 obl=0 oll=0 omem=0 tot-mem=37760 events=r cmd=auth user=default redir=-1 resp=2 lib-name= lib-ver=

------ MODULES INFO OUTPUT ------
# Server
redis_version:255.255.255
redis_git_sha1:e04ebdb8
redis_git_dirty:1
redis_build_id:1f78dcc7b4fbdd25
redis_mode:standalone
os:Linux 6.1.60.1.amd64-smp x86_64
arch_bits:64
monotonic_clock:POSIX clock_gettime
multiplexing_api:epoll
atomicvar_api:c11-builtin
gcc_version:10.2.1
process_id:909537
process_supervised:no
run_id:0d10df1161186d728c5878129146e6e3fe38a65e
tcp_port:5091
server_time_usec:1704172705328706
uptime_in_seconds:0
uptime_in_days:0
hz:10
configured_hz:10
lru_clock:9673889
executable:/home/snagendra/Fuzzing/redis/src/redis-server
config_file:
io_threads_active:0
listener0:name=tcp,bind=0.0.0.0,port=5091

# Clients
connected_clients:1
cluster_connections:0
maxclients:10000
client_recent_max_input_buffer:0
client_recent_max_output_buffer:0
blocked_clients:0
tracking_clients:0
clients_in_timeout_table:0
total_blocking_keys:0
total_blocking_keys_on_nokey:0

# Memory
used_memory:1829376
used_memory_human:1.74M
used_memory_rss:17936384
used_memory_rss_human:17.11M
used_memory_peak:1829376
used_memory_peak_human:1.74M
used_memory_peak_perc:100.69%
used_memory_overhead:1746760
used_memory_startup:1746576
used_memory_dataset:82616
used_memory_dataset_perc:99.78%
allocator_allocated:2224928
allocator_active:2805760
allocator_resident:10969088
total_system_memory:270388695040
total_system_memory_human:251.82G
used_memory_lua:31744
used_memory_vm_eval:31744
used_memory_lua_human:31.00K
used_memory_scripts_eval:0
number_of_cached_scripts:0
number_of_functions:0
number_of_libraries:0
used_memory_vm_functions:32768
used_memory_vm_total:64512
used_memory_vm_total_human:63.00K
used_memory_functions:184
used_memory_scripts:184
used_memory_scripts_human:184B
maxmemory:0
maxmemory_human:0B
maxmemory_policy:noeviction
allocator_frag_ratio:1.26
allocator_frag_bytes:580832
allocator_rss_ratio:3.91
allocator_rss_bytes:8163328
rss_overhead_ratio:1.64
rss_overhead_bytes:6967296
mem_fragmentation_ratio:10.27
mem_fragmentation_bytes:16189664
mem_not_counted_for_evict:0
mem_replication_backlog:0
mem_total_replication_buffers:0
mem_clients_slaves:0
mem_clients_normal:0
mem_cluster_links:0
mem_aof_buffer:0
mem_allocator:jemalloc-5.3.0
active_defrag_running:0
lazyfree_pending_objects:0
lazyfreed_objects:0

# Persistence
loading:0
async_loading:0
current_cow_peak:0
current_cow_size:0
current_cow_size_age:0
current_fork_perc:0.00
current_save_keys_processed:0
current_save_keys_total:0
rdb_changes_since_last_save:0
rdb_bgsave_in_progress:0
rdb_last_save_time:1704172705
rdb_last_bgsave_status:ok
rdb_last_bgsave_time_sec:-1
rdb_current_bgsave_time_sec:-1
rdb_saves:0
rdb_last_cow_size:0
rdb_last_load_keys_expired:0
rdb_last_load_keys_loaded:0
aof_enabled:0
aof_rewrite_in_progress:0
aof_rewrite_scheduled:0
aof_last_rewrite_time_sec:-1
aof_current_rewrite_time_sec:-1
aof_last_bgrewrite_status:ok
aof_rewrites:0
aof_rewrites_consecutive_failures:0
aof_last_write_status:ok
aof_last_cow_size:0
module_fork_in_progress:0
module_fork_last_cow_size:0

# Stats
total_connections_received:1
total_commands_processed:7
instantaneous_ops_per_sec:22
total_net_input_bytes:33
total_net_output_bytes:5
total_net_repl_input_bytes:0
total_net_repl_output_bytes:0
instantaneous_input_kbps:0.00
instantaneous_output_kbps:0.00
instantaneous_input_repl_kbps:0.00
instantaneous_output_repl_kbps:0.00
rejected_connections:0
sync_full:0
sync_partial_ok:0
sync_partial_err:0
expired_keys:0
expired_stale_perc:0.00
expired_time_cap_reached_count:0
expire_cycle_cpu_milliseconds:0
evicted_keys:0
evicted_clients:0
total_eviction_exceeded_time:0
current_eviction_exceeded_time:0
keyspace_hits:0
keyspace_misses:0
pubsub_channels:0
pubsub_patterns:0
pubsubshard_channels:0
latest_fork_usec:0
total_forks:0
migrate_cached_sockets:0
slave_expires_tracked_keys:0
active_defrag_hits:0
active_defrag_misses:0
active_defrag_key_hits:0
active_defrag_key_misses:0
total_active_defrag_time:0
current_active_defrag_time:0
tracking_total_keys:0
tracking_total_items:0
tracking_total_prefixes:0
unexpected_error_replies:0
total_error_replies:0
dump_payload_sanitizations:0
total_reads_processed:1
total_writes_processed:1
io_threaded_reads_processed:0
io_threaded_writes_processed:0
reply_buffer_shrinks:0
reply_buffer_expands:0
acl_access_denied_auth:0
acl_access_denied_cmd:0
acl_access_denied_key:0
acl_access_denied_channel:0

# Replication
role:master
connected_slaves:0
master_failover_state:no-failover
master_replid:f633675a1b9334e02546cf21ae4230ad29c45de4
master_replid2:0000000000000000000000000000000000000000
master_repl_offset:0
second_repl_offset:-1
repl_backlog_active:0
repl_backlog_size:1048576
repl_backlog_first_byte_offset:0
repl_backlog_histlen:0

# CPU
used_cpu_sys:0.007689
used_cpu_user:0.012815
used_cpu_sys_children:0.000000
used_cpu_user_children:0.000000
used_cpu_sys_main_thread:0.008174
used_cpu_user_main_thread:0.010898

# Modules
module:name=raft,ver=1,api=1,filters=1,usedby=[],using=[],options=[]

# Commandstats
cmdstat_auth:calls=1,usec=1,usec_per_call=1.00,rejected_calls=0,failed_calls=0
cmdstat_command:calls=2,usec=1666,usec_per_call=833.00,rejected_calls=0,failed_calls=0
cmdstat_config|set:calls=1,usec=9,usec_per_call=9.00,rejected_calls=0,failed_calls=0
cmdstat_config|get:calls=3,usec=5,usec_per_call=1.67,rejected_calls=0,failed_calls=0

# Errorstats

# Latencystats
latency_percentiles_usec_auth:p50=1.003,p99=1.003,p99.9=1.003
latency_percentiles_usec_command:p50=790.527,p99=880.639,p99.9=880.639
latency_percentiles_usec_config|set:p50=9.023,p99=9.023,p99.9=9.023
latency_percentiles_usec_config|get:p50=2.007,p99=2.007,p99.9=2.007

# Cluster
cluster_enabled:0

# Keyspace

------ CLIENT LIST OUTPUT ------
# raft_version
raft_version:255.255.255
raft_git_sha1:b779b199

# raft_general
raft_dbid:ca2a88ec0eb5909d9df32eab00f0132c
raft_node_id:1
raft_state:up
raft_role:follower
raft_is_voting:yes
raft_voted_for:-1
raft_leader_id:-1
raft_current_term:0
raft_num_nodes:1
raft_num_voting_nodes:1

# raft_log
raft_log_entries:6
raft_current_index:6
raft_commit_index:0
raft_last_applied_index:0
raft_file_size:1639
raft_cache_memory_size:0
raft_cache_entries:0
raft_client_attached_entries:0
raft_fsync_count:0
raft_fsync_max_microseconds:0
raft_entry1:term=1,id=0,data_len=0
raft_entry2:term=1,id=1070194878,data_len=264
raft_entry3:term=1,id=1745669501,data_len=264
raft_entry4:term=1,id=1193372098,data_len=264
raft_entry5:term=1,id=1550300126,data_len=264
raft_fsync_avg_microseconds:0

# raft_snapshot
raft_snapshot_filename:redis1.rdb
raft_snapshot_last_idx:0
raft_snapshot_last_term:0
raft_snapshot_size:0
raft_snapshot_time_secs:-1
raft_snapshots_created:0
raft_snapshots_received:0
raft_snapshot_in_progress:no
raft_snapshot_in_progress_last_idx:-1
raft_snapshot_in_progress_last_term:-1

# raft_clients
raft_proxy_reqs:0
raft_proxy_failed_reqs:0
raft_proxy_failed_responses:0
raft_proxy_outstanding_reqs:0

# raft_stats
raft_appendreq_received:0
raft_appendreq_with_entry_received:0
raft_snapshotreq_received:0
raft_exec_throttled:0
raft_num_sessions:0
id=8 addr=127.0.0.1:60742 laddr=127.0.0.1:5091 fd=12 name= age=0 idle=0 flags=N db=0 sub=0 psub=0 ssub=0 multi=-1 qbuf=0 qbuf-free=20474 argv-mem=0 multi-mem=0 rbs=16384 rbp=16384 obl=0 oll=0 omem=0 tot-mem=37760 events=r cmd=auth user=default redir=-1 resp=2 lib-name= lib-ver=

------ MODULES INFO OUTPUT ------
# raft_version
raft_version:255.255.255
raft_git_sha1:b779b199

# raft_general
raft_dbid:ca2a88ec0eb5909d9df32eab00f0132c
raft_node_id:1
raft_state:up
raft_role:follower
raft_is_voting:yes
raft_voted_for:-1
raft_leader_id:-1
raft_current_term:0
raft_num_nodes:1
raft_num_voting_nodes:1

# raft_log
raft_log_entries:6
raft_current_index:6
raft_commit_index:0
raft_last_applied_index:0
raft_file_size:1639
raft_cache_memory_size:0
raft_cache_entries:0
raft_client_attached_entries:0
raft_fsync_count:0
raft_fsync_max_microseconds:0
raft_entry1:term=1,id=0,data_len=0
raft_entry2:term=1,id=1070194878,data_len=264
raft_entry3:term=1,id=1745669501,data_len=264
raft_entry4:term=1,id=1193372098,data_len=264
raft_entry5:term=1,id=1550300126,data_len=264
raft_fsync_avg_microseconds:0

# raft_snapshot
raft_snapshot_filename:redis1.rdb
raft_snapshot_last_idx:0
raft_snapshot_last_term:0
raft_snapshot_size:0
raft_snapshot_time_secs:-1
raft_snapshots_created:0
raft_snapshots_received:0
raft_snapshot_in_progress:no
raft_snapshot_in_progress_last_idx:-1
raft_snapshot_in_progress_last_term:-1

# raft_clients
raft_proxy_reqs:0
raft_proxy_failed_reqs:0
raft_proxy_failed_responses:0
raft_proxy_outstanding_reqs:0

# raft_stats
raft_appendreq_received:0
raft_appendreq_with_entry_received:0
raft_snapshotreq_received:0
raft_exec_throttled:0
raft_num_sessions:0

------ CONFIG DEBUG OUTPUT ------
repl-diskless-sync yes
lazyfree-lazy-user-flush no
replica-read-only yes
activedefrag no
proto-max-bulk-len 512mb
sanitize-dump-payload no
io-threads 1
io-threads-do-reads no
lazyfree-lazy-user-del no
lazyfree-lazy-expire no
client-query-buffer-limit 1gb
lazyfree-lazy-server-del no
repl-diskless-load disabled
slave-read-only yes
list-compress-depth 0
lazyfree-lazy-eviction no

------ FAST MEMORY TEST ------
909537:M 02 Jan 2024 06:18:25.330 # main thread terminated
909537:M 02 Jan 2024 06:18:25.330 # Bio worker thread #0 terminated
909537:M 02 Jan 2024 06:18:25.330 # Bio worker thread #1 terminated
909537:M 02 Jan 2024 06:18:25.330 # Bio worker thread #2 terminated

Fast memory test PASSED, however your memory can still be broken. Please run a memory test for several hours if possible.

=== REDIS BUG REPORT END. Make sure to include from START to END. ===

       Please report the crash by opening an issue on github:

           http://github.com/redis/redis/issues

  If a Redis module was involved, please open in the module's repo instead.

  Suspect RAM error? Use redis-server --test-memory to verify it.

  Some other issues could be detected by redis-server --check-system

----- Stderr -----
libgcov profiling error:/home/snagendra/Fuzzing/redisraft-fuzzing/build/deps/raft/CMakeFiles/raft.dir/src/raft_server_properties.c.gcda:Merge mismatch for function 20
libgcov profiling error:/home/snagendra/Fuzzing/redisraft-fuzzing/build/deps/raft/CMakeFiles/raft.dir/src/raft_server.c.gcda:Merge mismatch for function 50




logs for node: 2

----- Stdout -----
908711:C 02 Jan 2024 06:18:23.076 # WARNING Memory overcommit must be enabled! Without it, a background save or replication may fail under low memory condition. Being disabled, it can also cause failures without low memory condition, see https://github.com/jemalloc/jemalloc/issues/1328. To fix this issue add 'vm.overcommit_memory = 1' to /etc/sysctl.conf and then reboot or run the command 'sysctl vm.overcommit_memory=1' for this to take effect.
908711:C 02 Jan 2024 06:18:23.076 * oO0OoO0OoO0Oo Redis is starting oO0OoO0OoO0Oo
908711:C 02 Jan 2024 06:18:23.076 * Redis version=255.255.255, bits=64, commit=e04ebdb8, modified=1, pid=908711, just started
908711:C 02 Jan 2024 06:18:23.076 * Configuration loaded
908711:M 02 Jan 2024 06:18:23.076 * monotonic clock: POSIX clock_gettime
908711:M 02 Jan 2024 06:18:23.077 * Running mode=standalone, port=5092.
908711:M 02 Jan 2024 06:18:23.083 * <raft> RedisRaft version 255.255.255 [b779b199]
908711:M 02 Jan 2024 06:18:23.088 * <raft> Initializing test network
908711:M 02 Jan 2024 06:18:23.088 * <raft> Created test network client
908711:M 02 Jan 2024 06:18:23.089 * <raft> Raft module loaded, state is 'uninitialized'
908711:M 02 Jan 2024 06:18:23.089 * Module 'raft' loaded from /home/snagendra/Fuzzing/redisraft-fuzzing/redisraft.so
908711:M 02 Jan 2024 06:18:23.090 * Server initialized
908711:M 02 Jan 2024 06:18:23.090 . The AOF directory appendonlydir doesn't exist
908711:M 02 Jan 2024 06:18:23.091 * Ready to accept connections tcp
908711:M 02 Jan 2024 06:18:23.091 . 0 clients connected (0 replicas), 1726160 bytes in use
908711:M 02 Jan 2024 06:18:23.092 - Accepted 127.0.0.1:57202
908711:M 02 Jan 2024 06:18:23.092 # Missing implement of connection type tls
908711:M 02 Jan 2024 06:18:23.189 - <raft> join cluster, connecting to localhost:5091
908711:M 02 Jan 2024 06:18:23.191 * <raft> Joined Raft cluster, node id: 2, dbid: ca2a88ec0eb5909d9df32eab00f0132c
908711:M 02 Jan 2024 06:18:23.198 * <raft> Cluster Membership: term:0 index:0 nodes: id=2,voting=0,active=1,addr=-
908711:M 02 Jan 2024 06:18:23.198 * <raft> Test network starting message polling thread
908711:M 02 Jan 2024 06:18:23.242 - Accepted 127.0.0.1:57208
908711:M 02 Jan 2024 06:18:23.417 - Accepted 127.0.0.1:57212
908711:signal-handler (1704172703) Received SIGINT scheduling shutdown...
908711:signal-handler (1704172703) You insist... exiting now.
909500:C 02 Jan 2024 06:18:25.150 # WARNING Memory overcommit must be enabled! Without it, a background save or replication may fail under low memory condition. Being disabled, it can also cause failures without low memory condition, see https://github.com/jemalloc/jemalloc/issues/1328. To fix this issue add 'vm.overcommit_memory = 1' to /etc/sysctl.conf and then reboot or run the command 'sysctl vm.overcommit_memory=1' for this to take effect.
909500:C 02 Jan 2024 06:18:25.150 * oO0OoO0OoO0Oo Redis is starting oO0OoO0OoO0Oo
909500:C 02 Jan 2024 06:18:25.150 * Redis version=255.255.255, bits=64, commit=e04ebdb8, modified=1, pid=909500, just started
909500:C 02 Jan 2024 06:18:25.150 * Configuration loaded
909500:M 02 Jan 2024 06:18:25.151 * monotonic clock: POSIX clock_gettime
909500:M 02 Jan 2024 06:18:25.151 * Running mode=standalone, port=5092.
909500:M 02 Jan 2024 06:18:25.158 * <raft> RedisRaft version 255.255.255 [b779b199]
909500:M 02 Jan 2024 06:18:25.163 * <raft> Initializing test network
909500:M 02 Jan 2024 06:18:25.164 * <raft> Created test network client
909500:M 02 Jan 2024 06:18:25.164 * <raft> Raft module loaded, state is 'uninitialized'
909500:M 02 Jan 2024 06:18:25.164 * Module 'raft' loaded from /home/snagendra/Fuzzing/redisraft-fuzzing/redisraft.so
909500:M 02 Jan 2024 06:18:25.165 * Server initialized
909500:M 02 Jan 2024 06:18:25.165 . The AOF directory appendonlydir doesn't exist
909500:M 02 Jan 2024 06:18:25.165 * Ready to accept connections tcp
909500:M 02 Jan 2024 06:18:25.165 . 0 clients connected (0 replicas), 1726352 bytes in use
909500:M 02 Jan 2024 06:18:25.202 - Accepted 127.0.0.1:57298
909500:M 02 Jan 2024 06:18:25.202 # Missing implement of connection type tls
909500:signal-handler (1704172705) Received SIGINT scheduling shutdown...
909500:signal-handler (1704172705) You insist... exiting now.
909675:C 02 Jan 2024 06:18:25.557 # WARNING Memory overcommit must be enabled! Without it, a background save or replication may fail under low memory condition. Being disabled, it can also cause failures without low memory condition, see https://github.com/jemalloc/jemalloc/issues/1328. To fix this issue add 'vm.overcommit_memory = 1' to /etc/sysctl.conf and then reboot or run the command 'sysctl vm.overcommit_memory=1' for this to take effect.
909675:C 02 Jan 2024 06:18:25.557 * oO0OoO0OoO0Oo Redis is starting oO0OoO0OoO0Oo
909675:C 02 Jan 2024 06:18:25.557 * Redis version=255.255.255, bits=64, commit=e04ebdb8, modified=1, pid=909675, just started
909675:C 02 Jan 2024 06:18:25.557 * Configuration loaded
909675:M 02 Jan 2024 06:18:25.557 * monotonic clock: POSIX clock_gettime
909675:M 02 Jan 2024 06:18:25.558 * Running mode=standalone, port=5092.
909675:M 02 Jan 2024 06:18:25.564 * <raft> RedisRaft version 255.255.255 [b779b199]
909675:M 02 Jan 2024 06:18:25.568 * <raft> Initializing test network
909675:M 02 Jan 2024 06:18:25.569 * <raft> Created test network client
909675:M 02 Jan 2024 06:18:25.569 * <raft> Raft module loaded, state is 'uninitialized'
909675:M 02 Jan 2024 06:18:25.569 * Module 'raft' loaded from /home/snagendra/Fuzzing/redisraft-fuzzing/redisraft.so
909675:M 02 Jan 2024 06:18:25.570 * Server initialized
909675:M 02 Jan 2024 06:18:25.570 . The AOF directory appendonlydir doesn't exist
909675:M 02 Jan 2024 06:18:25.570 * Ready to accept connections tcp
909675:M 02 Jan 2024 06:18:25.570 . 0 clients connected (0 replicas), 1726160 bytes in use
909675:M 02 Jan 2024 06:18:25.605 - Accepted 127.0.0.1:57322
909675:M 02 Jan 2024 06:18:25.605 # Missing implement of connection type tls
909675:M 02 Jan 2024 06:18:25.692 - Client closed connection id=8 addr=127.0.0.1:57322 laddr=127.0.0.1:5092 fd=9 name= age=0 idle=0 flags=N db=0 sub=0 psub=0 ssub=0 multi=-1 qbuf=0 qbuf-free=20474 argv-mem=0 multi-mem=0 rbs=16384 rbp=0 obl=0 oll=0 omem=0 tot-mem=37760 events=r cmd=auth user=default redir=-1 resp=2 lib-name= lib-ver=
909675:signal-handler (1704172706) Received SIGINT scheduling shutdown...
909675:signal-handler (1704172706) You insist... exiting now.

----- Stderr -----
libgcov profiling error:/home/snagendra/Fuzzing/redisraft-fuzzing/build/deps/raft/CMakeFiles/raft.dir/src/raft_server_properties.c.gcda:Merge mismatch for function 20
libgcov profiling error:/home/snagendra/Fuzzing/redisraft-fuzzing/build/deps/raft/CMakeFiles/raft.dir/src/raft_server.c.gcda:Merge mismatch for function 50
libgcov profiling error:/home/snagendra/Fuzzing/redisraft-fuzzing/build/deps/raft/CMakeFiles/raft.dir/src/raft_server_properties.c.gcda:Merge mismatch for function 20
libgcov profiling error:/home/snagendra/Fuzzing/redisraft-fuzzing/build/deps/raft/CMakeFiles/raft.dir/src/raft_server.c.gcda:Merge mismatch for function 50
libgcov profiling error:/home/snagendra/Fuzzing/redisraft-fuzzing/build/deps/raft/CMakeFiles/raft.dir/src/raft_server_properties.c.gcda:Merge mismatch for function 20
libgcov profiling error:/home/snagendra/Fuzzing/redisraft-fuzzing/build/deps/raft/CMakeFiles/raft.dir/src/raft_server.c.gcda:Merge mismatch for function 50




logs for node: 3

----- Stdout -----
908766:C 02 Jan 2024 06:18:23.201 # WARNING Memory overcommit must be enabled! Without it, a background save or replication may fail under low memory condition. Being disabled, it can also cause failures without low memory condition, see https://github.com/jemalloc/jemalloc/issues/1328. To fix this issue add 'vm.overcommit_memory = 1' to /etc/sysctl.conf and then reboot or run the command 'sysctl vm.overcommit_memory=1' for this to take effect.
908766:C 02 Jan 2024 06:18:23.201 * oO0OoO0OoO0Oo Redis is starting oO0OoO0OoO0Oo
908766:C 02 Jan 2024 06:18:23.201 * Redis version=255.255.255, bits=64, commit=e04ebdb8, modified=1, pid=908766, just started
908766:C 02 Jan 2024 06:18:23.201 * Configuration loaded
908766:M 02 Jan 2024 06:18:23.201 * monotonic clock: POSIX clock_gettime
908766:M 02 Jan 2024 06:18:23.202 * Running mode=standalone, port=5093.
908766:M 02 Jan 2024 06:18:23.209 * <raft> RedisRaft version 255.255.255 [b779b199]
908766:M 02 Jan 2024 06:18:23.214 * <raft> Initializing test network
908766:M 02 Jan 2024 06:18:23.215 * <raft> Created test network client
908766:M 02 Jan 2024 06:18:23.216 * <raft> Raft module loaded, state is 'uninitialized'
908766:M 02 Jan 2024 06:18:23.216 * Module 'raft' loaded from /home/snagendra/Fuzzing/redisraft-fuzzing/redisraft.so
908766:M 02 Jan 2024 06:18:23.216 * Server initialized
908766:M 02 Jan 2024 06:18:23.217 . The AOF directory appendonlydir doesn't exist
908766:M 02 Jan 2024 06:18:23.217 * Ready to accept connections tcp
908766:M 02 Jan 2024 06:18:23.217 . 0 clients connected (0 replicas), 1726096 bytes in use
908766:M 02 Jan 2024 06:18:23.219 - Accepted 127.0.0.1:58194
908766:M 02 Jan 2024 06:18:23.219 # Missing implement of connection type tls
908766:M 02 Jan 2024 06:18:23.316 - <raft> join cluster, connecting to localhost:5091
908766:M 02 Jan 2024 06:18:23.318 * <raft> Joined Raft cluster, node id: 3, dbid: ca2a88ec0eb5909d9df32eab00f0132c
908766:M 02 Jan 2024 06:18:23.324 * <raft> Cluster Membership: term:0 index:0 nodes: id=3,voting=0,active=1,addr=-
908766:M 02 Jan 2024 06:18:23.324 * <raft> Test network starting message polling thread
908766:M 02 Jan 2024 06:18:23.343 - Accepted 127.0.0.1:58204
908766:M 02 Jan 2024 06:18:23.362 * <raft> Cluster Membership: term:1 index:2 nodes: id=3,voting=0,active=1,addr=- id=1,voting=1,active=1,addr=localhost:5091
908766:M 02 Jan 2024 06:18:23.362 * <raft> Cluster Membership: term:1 index:3 nodes: id=3,voting=0,active=1,addr=- id=1,voting=1,active=1,addr=localhost:5091 id=2,voting=0,active=1,addr=localhost:5092
908766:M 02 Jan 2024 06:18:23.919 * <raft> State change: Election starting, node is now a pre-candidate, term 1
908766:M 02 Jan 2024 06:18:23.919 * <raft> Cluster Membership: term:1 index:4 nodes: id=3,voting=0,active=1,addr=- id=1,voting=1,active=1,addr=localhost:5091 id=2,voting=0,active=1,addr=localhost:5092
908766:signal-handler (1704172703) Received SIGINT scheduling shutdown...
908766:signal-handler (1704172703) You insist... exiting now.
909339:C 02 Jan 2024 06:18:24.783 # WARNING Memory overcommit must be enabled! Without it, a background save or replication may fail under low memory condition. Being disabled, it can also cause failures without low memory condition, see https://github.com/jemalloc/jemalloc/issues/1328. To fix this issue add 'vm.overcommit_memory = 1' to /etc/sysctl.conf and then reboot or run the command 'sysctl vm.overcommit_memory=1' for this to take effect.
909339:C 02 Jan 2024 06:18:24.783 * oO0OoO0OoO0Oo Redis is starting oO0OoO0OoO0Oo
909339:C 02 Jan 2024 06:18:24.783 * Redis version=255.255.255, bits=64, commit=e04ebdb8, modified=1, pid=909339, just started
909339:C 02 Jan 2024 06:18:24.783 * Configuration loaded
909339:M 02 Jan 2024 06:18:24.783 * monotonic clock: POSIX clock_gettime
909339:M 02 Jan 2024 06:18:24.784 * Running mode=standalone, port=5093.
909339:M 02 Jan 2024 06:18:24.790 * <raft> RedisRaft version 255.255.255 [b779b199]
909339:M 02 Jan 2024 06:18:24.794 * <raft> Initializing test network
909339:M 02 Jan 2024 06:18:24.794 * <raft> Created test network client
909339:M 02 Jan 2024 06:18:24.798 * <raft> Raft module loaded, state is 'loading'
909339:M 02 Jan 2024 06:18:24.798 * Module 'raft' loaded from /home/snagendra/Fuzzing/redisraft-fuzzing/redisraft.so
909339:M 02 Jan 2024 06:18:24.798 * Server initialized
909339:M 02 Jan 2024 06:18:24.798 . The AOF directory appendonlydir doesn't exist
909339:M 02 Jan 2024 06:18:24.798 * Ready to accept connections tcp
909339:M 02 Jan 2024 06:18:24.798 . 0 clients connected (0 replicas), 1746688 bytes in use
909339:M 02 Jan 2024 06:18:24.898 * <raft> Loading: Redis loading complete, snapshot NOT LOADED
909339:M 02 Jan 2024 06:18:24.899 * <raft> Cluster Membership: term:0 index:0 nodes: id=3,voting=0,active=1,addr=-
909339:M 02 Jan 2024 06:18:24.899 * <raft> Test network starting message polling thread
909339:M 02 Jan 2024 06:18:24.899 * <raft> Cluster Membership: term:0 index:4 nodes: id=3,voting=0,active=1,addr=- id=1,voting=1,active=1,addr=localhost:5091
909339:M 02 Jan 2024 06:18:24.900 * <raft> Cluster Membership: term:0 index:4 nodes: id=3,voting=0,active=1,addr=- id=1,voting=1,active=1,addr=localhost:5091 id=2,voting=0,active=1,addr=localhost:5092
909339:M 02 Jan 2024 06:18:24.900 * <raft> Raft state after loading log: log_count=4, first_idx=1, current_idx=4, last_applied_idx=0
909339:M 02 Jan 2024 06:18:24.900 . <raft> Raft term=1, vote=-1
909339:M 02 Jan 2024 06:18:25.200 * <raft> State change: Election starting, node is now a pre-candidate, term 1
909339:M 02 Jan 2024 06:18:25.200 * <raft> Cluster Membership: term:1 index:6 nodes: id=3,voting=1,active=1,addr=- id=1,voting=1,active=1,addr=localhost:5091 id=2,voting=0,active=1,addr=localhost:5092
909339:M 02 Jan 2024 06:18:25.502 * <raft> State change: Election starting, node is now a pre-candidate, term 1
909339:M 02 Jan 2024 06:18:25.502 * <raft> Cluster Membership: term:1 index:6 nodes: id=3,voting=1,active=1,addr=- id=1,voting=1,active=1,addr=localhost:5091 id=2,voting=0,active=1,addr=localhost:5092
909339:M 02 Jan 2024 06:18:25.586 * <raft> State change: Node is now a follower, term 1
909339:M 02 Jan 2024 06:18:25.586 * <raft> Cluster Membership: term:1 index:6 nodes: id=3,voting=1,active=1,addr=- id=1,voting=1,active=1,addr=localhost:5091 id=2,voting=0,active=1,addr=localhost:5092
909339:signal-handler (1704172705) Received SIGINT scheduling shutdown...
909339:signal-handler (1704172705) You insist... exiting now.
910144:C 02 Jan 2024 06:18:26.274 # WARNING Memory overcommit must be enabled! Without it, a background save or replication may fail under low memory condition. Being disabled, it can also cause failures without low memory condition, see https://github.com/jemalloc/jemalloc/issues/1328. To fix this issue add 'vm.overcommit_memory = 1' to /etc/sysctl.conf and then reboot or run the command 'sysctl vm.overcommit_memory=1' for this to take effect.
910144:C 02 Jan 2024 06:18:26.274 * oO0OoO0OoO0Oo Redis is starting oO0OoO0OoO0Oo
910144:C 02 Jan 2024 06:18:26.274 * Redis version=255.255.255, bits=64, commit=e04ebdb8, modified=1, pid=910144, just started
910144:C 02 Jan 2024 06:18:26.274 * Configuration loaded
910144:M 02 Jan 2024 06:18:26.274 * monotonic clock: POSIX clock_gettime
910144:M 02 Jan 2024 06:18:26.275 * Running mode=standalone, port=5093.
910144:M 02 Jan 2024 06:18:26.281 * <raft> RedisRaft version 255.255.255 [b779b199]
910144:M 02 Jan 2024 06:18:26.285 * <raft> Initializing test network
910144:M 02 Jan 2024 06:18:26.286 * <raft> Created test network client
910144:M 02 Jan 2024 06:18:26.290 * <raft> Raft module loaded, state is 'loading'
910144:M 02 Jan 2024 06:18:26.290 * Module 'raft' loaded from /home/snagendra/Fuzzing/redisraft-fuzzing/redisraft.so
910144:M 02 Jan 2024 06:18:26.291 * Server initialized
910144:M 02 Jan 2024 06:18:26.291 . The AOF directory appendonlydir doesn't exist
910144:M 02 Jan 2024 06:18:26.291 * Ready to accept connections tcp
910144:M 02 Jan 2024 06:18:26.291 . 0 clients connected (0 replicas), 1746688 bytes in use
910144:signal-handler (1704172706) Received SIGINT scheduling shutdown...
910144:signal-handler (1704172706) You insist... exiting now.
910200:C 02 Jan 2024 06:18:26.380 # WARNING Memory overcommit must be enabled! Without it, a background save or replication may fail under low memory condition. Being disabled, it can also cause failures without low memory condition, see https://github.com/jemalloc/jemalloc/issues/1328. To fix this issue add 'vm.overcommit_memory = 1' to /etc/sysctl.conf and then reboot or run the command 'sysctl vm.overcommit_memory=1' for this to take effect.
910200:C 02 Jan 2024 06:18:26.380 * oO0OoO0OoO0Oo Redis is starting oO0OoO0OoO0Oo
910200:C 02 Jan 2024 06:18:26.380 * Redis version=255.255.255, bits=64, commit=e04ebdb8, modified=1, pid=910200, just started
910200:C 02 Jan 2024 06:18:26.380 * Configuration loaded
910200:M 02 Jan 2024 06:18:26.380 * monotonic clock: POSIX clock_gettime
910200:M 02 Jan 2024 06:18:26.381 * Running mode=standalone, port=5093.
910200:M 02 Jan 2024 06:18:26.387 * <raft> RedisRaft version 255.255.255 [b779b199]
910200:M 02 Jan 2024 06:18:26.392 * <raft> Initializing test network
910200:M 02 Jan 2024 06:18:26.393 * <raft> Created test network client
910200:M 02 Jan 2024 06:18:26.394 * <raft> Raft module loaded, state is 'loading'
910200:M 02 Jan 2024 06:18:26.394 * Module 'raft' loaded from /home/snagendra/Fuzzing/redisraft-fuzzing/redisraft.so
910200:M 02 Jan 2024 06:18:26.395 * Server initialized
910200:M 02 Jan 2024 06:18:26.395 . The AOF directory appendonlydir doesn't exist
910200:M 02 Jan 2024 06:18:26.395 * Ready to accept connections tcp
910200:M 02 Jan 2024 06:18:26.395 . 0 clients connected (0 replicas), 1746688 bytes in use
910200:signal-handler (1704172706) Received SIGINT scheduling shutdown...
910200:signal-handler (1704172706) You insist... exiting now.
910200:M 02 Jan 2024 06:18:26.495 * <raft> Loading: Redis loading complete, snapshot NOT LOADED
910200:M 02 Jan 2024 06:18:26.495 * <raft> Cluster Membership: term:0 index:0 nodes: id=3,voting=0,active=1,addr=-
910200:M 02 Jan 2024 06:18:26.496 * <raft> Test network starting message polling thread


=== REDIS BUG REPORT START: Cut & paste starting from here ===
910200:M 02 Jan 2024 06:18:26.496 # Redis 255.255.255 crashed by signal: 11, si_code: 1
910200:M 02 Jan 2024 06:18:26.496 # Accessing address: 0x18
910200:M 02 Jan 2024 06:18:26.496 # Crashed running the instruction at: 0x7fe5a80a50b0

------ STACK TRACE ------
EIP:
/lib/x86_64-linux-gnu/libc.so.6(__pthread_rwlock_wrlock+0x0)[0x7fe5a80a50b0]

Backtrace:
/lib/x86_64-linux-gnu/libc.so.6(+0x3bfd0)[0x7fe5a8051fd0]
/lib/x86_64-linux-gnu/libc.so.6(__pthread_rwlock_wrlock+0x0)[0x7fe5a80a50b0]
/lib/x86_64-linux-gnu/libcrypto.so.3(CRYPTO_THREAD_write_lock+0x9)[0x7fe5a643df49]
/lib/x86_64-linux-gnu/libcrypto.so.3(ENGINE_get_first+0x3a)[0x7fe5a63e408a]
/lib/x86_64-linux-gnu/libcrypto.so.3(ENGINE_register_all_complete+0x6)[0x7fe5a63e3486]
/lib/x86_64-linux-gnu/libssh2.so.1(libssh2_init+0x39)[0x7fe5a6dfe389]
/lib/x86_64-linux-gnu/libcurl-gnutls.so.4(+0x8146b)[0x7fe5a6f2746b]
/lib/x86_64-linux-gnu/libcurl-gnutls.so.4(+0x22125)[0x7fe5a6ec8125]
/lib/x86_64-linux-gnu/libcurl-gnutls.so.4(curl_global_init+0x3a)[0x7fe5a6ec822a]
/home/snagendra/Fuzzing/redisraft-fuzzing/redisraft.so(redis_test_http_do+0x2c)[0x7fe5a6fc486c]
/home/snagendra/Fuzzing/redisraft-fuzzing/redisraft.so(redis_test_http_post+0x26)[0x7fe5a6fc4a86]
/home/snagendra/Fuzzing/redisraft-fuzzing/redisraft.so(redis_test_send_event+0x84)[0x7fe5a6fc3fa4]
/home/snagendra/Fuzzing/redisraft-fuzzing/redisraft.so(testNetworkSendEvent+0x132)[0x7fe5a6fad782]
/home/snagendra/Fuzzing/redisraft-fuzzing/redisraft.so(testSendMemberShipEvent+0x10f)[0x7fe5a6fa44df]
/home/snagendra/Fuzzing/redisraft-fuzzing/redisraft.so(raftNotifyMembershipEvent+0x6a)[0x7fe5a6fa469a]
/home/snagendra/Fuzzing/redisraft-fuzzing/redisraft.so(raft_add_node_internal+0x139)[0x7fe5a6fb3139]
/home/snagendra/Fuzzing/redisraft-fuzzing/redisraft.so(raft_handle_append_cfg_change+0x19e)[0x7fe5a6fb481e]
/home/snagendra/Fuzzing/redisraft-fuzzing/redisraft.so(raft_restore_log+0xb2)[0x7fe5a6fb8932]
/home/snagendra/Fuzzing/redisraft-fuzzing/redisraft.so(callRaftPeriodic+0x131)[0x7fe5a6fa4d41]
/home/snagendra/Fuzzing/redis/src/redis-server 0.0.0.0:5093(moduleTimerHandler+0x21c)[0x55f7e047298c]
/home/snagendra/Fuzzing/redis/src/redis-server 0.0.0.0:5093(+0x81705)[0x55f7e037c705]
/home/snagendra/Fuzzing/redis/src/redis-server 0.0.0.0:5093(aeMain+0x1c8)[0x55f7e0386cb8]
/home/snagendra/Fuzzing/redis/src/redis-server 0.0.0.0:5093(main+0x3cd)[0x55f7e037be2d]
/lib/x86_64-linux-gnu/libc.so.6(+0x271ca)[0x7fe5a803d1ca]
/lib/x86_64-linux-gnu/libc.so.6(__libc_start_main+0x85)[0x7fe5a803d285]
/home/snagendra/Fuzzing/redis/src/redis-server 0.0.0.0:5093(_start+0x2a)[0x55f7e037c5aa]

------ REGISTERS ------
910200:M 02 Jan 2024 06:18:26.497 # 
RAX:0000000000000001 RBX:000055f7e0e2ef50
RCX:0000000000000000 RDX:0000000000000000
RDI:0000000000000000 RSI:0000000000000000
RBP:00007fe5a667e638 RSP:00007ffd32dfd448
R8 :0000000000000000 R9 :0000000000000000
R10:0000000000000000 R11:0000000000000000
R12:00007ffd32dfd540 R13:000055f7e0e2f5e0
R14:000055f7e087be40 R15:00007ffd32dfd5c8
RIP:00007fe5a80a50b0 EFL:0000000000010206
CSGSFS:002b000000000033
910200:M 02 Jan 2024 06:18:26.497 # (00007ffd32dfd457) -> 000055f7e0e2ef50
910200:M 02 Jan 2024 06:18:26.497 # (00007ffd32dfd456) -> 00007fe5a6ec8125
910200:M 02 Jan 2024 06:18:26.497 # (00007ffd32dfd455) -> 00007ffd32dfd4d0
910200:M 02 Jan 2024 06:18:26.497 # (00007ffd32dfd454) -> 00007fe5a6f2746b
910200:M 02 Jan 2024 06:18:26.497 # (00007ffd32dfd453) -> 000055f7e0e2f5e0
910200:M 02 Jan 2024 06:18:26.497 # (00007ffd32dfd452) -> 0000000032dfd540
910200:M 02 Jan 2024 06:18:26.497 # (00007ffd32dfd451) -> 000055f7e0e2eea0
910200:M 02 Jan 2024 06:18:26.497 # (00007ffd32dfd450) -> 00007fe5a6dfe389
910200:M 02 Jan 2024 06:18:26.497 # (00007ffd32dfd44f) -> 000055f7e0e2ef50
910200:M 02 Jan 2024 06:18:26.497 # (00007ffd32dfd44e) -> 00007fe5a63e3486
910200:M 02 Jan 2024 06:18:26.497 # (00007ffd32dfd44d) -> 000055f7e0e2eea0
910200:M 02 Jan 2024 06:18:26.497 # (00007ffd32dfd44c) -> 000055f7e0e2ef50
910200:M 02 Jan 2024 06:18:26.497 # (00007ffd32dfd44b) -> 00007ffd32dfd540
910200:M 02 Jan 2024 06:18:26.497 # (00007ffd32dfd44a) -> 00007fe5a63e408a
910200:M 02 Jan 2024 06:18:26.497 # (00007ffd32dfd449) -> 000055f7e0e2ef50
910200:M 02 Jan 2024 06:18:26.497 # (00007ffd32dfd448) -> 00007fe5a643df49

------ INFO OUTPUT ------
# Server
redis_version:255.255.255
redis_git_sha1:e04ebdb8
redis_git_dirty:1
redis_build_id:1f78dcc7b4fbdd25
redis_mode:standalone
os:Linux 6.1.60.1.amd64-smp x86_64
arch_bits:64
monotonic_clock:POSIX clock_gettime
multiplexing_api:epoll
atomicvar_api:c11-builtin
gcc_version:10.2.1
process_id:910200
process_supervised:no
run_id:639a84f6888071e57dbe0a92f60c07f0328b3d07
tcp_port:5093
server_time_usec:1704172706495258
uptime_in_seconds:0
uptime_in_days:0
hz:10
configured_hz:10
lru_clock:9673890
executable:/home/snagendra/Fuzzing/redis/src/redis-server
config_file:
io_threads_active:0
listener0:name=tcp,bind=0.0.0.0,port=5093

# Clients
connected_clients:0
cluster_connections:0
maxclients:10000
client_recent_max_input_buffer:0
client_recent_max_output_buffer:0
blocked_clients:0
tracking_clients:0
clients_in_timeout_table:0
total_blocking_keys:0
total_blocking_keys_on_nokey:0

# Memory
used_memory:1755504
used_memory_human:1.67M
used_memory_rss:17854464
used_memory_rss_human:17.03M
used_memory_peak:1755504
used_memory_peak_human:1.67M
used_memory_peak_perc:100.50%
used_memory_overhead:1746728
used_memory_startup:1746544
used_memory_dataset:8776
used_memory_dataset_perc:97.95%
allocator_allocated:2052472
allocator_active:2588672
allocator_resident:10801152
total_system_memory:270388695040
total_system_memory_human:251.82G
used_memory_lua:31744
used_memory_vm_eval:31744
used_memory_lua_human:31.00K
used_memory_scripts_eval:0
number_of_cached_scripts:0
number_of_functions:0
number_of_libraries:0
used_memory_vm_functions:32768
used_memory_vm_total:64512
used_memory_vm_total_human:63.00K
used_memory_functions:184
used_memory_scripts:184
used_memory_scripts_human:184B
maxmemory:0
maxmemory_human:0B
maxmemory_policy:noeviction
allocator_frag_ratio:1.26
allocator_frag_bytes:536200
allocator_rss_ratio:4.17
allocator_rss_bytes:8212480
rss_overhead_ratio:1.65
rss_overhead_bytes:7053312
mem_fragmentation_ratio:10.22
mem_fragmentation_bytes:16107776
mem_not_counted_for_evict:0
mem_replication_backlog:0
mem_total_replication_buffers:0
mem_clients_slaves:0
mem_clients_normal:0
mem_cluster_links:0
mem_aof_buffer:0
mem_allocator:jemalloc-5.3.0
active_defrag_running:0
lazyfree_pending_objects:0
lazyfreed_objects:0

# Persistence
loading:0
async_loading:0
current_cow_peak:0
current_cow_size:0
current_cow_size_age:0
current_fork_perc:0.00
current_save_keys_processed:0
current_save_keys_total:0
rdb_changes_since_last_save:0
rdb_bgsave_in_progress:0
rdb_last_save_time:1704172706
rdb_last_bgsave_status:ok
rdb_last_bgsave_time_sec:-1
rdb_current_bgsave_time_sec:-1
rdb_saves:0
rdb_last_cow_size:0
rdb_last_load_keys_expired:0
rdb_last_load_keys_loaded:0
aof_enabled:0
aof_rewrite_in_progress:0
aof_rewrite_scheduled:0
aof_last_rewrite_time_sec:-1
aof_current_rewrite_time_sec:-1
aof_last_bgrewrite_status:ok
aof_rewrites:0
aof_rewrites_consecutive_failures:0
aof_last_write_status:ok
aof_last_cow_size:0
module_fork_in_progress:0
module_fork_last_cow_size:0

# Stats
total_connections_received:0
total_commands_processed:6
instantaneous_ops_per_sec:25
total_net_input_bytes:0
total_net_output_bytes:0
total_net_repl_input_bytes:0
total_net_repl_output_bytes:0
instantaneous_input_kbps:0.00
instantaneous_output_kbps:0.00
instantaneous_input_repl_kbps:0.00
instantaneous_output_repl_kbps:0.00
rejected_connections:0
sync_full:0
sync_partial_ok:0
sync_partial_err:0
expired_keys:0
expired_stale_perc:0.00
expired_time_cap_reached_count:0
expire_cycle_cpu_milliseconds:0
evicted_keys:0
evicted_clients:0
total_eviction_exceeded_time:0
current_eviction_exceeded_time:0
keyspace_hits:0
keyspace_misses:0
pubsub_channels:0
pubsub_patterns:0
pubsubshard_channels:0
latest_fork_usec:0
total_forks:0
migrate_cached_sockets:0
slave_expires_tracked_keys:0
active_defrag_hits:0
active_defrag_misses:0
active_defrag_key_hits:0
active_defrag_key_misses:0
total_active_defrag_time:0
current_active_defrag_time:0
tracking_total_keys:0
tracking_total_items:0
tracking_total_prefixes:0
unexpected_error_replies:0
total_error_replies:0
dump_payload_sanitizations:0
total_reads_processed:0
total_writes_processed:0
io_threaded_reads_processed:0
io_threaded_writes_processed:0
reply_buffer_shrinks:0
reply_buffer_expands:0
acl_access_denied_auth:0
acl_access_denied_cmd:0
acl_access_denied_key:0
acl_access_denied_channel:0

# Replication
role:master
connected_slaves:0
master_failover_state:no-failover
master_replid:987fc0dc6f584d88da24fcc5a120793ed6fb82c5
master_replid2:0000000000000000000000000000000000000000
master_repl_offset:0
second_repl_offset:-1
repl_backlog_active:0
repl_backlog_size:1048576
repl_backlog_first_byte_offset:0
repl_backlog_histlen:0

# CPU
used_cpu_sys:0.004708
used_cpu_user:0.014124
used_cpu_sys_children:0.000000
used_cpu_user_children:0.000000
used_cpu_sys_main_thread:0.004560
used_cpu_user_main_thread:0.013680

# Modules
module:name=raft,ver=1,api=1,filters=1,usedby=[],using=[],options=[]

# Commandstats
cmdstat_config|get:calls=3,usec=5,usec_per_call=1.67,rejected_calls=0,failed_calls=0
cmdstat_config|set:calls=1,usec=6,usec_per_call=6.00,rejected_calls=0,failed_calls=0
cmdstat_command:calls=2,usec=1672,usec_per_call=836.00,rejected_calls=0,failed_calls=0

# Errorstats

# Latencystats
latency_percentiles_usec_config|get:p50=2.007,p99=2.007,p99.9=2.007
latency_percentiles_usec_config|set:p50=6.015,p99=6.015,p99.9=6.015
latency_percentiles_usec_command:p50=798.719,p99=876.543,p99.9=876.543

# Cluster
cluster_enabled:0

# Keyspace

------ CLIENT LIST OUTPUT ------

------ MODULES INFO OUTPUT ------
# raft_version
raft_version:255.255.255
raft_git_sha1:b779b199

# raft_general
raft_dbid:ca2a88ec0eb5909d9df32eab00f0132c
raft_node_id:3
raft_state:up
raft_role:follower
raft_is_voting:no
raft_voted_for:-1
raft_leader_id:-1
raft_current_term:0
raft_num_nodes:2
raft_num_voting_nodes:1
raft_node1:id=1,state=disconnected,voting=yes,addr=localhost,port=5091,last_conn_secs=-1,conn_errors=0,conn_oks=0

# raft_log
raft_log_entries:6
raft_current_index:6
raft_commit_index:0
raft_last_applied_index:0
raft_file_size:1642
raft_cache_memory_size:0
raft_cache_entries:0
raft_client_attached_entries:0
raft_fsync_count:0
raft_fsync_max_microseconds:0
raft_entry1:term=1,id=0,data_len=0
raft_entry2:term=1,id=1070194878,data_len=264
raft_entry3:term=1,id=1745669501,data_len=264
raft_entry4:term=1,id=1193372098,data_len=264
raft_entry5:term=1,id=1550300126,data_len=264
raft_fsync_avg_microseconds:0

# raft_snapshot
raft_snapshot_filename:redis3.rdb
raft_snapshot_last_idx:0
raft_snapshot_last_term:0
raft_snapshot_size:0
raft_snapshot_time_secs:-1
raft_snapshots_created:0
raft_snapshots_received:0
raft_snapshot_in_progress:no
raft_snapshot_in_progress_last_idx:-1
raft_snapshot_in_progress_last_term:-1

# raft_clients
raft_proxy_reqs:0
raft_proxy_failed_reqs:0
raft_proxy_failed_responses:0
raft_proxy_outstanding_reqs:0

# raft_stats
raft_appendreq_received:0
raft_appendreq_with_entry_received:0
raft_snapshotreq_received:0
raft_exec_throttled:0
raft_num_sessions:0

------ CONFIG DEBUG OUTPUT ------
lazyfree-lazy-eviction no
proto-max-bulk-len 512mb
lazyfree-lazy-user-flush no
lazyfree-lazy-server-del no
activedefrag no
replica-read-only yes
repl-diskless-sync yes
slave-read-only yes
lazyfree-lazy-expire no
io-threads-do-reads no
client-query-buffer-limit 1gb
io-threads 1
list-compress-depth 0
sanitize-dump-payload no
lazyfree-lazy-user-del no
repl-diskless-load disabled

------ FAST MEMORY TEST ------
910200:M 02 Jan 2024 06:18:26.497 # Bio worker thread #0 terminated
910200:M 02 Jan 2024 06:18:26.497 # Bio worker thread #1 terminated
910200:M 02 Jan 2024 06:18:26.497 # Bio worker thread #2 terminated
*** Preparing to test memory region 55f7e0652000 (2273280 bytes)
*** Preparing to test memory region 55f7e0dd9000 (405504 bytes)
*** Preparing to test memory region 7fe59afff000 (8388608 bytes)
*** Preparing to test memory region 7fe59b800000 (8388608 bytes)
*** Preparing to test memory region 7fe59c000000 (6291456 bytes)
*** Preparing to test memory region 7fe59c7fa000 (8388608 bytes)
*** Preparing to test memory region 7fe59cffb000 (8388608 bytes)
*** Preparing to test memory region 7fe59d7fc000 (8388608 bytes)
*** Preparing to test memory region 7fe59dffd000 (8388608 bytes)
*** Preparing to test memory region 7fe59e7fe000 (8388608 bytes)
*** Preparing to test memory region 7fe59efff000 (8388608 bytes)
*** Preparing to test memory region 7fe59f800000 (8388608 bytes)
*** Preparing to test memory region 7fe5a0000000 (135168 bytes)
*** Preparing to test memory region 7fe5a4570000 (8388608 bytes)
*** Preparing to test memory region 7fe5a4d71000 (8388608 bytes)
*** Preparing to test memory region 7fe5a5572000 (8388608 bytes)
*** Preparing to test memory region 7fe5a5d72000 (2621440 bytes)
*** Preparing to test memory region 7fe5a667f000 (12288 bytes)
*** Preparing to test memory region 7fe5a669e000 (8192 bytes)
*** Preparing to test memory region 7fe5a6c18000 (16384 bytes)
*** Preparing to test memory region 7fe5a6d2e000 (8192 bytes)
*** Preparing to test memory region 7fe5a6ea5000 (4096 bytes)
*** Preparing to test memory region 7fe5a6ffa000 (24576 bytes)
*** Preparing to test memory region 7fe5a7800000 (8388608 bytes)
*** Preparing to test memory region 7fe5a8002000 (8192 bytes)
*** Preparing to test memory region 7fe5a8011000 (20480 bytes)
*** Preparing to test memory region 7fe5a81ea000 (53248 bytes)
*** Preparing to test memory region 7fe5a8307000 (8192 bytes)
.O.O.
----- Stderr -----
libgcov profiling error:/home/snagendra/Fuzzing/redisraft-fuzzing/build/deps/raft/CMakeFiles/raft.dir/src/raft_server_properties.c.gcda:Merge mismatch for function 20
libgcov profiling error:/home/snagendra/Fuzzing/redisraft-fuzzing/build/deps/raft/CMakeFiles/raft.dir/src/raft_server.c.gcda:Merge mismatch for function 50
libgcov profiling error:/home/snagendra/Fuzzing/redisraft-fuzzing/build/deps/raft/CMakeFiles/raft.dir/src/raft_server_properties.c.gcda:Merge mismatch for function 20
libgcov profiling error:/home/snagendra/Fuzzing/redisraft-fuzzing/build/deps/raft/CMakeFiles/raft.dir/src/raft_server.c.gcda:Merge mismatch for function 50
libgcov profiling error:/home/snagendra/Fuzzing/redisraft-fuzzing/build/deps/raft/CMakeFiles/raft.dir/src/raft_server_properties.c.gcda:Merge mismatch for function 20
libgcov profiling error:/home/snagendra/Fuzzing/redisraft-fuzzing/build/deps/raft/CMakeFiles/raft.dir/src/raft_server.c.gcda:Merge mismatch for function 50
libgcov profiling error:/home/snagendra/Fuzzing/redisraft-fuzzing/build/deps/raft/CMakeFiles/raft.dir/src/raft_server_properties.c.gcda:Merge mismatch for function 20
libgcov profiling error:/home/snagendra/Fuzzing/redisraft-fuzzing/build/deps/raft/CMakeFiles/raft.dir/src/raft_server.c.gcda:Merge mismatch for function 50



