logs for node: 1

----- Stdout -----
2854464:C 02 Jan 2024 09:59:05.289 # WARNING Memory overcommit must be enabled! Without it, a background save or replication may fail under low memory condition. Being disabled, it can also cause failures without low memory condition, see https://github.com/jemalloc/jemalloc/issues/1328. To fix this issue add 'vm.overcommit_memory = 1' to /etc/sysctl.conf and then reboot or run the command 'sysctl vm.overcommit_memory=1' for this to take effect.
2854464:C 02 Jan 2024 09:59:05.289 * oO0OoO0OoO0Oo Redis is starting oO0OoO0OoO0Oo
2854464:C 02 Jan 2024 09:59:05.289 * Redis version=255.255.255, bits=64, commit=e04ebdb8, modified=1, pid=2854464, just started
2854464:C 02 Jan 2024 09:59:05.289 * Configuration loaded
2854464:M 02 Jan 2024 09:59:05.290 * monotonic clock: POSIX clock_gettime
2854464:M 02 Jan 2024 09:59:05.290 * Running mode=standalone, port=5071.
2854464:M 02 Jan 2024 09:59:05.297 * <raft> RedisRaft version 255.255.255 [b779b199]
2854464:M 02 Jan 2024 09:59:05.303 * <raft> Initializing test network
2854464:M 02 Jan 2024 09:59:05.304 * <raft> Created test network client
2854464:M 02 Jan 2024 09:59:05.304 * <raft> Raft module loaded, state is 'uninitialized'
2854464:M 02 Jan 2024 09:59:05.304 * Module 'raft' loaded from /home/snagendra/Fuzzing/redisraft-fuzzing/redisraft.so
2854464:M 02 Jan 2024 09:59:05.305 * Server initialized
2854464:M 02 Jan 2024 09:59:05.305 . The AOF directory appendonlydir doesn't exist
2854464:M 02 Jan 2024 09:59:05.306 * Ready to accept connections tcp
2854464:M 02 Jan 2024 09:59:05.306 . 0 clients connected (0 replicas), 1726192 bytes in use
2854464:M 02 Jan 2024 09:59:05.307 - Accepted 127.0.0.1:33062
2854464:M 02 Jan 2024 09:59:05.307 # Missing implement of connection type tls
2854464:M 02 Jan 2024 09:59:05.313 * <raft> Cluster Membership: term:0 index:0 nodes: id=1,voting=0,active=1,addr=-
2854464:M 02 Jan 2024 09:59:05.318 * <raft> State change: Node is now a leader, term 1
2854464:M 02 Jan 2024 09:59:05.318 * <raft> Cluster Membership: term:1 index:1 nodes: id=1,voting=0,active=1,addr=-
2854464:M 02 Jan 2024 09:59:05.319 * <raft> Test network starting message polling thread
2854464:M 02 Jan 2024 09:59:05.319 * <raft> Raft Cluster initialized, node id: 1, dbid: 6fb13e0091729ce0797941e482155139
2854464:M 02 Jan 2024 09:59:05.436 - Accepted 127.0.0.1:33074
2854464:M 02 Jan 2024 09:59:05.437 * <raft> Cluster Membership: term:1 index:3 nodes: id=1,voting=1,active=1,addr=- id=2,voting=0,active=1,addr=localhost:5072
2854464:M 02 Jan 2024 09:59:05.444 - Client closed connection id=9 addr=127.0.0.1:33074 laddr=127.0.0.1:5071 fd=12 name= age=0 idle=0 flags=N db=0 sub=0 psub=0 ssub=0 multi=-1 qbuf=0 qbuf-free=20474 argv-mem=0 multi-mem=0 rbs=16384 rbp=16384 obl=0 oll=0 omem=0 tot-mem=37760 events=r cmd=raft.node user=default redir=-1 resp=2 lib-name= lib-ver=
2854464:M 02 Jan 2024 09:59:05.562 - Accepted 127.0.0.1:33080
2854464:M 02 Jan 2024 09:59:05.563 * <raft> Cluster Membership: term:1 index:4 nodes: id=1,voting=1,active=1,addr=- id=2,voting=0,active=1,addr=localhost:5072 id=3,voting=0,active=1,addr=localhost:5073
2854464:M 02 Jan 2024 09:59:05.570 - Client closed connection id=10 addr=127.0.0.1:33080 laddr=127.0.0.1:5071 fd=13 name= age=0 idle=0 flags=N db=0 sub=0 psub=0 ssub=0 multi=-1 qbuf=0 qbuf-free=20474 argv-mem=0 multi-mem=0 rbs=16384 rbp=16384 obl=0 oll=0 omem=0 tot-mem=37760 events=r cmd=raft.node user=default redir=-1 resp=2 lib-name= lib-ver=
2854464:M 02 Jan 2024 09:59:05.636 - Accepted 127.0.0.1:33088
2854464:M 02 Jan 2024 09:59:05.662 * <raft> node:2 has sufficient logs, adding as voting node.
2854464:M 02 Jan 2024 09:59:06.209 * <raft> State change: Node is now a follower, term 1
2854464:M 02 Jan 2024 09:59:06.209 * <raft> Cluster Membership: term:1 index:6 nodes: id=1,voting=1,active=1,addr=- id=2,voting=1,active=1,addr=localhost:5072 id=3,voting=0,active=1,addr=localhost:5073
2854464:M 02 Jan 2024 09:59:06.611 * <raft> State change: Election starting, node is now a pre-candidate, term 1
2854464:M 02 Jan 2024 09:59:06.611 * <raft> Cluster Membership: term:1 index:6 nodes: id=1,voting=1,active=1,addr=- id=2,voting=1,active=1,addr=localhost:5072 id=3,voting=0,active=1,addr=localhost:5073
2854464:M 02 Jan 2024 09:59:06.819 - Accepted 127.0.0.1:33092
2854464:M 02 Jan 2024 09:59:07.013 * <raft> State change: Election starting, node is now a pre-candidate, term 1
2854464:M 02 Jan 2024 09:59:07.013 * <raft> Cluster Membership: term:1 index:6 nodes: id=1,voting=1,active=1,addr=- id=2,voting=1,active=1,addr=localhost:5072 id=3,voting=0,active=1,addr=localhost:5073
2854464:M 02 Jan 2024 09:59:07.315 * <raft> State change: Election starting, node is now a pre-candidate, term 1
2854464:M 02 Jan 2024 09:59:07.315 * <raft> Cluster Membership: term:1 index:6 nodes: id=1,voting=1,active=1,addr=- id=2,voting=1,active=1,addr=localhost:5072 id=3,voting=0,active=1,addr=localhost:5073
2854464:M 02 Jan 2024 09:59:07.717 * <raft> State change: Election starting, node is now a pre-candidate, term 1
2854464:M 02 Jan 2024 09:59:07.718 * <raft> Cluster Membership: term:1 index:6 nodes: id=1,voting=1,active=1,addr=- id=2,voting=1,active=1,addr=localhost:5072 id=3,voting=0,active=1,addr=localhost:5073
2854464:M 02 Jan 2024 09:59:07.731 - Client closed connection id=11 addr=127.0.0.1:33088 laddr=127.0.0.1:5071 fd=14 name= age=2 idle=2 flags=N db=0 sub=0 psub=0 ssub=0 multi=-1 qbuf=0 qbuf-free=20474 argv-mem=0 multi-mem=0 rbs=1024 rbp=0 obl=0 oll=0 omem=0 tot-mem=22400 events=r cmd=auth user=default redir=-1 resp=2 lib-name= lib-ver=
2854464:M 02 Jan 2024 09:59:08.119 * <raft> State change: Election starting, node is now a pre-candidate, term 1
2854464:M 02 Jan 2024 09:59:08.119 * <raft> Cluster Membership: term:1 index:6 nodes: id=1,voting=1,active=1,addr=- id=2,voting=1,active=1,addr=localhost:5072 id=3,voting=0,active=1,addr=localhost:5073
2854464:M 02 Jan 2024 09:59:08.422 * <raft> State change: Election starting, node is now a pre-candidate, term 1
2854464:M 02 Jan 2024 09:59:08.422 * <raft> Cluster Membership: term:1 index:6 nodes: id=1,voting=1,active=1,addr=- id=2,voting=1,active=1,addr=localhost:5072 id=3,voting=0,active=1,addr=localhost:5073
2854464:signal-handler (1704185948) Received SIGINT scheduling shutdown...
2856185:C 02 Jan 2024 09:59:08.788 # WARNING Memory overcommit must be enabled! Without it, a background save or replication may fail under low memory condition. Being disabled, it can also cause failures without low memory condition, see https://github.com/jemalloc/jemalloc/issues/1328. To fix this issue add 'vm.overcommit_memory = 1' to /etc/sysctl.conf and then reboot or run the command 'sysctl vm.overcommit_memory=1' for this to take effect.
2856185:C 02 Jan 2024 09:59:08.788 * oO0OoO0OoO0Oo Redis is starting oO0OoO0OoO0Oo
2856185:C 02 Jan 2024 09:59:08.788 * Redis version=255.255.255, bits=64, commit=e04ebdb8, modified=1, pid=2856185, just started
2856185:C 02 Jan 2024 09:59:08.788 * Configuration loaded
2856185:M 02 Jan 2024 09:59:08.788 * monotonic clock: POSIX clock_gettime
2856185:M 02 Jan 2024 09:59:08.789 * Running mode=standalone, port=5071.
2856185:M 02 Jan 2024 09:59:08.795 * <raft> RedisRaft version 255.255.255 [b779b199]
2856185:M 02 Jan 2024 09:59:08.800 * <raft> Initializing test network
2856185:M 02 Jan 2024 09:59:08.800 * <raft> Created test network client
2856185:M 02 Jan 2024 09:59:08.803 * <raft> Raft module loaded, state is 'loading'
2856185:M 02 Jan 2024 09:59:08.803 * Module 'raft' loaded from /home/snagendra/Fuzzing/redisraft-fuzzing/redisraft.so
2856185:M 02 Jan 2024 09:59:08.804 * Server initialized
2856185:M 02 Jan 2024 09:59:08.804 . The AOF directory appendonlydir doesn't exist
2856185:M 02 Jan 2024 09:59:08.804 * Ready to accept connections tcp
2856185:M 02 Jan 2024 09:59:08.804 . 0 clients connected (0 replicas), 1746688 bytes in use
2856185:signal-handler (1704185948) Received SIGINT scheduling shutdown...
2856185:signal-handler (1704185948) You insist... exiting now.

----- Stderr -----
libgcov profiling error:/home/snagendra/Fuzzing/redisraft-fuzzing/build/deps/raft/CMakeFiles/raft.dir/src/raft_server.c.gcda:Merge mismatch for function 30




logs for node: 2

----- Stdout -----
2854490:C 02 Jan 2024 09:59:05.321 # WARNING Memory overcommit must be enabled! Without it, a background save or replication may fail under low memory condition. Being disabled, it can also cause failures without low memory condition, see https://github.com/jemalloc/jemalloc/issues/1328. To fix this issue add 'vm.overcommit_memory = 1' to /etc/sysctl.conf and then reboot or run the command 'sysctl vm.overcommit_memory=1' for this to take effect.
2854490:C 02 Jan 2024 09:59:05.321 * oO0OoO0OoO0Oo Redis is starting oO0OoO0OoO0Oo
2854490:C 02 Jan 2024 09:59:05.321 * Redis version=255.255.255, bits=64, commit=e04ebdb8, modified=1, pid=2854490, just started
2854490:C 02 Jan 2024 09:59:05.321 * Configuration loaded
2854490:M 02 Jan 2024 09:59:05.322 * monotonic clock: POSIX clock_gettime
2854490:M 02 Jan 2024 09:59:05.322 * Running mode=standalone, port=5072.
2854490:M 02 Jan 2024 09:59:05.329 * <raft> RedisRaft version 255.255.255 [b779b199]
2854490:M 02 Jan 2024 09:59:05.334 * <raft> Initializing test network
2854490:M 02 Jan 2024 09:59:05.335 * <raft> Created test network client
2854490:M 02 Jan 2024 09:59:05.336 * <raft> Raft module loaded, state is 'uninitialized'
2854490:M 02 Jan 2024 09:59:05.336 * Module 'raft' loaded from /home/snagendra/Fuzzing/redisraft-fuzzing/redisraft.so
2854490:M 02 Jan 2024 09:59:05.336 * Server initialized
2854490:M 02 Jan 2024 09:59:05.337 . The AOF directory appendonlydir doesn't exist
2854490:M 02 Jan 2024 09:59:05.337 * Ready to accept connections tcp
2854490:M 02 Jan 2024 09:59:05.337 . 0 clients connected (0 replicas), 1726224 bytes in use
2854490:M 02 Jan 2024 09:59:05.337 - Accepted 127.0.0.1:35530
2854490:M 02 Jan 2024 09:59:05.338 # Missing implement of connection type tls
2854490:M 02 Jan 2024 09:59:05.436 - <raft> join cluster, connecting to localhost:5071
2854490:M 02 Jan 2024 09:59:05.437 * <raft> Joined Raft cluster, node id: 2, dbid: 6fb13e0091729ce0797941e482155139
2854490:M 02 Jan 2024 09:59:05.444 * <raft> Cluster Membership: term:0 index:0 nodes: id=2,voting=0,active=1,addr=-
2854490:M 02 Jan 2024 09:59:05.444 * <raft> Test network starting message polling thread
2854490:M 02 Jan 2024 09:59:05.507 - Accepted 127.0.0.1:35538
2854490:M 02 Jan 2024 09:59:05.607 * <raft> Cluster Membership: term:1 index:2 nodes: id=2,voting=0,active=1,addr=- id=1,voting=1,active=1,addr=localhost:5071
2854490:M 02 Jan 2024 09:59:06.138 * <raft> State change: Election starting, node is now a pre-candidate, term 1
2854490:M 02 Jan 2024 09:59:06.138 * <raft> Cluster Membership: term:1 index:3 nodes: id=2,voting=0,active=1,addr=- id=1,voting=1,active=1,addr=localhost:5071
2854490:M 02 Jan 2024 09:59:06.208 * <raft> State change: Node is now a follower, term 1
2854490:M 02 Jan 2024 09:59:06.208 * <raft> Cluster Membership: term:1 index:3 nodes: id=2,voting=0,active=1,addr=- id=1,voting=1,active=1,addr=localhost:5071
2854490:M 02 Jan 2024 09:59:06.941 * <raft> State change: Election starting, node is now a pre-candidate, term 1
2854490:M 02 Jan 2024 09:59:06.941 * <raft> Cluster Membership: term:1 index:3 nodes: id=2,voting=0,active=1,addr=- id=1,voting=1,active=1,addr=localhost:5071
2854490:M 02 Jan 2024 09:59:07.054 * <raft> State change: Node is now a follower, term 1
2854490:M 02 Jan 2024 09:59:07.054 * <raft> Cluster Membership: term:1 index:3 nodes: id=2,voting=0,active=1,addr=- id=1,voting=1,active=1,addr=localhost:5071
2854490:M 02 Jan 2024 09:59:07.270 * <raft> Cluster Membership: term:1 index:4 nodes: id=2,voting=0,active=1,addr=- id=1,voting=1,active=1,addr=localhost:5071 id=3,voting=0,active=1,addr=localhost:5073
2854490:M 02 Jan 2024 09:59:07.644 * <raft> State change: Election starting, node is now a pre-candidate, term 1
2854490:M 02 Jan 2024 09:59:07.644 * <raft> Cluster Membership: term:1 index:6 nodes: id=2,voting=1,active=1,addr=- id=1,voting=1,active=1,addr=localhost:5071 id=3,voting=0,active=1,addr=localhost:5073
2854490:signal-handler (1704185947) Received SIGINT scheduling shutdown...
2854490:signal-handler (1704185947) You insist... exiting now.
2855850:C 02 Jan 2024 09:59:08.372 # WARNING Memory overcommit must be enabled! Without it, a background save or replication may fail under low memory condition. Being disabled, it can also cause failures without low memory condition, see https://github.com/jemalloc/jemalloc/issues/1328. To fix this issue add 'vm.overcommit_memory = 1' to /etc/sysctl.conf and then reboot or run the command 'sysctl vm.overcommit_memory=1' for this to take effect.
2855850:C 02 Jan 2024 09:59:08.372 * oO0OoO0OoO0Oo Redis is starting oO0OoO0OoO0Oo
2855850:C 02 Jan 2024 09:59:08.372 * Redis version=255.255.255, bits=64, commit=e04ebdb8, modified=1, pid=2855850, just started
2855850:C 02 Jan 2024 09:59:08.372 * Configuration loaded
2855850:M 02 Jan 2024 09:59:08.372 * monotonic clock: POSIX clock_gettime
2855850:M 02 Jan 2024 09:59:08.373 * Running mode=standalone, port=5072.
2855850:M 02 Jan 2024 09:59:08.379 * <raft> RedisRaft version 255.255.255 [b779b199]
2855850:M 02 Jan 2024 09:59:08.384 * <raft> Initializing test network
2855850:M 02 Jan 2024 09:59:08.384 * <raft> Created test network client
2855850:M 02 Jan 2024 09:59:08.387 * <raft> Raft module loaded, state is 'loading'
2855850:M 02 Jan 2024 09:59:08.387 * Module 'raft' loaded from /home/snagendra/Fuzzing/redisraft-fuzzing/redisraft.so
2855850:M 02 Jan 2024 09:59:08.388 * Server initialized
2855850:M 02 Jan 2024 09:59:08.388 . The AOF directory appendonlydir doesn't exist
2855850:M 02 Jan 2024 09:59:08.388 * Ready to accept connections tcp
2855850:M 02 Jan 2024 09:59:08.388 . 0 clients connected (0 replicas), 1746656 bytes in use
2855850:M 02 Jan 2024 09:59:08.423 - Accepted 127.0.0.1:35600
2855850:M 02 Jan 2024 09:59:08.423 # Missing implement of connection type tls
2855850:M 02 Jan 2024 09:59:08.488 * <raft> Loading: Redis loading complete, snapshot NOT LOADED
2855850:M 02 Jan 2024 09:59:08.488 * <raft> Cluster Membership: term:0 index:0 nodes: id=2,voting=0,active=1,addr=-
2855850:M 02 Jan 2024 09:59:08.489 * <raft> Test network starting message polling thread


=== REDIS BUG REPORT START: Cut & paste starting from here ===
2855850:M 02 Jan 2024 09:59:08.489 # === ASSERTION FAILED ===
2855850:M 02 Jan 2024 09:59:08.489 # ==> /home/snagendra/Fuzzing/redisraft-fuzzing/src/log.c:509 'ety != NULL' is not true

------ STACK TRACE ------

Backtrace:
/home/snagendra/Fuzzing/redisraft-fuzzing/redisraft.so(+0x25e00)[0x7f3fcec65e00]
/home/snagendra/Fuzzing/redisraft-fuzzing/redisraft.so(LogGet+0x60)[0x7f3fcec671b0]
/home/snagendra/Fuzzing/redisraft-fuzzing/redisraft.so(+0x272ef)[0x7f3fcec672ef]
/home/snagendra/Fuzzing/redisraft-fuzzing/redisraft.so(raft_get_entry_from_idx+0x1a)[0x7f3fcec7b45a]
/home/snagendra/Fuzzing/redisraft-fuzzing/redisraft.so(raft_get_last_log_term+0x36)[0x7f3fcec81346]
/home/snagendra/Fuzzing/redisraft-fuzzing/redisraft.so(raft_recv_requestvote+0x16f)[0x7f3fcec7c08f]
/home/snagendra/Fuzzing/redisraft-fuzzing/redisraft.so(handleTestNetworkMessage+0x1a2)[0x7f3fcec75512]
/home/snagendra/Fuzzing/redisraft-fuzzing/redisraft.so(poll_redis_test_messages+0x89)[0x7f3fcec755c9]
/lib/x86_64-linux-gnu/libc.so.6(+0x89044)[0x7f3fced56044]
2855850:M 02 Jan 2024 09:59:08.489 * <raft> Cluster Membership: term:0 index:6 nodes: id=2,voting=0,active=1,addr=- id=1,voting=1,active=1,addr=localhost:5071
/lib/x86_64-linux-gnu/libc.so.6(+0x10961c)[0x7f3fcedd661c]

------ INFO OUTPUT ------
2855850:M 02 Jan 2024 09:59:08.489 # Redis 255.255.255 crashed by signal: 6, si_code: -6
2855850:M 02 Jan 2024 09:59:08.489 # Crashed running the instruction at: 0x7f3fced57d3c

------ STACK TRACE ------
EIP:
/lib/x86_64-linux-gnu/libc.so.6(+0x8ad3c)[0x7f3fced57d3c]

Backtrace:
/lib/x86_64-linux-gnu/libc.so.6(+0x3bfd0)[0x7f3fced08fd0]
/lib/x86_64-linux-gnu/libc.so.6(+0x8ad3c)[0x7f3fced57d3c]
/lib/x86_64-linux-gnu/libc.so.6(gsignal+0x12)[0x7f3fced08f32]
/lib/x86_64-linux-gnu/libc.so.6(abort+0xd3)[0x7f3fcecf3472]
/lib/x86_64-linux-gnu/libc.so.6(+0x26395)[0x7f3fcecf3395]
/lib/x86_64-linux-gnu/libc.so.6(+0x34e32)[0x7f3fced01e32]
/home/snagendra/Fuzzing/redisraft-fuzzing/redisraft.so(raft_handle_append_cfg_change+0x2c2)[0x7f3fcec7c942]
/home/snagendra/Fuzzing/redisraft-fuzzing/redisraft.so(raft_restore_log+0xb2)[0x7f3fcec80932]
/home/snagendra/Fuzzing/redisraft-fuzzing/redisraft.so(callRaftPeriodic+0x131)[0x7f3fcec6cd41]
# Server
redis_version:255.255.255
redis_git_sha1:e04ebdb8
redis_git_dirty:1
redis_build_id:1f78dcc7b4fbdd25
redis_mode:standalone
os:Linux 6.1.60.1.amd64-smp x86_64
arch_bits:64
monotonic_clock:POSIX clock_gettime
multiplexing_api:epoll
atomicvar_api:c11-builtin
gcc_version:10.2.1
process_id:2855850
process_supervised:no
run_id:dafbc0cd63026e1a4c0f2d298f25e4f694ce0f12
tcp_port:5072
server_time_usec:1704185948488484
uptime_in_seconds:0
uptime_in_days:0
hz:10
configured_hz:10
lru_clock:9687132
executable:/home/snagendra/Fuzzing/redis/src/redis-server
config_file:
io_threads_active:0
listener0:name=tcp,bind=0.0.0.0,port=5072

# Clients
connected_clients:1
cluster_connections:0
maxclients:10000
client_recent_max_input_buffer:0
client_recent_max_output_buffer:0
blocked_clients:0
tracking_clients:0
clients_in_timeout_table:0
total_blocking_keys:0
total_blocking_keys_on_nokey:0

# Memory
used_memory:1818184
used_memory_human:1.73M
used_memory_rss:17555456
used_memory_rss_human:16.74M
used_memory_peak:1818184
used_memory_peak_human:1.73M
used_memory_peak_perc:100.47%
used_memory_overhead:1746696
used_memory_startup:1746512
used_memory_dataset:71488
used_memory_dataset_perc:99.74%
allocator_allocated:2089576
allocator_active:2666496
allocator_resident:10752000
total_system_memory:270388695040
total_system_memory_human:251.82G
used_memory_lua:31744
used_memory_vm_eval:31744
used_memory_lua_human:31.00K
used_memory_scripts_eval:0
number_of_cached_scripts:0
number_of_functions:0
number_of_libraries:0
used_memory_vm_functions:32768
used_memory_vm_total:64512
used_memory_vm_total_human:63.00K
used_memory_functions:184
used_memory_scripts:184
used_memory_scripts_human:184B
maxmemory:0
maxmemory_human:0B
maxmemory_policy:noeviction
allocator_frag_ratio:1.28
allocator_frag_bytes:576920
allocator_rss_ratio:4.03
allocator_rss_bytes:8085504
rss_overhead_ratio:1.63
rss_overhead_bytes:6803456
mem_fragmentation_ratio:10.05
mem_fragmentation_bytes:15808800
mem_not_counted_for_evict:0
mem_replication_backlog:0
mem_total_replication_buffers:0
mem_clients_slaves:0
mem_clients_normal:0
mem_cluster_links:0
mem_aof_buffer:0
mem_allocator:jemalloc-5.3.0
active_defrag_running:0
lazyfree_pending_objects:0
lazyfreed_objects:0

# Persistence
loading:0
async_loading:0
current_cow_peak:0
current_cow_size:0
current_cow_size_age:0
current_fork_perc:0.00
current_save_keys_processed:0
current_save_keys_total:0
rdb_changes_since_last_save:0
rdb_bgsave_in_progress:0
rdb_last_save_time:1704185948
rdb_last_bgsave_status:ok
rdb_last_bgsave_time_sec:-1
rdb_current_bgsave_time_sec:-1
rdb_saves:0
rdb_last_cow_size:0
rdb_last_load_keys_expired:0
rdb_last_load_keys_loaded:0
aof_enabled:0
aof_rewrite_in_progress:0
aof_rewrite_scheduled:0
aof_last_rewrite_time_sec:-1
aof_current_rewrite_time_sec:-1
aof_last_bgrewrite_status:ok
aof_rewrites:0
aof_rewrites_consecutive_failures:0
aof_last_write_status:ok
aof_last_cow_size:0
module_fork_in_progress:0
module_fork_last_cow_size:0

# Stats
total_connections_received:1
total_commands_processed:7
instantaneous_ops_per_sec:25
total_net_input_bytes:33
total_net_output_bytes:5
total_net_repl_input_bytes:0
total_net_repl_output_bytes:0
instantaneous_input_kbps:0.00
instantaneous_output_kbps:0.00
instantaneous_input_repl_kbps:0.00
instantaneous_output_repl_kbps:0.00
rejected_connections:0
sync_full:0
sync_partial_ok:0
sync_partial_err:0
expired_keys:0
expired_stale_perc:0.00
expired_time_cap_reached_count:0
expire_cycle_cpu_milliseconds:0
evicted_keys:0
evicted_clients:0
total_eviction_exceeded_time:0
current_eviction_exceeded_time:0
keyspace_hits:0
keyspace_misses:0
pubsub_channels:0
pubsub_patterns:0
pubsubshard_channels:0
latest_fork_usec:0
total_forks:0
migrate_cached_sockets:0
slave_expires_tracked_keys:0
active_defrag_hits:0
active_defrag_misses:0
active_defrag_key_hits:0
active_defrag_key_misses:0
total_active_defrag_time:0
current_active_defrag_time:0
tracking_total_keys:0
tracking_total_items:0
tracking_total_prefixes:0
unexpected_error_replies:0
total_error_replies:0
dump_payload_sanitizations:0
total_reads_processed:1
total_writes_processed:1
io_threaded_reads_processed:0
io_threaded_writes_processed:0
reply_buffer_shrinks:0
reply_buffer_expands:0
acl_access_denied_auth:0
acl_access_denied_cmd:0
acl_access_denied_key:0
acl_access_denied_channel:0

# Replication
role:master
connected_slaves:0
master_failover_state:no-failover
master_replid:2381470a8d600b47f1830d3150b4a1b9544ad209
master_replid2:0000000000000000000000000000000000000000
master_repl_offset:0
second_repl_offset:-1
repl_backlog_active:0
repl_backlog_size:1048576
repl_backlog_first_byte_offset:0
repl_backlog_histlen:0

# CPU
used_cpu_sys:0.012440
used_cpu_user:0.006220
used_cpu_sys_children:0.000000
used_cpu_user_children:0.000000
used_cpu_sys_main_thread:0.000000
used_cpu_user_main_thread:0.000654

# Modules
module:name=raft,ver=1,api=1,filters=1,usedby=[],using=[],options=[]

# Commandstats
cmdstat_command:calls=2,usec=1485,usec_per_call=742.50,rejected_calls=0,failed_calls=0
cmdstat_auth:calls=1,usec=1,usec_per_call=1.00,rejected_calls=0,failed_calls=0
cmdstat_config|set:calls=1,usec=11,usec_per_call=11.00,rejected_calls=0,failed_calls=0
cmdstat_config|get:calls=3,usec=5,usec_per_call=1.67,rejected_calls=0,failed_calls=0

# Errorstats

# Latencystats
latency_percentiles_usec_command:p50=708.607,p99=778.239,p99.9=778.239
latency_percentiles_usec_auth:p50=1.003,p99=1.003,p99.9=1.003
latency_percentiles_usec_config|set:p50=11.007,p99=11.007,p99.9=11.007
latency_percentiles_usec_config|get:p50=2.007,p99=2.007,p99.9=2.007

# Cluster
cluster_enabled:0

# Keyspace

------ CLIENT LIST OUTPUT ------
/home/snagendra/Fuzzing/redis/src/redis-server 0.0.0.0:5072(moduleTimerHandler+0x21c)[0x561b69c7b98c]
id=8 addr=127.0.0.1:35600 laddr=127.0.0.1:5072 fd=11 name= age=0 idle=0 flags=N db=0 sub=0 psub=0 ssub=0 multi=-1 qbuf=0 qbuf-free=20474 argv-mem=0 multi-mem=0 rbs=16384 rbp=16384 obl=0 oll=0 omem=0 tot-mem=37760 events=r cmd=auth user=default redir=-1 resp=2 lib-name= lib-ver=

------ MODULES INFO OUTPUT ------
/home/snagendra/Fuzzing/redis/src/redis-server 0.0.0.0:5072(+0x81705)[0x561b69b85705]
/home/snagendra/Fuzzing/redis/src/redis-server 0.0.0.0:5072(aeMain+0x1c8)[0x561b69b8fcb8]
# raft_version
raft_version:255.255.255
raft_git_sha1:b779b199

# raft_general
raft_dbid:6fb13e0091729ce0797941e482155139
raft_node_id:2
raft_state:up
raft_role:follower
raft_is_voting:no
raft_voted_for:-1
raft_leader_id:-1
raft_current_term:0
raft_num_nodes:2
raft_num_voting_nodes:1
raft_node1:id=1,state=disconnected,voting=yes,addr=localhost,port=5071,last_conn_secs=-1,conn_errors=0,conn_oks=0

# raft_log
raft_log_entries:6
raft_current_index:6
raft_commit_index:0
raft_last_applied_index:0
raft_file_size:1637
raft_cache_memory_size:0
raft_cache_entries:0
raft_client_attached_entries:0
raft_fsync_count:0
raft_fsync_max_microseconds:0
raft_entry1:term=1,id=0,data_len=0
raft_entry2:term=1,id=2066351390,data_len=264
raft_entry3:term=1,id=368464752,data_len=264
raft_entry4:term=1,id=1497937334,data_len=264
raft_entry5:term=1,id=1729306480,data_len=264
raft_fsync_avg_microseconds:0

# raft_snapshot
raft_snapshot_filename:redis2.rdb
raft_snapshot_last_idx:0
raft_snapshot_last_term:0
raft_snapshot_size:0
raft_snapshot_time_secs:-1
raft_snapshots_created:0
raft_snapshots_received:0
raft_snapshot_in_progress:no
raft_snapshot_in_progress_last_idx:-1
raft_snapshot_in_progress_last_term:-1

# raft_clients
raft_proxy_reqs:0
raft_proxy_failed_reqs:0
raft_proxy_failed_responses:0
raft_proxy_outstanding_reqs:0

# raft_stats
raft_appendreq_received:0
raft_appendreq_with_entry_received:0
raft_snapshotreq_received:0
raft_exec_throttled:0
raft_num_sessions:0
/home/snagendra/Fuzzing/redis/src/redis-server 0.0.0.0:5072(main+0x3cd)[0x561b69b84e2d]
/lib/x86_64-linux-gnu/libc.so.6(+0x271ca)[0x7f3fcecf41ca]

------ CONFIG DEBUG OUTPUT ------
client-query-buffer-limit 1gb
list-compress-depth 0
repl-diskless-load disabled
io-threads 1
repl-diskless-sync yes
lazyfree-lazy-eviction no
lazyfree-lazy-user-flush no
replica-read-only yes
sanitize-dump-payload no
proto-max-bulk-len 512mb
slave-read-only yes
lazyfree-lazy-expire no
io-threads-do-reads no
lazyfree-lazy-server-del no
activedefrag no
lazyfree-lazy-user-del no

------ FAST MEMORY TEST ------
/lib/x86_64-linux-gnu/libc.so.6(__libc_start_main+0x85)[0x7f3fcecf4285]
/home/snagendra/Fuzzing/redis/src/redis-server 0.0.0.0:5072(_start+0x2a)[0x561b69b855aa]

------ REGISTERS ------
2855850:M 02 Jan 2024 09:59:08.490 # 
RAX:0000000000000000 RBX:00000000002b93aa
RCX:00007f3fced57d3c RDX:0000000000000006
RDI:00000000002b93aa RSI:00000000002b93aa
RBP:00007f3fcecc91c0 RSP:00007fffdc41c520
R8 :0000000000000007 R9 :0000561b6bf5f610
R10:0000000000000008 R11:0000000000000246
R12:0000000000000006 R13:0000000000000117
R14:00007f3fceca01df R15:00007fffdc41c7d0
RIP:00007f3fced57d3c EFL:0000000000000246
CSGSFS:002b000000000033
2855850:M 02 Jan 2024 09:59:08.490 # (00007fffdc41c52f) -> 0000561b6bf59e80
2855850:M 02 Jan 2024 09:59:08.490 # (00007fffdc41c52e) -> 0000000000000007
2855850:M 02 Jan 2024 09:59:08.490 # (00007fffdc41c52d) -> 0000000000000012
2855850:M 02 Jan 2024 09:59:08.490 # (00007fffdc41c52c) -> 0000561b6bf5f610
2855850:M 02 Jan 2024 09:59:08.490 # (00007fffdc41c52b) -> 0000000000000117
2855850:M 02 Jan 2024 09:59:08.490 # (00007fffdc41c52a) -> 0000000000000020
2855850:M 02 Jan 2024 09:59:08.490 # (00007fffdc41c529) -> 00007f3fcecf3472
2855850:M 02 Jan 2024 09:59:08.490 # (00007fffdc41c528) -> 00007f3fceea0e70
2855850:M 02 Jan 2024 09:59:08.490 # (00007fffdc41c527) -> 00007f3fced08f32
2855850:M 02 Jan 2024 09:59:08.490 # (00007fffdc41c526) -> 00007f3fceca01df
2855850:M 02 Jan 2024 09:59:08.490 # (00007fffdc41c525) -> 0000000000000117
2855850:M 02 Jan 2024 09:59:08.490 # (00007fffdc41c524) -> 00007f3fceca8720
2855850:M 02 Jan 2024 09:59:08.490 # (00007fffdc41c523) -> 00007f3fcecc91c0
2855850:M 02 Jan 2024 09:59:08.490 # (00007fffdc41c522) -> 0000000000000006
2855850:M 02 Jan 2024 09:59:08.490 # (00007fffdc41c521) -> d741312780b73e00
2855850:M 02 Jan 2024 09:59:08.490 # (00007fffdc41c520) -> 00007fffdc41c7d0

------ INFO OUTPUT ------
# Server
redis_version:255.255.255
redis_git_sha1:e04ebdb8
redis_git_dirty:1
redis_build_id:1f78dcc7b4fbdd25
redis_mode:standalone
os:Linux 6.1.60.1.amd64-smp x86_64
arch_bits:64
monotonic_clock:POSIX clock_gettime
multiplexing_api:epoll
atomicvar_api:c11-builtin
gcc_version:10.2.1
process_id:2855850
process_supervised:no
run_id:dafbc0cd63026e1a4c0f2d298f25e4f694ce0f12
tcp_port:5072
server_time_usec:1704185948488484
uptime_in_seconds:0
uptime_in_days:0
hz:10
configured_hz:10
lru_clock:9687132
executable:/home/snagendra/Fuzzing/redis/src/redis-server
config_file:
io_threads_active:0
listener0:name=tcp,bind=0.0.0.0,port=5072

# Clients
connected_clients:1
cluster_connections:0
maxclients:10000
client_recent_max_input_buffer:0
client_recent_max_output_buffer:0
blocked_clients:0
tracking_clients:0
clients_in_timeout_table:0
total_blocking_keys:0
total_blocking_keys_on_nokey:0

# Memory
used_memory:1819560
used_memory_human:1.74M
used_memory_rss:17555456
used_memory_rss_human:16.74M
used_memory_peak:1819560
used_memory_peak_human:1.74M
used_memory_peak_perc:100.08%
used_memory_overhead:1746696
used_memory_startup:1746512
used_memory_dataset:72864
used_memory_dataset_perc:99.75%
allocator_allocated:2089576
allocator_active:2666496
allocator_resident:10752000
total_system_memory:270388695040
total_system_memory_human:251.82G
used_memory_lua:31744
used_memory_vm_eval:31744
used_memory_lua_human:31.00K
used_memory_scripts_eval:0
number_of_cached_scripts:0
number_of_functions:0
number_of_libraries:0
used_memory_vm_functions:32768
used_memory_vm_total:64512
used_memory_vm_total_human:63.00K
used_memory_functions:184
used_memory_scripts:184
used_memory_scripts_human:184B
maxmemory:0
maxmemory_human:0B
maxmemory_policy:noeviction
allocator_frag_ratio:1.28
allocator_frag_bytes:576920
allocator_rss_ratio:4.03
allocator_rss_bytes:8085504
rss_overhead_ratio:1.63
rss_overhead_bytes:6803456
mem_fragmentation_ratio:10.05
mem_fragmentation_bytes:15808800
mem_not_counted_for_evict:0
mem_replication_backlog:0
mem_total_replication_buffers:0
mem_clients_slaves:0
mem_clients_normal:0
mem_cluster_links:0
mem_aof_buffer:0
mem_allocator:jemalloc-5.3.0
active_defrag_running:0
lazyfree_pending_objects:0
lazyfreed_objects:0

# Persistence
loading:0
async_loading:0
current_cow_peak:0
current_cow_size:0
current_cow_size_age:0
current_fork_perc:0.00
current_save_keys_processed:0
current_save_keys_total:0
rdb_changes_since_last_save:0
rdb_bgsave_in_progress:0
rdb_last_save_time:1704185948
rdb_last_bgsave_status:ok
rdb_last_bgsave_time_sec:-1
rdb_current_bgsave_time_sec:-1
rdb_saves:0
rdb_last_cow_size:0
rdb_last_load_keys_expired:0
rdb_last_load_keys_loaded:0
aof_enabled:0
aof_rewrite_in_progress:0
aof_rewrite_scheduled:0
aof_last_rewrite_time_sec:-1
aof_current_rewrite_time_sec:-1
aof_last_bgrewrite_status:ok
aof_rewrites:0
aof_rewrites_consecutive_failures:0
aof_last_write_status:ok
aof_last_cow_size:0
module_fork_in_progress:0
module_fork_last_cow_size:0

# Stats
total_connections_received:1
total_commands_processed:7
instantaneous_ops_per_sec:25
total_net_input_bytes:33
total_net_output_bytes:5
total_net_repl_input_bytes:0
total_net_repl_output_bytes:0
instantaneous_input_kbps:0.00
instantaneous_output_kbps:0.00
instantaneous_input_repl_kbps:0.00
instantaneous_output_repl_kbps:0.00
rejected_connections:0
sync_full:0
sync_partial_ok:0
sync_partial_err:0
expired_keys:0
expired_stale_perc:0.00
expired_time_cap_reached_count:0
expire_cycle_cpu_milliseconds:0
evicted_keys:0
evicted_clients:0
total_eviction_exceeded_time:0
current_eviction_exceeded_time:0
keyspace_hits:0
keyspace_misses:0
pubsub_channels:0
pubsub_patterns:0
pubsubshard_channels:0
latest_fork_usec:0
total_forks:0
migrate_cached_sockets:0
slave_expires_tracked_keys:0
active_defrag_hits:0
active_defrag_misses:0
active_defrag_key_hits:0
active_defrag_key_misses:0
total_active_defrag_time:0
current_active_defrag_time:0
tracking_total_keys:0
tracking_total_items:0
tracking_total_prefixes:0
unexpected_error_replies:0
total_error_replies:0
dump_payload_sanitizations:0
total_reads_processed:1
total_writes_processed:1
io_threaded_reads_processed:0
io_threaded_writes_processed:0
reply_buffer_shrinks:0
reply_buffer_expands:0
acl_access_denied_auth:0
acl_access_denied_cmd:0
acl_access_denied_key:0
acl_access_denied_channel:0

# Replication
role:master
connected_slaves:0
master_failover_state:no-failover
master_replid:2381470a8d600b47f1830d3150b4a1b9544ad209
master_replid2:0000000000000000000000000000000000000000
master_repl_offset:0
second_repl_offset:-1
repl_backlog_active:0
repl_backlog_size:1048576
repl_backlog_first_byte_offset:0
repl_backlog_histlen:0

# CPU
used_cpu_sys:0.013004
used_cpu_user:0.006502
used_cpu_sys_children:0.000000
used_cpu_user_children:0.000000
used_cpu_sys_main_thread:0.013791
used_cpu_user_main_thread:0.003447

# Modules
module:name=raft,ver=1,api=1,filters=1,usedby=[],using=[],options=[]

# Commandstats
cmdstat_command:calls=2,usec=1485,usec_per_call=742.50,rejected_calls=0,failed_calls=0
cmdstat_auth:calls=1,usec=1,usec_per_call=1.00,rejected_calls=0,failed_calls=0
cmdstat_config|set:calls=1,usec=11,usec_per_call=11.00,rejected_calls=0,failed_calls=0
cmdstat_config|get:calls=3,usec=5,usec_per_call=1.67,rejected_calls=0,failed_calls=0

# Errorstats

# Latencystats
latency_percentiles_usec_command:p50=708.607,p99=778.239,p99.9=778.239
latency_percentiles_usec_auth:p50=1.003,p99=1.003,p99.9=1.003
latency_percentiles_usec_config|set:p50=11.007,p99=11.007,p99.9=11.007
latency_percentiles_usec_config|get:p50=2.007,p99=2.007,p99.9=2.007

# Cluster
cluster_enabled:0

# Keyspace

------ CLIENT LIST OUTPUT ------
id=8 addr=127.0.0.1:35600 laddr=127.0.0.1:5072 fd=11 name= age=0 idle=0 flags=N db=0 sub=0 psub=0 ssub=0 multi=-1 qbuf=0 qbuf-free=20474 argv-mem=0 multi-mem=0 rbs=16384 rbp=16384 obl=0 oll=0 omem=0 tot-mem=37760 events=r cmd=auth user=default redir=-1 resp=2 lib-name= lib-ver=

------ MODULES INFO OUTPUT ------
# raft_version
raft_version:255.255.255
raft_git_sha1:b779b199

# raft_general
raft_dbid:6fb13e0091729ce0797941e482155139
raft_node_id:2
raft_state:up
raft_role:follower
raft_is_voting:no
raft_voted_for:-1
raft_leader_id:-1
raft_current_term:0
raft_num_nodes:2
raft_num_voting_nodes:1
raft_node1:id=1,state=disconnected,voting=yes,addr=localhost,port=5071,last_conn_secs=-1,conn_errors=0,conn_oks=0

# raft_log
raft_log_entries:6
raft_current_index:6
raft_commit_index:0
raft_last_applied_index:0
raft_file_size:1637
raft_cache_memory_size:0
raft_cache_entries:0
raft_client_attached_entries:0
raft_fsync_count:0
raft_fsync_max_microseconds:0
raft_entry1:term=1,id=0,data_len=0
raft_entry2:term=1,id=2066351390,data_len=264
raft_entry3:term=1,id=368464752,data_len=264
raft_entry4:term=1,id=1497937334,data_len=264
raft_entry5:term=1,id=1729306480,data_len=264
raft_fsync_avg_microseconds:0

# raft_snapshot
raft_snapshot_filename:redis2.rdb
raft_snapshot_last_idx:0
raft_snapshot_last_term:0
raft_snapshot_size:0
raft_snapshot_time_secs:-1
raft_snapshots_created:0
raft_snapshots_received:0
raft_snapshot_in_progress:no
raft_snapshot_in_progress_last_idx:-1
raft_snapshot_in_progress_last_term:-1

# raft_clients
raft_proxy_reqs:0
raft_proxy_failed_reqs:0
raft_proxy_failed_responses:0
raft_proxy_outstanding_reqs:0

# raft_stats
raft_appendreq_received:0
raft_appendreq_with_entry_received:0
raft_snapshotreq_received:0
raft_exec_throttled:0
raft_num_sessions:0

------ CONFIG DEBUG OUTPUT ------
client-query-buffer-limit 1gb
list-compress-depth 0
repl-diskless-load disabled
io-threads 1
repl-diskless-sync yes
lazyfree-lazy-eviction no
lazyfree-lazy-user-flush no
replica-read-only yes
sanitize-dump-payload no
proto-max-bulk-len 512mb
slave-read-only yes
lazyfree-lazy-expire no
io-threads-do-reads no
lazyfree-lazy-server-del no
activedefrag no
lazyfree-lazy-user-del no

------ FAST MEMORY TEST ------
2855850:M 02 Jan 2024 09:59:08.490 # Bio worker thread #0 terminated
2855850:M 02 Jan 2024 09:59:08.490 # Bio worker thread #1 terminated
2855850:M 02 Jan 2024 09:59:08.490 # Bio worker thread #2 terminated
*** Preparing to test memory region 561b69e5b000 (2273280 bytes)
*** Preparing to test memory region 561b6bf0a000 (405504 bytes)
*** Preparing to test memory region 7f3fac000000 (135168 bytes)
*** Preparing to test memory region 7f3fb0000000 (135168 bytes)
*** Preparing to test memory region 7f3fb4000000 (135168 bytes)
*** Preparing to test memory region 7f3fb97fe000 (8388608 bytes)
*** Preparing to test memory region 7f3fbc000000 (135168 bytes)
*** Preparing to test memory region 7f3fc0c00000 (2097152 bytes)
*** Preparing to test memory region 7f3fc0ffd000 (8388608 bytes)
*** Preparing to test memory region 7f3fc17fe000 (8388608 bytes)
*** Preparing to test memory region 7f3fc2800000 (8388608 bytes)
*** Preparing to test memory region 7f3fc3000000 (6291456 bytes)
*** Preparing to test memory region 7f3fc37f8000 (8388608 bytes)
*** Preparing to test memory region 7f3fc3ff9000 (8388608 bytes)
*** Preparing to test memory region 7f3fc47fa000 (8388608 bytes)
*** Preparing to test memory region 7f3fc4ffb000 (8388608 bytes)
*** Preparing to test memory region 7f3fc57fc000 (8388608 bytes)
*** Preparing to test memory region 7f3fc5ffd000 (8388608 bytes)
*** Preparing to test memory region 7f3fc67fe000 (8388608 bytes)
*** Preparing to test memory region 7f3fc6fff000 (8388608 bytes)
*** Preparing to test memory region 7f3fc7800000 (8388608 bytes)
*** Preparing to test memory region 7f3fc8000000 (135168 bytes)
*** Preparing to test memory region 7f3fcc027000 (2097152 bytes)
*** Preparing to test memory region 7f3fcc228000 (8388608 bytes)
*** Preparing to test memory region 7f3fcca28000 (2621440 bytes)
*** Preparing to test memory region 7f3fcccb7000 (8192 bytes)
*** Preparing to test memory region 7f3fcd27f000 (12288 bytes)
*** Preparing to test memory region 7f3fcd7ac000 (8192 bytes)
*** Preparing to test memory region 7f3fcda18000 (16384 bytes)
*** Preparing to test memory region 7f3fce400000 (8388608 bytes)
*** Preparing to test memory region 7f3fcec18000 (4096 bytes)
*** Preparing to test memory region 7f3fcec1d000 (4096 bytes)
*** Preparing to test memory region 7f3fcec3e000 (8192 bytes)
*** Preparing to test memory region 7f3fcecc2000 (45056 bytes)
*** Preparing to test memory region 7f3fceea1000 (53248 bytes)
*** Preparing to test memory region 7f3fcefbe000 (8192 bytes)
.O.O.O.O.O.O.O.O.O.O.O.O.O.O.O.O.O.O.O.O.O.O.O.2855850:signal-handler (1704185948) Received SIGINT scheduling shutdown...
2855850:signal-handler (1704185948) You insist... exiting now.

----- Stderr -----
libgcov profiling error:/home/snagendra/Fuzzing/redisraft-fuzzing/build/deps/raft/CMakeFiles/raft.dir/src/raft_server.c.gcda:Merge mismatch for function 30
redis-server: /home/snagendra/Fuzzing/redisraft-fuzzing/deps/raft/src/raft_server.c:279: raft_handle_append_cfg_change: Assertion `node' failed.
libgcov profiling error:/home/snagendra/Fuzzing/redisraft-fuzzing/build/deps/raft/CMakeFiles/raft.dir/src/raft_server.c.gcda:Merge mismatch for function 30




logs for node: 3

----- Stdout -----
2854573:C 02 Jan 2024 09:59:05.447 # WARNING Memory overcommit must be enabled! Without it, a background save or replication may fail under low memory condition. Being disabled, it can also cause failures without low memory condition, see https://github.com/jemalloc/jemalloc/issues/1328. To fix this issue add 'vm.overcommit_memory = 1' to /etc/sysctl.conf and then reboot or run the command 'sysctl vm.overcommit_memory=1' for this to take effect.
2854573:C 02 Jan 2024 09:59:05.447 * oO0OoO0OoO0Oo Redis is starting oO0OoO0OoO0Oo
2854573:C 02 Jan 2024 09:59:05.447 * Redis version=255.255.255, bits=64, commit=e04ebdb8, modified=1, pid=2854573, just started
2854573:C 02 Jan 2024 09:59:05.447 * Configuration loaded
2854573:M 02 Jan 2024 09:59:05.448 * monotonic clock: POSIX clock_gettime
2854573:M 02 Jan 2024 09:59:05.448 * Running mode=standalone, port=5073.
2854573:M 02 Jan 2024 09:59:05.455 * <raft> RedisRaft version 255.255.255 [b779b199]
2854573:M 02 Jan 2024 09:59:05.460 * <raft> Initializing test network
2854573:M 02 Jan 2024 09:59:05.461 * <raft> Created test network client
2854573:M 02 Jan 2024 09:59:05.462 * <raft> Raft module loaded, state is 'uninitialized'
2854573:M 02 Jan 2024 09:59:05.462 * Module 'raft' loaded from /home/snagendra/Fuzzing/redisraft-fuzzing/redisraft.so
2854573:M 02 Jan 2024 09:59:05.462 * Server initialized
2854573:M 02 Jan 2024 09:59:05.463 . The AOF directory appendonlydir doesn't exist
2854573:M 02 Jan 2024 09:59:05.463 * Ready to accept connections tcp
2854573:M 02 Jan 2024 09:59:05.463 . 0 clients connected (0 replicas), 1726224 bytes in use
2854573:M 02 Jan 2024 09:59:05.466 - Accepted 127.0.0.1:46506
2854573:M 02 Jan 2024 09:59:05.466 # Missing implement of connection type tls
2854573:M 02 Jan 2024 09:59:05.562 - <raft> join cluster, connecting to localhost:5071
2854573:M 02 Jan 2024 09:59:05.564 * <raft> Joined Raft cluster, node id: 3, dbid: 6fb13e0091729ce0797941e482155139
2854573:M 02 Jan 2024 09:59:05.569 * <raft> Cluster Membership: term:0 index:0 nodes: id=3,voting=0,active=1,addr=-
2854573:M 02 Jan 2024 09:59:05.570 * <raft> Test network starting message polling thread
2854573:M 02 Jan 2024 09:59:05.608 - Accepted 127.0.0.1:46514
2854573:signal-handler (1704185945) Received SIGINT scheduling shutdown...
2854573:signal-handler (1704185945) You insist... exiting now.
2854778:C 02 Jan 2024 09:59:05.830 # WARNING Memory overcommit must be enabled! Without it, a background save or replication may fail under low memory condition. Being disabled, it can also cause failures without low memory condition, see https://github.com/jemalloc/jemalloc/issues/1328. To fix this issue add 'vm.overcommit_memory = 1' to /etc/sysctl.conf and then reboot or run the command 'sysctl vm.overcommit_memory=1' for this to take effect.
2854778:C 02 Jan 2024 09:59:05.830 * oO0OoO0OoO0Oo Redis is starting oO0OoO0OoO0Oo
2854778:C 02 Jan 2024 09:59:05.830 * Redis version=255.255.255, bits=64, commit=e04ebdb8, modified=1, pid=2854778, just started
2854778:C 02 Jan 2024 09:59:05.830 * Configuration loaded
2854778:M 02 Jan 2024 09:59:05.831 * monotonic clock: POSIX clock_gettime
2854778:M 02 Jan 2024 09:59:05.831 * Running mode=standalone, port=5073.
2854778:M 02 Jan 2024 09:59:05.837 * <raft> RedisRaft version 255.255.255 [b779b199]
2854778:M 02 Jan 2024 09:59:05.842 * <raft> Initializing test network
2854778:M 02 Jan 2024 09:59:05.842 * <raft> Created test network client
2854778:M 02 Jan 2024 09:59:05.843 * <raft> Raft module loaded, state is 'uninitialized'
2854778:M 02 Jan 2024 09:59:05.843 * Module 'raft' loaded from /home/snagendra/Fuzzing/redisraft-fuzzing/redisraft.so
2854778:M 02 Jan 2024 09:59:05.843 * Server initialized
2854778:M 02 Jan 2024 09:59:05.843 . The AOF directory appendonlydir doesn't exist
2854778:M 02 Jan 2024 09:59:05.843 * Ready to accept connections tcp
2854778:M 02 Jan 2024 09:59:05.843 . 0 clients connected (0 replicas), 1726192 bytes in use
2854778:M 02 Jan 2024 09:59:05.910 - Accepted 127.0.0.1:46534
2854778:M 02 Jan 2024 09:59:05.910 # Missing implement of connection type tls
2854778:signal-handler (1704185946) Received SIGINT scheduling shutdown...
2854778:signal-handler (1704185946) You insist... exiting now.
2855041:C 02 Jan 2024 09:59:06.729 # WARNING Memory overcommit must be enabled! Without it, a background save or replication may fail under low memory condition. Being disabled, it can also cause failures without low memory condition, see https://github.com/jemalloc/jemalloc/issues/1328. To fix this issue add 'vm.overcommit_memory = 1' to /etc/sysctl.conf and then reboot or run the command 'sysctl vm.overcommit_memory=1' for this to take effect.
2855041:C 02 Jan 2024 09:59:06.729 * oO0OoO0OoO0Oo Redis is starting oO0OoO0OoO0Oo
2855041:C 02 Jan 2024 09:59:06.729 * Redis version=255.255.255, bits=64, commit=e04ebdb8, modified=1, pid=2855041, just started
2855041:C 02 Jan 2024 09:59:06.729 * Configuration loaded
2855041:M 02 Jan 2024 09:59:06.730 * monotonic clock: POSIX clock_gettime
2855041:M 02 Jan 2024 09:59:06.730 * Running mode=standalone, port=5073.
2855041:M 02 Jan 2024 09:59:06.736 * <raft> RedisRaft version 255.255.255 [b779b199]
2855041:M 02 Jan 2024 09:59:06.741 * <raft> Initializing test network
2855041:M 02 Jan 2024 09:59:06.742 * <raft> Created test network client
2855041:M 02 Jan 2024 09:59:06.742 * <raft> Raft module loaded, state is 'uninitialized'
2855041:M 02 Jan 2024 09:59:06.742 * Module 'raft' loaded from /home/snagendra/Fuzzing/redisraft-fuzzing/redisraft.so
2855041:M 02 Jan 2024 09:59:06.743 * Server initialized
2855041:M 02 Jan 2024 09:59:06.743 . The AOF directory appendonlydir doesn't exist
2855041:M 02 Jan 2024 09:59:06.743 * Ready to accept connections tcp
2855041:M 02 Jan 2024 09:59:06.743 . 0 clients connected (0 replicas), 1726224 bytes in use
2855041:M 02 Jan 2024 09:59:06.815 - Accepted 127.0.0.1:46584
2855041:M 02 Jan 2024 09:59:06.815 # Missing implement of connection type tls
2855041:signal-handler (1704185946) Received SIGINT scheduling shutdown...
2855245:C 02 Jan 2024 09:59:07.270 # WARNING Memory overcommit must be enabled! Without it, a background save or replication may fail under low memory condition. Being disabled, it can also cause failures without low memory condition, see https://github.com/jemalloc/jemalloc/issues/1328. To fix this issue add 'vm.overcommit_memory = 1' to /etc/sysctl.conf and then reboot or run the command 'sysctl vm.overcommit_memory=1' for this to take effect.
2855245:C 02 Jan 2024 09:59:07.270 * oO0OoO0OoO0Oo Redis is starting oO0OoO0OoO0Oo
2855245:C 02 Jan 2024 09:59:07.270 * Redis version=255.255.255, bits=64, commit=e04ebdb8, modified=1, pid=2855245, just started
2855245:C 02 Jan 2024 09:59:07.270 * Configuration loaded
2855245:M 02 Jan 2024 09:59:07.271 * monotonic clock: POSIX clock_gettime
2855245:M 02 Jan 2024 09:59:07.271 * Running mode=standalone, port=5073.
2855245:M 02 Jan 2024 09:59:07.277 * <raft> RedisRaft version 255.255.255 [b779b199]
2855245:M 02 Jan 2024 09:59:07.282 * <raft> Initializing test network
2855245:M 02 Jan 2024 09:59:07.283 * <raft> Created test network client
2855245:M 02 Jan 2024 09:59:07.283 * <raft> Raft module loaded, state is 'uninitialized'
2855245:M 02 Jan 2024 09:59:07.283 * Module 'raft' loaded from /home/snagendra/Fuzzing/redisraft-fuzzing/redisraft.so
2855245:M 02 Jan 2024 09:59:07.283 * Server initialized
2855245:M 02 Jan 2024 09:59:07.283 . The AOF directory appendonlydir doesn't exist
2855245:M 02 Jan 2024 09:59:07.283 * Ready to accept connections tcp
2855245:M 02 Jan 2024 09:59:07.283 . 0 clients connected (0 replicas), 1726192 bytes in use
2855245:M 02 Jan 2024 09:59:07.317 - Accepted 127.0.0.1:46624
2855245:M 02 Jan 2024 09:59:07.317 # Missing implement of connection type tls
2855245:M 02 Jan 2024 09:59:07.343 - Accepted 127.0.0.1:46632
2855245:signal-handler (1704185947) Received SIGINT scheduling shutdown...
2855245:signal-handler (1704185947) You insist... exiting now.
2855420:C 02 Jan 2024 09:59:07.655 # WARNING Memory overcommit must be enabled! Without it, a background save or replication may fail under low memory condition. Being disabled, it can also cause failures without low memory condition, see https://github.com/jemalloc/jemalloc/issues/1328. To fix this issue add 'vm.overcommit_memory = 1' to /etc/sysctl.conf and then reboot or run the command 'sysctl vm.overcommit_memory=1' for this to take effect.
2855420:C 02 Jan 2024 09:59:07.655 * oO0OoO0OoO0Oo Redis is starting oO0OoO0OoO0Oo
2855420:C 02 Jan 2024 09:59:07.655 * Redis version=255.255.255, bits=64, commit=e04ebdb8, modified=1, pid=2855420, just started
2855420:C 02 Jan 2024 09:59:07.655 * Configuration loaded
2855420:M 02 Jan 2024 09:59:07.655 * monotonic clock: POSIX clock_gettime
2855420:M 02 Jan 2024 09:59:07.656 * Running mode=standalone, port=5073.
2855420:M 02 Jan 2024 09:59:07.662 * <raft> RedisRaft version 255.255.255 [b779b199]
2855420:M 02 Jan 2024 09:59:07.667 * <raft> Initializing test network
2855420:M 02 Jan 2024 09:59:07.668 * <raft> Created test network client
2855420:M 02 Jan 2024 09:59:07.668 * <raft> Raft module loaded, state is 'uninitialized'
2855420:M 02 Jan 2024 09:59:07.668 * Module 'raft' loaded from /home/snagendra/Fuzzing/redisraft-fuzzing/redisraft.so
2855420:M 02 Jan 2024 09:59:07.669 * Server initialized
2855420:M 02 Jan 2024 09:59:07.669 . The AOF directory appendonlydir doesn't exist
2855420:M 02 Jan 2024 09:59:07.669 * Ready to accept connections tcp
2855420:M 02 Jan 2024 09:59:07.669 . 0 clients connected (0 replicas), 1726224 bytes in use
2855420:M 02 Jan 2024 09:59:07.720 - Accepted 127.0.0.1:46666
2855420:M 02 Jan 2024 09:59:07.720 # Missing implement of connection type tls
2855420:signal-handler (1704185947) Received SIGINT scheduling shutdown...
2855420:signal-handler (1704185947) You insist... exiting now.
2855781:C 02 Jan 2024 09:59:08.298 # WARNING Memory overcommit must be enabled! Without it, a background save or replication may fail under low memory condition. Being disabled, it can also cause failures without low memory condition, see https://github.com/jemalloc/jemalloc/issues/1328. To fix this issue add 'vm.overcommit_memory = 1' to /etc/sysctl.conf and then reboot or run the command 'sysctl vm.overcommit_memory=1' for this to take effect.
2855781:C 02 Jan 2024 09:59:08.298 * oO0OoO0OoO0Oo Redis is starting oO0OoO0OoO0Oo
2855781:C 02 Jan 2024 09:59:08.298 * Redis version=255.255.255, bits=64, commit=e04ebdb8, modified=1, pid=2855781, just started
2855781:C 02 Jan 2024 09:59:08.298 * Configuration loaded
2855781:M 02 Jan 2024 09:59:08.298 * monotonic clock: POSIX clock_gettime
2855781:M 02 Jan 2024 09:59:08.299 * Running mode=standalone, port=5073.
2855781:M 02 Jan 2024 09:59:08.305 * <raft> RedisRaft version 255.255.255 [b779b199]
2855781:M 02 Jan 2024 09:59:08.310 * <raft> Initializing test network
2855781:M 02 Jan 2024 09:59:08.311 * <raft> Created test network client
2855781:M 02 Jan 2024 09:59:08.311 * <raft> Raft module loaded, state is 'uninitialized'
2855781:M 02 Jan 2024 09:59:08.311 * Module 'raft' loaded from /home/snagendra/Fuzzing/redisraft-fuzzing/redisraft.so
2855781:M 02 Jan 2024 09:59:08.311 * Server initialized
2855781:M 02 Jan 2024 09:59:08.311 . The AOF directory appendonlydir doesn't exist
2855781:M 02 Jan 2024 09:59:08.311 * Ready to accept connections tcp
2855781:M 02 Jan 2024 09:59:08.312 . 0 clients connected (0 replicas), 1726128 bytes in use
2855781:M 02 Jan 2024 09:59:08.322 - Accepted 127.0.0.1:46714
2855781:M 02 Jan 2024 09:59:08.322 # Missing implement of connection type tls
2855781:signal-handler (1704185948) Received SIGINT scheduling shutdown...
2855781:signal-handler (1704185948) You insist... exiting now.
2856035:C 02 Jan 2024 09:59:08.556 # WARNING Memory overcommit must be enabled! Without it, a background save or replication may fail under low memory condition. Being disabled, it can also cause failures without low memory condition, see https://github.com/jemalloc/jemalloc/issues/1328. To fix this issue add 'vm.overcommit_memory = 1' to /etc/sysctl.conf and then reboot or run the command 'sysctl vm.overcommit_memory=1' for this to take effect.
2856035:C 02 Jan 2024 09:59:08.556 * oO0OoO0OoO0Oo Redis is starting oO0OoO0OoO0Oo
2856035:C 02 Jan 2024 09:59:08.556 * Redis version=255.255.255, bits=64, commit=e04ebdb8, modified=1, pid=2856035, just started
2856035:C 02 Jan 2024 09:59:08.556 * Configuration loaded
2856035:M 02 Jan 2024 09:59:08.556 * monotonic clock: POSIX clock_gettime
2856035:M 02 Jan 2024 09:59:08.557 * Running mode=standalone, port=5073.
2856035:M 02 Jan 2024 09:59:08.563 * <raft> RedisRaft version 255.255.255 [b779b199]
2856035:M 02 Jan 2024 09:59:08.568 * <raft> Initializing test network
2856035:M 02 Jan 2024 09:59:08.569 * <raft> Created test network client
2856035:M 02 Jan 2024 09:59:08.569 * <raft> Raft module loaded, state is 'uninitialized'
2856035:M 02 Jan 2024 09:59:08.569 * Module 'raft' loaded from /home/snagendra/Fuzzing/redisraft-fuzzing/redisraft.so
2856035:M 02 Jan 2024 09:59:08.570 * Server initialized
2856035:M 02 Jan 2024 09:59:08.570 . The AOF directory appendonlydir doesn't exist
2856035:M 02 Jan 2024 09:59:08.570 * Ready to accept connections tcp
2856035:M 02 Jan 2024 09:59:08.570 . 0 clients connected (0 replicas), 1726224 bytes in use
2856035:signal-handler (1704185948) Received SIGINT scheduling shutdown...
2856035:signal-handler (1704185948) You insist... exiting now.

----- Stderr -----
libgcov profiling error:/home/snagendra/Fuzzing/redisraft-fuzzing/build/deps/raft/CMakeFiles/raft.dir/src/raft_server.c.gcda:Merge mismatch for function 30
libgcov profiling error:/home/snagendra/Fuzzing/redisraft-fuzzing/build/deps/raft/CMakeFiles/raft.dir/src/raft_server.c.gcda:Merge mismatch for function 30
libgcov profiling error:/home/snagendra/Fuzzing/redisraft-fuzzing/build/deps/raft/CMakeFiles/raft.dir/src/raft_server.c.gcda:Merge mismatch for function 30
libgcov profiling error:/home/snagendra/Fuzzing/redisraft-fuzzing/build/deps/raft/CMakeFiles/raft.dir/src/raft_server.c.gcda:Merge mismatch for function 30
libgcov profiling error:/home/snagendra/Fuzzing/redisraft-fuzzing/build/deps/raft/CMakeFiles/raft.dir/src/raft_server.c.gcda:Merge mismatch for function 30
libgcov profiling error:/home/snagendra/Fuzzing/redisraft-fuzzing/build/deps/raft/CMakeFiles/raft.dir/src/raft_server.c.gcda:Merge mismatch for function 30



