logs for node: 1

----- Stdout -----
1398509:C 02 Jan 2024 11:44:11.595 # WARNING Memory overcommit must be enabled! Without it, a background save or replication may fail under low memory condition. Being disabled, it can also cause failures without low memory condition, see https://github.com/jemalloc/jemalloc/issues/1328. To fix this issue add 'vm.overcommit_memory = 1' to /etc/sysctl.conf and then reboot or run the command 'sysctl vm.overcommit_memory=1' for this to take effect.
1398509:C 02 Jan 2024 11:44:11.595 * oO0OoO0OoO0Oo Redis is starting oO0OoO0OoO0Oo
1398509:C 02 Jan 2024 11:44:11.595 * Redis version=255.255.255, bits=64, commit=e04ebdb8, modified=1, pid=1398509, just started
1398509:C 02 Jan 2024 11:44:11.595 * Configuration loaded
1398509:M 02 Jan 2024 11:44:11.595 * monotonic clock: POSIX clock_gettime
1398509:M 02 Jan 2024 11:44:11.596 * Running mode=standalone, port=5051.
1398509:M 02 Jan 2024 11:44:11.602 * <raft> RedisRaft version 255.255.255 [b779b199]
1398509:M 02 Jan 2024 11:44:11.607 * <raft> Initializing test network
1398509:M 02 Jan 2024 11:44:11.608 * <raft> Created test network client
1398509:M 02 Jan 2024 11:44:11.608 * <raft> Raft module loaded, state is 'uninitialized'
1398509:M 02 Jan 2024 11:44:11.608 * Module 'raft' loaded from /home/snagendra/Fuzzing/redisraft-fuzzing/redisraft.so
1398509:M 02 Jan 2024 11:44:11.609 * Server initialized
1398509:M 02 Jan 2024 11:44:11.610 . The AOF directory appendonlydir doesn't exist
1398509:M 02 Jan 2024 11:44:11.610 * Ready to accept connections tcp
1398509:M 02 Jan 2024 11:44:11.610 . 0 clients connected (0 replicas), 1726224 bytes in use
1398509:M 02 Jan 2024 11:44:11.614 - Accepted 127.0.0.1:40394
1398509:M 02 Jan 2024 11:44:11.614 # Missing implement of connection type tls
1398509:M 02 Jan 2024 11:44:11.621 * <raft> Cluster Membership: term:0 index:0 nodes: id=1,voting=0,active=1,addr=-
1398509:M 02 Jan 2024 11:44:11.625 * <raft> State change: Node is now a leader, term 1
1398509:M 02 Jan 2024 11:44:11.625 * <raft> Cluster Membership: term:1 index:1 nodes: id=1,voting=0,active=1,addr=-
1398509:M 02 Jan 2024 11:44:11.626 * <raft> Test network starting message polling thread
1398509:M 02 Jan 2024 11:44:11.626 * <raft> Raft Cluster initialized, node id: 1, dbid: c276cd4d1fb7c972ae73f56f272ecb07
1398509:M 02 Jan 2024 11:44:11.743 - Accepted 127.0.0.1:40408
1398509:M 02 Jan 2024 11:44:11.743 * <raft> Cluster Membership: term:1 index:3 nodes: id=1,voting=1,active=1,addr=- id=2,voting=0,active=1,addr=localhost:5052
1398509:M 02 Jan 2024 11:44:11.750 - Client closed connection id=9 addr=127.0.0.1:40408 laddr=127.0.0.1:5051 fd=12 name= age=0 idle=0 flags=N db=0 sub=0 psub=0 ssub=0 multi=-1 qbuf=0 qbuf-free=20474 argv-mem=0 multi-mem=0 rbs=16384 rbp=16384 obl=0 oll=0 omem=0 tot-mem=37760 events=r cmd=raft.node user=default redir=-1 resp=2 lib-name= lib-ver=
1398509:M 02 Jan 2024 11:44:11.867 - Accepted 127.0.0.1:40416
1398509:M 02 Jan 2024 11:44:11.868 * <raft> Cluster Membership: term:1 index:4 nodes: id=1,voting=1,active=1,addr=- id=2,voting=0,active=1,addr=localhost:5052 id=3,voting=0,active=1,addr=localhost:5053
1398509:M 02 Jan 2024 11:44:11.875 - Client closed connection id=10 addr=127.0.0.1:40416 laddr=127.0.0.1:5051 fd=13 name= age=0 idle=0 flags=N db=0 sub=0 psub=0 ssub=0 multi=-1 qbuf=0 qbuf-free=20474 argv-mem=0 multi-mem=0 rbs=16384 rbp=16384 obl=0 oll=0 omem=0 tot-mem=37760 events=r cmd=raft.node user=default redir=-1 resp=2 lib-name= lib-ver=
1398509:signal-handler (1704192251) Received SIGINT scheduling shutdown...
1398509:signal-handler (1704192251) You insist... exiting now.
1399441:C 02 Jan 2024 11:44:14.395 # WARNING Memory overcommit must be enabled! Without it, a background save or replication may fail under low memory condition. Being disabled, it can also cause failures without low memory condition, see https://github.com/jemalloc/jemalloc/issues/1328. To fix this issue add 'vm.overcommit_memory = 1' to /etc/sysctl.conf and then reboot or run the command 'sysctl vm.overcommit_memory=1' for this to take effect.
1399441:C 02 Jan 2024 11:44:14.395 * oO0OoO0OoO0Oo Redis is starting oO0OoO0OoO0Oo
1399441:C 02 Jan 2024 11:44:14.395 * Redis version=255.255.255, bits=64, commit=e04ebdb8, modified=1, pid=1399441, just started
1399441:C 02 Jan 2024 11:44:14.395 * Configuration loaded
1399441:M 02 Jan 2024 11:44:14.395 * monotonic clock: POSIX clock_gettime
1399441:M 02 Jan 2024 11:44:14.396 * Running mode=standalone, port=5051.
1399441:M 02 Jan 2024 11:44:14.402 * <raft> RedisRaft version 255.255.255 [b779b199]
1399441:M 02 Jan 2024 11:44:14.407 * <raft> Initializing test network
1399441:M 02 Jan 2024 11:44:14.408 * <raft> Created test network client
1399441:M 02 Jan 2024 11:44:14.410 * <raft> Raft module loaded, state is 'loading'
1399441:M 02 Jan 2024 11:44:14.410 * Module 'raft' loaded from /home/snagendra/Fuzzing/redisraft-fuzzing/redisraft.so
1399441:M 02 Jan 2024 11:44:14.411 * Server initialized
1399441:M 02 Jan 2024 11:44:14.411 . The AOF directory appendonlydir doesn't exist
1399441:M 02 Jan 2024 11:44:14.411 * Ready to accept connections tcp
1399441:M 02 Jan 2024 11:44:14.411 . 0 clients connected (0 replicas), 1746656 bytes in use
1399441:M 02 Jan 2024 11:44:14.483 - Accepted 127.0.0.1:48728
1399441:M 02 Jan 2024 11:44:14.483 # Missing implement of connection type tls
1399441:M 02 Jan 2024 11:44:14.511 * <raft> Loading: Redis loading complete, snapshot NOT LOADED
1399441:M 02 Jan 2024 11:44:14.512 * <raft> Cluster Membership: term:0 index:0 nodes: id=1,voting=0,active=1,addr=-
1399441:M 02 Jan 2024 11:44:14.512 * <raft> Test network starting message polling thread


=== REDIS BUG REPORT START: Cut & paste starting from here ===
1399441:M 02 Jan 2024 11:44:14.512 # === ASSERTION FAILED ===
1399441:M 02 Jan 2024 11:44:14.512 # ==> /home/snagendra/Fuzzing/redisraft-fuzzing/src/log.c:509 'ety != NULL' is not true
1399441:M 02 Jan 2024 11:44:14.512 # === ASSERTION FAILED ===
1399441:M 02 Jan 2024 11:44:14.512 # ==> /home/snagendra/Fuzzing/redisraft-fuzzing/src/log.c:509 'ety != NULL' is not true

------ STACK TRACE ------

Backtrace:

------ STACK TRACE ------

Backtrace:
/home/snagendra/Fuzzing/redisraft-fuzzing/redisraft.so(+0x25e00)[0x7f919ed9de00]
/home/snagendra/Fuzzing/redisraft-fuzzing/redisraft.so(LogGet+0x60)[0x7f919ed9f1b0]
/home/snagendra/Fuzzing/redisraft-fuzzing/redisraft.so(+0x272ef)[0x7f919ed9f2ef]
/home/snagendra/Fuzzing/redisraft-fuzzing/redisraft.so(raft_get_entry_from_idx+0x1a)[0x7f919edb345a]
/home/snagendra/Fuzzing/redisraft-fuzzing/redisraft.so(raft_get_last_log_term+0x36)[0x7f919edb9346]
/home/snagendra/Fuzzing/redisraft-fuzzing/redisraft.so(raft_recv_requestvote+0x16f)[0x7f919edb408f]
/home/snagendra/Fuzzing/redisraft-fuzzing/redisraft.so(handleTestNetworkMessage+0x1a2)[0x7f919edad512]
/home/snagendra/Fuzzing/redisraft-fuzzing/redisraft.so(poll_redis_test_messages+0x89)[0x7f919edad5c9]
/lib/x86_64-linux-gnu/libc.so.6(+0x89044)[0x7f919fe8e044]
/lib/x86_64-linux-gnu/libc.so.6(+0x10961c)[0x7f919ff0e61c]

------ INFO OUTPUT ------
/home/snagendra/Fuzzing/redisraft-fuzzing/redisraft.so(+0x25e00)[0x7f919ed9de00]
/home/snagendra/Fuzzing/redisraft-fuzzing/redisraft.so(LogGet+0x60)[0x7f919ed9f1b0]
/home/snagendra/Fuzzing/redisraft-fuzzing/redisraft.so(+0x272ef)[0x7f919ed9f2ef]
/home/snagendra/Fuzzing/redisraft-fuzzing/redisraft.so(raft_restore_log+0x54)[0x7f919edb88d4]
/home/snagendra/Fuzzing/redisraft-fuzzing/redisraft.so(callRaftPeriodic+0x131)[0x7f919eda4d41]
/home/snagendra/Fuzzing/redis/src/redis-server 0.0.0.0:5051(moduleTimerHandler+0x21c)[0x55f712a8598c]
/home/snagendra/Fuzzing/redis/src/redis-server 0.0.0.0:5051(+0x81705)[0x55f71298f705]
/home/snagendra/Fuzzing/redis/src/redis-server 0.0.0.0:5051(aeMain+0x1c8)[0x55f712999cb8]
/home/snagendra/Fuzzing/redis/src/redis-server 0.0.0.0:5051(main+0x3cd)[0x55f71298ee2d]
/lib/x86_64-linux-gnu/libc.so.6(+0x271ca)[0x7f919fe2c1ca]
# Server
redis_version:255.255.255
redis_git_sha1:e04ebdb8
redis_git_dirty:1
redis_build_id:1f78dcc7b4fbdd25
redis_mode:standalone
os:Linux 6.1.60.1.amd64-smp x86_64
arch_bits:64
monotonic_clock:POSIX clock_gettime
multiplexing_api:epoll
atomicvar_api:c11-builtin
gcc_version:10.2.1
process_id:1399441
process_supervised:no
run_id:d81e9b250df62743f5e539e913321681cc6fa35c
tcp_port:5051
server_time_usec:1704192254511808
uptime_in_seconds:0
uptime_in_days:0
hz:10
configured_hz:10
lru_clock:9693438
executable:/home/snagendra/Fuzzing/redis/src/redis-server
config_file:
io_threads_active:0
listener0:name=tcp,bind=0.0.0.0,port=5051

# Clients
connected_clients:1
cluster_connections:0
maxclients:10000
client_recent_max_input_buffer:0
client_recent_max_output_buffer:0
blocked_clients:0
tracking_clients:0
clients_in_timeout_table:0
total_blocking_keys:0
total_blocking_keys_on_nokey:0

# Memory
used_memory:1816864
used_memory_human:1.73M
used_memory_rss:17813504
used_memory_rss_human:16.99M
used_memory_peak:1816864
used_memory_peak_human:1.73M
used_memory_peak_perc:100.39%
used_memory_overhead:1746696
used_memory_startup:1746512
used_memory_dataset:70168
used_memory_dataset_perc:99.74%
allocator_allocated:2218408
allocator_active:2756608
allocator_resident:10928128
total_system_memory:270388695040
total_system_memory_human:251.82G
used_memory_lua:31744
used_memory_vm_eval:31744
used_memory_lua_human:31.00K
used_memory_scripts_eval:0
number_of_cached_scripts:0
number_of_functions:0
number_of_libraries:0
used_memory_vm_functions:32768
used_memory_vm_total:64512
used_memory_vm_total_human:63.00K
used_memory_functions:184
used_memory_scripts:184
used_memory_scripts_human:184B
maxmemory:0
maxmemory_human:0B
maxmemory_policy:noeviction
allocator_frag_ratio:1.24
allocator_frag_bytes:538200
allocator_rss_ratio:3.96
allocator_rss_bytes:8171520
rss_overhead_ratio:1.63
rss_overhead_bytes:6885376
mem_fragmentation_ratio:10.20
mem_fragmentation_bytes:16066848
mem_not_counted_for_evict:0
mem_replication_backlog:0
mem_total_replication_buffers:0
mem_clients_slaves:0
mem_clients_normal:0
mem_cluster_links:0
mem_aof_buffer:0
mem_allocator:jemalloc-5.3.0
active_defrag_running:0
lazyfree_pending_objects:0
lazyfreed_objects:0

# Persistence
loading:0
async_loading:0
current_cow_peak:0
current_cow_size:0
current_cow_size_age:0
current_fork_perc:0.00
current_save_keys_processed:0
current_save_keys_total:0
rdb_changes_since_last_save:0
rdb_bgsave_in_progress:0
rdb_last_save_time:1704192254
rdb_last_bgsave_status:ok
rdb_last_bgsave_time_sec:-1
rdb_current_bgsave_time_sec:-1
rdb_saves:0
rdb_last_cow_size:0
rdb_last_load_keys_expired:0
rdb_last_load_keys_loaded:0
aof_enabled:0
aof_rewrite_in_progress:0
aof_rewrite_scheduled:0
aof_last_rewrite_time_sec:-1
aof_current_rewrite_time_sec:-1
aof_last_bgrewrite_status:ok
aof_rewrites:0
aof_rewrites_consecutive_failures:0
aof_last_write_status:ok
aof_last_cow_size:0
module_fork_in_progress:0
module_fork_last_cow_size:0

# Stats
total_connections_received:1
total_commands_processed:7
instantaneous_ops_per_sec:23
total_net_input_bytes:33
total_net_output_bytes:5
total_net_repl_input_bytes:0
total_net_repl_output_bytes:0
instantaneous_input_kbps:0.00
instantaneous_output_kbps:0.00
instantaneous_input_repl_kbps:0.00
instantaneous_output_repl_kbps:0.00
rejected_connections:0
sync_full:0
sync_partial_ok:0
sync_partial_err:0
expired_keys:0
expired_stale_perc:0.00
expired_time_cap_reached_count:0
expire_cycle_cpu_milliseconds:0
evicted_keys:0
evicted_clients:0
total_eviction_exceeded_time:0
current_eviction_exceeded_time:0
keyspace_hits:0
keyspace_misses:0
pubsub_channels:0
pubsub_patterns:0
pubsubshard_channels:0
latest_fork_usec:0
total_forks:0
migrate_cached_sockets:0
slave_expires_tracked_keys:0
active_defrag_hits:0
active_defrag_misses:0
active_defrag_key_hits:0
active_defrag_key_misses:0
total_active_defrag_time:0
current_active_defrag_time:0
tracking_total_keys:0
tracking_total_items:0
tracking_total_prefixes:0
unexpected_error_replies:0
total_error_replies:0
dump_payload_sanitizations:0
total_reads_processed:1
total_writes_processed:1
io_threaded_reads_processed:0
io_threaded_writes_processed:0
reply_buffer_shrinks:0
reply_buffer_expands:0
acl_access_denied_auth:0
acl_access_denied_cmd:0
acl_access_denied_key:0
acl_access_denied_channel:0

# Replication
role:master
connected_slaves:0
master_failover_state:no-failover
master_replid:ab010eb343e9df449f7fa378fb23d68093869684
master_replid2:0000000000000000000000000000000000000000
master_repl_offset:0
second_repl_offset:-1
repl_backlog_active:0
repl_backlog_size:1048576
repl_backlog_first_byte_offset:0
repl_backlog_histlen:0

# CPU
used_cpu_sys:0.004650
used_cpu_user:0.013952
used_cpu_sys_children:0.000000
used_cpu_user_children:0.000000
used_cpu_sys_main_thread:0.000000
used_cpu_user_main_thread:0.000509

# Modules
module:name=raft,ver=1,api=1,filters=1,usedby=[],using=[],options=[]

# Commandstats
cmdstat_config|set:calls=1,usec=7,usec_per_call=7.00,rejected_calls=0,failed_calls=0
cmdstat_config|get:calls=3,usec=5,usec_per_call=1.67,rejected_calls=0,failed_calls=0
cmdstat_auth:calls=1,usec=1,usec_per_call=1.00,rejected_calls=0,failed_calls=0
cmdstat_command:calls=2,usec=1632,usec_per_call=816.00,rejected_calls=0,failed_calls=0

# Errorstats

# Latencystats
latency_percentiles_usec_config|set:p50=7.007,p99=7.007,p99.9=7.007
latency_percentiles_usec_config|get:p50=2.007,p99=2.007,p99.9=2.007
latency_percentiles_usec_auth:p50=1.003,p99=1.003,p99.9=1.003
latency_percentiles_usec_command:p50=815.103,p99=819.199,p99.9=819.199

# Cluster
cluster_enabled:0

# Keyspace

------ CLIENT LIST OUTPUT ------
/lib/x86_64-linux-gnu/libc.so.6(__libc_start_main+0x85)[0x7f919fe2c285]
id=8 addr=127.0.0.1:48728 laddr=127.0.0.1:5051 fd=11 name= age=0 idle=0 flags=N db=0 sub=0 psub=0 ssub=0 multi=-1 qbuf=0 qbuf-free=20474 argv-mem=0 multi-mem=0 rbs=16384 rbp=16384 obl=0 oll=0 omem=0 tot-mem=37760 events=r cmd=auth user=default redir=-1 resp=2 lib-name= lib-ver=

------ MODULES INFO OUTPUT ------
/home/snagendra/Fuzzing/redis/src/redis-server 0.0.0.0:5051(_start+0x2a)[0x55f71298f5aa]

------ INFO OUTPUT ------
# raft_version
raft_version:255.255.255
raft_git_sha1:b779b199

# raft_general
raft_dbid:c276cd4d1fb7c972ae73f56f272ecb07
raft_node_id:1
raft_state:up
raft_role:follower
raft_is_voting:yes
raft_voted_for:-1
raft_leader_id:-1
raft_current_term:0
raft_num_nodes:1
raft_num_voting_nodes:1

# raft_log
raft_log_entries:4
raft_current_index:4
raft_commit_index:0
raft_last_applied_index:0
raft_file_size:1184
raft_cache_memory_size:0
raft_cache_entries:0
raft_client_attached_entries:0
raft_fsync_count:0
raft_fsync_max_microseconds:0
raft_entry1:term=1,id=0,data_len=0
raft_entry2:term=1,id=675307274,data_len=264
raft_entry3:term=1,id=1945867469,data_len=264
raft_fsync_avg_microseconds:0

# raft_snapshot
raft_snapshot_filename:redis1.rdb
raft_snapshot_last_idx:0
raft_snapshot_last_term:0
raft_snapshot_size:0
raft_snapshot_time_secs:-1
raft_snapshots_created:0
raft_snapshots_received:0
raft_snapshot_in_progress:no
raft_snapshot_in_progress_last_idx:-1
raft_snapshot_in_progress_last_term:-1

# raft_clients
raft_proxy_reqs:0
raft_proxy_failed_reqs:0
raft_proxy_failed_responses:0
raft_proxy_outstanding_reqs:0

# raft_stats
raft_appendreq_received:0
raft_appendreq_with_entry_received:0
raft_snapshotreq_received:0
raft_exec_throttled:0
raft_num_sessions:0

------ CONFIG DEBUG OUTPUT ------
lazyfree-lazy-user-flush no
replica-read-only yes
sanitize-dump-payload no
activedefrag no
lazyfree-lazy-eviction no
io-threads 1
client-query-buffer-limit 1gb
repl-diskless-load disabled
proto-max-bulk-len 512mb
list-compress-depth 0
lazyfree-lazy-user-del no
lazyfree-lazy-server-del no
slave-read-only yes
io-threads-do-reads no
repl-diskless-sync yes
lazyfree-lazy-expire no

------ FAST MEMORY TEST ------
1399441:M 02 Jan 2024 11:44:14.513 # main thread terminated
1399441:M 02 Jan 2024 11:44:14.513 # Bio worker thread #0 terminated
1399441:M 02 Jan 2024 11:44:14.513 # Bio worker thread #1 terminated
1399441:M 02 Jan 2024 11:44:14.513 # Bio worker thread #2 terminated

Fast memory test PASSED, however your memory can still be broken. Please run a memory test for several hours if possible.

=== REDIS BUG REPORT END. Make sure to include from START to END. ===

       Please report the crash by opening an issue on github:

           http://github.com/redis/redis/issues

  If a Redis module was involved, please open in the module's repo instead.

  Suspect RAM error? Use redis-server --test-memory to verify it.

  Some other issues could be detected by redis-server --check-system

----- Stderr -----




logs for node: 2

----- Stdout -----
1398530:C 02 Jan 2024 11:44:11.628 # WARNING Memory overcommit must be enabled! Without it, a background save or replication may fail under low memory condition. Being disabled, it can also cause failures without low memory condition, see https://github.com/jemalloc/jemalloc/issues/1328. To fix this issue add 'vm.overcommit_memory = 1' to /etc/sysctl.conf and then reboot or run the command 'sysctl vm.overcommit_memory=1' for this to take effect.
1398530:C 02 Jan 2024 11:44:11.628 * oO0OoO0OoO0Oo Redis is starting oO0OoO0OoO0Oo
1398530:C 02 Jan 2024 11:44:11.628 * Redis version=255.255.255, bits=64, commit=e04ebdb8, modified=1, pid=1398530, just started
1398530:C 02 Jan 2024 11:44:11.628 * Configuration loaded
1398530:M 02 Jan 2024 11:44:11.629 * monotonic clock: POSIX clock_gettime
1398530:M 02 Jan 2024 11:44:11.629 * Running mode=standalone, port=5052.
1398530:M 02 Jan 2024 11:44:11.636 * <raft> RedisRaft version 255.255.255 [b779b199]
1398530:M 02 Jan 2024 11:44:11.641 * <raft> Initializing test network
1398530:M 02 Jan 2024 11:44:11.641 * <raft> Created test network client
1398530:M 02 Jan 2024 11:44:11.642 * <raft> Raft module loaded, state is 'uninitialized'
1398530:M 02 Jan 2024 11:44:11.642 * Module 'raft' loaded from /home/snagendra/Fuzzing/redisraft-fuzzing/redisraft.so
1398530:M 02 Jan 2024 11:44:11.643 * Server initialized
1398530:M 02 Jan 2024 11:44:11.643 . The AOF directory appendonlydir doesn't exist
1398530:M 02 Jan 2024 11:44:11.643 * Ready to accept connections tcp
1398530:M 02 Jan 2024 11:44:11.644 . 0 clients connected (0 replicas), 1726224 bytes in use
1398530:M 02 Jan 2024 11:44:11.646 - Accepted 127.0.0.1:52584
1398530:M 02 Jan 2024 11:44:11.646 # Missing implement of connection type tls
1398530:M 02 Jan 2024 11:44:11.742 - <raft> join cluster, connecting to localhost:5051
1398530:M 02 Jan 2024 11:44:11.744 * <raft> Joined Raft cluster, node id: 2, dbid: c276cd4d1fb7c972ae73f56f272ecb07
1398530:M 02 Jan 2024 11:44:11.750 * <raft> Cluster Membership: term:0 index:0 nodes: id=2,voting=0,active=1,addr=-
1398530:M 02 Jan 2024 11:44:11.750 * <raft> Test network starting message polling thread
1398530:M 02 Jan 2024 11:44:11.810 - Accepted 127.0.0.1:52598
1398530:M 02 Jan 2024 11:44:11.892 - Client closed connection id=9 addr=127.0.0.1:52598 laddr=127.0.0.1:5052 fd=10 name= age=0 idle=0 flags=N db=0 sub=0 psub=0 ssub=0 multi=-1 qbuf=0 qbuf-free=20474 argv-mem=0 multi-mem=0 rbs=16384 rbp=0 obl=0 oll=0 omem=0 tot-mem=37760 events=r cmd=auth user=default redir=-1 resp=2 lib-name= lib-ver=
1398530:M 02 Jan 2024 11:44:11.899 * <raft> Cluster Membership: term:1 index:2 nodes: id=2,voting=0,active=1,addr=- id=1,voting=1,active=1,addr=localhost:5051
1398530:M 02 Jan 2024 11:44:11.967 - Accepted 127.0.0.1:52612
1398530:M 02 Jan 2024 11:44:12.245 * <raft> State change: Election starting, node is now a pre-candidate, term 1
1398530:M 02 Jan 2024 11:44:12.245 * <raft> Cluster Membership: term:1 index:3 nodes: id=2,voting=0,active=1,addr=- id=1,voting=1,active=1,addr=localhost:5051
1398530:M 02 Jan 2024 11:44:12.429 - Client closed connection id=10 addr=127.0.0.1:52612 laddr=127.0.0.1:5052 fd=10 name= age=1 idle=1 flags=N db=0 sub=0 psub=0 ssub=0 multi=-1 qbuf=0 qbuf-free=20474 argv-mem=0 multi-mem=0 rbs=1024 rbp=0 obl=0 oll=0 omem=0 tot-mem=22400 events=r cmd=auth user=default redir=-1 resp=2 lib-name= lib-ver=
1398530:M 02 Jan 2024 11:44:12.648 * <raft> State change: Election starting, node is now a pre-candidate, term 1
1398530:M 02 Jan 2024 11:44:12.648 * <raft> Cluster Membership: term:1 index:3 nodes: id=2,voting=0,active=1,addr=- id=1,voting=1,active=1,addr=localhost:5051
1398530:M 02 Jan 2024 11:44:13.050 * <raft> State change: Election starting, node is now a pre-candidate, term 1
1398530:M 02 Jan 2024 11:44:13.050 * <raft> Cluster Membership: term:1 index:3 nodes: id=2,voting=0,active=1,addr=- id=1,voting=1,active=1,addr=localhost:5051
1398530:signal-handler (1704192253) Received SIGINT scheduling shutdown...
1399180:C 02 Jan 2024 11:44:13.855 # WARNING Memory overcommit must be enabled! Without it, a background save or replication may fail under low memory condition. Being disabled, it can also cause failures without low memory condition, see https://github.com/jemalloc/jemalloc/issues/1328. To fix this issue add 'vm.overcommit_memory = 1' to /etc/sysctl.conf and then reboot or run the command 'sysctl vm.overcommit_memory=1' for this to take effect.
1399180:C 02 Jan 2024 11:44:13.855 * oO0OoO0OoO0Oo Redis is starting oO0OoO0OoO0Oo
1399180:C 02 Jan 2024 11:44:13.855 * Redis version=255.255.255, bits=64, commit=e04ebdb8, modified=1, pid=1399180, just started
1399180:C 02 Jan 2024 11:44:13.855 * Configuration loaded
1399180:M 02 Jan 2024 11:44:13.856 * monotonic clock: POSIX clock_gettime
1399180:M 02 Jan 2024 11:44:13.856 * Running mode=standalone, port=5052.
1399180:M 02 Jan 2024 11:44:13.863 * <raft> RedisRaft version 255.255.255 [b779b199]
1399180:M 02 Jan 2024 11:44:13.867 * <raft> Initializing test network
1399180:M 02 Jan 2024 11:44:13.868 * <raft> Created test network client
1399180:M 02 Jan 2024 11:44:13.871 * <raft> Raft module loaded, state is 'loading'
1399180:M 02 Jan 2024 11:44:13.871 * Module 'raft' loaded from /home/snagendra/Fuzzing/redisraft-fuzzing/redisraft.so
1399180:M 02 Jan 2024 11:44:13.872 * Server initialized
1399180:M 02 Jan 2024 11:44:13.872 . The AOF directory appendonlydir doesn't exist
1399180:M 02 Jan 2024 11:44:13.872 * Ready to accept connections tcp
1399180:M 02 Jan 2024 11:44:13.872 . 0 clients connected (0 replicas), 1746720 bytes in use
1399180:M 02 Jan 2024 11:44:13.972 * <raft> Loading: Redis loading complete, snapshot NOT LOADED
1399180:M 02 Jan 2024 11:44:13.972 * <raft> Cluster Membership: term:0 index:0 nodes: id=2,voting=0,active=1,addr=-
1399180:M 02 Jan 2024 11:44:13.973 * <raft> Test network starting message polling thread
1399180:M 02 Jan 2024 11:44:13.973 * <raft> Cluster Membership: term:0 index:3 nodes: id=2,voting=0,active=1,addr=- id=1,voting=1,active=1,addr=localhost:5051
1399180:M 02 Jan 2024 11:44:13.973 * <raft> Raft state after loading log: log_count=3, first_idx=1, current_idx=3, last_applied_idx=0
1399180:M 02 Jan 2024 11:44:13.973 . <raft> Raft term=1, vote=-1
1399180:M 02 Jan 2024 11:44:14.035 - Accepted 127.0.0.1:59932
1399180:M 02 Jan 2024 11:44:14.035 # Missing implement of connection type tls
1399180:signal-handler (1704192254) Received SIGINT scheduling shutdown...
1399180:signal-handler (1704192254) You insist... exiting now.
1399416:C 02 Jan 2024 11:44:14.364 # WARNING Memory overcommit must be enabled! Without it, a background save or replication may fail under low memory condition. Being disabled, it can also cause failures without low memory condition, see https://github.com/jemalloc/jemalloc/issues/1328. To fix this issue add 'vm.overcommit_memory = 1' to /etc/sysctl.conf and then reboot or run the command 'sysctl vm.overcommit_memory=1' for this to take effect.
1399416:C 02 Jan 2024 11:44:14.364 * oO0OoO0OoO0Oo Redis is starting oO0OoO0OoO0Oo
1399416:C 02 Jan 2024 11:44:14.364 * Redis version=255.255.255, bits=64, commit=e04ebdb8, modified=1, pid=1399416, just started
1399416:C 02 Jan 2024 11:44:14.364 * Configuration loaded
1399416:M 02 Jan 2024 11:44:14.364 * monotonic clock: POSIX clock_gettime
1399416:M 02 Jan 2024 11:44:14.365 * Running mode=standalone, port=5052.
1399416:M 02 Jan 2024 11:44:14.371 * <raft> RedisRaft version 255.255.255 [b779b199]
1399416:M 02 Jan 2024 11:44:14.376 * <raft> Initializing test network
1399416:M 02 Jan 2024 11:44:14.376 * <raft> Created test network client
1399416:M 02 Jan 2024 11:44:14.381 * <raft> Raft module loaded, state is 'loading'
1399416:M 02 Jan 2024 11:44:14.381 * Module 'raft' loaded from /home/snagendra/Fuzzing/redisraft-fuzzing/redisraft.so
1399416:M 02 Jan 2024 11:44:14.381 * Server initialized
1399416:M 02 Jan 2024 11:44:14.381 . The AOF directory appendonlydir doesn't exist
1399416:M 02 Jan 2024 11:44:14.381 * Ready to accept connections tcp
1399416:M 02 Jan 2024 11:44:14.381 . 0 clients connected (0 replicas), 1746624 bytes in use
1399416:M 02 Jan 2024 11:44:14.481 * <raft> Loading: Redis loading complete, snapshot NOT LOADED
1399416:M 02 Jan 2024 11:44:14.482 * <raft> Cluster Membership: term:0 index:0 nodes: id=2,voting=0,active=1,addr=-
1399416:M 02 Jan 2024 11:44:14.482 * <raft> Test network starting message polling thread
1399416:M 02 Jan 2024 11:44:14.483 * <raft> Cluster Membership: term:0 index:3 nodes: id=2,voting=0,active=1,addr=- id=1,voting=1,active=1,addr=localhost:5051
1399416:M 02 Jan 2024 11:44:14.483 * <raft> Raft state after loading log: log_count=3, first_idx=1, current_idx=3, last_applied_idx=0
1399416:M 02 Jan 2024 11:44:14.483 . <raft> Raft term=1, vote=-1
1399416:M 02 Jan 2024 11:44:14.884 * <raft> State change: Election starting, node is now a pre-candidate, term 1
1399416:M 02 Jan 2024 11:44:14.884 * <raft> Cluster Membership: term:1 index:3 nodes: id=2,voting=0,active=1,addr=- id=1,voting=1,active=1,addr=localhost:5051
1399416:signal-handler (1704192255) Received SIGINT scheduling shutdown...
1399416:signal-handler (1704192255) You insist... exiting now.

----- Stderr -----




logs for node: 3

----- Stdout -----
1398595:C 02 Jan 2024 11:44:11.753 # WARNING Memory overcommit must be enabled! Without it, a background save or replication may fail under low memory condition. Being disabled, it can also cause failures without low memory condition, see https://github.com/jemalloc/jemalloc/issues/1328. To fix this issue add 'vm.overcommit_memory = 1' to /etc/sysctl.conf and then reboot or run the command 'sysctl vm.overcommit_memory=1' for this to take effect.
1398595:C 02 Jan 2024 11:44:11.753 * oO0OoO0OoO0Oo Redis is starting oO0OoO0OoO0Oo
1398595:C 02 Jan 2024 11:44:11.753 * Redis version=255.255.255, bits=64, commit=e04ebdb8, modified=1, pid=1398595, just started
1398595:C 02 Jan 2024 11:44:11.753 * Configuration loaded
1398595:M 02 Jan 2024 11:44:11.753 * monotonic clock: POSIX clock_gettime
1398595:M 02 Jan 2024 11:44:11.754 * Running mode=standalone, port=5053.
1398595:M 02 Jan 2024 11:44:11.760 * <raft> RedisRaft version 255.255.255 [b779b199]
1398595:M 02 Jan 2024 11:44:11.765 * <raft> Initializing test network
1398595:M 02 Jan 2024 11:44:11.766 * <raft> Created test network client
1398595:M 02 Jan 2024 11:44:11.766 * <raft> Raft module loaded, state is 'uninitialized'
1398595:M 02 Jan 2024 11:44:11.766 * Module 'raft' loaded from /home/snagendra/Fuzzing/redisraft-fuzzing/redisraft.so
1398595:M 02 Jan 2024 11:44:11.767 * Server initialized
1398595:M 02 Jan 2024 11:44:11.767 . The AOF directory appendonlydir doesn't exist
1398595:M 02 Jan 2024 11:44:11.768 * Ready to accept connections tcp
1398595:M 02 Jan 2024 11:44:11.768 . 0 clients connected (0 replicas), 1726160 bytes in use
1398595:M 02 Jan 2024 11:44:11.770 - Accepted 127.0.0.1:57412
1398595:M 02 Jan 2024 11:44:11.770 # Missing implement of connection type tls
1398595:M 02 Jan 2024 11:44:11.866 - <raft> join cluster, connecting to localhost:5051
1398595:M 02 Jan 2024 11:44:11.869 * <raft> Joined Raft cluster, node id: 3, dbid: c276cd4d1fb7c972ae73f56f272ecb07
1398595:M 02 Jan 2024 11:44:11.875 * <raft> Cluster Membership: term:0 index:0 nodes: id=3,voting=0,active=1,addr=-
1398595:M 02 Jan 2024 11:44:11.875 * <raft> Test network starting message polling thread
1398595:M 02 Jan 2024 11:44:11.928 * <raft> Cluster Membership: term:1 index:2 nodes: id=3,voting=0,active=1,addr=- id=1,voting=1,active=1,addr=localhost:5051
1398595:M 02 Jan 2024 11:44:11.929 * <raft> Cluster Membership: term:1 index:3 nodes: id=3,voting=0,active=1,addr=- id=1,voting=1,active=1,addr=localhost:5051 id=2,voting=0,active=1,addr=localhost:5052
1398595:M 02 Jan 2024 11:44:12.269 * <raft> State change: Election starting, node is now a pre-candidate, term 1
1398595:M 02 Jan 2024 11:44:12.269 * <raft> Cluster Membership: term:1 index:4 nodes: id=3,voting=0,active=1,addr=- id=1,voting=1,active=1,addr=localhost:5051 id=2,voting=0,active=1,addr=localhost:5052
1398595:signal-handler (1704192252) Received SIGINT scheduling shutdown...
1398595:signal-handler (1704192252) You insist... exiting now.
1399204:C 02 Jan 2024 11:44:13.917 # WARNING Memory overcommit must be enabled! Without it, a background save or replication may fail under low memory condition. Being disabled, it can also cause failures without low memory condition, see https://github.com/jemalloc/jemalloc/issues/1328. To fix this issue add 'vm.overcommit_memory = 1' to /etc/sysctl.conf and then reboot or run the command 'sysctl vm.overcommit_memory=1' for this to take effect.
1399204:C 02 Jan 2024 11:44:13.917 * oO0OoO0OoO0Oo Redis is starting oO0OoO0OoO0Oo
1399204:C 02 Jan 2024 11:44:13.917 * Redis version=255.255.255, bits=64, commit=e04ebdb8, modified=1, pid=1399204, just started
1399204:C 02 Jan 2024 11:44:13.917 * Configuration loaded
1399204:M 02 Jan 2024 11:44:13.917 * monotonic clock: POSIX clock_gettime
1399204:M 02 Jan 2024 11:44:13.918 * Running mode=standalone, port=5053.
1399204:M 02 Jan 2024 11:44:13.925 * <raft> RedisRaft version 255.255.255 [b779b199]
1399204:M 02 Jan 2024 11:44:13.929 * <raft> Initializing test network
1399204:M 02 Jan 2024 11:44:13.930 * <raft> Created test network client
1399204:M 02 Jan 2024 11:44:13.932 * <raft> Raft module loaded, state is 'loading'
1399204:M 02 Jan 2024 11:44:13.932 * Module 'raft' loaded from /home/snagendra/Fuzzing/redisraft-fuzzing/redisraft.so
1399204:M 02 Jan 2024 11:44:13.933 * Server initialized
1399204:M 02 Jan 2024 11:44:13.933 . The AOF directory appendonlydir doesn't exist
1399204:M 02 Jan 2024 11:44:13.933 * Ready to accept connections tcp
1399204:M 02 Jan 2024 11:44:13.933 . 0 clients connected (0 replicas), 1746624 bytes in use
1399204:M 02 Jan 2024 11:44:14.033 * <raft> Loading: Redis loading complete, snapshot NOT LOADED
1399204:M 02 Jan 2024 11:44:14.034 * <raft> Cluster Membership: term:0 index:0 nodes: id=3,voting=0,active=1,addr=-
1399204:M 02 Jan 2024 11:44:14.034 * <raft> Test network starting message polling thread
1399204:M 02 Jan 2024 11:44:14.034 * <raft> Cluster Membership: term:0 index:4 nodes: id=3,voting=0,active=1,addr=- id=1,voting=1,active=1,addr=localhost:5051
1399204:M 02 Jan 2024 11:44:14.035 * <raft> Cluster Membership: term:0 index:4 nodes: id=3,voting=0,active=1,addr=- id=1,voting=1,active=1,addr=localhost:5051 id=2,voting=0,active=1,addr=localhost:5052
1399204:M 02 Jan 2024 11:44:14.035 * <raft> Raft state after loading log: log_count=4, first_idx=1, current_idx=4, last_applied_idx=0
1399204:M 02 Jan 2024 11:44:14.035 . <raft> Raft term=1, vote=-1
1399204:signal-handler (1704192254) Received SIGINT scheduling shutdown...
1399204:signal-handler (1704192254) You insist... exiting now.

----- Stderr -----



