logs for node: 1

----- Stdout -----
3770627:C 01 Jan 2024 21:34:51.921 # WARNING Memory overcommit must be enabled! Without it, a background save or replication may fail under low memory condition. Being disabled, it can also cause failures without low memory condition, see https://github.com/jemalloc/jemalloc/issues/1328. To fix this issue add 'vm.overcommit_memory = 1' to /etc/sysctl.conf and then reboot or run the command 'sysctl vm.overcommit_memory=1' for this to take effect.
3770627:C 01 Jan 2024 21:34:51.921 * oO0OoO0OoO0Oo Redis is starting oO0OoO0OoO0Oo
3770627:C 01 Jan 2024 21:34:51.921 * Redis version=255.255.255, bits=64, commit=e04ebdb8, modified=1, pid=3770627, just started
3770627:C 01 Jan 2024 21:34:51.921 * Configuration loaded
3770627:M 01 Jan 2024 21:34:51.922 * monotonic clock: POSIX clock_gettime
3770627:M 01 Jan 2024 21:34:51.922 * Running mode=standalone, port=5031.
3770627:M 01 Jan 2024 21:34:51.929 * <raft> RedisRaft version 255.255.255 [b779b199]
3770627:M 01 Jan 2024 21:34:51.934 * <raft> Initializing test network
3770627:M 01 Jan 2024 21:34:51.935 * <raft> Created test network client
3770627:M 01 Jan 2024 21:34:51.935 * <raft> Raft module loaded, state is 'uninitialized'
3770627:M 01 Jan 2024 21:34:51.935 * Module 'raft' loaded from /home/snagendra/Fuzzing/redisraft-fuzzing/redisraft.so
3770627:M 01 Jan 2024 21:34:51.936 * Server initialized
3770627:M 01 Jan 2024 21:34:51.936 . The AOF directory appendonlydir doesn't exist
3770627:M 01 Jan 2024 21:34:51.937 * Ready to accept connections tcp
3770627:M 01 Jan 2024 21:34:51.937 . 0 clients connected (0 replicas), 1726192 bytes in use
3770627:M 01 Jan 2024 21:34:51.960 - Accepted 127.0.0.1:35834
3770627:M 01 Jan 2024 21:34:51.960 # Missing implement of connection type tls
3770627:M 01 Jan 2024 21:34:51.968 * <raft> Cluster Membership: term:0 index:0 nodes: id=1,voting=0,active=1,addr=-
3770627:M 01 Jan 2024 21:34:51.974 * <raft> State change: Node is now a leader, term 1
3770627:M 01 Jan 2024 21:34:51.975 * <raft> Cluster Membership: term:1 index:1 nodes: id=1,voting=0,active=1,addr=-
3770627:M 01 Jan 2024 21:34:51.975 * <raft> Test network starting message polling thread
3770627:M 01 Jan 2024 21:34:51.975 * <raft> Raft Cluster initialized, node id: 1, dbid: 37f015fa2bd74102083b2515e19185a8
3770627:M 01 Jan 2024 21:34:52.092 - Accepted 127.0.0.1:35840
3770627:M 01 Jan 2024 21:34:52.093 * <raft> Cluster Membership: term:1 index:3 nodes: id=1,voting=1,active=1,addr=- id=2,voting=0,active=1,addr=localhost:5032
3770627:M 01 Jan 2024 21:34:52.110 - Client closed connection id=9 addr=127.0.0.1:35840 laddr=127.0.0.1:5031 fd=12 name= age=0 idle=0 flags=N db=0 sub=0 psub=0 ssub=0 multi=-1 qbuf=0 qbuf-free=20474 argv-mem=0 multi-mem=0 rbs=16384 rbp=16384 obl=0 oll=0 omem=0 tot-mem=37760 events=r cmd=raft.node user=default redir=-1 resp=2 lib-name= lib-ver=
3770627:M 01 Jan 2024 21:34:52.229 - Accepted 127.0.0.1:35844
3770627:M 01 Jan 2024 21:34:52.230 * <raft> Cluster Membership: term:1 index:4 nodes: id=1,voting=1,active=1,addr=- id=2,voting=0,active=1,addr=localhost:5032 id=3,voting=0,active=1,addr=localhost:5033
3770627:M 01 Jan 2024 21:34:52.237 - Client closed connection id=10 addr=127.0.0.1:35844 laddr=127.0.0.1:5031 fd=13 name= age=0 idle=0 flags=N db=0 sub=0 psub=0 ssub=0 multi=-1 qbuf=0 qbuf-free=20474 argv-mem=0 multi-mem=0 rbs=16384 rbp=16384 obl=0 oll=0 omem=0 tot-mem=37760 events=r cmd=raft.node user=default redir=-1 resp=2 lib-name= lib-ver=
3770627:M 01 Jan 2024 21:34:52.293 - Accepted 127.0.0.1:35854
3770627:M 01 Jan 2024 21:34:52.429 - Accepted 127.0.0.1:35860
3770627:M 01 Jan 2024 21:34:52.514 * <raft> node:3 has sufficient logs, adding as voting node.
3770627:signal-handler (1704141292) Received SIGINT scheduling shutdown...
3770627:signal-handler (1704141292) You insist... exiting now.
3771335:C 01 Jan 2024 21:34:53.036 # WARNING Memory overcommit must be enabled! Without it, a background save or replication may fail under low memory condition. Being disabled, it can also cause failures without low memory condition, see https://github.com/jemalloc/jemalloc/issues/1328. To fix this issue add 'vm.overcommit_memory = 1' to /etc/sysctl.conf and then reboot or run the command 'sysctl vm.overcommit_memory=1' for this to take effect.
3771335:C 01 Jan 2024 21:34:53.036 * oO0OoO0OoO0Oo Redis is starting oO0OoO0OoO0Oo
3771335:C 01 Jan 2024 21:34:53.036 * Redis version=255.255.255, bits=64, commit=e04ebdb8, modified=1, pid=3771335, just started
3771335:C 01 Jan 2024 21:34:53.036 * Configuration loaded
3771335:M 01 Jan 2024 21:34:53.037 * monotonic clock: POSIX clock_gettime
3771335:M 01 Jan 2024 21:34:53.037 * Running mode=standalone, port=5031.
3771335:M 01 Jan 2024 21:34:53.044 * <raft> RedisRaft version 255.255.255 [b779b199]
3771335:M 01 Jan 2024 21:34:53.048 * <raft> Initializing test network
3771335:M 01 Jan 2024 21:34:53.049 * <raft> Created test network client
3771335:M 01 Jan 2024 21:34:53.052 * <raft> Raft module loaded, state is 'loading'
3771335:M 01 Jan 2024 21:34:53.052 * Module 'raft' loaded from /home/snagendra/Fuzzing/redisraft-fuzzing/redisraft.so
3771335:M 01 Jan 2024 21:34:53.053 * Server initialized
3771335:M 01 Jan 2024 21:34:53.053 . The AOF directory appendonlydir doesn't exist
3771335:M 01 Jan 2024 21:34:53.053 * Ready to accept connections tcp
3771335:M 01 Jan 2024 21:34:53.053 . 0 clients connected (0 replicas), 1746720 bytes in use
3771335:M 01 Jan 2024 21:34:53.134 - Accepted 127.0.0.1:51576
3771335:M 01 Jan 2024 21:34:53.134 # Missing implement of connection type tls
3771335:M 01 Jan 2024 21:34:53.153 * <raft> Loading: Redis loading complete, snapshot NOT LOADED
3771335:M 01 Jan 2024 21:34:53.153 * <raft> Cluster Membership: term:0 index:0 nodes: id=1,voting=0,active=1,addr=-
3771335:M 01 Jan 2024 21:34:53.154 * <raft> Test network starting message polling thread
3771335:M 01 Jan 2024 21:34:53.154 * <raft> Cluster Membership: term:0 index:6 nodes: id=1,voting=1,active=1,addr=- id=2,voting=0,active=1,addr=localhost:5032
3771335:M 01 Jan 2024 21:34:53.154 * <raft> Cluster Membership: term:0 index:6 nodes: id=1,voting=1,active=1,addr=- id=2,voting=0,active=1,addr=localhost:5032 id=3,voting=0,active=1,addr=localhost:5033
3771335:M 01 Jan 2024 21:34:53.154 * <raft> Raft state after loading log: log_count=6, first_idx=1, current_idx=6, last_applied_idx=0
3771335:M 01 Jan 2024 21:34:53.154 . <raft> Raft term=1, vote=-1
3771335:signal-handler (1704141293) Received SIGINT scheduling shutdown...
3771335:signal-handler (1704141293) You insist... exiting now.
3771335:M 01 Jan 2024 21:34:53.255 * User requested shutdown...
3771335:M 01 Jan 2024 21:34:53.255 # Redis is now ready to exit, bye bye...
3771594:C 01 Jan 2024 21:34:53.537 # WARNING Memory overcommit must be enabled! Without it, a background save or replication may fail under low memory condition. Being disabled, it can also cause failures without low memory condition, see https://github.com/jemalloc/jemalloc/issues/1328. To fix this issue add 'vm.overcommit_memory = 1' to /etc/sysctl.conf and then reboot or run the command 'sysctl vm.overcommit_memory=1' for this to take effect.
3771594:C 01 Jan 2024 21:34:53.537 * oO0OoO0OoO0Oo Redis is starting oO0OoO0OoO0Oo
3771594:C 01 Jan 2024 21:34:53.537 * Redis version=255.255.255, bits=64, commit=e04ebdb8, modified=1, pid=3771594, just started
3771594:C 01 Jan 2024 21:34:53.537 * Configuration loaded
3771594:M 01 Jan 2024 21:34:53.537 * monotonic clock: POSIX clock_gettime
3771594:M 01 Jan 2024 21:34:53.538 * Running mode=standalone, port=5031.
3771594:M 01 Jan 2024 21:34:53.544 * <raft> RedisRaft version 255.255.255 [b779b199]
3771594:M 01 Jan 2024 21:34:53.549 * <raft> Initializing test network
3771594:M 01 Jan 2024 21:34:53.549 * <raft> Created test network client
3771594:M 01 Jan 2024 21:34:53.553 * <raft> Raft module loaded, state is 'loading'
3771594:M 01 Jan 2024 21:34:53.553 * Module 'raft' loaded from /home/snagendra/Fuzzing/redisraft-fuzzing/redisraft.so
3771594:M 01 Jan 2024 21:34:53.554 * Server initialized
3771594:M 01 Jan 2024 21:34:53.554 . The AOF directory appendonlydir doesn't exist
3771594:M 01 Jan 2024 21:34:53.554 * Ready to accept connections tcp
3771594:M 01 Jan 2024 21:34:53.554 . 0 clients connected (0 replicas), 1746720 bytes in use
3771594:M 01 Jan 2024 21:34:53.637 - Accepted 127.0.0.1:51614
3771594:M 01 Jan 2024 21:34:53.637 # Missing implement of connection type tls
3771594:M 01 Jan 2024 21:34:53.654 * <raft> Loading: Redis loading complete, snapshot NOT LOADED
3771594:M 01 Jan 2024 21:34:53.654 * <raft> Cluster Membership: term:0 index:0 nodes: id=1,voting=0,active=1,addr=-
3771594:M 01 Jan 2024 21:34:53.655 * <raft> Test network starting message polling thread
3771594:M 01 Jan 2024 21:34:53.655 * <raft> Cluster Membership: term:0 index:6 nodes: id=1,voting=1,active=1,addr=- id=2,voting=0,active=1,addr=localhost:5032
3771594:M 01 Jan 2024 21:34:53.655 * <raft> Cluster Membership: term:0 index:6 nodes: id=1,voting=1,active=1,addr=- id=2,voting=0,active=1,addr=localhost:5032 id=3,voting=0,active=1,addr=localhost:5033
3771594:M 01 Jan 2024 21:34:53.655 * <raft> Raft state after loading log: log_count=6, first_idx=1, current_idx=6, last_applied_idx=0
3771594:M 01 Jan 2024 21:34:53.655 . <raft> Raft term=1, vote=-1
3771594:M 01 Jan 2024 21:34:53.657 - Accepted 127.0.0.1:51630
3771594:M 01 Jan 2024 21:34:54.056 * <raft> State change: Election starting, node is now a pre-candidate, term 1
3771594:M 01 Jan 2024 21:34:54.056 * <raft> Cluster Membership: term:1 index:6 nodes: id=1,voting=1,active=1,addr=- id=2,voting=0,active=1,addr=localhost:5032 id=3,voting=1,active=1,addr=localhost:5033
3771594:M 01 Jan 2024 21:34:54.358 * <raft> State change: Election starting, node is now a pre-candidate, term 1
3771594:M 01 Jan 2024 21:34:54.358 * <raft> Cluster Membership: term:1 index:6 nodes: id=1,voting=1,active=1,addr=- id=2,voting=0,active=1,addr=localhost:5032 id=3,voting=1,active=1,addr=localhost:5033
3771594:M 01 Jan 2024 21:34:54.496 - Client closed connection id=8 addr=127.0.0.1:51614 laddr=127.0.0.1:5031 fd=11 name= age=1 idle=1 flags=N db=0 sub=0 psub=0 ssub=0 multi=-1 qbuf=0 qbuf-free=20474 argv-mem=0 multi-mem=0 rbs=1024 rbp=0 obl=0 oll=0 omem=0 tot-mem=22400 events=r cmd=auth user=default redir=-1 resp=2 lib-name= lib-ver=
3771594:signal-handler (1704141294) Received SIGINT scheduling shutdown...
3771594:signal-handler (1704141294) You insist... exiting now.
3772332:C 01 Jan 2024 21:34:54.666 # WARNING Memory overcommit must be enabled! Without it, a background save or replication may fail under low memory condition. Being disabled, it can also cause failures without low memory condition, see https://github.com/jemalloc/jemalloc/issues/1328. To fix this issue add 'vm.overcommit_memory = 1' to /etc/sysctl.conf and then reboot or run the command 'sysctl vm.overcommit_memory=1' for this to take effect.
3772332:C 01 Jan 2024 21:34:54.667 * oO0OoO0OoO0Oo Redis is starting oO0OoO0OoO0Oo
3772332:C 01 Jan 2024 21:34:54.667 * Redis version=255.255.255, bits=64, commit=e04ebdb8, modified=1, pid=3772332, just started
3772332:C 01 Jan 2024 21:34:54.667 * Configuration loaded
3772332:M 01 Jan 2024 21:34:54.667 * monotonic clock: POSIX clock_gettime
3772332:M 01 Jan 2024 21:34:54.667 * Running mode=standalone, port=5031.
3772332:M 01 Jan 2024 21:34:54.674 * <raft> RedisRaft version 255.255.255 [b779b199]
3772332:M 01 Jan 2024 21:34:54.679 * <raft> Initializing test network
3772332:M 01 Jan 2024 21:34:54.680 * <raft> Created test network client
3772332:M 01 Jan 2024 21:34:54.682 * <raft> Raft module loaded, state is 'loading'
3772332:M 01 Jan 2024 21:34:54.682 * Module 'raft' loaded from /home/snagendra/Fuzzing/redisraft-fuzzing/redisraft.so
3772332:M 01 Jan 2024 21:34:54.683 * Server initialized
3772332:M 01 Jan 2024 21:34:54.683 . The AOF directory appendonlydir doesn't exist
3772332:M 01 Jan 2024 21:34:54.683 * Ready to accept connections tcp
3772332:M 01 Jan 2024 21:34:54.683 . 0 clients connected (0 replicas), 1746848 bytes in use
3772332:M 01 Jan 2024 21:34:54.782 * <raft> Loading: Redis loading complete, snapshot NOT LOADED
3772332:M 01 Jan 2024 21:34:54.782 * <raft> Cluster Membership: term:0 index:0 nodes: id=1,voting=0,active=1,addr=-
3772332:M 01 Jan 2024 21:34:54.783 * <raft> Test network starting message polling thread
3772332:M 01 Jan 2024 21:34:54.783 * <raft> Cluster Membership: term:0 index:6 nodes: id=1,voting=1,active=1,addr=- id=2,voting=0,active=1,addr=localhost:5032
3772332:M 01 Jan 2024 21:34:54.783 * <raft> Cluster Membership: term:0 index:6 nodes: id=1,voting=1,active=1,addr=- id=2,voting=0,active=1,addr=localhost:5032 id=3,voting=0,active=1,addr=localhost:5033
3772332:M 01 Jan 2024 21:34:54.783 * <raft> Raft state after loading log: log_count=6, first_idx=1, current_idx=6, last_applied_idx=0
3772332:M 01 Jan 2024 21:34:54.783 . <raft> Raft term=1, vote=-1
3772332:signal-handler (1704141294) Received SIGINT scheduling shutdown...
3772332:signal-handler (1704141294) You insist... exiting now.
3772517:C 01 Jan 2024 21:34:55.018 # WARNING Memory overcommit must be enabled! Without it, a background save or replication may fail under low memory condition. Being disabled, it can also cause failures without low memory condition, see https://github.com/jemalloc/jemalloc/issues/1328. To fix this issue add 'vm.overcommit_memory = 1' to /etc/sysctl.conf and then reboot or run the command 'sysctl vm.overcommit_memory=1' for this to take effect.
3772517:C 01 Jan 2024 21:34:55.018 * oO0OoO0OoO0Oo Redis is starting oO0OoO0OoO0Oo
3772517:C 01 Jan 2024 21:34:55.018 * Redis version=255.255.255, bits=64, commit=e04ebdb8, modified=1, pid=3772517, just started
3772517:C 01 Jan 2024 21:34:55.018 * Configuration loaded
3772517:M 01 Jan 2024 21:34:55.019 * monotonic clock: POSIX clock_gettime
3772517:M 01 Jan 2024 21:34:55.019 * Running mode=standalone, port=5031.
3772517:M 01 Jan 2024 21:34:55.026 * <raft> RedisRaft version 255.255.255 [b779b199]
3772517:M 01 Jan 2024 21:34:55.031 * <raft> Initializing test network
3772517:M 01 Jan 2024 21:34:55.032 * <raft> Created test network client
3772517:M 01 Jan 2024 21:34:55.035 * <raft> Raft module loaded, state is 'loading'
3772517:M 01 Jan 2024 21:34:55.035 * Module 'raft' loaded from /home/snagendra/Fuzzing/redisraft-fuzzing/redisraft.so
3772517:M 01 Jan 2024 21:34:55.036 * Server initialized
3772517:M 01 Jan 2024 21:34:55.036 . The AOF directory appendonlydir doesn't exist
3772517:M 01 Jan 2024 21:34:55.036 * Ready to accept connections tcp
3772517:M 01 Jan 2024 21:34:55.036 . 0 clients connected (0 replicas), 1746720 bytes in use
3772517:M 01 Jan 2024 21:34:55.108 - Accepted 127.0.0.1:51634
3772517:M 01 Jan 2024 21:34:55.108 # Missing implement of connection type tls
3772517:M 01 Jan 2024 21:34:55.135 * <raft> Loading: Redis loading complete, snapshot NOT LOADED
3772517:M 01 Jan 2024 21:34:55.135 * <raft> Cluster Membership: term:0 index:0 nodes: id=1,voting=0,active=1,addr=-
3772517:M 01 Jan 2024 21:34:55.136 * <raft> Test network starting message polling thread
3772517:M 01 Jan 2024 21:34:55.136 * <raft> Cluster Membership: term:0 index:6 nodes: id=1,voting=1,active=1,addr=- id=2,voting=0,active=1,addr=localhost:5032
3772517:M 01 Jan 2024 21:34:55.136 * <raft> Cluster Membership: term:0 index:6 nodes: id=1,voting=1,active=1,addr=- id=2,voting=0,active=1,addr=localhost:5032 id=3,voting=0,active=1,addr=localhost:5033
3772517:M 01 Jan 2024 21:34:55.136 * <raft> Raft state after loading log: log_count=6, first_idx=1, current_idx=6, last_applied_idx=0
3772517:M 01 Jan 2024 21:34:55.136 . <raft> Raft term=1, vote=-1
3772517:signal-handler (1704141295) Received SIGINT scheduling shutdown...
3772517:signal-handler (1704141295) You insist... exiting now.
3772684:C 01 Jan 2024 21:34:55.373 # WARNING Memory overcommit must be enabled! Without it, a background save or replication may fail under low memory condition. Being disabled, it can also cause failures without low memory condition, see https://github.com/jemalloc/jemalloc/issues/1328. To fix this issue add 'vm.overcommit_memory = 1' to /etc/sysctl.conf and then reboot or run the command 'sysctl vm.overcommit_memory=1' for this to take effect.
3772684:C 01 Jan 2024 21:34:55.373 * oO0OoO0OoO0Oo Redis is starting oO0OoO0OoO0Oo
3772684:C 01 Jan 2024 21:34:55.373 * Redis version=255.255.255, bits=64, commit=e04ebdb8, modified=1, pid=3772684, just started
3772684:C 01 Jan 2024 21:34:55.373 * Configuration loaded
3772684:M 01 Jan 2024 21:34:55.374 * monotonic clock: POSIX clock_gettime
3772684:M 01 Jan 2024 21:34:55.374 * Running mode=standalone, port=5031.
3772684:M 01 Jan 2024 21:34:55.382 * <raft> RedisRaft version 255.255.255 [b779b199]
3772684:M 01 Jan 2024 21:34:55.387 * <raft> Initializing test network
3772684:M 01 Jan 2024 21:34:55.388 * <raft> Created test network client
3772684:M 01 Jan 2024 21:34:55.390 * <raft> Raft module loaded, state is 'loading'
3772684:M 01 Jan 2024 21:34:55.390 * Module 'raft' loaded from /home/snagendra/Fuzzing/redisraft-fuzzing/redisraft.so
3772684:M 01 Jan 2024 21:34:55.390 * Server initialized
3772684:M 01 Jan 2024 21:34:55.390 . The AOF directory appendonlydir doesn't exist
3772684:M 01 Jan 2024 21:34:55.390 * Ready to accept connections tcp
3772684:M 01 Jan 2024 21:34:55.390 . 0 clients connected (0 replicas), 1746720 bytes in use
3772684:signal-handler (1704141295) Received SIGINT scheduling shutdown...
3772684:signal-handler (1704141295) You insist... exiting now.

----- Stderr -----
libgcov profiling error:/home/snagendra/Fuzzing/redisraft-fuzzing/build/deps/raft/CMakeFiles/raft.dir/src/raft_server.c.gcda:Merge mismatch for function 50
libgcov profiling error:/home/snagendra/Fuzzing/redisraft-fuzzing/build/deps/raft/CMakeFiles/raft.dir/src/raft_server.c.gcda:Merge mismatch for function 50
libgcov profiling error:/home/snagendra/Fuzzing/redisraft-fuzzing/build/deps/raft/CMakeFiles/raft.dir/src/raft_server.c.gcda:Merge mismatch for function 50
libgcov profiling error:/home/snagendra/Fuzzing/redisraft-fuzzing/build/deps/raft/CMakeFiles/raft.dir/src/raft_server.c.gcda:Merge mismatch for function 50
libgcov profiling error:/home/snagendra/Fuzzing/redisraft-fuzzing/build/deps/raft/CMakeFiles/raft.dir/src/raft_server.c.gcda:Merge mismatch for function 50




logs for node: 2

----- Stdout -----
3770667:C 01 Jan 2024 21:34:51.978 # WARNING Memory overcommit must be enabled! Without it, a background save or replication may fail under low memory condition. Being disabled, it can also cause failures without low memory condition, see https://github.com/jemalloc/jemalloc/issues/1328. To fix this issue add 'vm.overcommit_memory = 1' to /etc/sysctl.conf and then reboot or run the command 'sysctl vm.overcommit_memory=1' for this to take effect.
3770667:C 01 Jan 2024 21:34:51.978 * oO0OoO0OoO0Oo Redis is starting oO0OoO0OoO0Oo
3770667:C 01 Jan 2024 21:34:51.978 * Redis version=255.255.255, bits=64, commit=e04ebdb8, modified=1, pid=3770667, just started
3770667:C 01 Jan 2024 21:34:51.978 * Configuration loaded
3770667:M 01 Jan 2024 21:34:51.978 * monotonic clock: POSIX clock_gettime
3770667:M 01 Jan 2024 21:34:51.979 * Running mode=standalone, port=5032.
3770667:M 01 Jan 2024 21:34:51.985 * <raft> RedisRaft version 255.255.255 [b779b199]
3770667:M 01 Jan 2024 21:34:51.990 * <raft> Initializing test network
3770667:M 01 Jan 2024 21:34:51.991 * <raft> Created test network client
3770667:M 01 Jan 2024 21:34:51.992 * <raft> Raft module loaded, state is 'uninitialized'
3770667:M 01 Jan 2024 21:34:51.992 * Module 'raft' loaded from /home/snagendra/Fuzzing/redisraft-fuzzing/redisraft.so
3770667:M 01 Jan 2024 21:34:51.992 * Server initialized
3770667:M 01 Jan 2024 21:34:51.993 . The AOF directory appendonlydir doesn't exist
3770667:M 01 Jan 2024 21:34:51.993 * Ready to accept connections tcp
3770667:M 01 Jan 2024 21:34:51.993 . 0 clients connected (0 replicas), 1726160 bytes in use
3770667:M 01 Jan 2024 21:34:52.021 - Accepted 127.0.0.1:39052
3770667:M 01 Jan 2024 21:34:52.021 # Missing implement of connection type tls
3770667:M 01 Jan 2024 21:34:52.092 - <raft> join cluster, connecting to localhost:5031
3770667:M 01 Jan 2024 21:34:52.094 * <raft> Joined Raft cluster, node id: 2, dbid: 37f015fa2bd74102083b2515e19185a8
3770667:M 01 Jan 2024 21:34:52.110 * <raft> Cluster Membership: term:0 index:0 nodes: id=2,voting=0,active=1,addr=-
3770667:M 01 Jan 2024 21:34:52.110 * <raft> Test network starting message polling thread
3770667:M 01 Jan 2024 21:34:52.137 - Accepted 127.0.0.1:39064
3770667:M 01 Jan 2024 21:34:52.275 * <raft> Cluster Membership: term:1 index:2 nodes: id=2,voting=0,active=1,addr=- id=1,voting=1,active=1,addr=localhost:5031
3770667:M 01 Jan 2024 21:34:52.429 - Accepted 127.0.0.1:39076
3770667:M 01 Jan 2024 21:34:52.594 * <raft> State change: Election starting, node is now a pre-candidate, term 1
3770667:M 01 Jan 2024 21:34:52.594 * <raft> Cluster Membership: term:1 index:3 nodes: id=2,voting=0,active=1,addr=- id=1,voting=1,active=1,addr=localhost:5031
3770667:M 01 Jan 2024 21:34:52.803 - Client closed connection id=9 addr=127.0.0.1:39064 laddr=127.0.0.1:5032 fd=10 name= age=0 idle=0 flags=N db=0 sub=0 psub=0 ssub=0 multi=-1 qbuf=0 qbuf-free=20474 argv-mem=0 multi-mem=0 rbs=1024 rbp=0 obl=0 oll=0 omem=0 tot-mem=22400 events=r cmd=auth user=default redir=-1 resp=2 lib-name= lib-ver=
3770667:signal-handler (1704141292) Received SIGINT scheduling shutdown...
3770667:signal-handler (1704141292) You insist... exiting now.

----- Stderr -----
libgcov profiling error:/home/snagendra/Fuzzing/redisraft-fuzzing/build/deps/raft/CMakeFiles/raft.dir/src/raft_server.c.gcda:Merge mismatch for function 50




logs for node: 3

----- Stdout -----
3770746:C 01 Jan 2024 21:34:52.113 # WARNING Memory overcommit must be enabled! Without it, a background save or replication may fail under low memory condition. Being disabled, it can also cause failures without low memory condition, see https://github.com/jemalloc/jemalloc/issues/1328. To fix this issue add 'vm.overcommit_memory = 1' to /etc/sysctl.conf and then reboot or run the command 'sysctl vm.overcommit_memory=1' for this to take effect.
3770746:C 01 Jan 2024 21:34:52.113 * oO0OoO0OoO0Oo Redis is starting oO0OoO0OoO0Oo
3770746:C 01 Jan 2024 21:34:52.113 * Redis version=255.255.255, bits=64, commit=e04ebdb8, modified=1, pid=3770746, just started
3770746:C 01 Jan 2024 21:34:52.113 * Configuration loaded
3770746:M 01 Jan 2024 21:34:52.113 * monotonic clock: POSIX clock_gettime
3770746:M 01 Jan 2024 21:34:52.114 * Running mode=standalone, port=5033.
3770746:M 01 Jan 2024 21:34:52.121 * <raft> RedisRaft version 255.255.255 [b779b199]
3770746:M 01 Jan 2024 21:34:52.127 * <raft> Initializing test network
3770746:M 01 Jan 2024 21:34:52.128 * <raft> Created test network client
3770746:M 01 Jan 2024 21:34:52.128 * <raft> Raft module loaded, state is 'uninitialized'
3770746:M 01 Jan 2024 21:34:52.128 * Module 'raft' loaded from /home/snagendra/Fuzzing/redisraft-fuzzing/redisraft.so
3770746:M 01 Jan 2024 21:34:52.129 * Server initialized
3770746:M 01 Jan 2024 21:34:52.129 . The AOF directory appendonlydir doesn't exist
3770746:M 01 Jan 2024 21:34:52.130 * Ready to accept connections tcp
3770746:M 01 Jan 2024 21:34:52.130 . 0 clients connected (0 replicas), 1726224 bytes in use
3770746:M 01 Jan 2024 21:34:52.150 - Accepted 127.0.0.1:53104
3770746:M 01 Jan 2024 21:34:52.150 # Missing implement of connection type tls
3770746:M 01 Jan 2024 21:34:52.228 - <raft> join cluster, connecting to localhost:5031
3770746:M 01 Jan 2024 21:34:52.230 * <raft> Joined Raft cluster, node id: 3, dbid: 37f015fa2bd74102083b2515e19185a8
3770746:M 01 Jan 2024 21:34:52.237 * <raft> Cluster Membership: term:0 index:0 nodes: id=3,voting=0,active=1,addr=-
3770746:M 01 Jan 2024 21:34:52.237 * <raft> Test network starting message polling thread
3770746:M 01 Jan 2024 21:34:52.239 - Accepted 127.0.0.1:53120
3770746:M 01 Jan 2024 21:34:52.338 * <raft> Cluster Membership: term:1 index:2 nodes: id=3,voting=0,active=1,addr=- id=1,voting=1,active=1,addr=localhost:5031
3770746:M 01 Jan 2024 21:34:52.338 * <raft> Cluster Membership: term:1 index:3 nodes: id=3,voting=0,active=1,addr=- id=1,voting=1,active=1,addr=localhost:5031 id=2,voting=0,active=1,addr=localhost:5032
3770746:M 01 Jan 2024 21:34:52.630 * <raft> State change: Election starting, node is now a pre-candidate, term 1
3770746:M 01 Jan 2024 21:34:52.630 * <raft> Cluster Membership: term:1 index:4 nodes: id=3,voting=0,active=1,addr=- id=1,voting=1,active=1,addr=localhost:5031 id=2,voting=0,active=1,addr=localhost:5032
3770746:M 01 Jan 2024 21:34:52.803 - Client closed connection id=9 addr=127.0.0.1:53120 laddr=127.0.0.1:5033 fd=10 name= age=0 idle=0 flags=N db=0 sub=0 psub=0 ssub=0 multi=-1 qbuf=0 qbuf-free=20474 argv-mem=0 multi-mem=0 rbs=1024 rbp=0 obl=0 oll=0 omem=0 tot-mem=22400 events=r cmd=auth user=default redir=-1 resp=2 lib-name= lib-ver=
3770746:M 01 Jan 2024 21:34:52.913 * <raft> State change: Node is now a follower, term 1
3770746:M 01 Jan 2024 21:34:52.913 * <raft> Cluster Membership: term:1 index:4 nodes: id=3,voting=0,active=1,addr=- id=1,voting=1,active=1,addr=localhost:5031 id=2,voting=0,active=1,addr=localhost:5032
3770746:M 01 Jan 2024 21:34:53.155 - Accepted 127.0.0.1:45330
3770746:M 01 Jan 2024 21:34:53.234 * <raft> State change: Election starting, node is now a pre-candidate, term 1
3770746:M 01 Jan 2024 21:34:53.234 * <raft> Cluster Membership: term:1 index:5 nodes: id=3,voting=0,active=1,addr=- id=1,voting=1,active=1,addr=localhost:5031 id=2,voting=0,active=1,addr=localhost:5032
3770746:M 01 Jan 2024 21:34:53.258 - Client closed connection id=10 addr=127.0.0.1:45330 laddr=127.0.0.1:5033 fd=13 name= age=0 idle=0 flags=N db=0 sub=0 psub=0 ssub=0 multi=-1 qbuf=0 qbuf-free=20474 argv-mem=0 multi-mem=0 rbs=16384 rbp=0 obl=0 oll=0 omem=0 tot-mem=37760 events=r cmd=auth user=default redir=-1 resp=2 lib-name= lib-ver=
3770746:M 01 Jan 2024 21:34:53.352 * <raft> State change: Node is now a follower, term 1
3770746:M 01 Jan 2024 21:34:53.352 * <raft> Cluster Membership: term:1 index:5 nodes: id=3,voting=0,active=1,addr=- id=1,voting=1,active=1,addr=localhost:5031 id=2,voting=0,active=1,addr=localhost:5032
3770746:M 01 Jan 2024 21:34:53.636 * <raft> State change: Election starting, node is now a pre-candidate, term 1
3770746:M 01 Jan 2024 21:34:53.636 * <raft> Cluster Membership: term:1 index:6 nodes: id=3,voting=1,active=1,addr=- id=1,voting=1,active=1,addr=localhost:5031 id=2,voting=0,active=1,addr=localhost:5032
3770746:M 01 Jan 2024 21:34:53.656 - Accepted 127.0.0.1:45342
3770746:M 01 Jan 2024 21:34:53.657 * <raft> State change: Node is now a follower, term 1
3770746:M 01 Jan 2024 21:34:53.657 * <raft> Cluster Membership: term:1 index:6 nodes: id=3,voting=1,active=1,addr=- id=1,voting=1,active=1,addr=localhost:5031 id=2,voting=0,active=1,addr=localhost:5032
3770746:M 01 Jan 2024 21:34:53.938 * <raft> State change: Election starting, node is now a pre-candidate, term 1
3770746:M 01 Jan 2024 21:34:53.938 * <raft> Cluster Membership: term:1 index:6 nodes: id=3,voting=1,active=1,addr=- id=1,voting=1,active=1,addr=localhost:5031 id=2,voting=0,active=1,addr=localhost:5032
3770746:M 01 Jan 2024 21:34:54.240 * <raft> State change: Election starting, node is now a pre-candidate, term 1
3770746:M 01 Jan 2024 21:34:54.240 * <raft> Cluster Membership: term:1 index:6 nodes: id=3,voting=1,active=1,addr=- id=1,voting=1,active=1,addr=localhost:5031 id=2,voting=0,active=1,addr=localhost:5032
3770746:signal-handler (1704141294) Received SIGINT scheduling shutdown...
3770746:signal-handler (1704141294) You insist... exiting now.
3772620:C 01 Jan 2024 21:34:55.282 # WARNING Memory overcommit must be enabled! Without it, a background save or replication may fail under low memory condition. Being disabled, it can also cause failures without low memory condition, see https://github.com/jemalloc/jemalloc/issues/1328. To fix this issue add 'vm.overcommit_memory = 1' to /etc/sysctl.conf and then reboot or run the command 'sysctl vm.overcommit_memory=1' for this to take effect.
3772620:C 01 Jan 2024 21:34:55.282 * oO0OoO0OoO0Oo Redis is starting oO0OoO0OoO0Oo
3772620:C 01 Jan 2024 21:34:55.282 * Redis version=255.255.255, bits=64, commit=e04ebdb8, modified=1, pid=3772620, just started
3772620:C 01 Jan 2024 21:34:55.282 * Configuration loaded
3772620:M 01 Jan 2024 21:34:55.283 * monotonic clock: POSIX clock_gettime
3772620:M 01 Jan 2024 21:34:55.283 * Running mode=standalone, port=5033.
3772620:M 01 Jan 2024 21:34:55.290 * <raft> RedisRaft version 255.255.255 [b779b199]
3772620:M 01 Jan 2024 21:34:55.294 * <raft> Initializing test network
3772620:M 01 Jan 2024 21:34:55.295 * <raft> Created test network client
3772620:M 01 Jan 2024 21:34:55.298 * <raft> Raft module loaded, state is 'loading'
3772620:M 01 Jan 2024 21:34:55.298 * Module 'raft' loaded from /home/snagendra/Fuzzing/redisraft-fuzzing/redisraft.so
3772620:M 01 Jan 2024 21:34:55.298 * Server initialized
3772620:M 01 Jan 2024 21:34:55.298 . The AOF directory appendonlydir doesn't exist
3772620:M 01 Jan 2024 21:34:55.298 * Ready to accept connections tcp
3772620:M 01 Jan 2024 21:34:55.299 . 0 clients connected (0 replicas), 1746624 bytes in use
3772620:M 01 Jan 2024 21:34:55.399 * <raft> Loading: Redis loading complete, snapshot NOT LOADED
3772620:M 01 Jan 2024 21:34:55.399 * <raft> Cluster Membership: term:0 index:0 nodes: id=3,voting=0,active=1,addr=-
3772620:M 01 Jan 2024 21:34:55.399 * <raft> Test network starting message polling thread


=== REDIS BUG REPORT START: Cut & paste starting from here ===
3772620:M 01 Jan 2024 21:34:55.399 # === ASSERTION FAILED ===
3772620:M 01 Jan 2024 21:34:55.399 # ==> /home/snagendra/Fuzzing/redisraft-fuzzing/src/log.c:509 'ety != NULL' is not true

------ STACK TRACE ------

Backtrace:
/home/snagendra/Fuzzing/redisraft-fuzzing/redisraft.so(+0x25e00)[0x7f7e3b0e6e00]
/home/snagendra/Fuzzing/redisraft-fuzzing/redisraft.so(LogGet+0x60)[0x7f7e3b0e81b0]
3772620:M 01 Jan 2024 21:34:55.400 * <raft> Cluster Membership: term:0 index:6 nodes: id=3,voting=0,active=1,addr=- id=1,voting=1,active=1,addr=localhost:5031
/home/snagendra/Fuzzing/redisraft-fuzzing/redisraft.so(+0x272ef)[0x7f7e3b0e82ef]
/home/snagendra/Fuzzing/redisraft-fuzzing/redisraft.so(raft_get_entry_from_idx+0x1a)[0x7f7e3b0fc45a]
3772620:M 01 Jan 2024 21:34:55.400 # Redis 255.255.255 crashed by signal: 6, si_code: -6
3772620:M 01 Jan 2024 21:34:55.400 # Crashed running the instruction at: 0x7f7e3b1d8d3c
/home/snagendra/Fuzzing/redisraft-fuzzing/redisraft.so(raft_get_last_log_term+0x36)[0x7f7e3b102346]
/home/snagendra/Fuzzing/redisraft-fuzzing/redisraft.so(raft_recv_requestvote+0x16f)[0x7f7e3b0fd08f]

------ STACK TRACE ------
EIP:
/home/snagendra/Fuzzing/redisraft-fuzzing/redisraft.so(handleTestNetworkMessage+0x1a2)[0x7f7e3b0f6512]
/home/snagendra/Fuzzing/redisraft-fuzzing/redisraft.so(poll_redis_test_messages+0x89)[0x7f7e3b0f65c9]
/lib/x86_64-linux-gnu/libc.so.6(+0x89044)[0x7f7e3b1d7044]
/lib/x86_64-linux-gnu/libc.so.6(+0x8ad3c)[0x7f7e3b1d8d3c]

Backtrace:
/lib/x86_64-linux-gnu/libc.so.6(+0x10961c)[0x7f7e3b25761c]

------ INFO OUTPUT ------
/lib/x86_64-linux-gnu/libc.so.6(+0x3bfd0)[0x7f7e3b189fd0]
/lib/x86_64-linux-gnu/libc.so.6(+0x8ad3c)[0x7f7e3b1d8d3c]
/lib/x86_64-linux-gnu/libc.so.6(gsignal+0x12)[0x7f7e3b189f32]
/lib/x86_64-linux-gnu/libc.so.6(abort+0xd3)[0x7f7e3b174472]
/lib/x86_64-linux-gnu/libc.so.6(+0x26395)[0x7f7e3b174395]
/lib/x86_64-linux-gnu/libc.so.6(+0x34e32)[0x7f7e3b182e32]
/home/snagendra/Fuzzing/redisraft-fuzzing/redisraft.so(raft_handle_append_cfg_change+0x2c2)[0x7f7e3b0fd942]
/home/snagendra/Fuzzing/redisraft-fuzzing/redisraft.so(raft_restore_log+0xb2)[0x7f7e3b101932]
/home/snagendra/Fuzzing/redisraft-fuzzing/redisraft.so(callRaftPeriodic+0x131)[0x7f7e3b0edd41]
/home/snagendra/Fuzzing/redis/src/redis-server 0.0.0.0:5033(moduleTimerHandler+0x21c)[0x55aee2a1c98c]
/home/snagendra/Fuzzing/redis/src/redis-server 0.0.0.0:5033(+0x81705)[0x55aee2926705]
/home/snagendra/Fuzzing/redis/src/redis-server 0.0.0.0:5033(aeMain+0x1c8)[0x55aee2930cb8]
# Server
redis_version:255.255.255
redis_git_sha1:e04ebdb8
redis_git_dirty:1
redis_build_id:1f78dcc7b4fbdd25
redis_mode:standalone
os:Linux 6.1.60.1.amd64-smp x86_64
arch_bits:64
monotonic_clock:POSIX clock_gettime
multiplexing_api:epoll
atomicvar_api:c11-builtin
gcc_version:10.2.1
process_id:3772620
process_supervised:no
run_id:882757c1efc493a56ab6e0c9ee70de6ad7feba9a
tcp_port:5033
server_time_usec:1704141295399072
uptime_in_seconds:0
uptime_in_days:0
hz:10
configured_hz:10
lru_clock:9642479
executable:/home/snagendra/Fuzzing/redis/src/redis-server
config_file:
io_threads_active:0
listener0:name=tcp,bind=0.0.0.0,port=5033

# Clients
connected_clients:0
cluster_connections:0
maxclients:10000
client_recent_max_input_buffer:0
client_recent_max_output_buffer:0
blocked_clients:0
tracking_clients:0
clients_in_timeout_table:0
total_blocking_keys:0
total_blocking_keys_on_nokey:0

# Memory
used_memory:1755160
used_memory_human:1.67M
used_memory_rss:17969152
used_memory_rss_human:17.14M
used_memory_peak:1755160
used_memory_peak_human:1.67M
used_memory_peak_perc:100.49%
used_memory_overhead:1746664
used_memory_startup:1746480
used_memory_dataset:8496
used_memory_dataset_perc:97.88%
allocator_allocated:2222504
allocator_active:2756608
allocator_resident:10948608
total_system_memory:270388695040
total_system_memory_human:251.82G
used_memory_lua:31744
used_memory_vm_eval:31744
used_memory_lua_human:31.00K
used_memory_scripts_eval:0
number_of_cached_scripts:0
number_of_functions:0
number_of_libraries:0
used_memory_vm_functions:32768
used_memory_vm_total:64512
used_memory_vm_total_human:63.00K
used_memory_functions:184
used_memory_scripts:184
used_memory_scripts_human:184B
maxmemory:0
maxmemory_human:0B
maxmemory_policy:noeviction
allocator_frag_ratio:1.24
allocator_frag_bytes:534104
allocator_rss_ratio:3.97
allocator_rss_bytes:8192000
rss_overhead_ratio:1.64
rss_overhead_bytes:7020544
mem_fragmentation_ratio:10.29
mem_fragmentation_bytes:16222528
mem_not_counted_for_evict:0
mem_replication_backlog:0
mem_total_replication_buffers:0
mem_clients_slaves:0
mem_clients_normal:0
mem_cluster_links:0
mem_aof_buffer:0
mem_allocator:jemalloc-5.3.0
active_defrag_running:0
lazyfree_pending_objects:0
lazyfreed_objects:0

# Persistence
loading:0
async_loading:0
current_cow_peak:0
current_cow_size:0
current_cow_size_age:0
current_fork_perc:0.00
current_save_keys_processed:0
current_save_keys_total:0
rdb_changes_since_last_save:0
rdb_bgsave_in_progress:0
rdb_last_save_time:1704141295
rdb_last_bgsave_status:ok
rdb_last_bgsave_time_sec:-1
rdb_current_bgsave_time_sec:-1
rdb_saves:0
rdb_last_cow_size:0
rdb_last_load_keys_expired:0
rdb_last_load_keys_loaded:0
aof_enabled:0
aof_rewrite_in_progress:0
aof_rewrite_scheduled:0
aof_last_rewrite_time_sec:-1
aof_current_rewrite_time_sec:-1
aof_last_bgrewrite_status:ok
aof_rewrites:0
aof_rewrites_consecutive_failures:0
aof_last_write_status:ok
aof_last_cow_size:0
module_fork_in_progress:0
module_fork_last_cow_size:0

# Stats
total_connections_received:0
total_commands_processed:6
instantaneous_ops_per_sec:25
total_net_input_bytes:0
total_net_output_bytes:0
total_net_repl_input_bytes:0
total_net_repl_output_bytes:0
instantaneous_input_kbps:0.00
instantaneous_output_kbps:0.00
instantaneous_input_repl_kbps:0.00
instantaneous_output_repl_kbps:0.00
rejected_connections:0
sync_full:0
sync_partial_ok:0
sync_partial_err:0
expired_keys:0
expired_stale_perc:0.00
expired_time_cap_reached_count:0
expire_cycle_cpu_milliseconds:0
evicted_keys:0
evicted_clients:0
total_eviction_exceeded_time:0
current_eviction_exceeded_time:0
keyspace_hits:0
keyspace_misses:0
pubsub_channels:0
pubsub_patterns:0
pubsubshard_channels:0
latest_fork_usec:0
total_forks:0
migrate_cached_sockets:0
slave_expires_tracked_keys:0
active_defrag_hits:0
active_defrag_misses:0
active_defrag_key_hits:0
active_defrag_key_misses:0
total_active_defrag_time:0
current_active_defrag_time:0
tracking_total_key/home/snagendra/Fuzzing/redis/src/redis-server 0.0.0.0:5033(main+0x3cd)[0x55aee2925e2d]
s:0
tracking_total_items:0
tracking_total_prefixes:0
unexpected_error_replies:0
total_error_replies:0
dump_payload_sanitizations:0
total_reads_processed:0
total_writes_processed:0
io_threaded_reads_processed:0
io_threaded_writes_processed:0
reply_buffer_shrinks:0
reply_buffer_expands:0
acl_access_denied_auth:0
acl_access_denied_cmd:0
acl_access_denied_key:0
acl_access_denied_channel:0

# Replication
role:master
connected_slaves:0
master_failover_state:no-failover
master_replid:38ec378186c6bcdf188b3489159f8450a538228c
master_replid2:0000000000000000000000000000000000000000
master_repl_offset:0
second_repl_offset:-1
repl_backlog_active:0
repl_backlog_size:1048576
repl_backlog_first_byte_offset:0
repl_backlog_histlen:0

# CPU
used_cpu_sys:0.004491
used_cpu_user:0.013475
used_cpu_sys_children:0.000000
used_cpu_user_children:0.000000
used_cpu_sys_main_thread:0.000000
used_cpu_user_main_thread:0.000740

# Modules
module:name=raft,ver=1,api=1,filters=1,usedby=[],using=[],options=[]

# Commandstats
cmdstat_config|set:calls=1,usec=11,usec_per_call=11.00,rejected_calls=0,failed_calls=0
cmdstat_config|get:calls=3,usec=5,usec_per_call=1.67,rejected_calls=0,failed_calls=0
cmdstat_command:calls=2,usec=1448,usec_per_call=724.00,rejected_calls=0,failed_calls=0

# Errorstats

# Latencystats
latency_percentiles_usec_config|set:p50=11.007,p99=11.007,p99.9=11.007
latency_percentiles_usec_config|get:p50=2.007,p99=2.007,p99.9=2.007
latency_percentiles_usec_command:p50=696.319,p99=757.759,p99.9=757.759

# Cluster
cluster_enabled:0

# Keyspace

------ CLIENT LIST OUTPUT ------

------ MODULES INFO OUTPUT ------
/lib/x86_64-linux-gnu/libc.so.6(+0x271ca)[0x7f7e3b1751ca]
/lib/x86_64-linux-gnu/libc.so.6(__libc_start_main+0x85)[0x7f7e3b175285]
/home/snagendra/Fuzzing/redis/src/redis-server 0.0.0.0:5033(_start+0x2a)[0x55aee29265aa]
# raft_version
raft_version:255.255.255
raft_git_sha1:b779b199

# raft_general
raft_dbid:37f015fa2bd74102083b2515e19185a8
raft_node_id:3
raft_state:up
raft_role:follower
raft_is_voting:no
raft_voted_for:-1
raft_leader_id:-1
raft_current_term:0
raft_num_nodes:2
raft_num_voting_nodes:1
raft_node1:id=1,state=disconnected,voting=yes,addr=localhost,port=5031,last_conn_secs=-1,conn_errors=0,conn_oks=0

# raft_log
raft_log_entries:6
raft_current_index:6
raft_commit_index:0
raft_last_applied_index:0
raft_file_size:1636
raft_cache_memory_size:0
raft_cache_entries:0
raft_client_attached_entries:0
raft_fsync_count:0
raft_fsync_max_microseconds:0
raft_entry1:term=1,id=0,data_len=0
raft_entry2:term=1,id=22404357,data_len=264
raft_entry3:term=1,id=931798293,data_len=264
raft_entry4:term=1,id=2080091233,data_len=264
raft_entry5:term=1,id=1053752332,data_len=35
raft_fsync_avg_microseconds:0

# raft_snapshot
raft_snapshot_filename:redis3.rdb
raft_snapshot_last_idx:0
raft_snapshot_last_term:0
raft_snapshot_size:0
raft_snapshot_time_secs:-1
raft_snapshots_created:0
raft_snapshots_received:0
raft_snapshot_in_progress:no
raft_snapshot_in_progress_last_idx:-1
raft_snapshot_in_progress_last_term:-1

# raft_clients
raft_proxy_reqs:0
raft_proxy_failed_reqs:0
raft_proxy_failed_responses:0
raft_proxy_outstanding_reqs:0

# raft_stats
raft_appendreq_received:0
raft_appendreq_with_entry_received:0
raft_snapshotreq_received:0
raft_exec_throttled:0
raft_num_sessions:0

------ REGISTERS ------
3772620:M 01 Jan 2024 21:34:55.400 # 
RAX:0000000000000000 RBX:00000000003990cc
RCX:00007f7e3b1d8d3c RDX:0000000000000006
RDI:00000000003990cc RSI:00000000003990cc
RBP:00007f7e3b14a1c0 RSP:00007ffc25034a10
R8 :0000000000000007 R9 :000055aee3f21610
R10:0000000000000008 R11:0000000000000246
R12:0000000000000006 R13:0000000000000117
R14:00007f7e3b1211df R15:00007ffc25034cc0
RIP:00007f7e3b1d8d3c EFL:0000000000000246
CSGSFS:002b000000000033
3772620:M 01 Jan 2024 21:34:55.400 # (00007ffc25034a1f) -> 000055aee3f1be80
3772620:M 01 Jan 2024 21:34:55.400 # (00007ffc25034a1e) -> 0000000000000007
3772620:M 01 Jan 2024 21:34:55.400 # (00007ffc25034a1d) -> 0000000000000012
3772620:M 01 Jan 2024 21:34:55.400 # (00007ffc25034a1c) -> 000055aee3f21610
3772620:M 01 Jan 2024 21:34:55.400 # (00007ffc25034a1b) -> 0000000000000117
3772620:M 01 Jan 2024 21:34:55.400 # (00007ffc25034a1a) -> 0000000000000020
3772620:M 01 Jan 2024 21:34:55.400 # (00007ffc25034a19) -> 00007f7e3b174472
3772620:M 01 Jan 2024 21:34:55.400 # (00007ffc25034a18) -> 00007f7e3b321e70
3772620:M 01 Jan 2024 21:34:55.400 # (00007ffc25034a17) -> 00007f7e3b189f32
3772620:M 01 Jan 2024 21:34:55.400 # (00007ffc25034a16) -> 00007f7e3b1211df
3772620:M 01 Jan 2024 21:34:55.400 # (00007ffc25034a15) -> 0000000000000117
3772620:M 01 Jan 2024 21:34:55.400 # (00007ffc25034a14) -> 00007f7e3b129720
3772620:M 01 Jan 2024 21:34:55.400 # (00007ffc25034a13) -> 00007f7e3b14a1c0
3772620:M 01 Jan 2024 21:34:55.400 # (00007ffc25034a12) -> 0000000000000006
3772620:M 01 Jan 2024 21:34:55.400 # (00007ffc25034a11) -> 3e140c5484907a00
3772620:M 01 Jan 2024 21:34:55.400 # (00007ffc25034a10) -> 00007ffc25034cc0

------ INFO OUTPUT ------

------ CONFIG DEBUG OUTPUT ------
lazyfree-lazy-user-flush no
io-threads 1
lazyfree-lazy-expire no
activedefrag no
lazyfree-lazy-eviction no
repl-diskless-sync yes
replica-read-only yes
sanitize-dump-payload no
repl-diskless-load disabled
lazyfree-lazy-user-del no
io-threads-do-reads no
slave-read-only yes
proto-max-bulk-len 512mb
lazyfree-lazy-server-del no
list-compress-depth 0
client-query-buffer-limit 1gb

------ FAST MEMORY TEST ------
# Server
redis_version:255.255.255
redis_git_sha1:e04ebdb8
redis_git_dirty:1
redis_build_id:1f78dcc7b4fbdd25
redis_mode:standalone
os:Linux 6.1.60.1.amd64-smp x86_64
arch_bits:64
monotonic_clock:POSIX clock_gettime
multiplexing_api:epoll
atomicvar_api:c11-builtin
gcc_version:10.2.1
process_id:3772620
process_supervised:no
run_id:882757c1efc493a56ab6e0c9ee70de6ad7feba9a
tcp_port:5033
server_time_usec:1704141295399072
uptime_in_seconds:0
uptime_in_days:0
hz:10
configured_hz:10
lru_clock:9642479
executable:/home/snagendra/Fuzzing/redis/src/redis-server
config_file:
io_threads_active:0
listener0:name=tcp,bind=0.0.0.0,port=5033

# Clients
connected_clients:0
cluster_connections:0
maxclients:10000
client_recent_max_input_buffer:0
client_recent_max_output_buffer:0
blocked_clients:0
tracking_clients:0
clients_in_timeout_table:0
total_blocking_keys:0
total_blocking_keys_on_nokey:0

# Memory
used_memory:1756272
used_memory_human:1.67M
used_memory_rss:17969152
used_memory_rss_human:17.14M
used_memory_peak:1756272
used_memory_peak_human:1.67M
used_memory_peak_perc:100.06%
used_memory_overhead:1746664
used_memory_startup:1746480
used_memory_dataset:9608
used_memory_dataset_perc:98.12%
allocator_allocated:2222504
allocator_active:2756608
allocator_resident:10948608
total_system_memory:270388695040
total_system_memory_human:251.82G
used_memory_lua:31744
used_memory_vm_eval:31744
used_memory_lua_human:31.00K
used_memory_scripts_eval:0
number_of_cached_scripts:0
number_of_functions:0
number_of_libraries:0
used_memory_vm_functions:32768
used_memory_vm_total:64512
used_memory_vm_total_human:63.00K
used_memory_functions:184
used_memory_scripts:184
used_memory_scripts_human:184B
maxmemory:0
maxmemory_human:0B
maxmemory_policy:noeviction
allocator_frag_ratio:1.24
allocator_frag_bytes:534104
allocator_rss_ratio:3.97
allocator_rss_bytes:8192000
rss_overhead_ratio:1.64
rss_overhead_bytes:7020544
mem_fragmentation_ratio:10.29
mem_fragmentation_bytes:16222528
mem_not_counted_for_evict:0
mem_replication_backlog:0
mem_total_replication_buffers:0
mem_clients_slaves:0
mem_clients_normal:0
mem_cluster_links:0
mem_aof_buffer:0
mem_allocator:jemalloc-5.3.0
active_defrag_running:0
lazyfree_pending_objects:0
lazyfreed_objects:0

# Persistence
loading:0
async_loading:0
current_cow_peak:0
current_cow_size:0
current_cow_size_age:0
current_fork_perc:0.00
current_save_keys_processed:0
current_save_keys_total:0
rdb_changes_since_last_save:0
rdb_bgsave_in_progress:0
rdb_last_save_time:1704141295
rdb_last_bgsave_status:ok
rdb_last_bgsave_time_sec:-1
rdb_current_bgsave_time_sec:-1
rdb_saves:0
rdb_last_cow_size:0
rdb_last_load_keys_expired:0
rdb_last_load_keys_loaded:0
aof_enabled:0
aof_rewrite_in_progress:0
aof_rewrite_scheduled:0
aof_last_rewrite_time_sec:-1
aof_current_rewrite_time_sec:-1
aof_last_bgrewrite_status:ok
aof_rewrites:0
aof_rewrites_consecutive_failures:0
aof_last_write_status:ok
aof_last_cow_size:0
module_fork_in_progress:0
module_fork_last_cow_size:0

# Stats
total_connections_received:0
total_commands_processed:6
instantaneous_ops_per_sec:25
total_net_input_bytes:0
total_net_output_bytes:0
total_net_repl_input_bytes:0
total_net_repl_output_bytes:0
instantaneous_input_kbps:0.00
instantaneous_output_kbps:0.00
instantaneous_input_repl_kbps:0.00
instantaneous_output_repl_kbps:0.00
rejected_connections:0
sync_full:0
sync_partial_ok:0
sync_partial_err:0
expired_keys:0
expired_stale_perc:0.00
expired_time_cap_reached_count:0
expire_cycle_cpu_milliseconds:0
evicted_keys:0
evicted_clients:0
total_eviction_exceeded_time:0
current_eviction_exceeded_time:0
keyspace_hits:0
keyspace_misses:0
pubsub_channels:0
pubsub_patterns:0
pubsubshard_channels:0
latest_fork_usec:0
total_forks:0
migrate_cached_sockets:0
slave_expires_tracked_keys:0
active_defrag_hits:0
active_defrag_misses:0
active_defrag_key_hits:0
active_defrag_key_misses:0
total_active_defrag_time:0
current_active_defrag_time:0
tracking_total_keys:0
tracking_total_items:0
tracking_total_prefixes:0
unexpected_error_replies:0
total_error_replies:0
dump_payload_sanitizations:0
total_reads_processed:0
total_writes_processed:0
io_threaded_reads_processed:0
io_threaded_writes_processed:0
reply_buffer_shrinks:0
reply_buffer_expands:0
acl_access_denied_auth:0
acl_access_denied_cmd:0
acl_access_denied_key:0
acl_access_denied_channel:0

# Replication
role:master
connected_slaves:0
master_failover_state:no-failover
master_replid:38ec378186c6bcdf188b3489159f8450a538228c
master_replid2:0000000000000000000000000000000000000000
master_repl_offset:0
second_repl_offset:-1
repl_backlog_active:0
repl_backlog_size:1048576
repl_backlog_first_byte_offset:0
repl_backlog_histlen:0

# CPU
used_cpu_sys:0.004688
used_cpu_user:0.014065
used_cpu_sys_children:0.000000
used_cpu_user_children:0.000000
used_cpu_sys_main_thread:0.004254
used_cpu_user_main_thread:0.012764

# Modules
module:name=raft,ver=1,api=1,filters=1,usedby=[],using=[],options=[]

# Commandstats
cmdstat_config|set:calls=1,usec=11,usec_per_call=11.00,rejected_calls=0,failed_calls=0
cmdstat_config|get:calls=3,usec=5,usec_per_call=1.67,rejected_calls=0,failed_calls=0
cmdstat_command:calls=2,usec=1448,usec_per_call=724.00,rejected_calls=0,failed_calls=0

# Errorstats

# Latencystats
latency_percentiles_usec_config|set:p50=11.007,p99=11.007,p99.9=11.007
latency_percentiles_usec_config|get:p50=2.007,p99=2.007,p99.9=2.007
latency_percentiles_usec_command:p50=696.319,p99=757.759,p99.9=757.759

# Cluster
cluster_enabled:0

# Keyspace

------ CLIENT LIST OUTPUT ------

------ MODULES INFO OUTPUT ------
# raft_version
raft_version:255.255.255
raft_git_sha1:b779b199

# raft_general
raft_dbid:37f015fa2bd74102083b2515e19185a8
raft_node_id:3
raft_state:up
raft_role:follower
raft_is_voting:no
raft_voted_for:-1
raft_leader_id:-1
raft_current_term:0
raft_num_nodes:2
raft_num_voting_nodes:1
raft_node1:id=1,state=disconnected,voting=yes,addr=localhost,port=5031,last_conn_secs=-1,conn_errors=0,conn_oks=0

# raft_log
raft_log_entries:6
raft_current_index:6
raft_commit_index:0
raft_last_applied_index:0
raft_file_size:1636
raft_cache_memory_size:0
raft_cache_entries:0
raft_client_attached_entries:0
raft_fsync_count:0
raft_fsync_max_microseconds:0
raft_entry1:term=1,id=0,data_len=0
raft_entry2:term=1,id=22404357,data_len=264
raft_entry3:term=1,id=931798293,data_len=264
raft_entry4:term=1,id=2080091233,data_len=264
raft_entry5:term=1,id=1053752332,data_len=35
raft_fsync_avg_microseconds:0

# raft_snapshot
raft_snapshot_filename:redis3.rdb
raft_snapshot_last_idx:0
raft_snapshot_last_term:0
raft_snapshot_size:0
raft_snapshot_time_secs:-1
raft_snapshots_created:0
raft_snapshots_received:0
raft_snapshot_in_progress:no
raft_snapshot_in_progress_last_idx:-1
raft_snapshot_in_progress_last_term:-1

# raft_clients
raft_proxy_reqs:0
raft_proxy_failed_reqs:0
raft_proxy_failed_responses:0
raft_proxy_outstanding_reqs:0

# raft_stats
raft_appendreq_received:0
raft_appendreq_with_entry_received:0
raft_snapshotreq_received:0
raft_exec_throttled:0
raft_num_sessions:0

------ CONFIG DEBUG OUTPUT ------
lazyfree-lazy-user-flush no
io-threads 1
lazyfree-lazy-expire no
activedefrag no
lazyfree-lazy-eviction no
repl-diskless-sync yes
replica-read-only yes
sanitize-dump-payload no
repl-diskless-load disabled
lazyfree-lazy-user-del no
io-threads-do-reads no
slave-read-only yes
proto-max-bulk-len 512mb
lazyfree-lazy-server-del no
list-compress-depth 0
client-query-buffer-limit 1gb

------ FAST MEMORY TEST ------
3772620:M 01 Jan 2024 21:34:55.401 # Bio worker thread #0 terminated
3772620:M 01 Jan 2024 21:34:55.401 # Bio worker thread #1 terminated
3772620:M 01 Jan 2024 21:34:55.401 # Bio worker thread #2 terminated
*** Preparing to test memory region 55aee2bfc000 (2273280 bytes)
*** Preparing to test memory region 55aee3ecc000 (405504 bytes)
*** Preparing to test memory region 7f7e20000000 (135168 bytes)
*** Preparing to test memory region 7f7e28000000 (135168 bytes)
*** Preparing to test memory region 7f7e2d7fe000 (8388608 bytes)
*** Preparing to test memory region 7f7e2dfff000 (8388608 bytes)
*** Preparing to test memory region 7f7e2e800000 (8388608 bytes)
*** Preparing to test memory region 7f7e2f000000 (6291456 bytes)
*** Preparing to test memory region 7f7e2f7f8000 (8388608 bytes)
*** Preparing to test memory region 7f7e2fff9000 (8388608 bytes)
*** Preparing to test memory region 7f7e307fa000 (8388608 bytes)
*** Preparing to test memory region 7f7e30ffb000 (8388608 bytes)
*** Preparing to test memory region 7f7e317fc000 (8388608 bytes)
*** Preparing to test memory region 7f7e31ffd000 (8388608 bytes)
*** Preparing to test memory region 7f7e327fe000 (8388608 bytes)
*** Preparing to test memory region 7f7e32fff000 (8388608 bytes)
*** Preparing to test memory region 7f7e33800000 (8388608 bytes)
*** Preparing to test memory region 7f7e34000000 (135168 bytes)
*** Preparing to test memory region 7f7e38200000 (4194304 bytes)
*** Preparing to test memory region 7f7e386a6000 (8388608 bytes)
*** Preparing to test memory region 7f7e38ea6000 (2621440 bytes)
*** Preparing to test memory region 7f7e3967f000 (12288 bytes)
*** Preparing to test memory region 7f7e396a1000 (8192 bytes)
*** Preparing to test memory region 7f7e39bfe000 (8192 bytes)
*** Preparing to test memory region 7f7e39e18000 (16384 bytes)
*** Preparing to test memory region 7f7e3a800000 (8388608 bytes)
*** Preparing to test memory region 7f7e3b099000 (4096 bytes)
*** Preparing to test memory region 7f7e3b09e000 (4096 bytes)
*** Preparing to test memory region 7f7e3b0bf000 (8192 bytes)
*** Preparing to test memory region 7f7e3b143000 (45056 bytes)
*** Preparing to test memory region 7f7e3b322000 (53248 bytes)
*** Preparing to test memory region 7f7e3b43f000 (8192 bytes)
.O.O.O.O.3772620:signal-handler (37726201704141295:signal-handler () 1704141295Received SIGINT scheduling shutdown...) 
Received SIGINT scheduling shutdown...
O.O.
----- Stderr -----
libgcov profiling error:/home/snagendra/Fuzzing/redisraft-fuzzing/build/deps/raft/CMakeFiles/raft.dir/src/raft_server.c.gcda:Merge mismatch for function 50
redis-server: /home/snagendra/Fuzzing/redisraft-fuzzing/deps/raft/src/raft_server.c:279: raft_handle_append_cfg_change: Assertion `node' failed.



