logs for node: 2

----- Stdout -----
332092:C 02 Jan 2024 00:44:24.444 # WARNING Memory overcommit must be enabled! Without it, a background save or replication may fail under low memory condition. Being disabled, it can also cause failures without low memory condition, see https://github.com/jemalloc/jemalloc/issues/1328. To fix this issue add 'vm.overcommit_memory = 1' to /etc/sysctl.conf and then reboot or run the command 'sysctl vm.overcommit_memory=1' for this to take effect.
332092:C 02 Jan 2024 00:44:24.444 * oO0OoO0OoO0Oo Redis is starting oO0OoO0OoO0Oo
332092:C 02 Jan 2024 00:44:24.444 * Redis version=255.255.255, bits=64, commit=e04ebdb8, modified=1, pid=332092, just started
332092:C 02 Jan 2024 00:44:24.444 * Configuration loaded
332092:M 02 Jan 2024 00:44:24.445 * monotonic clock: POSIX clock_gettime
332092:M 02 Jan 2024 00:44:24.445 * Running mode=standalone, port=5062.
332092:M 02 Jan 2024 00:44:24.451 * <raft> RedisRaft version 255.255.255 [b779b199]
332092:M 02 Jan 2024 00:44:24.456 * <raft> Initializing test network
332092:M 02 Jan 2024 00:44:24.457 * <raft> Created test network client
332092:M 02 Jan 2024 00:44:24.457 * <raft> Raft module loaded, state is 'uninitialized'
332092:M 02 Jan 2024 00:44:24.457 * Module 'raft' loaded from /home/snagendra/Fuzzing/redisraft-fuzzing/redisraft.so
332092:M 02 Jan 2024 00:44:24.458 * Server initialized
332092:M 02 Jan 2024 00:44:24.459 . The AOF directory appendonlydir doesn't exist
332092:M 02 Jan 2024 00:44:24.459 * Ready to accept connections tcp
332092:M 02 Jan 2024 00:44:24.459 . 0 clients connected (0 replicas), 1726128 bytes in use
332092:M 02 Jan 2024 00:44:24.460 - Accepted 127.0.0.1:43732
332092:M 02 Jan 2024 00:44:24.460 # Missing implement of connection type tls
332092:M 02 Jan 2024 00:44:24.558 - <raft> join cluster, connecting to localhost:5061
332092:M 02 Jan 2024 00:44:24.560 * <raft> Joined Raft cluster, node id: 2, dbid: a90334162da363bfd49fedc07323809a
332092:M 02 Jan 2024 00:44:24.570 * <raft> Cluster Membership: term:0 index:0 nodes: id=2,voting=0,active=1,addr=-
332092:M 02 Jan 2024 00:44:24.571 * <raft> Test network starting message polling thread
332092:M 02 Jan 2024 00:44:24.629 - Accepted 127.0.0.1:43746
332092:M 02 Jan 2024 00:44:24.829 * <raft> Cluster Membership: term:1 index:2 nodes: id=2,voting=0,active=1,addr=- id=1,voting=1,active=1,addr=localhost:5061
332092:M 02 Jan 2024 00:44:24.889 - Accepted 127.0.0.1:43752
332092:M 02 Jan 2024 00:44:25.060 * <raft> State change: Election starting, node is now a pre-candidate, term 1
332092:M 02 Jan 2024 00:44:25.060 * <raft> Cluster Membership: term:1 index:3 nodes: id=2,voting=0,active=1,addr=- id=1,voting=1,active=1,addr=localhost:5061
332092:M 02 Jan 2024 00:44:25.095 * <raft> State change: Node is now a follower, term 1
332092:M 02 Jan 2024 00:44:25.095 * <raft> Cluster Membership: term:1 index:3 nodes: id=2,voting=0,active=1,addr=- id=1,voting=1,active=1,addr=localhost:5061
332092:M 02 Jan 2024 00:44:25.095 * <raft> Cluster Membership: term:1 index:4 nodes: id=2,voting=0,active=1,addr=- id=1,voting=1,active=1,addr=localhost:5061 id=3,voting=0,active=1,addr=localhost:5063
332092:M 02 Jan 2024 00:44:25.185 - Client closed connection id=10 addr=127.0.0.1:43752 laddr=127.0.0.1:5062 fd=14 name= age=1 idle=1 flags=N db=0 sub=0 psub=0 ssub=0 multi=-1 qbuf=0 qbuf-free=20474 argv-mem=0 multi-mem=0 rbs=1024 rbp=0 obl=0 oll=0 omem=0 tot-mem=22400 events=r cmd=auth user=default redir=-1 resp=2 lib-name= lib-ver=
332092:M 02 Jan 2024 00:44:25.363 * <raft> State change: Election starting, node is now a pre-candidate, term 1
332092:M 02 Jan 2024 00:44:25.363 * <raft> Cluster Membership: term:1 index:4 nodes: id=2,voting=0,active=1,addr=- id=1,voting=1,active=1,addr=localhost:5061 id=3,voting=0,active=1,addr=localhost:5063
332092:M 02 Jan 2024 00:44:25.632 - Client closed connection id=9 addr=127.0.0.1:43746 laddr=127.0.0.1:5062 fd=10 name= age=1 idle=1 flags=N db=0 sub=0 psub=0 ssub=0 multi=-1 qbuf=0 qbuf-free=20474 argv-mem=0 multi-mem=0 rbs=1024 rbp=0 obl=0 oll=0 omem=0 tot-mem=22400 events=r cmd=auth user=default redir=-1 resp=2 lib-name= lib-ver=
332092:M 02 Jan 2024 00:44:25.665 * <raft> State change: Node is now a follower, term 1
332092:M 02 Jan 2024 00:44:25.665 * <raft> Cluster Membership: term:1 index:4 nodes: id=2,voting=0,active=1,addr=- id=1,voting=1,active=1,addr=localhost:5061 id=3,voting=0,active=1,addr=localhost:5063
332092:M 02 Jan 2024 00:44:26.066 * <raft> State change: Election starting, node is now a pre-candidate, term 1
332092:M 02 Jan 2024 00:44:26.066 * <raft> Cluster Membership: term:1 index:4 nodes: id=2,voting=0,active=1,addr=- id=1,voting=1,active=1,addr=localhost:5061 id=3,voting=0,active=1,addr=localhost:5063
332092:M 02 Jan 2024 00:44:26.415 * <raft> State change: Node is now a follower, term 1
332092:M 02 Jan 2024 00:44:26.415 * <raft> Cluster Membership: term:1 index:4 nodes: id=2,voting=0,active=1,addr=- id=1,voting=1,active=1,addr=localhost:5061 id=3,voting=0,active=1,addr=localhost:5063
332092:M 02 Jan 2024 00:44:26.876 - Accepted 127.0.0.1:43756
332092:M 02 Jan 2024 00:44:27.072 * <raft> State change: Election starting, node is now a pre-candidate, term 1
332092:M 02 Jan 2024 00:44:27.072 * <raft> Cluster Membership: term:1 index:5 nodes: id=2,voting=0,active=1,addr=- id=1,voting=1,active=1,addr=localhost:5061 id=3,voting=1,active=1,addr=localhost:5063
332092:M 02 Jan 2024 00:44:27.120 - Accepted 127.0.0.1:43772
332092:signal-handler (1704152667) Received SIGINT scheduling shutdown...
332092:signal-handler (1704152667) You insist... exiting now.
333841:C 02 Jan 2024 00:44:27.752 # WARNING Memory overcommit must be enabled! Without it, a background save or replication may fail under low memory condition. Being disabled, it can also cause failures without low memory condition, see https://github.com/jemalloc/jemalloc/issues/1328. To fix this issue add 'vm.overcommit_memory = 1' to /etc/sysctl.conf and then reboot or run the command 'sysctl vm.overcommit_memory=1' for this to take effect.
333841:C 02 Jan 2024 00:44:27.752 * oO0OoO0OoO0Oo Redis is starting oO0OoO0OoO0Oo
333841:C 02 Jan 2024 00:44:27.752 * Redis version=255.255.255, bits=64, commit=e04ebdb8, modified=1, pid=333841, just started
333841:C 02 Jan 2024 00:44:27.752 * Configuration loaded
333841:M 02 Jan 2024 00:44:27.752 * monotonic clock: POSIX clock_gettime
333841:M 02 Jan 2024 00:44:27.753 * Running mode=standalone, port=5062.
333841:M 02 Jan 2024 00:44:27.759 * <raft> RedisRaft version 255.255.255 [b779b199]
333841:M 02 Jan 2024 00:44:27.764 * <raft> Initializing test network
333841:M 02 Jan 2024 00:44:27.765 * <raft> Created test network client
333841:M 02 Jan 2024 00:44:27.768 * <raft> Raft module loaded, state is 'loading'
333841:M 02 Jan 2024 00:44:27.768 * Module 'raft' loaded from /home/snagendra/Fuzzing/redisraft-fuzzing/redisraft.so
333841:M 02 Jan 2024 00:44:27.769 * Server initialized
333841:M 02 Jan 2024 00:44:27.769 . The AOF directory appendonlydir doesn't exist
333841:M 02 Jan 2024 00:44:27.769 * Ready to accept connections tcp
333841:M 02 Jan 2024 00:44:27.769 . 0 clients connected (0 replicas), 1746656 bytes in use
333841:M 02 Jan 2024 00:44:27.782 - Accepted 127.0.0.1:43866
333841:M 02 Jan 2024 00:44:27.782 # Missing implement of connection type tls
333841:M 02 Jan 2024 00:44:27.824 - Accepted 127.0.0.1:43876
333841:M 02 Jan 2024 00:44:27.869 * <raft> Loading: Redis loading complete, snapshot NOT LOADED
333841:M 02 Jan 2024 00:44:27.869 * <raft> Cluster Membership: term:0 index:0 nodes: id=2,voting=0,active=1,addr=-
333841:M 02 Jan 2024 00:44:27.869 * <raft> Test network starting message polling thread
333841:M 02 Jan 2024 00:44:27.870 * <raft> Cluster Membership: term:0 index:5 nodes: id=2,voting=0,active=1,addr=- id=1,voting=1,active=1,addr=localhost:5061
333841:M 02 Jan 2024 00:44:27.870 * <raft> Cluster Membership: term:0 index:5 nodes: id=2,voting=0,active=1,addr=- id=1,voting=1,active=1,addr=localhost:5061 id=3,voting=0,active=1,addr=localhost:5063
333841:M 02 Jan 2024 00:44:27.870 * <raft> Raft state after loading log: log_count=5, first_idx=1, current_idx=5, last_applied_idx=0
333841:M 02 Jan 2024 00:44:27.870 . <raft> Raft term=1, vote=-1
333841:M 02 Jan 2024 00:44:27.876 * <raft> State change: Node is now a follower, term 1
333841:M 02 Jan 2024 00:44:27.876 * <raft> Cluster Membership: term:1 index:5 nodes: id=2,voting=0,active=1,addr=- id=1,voting=1,active=1,addr=localhost:5061 id=3,voting=1,active=1,addr=localhost:5063
333841:M 02 Jan 2024 00:44:27.885 - Client closed connection id=8 addr=127.0.0.1:43866 laddr=127.0.0.1:5062 fd=11 name= age=0 idle=0 flags=N db=0 sub=0 psub=0 ssub=0 multi=-1 qbuf=0 qbuf-free=20474 argv-mem=0 multi-mem=0 rbs=16384 rbp=0 obl=0 oll=0 omem=0 tot-mem=37760 events=r cmd=auth user=default redir=-1 resp=2 lib-name= lib-ver=
333841:M 02 Jan 2024 00:44:27.885 # <raft> Redis connection authentication failed: connection died
333841:signal-handler (1704152667) Received SIGINT scheduling shutdown...
333841:signal-handler (1704152667) You insist... exiting now.

----- Stderr -----
libgcov profiling error:/home/snagendra/Fuzzing/redisraft-fuzzing/build/deps/raft/CMakeFiles/raft.dir/src/raft_server_properties.c.gcda:Merge mismatch for function 20
libgcov profiling error:/home/snagendra/Fuzzing/redisraft-fuzzing/build/deps/raft/CMakeFiles/raft.dir/src/raft_server.c.gcda:Merge mismatch for function 12
libgcov profiling error:/home/snagendra/Fuzzing/redisraft-fuzzing/build/deps/raft/CMakeFiles/raft.dir/src/raft_server_properties.c.gcda:Merge mismatch for function 20
libgcov profiling error:/home/snagendra/Fuzzing/redisraft-fuzzing/build/deps/raft/CMakeFiles/raft.dir/src/raft_server.c.gcda:Merge mismatch for function 12




logs for node: 3

----- Stdout -----
332176:C 02 Jan 2024 00:44:24.573 # WARNING Memory overcommit must be enabled! Without it, a background save or replication may fail under low memory condition. Being disabled, it can also cause failures without low memory condition, see https://github.com/jemalloc/jemalloc/issues/1328. To fix this issue add 'vm.overcommit_memory = 1' to /etc/sysctl.conf and then reboot or run the command 'sysctl vm.overcommit_memory=1' for this to take effect.
332176:C 02 Jan 2024 00:44:24.573 * oO0OoO0OoO0Oo Redis is starting oO0OoO0OoO0Oo
332176:C 02 Jan 2024 00:44:24.573 * Redis version=255.255.255, bits=64, commit=e04ebdb8, modified=1, pid=332176, just started
332176:C 02 Jan 2024 00:44:24.573 * Configuration loaded
332176:M 02 Jan 2024 00:44:24.574 * monotonic clock: POSIX clock_gettime
332176:M 02 Jan 2024 00:44:24.574 * Running mode=standalone, port=5063.
332176:M 02 Jan 2024 00:44:24.581 * <raft> RedisRaft version 255.255.255 [b779b199]
332176:M 02 Jan 2024 00:44:24.586 * <raft> Initializing test network
332176:M 02 Jan 2024 00:44:24.587 * <raft> Created test network client
332176:M 02 Jan 2024 00:44:24.587 * <raft> Raft module loaded, state is 'uninitialized'
332176:M 02 Jan 2024 00:44:24.587 * Module 'raft' loaded from /home/snagendra/Fuzzing/redisraft-fuzzing/redisraft.so
332176:M 02 Jan 2024 00:44:24.588 * Server initialized
332176:M 02 Jan 2024 00:44:24.589 . The AOF directory appendonlydir doesn't exist
332176:M 02 Jan 2024 00:44:24.589 * Ready to accept connections tcp
332176:M 02 Jan 2024 00:44:24.589 . 0 clients connected (0 replicas), 1726128 bytes in use
332176:M 02 Jan 2024 00:44:24.601 - Accepted 127.0.0.1:57696
332176:M 02 Jan 2024 00:44:24.601 # Missing implement of connection type tls
332176:M 02 Jan 2024 00:44:24.688 - <raft> join cluster, connecting to localhost:5061
332176:M 02 Jan 2024 00:44:24.690 * <raft> Joined Raft cluster, node id: 3, dbid: a90334162da363bfd49fedc07323809a
332176:M 02 Jan 2024 00:44:24.696 * <raft> Cluster Membership: term:0 index:0 nodes: id=3,voting=0,active=1,addr=-
332176:M 02 Jan 2024 00:44:24.697 * <raft> Test network starting message polling thread
332176:M 02 Jan 2024 00:44:24.730 - Accepted 127.0.0.1:57712
332176:M 02 Jan 2024 00:44:24.866 * <raft> Cluster Membership: term:1 index:2 nodes: id=3,voting=0,active=1,addr=- id=1,voting=1,active=1,addr=localhost:5061
332176:M 02 Jan 2024 00:44:24.866 * <raft> Cluster Membership: term:1 index:3 nodes: id=3,voting=0,active=1,addr=- id=1,voting=1,active=1,addr=localhost:5061 id=2,voting=0,active=1,addr=localhost:5062
332176:signal-handler (1704152665) Received SIGINT scheduling shutdown...
332176:signal-handler (1704152665) You insist... exiting now.
332176:M 02 Jan 2024 00:44:25.161 - Accepted 127.0.0.1:57720
332853:C 02 Jan 2024 00:44:26.154 # WARNING Memory overcommit must be enabled! Without it, a background save or replication may fail under low memory condition. Being disabled, it can also cause failures without low memory condition, see https://github.com/jemalloc/jemalloc/issues/1328. To fix this issue add 'vm.overcommit_memory = 1' to /etc/sysctl.conf and then reboot or run the command 'sysctl vm.overcommit_memory=1' for this to take effect.
332853:C 02 Jan 2024 00:44:26.154 * oO0OoO0OoO0Oo Redis is starting oO0OoO0OoO0Oo
332853:C 02 Jan 2024 00:44:26.154 * Redis version=255.255.255, bits=64, commit=e04ebdb8, modified=1, pid=332853, just started
332853:C 02 Jan 2024 00:44:26.154 * Configuration loaded
332853:M 02 Jan 2024 00:44:26.154 * monotonic clock: POSIX clock_gettime
332853:M 02 Jan 2024 00:44:26.155 * Running mode=standalone, port=5063.
332853:M 02 Jan 2024 00:44:26.162 * <raft> RedisRaft version 255.255.255 [b779b199]
332853:M 02 Jan 2024 00:44:26.166 * <raft> Initializing test network
332853:M 02 Jan 2024 00:44:26.167 * <raft> Created test network client
332853:M 02 Jan 2024 00:44:26.172 * <raft> Raft module loaded, state is 'loading'
332853:M 02 Jan 2024 00:44:26.172 * Module 'raft' loaded from /home/snagendra/Fuzzing/redisraft-fuzzing/redisraft.so
332853:M 02 Jan 2024 00:44:26.173 * Server initialized
332853:M 02 Jan 2024 00:44:26.173 . The AOF directory appendonlydir doesn't exist
332853:M 02 Jan 2024 00:44:26.173 * Ready to accept connections tcp
332853:M 02 Jan 2024 00:44:26.173 . 0 clients connected (0 replicas), 1746688 bytes in use
332853:M 02 Jan 2024 00:44:26.267 - Accepted 127.0.0.1:57860
332853:M 02 Jan 2024 00:44:26.267 # Missing implement of connection type tls
332853:M 02 Jan 2024 00:44:26.273 * <raft> Loading: Redis loading complete, snapshot NOT LOADED
332853:M 02 Jan 2024 00:44:26.273 * <raft> Cluster Membership: term:0 index:0 nodes: id=3,voting=0,active=1,addr=-
332853:M 02 Jan 2024 00:44:26.273 * <raft> Test network starting message polling thread
332853:signal-handler (1704152666) Received SIGINT scheduling shutdown...
332853:signal-handler (1704152666) You insist... exiting now.


=== REDIS BUG REPORT START: Cut & paste starting from here ===
332853:M 02 Jan 2024 00:44:26.282 # Redis 255.255.255 crashed by signal: 11, si_code: 1
332853:M 02 Jan 2024 00:44:26.282 # Accessing address: 0x18
332853:M 02 Jan 2024 00:44:26.282 # Crashed running the instruction at: 0x7fcfb77cd0b0

------ STACK TRACE ------
EIP:
/lib/x86_64-linux-gnu/libc.so.6(__pthread_rwlock_wrlock+0x0)[0x7fcfb77cd0b0]

Backtrace:
/lib/x86_64-linux-gnu/libc.so.6(+0x3bfd0)[0x7fcfb7779fd0]
/lib/x86_64-linux-gnu/libc.so.6(__pthread_rwlock_wrlock+0x0)[0x7fcfb77cd0b0]
/lib/x86_64-linux-gnu/libcrypto.so.3(CRYPTO_THREAD_write_lock+0x9)[0x7fcfb5a3df49]
/lib/x86_64-linux-gnu/libcrypto.so.3(ENGINE_get_first+0x3a)[0x7fcfb59e408a]
/lib/x86_64-linux-gnu/libcrypto.so.3(ENGINE_register_all_complete+0x6)[0x7fcfb59e3486]
/lib/x86_64-linux-gnu/libssh2.so.1(libssh2_init+0x39)[0x7fcfb6523389]
/lib/x86_64-linux-gnu/libcurl-gnutls.so.4(+0x8146b)[0x7fcfb65d646b]
/lib/x86_64-linux-gnu/libcurl-gnutls.so.4(+0x22125)[0x7fcfb6577125]
/lib/x86_64-linux-gnu/libcurl-gnutls.so.4(curl_global_init+0x3a)[0x7fcfb657722a]
/home/snagendra/Fuzzing/redisraft-fuzzing/redisraft.so(redis_test_http_do+0x2c)[0x7fcfb76fd86c]
/home/snagendra/Fuzzing/redisraft-fuzzing/redisraft.so(redis_test_http_post+0x26)[0x7fcfb76fda86]
/home/snagendra/Fuzzing/redisraft-fuzzing/redisraft.so(redis_test_send_event+0x84)[0x7fcfb76fcfa4]
/home/snagendra/Fuzzing/redisraft-fuzzing/redisraft.so(testNetworkSendEvent+0x132)[0x7fcfb76e6782]
/home/snagendra/Fuzzing/redisraft-fuzzing/redisraft.so(testSendMemberShipEvent+0x10f)[0x7fcfb76dd4df]
/home/snagendra/Fuzzing/redisraft-fuzzing/redisraft.so(raftNotifyMembershipEvent+0x6a)[0x7fcfb76dd69a]
/home/snagendra/Fuzzing/redisraft-fuzzing/redisraft.so(raft_add_node_internal+0x139)[0x7fcfb76ec139]
/home/snagendra/Fuzzing/redisraft-fuzzing/redisraft.so(raft_handle_append_cfg_change+0x24b)[0x7fcfb76ed8cb]
/home/snagendra/Fuzzing/redisraft-fuzzing/redisraft.so(raft_append_entry+0xa6)[0x7fcfb76eda36]
/home/snagendra/Fuzzing/redisraft-fuzzing/redisraft.so(raft_recv_appendentries+0x249)[0x7fcfb76efeb9]
/home/snagendra/Fuzzing/redisraft-fuzzing/redisraft.so(handleTestNetworkMessage+0x11e)[0x7fcfb76e648e]
/home/snagendra/Fuzzing/redisraft-fuzzing/redisraft.so(poll_redis_test_messages+0x89)[0x7fcfb76e65c9]
/lib/x86_64-linux-gnu/libc.so.6(+0x89044)[0x7fcfb77c7044]
/lib/x86_64-linux-gnu/libc.so.6(+0x10961c)[0x7fcfb784761c]

------ REGISTERS ------
332853:M 02 Jan 2024 00:44:26.283 # 
RAX:0000000000000001 RBX:00007fcf940035d0
RCX:0000000000000000 RDX:0000000000000000
RDI:0000000000000000 RSI:0000000000000000
RBP:00007fcfb5c7e638 RSP:00007fcfaa7fc018
R8 :0000000000000000 R9 :0000000000000000
R10:0000000000000000 R11:0000000000000000
R12:00007fcfaa7fc110 R13:00007fcf940025f0
R14:000055a3204ede40 R15:00007fcfaa7fc198
RIP:00007fcfb77cd0b0 EFL:0000000000010202
CSGSFS:002b000000000033
332853:M 02 Jan 2024 00:44:26.283 # (00007fcfaa7fc027) -> 00007fcf940035d0
332853:M 02 Jan 2024 00:44:26.283 # (00007fcfaa7fc026) -> 00007fcfb6577125
332853:M 02 Jan 2024 00:44:26.283 # (00007fcfaa7fc025) -> 00007fcfaa7fc0a0
332853:M 02 Jan 2024 00:44:26.283 # (00007fcfaa7fc024) -> 00007fcfb65d646b
332853:M 02 Jan 2024 00:44:26.283 # (00007fcfaa7fc023) -> 00007fcf940025f0
332853:M 02 Jan 2024 00:44:26.283 # (00007fcfaa7fc022) -> 00000000aa7fc110
332853:M 02 Jan 2024 00:44:26.283 # (00007fcfaa7fc021) -> 00007fcf940035b0
332853:M 02 Jan 2024 00:44:26.283 # (00007fcfaa7fc020) -> 00007fcfb6523389
332853:M 02 Jan 2024 00:44:26.283 # (00007fcfaa7fc01f) -> 00007fcf940035d0
332853:M 02 Jan 2024 00:44:26.283 # (00007fcfaa7fc01e) -> 00007fcfb59e3486
332853:M 02 Jan 2024 00:44:26.283 # (00007fcfaa7fc01d) -> 00007fcf940035b0
332853:M 02 Jan 2024 00:44:26.283 # (00007fcfaa7fc01c) -> 00007fcf940035d0
332853:M 02 Jan 2024 00:44:26.283 # (00007fcfaa7fc01b) -> 00007fcfaa7fc110
332853:M 02 Jan 2024 00:44:26.283 # (00007fcfaa7fc01a) -> 00007fcfb59e408a
332853:M 02 Jan 2024 00:44:26.283 # (00007fcfaa7fc019) -> 00007fcf940035d0
332853:M 02 Jan 2024 00:44:26.283 # (00007fcfaa7fc018) -> 00007fcfb5a3df49

------ INFO OUTPUT ------
# Server
redis_version:255.255.255
redis_git_sha1:e04ebdb8
redis_git_dirty:1
redis_build_id:1f78dcc7b4fbdd25
redis_mode:standalone
os:Linux 6.1.60.1.amd64-smp x86_64
arch_bits:64
monotonic_clock:POSIX clock_gettime
multiplexing_api:epoll
atomicvar_api:c11-builtin
gcc_version:10.2.1
process_id:332853
process_supervised:no
run_id:9a25f6e905fa749bba2aacb725c163fc33430a7f
tcp_port:5063
server_time_usec:1704152666273107
uptime_in_seconds:0
uptime_in_days:0
hz:10
configured_hz:10
lru_clock:9653850
executable:/home/snagendra/Fuzzing/redis/src/redis-server
config_file:
io_threads_active:0
listener0:name=tcp,bind=0.0.0.0,port=5063

# Clients
connected_clients:1
cluster_connections:0
maxclients:10000
client_recent_max_input_buffer:0
client_recent_max_output_buffer:0
blocked_clients:0
tracking_clients:0
clients_in_timeout_table:0
total_blocking_keys:0
total_blocking_keys_on_nokey:0

# Memory
used_memory:1819416
used_memory_human:1.74M
used_memory_rss:17940480
used_memory_rss_human:17.11M
used_memory_peak:1819416
used_memory_peak_human:1.74M
used_memory_peak_perc:100.53%
used_memory_overhead:1746728
used_memory_startup:1746544
used_memory_dataset:72688
used_memory_dataset_perc:99.75%
allocator_allocated:2221072
allocator_active:2756608
allocator_resident:10928128
total_system_memory:270388695040
total_system_memory_human:251.82G
used_memory_lua:31744
used_memory_vm_eval:31744
used_memory_lua_human:31.00K
used_memory_scripts_eval:0
number_of_cached_scripts:0
number_of_functions:0
number_of_libraries:0
used_memory_vm_functions:32768
used_memory_vm_total:64512
used_memory_vm_total_human:63.00K
used_memory_functions:184
used_memory_scripts:184
used_memory_scripts_human:184B
maxmemory:0
maxmemory_human:0B
maxmemory_policy:noeviction
allocator_frag_ratio:1.24
allocator_frag_bytes:535536
allocator_rss_ratio:3.96
allocator_rss_bytes:8171520
rss_overhead_ratio:1.64
rss_overhead_bytes:7012352
mem_fragmentation_ratio:10.27
mem_fragmentation_bytes:16193792
mem_not_counted_for_evict:0
mem_replication_backlog:0
mem_total_replication_buffers:0
mem_clients_slaves:0
mem_clients_normal:0
mem_cluster_links:0
mem_aof_buffer:0
mem_allocator:jemalloc-5.3.0
active_defrag_running:0
lazyfree_pending_objects:0
lazyfreed_objects:0

# Persistence
loading:0
async_loading:0
current_cow_peak:0
current_cow_size:0
current_cow_size_age:0
current_fork_perc:0.00
current_save_keys_processed:0
current_save_keys_total:0
rdb_changes_since_last_save:0
rdb_bgsave_in_progress:0
rdb_last_save_time:1704152666
rdb_last_bgsave_status:ok
rdb_last_bgsave_time_sec:-1
rdb_current_bgsave_time_sec:-1
rdb_saves:0
rdb_last_cow_size:0
rdb_last_load_keys_expired:0
rdb_last_load_keys_loaded:0
aof_enabled:0
aof_rewrite_in_progress:0
aof_rewrite_scheduled:0
aof_last_rewrite_time_sec:-1
aof_current_rewrite_time_sec:-1
aof_last_bgrewrite_status:ok
aof_rewrites:0
aof_rewrites_consecutive_failures:0
aof_last_write_status:ok
aof_last_cow_size:0
module_fork_in_progress:0
module_fork_last_cow_size:0

# Stats
total_connections_received:1
total_commands_processed:7
instantaneous_ops_per_sec:20
total_net_input_bytes:33
total_net_output_bytes:5
total_net_repl_input_bytes:0
total_net_repl_output_bytes:0
instantaneous_input_kbps:0.00
instantaneous_output_kbps:0.00
instantaneous_input_repl_kbps:0.00
instantaneous_output_repl_kbps:0.00
rejected_connections:0
sync_full:0
sync_partial_ok:0
sync_partial_err:0
expired_keys:0
expired_stale_perc:0.00
expired_time_cap_reached_count:0
expire_cycle_cpu_milliseconds:0
evicted_keys:0
evicted_clients:0
total_eviction_exceeded_time:0
current_eviction_exceeded_time:0
keyspace_hits:0
keyspace_misses:0
pubsub_channels:0
pubsub_patterns:0
pubsubshard_channels:0
latest_fork_usec:0
total_forks:0
migrate_cached_sockets:0
slave_expires_tracked_keys:0
active_defrag_hits:0
active_defrag_misses:0
active_defrag_key_hits:0
active_defrag_key_misses:0
total_active_defrag_time:0
current_active_defrag_time:0
tracking_total_keys:0
tracking_total_items:0
tracking_total_prefixes:0
unexpected_error_replies:0
total_error_replies:0
dump_payload_sanitizations:0
total_reads_processed:1
total_writes_processed:1
io_threaded_reads_processed:0
io_threaded_writes_processed:0
reply_buffer_shrinks:0
reply_buffer_expands:0
acl_access_denied_auth:0
acl_access_denied_cmd:0
acl_access_denied_key:0
acl_access_denied_channel:0

# Replication
role:master
connected_slaves:0
master_failover_state:no-failover
master_replid:22ab6d22a861262810cf5a121e1f8dd687ed0f31
master_replid2:0000000000000000000000000000000000000000
master_repl_offset:0
second_repl_offset:-1
repl_backlog_active:0
repl_backlog_size:1048576
repl_backlog_first_byte_offset:0
repl_backlog_histlen:0

# CPU
used_cpu_sys:0.005732
used_cpu_user:0.014330
used_cpu_sys_children:0.000000
used_cpu_user_children:0.000000
used_cpu_sys_main_thread:0.001400
used_cpu_user_main_thread:0.000000

# Modules
module:name=raft,ver=1,api=1,filters=1,usedby=[],using=[],options=[]

# Commandstats
cmdstat_auth:calls=1,usec=1,usec_per_call=1.00,rejected_calls=0,failed_calls=0
cmdstat_command:calls=2,usec=1444,usec_per_call=722.00,rejected_calls=0,failed_calls=0
cmdstat_config|set:calls=1,usec=6,usec_per_call=6.00,rejected_calls=0,failed_calls=0
cmdstat_config|get:calls=3,usec=5,usec_per_call=1.67,rejected_calls=0,failed_calls=0

# Errorstats

# Latencystats
latency_percentiles_usec_auth:p50=1.003,p99=1.003,p99.9=1.003
latency_percentiles_usec_command:p50=684.031,p99=761.855,p99.9=761.855
latency_percentiles_usec_config|set:p50=6.015,p99=6.015,p99.9=6.015
latency_percentiles_usec_config|get:p50=2.007,p99=2.007,p99.9=2.007

# Cluster
cluster_enabled:0

# Keyspace

------ CLIENT LIST OUTPUT ------
id=8 addr=127.0.0.1:57860 laddr=127.0.0.1:5063 fd=11 name= age=0 idle=0 flags=N db=0 sub=0 psub=0 ssub=0 multi=-1 qbuf=0 qbuf-free=20474 argv-mem=0 multi-mem=0 rbs=16384 rbp=16384 obl=0 oll=0 omem=0 tot-mem=37760 events=r cmd=auth user=default redir=-1 resp=2 lib-name= lib-ver=

------ MODULES INFO OUTPUT ------
# raft_version
raft_version:255.255.255
raft_git_sha1:b779b199

# raft_general
raft_dbid:
raft_node_id:3
raft_state:up
raft_role:follower
raft_is_voting:no
raft_voted_for:-1
raft_leader_id:1
raft_current_term:1
raft_num_nodes:2
raft_num_voting_nodes:0
raft_node1:id=2,state=disconnected,voting=no,addr=localhost,port=5062,last_conn_secs=-1,conn_errors=0,conn_oks=0

# raft_log
raft_log_entries:3
raft_current_index:3
raft_commit_index:0
raft_last_applied_index:0
raft_file_size:1533
raft_cache_memory_size:320
raft_cache_entries:1
raft_client_attached_entries:0
raft_fsync_count:0
raft_fsync_max_microseconds:0
raft_entry1:term=1,id=0,data_len=0
raft_entry2:term=1,id=1451125865,data_len=264
raft_fsync_avg_microseconds:0

# raft_snapshot
raft_snapshot_filename:redis3.rdb
raft_snapshot_last_idx:0
raft_snapshot_last_term:0
raft_snapshot_size:0
raft_snapshot_time_secs:-1
raft_snapshots_created:0
raft_snapshots_received:0
raft_snapshot_in_progress:no
raft_snapshot_in_progress_last_idx:-1
raft_snapshot_in_progress_last_term:-1

# raft_clients
raft_proxy_reqs:0
raft_proxy_failed_reqs:0
raft_proxy_failed_responses:0
raft_proxy_outstanding_reqs:0

# raft_stats
raft_appendreq_received:0
raft_appendreq_with_entry_received:0
raft_snapshotreq_received:0
raft_exec_throttled:0
raft_num_sessions:0

------ CONFIG DEBUG OUTPUT ------
sanitize-dump-payload no
lazyfree-lazy-expire no
lazyfree-lazy-user-flush no
io-threads-do-reads no
repl-diskless-sync yes
lazyfree-lazy-user-del no
repl-diskless-load disabled
activedefrag no
lazyfree-lazy-eviction no
replica-read-only yes
lazyfree-lazy-server-del no
io-threads 1
client-query-buffer-limit 1gb
slave-read-only yes
proto-max-bulk-len 512mb
list-compress-depth 0

------ FAST MEMORY TEST ------
332853:M 02 Jan 2024 00:44:26.284 # main thread terminated
332853:M 02 Jan 2024 00:44:26.284 # Bio worker thread #0 terminated
332853:M 02 Jan 2024 00:44:26.284 # Bio worker thread #1 terminated
332853:M 02 Jan 2024 00:44:26.284 # Bio worker thread #2 terminated

Fast memory test PASSED, however your memory can still be broken. Please run a memory test for several hours if possible.

------ DUMPING CODE AROUND EIP ------
Symbol: __pthread_rwlock_wrlock (base: 0x7fcfb77cd0b0)
Module: /lib/x86_64-linux-gnu/libc.so.6 (base 0x7fcfb773e000)
$ xxd -r -p /tmp/dump.hex /tmp/dump.bin
$ objdump --adjust-vma=0x7fcfb77cd0b0 -D -b binary -m i386:x86-64 /tmp/dump.bin
------
332853:M 02 Jan 2024 00:44:26.284 # dump of function (hexdump of 128 bytes):
8b5718648b0425d002000039c20f8485000000415741564155415455534889fb4883ec088b0789c189c283c902f00fb10b75f3488d6b0cb801000000f6c202755f89430cf6c201752889d089d183e001c1e90309c80f854501000089d189d083c901f00fb10b89c275dfc7430801000000648b0425d00200008943184531c948

=== REDIS BUG REPORT END. Make sure to include from START to END. ===

       Please report the crash by opening an issue on github:

           http://github.com/redis/redis/issues

  If a Redis module was involved, please open in the module's repo instead.

  Suspect RAM error? Use redis-server --test-memory to verify it.

  Some other issues could be detected by redis-server --check-system
333344:C 02 Jan 2024 00:44:26.998 # WARNING Memory overcommit must be enabled! Without it, a background save or replication may fail under low memory condition. Being disabled, it can also cause failures without low memory condition, see https://github.com/jemalloc/jemalloc/issues/1328. To fix this issue add 'vm.overcommit_memory = 1' to /etc/sysctl.conf and then reboot or run the command 'sysctl vm.overcommit_memory=1' for this to take effect.
333344:C 02 Jan 2024 00:44:26.998 * oO0OoO0OoO0Oo Redis is starting oO0OoO0OoO0Oo
333344:C 02 Jan 2024 00:44:26.998 * Redis version=255.255.255, bits=64, commit=e04ebdb8, modified=1, pid=333344, just started
333344:C 02 Jan 2024 00:44:26.998 * Configuration loaded
333344:M 02 Jan 2024 00:44:26.999 * monotonic clock: POSIX clock_gettime
333344:M 02 Jan 2024 00:44:26.999 * Running mode=standalone, port=5063.
333344:M 02 Jan 2024 00:44:27.005 * <raft> RedisRaft version 255.255.255 [b779b199]
333344:M 02 Jan 2024 00:44:27.010 * <raft> Initializing test network
333344:M 02 Jan 2024 00:44:27.011 * <raft> Created test network client
333344:M 02 Jan 2024 00:44:27.016 * <raft> Raft module loaded, state is 'loading'
333344:M 02 Jan 2024 00:44:27.016 * Module 'raft' loaded from /home/snagendra/Fuzzing/redisraft-fuzzing/redisraft.so
333344:M 02 Jan 2024 00:44:27.016 * Server initialized
333344:M 02 Jan 2024 00:44:27.016 . The AOF directory appendonlydir doesn't exist
333344:M 02 Jan 2024 00:44:27.016 * Ready to accept connections tcp
333344:M 02 Jan 2024 00:44:27.016 . 0 clients connected (0 replicas), 1746624 bytes in use
333344:M 02 Jan 2024 00:44:27.072 - Accepted 127.0.0.1:57968
333344:M 02 Jan 2024 00:44:27.072 # Missing implement of connection type tls
333344:M 02 Jan 2024 00:44:27.077 - Accepted 127.0.0.1:57984
333344:M 02 Jan 2024 00:44:27.116 * <raft> Loading: Redis loading complete, snapshot NOT LOADED
333344:M 02 Jan 2024 00:44:27.117 * <raft> Cluster Membership: term:0 index:0 nodes: id=3,voting=0,active=1,addr=-
333344:M 02 Jan 2024 00:44:27.117 # <raft> Entry failed crc32 check, truncating log to previous entry: 4
333344:M 02 Jan 2024 00:44:27.117 * <raft> Test network starting message polling thread
333344:M 02 Jan 2024 00:44:27.119 * <raft> Cluster Membership: term:0 index:4 nodes: id=3,voting=0,active=1,addr=- id=1,voting=1,active=1,addr=localhost:5061
333344:M 02 Jan 2024 00:44:27.119 * <raft> Cluster Membership: term:0 index:4 nodes: id=3,voting=0,active=1,addr=- id=1,voting=1,active=1,addr=localhost:5061 id=2,voting=0,active=1,addr=localhost:5062
333344:M 02 Jan 2024 00:44:27.119 * <raft> Raft state after loading log: log_count=4, first_idx=1, current_idx=4, last_applied_idx=0
333344:M 02 Jan 2024 00:44:27.119 . <raft> Raft term=1, vote=-1
333344:M 02 Jan 2024 00:44:27.226 - Client closed connection id=8 addr=127.0.0.1:57968 laddr=127.0.0.1:5063 fd=11 name= age=0 idle=0 flags=N db=0 sub=0 psub=0 ssub=0 multi=-1 qbuf=0 qbuf-free=20474 argv-mem=0 multi-mem=0 rbs=1024 rbp=0 obl=0 oll=0 omem=0 tot-mem=22400 events=r cmd=auth user=default redir=-1 resp=2 lib-name= lib-ver=
333344:M 02 Jan 2024 00:44:27.418 * <raft> State change: Election starting, node is now a pre-candidate, term 1
333344:M 02 Jan 2024 00:44:27.418 * <raft> Cluster Membership: term:1 index:5 nodes: id=3,voting=1,active=1,addr=- id=1,voting=1,active=1,addr=localhost:5061 id=2,voting=0,active=1,addr=localhost:5062
333344:M 02 Jan 2024 00:44:27.720 * <raft> State change: Node is now a follower, term 1
333344:M 02 Jan 2024 00:44:27.720 * <raft> Cluster Membership: term:1 index:5 nodes: id=3,voting=1,active=1,addr=- id=1,voting=1,active=1,addr=localhost:5061 id=2,voting=0,active=1,addr=localhost:5062
333344:M 02 Jan 2024 00:44:27.871 - Accepted 127.0.0.1:57988
333344:M 02 Jan 2024 00:44:27.885 - Client closed connection id=9 addr=127.0.0.1:57984 laddr=127.0.0.1:5063 fd=12 name= age=0 idle=0 flags=N db=0 sub=0 psub=0 ssub=0 multi=-1 qbuf=0 qbuf-free=20474 argv-mem=0 multi-mem=0 rbs=1024 rbp=0 obl=0 oll=0 omem=0 tot-mem=22400 events=r cmd=auth user=default redir=-1 resp=2 lib-name= lib-ver=
333344:M 02 Jan 2024 00:44:27.909 - Client closed connection id=10 addr=127.0.0.1:57988 laddr=127.0.0.1:5063 fd=13 name= age=0 idle=0 flags=N db=0 sub=0 psub=0 ssub=0 multi=-1 qbuf=0 qbuf-free=20474 argv-mem=0 multi-mem=0 rbs=16384 rbp=16384 obl=0 oll=0 omem=0 tot-mem=37760 events=r cmd=auth user=default redir=-1 resp=2 lib-name= lib-ver=
333344:signal-handler (1704152667) Received SIGINT scheduling shutdown...
333344:signal-handler (1704152667) You insist... exiting now.

----- Stderr -----
libgcov profiling error:/home/snagendra/Fuzzing/redisraft-fuzzing/build/deps/raft/CMakeFiles/raft.dir/src/raft_server_properties.c.gcda:Merge mismatch for function 20
libgcov profiling error:/home/snagendra/Fuzzing/redisraft-fuzzing/build/deps/raft/CMakeFiles/raft.dir/src/raft_server.c.gcda:Merge mismatch for function 12
libgcov profiling error:/home/snagendra/Fuzzing/redisraft-fuzzing/build/deps/raft/CMakeFiles/raft.dir/src/raft_server_properties.c.gcda:Merge mismatch for function 20
libgcov profiling error:/home/snagendra/Fuzzing/redisraft-fuzzing/build/deps/raft/CMakeFiles/raft.dir/src/raft_server_properties.c.gcda:Merge mismatch for function 20
libgcov profiling error:/home/snagendra/Fuzzing/redisraft-fuzzing/build/deps/raft/CMakeFiles/raft.dir/src/raft_server.c.gcda:Merge mismatch for function 12




logs for node: 1

----- Stdout -----
332079:C 02 Jan 2024 00:44:24.413 # WARNING Memory overcommit must be enabled! Without it, a background save or replication may fail under low memory condition. Being disabled, it can also cause failures without low memory condition, see https://github.com/jemalloc/jemalloc/issues/1328. To fix this issue add 'vm.overcommit_memory = 1' to /etc/sysctl.conf and then reboot or run the command 'sysctl vm.overcommit_memory=1' for this to take effect.
332079:C 02 Jan 2024 00:44:24.413 * oO0OoO0OoO0Oo Redis is starting oO0OoO0OoO0Oo
332079:C 02 Jan 2024 00:44:24.413 * Redis version=255.255.255, bits=64, commit=e04ebdb8, modified=1, pid=332079, just started
332079:C 02 Jan 2024 00:44:24.413 * Configuration loaded
332079:M 02 Jan 2024 00:44:24.414 * monotonic clock: POSIX clock_gettime
332079:M 02 Jan 2024 00:44:24.414 * Running mode=standalone, port=5061.
332079:M 02 Jan 2024 00:44:24.421 * <raft> RedisRaft version 255.255.255 [b779b199]
332079:M 02 Jan 2024 00:44:24.425 * <raft> Initializing test network
332079:M 02 Jan 2024 00:44:24.426 * <raft> Created test network client
332079:M 02 Jan 2024 00:44:24.427 * <raft> Raft module loaded, state is 'uninitialized'
332079:M 02 Jan 2024 00:44:24.427 * Module 'raft' loaded from /home/snagendra/Fuzzing/redisraft-fuzzing/redisraft.so
332079:M 02 Jan 2024 00:44:24.428 * Server initialized
332079:M 02 Jan 2024 00:44:24.428 . The AOF directory appendonlydir doesn't exist
332079:M 02 Jan 2024 00:44:24.429 * Ready to accept connections tcp
332079:M 02 Jan 2024 00:44:24.429 - Accepted 127.0.0.1:40440
332079:M 02 Jan 2024 00:44:24.429 # Missing implement of connection type tls
332079:M 02 Jan 2024 00:44:24.429 . 1 clients connected (0 replicas), 1744056 bytes in use
332079:M 02 Jan 2024 00:44:24.435 * <raft> Cluster Membership: term:0 index:0 nodes: id=1,voting=0,active=1,addr=-
332079:M 02 Jan 2024 00:44:24.441 * <raft> State change: Node is now a leader, term 1
332079:M 02 Jan 2024 00:44:24.441 * <raft> Cluster Membership: term:1 index:1 nodes: id=1,voting=0,active=1,addr=-
332079:M 02 Jan 2024 00:44:24.442 * <raft> Test network starting message polling thread
332079:M 02 Jan 2024 00:44:24.442 * <raft> Raft Cluster initialized, node id: 1, dbid: a90334162da363bfd49fedc07323809a
332079:M 02 Jan 2024 00:44:24.558 - Accepted 127.0.0.1:40444
332079:M 02 Jan 2024 00:44:24.559 * <raft> Cluster Membership: term:1 index:3 nodes: id=1,voting=1,active=1,addr=- id=2,voting=0,active=1,addr=localhost:5062
332079:M 02 Jan 2024 00:44:24.571 - Client closed connection id=9 addr=127.0.0.1:40444 laddr=127.0.0.1:5061 fd=12 name= age=0 idle=0 flags=N db=0 sub=0 psub=0 ssub=0 multi=-1 qbuf=0 qbuf-free=20474 argv-mem=0 multi-mem=0 rbs=16384 rbp=16384 obl=0 oll=0 omem=0 tot-mem=37760 events=r cmd=raft.node user=default redir=-1 resp=2 lib-name= lib-ver=
332079:M 02 Jan 2024 00:44:24.688 - Accepted 127.0.0.1:40456
332079:M 02 Jan 2024 00:44:24.689 * <raft> Cluster Membership: term:1 index:4 nodes: id=1,voting=1,active=1,addr=- id=2,voting=0,active=1,addr=localhost:5062 id=3,voting=0,active=1,addr=localhost:5063
332079:M 02 Jan 2024 00:44:24.697 - Client closed connection id=10 addr=127.0.0.1:40456 laddr=127.0.0.1:5061 fd=13 name= age=0 idle=0 flags=N db=0 sub=0 psub=0 ssub=0 multi=-1 qbuf=0 qbuf-free=20474 argv-mem=0 multi-mem=0 rbs=16384 rbp=16384 obl=0 oll=0 omem=0 tot-mem=37760 events=r cmd=raft.node user=default redir=-1 resp=2 lib-name= lib-ver=
332079:M 02 Jan 2024 00:44:24.860 - Accepted 127.0.0.1:40468
332079:M 02 Jan 2024 00:44:24.889 - Accepted 127.0.0.1:40470
332079:M 02 Jan 2024 00:44:25.185 - Client closed connection id=12 addr=127.0.0.1:40470 laddr=127.0.0.1:5061 fd=15 name= age=1 idle=1 flags=N db=0 sub=0 psub=0 ssub=0 multi=-1 qbuf=0 qbuf-free=20474 argv-mem=0 multi-mem=0 rbs=1024 rbp=0 obl=0 oll=0 omem=0 tot-mem=22400 events=r cmd=auth user=default redir=-1 resp=2 lib-name= lib-ver=
332079:M 02 Jan 2024 00:44:25.308 * <raft> node:3 has sufficient logs, adding as voting node.
332079:signal-handler (1704152665) Received SIGINT scheduling shutdown...
332079:signal-handler (1704152665) You insist... exiting now.
333179:C 02 Jan 2024 00:44:26.755 # WARNING Memory overcommit must be enabled! Without it, a background save or replication may fail under low memory condition. Being disabled, it can also cause failures without low memory condition, see https://github.com/jemalloc/jemalloc/issues/1328. To fix this issue add 'vm.overcommit_memory = 1' to /etc/sysctl.conf and then reboot or run the command 'sysctl vm.overcommit_memory=1' for this to take effect.
333179:C 02 Jan 2024 00:44:26.755 * oO0OoO0OoO0Oo Redis is starting oO0OoO0OoO0Oo
333179:C 02 Jan 2024 00:44:26.755 * Redis version=255.255.255, bits=64, commit=e04ebdb8, modified=1, pid=333179, just started
333179:C 02 Jan 2024 00:44:26.755 * Configuration loaded
333179:M 02 Jan 2024 00:44:26.755 * monotonic clock: POSIX clock_gettime
333179:M 02 Jan 2024 00:44:26.756 * Running mode=standalone, port=5061.
333179:M 02 Jan 2024 00:44:26.763 * <raft> RedisRaft version 255.255.255 [b779b199]
333179:M 02 Jan 2024 00:44:26.767 * <raft> Initializing test network
333179:M 02 Jan 2024 00:44:26.768 * <raft> Created test network client
333179:M 02 Jan 2024 00:44:26.774 * <raft> Raft module loaded, state is 'loading'
333179:M 02 Jan 2024 00:44:26.774 * Module 'raft' loaded from /home/snagendra/Fuzzing/redisraft-fuzzing/redisraft.so
333179:M 02 Jan 2024 00:44:26.775 * Server initialized
333179:M 02 Jan 2024 00:44:26.775 . The AOF directory appendonlydir doesn't exist
333179:M 02 Jan 2024 00:44:26.775 * Ready to accept connections tcp
333179:M 02 Jan 2024 00:44:26.775 . 0 clients connected (0 replicas), 1746784 bytes in use
333179:M 02 Jan 2024 00:44:26.784 - Accepted 127.0.0.1:40592
333179:M 02 Jan 2024 00:44:26.784 # Missing implement of connection type tls
333179:M 02 Jan 2024 00:44:26.870 - Accepted 127.0.0.1:40596
333179:M 02 Jan 2024 00:44:26.874 * <raft> Loading: Redis loading complete, snapshot NOT LOADED
333179:M 02 Jan 2024 00:44:26.875 * <raft> Cluster Membership: term:0 index:0 nodes: id=1,voting=0,active=1,addr=-
333179:M 02 Jan 2024 00:44:26.875 * <raft> Test network starting message polling thread
333179:M 02 Jan 2024 00:44:26.875 * <raft> Cluster Membership: term:0 index:5 nodes: id=1,voting=1,active=1,addr=- id=2,voting=0,active=1,addr=localhost:5062
333179:M 02 Jan 2024 00:44:26.876 * <raft> Cluster Membership: term:0 index:5 nodes: id=1,voting=1,active=1,addr=- id=2,voting=0,active=1,addr=localhost:5062 id=3,voting=0,active=1,addr=localhost:5063
333179:M 02 Jan 2024 00:44:26.876 * <raft> Raft state after loading log: log_count=5, first_idx=1, current_idx=5, last_applied_idx=0
333179:M 02 Jan 2024 00:44:26.876 . <raft> Raft term=1, vote=-1
333179:M 02 Jan 2024 00:44:27.119 - Accepted 127.0.0.1:40606
333179:M 02 Jan 2024 00:44:27.226 - Client closed connection id=9 addr=127.0.0.1:40596 laddr=127.0.0.1:5061 fd=12 name= age=1 idle=1 flags=N db=0 sub=0 psub=0 ssub=0 multi=-1 qbuf=0 qbuf-free=20474 argv-mem=0 multi-mem=0 rbs=1024 rbp=0 obl=0 oll=0 omem=0 tot-mem=22400 events=r cmd=auth user=default redir=-1 resp=2 lib-name= lib-ver=
333179:M 02 Jan 2024 00:44:27.277 * <raft> State change: Election starting, node is now a pre-candidate, term 1
333179:M 02 Jan 2024 00:44:27.277 * <raft> Cluster Membership: term:1 index:5 nodes: id=1,voting=1,active=1,addr=- id=2,voting=0,active=1,addr=localhost:5062 id=3,voting=1,active=1,addr=localhost:5063
333179:M 02 Jan 2024 00:44:27.580 * <raft> State change: Election starting, node is now a pre-candidate, term 1
333179:M 02 Jan 2024 00:44:27.580 * <raft> Cluster Membership: term:1 index:5 nodes: id=1,voting=1,active=1,addr=- id=2,voting=0,active=1,addr=localhost:5062 id=3,voting=1,active=1,addr=localhost:5063
333179:signal-handler (1704152667) Received SIGINT scheduling shutdown...
333179:signal-handler (1704152667) You insist... exiting now.

----- Stderr -----
libgcov profiling error:/home/snagendra/Fuzzing/redisraft-fuzzing/build/deps/raft/CMakeFiles/raft.dir/src/raft_server_properties.c.gcda:Merge mismatch for function 20
libgcov profiling error:/home/snagendra/Fuzzing/redisraft-fuzzing/build/deps/raft/CMakeFiles/raft.dir/src/raft_server.c.gcda:Merge mismatch for function 12
libgcov profiling error:/home/snagendra/Fuzzing/redisraft-fuzzing/build/deps/raft/CMakeFiles/raft.dir/src/raft_server_properties.c.gcda:Merge mismatch for function 20
libgcov profiling error:/home/snagendra/Fuzzing/redisraft-fuzzing/build/deps/raft/CMakeFiles/raft.dir/src/raft_server.c.gcda:Merge mismatch for function 12



