logs for node: 1

----- Stdout -----
4033910:C 02 Jan 2024 00:24:36.199 # WARNING Memory overcommit must be enabled! Without it, a background save or replication may fail under low memory condition. Being disabled, it can also cause failures without low memory condition, see https://github.com/jemalloc/jemalloc/issues/1328. To fix this issue add 'vm.overcommit_memory = 1' to /etc/sysctl.conf and then reboot or run the command 'sysctl vm.overcommit_memory=1' for this to take effect.
4033910:C 02 Jan 2024 00:24:36.199 * oO0OoO0OoO0Oo Redis is starting oO0OoO0OoO0Oo
4033910:C 02 Jan 2024 00:24:36.199 * Redis version=255.255.255, bits=64, commit=e04ebdb8, modified=1, pid=4033910, just started
4033910:C 02 Jan 2024 00:24:36.199 * Configuration loaded
4033910:M 02 Jan 2024 00:24:36.199 * monotonic clock: POSIX clock_gettime
4033910:M 02 Jan 2024 00:24:36.200 * Running mode=standalone, port=5061.
4033910:M 02 Jan 2024 00:24:36.206 * <raft> RedisRaft version 255.255.255 [b779b199]
4033910:M 02 Jan 2024 00:24:36.212 * <raft> Initializing test network
4033910:M 02 Jan 2024 00:24:36.212 * <raft> Created test network client
4033910:M 02 Jan 2024 00:24:36.213 * <raft> Raft module loaded, state is 'uninitialized'
4033910:M 02 Jan 2024 00:24:36.213 * Module 'raft' loaded from /home/snagendra/Fuzzing/redisraft-fuzzing/redisraft.so
4033910:M 02 Jan 2024 00:24:36.214 * Server initialized
4033910:M 02 Jan 2024 00:24:36.214 . The AOF directory appendonlydir doesn't exist
4033910:M 02 Jan 2024 00:24:36.215 * Ready to accept connections tcp
4033910:M 02 Jan 2024 00:24:36.215 - Accepted 127.0.0.1:53724
4033910:M 02 Jan 2024 00:24:36.215 # Missing implement of connection type tls
4033910:M 02 Jan 2024 00:24:36.215 . 1 clients connected (0 replicas), 1743992 bytes in use
4033910:M 02 Jan 2024 00:24:36.221 * <raft> Cluster Membership: term:0 index:0 nodes: id=1,voting=0,active=1,addr=-
4033910:M 02 Jan 2024 00:24:36.226 * <raft> State change: Node is now a leader, term 1
4033910:M 02 Jan 2024 00:24:36.227 * <raft> Cluster Membership: term:1 index:1 nodes: id=1,voting=0,active=1,addr=-
4033910:M 02 Jan 2024 00:24:36.227 * <raft> Test network starting message polling thread
4033910:M 02 Jan 2024 00:24:36.227 * <raft> Raft Cluster initialized, node id: 1, dbid: 0c5cb279e12ba76d087bc28da77dc229
4033910:M 02 Jan 2024 00:24:36.344 - Accepted 127.0.0.1:53730
4033910:M 02 Jan 2024 00:24:36.345 * <raft> Cluster Membership: term:1 index:3 nodes: id=1,voting=1,active=1,addr=- id=2,voting=0,active=1,addr=localhost:5062
4033910:M 02 Jan 2024 00:24:36.352 - Client closed connection id=9 addr=127.0.0.1:53730 laddr=127.0.0.1:5061 fd=12 name= age=0 idle=0 flags=N db=0 sub=0 psub=0 ssub=0 multi=-1 qbuf=0 qbuf-free=20474 argv-mem=0 multi-mem=0 rbs=16384 rbp=16384 obl=0 oll=0 omem=0 tot-mem=37760 events=r cmd=raft.node user=default redir=-1 resp=2 lib-name= lib-ver=
4033910:M 02 Jan 2024 00:24:36.470 - Accepted 127.0.0.1:53744
4033910:M 02 Jan 2024 00:24:36.471 * <raft> Cluster Membership: term:1 index:4 nodes: id=1,voting=1,active=1,addr=- id=2,voting=0,active=1,addr=localhost:5062 id=3,voting=0,active=1,addr=localhost:5063
4033910:M 02 Jan 2024 00:24:36.482 - Client closed connection id=10 addr=127.0.0.1:53744 laddr=127.0.0.1:5061 fd=13 name= age=0 idle=0 flags=N db=0 sub=0 psub=0 ssub=0 multi=-1 qbuf=0 qbuf-free=20474 argv-mem=0 multi-mem=0 rbs=16384 rbp=16384 obl=0 oll=0 omem=0 tot-mem=37760 events=r cmd=raft.node user=default redir=-1 resp=2 lib-name= lib-ver=
4033910:M 02 Jan 2024 00:24:36.745 - Accepted 127.0.0.1:53748
4033910:M 02 Jan 2024 00:24:36.972 - Accepted 127.0.0.1:53754
4033910:signal-handler (1704151477) Received SIGINT scheduling shutdown...
4033910:signal-handler (1704151477) You insist... exiting now.
4034634:C 02 Jan 2024 00:24:38.091 # WARNING Memory overcommit must be enabled! Without it, a background save or replication may fail under low memory condition. Being disabled, it can also cause failures without low memory condition, see https://github.com/jemalloc/jemalloc/issues/1328. To fix this issue add 'vm.overcommit_memory = 1' to /etc/sysctl.conf and then reboot or run the command 'sysctl vm.overcommit_memory=1' for this to take effect.
4034634:C 02 Jan 2024 00:24:38.091 * oO0OoO0OoO0Oo Redis is starting oO0OoO0OoO0Oo
4034634:C 02 Jan 2024 00:24:38.091 * Redis version=255.255.255, bits=64, commit=e04ebdb8, modified=1, pid=4034634, just started
4034634:C 02 Jan 2024 00:24:38.091 * Configuration loaded
4034634:M 02 Jan 2024 00:24:38.092 * monotonic clock: POSIX clock_gettime
4034634:M 02 Jan 2024 00:24:38.092 * Running mode=standalone, port=5061.
4034634:M 02 Jan 2024 00:24:38.098 * <raft> RedisRaft version 255.255.255 [b779b199]
4034634:M 02 Jan 2024 00:24:38.103 * <raft> Initializing test network
4034634:M 02 Jan 2024 00:24:38.103 * <raft> Created test network client
4034634:M 02 Jan 2024 00:24:38.110 * <raft> Raft module loaded, state is 'loading'
4034634:M 02 Jan 2024 00:24:38.110 * Module 'raft' loaded from /home/snagendra/Fuzzing/redisraft-fuzzing/redisraft.so
4034634:M 02 Jan 2024 00:24:38.110 * Server initialized
4034634:M 02 Jan 2024 00:24:38.110 . The AOF directory appendonlydir doesn't exist
4034634:M 02 Jan 2024 00:24:38.110 * Ready to accept connections tcp
4034634:M 02 Jan 2024 00:24:38.111 . 0 clients connected (0 replicas), 1746784 bytes in use
4034634:M 02 Jan 2024 00:24:38.179 - Accepted 127.0.0.1:53828
4034634:M 02 Jan 2024 00:24:38.179 # Missing implement of connection type tls
4034634:M 02 Jan 2024 00:24:38.211 * <raft> Loading: Redis loading complete, snapshot NOT LOADED
4034634:M 02 Jan 2024 00:24:38.211 * <raft> Cluster Membership: term:0 index:0 nodes: id=1,voting=0,active=1,addr=-
4034634:M 02 Jan 2024 00:24:38.211 * <raft> Test network starting message polling thread
4034634:M 02 Jan 2024 00:24:38.211 * <raft> Raft state after loading log: log_count=6, first_idx=1, current_idx=6, last_applied_idx=0
4034634:M 02 Jan 2024 00:24:38.211 . <raft> Raft term=1, vote=-1
4034634:M 02 Jan 2024 00:24:38.220 * <raft> State change: Node is now a leader, term 2
4034634:M 02 Jan 2024 00:24:38.220 * <raft> Cluster Membership: term:2 index:7 nodes: id=1,voting=1,active=1,addr=-


=== REDIS BUG REPORT START: Cut & paste starting from here ===
4034634:M 02 Jan 2024 00:24:38.220 # Redis 255.255.255 crashed by signal: 11, si_code: 1
4034634:M 02 Jan 2024 00:24:38.220 # Accessing address: 0x30
4034634:M 02 Jan 2024 00:24:38.220 # Crashed running the instruction at: 0x7fc93c970cb0

------ STACK TRACE ------
EIP:
/home/snagendra/Fuzzing/redisraft-fuzzing/redisraft.so(raft_node_set_addition_committed+0x0)[0x7fc93c970cb0]

Backtrace:
/lib/x86_64-linux-gnu/libc.so.6(+0x3bfd0)[0x7fc93c9f8fd0]
/home/snagendra/Fuzzing/redisraft-fuzzing/redisraft.so(raft_node_set_addition_committed+0x0)[0x7fc93c970cb0]
/home/snagendra/Fuzzing/redisraft-fuzzing/redisraft.so(raft_handle_apply_cfg_change+0xa5)[0x7fc93c96c425]
/home/snagendra/Fuzzing/redisraft-fuzzing/redisraft.so(raft_apply_entry+0x136)[0x7fc93c96d5a6]
/home/snagendra/Fuzzing/redisraft-fuzzing/redisraft.so(raft_apply_all+0x3e)[0x7fc93c96d66e]
/home/snagendra/Fuzzing/redisraft-fuzzing/redisraft.so(raft_exec_operations+0x4b)[0x7fc93c96f78b]
/home/snagendra/Fuzzing/redisraft-fuzzing/redisraft.so(raft_flush+0x38)[0x7fc93c96f808]
/home/snagendra/Fuzzing/redisraft-fuzzing/redisraft.so(handleBeforeSleep+0x67)[0x7fc93c95e7d7]
/home/snagendra/Fuzzing/redis/src/redis-server 0.0.0.0:5061(moduleFireServerEvent+0x1f5)[0x55859da13f05]
/home/snagendra/Fuzzing/redis/src/redis-server 0.0.0.0:5061(beforeSleep+0x416)[0x55859d922c56]
/home/snagendra/Fuzzing/redis/src/redis-server 0.0.0.0:5061(aeMain+0x2e)[0x55859d91db1e]
/home/snagendra/Fuzzing/redis/src/redis-server 0.0.0.0:5061(main+0x3cd)[0x55859d912e2d]
/lib/x86_64-linux-gnu/libc.so.6(+0x271ca)[0x7fc93c9e41ca]
/lib/x86_64-linux-gnu/libc.so.6(__libc_start_main+0x85)[0x7fc93c9e4285]
/home/snagendra/Fuzzing/redis/src/redis-server 0.0.0.0:5061(_start+0x2a)[0x55859d9135aa]

------ REGISTERS ------
4034634:M 02 Jan 2024 00:24:38.221 # 
RAX:0000000000000001 RBX:00007fc93a7b7800
RCX:0000000000000003 RDX:00007fc93a7afe40
RDI:0000000000000000 RSI:0000000000000001
RBP:00007fc93a7afe40 RSP:00007ffd40d61888
R8 :0000000000000108 R9 :0000000000000000
R10:00007fc93cb39ac0 R11:00007fc93cb3a3c0
R12:0000000000000000 R13:0000000000000000
R14:0000000000000000 R15:0000000000000001
RIP:00007fc93c970cb0 EFL:0000000000010202
CSGSFS:002b000000000033
4034634:M 02 Jan 2024 00:24:38.221 # (00007ffd40d61897) -> 00007ffd40d61950
4034634:M 02 Jan 2024 00:24:38.221 # (00007ffd40d61896) -> 00007fc93a7b7800
4034634:M 02 Jan 2024 00:24:38.221 # (00007ffd40d61895) -> 00007ffd40d61950
4034634:M 02 Jan 2024 00:24:38.221 # (00007ffd40d61894) -> 00007fc93c96f78b
4034634:M 02 Jan 2024 00:24:38.221 # (00007ffd40d61893) -> 00007fc93a7b7800
4034634:M 02 Jan 2024 00:24:38.221 # (00007ffd40d61892) -> 00007fc93c96d66e
4034634:M 02 Jan 2024 00:24:38.221 # (00007ffd40d61891) -> 0000000000000001
4034634:M 02 Jan 2024 00:24:38.221 # (00007ffd40d61890) -> 00007ffd40d61950
4034634:M 02 Jan 2024 00:24:38.221 # (00007ffd40d6188f) -> 00007fc93a7b7800
4034634:M 02 Jan 2024 00:24:38.221 # (00007ffd40d6188e) -> 000000003615bcf6
4034634:M 02 Jan 2024 00:24:38.221 # (00007ffd40d6188d) -> 00000000000d9bdb
4034634:M 02 Jan 2024 00:24:38.221 # (00007ffd40d6188c) -> 00007fc93c96d5a6
4034634:M 02 Jan 2024 00:24:38.221 # (00007ffd40d6188b) -> 0000000000000003
4034634:M 02 Jan 2024 00:24:38.221 # (00007ffd40d6188a) -> 00007fc93a7afe40
4034634:M 02 Jan 2024 00:24:38.221 # (00007ffd40d61889) -> 00007fc93a7b7800
4034634:M 02 Jan 2024 00:24:38.221 # (00007ffd40d61888) -> 00007fc93c96c425

------ INFO OUTPUT ------
# Server
redis_version:255.255.255
redis_git_sha1:e04ebdb8
redis_git_dirty:1
redis_build_id:1f78dcc7b4fbdd25
redis_mode:standalone
os:Linux 6.1.60.1.amd64-smp x86_64
arch_bits:64
monotonic_clock:POSIX clock_gettime
multiplexing_api:epoll
atomicvar_api:c11-builtin
gcc_version:10.2.1
process_id:4034634
process_supervised:no
run_id:0e5ec7041733a1a6805c71bc4b9afc241e9bc0ae
tcp_port:5061
server_time_usec:1704151478220833
uptime_in_seconds:0
uptime_in_days:0
hz:10
configured_hz:10
lru_clock:9652662
executable:/home/snagendra/Fuzzing/redis/src/redis-server
config_file:
io_threads_active:0
listener0:name=tcp,bind=0.0.0.0,port=5061

# Clients
connected_clients:1
cluster_connections:0
maxclients:10000
client_recent_max_input_buffer:20480
client_recent_max_output_buffer:0
blocked_clients:0
tracking_clients:0
clients_in_timeout_table:0
total_blocking_keys:0
total_blocking_keys_on_nokey:0

# Memory
used_memory:1817296
used_memory_human:1.73M
used_memory_rss:18161664
used_memory_rss_human:17.32M
used_memory_peak:1817296
used_memory_peak_human:1.73M
used_memory_peak_perc:100.12%
used_memory_overhead:1784584
used_memory_startup:1746640
used_memory_dataset:32712
used_memory_dataset_perc:46.30%
allocator_allocated:2220152
allocator_active:2768896
allocator_resident:11038720
total_system_memory:270388695040
total_system_memory_human:251.82G
used_memory_lua:31744
used_memory_vm_eval:31744
used_memory_lua_human:31.00K
used_memory_scripts_eval:0
number_of_cached_scripts:0
number_of_functions:0
number_of_libraries:0
used_memory_vm_functions:32768
used_memory_vm_total:64512
used_memory_vm_total_human:63.00K
used_memory_functions:184
used_memory_scripts:184
used_memory_scripts_human:184B
maxmemory:0
maxmemory_human:0B
maxmemory_policy:noeviction
allocator_frag_ratio:1.25
allocator_frag_bytes:548744
allocator_rss_ratio:3.99
allocator_rss_bytes:8269824
rss_overhead_ratio:1.65
rss_overhead_bytes:7122944
mem_fragmentation_ratio:10.01
mem_fragmentation_bytes:16346592
mem_not_counted_for_evict:0
mem_replication_backlog:0
mem_total_replication_buffers:0
mem_clients_slaves:0
mem_clients_normal:37760
mem_cluster_links:0
mem_aof_buffer:0
mem_allocator:jemalloc-5.3.0
active_defrag_running:0
lazyfree_pending_objects:0
lazyfreed_objects:0

# Persistence
loading:0
async_loading:0
current_cow_peak:0
current_cow_size:0
current_cow_size_age:0
current_fork_perc:0.00
current_save_keys_processed:0
current_save_keys_total:0
rdb_changes_since_last_save:0
rdb_bgsave_in_progress:0
rdb_last_save_time:1704151478
rdb_last_bgsave_status:ok
rdb_last_bgsave_time_sec:-1
rdb_current_bgsave_time_sec:-1
rdb_saves:0
rdb_last_cow_size:0
rdb_last_load_keys_expired:0
rdb_last_load_keys_loaded:0
aof_enabled:0
aof_rewrite_in_progress:0
aof_rewrite_scheduled:0
aof_last_rewrite_time_sec:-1
aof_current_rewrite_time_sec:-1
aof_last_bgrewrite_status:ok
aof_rewrites:0
aof_rewrites_consecutive_failures:0
aof_last_write_status:ok
aof_last_cow_size:0
module_fork_in_progress:0
module_fork_last_cow_size:0

# Stats
total_connections_received:1
total_commands_processed:7
instantaneous_ops_per_sec:21
total_net_input_bytes:33
total_net_output_bytes:5
total_net_repl_input_bytes:0
total_net_repl_output_bytes:0
instantaneous_input_kbps:0.02
instantaneous_output_kbps:0.00
instantaneous_input_repl_kbps:0.00
instantaneous_output_repl_kbps:0.00
rejected_connections:0
sync_full:0
sync_partial_ok:0
sync_partial_err:0
expired_keys:0
expired_stale_perc:0.00
expired_time_cap_reached_count:0
expire_cycle_cpu_milliseconds:0
evicted_keys:0
evicted_clients:0
total_eviction_exceeded_time:0
current_eviction_exceeded_time:0
keyspace_hits:0
keyspace_misses:0
pubsub_channels:0
pubsub_patterns:0
pubsubshard_channels:0
latest_fork_usec:0
total_forks:0
migrate_cached_sockets:0
slave_expires_tracked_keys:0
active_defrag_hits:0
active_defrag_misses:0
active_defrag_key_hits:0
active_defrag_key_misses:0
total_active_defrag_time:0
current_active_defrag_time:0
tracking_total_keys:0
tracking_total_items:0
tracking_total_prefixes:0
unexpected_error_replies:0
total_error_replies:0
dump_payload_sanitizations:0
total_reads_processed:1
total_writes_processed:1
io_threaded_reads_processed:0
io_threaded_writes_processed:0
reply_buffer_shrinks:0
reply_buffer_expands:0
acl_access_denied_auth:0
acl_access_denied_cmd:0
acl_access_denied_key:0
acl_access_denied_channel:0

# Replication
role:master
connected_slaves:0
master_failover_state:no-failover
master_replid:6da202f68f142ec77bac67db89aaed8f84675f18
master_replid2:0000000000000000000000000000000000000000
master_repl_offset:0
second_repl_offset:-1
repl_backlog_active:0
repl_backlog_size:1048576
repl_backlog_first_byte_offset:0
repl_backlog_histlen:0

# CPU
used_cpu_sys:0.009737
used_cpu_user:0.010689
used_cpu_sys_children:0.000000
used_cpu_user_children:0.000000
used_cpu_sys_main_thread:0.006837
used_cpu_user_main_thread:0.010255

# Modules
module:name=raft,ver=1,api=1,filters=1,usedby=[],using=[],options=[]

# Commandstats
cmdstat_config|get:calls=3,usec=5,usec_per_call=1.67,rejected_calls=0,failed_calls=0
cmdstat_config|set:calls=1,usec=10,usec_per_call=10.00,rejected_calls=0,failed_calls=0
cmdstat_auth:calls=1,usec=2,usec_per_call=2.00,rejected_calls=0,failed_calls=0
cmdstat_command:calls=2,usec=1486,usec_per_call=743.00,rejected_calls=0,failed_calls=0

# Errorstats

# Latencystats
latency_percentiles_usec_config|get:p50=2.007,p99=2.007,p99.9=2.007
latency_percentiles_usec_config|set:p50=10.047,p99=10.047,p99.9=10.047
latency_percentiles_usec_auth:p50=2.007,p99=2.007,p99.9=2.007
latency_percentiles_usec_command:p50=720.895,p99=770.047,p99.9=770.047

# Cluster
cluster_enabled:0

# Keyspace

------ CLIENT LIST OUTPUT ------
id=8 addr=127.0.0.1:53828 laddr=127.0.0.1:5061 fd=11 name= age=0 idle=0 flags=N db=0 sub=0 psub=0 ssub=0 multi=-1 qbuf=0 qbuf-free=20474 argv-mem=0 multi-mem=0 rbs=16384 rbp=0 obl=0 oll=0 omem=0 tot-mem=37760 events=r cmd=auth user=default redir=-1 resp=2 lib-name= lib-ver=

------ MODULES INFO OUTPUT ------
# raft_version
raft_version:255.255.255
raft_git_sha1:b779b199

# raft_general
raft_dbid:0c5cb279e12ba76d087bc28da77dc229
raft_node_id:1
raft_state:up
raft_role:leader
raft_is_voting:yes
raft_voted_for:-1
raft_leader_id:1
raft_current_term:2
raft_num_nodes:1
raft_num_voting_nodes:1

# raft_log
raft_log_entries:7
raft_current_index:7
raft_commit_index:7
raft_last_applied_index:3
raft_file_size:1473
raft_cache_memory_size:56
raft_cache_entries:1
raft_client_attached_entries:0
raft_fsync_count:1
raft_fsync_max_microseconds:7
raft_entry1:term=1,id=0,data_len=0
raft_entry2:term=1,id=789712113,data_len=264
raft_entry3:term=1,id=1946391106,data_len=264
raft_entry4:term=1,id=106804359,data_len=264
raft_entry5:term=1,id=1186611807,data_len=35
raft_entry6:term=1,id=1419192730,data_len=35
raft_fsync_avg_microseconds:7

# raft_snapshot
raft_snapshot_filename:redis1.rdb
raft_snapshot_last_idx:0
raft_snapshot_last_term:0
raft_snapshot_size:0
raft_snapshot_time_secs:-1
raft_snapshots_created:0
raft_snapshots_received:0
raft_snapshot_in_progress:no
raft_snapshot_in_progress_last_idx:-1
raft_snapshot_in_progress_last_term:-1

# raft_clients
raft_proxy_reqs:0
raft_proxy_failed_reqs:0
raft_proxy_failed_responses:0
raft_proxy_outstanding_reqs:0

# raft_stats
raft_appendreq_received:0
raft_appendreq_with_entry_received:0
raft_snapshotreq_received:0
raft_exec_throttled:0
raft_num_sessions:0

------ CONFIG DEBUG OUTPUT ------
client-query-buffer-limit 1gb
sanitize-dump-payload no
repl-diskless-load disabled
lazyfree-lazy-user-flush no
slave-read-only yes
list-compress-depth 0
repl-diskless-sync yes
io-threads 1
io-threads-do-reads no
lazyfree-lazy-expire no
activedefrag no
lazyfree-lazy-user-del no
lazyfree-lazy-eviction no
replica-read-only yes
lazyfree-lazy-server-del no
proto-max-bulk-len 512mb

------ FAST MEMORY TEST ------
4034634:M 02 Jan 2024 00:24:38.221 # Bio worker thread #0 terminated
4034634:M 02 Jan 2024 00:24:38.221 # Bio worker thread #1 terminated
4034634:M 02 Jan 2024 00:24:38.222 # Bio worker thread #2 terminated
*** Preparing to test memory region 55859dbe9000 (2273280 bytes)
*** Preparing to test memory region 55859e507000 (405504 bytes)
*** Preparing to test memory region 7fc918000000 (135168 bytes)
*** Preparing to test memory region 7fc91c000000 (135168 bytes)
*** Preparing to test memory region 7fc920000000 (135168 bytes)
*** Preparing to test memory region 7fc926ffe000 (8388608 bytes)
*** Preparing to test memory region 7fc928000000 (135168 bytes)
*** Preparing to test memory region 7fc92e7fd000 (8388608 bytes)
*** Preparing to test memory region 7fc92effe000 (8388608 bytes)
*** Preparing to test memory region 7fc930000000 (8388608 bytes)
*** Preparing to test memory region 7fc930800000 (6291456 bytes)
*** Preparing to test memory region 7fc930ffb000 (8388608 bytes)
*** Preparing to test memory region 7fc9317fc000 (8388608 bytes)
*** Preparing to test memory region 7fc931ffd000 (8388608 bytes)
*** Preparing to test memory region 7fc9327fe000 (8388608 bytes)
*** Preparing to test memory region 7fc932fff000 (8388608 bytes)
*** Preparing to test memory region 7fc933800000 (8388608 bytes)
*** Preparing to test memory region 7fc934000000 (135168 bytes)
*** Preparing to test memory region 7fc938200000 (4194304 bytes)
*** Preparing to test memory region 7fc93871e000 (8388608 bytes)
*** Preparing to test memory region 7fc938f1f000 (8388608 bytes)
*** Preparing to test memory region 7fc939720000 (8388608 bytes)
*** Preparing to test memory region 7fc939f21000 (8388608 bytes)
*** Preparing to test memory region 7fc93a721000 (2621440 bytes)
*** Preparing to test memory region 7fc93a9b0000 (8192 bytes)
*** Preparing to test memory region 7fc93b07f000 (12288 bytes)
*** Preparing to test memory region 7fc93b618000 (16384 bytes)
*** Preparing to test memory region 7fc93b6cd000 (8192 bytes)
*** Preparing to test memory region 7fc93c000000 (8388608 bytes)
*** Preparing to test memory region 7fc93c85d000 (4096 bytes)
*** Preparing to test memory region 7fc93c92e000 (8192 bytes)
*** Preparing to test memory region 7fc93c9b2000 (45056 bytes)
*** Preparing to test memory region 7fc93cb91000 (53248 bytes)
*** Preparing to test memory region 7fc93ccae000 (8192 bytes)
.O.O.O.O.O.O.O.O.O.O.O.O.O.O.O.O.O.O.4035162:C 02 Jan 2024 00:24:39.268 # WARNING Memory overcommit must be enabled! Without it, a background save or replication may fail under low memory condition. Being disabled, it can also cause failures without low memory condition, see https://github.com/jemalloc/jemalloc/issues/1328. To fix this issue add 'vm.overcommit_memory = 1' to /etc/sysctl.conf and then reboot or run the command 'sysctl vm.overcommit_memory=1' for this to take effect.
4035162:C 02 Jan 2024 00:24:39.268 * oO0OoO0OoO0Oo Redis is starting oO0OoO0OoO0Oo
4035162:C 02 Jan 2024 00:24:39.268 * Redis version=255.255.255, bits=64, commit=e04ebdb8, modified=1, pid=4035162, just started
4035162:C 02 Jan 2024 00:24:39.268 * Configuration loaded
4035162:M 02 Jan 2024 00:24:39.268 * monotonic clock: POSIX clock_gettime
4035162:M 02 Jan 2024 00:24:39.269 * Running mode=standalone, port=5061.
4035162:M 02 Jan 2024 00:24:39.276 * <raft> RedisRaft version 255.255.255 [b779b199]
4035162:M 02 Jan 2024 00:24:39.280 * <raft> Initializing test network
4035162:M 02 Jan 2024 00:24:39.281 * <raft> Created test network client
4035162:M 02 Jan 2024 00:24:39.286 * <raft> Raft module loaded, state is 'loading'
4035162:M 02 Jan 2024 00:24:39.286 * Module 'raft' loaded from /home/snagendra/Fuzzing/redisraft-fuzzing/redisraft.so
4035162:M 02 Jan 2024 00:24:39.286 * Server initialized
4035162:M 02 Jan 2024 00:24:39.286 . The AOF directory appendonlydir doesn't exist
4035162:M 02 Jan 2024 00:24:39.286 * Ready to accept connections tcp
4035162:M 02 Jan 2024 00:24:39.286 . 0 clients connected (0 replicas), 1746688 bytes in use
4035162:M 02 Jan 2024 00:24:39.327 - Accepted 127.0.0.1:53960
4035162:M 02 Jan 2024 00:24:39.327 # Missing implement of connection type tls
4035162:M 02 Jan 2024 00:24:39.334 - Accepted 127.0.0.1:53970
4035162:M 02 Jan 2024 00:24:39.386 * <raft> Loading: Redis loading complete, snapshot NOT LOADED
4035162:M 02 Jan 2024 00:24:39.387 * <raft> Cluster Membership: term:0 index:0 nodes: id=1,voting=0,active=1,addr=-
4035162:M 02 Jan 2024 00:24:39.387 * <raft> Test network starting message polling thread
4035162:M 02 Jan 2024 00:24:39.387 * <raft> Cluster Membership: term:0 index:7 nodes: id=1,voting=1,active=1,addr=- id=2,voting=0,active=1,addr=localhost:5062
4035162:M 02 Jan 2024 00:24:39.388 * <raft> Cluster Membership: term:0 index:7 nodes: id=1,voting=1,active=1,addr=- id=2,voting=0,active=1,addr=localhost:5062 id=3,voting=0,active=1,addr=localhost:5063
4035162:M 02 Jan 2024 00:24:39.388 * <raft> Raft state after loading log: log_count=7, first_idx=1, current_idx=7, last_applied_idx=0
4035162:M 02 Jan 2024 00:24:39.388 . <raft> Raft term=2, vote=-1
4035162:M 02 Jan 2024 00:24:39.394 * <raft> State change: Node is now a leader, term 3
4035162:M 02 Jan 2024 00:24:39.394 * <raft> Cluster Membership: term:3 index:8 nodes: id=1,voting=1,active=1,addr=- id=2,voting=0,active=1,addr=localhost:5062 id=3,voting=0,active=1,addr=localhost:5063
4035162:M 02 Jan 2024 00:24:39.433 - Client closed connection id=9 addr=127.0.0.1:53970 laddr=127.0.0.1:5061 fd=12 name= age=0 idle=0 flags=N db=0 sub=0 psub=0 ssub=0 multi=-1 qbuf=0 qbuf-free=20474 argv-mem=0 multi-mem=0 rbs=16384 rbp=0 obl=0 oll=0 omem=0 tot-mem=37760 events=r cmd=auth user=default redir=-1 resp=2 lib-name= lib-ver=
4035162:M 02 Jan 2024 00:24:39.697 # <raft> Redis connection authentication failed: connection died
4035162:signal-handler (1704151479) Received SIGINT scheduling shutdown...
4035162:signal-handler (1704151479) You insist... exiting now.

----- Stderr -----
libgcov profiling error:/home/snagendra/Fuzzing/redisraft-fuzzing/build/deps/raft/CMakeFiles/raft.dir/src/raft_server_properties.c.gcda:Merge mismatch for function 20
libgcov profiling error:/home/snagendra/Fuzzing/redisraft-fuzzing/build/deps/raft/CMakeFiles/raft.dir/src/raft_server.c.gcda:Merge mismatch for function 12
libgcov profiling error:/home/snagendra/Fuzzing/redisraft-fuzzing/build/deps/raft/CMakeFiles/raft.dir/src/raft_server_properties.c.gcda:Merge mismatch for function 20
libgcov profiling error:/home/snagendra/Fuzzing/redisraft-fuzzing/build/deps/raft/CMakeFiles/raft.dir/src/raft_server.c.gcda:Merge mismatch for function 12




logs for node: 2

----- Stdout -----
4033945:C 02 Jan 2024 00:24:36.230 # WARNING Memory overcommit must be enabled! Without it, a background save or replication may fail under low memory condition. Being disabled, it can also cause failures without low memory condition, see https://github.com/jemalloc/jemalloc/issues/1328. To fix this issue add 'vm.overcommit_memory = 1' to /etc/sysctl.conf and then reboot or run the command 'sysctl vm.overcommit_memory=1' for this to take effect.
4033945:C 02 Jan 2024 00:24:36.230 * oO0OoO0OoO0Oo Redis is starting oO0OoO0OoO0Oo
4033945:C 02 Jan 2024 00:24:36.230 * Redis version=255.255.255, bits=64, commit=e04ebdb8, modified=1, pid=4033945, just started
4033945:C 02 Jan 2024 00:24:36.230 * Configuration loaded
4033945:M 02 Jan 2024 00:24:36.230 * monotonic clock: POSIX clock_gettime
4033945:M 02 Jan 2024 00:24:36.231 * Running mode=standalone, port=5062.
4033945:M 02 Jan 2024 00:24:36.237 * <raft> RedisRaft version 255.255.255 [b779b199]
4033945:M 02 Jan 2024 00:24:36.242 * <raft> Initializing test network
4033945:M 02 Jan 2024 00:24:36.242 * <raft> Created test network client
4033945:M 02 Jan 2024 00:24:36.243 * <raft> Raft module loaded, state is 'uninitialized'
4033945:M 02 Jan 2024 00:24:36.243 * Module 'raft' loaded from /home/snagendra/Fuzzing/redisraft-fuzzing/redisraft.so
4033945:M 02 Jan 2024 00:24:36.244 * Server initialized
4033945:M 02 Jan 2024 00:24:36.244 . The AOF directory appendonlydir doesn't exist
4033945:M 02 Jan 2024 00:24:36.245 * Ready to accept connections tcp
4033945:M 02 Jan 2024 00:24:36.245 - Accepted 127.0.0.1:54946
4033945:M 02 Jan 2024 00:24:36.245 # Missing implement of connection type tls
4033945:M 02 Jan 2024 00:24:36.245 . 1 clients connected (0 replicas), 1744056 bytes in use
4033945:M 02 Jan 2024 00:24:36.343 - <raft> join cluster, connecting to localhost:5061
4033945:M 02 Jan 2024 00:24:36.345 * <raft> Joined Raft cluster, node id: 2, dbid: 0c5cb279e12ba76d087bc28da77dc229
4033945:M 02 Jan 2024 00:24:36.352 * <raft> Cluster Membership: term:0 index:0 nodes: id=2,voting=0,active=1,addr=-
4033945:M 02 Jan 2024 00:24:36.352 * <raft> Test network starting message polling thread
4033945:M 02 Jan 2024 00:24:36.415 - Accepted 127.0.0.1:54952
4033945:M 02 Jan 2024 00:24:36.673 * <raft> Cluster Membership: term:1 index:2 nodes: id=2,voting=0,active=1,addr=- id=1,voting=1,active=1,addr=localhost:5061
4033945:M 02 Jan 2024 00:24:36.972 - Accepted 127.0.0.1:54962
4033945:M 02 Jan 2024 00:24:37.046 * <raft> State change: Election starting, node is now a pre-candidate, term 1
4033945:M 02 Jan 2024 00:24:37.046 * <raft> Cluster Membership: term:1 index:3 nodes: id=2,voting=0,active=1,addr=- id=1,voting=1,active=1,addr=localhost:5061
4033945:M 02 Jan 2024 00:24:37.270 - Client closed connection id=9 addr=127.0.0.1:54952 laddr=127.0.0.1:5062 fd=10 name= age=1 idle=1 flags=N db=0 sub=0 psub=0 ssub=0 multi=-1 qbuf=0 qbuf-free=20474 argv-mem=0 multi-mem=0 rbs=1024 rbp=0 obl=0 oll=0 omem=0 tot-mem=22400 events=r cmd=auth user=default redir=-1 resp=2 lib-name= lib-ver=
4033945:signal-handler (1704151477) Received SIGINT scheduling shutdown...
4033945:signal-handler (1704151477) You insist... exiting now.
4034660:C 02 Jan 2024 00:24:38.122 # WARNING Memory overcommit must be enabled! Without it, a background save or replication may fail under low memory condition. Being disabled, it can also cause failures without low memory condition, see https://github.com/jemalloc/jemalloc/issues/1328. To fix this issue add 'vm.overcommit_memory = 1' to /etc/sysctl.conf and then reboot or run the command 'sysctl vm.overcommit_memory=1' for this to take effect.
4034660:C 02 Jan 2024 00:24:38.123 * oO0OoO0OoO0Oo Redis is starting oO0OoO0OoO0Oo
4034660:C 02 Jan 2024 00:24:38.123 * Redis version=255.255.255, bits=64, commit=e04ebdb8, modified=1, pid=4034660, just started
4034660:C 02 Jan 2024 00:24:38.123 * Configuration loaded
4034660:M 02 Jan 2024 00:24:38.123 * monotonic clock: POSIX clock_gettime
4034660:M 02 Jan 2024 00:24:38.123 * Running mode=standalone, port=5062.
4034660:M 02 Jan 2024 00:24:38.130 * <raft> RedisRaft version 255.255.255 [b779b199]
4034660:M 02 Jan 2024 00:24:38.135 * <raft> Initializing test network
4034660:M 02 Jan 2024 00:24:38.135 * <raft> Created test network client
4034660:M 02 Jan 2024 00:24:38.141 * <raft> Raft module loaded, state is 'loading'
4034660:M 02 Jan 2024 00:24:38.141 * Module 'raft' loaded from /home/snagendra/Fuzzing/redisraft-fuzzing/redisraft.so
4034660:M 02 Jan 2024 00:24:38.141 * Server initialized
4034660:M 02 Jan 2024 00:24:38.141 . The AOF directory appendonlydir doesn't exist
4034660:M 02 Jan 2024 00:24:38.141 * Ready to accept connections tcp
4034660:M 02 Jan 2024 00:24:38.141 . 0 clients connected (0 replicas), 1746784 bytes in use
4034660:M 02 Jan 2024 00:24:38.179 - Accepted 127.0.0.1:55028
4034660:M 02 Jan 2024 00:24:38.179 # Missing implement of connection type tls
4034660:M 02 Jan 2024 00:24:38.240 * <raft> Loading: Redis loading complete, snapshot NOT LOADED
4034660:M 02 Jan 2024 00:24:38.241 * <raft> Cluster Membership: term:0 index:0 nodes: id=2,voting=0,active=1,addr=-
4034660:M 02 Jan 2024 00:24:38.241 * <raft> Test network starting message polling thread
4034660:M 02 Jan 2024 00:24:38.242 * <raft> Cluster Membership: term:0 index:3 nodes: id=2,voting=0,active=1,addr=- id=1,voting=1,active=1,addr=localhost:5061
4034660:M 02 Jan 2024 00:24:38.242 * <raft> Raft state after loading log: log_count=3, first_idx=1, current_idx=3, last_applied_idx=0
4034660:M 02 Jan 2024 00:24:38.242 . <raft> Raft term=1, vote=-1
4034660:signal-handler (1704151478) Received SIGINT scheduling shutdown...
4034660:signal-handler (1704151478) You insist... exiting now.
4034660:M 02 Jan 2024 00:24:38.342 * User requested shutdown...
4034660:M 02 Jan 2024 00:24:38.342 # Redis is now ready to exit, bye bye...
4034945:C 02 Jan 2024 00:24:38.807 # WARNING Memory overcommit must be enabled! Without it, a background save or replication may fail under low memory condition. Being disabled, it can also cause failures without low memory condition, see https://github.com/jemalloc/jemalloc/issues/1328. To fix this issue add 'vm.overcommit_memory = 1' to /etc/sysctl.conf and then reboot or run the command 'sysctl vm.overcommit_memory=1' for this to take effect.
4034945:C 02 Jan 2024 00:24:38.807 * oO0OoO0OoO0Oo Redis is starting oO0OoO0OoO0Oo
4034945:C 02 Jan 2024 00:24:38.807 * Redis version=255.255.255, bits=64, commit=e04ebdb8, modified=1, pid=4034945, just started
4034945:C 02 Jan 2024 00:24:38.807 * Configuration loaded
4034945:M 02 Jan 2024 00:24:38.808 * monotonic clock: POSIX clock_gettime
4034945:M 02 Jan 2024 00:24:38.808 * Running mode=standalone, port=5062.
4034945:M 02 Jan 2024 00:24:38.814 * <raft> RedisRaft version 255.255.255 [b779b199]
4034945:M 02 Jan 2024 00:24:38.819 * <raft> Initializing test network
4034945:M 02 Jan 2024 00:24:38.819 * <raft> Created test network client
4034945:M 02 Jan 2024 00:24:38.829 * <raft> Raft module loaded, state is 'loading'
4034945:M 02 Jan 2024 00:24:38.829 * Module 'raft' loaded from /home/snagendra/Fuzzing/redisraft-fuzzing/redisraft.so
4034945:M 02 Jan 2024 00:24:38.830 * Server initialized
4034945:M 02 Jan 2024 00:24:38.830 . The AOF directory appendonlydir doesn't exist
4034945:M 02 Jan 2024 00:24:38.830 * Ready to accept connections tcp
4034945:M 02 Jan 2024 00:24:38.830 . 0 clients connected (0 replicas), 1746688 bytes in use
4034945:M 02 Jan 2024 00:24:38.884 - Accepted 127.0.0.1:55094
4034945:M 02 Jan 2024 00:24:38.884 # Missing implement of connection type tls
4034945:M 02 Jan 2024 00:24:38.930 - Client closed connection id=8 addr=127.0.0.1:55094 laddr=127.0.0.1:5062 fd=11 name= age=0 idle=0 flags=N db=0 sub=0 psub=0 ssub=0 multi=-1 qbuf=0 qbuf-free=20474 argv-mem=0 multi-mem=0 rbs=16384 rbp=16384 obl=0 oll=0 omem=0 tot-mem=37760 events=r cmd=auth user=default redir=-1 resp=2 lib-name= lib-ver=
4034945:M 02 Jan 2024 00:24:38.930 * <raft> Loading: Redis loading complete, snapshot NOT LOADED
4034945:M 02 Jan 2024 00:24:38.930 * <raft> Cluster Membership: term:0 index:0 nodes: id=2,voting=0,active=1,addr=-
4034945:M 02 Jan 2024 00:24:38.931 * <raft> Test network starting message polling thread
4034945:M 02 Jan 2024 00:24:38.931 * <raft> Cluster Membership: term:0 index:3 nodes: id=2,voting=0,active=1,addr=- id=1,voting=1,active=1,addr=localhost:5061
4034945:M 02 Jan 2024 00:24:38.931 * <raft> Raft state after loading log: log_count=3, first_idx=1, current_idx=3, last_applied_idx=0
4034945:M 02 Jan 2024 00:24:38.931 . <raft> Raft term=1, vote=-1
4034945:M 02 Jan 2024 00:24:39.332 * <raft> State change: Election starting, node is now a pre-candidate, term 1
4034945:M 02 Jan 2024 00:24:39.332 * <raft> Cluster Membership: term:1 index:3 nodes: id=2,voting=0,active=1,addr=- id=1,voting=1,active=1,addr=localhost:5061
4034945:M 02 Jan 2024 00:24:39.395 - Accepted 127.0.0.1:55098
4034945:signal-handler (1704151479) Received SIGINT scheduling shutdown...
4034945:signal-handler (1704151479) You insist... exiting now.
4035346:C 02 Jan 2024 00:24:39.619 # WARNING Memory overcommit must be enabled! Without it, a background save or replication may fail under low memory condition. Being disabled, it can also cause failures without low memory condition, see https://github.com/jemalloc/jemalloc/issues/1328. To fix this issue add 'vm.overcommit_memory = 1' to /etc/sysctl.conf and then reboot or run the command 'sysctl vm.overcommit_memory=1' for this to take effect.
4035346:C 02 Jan 2024 00:24:39.619 * oO0OoO0OoO0Oo Redis is starting oO0OoO0OoO0Oo
4035346:C 02 Jan 2024 00:24:39.619 * Redis version=255.255.255, bits=64, commit=e04ebdb8, modified=1, pid=4035346, just started
4035346:C 02 Jan 2024 00:24:39.619 * Configuration loaded
4035346:M 02 Jan 2024 00:24:39.620 * monotonic clock: POSIX clock_gettime
4035346:M 02 Jan 2024 00:24:39.620 * Running mode=standalone, port=5062.
4035346:M 02 Jan 2024 00:24:39.626 * <raft> RedisRaft version 255.255.255 [b779b199]
4035346:M 02 Jan 2024 00:24:39.630 * <raft> Initializing test network
4035346:M 02 Jan 2024 00:24:39.631 * <raft> Created test network client
4035346:M 02 Jan 2024 00:24:39.633 * <raft> Raft module loaded, state is 'loading'
4035346:M 02 Jan 2024 00:24:39.633 * Module 'raft' loaded from /home/snagendra/Fuzzing/redisraft-fuzzing/redisraft.so
4035346:M 02 Jan 2024 00:24:39.634 * Server initialized
4035346:M 02 Jan 2024 00:24:39.634 . The AOF directory appendonlydir doesn't exist
4035346:M 02 Jan 2024 00:24:39.634 * Ready to accept connections tcp
4035346:M 02 Jan 2024 00:24:39.634 . 0 clients connected (0 replicas), 1746720 bytes in use
4035346:signal-handler (1704151479) Received SIGINT scheduling shutdown...
4035346:signal-handler (1704151479) You insist... exiting now.

----- Stderr -----
libgcov profiling error:/home/snagendra/Fuzzing/redisraft-fuzzing/build/deps/raft/CMakeFiles/raft.dir/src/raft_server_properties.c.gcda:Merge mismatch for function 20
libgcov profiling error:/home/snagendra/Fuzzing/redisraft-fuzzing/build/deps/raft/CMakeFiles/raft.dir/src/raft_server.c.gcda:Merge mismatch for function 12
libgcov profiling error:/home/snagendra/Fuzzing/redisraft-fuzzing/build/deps/raft/CMakeFiles/raft.dir/src/raft_server_properties.c.gcda:Merge mismatch for function 20
libgcov profiling error:/home/snagendra/Fuzzing/redisraft-fuzzing/build/deps/raft/CMakeFiles/raft.dir/src/raft_server.c.gcda:Merge mismatch for function 12
libgcov profiling error:/home/snagendra/Fuzzing/redisraft-fuzzing/build/deps/raft/CMakeFiles/raft.dir/src/raft_server_properties.c.gcda:Merge mismatch for function 20
libgcov profiling error:/home/snagendra/Fuzzing/redisraft-fuzzing/build/deps/raft/CMakeFiles/raft.dir/src/raft_server.c.gcda:Merge mismatch for function 12




logs for node: 3

----- Stdout -----
4034004:C 02 Jan 2024 00:24:36.355 # WARNING Memory overcommit must be enabled! Without it, a background save or replication may fail under low memory condition. Being disabled, it can also cause failures without low memory condition, see https://github.com/jemalloc/jemalloc/issues/1328. To fix this issue add 'vm.overcommit_memory = 1' to /etc/sysctl.conf and then reboot or run the command 'sysctl vm.overcommit_memory=1' for this to take effect.
4034004:C 02 Jan 2024 00:24:36.355 * oO0OoO0OoO0Oo Redis is starting oO0OoO0OoO0Oo
4034004:C 02 Jan 2024 00:24:36.355 * Redis version=255.255.255, bits=64, commit=e04ebdb8, modified=1, pid=4034004, just started
4034004:C 02 Jan 2024 00:24:36.355 * Configuration loaded
4034004:M 02 Jan 2024 00:24:36.355 * monotonic clock: POSIX clock_gettime
4034004:M 02 Jan 2024 00:24:36.356 * Running mode=standalone, port=5063.
4034004:M 02 Jan 2024 00:24:36.363 * <raft> RedisRaft version 255.255.255 [b779b199]
4034004:M 02 Jan 2024 00:24:36.368 * <raft> Initializing test network
4034004:M 02 Jan 2024 00:24:36.369 * <raft> Created test network client
4034004:M 02 Jan 2024 00:24:36.369 * <raft> Raft module loaded, state is 'uninitialized'
4034004:M 02 Jan 2024 00:24:36.369 * Module 'raft' loaded from /home/snagendra/Fuzzing/redisraft-fuzzing/redisraft.so
4034004:M 02 Jan 2024 00:24:36.370 * Server initialized
4034004:M 02 Jan 2024 00:24:36.370 . The AOF directory appendonlydir doesn't exist
4034004:M 02 Jan 2024 00:24:36.371 * Ready to accept connections tcp
4034004:M 02 Jan 2024 00:24:36.371 . 0 clients connected (0 replicas), 1726224 bytes in use
4034004:M 02 Jan 2024 00:24:36.405 - Accepted 127.0.0.1:40102
4034004:M 02 Jan 2024 00:24:36.405 # Missing implement of connection type tls
4034004:M 02 Jan 2024 00:24:36.470 - <raft> join cluster, connecting to localhost:5061
4034004:M 02 Jan 2024 00:24:36.472 * <raft> Joined Raft cluster, node id: 3, dbid: 0c5cb279e12ba76d087bc28da77dc229
4034004:M 02 Jan 2024 00:24:36.482 * <raft> Cluster Membership: term:0 index:0 nodes: id=3,voting=0,active=1,addr=-
4034004:M 02 Jan 2024 00:24:36.482 * <raft> Test network starting message polling thread
4034004:M 02 Jan 2024 00:24:36.516 - Accepted 127.0.0.1:40114
4034004:M 02 Jan 2024 00:24:36.871 * <raft> State change: Election starting, node is now a pre-candidate, term 0
4034004:M 02 Jan 2024 00:24:36.871 * <raft> Cluster Membership: term:0 index:0 nodes: id=3,voting=0,active=1,addr=-
4034004:M 02 Jan 2024 00:24:36.966 * <raft> State change: Node is now a follower, term 1
4034004:M 02 Jan 2024 00:24:36.966 * <raft> Cluster Membership: term:1 index:0 nodes: id=3,voting=0,active=1,addr=-
4034004:M 02 Jan 2024 00:24:36.966 * <raft> Cluster Membership: term:1 index:2 nodes: id=3,voting=0,active=1,addr=- id=1,voting=1,active=1,addr=localhost:5061
4034004:M 02 Jan 2024 00:24:36.967 * <raft> Cluster Membership: term:1 index:3 nodes: id=3,voting=0,active=1,addr=- id=1,voting=1,active=1,addr=localhost:5061 id=2,voting=0,active=1,addr=localhost:5062
4034004:M 02 Jan 2024 00:24:37.173 * <raft> State change: Election starting, node is now a pre-candidate, term 1
4034004:M 02 Jan 2024 00:24:37.173 * <raft> Cluster Membership: term:1 index:4 nodes: id=3,voting=0,active=1,addr=- id=1,voting=1,active=1,addr=localhost:5061 id=2,voting=0,active=1,addr=localhost:5062
4034004:M 02 Jan 2024 00:24:37.270 - Client closed connection id=9 addr=127.0.0.1:40114 laddr=127.0.0.1:5063 fd=10 name= age=1 idle=1 flags=N db=0 sub=0 psub=0 ssub=0 multi=-1 qbuf=0 qbuf-free=20474 argv-mem=0 multi-mem=0 rbs=1024 rbp=0 obl=0 oll=0 omem=0 tot-mem=22400 events=r cmd=auth user=default redir=-1 resp=2 lib-name= lib-ver=
4034004:M 02 Jan 2024 00:24:37.275 # <raft> Redis connection authentication failed: connection died
4034004:M 02 Jan 2024 00:24:37.475 * <raft> State change: Election starting, node is now a pre-candidate, term 1
4034004:M 02 Jan 2024 00:24:37.475 * <raft> Cluster Membership: term:1 index:4 nodes: id=3,voting=0,active=1,addr=- id=1,voting=1,active=1,addr=localhost:5061 id=2,voting=0,active=1,addr=localhost:5062
4034004:M 02 Jan 2024 00:24:37.634 * <raft> State change: Node is now a follower, term 1
4034004:M 02 Jan 2024 00:24:37.634 * <raft> Cluster Membership: term:1 index:4 nodes: id=3,voting=0,active=1,addr=- id=1,voting=1,active=1,addr=localhost:5061 id=2,voting=0,active=1,addr=localhost:5062
4034004:M 02 Jan 2024 00:24:37.978 * <raft> State change: Election starting, node is now a pre-candidate, term 1
4034004:M 02 Jan 2024 00:24:37.978 * <raft> Cluster Membership: term:1 index:4 nodes: id=3,voting=0,active=1,addr=- id=1,voting=1,active=1,addr=localhost:5061 id=2,voting=0,active=1,addr=localhost:5062
4034004:M 02 Jan 2024 00:24:38.060 * <raft> State change: Node is now a follower, term 1
4034004:M 02 Jan 2024 00:24:38.060 * <raft> Cluster Membership: term:1 index:4 nodes: id=3,voting=0,active=1,addr=- id=1,voting=1,active=1,addr=localhost:5061 id=2,voting=0,active=1,addr=localhost:5062
4034004:M 02 Jan 2024 00:24:38.682 * <raft> State change: Election starting, node is now a pre-candidate, term 1
4034004:M 02 Jan 2024 00:24:38.682 * <raft> Cluster Membership: term:1 index:6 nodes: id=3,voting=0,active=1,addr=- id=1,voting=1,active=1,addr=localhost:5061 id=2,voting=0,active=1,addr=localhost:5062
4034004:signal-handler (1704151478) Received SIGINT scheduling shutdown...
4034004:signal-handler (1704151478) You insist... exiting now.

----- Stderr -----
libgcov profiling error:/home/snagendra/Fuzzing/redisraft-fuzzing/build/deps/raft/CMakeFiles/raft.dir/src/raft_server_properties.c.gcda:Merge mismatch for function 20
libgcov profiling error:/home/snagendra/Fuzzing/redisraft-fuzzing/build/deps/raft/CMakeFiles/raft.dir/src/raft_server.c.gcda:Merge mismatch for function 12



