logs for node: 2

----- Stdout -----
2042014:C 03 Jan 2024 14:07:07.506 # WARNING Memory overcommit must be enabled! Without it, a background save or replication may fail under low memory condition. Being disabled, it can also cause failures without low memory condition, see https://github.com/jemalloc/jemalloc/issues/1328. To fix this issue add 'vm.overcommit_memory = 1' to /etc/sysctl.conf and then reboot or run the command 'sysctl vm.overcommit_memory=1' for this to take effect.
2042014:C 03 Jan 2024 14:07:07.506 * oO0OoO0OoO0Oo Redis is starting oO0OoO0OoO0Oo
2042014:C 03 Jan 2024 14:07:07.506 * Redis version=255.255.255, bits=64, commit=e04ebdb8, modified=1, pid=2042014, just started
2042014:C 03 Jan 2024 14:07:07.506 * Configuration loaded
2042014:M 03 Jan 2024 14:07:07.506 * monotonic clock: POSIX clock_gettime
2042014:M 03 Jan 2024 14:07:07.507 * Running mode=standalone, port=5052.
2042014:M 03 Jan 2024 14:07:07.514 * <raft> RedisRaft version 255.255.255 [b779b199]
2042014:M 03 Jan 2024 14:07:07.519 * <raft> Initializing test network
2042014:M 03 Jan 2024 14:07:07.520 * <raft> Created test network client
2042014:M 03 Jan 2024 14:07:07.521 * <raft> Raft module loaded, state is 'uninitialized'
2042014:M 03 Jan 2024 14:07:07.521 * Module 'raft' loaded from /home/snagendra/Fuzzing/redisraft-fuzzing/redisraft.so
2042014:M 03 Jan 2024 14:07:07.521 * Server initialized
2042014:M 03 Jan 2024 14:07:07.522 . The AOF directory appendonlydir doesn't exist
2042014:M 03 Jan 2024 14:07:07.522 * Ready to accept connections tcp
2042014:M 03 Jan 2024 14:07:07.522 . 0 clients connected (0 replicas), 1726224 bytes in use
2042014:M 03 Jan 2024 14:07:07.522 - Accepted 127.0.0.1:40012
2042014:M 03 Jan 2024 14:07:07.522 # Missing implement of connection type tls
2042014:M 03 Jan 2024 14:07:07.621 - <raft> join cluster, connecting to localhost:5051
2042014:M 03 Jan 2024 14:07:07.622 * <raft> Joined Raft cluster, node id: 2, dbid: c5e2ce1f18d86c26413abf3a0abc3bdd
2042014:M 03 Jan 2024 14:07:07.628 * <raft> Cluster Membership: term:0 index:0 nodes: id=2,voting=0,active=1,addr=-
2042014:M 03 Jan 2024 14:07:07.629 * <raft> Test network starting message polling thread
2042014:M 03 Jan 2024 14:07:07.692 - Accepted 127.0.0.1:40020
2042014:M 03 Jan 2024 14:07:07.847 - Accepted 127.0.0.1:40032
2042014:M 03 Jan 2024 14:07:08.122 * <raft> State change: Election starting, node is now a pre-candidate, term 0
2042014:M 03 Jan 2024 14:07:08.122 * <raft> Cluster Membership: term:0 index:0 nodes: id=2,voting=0,active=1,addr=-
2042014:M 03 Jan 2024 14:07:08.188 * <raft> State change: Node is now a follower, term 1
2042014:M 03 Jan 2024 14:07:08.188 * <raft> Cluster Membership: term:1 index:0 nodes: id=2,voting=0,active=1,addr=-
2042014:signal-handler (1704287228) Received SIGINT scheduling shutdown...
2042014:signal-handler (1704287228) You insist... exiting now.
2043093:C 03 Jan 2024 14:07:10.121 # WARNING Memory overcommit must be enabled! Without it, a background save or replication may fail under low memory condition. Being disabled, it can also cause failures without low memory condition, see https://github.com/jemalloc/jemalloc/issues/1328. To fix this issue add 'vm.overcommit_memory = 1' to /etc/sysctl.conf and then reboot or run the command 'sysctl vm.overcommit_memory=1' for this to take effect.
2043093:C 03 Jan 2024 14:07:10.121 * oO0OoO0OoO0Oo Redis is starting oO0OoO0OoO0Oo
2043093:C 03 Jan 2024 14:07:10.121 * Redis version=255.255.255, bits=64, commit=e04ebdb8, modified=1, pid=2043093, just started
2043093:C 03 Jan 2024 14:07:10.121 * Configuration loaded
2043093:M 03 Jan 2024 14:07:10.122 * monotonic clock: POSIX clock_gettime
2043093:M 03 Jan 2024 14:07:10.122 * Running mode=standalone, port=5052.
2043093:M 03 Jan 2024 14:07:10.128 * <raft> RedisRaft version 255.255.255 [b779b199]
2043093:M 03 Jan 2024 14:07:10.133 * <raft> Initializing test network
2043093:M 03 Jan 2024 14:07:10.133 * <raft> Created test network client
2043093:M 03 Jan 2024 14:07:10.136 * <raft> Raft module loaded, state is 'loading'
2043093:M 03 Jan 2024 14:07:10.136 * Module 'raft' loaded from /home/snagendra/Fuzzing/redisraft-fuzzing/redisraft.so
2043093:M 03 Jan 2024 14:07:10.137 * Server initialized
2043093:M 03 Jan 2024 14:07:10.137 . The AOF directory appendonlydir doesn't exist
2043093:M 03 Jan 2024 14:07:10.137 * Ready to accept connections tcp
2043093:M 03 Jan 2024 14:07:10.137 . 0 clients connected (0 replicas), 1746656 bytes in use
2043093:M 03 Jan 2024 14:07:10.187 - Accepted 127.0.0.1:40250
2043093:M 03 Jan 2024 14:07:10.187 # Missing implement of connection type tls
2043093:M 03 Jan 2024 14:07:10.237 * <raft> Loading: Redis loading complete, snapshot NOT LOADED
2043093:M 03 Jan 2024 14:07:10.237 * <raft> Cluster Membership: term:0 index:0 nodes: id=2,voting=0,active=1,addr=-
2043093:M 03 Jan 2024 14:07:10.238 * <raft> Test network starting message polling thread


=== REDIS BUG REPORT START: Cut & paste starting from here ===
2043093:M 03 Jan 2024 14:07:10.238 # Redis 255.255.255 crashed by signal: 6, si_code: -6
2043093:M 03 Jan 2024 14:07:10.238 # Crashed running the instruction at: 0x7f89c5acbd3c

------ STACK TRACE ------
EIP:
/lib/x86_64-linux-gnu/libc.so.6(+0x8ad3c)[0x7f89c5acbd3c]

Backtrace:
/lib/x86_64-linux-gnu/libc.so.6(+0x3bfd0)[0x7f89c5a7cfd0]
/lib/x86_64-linux-gnu/libc.so.6(+0x8ad3c)[0x7f89c5acbd3c]
/lib/x86_64-linux-gnu/libc.so.6(gsignal+0x12)[0x7f89c5a7cf32]
/lib/x86_64-linux-gnu/libc.so.6(abort+0xd3)[0x7f89c5a67472]
/lib/x86_64-linux-gnu/libc.so.6(+0x26395)[0x7f89c5a67395]
/lib/x86_64-linux-gnu/libc.so.6(+0x34e32)[0x7f89c5a75e32]
/home/snagendra/Fuzzing/redisraft-fuzzing/redisraft.so(+0x3caea)[0x7f89c49b4aea]
/home/snagendra/Fuzzing/redisraft-fuzzing/redisraft.so(callRaftPeriodic+0x478)[0x7f89c49a5088]
/home/snagendra/Fuzzing/redis/src/redis-server 0.0.0.0:5052(moduleTimerHandler+0x21c)[0x558a879b798c]
/home/snagendra/Fuzzing/redis/src/redis-server 0.0.0.0:5052(+0x81705)[0x558a878c1705]
/home/snagendra/Fuzzing/redis/src/redis-server 0.0.0.0:5052(aeMain+0x1c8)[0x558a878cbcb8]
/home/snagendra/Fuzzing/redis/src/redis-server 0.0.0.0:5052(main+0x3cd)[0x558a878c0e2d]
/lib/x86_64-linux-gnu/libc.so.6(+0x271ca)[0x7f89c5a681ca]
/lib/x86_64-linux-gnu/libc.so.6(__libc_start_main+0x85)[0x7f89c5a68285]
/home/snagendra/Fuzzing/redis/src/redis-server 0.0.0.0:5052(_start+0x2a)[0x558a878c15aa]

------ REGISTERS ------
2043093:M 03 Jan 2024 14:07:10.238 # 
RAX:0000000000000000 RBX:00000000001f2cd5
RCX:00007f89c5acbd3c RDX:0000000000000006
RDI:00000000001f2cd5 RSI:00000000001f2cd5
RBP:00007f89c5a3d1c0 RSP:00007ffd7572b3e0
R8 :0000000000000007 R9 :0000558a898b4820
R10:0000000000000008 R11:0000000000000246
R12:0000000000000006 R13:00000000000006a6
R14:00007f89c49e105c R15:0000558a879b62b0
RIP:00007f89c5acbd3c EFL:0000000000000246
CSGSFS:002b000000000033
2043093:M 03 Jan 2024 14:07:10.238 # (00007ffd7572b3ef) -> 0000558a898b48d0
2043093:M 03 Jan 2024 14:07:10.238 # (00007ffd7572b3ee) -> 00007f89c5c13c60
2043093:M 03 Jan 2024 14:07:10.238 # (00007ffd7572b3ed) -> 00000000000002b1
2043093:M 03 Jan 2024 14:07:10.238 # (00007ffd7572b3ec) -> 0000558a898b4820
2043093:M 03 Jan 2024 14:07:10.238 # (00007ffd7572b3eb) -> 00000000000006a6
2043093:M 03 Jan 2024 14:07:10.238 # (00007ffd7572b3ea) -> 0000000000000020
2043093:M 03 Jan 2024 14:07:10.238 # (00007ffd7572b3e9) -> 00007f89c5a67472
2043093:M 03 Jan 2024 14:07:10.238 # (00007ffd7572b3e8) -> 00007f89c5c14e70
2043093:M 03 Jan 2024 14:07:10.238 # (00007ffd7572b3e7) -> 00007f89c5a7cf32
2043093:M 03 Jan 2024 14:07:10.238 # (00007ffd7572b3e6) -> 00007f89c49e105c
2043093:M 03 Jan 2024 14:07:10.238 # (00007ffd7572b3e5) -> 00000000000006a6
2043093:M 03 Jan 2024 14:07:10.238 # (00007ffd7572b3e4) -> 00007f89c49e0720
2043093:M 03 Jan 2024 14:07:10.238 # (00007ffd7572b3e3) -> 00007f89c5a3d1c0
2043093:M 03 Jan 2024 14:07:10.238 # (00007ffd7572b3e2) -> 0000000000000006
2043093:M 03 Jan 2024 14:07:10.238 # (00007ffd7572b3e1) -> 155f7c4bfa317c00
2043093:M 03 Jan 2024 14:07:10.238 # (00007ffd7572b3e0) -> 0000558a879b62b0

------ INFO OUTPUT ------
# Server
redis_version:255.255.255
redis_git_sha1:e04ebdb8
redis_git_dirty:1
redis_build_id:1f78dcc7b4fbdd25
redis_mode:standalone
os:Linux 6.1.60.1.amd64-smp x86_64
arch_bits:64
monotonic_clock:POSIX clock_gettime
multiplexing_api:epoll
atomicvar_api:c11-builtin
gcc_version:10.2.1
process_id:2043093
process_supervised:no
run_id:1176e259a480e39cd70b3eff86fdfd0c61bee982
tcp_port:5052
server_time_usec:1704287230237307
uptime_in_seconds:0
uptime_in_days:0
hz:10
configured_hz:10
lru_clock:9788414
executable:/home/snagendra/Fuzzing/redis/src/redis-server
config_file:
io_threads_active:0
listener0:name=tcp,bind=0.0.0.0,port=5052

# Clients
connected_clients:1
cluster_connections:0
maxclients:10000
client_recent_max_input_buffer:0
client_recent_max_output_buffer:0
blocked_clients:0
tracking_clients:0
clients_in_timeout_table:0
total_blocking_keys:0
total_blocking_keys_on_nokey:0

# Memory
used_memory:1816864
used_memory_human:1.73M
used_memory_rss:17874944
used_memory_rss_human:17.05M
used_memory_peak:1816864
used_memory_peak_human:1.73M
used_memory_peak_perc:100.39%
used_memory_overhead:1746696
used_memory_startup:1746512
used_memory_dataset:70168
used_memory_dataset_perc:99.74%
allocator_allocated:2217744
allocator_active:2756608
allocator_resident:10948608
total_system_memory:270388695040
total_system_memory_human:251.82G
used_memory_lua:31744
used_memory_vm_eval:31744
used_memory_lua_human:31.00K
used_memory_scripts_eval:0
number_of_cached_scripts:0
number_of_functions:0
number_of_libraries:0
used_memory_vm_functions:32768
used_memory_vm_total:64512
used_memory_vm_total_human:63.00K
used_memory_functions:184
used_memory_scripts:184
used_memory_scripts_human:184B
maxmemory:0
maxmemory_human:0B
maxmemory_policy:noeviction
allocator_frag_ratio:1.24
allocator_frag_bytes:538864
allocator_rss_ratio:3.97
allocator_rss_bytes:8192000
rss_overhead_ratio:1.63
rss_overhead_bytes:6926336
mem_fragmentation_ratio:10.23
mem_fragmentation_bytes:16128288
mem_not_counted_for_evict:0
mem_replication_backlog:0
mem_total_replication_buffers:0
mem_clients_slaves:0
mem_clients_normal:0
mem_cluster_links:0
mem_aof_buffer:0
mem_allocator:jemalloc-5.3.0
active_defrag_running:0
lazyfree_pending_objects:0
lazyfreed_objects:0

# Persistence
loading:0
async_loading:0
current_cow_peak:0
current_cow_size:0
current_cow_size_age:0
current_fork_perc:0.00
current_save_keys_processed:0
current_save_keys_total:0
rdb_changes_since_last_save:0
rdb_bgsave_in_progress:0
rdb_last_save_time:1704287230
rdb_last_bgsave_status:ok
rdb_last_bgsave_time_sec:-1
rdb_current_bgsave_time_sec:-1
rdb_saves:0
rdb_last_cow_size:0
rdb_last_load_keys_expired:0
rdb_last_load_keys_loaded:0
aof_enabled:0
aof_rewrite_in_progress:0
aof_rewrite_scheduled:0
aof_last_rewrite_time_sec:-1
aof_current_rewrite_time_sec:-1
aof_last_bgrewrite_status:ok
aof_rewrites:0
aof_rewrites_consecutive_failures:0
aof_last_write_status:ok
aof_last_cow_size:0
module_fork_in_progress:0
module_fork_last_cow_size:0

# Stats
total_connections_received:1
total_commands_processed:7
instantaneous_ops_per_sec:25
total_net_input_bytes:33
total_net_output_bytes:5
total_net_repl_input_bytes:0
total_net_repl_output_bytes:0
instantaneous_input_kbps:0.00
instantaneous_output_kbps:0.00
instantaneous_input_repl_kbps:0.00
instantaneous_output_repl_kbps:0.00
rejected_connections:0
sync_full:0
sync_partial_ok:0
sync_partial_err:0
expired_keys:0
expired_stale_perc:0.00
expired_time_cap_reached_count:0
expire_cycle_cpu_milliseconds:0
evicted_keys:0
evicted_clients:0
total_eviction_exceeded_time:0
current_eviction_exceeded_time:0
keyspace_hits:0
keyspace_misses:0
pubsub_channels:0
pubsub_patterns:0
pubsubshard_channels:0
latest_fork_usec:0
total_forks:0
migrate_cached_sockets:0
slave_expires_tracked_keys:0
active_defrag_hits:0
active_defrag_misses:0
active_defrag_key_hits:0
active_defrag_key_misses:0
total_active_defrag_time:0
current_active_defrag_time:0
tracking_total_keys:0
tracking_total_items:0
tracking_total_prefixes:0
unexpected_error_replies:0
total_error_replies:0
dump_payload_sanitizations:0
total_reads_processed:1
total_writes_processed:1
io_threaded_reads_processed:0
io_threaded_writes_processed:0
reply_buffer_shrinks:0
reply_buffer_expands:0
acl_access_denied_auth:0
acl_access_denied_cmd:0
acl_access_denied_key:0
acl_access_denied_channel:0

# Replication
role:master
connected_slaves:0
master_failover_state:no-failover
master_replid:31e734b6299f4457cb71357569e4937e1685c934
master_replid2:0000000000000000000000000000000000000000
master_repl_offset:0
second_repl_offset:-1
repl_backlog_active:0
repl_backlog_size:1048576
repl_backlog_first_byte_offset:0
repl_backlog_histlen:0

# CPU
used_cpu_sys:0.008095
used_cpu_user:0.009372
used_cpu_sys_children:0.000000
used_cpu_user_children:0.000000
used_cpu_sys_main_thread:0.008564
used_cpu_user_main_thread:0.008564

# Modules
module:name=raft,ver=1,api=1,filters=1,usedby=[],using=[],options=[]

# Commandstats
cmdstat_config|get:calls=3,usec=5,usec_per_call=1.67,rejected_calls=0,failed_calls=0
cmdstat_config|set:calls=1,usec=11,usec_per_call=11.00,rejected_calls=0,failed_calls=0
cmdstat_command:calls=2,usec=1491,usec_per_call=745.50,rejected_calls=0,failed_calls=0
cmdstat_auth:calls=1,usec=1,usec_per_call=1.00,rejected_calls=0,failed_calls=0

# Errorstats

# Latencystats
latency_percentiles_usec_config|get:p50=2.007,p99=2.007,p99.9=2.007
latency_percentiles_usec_config|set:p50=11.007,p99=11.007,p99.9=11.007
latency_percentiles_usec_command:p50=696.319,p99=798.719,p99.9=798.719
latency_percentiles_usec_auth:p50=1.003,p99=1.003,p99.9=1.003

# Cluster
cluster_enabled:0

# Keyspace

------ CLIENT LIST OUTPUT ------
id=8 addr=127.0.0.1:40250 laddr=127.0.0.1:5052 fd=11 name= age=0 idle=0 flags=N db=0 sub=0 psub=0 ssub=0 multi=-1 qbuf=0 qbuf-free=20474 argv-mem=0 multi-mem=0 rbs=16384 rbp=16384 obl=0 oll=0 omem=0 tot-mem=37760 events=r cmd=auth user=default redir=-1 resp=2 lib-name= lib-ver=

------ MODULES INFO OUTPUT ------
# raft_version
raft_version:255.255.255
raft_git_sha1:b779b199

# raft_general
raft_dbid:c5e2ce1f18d86c26413abf3a0abc3bdd
raft_node_id:2
raft_state:up
raft_role:follower
raft_is_voting:no
raft_voted_for:-1
raft_leader_id:-1
raft_current_term:0
raft_num_nodes:1
raft_num_voting_nodes:0

# raft_log
raft_log_entries:0
raft_current_index:0
raft_commit_index:0
raft_last_applied_index:0
raft_file_size:101
raft_cache_memory_size:0
raft_cache_entries:0
raft_client_attached_entries:0
raft_fsync_count:0
raft_fsync_max_microseconds:0
raft_fsync_avg_microseconds:0

# raft_snapshot
raft_snapshot_filename:redis2.rdb
raft_snapshot_last_idx:0
raft_snapshot_last_term:0
raft_snapshot_size:0
raft_snapshot_time_secs:-1
raft_snapshots_created:0
raft_snapshots_received:0
raft_snapshot_in_progress:no
raft_snapshot_in_progress_last_idx:-1
raft_snapshot_in_progress_last_term:-1

# raft_clients
raft_proxy_reqs:0
raft_proxy_failed_reqs:0
raft_proxy_failed_responses:0
raft_proxy_outstanding_reqs:0

# raft_stats
raft_appendreq_received:0
raft_appendreq_with_entry_received:0
raft_snapshotreq_received:0
raft_exec_throttled:0
raft_num_sessions:0

------ CONFIG DEBUG OUTPUT ------
replica-read-only yes
client-query-buffer-limit 1gb
activedefrag no
lazyfree-lazy-expire no
list-compress-depth 0
lazyfree-lazy-user-del no
lazyfree-lazy-server-del no
io-threads 1
lazyfree-lazy-eviction no
repl-diskless-load disabled
io-threads-do-reads no
proto-max-bulk-len 512mb
sanitize-dump-payload no
lazyfree-lazy-user-flush no
repl-diskless-sync yes
slave-read-only yes

------ FAST MEMORY TEST ------
2043093:M 03 Jan 2024 14:07:10.239 # Bio worker thread #0 terminated
2043093:M 03 Jan 2024 14:07:10.239 # Bio worker thread #1 terminated
2043093:M 03 Jan 2024 14:07:10.239 # Bio worker thread #2 terminated
*** Preparing to test memory region 558a87b97000 (2273280 bytes)
*** Preparing to test memory region 558a8985f000 (405504 bytes)
*** Preparing to test memory region 7f89b87ff000 (8388608 bytes)
*** Preparing to test memory region 7f89b9000000 (8388608 bytes)
*** Preparing to test memory region 7f89b9800000 (6291456 bytes)
*** Preparing to test memory region 7f89b9ffd000 (8388608 bytes)
*** Preparing to test memory region 7f89ba7fe000 (8388608 bytes)
*** Preparing to test memory region 7f89bafff000 (8388608 bytes)
*** Preparing to test memory region 7f89bb800000 (8388608 bytes)
*** Preparing to test memory region 7f89bc000000 (135168 bytes)
*** Preparing to test memory region 7f89c07a8000 (8388608 bytes)
*** Preparing to test memory region 7f89c0fa9000 (8388608 bytes)
*** Preparing to test memory region 7f89c17aa000 (8388608 bytes)
*** Preparing to test memory region 7f89c1fab000 (8388608 bytes)
*** Preparing to test memory region 7f89c27ac000 (8388608 bytes)
*** Preparing to test memory region 7f89c2fad000 (8388608 bytes)
*** Preparing to test memory region 7f89c37ad000 (2621440 bytes)
*** Preparing to test memory region 7f89c3a3c000 (8192 bytes)
*** Preparing to test memory region 7f89c407f000 (12288 bytes)
*** Preparing to test memory region 7f89c4618000 (16384 bytes)
*** Preparing to test memory region 7f89c4755000 (8192 bytes)
*** Preparing to test memory region 7f89c48cc000 (4096 bytes)
*** Preparing to test memory region 7f89c49fa000 (24576 bytes)
*** Preparing to test memory region 7f89c5200000 (8388608 bytes)
*** Preparing to test memory region 7f89c5a39000 (32768 bytes)
*** Preparing to test memory region 7f89c5c15000 (53248 bytes)
*** Preparing to test memory region 7f89c5d32000 (8192 bytes)
.O.O.O.O.O.O.O.O.O.O.O.O.O.O.O.O.O.O.O.O.O.O.O.O.O.O.O
Fast memory test PASSED, however your memory can still be broken. Please run a memory test for several hours if possible.

------ DUMPING CODE AROUND EIP ------
Symbol: (null) (base: (nil))
Module: /lib/x86_64-linux-gnu/libc.so.6 (base 0x7f89c5a41000)
$ xxd -r -p /tmp/dump.hex /tmp/dump.bin
$ objdump --adjust-vma=(nil) -D -b binary -m i386:x86-64 /tmp/dump.bin
------

=== REDIS BUG REPORT END. Make sure to include from START to END. ===

       Please report the crash by opening an issue on github:

           http://github.com/redis/redis/issues

  If a Redis module was involved, please open in the module's repo instead.

  Suspect RAM error? Use redis-server --test-memory to verify it.

  Some other issues could be detected by redis-server --check-system
2043409:C 03 Jan 2024 14:07:10.762 # WARNING Memory overcommit must be enabled! Without it, a background save or replication may fail under low memory condition. Being disabled, it can also cause failures without low memory condition, see https://github.com/jemalloc/jemalloc/issues/1328. To fix this issue add 'vm.overcommit_memory = 1' to /etc/sysctl.conf and then reboot or run the command 'sysctl vm.overcommit_memory=1' for this to take effect.
2043409:C 03 Jan 2024 14:07:10.762 * oO0OoO0OoO0Oo Redis is starting oO0OoO0OoO0Oo
2043409:C 03 Jan 2024 14:07:10.762 * Redis version=255.255.255, bits=64, commit=e04ebdb8, modified=1, pid=2043409, just started
2043409:C 03 Jan 2024 14:07:10.762 * Configuration loaded
2043409:M 03 Jan 2024 14:07:10.763 * monotonic clock: POSIX clock_gettime
2043409:M 03 Jan 2024 14:07:10.763 * Running mode=standalone, port=5052.
2043409:M 03 Jan 2024 14:07:10.770 * <raft> RedisRaft version 255.255.255 [b779b199]
2043409:M 03 Jan 2024 14:07:10.774 * <raft> Initializing test network
2043409:M 03 Jan 2024 14:07:10.775 * <raft> Created test network client
2043409:M 03 Jan 2024 14:07:10.777 * <raft> Raft module loaded, state is 'loading'
2043409:M 03 Jan 2024 14:07:10.777 * Module 'raft' loaded from /home/snagendra/Fuzzing/redisraft-fuzzing/redisraft.so
2043409:M 03 Jan 2024 14:07:10.778 * Server initialized
2043409:M 03 Jan 2024 14:07:10.778 . The AOF directory appendonlydir doesn't exist
2043409:M 03 Jan 2024 14:07:10.778 * Ready to accept connections tcp
2043409:M 03 Jan 2024 14:07:10.778 . 0 clients connected (0 replicas), 1746688 bytes in use
2043409:M 03 Jan 2024 14:07:10.789 - Accepted 127.0.0.1:40292
2043409:M 03 Jan 2024 14:07:10.789 # Missing implement of connection type tls
2043409:M 03 Jan 2024 14:07:10.849 - Accepted 127.0.0.1:40302
2043409:signal-handler (1704287230) Received SIGINT scheduling shutdown...
2043409:signal-handler (1704287230) You insist... exiting now.

----- Stderr -----
libgcov profiling error:/home/snagendra/Fuzzing/redisraft-fuzzing/build/deps/raft/CMakeFiles/raft.dir/src/raft_server.c.gcda:Merge mismatch for function 4
redis-server: /home/snagendra/Fuzzing/redisraft-fuzzing/deps/raft/src/raft_server.c:1702: raft_get_first_entry_idx: Assertion `0 < raft_get_current_idx(me)' failed.
libgcov profiling error:/home/snagendra/Fuzzing/redisraft-fuzzing/build/deps/raft/CMakeFiles/raft.dir/src/raft_server.c.gcda:Merge mismatch for function 4




logs for node: 3

----- Stdout -----
2042104:C 03 Jan 2024 14:07:07.631 # WARNING Memory overcommit must be enabled! Without it, a background save or replication may fail under low memory condition. Being disabled, it can also cause failures without low memory condition, see https://github.com/jemalloc/jemalloc/issues/1328. To fix this issue add 'vm.overcommit_memory = 1' to /etc/sysctl.conf and then reboot or run the command 'sysctl vm.overcommit_memory=1' for this to take effect.
2042104:C 03 Jan 2024 14:07:07.631 * oO0OoO0OoO0Oo Redis is starting oO0OoO0OoO0Oo
2042104:C 03 Jan 2024 14:07:07.631 * Redis version=255.255.255, bits=64, commit=e04ebdb8, modified=1, pid=2042104, just started
2042104:C 03 Jan 2024 14:07:07.631 * Configuration loaded
2042104:M 03 Jan 2024 14:07:07.632 * monotonic clock: POSIX clock_gettime
2042104:M 03 Jan 2024 14:07:07.632 * Running mode=standalone, port=5053.
2042104:M 03 Jan 2024 14:07:07.639 * <raft> RedisRaft version 255.255.255 [b779b199]
2042104:M 03 Jan 2024 14:07:07.644 * <raft> Initializing test network
2042104:M 03 Jan 2024 14:07:07.645 * <raft> Created test network client
2042104:M 03 Jan 2024 14:07:07.646 * <raft> Raft module loaded, state is 'uninitialized'
2042104:M 03 Jan 2024 14:07:07.646 * Module 'raft' loaded from /home/snagendra/Fuzzing/redisraft-fuzzing/redisraft.so
2042104:M 03 Jan 2024 14:07:07.646 * Server initialized
2042104:M 03 Jan 2024 14:07:07.647 . The AOF directory appendonlydir doesn't exist
2042104:M 03 Jan 2024 14:07:07.647 * Ready to accept connections tcp
2042104:M 03 Jan 2024 14:07:07.647 . 0 clients connected (0 replicas), 1726160 bytes in use
2042104:M 03 Jan 2024 14:07:07.672 - Accepted 127.0.0.1:49208
2042104:M 03 Jan 2024 14:07:07.672 # Missing implement of connection type tls
2042104:M 03 Jan 2024 14:07:07.746 - <raft> join cluster, connecting to localhost:5051
2042104:M 03 Jan 2024 14:07:07.748 * <raft> Joined Raft cluster, node id: 3, dbid: c5e2ce1f18d86c26413abf3a0abc3bdd
2042104:M 03 Jan 2024 14:07:07.754 * <raft> Cluster Membership: term:0 index:0 nodes: id=3,voting=0,active=1,addr=-
2042104:M 03 Jan 2024 14:07:07.755 * <raft> Test network starting message polling thread
2042104:M 03 Jan 2024 14:07:07.792 * <raft> Cluster Membership: term:1 index:2 nodes: id=3,voting=0,active=1,addr=- id=1,voting=1,active=1,addr=localhost:5051
2042104:M 03 Jan 2024 14:07:07.793 * <raft> Cluster Membership: term:1 index:3 nodes: id=3,voting=0,active=1,addr=- id=1,voting=1,active=1,addr=localhost:5051 id=2,voting=0,active=1,addr=localhost:5052
2042104:M 03 Jan 2024 14:07:07.793 - Accepted 127.0.0.1:49216
2042104:M 03 Jan 2024 14:07:08.551 * <raft> State change: Election starting, node is now a pre-candidate, term 1
2042104:M 03 Jan 2024 14:07:08.551 * <raft> Cluster Membership: term:1 index:4 nodes: id=3,voting=0,active=1,addr=- id=1,voting=1,active=1,addr=localhost:5051 id=2,voting=0,active=1,addr=localhost:5052
2042104:M 03 Jan 2024 14:07:08.746 * <raft> State change: Node is now a follower, term 1
2042104:M 03 Jan 2024 14:07:08.746 * <raft> Cluster Membership: term:1 index:4 nodes: id=3,voting=0,active=1,addr=- id=1,voting=1,active=1,addr=localhost:5051 id=2,voting=0,active=1,addr=localhost:5052
2042104:M 03 Jan 2024 14:07:09.218 - Client closed connection id=9 addr=127.0.0.1:49216 laddr=127.0.0.1:5053 fd=16 name= age=2 idle=2 flags=N db=0 sub=0 psub=0 ssub=0 multi=-1 qbuf=0 qbuf-free=20474 argv-mem=0 multi-mem=0 rbs=1024 rbp=0 obl=0 oll=0 omem=0 tot-mem=22400 events=r cmd=auth user=default redir=-1 resp=2 lib-name= lib-ver=
2042104:M 03 Jan 2024 14:07:09.556 * <raft> State change: Election starting, node is now a pre-candidate, term 1
2042104:M 03 Jan 2024 14:07:09.556 * <raft> Cluster Membership: term:1 index:5 nodes: id=3,voting=1,active=1,addr=- id=1,voting=1,active=1,addr=localhost:5051 id=2,voting=0,active=1,addr=localhost:5052
2042104:signal-handler (1704287229) Received SIGINT scheduling shutdown...
2042104:signal-handler (1704287229) You insist... exiting now.
2042961:C 03 Jan 2024 14:07:09.968 # WARNING Memory overcommit must be enabled! Without it, a background save or replication may fail under low memory condition. Being disabled, it can also cause failures without low memory condition, see https://github.com/jemalloc/jemalloc/issues/1328. To fix this issue add 'vm.overcommit_memory = 1' to /etc/sysctl.conf and then reboot or run the command 'sysctl vm.overcommit_memory=1' for this to take effect.
2042961:C 03 Jan 2024 14:07:09.968 * oO0OoO0OoO0Oo Redis is starting oO0OoO0OoO0Oo
2042961:C 03 Jan 2024 14:07:09.968 * Redis version=255.255.255, bits=64, commit=e04ebdb8, modified=1, pid=2042961, just started
2042961:C 03 Jan 2024 14:07:09.968 * Configuration loaded
2042961:M 03 Jan 2024 14:07:09.969 * monotonic clock: POSIX clock_gettime
2042961:M 03 Jan 2024 14:07:09.969 * Running mode=standalone, port=5053.
2042961:M 03 Jan 2024 14:07:09.975 * <raft> RedisRaft version 255.255.255 [b779b199]
2042961:M 03 Jan 2024 14:07:09.979 * <raft> Initializing test network
2042961:M 03 Jan 2024 14:07:09.980 * <raft> Created test network client
2042961:M 03 Jan 2024 14:07:09.983 * <raft> Raft module loaded, state is 'loading'
2042961:M 03 Jan 2024 14:07:09.983 * Module 'raft' loaded from /home/snagendra/Fuzzing/redisraft-fuzzing/redisraft.so
2042961:M 03 Jan 2024 14:07:09.984 * Server initialized
2042961:M 03 Jan 2024 14:07:09.984 . The AOF directory appendonlydir doesn't exist
2042961:M 03 Jan 2024 14:07:09.984 * Ready to accept connections tcp
2042961:M 03 Jan 2024 14:07:09.984 . 0 clients connected (0 replicas), 1746720 bytes in use
2042961:M 03 Jan 2024 14:07:10.084 * <raft> Loading: Redis loading complete, snapshot NOT LOADED
2042961:M 03 Jan 2024 14:07:10.085 * <raft> Cluster Membership: term:0 index:0 nodes: id=3,voting=0,active=1,addr=-
2042961:M 03 Jan 2024 14:07:10.085 * <raft> Test network starting message polling thread
2042961:M 03 Jan 2024 14:07:10.085 * <raft> Cluster Membership: term:0 index:5 nodes: id=3,voting=0,active=1,addr=- id=1,voting=1,active=1,addr=localhost:5051
2042961:M 03 Jan 2024 14:07:10.085 * <raft> Cluster Membership: term:0 index:5 nodes: id=3,voting=0,active=1,addr=- id=1,voting=1,active=1,addr=localhost:5051 id=2,voting=0,active=1,addr=localhost:5052
2042961:M 03 Jan 2024 14:07:10.085 * <raft> Raft state after loading log: log_count=5, first_idx=1, current_idx=5, last_applied_idx=0
2042961:M 03 Jan 2024 14:07:10.085 . <raft> Raft term=1, vote=-1
2042961:M 03 Jan 2024 14:07:10.386 * <raft> State change: Election starting, node is now a pre-candidate, term 1
2042961:M 03 Jan 2024 14:07:10.386 * <raft> Cluster Membership: term:1 index:5 nodes: id=3,voting=1,active=1,addr=- id=1,voting=1,active=1,addr=localhost:5051 id=2,voting=0,active=1,addr=localhost:5052
2042961:M 03 Jan 2024 14:07:10.548 - Accepted 127.0.0.1:49230
2042961:M 03 Jan 2024 14:07:10.548 # Missing implement of connection type tls
2042961:M 03 Jan 2024 14:07:10.788 * <raft> State change: Election starting, node is now a pre-candidate, term 1
2042961:M 03 Jan 2024 14:07:10.788 * <raft> Cluster Membership: term:1 index:5 nodes: id=3,voting=1,active=1,addr=- id=1,voting=1,active=1,addr=localhost:5051 id=2,voting=0,active=1,addr=localhost:5052
2042961:signal-handler (1704287230) Received SIGINT scheduling shutdown...
2042961:signal-handler (1704287230) You insist... exiting now.

----- Stderr -----
libgcov profiling error:/home/snagendra/Fuzzing/redisraft-fuzzing/build/deps/raft/CMakeFiles/raft.dir/src/raft_server.c.gcda:Merge mismatch for function 4
libgcov profiling error:/home/snagendra/Fuzzing/redisraft-fuzzing/build/deps/raft/CMakeFiles/raft.dir/src/raft_server.c.gcda:Merge mismatch for function 4




logs for node: 1

----- Stdout -----
2041976:C 03 Jan 2024 14:07:07.475 # WARNING Memory overcommit must be enabled! Without it, a background save or replication may fail under low memory condition. Being disabled, it can also cause failures without low memory condition, see https://github.com/jemalloc/jemalloc/issues/1328. To fix this issue add 'vm.overcommit_memory = 1' to /etc/sysctl.conf and then reboot or run the command 'sysctl vm.overcommit_memory=1' for this to take effect.
2041976:C 03 Jan 2024 14:07:07.475 * oO0OoO0OoO0Oo Redis is starting oO0OoO0OoO0Oo
2041976:C 03 Jan 2024 14:07:07.476 * Redis version=255.255.255, bits=64, commit=e04ebdb8, modified=1, pid=2041976, just started
2041976:C 03 Jan 2024 14:07:07.476 * Configuration loaded
2041976:M 03 Jan 2024 14:07:07.476 * monotonic clock: POSIX clock_gettime
2041976:M 03 Jan 2024 14:07:07.476 * Running mode=standalone, port=5051.
2041976:M 03 Jan 2024 14:07:07.483 * <raft> RedisRaft version 255.255.255 [b779b199]
2041976:M 03 Jan 2024 14:07:07.488 * <raft> Initializing test network
2041976:M 03 Jan 2024 14:07:07.489 * <raft> Created test network client
2041976:M 03 Jan 2024 14:07:07.490 * <raft> Raft module loaded, state is 'uninitialized'
2041976:M 03 Jan 2024 14:07:07.490 * Module 'raft' loaded from /home/snagendra/Fuzzing/redisraft-fuzzing/redisraft.so
2041976:M 03 Jan 2024 14:07:07.490 * Server initialized
2041976:M 03 Jan 2024 14:07:07.491 . The AOF directory appendonlydir doesn't exist
2041976:M 03 Jan 2024 14:07:07.491 * Ready to accept connections tcp
2041976:M 03 Jan 2024 14:07:07.491 - Accepted 127.0.0.1:33406
2041976:M 03 Jan 2024 14:07:07.491 # Missing implement of connection type tls
2041976:M 03 Jan 2024 14:07:07.491 . 1 clients connected (0 replicas), 1744056 bytes in use
2041976:M 03 Jan 2024 14:07:07.497 * <raft> Cluster Membership: term:0 index:0 nodes: id=1,voting=0,active=1,addr=-
2041976:M 03 Jan 2024 14:07:07.502 * <raft> State change: Node is now a leader, term 1
2041976:M 03 Jan 2024 14:07:07.502 * <raft> Cluster Membership: term:1 index:1 nodes: id=1,voting=0,active=1,addr=-
2041976:M 03 Jan 2024 14:07:07.503 * <raft> Test network starting message polling thread
2041976:M 03 Jan 2024 14:07:07.503 * <raft> Raft Cluster initialized, node id: 1, dbid: c5e2ce1f18d86c26413abf3a0abc3bdd
2041976:M 03 Jan 2024 14:07:07.621 - Accepted 127.0.0.1:33408
2041976:M 03 Jan 2024 14:07:07.622 * <raft> Cluster Membership: term:1 index:3 nodes: id=1,voting=1,active=1,addr=- id=2,voting=0,active=1,addr=localhost:5052
2041976:M 03 Jan 2024 14:07:07.629 - Client closed connection id=9 addr=127.0.0.1:33408 laddr=127.0.0.1:5051 fd=12 name= age=0 idle=0 flags=N db=0 sub=0 psub=0 ssub=0 multi=-1 qbuf=0 qbuf-free=20474 argv-mem=0 multi-mem=0 rbs=16384 rbp=16384 obl=0 oll=0 omem=0 tot-mem=37760 events=r cmd=raft.node user=default redir=-1 resp=2 lib-name= lib-ver=
2041976:M 03 Jan 2024 14:07:07.747 - Accepted 127.0.0.1:33412
2041976:M 03 Jan 2024 14:07:07.748 * <raft> Cluster Membership: term:1 index:4 nodes: id=1,voting=1,active=1,addr=- id=2,voting=0,active=1,addr=localhost:5052 id=3,voting=0,active=1,addr=localhost:5053
2041976:M 03 Jan 2024 14:07:07.755 - Client closed connection id=10 addr=127.0.0.1:33412 laddr=127.0.0.1:5051 fd=13 name= age=0 idle=0 flags=N db=0 sub=0 psub=0 ssub=0 multi=-1 qbuf=0 qbuf-free=20474 argv-mem=0 multi-mem=0 rbs=16384 rbp=16384 obl=0 oll=0 omem=0 tot-mem=37760 events=r cmd=raft.node user=default redir=-1 resp=2 lib-name= lib-ver=
2041976:M 03 Jan 2024 14:07:07.847 - Accepted 127.0.0.1:33428
2041976:M 03 Jan 2024 14:07:08.320 * <raft> node:3 has sufficient logs, adding as voting node.
2041976:M 03 Jan 2024 14:07:08.797 * <raft> State change: Node is now a follower, term 1
2041976:M 03 Jan 2024 14:07:08.797 * <raft> Cluster Membership: term:1 index:5 nodes: id=1,voting=1,active=1,addr=- id=2,voting=0,active=1,addr=localhost:5052 id=3,voting=1,active=1,addr=localhost:5053
2041976:M 03 Jan 2024 14:07:09.198 * <raft> State change: Election starting, node is now a pre-candidate, term 1
2041976:M 03 Jan 2024 14:07:09.198 * <raft> Cluster Membership: term:1 index:5 nodes: id=1,voting=1,active=1,addr=- id=2,voting=0,active=1,addr=localhost:5052 id=3,voting=1,active=1,addr=localhost:5053
2041976:signal-handler (1704287229) Received SIGINT scheduling shutdown...
2041976:signal-handler (1704287229) You insist... exiting now.
2042854:C 03 Jan 2024 14:07:09.618 # WARNING Memory overcommit must be enabled! Without it, a background save or replication may fail under low memory condition. Being disabled, it can also cause failures without low memory condition, see https://github.com/jemalloc/jemalloc/issues/1328. To fix this issue add 'vm.overcommit_memory = 1' to /etc/sysctl.conf and then reboot or run the command 'sysctl vm.overcommit_memory=1' for this to take effect.
2042854:C 03 Jan 2024 14:07:09.618 * oO0OoO0OoO0Oo Redis is starting oO0OoO0OoO0Oo
2042854:C 03 Jan 2024 14:07:09.618 * Redis version=255.255.255, bits=64, commit=e04ebdb8, modified=1, pid=2042854, just started
2042854:C 03 Jan 2024 14:07:09.618 * Configuration loaded
2042854:M 03 Jan 2024 14:07:09.619 * monotonic clock: POSIX clock_gettime
2042854:M 03 Jan 2024 14:07:09.619 * Running mode=standalone, port=5051.
2042854:M 03 Jan 2024 14:07:09.625 * <raft> RedisRaft version 255.255.255 [b779b199]
2042854:M 03 Jan 2024 14:07:09.630 * <raft> Initializing test network
2042854:M 03 Jan 2024 14:07:09.630 * <raft> Created test network client
2042854:M 03 Jan 2024 14:07:09.633 * <raft> Raft module loaded, state is 'loading'
2042854:M 03 Jan 2024 14:07:09.633 * Module 'raft' loaded from /home/snagendra/Fuzzing/redisraft-fuzzing/redisraft.so
2042854:M 03 Jan 2024 14:07:09.634 * Server initialized
2042854:M 03 Jan 2024 14:07:09.634 . The AOF directory appendonlydir doesn't exist
2042854:M 03 Jan 2024 14:07:09.634 * Ready to accept connections tcp
2042854:M 03 Jan 2024 14:07:09.634 . 0 clients connected (0 replicas), 1746752 bytes in use
2042854:M 03 Jan 2024 14:07:09.734 * <raft> Loading: Redis loading complete, snapshot NOT LOADED
2042854:M 03 Jan 2024 14:07:09.735 * <raft> Cluster Membership: term:0 index:0 nodes: id=1,voting=0,active=1,addr=-
2042854:M 03 Jan 2024 14:07:09.735 * <raft> Test network starting message polling thread


=== REDIS BUG REPORT START: Cut & paste starting from here ===
2042854:M 03 Jan 2024 14:07:09.735 # === ASSERTION FAILED ===
2042854:M 03 Jan 2024 14:07:09.735 # ==> /home/snagendra/Fuzzing/redisraft-fuzzing/src/log.c:509 'ety != NULL' is not true
2042854:M 03 Jan 2024 14:07:09.735 # === ASSERTION FAILED ===
2042854:M 03 Jan 2024 14:07:09.735 # ==> /home/snagendra/Fuzzing/redisraft-fuzzing/src/log.c:509 'ety != NULL' is not true

------ STACK TRACE ------

Backtrace:

------ STACK TRACE ------

Backtrace:
/home/snagendra/Fuzzing/redisraft-fuzzing/redisraft.so(+0x25e00)[0x7f66e9cafe00]
/home/snagendra/Fuzzing/redisraft-fuzzing/redisraft.so(LogGet+0x60)[0x7f66e9cb11b0]
/home/snagendra/Fuzzing/redisraft-fuzzing/redisraft.so(+0x272ef)[0x7f66e9cb12ef]
/home/snagendra/Fuzzing/redisraft-fuzzing/redisraft.so(raft_get_entry_from_idx+0x1a)[0x7f66e9cc545a]
/home/snagendra/Fuzzing/redisraft-fuzzing/redisraft.so(raft_get_last_log_term+0x36)[0x7f66e9ccb346]
/home/snagendra/Fuzzing/redisraft-fuzzing/redisraft.so(raft_recv_requestvote+0x16f)[0x7f66e9cc608f]
/home/snagendra/Fuzzing/redisraft-fuzzing/redisraft.so(handleTestNetworkMessage+0x1a2)[0x7f66e9cbf512]
/home/snagendra/Fuzzing/redisraft-fuzzing/redisraft.so(poll_redis_test_messages+0x89)[0x7f66e9cbf5c9]
/lib/x86_64-linux-gnu/libc.so.6(+0x89044)[0x7f66e9da0044]
/lib/x86_64-linux-gnu/libc.so.6(+0x10961c)[0x7f66e9e2061c]

------ INFO OUTPUT ------
/home/snagendra/Fuzzing/redisraft-fuzzing/redisraft.so(+0x25e00)[0x7f66e9cafe00]
/home/snagendra/Fuzzing/redisraft-fuzzing/redisraft.so(LogGet+0x60)[0x7f66e9cb11b0]
/home/snagendra/Fuzzing/redisraft-fuzzing/redisraft.so(+0x272ef)[0x7f66e9cb12ef]
/home/snagendra/Fuzzing/redisraft-fuzzing/redisraft.so(raft_restore_log+0x54)[0x7f66e9cca8d4]
/home/snagendra/Fuzzing/redisraft-fuzzing/redisraft.so(callRaftPeriodic+0x131)[0x7f66e9cb6d41]
/home/snagendra/Fuzzing/redis/src/redis-server 0.0.0.0:5051(moduleTimerHandler+0x21c)[0x5582b6b3f98c]
/home/snagendra/Fuzzing/redis/src/redis-server 0.0.0.0:5051(+0x81705)[0x5582b6a49705]
/home/snagendra/Fuzzing/redis/src/redis-server 0.0.0.0:5051(aeMain+0x1c8)[0x5582b6a53cb8]
/home/snagendra/Fuzzing/redis/src/redis-server 0.0.0.0:5051(main+0x3cd)[0x5582b6a48e2d]
/lib/x86_64-linux-gnu/libc.so.6(+0x271ca)[0x7f66e9d3e1ca]
/lib/x86_64-linux-gnu/libc.so.6(__libc_start_main+0x85)[0x7f66e9d3e285]
# Server
redis_version:255.255.255
redis_git_sha1:e04ebdb8
redis_git_dirty:1
redis_build_id:1f78dcc7b4fbdd25
redis_mode:standalone
os:Linux 6.1.60.1.amd64-smp x86_64
arch_bits:64
monotonic_clock:POSIX clock_gettime
multiplexing_api:epoll
atomicvar_api:c11-builtin
gcc_version:10.2.1
process_id:2042854
process_supervised:no
run_id:c1c5b6703d6bb5a29f6e008f98c66f9c10e6ef0c
tcp_port:5051
server_time_usec:1704287229734653
uptime_in_seconds:0
uptime_in_days:0
hz:10
configured_hz:10
lru_clock:9788413
executable:/home/snagendra/Fuzzing/redis/src/redis-server
config_file:
io_threads_active:0
listener0:name=tcp,bind=0.0.0.0,port=5051

# Clients
connected_clients:0
cluster_connections:0
maxclients:10000
client_recent_max_input_buffer:0
client_recent_max_output_buffer:0
blocked_clients:0
tracking_clients:0
clients_in_timeout_table:0
total_blocking_keys:0
total_blocking_keys_on_nokey:0

# Memory
used_memory:1753968
used_memory_human:1.67M
used_memory_rss:17899520
used_memory_rss_human:17.07M
used_memory_peak:1753968
used_memory_peak_human:1.67M
used_memory_peak_perc:100.41%
used_memory_overhead:1746792
used_memory_startup:1746608
used_memory_dataset:7176
used_memory_dataset_perc:97.50%
allocator_allocated:2046352
allocator_active:2588672
allocator_resident:10821632
total_system_memory:270388695040
total_system_memory_human:251.82G
used_memory_lua:31744
used_memory_vm_eval:31744
used_memory_lua_human:31.00K
used_memory_scripts_eval:0
number_of_cached_scripts:0
number_of_functions:0
number_of_libraries:0
used_memory_vm_functions:32768
used_memory_vm_total:64512
used_memory_vm_total_human:63.00K
used_memory_functions:184
used_memory_scripts:184
used_memory_scripts_human:184B
maxmemory:0
maxmemory_human:0B
maxmemory_policy:noeviction
allocator_frag_ratio:1.27
allocator_frag_bytes:542320
allocator_rss_ratio:4.18
allocator_rss_bytes:8232960
rss_overhead_ratio:1.65
rss_overhead_bytes:7077888
mem_fragmentation_ratio:10.25
mem_fragmentation_bytes:16152768
mem_not_counted_for_evict:0
mem_replication_backlog:0
mem_total_replication_buffers:0
mem_clients_slaves:0
mem_clients_normal:0
mem_cluster_links:0
mem_aof_buffer:0
mem_allocator:jemalloc-5.3.0
active_defrag_running:0
lazyfree_pending_objects:0
lazyfreed_objects:0

# Persistence
loading:0
async_loading:0
current_cow_peak:0
current_cow_size:0
current_cow_size_age:0
current_fork_perc:0.00
current_save_keys_processed:0
current_save_keys_total:0
rdb_changes_since_last_save:0
rdb_bgsave_in_progress:0
rdb_last_save_time:1704287229
rdb_last_bgsave_status:ok
rdb_last_bgsave_time_sec:-1
rdb_current_bgsave_time_sec:-1
rdb_saves:0
rdb_last_cow_size:0
rdb_last_load_keys_expired:0
rdb_last_load_keys_loaded:0
aof_enabled:0
aof_rewrite_in_progress:0
aof_rewrite_scheduled:0
aof_last_rewrite_time_sec:-1
aof_current_rewrite_time_sec:-1
aof_last_bgrewrite_status:ok
aof_rewrites:0
aof_rewrites_consecutive_failures:0
aof_last_write_status:ok
aof_last_cow_size:0
module_fork_in_progress:0
module_fork_last_cow_size:0

# Stats
total_connections_received:0
total_commands_processed:6
instantaneous_ops_per_sec:25
total_net_input_bytes:0
total_net_output_bytes:0
total_net_repl_input_bytes:0
total_net_repl_output_bytes:0
instantaneous_input_kbps:0.00
instantaneous_output_kbps:0.00
instantaneous_input_repl_kbps:0.00
instantaneous_output_repl_kbps:0.00
rejected_connections:0
sync_full:0
sync_partial_ok:0
sync_partial_err:0
expired_keys:0
expired_stale_perc:0.00
expired_time_cap_reached_count:0
expire_cycle_cpu_milliseconds:0
evicted_keys:0
evicted_clients:0
total_eviction_exceeded_time:0
current_eviction_exceeded_time:0
keyspace_hits:0
keyspace_misses:0
pubsub_channels:0
pubsub_patterns:0
pubsubshard_channels:0
latest_fork_usec:0
total_forks:0
migrate_cached_sockets:0
slave_expires_tracked_keys:0
active_defrag_hits:0
active_defrag_misses:0
active_defrag_key_hits:0
active_defrag_key_misses:0
total_active_defrag_time:0
current_active_defrag_time:0
tracking_total_keys:0
tracking_total_items:0
tracking_total_prefixes:0
unexpected_error_replies:0
total_error_replies:0
dump_payload_sanitizations:0
total_reads_processed:0
total_writes_processed:0
io_threaded_reads_processed:0
io_threaded_writes_processed:0
reply_buffer_shrinks:0
reply_buffer_expands:0
acl_access_denied_auth:0
acl_access_denied_cmd:0
acl_access_denied_key:0
acl_access_denied_channel:0

# Replication
role:master
connected_slaves:0
master_failover_state:no-failover
master_replid:6ef28990ae773531d4e760269f4e44cf1eb9a5ff
master_replid2:0000000000000000000000000000000000000000
master_repl_offset:0
second_repl_offset:-1
repl_backlog_active:0
repl_backlog_size:1048576
repl_backlog_first_byte_offset:0
repl_backlog_histlen:0

# CPU
used_cpu_sys:0.004326
used_cpu_user:0.012979
used_cpu_sys_children:0.000000
used_cpu_user_children:0.000000
used_cpu_sys_main_thread:0.000000
used_cpu_user_main_thread:0.000533

# Modules
module:name=raft,ver=1,api=1,filters=1,usedby=[],using=[],options=[]

# Commandstats
cmdstat_command:calls=2,usec=1532,usec_per_call=766.00,rejected_calls=0,failed_calls=0
cmdstat_config|get:calls=3,usec=4,usec_per_call=1.33,rejected_calls=0,failed_calls=0
cmdstat_config|set:calls=1,usec=6,usec_per_call=6.00,rejected_calls=0,failed_calls=0

# Errorstats

# Latencystats
latency_percentiles_usec_command:p50=671.743,p99=864.255,p99.9=864.255
latency_percentiles_usec_config|get:p50=1.003,p99=2.007,p99.9=2.007
latency_percentiles_usec_config|set:p50=6.015,p99=6.015,p99.9=6.015

# Cluster
cluster_enabled:0

# Keyspace

------ CLIENT LIST OUTPUT ------

------ MODULES INFO OUTPUT ------
/home/snagendra/Fuzzing/redis/src/redis-server 0.0.0.0:5051(_start+0x2a)[0x5582b6a495aa]

------ INFO OUTPUT ------
# raft_version
raft_version:255.255.255
raft_git_sha1:b779b199

# raft_general
raft_dbid:c5e2ce1f18d86c26413abf3a0abc3bdd
raft_node_id:1
raft_state:up
raft_role:follower
raft_is_voting:yes
raft_voted_for:-1
raft_leader_id:-1
raft_current_term:0
raft_num_nodes:1
raft_num_voting_nodes:1

# raft_log
raft_log_entries:5
raft_current_index:5
raft_commit_index:0
raft_last_applied_index:0
raft_file_size:1526
raft_cache_memory_size:0
raft_cache_entries:0
raft_client_attached_entries:0
raft_fsync_count:0
raft_fsync_max_microseconds:0
raft_entry1:term=1,id=0,data_len=0
raft_entry2:term=1,id=246073007,data_len=264
raft_entry3:term=1,id=1053181407,data_len=264
raft_entry4:term=1,id=1518995799,data_len=264
raft_fsync_avg_microseconds:0

# raft_snapshot
raft_snapshot_filename:redis1.rdb
raft_snapshot_last_idx:0
raft_snapshot_last_term:0
raft_snapshot_size:0
raft_snapshot_time_secs:-1
raft_snapshots_created:0
raft_snapshots_received:0
raft_snapshot_in_progress:no
raft_snapshot_in_progress_last_idx:-1
raft_snapshot_in_progress_last_term:-1

# raft_clients
raft_proxy_reqs:0
raft_proxy_failed_reqs:0
raft_proxy_failed_responses:0
raft_proxy_outstanding_reqs:0

# raft_stats
raft_appendreq_received:0
raft_appendreq_with_entry_received:0
raft_snapshotreq_received:0
raft_exec_throttled:0
raft_num_sessions:0
# Server
redis_version:255.255.255
redis_git_sha1:e04ebdb8
redis_git_dirty:1
redis_build_id:1f78dcc7b4fbdd25
redis_mode:standalone
os:Linux 6.1.60.1.amd64-smp x86_64
arch_bits:64
monotonic_clock:POSIX clock_gettime
multiplexing_api:epoll
atomicvar_api:c11-builtin
gcc_version:10.2.1
process_id:2042854
process_supervised:no
run_id:c1c5b6703d6bb5a29f6e008f98c66f9c10e6ef0c
tcp_port:5051
server_time_usec:1704287229734653
uptime_in_seconds:0
uptime_in_days:0
hz:10
configured_hz:10
lru_clock:9788413
executable:/home/snagendra/Fuzzing/redis/src/redis-server
config_file:
io_threads_active:0
listener0:name=tcp,bind=0.0.0.0,port=5051

# Clients
connected_clients:0
cluster_connections:0
maxclients:10000
client_recent_max_input_buffer:0
client_recent_max_output_buffer:0
blocked_clients:0
tracking_clients:0
clients_in_timeout_table:0
total_blocking_keys:0
total_blocking_keys_on_nokey:0

# Memory
used_memory:1754120
used_memory_human:1.67M
used_memory_rss:17899520
used_memory_rss_human:17.07M
used_memory_peak:1754120
used_memory_peak_human:1.67M
used_memory_peak_perc:100.01%
used_memory_overhead:1746792
used_memory_startup:1746608
used_memory_dataset:7328
used_memory_dataset_perc:97.55%
allocator_allocated:2046352
allocator_active:2588672
allocator_resident:10821632
total_system_memory:270388695040
total_system_memory_human:251.82G
used_memory_lua:31744
used_memory_vm_eval:31744
used_memory_lua_human:31.00K
used_memory_scripts_eval:0
number_of_cached_scripts:0
number_of_functions:0
number_of_libraries:0
used_memory_vm_functions:32768
used_memory_vm_total:64512
used_memory_vm_total_human:63.00K
used_memory_functions:184
used_memory_scripts:184
used_memory_scripts_human:184B
maxmemory:0
maxmemory_human:0B
maxmemory_policy:noeviction
allocator_frag_ratio:1.27
allocator_frag_bytes:542320
allocator_rss_ratio:4.18
allocator_rss_bytes:8232960
rss_overhead_ratio:1.65
rss_overhead_bytes:7077888
mem_fragmentation_ratio:10.25
mem_fragmentation_bytes:16152768
mem_not_counted_for_evict:0
mem_replication_backlog:0
mem_total_replication_buffers:0
mem_clients_slaves:0
mem_clients_normal:0
mem_cluster_links:0
mem_aof_buffer:0
mem_allocator:jemalloc-5.3.0
active_defrag_running:0
lazyfree_pending_objects:0
lazyfreed_objects:0

# Persistence
loading:0
async_loading:0
current_cow_peak:0
current_cow_size:0
current_cow_size_age:0
current_fork_perc:0.00
current_save_keys_processed:0
current_save_keys_total:0
rdb_changes_since_last_save:0
rdb_bgsave_in_progress:0
rdb_last_save_time:1704287229
rdb_last_bgsave_status:ok
rdb_last_bgsave_time_sec:-1
rdb_current_bgsave_time_sec:-1
rdb_saves:0
rdb_last_cow_size:0
rdb_last_load_keys_expired:0
rdb_last_load_keys_loaded:0
aof_enabled:0
aof_rewrite_in_progress:0
aof_rewrite_scheduled:0
aof_last_rewrite_time_sec:-1
aof_current_rewrite_time_sec:-1
aof_last_bgrewrite_status:ok
aof_rewrites:0
aof_rewrites_consecutive_failures:0
aof_last_write_status:ok
aof_last_cow_size:0
module_fork_in_progress:0
module_fork_last_cow_size:0

# Stats
total_connections_received:0
total_commands_processed:6
instantaneous_ops_per_sec:25
total_net_input_bytes:0
total_net_output_bytes:0
total_net_repl_input_bytes:0
total_net_repl_output_bytes:0
instantaneous_input_kbps:0.00
instantaneous_output_kbps:0.00
instantaneous_input_repl_kbps:0.00
instantaneous_output_repl_kbps:0.00
rejected_connections:0
sync_full:0
sync_partial_ok:0
sync_partial_err:0
expired_keys:0
expired_stale_perc:0.00
expired_time_cap_reached_count:0
expire_cycle_cpu_milliseconds:0
evicted_keys:0
evicted_clients:0
total_eviction_exceeded_time:0
current_eviction_exceeded_time:0
keyspace_hits:0
keyspace_misses:0
pubsub_channels:0
pubsub_patterns:0
pubsubshard_channels:0
latest_fork_usec:0
total_forks:0
migrate_cached_sockets:0
slave_expires_tracked_keys:0
active_defrag_hits:0
active_defrag_misses:0
active_defrag_key_hits:0
active_defrag_key_misses:0
total_active_defrag_time:0
current_active_defrag_time:0
tracking_total_keys:0
tracking_total_items:0
tracking_total_prefixes:0
unexpected_error_replies:0
total_error_replies:0
dump_payload_sanitizations:0
total_reads_processed:0
total_writes_processed:0
io_threaded_reads_processed:0
io_threaded_writes_processed:0
reply_buffer_shrinks:0
reply_buffer_expands:0
acl_access_denied_auth:0
acl_access_denied_cmd:0
acl_access_denied_key:0
acl_access_denied_channel:0

# Replication
role:master
connected_slaves:0
master_failover_state:no-failover
master_replid:6ef28990ae773531d4e760269f4e44cf1eb9a5ff
master_replid2:0000000000000000000000000000000000000000
master_repl_offset:0
second_repl_offset:-1
repl_backlog_active:0
repl_backlog_size:1048576
repl_backlog_first_byte_offset:0
repl_backlog_histlen:0

# CPU
used_cpu_sys:0.004428
used_cpu_user:0.013286
used_cpu_sys_children:0.000000
used_cpu_user_children:0.000000
used_cpu_sys_main_thread:0.004082
used_cpu_user_main_thread:0.012248

# Modules
module:name=raft,ver=1,api=1,filters=1,usedby=[],using=[],options=[]

# Commandstats
cmdstat_command:calls=2,usec=1532,usec_per_call=766.00,rejected_calls=0,failed_calls=0
cmdstat_config|get:calls=3,usec=4,usec_per_call=1.33,rejected_calls=0,failed_calls=0
cmdstat_config|set:calls=1,usec=6,usec_per_call=6.00,rejected_calls=0,failed_calls=0

# Errorstats

# Latencystats
latency_percentiles_usec_command:p50=671.743,p99=864.255,p99.9=864.255
latency_percentiles_usec_config|get:p50=1.003,p99=2.007,p99.9=2.007
latency_percentiles_usec_config|set:p50=6.015,p99=6.015,p99.9=6.015

# Cluster
cluster_enabled:0

# Keyspace

------ CLIENT LIST OUTPUT ------

------ CONFIG DEBUG OUTPUT ------

------ MODULES INFO OUTPUT ------
io-threads-do-reads no
lazyfree-lazy-user-flush no
replica-read-only yes
lazyfree-lazy-eviction no
proto-max-bulk-len 512mb
lazyfree-lazy-user-del no
activedefrag no
lazyfree-lazy-server-del no
repl-diskless-sync yes
sanitize-dump-payload no
repl-diskless-load disabled
slave-read-only yes
io-threads 1
lazyfree-lazy-expire no
list-compress-depth 0
client-query-buffer-limit 1gb

------ FAST MEMORY TEST ------
2042854:M 03 Jan 2024 14:07:09.736 # main thread terminated
2042854:M 03 Jan 2024 14:07:09.736 # Bio worker thread #0 terminated
2042854:M 03 Jan 2024 14:07:09.736 # Bio worker thread #1 terminated
2042854:M 03 Jan 2024 14:07:09.736 # Bio worker thread #2 terminated

Fast memory test PASSED, however your memory can still be broken. Please run a memory test for several hours if possible.

=== REDIS BUG REPORT END. Make sure to include from START to END. ===

       Please report the crash by opening an issue on github:

           http://github.com/redis/redis/issues

  If a Redis module was involved, please open in the module's repo instead.

  Suspect RAM error? Use redis-server --test-memory to verify it.

  Some other issues could be detected by redis-server --check-system
2043233:C 03 Jan 2024 14:07:10.427 # WARNING Memory overcommit must be enabled! Without it, a background save or replication may fail under low memory condition. Being disabled, it can also cause failures without low memory condition, see https://github.com/jemalloc/jemalloc/issues/1328. To fix this issue add 'vm.overcommit_memory = 1' to /etc/sysctl.conf and then reboot or run the command 'sysctl vm.overcommit_memory=1' for this to take effect.
2043233:C 03 Jan 2024 14:07:10.427 * oO0OoO0OoO0Oo Redis is starting oO0OoO0OoO0Oo
2043233:C 03 Jan 2024 14:07:10.427 * Redis version=255.255.255, bits=64, commit=e04ebdb8, modified=1, pid=2043233, just started
2043233:C 03 Jan 2024 14:07:10.427 * Configuration loaded
2043233:M 03 Jan 2024 14:07:10.427 * monotonic clock: POSIX clock_gettime
2043233:M 03 Jan 2024 14:07:10.428 * Running mode=standalone, port=5051.
2043233:M 03 Jan 2024 14:07:10.435 * <raft> RedisRaft version 255.255.255 [b779b199]
2043233:M 03 Jan 2024 14:07:10.440 * <raft> Initializing test network
2043233:M 03 Jan 2024 14:07:10.441 * <raft> Created test network client
2043233:M 03 Jan 2024 14:07:10.445 * <raft> Raft module loaded, state is 'loading'
2043233:M 03 Jan 2024 14:07:10.445 * Module 'raft' loaded from /home/snagendra/Fuzzing/redisraft-fuzzing/redisraft.so
2043233:M 03 Jan 2024 14:07:10.446 * Server initialized
2043233:M 03 Jan 2024 14:07:10.446 . The AOF directory appendonlydir doesn't exist
2043233:M 03 Jan 2024 14:07:10.446 * Ready to accept connections tcp
2043233:M 03 Jan 2024 14:07:10.446 . 0 clients connected (0 replicas), 1746656 bytes in use
2043233:M 03 Jan 2024 14:07:10.486 - Accepted 127.0.0.1:33578
2043233:M 03 Jan 2024 14:07:10.486 # Missing implement of connection type tls
2043233:M 03 Jan 2024 14:07:10.488 - Accepted 127.0.0.1:33592
2043233:M 03 Jan 2024 14:07:10.546 * <raft> Loading: Redis loading complete, snapshot NOT LOADED
2043233:M 03 Jan 2024 14:07:10.546 * <raft> Cluster Membership: term:0 index:0 nodes: id=1,voting=0,active=1,addr=-
2043233:M 03 Jan 2024 14:07:10.547 * <raft> Test network starting message polling thread
2043233:M 03 Jan 2024 14:07:10.547 * <raft> Cluster Membership: term:0 index:5 nodes: id=1,voting=1,active=1,addr=- id=2,voting=0,active=1,addr=localhost:5052
2043233:M 03 Jan 2024 14:07:10.547 * <raft> Cluster Membership: term:0 index:5 nodes: id=1,voting=1,active=1,addr=- id=2,voting=0,active=1,addr=localhost:5052 id=3,voting=0,active=1,addr=localhost:5053
2043233:M 03 Jan 2024 14:07:10.547 * <raft> Raft state after loading log: log_count=5, first_idx=1, current_idx=5, last_applied_idx=0
2043233:M 03 Jan 2024 14:07:10.547 . <raft> Raft term=1, vote=-1
2043233:M 03 Jan 2024 14:07:10.594 # <raft> Redis connection authentication failed: connection died
2043233:M 03 Jan 2024 14:07:10.892 - Client closed connection id=9 addr=127.0.0.1:33592 laddr=127.0.0.1:5051 fd=12 name= age=0 idle=0 flags=N db=0 sub=0 psub=0 ssub=0 multi=-1 qbuf=0 qbuf-free=20474 argv-mem=0 multi-mem=0 rbs=1024 rbp=0 obl=0 oll=0 omem=0 tot-mem=22400 events=r cmd=auth user=default redir=-1 resp=2 lib-name= lib-ver=
2043233:signal-handler (1704287230) Received SIGINT scheduling shutdown...
2043233:signal-handler (1704287230) You insist... exiting now.

----- Stderr -----
libgcov profiling error:/home/snagendra/Fuzzing/redisraft-fuzzing/build/deps/raft/CMakeFiles/raft.dir/src/raft_server.c.gcda:Merge mismatch for function 4
libgcov profiling error:/home/snagendra/Fuzzing/redisraft-fuzzing/build/deps/raft/CMakeFiles/raft.dir/src/raft_server.c.gcda:Merge mismatch for function 4



