logs for node: 2

----- Stdout -----
1066070:C 03 Jan 2024 16:05:04.202 # WARNING Memory overcommit must be enabled! Without it, a background save or replication may fail under low memory condition. Being disabled, it can also cause failures without low memory condition, see https://github.com/jemalloc/jemalloc/issues/1328. To fix this issue add 'vm.overcommit_memory = 1' to /etc/sysctl.conf and then reboot or run the command 'sysctl vm.overcommit_memory=1' for this to take effect.
1066070:C 03 Jan 2024 16:05:04.202 * oO0OoO0OoO0Oo Redis is starting oO0OoO0OoO0Oo
1066070:C 03 Jan 2024 16:05:04.202 * Redis version=255.255.255, bits=64, commit=e04ebdb8, modified=1, pid=1066070, just started
1066070:C 03 Jan 2024 16:05:04.202 * Configuration loaded
1066070:M 03 Jan 2024 16:05:04.202 * monotonic clock: POSIX clock_gettime
1066070:M 03 Jan 2024 16:05:04.203 * Running mode=standalone, port=5022.
1066070:M 03 Jan 2024 16:05:04.209 * <raft> RedisRaft version 255.255.255 [b779b199]
1066070:M 03 Jan 2024 16:05:04.214 * <raft> Initializing test network
1066070:M 03 Jan 2024 16:05:04.215 * <raft> Created test network client
1066070:M 03 Jan 2024 16:05:04.215 * <raft> Raft module loaded, state is 'uninitialized'
1066070:M 03 Jan 2024 16:05:04.215 * Module 'raft' loaded from /home/snagendra/Fuzzing/redisraft-fuzzing/redisraft.so
1066070:M 03 Jan 2024 16:05:04.216 * Server initialized
1066070:M 03 Jan 2024 16:05:04.216 . The AOF directory appendonlydir doesn't exist
1066070:M 03 Jan 2024 16:05:04.217 * Ready to accept connections tcp
1066070:M 03 Jan 2024 16:05:04.217 . 0 clients connected (0 replicas), 1726192 bytes in use
1066070:M 03 Jan 2024 16:05:04.247 - Accepted 127.0.0.1:47462
1066070:M 03 Jan 2024 16:05:04.247 # Missing implement of connection type tls
1066070:M 03 Jan 2024 16:05:04.316 - <raft> join cluster, connecting to localhost:5021
1066070:M 03 Jan 2024 16:05:04.317 * <raft> Joined Raft cluster, node id: 2, dbid: 77fc670738feb56edc99f4d206b85f74
1066070:M 03 Jan 2024 16:05:04.324 * <raft> Cluster Membership: term:0 index:0 nodes: id=2,voting=0,active=1,addr=-
1066070:M 03 Jan 2024 16:05:04.324 * <raft> Test network starting message polling thread
1066070:M 03 Jan 2024 16:05:04.368 - Accepted 127.0.0.1:47468
1066070:M 03 Jan 2024 16:05:04.641 * <raft> Cluster Membership: term:1 index:2 nodes: id=2,voting=0,active=1,addr=- id=1,voting=1,active=1,addr=localhost:5021
1066070:M 03 Jan 2024 16:05:04.710 - Client closed connection id=9 addr=127.0.0.1:47468 laddr=127.0.0.1:5022 fd=10 name= age=0 idle=0 flags=N db=0 sub=0 psub=0 ssub=0 multi=-1 qbuf=0 qbuf-free=20474 argv-mem=0 multi-mem=0 rbs=1024 rbp=0 obl=0 oll=0 omem=0 tot-mem=22400 events=r cmd=auth user=default redir=-1 resp=2 lib-name= lib-ver=
1066070:M 03 Jan 2024 16:05:04.835 * <raft> Cluster Membership: term:1 index:4 nodes: id=2,voting=0,active=1,addr=- id=1,voting=1,active=1,addr=localhost:5021 id=3,voting=0,active=1,addr=localhost:5023
1066070:signal-handler (1704294304) Received SIGINT scheduling shutdown...
1066070:M 03 Jan 2024 16:05:05.028 * User requested shutdown...
1066070:M 03 Jan 2024 16:05:05.028 # Redis is now ready to exit, bye bye...
1067511:C 03 Jan 2024 16:05:07.205 # WARNING Memory overcommit must be enabled! Without it, a background save or replication may fail under low memory condition. Being disabled, it can also cause failures without low memory condition, see https://github.com/jemalloc/jemalloc/issues/1328. To fix this issue add 'vm.overcommit_memory = 1' to /etc/sysctl.conf and then reboot or run the command 'sysctl vm.overcommit_memory=1' for this to take effect.
1067511:C 03 Jan 2024 16:05:07.205 * oO0OoO0OoO0Oo Redis is starting oO0OoO0OoO0Oo
1067511:C 03 Jan 2024 16:05:07.205 * Redis version=255.255.255, bits=64, commit=e04ebdb8, modified=1, pid=1067511, just started
1067511:C 03 Jan 2024 16:05:07.205 * Configuration loaded
1067511:M 03 Jan 2024 16:05:07.206 * monotonic clock: POSIX clock_gettime
1067511:M 03 Jan 2024 16:05:07.206 * Running mode=standalone, port=5022.
1067511:M 03 Jan 2024 16:05:07.213 * <raft> RedisRaft version 255.255.255 [b779b199]
1067511:M 03 Jan 2024 16:05:07.218 * <raft> Initializing test network
1067511:M 03 Jan 2024 16:05:07.218 * <raft> Created test network client
1067511:M 03 Jan 2024 16:05:07.221 * <raft> Raft module loaded, state is 'loading'
1067511:M 03 Jan 2024 16:05:07.221 * Module 'raft' loaded from /home/snagendra/Fuzzing/redisraft-fuzzing/redisraft.so
1067511:M 03 Jan 2024 16:05:07.222 * Server initialized
1067511:M 03 Jan 2024 16:05:07.222 . The AOF directory appendonlydir doesn't exist
1067511:M 03 Jan 2024 16:05:07.222 * Ready to accept connections tcp
1067511:M 03 Jan 2024 16:05:07.222 . 0 clients connected (0 replicas), 1746688 bytes in use
1067511:M 03 Jan 2024 16:05:07.322 * <raft> Loading: Redis loading complete, snapshot NOT LOADED
1067511:M 03 Jan 2024 16:05:07.322 * <raft> Cluster Membership: term:0 index:0 nodes: id=2,voting=0,active=1,addr=-
1067511:M 03 Jan 2024 16:05:07.323 * <raft> Test network starting message polling thread
1067511:M 03 Jan 2024 16:05:07.323 * <raft> Cluster Membership: term:0 index:4 nodes: id=2,voting=0,active=1,addr=- id=1,voting=1,active=1,addr=localhost:5021
1067511:M 03 Jan 2024 16:05:07.323 * <raft> Cluster Membership: term:0 index:4 nodes: id=2,voting=0,active=1,addr=- id=1,voting=1,active=1,addr=localhost:5021 id=3,voting=0,active=1,addr=localhost:5023
1067511:M 03 Jan 2024 16:05:07.323 * <raft> Raft state after loading log: log_count=4, first_idx=1, current_idx=4, last_applied_idx=0
1067511:M 03 Jan 2024 16:05:07.323 . <raft> Raft term=1, vote=-1
1067511:M 03 Jan 2024 16:05:07.386 - Accepted 127.0.0.1:47588
1067511:M 03 Jan 2024 16:05:07.386 # Missing implement of connection type tls
1067511:M 03 Jan 2024 16:05:07.624 * <raft> State change: Election starting, node is now a pre-candidate, term 1
1067511:M 03 Jan 2024 16:05:07.624 * <raft> Cluster Membership: term:1 index:4 nodes: id=2,voting=0,active=1,addr=- id=1,voting=1,active=1,addr=localhost:5021 id=3,voting=0,active=1,addr=localhost:5023
1067511:M 03 Jan 2024 16:05:07.677 - Client closed connection id=8 addr=127.0.0.1:47588 laddr=127.0.0.1:5022 fd=12 name= age=0 idle=0 flags=N db=0 sub=0 psub=0 ssub=0 multi=-1 qbuf=0 qbuf-free=20474 argv-mem=0 multi-mem=0 rbs=1024 rbp=0 obl=0 oll=0 omem=0 tot-mem=22400 events=r cmd=auth user=default redir=-1 resp=2 lib-name= lib-ver=
1067511:signal-handler (1704294307) Received SIGINT scheduling shutdown...
1067511:signal-handler (1704294307) You insist... exiting now.

----- Stderr -----
libgcov profiling error:/home/snagendra/Fuzzing/redisraft-fuzzing/build/deps/raft/CMakeFiles/raft.dir/src/raft_server.c.gcda:Merge mismatch for function 4




logs for node: 3

----- Stdout -----
1066106:C 03 Jan 2024 16:05:04.327 # WARNING Memory overcommit must be enabled! Without it, a background save or replication may fail under low memory condition. Being disabled, it can also cause failures without low memory condition, see https://github.com/jemalloc/jemalloc/issues/1328. To fix this issue add 'vm.overcommit_memory = 1' to /etc/sysctl.conf and then reboot or run the command 'sysctl vm.overcommit_memory=1' for this to take effect.
1066106:C 03 Jan 2024 16:05:04.327 * oO0OoO0OoO0Oo Redis is starting oO0OoO0OoO0Oo
1066106:C 03 Jan 2024 16:05:04.327 * Redis version=255.255.255, bits=64, commit=e04ebdb8, modified=1, pid=1066106, just started
1066106:C 03 Jan 2024 16:05:04.327 * Configuration loaded
1066106:M 03 Jan 2024 16:05:04.328 * monotonic clock: POSIX clock_gettime
1066106:M 03 Jan 2024 16:05:04.328 * Running mode=standalone, port=5023.
1066106:M 03 Jan 2024 16:05:04.334 * <raft> RedisRaft version 255.255.255 [b779b199]
1066106:M 03 Jan 2024 16:05:04.339 * <raft> Initializing test network
1066106:M 03 Jan 2024 16:05:04.340 * <raft> Created test network client
1066106:M 03 Jan 2024 16:05:04.340 * <raft> Raft module loaded, state is 'uninitialized'
1066106:M 03 Jan 2024 16:05:04.340 * Module 'raft' loaded from /home/snagendra/Fuzzing/redisraft-fuzzing/redisraft.so
1066106:M 03 Jan 2024 16:05:04.341 * Server initialized
1066106:M 03 Jan 2024 16:05:04.342 . The AOF directory appendonlydir doesn't exist
1066106:M 03 Jan 2024 16:05:04.342 * Ready to accept connections tcp
1066106:M 03 Jan 2024 16:05:04.342 . 0 clients connected (0 replicas), 1726224 bytes in use
1066106:M 03 Jan 2024 16:05:04.356 - Accepted 127.0.0.1:54172
1066106:M 03 Jan 2024 16:05:04.356 # Missing implement of connection type tls
1066106:M 03 Jan 2024 16:05:04.440 - <raft> join cluster, connecting to localhost:5021
1066106:M 03 Jan 2024 16:05:04.442 * <raft> Joined Raft cluster, node id: 3, dbid: 77fc670738feb56edc99f4d206b85f74
1066106:M 03 Jan 2024 16:05:04.449 * <raft> Cluster Membership: term:0 index:0 nodes: id=3,voting=0,active=1,addr=-
1066106:M 03 Jan 2024 16:05:04.449 * <raft> Test network starting message polling thread
1066106:M 03 Jan 2024 16:05:04.470 - Accepted 127.0.0.1:54186
1066106:M 03 Jan 2024 16:05:04.710 - Client closed connection id=9 addr=127.0.0.1:54186 laddr=127.0.0.1:5023 fd=10 name= age=0 idle=0 flags=N db=0 sub=0 psub=0 ssub=0 multi=-1 qbuf=0 qbuf-free=20474 argv-mem=0 multi-mem=0 rbs=1024 rbp=0 obl=0 oll=0 omem=0 tot-mem=22400 events=r cmd=auth user=default redir=-1 resp=2 lib-name= lib-ver=
1066106:M 03 Jan 2024 16:05:04.918 - Accepted 127.0.0.1:54202
1066106:M 03 Jan 2024 16:05:04.942 * <raft> State change: Election starting, node is now a pre-candidate, term 0
1066106:M 03 Jan 2024 16:05:04.942 * <raft> Cluster Membership: term:0 index:0 nodes: id=3,voting=0,active=1,addr=-
1066106:M 03 Jan 2024 16:05:05.040 - Client closed connection id=10 addr=127.0.0.1:54202 laddr=127.0.0.1:5023 fd=10 name= age=1 idle=1 flags=N db=0 sub=0 psub=0 ssub=0 multi=-1 qbuf=0 qbuf-free=20474 argv-mem=0 multi-mem=0 rbs=16384 rbp=0 obl=0 oll=0 omem=0 tot-mem=37760 events=r cmd=auth user=default redir=-1 resp=2 lib-name= lib-ver=
1066106:M 03 Jan 2024 16:05:05.344 * <raft> State change: Election starting, node is now a pre-candidate, term 0
1066106:M 03 Jan 2024 16:05:05.344 * <raft> Cluster Membership: term:0 index:0 nodes: id=3,voting=0,active=1,addr=-
1066106:M 03 Jan 2024 16:05:05.378 * <raft> State change: Node is now a follower, term 1
1066106:M 03 Jan 2024 16:05:05.378 * <raft> Cluster Membership: term:1 index:0 nodes: id=3,voting=0,active=1,addr=-
1066106:M 03 Jan 2024 16:05:05.378 * <raft> Cluster Membership: term:1 index:2 nodes: id=3,voting=0,active=1,addr=- id=1,voting=1,active=1,addr=localhost:5021
1066106:M 03 Jan 2024 16:05:05.379 * <raft> Cluster Membership: term:1 index:3 nodes: id=3,voting=0,active=1,addr=- id=1,voting=1,active=1,addr=localhost:5021 id=2,voting=0,active=1,addr=localhost:5022
1066106:signal-handler (1704294305) Received SIGINT scheduling shutdown...
1066106:signal-handler (1704294305) You insist... exiting now.
1067264:C 03 Jan 2024 16:05:06.748 # WARNING Memory overcommit must be enabled! Without it, a background save or replication may fail under low memory condition. Being disabled, it can also cause failures without low memory condition, see https://github.com/jemalloc/jemalloc/issues/1328. To fix this issue add 'vm.overcommit_memory = 1' to /etc/sysctl.conf and then reboot or run the command 'sysctl vm.overcommit_memory=1' for this to take effect.
1067264:C 03 Jan 2024 16:05:06.748 * oO0OoO0OoO0Oo Redis is starting oO0OoO0OoO0Oo
1067264:C 03 Jan 2024 16:05:06.748 * Redis version=255.255.255, bits=64, commit=e04ebdb8, modified=1, pid=1067264, just started
1067264:C 03 Jan 2024 16:05:06.748 * Configuration loaded
1067264:M 03 Jan 2024 16:05:06.748 * monotonic clock: POSIX clock_gettime
1067264:M 03 Jan 2024 16:05:06.749 * Running mode=standalone, port=5023.
1067264:M 03 Jan 2024 16:05:06.755 * <raft> RedisRaft version 255.255.255 [b779b199]
1067264:M 03 Jan 2024 16:05:06.759 * <raft> Initializing test network
1067264:M 03 Jan 2024 16:05:06.760 * <raft> Created test network client
1067264:M 03 Jan 2024 16:05:06.763 * <raft> Raft module loaded, state is 'loading'
1067264:M 03 Jan 2024 16:05:06.763 * Module 'raft' loaded from /home/snagendra/Fuzzing/redisraft-fuzzing/redisraft.so
1067264:M 03 Jan 2024 16:05:06.764 * Server initialized
1067264:M 03 Jan 2024 16:05:06.764 . The AOF directory appendonlydir doesn't exist
1067264:M 03 Jan 2024 16:05:06.764 * Ready to accept connections tcp
1067264:M 03 Jan 2024 16:05:06.764 . 0 clients connected (0 replicas), 1746848 bytes in use
1067264:M 03 Jan 2024 16:05:06.864 * <raft> Loading: Redis loading complete, snapshot NOT LOADED
1067264:M 03 Jan 2024 16:05:06.865 * <raft> Cluster Membership: term:0 index:0 nodes: id=3,voting=0,active=1,addr=-
1067264:M 03 Jan 2024 16:05:06.865 * <raft> Test network starting message polling thread
1067264:M 03 Jan 2024 16:05:06.865 * <raft> Cluster Membership: term:0 index:4 nodes: id=3,voting=0,active=1,addr=- id=1,voting=1,active=1,addr=localhost:5021
1067264:M 03 Jan 2024 16:05:06.866 * <raft> Cluster Membership: term:0 index:4 nodes: id=3,voting=0,active=1,addr=- id=1,voting=1,active=1,addr=localhost:5021 id=2,voting=0,active=1,addr=localhost:5022
1067264:M 03 Jan 2024 16:05:06.866 * <raft> Raft state after loading log: log_count=4, first_idx=1, current_idx=4, last_applied_idx=0
1067264:M 03 Jan 2024 16:05:06.866 . <raft> Raft term=1, vote=-1
1067264:signal-handler (1704294307) Received SIGINT scheduling shutdown...
1067264:signal-handler (1704294307) You insist... exiting now.
1067543:C 03 Jan 2024 16:05:07.313 # WARNING Memory overcommit must be enabled! Without it, a background save or replication may fail under low memory condition. Being disabled, it can also cause failures without low memory condition, see https://github.com/jemalloc/jemalloc/issues/1328. To fix this issue add 'vm.overcommit_memory = 1' to /etc/sysctl.conf and then reboot or run the command 'sysctl vm.overcommit_memory=1' for this to take effect.
1067543:C 03 Jan 2024 16:05:07.313 * oO0OoO0OoO0Oo Redis is starting oO0OoO0OoO0Oo
1067543:C 03 Jan 2024 16:05:07.313 * Redis version=255.255.255, bits=64, commit=e04ebdb8, modified=1, pid=1067543, just started
1067543:C 03 Jan 2024 16:05:07.313 * Configuration loaded
1067543:M 03 Jan 2024 16:05:07.314 * monotonic clock: POSIX clock_gettime
1067543:M 03 Jan 2024 16:05:07.314 * Running mode=standalone, port=5023.
1067543:M 03 Jan 2024 16:05:07.320 * <raft> RedisRaft version 255.255.255 [b779b199]
1067543:M 03 Jan 2024 16:05:07.325 * <raft> Initializing test network
1067543:M 03 Jan 2024 16:05:07.325 * <raft> Created test network client
1067543:M 03 Jan 2024 16:05:07.329 * <raft> Raft module loaded, state is 'loading'
1067543:M 03 Jan 2024 16:05:07.329 * Module 'raft' loaded from /home/snagendra/Fuzzing/redisraft-fuzzing/redisraft.so
1067543:M 03 Jan 2024 16:05:07.330 * Server initialized
1067543:M 03 Jan 2024 16:05:07.330 . The AOF directory appendonlydir doesn't exist
1067543:M 03 Jan 2024 16:05:07.330 * Ready to accept connections tcp
1067543:M 03 Jan 2024 16:05:07.330 . 0 clients connected (0 replicas), 1746752 bytes in use
1067543:signal-handler (1704294307) Received SIGINT scheduling shutdown...
1067543:signal-handler (1704294307) You insist... exiting now.
1067627:C 03 Jan 2024 16:05:07.600 # WARNING Memory overcommit must be enabled! Without it, a background save or replication may fail under low memory condition. Being disabled, it can also cause failures without low memory condition, see https://github.com/jemalloc/jemalloc/issues/1328. To fix this issue add 'vm.overcommit_memory = 1' to /etc/sysctl.conf and then reboot or run the command 'sysctl vm.overcommit_memory=1' for this to take effect.
1067627:C 03 Jan 2024 16:05:07.600 * oO0OoO0OoO0Oo Redis is starting oO0OoO0OoO0Oo
1067627:C 03 Jan 2024 16:05:07.600 * Redis version=255.255.255, bits=64, commit=e04ebdb8, modified=1, pid=1067627, just started
1067627:C 03 Jan 2024 16:05:07.600 * Configuration loaded
1067627:M 03 Jan 2024 16:05:07.601 * monotonic clock: POSIX clock_gettime
1067627:M 03 Jan 2024 16:05:07.601 * Running mode=standalone, port=5023.
1067627:M 03 Jan 2024 16:05:07.608 * <raft> RedisRaft version 255.255.255 [b779b199]
1067627:M 03 Jan 2024 16:05:07.613 * <raft> Initializing test network
1067627:M 03 Jan 2024 16:05:07.613 * <raft> Created test network client
1067627:M 03 Jan 2024 16:05:07.615 * <raft> Raft module loaded, state is 'loading'
1067627:M 03 Jan 2024 16:05:07.615 * Module 'raft' loaded from /home/snagendra/Fuzzing/redisraft-fuzzing/redisraft.so
1067627:M 03 Jan 2024 16:05:07.615 * Server initialized
1067627:M 03 Jan 2024 16:05:07.615 . The AOF directory appendonlydir doesn't exist
1067627:M 03 Jan 2024 16:05:07.615 * Ready to accept connections tcp
1067627:M 03 Jan 2024 16:05:07.615 . 0 clients connected (0 replicas), 1746624 bytes in use
1067627:M 03 Jan 2024 16:05:07.625 - Accepted 127.0.0.1:54294
1067627:M 03 Jan 2024 16:05:07.625 # Missing implement of connection type tls
1067627:M 03 Jan 2024 16:05:07.697 - Client closed connection id=8 addr=127.0.0.1:54294 laddr=127.0.0.1:5023 fd=11 name= age=0 idle=0 flags=N db=0 sub=0 psub=0 ssub=0 multi=-1 qbuf=0 qbuf-free=20474 argv-mem=0 multi-mem=0 rbs=16384 rbp=16384 obl=0 oll=0 omem=0 tot-mem=37760 events=r cmd=auth user=default redir=-1 resp=2 lib-name= lib-ver=
1067627:signal-handler (1704294307) Received SIGINT scheduling shutdown...
1067627:signal-handler (1704294307) You insist... exiting now.
1067627:M 03 Jan 2024 16:05:07.715 * <raft> Loading: Redis loading complete, snapshot NOT LOADED


=== REDIS BUG REPORT START: Cut & paste starting from here ===
1067627:M 03 Jan 2024 16:05:07.715 # Redis 255.255.255 crashed by signal: 11, si_code: 1
1067627:M 03 Jan 2024 16:05:07.715 # Accessing address: 0x18
1067627:M 03 Jan 2024 16:05:07.715 # Crashed running the instruction at: 0x7fb9a710f0b0

------ STACK TRACE ------
EIP:
/lib/x86_64-linux-gnu/libc.so.6(__pthread_rwlock_wrlock+0x0)[0x7fb9a710f0b0]

Backtrace:
/lib/x86_64-linux-gnu/libc.so.6(+0x3bfd0)[0x7fb9a70bbfd0]
/lib/x86_64-linux-gnu/libc.so.6(__pthread_rwlock_wrlock+0x0)[0x7fb9a710f0b0]
/lib/x86_64-linux-gnu/libcrypto.so.3(CRYPTO_THREAD_write_lock+0x9)[0x7fb9a543df49]
/lib/x86_64-linux-gnu/libcrypto.so.3(ENGINE_get_first+0x3a)[0x7fb9a53e408a]
/lib/x86_64-linux-gnu/libcrypto.so.3(ENGINE_register_all_complete+0x6)[0x7fb9a53e3486]
/lib/x86_64-linux-gnu/libssh2.so.1(libssh2_init+0x39)[0x7fb9a5e6a389]
/lib/x86_64-linux-gnu/libcurl-gnutls.so.4(+0x8146b)[0x7fb9a5f4e46b]
/lib/x86_64-linux-gnu/libcurl-gnutls.so.4(+0x22125)[0x7fb9a5eef125]
/lib/x86_64-linux-gnu/libcurl-gnutls.so.4(curl_global_init+0x3a)[0x7fb9a5eef22a]
/home/snagendra/Fuzzing/redisraft-fuzzing/redisraft.so(redis_test_http_do+0x2c)[0x7fb9a5fc486c]
/home/snagendra/Fuzzing/redisraft-fuzzing/redisraft.so(redis_test_http_post+0x26)[0x7fb9a5fc4a86]
/home/snagendra/Fuzzing/redisraft-fuzzing/redisraft.so(redis_test_send_event+0x84)[0x7fb9a5fc3fa4]
/home/snagendra/Fuzzing/redisraft-fuzzing/redisraft.so(testNetworkSendEvent+0x132)[0x7fb9a5fad782]
/home/snagendra/Fuzzing/redisraft-fuzzing/redisraft.so(testSendMemberShipEvent+0x10f)[0x7fb9a5fa44df]
/home/snagendra/Fuzzing/redisraft-fuzzing/redisraft.so(raftNotifyMembershipEvent+0x6a)[0x7fb9a5fa469a]
/home/snagendra/Fuzzing/redisraft-fuzzing/redisraft.so(raft_add_node_internal+0x139)[0x7fb9a5fb3139]
/home/snagendra/Fuzzing/redisraft-fuzzing/redisraft.so(raft_add_non_voting_node+0x1e)[0x7fb9a5fb320e]
/home/snagendra/Fuzzing/redisraft-fuzzing/redisraft.so(RaftLibraryInit+0x15c)[0x7fb9a5fa493c]
/home/snagendra/Fuzzing/redisraft-fuzzing/redisraft.so(callRaftPeriodic+0x2c8)[0x7fb9a5fa4ed8]
/home/snagendra/Fuzzing/redis/src/redis-server 0.0.0.0:5023(moduleTimerHandler+0x21c)[0x5643a8c2a98c]
/home/snagendra/Fuzzing/redis/src/redis-server 0.0.0.0:5023(+0x81705)[0x5643a8b34705]
/home/snagendra/Fuzzing/redis/src/redis-server 0.0.0.0:5023(aeMain+0x1c8)[0x5643a8b3ecb8]
/home/snagendra/Fuzzing/redis/src/redis-server 0.0.0.0:5023(main+0x3cd)[0x5643a8b33e2d]
/lib/x86_64-linux-gnu/libc.so.6(+0x271ca)[0x7fb9a70a71ca]
/lib/x86_64-linux-gnu/libc.so.6(__libc_start_main+0x85)[0x7fb9a70a7285]
/home/snagendra/Fuzzing/redis/src/redis-server 0.0.0.0:5023(_start+0x2a)[0x5643a8b345aa]

------ REGISTERS ------
1067627:M 03 Jan 2024 16:05:07.716 # 
RAX:0000000000000001 RBX:00005643a97367f0
RCX:0000000000000000 RDX:0000000000000000
RDI:0000000000000000 RSI:0000000000000000
RBP:00007fb9a567e638 RSP:00007ffcc86a6e98
R8 :0000000000000000 R9 :0000000000000000
R10:0000000000000000 R11:0000000000000000
R12:00007ffcc86a6f90 R13:00005643a9753780
R14:00005643a9033e40 R15:00007ffcc86a7018
RIP:00007fb9a710f0b0 EFL:0000000000010206
CSGSFS:002b000000000033
1067627:M 03 Jan 2024 16:05:07.716 # (00007ffcc86a6ea7) -> 00005643a97367f0
1067627:M 03 Jan 2024 16:05:07.716 # (00007ffcc86a6ea6) -> 00007fb9a5eef125
1067627:M 03 Jan 2024 16:05:07.716 # (00007ffcc86a6ea5) -> 00007ffcc86a6f20
1067627:M 03 Jan 2024 16:05:07.716 # (00007ffcc86a6ea4) -> 00007fb9a5f4e46b
1067627:M 03 Jan 2024 16:05:07.716 # (00007ffcc86a6ea3) -> 00005643a9753780
1067627:M 03 Jan 2024 16:05:07.716 # (00007ffcc86a6ea2) -> 00000000c86a6f90
1067627:M 03 Jan 2024 16:05:07.716 # (00007ffcc86a6ea1) -> 00005643a9736290
1067627:M 03 Jan 2024 16:05:07.716 # (00007ffcc86a6ea0) -> 00007fb9a5e6a389
1067627:M 03 Jan 2024 16:05:07.716 # (00007ffcc86a6e9f) -> 00005643a97367f0
1067627:M 03 Jan 2024 16:05:07.716 # (00007ffcc86a6e9e) -> 00007fb9a53e3486
1067627:M 03 Jan 2024 16:05:07.716 # (00007ffcc86a6e9d) -> 00005643a9736290
1067627:M 03 Jan 2024 16:05:07.716 # (00007ffcc86a6e9c) -> 00005643a97367f0
1067627:M 03 Jan 2024 16:05:07.716 # (00007ffcc86a6e9b) -> 00007ffcc86a6f90
1067627:M 03 Jan 2024 16:05:07.716 # (00007ffcc86a6e9a) -> 00007fb9a53e408a
1067627:M 03 Jan 2024 16:05:07.716 # (00007ffcc86a6e99) -> 00005643a97367f0
1067627:M 03 Jan 2024 16:05:07.716 # (00007ffcc86a6e98) -> 00007fb9a543df49

------ INFO OUTPUT ------
# Server
redis_version:255.255.255
redis_git_sha1:e04ebdb8
redis_git_dirty:1
redis_build_id:1f78dcc7b4fbdd25
redis_mode:standalone
os:Linux 6.1.60.1.amd64-smp x86_64
arch_bits:64
monotonic_clock:POSIX clock_gettime
multiplexing_api:epoll
atomicvar_api:c11-builtin
gcc_version:10.2.1
process_id:1067627
process_supervised:no
run_id:035a87a0e079904f5c6e4c9dac1d70382919aff0
tcp_port:5023
server_time_usec:1704294307715187
uptime_in_seconds:0
uptime_in_days:0
hz:10
configured_hz:10
lru_clock:9795491
executable:/home/snagendra/Fuzzing/redis/src/redis-server
config_file:
io_threads_active:0
listener0:name=tcp,bind=0.0.0.0,port=5023

# Clients
connected_clients:0
cluster_connections:0
maxclients:10000
client_recent_max_input_buffer:0
client_recent_max_output_buffer:0
blocked_clients:0
tracking_clients:0
clients_in_timeout_table:0
total_blocking_keys:0
total_blocking_keys_on_nokey:0

# Memory
used_memory:1778840
used_memory_human:1.70M
used_memory_rss:18022400
used_memory_rss_human:17.19M
used_memory_peak:1809720
used_memory_peak_human:1.73M
used_memory_peak_perc:98.29%
used_memory_overhead:1746664
used_memory_startup:1746480
used_memory_dataset:32176
used_memory_dataset_perc:99.43%
allocator_allocated:2122528
allocator_active:2682880
allocator_resident:10780672
total_system_memory:270388695040
total_system_memory_human:251.82G
used_memory_lua:31744
used_memory_vm_eval:31744
used_memory_lua_human:31.00K
used_memory_scripts_eval:0
number_of_cached_scripts:0
number_of_functions:0
number_of_libraries:0
used_memory_vm_functions:32768
used_memory_vm_total:64512
used_memory_vm_total_human:63.00K
used_memory_functions:184
used_memory_scripts:184
used_memory_scripts_human:184B
maxmemory:0
maxmemory_human:0B
maxmemory_policy:noeviction
allocator_frag_ratio:1.26
allocator_frag_bytes:560352
allocator_rss_ratio:4.02
allocator_rss_bytes:8097792
rss_overhead_ratio:1.67
rss_overhead_bytes:7241728
mem_fragmentation_ratio:10.32
mem_fragmentation_bytes:16275776
mem_not_counted_for_evict:0
mem_replication_backlog:0
mem_total_replication_buffers:0
mem_clients_slaves:0
mem_clients_normal:0
mem_cluster_links:0
mem_aof_buffer:0
mem_allocator:jemalloc-5.3.0
active_defrag_running:0
lazyfree_pending_objects:0
lazyfreed_objects:0

# Persistence
loading:0
async_loading:0
current_cow_peak:0
current_cow_size:0
current_cow_size_age:0
current_fork_perc:0.00
current_save_keys_processed:0
current_save_keys_total:0
rdb_changes_since_last_save:0
rdb_bgsave_in_progress:0
rdb_last_save_time:1704294307
rdb_last_bgsave_status:ok
rdb_last_bgsave_time_sec:-1
rdb_current_bgsave_time_sec:-1
rdb_saves:0
rdb_last_cow_size:0
rdb_last_load_keys_expired:0
rdb_last_load_keys_loaded:0
aof_enabled:0
aof_rewrite_in_progress:0
aof_rewrite_scheduled:0
aof_last_rewrite_time_sec:-1
aof_current_rewrite_time_sec:-1
aof_last_bgrewrite_status:ok
aof_rewrites:0
aof_rewrites_consecutive_failures:0
aof_last_write_status:ok
aof_last_cow_size:0
module_fork_in_progress:0
module_fork_last_cow_size:0

# Stats
total_connections_received:1
total_commands_processed:7
instantaneous_ops_per_sec:26
total_net_input_bytes:33
total_net_output_bytes:5
total_net_repl_input_bytes:0
total_net_repl_output_bytes:0
instantaneous_input_kbps:0.00
instantaneous_output_kbps:0.00
instantaneous_input_repl_kbps:0.00
instantaneous_output_repl_kbps:0.00
rejected_connections:0
sync_full:0
sync_partial_ok:0
sync_partial_err:0
expired_keys:0
expired_stale_perc:0.00
expired_time_cap_reached_count:0
expire_cycle_cpu_milliseconds:0
evicted_keys:0
evicted_clients:0
total_eviction_exceeded_time:0
current_eviction_exceeded_time:0
keyspace_hits:0
keyspace_misses:0
pubsub_channels:0
pubsub_patterns:0
pubsubshard_channels:0
latest_fork_usec:0
total_forks:0
migrate_cached_sockets:0
slave_expires_tracked_keys:0
active_defrag_hits:0
active_defrag_misses:0
active_defrag_key_hits:0
active_defrag_key_misses:0
total_active_defrag_time:0
current_active_defrag_time:0
tracking_total_keys:0
tracking_total_items:0
tracking_total_prefixes:0
unexpected_error_replies:0
total_error_replies:0
dump_payload_sanitizations:0
total_reads_processed:2
total_writes_processed:1
io_threaded_reads_processed:0
io_threaded_writes_processed:0
reply_buffer_shrinks:0
reply_buffer_expands:0
acl_access_denied_auth:0
acl_access_denied_cmd:0
acl_access_denied_key:0
acl_access_denied_channel:0

# Replication
role:master
connected_slaves:0
master_failover_state:no-failover
master_replid:d6f84cd1eea05ee6bc03f802bf8aa4ac5fadd43c
master_replid2:0000000000000000000000000000000000000000
master_repl_offset:0
second_repl_offset:-1
repl_backlog_active:0
repl_backlog_size:1048576
repl_backlog_first_byte_offset:0
repl_backlog_histlen:0

# CPU
used_cpu_sys:0.000000
used_cpu_user:0.018401
used_cpu_sys_children:0.000000
used_cpu_user_children:0.000000
used_cpu_sys_main_thread:0.000000
used_cpu_user_main_thread:0.017636

# Modules
module:name=raft,ver=1,api=1,filters=1,usedby=[],using=[],options=[]

# Commandstats
cmdstat_config|get:calls=3,usec=4,usec_per_call=1.33,rejected_calls=0,failed_calls=0
cmdstat_config|set:calls=1,usec=11,usec_per_call=11.00,rejected_calls=0,failed_calls=0
cmdstat_auth:calls=1,usec=1,usec_per_call=1.00,rejected_calls=0,failed_calls=0
cmdstat_command:calls=2,usec=1696,usec_per_call=848.00,rejected_calls=0,failed_calls=0

# Errorstats

# Latencystats
latency_percentiles_usec_config|get:p50=2.007,p99=2.007,p99.9=2.007
latency_percentiles_usec_config|set:p50=11.007,p99=11.007,p99.9=11.007
latency_percentiles_usec_auth:p50=1.003,p99=1.003,p99.9=1.003
latency_percentiles_usec_command:p50=806.911,p99=892.927,p99.9=892.927

# Cluster
cluster_enabled:0

# Keyspace

------ CLIENT LIST OUTPUT ------

------ MODULES INFO OUTPUT ------
# raft_version
raft_version:255.255.255
raft_git_sha1:b779b199

# raft_general
raft_dbid:
raft_node_id:3
raft_state:loading
raft_role:follower
raft_is_voting:no
raft_voted_for:-1
raft_leader_id:-1
raft_current_term:0
raft_num_nodes:1
raft_num_voting_nodes:0

# raft_log
raft_log_entries:0
raft_current_index:0
raft_commit_index:0
raft_last_applied_index:0
raft_file_size:1535
raft_cache_memory_size:0
raft_cache_entries:0
raft_client_attached_entries:0
raft_fsync_count:0
raft_fsync_max_microseconds:0
raft_fsync_avg_microseconds:0

# raft_snapshot
raft_snapshot_filename:redis3.rdb
raft_snapshot_last_idx:0
raft_snapshot_last_term:0
raft_snapshot_size:0
raft_snapshot_time_secs:-1
raft_snapshots_created:0
raft_snapshots_received:0
raft_snapshot_in_progress:no
raft_snapshot_in_progress_last_idx:-1
raft_snapshot_in_progress_last_term:-1

# raft_clients
raft_proxy_reqs:0
raft_proxy_failed_reqs:0
raft_proxy_failed_responses:0
raft_proxy_outstanding_reqs:0

# raft_stats
raft_appendreq_received:0
raft_appendreq_with_entry_received:0
raft_snapshotreq_received:0
raft_exec_throttled:0
raft_num_sessions:0

------ CONFIG DEBUG OUTPUT ------
io-threads-do-reads no
lazyfree-lazy-server-del no
activedefrag no
repl-diskless-load disabled
io-threads 1
lazyfree-lazy-user-flush no
lazyfree-lazy-user-del no
list-compress-depth 0
proto-max-bulk-len 512mb
lazyfree-lazy-expire no
repl-diskless-sync yes
replica-read-only yes
lazyfree-lazy-eviction no
slave-read-only yes
sanitize-dump-payload no
client-query-buffer-limit 1gb

------ FAST MEMORY TEST ------
1067627:M 03 Jan 2024 16:05:07.716 # Bio worker thread #0 terminated
1067627:M 03 Jan 2024 16:05:07.716 # Bio worker thread #1 terminated
1067627:M 03 Jan 2024 16:05:07.716 # Bio worker thread #2 terminated
*** Preparing to test memory region 5643a8e0a000 (2273280 bytes)
*** Preparing to test memory region 5643a970b000 (405504 bytes)
*** Preparing to test memory region 7fb99a800000 (8388608 bytes)
*** Preparing to test memory region 7fb99b000000 (6291456 bytes)
*** Preparing to test memory region 7fb99b7f8000 (8388608 bytes)
*** Preparing to test memory region 7fb99bff9000 (8388608 bytes)
*** Preparing to test memory region 7fb99c7fa000 (8388608 bytes)
*** Preparing to test memory region 7fb99cffb000 (8388608 bytes)
*** Preparing to test memory region 7fb99d7fc000 (8388608 bytes)
*** Preparing to test memory region 7fb99dffd000 (8388608 bytes)
*** Preparing to test memory region 7fb99e7fe000 (8388608 bytes)
*** Preparing to test memory region 7fb99efff000 (8388608 bytes)
*** Preparing to test memory region 7fb99f800000 (8388608 bytes)
*** Preparing to test memory region 7fb9a0000000 (135168 bytes)
*** Preparing to test memory region 7fb9a45eb000 (8388608 bytes)
*** Preparing to test memory region 7fb9a4deb000 (2621440 bytes)
*** Preparing to test memory region 7fb9a507a000 (8192 bytes)
*** Preparing to test memory region 7fb9a567f000 (12288 bytes)
*** Preparing to test memory region 7fb9a5c18000 (16384 bytes)
*** Preparing to test memory region 7fb9a5d9a000 (8192 bytes)
*** Preparing to test memory region 7fb9a5ffa000 (24576 bytes)
*** Preparing to test memory region 7fb9a6800000 (8388608 bytes)
*** Preparing to test memory region 7fb9a7053000 (4096 bytes)
*** Preparing to test memory region 7fb9a7079000 (28672 bytes)
*** Preparing to test memory region 7fb9a7254000 (53248 bytes)
*** Preparing to test memory region 7fb9a7371000 (8192 bytes)
.
----- Stderr -----
libgcov profiling error:/home/snagendra/Fuzzing/redisraft-fuzzing/build/deps/raft/CMakeFiles/raft.dir/src/raft_server.c.gcda:Merge mismatch for function 4
libgcov profiling error:/home/snagendra/Fuzzing/redisraft-fuzzing/build/deps/raft/CMakeFiles/raft.dir/src/raft_server.c.gcda:Merge mismatch for function 4
libgcov profiling error:/home/snagendra/Fuzzing/redisraft-fuzzing/build/deps/raft/CMakeFiles/raft.dir/src/raft_server.c.gcda:Merge mismatch for function 4
libgcov profiling error:/home/snagendra/Fuzzing/redisraft-fuzzing/build/deps/raft/CMakeFiles/raft.dir/src/raft_server.c.gcda:Merge mismatch for function 4




logs for node: 1

----- Stdout -----
1066055:C 03 Jan 2024 16:05:04.153 # WARNING Memory overcommit must be enabled! Without it, a background save or replication may fail under low memory condition. Being disabled, it can also cause failures without low memory condition, see https://github.com/jemalloc/jemalloc/issues/1328. To fix this issue add 'vm.overcommit_memory = 1' to /etc/sysctl.conf and then reboot or run the command 'sysctl vm.overcommit_memory=1' for this to take effect.
1066055:C 03 Jan 2024 16:05:04.153 * oO0OoO0OoO0Oo Redis is starting oO0OoO0OoO0Oo
1066055:C 03 Jan 2024 16:05:04.153 * Redis version=255.255.255, bits=64, commit=e04ebdb8, modified=1, pid=1066055, just started
1066055:C 03 Jan 2024 16:05:04.153 * Configuration loaded
1066055:M 03 Jan 2024 16:05:04.153 * monotonic clock: POSIX clock_gettime
1066055:M 03 Jan 2024 16:05:04.154 * Running mode=standalone, port=5021.
1066055:M 03 Jan 2024 16:05:04.160 * <raft> RedisRaft version 255.255.255 [b779b199]
1066055:M 03 Jan 2024 16:05:04.165 * <raft> Initializing test network
1066055:M 03 Jan 2024 16:05:04.166 * <raft> Created test network client
1066055:M 03 Jan 2024 16:05:04.167 * <raft> Raft module loaded, state is 'uninitialized'
1066055:M 03 Jan 2024 16:05:04.167 * Module 'raft' loaded from /home/snagendra/Fuzzing/redisraft-fuzzing/redisraft.so
1066055:M 03 Jan 2024 16:05:04.167 * Server initialized
1066055:M 03 Jan 2024 16:05:04.168 . The AOF directory appendonlydir doesn't exist
1066055:M 03 Jan 2024 16:05:04.168 * Ready to accept connections tcp
1066055:M 03 Jan 2024 16:05:04.168 . 0 clients connected (0 replicas), 1726160 bytes in use
1066055:M 03 Jan 2024 16:05:04.186 - Accepted 127.0.0.1:42290
1066055:M 03 Jan 2024 16:05:04.186 # Missing implement of connection type tls
1066055:M 03 Jan 2024 16:05:04.193 * <raft> Cluster Membership: term:0 index:0 nodes: id=1,voting=0,active=1,addr=-
1066055:M 03 Jan 2024 16:05:04.199 * <raft> State change: Node is now a leader, term 1
1066055:M 03 Jan 2024 16:05:04.199 * <raft> Cluster Membership: term:1 index:1 nodes: id=1,voting=0,active=1,addr=-
1066055:M 03 Jan 2024 16:05:04.199 * <raft> Test network starting message polling thread
1066055:M 03 Jan 2024 16:05:04.199 * <raft> Raft Cluster initialized, node id: 1, dbid: 77fc670738feb56edc99f4d206b85f74
1066055:M 03 Jan 2024 16:05:04.316 - Accepted 127.0.0.1:42294
1066055:M 03 Jan 2024 16:05:04.317 * <raft> Cluster Membership: term:1 index:3 nodes: id=1,voting=1,active=1,addr=- id=2,voting=0,active=1,addr=localhost:5022
1066055:M 03 Jan 2024 16:05:04.324 - Client closed connection id=9 addr=127.0.0.1:42294 laddr=127.0.0.1:5021 fd=12 name= age=0 idle=0 flags=N db=0 sub=0 psub=0 ssub=0 multi=-1 qbuf=0 qbuf-free=20474 argv-mem=0 multi-mem=0 rbs=16384 rbp=16384 obl=0 oll=0 omem=0 tot-mem=37760 events=r cmd=raft.node user=default redir=-1 resp=2 lib-name= lib-ver=
1066055:M 03 Jan 2024 16:05:04.441 - Accepted 127.0.0.1:42296
1066055:M 03 Jan 2024 16:05:04.442 * <raft> Cluster Membership: term:1 index:4 nodes: id=1,voting=1,active=1,addr=- id=2,voting=0,active=1,addr=localhost:5022 id=3,voting=0,active=1,addr=localhost:5023
1066055:M 03 Jan 2024 16:05:04.449 - Client closed connection id=10 addr=127.0.0.1:42296 laddr=127.0.0.1:5021 fd=13 name= age=0 idle=0 flags=N db=0 sub=0 psub=0 ssub=0 multi=-1 qbuf=0 qbuf-free=20474 argv-mem=0 multi-mem=0 rbs=16384 rbp=16384 obl=0 oll=0 omem=0 tot-mem=37760 events=r cmd=raft.node user=default redir=-1 resp=2 lib-name= lib-ver=
1066055:M 03 Jan 2024 16:05:04.666 * <raft> node:2 has sufficient logs, adding as voting node.
1066055:signal-handler (1704294304) Received SIGINT scheduling shutdown...
1066055:signal-handler (1704294304) You insist... exiting now.
1066943:C 03 Jan 2024 16:05:06.087 # WARNING Memory overcommit must be enabled! Without it, a background save or replication may fail under low memory condition. Being disabled, it can also cause failures without low memory condition, see https://github.com/jemalloc/jemalloc/issues/1328. To fix this issue add 'vm.overcommit_memory = 1' to /etc/sysctl.conf and then reboot or run the command 'sysctl vm.overcommit_memory=1' for this to take effect.
1066943:C 03 Jan 2024 16:05:06.087 * oO0OoO0OoO0Oo Redis is starting oO0OoO0OoO0Oo
1066943:C 03 Jan 2024 16:05:06.087 * Redis version=255.255.255, bits=64, commit=e04ebdb8, modified=1, pid=1066943, just started
1066943:C 03 Jan 2024 16:05:06.087 * Configuration loaded
1066943:M 03 Jan 2024 16:05:06.088 * monotonic clock: POSIX clock_gettime
1066943:M 03 Jan 2024 16:05:06.088 * Running mode=standalone, port=5021.
1066943:M 03 Jan 2024 16:05:06.094 * <raft> RedisRaft version 255.255.255 [b779b199]
1066943:M 03 Jan 2024 16:05:06.098 * <raft> Initializing test network
1066943:M 03 Jan 2024 16:05:06.099 * <raft> Created test network client
1066943:M 03 Jan 2024 16:05:06.102 * <raft> Raft module loaded, state is 'loading'
1066943:M 03 Jan 2024 16:05:06.102 * Module 'raft' loaded from /home/snagendra/Fuzzing/redisraft-fuzzing/redisraft.so
1066943:M 03 Jan 2024 16:05:06.103 * Server initialized
1066943:M 03 Jan 2024 16:05:06.103 . The AOF directory appendonlydir doesn't exist
1066943:M 03 Jan 2024 16:05:06.103 * Ready to accept connections tcp
1066943:M 03 Jan 2024 16:05:06.103 . 0 clients connected (0 replicas), 1746720 bytes in use
1066943:M 03 Jan 2024 16:05:06.203 * <raft> Loading: Redis loading complete, snapshot NOT LOADED
1066943:M 03 Jan 2024 16:05:06.204 * <raft> Cluster Membership: term:0 index:0 nodes: id=1,voting=0,active=1,addr=-
1066943:M 03 Jan 2024 16:05:06.204 * <raft> Test network starting message polling thread
1066943:M 03 Jan 2024 16:05:06.204 * <raft> Cluster Membership: term:0 index:5 nodes: id=1,voting=1,active=1,addr=- id=2,voting=0,active=1,addr=localhost:5022
1066943:M 03 Jan 2024 16:05:06.205 * <raft> Cluster Membership: term:0 index:5 nodes: id=1,voting=1,active=1,addr=- id=2,voting=0,active=1,addr=localhost:5022 id=3,voting=0,active=1,addr=localhost:5023
1066943:M 03 Jan 2024 16:05:06.205 * <raft> Raft state after loading log: log_count=5, first_idx=1, current_idx=5, last_applied_idx=0
1066943:M 03 Jan 2024 16:05:06.205 . <raft> Raft term=1, vote=-1
1066943:M 03 Jan 2024 16:05:06.359 - Accepted 127.0.0.1:42368
1066943:M 03 Jan 2024 16:05:06.359 # Missing implement of connection type tls
1066943:signal-handler (1704294306) Received SIGINT scheduling shutdown...
1066943:signal-handler (1704294306) Received SIGINT scheduling shutdown...
1067526:C 03 Jan 2024 16:05:07.267 # WARNING Memory overcommit must be enabled! Without it, a background save or replication may fail under low memory condition. Being disabled, it can also cause failures without low memory condition, see https://github.com/jemalloc/jemalloc/issues/1328. To fix this issue add 'vm.overcommit_memory = 1' to /etc/sysctl.conf and then reboot or run the command 'sysctl vm.overcommit_memory=1' for this to take effect.
1067526:C 03 Jan 2024 16:05:07.267 * oO0OoO0OoO0Oo Redis is starting oO0OoO0OoO0Oo
1067526:C 03 Jan 2024 16:05:07.267 * Redis version=255.255.255, bits=64, commit=e04ebdb8, modified=1, pid=1067526, just started
1067526:C 03 Jan 2024 16:05:07.267 * Configuration loaded
1067526:M 03 Jan 2024 16:05:07.267 * monotonic clock: POSIX clock_gettime
1067526:M 03 Jan 2024 16:05:07.268 * Running mode=standalone, port=5021.
1067526:M 03 Jan 2024 16:05:07.274 * <raft> RedisRaft version 255.255.255 [b779b199]
1067526:M 03 Jan 2024 16:05:07.279 * <raft> Initializing test network
1067526:M 03 Jan 2024 16:05:07.280 * <raft> Created test network client
1067526:M 03 Jan 2024 16:05:07.283 * <raft> Raft module loaded, state is 'loading'
1067526:M 03 Jan 2024 16:05:07.283 * Module 'raft' loaded from /home/snagendra/Fuzzing/redisraft-fuzzing/redisraft.so
1067526:M 03 Jan 2024 16:05:07.284 * Server initialized
1067526:M 03 Jan 2024 16:05:07.284 . The AOF directory appendonlydir doesn't exist
1067526:M 03 Jan 2024 16:05:07.284 * Ready to accept connections tcp
1067526:M 03 Jan 2024 16:05:07.284 . 0 clients connected (0 replicas), 1746720 bytes in use
1067526:M 03 Jan 2024 16:05:07.324 - Accepted 127.0.0.1:42420
1067526:M 03 Jan 2024 16:05:07.324 # Missing implement of connection type tls
1067526:M 03 Jan 2024 16:05:07.384 * <raft> Loading: Redis loading complete, snapshot NOT LOADED
1067526:M 03 Jan 2024 16:05:07.384 * <raft> Cluster Membership: term:0 index:0 nodes: id=1,voting=0,active=1,addr=-
1067526:M 03 Jan 2024 16:05:07.385 * <raft> Test network starting message polling thread
1067526:M 03 Jan 2024 16:05:07.385 * <raft> Cluster Membership: term:0 index:5 nodes: id=1,voting=1,active=1,addr=- id=2,voting=0,active=1,addr=localhost:5022
1067526:M 03 Jan 2024 16:05:07.385 * <raft> Cluster Membership: term:0 index:5 nodes: id=1,voting=1,active=1,addr=- id=2,voting=0,active=1,addr=localhost:5022 id=3,voting=0,active=1,addr=localhost:5023
1067526:M 03 Jan 2024 16:05:07.385 * <raft> Raft state after loading log: log_count=5, first_idx=1, current_idx=5, last_applied_idx=0
1067526:M 03 Jan 2024 16:05:07.385 . <raft> Raft term=1, vote=-1
1067526:signal-handler (1704294307) Received SIGINT scheduling shutdown...
1067526:signal-handler (1704294307) You insist... exiting now.

----- Stderr -----
libgcov profiling error:/home/snagendra/Fuzzing/redisraft-fuzzing/build/deps/raft/CMakeFiles/raft.dir/src/raft_server.c.gcda:Merge mismatch for function 4
libgcov profiling error:/home/snagendra/Fuzzing/redisraft-fuzzing/build/deps/raft/CMakeFiles/raft.dir/src/raft_server.c.gcda:Merge mismatch for function 4



