logs for node: 1

----- Stdout -----
2096666:C 03 Jan 2024 16:43:28.810 # WARNING Memory overcommit must be enabled! Without it, a background save or replication may fail under low memory condition. Being disabled, it can also cause failures without low memory condition, see https://github.com/jemalloc/jemalloc/issues/1328. To fix this issue add 'vm.overcommit_memory = 1' to /etc/sysctl.conf and then reboot or run the command 'sysctl vm.overcommit_memory=1' for this to take effect.
2096666:C 03 Jan 2024 16:43:28.810 * oO0OoO0OoO0Oo Redis is starting oO0OoO0OoO0Oo
2096666:C 03 Jan 2024 16:43:28.810 * Redis version=255.255.255, bits=64, commit=e04ebdb8, modified=1, pid=2096666, just started
2096666:C 03 Jan 2024 16:43:28.810 * Configuration loaded
2096666:M 03 Jan 2024 16:43:28.810 * monotonic clock: POSIX clock_gettime
2096666:M 03 Jan 2024 16:43:28.811 * Running mode=standalone, port=5081.
2096666:M 03 Jan 2024 16:43:28.817 * <raft> RedisRaft version 255.255.255 [b779b199]
2096666:M 03 Jan 2024 16:43:28.822 * <raft> Initializing test network
2096666:M 03 Jan 2024 16:43:28.823 * <raft> Created test network client
2096666:M 03 Jan 2024 16:43:28.823 * <raft> Raft module loaded, state is 'uninitialized'
2096666:M 03 Jan 2024 16:43:28.823 * Module 'raft' loaded from /home/snagendra/Fuzzing/redisraft-fuzzing/redisraft.so
2096666:M 03 Jan 2024 16:43:28.824 * Server initialized
2096666:M 03 Jan 2024 16:43:28.824 . The AOF directory appendonlydir doesn't exist
2096666:M 03 Jan 2024 16:43:28.825 * Ready to accept connections tcp
2096666:M 03 Jan 2024 16:43:28.825 . 0 clients connected (0 replicas), 1726224 bytes in use
2096666:M 03 Jan 2024 16:43:28.831 - Accepted 127.0.0.1:35808
2096666:M 03 Jan 2024 16:43:28.831 # Missing implement of connection type tls
2096666:M 03 Jan 2024 16:43:28.837 * <raft> Cluster Membership: term:0 index:0 nodes: id=1,voting=0,active=1,addr=-
2096666:M 03 Jan 2024 16:43:28.842 * <raft> State change: Node is now a leader, term 1
2096666:M 03 Jan 2024 16:43:28.842 * <raft> Cluster Membership: term:1 index:1 nodes: id=1,voting=0,active=1,addr=-
2096666:M 03 Jan 2024 16:43:28.843 * <raft> Test network starting message polling thread
2096666:M 03 Jan 2024 16:43:28.843 * <raft> Raft Cluster initialized, node id: 1, dbid: 8458f9fa423ac17ec7c5a9ae5eaf4501
2096666:M 03 Jan 2024 16:43:28.960 - Accepted 127.0.0.1:35810
2096666:M 03 Jan 2024 16:43:28.961 * <raft> Cluster Membership: term:1 index:3 nodes: id=1,voting=1,active=1,addr=- id=2,voting=0,active=1,addr=localhost:5082
2096666:M 03 Jan 2024 16:43:28.968 - Client closed connection id=9 addr=127.0.0.1:35810 laddr=127.0.0.1:5081 fd=12 name= age=0 idle=0 flags=N db=0 sub=0 psub=0 ssub=0 multi=-1 qbuf=0 qbuf-free=20474 argv-mem=0 multi-mem=0 rbs=16384 rbp=16384 obl=0 oll=0 omem=0 tot-mem=37760 events=r cmd=raft.node user=default redir=-1 resp=2 lib-name= lib-ver=
2096666:M 03 Jan 2024 16:43:29.085 - Accepted 127.0.0.1:35826
2096666:M 03 Jan 2024 16:43:29.086 * <raft> Cluster Membership: term:1 index:4 nodes: id=1,voting=1,active=1,addr=- id=2,voting=0,active=1,addr=localhost:5082 id=3,voting=0,active=1,addr=localhost:5083
2096666:M 03 Jan 2024 16:43:29.102 - Client closed connection id=10 addr=127.0.0.1:35826 laddr=127.0.0.1:5081 fd=13 name= age=0 idle=0 flags=N db=0 sub=0 psub=0 ssub=0 multi=-1 qbuf=0 qbuf-free=20474 argv-mem=0 multi-mem=0 rbs=16384 rbp=16384 obl=0 oll=0 omem=0 tot-mem=37760 events=r cmd=raft.node user=default redir=-1 resp=2 lib-name= lib-ver=
2096666:M 03 Jan 2024 16:43:29.135 * <raft> node:3 has sufficient logs, adding as voting node.
2096666:M 03 Jan 2024 16:43:29.185 - Accepted 127.0.0.1:35842
2096666:M 03 Jan 2024 16:43:29.260 - Accepted 127.0.0.1:35858
2096666:M 03 Jan 2024 16:43:29.330 - Client closed connection id=12 addr=127.0.0.1:35858 laddr=127.0.0.1:5081 fd=15 name= age=0 idle=0 flags=N db=0 sub=0 psub=0 ssub=0 multi=-1 qbuf=0 qbuf-free=20474 argv-mem=0 multi-mem=0 rbs=16384 rbp=0 obl=0 oll=0 omem=0 tot-mem=37760 events=r cmd=auth user=default redir=-1 resp=2 lib-name= lib-ver=
2096666:M 03 Jan 2024 16:43:29.666 - Accepted 127.0.0.1:35868
2096666:M 03 Jan 2024 16:43:29.835 - Client closed connection id=11 addr=127.0.0.1:35842 laddr=127.0.0.1:5081 fd=14 name= age=0 idle=0 flags=N db=0 sub=0 psub=0 ssub=0 multi=-1 qbuf=0 qbuf-free=20474 argv-mem=0 multi-mem=0 rbs=1024 rbp=0 obl=0 oll=0 omem=0 tot-mem=22400 events=r cmd=auth user=default redir=-1 resp=2 lib-name= lib-ver=
2096666:M 03 Jan 2024 16:43:30.138 - Accepted 127.0.0.1:35882
2096666:signal-handler (1704296610) Received SIGINT scheduling shutdown...
2096666:signal-handler (1704296610) You insist... exiting now.
2097911:C 03 Jan 2024 16:43:31.266 # WARNING Memory overcommit must be enabled! Without it, a background save or replication may fail under low memory condition. Being disabled, it can also cause failures without low memory condition, see https://github.com/jemalloc/jemalloc/issues/1328. To fix this issue add 'vm.overcommit_memory = 1' to /etc/sysctl.conf and then reboot or run the command 'sysctl vm.overcommit_memory=1' for this to take effect.
2097911:C 03 Jan 2024 16:43:31.266 * oO0OoO0OoO0Oo Redis is starting oO0OoO0OoO0Oo
2097911:C 03 Jan 2024 16:43:31.266 * Redis version=255.255.255, bits=64, commit=e04ebdb8, modified=1, pid=2097911, just started
2097911:C 03 Jan 2024 16:43:31.266 * Configuration loaded
2097911:M 03 Jan 2024 16:43:31.266 * monotonic clock: POSIX clock_gettime
2097911:M 03 Jan 2024 16:43:31.267 * Running mode=standalone, port=5081.
2097911:M 03 Jan 2024 16:43:31.274 * <raft> RedisRaft version 255.255.255 [b779b199]
2097911:M 03 Jan 2024 16:43:31.279 * <raft> Initializing test network
2097911:M 03 Jan 2024 16:43:31.280 * <raft> Created test network client
2097911:M 03 Jan 2024 16:43:31.283 * <raft> Raft module loaded, state is 'loading'
2097911:M 03 Jan 2024 16:43:31.283 * Module 'raft' loaded from /home/snagendra/Fuzzing/redisraft-fuzzing/redisraft.so
2097911:M 03 Jan 2024 16:43:31.283 * Server initialized
2097911:M 03 Jan 2024 16:43:31.283 . The AOF directory appendonlydir doesn't exist
2097911:M 03 Jan 2024 16:43:31.283 * Ready to accept connections tcp
2097911:M 03 Jan 2024 16:43:31.283 . 0 clients connected (0 replicas), 1746656 bytes in use
2097911:M 03 Jan 2024 16:43:31.330 - Accepted 127.0.0.1:36092
2097911:M 03 Jan 2024 16:43:31.330 # Missing implement of connection type tls
2097911:M 03 Jan 2024 16:43:31.344 - Accepted 127.0.0.1:36104
2097911:M 03 Jan 2024 16:43:31.383 * <raft> Loading: Redis loading complete, snapshot NOT LOADED
2097911:M 03 Jan 2024 16:43:31.384 * <raft> Cluster Membership: term:0 index:0 nodes: id=1,voting=0,active=1,addr=-
2097911:M 03 Jan 2024 16:43:31.384 * <raft> Test network starting message polling thread
2097911:M 03 Jan 2024 16:43:31.384 * <raft> Cluster Membership: term:0 index:6 nodes: id=1,voting=1,active=1,addr=- id=2,voting=0,active=1,addr=localhost:5082
2097911:M 03 Jan 2024 16:43:31.384 * <raft> Cluster Membership: term:0 index:6 nodes: id=1,voting=1,active=1,addr=- id=2,voting=0,active=1,addr=localhost:5082 id=3,voting=0,active=1,addr=localhost:5083
2097911:M 03 Jan 2024 16:43:31.385 * <raft> Raft state after loading log: log_count=6, first_idx=1, current_idx=6, last_applied_idx=0
2097911:M 03 Jan 2024 16:43:31.385 . <raft> Raft term=1, vote=-1
2097911:M 03 Jan 2024 16:43:31.538 - Accepted 127.0.0.1:36114
2097911:M 03 Jan 2024 16:43:31.685 * <raft> State change: Election starting, node is now a pre-candidate, term 1
2097911:M 03 Jan 2024 16:43:31.685 * <raft> Cluster Membership: term:1 index:6 nodes: id=1,voting=1,active=1,addr=- id=2,voting=0,active=1,addr=localhost:5082 id=3,voting=1,active=1,addr=localhost:5083
2097911:M 03 Jan 2024 16:43:31.708 - Client closed connection id=8 addr=127.0.0.1:36092 laddr=127.0.0.1:5081 fd=11 name= age=0 idle=0 flags=N db=0 sub=0 psub=0 ssub=0 multi=-1 qbuf=0 qbuf-free=20474 argv-mem=0 multi-mem=0 rbs=1024 rbp=0 obl=0 oll=0 omem=0 tot-mem=22400 events=r cmd=auth user=default redir=-1 resp=2 lib-name= lib-ver=
2097911:M 03 Jan 2024 16:43:31.859 - Accepted 127.0.0.1:36116
2097911:M 03 Jan 2024 16:43:31.908 - Client closed connection id=9 addr=127.0.0.1:36104 laddr=127.0.0.1:5081 fd=12 name= age=0 idle=0 flags=N db=0 sub=0 psub=0 ssub=0 multi=-1 qbuf=0 qbuf-free=20474 argv-mem=0 multi-mem=0 rbs=1024 rbp=0 obl=0 oll=0 omem=0 tot-mem=22400 events=r cmd=auth user=default redir=-1 resp=2 lib-name= lib-ver=
2097911:M 03 Jan 2024 16:43:31.986 * <raft> State change: Election starting, node is now a pre-candidate, term 1
2097911:M 03 Jan 2024 16:43:31.986 * <raft> Cluster Membership: term:1 index:6 nodes: id=1,voting=1,active=1,addr=- id=2,voting=0,active=1,addr=localhost:5082 id=3,voting=1,active=1,addr=localhost:5083
2097911:signal-handler (1704296612) Received SIGINT scheduling shutdown...
2097911:signal-handler (1704296612) You insist... exiting now.

----- Stderr -----
libgcov profiling error:/home/snagendra/Fuzzing/redisraft-fuzzing/build/deps/raft/CMakeFiles/raft.dir/src/raft_server_properties.c.gcda:Merge mismatch for function 4
libgcov profiling error:/home/snagendra/Fuzzing/redisraft-fuzzing/build/deps/raft/CMakeFiles/raft.dir/src/raft_server_properties.c.gcda:Merge mismatch for function 4




logs for node: 2

----- Stdout -----
2096684:C 03 Jan 2024 16:43:28.846 # WARNING Memory overcommit must be enabled! Without it, a background save or replication may fail under low memory condition. Being disabled, it can also cause failures without low memory condition, see https://github.com/jemalloc/jemalloc/issues/1328. To fix this issue add 'vm.overcommit_memory = 1' to /etc/sysctl.conf and then reboot or run the command 'sysctl vm.overcommit_memory=1' for this to take effect.
2096684:C 03 Jan 2024 16:43:28.846 * oO0OoO0OoO0Oo Redis is starting oO0OoO0OoO0Oo
2096684:C 03 Jan 2024 16:43:28.846 * Redis version=255.255.255, bits=64, commit=e04ebdb8, modified=1, pid=2096684, just started
2096684:C 03 Jan 2024 16:43:28.846 * Configuration loaded
2096684:M 03 Jan 2024 16:43:28.846 * monotonic clock: POSIX clock_gettime
2096684:M 03 Jan 2024 16:43:28.846 * Running mode=standalone, port=5082.
2096684:M 03 Jan 2024 16:43:28.853 * <raft> RedisRaft version 255.255.255 [b779b199]
2096684:M 03 Jan 2024 16:43:28.858 * <raft> Initializing test network
2096684:M 03 Jan 2024 16:43:28.859 * <raft> Created test network client
2096684:M 03 Jan 2024 16:43:28.859 * <raft> Raft module loaded, state is 'uninitialized'
2096684:M 03 Jan 2024 16:43:28.859 * Module 'raft' loaded from /home/snagendra/Fuzzing/redisraft-fuzzing/redisraft.so
2096684:M 03 Jan 2024 16:43:28.860 * Server initialized
2096684:M 03 Jan 2024 16:43:28.861 . The AOF directory appendonlydir doesn't exist
2096684:M 03 Jan 2024 16:43:28.861 * Ready to accept connections tcp
2096684:M 03 Jan 2024 16:43:28.861 . 0 clients connected (0 replicas), 1726224 bytes in use
2096684:M 03 Jan 2024 16:43:28.867 - Accepted 127.0.0.1:42074
2096684:M 03 Jan 2024 16:43:28.867 # Missing implement of connection type tls
2096684:M 03 Jan 2024 16:43:28.959 - <raft> join cluster, connecting to localhost:5081
2096684:M 03 Jan 2024 16:43:28.961 * <raft> Joined Raft cluster, node id: 2, dbid: 8458f9fa423ac17ec7c5a9ae5eaf4501
2096684:M 03 Jan 2024 16:43:28.967 * <raft> Cluster Membership: term:0 index:0 nodes: id=2,voting=0,active=1,addr=-
2096684:M 03 Jan 2024 16:43:28.968 * <raft> Test network starting message polling thread
2096684:M 03 Jan 2024 16:43:29.026 - Accepted 127.0.0.1:42080
2096684:M 03 Jan 2024 16:43:29.185 - Accepted 127.0.0.1:42096
2096684:M 03 Jan 2024 16:43:29.201 * <raft> Cluster Membership: term:1 index:2 nodes: id=2,voting=0,active=1,addr=- id=1,voting=1,active=1,addr=localhost:5081
2096684:signal-handler (1704296609) Received SIGINT scheduling shutdown...
2096684:signal-handler (1704296609) You insist... exiting now.
2097706:C 03 Jan 2024 16:43:30.523 # WARNING Memory overcommit must be enabled! Without it, a background save or replication may fail under low memory condition. Being disabled, it can also cause failures without low memory condition, see https://github.com/jemalloc/jemalloc/issues/1328. To fix this issue add 'vm.overcommit_memory = 1' to /etc/sysctl.conf and then reboot or run the command 'sysctl vm.overcommit_memory=1' for this to take effect.
2097706:C 03 Jan 2024 16:43:30.524 * oO0OoO0OoO0Oo Redis is starting oO0OoO0OoO0Oo
2097706:C 03 Jan 2024 16:43:30.524 * Redis version=255.255.255, bits=64, commit=e04ebdb8, modified=1, pid=2097706, just started
2097706:C 03 Jan 2024 16:43:30.524 * Configuration loaded
2097706:M 03 Jan 2024 16:43:30.524 * monotonic clock: POSIX clock_gettime
2097706:M 03 Jan 2024 16:43:30.525 * Running mode=standalone, port=5082.
2097706:M 03 Jan 2024 16:43:30.532 * <raft> RedisRaft version 255.255.255 [b779b199]
2097706:M 03 Jan 2024 16:43:30.537 * <raft> Initializing test network
2097706:M 03 Jan 2024 16:43:30.538 * <raft> Created test network client
2097706:M 03 Jan 2024 16:43:30.540 * <raft> Raft module loaded, state is 'loading'
2097706:M 03 Jan 2024 16:43:30.540 * Module 'raft' loaded from /home/snagendra/Fuzzing/redisraft-fuzzing/redisraft.so
2097706:M 03 Jan 2024 16:43:30.541 * Server initialized
2097706:M 03 Jan 2024 16:43:30.541 . The AOF directory appendonlydir doesn't exist
2097706:M 03 Jan 2024 16:43:30.541 * Ready to accept connections tcp
2097706:M 03 Jan 2024 16:43:30.541 . 0 clients connected (0 replicas), 1746656 bytes in use
2097706:M 03 Jan 2024 16:43:30.640 * <raft> Loading: Redis loading complete, snapshot NOT LOADED
2097706:M 03 Jan 2024 16:43:30.641 * <raft> Cluster Membership: term:0 index:0 nodes: id=2,voting=0,active=1,addr=-
2097706:M 03 Jan 2024 16:43:30.641 * <raft> Test network starting message polling thread
2097706:M 03 Jan 2024 16:43:30.641 * <raft> Cluster Membership: term:0 index:3 nodes: id=2,voting=0,active=1,addr=- id=1,voting=1,active=1,addr=localhost:5081
2097706:M 03 Jan 2024 16:43:30.641 * <raft> Raft state after loading log: log_count=3, first_idx=1, current_idx=3, last_applied_idx=0
2097706:M 03 Jan 2024 16:43:30.641 . <raft> Raft term=1, vote=-1
2097706:M 03 Jan 2024 16:43:30.641 - Accepted 127.0.0.1:42306
2097706:M 03 Jan 2024 16:43:30.641 # Missing implement of connection type tls
2097706:signal-handler (1704296610) Received SIGINT scheduling shutdown...
2097706:signal-handler (1704296610) You insist... exiting now.
2097706:M 03 Jan 2024 16:43:30.742 * User requested shutdown...
2097706:M 03 Jan 2024 16:43:30.742 # Redis is now ready to exit, bye bye...
2097833:C 03 Jan 2024 16:43:30.807 # WARNING Memory overcommit must be enabled! Without it, a background save or replication may fail under low memory condition. Being disabled, it can also cause failures without low memory condition, see https://github.com/jemalloc/jemalloc/issues/1328. To fix this issue add 'vm.overcommit_memory = 1' to /etc/sysctl.conf and then reboot or run the command 'sysctl vm.overcommit_memory=1' for this to take effect.
2097833:C 03 Jan 2024 16:43:30.807 * oO0OoO0OoO0Oo Redis is starting oO0OoO0OoO0Oo
2097833:C 03 Jan 2024 16:43:30.807 * Redis version=255.255.255, bits=64, commit=e04ebdb8, modified=1, pid=2097833, just started
2097833:C 03 Jan 2024 16:43:30.807 * Configuration loaded
2097833:M 03 Jan 2024 16:43:30.808 * monotonic clock: POSIX clock_gettime
2097833:M 03 Jan 2024 16:43:30.808 * Running mode=standalone, port=5082.
2097833:M 03 Jan 2024 16:43:30.816 * <raft> RedisRaft version 255.255.255 [b779b199]
2097833:M 03 Jan 2024 16:43:30.821 * <raft> Initializing test network
2097833:M 03 Jan 2024 16:43:30.822 * <raft> Created test network client
2097833:M 03 Jan 2024 16:43:30.826 * <raft> Raft module loaded, state is 'loading'
2097833:M 03 Jan 2024 16:43:30.826 * Module 'raft' loaded from /home/snagendra/Fuzzing/redisraft-fuzzing/redisraft.so
2097833:M 03 Jan 2024 16:43:30.827 * Server initialized
2097833:M 03 Jan 2024 16:43:30.827 . The AOF directory appendonlydir doesn't exist
2097833:M 03 Jan 2024 16:43:30.827 * Ready to accept connections tcp
2097833:M 03 Jan 2024 16:43:30.827 . 0 clients connected (0 replicas), 1746624 bytes in use
2097833:M 03 Jan 2024 16:43:30.841 - Accepted 127.0.0.1:42314
2097833:M 03 Jan 2024 16:43:30.841 # Missing implement of connection type tls
2097833:M 03 Jan 2024 16:43:30.927 * <raft> Loading: Redis loading complete, snapshot NOT LOADED
2097833:M 03 Jan 2024 16:43:30.927 * <raft> Cluster Membership: term:0 index:0 nodes: id=2,voting=0,active=1,addr=-
2097833:M 03 Jan 2024 16:43:30.927 * <raft> Test network starting message polling thread
2097833:M 03 Jan 2024 16:43:30.927 * <raft> Cluster Membership: term:0 index:3 nodes: id=2,voting=0,active=1,addr=- id=1,voting=1,active=1,addr=localhost:5081
2097833:M 03 Jan 2024 16:43:30.928 * <raft> Raft state after loading log: log_count=3, first_idx=1, current_idx=3, last_applied_idx=0
2097833:M 03 Jan 2024 16:43:30.928 . <raft> Raft term=1, vote=-1
2097833:M 03 Jan 2024 16:43:31.172 * <raft> Cluster Membership: term:1 index:4 nodes: id=2,voting=0,active=1,addr=- id=1,voting=1,active=1,addr=localhost:5081 id=3,voting=0,active=1,addr=localhost:5083
2097833:M 03 Jan 2024 16:43:31.385 - Accepted 127.0.0.1:42322
2097833:signal-handler (1704296611) Received SIGINT scheduling shutdown...
2097833:signal-handler (1704296611) You insist... exiting now.
2098021:C 03 Jan 2024 16:43:31.741 # WARNING Memory overcommit must be enabled! Without it, a background save or replication may fail under low memory condition. Being disabled, it can also cause failures without low memory condition, see https://github.com/jemalloc/jemalloc/issues/1328. To fix this issue add 'vm.overcommit_memory = 1' to /etc/sysctl.conf and then reboot or run the command 'sysctl vm.overcommit_memory=1' for this to take effect.
2098021:C 03 Jan 2024 16:43:31.741 * oO0OoO0OoO0Oo Redis is starting oO0OoO0OoO0Oo
2098021:C 03 Jan 2024 16:43:31.741 * Redis version=255.255.255, bits=64, commit=e04ebdb8, modified=1, pid=2098021, just started
2098021:C 03 Jan 2024 16:43:31.741 * Configuration loaded
2098021:M 03 Jan 2024 16:43:31.741 * monotonic clock: POSIX clock_gettime
2098021:M 03 Jan 2024 16:43:31.742 * Running mode=standalone, port=5082.
2098021:M 03 Jan 2024 16:43:31.748 * <raft> RedisRaft version 255.255.255 [b779b199]
2098021:M 03 Jan 2024 16:43:31.752 * <raft> Initializing test network
2098021:M 03 Jan 2024 16:43:31.753 * <raft> Created test network client
2098021:M 03 Jan 2024 16:43:31.756 * <raft> Raft module loaded, state is 'loading'
2098021:M 03 Jan 2024 16:43:31.756 * Module 'raft' loaded from /home/snagendra/Fuzzing/redisraft-fuzzing/redisraft.so
2098021:M 03 Jan 2024 16:43:31.757 * Server initialized
2098021:M 03 Jan 2024 16:43:31.757 . The AOF directory appendonlydir doesn't exist
2098021:M 03 Jan 2024 16:43:31.757 * Ready to accept connections tcp
2098021:M 03 Jan 2024 16:43:31.757 . 0 clients connected (0 replicas), 1746688 bytes in use
2098021:M 03 Jan 2024 16:43:31.788 - Accepted 127.0.0.1:42336
2098021:M 03 Jan 2024 16:43:31.788 # Missing implement of connection type tls
2098021:M 03 Jan 2024 16:43:31.847 - Accepted 127.0.0.1:42352
2098021:M 03 Jan 2024 16:43:31.857 * <raft> Loading: Redis loading complete, snapshot NOT LOADED
2098021:M 03 Jan 2024 16:43:31.858 * <raft> Cluster Membership: term:0 index:0 nodes: id=2,voting=0,active=1,addr=-
2098021:M 03 Jan 2024 16:43:31.858 * <raft> Test network starting message polling thread
2098021:M 03 Jan 2024 16:43:31.858 * <raft> Cluster Membership: term:0 index:4 nodes: id=2,voting=0,active=1,addr=- id=1,voting=1,active=1,addr=localhost:5081
2098021:M 03 Jan 2024 16:43:31.859 * <raft> Cluster Membership: term:0 index:4 nodes: id=2,voting=0,active=1,addr=- id=1,voting=1,active=1,addr=localhost:5081 id=3,voting=0,active=1,addr=localhost:5083
2098021:M 03 Jan 2024 16:43:31.859 * <raft> Raft state after loading log: log_count=4, first_idx=1, current_idx=4, last_applied_idx=0
2098021:M 03 Jan 2024 16:43:31.859 . <raft> Raft term=1, vote=-1
2098021:M 03 Jan 2024 16:43:31.908 - Client closed connection id=9 addr=127.0.0.1:42352 laddr=127.0.0.1:5082 fd=12 name= age=0 idle=0 flags=N db=0 sub=0 psub=0 ssub=0 multi=-1 qbuf=0 qbuf-free=20474 argv-mem=0 multi-mem=0 rbs=16384 rbp=0 obl=0 oll=0 omem=0 tot-mem=37760 events=r cmd=auth user=default redir=-1 resp=2 lib-name= lib-ver=
2098021:M 03 Jan 2024 16:43:32.259 - Client closed connection id=8 addr=127.0.0.1:42336 laddr=127.0.0.1:5082 fd=11 name= age=1 idle=1 flags=N db=0 sub=0 psub=0 ssub=0 multi=-1 qbuf=0 qbuf-free=20474 argv-mem=0 multi-mem=0 rbs=1024 rbp=0 obl=0 oll=0 omem=0 tot-mem=22400 events=r cmd=auth user=default redir=-1 resp=2 lib-name= lib-ver=
2098021:M 03 Jan 2024 16:43:32.261 * <raft> State change: Election starting, node is now a pre-candidate, term 1
2098021:M 03 Jan 2024 16:43:32.261 * <raft> Cluster Membership: term:1 index:4 nodes: id=2,voting=0,active=1,addr=- id=1,voting=1,active=1,addr=localhost:5081 id=3,voting=0,active=1,addr=localhost:5083
2098021:signal-handler (1704296612) Received SIGINT scheduling shutdown...
2098021:signal-handler (1704296612) You insist... exiting now.

----- Stderr -----
libgcov profiling error:/home/snagendra/Fuzzing/redisraft-fuzzing/build/deps/raft/CMakeFiles/raft.dir/src/raft_server_properties.c.gcda:Merge mismatch for function 4
libgcov profiling error:/home/snagendra/Fuzzing/redisraft-fuzzing/build/deps/raft/CMakeFiles/raft.dir/src/raft_server_properties.c.gcda:Merge mismatch for function 4
libgcov profiling error:/home/snagendra/Fuzzing/redisraft-fuzzing/build/deps/raft/CMakeFiles/raft.dir/src/raft_server_properties.c.gcda:Merge mismatch for function 4
libgcov profiling error:/home/snagendra/Fuzzing/redisraft-fuzzing/build/deps/raft/CMakeFiles/raft.dir/src/raft_server_properties.c.gcda:Merge mismatch for function 4




logs for node: 3

----- Stdout -----
2096758:C 03 Jan 2024 16:43:28.970 # WARNING Memory overcommit must be enabled! Without it, a background save or replication may fail under low memory condition. Being disabled, it can also cause failures without low memory condition, see https://github.com/jemalloc/jemalloc/issues/1328. To fix this issue add 'vm.overcommit_memory = 1' to /etc/sysctl.conf and then reboot or run the command 'sysctl vm.overcommit_memory=1' for this to take effect.
2096758:C 03 Jan 2024 16:43:28.970 * oO0OoO0OoO0Oo Redis is starting oO0OoO0OoO0Oo
2096758:C 03 Jan 2024 16:43:28.970 * Redis version=255.255.255, bits=64, commit=e04ebdb8, modified=1, pid=2096758, just started
2096758:C 03 Jan 2024 16:43:28.970 * Configuration loaded
2096758:M 03 Jan 2024 16:43:28.971 * monotonic clock: POSIX clock_gettime
2096758:M 03 Jan 2024 16:43:28.971 * Running mode=standalone, port=5083.
2096758:M 03 Jan 2024 16:43:28.978 * <raft> RedisRaft version 255.255.255 [b779b199]
2096758:M 03 Jan 2024 16:43:28.983 * <raft> Initializing test network
2096758:M 03 Jan 2024 16:43:28.983 * <raft> Created test network client
2096758:M 03 Jan 2024 16:43:28.984 * <raft> Raft module loaded, state is 'uninitialized'
2096758:M 03 Jan 2024 16:43:28.984 * Module 'raft' loaded from /home/snagendra/Fuzzing/redisraft-fuzzing/redisraft.so
2096758:M 03 Jan 2024 16:43:28.985 * Server initialized
2096758:M 03 Jan 2024 16:43:28.986 . The AOF directory appendonlydir doesn't exist
2096758:M 03 Jan 2024 16:43:28.986 * Ready to accept connections tcp
2096758:M 03 Jan 2024 16:43:28.986 . 0 clients connected (0 replicas), 1726192 bytes in use
2096758:M 03 Jan 2024 16:43:29.000 - Accepted 127.0.0.1:40766
2096758:M 03 Jan 2024 16:43:29.000 # Missing implement of connection type tls
2096758:M 03 Jan 2024 16:43:29.084 - <raft> join cluster, connecting to localhost:5081
2096758:M 03 Jan 2024 16:43:29.086 * <raft> Joined Raft cluster, node id: 3, dbid: 8458f9fa423ac17ec7c5a9ae5eaf4501
2096758:M 03 Jan 2024 16:43:29.102 * <raft> Cluster Membership: term:0 index:0 nodes: id=3,voting=0,active=1,addr=-
2096758:M 03 Jan 2024 16:43:29.102 * <raft> Test network starting message polling thread
2096758:M 03 Jan 2024 16:43:29.109 * <raft> Cluster Membership: term:1 index:2 nodes: id=3,voting=0,active=1,addr=- id=1,voting=1,active=1,addr=localhost:5081
2096758:M 03 Jan 2024 16:43:29.110 * <raft> Cluster Membership: term:1 index:3 nodes: id=3,voting=0,active=1,addr=- id=1,voting=1,active=1,addr=localhost:5081 id=2,voting=0,active=1,addr=localhost:5082
2096758:M 03 Jan 2024 16:43:29.127 - Accepted 127.0.0.1:40770
2096758:M 03 Jan 2024 16:43:29.587 * <raft> State change: Election starting, node is now a pre-candidate, term 1
2096758:M 03 Jan 2024 16:43:29.587 * <raft> Cluster Membership: term:1 index:4 nodes: id=3,voting=0,active=1,addr=- id=1,voting=1,active=1,addr=localhost:5081 id=2,voting=0,active=1,addr=localhost:5082
2096758:M 03 Jan 2024 16:43:29.667 * <raft> State change: Node is now a follower, term 1
2096758:M 03 Jan 2024 16:43:29.667 * <raft> Cluster Membership: term:1 index:4 nodes: id=3,voting=0,active=1,addr=- id=1,voting=1,active=1,addr=localhost:5081 id=2,voting=0,active=1,addr=localhost:5082
2096758:signal-handler (1704296609) Received SIGINT scheduling shutdown...
2096758:signal-handler (1704296609) You insist... exiting now.
2097362:C 03 Jan 2024 16:43:30.020 # WARNING Memory overcommit must be enabled! Without it, a background save or replication may fail under low memory condition. Being disabled, it can also cause failures without low memory condition, see https://github.com/jemalloc/jemalloc/issues/1328. To fix this issue add 'vm.overcommit_memory = 1' to /etc/sysctl.conf and then reboot or run the command 'sysctl vm.overcommit_memory=1' for this to take effect.
2097362:C 03 Jan 2024 16:43:30.020 * oO0OoO0OoO0Oo Redis is starting oO0OoO0OoO0Oo
2097362:C 03 Jan 2024 16:43:30.020 * Redis version=255.255.255, bits=64, commit=e04ebdb8, modified=1, pid=2097362, just started
2097362:C 03 Jan 2024 16:43:30.020 * Configuration loaded
2097362:M 03 Jan 2024 16:43:30.021 * monotonic clock: POSIX clock_gettime
2097362:M 03 Jan 2024 16:43:30.021 * Running mode=standalone, port=5083.
2097362:M 03 Jan 2024 16:43:30.027 * <raft> RedisRaft version 255.255.255 [b779b199]
2097362:M 03 Jan 2024 16:43:30.032 * <raft> Initializing test network
2097362:M 03 Jan 2024 16:43:30.032 * <raft> Created test network client
2097362:M 03 Jan 2024 16:43:30.035 * <raft> Raft module loaded, state is 'loading'
2097362:M 03 Jan 2024 16:43:30.035 * Module 'raft' loaded from /home/snagendra/Fuzzing/redisraft-fuzzing/redisraft.so
2097362:M 03 Jan 2024 16:43:30.035 * Server initialized
2097362:M 03 Jan 2024 16:43:30.035 . The AOF directory appendonlydir doesn't exist
2097362:M 03 Jan 2024 16:43:30.035 * Ready to accept connections tcp
2097362:M 03 Jan 2024 16:43:30.035 . 0 clients connected (0 replicas), 1746688 bytes in use
2097362:M 03 Jan 2024 16:43:30.131 - Accepted 127.0.0.1:40804
2097362:M 03 Jan 2024 16:43:30.131 # Missing implement of connection type tls
2097362:M 03 Jan 2024 16:43:30.136 * <raft> Loading: Redis loading complete, snapshot NOT LOADED
2097362:M 03 Jan 2024 16:43:30.136 * <raft> Cluster Membership: term:0 index:0 nodes: id=3,voting=0,active=1,addr=-
2097362:M 03 Jan 2024 16:43:30.136 * <raft> Test network starting message polling thread
2097362:M 03 Jan 2024 16:43:30.137 * <raft> Cluster Membership: term:0 index:5 nodes: id=3,voting=0,active=1,addr=- id=1,voting=1,active=1,addr=localhost:5081
2097362:M 03 Jan 2024 16:43:30.137 * <raft> Cluster Membership: term:0 index:5 nodes: id=3,voting=0,active=1,addr=- id=1,voting=1,active=1,addr=localhost:5081 id=2,voting=0,active=1,addr=localhost:5082
2097362:M 03 Jan 2024 16:43:30.137 * <raft> Raft state after loading log: log_count=5, first_idx=1, current_idx=5, last_applied_idx=0
2097362:M 03 Jan 2024 16:43:30.137 . <raft> Raft term=1, vote=-1
2097362:M 03 Jan 2024 16:43:30.155 - Client closed connection id=8 addr=127.0.0.1:40804 laddr=127.0.0.1:5083 fd=11 name= age=0 idle=0 flags=N db=0 sub=0 psub=0 ssub=0 multi=-1 qbuf=0 qbuf-free=20474 argv-mem=0 multi-mem=0 rbs=16384 rbp=0 obl=0 oll=0 omem=0 tot-mem=37760 events=r cmd=auth user=default redir=-1 resp=2 lib-name= lib-ver=
2097362:M 03 Jan 2024 16:43:30.539 * <raft> State change: Election starting, node is now a pre-candidate, term 1
2097362:M 03 Jan 2024 16:43:30.539 * <raft> Cluster Membership: term:1 index:5 nodes: id=3,voting=1,active=1,addr=- id=1,voting=1,active=1,addr=localhost:5081 id=2,voting=0,active=1,addr=localhost:5082
2097362:M 03 Jan 2024 16:43:30.840 * <raft> State change: Election starting, node is now a pre-candidate, term 1
2097362:M 03 Jan 2024 16:43:30.840 * <raft> Cluster Membership: term:1 index:5 nodes: id=3,voting=1,active=1,addr=- id=1,voting=1,active=1,addr=localhost:5081 id=2,voting=0,active=1,addr=localhost:5082
2097362:M 03 Jan 2024 16:43:30.897 * <raft> State change: Node is now a follower, term 1
2097362:M 03 Jan 2024 16:43:30.897 * <raft> Cluster Membership: term:1 index:5 nodes: id=3,voting=1,active=1,addr=- id=1,voting=1,active=1,addr=localhost:5081 id=2,voting=0,active=1,addr=localhost:5082
2097362:M 03 Jan 2024 16:43:31.142 * <raft> State change: Election starting, node is now a pre-candidate, term 1
2097362:M 03 Jan 2024 16:43:31.142 * <raft> Cluster Membership: term:1 index:5 nodes: id=3,voting=1,active=1,addr=- id=1,voting=1,active=1,addr=localhost:5081 id=2,voting=0,active=1,addr=localhost:5082
2097362:M 03 Jan 2024 16:43:31.229 - Accepted 127.0.0.1:40812
2097362:M 03 Jan 2024 16:43:31.324 * <raft> State change: Node is now a follower, term 1
2097362:M 03 Jan 2024 16:43:31.324 * <raft> Cluster Membership: term:1 index:5 nodes: id=3,voting=1,active=1,addr=- id=1,voting=1,active=1,addr=localhost:5081 id=2,voting=0,active=1,addr=localhost:5082
2097362:M 03 Jan 2024 16:43:31.385 - Accepted 127.0.0.1:40816
2097362:M 03 Jan 2024 16:43:31.708 - Client closed connection id=9 addr=127.0.0.1:40812 laddr=127.0.0.1:5083 fd=12 name= age=0 idle=0 flags=N db=0 sub=0 psub=0 ssub=0 multi=-1 qbuf=0 qbuf-free=20474 argv-mem=0 multi-mem=0 rbs=1024 rbp=0 obl=0 oll=0 omem=0 tot-mem=22400 events=r cmd=auth user=default redir=-1 resp=2 lib-name= lib-ver=
2097362:M 03 Jan 2024 16:43:31.745 * <raft> State change: Election starting, node is now a pre-candidate, term 1
2097362:M 03 Jan 2024 16:43:31.745 * <raft> Cluster Membership: term:1 index:6 nodes: id=3,voting=1,active=1,addr=- id=1,voting=1,active=1,addr=localhost:5081 id=2,voting=0,active=1,addr=localhost:5082
2097362:M 03 Jan 2024 16:43:31.859 - Accepted 127.0.0.1:40820
2097362:signal-handler (1704296611) Received SIGINT scheduling shutdown...
2097362:signal-handler (1704296611) You insist... exiting now.
2098160:C 03 Jan 2024 16:43:31.972 # WARNING Memory overcommit must be enabled! Without it, a background save or replication may fail under low memory condition. Being disabled, it can also cause failures without low memory condition, see https://github.com/jemalloc/jemalloc/issues/1328. To fix this issue add 'vm.overcommit_memory = 1' to /etc/sysctl.conf and then reboot or run the command 'sysctl vm.overcommit_memory=1' for this to take effect.
2098160:C 03 Jan 2024 16:43:31.972 * oO0OoO0OoO0Oo Redis is starting oO0OoO0OoO0Oo
2098160:C 03 Jan 2024 16:43:31.972 * Redis version=255.255.255, bits=64, commit=e04ebdb8, modified=1, pid=2098160, just started
2098160:C 03 Jan 2024 16:43:31.972 * Configuration loaded
2098160:M 03 Jan 2024 16:43:31.973 * monotonic clock: POSIX clock_gettime
2098160:M 03 Jan 2024 16:43:31.973 * Running mode=standalone, port=5083.
2098160:M 03 Jan 2024 16:43:31.979 * <raft> RedisRaft version 255.255.255 [b779b199]
2098160:M 03 Jan 2024 16:43:31.983 * <raft> Initializing test network
2098160:M 03 Jan 2024 16:43:31.984 * <raft> Created test network client
2098160:M 03 Jan 2024 16:43:31.987 * <raft> Raft module loaded, state is 'loading'
2098160:M 03 Jan 2024 16:43:31.987 * Module 'raft' loaded from /home/snagendra/Fuzzing/redisraft-fuzzing/redisraft.so
2098160:M 03 Jan 2024 16:43:31.988 * Server initialized
2098160:M 03 Jan 2024 16:43:31.988 . The AOF directory appendonlydir doesn't exist
2098160:M 03 Jan 2024 16:43:31.988 * Ready to accept connections tcp
2098160:M 03 Jan 2024 16:43:31.988 . 0 clients connected (0 replicas), 1746720 bytes in use
2098160:M 03 Jan 2024 16:43:31.989 - Accepted 127.0.0.1:40832
2098160:M 03 Jan 2024 16:43:31.989 # Missing implement of connection type tls
2098160:M 03 Jan 2024 16:43:32.060 - Accepted 127.0.0.1:40840
2098160:M 03 Jan 2024 16:43:32.088 * <raft> Loading: Redis loading complete, snapshot NOT LOADED
2098160:M 03 Jan 2024 16:43:32.088 * <raft> Cluster Membership: term:0 index:0 nodes: id=3,voting=0,active=1,addr=-
2098160:M 03 Jan 2024 16:43:32.089 * <raft> Test network starting message polling thread


=== REDIS BUG REPORT START: Cut & paste starting from here ===
2098160:M 03 Jan 2024 16:43:32.089 # === ASSERTION FAILED ===
2098160:M 03 Jan 2024 16:43:32.089 # === ASSERTION FAILED ===
2098160:M 03 Jan 2024 16:43:32.089 # ==> /home/snagendra/Fuzzing/redisraft-fuzzing/src/log.c:509 'ety != NULL' is not true
2098160:M 03 Jan 2024 16:43:32.089 # ==> /home/snagendra/Fuzzing/redisraft-fuzzing/src/log.c:509 'ety != NULL' is not true

------ STACK TRACE ------

------ STACK TRACE ------

Backtrace:

Backtrace:
/home/snagendra/Fuzzing/redisraft-fuzzing/redisraft.so(+0x25e00)[0x7fe0b259de00]
/home/snagendra/Fuzzing/redisraft-fuzzing/redisraft.so(+0x25e00)[0x7fe0b259de00]
/home/snagendra/Fuzzing/redisraft-fuzzing/redisraft.so(LogGet+0x60)[0x7fe0b259f1b0]
/home/snagendra/Fuzzing/redisraft-fuzzing/redisraft.so(+0x272ef)[0x7fe0b259f2ef]
/home/snagendra/Fuzzing/redisraft-fuzzing/redisraft.so(raft_get_entry_from_idx+0x1a)[0x7fe0b25b345a]
/home/snagendra/Fuzzing/redisraft-fuzzing/redisraft.so(LogGet+0x60)[0x7fe0b259f1b0]
/home/snagendra/Fuzzing/redisraft-fuzzing/redisraft.so(raft_get_last_log_term+0x36)[0x7fe0b25b9346]
/home/snagendra/Fuzzing/redisraft-fuzzing/redisraft.so(+0x272ef)[0x7fe0b259f2ef]
/home/snagendra/Fuzzing/redisraft-fuzzing/redisraft.so(raft_recv_requestvote+0x16f)[0x7fe0b25b408f]
/home/snagendra/Fuzzing/redisraft-fuzzing/redisraft.so(handleTestNetworkMessage+0x1a2)[0x7fe0b25ad512]
/home/snagendra/Fuzzing/redisraft-fuzzing/redisraft.so(raft_restore_log+0x54)[0x7fe0b25b88d4]
/home/snagendra/Fuzzing/redisraft-fuzzing/redisraft.so(callRaftPeriodic+0x131)[0x7fe0b25a4d41]
/home/snagendra/Fuzzing/redis/src/redis-server 0.0.0.0:5083(moduleTimerHandler+0x21c)[0x55b6168c998c]
/home/snagendra/Fuzzing/redis/src/redis-server 0.0.0.0:5083(+0x81705)[0x55b6167d3705]
/home/snagendra/Fuzzing/redis/src/redis-server 0.0.0.0:5083(aeMain+0x1c8)[0x55b6167ddcb8]
/home/snagendra/Fuzzing/redis/src/redis-server 0.0.0.0:5083(main+0x3cd)[0x55b6167d2e2d]
/lib/x86_64-linux-gnu/libc.so.6(+0x271ca)[0x7fe0b36321ca]
/lib/x86_64-linux-gnu/libc.so.6(__libc_start_main+0x85)[0x7fe0b3632285]
/home/snagendra/Fuzzing/redis/src/redis-server 0.0.0.0:5083(_start+0x2a)[0x55b6167d35aa]

------ INFO OUTPUT ------
/home/snagendra/Fuzzing/redisraft-fuzzing/redisraft.so(poll_redis_test_messages+0x89)[0x7fe0b25ad5c9]
/lib/x86_64-linux-gnu/libc.so.6(+0x89044)[0x7fe0b3694044]
/lib/x86_64-linux-gnu/libc.so.6(+0x10961c)[0x7fe0b371461c]

------ INFO OUTPUT ------
# Server
redis_version:255.255.255
redis_git_sha1:e04ebdb8
redis_git_dirty:1
redis_build_id:1f78dcc7b4fbdd25
redis_mode:standalone
os:Linux 6.1.60.1.amd64-smp x86_64
arch_bits:64
monotonic_clock:POSIX clock_gettime
multiplexing_api:epoll
atomicvar_api:c11-builtin
gcc_version:10.2.1
process_id:2098160
process_supervised:no
run_id:523423e341c332669583ad0d176cc272735eea6f
tcp_port:5083
server_time_usec:1704296612088456
uptime_in_seconds:1
uptime_in_days:0
hz:10
configured_hz:10
lru_clock:9797795
executable:/home/snagendra/Fuzzing/redis/src/redis-server
config_file:
io_threads_active:0
listener0:name=tcp,bind=0.0.0.0,port=5083

# Clients
connected_clients:2
cluster_connections:0
maxclients:10000
client_recent_max_input_buffer:0
client_recent_max_output_buffer:0
blocked_clients:0
tracking_clients:0
clients_in_timeout_table:0
total_blocking_keys:0
total_blocking_keys_on_nokey:0

# Memory
used_memory:1855272
used_memory_human:1.77M
used_memory_rss:17940480
used_memory_rss_human:17.11M
used_memory_peak:1855272
used_memory_peak_human:1.77M
used_memory_peak_perc:100.38%
used_memory_overhead:1746760
used_memory_startup:1746576
used_memory_dataset:108512
used_memory_dataset_perc:99.83%
allocator_allocated:2081240
allocator_active:2666496
allocator_resident:10801152
total_system_memory:270388695040
total_system_memory_human:251.82G
used_memory_lua:31744
used_memory_vm_eval:31744
used_memory_lua_human:31.00K
used_memory_scripts_eval:0
number_of_cached_scripts:0
number_of_functions:0
number_of_libraries:0
used_memory_vm_functions:32768
used_memory_vm_total:64512
used_memory_vm_total_human:63.00K
used_memory_functions:184
used_memory_scripts:184
used_memory_scripts_human:184B
maxmemory:0
maxmemory_human:0B
maxmemory_policy:noeviction
allocator_frag_ratio:1.28
allocator_frag_bytes:585256
allocator_rss_ratio:4.05
allocator_rss_bytes:8134656
rss_overhead_ratio:1.66
rss_overhead_bytes:7139328
mem_fragmentation_ratio:10.27
mem_fragmentation_bytes:16193760
mem_not_counted_for_evict:0
mem_replication_backlog:0
mem_total_replication_buffers:0
mem_clients_slaves:0
mem_clients_normal:0
mem_cluster_links:0
mem_aof_buffer:0
mem_allocator:jemalloc-5.3.0
active_defrag_running:0
lazyfree_pending_objects:0
lazyfreed_objects:0

# Persistence
loading:0
async_loading:0
current_cow_peak:0
current_cow_size:0
current_cow_size_age:0
current_fork_perc:0.00
current_save_keys_processed:0
current_save_keys_total:0
rdb_changes_since_last_save:0
rdb_bgsave_in_progress:0
rdb_last_save_time:1704296611
rdb_last_bgsave_status:ok
rdb_last_bgsave_time_sec:-1
rdb_current_bgsave_time_sec:-1
rdb_saves:0
rdb_last_cow_size:0
rdb_last_load_keys_expired:0
rdb_last_load_keys_loaded:0
aof_enabled:0
aof_rewrite_in_progress:0
aof_rewrite_scheduled:0
aof_last_rewrite_time_sec:-1
aof_current_rewrite_time_sec:-1
aof_last_bgrewrite_status:ok
aof_rewrites:0
aof_rewrites_consecutive_failures:0
aof_last_write_status:ok
aof_last_cow_size:0
module_fork_in_progress:0
module_fork_last_cow_size:0

# Stats
total_connections_received:2
total_commands_processed:8
instantaneous_ops_per_sec:25
total_net_input_bytes:66
total_net_output_bytes:10
total_net_repl_input_bytes:0
total_net_repl_output_bytes:0
instantaneous_input_kbps:0.00
instantaneous_output_kbps:0.00
instantaneous_input_repl_kbps:0.00
instantaneous_output_repl_kbps:0.00
rejected_connections:0
sync_full:0
sync_partial_ok:0
sync_partial_err:0
expired_keys:0
expired_stale_perc:0.00
expired_time_cap_reached_count:0
expire_cycle_cpu_milliseconds:0
evicted_keys:0
evicted_clients:0
total_eviction_exceeded_time:0
current_eviction_exceeded_time:0
keyspace_hits:0
keyspace_misses:0
pubsub_channels:0
pubsub_patterns:0
pubsubshard_channels:0
latest_fork_usec:0
total_forks:0
migrate_cached_sockets:0
slave_expires_tracked_keys:0
active_defrag_hits:0
active_defrag_misses:0
active_defrag_key_hits:0
active_defrag_key_misses:0
total_active_defrag_time:0
current_active_defrag_time:0
tracking_total_keys:0
tracking_total_items:0
tracking_total_prefixes:0
unexpected_error_replies:0
total_error_replies:0
dump_payload_sanitizations:0
total_reads_processed:2
total_writes_processed:2
io_threaded_reads_processed:0
io_threaded_writes_processed:0
reply_buffer_shrinks:0
reply_buffer_expands:0
acl_access_denied_auth:0
acl_access_denied_cmd:0
acl_access_denied_key:0
acl_access_denied_channel:0

# Replication
role:master
connected_slaves:0
master_failover_state:no-failover
master_replid:6188d188776c29cdff43c818ddfebe51de1d7eb4
master_replid2:0000000000000000000000000000000000000000
master_repl_offset:0
second_repl_offset:-1
repl_backlog_active:0
repl_backlog_size:1048576
repl_backlog_first_byte_offset:0
repl_backlog_histlen:0

# CPU
used_cpu_sys:0.000000
used_cpu_user:0.017686
used_cpu_sys_children:0.000000
used_cpu_user_children:0.000000
used_cpu_sys_main_thread:0.000000
used_cpu_user_main_thread:0.016484

# Modules
module:name=raft,ver=1,api=1,filters=1,usedby=[],using=[],options=[]

# Commandstats
cmdstat_config|set:calls=1,usec=10,usec_per_call=10.00,rejected_calls=0,failed_calls=0
cmdstat_config|get:calls=3,usec=4,usec_per_call=1.33,rejected_calls=0,failed_calls=0
cmdstat_command:calls=2,usec=1412,usec_per_call=706.00,rejected_calls=0,failed_calls=0
cmdstat_auth:calls=2,usec=3,usec_per_call=1.50,rejected_calls=0,failed_calls=0

# Errorstats

# Latencystats
latency_percentiles_usec_config|set:p50=10.047,p99=10.047,p99.9=10.047
latency_percentiles_usec_config|get:p50=1.003,p99=2.007,p99.9=2.007
latency_percentiles_usec_command:p50=679.935,p99=737.279,p99.9=737.279
latency_percentiles_usec_auth:p50=1.003,p99=2.007,p99.9=2.007

# Cluster
cluster_enabled:0

# Keyspace

------ CLIENT LIST OUTPUT ------
id=8 addr=127.0.0.1:40832 laddr=127.0.0.1:5083 fd=11 name= age=1 idle=1 flags=N db=0 sub=0 psub=0 ssub=0 multi=-1 qbuf=0 qbuf-free=20474 argv-mem=0 multi-mem=0 rbs=16384 rbp=16384 obl=0 oll=0 omem=0 tot-mem=37760 events=r cmd=auth user=default redir=-1 resp=2 lib-name= lib-ver=
id=9 addr=127.0.0.1:40840 laddr=127.0.0.1:5083 fd=12 name= age=0 idle=0 flags=N db=0 sub=0 psub=0 ssub=0 multi=-1 qbuf=0 qbuf-free=20474 argv-mem=0 multi-mem=0 rbs=16384 rbp=16384 obl=0 oll=0 omem=0 tot-mem=37760 events=r cmd=auth user=default redir=-1 resp=2 lib-name= lib-ver=

------ MODULES INFO OUTPUT ------
# raft_version
raft_version:255.255.255
raft_git_sha1:b779b199

# raft_general
raft_dbid:8458f9fa423ac17ec7c5a9ae5eaf4501
raft_node_id:3
raft_state:up
raft_role:follower
raft_is_voting:no
raft_voted_for:-1
raft_leader_id:-1
raft_current_term:0
raft_num_nodes:1
raft_num_voting_nodes:0

# raft_log
raft_log_entries:6
raft_current_index:6
raft_commit_index:0
raft_last_applied_index:0
raft_file_size:1637
raft_cache_memory_size:0
raft_cache_entries:0
raft_client_attached_entries:0
raft_fsync_count:0
raft_fsync_max_microseconds:0
raft_entry1:term=1,id=0,data_len=0
raft_entry2:term=1,id=1242008536,data_len=264
raft_entry3:term=1,id=843100753,data_len=264
raft_entry4:term=1,id=615142400,data_len=264
raft_entry5:term=1,id=1105703102,data_len=264
raft_fsync_avg_microseconds:0

# raft_snapshot
raft_snapshot_filename:redis3.rdb
raft_snapshot_last_idx:0
raft_snapshot_last_term:0
raft_snapshot_size:0
raft_snapshot_time_secs:-1
raft_snapshots_created:0
raft_snapshots_received:0
raft_snapshot_in_progress:no
raft_snapshot_in_progress_last_idx:-1
raft_snapshot_in_progress_last_term:-1

# raft_clients
raft_proxy_reqs:0
raft_proxy_failed_reqs:0
raft_proxy_failed_responses:0
raft_proxy_outstanding_reqs:0

# raft_stats
raft_appendreq_received:0
raft_appendreq_with_entry_received:0
raft_snapshotreq_received:0
raft_exec_throttled:0
raft_num_sessions:0

------ CONFIG DEBUG OUTPUT ------
slave-read-only yes
io-threads 1
activedefrag no
sanitize-dump-payload no
lazyfree-lazy-expire no
proto-max-bulk-len 512mb
repl-diskless-sync yes
client-query-buffer-limit 1gb
lazyfree-lazy-eviction no
list-compress-depth 0
lazyfree-lazy-user-flush no
replica-read-only yes
io-threads-do-reads no
lazyfree-lazy-user-del no
lazyfree-lazy-server-del no
repl-diskless-load disabled

------ FAST MEMORY TEST ------
2098160:M 03 Jan 2024 16:43:32.090 # Bio worker thread #0 terminated
2098160:M 03 Jan 2024 16:43:32.090 # Bio worker thread #1 terminated
# Server
redis_version:255.255.255
redis_git_sha1:e04ebdb8
redis_git_dirty:1
redis_build_id:1f78dcc7b4fbdd25
redis_mode:standalone
os:Linux 6.1.60.1.amd64-smp x86_64
arch_bits:64
monotonic_clock:POSIX clock_gettime
multiplexing_api:epoll
atomicvar_api:c11-builtin
gcc_version:10.2.1
process_id:2098160
process_supervised:no
run_id:523423e341c332669583ad0d176cc272735eea6f
tcp_port:5083
server_time_usec:1704296612088456
uptime_in_seconds:1
uptime_in_days:0
hz:10
configured_hz:10
lru_clock:9797795
executable:/home/snagendra/Fuzzing/redis/src/redis-server
config_file:
io_threads_active:0
listener0:name=tcp,bind=0.0.0.0,port=5083

# Clients
connected_clients:2
cluster_connections:0
maxclients:10000
client_recent_max_input_buffer:0
client_recent_max_output_buffer:0
blocked_clients:0
tracking_clients:0
clients_in_timeout_table:0
total_blocking_keys:0
total_blocking_keys_on_nokey:0

# Memory
used_memory:1857192
used_memory_human:1.77M
used_memory_rss:17940480
used_memory_rss_human:17.11M
used_memory_peak:1857192
used_memory_peak_human:1.77M
used_memory_peak_perc:100.12%
used_memory_overhead:1746760
used_memory_startup:1746576
used_memory_dataset:110768
used_memory_dataset_perc:99.83%
allocator_allocated:2081240
allocator_active:2666496
allocator_resident:10801152
total_system_memory:270388695040
total_system_memory_human:251.82G
used_memory_lua:31744
used_memory_vm_eval:31744
used_memory_lua_human:31.00K
used_memory_scripts_eval:0
number_of_cached_scripts:0
number_of_functions:0
number_of_libraries:0
used_memory_vm_functions:32768
used_memory_vm_total:64512
used_memory_vm_total_human:63.00K
used_memory_functions:184
used_memory_scripts:184
used_memory_scripts_human:184B
maxmemory:0
maxmemory_human:0B
maxmemory_policy:noeviction
allocator_frag_ratio:1.28
allocator_frag_bytes:585256
allocator_rss_ratio:4.05
allocator_rss_bytes:8134656
rss_overhead_ratio:1.66
rss_overhead_bytes:7139328
mem_fragmentation_ratio:10.27
mem_fragmentation_bytes:16193760
mem_not_counted_for_evict:0
mem_replication_backlog:0
mem_total_replication_buffers:0
mem_clients_slaves:0
mem_clients_normal:0
mem_cluster_links:0
mem_aof_buffer:0
mem_allocator:jemalloc-5.3.0
active_defrag_running:0
lazyfree_pending_objects:0
lazyfreed_objects:0

# Persistence
loading:0
async_loading:0
current_cow_peak:0
current_cow_size:0
current_cow_size_age:0
current_fork_perc:0.00
current_save_keys_processed:0
current_save_keys_total:0
rdb_changes_since_last_save:0
rdb_bgsave_in_progress:0
rdb_last_save_time:1704296611
rdb_last_bgsave_status:ok
rdb_last_bgsave_time_sec:-1
rdb_current_bgsave_time_sec:-1
rdb_saves:0
rdb_last_cow_size:0
rdb_last_load_keys_expired:0
rdb_last_load_keys_loaded:0
aof_enabled:0
aof_rewrite_in_progress:0
aof_rewrite_scheduled:0
aof_last_rewrite_time_sec:-1
aof_current_rewrite_time_sec:-1
aof_last_bgrewrite_status:ok
aof_rewrites:0
aof_rewrites_consecutive_failures:0
aof_last_write_status:ok
aof_last_cow_size:0
module_fork_in_progress:0
module_fork_last_cow_size:0

# Stats
total_connections_received:2
total_commands_processed:8
instantaneous_ops_per_sec:25
total_net_input_bytes:66
total_net_output_bytes:10
total_net_repl_input_bytes:0
total_net_repl_output_bytes:0
instantaneous_input_kbps:0.00
instantaneous_output_kbps:0.00
instantaneous_input_repl_kbps:0.00
instantaneous_output_repl_kbps:0.00
rejected_connections:0
sync_full:0
sync_partial_ok:0
sync_partial_err:0
expired_keys:0
expired_stale_perc:0.00
expired_time_cap_reached_count:0
expire_cycle_cpu_milliseconds:0
evicted_keys:0
evicted_clients:0
total_eviction_exceeded_time:0
current_eviction_exceeded_time:0
keyspace_hits:0
keyspace_misses:0
pubsub_channels:0
pubsub_patterns:0
pubsubshard_channels:0
latest_fork_usec:0
total_forks:0
migrate_cached_sockets:0
slave_expires_tracked_keys:0
active_defrag_hits:0
active_defrag_misses:0
active_defrag_key_hits:0
active_defrag_key_misses:0
total_active_defrag_time:0
current_active_defrag_time:0
tracking_total_keys:0
tracking_total_items:0
tracking_total_prefixes:0
unexpected_error_replies:0
total_error_replies:0
dump_payload_sanitizations:0
total_reads_processed:2
total_writes_processed:2
io_threaded_reads_processed:0
io_threaded_writes_processed:0
reply_buffer_shrinks:0
reply_buffer_expands:0
acl_access_denied_auth:0
acl_access_denied_cmd:0
acl_access_denied_key:0
acl_access_denied_channel:0

# Replication
role:master
connected_slaves:0
master_failover_state:no-failover
master_replid:6188d188776c29cdff43c818ddfebe51de1d7eb4
master_replid2:0000000000000000000000000000000000000000
master_repl_offset:0
second_repl_offset:-1
repl_backlog_active:0
repl_backlog_size:1048576
repl_backlog_first_byte_offset:0
repl_backlog_histlen:0

# CPU
used_cpu_sys:0.000000
used_cpu_user:0.018303
used_cpu_sys_children:0.000000
used_cpu_user_children:0.000000
used_cpu_sys_main_thread:0.000000
used_cpu_user_main_thread:0.000623

# Modules
module:name=raft,ver=1,api=1,filters=1,usedby=[],using=[],options=[]

# Commandstats
cmdstat_config|set:calls=1,usec=10,usec_per_call=10.00,rejected_calls=0,failed_calls=0
cmdstat_config|get:calls=3,usec=4,usec_per_call=1.33,rejected_calls=0,failed_calls=0
cmdstat_command:calls=2,usec=1412,usec_per_call=706.00,rejected_calls=0,failed_calls=0
cmdstat_auth:calls=2,usec=3,usec_per_call=1.50,rejected_calls=0,failed_calls=0

# Errorstats

# Latencystats
latency_percentiles_usec_config|set:p50=10.047,p99=10.047,p99.9=10.047
latency_percentiles_usec_config|get:p50=1.003,p99=2.007,p99.9=2.007
latency_percentiles_usec_command:p50=679.935,p99=737.279,p99.9=737.279
latency_percentiles_usec_auth:p50=1.003,p99=2.007,p99.9=2.007

# Cluster
cluster_enabled:0

# Keyspace

------ CLIENT LIST OUTPUT ------
2098160:M 03 Jan 2024 16:43:32.090 # Bio worker thread #2 terminated
id=8 addr=127.0.0.1:40832 laddr=127.0.0.1:5083 fd=11 name= age=1 idle=1 flags=N db=0 sub=0 psub=0 ssub=0 multi=-1 qbuf=0 qbuf-free=20474 argv-mem=0 multi-mem=0 rbs=16384 rbp=16384 obl=0 oll=0 omem=0 tot-mem=37760 events=r cmd=auth user=default redir=-1 resp=2 lib-name= lib-ver=
id=9 addr=127.0.0.1:40840 laddr=127.0.0.1:5083 fd=12 name= age=0 idle=0 flags=N db=0 sub=0 psub=0 ssub=0 multi=-1 qbuf=0 qbuf-free=20474 argv-mem=0 multi-mem=0 rbs=16384 rbp=16384 obl=0 oll=0 omem=0 tot-mem=37760 events=r cmd=auth user=default redir=-1 resp=2 lib-name= lib-ver=

------ MODULES INFO OUTPUT ------
*** Preparing to test memory region 55b616aa9000 (2273280 bytes)
*** Preparing to test memory region 55b61893e000 (405504 bytes)
*** Preparing to test memory region 7fe090000000 (135168 bytes)
*** Preparing to test memory region 7fe098000000 (135168 bytes)
*** Preparing to test memory region 7fe09dffe000 (8388608 bytes)
*** Preparing to test memory region 7fe0a0000000 (135168 bytes)
*** Preparing to test memory region 7fe0a5c00000 (2097152 bytes)
*** Preparing to test memory region 7fe0a5ffe000 (8388608 bytes)
*** Preparing to test memory region 7fe0a67ff000 (8388608 bytes)
*** Preparing to test memory region 7fe0a7000000 (8388608 bytes)
*** Preparing to test memory region 7fe0a7800000 (6291456 bytes)
*** Preparing to test memory region 7fe0a7ff9000 (8388608 bytes)
*** Preparing to test memory region 7fe0a87fa000 (8388608 bytes)
*** Preparing to test memory region 7fe0a8ffb000 (8388608 bytes)
*** Preparing to test memory region 7fe0a97fc000 (8388608 bytes)
*** Preparing to test memory region 7fe0a9ffd000 (8388608 bytes)
*** Preparing to test memory region 7fe0aa7fe000 (8388608 bytes)
*** Preparing to test memory region 7fe0aafff000 (8388608 bytes)
*** Preparing to test memory region 7fe0ab800000 (8388608 bytes)
*** Preparing to test memory region 7fe0ac000000 (135168 bytes)
*** Preparing to test memory region 7fe0b0170000 (2097152 bytes)
*** Preparing to test memory region 7fe0b0371000 (8388608 bytes)
*** Preparing to test memory region 7fe0b0b72000 (8388608 bytes)
*** Preparing to test memory region 7fe0b1372000 (2621440 bytes)
*** Preparing to test memory region 7fe0b1c7f000 (12288 bytes)
*** Preparing to test memory region 7fe0b1c97000 (8192 bytes)
# raft_version
raft_version:255.255.255
raft_git_sha1:b779b199

# raft_general
raft_dbid:8458f9fa423ac17ec7c5a9ae5eaf4501
raft_node_id:3
raft_state:up
raft_role:follower
raft_is_voting:no
raft_voted_for:-1
raft_leader_id:-1
raft_current_term:0
raft_num_nodes:1
raft_num_voting_nodes:0

# raft_log
raft_log_entries:6
raft_current_index:6
raft_commit_index:0
raft_last_applied_index:0
raft_file_size:1637
raft_cache_memory_size:0
raft_cache_entries:0
raft_client_attached_entries:0
raft_fsync_count:0
raft_fsync_max_microseconds:0
raft_entry1:term=1,id=0,data_len=0
raft_entry2:term=1,id=1242008536,data_len=264
raft_entry3:term=1,id=843100753,data_len=264
raft_entry4:term=1,id=615142400,data_len=264
raft_entry5:term=1,id=1105703102,data_len=264
raft_fsync_avg_microseconds:0

# raft_snapshot
raft_snapshot_filename:redis3.rdb
raft_snapshot_last_idx:0
raft_snapshot_last_term:0
raft_snapshot_size:0
raft_snapshot_time_secs:-1
raft_snapshots_created:0
raft_snapshots_received:0
raft_snapshot_in_progress:no
raft_snapshot_in_progress_last_idx:-1
raft_snapshot_in_progress_last_term:-1

# raft_clients
raft_proxy_reqs:0
raft_proxy_failed_reqs:0
raft_proxy_failed_responses:0
raft_proxy_outstanding_reqs:0

# raft_stats
raft_appendreq_received:0
raft_appendreq_with_entry_received:0
raft_snapshotreq_received:0
raft_exec_throttled:0
raft_num_sessions:0
*** Preparing to test memory region 7fe0b2218000 (16384 bytes)

------ CONFIG DEBUG OUTPUT ------
slave-read-only yes
io-threads 1
activedefrag no
sanitize-dump-payload no
lazyfree-lazy-expire no
proto-max-bulk-len 512mb
repl-diskless-sync yes
client-query-buffer-limit 1gb
lazyfree-lazy-eviction no
list-compress-depth 0
lazyfree-lazy-user-flush no
replica-read-only yes
io-threads-do-reads no
lazyfree-lazy-user-del no
lazyfree-lazy-server-del no
repl-diskless-load disabled

------ FAST MEMORY TEST ------
*** Preparing to test memory region 7fe0b232e000 (8192 bytes)
2098160:M 03 Jan 2024 16:43:32.090 # main thread terminated
2098160:M 03 Jan 2024 16:43:32.090 # Bio worker thread #0 can not be joined: No such process
2098160:M 03 Jan 2024 16:43:32.090 # Bio worker thread #1 can not be joined: No such process
2098160:M 03 Jan 2024 16:43:32.090 # Bio worker thread #2 can not be joined: No such process

Fast memory test PASSED, however your memory can still be broken. Please run a memory test for several hours if possible.

=== REDIS BUG REPORT END. Make sure to include from START to END. ===

       Please report the crash by opening an issue on github:

           http://github.com/redis/redis/issues

  If a Redis module was involved, please open in the module's repo instead.

  Suspect RAM error? Use redis-server --test-memory to verify it.

  Some other issues could be detected by redis-server --check-system

----- Stderr -----
libgcov profiling error:/home/snagendra/Fuzzing/redisraft-fuzzing/build/deps/raft/CMakeFiles/raft.dir/src/raft_server_properties.c.gcda:Merge mismatch for function 4
libgcov profiling error:/home/snagendra/Fuzzing/redisraft-fuzzing/build/deps/raft/CMakeFiles/raft.dir/src/raft_server_properties.c.gcda:Merge mismatch for function 4



