logs for node: 1

----- Stdout -----
1599235:C 03 Jan 2024 16:24:56.757 # WARNING Memory overcommit must be enabled! Without it, a background save or replication may fail under low memory condition. Being disabled, it can also cause failures without low memory condition, see https://github.com/jemalloc/jemalloc/issues/1328. To fix this issue add 'vm.overcommit_memory = 1' to /etc/sysctl.conf and then reboot or run the command 'sysctl vm.overcommit_memory=1' for this to take effect.
1599235:C 03 Jan 2024 16:24:56.757 * oO0OoO0OoO0Oo Redis is starting oO0OoO0OoO0Oo
1599235:C 03 Jan 2024 16:24:56.757 * Redis version=255.255.255, bits=64, commit=e04ebdb8, modified=1, pid=1599235, just started
1599235:C 03 Jan 2024 16:24:56.757 * Configuration loaded
1599235:M 03 Jan 2024 16:24:56.757 * monotonic clock: POSIX clock_gettime
1599235:M 03 Jan 2024 16:24:56.758 * Running mode=standalone, port=5081.
1599235:M 03 Jan 2024 16:24:56.764 * <raft> RedisRaft version 255.255.255 [b779b199]
1599235:M 03 Jan 2024 16:24:56.769 * <raft> Initializing test network
1599235:M 03 Jan 2024 16:24:56.770 * <raft> Created test network client
1599235:M 03 Jan 2024 16:24:56.771 * <raft> Raft module loaded, state is 'uninitialized'
1599235:M 03 Jan 2024 16:24:56.771 * Module 'raft' loaded from /home/snagendra/Fuzzing/redisraft-fuzzing/redisraft.so
1599235:M 03 Jan 2024 16:24:56.771 * Server initialized
1599235:M 03 Jan 2024 16:24:56.772 . The AOF directory appendonlydir doesn't exist
1599235:M 03 Jan 2024 16:24:56.772 * Ready to accept connections tcp
1599235:M 03 Jan 2024 16:24:56.772 . 0 clients connected (0 replicas), 1726224 bytes in use
1599235:M 03 Jan 2024 16:24:56.778 - Accepted 127.0.0.1:42956
1599235:M 03 Jan 2024 16:24:56.778 # Missing implement of connection type tls
1599235:M 03 Jan 2024 16:24:56.784 * <raft> Cluster Membership: term:0 index:0 nodes: id=1,voting=0,active=1,addr=-
1599235:M 03 Jan 2024 16:24:56.789 * <raft> State change: Node is now a leader, term 1
1599235:M 03 Jan 2024 16:24:56.789 * <raft> Cluster Membership: term:1 index:1 nodes: id=1,voting=0,active=1,addr=-
1599235:M 03 Jan 2024 16:24:56.789 * <raft> Test network starting message polling thread
1599235:M 03 Jan 2024 16:24:56.789 * <raft> Raft Cluster initialized, node id: 1, dbid: b821e024203c828774a0425174522fab
1599235:M 03 Jan 2024 16:24:56.906 - Accepted 127.0.0.1:42966
1599235:M 03 Jan 2024 16:24:56.907 * <raft> Cluster Membership: term:1 index:3 nodes: id=1,voting=1,active=1,addr=- id=2,voting=0,active=1,addr=localhost:5082
1599235:M 03 Jan 2024 16:24:56.914 - Client closed connection id=9 addr=127.0.0.1:42966 laddr=127.0.0.1:5081 fd=12 name= age=0 idle=0 flags=N db=0 sub=0 psub=0 ssub=0 multi=-1 qbuf=0 qbuf-free=20474 argv-mem=0 multi-mem=0 rbs=16384 rbp=16384 obl=0 oll=0 omem=0 tot-mem=37760 events=r cmd=raft.node user=default redir=-1 resp=2 lib-name= lib-ver=
1599235:M 03 Jan 2024 16:24:57.032 - Accepted 127.0.0.1:42970
1599235:M 03 Jan 2024 16:24:57.033 * <raft> Cluster Membership: term:1 index:4 nodes: id=1,voting=1,active=1,addr=- id=2,voting=0,active=1,addr=localhost:5082 id=3,voting=0,active=1,addr=localhost:5083
1599235:M 03 Jan 2024 16:24:57.040 - Client closed connection id=10 addr=127.0.0.1:42970 laddr=127.0.0.1:5081 fd=13 name= age=0 idle=0 flags=N db=0 sub=0 psub=0 ssub=0 multi=-1 qbuf=0 qbuf-free=20474 argv-mem=0 multi-mem=0 rbs=16384 rbp=16384 obl=0 oll=0 omem=0 tot-mem=37760 events=r cmd=raft.node user=default redir=-1 resp=2 lib-name= lib-ver=
1599235:M 03 Jan 2024 16:24:57.207 - Accepted 127.0.0.1:42986
1599235:signal-handler (1704295497) Received SIGINT scheduling shutdown...
1599235:signal-handler (1704295497) You insist... exiting now.
1600223:C 03 Jan 2024 16:24:59.488 # WARNING Memory overcommit must be enabled! Without it, a background save or replication may fail under low memory condition. Being disabled, it can also cause failures without low memory condition, see https://github.com/jemalloc/jemalloc/issues/1328. To fix this issue add 'vm.overcommit_memory = 1' to /etc/sysctl.conf and then reboot or run the command 'sysctl vm.overcommit_memory=1' for this to take effect.
1600223:C 03 Jan 2024 16:24:59.488 * oO0OoO0OoO0Oo Redis is starting oO0OoO0OoO0Oo
1600223:C 03 Jan 2024 16:24:59.488 * Redis version=255.255.255, bits=64, commit=e04ebdb8, modified=1, pid=1600223, just started
1600223:C 03 Jan 2024 16:24:59.488 * Configuration loaded
1600223:M 03 Jan 2024 16:24:59.489 * monotonic clock: POSIX clock_gettime
1600223:M 03 Jan 2024 16:24:59.489 * Running mode=standalone, port=5081.
1600223:M 03 Jan 2024 16:24:59.495 * <raft> RedisRaft version 255.255.255 [b779b199]
1600223:M 03 Jan 2024 16:24:59.500 * <raft> Initializing test network
1600223:M 03 Jan 2024 16:24:59.501 * <raft> Created test network client
1600223:M 03 Jan 2024 16:24:59.504 * <raft> Raft module loaded, state is 'loading'
1600223:M 03 Jan 2024 16:24:59.504 * Module 'raft' loaded from /home/snagendra/Fuzzing/redisraft-fuzzing/redisraft.so
1600223:M 03 Jan 2024 16:24:59.504 * Server initialized
1600223:M 03 Jan 2024 16:24:59.504 . The AOF directory appendonlydir doesn't exist
1600223:M 03 Jan 2024 16:24:59.504 * Ready to accept connections tcp
1600223:M 03 Jan 2024 16:24:59.504 . 0 clients connected (0 replicas), 1746656 bytes in use
1600223:M 03 Jan 2024 16:24:59.605 * <raft> Loading: Redis loading complete, snapshot NOT LOADED
1600223:M 03 Jan 2024 16:24:59.605 * <raft> Cluster Membership: term:0 index:0 nodes: id=1,voting=0,active=1,addr=-
1600223:M 03 Jan 2024 16:24:59.605 * <raft> Test network starting message polling thread
1600223:M 03 Jan 2024 16:24:59.606 * <raft> Cluster Membership: term:0 index:7 nodes: id=1,voting=1,active=1,addr=- id=2,voting=0,active=1,addr=localhost:5082
1600223:M 03 Jan 2024 16:24:59.606 * <raft> Cluster Membership: term:0 index:7 nodes: id=1,voting=1,active=1,addr=- id=2,voting=0,active=1,addr=localhost:5082 id=3,voting=0,active=1,addr=localhost:5083
1600223:M 03 Jan 2024 16:24:59.606 * <raft> Raft state after loading log: log_count=7, first_idx=1, current_idx=7, last_applied_idx=0
1600223:M 03 Jan 2024 16:24:59.606 . <raft> Raft term=1, vote=-1
1600223:M 03 Jan 2024 16:24:59.612 * <raft> State change: Node is now a leader, term 2
1600223:M 03 Jan 2024 16:24:59.612 * <raft> Cluster Membership: term:2 index:8 nodes: id=1,voting=1,active=1,addr=- id=2,voting=0,active=1,addr=localhost:5082 id=3,voting=0,active=1,addr=localhost:5083
1600223:M 03 Jan 2024 16:24:59.639 - Accepted 127.0.0.1:43034
1600223:M 03 Jan 2024 16:24:59.639 # Missing implement of connection type tls
1600223:M 03 Jan 2024 16:24:59.871 # <raft> Redis connection authentication failed: connection died
1600223:M 03 Jan 2024 16:24:59.913 - Accepted 127.0.0.1:43036
1600223:M 03 Jan 2024 16:25:00.205 - Client closed connection id=10 addr=127.0.0.1:43036 laddr=127.0.0.1:5081 fd=11 name= age=1 idle=1 flags=N db=0 sub=0 psub=0 ssub=0 multi=-1 qbuf=0 qbuf-free=20474 argv-mem=0 multi-mem=0 rbs=1024 rbp=0 obl=0 oll=0 omem=0 tot-mem=22400 events=r cmd=auth user=default redir=-1 resp=2 lib-name= lib-ver=
1600223:signal-handler (1704295500) Received SIGINT scheduling shutdown...
1600223:signal-handler (1704295500) You insist... exiting now.

----- Stderr -----




logs for node: 2

----- Stdout -----
1599283:C 03 Jan 2024 16:24:56.792 # WARNING Memory overcommit must be enabled! Without it, a background save or replication may fail under low memory condition. Being disabled, it can also cause failures without low memory condition, see https://github.com/jemalloc/jemalloc/issues/1328. To fix this issue add 'vm.overcommit_memory = 1' to /etc/sysctl.conf and then reboot or run the command 'sysctl vm.overcommit_memory=1' for this to take effect.
1599283:C 03 Jan 2024 16:24:56.792 * oO0OoO0OoO0Oo Redis is starting oO0OoO0OoO0Oo
1599283:C 03 Jan 2024 16:24:56.792 * Redis version=255.255.255, bits=64, commit=e04ebdb8, modified=1, pid=1599283, just started
1599283:C 03 Jan 2024 16:24:56.792 * Configuration loaded
1599283:M 03 Jan 2024 16:24:56.793 * monotonic clock: POSIX clock_gettime
1599283:M 03 Jan 2024 16:24:56.793 * Running mode=standalone, port=5082.
1599283:M 03 Jan 2024 16:24:56.799 * <raft> RedisRaft version 255.255.255 [b779b199]
1599283:M 03 Jan 2024 16:24:56.804 * <raft> Initializing test network
1599283:M 03 Jan 2024 16:24:56.805 * <raft> Created test network client
1599283:M 03 Jan 2024 16:24:56.805 * <raft> Raft module loaded, state is 'uninitialized'
1599283:M 03 Jan 2024 16:24:56.805 * Module 'raft' loaded from /home/snagendra/Fuzzing/redisraft-fuzzing/redisraft.so
1599283:M 03 Jan 2024 16:24:56.806 * Server initialized
1599283:M 03 Jan 2024 16:24:56.806 . The AOF directory appendonlydir doesn't exist
1599283:M 03 Jan 2024 16:24:56.807 * Ready to accept connections tcp
1599283:M 03 Jan 2024 16:24:56.807 . 0 clients connected (0 replicas), 1726192 bytes in use
1599283:M 03 Jan 2024 16:24:56.813 - Accepted 127.0.0.1:52802
1599283:M 03 Jan 2024 16:24:56.813 # Missing implement of connection type tls
1599283:M 03 Jan 2024 16:24:56.906 - <raft> join cluster, connecting to localhost:5081
1599283:M 03 Jan 2024 16:24:56.907 * <raft> Joined Raft cluster, node id: 2, dbid: b821e024203c828774a0425174522fab
1599283:M 03 Jan 2024 16:24:56.914 * <raft> Cluster Membership: term:0 index:0 nodes: id=2,voting=0,active=1,addr=-
1599283:M 03 Jan 2024 16:24:56.914 * <raft> Test network starting message polling thread
1599283:M 03 Jan 2024 16:24:56.973 - Accepted 127.0.0.1:52808
1599283:M 03 Jan 2024 16:24:57.200 * <raft> Cluster Membership: term:1 index:2 nodes: id=2,voting=0,active=1,addr=- id=1,voting=1,active=1,addr=localhost:5081
1599283:M 03 Jan 2024 16:24:57.286 * <raft> Cluster Membership: term:1 index:4 nodes: id=2,voting=0,active=1,addr=- id=1,voting=1,active=1,addr=localhost:5081 id=3,voting=0,active=1,addr=localhost:5083
1599283:M 03 Jan 2024 16:24:57.713 - Client closed connection id=9 addr=127.0.0.1:52808 laddr=127.0.0.1:5082 fd=10 name= age=1 idle=1 flags=N db=0 sub=0 psub=0 ssub=0 multi=-1 qbuf=0 qbuf-free=20474 argv-mem=0 multi-mem=0 rbs=1024 rbp=0 obl=0 oll=0 omem=0 tot-mem=22400 events=r cmd=auth user=default redir=-1 resp=2 lib-name= lib-ver=
1599283:signal-handler (1704295498) Received SIGINT scheduling shutdown...
1599283:signal-handler (1704295498) You insist... exiting now.
1599945:C 03 Jan 2024 16:24:58.562 # WARNING Memory overcommit must be enabled! Without it, a background save or replication may fail under low memory condition. Being disabled, it can also cause failures without low memory condition, see https://github.com/jemalloc/jemalloc/issues/1328. To fix this issue add 'vm.overcommit_memory = 1' to /etc/sysctl.conf and then reboot or run the command 'sysctl vm.overcommit_memory=1' for this to take effect.
1599945:C 03 Jan 2024 16:24:58.562 * oO0OoO0OoO0Oo Redis is starting oO0OoO0OoO0Oo
1599945:C 03 Jan 2024 16:24:58.562 * Redis version=255.255.255, bits=64, commit=e04ebdb8, modified=1, pid=1599945, just started
1599945:C 03 Jan 2024 16:24:58.562 * Configuration loaded
1599945:M 03 Jan 2024 16:24:58.563 * monotonic clock: POSIX clock_gettime
1599945:M 03 Jan 2024 16:24:58.563 * Running mode=standalone, port=5082.
1599945:M 03 Jan 2024 16:24:58.570 * <raft> RedisRaft version 255.255.255 [b779b199]
1599945:M 03 Jan 2024 16:24:58.574 * <raft> Initializing test network
1599945:M 03 Jan 2024 16:24:58.575 * <raft> Created test network client
1599945:M 03 Jan 2024 16:24:58.578 * <raft> Raft module loaded, state is 'loading'
1599945:M 03 Jan 2024 16:24:58.578 * Module 'raft' loaded from /home/snagendra/Fuzzing/redisraft-fuzzing/redisraft.so
1599945:M 03 Jan 2024 16:24:58.579 * Server initialized
1599945:M 03 Jan 2024 16:24:58.579 . The AOF directory appendonlydir doesn't exist
1599945:M 03 Jan 2024 16:24:58.579 * Ready to accept connections tcp
1599945:M 03 Jan 2024 16:24:58.579 . 0 clients connected (0 replicas), 1746688 bytes in use
1599945:signal-handler (1704295498) Received SIGINT scheduling shutdown...
1599945:M 03 Jan 2024 16:24:58.678 * <raft> Loading: Redis loading complete, snapshot NOT LOADED
1599945:M 03 Jan 2024 16:24:58.679 * <raft> Cluster Membership: term:0 index:0 nodes: id=2,voting=0,active=1,addr=-
1599945:M 03 Jan 2024 16:24:58.679 * <raft> Test network starting message polling thread
1599945:M 03 Jan 2024 16:24:58.680 * <raft> Cluster Membership: term:0 index:5 nodes: id=2,voting=0,active=1,addr=- id=1,voting=1,active=1,addr=localhost:5081
1599945:M 03 Jan 2024 16:24:58.680 * <raft> Cluster Membership: term:0 index:5 nodes: id=2,voting=0,active=1,addr=- id=1,voting=1,active=1,addr=localhost:5081 id=3,voting=0,active=1,addr=localhost:5083
1599945:M 03 Jan 2024 16:24:58.680 * <raft> Raft state after loading log: log_count=5, first_idx=1, current_idx=5, last_applied_idx=0
1599945:M 03 Jan 2024 16:24:58.680 . <raft> Raft term=1, vote=-1
1599945:M 03 Jan 2024 16:24:58.680 * User requested shutdown...
1599945:M 03 Jan 2024 16:24:58.680 # Redis is now ready to exit, bye bye...
1600028:C 03 Jan 2024 16:24:58.946 # WARNING Memory overcommit must be enabled! Without it, a background save or replication may fail under low memory condition. Being disabled, it can also cause failures without low memory condition, see https://github.com/jemalloc/jemalloc/issues/1328. To fix this issue add 'vm.overcommit_memory = 1' to /etc/sysctl.conf and then reboot or run the command 'sysctl vm.overcommit_memory=1' for this to take effect.
1600028:C 03 Jan 2024 16:24:58.946 * oO0OoO0OoO0Oo Redis is starting oO0OoO0OoO0Oo
1600028:C 03 Jan 2024 16:24:58.946 * Redis version=255.255.255, bits=64, commit=e04ebdb8, modified=1, pid=1600028, just started
1600028:C 03 Jan 2024 16:24:58.946 * Configuration loaded
1600028:M 03 Jan 2024 16:24:58.947 * monotonic clock: POSIX clock_gettime
1600028:M 03 Jan 2024 16:24:58.947 * Running mode=standalone, port=5082.
1600028:M 03 Jan 2024 16:24:58.954 * <raft> RedisRaft version 255.255.255 [b779b199]
1600028:M 03 Jan 2024 16:24:58.958 * <raft> Initializing test network
1600028:M 03 Jan 2024 16:24:58.959 * <raft> Created test network client
1600028:M 03 Jan 2024 16:24:58.964 * <raft> Raft module loaded, state is 'loading'
1600028:M 03 Jan 2024 16:24:58.964 * Module 'raft' loaded from /home/snagendra/Fuzzing/redisraft-fuzzing/redisraft.so
1600028:M 03 Jan 2024 16:24:58.964 * Server initialized
1600028:M 03 Jan 2024 16:24:58.964 . The AOF directory appendonlydir doesn't exist
1600028:M 03 Jan 2024 16:24:58.964 * Ready to accept connections tcp
1600028:M 03 Jan 2024 16:24:58.964 . 0 clients connected (0 replicas), 1746816 bytes in use
1600028:M 03 Jan 2024 16:24:59.065 * <raft> Loading: Redis loading complete, snapshot NOT LOADED
1600028:M 03 Jan 2024 16:24:59.065 * <raft> Cluster Membership: term:0 index:0 nodes: id=2,voting=0,active=1,addr=-
1600028:M 03 Jan 2024 16:24:59.065 * <raft> Test network starting message polling thread
1600028:M 03 Jan 2024 16:24:59.066 * <raft> Cluster Membership: term:0 index:5 nodes: id=2,voting=0,active=1,addr=- id=1,voting=1,active=1,addr=localhost:5081
1600028:M 03 Jan 2024 16:24:59.066 * <raft> Cluster Membership: term:0 index:5 nodes: id=2,voting=0,active=1,addr=- id=1,voting=1,active=1,addr=localhost:5081 id=3,voting=0,active=1,addr=localhost:5083
1600028:M 03 Jan 2024 16:24:59.066 * <raft> Raft state after loading log: log_count=5, first_idx=1, current_idx=5, last_applied_idx=0
1600028:M 03 Jan 2024 16:24:59.066 . <raft> Raft term=1, vote=-1
1600028:signal-handler (1704295499) Received SIGINT scheduling shutdown...
1600028:signal-handler (1704295499) You insist... exiting now.
1600420:C 03 Jan 2024 16:24:59.794 # WARNING Memory overcommit must be enabled! Without it, a background save or replication may fail under low memory condition. Being disabled, it can also cause failures without low memory condition, see https://github.com/jemalloc/jemalloc/issues/1328. To fix this issue add 'vm.overcommit_memory = 1' to /etc/sysctl.conf and then reboot or run the command 'sysctl vm.overcommit_memory=1' for this to take effect.
1600420:C 03 Jan 2024 16:24:59.794 * oO0OoO0OoO0Oo Redis is starting oO0OoO0OoO0Oo
1600420:C 03 Jan 2024 16:24:59.794 * Redis version=255.255.255, bits=64, commit=e04ebdb8, modified=1, pid=1600420, just started
1600420:C 03 Jan 2024 16:24:59.794 * Configuration loaded
1600420:M 03 Jan 2024 16:24:59.795 * monotonic clock: POSIX clock_gettime
1600420:M 03 Jan 2024 16:24:59.795 * Running mode=standalone, port=5082.
1600420:M 03 Jan 2024 16:24:59.801 * <raft> RedisRaft version 255.255.255 [b779b199]
1600420:M 03 Jan 2024 16:24:59.805 * <raft> Initializing test network
1600420:M 03 Jan 2024 16:24:59.806 * <raft> Created test network client
1600420:M 03 Jan 2024 16:24:59.810 * <raft> Raft module loaded, state is 'loading'
1600420:M 03 Jan 2024 16:24:59.810 * Module 'raft' loaded from /home/snagendra/Fuzzing/redisraft-fuzzing/redisraft.so
1600420:M 03 Jan 2024 16:24:59.810 * Server initialized
1600420:M 03 Jan 2024 16:24:59.810 . The AOF directory appendonlydir doesn't exist
1600420:M 03 Jan 2024 16:24:59.810 * Ready to accept connections tcp
1600420:M 03 Jan 2024 16:24:59.810 . 0 clients connected (0 replicas), 1746720 bytes in use
1600420:M 03 Jan 2024 16:24:59.813 - Accepted 127.0.0.1:52834
1600420:M 03 Jan 2024 16:24:59.813 # Missing implement of connection type tls
1600420:M 03 Jan 2024 16:24:59.910 * <raft> Loading: Redis loading complete, snapshot NOT LOADED
1600420:M 03 Jan 2024 16:24:59.911 * <raft> Cluster Membership: term:0 index:0 nodes: id=2,voting=0,active=1,addr=-
1600420:M 03 Jan 2024 16:24:59.911 * <raft> Test network starting message polling thread
1600420:M 03 Jan 2024 16:24:59.911 * <raft> Cluster Membership: term:0 index:5 nodes: id=2,voting=0,active=1,addr=- id=1,voting=1,active=1,addr=localhost:5081
1600420:M 03 Jan 2024 16:24:59.912 * <raft> Cluster Membership: term:0 index:5 nodes: id=2,voting=0,active=1,addr=- id=1,voting=1,active=1,addr=localhost:5081 id=3,voting=0,active=1,addr=localhost:5083
1600420:M 03 Jan 2024 16:24:59.912 * <raft> Raft state after loading log: log_count=5, first_idx=1, current_idx=5, last_applied_idx=0
1600420:M 03 Jan 2024 16:24:59.912 . <raft> Raft term=1, vote=-1
1600420:signal-handler (1704295500) Received SIGINT scheduling shutdown...
1600420:signal-handler (1704295500) You insist... exiting now.

----- Stderr -----




logs for node: 3

----- Stdout -----
1599376:C 03 Jan 2024 16:24:56.917 # WARNING Memory overcommit must be enabled! Without it, a background save or replication may fail under low memory condition. Being disabled, it can also cause failures without low memory condition, see https://github.com/jemalloc/jemalloc/issues/1328. To fix this issue add 'vm.overcommit_memory = 1' to /etc/sysctl.conf and then reboot or run the command 'sysctl vm.overcommit_memory=1' for this to take effect.
1599376:C 03 Jan 2024 16:24:56.917 * oO0OoO0OoO0Oo Redis is starting oO0OoO0OoO0Oo
1599376:C 03 Jan 2024 16:24:56.917 * Redis version=255.255.255, bits=64, commit=e04ebdb8, modified=1, pid=1599376, just started
1599376:C 03 Jan 2024 16:24:56.917 * Configuration loaded
1599376:M 03 Jan 2024 16:24:56.917 * monotonic clock: POSIX clock_gettime
1599376:M 03 Jan 2024 16:24:56.918 * Running mode=standalone, port=5083.
1599376:M 03 Jan 2024 16:24:56.925 * <raft> RedisRaft version 255.255.255 [b779b199]
1599376:M 03 Jan 2024 16:24:56.930 * <raft> Initializing test network
1599376:M 03 Jan 2024 16:24:56.931 * <raft> Created test network client
1599376:M 03 Jan 2024 16:24:56.931 * <raft> Raft module loaded, state is 'uninitialized'
1599376:M 03 Jan 2024 16:24:56.932 * Module 'raft' loaded from /home/snagendra/Fuzzing/redisraft-fuzzing/redisraft.so
1599376:M 03 Jan 2024 16:24:56.932 * Server initialized
1599376:M 03 Jan 2024 16:24:56.932 . The AOF directory appendonlydir doesn't exist
1599376:M 03 Jan 2024 16:24:56.933 * Ready to accept connections tcp
1599376:M 03 Jan 2024 16:24:56.933 . 0 clients connected (0 replicas), 1726352 bytes in use
1599376:M 03 Jan 2024 16:24:56.958 - Accepted 127.0.0.1:51476
1599376:M 03 Jan 2024 16:24:56.958 # Missing implement of connection type tls
1599376:M 03 Jan 2024 16:24:57.032 - <raft> join cluster, connecting to localhost:5081
1599376:M 03 Jan 2024 16:24:57.034 * <raft> Joined Raft cluster, node id: 3, dbid: b821e024203c828774a0425174522fab
1599376:M 03 Jan 2024 16:24:57.040 * <raft> Cluster Membership: term:0 index:0 nodes: id=3,voting=0,active=1,addr=-
1599376:M 03 Jan 2024 16:24:57.040 * <raft> Test network starting message polling thread
1599376:M 03 Jan 2024 16:24:57.075 - Accepted 127.0.0.1:51486
1599376:M 03 Jan 2024 16:24:57.308 - Accepted 127.0.0.1:51494
1599376:signal-handler (1704295497) Received SIGINT scheduling shutdown...
1599376:signal-handler (1704295497) You insist... exiting now.
1600195:C 03 Jan 2024 16:24:59.396 # WARNING Memory overcommit must be enabled! Without it, a background save or replication may fail under low memory condition. Being disabled, it can also cause failures without low memory condition, see https://github.com/jemalloc/jemalloc/issues/1328. To fix this issue add 'vm.overcommit_memory = 1' to /etc/sysctl.conf and then reboot or run the command 'sysctl vm.overcommit_memory=1' for this to take effect.
1600195:C 03 Jan 2024 16:24:59.396 * oO0OoO0OoO0Oo Redis is starting oO0OoO0OoO0Oo
1600195:C 03 Jan 2024 16:24:59.396 * Redis version=255.255.255, bits=64, commit=e04ebdb8, modified=1, pid=1600195, just started
1600195:C 03 Jan 2024 16:24:59.396 * Configuration loaded
1600195:M 03 Jan 2024 16:24:59.397 * monotonic clock: POSIX clock_gettime
1600195:M 03 Jan 2024 16:24:59.397 * Running mode=standalone, port=5083.
1600195:M 03 Jan 2024 16:24:59.403 * <raft> RedisRaft version 255.255.255 [b779b199]
1600195:M 03 Jan 2024 16:24:59.408 * <raft> Initializing test network
1600195:M 03 Jan 2024 16:24:59.408 * <raft> Created test network client
1600195:M 03 Jan 2024 16:24:59.411 * <raft> Raft module loaded, state is 'loading'
1600195:M 03 Jan 2024 16:24:59.411 * Module 'raft' loaded from /home/snagendra/Fuzzing/redisraft-fuzzing/redisraft.so
1600195:M 03 Jan 2024 16:24:59.412 * Server initialized
1600195:M 03 Jan 2024 16:24:59.412 . The AOF directory appendonlydir doesn't exist
1600195:M 03 Jan 2024 16:24:59.412 * Ready to accept connections tcp
1600195:M 03 Jan 2024 16:24:59.412 . 0 clients connected (0 replicas), 1746784 bytes in use
1600195:M 03 Jan 2024 16:24:59.512 * <raft> Loading: Redis loading complete, snapshot NOT LOADED
1600195:M 03 Jan 2024 16:24:59.512 * <raft> Cluster Membership: term:0 index:0 nodes: id=3,voting=0,active=1,addr=-
1600195:M 03 Jan 2024 16:24:59.513 * <raft> Test network starting message polling thread


=== REDIS BUG REPORT START: Cut & paste starting from here ===
1600195:M 03 Jan 2024 16:24:59.513 # Redis 255.255.255 crashed by signal: 6, si_code: -6
1600195:M 03 Jan 2024 16:24:59.513 # Crashed running the instruction at: 0x7feb06a2cd3c

------ STACK TRACE ------
EIP:
/lib/x86_64-linux-gnu/libc.so.6(+0x8ad3c)[0x7feb06a2cd3c]

Backtrace:
/lib/x86_64-linux-gnu/libc.so.6(+0x3bfd0)[0x7feb069ddfd0]
/lib/x86_64-linux-gnu/libc.so.6(+0x8ad3c)[0x7feb06a2cd3c]
/lib/x86_64-linux-gnu/libc.so.6(gsignal+0x12)[0x7feb069ddf32]
/lib/x86_64-linux-gnu/libc.so.6(abort+0xd3)[0x7feb069c8472]
/lib/x86_64-linux-gnu/libc.so.6(+0x26395)[0x7feb069c8395]
/lib/x86_64-linux-gnu/libc.so.6(+0x34e32)[0x7feb069d6e32]
/home/snagendra/Fuzzing/redisraft-fuzzing/redisraft.so(+0x3caea)[0x7feb06951aea]
/home/snagendra/Fuzzing/redisraft-fuzzing/redisraft.so(callRaftPeriodic+0x478)[0x7feb06942088]
/home/snagendra/Fuzzing/redis/src/redis-server 0.0.0.0:5083(moduleTimerHandler+0x21c)[0x556a6af6c98c]
/home/snagendra/Fuzzing/redis/src/redis-server 0.0.0.0:5083(+0x81705)[0x556a6ae76705]
/home/snagendra/Fuzzing/redis/src/redis-server 0.0.0.0:5083(aeMain+0x1c8)[0x556a6ae80cb8]
/home/snagendra/Fuzzing/redis/src/redis-server 0.0.0.0:5083(main+0x3cd)[0x556a6ae75e2d]
/lib/x86_64-linux-gnu/libc.so.6(+0x271ca)[0x7feb069c91ca]
/lib/x86_64-linux-gnu/libc.so.6(__libc_start_main+0x85)[0x7feb069c9285]
/home/snagendra/Fuzzing/redis/src/redis-server 0.0.0.0:5083(_start+0x2a)[0x556a6ae765aa]

------ REGISTERS ------
1600195:M 03 Jan 2024 16:24:59.513 # 
RAX:0000000000000000 RBX:0000000000186ac3
RCX:00007feb06a2cd3c RDX:0000000000000006
RDI:0000000000186ac3 RSI:0000000000186ac3
RBP:00007feb0699e1c0 RSP:00007fffa19ad160
R8 :0000000000000007 R9 :0000556a6ce96820
R10:0000000000000008 R11:0000000000000246
R12:0000000000000006 R13:00000000000006a6
R14:00007feb0697e05c R15:0000556a6af6b2b0
RIP:00007feb06a2cd3c EFL:0000000000000246
CSGSFS:002b000000000033
1600195:M 03 Jan 2024 16:24:59.513 # (00007fffa19ad16f) -> 0000556a6ce968d0
1600195:M 03 Jan 2024 16:24:59.513 # (00007fffa19ad16e) -> 00007feb06b74c60
1600195:M 03 Jan 2024 16:24:59.513 # (00007fffa19ad16d) -> 00000000000002b1
1600195:M 03 Jan 2024 16:24:59.513 # (00007fffa19ad16c) -> 0000556a6ce96820
1600195:M 03 Jan 2024 16:24:59.513 # (00007fffa19ad16b) -> 00000000000006a6
1600195:M 03 Jan 2024 16:24:59.513 # (00007fffa19ad16a) -> 0000000000000020
1600195:M 03 Jan 2024 16:24:59.513 # (00007fffa19ad169) -> 00007feb069c8472
1600195:M 03 Jan 2024 16:24:59.513 # (00007fffa19ad168) -> 00007feb06b75e70
1600195:M 03 Jan 2024 16:24:59.513 # (00007fffa19ad167) -> 00007feb069ddf32
1600195:M 03 Jan 2024 16:24:59.513 # (00007fffa19ad166) -> 00007feb0697e05c
1600195:M 03 Jan 2024 16:24:59.513 # (00007fffa19ad165) -> 00000000000006a6
1600195:M 03 Jan 2024 16:24:59.513 # (00007fffa19ad164) -> 00007feb0697d720
1600195:M 03 Jan 2024 16:24:59.513 # (00007fffa19ad163) -> 00007feb0699e1c0
1600195:M 03 Jan 2024 16:24:59.513 # (00007fffa19ad162) -> 0000000000000006
1600195:M 03 Jan 2024 16:24:59.513 # (00007fffa19ad161) -> 89603e56bf571400
1600195:M 03 Jan 2024 16:24:59.513 # (00007fffa19ad160) -> 0000556a6af6b2b0

------ INFO OUTPUT ------
# Server
redis_version:255.255.255
redis_git_sha1:e04ebdb8
redis_git_dirty:1
redis_build_id:1f78dcc7b4fbdd25
redis_mode:standalone
os:Linux 6.1.60.1.amd64-smp x86_64
arch_bits:64
monotonic_clock:POSIX clock_gettime
multiplexing_api:epoll
atomicvar_api:c11-builtin
gcc_version:10.2.1
process_id:1600195
process_supervised:no
run_id:26e61c4e2c9e618b38bfed10795b2c1634e3a703
tcp_port:5083
server_time_usec:1704295499512424
uptime_in_seconds:0
uptime_in_days:0
hz:10
configured_hz:10
lru_clock:9796683
executable:/home/snagendra/Fuzzing/redis/src/redis-server
config_file:
io_threads_active:0
listener0:name=tcp,bind=0.0.0.0,port=5083

# Clients
connected_clients:0
cluster_connections:0
maxclients:10000
client_recent_max_input_buffer:0
client_recent_max_output_buffer:0
blocked_clients:0
tracking_clients:0
clients_in_timeout_table:0
total_blocking_keys:0
total_blocking_keys_on_nokey:0

# Memory
used_memory:1754000
used_memory_human:1.67M
used_memory_rss:17584128
used_memory_rss_human:16.77M
used_memory_peak:1754000
used_memory_peak_human:1.67M
used_memory_peak_perc:100.41%
used_memory_overhead:1746824
used_memory_startup:1746640
used_memory_dataset:7176
used_memory_dataset_perc:97.50%
allocator_allocated:2096832
allocator_active:2654208
allocator_resident:10764288
total_system_memory:270388695040
total_system_memory_human:251.82G
used_memory_lua:31744
used_memory_vm_eval:31744
used_memory_lua_human:31.00K
used_memory_scripts_eval:0
number_of_cached_scripts:0
number_of_functions:0
number_of_libraries:0
used_memory_vm_functions:32768
used_memory_vm_total:64512
used_memory_vm_total_human:63.00K
used_memory_functions:184
used_memory_scripts:184
used_memory_scripts_human:184B
maxmemory:0
maxmemory_human:0B
maxmemory_policy:noeviction
allocator_frag_ratio:1.27
allocator_frag_bytes:557376
allocator_rss_ratio:4.06
allocator_rss_bytes:8110080
rss_overhead_ratio:1.63
rss_overhead_bytes:6819840
mem_fragmentation_ratio:10.07
mem_fragmentation_bytes:15837344
mem_not_counted_for_evict:0
mem_replication_backlog:0
mem_total_replication_buffers:0
mem_clients_slaves:0
mem_clients_normal:0
mem_cluster_links:0
mem_aof_buffer:0
mem_allocator:jemalloc-5.3.0
active_defrag_running:0
lazyfree_pending_objects:0
lazyfreed_objects:0

# Persistence
loading:0
async_loading:0
current_cow_peak:0
current_cow_size:0
current_cow_size_age:0
current_fork_perc:0.00
current_save_keys_processed:0
current_save_keys_total:0
rdb_changes_since_last_save:0
rdb_bgsave_in_progress:0
rdb_last_save_time:1704295499
rdb_last_bgsave_status:ok
rdb_last_bgsave_time_sec:-1
rdb_current_bgsave_time_sec:-1
rdb_saves:0
rdb_last_cow_size:0
rdb_last_load_keys_expired:0
rdb_last_load_keys_loaded:0
aof_enabled:0
aof_rewrite_in_progress:0
aof_rewrite_scheduled:0
aof_last_rewrite_time_sec:-1
aof_current_rewrite_time_sec:-1
aof_last_bgrewrite_status:ok
aof_rewrites:0
aof_rewrites_consecutive_failures:0
aof_last_write_status:ok
aof_last_cow_size:0
module_fork_in_progress:0
module_fork_last_cow_size:0

# Stats
total_connections_received:0
total_commands_processed:6
instantaneous_ops_per_sec:25
total_net_input_bytes:0
total_net_output_bytes:0
total_net_repl_input_bytes:0
total_net_repl_output_bytes:0
instantaneous_input_kbps:0.00
instantaneous_output_kbps:0.00
instantaneous_input_repl_kbps:0.00
instantaneous_output_repl_kbps:0.00
rejected_connections:0
sync_full:0
sync_partial_ok:0
sync_partial_err:0
expired_keys:0
expired_stale_perc:0.00
expired_time_cap_reached_count:0
expire_cycle_cpu_milliseconds:0
evicted_keys:0
evicted_clients:0
total_eviction_exceeded_time:0
current_eviction_exceeded_time:0
keyspace_hits:0
keyspace_misses:0
pubsub_channels:0
pubsub_patterns:0
pubsubshard_channels:0
latest_fork_usec:0
total_forks:0
migrate_cached_sockets:0
slave_expires_tracked_keys:0
active_defrag_hits:0
active_defrag_misses:0
active_defrag_key_hits:0
active_defrag_key_misses:0
total_active_defrag_time:0
current_active_defrag_time:0
tracking_total_keys:0
tracking_total_items:0
tracking_total_prefixes:0
unexpected_error_replies:0
total_error_replies:0
dump_payload_sanitizations:0
total_reads_processed:0
total_writes_processed:0
io_threaded_reads_processed:0
io_threaded_writes_processed:0
reply_buffer_shrinks:0
reply_buffer_expands:0
acl_access_denied_auth:0
acl_access_denied_cmd:0
acl_access_denied_key:0
acl_access_denied_channel:0

# Replication
role:master
connected_slaves:0
master_failover_state:no-failover
master_replid:121cfbba960bb034e234e6ebf133cf8260ba8830
master_replid2:0000000000000000000000000000000000000000
master_repl_offset:0
second_repl_offset:-1
repl_backlog_active:0
repl_backlog_size:1048576
repl_backlog_first_byte_offset:0
repl_backlog_histlen:0

# CPU
used_cpu_sys:0.009995
used_cpu_user:0.006660
used_cpu_sys_children:0.000000
used_cpu_user_children:0.000000
used_cpu_sys_main_thread:0.008127
used_cpu_user_main_thread:0.008127

# Modules
module:name=raft,ver=1,api=1,filters=1,usedby=[],using=[],options=[]

# Commandstats
cmdstat_command:calls=2,usec=1406,usec_per_call=703.00,rejected_calls=0,failed_calls=0
cmdstat_config|set:calls=1,usec=10,usec_per_call=10.00,rejected_calls=0,failed_calls=0
cmdstat_config|get:calls=3,usec=3,usec_per_call=1.00,rejected_calls=0,failed_calls=0

# Errorstats

# Latencystats
latency_percentiles_usec_command:p50=671.743,p99=737.279,p99.9=737.279
latency_percentiles_usec_config|set:p50=10.047,p99=10.047,p99.9=10.047
latency_percentiles_usec_config|get:p50=1.003,p99=1.003,p99.9=1.003

# Cluster
cluster_enabled:0

# Keyspace

------ CLIENT LIST OUTPUT ------

------ MODULES INFO OUTPUT ------
# raft_version
raft_version:255.255.255
raft_git_sha1:b779b199

# raft_general
raft_dbid:b821e024203c828774a0425174522fab
raft_node_id:3
raft_state:up
raft_role:follower
raft_is_voting:no
raft_voted_for:-1
raft_leader_id:-1
raft_current_term:0
raft_num_nodes:1
raft_num_voting_nodes:0

# raft_log
raft_log_entries:0
raft_current_index:0
raft_commit_index:0
raft_last_applied_index:0
raft_file_size:101
raft_cache_memory_size:0
raft_cache_entries:0
raft_client_attached_entries:0
raft_fsync_count:0
raft_fsync_max_microseconds:0
raft_fsync_avg_microseconds:0

# raft_snapshot
raft_snapshot_filename:redis3.rdb
raft_snapshot_last_idx:0
raft_snapshot_last_term:0
raft_snapshot_size:0
raft_snapshot_time_secs:-1
raft_snapshots_created:0
raft_snapshots_received:0
raft_snapshot_in_progress:no
raft_snapshot_in_progress_last_idx:-1
raft_snapshot_in_progress_last_term:-1

# raft_clients
raft_proxy_reqs:0
raft_proxy_failed_reqs:0
raft_proxy_failed_responses:0
raft_proxy_outstanding_reqs:0

# raft_stats
raft_appendreq_received:0
raft_appendreq_with_entry_received:0
raft_snapshotreq_received:0
raft_exec_throttled:0
raft_num_sessions:0

------ CONFIG DEBUG OUTPUT ------
io-threads 1
sanitize-dump-payload no
lazyfree-lazy-user-flush no
repl-diskless-load disabled
list-compress-depth 0
repl-diskless-sync yes
proto-max-bulk-len 512mb
activedefrag no
io-threads-do-reads no
slave-read-only yes
lazyfree-lazy-server-del no
lazyfree-lazy-eviction no
client-query-buffer-limit 1gb
lazyfree-lazy-expire no
lazyfree-lazy-user-del no
replica-read-only yes

------ FAST MEMORY TEST ------
1600195:M 03 Jan 2024 16:24:59.514 # Bio worker thread #0 terminated
1600195:M 03 Jan 2024 16:24:59.514 # Bio worker thread #1 terminated
1600195:M 03 Jan 2024 16:24:59.514 # Bio worker thread #2 terminated
*** Preparing to test memory region 556a6b14c000 (2273280 bytes)
*** Preparing to test memory region 556a6ce41000 (405504 bytes)
*** Preparing to test memory region 7feaf97ff000 (8388608 bytes)
*** Preparing to test memory region 7feafa000000 (8388608 bytes)
*** Preparing to test memory region 7feafa800000 (6291456 bytes)
*** Preparing to test memory region 7feafafff000 (8388608 bytes)
*** Preparing to test memory region 7feafb800000 (8388608 bytes)
*** Preparing to test memory region 7feafc000000 (135168 bytes)
*** Preparing to test memory region 7feb00707000 (8388608 bytes)
*** Preparing to test memory region 7feb00f08000 (8388608 bytes)
*** Preparing to test memory region 7feb01709000 (8388608 bytes)
*** Preparing to test memory region 7feb01f0a000 (8388608 bytes)
*** Preparing to test memory region 7feb0270b000 (8388608 bytes)
*** Preparing to test memory region 7feb02f0c000 (8388608 bytes)
*** Preparing to test memory region 7feb0370d000 (8388608 bytes)
*** Preparing to test memory region 7feb03f0e000 (8388608 bytes)
*** Preparing to test memory region 7feb0470e000 (2621440 bytes)
*** Preparing to test memory region 7feb0499d000 (8192 bytes)
*** Preparing to test memory region 7feb0507f000 (12288 bytes)
*** Preparing to test memory region 7feb05618000 (16384 bytes)
*** Preparing to test memory region 7feb056bd000 (8192 bytes)
*** Preparing to test memory region 7feb06000000 (8388608 bytes)
*** Preparing to test memory region 7feb06842000 (4096 bytes)
*** Preparing to test memory region 7feb06912000 (12288 bytes)
*** Preparing to test memory region 7feb06997000 (45056 bytes)
*** Preparing to test memory region 7feb06b76000 (53248 bytes)
*** Preparing to test memory region 7feb06c93000 (8192 bytes)
.O.O.O.O.O.O.O.O.O.O.O.O.O.O.O.O.O.O.O.O.O.O.O.O.O.O.O
Fast memory test PASSED, however your memory can still be broken. Please run a memory test for several hours if possible.

------ DUMPING CODE AROUND EIP ------
Symbol: (null) (base: (nil))
Module: /lib/x86_64-linux-gnu/libc.so.6 (base 0x7feb069a2000)
$ xxd -r -p /tmp/dump.hex /tmp/dump.bin
$ objdump --adjust-vma=(nil) -D -b binary -m i386:x86-64 /tmp/dump.bin
------

=== REDIS BUG REPORT END. Make sure to include from START to END. ===

       Please report the crash by opening an issue on github:

           http://github.com/redis/redis/issues

  If a Redis module was involved, please open in the module's repo instead.

  Suspect RAM error? Use redis-server --test-memory to verify it.

  Some other issues could be detected by redis-server --check-system

----- Stderr -----
redis-server: /home/snagendra/Fuzzing/redisraft-fuzzing/deps/raft/src/raft_server.c:1702: raft_get_first_entry_idx: Assertion `0 < raft_get_current_idx(me)' failed.



