logs for node: 1

----- Stdout -----
1730726:C 04 Jan 2024 00:19:27.974 # WARNING Memory overcommit must be enabled! Without it, a background save or replication may fail under low memory condition. Being disabled, it can also cause failures without low memory condition, see https://github.com/jemalloc/jemalloc/issues/1328. To fix this issue add 'vm.overcommit_memory = 1' to /etc/sysctl.conf and then reboot or run the command 'sysctl vm.overcommit_memory=1' for this to take effect.
1730726:C 04 Jan 2024 00:19:27.974 * oO0OoO0OoO0Oo Redis is starting oO0OoO0OoO0Oo
1730726:C 04 Jan 2024 00:19:27.974 * Redis version=255.255.255, bits=64, commit=e04ebdb8, modified=1, pid=1730726, just started
1730726:C 04 Jan 2024 00:19:27.974 * Configuration loaded
1730726:M 04 Jan 2024 00:19:27.975 * monotonic clock: POSIX clock_gettime
1730726:M 04 Jan 2024 00:19:27.975 * Running mode=standalone, port=5081.
1730726:M 04 Jan 2024 00:19:27.981 * <raft> RedisRaft version 255.255.255 [b779b199]
1730726:M 04 Jan 2024 00:19:27.986 * <raft> Initializing test network
1730726:M 04 Jan 2024 00:19:27.987 * <raft> Created test network client
1730726:M 04 Jan 2024 00:19:27.988 * <raft> Raft module loaded, state is 'uninitialized'
1730726:M 04 Jan 2024 00:19:27.988 * Module 'raft' loaded from /home/snagendra/Fuzzing/redisraft-fuzzing/redisraft.so
1730726:M 04 Jan 2024 00:19:27.988 * Server initialized
1730726:M 04 Jan 2024 00:19:27.989 . The AOF directory appendonlydir doesn't exist
1730726:M 04 Jan 2024 00:19:27.989 * Ready to accept connections tcp
1730726:M 04 Jan 2024 00:19:27.989 . 0 clients connected (0 replicas), 1726224 bytes in use
1730726:M 04 Jan 2024 00:19:27.992 - Accepted 127.0.0.1:57328
1730726:M 04 Jan 2024 00:19:27.992 # Missing implement of connection type tls
1730726:M 04 Jan 2024 00:19:27.999 * <raft> Cluster Membership: term:0 index:0 nodes: id=1,voting=0,active=1,addr=-
1730726:M 04 Jan 2024 00:19:28.006 * <raft> State change: Node is now a leader, term 1
1730726:M 04 Jan 2024 00:19:28.006 * <raft> Cluster Membership: term:1 index:1 nodes: id=1,voting=0,active=1,addr=-
1730726:M 04 Jan 2024 00:19:28.007 * <raft> Test network starting message polling thread
1730726:M 04 Jan 2024 00:19:28.007 * <raft> Raft Cluster initialized, node id: 1, dbid: 649fd4649243e2faa7e09ca0d3889ee4
1730726:M 04 Jan 2024 00:19:28.125 - Accepted 127.0.0.1:57340
1730726:M 04 Jan 2024 00:19:28.126 * <raft> Cluster Membership: term:1 index:3 nodes: id=1,voting=1,active=1,addr=- id=2,voting=0,active=1,addr=localhost:5082
1730726:M 04 Jan 2024 00:19:28.136 - Client closed connection id=9 addr=127.0.0.1:57340 laddr=127.0.0.1:5081 fd=12 name= age=0 idle=0 flags=N db=0 sub=0 psub=0 ssub=0 multi=-1 qbuf=0 qbuf-free=20474 argv-mem=0 multi-mem=0 rbs=16384 rbp=16384 obl=0 oll=0 omem=0 tot-mem=37760 events=r cmd=raft.node user=default redir=-1 resp=2 lib-name= lib-ver=
1730726:M 04 Jan 2024 00:19:28.254 - Accepted 127.0.0.1:57344
1730726:M 04 Jan 2024 00:19:28.255 * <raft> Cluster Membership: term:1 index:4 nodes: id=1,voting=1,active=1,addr=- id=2,voting=0,active=1,addr=localhost:5082 id=3,voting=0,active=1,addr=localhost:5083
1730726:M 04 Jan 2024 00:19:28.262 - Client closed connection id=10 addr=127.0.0.1:57344 laddr=127.0.0.1:5081 fd=13 name= age=0 idle=0 flags=N db=0 sub=0 psub=0 ssub=0 multi=-1 qbuf=0 qbuf-free=20474 argv-mem=0 multi-mem=0 rbs=16384 rbp=16384 obl=0 oll=0 omem=0 tot-mem=37760 events=r cmd=raft.node user=default redir=-1 resp=2 lib-name= lib-ver=
1730726:signal-handler (1704323968) Received SIGINT scheduling shutdown...
1730726:signal-handler (1704323968) You insist... exiting now.
1731674:C 04 Jan 2024 00:19:30.612 # WARNING Memory overcommit must be enabled! Without it, a background save or replication may fail under low memory condition. Being disabled, it can also cause failures without low memory condition, see https://github.com/jemalloc/jemalloc/issues/1328. To fix this issue add 'vm.overcommit_memory = 1' to /etc/sysctl.conf and then reboot or run the command 'sysctl vm.overcommit_memory=1' for this to take effect.
1731674:C 04 Jan 2024 00:19:30.612 * oO0OoO0OoO0Oo Redis is starting oO0OoO0OoO0Oo
1731674:C 04 Jan 2024 00:19:30.612 * Redis version=255.255.255, bits=64, commit=e04ebdb8, modified=1, pid=1731674, just started
1731674:C 04 Jan 2024 00:19:30.612 * Configuration loaded
1731674:M 04 Jan 2024 00:19:30.612 * monotonic clock: POSIX clock_gettime
1731674:M 04 Jan 2024 00:19:30.613 * Running mode=standalone, port=5081.
1731674:M 04 Jan 2024 00:19:30.619 * <raft> RedisRaft version 255.255.255 [b779b199]
1731674:M 04 Jan 2024 00:19:30.624 * <raft> Initializing test network
1731674:M 04 Jan 2024 00:19:30.624 * <raft> Created test network client
1731674:M 04 Jan 2024 00:19:30.628 * <raft> Raft module loaded, state is 'loading'
1731674:M 04 Jan 2024 00:19:30.628 * Module 'raft' loaded from /home/snagendra/Fuzzing/redisraft-fuzzing/redisraft.so
1731674:M 04 Jan 2024 00:19:30.629 * Server initialized
1731674:M 04 Jan 2024 00:19:30.629 . The AOF directory appendonlydir doesn't exist
1731674:M 04 Jan 2024 00:19:30.629 * Ready to accept connections tcp
1731674:M 04 Jan 2024 00:19:30.629 . 0 clients connected (0 replicas), 1746688 bytes in use
1731674:M 04 Jan 2024 00:19:30.701 - Accepted 127.0.0.1:57346
1731674:M 04 Jan 2024 00:19:30.701 # Missing implement of connection type tls
1731674:M 04 Jan 2024 00:19:30.729 * <raft> Loading: Redis loading complete, snapshot NOT LOADED
1731674:M 04 Jan 2024 00:19:30.729 * <raft> Cluster Membership: term:0 index:0 nodes: id=1,voting=0,active=1,addr=-
1731674:M 04 Jan 2024 00:19:30.730 * <raft> Test network starting message polling thread
1731674:M 04 Jan 2024 00:19:30.730 * <raft> Cluster Membership: term:0 index:4 nodes: id=1,voting=1,active=1,addr=- id=2,voting=0,active=1,addr=localhost:5082
1731674:M 04 Jan 2024 00:19:30.730 * <raft> Cluster Membership: term:0 index:4 nodes: id=1,voting=1,active=1,addr=- id=2,voting=0,active=1,addr=localhost:5082 id=3,voting=0,active=1,addr=localhost:5083
1731674:M 04 Jan 2024 00:19:30.730 * <raft> Raft state after loading log: log_count=4, first_idx=1, current_idx=4, last_applied_idx=0
1731674:M 04 Jan 2024 00:19:30.730 . <raft> Raft term=1, vote=-1
1731674:M 04 Jan 2024 00:19:30.736 * <raft> State change: Node is now a leader, term 2
1731674:M 04 Jan 2024 00:19:30.737 * <raft> Cluster Membership: term:2 index:5 nodes: id=1,voting=1,active=1,addr=- id=2,voting=0,active=1,addr=localhost:5082 id=3,voting=0,active=1,addr=localhost:5083
1731674:M 04 Jan 2024 00:19:31.049 # <raft> Redis connection authentication failed: connection died
1731674:signal-handler (1704323971) Received SIGINT scheduling shutdown...
1732045:C 04 Jan 2024 00:19:31.361 # WARNING Memory overcommit must be enabled! Without it, a background save or replication may fail under low memory condition. Being disabled, it can also cause failures without low memory condition, see https://github.com/jemalloc/jemalloc/issues/1328. To fix this issue add 'vm.overcommit_memory = 1' to /etc/sysctl.conf and then reboot or run the command 'sysctl vm.overcommit_memory=1' for this to take effect.
1732045:C 04 Jan 2024 00:19:31.361 * oO0OoO0OoO0Oo Redis is starting oO0OoO0OoO0Oo
1732045:C 04 Jan 2024 00:19:31.361 * Redis version=255.255.255, bits=64, commit=e04ebdb8, modified=1, pid=1732045, just started
1732045:C 04 Jan 2024 00:19:31.361 * Configuration loaded
1732045:M 04 Jan 2024 00:19:31.362 * monotonic clock: POSIX clock_gettime
1732045:M 04 Jan 2024 00:19:31.362 * Running mode=standalone, port=5081.
1732045:M 04 Jan 2024 00:19:31.369 * <raft> RedisRaft version 255.255.255 [b779b199]
1732045:M 04 Jan 2024 00:19:31.374 * <raft> Initializing test network
1732045:M 04 Jan 2024 00:19:31.375 * <raft> Created test network client
1732045:M 04 Jan 2024 00:19:31.382 * <raft> Raft module loaded, state is 'loading'
1732045:M 04 Jan 2024 00:19:31.382 * Module 'raft' loaded from /home/snagendra/Fuzzing/redisraft-fuzzing/redisraft.so
1732045:M 04 Jan 2024 00:19:31.383 * Server initialized
1732045:M 04 Jan 2024 00:19:31.383 . The AOF directory appendonlydir doesn't exist
1732045:M 04 Jan 2024 00:19:31.383 * Ready to accept connections tcp
1732045:M 04 Jan 2024 00:19:31.383 . 0 clients connected (0 replicas), 1746688 bytes in use
1732045:signal-handler (1704323971) Received SIGINT scheduling shutdown...
1732045:signal-handler (1704323971) You insist... exiting now.

----- Stderr -----
libgcov profiling error:/home/snagendra/Fuzzing/redisraft-fuzzing/build/deps/raft/CMakeFiles/raft.dir/src/raft_server_properties.c.gcda:Merge mismatch for function 5
libgcov profiling error:/home/snagendra/Fuzzing/redisraft-fuzzing/build/deps/raft/CMakeFiles/raft.dir/src/raft_server.c.gcda:Merge mismatch for function 34
libgcov profiling error:/home/snagendra/Fuzzing/redisraft-fuzzing/build/deps/raft/CMakeFiles/raft.dir/src/raft_server_properties.c.gcda:Merge mismatch for function 5
libgcov profiling error:/home/snagendra/Fuzzing/redisraft-fuzzing/build/deps/raft/CMakeFiles/raft.dir/src/raft_server.c.gcda:Merge mismatch for function 34




logs for node: 2

----- Stdout -----
1730766:C 04 Jan 2024 00:19:28.010 # WARNING Memory overcommit must be enabled! Without it, a background save or replication may fail under low memory condition. Being disabled, it can also cause failures without low memory condition, see https://github.com/jemalloc/jemalloc/issues/1328. To fix this issue add 'vm.overcommit_memory = 1' to /etc/sysctl.conf and then reboot or run the command 'sysctl vm.overcommit_memory=1' for this to take effect.
1730766:C 04 Jan 2024 00:19:28.010 * oO0OoO0OoO0Oo Redis is starting oO0OoO0OoO0Oo
1730766:C 04 Jan 2024 00:19:28.010 * Redis version=255.255.255, bits=64, commit=e04ebdb8, modified=1, pid=1730766, just started
1730766:C 04 Jan 2024 00:19:28.010 * Configuration loaded
1730766:M 04 Jan 2024 00:19:28.010 * monotonic clock: POSIX clock_gettime
1730766:M 04 Jan 2024 00:19:28.011 * Running mode=standalone, port=5082.
1730766:M 04 Jan 2024 00:19:28.017 * <raft> RedisRaft version 255.255.255 [b779b199]
1730766:M 04 Jan 2024 00:19:28.022 * <raft> Initializing test network
1730766:M 04 Jan 2024 00:19:28.023 * <raft> Created test network client
1730766:M 04 Jan 2024 00:19:28.024 * <raft> Raft module loaded, state is 'uninitialized'
1730766:M 04 Jan 2024 00:19:28.024 * Module 'raft' loaded from /home/snagendra/Fuzzing/redisraft-fuzzing/redisraft.so
1730766:M 04 Jan 2024 00:19:28.024 * Server initialized
1730766:M 04 Jan 2024 00:19:28.025 . The AOF directory appendonlydir doesn't exist
1730766:M 04 Jan 2024 00:19:28.026 * Ready to accept connections tcp
1730766:M 04 Jan 2024 00:19:28.026 . 0 clients connected (0 replicas), 1726192 bytes in use
1730766:M 04 Jan 2024 00:19:28.034 - Accepted 127.0.0.1:41574
1730766:M 04 Jan 2024 00:19:28.034 # Missing implement of connection type tls
1730766:M 04 Jan 2024 00:19:28.124 - <raft> join cluster, connecting to localhost:5081
1730766:M 04 Jan 2024 00:19:28.126 * <raft> Joined Raft cluster, node id: 2, dbid: 649fd4649243e2faa7e09ca0d3889ee4
1730766:M 04 Jan 2024 00:19:28.135 * <raft> Cluster Membership: term:0 index:0 nodes: id=2,voting=0,active=1,addr=-
1730766:M 04 Jan 2024 00:19:28.136 * <raft> Test network starting message polling thread
1730766:M 04 Jan 2024 00:19:28.190 - Accepted 127.0.0.1:41576
1730766:M 04 Jan 2024 00:19:28.309 - Client closed connection id=9 addr=127.0.0.1:41576 laddr=127.0.0.1:5082 fd=10 name= age=0 idle=0 flags=N db=0 sub=0 psub=0 ssub=0 multi=-1 qbuf=0 qbuf-free=20474 argv-mem=0 multi-mem=0 rbs=16384 rbp=0 obl=0 oll=0 omem=0 tot-mem=37760 events=r cmd=auth user=default redir=-1 resp=2 lib-name= lib-ver=
1730766:signal-handler (1704323968) Received SIGINT scheduling shutdown...
1730766:signal-handler (1704323968) You insist... exiting now.
1731946:C 04 Jan 2024 00:19:31.159 # WARNING Memory overcommit must be enabled! Without it, a background save or replication may fail under low memory condition. Being disabled, it can also cause failures without low memory condition, see https://github.com/jemalloc/jemalloc/issues/1328. To fix this issue add 'vm.overcommit_memory = 1' to /etc/sysctl.conf and then reboot or run the command 'sysctl vm.overcommit_memory=1' for this to take effect.
1731946:C 04 Jan 2024 00:19:31.159 * oO0OoO0OoO0Oo Redis is starting oO0OoO0OoO0Oo
1731946:C 04 Jan 2024 00:19:31.159 * Redis version=255.255.255, bits=64, commit=e04ebdb8, modified=1, pid=1731946, just started
1731946:C 04 Jan 2024 00:19:31.159 * Configuration loaded
1731946:M 04 Jan 2024 00:19:31.159 * monotonic clock: POSIX clock_gettime
1731946:M 04 Jan 2024 00:19:31.159 * Running mode=standalone, port=5082.
1731946:M 04 Jan 2024 00:19:31.166 * <raft> RedisRaft version 255.255.255 [b779b199]
1731946:M 04 Jan 2024 00:19:31.170 * <raft> Initializing test network
1731946:M 04 Jan 2024 00:19:31.171 * <raft> Created test network client
1731946:M 04 Jan 2024 00:19:31.171 * <raft> Raft module loaded, state is 'uninitialized'
1731946:M 04 Jan 2024 00:19:31.171 * Module 'raft' loaded from /home/snagendra/Fuzzing/redisraft-fuzzing/redisraft.so
1731946:M 04 Jan 2024 00:19:31.172 * Server initialized
1731946:M 04 Jan 2024 00:19:31.172 . The AOF directory appendonlydir doesn't exist
1731946:M 04 Jan 2024 00:19:31.172 * Ready to accept connections tcp
1731946:M 04 Jan 2024 00:19:31.172 . 0 clients connected (0 replicas), 1726224 bytes in use
1731946:M 04 Jan 2024 00:19:31.239 - Accepted 127.0.0.1:41620
1731946:M 04 Jan 2024 00:19:31.239 # Missing implement of connection type tls
1731946:M 04 Jan 2024 00:19:31.301 - Client closed connection id=8 addr=127.0.0.1:41620 laddr=127.0.0.1:5082 fd=9 name= age=0 idle=0 flags=N db=0 sub=0 psub=0 ssub=0 multi=-1 qbuf=0 qbuf-free=20474 argv-mem=0 multi-mem=0 rbs=16384 rbp=0 obl=0 oll=0 omem=0 tot-mem=37760 events=r cmd=auth user=default redir=-1 resp=2 lib-name= lib-ver=
1731946:signal-handler (1704323971) Received SIGINT scheduling shutdown...
1731946:signal-handler (1704323971) You insist... exiting now.

----- Stderr -----
libgcov profiling error:/home/snagendra/Fuzzing/redisraft-fuzzing/build/deps/raft/CMakeFiles/raft.dir/src/raft_server_properties.c.gcda:Merge mismatch for function 5
libgcov profiling error:/home/snagendra/Fuzzing/redisraft-fuzzing/build/deps/raft/CMakeFiles/raft.dir/src/raft_server.c.gcda:Merge mismatch for function 34
libgcov profiling error:/home/snagendra/Fuzzing/redisraft-fuzzing/build/deps/raft/CMakeFiles/raft.dir/src/raft_server_properties.c.gcda:Merge mismatch for function 5
libgcov profiling error:/home/snagendra/Fuzzing/redisraft-fuzzing/build/deps/raft/CMakeFiles/raft.dir/src/raft_server.c.gcda:Merge mismatch for function 34




logs for node: 3

----- Stdout -----
1730864:C 04 Jan 2024 00:19:28.138 # WARNING Memory overcommit must be enabled! Without it, a background save or replication may fail under low memory condition. Being disabled, it can also cause failures without low memory condition, see https://github.com/jemalloc/jemalloc/issues/1328. To fix this issue add 'vm.overcommit_memory = 1' to /etc/sysctl.conf and then reboot or run the command 'sysctl vm.overcommit_memory=1' for this to take effect.
1730864:C 04 Jan 2024 00:19:28.138 * oO0OoO0OoO0Oo Redis is starting oO0OoO0OoO0Oo
1730864:C 04 Jan 2024 00:19:28.138 * Redis version=255.255.255, bits=64, commit=e04ebdb8, modified=1, pid=1730864, just started
1730864:C 04 Jan 2024 00:19:28.138 * Configuration loaded
1730864:M 04 Jan 2024 00:19:28.139 * monotonic clock: POSIX clock_gettime
1730864:M 04 Jan 2024 00:19:28.139 * Running mode=standalone, port=5083.
1730864:M 04 Jan 2024 00:19:28.146 * <raft> RedisRaft version 255.255.255 [b779b199]
1730864:M 04 Jan 2024 00:19:28.151 * <raft> Initializing test network
1730864:M 04 Jan 2024 00:19:28.152 * <raft> Created test network client
1730864:M 04 Jan 2024 00:19:28.153 * <raft> Raft module loaded, state is 'uninitialized'
1730864:M 04 Jan 2024 00:19:28.153 * Module 'raft' loaded from /home/snagendra/Fuzzing/redisraft-fuzzing/redisraft.so
1730864:M 04 Jan 2024 00:19:28.154 * Server initialized
1730864:M 04 Jan 2024 00:19:28.154 . The AOF directory appendonlydir doesn't exist
1730864:M 04 Jan 2024 00:19:28.155 * Ready to accept connections tcp
1730864:M 04 Jan 2024 00:19:28.155 . 0 clients connected (0 replicas), 1726224 bytes in use
1730864:M 04 Jan 2024 00:19:28.160 - Accepted 127.0.0.1:51520
1730864:M 04 Jan 2024 00:19:28.160 # Missing implement of connection type tls
1730864:M 04 Jan 2024 00:19:28.254 - <raft> join cluster, connecting to localhost:5081
1730864:M 04 Jan 2024 00:19:28.256 * <raft> Joined Raft cluster, node id: 3, dbid: 649fd4649243e2faa7e09ca0d3889ee4
1730864:M 04 Jan 2024 00:19:28.262 * <raft> Cluster Membership: term:0 index:0 nodes: id=3,voting=0,active=1,addr=-
1730864:M 04 Jan 2024 00:19:28.262 * <raft> Test network starting message polling thread
1730864:M 04 Jan 2024 00:19:28.291 - Accepted 127.0.0.1:51522
1730864:M 04 Jan 2024 00:19:28.309 - Client closed connection id=9 addr=127.0.0.1:51522 laddr=127.0.0.1:5083 fd=10 name= age=0 idle=0 flags=N db=0 sub=0 psub=0 ssub=0 multi=-1 qbuf=0 qbuf-free=20474 argv-mem=0 multi-mem=0 rbs=16384 rbp=16384 obl=0 oll=0 omem=0 tot-mem=37760 events=r cmd=auth user=default redir=-1 resp=2 lib-name= lib-ver=
1730864:M 04 Jan 2024 00:19:28.856 * <raft> State change: Election starting, node is now a pre-candidate, term 1
1730864:M 04 Jan 2024 00:19:28.856 * <raft> Cluster Membership: term:1 index:0 nodes: id=3,voting=0,active=1,addr=-
1730864:M 04 Jan 2024 00:19:29.156 * <raft> State change: Election starting, node is now a pre-candidate, term 1
1730864:M 04 Jan 2024 00:19:29.156 * <raft> Cluster Membership: term:1 index:0 nodes: id=3,voting=0,active=1,addr=-
1730864:M 04 Jan 2024 00:19:29.457 * <raft> State change: Election starting, node is now a pre-candidate, term 1
1730864:M 04 Jan 2024 00:19:29.457 * <raft> Cluster Membership: term:1 index:0 nodes: id=3,voting=0,active=1,addr=-
1730864:M 04 Jan 2024 00:19:29.758 * <raft> State change: Election starting, node is now a pre-candidate, term 1
1730864:M 04 Jan 2024 00:19:29.758 * <raft> Cluster Membership: term:1 index:0 nodes: id=3,voting=0,active=1,addr=-
1730864:signal-handler (1704323970) Received SIGINT scheduling shutdown...
1730864:signal-handler (1704323970) You insist... exiting now.
1731649:C 04 Jan 2024 00:19:30.581 # WARNING Memory overcommit must be enabled! Without it, a background save or replication may fail under low memory condition. Being disabled, it can also cause failures without low memory condition, see https://github.com/jemalloc/jemalloc/issues/1328. To fix this issue add 'vm.overcommit_memory = 1' to /etc/sysctl.conf and then reboot or run the command 'sysctl vm.overcommit_memory=1' for this to take effect.
1731649:C 04 Jan 2024 00:19:30.581 * oO0OoO0OoO0Oo Redis is starting oO0OoO0OoO0Oo
1731649:C 04 Jan 2024 00:19:30.581 * Redis version=255.255.255, bits=64, commit=e04ebdb8, modified=1, pid=1731649, just started
1731649:C 04 Jan 2024 00:19:30.581 * Configuration loaded
1731649:M 04 Jan 2024 00:19:30.581 * monotonic clock: POSIX clock_gettime
1731649:M 04 Jan 2024 00:19:30.582 * Running mode=standalone, port=5083.
1731649:M 04 Jan 2024 00:19:30.588 * <raft> RedisRaft version 255.255.255 [b779b199]
1731649:M 04 Jan 2024 00:19:30.592 * <raft> Initializing test network
1731649:M 04 Jan 2024 00:19:30.593 * <raft> Created test network client
1731649:M 04 Jan 2024 00:19:30.596 * <raft> Raft module loaded, state is 'loading'
1731649:M 04 Jan 2024 00:19:30.596 * Module 'raft' loaded from /home/snagendra/Fuzzing/redisraft-fuzzing/redisraft.so
1731649:M 04 Jan 2024 00:19:30.597 * Server initialized
1731649:M 04 Jan 2024 00:19:30.597 . The AOF directory appendonlydir doesn't exist
1731649:M 04 Jan 2024 00:19:30.597 * Ready to accept connections tcp
1731649:M 04 Jan 2024 00:19:30.597 . 0 clients connected (0 replicas), 1746688 bytes in use
1731649:M 04 Jan 2024 00:19:30.697 * <raft> Loading: Redis loading complete, snapshot NOT LOADED
1731649:M 04 Jan 2024 00:19:30.698 * <raft> Cluster Membership: term:0 index:0 nodes: id=3,voting=0,active=1,addr=-
1731649:M 04 Jan 2024 00:19:30.698 * <raft> Test network starting message polling thread


=== REDIS BUG REPORT START: Cut & paste starting from here ===
1731649:M 04 Jan 2024 00:19:30.698 # Redis 255.255.255 crashed by signal: 6, si_code: -6
1731649:M 04 Jan 2024 00:19:30.698 # Crashed running the instruction at: 0x7f5faa4ced3c

------ STACK TRACE ------
EIP:
/lib/x86_64-linux-gnu/libc.so.6(+0x8ad3c)[0x7f5faa4ced3c]

Backtrace:
/lib/x86_64-linux-gnu/libc.so.6(+0x3bfd0)[0x7f5faa47ffd0]
/lib/x86_64-linux-gnu/libc.so.6(+0x8ad3c)[0x7f5faa4ced3c]
/lib/x86_64-linux-gnu/libc.so.6(gsignal+0x12)[0x7f5faa47ff32]
/lib/x86_64-linux-gnu/libc.so.6(abort+0xd3)[0x7f5faa46a472]
/lib/x86_64-linux-gnu/libc.so.6(+0x26395)[0x7f5faa46a395]
/lib/x86_64-linux-gnu/libc.so.6(+0x34e32)[0x7f5faa478e32]
/home/snagendra/Fuzzing/redisraft-fuzzing/redisraft.so(+0x3caea)[0x7f5fa93b4aea]
/home/snagendra/Fuzzing/redisraft-fuzzing/redisraft.so(callRaftPeriodic+0x478)[0x7f5fa93a5088]
/home/snagendra/Fuzzing/redis/src/redis-server 0.0.0.0:5083(moduleTimerHandler+0x21c)[0x555f6ca4b98c]
/home/snagendra/Fuzzing/redis/src/redis-server 0.0.0.0:5083(+0x81705)[0x555f6c955705]
/home/snagendra/Fuzzing/redis/src/redis-server 0.0.0.0:5083(aeMain+0x1c8)[0x555f6c95fcb8]
/home/snagendra/Fuzzing/redis/src/redis-server 0.0.0.0:5083(main+0x3cd)[0x555f6c954e2d]
/lib/x86_64-linux-gnu/libc.so.6(+0x271ca)[0x7f5faa46b1ca]
/lib/x86_64-linux-gnu/libc.so.6(__libc_start_main+0x85)[0x7f5faa46b285]
/home/snagendra/Fuzzing/redis/src/redis-server 0.0.0.0:5083(_start+0x2a)[0x555f6c9555aa]

------ REGISTERS ------
1731649:M 04 Jan 2024 00:19:30.699 # 
RAX:0000000000000000 RBX:00000000001a6c41
RCX:00007f5faa4ced3c RDX:0000000000000006
RDI:00000000001a6c41 RSI:00000000001a6c41
RBP:00007f5faa4401c0 RSP:00007ffd094483b0
R8 :0000000000000007 R9 :0000555f6eb11820
R10:0000000000000008 R11:0000000000000246
R12:0000000000000006 R13:00000000000006a6
R14:00007f5fa93e105c R15:0000555f6ca4a2b0
RIP:00007f5faa4ced3c EFL:0000000000000246
CSGSFS:002b000000000033
1731649:M 04 Jan 2024 00:19:30.699 # (00007ffd094483bf) -> 0000555f6eb118d0
1731649:M 04 Jan 2024 00:19:30.699 # (00007ffd094483be) -> 00007f5faa616c60
1731649:M 04 Jan 2024 00:19:30.699 # (00007ffd094483bd) -> 00000000000002b1
1731649:M 04 Jan 2024 00:19:30.699 # (00007ffd094483bc) -> 0000555f6eb11820
1731649:M 04 Jan 2024 00:19:30.699 # (00007ffd094483bb) -> 00000000000006a6
1731649:M 04 Jan 2024 00:19:30.699 # (00007ffd094483ba) -> 0000000000000020
1731649:M 04 Jan 2024 00:19:30.699 # (00007ffd094483b9) -> 00007f5faa46a472
1731649:M 04 Jan 2024 00:19:30.699 # (00007ffd094483b8) -> 00007f5faa617e70
1731649:M 04 Jan 2024 00:19:30.699 # (00007ffd094483b7) -> 00007f5faa47ff32
1731649:M 04 Jan 2024 00:19:30.699 # (00007ffd094483b6) -> 00007f5fa93e105c
1731649:M 04 Jan 2024 00:19:30.699 # (00007ffd094483b5) -> 00000000000006a6
1731649:M 04 Jan 2024 00:19:30.699 # (00007ffd094483b4) -> 00007f5fa93e0720
1731649:M 04 Jan 2024 00:19:30.699 # (00007ffd094483b3) -> 00007f5faa4401c0
1731649:M 04 Jan 2024 00:19:30.699 # (00007ffd094483b2) -> 0000000000000006
1731649:M 04 Jan 2024 00:19:30.699 # (00007ffd094483b1) -> 21a48e923ef69000
1731649:M 04 Jan 2024 00:19:30.699 # (00007ffd094483b0) -> 0000555f6ca4a2b0

------ INFO OUTPUT ------
# Server
redis_version:255.255.255
redis_git_sha1:e04ebdb8
redis_git_dirty:1
redis_build_id:1f78dcc7b4fbdd25
redis_mode:standalone
os:Linux 6.1.60.1.amd64-smp x86_64
arch_bits:64
monotonic_clock:POSIX clock_gettime
multiplexing_api:epoll
atomicvar_api:c11-builtin
gcc_version:10.2.1
process_id:1731649
process_supervised:no
run_id:1c205787e1385b5cce3230eb72b32314c212f5b5
tcp_port:5083
server_time_usec:1704323970697758
uptime_in_seconds:0
uptime_in_days:0
hz:10
configured_hz:10
lru_clock:9825154
executable:/home/snagendra/Fuzzing/redis/src/redis-server
config_file:
io_threads_active:0
listener0:name=tcp,bind=0.0.0.0,port=5083

# Clients
connected_clients:0
cluster_connections:0
maxclients:10000
client_recent_max_input_buffer:0
client_recent_max_output_buffer:0
blocked_clients:0
tracking_clients:0
clients_in_timeout_table:0
total_blocking_keys:0
total_blocking_keys_on_nokey:0

# Memory
used_memory:1753904
used_memory_human:1.67M
used_memory_rss:17735680
used_memory_rss_human:16.91M
used_memory_peak:1753904
used_memory_peak_human:1.67M
used_memory_peak_perc:100.41%
used_memory_overhead:1746728
used_memory_startup:1746544
used_memory_dataset:7176
used_memory_dataset_perc:97.50%
allocator_allocated:2235064
allocator_active:2756608
allocator_resident:10948608
total_system_memory:270388695040
total_system_memory_human:251.82G
used_memory_lua:31744
used_memory_vm_eval:31744
used_memory_lua_human:31.00K
used_memory_scripts_eval:0
number_of_cached_scripts:0
number_of_functions:0
number_of_libraries:0
used_memory_vm_functions:32768
used_memory_vm_total:64512
used_memory_vm_total_human:63.00K
used_memory_functions:184
used_memory_scripts:184
used_memory_scripts_human:184B
maxmemory:0
maxmemory_human:0B
maxmemory_policy:noeviction
allocator_frag_ratio:1.23
allocator_frag_bytes:521544
allocator_rss_ratio:3.97
allocator_rss_bytes:8192000
rss_overhead_ratio:1.62
rss_overhead_bytes:6787072
mem_fragmentation_ratio:10.15
mem_fragmentation_bytes:15988992
mem_not_counted_for_evict:0
mem_replication_backlog:0
mem_total_replication_buffers:0
mem_clients_slaves:0
mem_clients_normal:0
mem_cluster_links:0
mem_aof_buffer:0
mem_allocator:jemalloc-5.3.0
active_defrag_running:0
lazyfree_pending_objects:0
lazyfreed_objects:0

# Persistence
loading:0
async_loading:0
current_cow_peak:0
current_cow_size:0
current_cow_size_age:0
current_fork_perc:0.00
current_save_keys_processed:0
current_save_keys_total:0
rdb_changes_since_last_save:0
rdb_bgsave_in_progress:0
rdb_last_save_time:1704323970
rdb_last_bgsave_status:ok
rdb_last_bgsave_time_sec:-1
rdb_current_bgsave_time_sec:-1
rdb_saves:0
rdb_last_cow_size:0
rdb_last_load_keys_expired:0
rdb_last_load_keys_loaded:0
aof_enabled:0
aof_rewrite_in_progress:0
aof_rewrite_scheduled:0
aof_last_rewrite_time_sec:-1
aof_current_rewrite_time_sec:-1
aof_last_bgrewrite_status:ok
aof_rewrites:0
aof_rewrites_consecutive_failures:0
aof_last_write_status:ok
aof_last_cow_size:0
module_fork_in_progress:0
module_fork_last_cow_size:0

# Stats
total_connections_received:0
total_commands_processed:6
instantaneous_ops_per_sec:25
total_net_input_bytes:0
total_net_output_bytes:0
total_net_repl_input_bytes:0
total_net_repl_output_bytes:0
instantaneous_input_kbps:0.00
instantaneous_output_kbps:0.00
instantaneous_input_repl_kbps:0.00
instantaneous_output_repl_kbps:0.00
rejected_connections:0
sync_full:0
sync_partial_ok:0
sync_partial_err:0
expired_keys:0
expired_stale_perc:0.00
expired_time_cap_reached_count:0
expire_cycle_cpu_milliseconds:0
evicted_keys:0
evicted_clients:0
total_eviction_exceeded_time:0
current_eviction_exceeded_time:0
keyspace_hits:0
keyspace_misses:0
pubsub_channels:0
pubsub_patterns:0
pubsubshard_channels:0
latest_fork_usec:0
total_forks:0
migrate_cached_sockets:0
slave_expires_tracked_keys:0
active_defrag_hits:0
active_defrag_misses:0
active_defrag_key_hits:0
active_defrag_key_misses:0
total_active_defrag_time:0
current_active_defrag_time:0
tracking_total_keys:0
tracking_total_items:0
tracking_total_prefixes:0
unexpected_error_replies:0
total_error_replies:0
dump_payload_sanitizations:0
total_reads_processed:0
total_writes_processed:0
io_threaded_reads_processed:0
io_threaded_writes_processed:0
reply_buffer_shrinks:0
reply_buffer_expands:0
acl_access_denied_auth:0
acl_access_denied_cmd:0
acl_access_denied_key:0
acl_access_denied_channel:0

# Replication
role:master
connected_slaves:0
master_failover_state:no-failover
master_replid:e749111e702166c78d54deabe9d444d2b5068a28
master_replid2:0000000000000000000000000000000000000000
master_repl_offset:0
second_repl_offset:-1
repl_backlog_active:0
repl_backlog_size:1048576
repl_backlog_first_byte_offset:0
repl_backlog_histlen:0

# CPU
used_cpu_sys:0.003740
used_cpu_user:0.012807
used_cpu_sys_children:0.000000
used_cpu_user_children:0.000000
used_cpu_sys_main_thread:0.004033
used_cpu_user_main_thread:0.012100

# Modules
module:name=raft,ver=1,api=1,filters=1,usedby=[],using=[],options=[]

# Commandstats
cmdstat_command:calls=2,usec=1396,usec_per_call=698.00,rejected_calls=0,failed_calls=0
cmdstat_config|set:calls=1,usec=9,usec_per_call=9.00,rejected_calls=0,failed_calls=0
cmdstat_config|get:calls=3,usec=5,usec_per_call=1.67,rejected_calls=0,failed_calls=0

# Errorstats

# Latencystats
latency_percentiles_usec_command:p50=671.743,p99=729.087,p99.9=729.087
latency_percentiles_usec_config|set:p50=9.023,p99=9.023,p99.9=9.023
latency_percentiles_usec_config|get:p50=2.007,p99=2.007,p99.9=2.007

# Cluster
cluster_enabled:0

# Keyspace

------ CLIENT LIST OUTPUT ------

------ MODULES INFO OUTPUT ------
# raft_version
raft_version:255.255.255
raft_git_sha1:b779b199

# raft_general
raft_dbid:649fd4649243e2faa7e09ca0d3889ee4
raft_node_id:3
raft_state:up
raft_role:follower
raft_is_voting:no
raft_voted_for:-1
raft_leader_id:-1
raft_current_term:0
raft_num_nodes:1
raft_num_voting_nodes:0

# raft_log
raft_log_entries:0
raft_current_index:0
raft_commit_index:0
raft_last_applied_index:0
raft_file_size:101
raft_cache_memory_size:0
raft_cache_entries:0
raft_client_attached_entries:0
raft_fsync_count:0
raft_fsync_max_microseconds:0
raft_fsync_avg_microseconds:0

# raft_snapshot
raft_snapshot_filename:redis3.rdb
raft_snapshot_last_idx:0
raft_snapshot_last_term:0
raft_snapshot_size:0
raft_snapshot_time_secs:-1
raft_snapshots_created:0
raft_snapshots_received:0
raft_snapshot_in_progress:no
raft_snapshot_in_progress_last_idx:-1
raft_snapshot_in_progress_last_term:-1

# raft_clients
raft_proxy_reqs:0
raft_proxy_failed_reqs:0
raft_proxy_failed_responses:0
raft_proxy_outstanding_reqs:0

# raft_stats
raft_appendreq_received:0
raft_appendreq_with_entry_received:0
raft_snapshotreq_received:0
raft_exec_throttled:0
raft_num_sessions:0

------ CONFIG DEBUG OUTPUT ------
sanitize-dump-payload no
lazyfree-lazy-user-del no
lazyfree-lazy-server-del no
lazyfree-lazy-user-flush no
repl-diskless-load disabled
activedefrag no
client-query-buffer-limit 1gb
lazyfree-lazy-expire no
repl-diskless-sync yes
replica-read-only yes
io-threads-do-reads no
lazyfree-lazy-eviction no
slave-read-only yes
proto-max-bulk-len 512mb
list-compress-depth 0
io-threads 1

------ FAST MEMORY TEST ------
1731649:M 04 Jan 2024 00:19:30.699 # Bio worker thread #0 terminated
1731649:M 04 Jan 2024 00:19:30.699 # Bio worker thread #1 terminated
1731649:M 04 Jan 2024 00:19:30.699 # Bio worker thread #2 terminated
*** Preparing to test memory region 555f6cc2b000 (2273280 bytes)
*** Preparing to test memory region 555f6eabc000 (405504 bytes)
*** Preparing to test memory region 7f5f9d7ff000 (8388608 bytes)
*** Preparing to test memory region 7f5f9e000000 (8388608 bytes)
*** Preparing to test memory region 7f5f9e800000 (6291456 bytes)
*** Preparing to test memory region 7f5f9efff000 (8388608 bytes)
*** Preparing to test memory region 7f5f9f800000 (8388608 bytes)
*** Preparing to test memory region 7f5fa0000000 (135168 bytes)
*** Preparing to test memory region 7f5fa41a6000 (8388608 bytes)
*** Preparing to test memory region 7f5fa49a7000 (8388608 bytes)
*** Preparing to test memory region 7f5fa51a8000 (8388608 bytes)
*** Preparing to test memory region 7f5fa59a9000 (8388608 bytes)
*** Preparing to test memory region 7f5fa61aa000 (8388608 bytes)
*** Preparing to test memory region 7f5fa69ab000 (8388608 bytes)
*** Preparing to test memory region 7f5fa71ac000 (8388608 bytes)
*** Preparing to test memory region 7f5fa79ad000 (8388608 bytes)
*** Preparing to test memory region 7f5fa81ad000 (2621440 bytes)
*** Preparing to test memory region 7f5fa843c000 (8192 bytes)
*** Preparing to test memory region 7f5fa8a7f000 (12288 bytes)
*** Preparing to test memory region 7f5fa9018000 (16384 bytes)
*** Preparing to test memory region 7f5fa916b000 (8192 bytes)
*** Preparing to test memory region 7f5fa93fa000 (24576 bytes)
*** Preparing to test memory region 7f5fa9c00000 (8388608 bytes)
*** Preparing to test memory region 7f5faa417000 (4096 bytes)
*** Preparing to test memory region 7f5faa43c000 (32768 bytes)
*** Preparing to test memory region 7f5faa618000 (53248 bytes)
*** Preparing to test memory region 7f5faa735000 (8192 bytes)
.O.O.O.O.O.O.O.O.O.O.O.O.O.O.O.O.O.O.O.O.O.O.O.O.O.O.O
Fast memory test PASSED, however your memory can still be broken. Please run a memory test for several hours if possible.

------ DUMPING CODE AROUND EIP ------
Symbol: (null) (base: (nil))
Module: /lib/x86_64-linux-gnu/libc.so.6 (base 0x7f5faa444000)
$ xxd -r -p /tmp/dump.hex /tmp/dump.bin
$ objdump --adjust-vma=(nil) -D -b binary -m i386:x86-64 /tmp/dump.bin
------

=== REDIS BUG REPORT END. Make sure to include from START to END. ===

       Please report the crash by opening an issue on github:

           http://github.com/redis/redis/issues

  If a Redis module was involved, please open in the module's repo instead.

  Suspect RAM error? Use redis-server --test-memory to verify it.

  Some other issues could be detected by redis-server --check-system

----- Stderr -----
libgcov profiling error:/home/snagendra/Fuzzing/redisraft-fuzzing/build/deps/raft/CMakeFiles/raft.dir/src/raft_server_properties.c.gcda:Merge mismatch for function 5
libgcov profiling error:/home/snagendra/Fuzzing/redisraft-fuzzing/build/deps/raft/CMakeFiles/raft.dir/src/raft_server.c.gcda:Merge mismatch for function 34
redis-server: /home/snagendra/Fuzzing/redisraft-fuzzing/deps/raft/src/raft_server.c:1702: raft_get_first_entry_idx: Assertion `0 < raft_get_current_idx(me)' failed.



