logs for node: 1

----- Stdout -----
1640632:C 04 Jan 2024 00:15:53.289 # WARNING Memory overcommit must be enabled! Without it, a background save or replication may fail under low memory condition. Being disabled, it can also cause failures without low memory condition, see https://github.com/jemalloc/jemalloc/issues/1328. To fix this issue add 'vm.overcommit_memory = 1' to /etc/sysctl.conf and then reboot or run the command 'sysctl vm.overcommit_memory=1' for this to take effect.
1640632:C 04 Jan 2024 00:15:53.289 * oO0OoO0OoO0Oo Redis is starting oO0OoO0OoO0Oo
1640632:C 04 Jan 2024 00:15:53.289 * Redis version=255.255.255, bits=64, commit=e04ebdb8, modified=1, pid=1640632, just started
1640632:C 04 Jan 2024 00:15:53.289 * Configuration loaded
1640632:M 04 Jan 2024 00:15:53.289 * monotonic clock: POSIX clock_gettime
1640632:M 04 Jan 2024 00:15:53.290 * Running mode=standalone, port=5001.
1640632:M 04 Jan 2024 00:15:53.296 * <raft> RedisRaft version 255.255.255 [b779b199]
1640632:M 04 Jan 2024 00:15:53.301 * <raft> Initializing test network
1640632:M 04 Jan 2024 00:15:53.301 * <raft> Created test network client
1640632:M 04 Jan 2024 00:15:53.302 * <raft> Raft module loaded, state is 'uninitialized'
1640632:M 04 Jan 2024 00:15:53.302 * Module 'raft' loaded from /home/snagendra/Fuzzing/redisraft-fuzzing/redisraft.so
1640632:M 04 Jan 2024 00:15:53.303 * Server initialized
1640632:M 04 Jan 2024 00:15:53.304 . The AOF directory appendonlydir doesn't exist
1640632:M 04 Jan 2024 00:15:53.304 * Ready to accept connections tcp
1640632:M 04 Jan 2024 00:15:53.304 . 0 clients connected (0 replicas), 1726352 bytes in use
1640632:M 04 Jan 2024 00:15:53.310 - Accepted 127.0.0.1:33284
1640632:M 04 Jan 2024 00:15:53.310 # Missing implement of connection type tls
1640632:M 04 Jan 2024 00:15:53.317 * <raft> Cluster Membership: term:0 index:0 nodes: id=1,voting=0,active=1,addr=-
1640632:M 04 Jan 2024 00:15:53.323 * <raft> State change: Node is now a leader, term 1
1640632:M 04 Jan 2024 00:15:53.323 * <raft> Cluster Membership: term:1 index:1 nodes: id=1,voting=0,active=1,addr=-
1640632:M 04 Jan 2024 00:15:53.324 * <raft> Test network starting message polling thread
1640632:M 04 Jan 2024 00:15:53.324 * <raft> Raft Cluster initialized, node id: 1, dbid: 59ed243864100efc09da46c43249f9c6
1640632:M 04 Jan 2024 00:15:53.442 - Accepted 127.0.0.1:33296
1640632:M 04 Jan 2024 00:15:53.443 * <raft> Cluster Membership: term:1 index:3 nodes: id=1,voting=1,active=1,addr=- id=2,voting=0,active=1,addr=localhost:5002
1640632:M 04 Jan 2024 00:15:53.450 - Client closed connection id=9 addr=127.0.0.1:33296 laddr=127.0.0.1:5001 fd=12 name= age=0 idle=0 flags=N db=0 sub=0 psub=0 ssub=0 multi=-1 qbuf=0 qbuf-free=20474 argv-mem=0 multi-mem=0 rbs=16384 rbp=16384 obl=0 oll=0 omem=0 tot-mem=37760 events=r cmd=raft.node user=default redir=-1 resp=2 lib-name= lib-ver=
1640632:M 04 Jan 2024 00:15:53.569 - Accepted 127.0.0.1:33300
1640632:M 04 Jan 2024 00:15:53.570 * <raft> Cluster Membership: term:1 index:4 nodes: id=1,voting=1,active=1,addr=- id=2,voting=0,active=1,addr=localhost:5002 id=3,voting=0,active=1,addr=localhost:5003
1640632:M 04 Jan 2024 00:15:53.577 - Client closed connection id=10 addr=127.0.0.1:33300 laddr=127.0.0.1:5001 fd=13 name= age=0 idle=0 flags=N db=0 sub=0 psub=0 ssub=0 multi=-1 qbuf=0 qbuf-free=20474 argv-mem=0 multi-mem=0 rbs=16384 rbp=16384 obl=0 oll=0 omem=0 tot-mem=37760 events=r cmd=raft.node user=default redir=-1 resp=2 lib-name= lib-ver=
1640632:M 04 Jan 2024 00:15:53.744 - Accepted 127.0.0.1:33314
1640632:signal-handler (1704323753) Received SIGINT scheduling shutdown...
1640632:signal-handler (1704323753) You insist... exiting now.
1641292:C 04 Jan 2024 00:15:54.481 # WARNING Memory overcommit must be enabled! Without it, a background save or replication may fail under low memory condition. Being disabled, it can also cause failures without low memory condition, see https://github.com/jemalloc/jemalloc/issues/1328. To fix this issue add 'vm.overcommit_memory = 1' to /etc/sysctl.conf and then reboot or run the command 'sysctl vm.overcommit_memory=1' for this to take effect.
1641292:C 04 Jan 2024 00:15:54.481 * oO0OoO0OoO0Oo Redis is starting oO0OoO0OoO0Oo
1641292:C 04 Jan 2024 00:15:54.481 * Redis version=255.255.255, bits=64, commit=e04ebdb8, modified=1, pid=1641292, just started
1641292:C 04 Jan 2024 00:15:54.481 * Configuration loaded
1641292:M 04 Jan 2024 00:15:54.481 * monotonic clock: POSIX clock_gettime
1641292:M 04 Jan 2024 00:15:54.482 * Running mode=standalone, port=5001.
1641292:M 04 Jan 2024 00:15:54.488 * <raft> RedisRaft version 255.255.255 [b779b199]
1641292:M 04 Jan 2024 00:15:54.493 * <raft> Initializing test network
1641292:M 04 Jan 2024 00:15:54.494 * <raft> Created test network client
1641292:M 04 Jan 2024 00:15:54.497 * <raft> Raft module loaded, state is 'loading'
1641292:M 04 Jan 2024 00:15:54.497 * Module 'raft' loaded from /home/snagendra/Fuzzing/redisraft-fuzzing/redisraft.so
1641292:M 04 Jan 2024 00:15:54.497 * Server initialized
1641292:M 04 Jan 2024 00:15:54.497 . The AOF directory appendonlydir doesn't exist
1641292:M 04 Jan 2024 00:15:54.497 * Ready to accept connections tcp
1641292:M 04 Jan 2024 00:15:54.497 . 0 clients connected (0 replicas), 1746656 bytes in use
1641292:M 04 Jan 2024 00:15:54.548 - Accepted 127.0.0.1:33386
1641292:M 04 Jan 2024 00:15:54.548 # Missing implement of connection type tls
1641292:M 04 Jan 2024 00:15:54.570 - Accepted 127.0.0.1:33388
1641292:M 04 Jan 2024 00:15:54.597 * <raft> Loading: Redis loading complete, snapshot NOT LOADED
1641292:M 04 Jan 2024 00:15:54.597 * <raft> Cluster Membership: term:0 index:0 nodes: id=1,voting=0,active=1,addr=-
1641292:M 04 Jan 2024 00:15:54.597 * <raft> Test network starting message polling thread
1641292:M 04 Jan 2024 00:15:54.598 * <raft> Cluster Membership: term:0 index:5 nodes: id=1,voting=1,active=1,addr=- id=2,voting=0,active=1,addr=localhost:5002
1641292:M 04 Jan 2024 00:15:54.598 * <raft> Cluster Membership: term:0 index:5 nodes: id=1,voting=1,active=1,addr=- id=2,voting=0,active=1,addr=localhost:5002 id=3,voting=0,active=1,addr=localhost:5003
1641292:M 04 Jan 2024 00:15:54.598 * <raft> Raft state after loading log: log_count=5, first_idx=1, current_idx=5, last_applied_idx=0
1641292:M 04 Jan 2024 00:15:54.598 . <raft> Raft term=1, vote=-1
1641292:M 04 Jan 2024 00:15:54.604 * <raft> State change: Node is now a leader, term 2
1641292:M 04 Jan 2024 00:15:54.605 * <raft> Cluster Membership: term:2 index:6 nodes: id=1,voting=1,active=1,addr=- id=2,voting=0,active=1,addr=localhost:5002 id=3,voting=0,active=1,addr=localhost:5003
1641292:signal-handler (1704323754) Received SIGINT scheduling shutdown...
1641292:signal-handler (1704323754) You insist... exiting now.
1641797:C 04 Jan 2024 00:15:55.709 # WARNING Memory overcommit must be enabled! Without it, a background save or replication may fail under low memory condition. Being disabled, it can also cause failures without low memory condition, see https://github.com/jemalloc/jemalloc/issues/1328. To fix this issue add 'vm.overcommit_memory = 1' to /etc/sysctl.conf and then reboot or run the command 'sysctl vm.overcommit_memory=1' for this to take effect.
1641797:C 04 Jan 2024 00:15:55.709 * oO0OoO0OoO0Oo Redis is starting oO0OoO0OoO0Oo
1641797:C 04 Jan 2024 00:15:55.709 * Redis version=255.255.255, bits=64, commit=e04ebdb8, modified=1, pid=1641797, just started
1641797:C 04 Jan 2024 00:15:55.709 * Configuration loaded
1641797:M 04 Jan 2024 00:15:55.709 * monotonic clock: POSIX clock_gettime
1641797:M 04 Jan 2024 00:15:55.710 * Running mode=standalone, port=5001.
1641797:M 04 Jan 2024 00:15:55.716 * <raft> RedisRaft version 255.255.255 [b779b199]
1641797:M 04 Jan 2024 00:15:55.720 * <raft> Initializing test network
1641797:M 04 Jan 2024 00:15:55.721 * <raft> Created test network client
1641797:M 04 Jan 2024 00:15:55.726 * <raft> Raft module loaded, state is 'loading'
1641797:M 04 Jan 2024 00:15:55.726 * Module 'raft' loaded from /home/snagendra/Fuzzing/redisraft-fuzzing/redisraft.so
1641797:M 04 Jan 2024 00:15:55.727 * Server initialized
1641797:M 04 Jan 2024 00:15:55.727 . The AOF directory appendonlydir doesn't exist
1641797:M 04 Jan 2024 00:15:55.727 * Ready to accept connections tcp
1641797:M 04 Jan 2024 00:15:55.727 . 0 clients connected (0 replicas), 1746688 bytes in use
1641797:M 04 Jan 2024 00:15:55.826 * <raft> Loading: Redis loading complete, snapshot NOT LOADED
1641797:M 04 Jan 2024 00:15:55.827 * <raft> Cluster Membership: term:0 index:0 nodes: id=1,voting=0,active=1,addr=-
1641797:M 04 Jan 2024 00:15:55.827 * <raft> Test network starting message polling thread
1641797:M 04 Jan 2024 00:15:55.827 * <raft> Cluster Membership: term:0 index:6 nodes: id=1,voting=1,active=1,addr=- id=2,voting=0,active=1,addr=localhost:5002
1641797:M 04 Jan 2024 00:15:55.828 * <raft> Cluster Membership: term:0 index:6 nodes: id=1,voting=1,active=1,addr=- id=2,voting=0,active=1,addr=localhost:5002 id=3,voting=0,active=1,addr=localhost:5003
1641797:M 04 Jan 2024 00:15:55.828 * <raft> Raft state after loading log: log_count=6, first_idx=1, current_idx=6, last_applied_idx=0
1641797:M 04 Jan 2024 00:15:55.828 . <raft> Raft term=2, vote=-1
1641797:M 04 Jan 2024 00:15:55.834 * <raft> State change: Node is now a leader, term 3
1641797:M 04 Jan 2024 00:15:55.834 * <raft> Cluster Membership: term:3 index:7 nodes: id=1,voting=1,active=1,addr=- id=2,voting=0,active=1,addr=localhost:5002 id=3,voting=0,active=1,addr=localhost:5003
1641797:M 04 Jan 2024 00:15:56.039 # <raft> Redis connection authentication failed: connection died
1641797:M 04 Jan 2024 00:15:56.194 - Accepted 127.0.0.1:33448
1641797:M 04 Jan 2024 00:15:56.194 # Missing implement of connection type tls
1641797:M 04 Jan 2024 00:15:56.593 - Accepted 127.0.0.1:33450
1641797:signal-handler (1704323756) Received SIGINT scheduling shutdown...
1641797:signal-handler (1704323756) You insist... exiting now.

----- Stderr -----
libgcov profiling error:/home/snagendra/Fuzzing/redisraft-fuzzing/build/deps/raft/CMakeFiles/raft.dir/src/raft_server_properties.c.gcda:Merge mismatch for function 5
libgcov profiling error:/home/snagendra/Fuzzing/redisraft-fuzzing/build/deps/raft/CMakeFiles/raft.dir/src/raft_server.c.gcda:Merge mismatch for function 34
libgcov profiling error:/home/snagendra/Fuzzing/redisraft-fuzzing/build/deps/raft/CMakeFiles/raft.dir/src/raft_server_properties.c.gcda:Merge mismatch for function 5
libgcov profiling error:/home/snagendra/Fuzzing/redisraft-fuzzing/build/deps/raft/CMakeFiles/raft.dir/src/raft_server.c.gcda:Merge mismatch for function 34
libgcov profiling error:/home/snagendra/Fuzzing/redisraft-fuzzing/build/deps/raft/CMakeFiles/raft.dir/src/raft_server_properties.c.gcda:Merge mismatch for function 5
libgcov profiling error:/home/snagendra/Fuzzing/redisraft-fuzzing/build/deps/raft/CMakeFiles/raft.dir/src/raft_server.c.gcda:Merge mismatch for function 34




logs for node: 2

----- Stdout -----
1640660:C 04 Jan 2024 00:15:53.326 # WARNING Memory overcommit must be enabled! Without it, a background save or replication may fail under low memory condition. Being disabled, it can also cause failures without low memory condition, see https://github.com/jemalloc/jemalloc/issues/1328. To fix this issue add 'vm.overcommit_memory = 1' to /etc/sysctl.conf and then reboot or run the command 'sysctl vm.overcommit_memory=1' for this to take effect.
1640660:C 04 Jan 2024 00:15:53.326 * oO0OoO0OoO0Oo Redis is starting oO0OoO0OoO0Oo
1640660:C 04 Jan 2024 00:15:53.326 * Redis version=255.255.255, bits=64, commit=e04ebdb8, modified=1, pid=1640660, just started
1640660:C 04 Jan 2024 00:15:53.326 * Configuration loaded
1640660:M 04 Jan 2024 00:15:53.327 * monotonic clock: POSIX clock_gettime
1640660:M 04 Jan 2024 00:15:53.327 * Running mode=standalone, port=5002.
1640660:M 04 Jan 2024 00:15:53.334 * <raft> RedisRaft version 255.255.255 [b779b199]
1640660:M 04 Jan 2024 00:15:53.339 * <raft> Initializing test network
1640660:M 04 Jan 2024 00:15:53.340 * <raft> Created test network client
1640660:M 04 Jan 2024 00:15:53.341 * <raft> Raft module loaded, state is 'uninitialized'
1640660:M 04 Jan 2024 00:15:53.341 * Module 'raft' loaded from /home/snagendra/Fuzzing/redisraft-fuzzing/redisraft.so
1640660:M 04 Jan 2024 00:15:53.341 * Server initialized
1640660:M 04 Jan 2024 00:15:53.342 . The AOF directory appendonlydir doesn't exist
1640660:M 04 Jan 2024 00:15:53.342 * Ready to accept connections tcp
1640660:M 04 Jan 2024 00:15:53.342 . 0 clients connected (0 replicas), 1726224 bytes in use
1640660:M 04 Jan 2024 00:15:53.349 - Accepted 127.0.0.1:56600
1640660:M 04 Jan 2024 00:15:53.349 # Missing implement of connection type tls
1640660:M 04 Jan 2024 00:15:53.442 - <raft> join cluster, connecting to localhost:5001
1640660:M 04 Jan 2024 00:15:53.443 * <raft> Joined Raft cluster, node id: 2, dbid: 59ed243864100efc09da46c43249f9c6
1640660:M 04 Jan 2024 00:15:53.450 * <raft> Cluster Membership: term:0 index:0 nodes: id=2,voting=0,active=1,addr=-
1640660:M 04 Jan 2024 00:15:53.450 * <raft> Test network starting message polling thread
1640660:M 04 Jan 2024 00:15:53.504 - Accepted 127.0.0.1:56608
1640660:M 04 Jan 2024 00:15:53.647 * <raft> Cluster Membership: term:1 index:2 nodes: id=2,voting=0,active=1,addr=- id=1,voting=1,active=1,addr=localhost:5001
1640660:M 04 Jan 2024 00:15:53.648 * <raft> Cluster Membership: term:1 index:4 nodes: id=2,voting=0,active=1,addr=- id=1,voting=1,active=1,addr=localhost:5001 id=3,voting=0,active=1,addr=localhost:5003
1640660:M 04 Jan 2024 00:15:53.807 - Client closed connection id=9 addr=127.0.0.1:56608 laddr=127.0.0.1:5002 fd=10 name= age=0 idle=0 flags=N db=0 sub=0 psub=0 ssub=0 multi=-1 qbuf=0 qbuf-free=20474 argv-mem=0 multi-mem=0 rbs=1024 rbp=0 obl=0 oll=0 omem=0 tot-mem=22400 events=r cmd=auth user=default redir=-1 resp=2 lib-name= lib-ver=
1640660:M 04 Jan 2024 00:15:54.605 - Accepted 127.0.0.1:56612
1640660:M 04 Jan 2024 00:15:54.863 - Client closed connection id=10 addr=127.0.0.1:56612 laddr=127.0.0.1:5002 fd=14 name= age=0 idle=0 flags=N db=0 sub=0 psub=0 ssub=0 multi=-1 qbuf=0 qbuf-free=20474 argv-mem=0 multi-mem=0 rbs=1024 rbp=0 obl=0 oll=0 omem=0 tot-mem=22400 events=r cmd=auth user=default redir=-1 resp=2 lib-name= lib-ver=
1640660:M 04 Jan 2024 00:15:55.050 * <raft> State change: Election starting, node is now a pre-candidate, term 2
1640660:M 04 Jan 2024 00:15:55.050 * <raft> Cluster Membership: term:2 index:6 nodes: id=2,voting=0,active=1,addr=- id=1,voting=1,active=1,addr=localhost:5001 id=3,voting=0,active=1,addr=localhost:5003
1640660:M 04 Jan 2024 00:15:55.311 * <raft> State change: Node is now a follower, term 2
1640660:M 04 Jan 2024 00:15:55.311 * <raft> Cluster Membership: term:2 index:6 nodes: id=2,voting=0,active=1,addr=- id=1,voting=1,active=1,addr=localhost:5001 id=3,voting=0,active=1,addr=localhost:5003
1640660:M 04 Jan 2024 00:15:55.552 * <raft> State change: Election starting, node is now a pre-candidate, term 2
1640660:M 04 Jan 2024 00:15:55.552 * <raft> Cluster Membership: term:2 index:6 nodes: id=2,voting=0,active=1,addr=- id=1,voting=1,active=1,addr=localhost:5001 id=3,voting=0,active=1,addr=localhost:5003
1640660:signal-handler (1704323755) Received SIGINT scheduling shutdown...
1640660:signal-handler (1704323755) Received SIGINT scheduling shutdown...
1640660:M 04 Jan 2024 00:15:55.663 * User requested shutdown...
1640660:M 04 Jan 2024 00:15:55.663 # Redis is now ready to exit, bye bye...
1642170:C 04 Jan 2024 00:15:56.471 # WARNING Memory overcommit must be enabled! Without it, a background save or replication may fail under low memory condition. Being disabled, it can also cause failures without low memory condition, see https://github.com/jemalloc/jemalloc/issues/1328. To fix this issue add 'vm.overcommit_memory = 1' to /etc/sysctl.conf and then reboot or run the command 'sysctl vm.overcommit_memory=1' for this to take effect.
1642170:C 04 Jan 2024 00:15:56.471 * oO0OoO0OoO0Oo Redis is starting oO0OoO0OoO0Oo
1642170:C 04 Jan 2024 00:15:56.471 * Redis version=255.255.255, bits=64, commit=e04ebdb8, modified=1, pid=1642170, just started
1642170:C 04 Jan 2024 00:15:56.471 * Configuration loaded
1642170:M 04 Jan 2024 00:15:56.472 * monotonic clock: POSIX clock_gettime
1642170:M 04 Jan 2024 00:15:56.472 * Running mode=standalone, port=5002.
1642170:M 04 Jan 2024 00:15:56.479 * <raft> RedisRaft version 255.255.255 [b779b199]
1642170:M 04 Jan 2024 00:15:56.484 * <raft> Initializing test network
1642170:M 04 Jan 2024 00:15:56.484 * <raft> Created test network client
1642170:M 04 Jan 2024 00:15:56.491 * <raft> Raft module loaded, state is 'loading'
1642170:M 04 Jan 2024 00:15:56.492 * Module 'raft' loaded from /home/snagendra/Fuzzing/redisraft-fuzzing/redisraft.so
1642170:M 04 Jan 2024 00:15:56.492 * Server initialized
1642170:M 04 Jan 2024 00:15:56.492 . The AOF directory appendonlydir doesn't exist
1642170:M 04 Jan 2024 00:15:56.492 * Ready to accept connections tcp
1642170:M 04 Jan 2024 00:15:56.492 . 0 clients connected (0 replicas), 1746656 bytes in use
1642170:M 04 Jan 2024 00:15:56.537 - Accepted 127.0.0.1:56668
1642170:M 04 Jan 2024 00:15:56.537 # Missing implement of connection type tls
1642170:M 04 Jan 2024 00:15:56.591 * <raft> Loading: Redis loading complete, snapshot NOT LOADED
1642170:M 04 Jan 2024 00:15:56.592 * <raft> Cluster Membership: term:0 index:0 nodes: id=2,voting=0,active=1,addr=-
1642170:M 04 Jan 2024 00:15:56.592 * <raft> Test network starting message polling thread
1642170:M 04 Jan 2024 00:15:56.593 * <raft> Cluster Membership: term:0 index:6 nodes: id=2,voting=0,active=1,addr=- id=1,voting=1,active=1,addr=localhost:5001
1642170:M 04 Jan 2024 00:15:56.593 * <raft> Cluster Membership: term:0 index:6 nodes: id=2,voting=0,active=1,addr=- id=1,voting=1,active=1,addr=localhost:5001 id=3,voting=0,active=1,addr=localhost:5003
1642170:M 04 Jan 2024 00:15:56.593 * <raft> Raft state after loading log: log_count=6, first_idx=1, current_idx=6, last_applied_idx=0
1642170:M 04 Jan 2024 00:15:56.593 . <raft> Raft term=2, vote=-1
1642170:M 04 Jan 2024 00:15:56.807 - Client closed connection id=8 addr=127.0.0.1:56668 laddr=127.0.0.1:5002 fd=11 name= age=0 idle=0 flags=N db=0 sub=0 psub=0 ssub=0 multi=-1 qbuf=0 qbuf-free=20474 argv-mem=0 multi-mem=0 rbs=1024 rbp=0 obl=0 oll=0 omem=0 tot-mem=22400 events=r cmd=auth user=default redir=-1 resp=2 lib-name= lib-ver=
1642170:signal-handler (1704323756) Received SIGINT scheduling shutdown...
1642170:signal-handler (1704323756) You insist... exiting now.

----- Stderr -----
libgcov profiling error:/home/snagendra/Fuzzing/redisraft-fuzzing/build/deps/raft/CMakeFiles/raft.dir/src/raft_server_properties.c.gcda:Merge mismatch for function 5
libgcov profiling error:/home/snagendra/Fuzzing/redisraft-fuzzing/build/deps/raft/CMakeFiles/raft.dir/src/raft_server.c.gcda:Merge mismatch for function 34
libgcov profiling error:/home/snagendra/Fuzzing/redisraft-fuzzing/build/deps/raft/CMakeFiles/raft.dir/src/raft_server_properties.c.gcda:Merge mismatch for function 5
libgcov profiling error:/home/snagendra/Fuzzing/redisraft-fuzzing/build/deps/raft/CMakeFiles/raft.dir/src/raft_server.c.gcda:Merge mismatch for function 34




logs for node: 3

----- Stdout -----
1640730:C 04 Jan 2024 00:15:53.453 # WARNING Memory overcommit must be enabled! Without it, a background save or replication may fail under low memory condition. Being disabled, it can also cause failures without low memory condition, see https://github.com/jemalloc/jemalloc/issues/1328. To fix this issue add 'vm.overcommit_memory = 1' to /etc/sysctl.conf and then reboot or run the command 'sysctl vm.overcommit_memory=1' for this to take effect.
1640730:C 04 Jan 2024 00:15:53.453 * oO0OoO0OoO0Oo Redis is starting oO0OoO0OoO0Oo
1640730:C 04 Jan 2024 00:15:53.453 * Redis version=255.255.255, bits=64, commit=e04ebdb8, modified=1, pid=1640730, just started
1640730:C 04 Jan 2024 00:15:53.453 * Configuration loaded
1640730:M 04 Jan 2024 00:15:53.454 * monotonic clock: POSIX clock_gettime
1640730:M 04 Jan 2024 00:15:53.454 * Running mode=standalone, port=5003.
1640730:M 04 Jan 2024 00:15:53.461 * <raft> RedisRaft version 255.255.255 [b779b199]
1640730:M 04 Jan 2024 00:15:53.466 * <raft> Initializing test network
1640730:M 04 Jan 2024 00:15:53.467 * <raft> Created test network client
1640730:M 04 Jan 2024 00:15:53.468 * <raft> Raft module loaded, state is 'uninitialized'
1640730:M 04 Jan 2024 00:15:53.468 * Module 'raft' loaded from /home/snagendra/Fuzzing/redisraft-fuzzing/redisraft.so
1640730:M 04 Jan 2024 00:15:53.468 * Server initialized
1640730:M 04 Jan 2024 00:15:53.469 . The AOF directory appendonlydir doesn't exist
1640730:M 04 Jan 2024 00:15:53.469 * Ready to accept connections tcp
1640730:M 04 Jan 2024 00:15:53.469 . 0 clients connected (0 replicas), 1726224 bytes in use
1640730:M 04 Jan 2024 00:15:53.487 - Accepted 127.0.0.1:51992
1640730:M 04 Jan 2024 00:15:53.487 # Missing implement of connection type tls
1640730:M 04 Jan 2024 00:15:53.568 - <raft> join cluster, connecting to localhost:5001
1640730:M 04 Jan 2024 00:15:53.570 * <raft> Joined Raft cluster, node id: 3, dbid: 59ed243864100efc09da46c43249f9c6
1640730:M 04 Jan 2024 00:15:53.577 * <raft> Cluster Membership: term:0 index:0 nodes: id=3,voting=0,active=1,addr=-
1640730:M 04 Jan 2024 00:15:53.577 * <raft> Test network starting message polling thread
1640730:M 04 Jan 2024 00:15:53.605 - Accepted 127.0.0.1:52008
1640730:M 04 Jan 2024 00:15:53.743 - Accepted 127.0.0.1:52012
1640730:M 04 Jan 2024 00:15:53.807 - Client closed connection id=9 addr=127.0.0.1:52008 laddr=127.0.0.1:5003 fd=10 name= age=0 idle=0 flags=N db=0 sub=0 psub=0 ssub=0 multi=-1 qbuf=0 qbuf-free=20474 argv-mem=0 multi-mem=0 rbs=1024 rbp=0 obl=0 oll=0 omem=0 tot-mem=22400 events=r cmd=auth user=default redir=-1 resp=2 lib-name= lib-ver=
1640730:M 04 Jan 2024 00:15:54.372 * <raft> State change: Election starting, node is now a pre-candidate, term 1
1640730:M 04 Jan 2024 00:15:54.372 * <raft> Cluster Membership: term:1 index:0 nodes: id=3,voting=0,active=1,addr=-
1640730:M 04 Jan 2024 00:15:54.605 - Accepted 127.0.0.1:52022
1640730:M 04 Jan 2024 00:15:54.774 * <raft> State change: Election starting, node is now a pre-candidate, term 1
1640730:M 04 Jan 2024 00:15:54.774 * <raft> Cluster Membership: term:1 index:0 nodes: id=3,voting=0,active=1,addr=-
1640730:M 04 Jan 2024 00:15:54.863 - Client closed connection id=11 addr=127.0.0.1:52022 laddr=127.0.0.1:5003 fd=10 name= age=0 idle=0 flags=N db=0 sub=0 psub=0 ssub=0 multi=-1 qbuf=0 qbuf-free=20474 argv-mem=0 multi-mem=0 rbs=1024 rbp=0 obl=0 oll=0 omem=0 tot-mem=22400 events=r cmd=auth user=default redir=-1 resp=2 lib-name= lib-ver=
1640730:M 04 Jan 2024 00:15:54.901 * <raft> State change: Node is now a follower, term 2
1640730:M 04 Jan 2024 00:15:54.901 * <raft> Cluster Membership: term:2 index:0 nodes: id=3,voting=0,active=1,addr=-
1640730:M 04 Jan 2024 00:15:55.175 * <raft> State change: Election starting, node is now a pre-candidate, term 2
1640730:M 04 Jan 2024 00:15:55.175 * <raft> Cluster Membership: term:2 index:0 nodes: id=3,voting=0,active=1,addr=-
1640730:signal-handler (1704323755) Received SIGINT scheduling shutdown...
1640730:signal-handler (1704323755) You insist... exiting now.
1641711:C 04 Jan 2024 00:15:55.557 # WARNING Memory overcommit must be enabled! Without it, a background save or replication may fail under low memory condition. Being disabled, it can also cause failures without low memory condition, see https://github.com/jemalloc/jemalloc/issues/1328. To fix this issue add 'vm.overcommit_memory = 1' to /etc/sysctl.conf and then reboot or run the command 'sysctl vm.overcommit_memory=1' for this to take effect.
1641711:C 04 Jan 2024 00:15:55.557 * oO0OoO0OoO0Oo Redis is starting oO0OoO0OoO0Oo
1641711:C 04 Jan 2024 00:15:55.557 * Redis version=255.255.255, bits=64, commit=e04ebdb8, modified=1, pid=1641711, just started
1641711:C 04 Jan 2024 00:15:55.557 * Configuration loaded
1641711:M 04 Jan 2024 00:15:55.558 * monotonic clock: POSIX clock_gettime
1641711:M 04 Jan 2024 00:15:55.558 * Running mode=standalone, port=5003.
1641711:M 04 Jan 2024 00:15:55.565 * <raft> RedisRaft version 255.255.255 [b779b199]
1641711:M 04 Jan 2024 00:15:55.569 * <raft> Initializing test network
1641711:M 04 Jan 2024 00:15:55.570 * <raft> Created test network client
1641711:M 04 Jan 2024 00:15:55.573 * <raft> Raft module loaded, state is 'loading'
1641711:M 04 Jan 2024 00:15:55.573 * Module 'raft' loaded from /home/snagendra/Fuzzing/redisraft-fuzzing/redisraft.so
1641711:M 04 Jan 2024 00:15:55.574 * Server initialized
1641711:M 04 Jan 2024 00:15:55.574 . The AOF directory appendonlydir doesn't exist
1641711:M 04 Jan 2024 00:15:55.574 * Ready to accept connections tcp
1641711:M 04 Jan 2024 00:15:55.574 . 0 clients connected (0 replicas), 1746688 bytes in use
1641711:M 04 Jan 2024 00:15:55.653 - Accepted 127.0.0.1:52068
1641711:M 04 Jan 2024 00:15:55.653 # Missing implement of connection type tls
1641711:M 04 Jan 2024 00:15:55.674 * <raft> Loading: Redis loading complete, snapshot NOT LOADED
1641711:M 04 Jan 2024 00:15:55.674 * <raft> Cluster Membership: term:0 index:0 nodes: id=3,voting=0,active=1,addr=-
1641711:M 04 Jan 2024 00:15:55.674 * <raft> Test network starting message polling thread


=== REDIS BUG REPORT START: Cut & paste starting from here ===
1641711:M 04 Jan 2024 00:15:55.674 # Redis 255.255.255 crashed by signal: 6, si_code: -6
1641711:M 04 Jan 2024 00:15:55.674 # Crashed running the instruction at: 0x7ff497656d3c

------ STACK TRACE ------
EIP:
/lib/x86_64-linux-gnu/libc.so.6(+0x8ad3c)[0x7ff497656d3c]

Backtrace:
/lib/x86_64-linux-gnu/libc.so.6(+0x3bfd0)[0x7ff497607fd0]
/lib/x86_64-linux-gnu/libc.so.6(+0x8ad3c)[0x7ff497656d3c]
/lib/x86_64-linux-gnu/libc.so.6(gsignal+0x12)[0x7ff497607f32]
/lib/x86_64-linux-gnu/libc.so.6(abort+0xd3)[0x7ff4975f2472]
/lib/x86_64-linux-gnu/libc.so.6(+0x26395)[0x7ff4975f2395]
/lib/x86_64-linux-gnu/libc.so.6(+0x34e32)[0x7ff497600e32]
/home/snagendra/Fuzzing/redisraft-fuzzing/redisraft.so(+0x3caea)[0x7ff49757baea]
/home/snagendra/Fuzzing/redisraft-fuzzing/redisraft.so(callRaftPeriodic+0x478)[0x7ff49756c088]
/home/snagendra/Fuzzing/redis/src/redis-server 0.0.0.0:5003(moduleTimerHandler+0x21c)[0x55b33177b98c]
/home/snagendra/Fuzzing/redis/src/redis-server 0.0.0.0:5003(+0x81705)[0x55b331685705]
/home/snagendra/Fuzzing/redis/src/redis-server 0.0.0.0:5003(aeMain+0x1c8)[0x55b33168fcb8]
/home/snagendra/Fuzzing/redis/src/redis-server 0.0.0.0:5003(main+0x3cd)[0x55b331684e2d]
/lib/x86_64-linux-gnu/libc.so.6(+0x271ca)[0x7ff4975f31ca]
/lib/x86_64-linux-gnu/libc.so.6(__libc_start_main+0x85)[0x7ff4975f3285]
/home/snagendra/Fuzzing/redis/src/redis-server 0.0.0.0:5003(_start+0x2a)[0x55b3316855aa]

------ REGISTERS ------
1641711:M 04 Jan 2024 00:15:55.675 # 
RAX:0000000000000000 RBX:0000000000190cef
RCX:00007ff497656d3c RDX:0000000000000006
RDI:0000000000190cef RSI:0000000000190cef
RBP:00007ff4975c81c0 RSP:00007ffefdbe21f0
R8 :0000000000000007 R9 :000055b331eab820
R10:0000000000000008 R11:0000000000000246
R12:0000000000000006 R13:00000000000006a6
R14:00007ff4975a805c R15:000055b33177a2b0
RIP:00007ff497656d3c EFL:0000000000000246
CSGSFS:002b000000000033
1641711:M 04 Jan 2024 00:15:55.675 # (00007ffefdbe21ff) -> 000055b331eab8d0
1641711:M 04 Jan 2024 00:15:55.675 # (00007ffefdbe21fe) -> 00007ff49779ec60
1641711:M 04 Jan 2024 00:15:55.675 # (00007ffefdbe21fd) -> 00000000000002b1
1641711:M 04 Jan 2024 00:15:55.675 # (00007ffefdbe21fc) -> 000055b331eab820
1641711:M 04 Jan 2024 00:15:55.675 # (00007ffefdbe21fb) -> 00000000000006a6
1641711:M 04 Jan 2024 00:15:55.675 # (00007ffefdbe21fa) -> 0000000000000020
1641711:M 04 Jan 2024 00:15:55.675 # (00007ffefdbe21f9) -> 00007ff4975f2472
1641711:M 04 Jan 2024 00:15:55.675 # (00007ffefdbe21f8) -> 00007ff49779fe70
1641711:M 04 Jan 2024 00:15:55.675 # (00007ffefdbe21f7) -> 00007ff497607f32
1641711:M 04 Jan 2024 00:15:55.675 # (00007ffefdbe21f6) -> 00007ff4975a805c
1641711:M 04 Jan 2024 00:15:55.675 # (00007ffefdbe21f5) -> 00000000000006a6
1641711:M 04 Jan 2024 00:15:55.675 # (00007ffefdbe21f4) -> 00007ff4975a7720
1641711:M 04 Jan 2024 00:15:55.675 # (00007ffefdbe21f3) -> 00007ff4975c81c0
1641711:M 04 Jan 2024 00:15:55.675 # (00007ffefdbe21f2) -> 0000000000000006
1641711:M 04 Jan 2024 00:15:55.675 # (00007ffefdbe21f1) -> 8dfa6ea22cbbb000
1641711:M 04 Jan 2024 00:15:55.675 # (00007ffefdbe21f0) -> 000055b33177a2b0

------ INFO OUTPUT ------
# Server
redis_version:255.255.255
redis_git_sha1:e04ebdb8
redis_git_dirty:1
redis_build_id:1f78dcc7b4fbdd25
redis_mode:standalone
os:Linux 6.1.60.1.amd64-smp x86_64
arch_bits:64
monotonic_clock:POSIX clock_gettime
multiplexing_api:epoll
atomicvar_api:c11-builtin
gcc_version:10.2.1
process_id:1641711
process_supervised:no
run_id:fef1200f171f7cab2ca749df40213160dda342fe
tcp_port:5003
server_time_usec:1704323755673999
uptime_in_seconds:0
uptime_in_days:0
hz:10
configured_hz:10
lru_clock:9824939
executable:/home/snagendra/Fuzzing/redis/src/redis-server
config_file:
io_threads_active:0
listener0:name=tcp,bind=0.0.0.0,port=5003

# Clients
connected_clients:1
cluster_connections:0
maxclients:10000
client_recent_max_input_buffer:0
client_recent_max_output_buffer:0
blocked_clients:0
tracking_clients:0
clients_in_timeout_table:0
total_blocking_keys:0
total_blocking_keys_on_nokey:0

# Memory
used_memory:1816896
used_memory_human:1.73M
used_memory_rss:17842176
used_memory_rss_human:17.02M
used_memory_peak:1816896
used_memory_peak_human:1.73M
used_memory_peak_perc:100.39%
used_memory_overhead:1746728
used_memory_startup:1746544
used_memory_dataset:70168
used_memory_dataset_perc:99.74%
allocator_allocated:2226840
allocator_active:2785280
allocator_resident:10948608
total_system_memory:270388695040
total_system_memory_human:251.82G
used_memory_lua:31744
used_memory_vm_eval:31744
used_memory_lua_human:31.00K
used_memory_scripts_eval:0
number_of_cached_scripts:0
number_of_functions:0
number_of_libraries:0
used_memory_vm_functions:32768
used_memory_vm_total:64512
used_memory_vm_total_human:63.00K
used_memory_functions:184
used_memory_scripts:184
used_memory_scripts_human:184B
maxmemory:0
maxmemory_human:0B
maxmemory_policy:noeviction
allocator_frag_ratio:1.25
allocator_frag_bytes:558440
allocator_rss_ratio:3.93
allocator_rss_bytes:8163328
rss_overhead_ratio:1.63
rss_overhead_bytes:6893568
mem_fragmentation_ratio:10.21
mem_fragmentation_bytes:16095488
mem_not_counted_for_evict:0
mem_replication_backlog:0
mem_total_replication_buffers:0
mem_clients_slaves:0
mem_clients_normal:0
mem_cluster_links:0
mem_aof_buffer:0
mem_allocator:jemalloc-5.3.0
active_defrag_running:0
lazyfree_pending_objects:0
lazyfreed_objects:0

# Persistence
loading:0
async_loading:0
current_cow_peak:0
current_cow_size:0
current_cow_size_age:0
current_fork_perc:0.00
current_save_keys_processed:0
current_save_keys_total:0
rdb_changes_since_last_save:0
rdb_bgsave_in_progress:0
rdb_last_save_time:1704323755
rdb_last_bgsave_status:ok
rdb_last_bgsave_time_sec:-1
rdb_current_bgsave_time_sec:-1
rdb_saves:0
rdb_last_cow_size:0
rdb_last_load_keys_expired:0
rdb_last_load_keys_loaded:0
aof_enabled:0
aof_rewrite_in_progress:0
aof_rewrite_scheduled:0
aof_last_rewrite_time_sec:-1
aof_current_rewrite_time_sec:-1
aof_last_bgrewrite_status:ok
aof_rewrites:0
aof_rewrites_consecutive_failures:0
aof_last_write_status:ok
aof_last_cow_size:0
module_fork_in_progress:0
module_fork_last_cow_size:0

# Stats
total_connections_received:1
total_commands_processed:7
instantaneous_ops_per_sec:23
total_net_input_bytes:33
total_net_output_bytes:5
total_net_repl_input_bytes:0
total_net_repl_output_bytes:0
instantaneous_input_kbps:0.00
instantaneous_output_kbps:0.00
instantaneous_input_repl_kbps:0.00
instantaneous_output_repl_kbps:0.00
rejected_connections:0
sync_full:0
sync_partial_ok:0
sync_partial_err:0
expired_keys:0
expired_stale_perc:0.00
expired_time_cap_reached_count:0
expire_cycle_cpu_milliseconds:0
evicted_keys:0
evicted_clients:0
total_eviction_exceeded_time:0
current_eviction_exceeded_time:0
keyspace_hits:0
keyspace_misses:0
pubsub_channels:0
pubsub_patterns:0
pubsubshard_channels:0
latest_fork_usec:0
total_forks:0
migrate_cached_sockets:0
slave_expires_tracked_keys:0
active_defrag_hits:0
active_defrag_misses:0
active_defrag_key_hits:0
active_defrag_key_misses:0
total_active_defrag_time:0
current_active_defrag_time:0
tracking_total_keys:0
tracking_total_items:0
tracking_total_prefixes:0
unexpected_error_replies:0
total_error_replies:0
dump_payload_sanitizations:0
total_reads_processed:1
total_writes_processed:1
io_threaded_reads_processed:0
io_threaded_writes_processed:0
reply_buffer_shrinks:0
reply_buffer_expands:0
acl_access_denied_auth:0
acl_access_denied_cmd:0
acl_access_denied_key:0
acl_access_denied_channel:0

# Replication
role:master
connected_slaves:0
master_failover_state:no-failover
master_replid:72b2d677cb0a85bb2c504e2332b8e1237ac6601b
master_replid2:0000000000000000000000000000000000000000
master_repl_offset:0
second_repl_offset:-1
repl_backlog_active:0
repl_backlog_size:1048576
repl_backlog_first_byte_offset:0
repl_backlog_histlen:0

# CPU
used_cpu_sys:0.007087
used_cpu_user:0.010630
used_cpu_sys_children:0.000000
used_cpu_user_children:0.000000
used_cpu_sys_main_thread:0.006950
used_cpu_user_main_thread:0.010425

# Modules
module:name=raft,ver=1,api=1,filters=1,usedby=[],using=[],options=[]

# Commandstats
cmdstat_auth:calls=1,usec=1,usec_per_call=1.00,rejected_calls=0,failed_calls=0
cmdstat_config|set:calls=1,usec=11,usec_per_call=11.00,rejected_calls=0,failed_calls=0
cmdstat_config|get:calls=3,usec=4,usec_per_call=1.33,rejected_calls=0,failed_calls=0
cmdstat_command:calls=2,usec=1452,usec_per_call=726.00,rejected_calls=0,failed_calls=0

# Errorstats

# Latencystats
latency_percentiles_usec_auth:p50=1.003,p99=1.003,p99.9=1.003
latency_percentiles_usec_config|set:p50=11.007,p99=11.007,p99.9=11.007
latency_percentiles_usec_config|get:p50=1.003,p99=2.007,p99.9=2.007
latency_percentiles_usec_command:p50=696.319,p99=761.855,p99.9=761.855

# Cluster
cluster_enabled:0

# Keyspace

------ CLIENT LIST OUTPUT ------
id=8 addr=127.0.0.1:52068 laddr=127.0.0.1:5003 fd=11 name= age=0 idle=0 flags=N db=0 sub=0 psub=0 ssub=0 multi=-1 qbuf=0 qbuf-free=20474 argv-mem=0 multi-mem=0 rbs=16384 rbp=16384 obl=0 oll=0 omem=0 tot-mem=37760 events=r cmd=auth user=default redir=-1 resp=2 lib-name= lib-ver=

------ MODULES INFO OUTPUT ------
# raft_version
raft_version:255.255.255
raft_git_sha1:b779b199

# raft_general
raft_dbid:59ed243864100efc09da46c43249f9c6
raft_node_id:3
raft_state:up
raft_role:follower
raft_is_voting:no
raft_voted_for:-1
raft_leader_id:-1
raft_current_term:0
raft_num_nodes:1
raft_num_voting_nodes:0

# raft_log
raft_log_entries:0
raft_current_index:0
raft_commit_index:0
raft_last_applied_index:0
raft_file_size:101
raft_cache_memory_size:0
raft_cache_entries:0
raft_client_attached_entries:0
raft_fsync_count:0
raft_fsync_max_microseconds:0
raft_fsync_avg_microseconds:0

# raft_snapshot
raft_snapshot_filename:redis3.rdb
raft_snapshot_last_idx:0
raft_snapshot_last_term:0
raft_snapshot_size:0
raft_snapshot_time_secs:-1
raft_snapshots_created:0
raft_snapshots_received:0
raft_snapshot_in_progress:no
raft_snapshot_in_progress_last_idx:-1
raft_snapshot_in_progress_last_term:-1

# raft_clients
raft_proxy_reqs:0
raft_proxy_failed_reqs:0
raft_proxy_failed_responses:0
raft_proxy_outstanding_reqs:0

# raft_stats
raft_appendreq_received:0
raft_appendreq_with_entry_received:0
raft_snapshotreq_received:0
raft_exec_throttled:0
raft_num_sessions:0

------ CONFIG DEBUG OUTPUT ------
client-query-buffer-limit 1gb
lazyfree-lazy-eviction no
activedefrag no
slave-read-only yes
repl-diskless-sync yes
lazyfree-lazy-user-del no
proto-max-bulk-len 512mb
io-threads-do-reads no
list-compress-depth 0
sanitize-dump-payload no
replica-read-only yes
lazyfree-lazy-server-del no
io-threads 1
lazyfree-lazy-expire no
repl-diskless-load disabled
lazyfree-lazy-user-flush no

------ FAST MEMORY TEST ------
1641711:M 04 Jan 2024 00:15:55.675 # Bio worker thread #0 terminated
1641711:M 04 Jan 2024 00:15:55.675 # Bio worker thread #1 terminated
1641711:M 04 Jan 2024 00:15:55.675 # Bio worker thread #2 terminated
*** Preparing to test memory region 55b33195b000 (2273280 bytes)
*** Preparing to test memory region 55b331e56000 (405504 bytes)
*** Preparing to test memory region 7ff48a7ff000 (8388608 bytes)
*** Preparing to test memory region 7ff48b000000 (8388608 bytes)
*** Preparing to test memory region 7ff48b800000 (6291456 bytes)
*** Preparing to test memory region 7ff48bff9000 (8388608 bytes)
*** Preparing to test memory region 7ff48c7fa000 (8388608 bytes)
*** Preparing to test memory region 7ff48cffb000 (8388608 bytes)
*** Preparing to test memory region 7ff48d7fc000 (8388608 bytes)
*** Preparing to test memory region 7ff48dffd000 (8388608 bytes)
*** Preparing to test memory region 7ff48e7fe000 (8388608 bytes)
*** Preparing to test memory region 7ff48efff000 (8388608 bytes)
*** Preparing to test memory region 7ff48f800000 (8388608 bytes)
*** Preparing to test memory region 7ff490000000 (135168 bytes)
*** Preparing to test memory region 7ff494331000 (8388608 bytes)
*** Preparing to test memory region 7ff494b32000 (8388608 bytes)
*** Preparing to test memory region 7ff495332000 (2621440 bytes)
*** Preparing to test memory region 7ff495c7f000 (12288 bytes)
*** Preparing to test memory region 7ff495c95000 (8192 bytes)
*** Preparing to test memory region 7ff496218000 (16384 bytes)
*** Preparing to test memory region 7ff4962ec000 (8192 bytes)
*** Preparing to test memory region 7ff496c00000 (8388608 bytes)
*** Preparing to test memory region 7ff49746c000 (4096 bytes)
*** Preparing to test memory region 7ff49753c000 (12288 bytes)
*** Preparing to test memory region 7ff4975c1000 (45056 bytes)
*** Preparing to test memory region 7ff4977a0000 (53248 bytes)
*** Preparing to test memory region 7ff4978bd000 (8192 bytes)
.O.O.1641711:signal-handler (1704323755) Received SIGINT scheduling shutdown...
1641711:signal-handler (1704323755) You insist... exiting now.
1641940:C 04 Jan 2024 00:15:55.974 # WARNING Memory overcommit must be enabled! Without it, a background save or replication may fail under low memory condition. Being disabled, it can also cause failures without low memory condition, see https://github.com/jemalloc/jemalloc/issues/1328. To fix this issue add 'vm.overcommit_memory = 1' to /etc/sysctl.conf and then reboot or run the command 'sysctl vm.overcommit_memory=1' for this to take effect.
1641940:C 04 Jan 2024 00:15:55.974 * oO0OoO0OoO0Oo Redis is starting oO0OoO0OoO0Oo
1641940:C 04 Jan 2024 00:15:55.974 * Redis version=255.255.255, bits=64, commit=e04ebdb8, modified=1, pid=1641940, just started
1641940:C 04 Jan 2024 00:15:55.974 * Configuration loaded
1641940:M 04 Jan 2024 00:15:55.975 * monotonic clock: POSIX clock_gettime
1641940:M 04 Jan 2024 00:15:55.975 * Running mode=standalone, port=5003.
1641940:M 04 Jan 2024 00:15:55.981 * <raft> RedisRaft version 255.255.255 [b779b199]
1641940:M 04 Jan 2024 00:15:55.986 * <raft> Initializing test network
1641940:M 04 Jan 2024 00:15:55.986 * <raft> Created test network client
1641940:M 04 Jan 2024 00:15:55.995 * <raft> Raft module loaded, state is 'loading'
1641940:M 04 Jan 2024 00:15:55.995 * Module 'raft' loaded from /home/snagendra/Fuzzing/redisraft-fuzzing/redisraft.so
1641940:M 04 Jan 2024 00:15:55.996 * Server initialized
1641940:M 04 Jan 2024 00:15:55.996 . The AOF directory appendonlydir doesn't exist
1641940:M 04 Jan 2024 00:15:55.996 * Ready to accept connections tcp
1641940:M 04 Jan 2024 00:15:55.996 . 0 clients connected (0 replicas), 1746656 bytes in use
1641940:signal-handler (1704323755) Received SIGINT scheduling shutdown...
1641940:signal-handler (1704323755) You insist... exiting now.
1642305:C 04 Jan 2024 00:15:56.684 # WARNING Memory overcommit must be enabled! Without it, a background save or replication may fail under low memory condition. Being disabled, it can also cause failures without low memory condition, see https://github.com/jemalloc/jemalloc/issues/1328. To fix this issue add 'vm.overcommit_memory = 1' to /etc/sysctl.conf and then reboot or run the command 'sysctl vm.overcommit_memory=1' for this to take effect.
1642305:C 04 Jan 2024 00:15:56.684 * oO0OoO0OoO0Oo Redis is starting oO0OoO0OoO0Oo
1642305:C 04 Jan 2024 00:15:56.684 * Redis version=255.255.255, bits=64, commit=e04ebdb8, modified=1, pid=1642305, just started
1642305:C 04 Jan 2024 00:15:56.684 * Configuration loaded
1642305:M 04 Jan 2024 00:15:56.685 * monotonic clock: POSIX clock_gettime
1642305:M 04 Jan 2024 00:15:56.685 * Running mode=standalone, port=5003.
1642305:M 04 Jan 2024 00:15:56.691 * <raft> RedisRaft version 255.255.255 [b779b199]
1642305:M 04 Jan 2024 00:15:56.695 * <raft> Initializing test network
1642305:M 04 Jan 2024 00:15:56.696 * <raft> Created test network client
1642305:M 04 Jan 2024 00:15:56.701 * <raft> Raft module loaded, state is 'loading'
1642305:M 04 Jan 2024 00:15:56.701 * Module 'raft' loaded from /home/snagendra/Fuzzing/redisraft-fuzzing/redisraft.so
1642305:M 04 Jan 2024 00:15:56.701 * Server initialized
1642305:M 04 Jan 2024 00:15:56.701 . The AOF directory appendonlydir doesn't exist
1642305:M 04 Jan 2024 00:15:56.701 * Ready to accept connections tcp
1642305:M 04 Jan 2024 00:15:56.701 . 0 clients connected (0 replicas), 1746624 bytes in use
1642305:M 04 Jan 2024 00:15:56.738 - Accepted 127.0.0.1:52170
1642305:M 04 Jan 2024 00:15:56.738 # Missing implement of connection type tls
1642305:M 04 Jan 2024 00:15:56.795 - Accepted 127.0.0.1:52172
1642305:M 04 Jan 2024 00:15:56.801 * <raft> Loading: Redis loading complete, snapshot NOT LOADED
1642305:M 04 Jan 2024 00:15:56.801 * <raft> Cluster Membership: term:0 index:0 nodes: id=3,voting=0,active=1,addr=-
1642305:M 04 Jan 2024 00:15:56.802 * <raft> Test network starting message polling thread


=== REDIS BUG REPORT START: Cut & paste starting from here ===
1642305:M 04 Jan 2024 00:15:56.802 # Redis 255.255.255 crashed by signal: 6, si_code: -6
1642305:M 04 Jan 2024 00:15:56.802 # Crashed running the instruction at: 0x7fa7c903bd3c

------ STACK TRACE ------
EIP:
/lib/x86_64-linux-gnu/libc.so.6(+0x8ad3c)[0x7fa7c903bd3c]

Backtrace:
/lib/x86_64-linux-gnu/libc.so.6(+0x3bfd0)[0x7fa7c8fecfd0]
/lib/x86_64-linux-gnu/libc.so.6(+0x8ad3c)[0x7fa7c903bd3c]
/lib/x86_64-linux-gnu/libc.so.6(gsignal+0x12)[0x7fa7c8fecf32]
/lib/x86_64-linux-gnu/libc.so.6(abort+0xd3)[0x7fa7c8fd7472]
/lib/x86_64-linux-gnu/libc.so.6(+0x26395)[0x7fa7c8fd7395]
/lib/x86_64-linux-gnu/libc.so.6(+0x34e32)[0x7fa7c8fe5e32]
/home/snagendra/Fuzzing/redisraft-fuzzing/redisraft.so(+0x3caea)[0x7fa7c8f60aea]
/home/snagendra/Fuzzing/redisraft-fuzzing/redisraft.so(callRaftPeriodic+0x478)[0x7fa7c8f51088]
/home/snagendra/Fuzzing/redis/src/redis-server 0.0.0.0:5003(moduleTimerHandler+0x21c)[0x55f5bb65498c]
/home/snagendra/Fuzzing/redis/src/redis-server 0.0.0.0:5003(+0x81705)[0x55f5bb55e705]
/home/snagendra/Fuzzing/redis/src/redis-server 0.0.0.0:5003(aeMain+0x1c8)[0x55f5bb568cb8]
/home/snagendra/Fuzzing/redis/src/redis-server 0.0.0.0:5003(main+0x3cd)[0x55f5bb55de2d]
/lib/x86_64-linux-gnu/libc.so.6(+0x271ca)[0x7fa7c8fd81ca]
/lib/x86_64-linux-gnu/libc.so.6(__libc_start_main+0x85)[0x7fa7c8fd8285]
/home/snagendra/Fuzzing/redis/src/redis-server 0.0.0.0:5003(_start+0x2a)[0x55f5bb55e5aa]

------ REGISTERS ------
1642305:M 04 Jan 2024 00:15:56.802 # 
RAX:0000000000000000 RBX:0000000000190f41
RCX:00007fa7c903bd3c RDX:0000000000000006
RDI:0000000000190f41 RSI:0000000000190f41
RBP:00007fa7c8fad1c0 RSP:00007ffdc08b62b0
R8 :0000000000000007 R9 :000055f5bc29d820
R10:0000000000000008 R11:0000000000000246
R12:0000000000000006 R13:00000000000006a6
R14:00007fa7c8f8d05c R15:000055f5bb6532b0
RIP:00007fa7c903bd3c EFL:0000000000000246
CSGSFS:002b000000000033
1642305:M 04 Jan 2024 00:15:56.802 # (00007ffdc08b62bf) -> 000055f5bc29d8d0
1642305:M 04 Jan 2024 00:15:56.802 # (00007ffdc08b62be) -> 00007fa7c9183c60
1642305:M 04 Jan 2024 00:15:56.802 # (00007ffdc08b62bd) -> 00000000000002b1
1642305:M 04 Jan 2024 00:15:56.802 # (00007ffdc08b62bc) -> 000055f5bc29d820
1642305:M 04 Jan 2024 00:15:56.802 # (00007ffdc08b62bb) -> 00000000000006a6
1642305:M 04 Jan 2024 00:15:56.802 # (00007ffdc08b62ba) -> 0000000000000020
1642305:M 04 Jan 2024 00:15:56.802 # (00007ffdc08b62b9) -> 00007fa7c8fd7472
1642305:M 04 Jan 2024 00:15:56.802 # (00007ffdc08b62b8) -> 00007fa7c9184e70
1642305:M 04 Jan 2024 00:15:56.802 # (00007ffdc08b62b7) -> 00007fa7c8fecf32
1642305:M 04 Jan 2024 00:15:56.802 # (00007ffdc08b62b6) -> 00007fa7c8f8d05c
1642305:M 04 Jan 2024 00:15:56.802 # (00007ffdc08b62b5) -> 00000000000006a6
1642305:M 04 Jan 2024 00:15:56.802 # (00007ffdc08b62b4) -> 00007fa7c8f8c720
1642305:M 04 Jan 2024 00:15:56.802 # (00007ffdc08b62b3) -> 00007fa7c8fad1c0
1642305:M 04 Jan 2024 00:15:56.802 # (00007ffdc08b62b2) -> 0000000000000006
1642305:M 04 Jan 2024 00:15:56.802 # (00007ffdc08b62b1) -> 994acd0a1a43a200
1642305:M 04 Jan 2024 00:15:56.802 # (00007ffdc08b62b0) -> 000055f5bb6532b0

------ INFO OUTPUT ------
# Server
redis_version:255.255.255
redis_git_sha1:e04ebdb8
redis_git_dirty:1
redis_build_id:1f78dcc7b4fbdd25
redis_mode:standalone
os:Linux 6.1.60.1.amd64-smp x86_64
arch_bits:64
monotonic_clock:POSIX clock_gettime
multiplexing_api:epoll
atomicvar_api:c11-builtin
gcc_version:10.2.1
process_id:1642305
process_supervised:no
run_id:9becb0557e2c16602f9eb8da9b9b066783b07882
tcp_port:5003
server_time_usec:1704323756801305
uptime_in_seconds:0
uptime_in_days:0
hz:10
configured_hz:10
lru_clock:9824940
executable:/home/snagendra/Fuzzing/redis/src/redis-server
config_file:
io_threads_active:0
listener0:name=tcp,bind=0.0.0.0,port=5003

# Clients
connected_clients:2
cluster_connections:0
maxclients:10000
client_recent_max_input_buffer:0
client_recent_max_output_buffer:0
blocked_clients:0
tracking_clients:0
clients_in_timeout_table:0
total_blocking_keys:0
total_blocking_keys_on_nokey:0

# Memory
used_memory:1855176
used_memory_human:1.77M
used_memory_rss:17707008
used_memory_rss_human:16.89M
used_memory_peak:1855176
used_memory_peak_human:1.77M
used_memory_peak_perc:100.38%
used_memory_overhead:1746664
used_memory_startup:1746480
used_memory_dataset:108512
used_memory_dataset_perc:99.83%
allocator_allocated:2097448
allocator_active:2654208
allocator_resident:10821632
total_system_memory:270388695040
total_system_memory_human:251.82G
used_memory_lua:31744
used_memory_vm_eval:31744
used_memory_lua_human:31.00K
used_memory_scripts_eval:0
number_of_cached_scripts:0
number_of_functions:0
number_of_libraries:0
used_memory_vm_functions:32768
used_memory_vm_total:64512
used_memory_vm_total_human:63.00K
used_memory_functions:184
used_memory_scripts:184
used_memory_scripts_human:184B
maxmemory:0
maxmemory_human:0B
maxmemory_policy:noeviction
allocator_frag_ratio:1.27
allocator_frag_bytes:556760
allocator_rss_ratio:4.08
allocator_rss_bytes:8167424
rss_overhead_ratio:1.64
rss_overhead_bytes:6885376
mem_fragmentation_ratio:10.14
mem_fragmentation_bytes:15960384
mem_not_counted_for_evict:0
mem_replication_backlog:0
mem_total_replication_buffers:0
mem_clients_slaves:0
mem_clients_normal:0
mem_cluster_links:0
mem_aof_buffer:0
mem_allocator:jemalloc-5.3.0
active_defrag_running:0
lazyfree_pending_objects:0
lazyfreed_objects:0

# Persistence
loading:0
async_loading:0
current_cow_peak:0
current_cow_size:0
current_cow_size_age:0
current_fork_perc:0.00
current_save_keys_processed:0
current_save_keys_total:0
rdb_changes_since_last_save:0
rdb_bgsave_in_progress:0
rdb_last_save_time:1704323756
rdb_last_bgsave_status:ok
rdb_last_bgsave_time_sec:-1
rdb_current_bgsave_time_sec:-1
rdb_saves:0
rdb_last_cow_size:0
rdb_last_load_keys_expired:0
rdb_last_load_keys_loaded:0
aof_enabled:0
aof_rewrite_in_progress:0
aof_rewrite_scheduled:0
aof_last_rewrite_time_sec:-1
aof_current_rewrite_time_sec:-1
aof_last_bgrewrite_status:ok
aof_rewrites:0
aof_rewrites_consecutive_failures:0
aof_last_write_status:ok
aof_last_cow_size:0
module_fork_in_progress:0
module_fork_last_cow_size:0

# Stats
total_connections_received:2
total_commands_processed:8
instantaneous_ops_per_sec:23
total_net_input_bytes:66
total_net_output_bytes:10
total_net_repl_input_bytes:0
total_net_repl_output_bytes:0
instantaneous_input_kbps:0.00
instantaneous_output_kbps:0.00
instantaneous_input_repl_kbps:0.00
instantaneous_output_repl_kbps:0.00
rejected_connections:0
sync_full:0
sync_partial_ok:0
sync_partial_err:0
expired_keys:0
expired_stale_perc:0.00
expired_time_cap_reached_count:0
expire_cycle_cpu_milliseconds:0
evicted_keys:0
evicted_clients:0
total_eviction_exceeded_time:0
current_eviction_exceeded_time:0
keyspace_hits:0
keyspace_misses:0
pubsub_channels:0
pubsub_patterns:0
pubsubshard_channels:0
latest_fork_usec:0
total_forks:0
migrate_cached_sockets:0
slave_expires_tracked_keys:0
active_defrag_hits:0
active_defrag_misses:0
active_defrag_key_hits:0
active_defrag_key_misses:0
total_active_defrag_time:0
current_active_defrag_time:0
tracking_total_keys:0
tracking_total_items:0
tracking_total_prefixes:0
unexpected_error_replies:0
total_error_replies:0
dump_payload_sanitizations:0
total_reads_processed:2
total_writes_processed:2
io_threaded_reads_processed:0
io_threaded_writes_processed:0
reply_buffer_shrinks:0
reply_buffer_expands:0
acl_access_denied_auth:0
acl_access_denied_cmd:0
acl_access_denied_key:0
acl_access_denied_channel:0

# Replication
role:master
connected_slaves:0
master_failover_state:no-failover
master_replid:c722d2cd85ecae5eb81c15a271afc982c7ad2832
master_replid2:0000000000000000000000000000000000000000
master_repl_offset:0
second_repl_offset:-1
repl_backlog_active:0
repl_backlog_size:1048576
repl_backlog_first_byte_offset:0
repl_backlog_histlen:0

# CPU
used_cpu_sys:0.007635
used_cpu_user:0.009644
used_cpu_sys_children:0.000000
used_cpu_user_children:0.000000
used_cpu_sys_main_thread:0.006766
used_cpu_user_main_thread:0.010149

# Modules
module:name=raft,ver=1,api=1,filters=1,usedby=[],using=[],options=[]

# Commandstats
cmdstat_config|set:calls=1,usec=6,usec_per_call=6.00,rejected_calls=0,failed_calls=0
cmdstat_config|get:calls=3,usec=3,usec_per_call=1.00,rejected_calls=0,failed_calls=0
cmdstat_auth:calls=2,usec=3,usec_per_call=1.50,rejected_calls=0,failed_calls=0
cmdstat_command:calls=2,usec=1450,usec_per_call=725.00,rejected_calls=0,failed_calls=0

# Errorstats

# Latencystats
latency_percentiles_usec_config|set:p50=6.015,p99=6.015,p99.9=6.015
latency_percentiles_usec_config|get:p50=1.003,p99=2.007,p99.9=2.007
latency_percentiles_usec_auth:p50=1.003,p99=2.007,p99.9=2.007
latency_percentiles_usec_command:p50=700.415,p99=753.663,p99.9=753.663

# Cluster
cluster_enabled:0

# Keyspace

------ CLIENT LIST OUTPUT ------
id=8 addr=127.0.0.1:52170 laddr=127.0.0.1:5003 fd=11 name= age=0 idle=0 flags=N db=0 sub=0 psub=0 ssub=0 multi=-1 qbuf=0 qbuf-free=20474 argv-mem=0 multi-mem=0 rbs=16384 rbp=16384 obl=0 oll=0 omem=0 tot-mem=37760 events=r cmd=auth user=default redir=-1 resp=2 lib-name= lib-ver=
id=9 addr=127.0.0.1:52172 laddr=127.0.0.1:5003 fd=12 name= age=0 idle=0 flags=N db=0 sub=0 psub=0 ssub=0 multi=-1 qbuf=0 qbuf-free=20474 argv-mem=0 multi-mem=0 rbs=16384 rbp=16384 obl=0 oll=0 omem=0 tot-mem=37760 events=r cmd=auth user=default redir=-1 resp=2 lib-name= lib-ver=

------ MODULES INFO OUTPUT ------
# raft_version
raft_version:255.255.255
raft_git_sha1:b779b199

# raft_general
raft_dbid:59ed243864100efc09da46c43249f9c6
raft_node_id:3
raft_state:up
raft_role:follower
raft_is_voting:no
raft_voted_for:-1
raft_leader_id:-1
raft_current_term:0
raft_num_nodes:1
raft_num_voting_nodes:0

# raft_log
raft_log_entries:0
raft_current_index:0
raft_commit_index:0
raft_last_applied_index:0
raft_file_size:101
raft_cache_memory_size:0
raft_cache_entries:0
raft_client_attached_entries:0
raft_fsync_count:0
raft_fsync_max_microseconds:0
raft_fsync_avg_microseconds:0

# raft_snapshot
raft_snapshot_filename:redis3.rdb
raft_snapshot_last_idx:0
raft_snapshot_last_term:0
raft_snapshot_size:0
raft_snapshot_time_secs:-1
raft_snapshots_created:0
raft_snapshots_received:0
raft_snapshot_in_progress:no
raft_snapshot_in_progress_last_idx:-1
raft_snapshot_in_progress_last_term:-1

# raft_clients
raft_proxy_reqs:0
raft_proxy_failed_reqs:0
raft_proxy_failed_responses:0
raft_proxy_outstanding_reqs:0

# raft_stats
raft_appendreq_received:0
raft_appendreq_with_entry_received:0
raft_snapshotreq_received:0
raft_exec_throttled:0
raft_num_sessions:0

------ CONFIG DEBUG OUTPUT ------
io-threads-do-reads no
lazyfree-lazy-expire no
lazyfree-lazy-user-del no
list-compress-depth 0
slave-read-only yes
lazyfree-lazy-eviction no
lazyfree-lazy-user-flush no
sanitize-dump-payload no
io-threads 1
proto-max-bulk-len 512mb
activedefrag no
repl-diskless-sync yes
lazyfree-lazy-server-del no
client-query-buffer-limit 1gb
replica-read-only yes
repl-diskless-load disabled

------ FAST MEMORY TEST ------
1642305:M 04 Jan 2024 00:15:56.803 # Bio worker thread #0 terminated
1642305:M 04 Jan 2024 00:15:56.803 # Bio worker thread #1 terminated
1642305:M 04 Jan 2024 00:15:56.803 # Bio worker thread #2 terminated
*** Preparing to test memory region 55f5bb834000 (2273280 bytes)
*** Preparing to test memory region 55f5bc248000 (405504 bytes)
*** Preparing to test memory region 7fa7bbfff000 (8388608 bytes)
*** Preparing to test memory region 7fa7bc800000 (8388608 bytes)
*** Preparing to test memory region 7fa7bd000000 (6291456 bytes)
*** Preparing to test memory region 7fa7bd7fc000 (8388608 bytes)
*** Preparing to test memory region 7fa7bdffd000 (8388608 bytes)
*** Preparing to test memory region 7fa7be7fe000 (8388608 bytes)
*** Preparing to test memory region 7fa7befff000 (8388608 bytes)
*** Preparing to test memory region 7fa7bf800000 (8388608 bytes)
*** Preparing to test memory region 7fa7c0000000 (135168 bytes)
*** Preparing to test memory region 7fa7c451d000 (8388608 bytes)
*** Preparing to test memory region 7fa7c4d1e000 (8388608 bytes)
*** Preparing to test memory region 7fa7c551f000 (8388608 bytes)
*** Preparing to test memory region 7fa7c5d20000 (8388608 bytes)
*** Preparing to test memory region 7fa7c6521000 (8388608 bytes)
*** Preparing to test memory region 7fa7c6d21000 (2621440 bytes)
*** Preparing to test memory region 7fa7c6fb0000 (8192 bytes)
*** Preparing to test memory region 7fa7c767f000 (12288 bytes)
*** Preparing to test memory region 7fa7c7c18000 (16384 bytes)
*** Preparing to test memory region 7fa7c7ccd000 (8192 bytes)
*** Preparing to test memory region 7fa7c8600000 (8388608 bytes)
*** Preparing to test memory region 7fa7c8e51000 (4096 bytes)
*** Preparing to test memory region 7fa7c8f21000 (12288 bytes)
*** Preparing to test memory region 7fa7c8fa6000 (45056 bytes)
*** Preparing to test memory region 7fa7c9185000 (53248 bytes)
*** Preparing to test memory region 7fa7c92a2000 (8192 bytes)
.O.O.O.O.1642305:signal-handler (1704323756) Received SIGINT scheduling shutdown...
1642305:signal-handler (1704323756) You insist... exiting now.

----- Stderr -----
libgcov profiling error:/home/snagendra/Fuzzing/redisraft-fuzzing/build/deps/raft/CMakeFiles/raft.dir/src/raft_server_properties.c.gcda:Merge mismatch for function 5
libgcov profiling error:/home/snagendra/Fuzzing/redisraft-fuzzing/build/deps/raft/CMakeFiles/raft.dir/src/raft_server.c.gcda:Merge mismatch for function 34
redis-server: /home/snagendra/Fuzzing/redisraft-fuzzing/deps/raft/src/raft_server.c:1702: raft_get_first_entry_idx: Assertion `0 < raft_get_current_idx(me)' failed.
libgcov profiling error:/home/snagendra/Fuzzing/redisraft-fuzzing/build/deps/raft/CMakeFiles/raft.dir/src/raft_server_properties.c.gcda:Merge mismatch for function 5
libgcov profiling error:/home/snagendra/Fuzzing/redisraft-fuzzing/build/deps/raft/CMakeFiles/raft.dir/src/raft_server.c.gcda:Merge mismatch for function 34
libgcov profiling error:/home/snagendra/Fuzzing/redisraft-fuzzing/build/deps/raft/CMakeFiles/raft.dir/src/raft_server_properties.c.gcda:Merge mismatch for function 5
libgcov profiling error:/home/snagendra/Fuzzing/redisraft-fuzzing/build/deps/raft/CMakeFiles/raft.dir/src/raft_server.c.gcda:Merge mismatch for function 34
redis-server: /home/snagendra/Fuzzing/redisraft-fuzzing/deps/raft/src/raft_server.c:1702: raft_get_first_entry_idx: Assertion `0 < raft_get_current_idx(me)' failed.
libgcov profiling error:/home/snagendra/Fuzzing/redisraft-fuzzing/build/deps/raft/CMakeFiles/raft.dir/src/raft_server_properties.c.gcda:Merge mismatch for function 5
libgcov profiling error:/home/snagendra/Fuzzing/redisraft-fuzzing/build/deps/raft/CMakeFiles/raft.dir/src/raft_server.c.gcda:Merge mismatch for function 34



