logs for node: 2

----- Stdout -----
3407372:C 05 Jan 2024 02:53:13.215 # WARNING Memory overcommit must be enabled! Without it, a background save or replication may fail under low memory condition. Being disabled, it can also cause failures without low memory condition, see https://github.com/jemalloc/jemalloc/issues/1328. To fix this issue add 'vm.overcommit_memory = 1' to /etc/sysctl.conf and then reboot or run the command 'sysctl vm.overcommit_memory=1' for this to take effect.
3407372:C 05 Jan 2024 02:53:13.215 * oO0OoO0OoO0Oo Redis is starting oO0OoO0OoO0Oo
3407372:C 05 Jan 2024 02:53:13.215 * Redis version=255.255.255, bits=64, commit=e04ebdb8, modified=1, pid=3407372, just started
3407372:C 05 Jan 2024 02:53:13.215 * Configuration loaded
3407372:M 05 Jan 2024 02:53:13.215 * monotonic clock: POSIX clock_gettime
3407372:M 05 Jan 2024 02:53:13.216 * Running mode=standalone, port=5012.
3407372:M 05 Jan 2024 02:53:13.223 * <raft> RedisRaft version 255.255.255 [b779b199]
3407372:M 05 Jan 2024 02:53:13.228 * <raft> Initializing test network
3407372:M 05 Jan 2024 02:53:13.229 * <raft> Created test network client
3407372:M 05 Jan 2024 02:53:13.229 * <raft> Raft module loaded, state is 'uninitialized'
3407372:M 05 Jan 2024 02:53:13.229 * Module 'raft' loaded from /home/snagendra/Fuzzing/redisraft-fuzzing/redisraft.so
3407372:M 05 Jan 2024 02:53:13.230 * Server initialized
3407372:M 05 Jan 2024 02:53:13.231 . The AOF directory appendonlydir doesn't exist
3407372:M 05 Jan 2024 02:53:13.231 * Ready to accept connections tcp
3407372:M 05 Jan 2024 02:53:13.231 . 0 clients connected (0 replicas), 1726128 bytes in use
3407372:M 05 Jan 2024 02:53:13.234 - Accepted 127.0.0.1:52612
3407372:M 05 Jan 2024 02:53:13.234 # Missing implement of connection type tls
3407372:M 05 Jan 2024 02:53:13.330 - <raft> join cluster, connecting to localhost:5011
3407372:M 05 Jan 2024 02:53:13.332 * <raft> Joined Raft cluster, node id: 2, dbid: c4559fc95754c96b115894326cd8a12e
3407372:M 05 Jan 2024 02:53:13.339 * <raft> Cluster Membership: term:0 index:0 nodes: id=2,voting=0,active=1,addr=-
3407372:M 05 Jan 2024 02:53:13.339 * <raft> Test network starting message polling thread
3407372:M 05 Jan 2024 02:53:13.366 - Accepted 127.0.0.1:52622
3407372:M 05 Jan 2024 02:53:13.533 * <raft> Cluster Membership: term:1 index:2 nodes: id=2,voting=0,active=1,addr=- id=1,voting=1,active=1,addr=localhost:5011
3407372:signal-handler (1704419593) Received SIGINT scheduling shutdown...
3407372:signal-handler (1704419593) You insist... exiting now.
3408447:C 05 Jan 2024 02:53:15.708 # WARNING Memory overcommit must be enabled! Without it, a background save or replication may fail under low memory condition. Being disabled, it can also cause failures without low memory condition, see https://github.com/jemalloc/jemalloc/issues/1328. To fix this issue add 'vm.overcommit_memory = 1' to /etc/sysctl.conf and then reboot or run the command 'sysctl vm.overcommit_memory=1' for this to take effect.
3408447:C 05 Jan 2024 02:53:15.708 * oO0OoO0OoO0Oo Redis is starting oO0OoO0OoO0Oo
3408447:C 05 Jan 2024 02:53:15.708 * Redis version=255.255.255, bits=64, commit=e04ebdb8, modified=1, pid=3408447, just started
3408447:C 05 Jan 2024 02:53:15.708 * Configuration loaded
3408447:M 05 Jan 2024 02:53:15.708 * monotonic clock: POSIX clock_gettime
3408447:M 05 Jan 2024 02:53:15.709 * Running mode=standalone, port=5012.
3408447:M 05 Jan 2024 02:53:15.716 * <raft> RedisRaft version 255.255.255 [b779b199]
3408447:M 05 Jan 2024 02:53:15.720 * <raft> Initializing test network
3408447:M 05 Jan 2024 02:53:15.720 * <raft> Created test network client
3408447:M 05 Jan 2024 02:53:15.723 * <raft> Raft module loaded, state is 'loading'
3408447:M 05 Jan 2024 02:53:15.723 * Module 'raft' loaded from /home/snagendra/Fuzzing/redisraft-fuzzing/redisraft.so
3408447:M 05 Jan 2024 02:53:15.724 * Server initialized
3408447:M 05 Jan 2024 02:53:15.724 . The AOF directory appendonlydir doesn't exist
3408447:M 05 Jan 2024 02:53:15.724 * Ready to accept connections tcp
3408447:M 05 Jan 2024 02:53:15.724 . 0 clients connected (0 replicas), 1746720 bytes in use
3408447:M 05 Jan 2024 02:53:15.824 * <raft> Loading: Redis loading complete, snapshot NOT LOADED
3408447:M 05 Jan 2024 02:53:15.825 * <raft> Cluster Membership: term:0 index:0 nodes: id=2,voting=0,active=1,addr=-
3408447:M 05 Jan 2024 02:53:15.825 * <raft> Test network starting message polling thread
3408447:M 05 Jan 2024 02:53:15.825 * <raft> Cluster Membership: term:0 index:3 nodes: id=2,voting=0,active=1,addr=- id=1,voting=1,active=1,addr=localhost:5011
3408447:M 05 Jan 2024 02:53:15.825 * <raft> Raft state after loading log: log_count=3, first_idx=1, current_idx=3, last_applied_idx=0
3408447:M 05 Jan 2024 02:53:15.825 . <raft> Raft term=1, vote=-1
3408447:M 05 Jan 2024 02:53:16.050 - Accepted 127.0.0.1:52660
3408447:M 05 Jan 2024 02:53:16.050 # Missing implement of connection type tls
3408447:signal-handler (1704419596) Received SIGINT scheduling shutdown...
3408447:signal-handler (1704419596) You insist... exiting now.
3408701:C 05 Jan 2024 02:53:16.367 # WARNING Memory overcommit must be enabled! Without it, a background save or replication may fail under low memory condition. Being disabled, it can also cause failures without low memory condition, see https://github.com/jemalloc/jemalloc/issues/1328. To fix this issue add 'vm.overcommit_memory = 1' to /etc/sysctl.conf and then reboot or run the command 'sysctl vm.overcommit_memory=1' for this to take effect.
3408701:C 05 Jan 2024 02:53:16.367 * oO0OoO0OoO0Oo Redis is starting oO0OoO0OoO0Oo
3408701:C 05 Jan 2024 02:53:16.367 * Redis version=255.255.255, bits=64, commit=e04ebdb8, modified=1, pid=3408701, just started
3408701:C 05 Jan 2024 02:53:16.367 * Configuration loaded
3408701:M 05 Jan 2024 02:53:16.367 * monotonic clock: POSIX clock_gettime
3408701:M 05 Jan 2024 02:53:16.368 * Running mode=standalone, port=5012.
3408701:M 05 Jan 2024 02:53:16.375 * <raft> RedisRaft version 255.255.255 [b779b199]
3408701:M 05 Jan 2024 02:53:16.379 * <raft> Initializing test network
3408701:M 05 Jan 2024 02:53:16.380 * <raft> Created test network client
3408701:M 05 Jan 2024 02:53:16.383 * <raft> Raft module loaded, state is 'loading'
3408701:M 05 Jan 2024 02:53:16.383 * Module 'raft' loaded from /home/snagendra/Fuzzing/redisraft-fuzzing/redisraft.so
3408701:M 05 Jan 2024 02:53:16.384 * Server initialized
3408701:M 05 Jan 2024 02:53:16.384 . The AOF directory appendonlydir doesn't exist
3408701:M 05 Jan 2024 02:53:16.384 * Ready to accept connections tcp
3408701:M 05 Jan 2024 02:53:16.384 . 0 clients connected (0 replicas), 1746720 bytes in use
3408701:M 05 Jan 2024 02:53:16.451 - Accepted 127.0.0.1:52690
3408701:M 05 Jan 2024 02:53:16.451 # Missing implement of connection type tls
3408701:M 05 Jan 2024 02:53:16.483 * <raft> Loading: Redis loading complete, snapshot NOT LOADED
3408701:M 05 Jan 2024 02:53:16.484 * <raft> Cluster Membership: term:0 index:0 nodes: id=2,voting=0,active=1,addr=-
3408701:M 05 Jan 2024 02:53:16.484 * <raft> Test network starting message polling thread
3408701:M 05 Jan 2024 02:53:16.485 * <raft> Cluster Membership: term:0 index:3 nodes: id=2,voting=0,active=1,addr=- id=1,voting=1,active=1,addr=localhost:5011
3408701:M 05 Jan 2024 02:53:16.485 * <raft> Raft state after loading log: log_count=3, first_idx=1, current_idx=3, last_applied_idx=0
3408701:M 05 Jan 2024 02:53:16.485 . <raft> Raft term=1, vote=-1
3408701:signal-handler (1704419596) Received SIGINT scheduling shutdown...
3408701:signal-handler (1704419596) You insist... exiting now.


=== REDIS BUG REPORT START: Cut & paste starting from here ===
3408701:M 05 Jan 2024 02:53:16.491 # Redis 255.255.255 crashed by signal: 11, si_code: 1
3408701:M 05 Jan 2024 02:53:16.491 # Accessing address: 0x18
3408701:M 05 Jan 2024 02:53:16.491 # Crashed running the instruction at: 0x7f9c70d320b0

------ STACK TRACE ------
EIP:
/lib/x86_64-linux-gnu/libc.so.6(__pthread_rwlock_wrlock+0x0)[0x7f9c70d320b0]

Backtrace:
/lib/x86_64-linux-gnu/libc.so.6(+0x3bfd0)[0x7f9c70cdefd0]
/lib/x86_64-linux-gnu/libc.so.6(__pthread_rwlock_wrlock+0x0)[0x7f9c70d320b0]
/lib/x86_64-linux-gnu/libcrypto.so.3(CRYPTO_THREAD_write_lock+0x9)[0x7f9c6f03df49]
/lib/x86_64-linux-gnu/libcrypto.so.3(ENGINE_get_first+0x3a)[0x7f9c6efe408a]
/lib/x86_64-linux-gnu/libcrypto.so.3(ENGINE_register_all_complete+0x6)[0x7f9c6efe3486]
/lib/x86_64-linux-gnu/libssh2.so.1(libssh2_init+0x39)[0x7f9c6fa9c389]
/lib/x86_64-linux-gnu/libcurl-gnutls.so.4(+0x8146b)[0x7f9c6fbaf46b]
/lib/x86_64-linux-gnu/libcurl-gnutls.so.4(+0x22125)[0x7f9c6fb50125]
/lib/x86_64-linux-gnu/libcurl-gnutls.so.4(curl_global_init+0x3a)[0x7f9c6fb5022a]
/home/snagendra/Fuzzing/redisraft-fuzzing/redisraft.so(redis_test_http_do+0x2c)[0x7f9c70c6286c]
/home/snagendra/Fuzzing/redisraft-fuzzing/redisraft.so(redis_test_http_post+0x26)[0x7f9c70c62a86]
/home/snagendra/Fuzzing/redisraft-fuzzing/redisraft.so(redis_test_send_message+0x9d)[0x7f9c70c61efd]
/home/snagendra/Fuzzing/redisraft-fuzzing/redisraft.so(testNetworkSendAppendEntriesResponse+0x6a)[0x7f9c70c4b22a]
/home/snagendra/Fuzzing/redisraft-fuzzing/redisraft.so(handleTestNetworkMessage+0x130)[0x7f9c70c4b4a0]
/home/snagendra/Fuzzing/redisraft-fuzzing/redisraft.so(poll_redis_test_messages+0x89)[0x7f9c70c4b5c9]
/lib/x86_64-linux-gnu/libc.so.6(+0x89044)[0x7f9c70d2c044]
/lib/x86_64-linux-gnu/libc.so.6(+0x10961c)[0x7f9c70dac61c]

------ REGISTERS ------
3408701:M 05 Jan 2024 02:53:16.491 # 
RAX:0000000000000001 RBX:00007f9c4c002180
RCX:0000000000000000 RDX:0000000000000000
RDI:0000000000000000 RSI:0000000000000000
RBP:00007f9c6f27e638 RSP:00007f9c63ffc228
R8 :0000000000000000 R9 :0000000000000000
R10:0000000000000000 R11:0000000000000000
R12:00007f9c63ffc320 R13:00007f9c4c001780
R14:0000000000000000 R15:00007f9c6ead8800
RIP:00007f9c70d320b0 EFL:0000000000010206
CSGSFS:002b000000000033
3408701:M 05 Jan 2024 02:53:16.492 # (00007f9c63ffc237) -> 00007f9c4c002180
3408701:M 05 Jan 2024 02:53:16.492 # (00007f9c63ffc236) -> 00007f9c6fb50125
3408701:M 05 Jan 2024 02:53:16.492 # (00007f9c63ffc235) -> 00007f9c6ead8800
3408701:M 05 Jan 2024 02:53:16.492 # (00007f9c63ffc234) -> 00007f9c6fbaf46b
3408701:M 05 Jan 2024 02:53:16.492 # (00007f9c63ffc233) -> 00007f9c4c001780
3408701:M 05 Jan 2024 02:53:16.492 # (00007f9c63ffc232) -> 0000000063ffc320
3408701:M 05 Jan 2024 02:53:16.492 # (00007f9c63ffc231) -> 00007f9c4c002a40
3408701:M 05 Jan 2024 02:53:16.492 # (00007f9c63ffc230) -> 00007f9c6fa9c389
3408701:M 05 Jan 2024 02:53:16.492 # (00007f9c63ffc22f) -> 00007f9c4c002180
3408701:M 05 Jan 2024 02:53:16.492 # (00007f9c63ffc22e) -> 00007f9c6efe3486
3408701:M 05 Jan 2024 02:53:16.492 # (00007f9c63ffc22d) -> 00007f9c4c002a40
3408701:M 05 Jan 2024 02:53:16.492 # (00007f9c63ffc22c) -> 00007f9c4c002180
3408701:M 05 Jan 2024 02:53:16.492 # (00007f9c63ffc22b) -> 00007f9c63ffc320
3408701:M 05 Jan 2024 02:53:16.492 # (00007f9c63ffc22a) -> 00007f9c6efe408a
3408701:M 05 Jan 2024 02:53:16.492 # (00007f9c63ffc229) -> 00007f9c4c002180
3408701:M 05 Jan 2024 02:53:16.492 # (00007f9c63ffc228) -> 00007f9c6f03df49

------ INFO OUTPUT ------
# Server
redis_version:255.255.255
redis_git_sha1:e04ebdb8
redis_git_dirty:1
redis_build_id:1f78dcc7b4fbdd25
redis_mode:standalone
os:Linux 6.1.60.1.amd64-smp x86_64
arch_bits:64
monotonic_clock:POSIX clock_gettime
multiplexing_api:epoll
atomicvar_api:c11-builtin
gcc_version:10.2.1
process_id:3408701
process_supervised:no
run_id:00095c08b77e06121eb6b108e8015f0d06cdabde
tcp_port:5012
server_time_usec:1704419596486340
uptime_in_seconds:0
uptime_in_days:0
hz:10
configured_hz:10
lru_clock:9920780
executable:/home/snagendra/Fuzzing/redis/src/redis-server
config_file:
io_threads_active:0
listener0:name=tcp,bind=0.0.0.0,port=5012

# Clients
connected_clients:1
cluster_connections:0
maxclients:10000
client_recent_max_input_buffer:20480
client_recent_max_output_buffer:0
blocked_clients:0
tracking_clients:0
clients_in_timeout_table:0
total_blocking_keys:0
total_blocking_keys_on_nokey:0

# Memory
used_memory:1818008
used_memory_human:1.73M
used_memory_rss:18153472
used_memory_rss_human:17.31M
used_memory_peak:1818008
used_memory_peak_human:1.73M
used_memory_peak_perc:100.10%
used_memory_overhead:1784520
used_memory_startup:1746576
used_memory_dataset:33488
used_memory_dataset_perc:46.88%
allocator_allocated:2279776
allocator_active:2871296
allocator_resident:10985472
total_system_memory:270388695040
total_system_memory_human:251.82G
used_memory_lua:31744
used_memory_vm_eval:31744
used_memory_lua_human:31.00K
used_memory_scripts_eval:0
number_of_cached_scripts:0
number_of_functions:0
number_of_libraries:0
used_memory_vm_functions:32768
used_memory_vm_total:64512
used_memory_vm_total_human:63.00K
used_memory_functions:184
used_memory_scripts:184
used_memory_scripts_human:184B
maxmemory:0
maxmemory_human:0B
maxmemory_policy:noeviction
allocator_frag_ratio:1.26
allocator_frag_bytes:591520
allocator_rss_ratio:3.83
allocator_rss_bytes:8114176
rss_overhead_ratio:1.65
rss_overhead_bytes:7168000
mem_fragmentation_ratio:10.00
mem_fragmentation_bytes:16337408
mem_not_counted_for_evict:0
mem_replication_backlog:0
mem_total_replication_buffers:0
mem_clients_slaves:0
mem_clients_normal:37760
mem_cluster_links:0
mem_aof_buffer:0
mem_allocator:jemalloc-5.3.0
active_defrag_running:0
lazyfree_pending_objects:0
lazyfreed_objects:0

# Persistence
loading:0
async_loading:0
current_cow_peak:0
current_cow_size:0
current_cow_size_age:0
current_fork_perc:0.00
current_save_keys_processed:0
current_save_keys_total:0
rdb_changes_since_last_save:0
rdb_bgsave_in_progress:0
rdb_last_save_time:1704419596
rdb_last_bgsave_status:ok
rdb_last_bgsave_time_sec:-1
rdb_current_bgsave_time_sec:-1
rdb_saves:0
rdb_last_cow_size:0
rdb_last_load_keys_expired:0
rdb_last_load_keys_loaded:0
aof_enabled:0
aof_rewrite_in_progress:0
aof_rewrite_scheduled:0
aof_last_rewrite_time_sec:-1
aof_current_rewrite_time_sec:-1
aof_last_bgrewrite_status:ok
aof_rewrites:0
aof_rewrites_consecutive_failures:0
aof_last_write_status:ok
aof_last_cow_size:0
module_fork_in_progress:0
module_fork_last_cow_size:0

# Stats
total_connections_received:1
total_commands_processed:7
instantaneous_ops_per_sec:24
total_net_input_bytes:33
total_net_output_bytes:5
total_net_repl_input_bytes:0
total_net_repl_output_bytes:0
instantaneous_input_kbps:0.02
instantaneous_output_kbps:0.00
instantaneous_input_repl_kbps:0.00
instantaneous_output_repl_kbps:0.00
rejected_connections:0
sync_full:0
sync_partial_ok:0
sync_partial_err:0
expired_keys:0
expired_stale_perc:0.00
expired_time_cap_reached_count:0
expire_cycle_cpu_milliseconds:0
evicted_keys:0
evicted_clients:0
total_eviction_exceeded_time:0
current_eviction_exceeded_time:0
keyspace_hits:0
keyspace_misses:0
pubsub_channels:0
pubsub_patterns:0
pubsubshard_channels:0
latest_fork_usec:0
total_forks:0
migrate_cached_sockets:0
slave_expires_tracked_keys:0
active_defrag_hits:0
active_defrag_misses:0
active_defrag_key_hits:0
active_defrag_key_misses:0
total_active_defrag_time:0
current_active_defrag_time:0
tracking_total_keys:0
tracking_total_items:0
tracking_total_prefixes:0
unexpected_error_replies:0
total_error_replies:0
dump_payload_sanitizations:0
total_reads_processed:1
total_writes_processed:1
io_threaded_reads_processed:0
io_threaded_writes_processed:0
reply_buffer_shrinks:0
reply_buffer_expands:0
acl_access_denied_auth:0
acl_access_denied_cmd:0
acl_access_denied_key:0
acl_access_denied_channel:0

# Replication
role:master
connected_slaves:0
master_failover_state:no-failover
master_replid:e2c59a8bc22c4567abbab7c37f21afa670197517
master_replid2:0000000000000000000000000000000000000000
master_repl_offset:0
second_repl_offset:-1
repl_backlog_active:0
repl_backlog_size:1048576
repl_backlog_first_byte_offset:0
repl_backlog_histlen:0

# CPU
used_cpu_sys:0.020803
used_cpu_user:0.000000
used_cpu_sys_children:0.000000
used_cpu_user_children:0.000000
used_cpu_sys_main_thread:0.000000
used_cpu_user_main_thread:0.001473

# Modules
module:name=raft,ver=1,api=1,filters=1,usedby=[],using=[],options=[]

# Commandstats
cmdstat_config|get:calls=3,usec=5,usec_per_call=1.67,rejected_calls=0,failed_calls=0
cmdstat_config|set:calls=1,usec=11,usec_per_call=11.00,rejected_calls=0,failed_calls=0
cmdstat_command:calls=2,usec=1463,usec_per_call=731.50,rejected_calls=0,failed_calls=0
cmdstat_auth:calls=1,usec=2,usec_per_call=2.00,rejected_calls=0,failed_calls=0

# Errorstats

# Latencystats
latency_percentiles_usec_config|get:p50=2.007,p99=2.007,p99.9=2.007
latency_percentiles_usec_config|set:p50=11.007,p99=11.007,p99.9=11.007
latency_percentiles_usec_command:p50=700.415,p99=765.951,p99.9=765.951
latency_percentiles_usec_auth:p50=2.007,p99=2.007,p99.9=2.007

# Cluster
cluster_enabled:0

# Keyspace

------ CLIENT LIST OUTPUT ------
id=8 addr=127.0.0.1:52690 laddr=127.0.0.1:5012 fd=11 name= age=0 idle=0 flags=N db=0 sub=0 psub=0 ssub=0 multi=-1 qbuf=0 qbuf-free=20474 argv-mem=0 multi-mem=0 rbs=16384 rbp=0 obl=0 oll=0 omem=0 tot-mem=37760 events=r cmd=auth user=default redir=-1 resp=2 lib-name= lib-ver=

------ MODULES INFO OUTPUT ------
# raft_version
raft_version:255.255.255
raft_git_sha1:b779b199

# raft_general
raft_dbid:c4559fc95754c96b115894326cd8a12e
raft_node_id:2
raft_state:up
raft_role:follower
raft_is_voting:no
raft_voted_for:-1
raft_leader_id:1
raft_current_term:2
raft_num_nodes:2
raft_num_voting_nodes:1
raft_node1:id=1,state=connected,voting=yes,addr=localhost,port=5011,last_conn_secs=0,conn_errors=0,conn_oks=1

# raft_log
raft_log_entries:3
raft_current_index:3
raft_commit_index:0
raft_last_applied_index:0
raft_file_size:844
raft_cache_memory_size:0
raft_cache_entries:0
raft_client_attached_entries:0
raft_fsync_count:0
raft_fsync_max_microseconds:0
raft_entry1:term=1,id=0,data_len=0
raft_entry2:term=1,id=969776463,data_len=264
raft_fsync_avg_microseconds:0

# raft_snapshot
raft_snapshot_filename:redis2.rdb
raft_snapshot_last_idx:0
raft_snapshot_last_term:0
raft_snapshot_size:0
raft_snapshot_time_secs:-1
raft_snapshots_created:0
raft_snapshots_received:0
raft_snapshot_in_progress:no
raft_snapshot_in_progress_last_idx:-1
raft_snapshot_in_progress_last_term:-1

# raft_clients
raft_proxy_reqs:0
raft_proxy_failed_reqs:0
raft_proxy_failed_responses:0
raft_proxy_outstanding_reqs:0

# raft_stats
raft_appendreq_received:0
raft_appendreq_with_entry_received:0
raft_snapshotreq_received:0
raft_exec_throttled:0
raft_num_sessions:0

------ CONFIG DEBUG OUTPUT ------
client-query-buffer-limit 1gb
proto-max-bulk-len 512mb
io-threads 1
io-threads-do-reads no
repl-diskless-sync yes
lazyfree-lazy-server-del no
replica-read-only yes
lazyfree-lazy-user-del no
list-compress-depth 0
repl-diskless-load disabled
sanitize-dump-payload no
activedefrag no
slave-read-only yes
lazyfree-lazy-expire no
lazyfree-lazy-eviction no
lazyfree-lazy-user-flush no

------ FAST MEMORY TEST ------
3408701:M 05 Jan 2024 02:53:16.492 # main thread terminated
3408701:M 05 Jan 2024 02:53:16.492 # Bio worker thread #0 terminated
3408701:M 05 Jan 2024 02:53:16.492 # Bio worker thread #1 terminated
3408701:M 05 Jan 2024 02:53:16.492 # Bio worker thread #2 terminated

Fast memory test PASSED, however your memory can still be broken. Please run a memory test for several hours if possible.

------ DUMPING CODE AROUND EIP ------
Symbol: __pthread_rwlock_wrlock (base: 0x7f9c70d320b0)
Module: /lib/x86_64-linux-gnu/libc.so.6 (base 0x7f9c70ca3000)
$ xxd -r -p /tmp/dump.hex /tmp/dump.bin
$ objdump --adjust-vma=0x7f9c70d320b0 -D -b binary -m i386:x86-64 /tmp/dump.bin
------
3408701:M 05 Jan 2024 02:53:16.493 # dump of function (hexdump of 128 bytes):
8b5718648b0425d002000039c20f8485000000415741564155415455534889fb4883ec088b0789c189c283c902f00fb10b75f3488d6b0cb801000000f6c202755f89430cf6c201752889d089d183e001c1e90309c80f854501000089d189d083c901f00fb10b89c275dfc7430801000000648b0425d00200008943184531c948

=== REDIS BUG REPORT END. Make sure to include from START to END. ===

       Please report the crash by opening an issue on github:

           http://github.com/redis/redis/issues

  If a Redis module was involved, please open in the module's repo instead.

  Suspect RAM error? Use redis-server --test-memory to verify it.

  Some other issues could be detected by redis-server --check-system
3408808:C 05 Jan 2024 02:53:16.599 # WARNING Memory overcommit must be enabled! Without it, a background save or replication may fail under low memory condition. Being disabled, it can also cause failures without low memory condition, see https://github.com/jemalloc/jemalloc/issues/1328. To fix this issue add 'vm.overcommit_memory = 1' to /etc/sysctl.conf and then reboot or run the command 'sysctl vm.overcommit_memory=1' for this to take effect.
3408808:C 05 Jan 2024 02:53:16.599 * oO0OoO0OoO0Oo Redis is starting oO0OoO0OoO0Oo
3408808:C 05 Jan 2024 02:53:16.599 * Redis version=255.255.255, bits=64, commit=e04ebdb8, modified=1, pid=3408808, just started
3408808:C 05 Jan 2024 02:53:16.599 * Configuration loaded
3408808:M 05 Jan 2024 02:53:16.600 * monotonic clock: POSIX clock_gettime
3408808:M 05 Jan 2024 02:53:16.600 * Running mode=standalone, port=5012.
3408808:M 05 Jan 2024 02:53:16.606 * <raft> RedisRaft version 255.255.255 [b779b199]
3408808:M 05 Jan 2024 02:53:16.610 * <raft> Initializing test network
3408808:M 05 Jan 2024 02:53:16.611 * <raft> Created test network client
3408808:M 05 Jan 2024 02:53:16.615 * <raft> Raft module loaded, state is 'loading'
3408808:M 05 Jan 2024 02:53:16.615 * Module 'raft' loaded from /home/snagendra/Fuzzing/redisraft-fuzzing/redisraft.so
3408808:M 05 Jan 2024 02:53:16.616 * Server initialized
3408808:M 05 Jan 2024 02:53:16.616 . The AOF directory appendonlydir doesn't exist
3408808:M 05 Jan 2024 02:53:16.616 * Ready to accept connections tcp
3408808:M 05 Jan 2024 02:53:16.616 . 0 clients connected (0 replicas), 1746688 bytes in use
3408808:M 05 Jan 2024 02:53:16.652 - Accepted 127.0.0.1:52712
3408808:M 05 Jan 2024 02:53:16.652 # Missing implement of connection type tls
3408808:M 05 Jan 2024 02:53:16.678 - Client closed connection id=8 addr=127.0.0.1:52712 laddr=127.0.0.1:5012 fd=11 name= age=0 idle=0 flags=N db=0 sub=0 psub=0 ssub=0 multi=-1 qbuf=0 qbuf-free=20474 argv-mem=0 multi-mem=0 rbs=16384 rbp=16384 obl=0 oll=0 omem=0 tot-mem=37760 events=r cmd=auth user=default redir=-1 resp=2 lib-name= lib-ver=
3408808:signal-handler (1704419596) Received SIGINT scheduling shutdown...
3408808:signal-handler (1704419596) You insist... exiting now.

----- Stderr -----




logs for node: 3

----- Stdout -----
3407435:C 05 Jan 2024 02:53:13.342 # WARNING Memory overcommit must be enabled! Without it, a background save or replication may fail under low memory condition. Being disabled, it can also cause failures without low memory condition, see https://github.com/jemalloc/jemalloc/issues/1328. To fix this issue add 'vm.overcommit_memory = 1' to /etc/sysctl.conf and then reboot or run the command 'sysctl vm.overcommit_memory=1' for this to take effect.
3407435:C 05 Jan 2024 02:53:13.342 * oO0OoO0OoO0Oo Redis is starting oO0OoO0OoO0Oo
3407435:C 05 Jan 2024 02:53:13.342 * Redis version=255.255.255, bits=64, commit=e04ebdb8, modified=1, pid=3407435, just started
3407435:C 05 Jan 2024 02:53:13.342 * Configuration loaded
3407435:M 05 Jan 2024 02:53:13.343 * monotonic clock: POSIX clock_gettime
3407435:M 05 Jan 2024 02:53:13.343 * Running mode=standalone, port=5013.
3407435:M 05 Jan 2024 02:53:13.349 * <raft> RedisRaft version 255.255.255 [b779b199]
3407435:M 05 Jan 2024 02:53:13.354 * <raft> Initializing test network
3407435:M 05 Jan 2024 02:53:13.355 * <raft> Created test network client
3407435:M 05 Jan 2024 02:53:13.356 * <raft> Raft module loaded, state is 'uninitialized'
3407435:M 05 Jan 2024 02:53:13.356 * Module 'raft' loaded from /home/snagendra/Fuzzing/redisraft-fuzzing/redisraft.so
3407435:M 05 Jan 2024 02:53:13.357 * Server initialized
3407435:M 05 Jan 2024 02:53:13.357 . The AOF directory appendonlydir doesn't exist
3407435:M 05 Jan 2024 02:53:13.358 * Ready to accept connections tcp
3407435:M 05 Jan 2024 02:53:13.358 . 0 clients connected (0 replicas), 1726224 bytes in use
3407435:M 05 Jan 2024 02:53:13.371 - Accepted 127.0.0.1:50648
3407435:M 05 Jan 2024 02:53:13.371 # Missing implement of connection type tls
3407435:M 05 Jan 2024 02:53:13.457 - <raft> join cluster, connecting to localhost:5011
3407435:M 05 Jan 2024 02:53:13.459 * <raft> Joined Raft cluster, node id: 3, dbid: c4559fc95754c96b115894326cd8a12e
3407435:M 05 Jan 2024 02:53:13.465 * <raft> Cluster Membership: term:0 index:0 nodes: id=3,voting=0,active=1,addr=-
3407435:M 05 Jan 2024 02:53:13.465 * <raft> Test network starting message polling thread
3407435:M 05 Jan 2024 02:53:13.467 - Accepted 127.0.0.1:50662
3407435:signal-handler (1704419593) Received SIGINT scheduling shutdown...
3407435:signal-handler (1704419593) You insist... exiting now.
3408076:C 05 Jan 2024 02:53:14.590 # WARNING Memory overcommit must be enabled! Without it, a background save or replication may fail under low memory condition. Being disabled, it can also cause failures without low memory condition, see https://github.com/jemalloc/jemalloc/issues/1328. To fix this issue add 'vm.overcommit_memory = 1' to /etc/sysctl.conf and then reboot or run the command 'sysctl vm.overcommit_memory=1' for this to take effect.
3408076:C 05 Jan 2024 02:53:14.590 * oO0OoO0OoO0Oo Redis is starting oO0OoO0OoO0Oo
3408076:C 05 Jan 2024 02:53:14.590 * Redis version=255.255.255, bits=64, commit=e04ebdb8, modified=1, pid=3408076, just started
3408076:C 05 Jan 2024 02:53:14.590 * Configuration loaded
3408076:M 05 Jan 2024 02:53:14.591 * monotonic clock: POSIX clock_gettime
3408076:M 05 Jan 2024 02:53:14.591 * Running mode=standalone, port=5013.
3408076:M 05 Jan 2024 02:53:14.598 * <raft> RedisRaft version 255.255.255 [b779b199]
3408076:M 05 Jan 2024 02:53:14.603 * <raft> Initializing test network
3408076:M 05 Jan 2024 02:53:14.604 * <raft> Created test network client
3408076:M 05 Jan 2024 02:53:14.607 * <raft> Raft module loaded, state is 'loading'
3408076:M 05 Jan 2024 02:53:14.607 * Module 'raft' loaded from /home/snagendra/Fuzzing/redisraft-fuzzing/redisraft.so
3408076:M 05 Jan 2024 02:53:14.608 * Server initialized
3408076:M 05 Jan 2024 02:53:14.608 . The AOF directory appendonlydir doesn't exist
3408076:M 05 Jan 2024 02:53:14.608 * Ready to accept connections tcp
3408076:M 05 Jan 2024 02:53:14.608 . 0 clients connected (0 replicas), 1746656 bytes in use
3408076:M 05 Jan 2024 02:53:14.708 * <raft> Loading: Redis loading complete, snapshot NOT LOADED
3408076:M 05 Jan 2024 02:53:14.708 * <raft> Cluster Membership: term:0 index:0 nodes: id=3,voting=0,active=1,addr=-
3408076:M 05 Jan 2024 02:53:14.709 * <raft> Test network starting message polling thread


=== REDIS BUG REPORT START: Cut & paste starting from here ===
3408076:M 05 Jan 2024 02:53:14.709 # Redis 255.255.255 crashed by signal: 6, si_code: -6
3408076:M 05 Jan 2024 02:53:14.709 # Crashed running the instruction at: 0x7f9ccc92fd3c

------ STACK TRACE ------
EIP:
/lib/x86_64-linux-gnu/libc.so.6(+0x8ad3c)[0x7f9ccc92fd3c]

Backtrace:
/lib/x86_64-linux-gnu/libc.so.6(+0x3bfd0)[0x7f9ccc8e0fd0]
/lib/x86_64-linux-gnu/libc.so.6(+0x8ad3c)[0x7f9ccc92fd3c]
/lib/x86_64-linux-gnu/libc.so.6(gsignal+0x12)[0x7f9ccc8e0f32]
/lib/x86_64-linux-gnu/libc.so.6(abort+0xd3)[0x7f9ccc8cb472]
/lib/x86_64-linux-gnu/libc.so.6(+0x26395)[0x7f9ccc8cb395]
/lib/x86_64-linux-gnu/libc.so.6(+0x34e32)[0x7f9ccc8d9e32]
/home/snagendra/Fuzzing/redisraft-fuzzing/redisraft.so(+0x3caea)[0x7f9ccc854aea]
/home/snagendra/Fuzzing/redisraft-fuzzing/redisraft.so(callRaftPeriodic+0x478)[0x7f9ccc845088]
/home/snagendra/Fuzzing/redis/src/redis-server 0.0.0.0:5013(moduleTimerHandler+0x21c)[0x5637874aa98c]
/home/snagendra/Fuzzing/redis/src/redis-server 0.0.0.0:5013(+0x81705)[0x5637873b4705]
/home/snagendra/Fuzzing/redis/src/redis-server 0.0.0.0:5013(aeMain+0x1c8)[0x5637873becb8]
/home/snagendra/Fuzzing/redis/src/redis-server 0.0.0.0:5013(main+0x3cd)[0x5637873b3e2d]
/lib/x86_64-linux-gnu/libc.so.6(+0x271ca)[0x7f9ccc8cc1ca]
/lib/x86_64-linux-gnu/libc.so.6(__libc_start_main+0x85)[0x7f9ccc8cc285]
/home/snagendra/Fuzzing/redis/src/redis-server 0.0.0.0:5013(_start+0x2a)[0x5637873b45aa]

------ REGISTERS ------
3408076:M 05 Jan 2024 02:53:14.709 # 
RAX:0000000000000000 RBX:00000000003400cc
RCX:00007f9ccc92fd3c RDX:0000000000000006
RDI:00000000003400cc RSI:00000000003400cc
RBP:00007f9ccc8a11c0 RSP:00007ffc08b58d00
R8 :0000000000000007 R9 :0000563787b5d820
R10:0000000000000008 R11:0000000000000246
R12:0000000000000006 R13:00000000000006a6
R14:00007f9ccc88105c R15:00005637874a92b0
RIP:00007f9ccc92fd3c EFL:0000000000000246
CSGSFS:002b000000000033
3408076:M 05 Jan 2024 02:53:14.709 # (00007ffc08b58d0f) -> 0000563787b5d8d0
3408076:M 05 Jan 2024 02:53:14.709 # (00007ffc08b58d0e) -> 00007f9ccca77c60
3408076:M 05 Jan 2024 02:53:14.709 # (00007ffc08b58d0d) -> 00000000000002b1
3408076:M 05 Jan 2024 02:53:14.710 # (00007ffc08b58d0c) -> 0000563787b5d820
3408076:M 05 Jan 2024 02:53:14.710 # (00007ffc08b58d0b) -> 00000000000006a6
3408076:M 05 Jan 2024 02:53:14.710 # (00007ffc08b58d0a) -> 0000000000000020
3408076:M 05 Jan 2024 02:53:14.710 # (00007ffc08b58d09) -> 00007f9ccc8cb472
3408076:M 05 Jan 2024 02:53:14.710 # (00007ffc08b58d08) -> 00007f9ccca78e70
3408076:M 05 Jan 2024 02:53:14.710 # (00007ffc08b58d07) -> 00007f9ccc8e0f32
3408076:M 05 Jan 2024 02:53:14.710 # (00007ffc08b58d06) -> 00007f9ccc88105c
3408076:M 05 Jan 2024 02:53:14.710 # (00007ffc08b58d05) -> 00000000000006a6
3408076:M 05 Jan 2024 02:53:14.710 # (00007ffc08b58d04) -> 00007f9ccc880720
3408076:M 05 Jan 2024 02:53:14.710 # (00007ffc08b58d03) -> 00007f9ccc8a11c0
3408076:M 05 Jan 2024 02:53:14.710 # (00007ffc08b58d02) -> 0000000000000006
3408076:M 05 Jan 2024 02:53:14.710 # (00007ffc08b58d01) -> 755d2dfab88f0500
3408076:M 05 Jan 2024 02:53:14.710 # (00007ffc08b58d00) -> 00005637874a92b0

------ INFO OUTPUT ------
# Server
redis_version:255.255.255
redis_git_sha1:e04ebdb8
redis_git_dirty:1
redis_build_id:1f78dcc7b4fbdd25
redis_mode:standalone
os:Linux 6.1.60.1.amd64-smp x86_64
arch_bits:64
monotonic_clock:POSIX clock_gettime
multiplexing_api:epoll
atomicvar_api:c11-builtin
gcc_version:10.2.1
process_id:3408076
process_supervised:no
run_id:e0bc8e638ff66e06ef1be4884dc090895060220d
tcp_port:5013
server_time_usec:1704419594708508
uptime_in_seconds:0
uptime_in_days:0
hz:10
configured_hz:10
lru_clock:9920778
executable:/home/snagendra/Fuzzing/redis/src/redis-server
config_file:
io_threads_active:0
listener0:name=tcp,bind=0.0.0.0,port=5013

# Clients
connected_clients:0
cluster_connections:0
maxclients:10000
client_recent_max_input_buffer:0
client_recent_max_output_buffer:0
blocked_clients:0
tracking_clients:0
clients_in_timeout_table:0
total_blocking_keys:0
total_blocking_keys_on_nokey:0

# Memory
used_memory:1753872
used_memory_human:1.67M
used_memory_rss:17588224
used_memory_rss_human:16.77M
used_memory_peak:1753872
used_memory_peak_human:1.67M
used_memory_peak_perc:100.41%
used_memory_overhead:1746696
used_memory_startup:1746512
used_memory_dataset:7176
used_memory_dataset_perc:97.50%
allocator_allocated:2077672
allocator_active:2637824
allocator_resident:10883072
total_system_memory:270388695040
total_system_memory_human:251.82G
used_memory_lua:31744
used_memory_vm_eval:31744
used_memory_lua_human:31.00K
used_memory_scripts_eval:0
number_of_cached_scripts:0
number_of_functions:0
number_of_libraries:0
used_memory_vm_functions:32768
used_memory_vm_total:64512
used_memory_vm_total_human:63.00K
used_memory_functions:184
used_memory_scripts:184
used_memory_scripts_human:184B
maxmemory:0
maxmemory_human:0B
maxmemory_policy:noeviction
allocator_frag_ratio:1.27
allocator_frag_bytes:560152
allocator_rss_ratio:4.13
allocator_rss_bytes:8245248
rss_overhead_ratio:1.62
rss_overhead_bytes:6705152
mem_fragmentation_ratio:10.07
mem_fragmentation_bytes:15841568
mem_not_counted_for_evict:0
mem_replication_backlog:0
mem_total_replication_buffers:0
mem_clients_slaves:0
mem_clients_normal:0
mem_cluster_links:0
mem_aof_buffer:0
mem_allocator:jemalloc-5.3.0
active_defrag_running:0
lazyfree_pending_objects:0
lazyfreed_objects:0

# Persistence
loading:0
async_loading:0
current_cow_peak:0
current_cow_size:0
current_cow_size_age:0
current_fork_perc:0.00
current_save_keys_processed:0
current_save_keys_total:0
rdb_changes_since_last_save:0
rdb_bgsave_in_progress:0
rdb_last_save_time:1704419594
rdb_last_bgsave_status:ok
rdb_last_bgsave_time_sec:-1
rdb_current_bgsave_time_sec:-1
rdb_saves:0
rdb_last_cow_size:0
rdb_last_load_keys_expired:0
rdb_last_load_keys_loaded:0
aof_enabled:0
aof_rewrite_in_progress:0
aof_rewrite_scheduled:0
aof_last_rewrite_time_sec:-1
aof_current_rewrite_time_sec:-1
aof_last_bgrewrite_status:ok
aof_rewrites:0
aof_rewrites_consecutive_failures:0
aof_last_write_status:ok
aof_last_cow_size:0
module_fork_in_progress:0
module_fork_last_cow_size:0

# Stats
total_connections_received:0
total_commands_processed:6
instantaneous_ops_per_sec:22
total_net_input_bytes:0
total_net_output_bytes:0
total_net_repl_input_bytes:0
total_net_repl_output_bytes:0
instantaneous_input_kbps:0.00
instantaneous_output_kbps:0.00
instantaneous_input_repl_kbps:0.00
instantaneous_output_repl_kbps:0.00
rejected_connections:0
sync_full:0
sync_partial_ok:0
sync_partial_err:0
expired_keys:0
expired_stale_perc:0.00
expired_time_cap_reached_count:0
expire_cycle_cpu_milliseconds:0
evicted_keys:0
evicted_clients:0
total_eviction_exceeded_time:0
current_eviction_exceeded_time:0
keyspace_hits:0
keyspace_misses:0
pubsub_channels:0
pubsub_patterns:0
pubsubshard_channels:0
latest_fork_usec:0
total_forks:0
migrate_cached_sockets:0
slave_expires_tracked_keys:0
active_defrag_hits:0
active_defrag_misses:0
active_defrag_key_hits:0
active_defrag_key_misses:0
total_active_defrag_time:0
current_active_defrag_time:0
tracking_total_keys:0
tracking_total_items:0
tracking_total_prefixes:0
unexpected_error_replies:0
total_error_replies:0
dump_payload_sanitizations:0
total_reads_processed:0
total_writes_processed:0
io_threaded_reads_processed:0
io_threaded_writes_processed:0
reply_buffer_shrinks:0
reply_buffer_expands:0
acl_access_denied_auth:0
acl_access_denied_cmd:0
acl_access_denied_key:0
acl_access_denied_channel:0

# Replication
role:master
connected_slaves:0
master_failover_state:no-failover
master_replid:388f48bd2f2532b197114767fece7be5a3371472
master_replid2:0000000000000000000000000000000000000000
master_repl_offset:0
second_repl_offset:-1
repl_backlog_active:0
repl_backlog_size:1048576
repl_backlog_first_byte_offset:0
repl_backlog_histlen:0

# CPU
used_cpu_sys:0.004272
used_cpu_user:0.014459
used_cpu_sys_children:0.000000
used_cpu_user_children:0.000000
used_cpu_sys_main_thread:0.003673
used_cpu_user_main_thread:0.014695

# Modules
module:name=raft,ver=1,api=1,filters=1,usedby=[],using=[],options=[]

# Commandstats
cmdstat_config|set:calls=1,usec=10,usec_per_call=10.00,rejected_calls=0,failed_calls=0
cmdstat_config|get:calls=3,usec=5,usec_per_call=1.67,rejected_calls=0,failed_calls=0
cmdstat_command:calls=2,usec=1702,usec_per_call=851.00,rejected_calls=0,failed_calls=0

# Errorstats

# Latencystats
latency_percentiles_usec_config|set:p50=10.047,p99=10.047,p99.9=10.047
latency_percentiles_usec_config|get:p50=2.007,p99=2.007,p99.9=2.007
latency_percentiles_usec_command:p50=823.295,p99=884.735,p99.9=884.735

# Cluster
cluster_enabled:0

# Keyspace

------ CLIENT LIST OUTPUT ------

------ MODULES INFO OUTPUT ------
# raft_version
raft_version:255.255.255
raft_git_sha1:b779b199

# raft_general
raft_dbid:c4559fc95754c96b115894326cd8a12e
raft_node_id:3
raft_state:up
raft_role:follower
raft_is_voting:no
raft_voted_for:-1
raft_leader_id:-1
raft_current_term:0
raft_num_nodes:1
raft_num_voting_nodes:0

# raft_log
raft_log_entries:0
raft_current_index:0
raft_commit_index:0
raft_last_applied_index:0
raft_file_size:99
raft_cache_memory_size:0
raft_cache_entries:0
raft_client_attached_entries:0
raft_fsync_count:0
raft_fsync_max_microseconds:0
raft_fsync_avg_microseconds:0

# raft_snapshot
raft_snapshot_filename:redis3.rdb
raft_snapshot_last_idx:0
raft_snapshot_last_term:0
raft_snapshot_size:0
raft_snapshot_time_secs:-1
raft_snapshots_created:0
raft_snapshots_received:0
raft_snapshot_in_progress:no
raft_snapshot_in_progress_last_idx:-1
raft_snapshot_in_progress_last_term:-1

# raft_clients
raft_proxy_reqs:0
raft_proxy_failed_reqs:0
raft_proxy_failed_responses:0
raft_proxy_outstanding_reqs:0

# raft_stats
raft_appendreq_received:0
raft_appendreq_with_entry_received:0
raft_snapshotreq_received:0
raft_exec_throttled:0
raft_num_sessions:0

------ CONFIG DEBUG OUTPUT ------
sanitize-dump-payload no
repl-diskless-sync yes
lazyfree-lazy-server-del no
lazyfree-lazy-user-flush no
lazyfree-lazy-user-del no
client-query-buffer-limit 1gb
slave-read-only yes
repl-diskless-load disabled
activedefrag no
replica-read-only yes
io-threads 1
proto-max-bulk-len 512mb
list-compress-depth 0
lazyfree-lazy-expire no
io-threads-do-reads no
lazyfree-lazy-eviction no

------ FAST MEMORY TEST ------
3408076:M 05 Jan 2024 02:53:14.710 # Bio worker thread #0 terminated
3408076:M 05 Jan 2024 02:53:14.710 # Bio worker thread #1 terminated
3408076:M 05 Jan 2024 02:53:14.710 # Bio worker thread #2 terminated
*** Preparing to test memory region 56378768a000 (2273280 bytes)
*** Preparing to test memory region 563787b08000 (405504 bytes)
*** Preparing to test memory region 7f9cbf7ff000 (8388608 bytes)
*** Preparing to test memory region 7f9cc0000000 (8388608 bytes)
*** Preparing to test memory region 7f9cc0800000 (6291456 bytes)
*** Preparing to test memory region 7f9cc0ffb000 (8388608 bytes)
*** Preparing to test memory region 7f9cc17fc000 (8388608 bytes)
*** Preparing to test memory region 7f9cc1ffd000 (8388608 bytes)
*** Preparing to test memory region 7f9cc27fe000 (8388608 bytes)
*** Preparing to test memory region 7f9cc2fff000 (8388608 bytes)
*** Preparing to test memory region 7f9cc3800000 (8388608 bytes)
*** Preparing to test memory region 7f9cc4000000 (135168 bytes)
*** Preparing to test memory region 7f9cc860b000 (8388608 bytes)
*** Preparing to test memory region 7f9cc8e0c000 (8388608 bytes)
*** Preparing to test memory region 7f9cc960d000 (8388608 bytes)
*** Preparing to test memory region 7f9cc9e0e000 (8388608 bytes)
*** Preparing to test memory region 7f9cca60e000 (2621440 bytes)
*** Preparing to test memory region 7f9cca89d000 (8192 bytes)
*** Preparing to test memory region 7f9ccae7f000 (12288 bytes)
*** Preparing to test memory region 7f9ccb3ac000 (8192 bytes)
*** Preparing to test memory region 7f9ccb618000 (16384 bytes)
*** Preparing to test memory region 7f9ccb7ff000 (4096 bytes)
*** Preparing to test memory region 7f9ccc000000 (8388608 bytes)
*** Preparing to test memory region 7f9ccc800000 (8192 bytes)
*** Preparing to test memory region 7f9ccc817000 (4096 bytes)
*** Preparing to test memory region 7f9ccc89a000 (45056 bytes)
*** Preparing to test memory region 7f9ccca79000 (53248 bytes)
*** Preparing to test memory region 7f9cccb96000 (8192 bytes)
.O.O.O.O.O.O.O.O.O.O.O.O.O.O.O.O.O.O.O.O.O.O.O.O.O.O.O.O
Fast memory test PASSED, however your memory can still be broken. Please run a memory test for several hours if possible.

------ DUMPING CODE AROUND EIP ------
Symbol: (null) (base: (nil))
Module: /lib/x86_64-linux-gnu/libc.so.6 (base 0x7f9ccc8a5000)
$ xxd -r -p /tmp/dump.hex /tmp/dump.bin
$ objdump --adjust-vma=(nil) -D -b binary -m i386:x86-64 /tmp/dump.bin
------

=== REDIS BUG REPORT END. Make sure to include from START to END. ===

       Please report the crash by opening an issue on github:

           http://github.com/redis/redis/issues

  If a Redis module was involved, please open in the module's repo instead.

  Suspect RAM error? Use redis-server --test-memory to verify it.

  Some other issues could be detected by redis-server --check-system

----- Stderr -----
redis-server: /home/snagendra/Fuzzing/redisraft-fuzzing/deps/raft/src/raft_server.c:1702: raft_get_first_entry_idx: Assertion `0 < raft_get_current_idx(me)' failed.




logs for node: 1

----- Stdout -----
3407335:C 05 Jan 2024 02:53:13.151 # WARNING Memory overcommit must be enabled! Without it, a background save or replication may fail under low memory condition. Being disabled, it can also cause failures without low memory condition, see https://github.com/jemalloc/jemalloc/issues/1328. To fix this issue add 'vm.overcommit_memory = 1' to /etc/sysctl.conf and then reboot or run the command 'sysctl vm.overcommit_memory=1' for this to take effect.
3407335:C 05 Jan 2024 02:53:13.151 * oO0OoO0OoO0Oo Redis is starting oO0OoO0OoO0Oo
3407335:C 05 Jan 2024 02:53:13.151 * Redis version=255.255.255, bits=64, commit=e04ebdb8, modified=1, pid=3407335, just started
3407335:C 05 Jan 2024 02:53:13.151 * Configuration loaded
3407335:M 05 Jan 2024 02:53:13.151 * monotonic clock: POSIX clock_gettime
3407335:M 05 Jan 2024 02:53:13.152 * Running mode=standalone, port=5011.
3407335:M 05 Jan 2024 02:53:13.158 * <raft> RedisRaft version 255.255.255 [b779b199]
3407335:M 05 Jan 2024 02:53:13.163 * <raft> Initializing test network
3407335:M 05 Jan 2024 02:53:13.164 * <raft> Created test network client
3407335:M 05 Jan 2024 02:53:13.165 * <raft> Raft module loaded, state is 'uninitialized'
3407335:M 05 Jan 2024 02:53:13.165 * Module 'raft' loaded from /home/snagendra/Fuzzing/redisraft-fuzzing/redisraft.so
3407335:M 05 Jan 2024 02:53:13.165 * Server initialized
3407335:M 05 Jan 2024 02:53:13.166 . The AOF directory appendonlydir doesn't exist
3407335:M 05 Jan 2024 02:53:13.166 * Ready to accept connections tcp
3407335:M 05 Jan 2024 02:53:13.166 . 0 clients connected (0 replicas), 1726320 bytes in use
3407335:M 05 Jan 2024 02:53:13.198 - Accepted 127.0.0.1:45154
3407335:M 05 Jan 2024 02:53:13.198 # Missing implement of connection type tls
3407335:M 05 Jan 2024 02:53:13.205 * <raft> Cluster Membership: term:0 index:0 nodes: id=1,voting=0,active=1,addr=-
3407335:M 05 Jan 2024 02:53:13.211 * <raft> State change: Node is now a leader, term 1
3407335:M 05 Jan 2024 02:53:13.211 * <raft> Cluster Membership: term:1 index:1 nodes: id=1,voting=0,active=1,addr=-
3407335:M 05 Jan 2024 02:53:13.212 * <raft> Test network starting message polling thread
3407335:M 05 Jan 2024 02:53:13.212 * <raft> Raft Cluster initialized, node id: 1, dbid: c4559fc95754c96b115894326cd8a12e
3407335:M 05 Jan 2024 02:53:13.331 - Accepted 127.0.0.1:45164
3407335:M 05 Jan 2024 02:53:13.331 * <raft> Cluster Membership: term:1 index:3 nodes: id=1,voting=1,active=1,addr=- id=2,voting=0,active=1,addr=localhost:5012
3407335:M 05 Jan 2024 02:53:13.339 - Client closed connection id=9 addr=127.0.0.1:45164 laddr=127.0.0.1:5011 fd=12 name= age=0 idle=0 flags=N db=0 sub=0 psub=0 ssub=0 multi=-1 qbuf=0 qbuf-free=20474 argv-mem=0 multi-mem=0 rbs=16384 rbp=16384 obl=0 oll=0 omem=0 tot-mem=37760 events=r cmd=raft.node user=default redir=-1 resp=2 lib-name= lib-ver=
3407335:M 05 Jan 2024 02:53:13.457 - Accepted 127.0.0.1:45168
3407335:M 05 Jan 2024 02:53:13.458 * <raft> Cluster Membership: term:1 index:4 nodes: id=1,voting=1,active=1,addr=- id=2,voting=0,active=1,addr=localhost:5012 id=3,voting=0,active=1,addr=localhost:5013
3407335:M 05 Jan 2024 02:53:13.465 - Client closed connection id=10 addr=127.0.0.1:45168 laddr=127.0.0.1:5011 fd=13 name= age=0 idle=0 flags=N db=0 sub=0 psub=0 ssub=0 multi=-1 qbuf=0 qbuf-free=20474 argv-mem=0 multi-mem=0 rbs=16384 rbp=16384 obl=0 oll=0 omem=0 tot-mem=37760 events=r cmd=raft.node user=default redir=-1 resp=2 lib-name= lib-ver=
3407335:M 05 Jan 2024 02:53:13.632 - Accepted 127.0.0.1:45172
3407335:M 05 Jan 2024 02:53:13.790 - Client closed connection id=11 addr=127.0.0.1:45172 laddr=127.0.0.1:5011 fd=14 name= age=0 idle=0 flags=N db=0 sub=0 psub=0 ssub=0 multi=-1 qbuf=0 qbuf-free=20474 argv-mem=0 multi-mem=0 rbs=1024 rbp=0 obl=0 oll=0 omem=0 tot-mem=22400 events=r cmd=auth user=default redir=-1 resp=2 lib-name= lib-ver=
3407335:signal-handler (1704419594) Received SIGINT scheduling shutdown...
3407335:signal-handler (1704419594) You insist... exiting now.
3408132:C 05 Jan 2024 02:53:14.681 # WARNING Memory overcommit must be enabled! Without it, a background save or replication may fail under low memory condition. Being disabled, it can also cause failures without low memory condition, see https://github.com/jemalloc/jemalloc/issues/1328. To fix this issue add 'vm.overcommit_memory = 1' to /etc/sysctl.conf and then reboot or run the command 'sysctl vm.overcommit_memory=1' for this to take effect.
3408132:C 05 Jan 2024 02:53:14.681 * oO0OoO0OoO0Oo Redis is starting oO0OoO0OoO0Oo
3408132:C 05 Jan 2024 02:53:14.681 * Redis version=255.255.255, bits=64, commit=e04ebdb8, modified=1, pid=3408132, just started
3408132:C 05 Jan 2024 02:53:14.681 * Configuration loaded
3408132:M 05 Jan 2024 02:53:14.682 * monotonic clock: POSIX clock_gettime
3408132:M 05 Jan 2024 02:53:14.682 * Running mode=standalone, port=5011.
3408132:M 05 Jan 2024 02:53:14.689 * <raft> RedisRaft version 255.255.255 [b779b199]
3408132:M 05 Jan 2024 02:53:14.693 * <raft> Initializing test network
3408132:M 05 Jan 2024 02:53:14.694 * <raft> Created test network client
3408132:M 05 Jan 2024 02:53:14.697 * <raft> Raft module loaded, state is 'loading'
3408132:M 05 Jan 2024 02:53:14.697 * Module 'raft' loaded from /home/snagendra/Fuzzing/redisraft-fuzzing/redisraft.so
3408132:M 05 Jan 2024 02:53:14.698 * Server initialized
3408132:M 05 Jan 2024 02:53:14.698 . The AOF directory appendonlydir doesn't exist
3408132:M 05 Jan 2024 02:53:14.698 * Ready to accept connections tcp
3408132:M 05 Jan 2024 02:53:14.698 . 0 clients connected (0 replicas), 1746752 bytes in use
3408132:M 05 Jan 2024 02:53:14.798 * <raft> Loading: Redis loading complete, snapshot NOT LOADED
3408132:M 05 Jan 2024 02:53:14.798 * <raft> Cluster Membership: term:0 index:0 nodes: id=1,voting=0,active=1,addr=-
3408132:M 05 Jan 2024 02:53:14.799 * <raft> Test network starting message polling thread
3408132:M 05 Jan 2024 02:53:14.799 * <raft> Cluster Membership: term:0 index:4 nodes: id=1,voting=1,active=1,addr=- id=2,voting=0,active=1,addr=localhost:5012
3408132:M 05 Jan 2024 02:53:14.799 * <raft> Cluster Membership: term:0 index:4 nodes: id=1,voting=1,active=1,addr=- id=2,voting=0,active=1,addr=localhost:5012 id=3,voting=0,active=1,addr=localhost:5013
3408132:M 05 Jan 2024 02:53:14.799 * <raft> Raft state after loading log: log_count=4, first_idx=1, current_idx=4, last_applied_idx=0
3408132:M 05 Jan 2024 02:53:14.799 . <raft> Raft term=1, vote=-1
3408132:M 05 Jan 2024 02:53:14.806 * <raft> State change: Node is now a leader, term 2
3408132:M 05 Jan 2024 02:53:14.806 * <raft> Cluster Membership: term:2 index:5 nodes: id=1,voting=1,active=1,addr=- id=2,voting=0,active=1,addr=localhost:5012 id=3,voting=0,active=1,addr=localhost:5013
3408132:signal-handler (1704419594) Received SIGINT scheduling shutdown...
3408132:signal-handler (1704419594) You insist... exiting now.
3408520:C 05 Jan 2024 02:53:15.923 # WARNING Memory overcommit must be enabled! Without it, a background save or replication may fail under low memory condition. Being disabled, it can also cause failures without low memory condition, see https://github.com/jemalloc/jemalloc/issues/1328. To fix this issue add 'vm.overcommit_memory = 1' to /etc/sysctl.conf and then reboot or run the command 'sysctl vm.overcommit_memory=1' for this to take effect.
3408520:C 05 Jan 2024 02:53:15.923 * oO0OoO0OoO0Oo Redis is starting oO0OoO0OoO0Oo
3408520:C 05 Jan 2024 02:53:15.923 * Redis version=255.255.255, bits=64, commit=e04ebdb8, modified=1, pid=3408520, just started
3408520:C 05 Jan 2024 02:53:15.923 * Configuration loaded
3408520:M 05 Jan 2024 02:53:15.923 * monotonic clock: POSIX clock_gettime
3408520:M 05 Jan 2024 02:53:15.924 * Running mode=standalone, port=5011.
3408520:M 05 Jan 2024 02:53:15.930 * <raft> RedisRaft version 255.255.255 [b779b199]
3408520:M 05 Jan 2024 02:53:15.935 * <raft> Initializing test network
3408520:M 05 Jan 2024 02:53:15.936 * <raft> Created test network client
3408520:M 05 Jan 2024 02:53:15.940 * <raft> Raft module loaded, state is 'loading'
3408520:M 05 Jan 2024 02:53:15.940 * Module 'raft' loaded from /home/snagendra/Fuzzing/redisraft-fuzzing/redisraft.so
3408520:M 05 Jan 2024 02:53:15.941 * Server initialized
3408520:M 05 Jan 2024 02:53:15.941 . The AOF directory appendonlydir doesn't exist
3408520:M 05 Jan 2024 02:53:15.941 * Ready to accept connections tcp
3408520:M 05 Jan 2024 02:53:15.941 . 0 clients connected (0 replicas), 1746656 bytes in use
3408520:M 05 Jan 2024 02:53:16.027 - Accepted 127.0.0.1:45210
3408520:M 05 Jan 2024 02:53:16.027 # Missing implement of connection type tls
3408520:M 05 Jan 2024 02:53:16.041 * <raft> Loading: Redis loading complete, snapshot NOT LOADED
3408520:M 05 Jan 2024 02:53:16.041 * <raft> Cluster Membership: term:0 index:0 nodes: id=1,voting=0,active=1,addr=-
3408520:M 05 Jan 2024 02:53:16.042 * <raft> Test network starting message polling thread
3408520:M 05 Jan 2024 02:53:16.042 * <raft> Cluster Membership: term:0 index:5 nodes: id=1,voting=1,active=1,addr=- id=2,voting=0,active=1,addr=localhost:5012
3408520:M 05 Jan 2024 02:53:16.042 * <raft> Cluster Membership: term:0 index:5 nodes: id=1,voting=1,active=1,addr=- id=2,voting=0,active=1,addr=localhost:5012 id=3,voting=0,active=1,addr=localhost:5013
3408520:M 05 Jan 2024 02:53:16.042 * <raft> Raft state after loading log: log_count=5, first_idx=1, current_idx=5, last_applied_idx=0
3408520:M 05 Jan 2024 02:53:16.042 . <raft> Raft term=2, vote=-1
3408520:M 05 Jan 2024 02:53:16.049 * <raft> State change: Node is now a leader, term 3
3408520:M 05 Jan 2024 02:53:16.049 * <raft> Cluster Membership: term:3 index:6 nodes: id=1,voting=1,active=1,addr=- id=2,voting=0,active=1,addr=localhost:5012 id=3,voting=0,active=1,addr=localhost:5013
3408520:M 05 Jan 2024 02:53:16.333 - Client closed connection id=8 addr=127.0.0.1:45210 laddr=127.0.0.1:5011 fd=11 name= age=0 idle=0 flags=N db=0 sub=0 psub=0 ssub=0 multi=-1 qbuf=0 qbuf-free=20474 argv-mem=0 multi-mem=0 rbs=1024 rbp=0 obl=0 oll=0 omem=0 tot-mem=22400 events=r cmd=auth user=default redir=-1 resp=2 lib-name= lib-ver=
3408520:M 05 Jan 2024 02:53:16.485 - Accepted 127.0.0.1:45218
3408520:M 05 Jan 2024 02:53:16.538 - Client closed connection id=9 addr=127.0.0.1:45218 laddr=127.0.0.1:5011 fd=11 name= age=0 idle=0 flags=N db=0 sub=0 psub=0 ssub=0 multi=-1 qbuf=0 qbuf-free=20474 argv-mem=0 multi-mem=0 rbs=16384 rbp=16384 obl=0 oll=0 omem=0 tot-mem=37760 events=r cmd=auth user=default redir=-1 resp=2 lib-name= lib-ver=
3408520:signal-handler (1704419596) Received SIGINT scheduling shutdown...
3408520:signal-handler (1704419596) You insist... exiting now.

----- Stderr -----



