logs for node: 2

----- Stdout -----
682695:C 05 Jan 2024 03:48:25.890 # WARNING Memory overcommit must be enabled! Without it, a background save or replication may fail under low memory condition. Being disabled, it can also cause failures without low memory condition, see https://github.com/jemalloc/jemalloc/issues/1328. To fix this issue add 'vm.overcommit_memory = 1' to /etc/sysctl.conf and then reboot or run the command 'sysctl vm.overcommit_memory=1' for this to take effect.
682695:C 05 Jan 2024 03:48:25.890 * oO0OoO0OoO0Oo Redis is starting oO0OoO0OoO0Oo
682695:C 05 Jan 2024 03:48:25.890 * Redis version=255.255.255, bits=64, commit=e04ebdb8, modified=1, pid=682695, just started
682695:C 05 Jan 2024 03:48:25.890 * Configuration loaded
682695:M 05 Jan 2024 03:48:25.890 * monotonic clock: POSIX clock_gettime
682695:M 05 Jan 2024 03:48:25.891 * Running mode=standalone, port=5052.
682695:M 05 Jan 2024 03:48:25.898 * <raft> RedisRaft version 255.255.255 [b779b199]
682695:M 05 Jan 2024 03:48:25.903 * <raft> Initializing test network
682695:M 05 Jan 2024 03:48:25.904 * <raft> Created test network client
682695:M 05 Jan 2024 03:48:25.905 * <raft> Raft module loaded, state is 'uninitialized'
682695:M 05 Jan 2024 03:48:25.905 * Module 'raft' loaded from /home/snagendra/Fuzzing/redisraft-fuzzing/redisraft.so
682695:M 05 Jan 2024 03:48:25.905 * Server initialized
682695:M 05 Jan 2024 03:48:25.906 . The AOF directory appendonlydir doesn't exist
682695:M 05 Jan 2024 03:48:25.906 * Ready to accept connections tcp
682695:M 05 Jan 2024 03:48:25.907 - Accepted 127.0.0.1:47358
682695:M 05 Jan 2024 03:48:25.907 # Missing implement of connection type tls
682695:M 05 Jan 2024 03:48:25.907 . 1 clients connected (0 replicas), 1743992 bytes in use
682695:M 05 Jan 2024 03:48:26.005 - <raft> join cluster, connecting to localhost:5051
682695:M 05 Jan 2024 03:48:26.006 * <raft> Joined Raft cluster, node id: 2, dbid: e78b5f4781122c67a6cf7abc5d13fd70
682695:M 05 Jan 2024 03:48:26.014 * <raft> Cluster Membership: term:0 index:0 nodes: id=2,voting=0,active=1,addr=-
682695:M 05 Jan 2024 03:48:26.014 * <raft> Test network starting message polling thread
682695:M 05 Jan 2024 03:48:26.048 - Accepted 127.0.0.1:47360
682695:M 05 Jan 2024 03:48:26.289 * <raft> Cluster Membership: term:1 index:2 nodes: id=2,voting=0,active=1,addr=- id=1,voting=1,active=1,addr=localhost:5051
682695:M 05 Jan 2024 03:48:26.605 - Client closed connection id=9 addr=127.0.0.1:47360 laddr=127.0.0.1:5052 fd=10 name= age=0 idle=0 flags=N db=0 sub=0 psub=0 ssub=0 multi=-1 qbuf=0 qbuf-free=20474 argv-mem=0 multi-mem=0 rbs=1024 rbp=0 obl=0 oll=0 omem=0 tot-mem=22400 events=r cmd=auth user=default redir=-1 resp=2 lib-name= lib-ver=
682695:M 05 Jan 2024 03:48:26.608 * <raft> State change: Election starting, node is now a pre-candidate, term 1
682695:M 05 Jan 2024 03:48:26.608 * <raft> Cluster Membership: term:1 index:3 nodes: id=2,voting=0,active=1,addr=- id=1,voting=1,active=1,addr=localhost:5051
682695:M 05 Jan 2024 03:48:26.666 * <raft> State change: Node is now a follower, term 1
682695:M 05 Jan 2024 03:48:26.666 * <raft> Cluster Membership: term:1 index:3 nodes: id=2,voting=0,active=1,addr=- id=1,voting=1,active=1,addr=localhost:5051
682695:M 05 Jan 2024 03:48:26.667 * <raft> Cluster Membership: term:1 index:4 nodes: id=2,voting=0,active=1,addr=- id=1,voting=1,active=1,addr=localhost:5051 id=3,voting=0,active=1,addr=localhost:5053
682695:M 05 Jan 2024 03:48:26.910 * <raft> State change: Election starting, node is now a pre-candidate, term 1
682695:M 05 Jan 2024 03:48:26.910 * <raft> Cluster Membership: term:1 index:4 nodes: id=2,voting=0,active=1,addr=- id=1,voting=1,active=1,addr=localhost:5051 id=3,voting=0,active=1,addr=localhost:5053
682695:M 05 Jan 2024 03:48:26.941 * <raft> State change: Node is now a follower, term 1
682695:M 05 Jan 2024 03:48:26.941 * <raft> Cluster Membership: term:1 index:4 nodes: id=2,voting=0,active=1,addr=- id=1,voting=1,active=1,addr=localhost:5051 id=3,voting=0,active=1,addr=localhost:5053
682695:signal-handler (1704422907) Received SIGINT scheduling shutdown...
682695:signal-handler (1704422907) You insist... exiting now.
683334:C 05 Jan 2024 03:48:27.507 # WARNING Memory overcommit must be enabled! Without it, a background save or replication may fail under low memory condition. Being disabled, it can also cause failures without low memory condition, see https://github.com/jemalloc/jemalloc/issues/1328. To fix this issue add 'vm.overcommit_memory = 1' to /etc/sysctl.conf and then reboot or run the command 'sysctl vm.overcommit_memory=1' for this to take effect.
683334:C 05 Jan 2024 03:48:27.507 * oO0OoO0OoO0Oo Redis is starting oO0OoO0OoO0Oo
683334:C 05 Jan 2024 03:48:27.507 * Redis version=255.255.255, bits=64, commit=e04ebdb8, modified=1, pid=683334, just started
683334:C 05 Jan 2024 03:48:27.507 * Configuration loaded
683334:M 05 Jan 2024 03:48:27.507 * monotonic clock: POSIX clock_gettime
683334:M 05 Jan 2024 03:48:27.508 * Running mode=standalone, port=5052.
683334:M 05 Jan 2024 03:48:27.514 * <raft> RedisRaft version 255.255.255 [b779b199]
683334:M 05 Jan 2024 03:48:27.518 * <raft> Initializing test network
683334:M 05 Jan 2024 03:48:27.519 * <raft> Created test network client
683334:M 05 Jan 2024 03:48:27.522 * <raft> Raft module loaded, state is 'loading'
683334:M 05 Jan 2024 03:48:27.522 * Module 'raft' loaded from /home/snagendra/Fuzzing/redisraft-fuzzing/redisraft.so
683334:M 05 Jan 2024 03:48:27.522 * Server initialized
683334:M 05 Jan 2024 03:48:27.522 . The AOF directory appendonlydir doesn't exist
683334:M 05 Jan 2024 03:48:27.522 * Ready to accept connections tcp
683334:M 05 Jan 2024 03:48:27.522 . 0 clients connected (0 replicas), 1746720 bytes in use
683334:M 05 Jan 2024 03:48:27.573 - Accepted 127.0.0.1:47380
683334:M 05 Jan 2024 03:48:27.573 # Missing implement of connection type tls
683334:M 05 Jan 2024 03:48:27.622 * <raft> Loading: Redis loading complete, snapshot NOT LOADED
683334:M 05 Jan 2024 03:48:27.623 * <raft> Cluster Membership: term:0 index:0 nodes: id=2,voting=0,active=1,addr=-
683334:M 05 Jan 2024 03:48:27.623 * <raft> Test network starting message polling thread
683334:M 05 Jan 2024 03:48:27.623 * <raft> Cluster Membership: term:0 index:5 nodes: id=2,voting=0,active=1,addr=- id=1,voting=1,active=1,addr=localhost:5051
683334:M 05 Jan 2024 03:48:27.624 * <raft> Cluster Membership: term:0 index:5 nodes: id=2,voting=0,active=1,addr=- id=1,voting=1,active=1,addr=localhost:5051 id=3,voting=0,active=1,addr=localhost:5053
683334:M 05 Jan 2024 03:48:27.624 * <raft> Raft state after loading log: log_count=5, first_idx=1, current_idx=5, last_applied_idx=0
683334:M 05 Jan 2024 03:48:27.624 . <raft> Raft term=1, vote=-1
683334:M 05 Jan 2024 03:48:27.695 - Accepted 127.0.0.1:47388
683334:M 05 Jan 2024 03:48:27.952 - Client closed connection id=9 addr=127.0.0.1:47388 laddr=127.0.0.1:5052 fd=14 name= age=0 idle=0 flags=N db=0 sub=0 psub=0 ssub=0 multi=-1 qbuf=0 qbuf-free=20474 argv-mem=0 multi-mem=0 rbs=1024 rbp=0 obl=0 oll=0 omem=0 tot-mem=22400 events=r cmd=auth user=default redir=-1 resp=2 lib-name= lib-ver=
683334:M 05 Jan 2024 03:48:28.024 * <raft> State change: Election starting, node is now a pre-candidate, term 1
683334:M 05 Jan 2024 03:48:28.024 * <raft> Cluster Membership: term:1 index:5 nodes: id=2,voting=0,active=1,addr=- id=1,voting=1,active=1,addr=localhost:5051 id=3,voting=0,active=1,addr=localhost:5053
683334:M 05 Jan 2024 03:48:28.233 - Accepted 127.0.0.1:47402
683334:M 05 Jan 2024 03:48:28.327 * <raft> State change: Election starting, node is now a pre-candidate, term 1
683334:M 05 Jan 2024 03:48:28.327 * <raft> Cluster Membership: term:1 index:5 nodes: id=2,voting=0,active=1,addr=- id=1,voting=1,active=1,addr=localhost:5051 id=3,voting=0,active=1,addr=localhost:5053
683334:signal-handler (1704422908) Received SIGINT scheduling shutdown...
683334:signal-handler (1704422908) You insist... exiting now.
683918:C 05 Jan 2024 03:48:28.817 # WARNING Memory overcommit must be enabled! Without it, a background save or replication may fail under low memory condition. Being disabled, it can also cause failures without low memory condition, see https://github.com/jemalloc/jemalloc/issues/1328. To fix this issue add 'vm.overcommit_memory = 1' to /etc/sysctl.conf and then reboot or run the command 'sysctl vm.overcommit_memory=1' for this to take effect.
683918:C 05 Jan 2024 03:48:28.817 * oO0OoO0OoO0Oo Redis is starting oO0OoO0OoO0Oo
683918:C 05 Jan 2024 03:48:28.817 * Redis version=255.255.255, bits=64, commit=e04ebdb8, modified=1, pid=683918, just started
683918:C 05 Jan 2024 03:48:28.817 * Configuration loaded
683918:M 05 Jan 2024 03:48:28.817 * monotonic clock: POSIX clock_gettime
683918:M 05 Jan 2024 03:48:28.818 * Running mode=standalone, port=5052.
683918:M 05 Jan 2024 03:48:28.824 * <raft> RedisRaft version 255.255.255 [b779b199]
683918:M 05 Jan 2024 03:48:28.829 * <raft> Initializing test network
683918:M 05 Jan 2024 03:48:28.829 * <raft> Created test network client
683918:M 05 Jan 2024 03:48:28.833 * <raft> Raft module loaded, state is 'loading'
683918:M 05 Jan 2024 03:48:28.833 * Module 'raft' loaded from /home/snagendra/Fuzzing/redisraft-fuzzing/redisraft.so
683918:M 05 Jan 2024 03:48:28.833 * Server initialized
683918:M 05 Jan 2024 03:48:28.833 . The AOF directory appendonlydir doesn't exist
683918:M 05 Jan 2024 03:48:28.833 * Ready to accept connections tcp
683918:M 05 Jan 2024 03:48:28.833 . 0 clients connected (0 replicas), 1746720 bytes in use
683918:M 05 Jan 2024 03:48:28.835 - Accepted 127.0.0.1:47476
683918:M 05 Jan 2024 03:48:28.835 # Missing implement of connection type tls
683918:signal-handler (1704422908) Received SIGINT scheduling shutdown...
683918:signal-handler (1704422908) You insist... exiting now.
684147:C 05 Jan 2024 03:48:29.256 # WARNING Memory overcommit must be enabled! Without it, a background save or replication may fail under low memory condition. Being disabled, it can also cause failures without low memory condition, see https://github.com/jemalloc/jemalloc/issues/1328. To fix this issue add 'vm.overcommit_memory = 1' to /etc/sysctl.conf and then reboot or run the command 'sysctl vm.overcommit_memory=1' for this to take effect.
684147:C 05 Jan 2024 03:48:29.256 * oO0OoO0OoO0Oo Redis is starting oO0OoO0OoO0Oo
684147:C 05 Jan 2024 03:48:29.256 * Redis version=255.255.255, bits=64, commit=e04ebdb8, modified=1, pid=684147, just started
684147:C 05 Jan 2024 03:48:29.256 * Configuration loaded
684147:M 05 Jan 2024 03:48:29.257 * monotonic clock: POSIX clock_gettime
684147:M 05 Jan 2024 03:48:29.257 * Running mode=standalone, port=5052.
684147:M 05 Jan 2024 03:48:29.263 * <raft> RedisRaft version 255.255.255 [b779b199]
684147:M 05 Jan 2024 03:48:29.268 * <raft> Initializing test network
684147:M 05 Jan 2024 03:48:29.268 * <raft> Created test network client
684147:M 05 Jan 2024 03:48:29.270 * <raft> Raft module loaded, state is 'loading'
684147:M 05 Jan 2024 03:48:29.270 * Module 'raft' loaded from /home/snagendra/Fuzzing/redisraft-fuzzing/redisraft.so
684147:M 05 Jan 2024 03:48:29.270 * Server initialized
684147:M 05 Jan 2024 03:48:29.270 . The AOF directory appendonlydir doesn't exist
684147:M 05 Jan 2024 03:48:29.270 * Ready to accept connections tcp
684147:M 05 Jan 2024 03:48:29.270 . 0 clients connected (0 replicas), 1746848 bytes in use
684147:M 05 Jan 2024 03:48:29.337 - Accepted 127.0.0.1:47518
684147:M 05 Jan 2024 03:48:29.337 # Missing implement of connection type tls
684147:M 05 Jan 2024 03:48:29.369 - Client closed connection id=8 addr=127.0.0.1:47518 laddr=127.0.0.1:5052 fd=11 name= age=0 idle=0 flags=N db=0 sub=0 psub=0 ssub=0 multi=-1 qbuf=0 qbuf-free=20474 argv-mem=0 multi-mem=0 rbs=16384 rbp=16384 obl=0 oll=0 omem=0 tot-mem=37760 events=r cmd=auth user=default redir=-1 resp=2 lib-name= lib-ver=
684147:M 05 Jan 2024 03:48:29.370 * <raft> Loading: Redis loading complete, snapshot NOT LOADED
684147:M 05 Jan 2024 03:48:29.371 * <raft> Cluster Membership: term:0 index:0 nodes: id=2,voting=0,active=1,addr=-
684147:M 05 Jan 2024 03:48:29.371 * <raft> Test network starting message polling thread
684147:M 05 Jan 2024 03:48:29.371 * <raft> Cluster Membership: term:0 index:5 nodes: id=2,voting=0,active=1,addr=- id=1,voting=1,active=1,addr=localhost:5051
684147:M 05 Jan 2024 03:48:29.372 * <raft> Cluster Membership: term:0 index:5 nodes: id=2,voting=0,active=1,addr=- id=1,voting=1,active=1,addr=localhost:5051 id=3,voting=0,active=1,addr=localhost:5053
684147:M 05 Jan 2024 03:48:29.372 * <raft> Raft state after loading log: log_count=5, first_idx=1, current_idx=5, last_applied_idx=0
684147:M 05 Jan 2024 03:48:29.372 . <raft> Raft term=1, vote=-1
684147:signal-handler (1704422909) Received SIGINT scheduling shutdown...
684147:signal-handler (1704422909) You insist... exiting now.


=== REDIS BUG REPORT START: Cut & paste starting from here ===
684147:M 05 Jan 2024 03:48:29.377 # Redis 255.255.255 crashed by signal: 11, si_code: 1
684147:M 05 Jan 2024 03:48:29.377 # Accessing address: 0x18
684147:M 05 Jan 2024 03:48:29.377 # Crashed running the instruction at: 0x7f7d7c4d00b0

------ STACK TRACE ------
EIP:
/lib/x86_64-linux-gnu/libc.so.6(__pthread_rwlock_wrlock+0x0)[0x7f7d7c4d00b0]

Backtrace:
/lib/x86_64-linux-gnu/libc.so.6(+0x3bfd0)[0x7f7d7c47cfd0]
/lib/x86_64-linux-gnu/libc.so.6(__pthread_rwlock_wrlock+0x0)[0x7f7d7c4d00b0]
/lib/x86_64-linux-gnu/libcrypto.so.3(CRYPTO_THREAD_write_lock+0x9)[0x7f7d7a83df49]
/lib/x86_64-linux-gnu/libcrypto.so.3(ENGINE_get_first+0x3a)[0x7f7d7a7e408a]
/lib/x86_64-linux-gnu/libcrypto.so.3(ENGINE_register_all_complete+0x6)[0x7f7d7a7e3486]
/lib/x86_64-linux-gnu/libssh2.so.1(libssh2_init+0x39)[0x7f7d7b225389]
/lib/x86_64-linux-gnu/libcurl-gnutls.so.4(+0x8146b)[0x7f7d7b34e46b]
/lib/x86_64-linux-gnu/libcurl-gnutls.so.4(+0x22125)[0x7f7d7b2ef125]
/lib/x86_64-linux-gnu/libcurl-gnutls.so.4(curl_global_init+0x3a)[0x7f7d7b2ef22a]
/home/snagendra/Fuzzing/redisraft-fuzzing/redisraft.so(redis_test_http_do+0x2c)[0x7f7d7b3c486c]
/home/snagendra/Fuzzing/redisraft-fuzzing/redisraft.so(redis_test_http_post+0x26)[0x7f7d7b3c4a86]
/home/snagendra/Fuzzing/redisraft-fuzzing/redisraft.so(redis_test_send_message+0x9d)[0x7f7d7b3c3efd]
/home/snagendra/Fuzzing/redisraft-fuzzing/redisraft.so(testNetworkSendAppendEntriesResponse+0x6a)[0x7f7d7b3ad22a]
/home/snagendra/Fuzzing/redisraft-fuzzing/redisraft.so(handleTestNetworkMessage+0x130)[0x7f7d7b3ad4a0]
/home/snagendra/Fuzzing/redisraft-fuzzing/redisraft.so(poll_redis_test_messages+0x89)[0x7f7d7b3ad5c9]
/lib/x86_64-linux-gnu/libc.so.6(+0x89044)[0x7f7d7c4ca044]
/lib/x86_64-linux-gnu/libc.so.6(+0x10961c)[0x7f7d7c54a61c]

------ REGISTERS ------
684147:M 05 Jan 2024 03:48:29.378 # 
RAX:0000000000000001 RBX:00007f7d58001b10
RCX:0000000000000000 RDX:0000000000000000
RDI:0000000000000000 RSI:0000000000000000
RBP:00007f7d7aa7e638 RSP:00007f7d6f7fc228
R8 :0000000000000000 R9 :0000000000000000
R10:0000000000000000 R11:0000000000000000
R12:00007f7d6f7fc320 R13:00007f7d58002440
R14:0000000000000000 R15:00007f7d7a272800
RIP:00007f7d7c4d00b0 EFL:0000000000010206
CSGSFS:002b000000000033
684147:M 05 Jan 2024 03:48:29.378 # (00007f7d6f7fc237) -> 00007f7d58001b10
684147:M 05 Jan 2024 03:48:29.378 # (00007f7d6f7fc236) -> 00007f7d7b2ef125
684147:M 05 Jan 2024 03:48:29.378 # (00007f7d6f7fc235) -> 00007f7d7a272800
684147:M 05 Jan 2024 03:48:29.378 # (00007f7d6f7fc234) -> 00007f7d7b34e46b
684147:M 05 Jan 2024 03:48:29.378 # (00007f7d6f7fc233) -> 00007f7d58002440
684147:M 05 Jan 2024 03:48:29.378 # (00007f7d6f7fc232) -> 000000006f7fc320
684147:M 05 Jan 2024 03:48:29.378 # (00007f7d6f7fc231) -> 00007f7d58002570
684147:M 05 Jan 2024 03:48:29.378 # (00007f7d6f7fc230) -> 00007f7d7b225389
684147:M 05 Jan 2024 03:48:29.378 # (00007f7d6f7fc22f) -> 00007f7d58001b10
684147:M 05 Jan 2024 03:48:29.378 # (00007f7d6f7fc22e) -> 00007f7d7a7e3486
684147:M 05 Jan 2024 03:48:29.378 # (00007f7d6f7fc22d) -> 00007f7d58002570
684147:M 05 Jan 2024 03:48:29.378 # (00007f7d6f7fc22c) -> 00007f7d58001b10
684147:M 05 Jan 2024 03:48:29.378 # (00007f7d6f7fc22b) -> 00007f7d6f7fc320
684147:M 05 Jan 2024 03:48:29.378 # (00007f7d6f7fc22a) -> 00007f7d7a7e408a
684147:M 05 Jan 2024 03:48:29.378 # (00007f7d6f7fc229) -> 00007f7d58001b10
684147:M 05 Jan 2024 03:48:29.378 # (00007f7d6f7fc228) -> 00007f7d7a83df49

------ INFO OUTPUT ------
# Server
redis_version:255.255.255
redis_git_sha1:e04ebdb8
redis_git_dirty:1
redis_build_id:1f78dcc7b4fbdd25
redis_mode:standalone
os:Linux 6.1.60.1.amd64-smp x86_64
arch_bits:64
monotonic_clock:POSIX clock_gettime
multiplexing_api:epoll
atomicvar_api:c11-builtin
gcc_version:10.2.1
process_id:684147
process_supervised:no
run_id:0478b9e108fedf28b54de104498dd5adc0dcd2a7
tcp_port:5052
server_time_usec:1704422909372570
uptime_in_seconds:0
uptime_in_days:0
hz:10
configured_hz:10
lru_clock:9924093
executable:/home/snagendra/Fuzzing/redis/src/redis-server
config_file:
io_threads_active:0
listener0:name=tcp,bind=0.0.0.0,port=5052

# Clients
connected_clients:0
cluster_connections:0
maxclients:10000
client_recent_max_input_buffer:0
client_recent_max_output_buffer:0
blocked_clients:0
tracking_clients:0
clients_in_timeout_table:0
total_blocking_keys:0
total_blocking_keys_on_nokey:0

# Memory
used_memory:1780768
used_memory_human:1.70M
used_memory_rss:17883136
used_memory_rss_human:17.05M
used_memory_peak:1809944
used_memory_peak_human:1.73M
used_memory_peak_perc:98.39%
used_memory_overhead:1746888
used_memory_startup:1746704
used_memory_dataset:33880
used_memory_dataset_perc:99.46%
allocator_allocated:2263920
allocator_active:2826240
allocator_resident:10940416
total_system_memory:270388695040
total_system_memory_human:251.82G
used_memory_lua:31744
used_memory_vm_eval:31744
used_memory_lua_human:31.00K
used_memory_scripts_eval:0
number_of_cached_scripts:0
number_of_functions:0
number_of_libraries:0
used_memory_vm_functions:32768
used_memory_vm_total:64512
used_memory_vm_total_human:63.00K
used_memory_functions:184
used_memory_scripts:184
used_memory_scripts_human:184B
maxmemory:0
maxmemory_human:0B
maxmemory_policy:noeviction
allocator_frag_ratio:1.25
allocator_frag_bytes:562320
allocator_rss_ratio:3.87
allocator_rss_bytes:8114176
rss_overhead_ratio:1.63
rss_overhead_bytes:6942720
mem_fragmentation_ratio:10.05
mem_fragmentation_bytes:16104256
mem_not_counted_for_evict:0
mem_replication_backlog:0
mem_total_replication_buffers:0
mem_clients_slaves:0
mem_clients_normal:0
mem_cluster_links:0
mem_aof_buffer:0
mem_allocator:jemalloc-5.3.0
active_defrag_running:0
lazyfree_pending_objects:0
lazyfreed_objects:0

# Persistence
loading:0
async_loading:0
current_cow_peak:0
current_cow_size:0
current_cow_size_age:0
current_fork_perc:0.00
current_save_keys_processed:0
current_save_keys_total:0
rdb_changes_since_last_save:0
rdb_bgsave_in_progress:0
rdb_last_save_time:1704422909
rdb_last_bgsave_status:ok
rdb_last_bgsave_time_sec:-1
rdb_current_bgsave_time_sec:-1
rdb_saves:0
rdb_last_cow_size:0
rdb_last_load_keys_expired:0
rdb_last_load_keys_loaded:0
aof_enabled:0
aof_rewrite_in_progress:0
aof_rewrite_scheduled:0
aof_last_rewrite_time_sec:-1
aof_current_rewrite_time_sec:-1
aof_last_bgrewrite_status:ok
aof_rewrites:0
aof_rewrites_consecutive_failures:0
aof_last_write_status:ok
aof_last_cow_size:0
module_fork_in_progress:0
module_fork_last_cow_size:0

# Stats
total_connections_received:1
total_commands_processed:7
instantaneous_ops_per_sec:29
total_net_input_bytes:33
total_net_output_bytes:5
total_net_repl_input_bytes:0
total_net_repl_output_bytes:0
instantaneous_input_kbps:0.02
instantaneous_output_kbps:0.00
instantaneous_input_repl_kbps:0.00
instantaneous_output_repl_kbps:0.00
rejected_connections:0
sync_full:0
sync_partial_ok:0
sync_partial_err:0
expired_keys:0
expired_stale_perc:0.00
expired_time_cap_reached_count:0
expire_cycle_cpu_milliseconds:0
evicted_keys:0
evicted_clients:0
total_eviction_exceeded_time:0
current_eviction_exceeded_time:0
keyspace_hits:0
keyspace_misses:0
pubsub_channels:0
pubsub_patterns:0
pubsubshard_channels:0
latest_fork_usec:0
total_forks:0
migrate_cached_sockets:0
slave_expires_tracked_keys:0
active_defrag_hits:0
active_defrag_misses:0
active_defrag_key_hits:0
active_defrag_key_misses:0
total_active_defrag_time:0
current_active_defrag_time:0
tracking_total_keys:0
tracking_total_items:0
tracking_total_prefixes:0
unexpected_error_replies:0
total_error_replies:0
dump_payload_sanitizations:0
total_reads_processed:2
total_writes_processed:1
io_threaded_reads_processed:0
io_threaded_writes_processed:0
reply_buffer_shrinks:0
reply_buffer_expands:0
acl_access_denied_auth:0
acl_access_denied_cmd:0
acl_access_denied_key:0
acl_access_denied_channel:0

# Replication
role:master
connected_slaves:0
master_failover_state:no-failover
master_replid:e89459a9ca73003e372e5aaafd5fed26e04ab44c
master_replid2:0000000000000000000000000000000000000000
master_repl_offset:0
second_repl_offset:-1
repl_backlog_active:0
repl_backlog_size:1048576
repl_backlog_first_byte_offset:0
repl_backlog_histlen:0

# CPU
used_cpu_sys:0.007819
used_cpu_user:0.011729
used_cpu_sys_children:0.000000
used_cpu_user_children:0.000000
used_cpu_sys_main_thread:0.001354
used_cpu_user_main_thread:0.000000

# Modules
module:name=raft,ver=1,api=1,filters=1,usedby=[],using=[],options=[]

# Commandstats
cmdstat_config|get:calls=3,usec=5,usec_per_call=1.67,rejected_calls=0,failed_calls=0
cmdstat_config|set:calls=1,usec=11,usec_per_call=11.00,rejected_calls=0,failed_calls=0
cmdstat_command:calls=2,usec=1457,usec_per_call=728.50,rejected_calls=0,failed_calls=0
cmdstat_auth:calls=1,usec=2,usec_per_call=2.00,rejected_calls=0,failed_calls=0

# Errorstats

# Latencystats
latency_percentiles_usec_config|get:p50=2.007,p99=2.007,p99.9=2.007
latency_percentiles_usec_config|set:p50=11.007,p99=11.007,p99.9=11.007
latency_percentiles_usec_command:p50=684.031,p99=778.239,p99.9=778.239
latency_percentiles_usec_auth:p50=2.007,p99=2.007,p99.9=2.007

# Cluster
cluster_enabled:0

# Keyspace

------ CLIENT LIST OUTPUT ------

------ MODULES INFO OUTPUT ------
# raft_version
raft_version:255.255.255
raft_git_sha1:b779b199

# raft_general
raft_dbid:e78b5f4781122c67a6cf7abc5d13fd70
raft_node_id:2
raft_state:up
raft_role:follower
raft_is_voting:no
raft_voted_for:-1
raft_leader_id:1
raft_current_term:1
raft_num_nodes:3
raft_num_voting_nodes:1
raft_node1:id=1,state=connect_error,voting=yes,addr=localhost,port=5051,last_conn_secs=-1,conn_errors=1,conn_oks=0
raft_node2:id=3,state=connect_error,voting=no,addr=localhost,port=5053,last_conn_secs=-1,conn_errors=1,conn_oks=0

# raft_log
raft_log_entries:5
raft_current_index:5
raft_commit_index:5
raft_last_applied_index:0
raft_file_size:1305
raft_cache_memory_size:0
raft_cache_entries:0
raft_client_attached_entries:0
raft_fsync_count:0
raft_fsync_max_microseconds:0
raft_entry1:term=1,id=0,data_len=0
raft_entry2:term=1,id=1076377000,data_len=264
raft_entry3:term=1,id=1765409224,data_len=264
raft_entry4:term=1,id=1583409078,data_len=264
raft_fsync_avg_microseconds:0

# raft_snapshot
raft_snapshot_filename:redis2.rdb
raft_snapshot_last_idx:0
raft_snapshot_last_term:0
raft_snapshot_size:0
raft_snapshot_time_secs:-1
raft_snapshots_created:0
raft_snapshots_received:0
raft_snapshot_in_progress:no
raft_snapshot_in_progress_last_idx:-1
raft_snapshot_in_progress_last_term:-1

# raft_clients
raft_proxy_reqs:0
raft_proxy_failed_reqs:0
raft_proxy_failed_responses:0
raft_proxy_outstanding_reqs:0

# raft_stats
raft_appendreq_received:0
raft_appendreq_with_entry_received:0
raft_snapshotreq_received:0
raft_exec_throttled:0
raft_num_sessions:0

------ CONFIG DEBUG OUTPUT ------
repl-diskless-load disabled
io-threads-do-reads no
list-compress-depth 0
sanitize-dump-payload no
io-threads 1
replica-read-only yes
activedefrag no
lazyfree-lazy-server-del no
lazyfree-lazy-user-flush no
proto-max-bulk-len 512mb
lazyfree-lazy-eviction no
lazyfree-lazy-user-del no
lazyfree-lazy-expire no
client-query-buffer-limit 1gb
slave-read-only yes
repl-diskless-sync yes

------ FAST MEMORY TEST ------
684147:M 05 Jan 2024 03:48:29.378 # main thread terminated
684147:M 05 Jan 2024 03:48:29.378 # Bio worker thread #0 terminated
684147:M 05 Jan 2024 03:48:29.378 # Bio worker thread #1 terminated
684147:M 05 Jan 2024 03:48:29.378 # Bio worker thread #2 terminated

Fast memory test PASSED, however your memory can still be broken. Please run a memory test for several hours if possible.

------ DUMPING CODE AROUND EIP ------
Symbol: __pthread_rwlock_wrlock (base: 0x7f7d7c4d00b0)
Module: /lib/x86_64-linux-gnu/libc.so.6 (base 0x7f7d7c441000)
$ xxd -r -p /tmp/dump.hex /tmp/dump.bin
$ objdump --adjust-vma=0x7f7d7c4d00b0 -D -b binary -m i386:x86-64 /tmp/dump.bin
------
684147:M 05 Jan 2024 03:48:29.378 # dump of function (hexdump of 128 bytes):
8b5718648b0425d002000039c20f8485000000415741564155415455534889fb4883ec088b0789c189c283c902f00fb10b75f3488d6b0cb801000000f6c202755f89430cf6c201752889d089d183e001c1e90309c80f854501000089d189d083c901f00fb10b89c275dfc7430801000000648b0425d00200008943184531c948

=== REDIS BUG REPORT END. Make sure to include from START to END. ===

       Please report the crash by opening an issue on github:

           http://github.com/redis/redis/issues

  If a Redis module was involved, please open in the module's repo instead.

  Suspect RAM error? Use redis-server --test-memory to verify it.

  Some other issues could be detected by redis-server --check-system

----- Stderr -----
libgcov profiling error:/home/snagendra/Fuzzing/redisraft-fuzzing/build/deps/raft/CMakeFiles/raft.dir/src/raft_server.c.gcda:Merge mismatch for function 34
libgcov profiling error:/home/snagendra/Fuzzing/redisraft-fuzzing/build/deps/raft/CMakeFiles/raft.dir/src/raft_server.c.gcda:Merge mismatch for function 34
libgcov profiling error:/home/snagendra/Fuzzing/redisraft-fuzzing/build/deps/raft/CMakeFiles/raft.dir/src/raft_server.c.gcda:Merge mismatch for function 34




logs for node: 3

----- Stdout -----
682732:C 05 Jan 2024 03:48:26.018 # WARNING Memory overcommit must be enabled! Without it, a background save or replication may fail under low memory condition. Being disabled, it can also cause failures without low memory condition, see https://github.com/jemalloc/jemalloc/issues/1328. To fix this issue add 'vm.overcommit_memory = 1' to /etc/sysctl.conf and then reboot or run the command 'sysctl vm.overcommit_memory=1' for this to take effect.
682732:C 05 Jan 2024 03:48:26.018 * oO0OoO0OoO0Oo Redis is starting oO0OoO0OoO0Oo
682732:C 05 Jan 2024 03:48:26.018 * Redis version=255.255.255, bits=64, commit=e04ebdb8, modified=1, pid=682732, just started
682732:C 05 Jan 2024 03:48:26.018 * Configuration loaded
682732:M 05 Jan 2024 03:48:26.018 * monotonic clock: POSIX clock_gettime
682732:M 05 Jan 2024 03:48:26.019 * Running mode=standalone, port=5053.
682732:M 05 Jan 2024 03:48:26.026 * <raft> RedisRaft version 255.255.255 [b779b199]
682732:M 05 Jan 2024 03:48:26.031 * <raft> Initializing test network
682732:M 05 Jan 2024 03:48:26.032 * <raft> Created test network client
682732:M 05 Jan 2024 03:48:26.033 * <raft> Raft module loaded, state is 'uninitialized'
682732:M 05 Jan 2024 03:48:26.033 * Module 'raft' loaded from /home/snagendra/Fuzzing/redisraft-fuzzing/redisraft.so
682732:M 05 Jan 2024 03:48:26.033 * Server initialized
682732:M 05 Jan 2024 03:48:26.034 . The AOF directory appendonlydir doesn't exist
682732:M 05 Jan 2024 03:48:26.035 * Ready to accept connections tcp
682732:M 05 Jan 2024 03:48:26.035 . 0 clients connected (0 replicas), 1726224 bytes in use
682732:M 05 Jan 2024 03:48:26.036 - Accepted 127.0.0.1:43126
682732:M 05 Jan 2024 03:48:26.036 # Missing implement of connection type tls
682732:M 05 Jan 2024 03:48:26.133 - <raft> join cluster, connecting to localhost:5051
682732:M 05 Jan 2024 03:48:26.135 * <raft> Joined Raft cluster, node id: 3, dbid: e78b5f4781122c67a6cf7abc5d13fd70
682732:M 05 Jan 2024 03:48:26.142 * <raft> Cluster Membership: term:0 index:0 nodes: id=3,voting=0,active=1,addr=-
682732:M 05 Jan 2024 03:48:26.143 * <raft> Test network starting message polling thread
682732:M 05 Jan 2024 03:48:26.150 - Accepted 127.0.0.1:43136
682732:signal-handler (1704422906) Received SIGINT scheduling shutdown...
682732:signal-handler (1704422906) You insist... exiting now.
683076:C 05 Jan 2024 03:48:26.791 # WARNING Memory overcommit must be enabled! Without it, a background save or replication may fail under low memory condition. Being disabled, it can also cause failures without low memory condition, see https://github.com/jemalloc/jemalloc/issues/1328. To fix this issue add 'vm.overcommit_memory = 1' to /etc/sysctl.conf and then reboot or run the command 'sysctl vm.overcommit_memory=1' for this to take effect.
683076:C 05 Jan 2024 03:48:26.791 * oO0OoO0OoO0Oo Redis is starting oO0OoO0OoO0Oo
683076:C 05 Jan 2024 03:48:26.791 * Redis version=255.255.255, bits=64, commit=e04ebdb8, modified=1, pid=683076, just started
683076:C 05 Jan 2024 03:48:26.791 * Configuration loaded
683076:M 05 Jan 2024 03:48:26.791 * monotonic clock: POSIX clock_gettime
683076:M 05 Jan 2024 03:48:26.792 * Running mode=standalone, port=5053.
683076:M 05 Jan 2024 03:48:26.798 * <raft> RedisRaft version 255.255.255 [b779b199]
683076:M 05 Jan 2024 03:48:26.802 * <raft> Initializing test network
683076:M 05 Jan 2024 03:48:26.803 * <raft> Created test network client
683076:M 05 Jan 2024 03:48:26.806 * <raft> Raft module loaded, state is 'loading'
683076:M 05 Jan 2024 03:48:26.806 * Module 'raft' loaded from /home/snagendra/Fuzzing/redisraft-fuzzing/redisraft.so
683076:M 05 Jan 2024 03:48:26.806 * Server initialized
683076:M 05 Jan 2024 03:48:26.806 . The AOF directory appendonlydir doesn't exist
683076:M 05 Jan 2024 03:48:26.806 * Ready to accept connections tcp
683076:M 05 Jan 2024 03:48:26.806 . 0 clients connected (0 replicas), 1746720 bytes in use
683076:M 05 Jan 2024 03:48:26.809 - Accepted 127.0.0.1:43164
683076:M 05 Jan 2024 03:48:26.809 # Missing implement of connection type tls
683076:M 05 Jan 2024 03:48:26.907 * <raft> Loading: Redis loading complete, snapshot NOT LOADED
683076:M 05 Jan 2024 03:48:26.907 * <raft> Cluster Membership: term:0 index:0 nodes: id=3,voting=0,active=1,addr=-
683076:M 05 Jan 2024 03:48:26.907 * <raft> Test network starting message polling thread


=== REDIS BUG REPORT START: Cut & paste starting from here ===
683076:M 05 Jan 2024 03:48:26.907 # Redis 255.255.255 crashed by signal: 6, si_code: -6
683076:M 05 Jan 2024 03:48:26.907 # Crashed running the instruction at: 0x7f4efba96d3c

------ STACK TRACE ------
EIP:
/lib/x86_64-linux-gnu/libc.so.6(+0x8ad3c)[0x7f4efba96d3c]

Backtrace:
/lib/x86_64-linux-gnu/libc.so.6(+0x3bfd0)[0x7f4efba47fd0]
/lib/x86_64-linux-gnu/libc.so.6(+0x8ad3c)[0x7f4efba96d3c]
/lib/x86_64-linux-gnu/libc.so.6(gsignal+0x12)[0x7f4efba47f32]
/lib/x86_64-linux-gnu/libc.so.6(abort+0xd3)[0x7f4efba32472]
/lib/x86_64-linux-gnu/libc.so.6(+0x26395)[0x7f4efba32395]
/lib/x86_64-linux-gnu/libc.so.6(+0x34e32)[0x7f4efba40e32]
/home/snagendra/Fuzzing/redisraft-fuzzing/redisraft.so(+0x3caea)[0x7f4efa9b4aea]
/home/snagendra/Fuzzing/redisraft-fuzzing/redisraft.so(callRaftPeriodic+0x478)[0x7f4efa9a5088]
/home/snagendra/Fuzzing/redis/src/redis-server 0.0.0.0:5053(moduleTimerHandler+0x21c)[0x55fc30b0d98c]
/home/snagendra/Fuzzing/redis/src/redis-server 0.0.0.0:5053(+0x81705)[0x55fc30a17705]
/home/snagendra/Fuzzing/redis/src/redis-server 0.0.0.0:5053(aeMain+0x1c8)[0x55fc30a21cb8]
/home/snagendra/Fuzzing/redis/src/redis-server 0.0.0.0:5053(main+0x3cd)[0x55fc30a16e2d]
/lib/x86_64-linux-gnu/libc.so.6(+0x271ca)[0x7f4efba331ca]
/lib/x86_64-linux-gnu/libc.so.6(__libc_start_main+0x85)[0x7f4efba33285]
/home/snagendra/Fuzzing/redis/src/redis-server 0.0.0.0:5053(_start+0x2a)[0x55fc30a175aa]

------ REGISTERS ------
683076:M 05 Jan 2024 03:48:26.908 # 
RAX:0000000000000000 RBX:00000000000a6c44
RCX:00007f4efba96d3c RDX:0000000000000006
RDI:00000000000a6c44 RSI:00000000000a6c44
RBP:00007f4efba081c0 RSP:00007ffe1343fe50
R8 :0000000000000007 R9 :000055fc322846b0
R10:0000000000000008 R11:0000000000000246
R12:0000000000000006 R13:00000000000006a6
R14:00007f4efa9e105c R15:000055fc30b0c2b0
RIP:00007f4efba96d3c EFL:0000000000000246
CSGSFS:002b000000000033
683076:M 05 Jan 2024 03:48:26.908 # (00007ffe1343fe5f) -> 000055fc32284760
683076:M 05 Jan 2024 03:48:26.908 # (00007ffe1343fe5e) -> 00007f4efbbdec60
683076:M 05 Jan 2024 03:48:26.908 # (00007ffe1343fe5d) -> 0000000000000421
683076:M 05 Jan 2024 03:48:26.908 # (00007ffe1343fe5c) -> 000055fc322846b0
683076:M 05 Jan 2024 03:48:26.908 # (00007ffe1343fe5b) -> 00000000000006a6
683076:M 05 Jan 2024 03:48:26.908 # (00007ffe1343fe5a) -> 0000000000000020
683076:M 05 Jan 2024 03:48:26.908 # (00007ffe1343fe59) -> 00007f4efba32472
683076:M 05 Jan 2024 03:48:26.908 # (00007ffe1343fe58) -> 00007f4efbbdfe70
683076:M 05 Jan 2024 03:48:26.908 # (00007ffe1343fe57) -> 00007f4efba47f32
683076:M 05 Jan 2024 03:48:26.908 # (00007ffe1343fe56) -> 00007f4efa9e105c
683076:M 05 Jan 2024 03:48:26.908 # (00007ffe1343fe55) -> 00000000000006a6
683076:M 05 Jan 2024 03:48:26.908 # (00007ffe1343fe54) -> 00007f4efa9e0720
683076:M 05 Jan 2024 03:48:26.908 # (00007ffe1343fe53) -> 00007f4efba081c0
683076:M 05 Jan 2024 03:48:26.908 # (00007ffe1343fe52) -> 0000000000000006
683076:M 05 Jan 2024 03:48:26.908 # (00007ffe1343fe51) -> f9176e67c84ae300
683076:M 05 Jan 2024 03:48:26.908 # (00007ffe1343fe50) -> 000055fc30b0c2b0

------ INFO OUTPUT ------
# Server
redis_version:255.255.255
redis_git_sha1:e04ebdb8
redis_git_dirty:1
redis_build_id:1f78dcc7b4fbdd25
redis_mode:standalone
os:Linux 6.1.60.1.amd64-smp x86_64
arch_bits:64
monotonic_clock:POSIX clock_gettime
multiplexing_api:epoll
atomicvar_api:c11-builtin
gcc_version:10.2.1
process_id:683076
process_supervised:no
run_id:92627631f8d906007bc35029ebfeb058e88b8404
tcp_port:5053
server_time_usec:1704422906907006
uptime_in_seconds:0
uptime_in_days:0
hz:10
configured_hz:10
lru_clock:9924090
executable:/home/snagendra/Fuzzing/redis/src/redis-server
config_file:
io_threads_active:0
listener0:name=tcp,bind=0.0.0.0,port=5053

# Clients
connected_clients:1
cluster_connections:0
maxclients:10000
client_recent_max_input_buffer:0
client_recent_max_output_buffer:0
blocked_clients:0
tracking_clients:0
clients_in_timeout_table:0
total_blocking_keys:0
total_blocking_keys_on_nokey:0

# Memory
used_memory:1816936
used_memory_human:1.73M
used_memory_rss:18038784
used_memory_rss_human:17.20M
used_memory_peak:1816936
used_memory_peak_human:1.73M
used_memory_peak_perc:100.39%
used_memory_overhead:1746760
used_memory_startup:1746576
used_memory_dataset:70176
used_memory_dataset_perc:99.74%
allocator_allocated:2046696
allocator_active:2572288
allocator_resident:10887168
total_system_memory:270388695040
total_system_memory_human:251.82G
used_memory_lua:31744
used_memory_vm_eval:31744
used_memory_lua_human:31.00K
used_memory_scripts_eval:0
number_of_cached_scripts:0
number_of_functions:0
number_of_libraries:0
used_memory_vm_functions:32768
used_memory_vm_total:64512
used_memory_vm_total_human:63.00K
used_memory_functions:184
used_memory_scripts:184
used_memory_scripts_human:184B
maxmemory:0
maxmemory_human:0B
maxmemory_policy:noeviction
allocator_frag_ratio:1.26
allocator_frag_bytes:525592
allocator_rss_ratio:4.23
allocator_rss_bytes:8314880
rss_overhead_ratio:1.66
rss_overhead_bytes:7151616
mem_fragmentation_ratio:10.33
mem_fragmentation_bytes:16292064
mem_not_counted_for_evict:0
mem_replication_backlog:0
mem_total_replication_buffers:0
mem_clients_slaves:0
mem_clients_normal:0
mem_cluster_links:0
mem_aof_buffer:0
mem_allocator:jemalloc-5.3.0
active_defrag_running:0
lazyfree_pending_objects:0
lazyfreed_objects:0

# Persistence
loading:0
async_loading:0
current_cow_peak:0
current_cow_size:0
current_cow_size_age:0
current_fork_perc:0.00
current_save_keys_processed:0
current_save_keys_total:0
rdb_changes_since_last_save:0
rdb_bgsave_in_progress:0
rdb_last_save_time:1704422906
rdb_last_bgsave_status:ok
rdb_last_bgsave_time_sec:-1
rdb_current_bgsave_time_sec:-1
rdb_saves:0
rdb_last_cow_size:0
rdb_last_load_keys_expired:0
rdb_last_load_keys_loaded:0
aof_enabled:0
aof_rewrite_in_progress:0
aof_rewrite_scheduled:0
aof_last_rewrite_time_sec:-1
aof_current_rewrite_time_sec:-1
aof_last_bgrewrite_status:ok
aof_rewrites:0
aof_rewrites_consecutive_failures:0
aof_last_write_status:ok
aof_last_cow_size:0
module_fork_in_progress:0
module_fork_last_cow_size:0

# Stats
total_connections_received:1
total_commands_processed:7
instantaneous_ops_per_sec:25
total_net_input_bytes:33
total_net_output_bytes:5
total_net_repl_input_bytes:0
total_net_repl_output_bytes:0
instantaneous_input_kbps:0.00
instantaneous_output_kbps:0.00
instantaneous_input_repl_kbps:0.00
instantaneous_output_repl_kbps:0.00
rejected_connections:0
sync_full:0
sync_partial_ok:0
sync_partial_err:0
expired_keys:0
expired_stale_perc:0.00
expired_time_cap_reached_count:0
expire_cycle_cpu_milliseconds:0
evicted_keys:0
evicted_clients:0
total_eviction_exceeded_time:0
current_eviction_exceeded_time:0
keyspace_hits:0
keyspace_misses:0
pubsub_channels:0
pubsub_patterns:0
pubsubshard_channels:0
latest_fork_usec:0
total_forks:0
migrate_cached_sockets:0
slave_expires_tracked_keys:0
active_defrag_hits:0
active_defrag_misses:0
active_defrag_key_hits:0
active_defrag_key_misses:0
total_active_defrag_time:0
current_active_defrag_time:0
tracking_total_keys:0
tracking_total_items:0
tracking_total_prefixes:0
unexpected_error_replies:0
total_error_replies:0
dump_payload_sanitizations:0
total_reads_processed:1
total_writes_processed:1
io_threaded_reads_processed:0
io_threaded_writes_processed:0
reply_buffer_shrinks:0
reply_buffer_expands:0
acl_access_denied_auth:0
acl_access_denied_cmd:0
acl_access_denied_key:0
acl_access_denied_channel:0

# Replication
role:master
connected_slaves:0
master_failover_state:no-failover
master_replid:6e8b48236eed2191edf67d9234490aa96e92ace6
master_replid2:0000000000000000000000000000000000000000
master_repl_offset:0
second_repl_offset:-1
repl_backlog_active:0
repl_backlog_size:1048576
repl_backlog_first_byte_offset:0
repl_backlog_histlen:0

# CPU
used_cpu_sys:0.007623
used_cpu_user:0.011435
used_cpu_sys_children:0.000000
used_cpu_user_children:0.000000
used_cpu_sys_main_thread:0.006876
used_cpu_user_main_thread:0.010314

# Modules
module:name=raft,ver=1,api=1,filters=1,usedby=[],using=[],options=[]

# Commandstats
cmdstat_command:calls=2,usec=1441,usec_per_call=720.50,rejected_calls=0,failed_calls=0
cmdstat_auth:calls=1,usec=1,usec_per_call=1.00,rejected_calls=0,failed_calls=0
cmdstat_config|set:calls=1,usec=11,usec_per_call=11.00,rejected_calls=0,failed_calls=0
cmdstat_config|get:calls=3,usec=5,usec_per_call=1.67,rejected_calls=0,failed_calls=0

# Errorstats

# Latencystats
latency_percentiles_usec_command:p50=692.223,p99=753.663,p99.9=753.663
latency_percentiles_usec_auth:p50=1.003,p99=1.003,p99.9=1.003
latency_percentiles_usec_config|set:p50=11.007,p99=11.007,p99.9=11.007
latency_percentiles_usec_config|get:p50=2.007,p99=2.007,p99.9=2.007

# Cluster
cluster_enabled:0

# Keyspace

------ CLIENT LIST OUTPUT ------
id=8 addr=127.0.0.1:43164 laddr=127.0.0.1:5053 fd=11 name= age=0 idle=0 flags=N db=0 sub=0 psub=0 ssub=0 multi=-1 qbuf=0 qbuf-free=20474 argv-mem=0 multi-mem=0 rbs=16384 rbp=16384 obl=0 oll=0 omem=0 tot-mem=37760 events=r cmd=auth user=default redir=-1 resp=2 lib-name= lib-ver=

------ MODULES INFO OUTPUT ------
# raft_version
raft_version:255.255.255
raft_git_sha1:b779b199

# raft_general
raft_dbid:e78b5f4781122c67a6cf7abc5d13fd70
raft_node_id:3
raft_state:up
raft_role:follower
raft_is_voting:no
raft_voted_for:-1
raft_leader_id:-1
raft_current_term:0
raft_num_nodes:1
raft_num_voting_nodes:0

# raft_log
raft_log_entries:0
raft_current_index:0
raft_commit_index:0
raft_last_applied_index:0
raft_file_size:101
raft_cache_memory_size:0
raft_cache_entries:0
raft_client_attached_entries:0
raft_fsync_count:0
raft_fsync_max_microseconds:0
raft_fsync_avg_microseconds:0

# raft_snapshot
raft_snapshot_filename:redis3.rdb
raft_snapshot_last_idx:0
raft_snapshot_last_term:0
raft_snapshot_size:0
raft_snapshot_time_secs:-1
raft_snapshots_created:0
raft_snapshots_received:0
raft_snapshot_in_progress:no
raft_snapshot_in_progress_last_idx:-1
raft_snapshot_in_progress_last_term:-1

# raft_clients
raft_proxy_reqs:0
raft_proxy_failed_reqs:0
raft_proxy_failed_responses:0
raft_proxy_outstanding_reqs:0

# raft_stats
raft_appendreq_received:0
raft_appendreq_with_entry_received:0
raft_snapshotreq_received:0
raft_exec_throttled:0
raft_num_sessions:0

------ CONFIG DEBUG OUTPUT ------
sanitize-dump-payload no
lazyfree-lazy-user-flush no
list-compress-depth 0
io-threads 1
proto-max-bulk-len 512mb
repl-diskless-load disabled
replica-read-only yes
lazyfree-lazy-user-del no
lazyfree-lazy-server-del no
activedefrag no
repl-diskless-sync yes
io-threads-do-reads no
client-query-buffer-limit 1gb
lazyfree-lazy-eviction no
slave-read-only yes
lazyfree-lazy-expire no

------ FAST MEMORY TEST ------
683076:M 05 Jan 2024 03:48:26.908 # Bio worker thread #0 terminated
683076:M 05 Jan 2024 03:48:26.908 # Bio worker thread #1 terminated
683076:M 05 Jan 2024 03:48:26.908 # Bio worker thread #2 terminated
*** Preparing to test memory region 55fc30ced000 (2273280 bytes)
*** Preparing to test memory region 55fc3222f000 (405504 bytes)
*** Preparing to test memory region 7f4ed8000000 (135168 bytes)
*** Preparing to test memory region 7f4ee0000000 (135168 bytes)
*** Preparing to test memory region 7f4ee5ffe000 (8388608 bytes)
*** Preparing to test memory region 7f4ee8000000 (135168 bytes)
*** Preparing to test memory region 7f4eedffe000 (8388608 bytes)
*** Preparing to test memory region 7f4eee7ff000 (8388608 bytes)
*** Preparing to test memory region 7f4eef000000 (8388608 bytes)
*** Preparing to test memory region 7f4eef800000 (6291456 bytes)
*** Preparing to test memory region 7f4eefff9000 (8388608 bytes)
*** Preparing to test memory region 7f4ef07fa000 (8388608 bytes)
*** Preparing to test memory region 7f4ef0ffb000 (8388608 bytes)
*** Preparing to test memory region 7f4ef17fc000 (8388608 bytes)
*** Preparing to test memory region 7f4ef1ffd000 (8388608 bytes)
*** Preparing to test memory region 7f4ef27fe000 (8388608 bytes)
*** Preparing to test memory region 7f4ef2fff000 (8388608 bytes)
*** Preparing to test memory region 7f4ef3800000 (8388608 bytes)
*** Preparing to test memory region 7f4ef4000000 (135168 bytes)
*** Preparing to test memory region 7f4ef81d9000 (2097152 bytes)
*** Preparing to test memory region 7f4ef8400000 (2097152 bytes)
*** Preparing to test memory region 7f4ef8771000 (8388608 bytes)
*** Preparing to test memory region 7f4ef8f72000 (8388608 bytes)
*** Preparing to test memory region 7f4ef9772000 (2621440 bytes)
*** Preparing to test memory region 7f4efa07f000 (12288 bytes)
*** Preparing to test memory region 7f4efa097000 (8192 bytes)
*** Preparing to test memory region 7f4efa618000 (16384 bytes)
*** Preparing to test memory region 7f4efa72e000 (8192 bytes)
*** Preparing to test memory region 7f4efa8a5000 (4096 bytes)
*** Preparing to test memory region 7f4efa976000 (8192 bytes)
*** Preparing to test memory region 7f4efa9fa000 (24576 bytes)
*** Preparing to test memory region 7f4efb200000 (8388608 bytes)
*** Preparing to test memory region 7f4efba00000 (4096 bytes)
*** Preparing to test memory region 7f4efba07000 (20480 bytes)
*** Preparing to test memory region 7f4efbbe0000 (53248 bytes)
*** Preparing to test memory region 7f4efbcfd000 (8192 bytes)
.683076:M 05 Jan 2024 03:48:26.914 * <raft> Cluster Membership: term:1 index:2 nodes: id=3,voting=0,active=1,addr=- id=1,voting=1,active=1,addr=localhost:5051
683076:M 05 Jan 2024 03:48:26.914 * <raft> Cluster Membership: term:1 index:3 nodes: id=3,voting=0,active=1,addr=- id=1,voting=1,active=1,addr=localhost:5051 id=2,voting=0,active=1,addr=localhost:5052
O.O.O.O.O.O.O.O.O.O.O.O.O.O.O.O.O.O.O.O.O.O.683076:signal-handler (1704422907) Received SIGINT scheduling shutdown...
683076:signal-handler (1704422907) You insist... exiting now.
683243:C 05 Jan 2024 03:48:27.354 # WARNING Memory overcommit must be enabled! Without it, a background save or replication may fail under low memory condition. Being disabled, it can also cause failures without low memory condition, see https://github.com/jemalloc/jemalloc/issues/1328. To fix this issue add 'vm.overcommit_memory = 1' to /etc/sysctl.conf and then reboot or run the command 'sysctl vm.overcommit_memory=1' for this to take effect.
683243:C 05 Jan 2024 03:48:27.354 * oO0OoO0OoO0Oo Redis is starting oO0OoO0OoO0Oo
683243:C 05 Jan 2024 03:48:27.354 * Redis version=255.255.255, bits=64, commit=e04ebdb8, modified=1, pid=683243, just started
683243:C 05 Jan 2024 03:48:27.354 * Configuration loaded
683243:M 05 Jan 2024 03:48:27.354 * monotonic clock: POSIX clock_gettime
683243:M 05 Jan 2024 03:48:27.354 * Running mode=standalone, port=5053.
683243:M 05 Jan 2024 03:48:27.361 * <raft> RedisRaft version 255.255.255 [b779b199]
683243:M 05 Jan 2024 03:48:27.365 * <raft> Initializing test network
683243:M 05 Jan 2024 03:48:27.366 * <raft> Created test network client
683243:M 05 Jan 2024 03:48:27.369 * <raft> Raft module loaded, state is 'loading'
683243:M 05 Jan 2024 03:48:27.369 * Module 'raft' loaded from /home/snagendra/Fuzzing/redisraft-fuzzing/redisraft.so
683243:M 05 Jan 2024 03:48:27.370 * Server initialized
683243:M 05 Jan 2024 03:48:27.370 . The AOF directory appendonlydir doesn't exist
683243:M 05 Jan 2024 03:48:27.370 * Ready to accept connections tcp
683243:M 05 Jan 2024 03:48:27.370 . 0 clients connected (0 replicas), 1746656 bytes in use
683243:M 05 Jan 2024 03:48:27.470 * <raft> Loading: Redis loading complete, snapshot NOT LOADED
683243:M 05 Jan 2024 03:48:27.471 * <raft> Cluster Membership: term:0 index:0 nodes: id=3,voting=0,active=1,addr=-
683243:M 05 Jan 2024 03:48:27.471 * <raft> Test network starting message polling thread
683243:M 05 Jan 2024 03:48:27.471 * <raft> Cluster Membership: term:0 index:5 nodes: id=3,voting=0,active=1,addr=- id=1,voting=1,active=1,addr=localhost:5051
683243:M 05 Jan 2024 03:48:27.472 * <raft> Cluster Membership: term:0 index:5 nodes: id=3,voting=0,active=1,addr=- id=1,voting=1,active=1,addr=localhost:5051 id=2,voting=0,active=1,addr=localhost:5052
683243:M 05 Jan 2024 03:48:27.472 * <raft> Raft state after loading log: log_count=5, first_idx=1, current_idx=5, last_applied_idx=0
683243:M 05 Jan 2024 03:48:27.472 . <raft> Raft term=1, vote=-1
683243:M 05 Jan 2024 03:48:27.624 - Accepted 127.0.0.1:43172
683243:M 05 Jan 2024 03:48:27.624 # Missing implement of connection type tls
683243:M 05 Jan 2024 03:48:27.695 - Accepted 127.0.0.1:43178
683243:M 05 Jan 2024 03:48:27.872 * <raft> State change: Election starting, node is now a pre-candidate, term 1
683243:M 05 Jan 2024 03:48:27.872 * <raft> Cluster Membership: term:1 index:5 nodes: id=3,voting=0,active=1,addr=- id=1,voting=1,active=1,addr=localhost:5051 id=2,voting=0,active=1,addr=localhost:5052
683243:M 05 Jan 2024 03:48:27.952 - Client closed connection id=9 addr=127.0.0.1:43178 laddr=127.0.0.1:5053 fd=14 name= age=0 idle=0 flags=N db=0 sub=0 psub=0 ssub=0 multi=-1 qbuf=0 qbuf-free=20474 argv-mem=0 multi-mem=0 rbs=1024 rbp=0 obl=0 oll=0 omem=0 tot-mem=22400 events=r cmd=auth user=default redir=-1 resp=2 lib-name= lib-ver=
683243:M 05 Jan 2024 03:48:28.233 - Accepted 127.0.0.1:43188
683243:M 05 Jan 2024 03:48:28.274 * <raft> State change: Election starting, node is now a pre-candidate, term 1
683243:M 05 Jan 2024 03:48:28.274 * <raft> Cluster Membership: term:1 index:5 nodes: id=3,voting=0,active=1,addr=- id=1,voting=1,active=1,addr=localhost:5051 id=2,voting=0,active=1,addr=localhost:5052
683243:M 05 Jan 2024 03:48:28.400 - Client closed connection id=8 addr=127.0.0.1:43172 laddr=127.0.0.1:5053 fd=11 name= age=1 idle=1 flags=N db=0 sub=0 psub=0 ssub=0 multi=-1 qbuf=0 qbuf-free=20474 argv-mem=0 multi-mem=0 rbs=1024 rbp=0 obl=0 oll=0 omem=0 tot-mem=22400 events=r cmd=auth user=default redir=-1 resp=2 lib-name= lib-ver=
683243:M 05 Jan 2024 03:48:28.401 * <raft> State change: Node is now a follower, term 1
683243:M 05 Jan 2024 03:48:28.401 * <raft> Cluster Membership: term:1 index:5 nodes: id=3,voting=0,active=1,addr=- id=1,voting=1,active=1,addr=localhost:5051 id=2,voting=0,active=1,addr=localhost:5052
683243:signal-handler (1704422908) Received SIGINT scheduling shutdown...
683243:signal-handler (1704422908) You insist... exiting now.

----- Stderr -----
libgcov profiling error:/home/snagendra/Fuzzing/redisraft-fuzzing/build/deps/raft/CMakeFiles/raft.dir/src/raft_server.c.gcda:Merge mismatch for function 34
redis-server: /home/snagendra/Fuzzing/redisraft-fuzzing/deps/raft/src/raft_server.c:1702: raft_get_first_entry_idx: Assertion `0 < raft_get_current_idx(me)' failed.
libgcov profiling error:/home/snagendra/Fuzzing/redisraft-fuzzing/build/deps/raft/CMakeFiles/raft.dir/src/raft_server.c.gcda:Merge mismatch for function 34
libgcov profiling error:/home/snagendra/Fuzzing/redisraft-fuzzing/build/deps/raft/CMakeFiles/raft.dir/src/raft_server.c.gcda:Merge mismatch for function 34




logs for node: 1

----- Stdout -----
682647:C 05 Jan 2024 03:48:25.832 # WARNING Memory overcommit must be enabled! Without it, a background save or replication may fail under low memory condition. Being disabled, it can also cause failures without low memory condition, see https://github.com/jemalloc/jemalloc/issues/1328. To fix this issue add 'vm.overcommit_memory = 1' to /etc/sysctl.conf and then reboot or run the command 'sysctl vm.overcommit_memory=1' for this to take effect.
682647:C 05 Jan 2024 03:48:25.832 * oO0OoO0OoO0Oo Redis is starting oO0OoO0OoO0Oo
682647:C 05 Jan 2024 03:48:25.832 * Redis version=255.255.255, bits=64, commit=e04ebdb8, modified=1, pid=682647, just started
682647:C 05 Jan 2024 03:48:25.832 * Configuration loaded
682647:M 05 Jan 2024 03:48:25.833 * monotonic clock: POSIX clock_gettime
682647:M 05 Jan 2024 03:48:25.833 * Running mode=standalone, port=5051.
682647:M 05 Jan 2024 03:48:25.840 * <raft> RedisRaft version 255.255.255 [b779b199]
682647:M 05 Jan 2024 03:48:25.845 * <raft> Initializing test network
682647:M 05 Jan 2024 03:48:25.846 * <raft> Created test network client
682647:M 05 Jan 2024 03:48:25.847 * <raft> Raft module loaded, state is 'uninitialized'
682647:M 05 Jan 2024 03:48:25.847 * Module 'raft' loaded from /home/snagendra/Fuzzing/redisraft-fuzzing/redisraft.so
682647:M 05 Jan 2024 03:48:25.847 * Server initialized
682647:M 05 Jan 2024 03:48:25.848 . The AOF directory appendonlydir doesn't exist
682647:M 05 Jan 2024 03:48:25.848 * Ready to accept connections tcp
682647:M 05 Jan 2024 03:48:25.849 . 0 clients connected (0 replicas), 1726224 bytes in use
682647:M 05 Jan 2024 03:48:25.873 - Accepted 127.0.0.1:55478
682647:M 05 Jan 2024 03:48:25.873 # Missing implement of connection type tls
682647:M 05 Jan 2024 03:48:25.880 * <raft> Cluster Membership: term:0 index:0 nodes: id=1,voting=0,active=1,addr=-
682647:M 05 Jan 2024 03:48:25.886 * <raft> State change: Node is now a leader, term 1
682647:M 05 Jan 2024 03:48:25.886 * <raft> Cluster Membership: term:1 index:1 nodes: id=1,voting=0,active=1,addr=-
682647:M 05 Jan 2024 03:48:25.887 * <raft> Test network starting message polling thread
682647:M 05 Jan 2024 03:48:25.887 * <raft> Raft Cluster initialized, node id: 1, dbid: e78b5f4781122c67a6cf7abc5d13fd70
682647:M 05 Jan 2024 03:48:26.005 - Accepted 127.0.0.1:55480
682647:M 05 Jan 2024 03:48:26.006 * <raft> Cluster Membership: term:1 index:3 nodes: id=1,voting=1,active=1,addr=- id=2,voting=0,active=1,addr=localhost:5052
682647:M 05 Jan 2024 03:48:26.014 - Client closed connection id=9 addr=127.0.0.1:55480 laddr=127.0.0.1:5051 fd=12 name= age=0 idle=0 flags=N db=0 sub=0 psub=0 ssub=0 multi=-1 qbuf=0 qbuf-free=20474 argv-mem=0 multi-mem=0 rbs=16384 rbp=16384 obl=0 oll=0 omem=0 tot-mem=37760 events=r cmd=raft.node user=default redir=-1 resp=2 lib-name= lib-ver=
682647:M 05 Jan 2024 03:48:26.134 - Accepted 127.0.0.1:55496
682647:M 05 Jan 2024 03:48:26.134 * <raft> Cluster Membership: term:1 index:4 nodes: id=1,voting=1,active=1,addr=- id=2,voting=0,active=1,addr=localhost:5052 id=3,voting=0,active=1,addr=localhost:5053
682647:M 05 Jan 2024 03:48:26.143 - Client closed connection id=10 addr=127.0.0.1:55496 laddr=127.0.0.1:5051 fd=13 name= age=0 idle=0 flags=N db=0 sub=0 psub=0 ssub=0 multi=-1 qbuf=0 qbuf-free=20474 argv-mem=0 multi-mem=0 rbs=16384 rbp=16384 obl=0 oll=0 omem=0 tot-mem=37760 events=r cmd=raft.node user=default redir=-1 resp=2 lib-name= lib-ver=
682647:M 05 Jan 2024 03:48:26.306 - Accepted 127.0.0.1:55508
682647:signal-handler (1704422906) Received SIGINT scheduling shutdown...
682647:signal-handler (1704422906) You insist... exiting now.
683358:C 05 Jan 2024 03:48:27.569 # WARNING Memory overcommit must be enabled! Without it, a background save or replication may fail under low memory condition. Being disabled, it can also cause failures without low memory condition, see https://github.com/jemalloc/jemalloc/issues/1328. To fix this issue add 'vm.overcommit_memory = 1' to /etc/sysctl.conf and then reboot or run the command 'sysctl vm.overcommit_memory=1' for this to take effect.
683358:C 05 Jan 2024 03:48:27.569 * oO0OoO0OoO0Oo Redis is starting oO0OoO0OoO0Oo
683358:C 05 Jan 2024 03:48:27.569 * Redis version=255.255.255, bits=64, commit=e04ebdb8, modified=1, pid=683358, just started
683358:C 05 Jan 2024 03:48:27.569 * Configuration loaded
683358:M 05 Jan 2024 03:48:27.569 * monotonic clock: POSIX clock_gettime
683358:M 05 Jan 2024 03:48:27.570 * Running mode=standalone, port=5051.
683358:M 05 Jan 2024 03:48:27.577 * <raft> RedisRaft version 255.255.255 [b779b199]
683358:M 05 Jan 2024 03:48:27.581 * <raft> Initializing test network
683358:M 05 Jan 2024 03:48:27.582 * <raft> Created test network client
683358:M 05 Jan 2024 03:48:27.586 * <raft> Raft module loaded, state is 'loading'
683358:M 05 Jan 2024 03:48:27.586 * Module 'raft' loaded from /home/snagendra/Fuzzing/redisraft-fuzzing/redisraft.so
683358:M 05 Jan 2024 03:48:27.586 * Server initialized
683358:M 05 Jan 2024 03:48:27.586 . The AOF directory appendonlydir doesn't exist
683358:M 05 Jan 2024 03:48:27.586 * Ready to accept connections tcp
683358:M 05 Jan 2024 03:48:27.586 . 0 clients connected (0 replicas), 1746656 bytes in use
683358:M 05 Jan 2024 03:48:27.624 - Accepted 127.0.0.1:55572
683358:M 05 Jan 2024 03:48:27.624 # Missing implement of connection type tls
683358:M 05 Jan 2024 03:48:27.674 - Accepted 127.0.0.1:55578
683358:M 05 Jan 2024 03:48:27.686 * <raft> Loading: Redis loading complete, snapshot NOT LOADED
683358:M 05 Jan 2024 03:48:27.686 * <raft> Cluster Membership: term:0 index:0 nodes: id=1,voting=0,active=1,addr=-
683358:M 05 Jan 2024 03:48:27.687 * <raft> Test network starting message polling thread
683358:M 05 Jan 2024 03:48:27.687 * <raft> Cluster Membership: term:0 index:5 nodes: id=1,voting=1,active=1,addr=- id=2,voting=0,active=1,addr=localhost:5052
683358:M 05 Jan 2024 03:48:27.687 * <raft> Cluster Membership: term:0 index:5 nodes: id=1,voting=1,active=1,addr=- id=2,voting=0,active=1,addr=localhost:5052 id=3,voting=0,active=1,addr=localhost:5053
683358:M 05 Jan 2024 03:48:27.687 * <raft> Raft state after loading log: log_count=5, first_idx=1, current_idx=5, last_applied_idx=0
683358:M 05 Jan 2024 03:48:27.687 . <raft> Raft term=1, vote=-1
683358:M 05 Jan 2024 03:48:27.694 * <raft> State change: Node is now a leader, term 2
683358:M 05 Jan 2024 03:48:27.694 * <raft> Cluster Membership: term:2 index:6 nodes: id=1,voting=1,active=1,addr=- id=2,voting=0,active=1,addr=localhost:5052 id=3,voting=0,active=1,addr=localhost:5053
683358:M 05 Jan 2024 03:48:27.871 - Accepted 127.0.0.1:55592
683358:signal-handler (1704422907) Received SIGINT scheduling shutdown...
683358:signal-handler (1704422907) You insist... exiting now.
683545:C 05 Jan 2024 03:48:28.107 # WARNING Memory overcommit must be enabled! Without it, a background save or replication may fail under low memory condition. Being disabled, it can also cause failures without low memory condition, see https://github.com/jemalloc/jemalloc/issues/1328. To fix this issue add 'vm.overcommit_memory = 1' to /etc/sysctl.conf and then reboot or run the command 'sysctl vm.overcommit_memory=1' for this to take effect.
683545:C 05 Jan 2024 03:48:28.108 * oO0OoO0OoO0Oo Redis is starting oO0OoO0OoO0Oo
683545:C 05 Jan 2024 03:48:28.108 * Redis version=255.255.255, bits=64, commit=e04ebdb8, modified=1, pid=683545, just started
683545:C 05 Jan 2024 03:48:28.108 * Configuration loaded
683545:M 05 Jan 2024 03:48:28.108 * monotonic clock: POSIX clock_gettime
683545:M 05 Jan 2024 03:48:28.108 * Running mode=standalone, port=5051.
683545:M 05 Jan 2024 03:48:28.115 * <raft> RedisRaft version 255.255.255 [b779b199]
683545:M 05 Jan 2024 03:48:28.119 * <raft> Initializing test network
683545:M 05 Jan 2024 03:48:28.120 * <raft> Created test network client
683545:M 05 Jan 2024 03:48:28.125 * <raft> Raft module loaded, state is 'loading'
683545:M 05 Jan 2024 03:48:28.125 * Module 'raft' loaded from /home/snagendra/Fuzzing/redisraft-fuzzing/redisraft.so
683545:M 05 Jan 2024 03:48:28.125 * Server initialized
683545:M 05 Jan 2024 03:48:28.125 . The AOF directory appendonlydir doesn't exist
683545:M 05 Jan 2024 03:48:28.125 * Ready to accept connections tcp
683545:M 05 Jan 2024 03:48:28.125 . 0 clients connected (0 replicas), 1746688 bytes in use
683545:M 05 Jan 2024 03:48:28.126 - Accepted 127.0.0.1:55622
683545:M 05 Jan 2024 03:48:28.126 # Missing implement of connection type tls
683545:M 05 Jan 2024 03:48:28.176 - Accepted 127.0.0.1:55624
683545:M 05 Jan 2024 03:48:28.225 * <raft> Loading: Redis loading complete, snapshot NOT LOADED
683545:M 05 Jan 2024 03:48:28.225 * <raft> Cluster Membership: term:0 index:0 nodes: id=1,voting=0,active=1,addr=-
683545:M 05 Jan 2024 03:48:28.225 * <raft> Test network starting message polling thread
683545:M 05 Jan 2024 03:48:28.226 * <raft> Cluster Membership: term:0 index:7 nodes: id=1,voting=1,active=1,addr=- id=2,voting=0,active=1,addr=localhost:5052
683545:M 05 Jan 2024 03:48:28.226 * <raft> Cluster Membership: term:0 index:7 nodes: id=1,voting=1,active=1,addr=- id=2,voting=0,active=1,addr=localhost:5052 id=3,voting=0,active=1,addr=localhost:5053
683545:M 05 Jan 2024 03:48:28.226 * <raft> Raft state after loading log: log_count=7, first_idx=1, current_idx=7, last_applied_idx=0
683545:M 05 Jan 2024 03:48:28.226 . <raft> Raft term=2, vote=-1
683545:M 05 Jan 2024 03:48:28.232 * <raft> State change: Node is now a leader, term 3
683545:M 05 Jan 2024 03:48:28.233 * <raft> Cluster Membership: term:3 index:8 nodes: id=1,voting=1,active=1,addr=- id=2,voting=0,active=1,addr=localhost:5052 id=3,voting=0,active=1,addr=localhost:5053
683545:M 05 Jan 2024 03:48:28.400 - Client closed connection id=8 addr=127.0.0.1:55622 laddr=127.0.0.1:5051 fd=11 name= age=0 idle=0 flags=N db=0 sub=0 psub=0 ssub=0 multi=-1 qbuf=0 qbuf-free=20474 argv-mem=0 multi-mem=0 rbs=1024 rbp=0 obl=0 oll=0 omem=0 tot-mem=22400 events=r cmd=auth user=default redir=-1 resp=2 lib-name= lib-ver=
683545:M 05 Jan 2024 03:48:28.662 - Client closed connection id=9 addr=127.0.0.1:55624 laddr=127.0.0.1:5051 fd=13 name= age=0 idle=0 flags=N db=0 sub=0 psub=0 ssub=0 multi=-1 qbuf=0 qbuf-free=20474 argv-mem=0 multi-mem=0 rbs=1024 rbp=0 obl=0 oll=0 omem=0 tot-mem=22400 events=r cmd=auth user=default redir=-1 resp=2 lib-name= lib-ver=
683545:signal-handler (1704422909) Received SIGINT scheduling shutdown...
683545:signal-handler (1704422909) You insist... exiting now.

----- Stderr -----
libgcov profiling error:/home/snagendra/Fuzzing/redisraft-fuzzing/build/deps/raft/CMakeFiles/raft.dir/src/raft_server.c.gcda:Merge mismatch for function 34
libgcov profiling error:/home/snagendra/Fuzzing/redisraft-fuzzing/build/deps/raft/CMakeFiles/raft.dir/src/raft_server.c.gcda:Merge mismatch for function 34
libgcov profiling error:/home/snagendra/Fuzzing/redisraft-fuzzing/build/deps/raft/CMakeFiles/raft.dir/src/raft_server.c.gcda:Merge mismatch for function 34



