logs for node: 1

----- Stdout -----
3055934:C 05 Jan 2024 05:15:03.773 # WARNING Memory overcommit must be enabled! Without it, a background save or replication may fail under low memory condition. Being disabled, it can also cause failures without low memory condition, see https://github.com/jemalloc/jemalloc/issues/1328. To fix this issue add 'vm.overcommit_memory = 1' to /etc/sysctl.conf and then reboot or run the command 'sysctl vm.overcommit_memory=1' for this to take effect.
3055934:C 05 Jan 2024 05:15:03.773 * oO0OoO0OoO0Oo Redis is starting oO0OoO0OoO0Oo
3055934:C 05 Jan 2024 05:15:03.773 * Redis version=255.255.255, bits=64, commit=e04ebdb8, modified=1, pid=3055934, just started
3055934:C 05 Jan 2024 05:15:03.773 * Configuration loaded
3055934:M 05 Jan 2024 05:15:03.773 * monotonic clock: POSIX clock_gettime
3055934:M 05 Jan 2024 05:15:03.774 * Running mode=standalone, port=5061.
3055934:M 05 Jan 2024 05:15:03.780 * <raft> RedisRaft version 255.255.255 [b779b199]
3055934:M 05 Jan 2024 05:15:03.785 * <raft> Initializing test network
3055934:M 05 Jan 2024 05:15:03.786 * <raft> Created test network client
3055934:M 05 Jan 2024 05:15:03.787 * <raft> Raft module loaded, state is 'uninitialized'
3055934:M 05 Jan 2024 05:15:03.787 * Module 'raft' loaded from /home/snagendra/Fuzzing/redisraft-fuzzing/redisraft.so
3055934:M 05 Jan 2024 05:15:03.787 * Server initialized
3055934:M 05 Jan 2024 05:15:03.788 . The AOF directory appendonlydir doesn't exist
3055934:M 05 Jan 2024 05:15:03.788 * Ready to accept connections tcp
3055934:M 05 Jan 2024 05:15:03.788 . 0 clients connected (0 replicas), 1726224 bytes in use
3055934:M 05 Jan 2024 05:15:03.808 - Accepted 127.0.0.1:57222
3055934:M 05 Jan 2024 05:15:03.808 # Missing implement of connection type tls
3055934:M 05 Jan 2024 05:15:03.819 * <raft> Cluster Membership: term:0 index:0 nodes: id=1,voting=0,active=1,addr=-
3055934:M 05 Jan 2024 05:15:03.826 * <raft> State change: Node is now a leader, term 1
3055934:M 05 Jan 2024 05:15:03.826 * <raft> Cluster Membership: term:1 index:1 nodes: id=1,voting=0,active=1,addr=-
3055934:M 05 Jan 2024 05:15:03.826 * <raft> Test network starting message polling thread
3055934:M 05 Jan 2024 05:15:03.826 * <raft> Raft Cluster initialized, node id: 1, dbid: 348454c62930140c1c220a15d26f03f8
3055934:M 05 Jan 2024 05:15:03.943 - Accepted 127.0.0.1:57228
3055934:M 05 Jan 2024 05:15:03.944 * <raft> Cluster Membership: term:1 index:3 nodes: id=1,voting=1,active=1,addr=- id=2,voting=0,active=1,addr=localhost:5062
3055934:M 05 Jan 2024 05:15:03.951 - Client closed connection id=9 addr=127.0.0.1:57228 laddr=127.0.0.1:5061 fd=12 name= age=0 idle=0 flags=N db=0 sub=0 psub=0 ssub=0 multi=-1 qbuf=0 qbuf-free=20474 argv-mem=0 multi-mem=0 rbs=16384 rbp=16384 obl=0 oll=0 omem=0 tot-mem=37760 events=r cmd=raft.node user=default redir=-1 resp=2 lib-name= lib-ver=
3055934:M 05 Jan 2024 05:15:04.070 - Accepted 127.0.0.1:57232
3055934:M 05 Jan 2024 05:15:04.071 * <raft> Cluster Membership: term:1 index:4 nodes: id=1,voting=1,active=1,addr=- id=2,voting=0,active=1,addr=localhost:5062 id=3,voting=0,active=1,addr=localhost:5063
3055934:M 05 Jan 2024 05:15:04.079 - Client closed connection id=10 addr=127.0.0.1:57232 laddr=127.0.0.1:5061 fd=13 name= age=0 idle=0 flags=N db=0 sub=0 psub=0 ssub=0 multi=-1 qbuf=0 qbuf-free=20474 argv-mem=0 multi-mem=0 rbs=16384 rbp=16384 obl=0 oll=0 omem=0 tot-mem=37760 events=r cmd=raft.node user=default redir=-1 resp=2 lib-name= lib-ver=
3055934:signal-handler (1704428104) Received SIGINT scheduling shutdown...
3055934:signal-handler (1704428104) You insist... exiting now.


=== REDIS BUG REPORT START: Cut & paste starting from here ===
3055934:M 05 Jan 2024 05:15:04.187 # Redis 255.255.255 crashed by signal: 11, si_code: 1
3055934:M 05 Jan 2024 05:15:04.187 # Accessing address: 0x18
3055934:M 05 Jan 2024 05:15:04.187 # Crashed running the instruction at: 0x7f63628d80b0

------ STACK TRACE ------
EIP:
/lib/x86_64-linux-gnu/libc.so.6(__pthread_rwlock_wrlock+0x0)[0x7f63628d80b0]

Backtrace:
/lib/x86_64-linux-gnu/libc.so.6(+0x3bfd0)[0x7f6362884fd0]
/lib/x86_64-linux-gnu/libc.so.6(__pthread_rwlock_wrlock+0x0)[0x7f63628d80b0]
/lib/x86_64-linux-gnu/libcrypto.so.3(CRYPTO_THREAD_write_lock+0x9)[0x7f6360c3df49]
/lib/x86_64-linux-gnu/libcrypto.so.3(ENGINE_get_first+0x3a)[0x7f6360be408a]
/lib/x86_64-linux-gnu/libcrypto.so.3(ENGINE_register_all_complete+0x6)[0x7f6360be3486]
/lib/x86_64-linux-gnu/libssh2.so.1(libssh2_init+0x39)[0x7f636163b389]
/lib/x86_64-linux-gnu/libcurl-gnutls.so.4(+0x8146b)[0x7f636174e46b]
/lib/x86_64-linux-gnu/libcurl-gnutls.so.4(+0x22125)[0x7f63616ef125]
/lib/x86_64-linux-gnu/libcurl-gnutls.so.4(curl_global_init+0x3a)[0x7f63616ef22a]
/home/snagendra/Fuzzing/redisraft-fuzzing/redisraft.so(redis_test_http_do+0x2c)[0x7f63617c486c]
/home/snagendra/Fuzzing/redisraft-fuzzing/redisraft.so(redis_test_http_post+0x26)[0x7f63617c4a86]
/home/snagendra/Fuzzing/redisraft-fuzzing/redisraft.so(redis_test_send_message+0x9d)[0x7f63617c3efd]
/home/snagendra/Fuzzing/redisraft-fuzzing/redisraft.so(testNetworkSendAppendEntries+0x6a)[0x7f63617ad19a]
/home/snagendra/Fuzzing/redisraft-fuzzing/redisraft.so(raft_send_appendentries+0x1ea)[0x7f63617b5baa]
/home/snagendra/Fuzzing/redisraft-fuzzing/redisraft.so(raft_send_appendentries_all+0x4d)[0x7f63617b5e8d]
/home/snagendra/Fuzzing/redisraft-fuzzing/redisraft.so(raft_periodic_internal+0x240)[0x7f63617b87e0]
/home/snagendra/Fuzzing/redisraft-fuzzing/redisraft.so(raft_periodic+0x18)[0x7f63617b8868]
/home/snagendra/Fuzzing/redisraft-fuzzing/redisraft.so(+0x2b765)[0x7f63617a3765]
3057217:C 05 Jan 2024 05:15:06.454 # WARNING Memory overcommit must be enabled! Without it, a background save or replication may fail under low memory condition. Being disabled, it can also cause failures without low memory condition, see https://github.com/jemalloc/jemalloc/issues/1328. To fix this issue add 'vm.overcommit_memory = 1' to /etc/sysctl.conf and then reboot or run the command 'sysctl vm.overcommit_memory=1' for this to take effect.
3057217:C 05 Jan 2024 05:15:06.454 * oO0OoO0OoO0Oo Redis is starting oO0OoO0OoO0Oo
3057217:C 05 Jan 2024 05:15:06.454 * Redis version=255.255.255, bits=64, commit=e04ebdb8, modified=1, pid=3057217, just started
3057217:C 05 Jan 2024 05:15:06.454 * Configuration loaded
3057217:M 05 Jan 2024 05:15:06.455 * monotonic clock: POSIX clock_gettime
3057217:M 05 Jan 2024 05:15:06.455 * Running mode=standalone, port=5061.
3057217:M 05 Jan 2024 05:15:06.461 * <raft> RedisRaft version 255.255.255 [b779b199]
3057217:M 05 Jan 2024 05:15:06.466 * <raft> Initializing test network
3057217:M 05 Jan 2024 05:15:06.466 * <raft> Created test network client
3057217:M 05 Jan 2024 05:15:06.470 * <raft> Raft module loaded, state is 'loading'
3057217:M 05 Jan 2024 05:15:06.470 * Module 'raft' loaded from /home/snagendra/Fuzzing/redisraft-fuzzing/redisraft.so
3057217:M 05 Jan 2024 05:15:06.470 * Server initialized
3057217:M 05 Jan 2024 05:15:06.470 . The AOF directory appendonlydir doesn't exist
3057217:M 05 Jan 2024 05:15:06.470 * Ready to accept connections tcp
3057217:M 05 Jan 2024 05:15:06.470 - Accepted 127.0.0.1:57336
3057217:M 05 Jan 2024 05:15:06.470 # Missing implement of connection type tls
3057217:M 05 Jan 2024 05:15:06.470 . 1 clients connected (0 replicas), 1764456 bytes in use
3057217:M 05 Jan 2024 05:15:06.503 - Client closed connection id=8 addr=127.0.0.1:57336 laddr=127.0.0.1:5061 fd=11 name= age=0 idle=0 flags=N db=0 sub=0 psub=0 ssub=0 multi=-1 qbuf=0 qbuf-free=20474 argv-mem=0 multi-mem=0 rbs=16384 rbp=5 obl=0 oll=0 omem=0 tot-mem=37760 events=r cmd=auth user=default redir=-1 resp=2 lib-name= lib-ver=
3057217:M 05 Jan 2024 05:15:06.570 * <raft> Loading: Redis loading complete, snapshot NOT LOADED
3057217:M 05 Jan 2024 05:15:06.570 * <raft> Cluster Membership: term:0 index:0 nodes: id=1,voting=0,active=1,addr=-
3057217:M 05 Jan 2024 05:15:06.571 * <raft> Test network starting message polling thread
3057217:M 05 Jan 2024 05:15:06.571 * <raft> Cluster Membership: term:0 index:4 nodes: id=1,voting=1,active=1,addr=- id=2,voting=0,active=1,addr=localhost:5062
3057217:M 05 Jan 2024 05:15:06.571 * <raft> Cluster Membership: term:0 index:4 nodes: id=1,voting=1,active=1,addr=- id=2,voting=0,active=1,addr=localhost:5062 id=3,voting=0,active=1,addr=localhost:5063
3057217:M 05 Jan 2024 05:15:06.571 * <raft> Raft state after loading log: log_count=4, first_idx=1, current_idx=4, last_applied_idx=0
3057217:M 05 Jan 2024 05:15:06.571 . <raft> Raft term=1, vote=-1
3057217:M 05 Jan 2024 05:15:06.578 * <raft> State change: Node is now a leader, term 2
3057217:M 05 Jan 2024 05:15:06.578 * <raft> Cluster Membership: term:2 index:5 nodes: id=1,voting=1,active=1,addr=- id=2,voting=0,active=1,addr=localhost:5062 id=3,voting=0,active=1,addr=localhost:5063
3057217:M 05 Jan 2024 05:15:07.026 - Accepted 127.0.0.1:57346
3057217:signal-handler (1704428107) 3057217Received SIGINT scheduling shutdown...
:signal-handler (1704428107) Received SIGINT scheduling shutdown...

----- Stderr -----




logs for node: 2

----- Stdout -----
3055980:C 05 Jan 2024 05:15:03.829 # WARNING Memory overcommit must be enabled! Without it, a background save or replication may fail under low memory condition. Being disabled, it can also cause failures without low memory condition, see https://github.com/jemalloc/jemalloc/issues/1328. To fix this issue add 'vm.overcommit_memory = 1' to /etc/sysctl.conf and then reboot or run the command 'sysctl vm.overcommit_memory=1' for this to take effect.
3055980:C 05 Jan 2024 05:15:03.829 * oO0OoO0OoO0Oo Redis is starting oO0OoO0OoO0Oo
3055980:C 05 Jan 2024 05:15:03.829 * Redis version=255.255.255, bits=64, commit=e04ebdb8, modified=1, pid=3055980, just started
3055980:C 05 Jan 2024 05:15:03.829 * Configuration loaded
3055980:M 05 Jan 2024 05:15:03.829 * monotonic clock: POSIX clock_gettime
3055980:M 05 Jan 2024 05:15:03.830 * Running mode=standalone, port=5062.
3055980:M 05 Jan 2024 05:15:03.836 * <raft> RedisRaft version 255.255.255 [b779b199]
3055980:M 05 Jan 2024 05:15:03.841 * <raft> Initializing test network
3055980:M 05 Jan 2024 05:15:03.842 * <raft> Created test network client
3055980:M 05 Jan 2024 05:15:03.843 * <raft> Raft module loaded, state is 'uninitialized'
3055980:M 05 Jan 2024 05:15:03.843 * Module 'raft' loaded from /home/snagendra/Fuzzing/redisraft-fuzzing/redisraft.so
3055980:M 05 Jan 2024 05:15:03.843 * Server initialized
3055980:M 05 Jan 2024 05:15:03.844 . The AOF directory appendonlydir doesn't exist
3055980:M 05 Jan 2024 05:15:03.844 * Ready to accept connections tcp
3055980:M 05 Jan 2024 05:15:03.844 . 0 clients connected (0 replicas), 1726192 bytes in use
3055980:M 05 Jan 2024 05:15:03.852 - Accepted 127.0.0.1:38040
3055980:M 05 Jan 2024 05:15:03.852 # Missing implement of connection type tls
3055980:M 05 Jan 2024 05:15:03.943 - <raft> join cluster, connecting to localhost:5061
3055980:M 05 Jan 2024 05:15:03.944 * <raft> Joined Raft cluster, node id: 2, dbid: 348454c62930140c1c220a15d26f03f8
3055980:M 05 Jan 2024 05:15:03.951 * <raft> Cluster Membership: term:0 index:0 nodes: id=2,voting=0,active=1,addr=-
3055980:M 05 Jan 2024 05:15:03.951 * <raft> Test network starting message polling thread
3055980:M 05 Jan 2024 05:15:03.988 - Accepted 127.0.0.1:38052
3055980:M 05 Jan 2024 05:15:04.190 - Client closed connection id=9 addr=127.0.0.1:38052 laddr=127.0.0.1:5062 fd=10 name= age=1 idle=1 flags=N db=0 sub=0 psub=0 ssub=0 multi=-1 qbuf=0 qbuf-free=20474 argv-mem=0 multi-mem=0 rbs=1024 rbp=0 obl=0 oll=0 omem=0 tot-mem=22400 events=r cmd=auth user=default redir=-1 resp=2 lib-name= lib-ver=
3055980:M 05 Jan 2024 05:15:04.344 * <raft> State change: Election starting, node is now a pre-candidate, term 0
3055980:M 05 Jan 2024 05:15:04.344 * <raft> Cluster Membership: term:0 index:0 nodes: id=2,voting=0,active=1,addr=-
3055980:M 05 Jan 2024 05:15:04.470 * <raft> State change: Node is now a follower, term 1
3055980:M 05 Jan 2024 05:15:04.470 * <raft> Cluster Membership: term:1 index:0 nodes: id=2,voting=0,active=1,addr=-
3055980:M 05 Jan 2024 05:15:04.471 * <raft> Cluster Membership: term:1 index:2 nodes: id=2,voting=0,active=1,addr=- id=1,voting=1,active=1,addr=localhost:5061
3055980:M 05 Jan 2024 05:15:05.048 * <raft> State change: Election starting, node is now a pre-candidate, term 1
3055980:M 05 Jan 2024 05:15:05.048 * <raft> Cluster Membership: term:1 index:3 nodes: id=2,voting=0,active=1,addr=- id=1,voting=1,active=1,addr=localhost:5061
3055980:M 05 Jan 2024 05:15:05.127 * <raft> State change: Node is now a follower, term 1
3055980:M 05 Jan 2024 05:15:05.127 * <raft> Cluster Membership: term:1 index:3 nodes: id=2,voting=0,active=1,addr=- id=1,voting=1,active=1,addr=localhost:5061
3055980:signal-handler (1704428105) Received SIGINT scheduling shutdown...
3055980:signal-handler (1704428105) You insist... exiting now.
3056991:C 05 Jan 2024 05:15:06.150 # WARNING Memory overcommit must be enabled! Without it, a background save or replication may fail under low memory condition. Being disabled, it can also cause failures without low memory condition, see https://github.com/jemalloc/jemalloc/issues/1328. To fix this issue add 'vm.overcommit_memory = 1' to /etc/sysctl.conf and then reboot or run the command 'sysctl vm.overcommit_memory=1' for this to take effect.
3056991:C 05 Jan 2024 05:15:06.150 * oO0OoO0OoO0Oo Redis is starting oO0OoO0OoO0Oo
3056991:C 05 Jan 2024 05:15:06.150 * Redis version=255.255.255, bits=64, commit=e04ebdb8, modified=1, pid=3056991, just started
3056991:C 05 Jan 2024 05:15:06.150 * Configuration loaded
3056991:M 05 Jan 2024 05:15:06.151 * monotonic clock: POSIX clock_gettime
3056991:M 05 Jan 2024 05:15:06.151 * Running mode=standalone, port=5062.
3056991:M 05 Jan 2024 05:15:06.158 * <raft> RedisRaft version 255.255.255 [b779b199]
3056991:M 05 Jan 2024 05:15:06.162 * <raft> Initializing test network
3056991:M 05 Jan 2024 05:15:06.163 * <raft> Created test network client
3056991:M 05 Jan 2024 05:15:06.167 * <raft> Raft module loaded, state is 'loading'
3056991:M 05 Jan 2024 05:15:06.167 * Module 'raft' loaded from /home/snagendra/Fuzzing/redisraft-fuzzing/redisraft.so
3056991:M 05 Jan 2024 05:15:06.167 * Server initialized
3056991:M 05 Jan 2024 05:15:06.167 . The AOF directory appendonlydir doesn't exist
3056991:M 05 Jan 2024 05:15:06.167 * Ready to accept connections tcp
3056991:M 05 Jan 2024 05:15:06.167 . 0 clients connected (0 replicas), 1746592 bytes in use
3056991:M 05 Jan 2024 05:15:06.268 * <raft> Loading: Redis loading complete, snapshot NOT LOADED
3056991:M 05 Jan 2024 05:15:06.268 * <raft> Cluster Membership: term:0 index:0 nodes: id=2,voting=0,active=1,addr=-
3056991:M 05 Jan 2024 05:15:06.268 * <raft> Test network starting message polling thread
3056991:M 05 Jan 2024 05:15:06.269 * <raft> Cluster Membership: term:0 index:3 nodes: id=2,voting=0,active=1,addr=- id=1,voting=1,active=1,addr=localhost:5061
3056991:M 05 Jan 2024 05:15:06.269 * <raft> Raft state after loading log: log_count=3, first_idx=1, current_idx=3, last_applied_idx=0
3056991:M 05 Jan 2024 05:15:06.269 . <raft> Raft term=1, vote=-1
3056991:signal-handler (1704428106) Received SIGINT scheduling shutdown...
3056991:signal-handler (1704428106) You insist... exiting now.
3057433:C 05 Jan 2024 05:15:06.904 # WARNING Memory overcommit must be enabled! Without it, a background save or replication may fail under low memory condition. Being disabled, it can also cause failures without low memory condition, see https://github.com/jemalloc/jemalloc/issues/1328. To fix this issue add 'vm.overcommit_memory = 1' to /etc/sysctl.conf and then reboot or run the command 'sysctl vm.overcommit_memory=1' for this to take effect.
3057433:C 05 Jan 2024 05:15:06.905 * oO0OoO0OoO0Oo Redis is starting oO0OoO0OoO0Oo
3057433:C 05 Jan 2024 05:15:06.905 * Redis version=255.255.255, bits=64, commit=e04ebdb8, modified=1, pid=3057433, just started
3057433:C 05 Jan 2024 05:15:06.905 * Configuration loaded
3057433:M 05 Jan 2024 05:15:06.905 * monotonic clock: POSIX clock_gettime
3057433:M 05 Jan 2024 05:15:06.906 * Running mode=standalone, port=5062.
3057433:M 05 Jan 2024 05:15:06.913 * <raft> RedisRaft version 255.255.255 [b779b199]
3057433:M 05 Jan 2024 05:15:06.917 * <raft> Initializing test network
3057433:M 05 Jan 2024 05:15:06.919 * <raft> Created test network client
3057433:M 05 Jan 2024 05:15:06.923 * <raft> Raft module loaded, state is 'loading'
3057433:M 05 Jan 2024 05:15:06.923 * Module 'raft' loaded from /home/snagendra/Fuzzing/redisraft-fuzzing/redisraft.so
3057433:M 05 Jan 2024 05:15:06.924 * Server initialized
3057433:M 05 Jan 2024 05:15:06.924 . The AOF directory appendonlydir doesn't exist
3057433:M 05 Jan 2024 05:15:06.924 * Ready to accept connections tcp
3057433:M 05 Jan 2024 05:15:06.924 . 0 clients connected (0 replicas), 1746624 bytes in use
3057433:M 05 Jan 2024 05:15:06.980 - Accepted 127.0.0.1:38082
3057433:M 05 Jan 2024 05:15:06.980 # Missing implement of connection type tls
3057433:M 05 Jan 2024 05:15:07.024 * <raft> Loading: Redis loading complete, snapshot NOT LOADED
3057433:M 05 Jan 2024 05:15:07.025 * <raft> Cluster Membership: term:0 index:0 nodes: id=2,voting=0,active=1,addr=-
3057433:M 05 Jan 2024 05:15:07.025 * <raft> Test network starting message polling thread
3057433:M 05 Jan 2024 05:15:07.025 * <raft> Cluster Membership: term:0 index:3 nodes: id=2,voting=0,active=1,addr=- id=1,voting=1,active=1,addr=localhost:5061
3057433:M 05 Jan 2024 05:15:07.025 * <raft> Raft state after loading log: log_count=3, first_idx=1, current_idx=3, last_applied_idx=0
3057433:M 05 Jan 2024 05:15:07.025 . <raft> Raft term=1, vote=-1
3057433:M 05 Jan 2024 05:15:07.032 * <raft> Cluster Membership: term:1 index:4 nodes: id=2,voting=0,active=1,addr=- id=1,voting=1,active=1,addr=localhost:5061 id=3,voting=0,active=1,addr=localhost:5063
3057433:M 05 Jan 2024 05:15:07.261 - Client closed connection id=8 addr=127.0.0.1:38082 laddr=127.0.0.1:5062 fd=11 name= age=1 idle=1 flags=N db=0 sub=0 psub=0 ssub=0 multi=-1 qbuf=0 qbuf-free=20474 argv-mem=0 multi-mem=0 rbs=1024 rbp=0 obl=0 oll=0 omem=0 tot-mem=22400 events=r cmd=auth user=default redir=-1 resp=2 lib-name= lib-ver=
3057433:signal-handler (1704428107) Received SIGINT scheduling shutdown...
3057433:signal-handler (1704428107) You insist... exiting now.

----- Stderr -----




logs for node: 3

----- Stdout -----
3056029:C 05 Jan 2024 05:15:03.954 # WARNING Memory overcommit must be enabled! Without it, a background save or replication may fail under low memory condition. Being disabled, it can also cause failures without low memory condition, see https://github.com/jemalloc/jemalloc/issues/1328. To fix this issue add 'vm.overcommit_memory = 1' to /etc/sysctl.conf and then reboot or run the command 'sysctl vm.overcommit_memory=1' for this to take effect.
3056029:C 05 Jan 2024 05:15:03.954 * oO0OoO0OoO0Oo Redis is starting oO0OoO0OoO0Oo
3056029:C 05 Jan 2024 05:15:03.954 * Redis version=255.255.255, bits=64, commit=e04ebdb8, modified=1, pid=3056029, just started
3056029:C 05 Jan 2024 05:15:03.954 * Configuration loaded
3056029:M 05 Jan 2024 05:15:03.955 * monotonic clock: POSIX clock_gettime
3056029:M 05 Jan 2024 05:15:03.955 * Running mode=standalone, port=5063.
3056029:M 05 Jan 2024 05:15:03.962 * <raft> RedisRaft version 255.255.255 [b779b199]
3056029:M 05 Jan 2024 05:15:03.968 * <raft> Initializing test network
3056029:M 05 Jan 2024 05:15:03.968 * <raft> Created test network client
3056029:M 05 Jan 2024 05:15:03.969 * <raft> Raft module loaded, state is 'uninitialized'
3056029:M 05 Jan 2024 05:15:03.969 * Module 'raft' loaded from /home/snagendra/Fuzzing/redisraft-fuzzing/redisraft.so
3056029:M 05 Jan 2024 05:15:03.970 * Server initialized
3056029:M 05 Jan 2024 05:15:03.971 . The AOF directory appendonlydir doesn't exist
3056029:M 05 Jan 2024 05:15:03.972 * Ready to accept connections tcp
3056029:M 05 Jan 2024 05:15:03.972 . 0 clients connected (0 replicas), 1726160 bytes in use
3056029:M 05 Jan 2024 05:15:04.005 - Accepted 127.0.0.1:54388
3056029:M 05 Jan 2024 05:15:04.005 # Missing implement of connection type tls
3056029:M 05 Jan 2024 05:15:04.070 - <raft> join cluster, connecting to localhost:5061
3056029:M 05 Jan 2024 05:15:04.071 * <raft> Joined Raft cluster, node id: 3, dbid: 348454c62930140c1c220a15d26f03f8
3056029:M 05 Jan 2024 05:15:04.078 * <raft> Cluster Membership: term:0 index:0 nodes: id=3,voting=0,active=1,addr=-
3056029:M 05 Jan 2024 05:15:04.079 * <raft> Test network starting message polling thread
3056029:M 05 Jan 2024 05:15:04.089 - Accepted 127.0.0.1:54400
3056029:M 05 Jan 2024 05:15:04.190 - Client closed connection id=9 addr=127.0.0.1:54400 laddr=127.0.0.1:5063 fd=10 name= age=0 idle=0 flags=N db=0 sub=0 psub=0 ssub=0 multi=-1 qbuf=0 qbuf-free=20474 argv-mem=0 multi-mem=0 rbs=16384 rbp=0 obl=0 oll=0 omem=0 tot-mem=37760 events=r cmd=auth user=default redir=-1 resp=2 lib-name= lib-ver=
3056029:M 05 Jan 2024 05:15:04.472 * <raft> State change: Election starting, node is now a pre-candidate, term 1
3056029:M 05 Jan 2024 05:15:04.472 * <raft> Cluster Membership: term:1 index:0 nodes: id=3,voting=0,active=1,addr=-
3056029:M 05 Jan 2024 05:15:04.873 * <raft> State change: Election starting, node is now a pre-candidate, term 1
3056029:M 05 Jan 2024 05:15:04.873 * <raft> Cluster Membership: term:1 index:0 nodes: id=3,voting=0,active=1,addr=-
3056029:signal-handler (1704428105) Received SIGINT scheduling shutdown...
3056029:signal-handler (1704428105) You insist... exiting now.
3057292:C 05 Jan 2024 05:15:06.597 # WARNING Memory overcommit must be enabled! Without it, a background save or replication may fail under low memory condition. Being disabled, it can also cause failures without low memory condition, see https://github.com/jemalloc/jemalloc/issues/1328. To fix this issue add 'vm.overcommit_memory = 1' to /etc/sysctl.conf and then reboot or run the command 'sysctl vm.overcommit_memory=1' for this to take effect.
3057292:C 05 Jan 2024 05:15:06.597 * oO0OoO0OoO0Oo Redis is starting oO0OoO0OoO0Oo
3057292:C 05 Jan 2024 05:15:06.597 * Redis version=255.255.255, bits=64, commit=e04ebdb8, modified=1, pid=3057292, just started
3057292:C 05 Jan 2024 05:15:06.597 * Configuration loaded
3057292:M 05 Jan 2024 05:15:06.598 * monotonic clock: POSIX clock_gettime
3057292:M 05 Jan 2024 05:15:06.598 * Running mode=standalone, port=5063.
3057292:M 05 Jan 2024 05:15:06.605 * <raft> RedisRaft version 255.255.255 [b779b199]
3057292:M 05 Jan 2024 05:15:06.609 * <raft> Initializing test network
3057292:M 05 Jan 2024 05:15:06.610 * <raft> Created test network client
3057292:M 05 Jan 2024 05:15:06.614 * <raft> Raft module loaded, state is 'loading'
3057292:M 05 Jan 2024 05:15:06.614 * Module 'raft' loaded from /home/snagendra/Fuzzing/redisraft-fuzzing/redisraft.so
3057292:M 05 Jan 2024 05:15:06.614 * Server initialized
3057292:M 05 Jan 2024 05:15:06.614 . The AOF directory appendonlydir doesn't exist
3057292:M 05 Jan 2024 05:15:06.614 * Ready to accept connections tcp
3057292:M 05 Jan 2024 05:15:06.614 . 0 clients connected (0 replicas), 1746624 bytes in use
3057292:M 05 Jan 2024 05:15:06.679 - Accepted 127.0.0.1:54420
3057292:M 05 Jan 2024 05:15:06.679 # Missing implement of connection type tls
3057292:M 05 Jan 2024 05:15:06.714 * <raft> Loading: Redis loading complete, snapshot NOT LOADED
3057292:M 05 Jan 2024 05:15:06.715 * <raft> Cluster Membership: term:0 index:0 nodes: id=3,voting=0,active=1,addr=-
3057292:M 05 Jan 2024 05:15:06.715 * <raft> Test network starting message polling thread


=== REDIS BUG REPORT START: Cut & paste starting from here ===
3057292:M 05 Jan 2024 05:15:06.715 # Redis 255.255.255 crashed by signal: 6, si_code: -6
3057292:M 05 Jan 2024 05:15:06.715 # Crashed running the instruction at: 0x7f23e47ead3c

------ STACK TRACE ------
EIP:
/lib/x86_64-linux-gnu/libc.so.6(+0x8ad3c)[0x7f23e47ead3c]

Backtrace:
/lib/x86_64-linux-gnu/libc.so.6(+0x3bfd0)[0x7f23e479bfd0]
/lib/x86_64-linux-gnu/libc.so.6(+0x8ad3c)[0x7f23e47ead3c]
/lib/x86_64-linux-gnu/libc.so.6(gsignal+0x12)[0x7f23e479bf32]
/lib/x86_64-linux-gnu/libc.so.6(abort+0xd3)[0x7f23e4786472]
/lib/x86_64-linux-gnu/libc.so.6(+0x26395)[0x7f23e4786395]
/lib/x86_64-linux-gnu/libc.so.6(+0x34e32)[0x7f23e4794e32]
/home/snagendra/Fuzzing/redisraft-fuzzing/redisraft.so(+0x3caea)[0x7f23e470faea]
/home/snagendra/Fuzzing/redisraft-fuzzing/redisraft.so(callRaftPeriodic+0x478)[0x7f23e4700088]
/home/snagendra/Fuzzing/redis/src/redis-server 0.0.0.0:5063(moduleTimerHandler+0x21c)[0x55c37f6c898c]
/home/snagendra/Fuzzing/redis/src/redis-server 0.0.0.0:5063(+0x81705)[0x55c37f5d2705]
/home/snagendra/Fuzzing/redis/src/redis-server 0.0.0.0:5063(aeMain+0x1c8)[0x55c37f5dccb8]
/home/snagendra/Fuzzing/redis/src/redis-server 0.0.0.0:5063(main+0x3cd)[0x55c37f5d1e2d]
/lib/x86_64-linux-gnu/libc.so.6(+0x271ca)[0x7f23e47871ca]
/lib/x86_64-linux-gnu/libc.so.6(__libc_start_main+0x85)[0x7f23e4787285]
/home/snagendra/Fuzzing/redis/src/redis-server 0.0.0.0:5063(_start+0x2a)[0x55c37f5d25aa]

------ REGISTERS ------
3057292:M 05 Jan 2024 05:15:06.716 # 
RAX:0000000000000000 RBX:00000000002ea68c
RCX:00007f23e47ead3c RDX:0000000000000006
RDI:00000000002ea68c RSI:00000000002ea68c
RBP:00007f23e475c1c0 RSP:00007ffce08b7510
R8 :0000000000000007 R9 :000055c3811636b0
R10:0000000000000008 R11:0000000000000246
R12:0000000000000006 R13:00000000000006a6
R14:00007f23e473c05c R15:000055c37f6c72b0
RIP:00007f23e47ead3c EFL:0000000000000246
CSGSFS:002b000000000033
3057292:M 05 Jan 2024 05:15:06.716 # (00007ffce08b751f) -> 000055c381163760
3057292:M 05 Jan 2024 05:15:06.716 # (00007ffce08b751e) -> 00007f23e4932c60
3057292:M 05 Jan 2024 05:15:06.716 # (00007ffce08b751d) -> 0000000000000421
3057292:M 05 Jan 2024 05:15:06.716 # (00007ffce08b751c) -> 000055c3811636b0
3057292:M 05 Jan 2024 05:15:06.716 # (00007ffce08b751b) -> 00000000000006a6
3057292:M 05 Jan 2024 05:15:06.716 # (00007ffce08b751a) -> 0000000000000020
3057292:M 05 Jan 2024 05:15:06.716 # (00007ffce08b7519) -> 00007f23e4786472
3057292:M 05 Jan 2024 05:15:06.716 # (00007ffce08b7518) -> 00007f23e4933e70
3057292:M 05 Jan 2024 05:15:06.716 # (00007ffce08b7517) -> 00007f23e479bf32
3057292:M 05 Jan 2024 05:15:06.716 # (00007ffce08b7516) -> 00007f23e473c05c
3057292:M 05 Jan 2024 05:15:06.716 # (00007ffce08b7515) -> 00000000000006a6
3057292:M 05 Jan 2024 05:15:06.716 # (00007ffce08b7514) -> 00007f23e473b720
3057292:M 05 Jan 2024 05:15:06.716 # (00007ffce08b7513) -> 00007f23e475c1c0
3057292:M 05 Jan 2024 05:15:06.716 # (00007ffce08b7512) -> 0000000000000006
3057292:M 05 Jan 2024 05:15:06.716 # (00007ffce08b7511) -> fdb23d7fd0d7ec00
3057292:M 05 Jan 2024 05:15:06.716 # (00007ffce08b7510) -> 000055c37f6c72b0

------ INFO OUTPUT ------
# Server
redis_version:255.255.255
redis_git_sha1:e04ebdb8
redis_git_dirty:1
redis_build_id:1f78dcc7b4fbdd25
redis_mode:standalone
os:Linux 6.1.60.1.amd64-smp x86_64
arch_bits:64
monotonic_clock:POSIX clock_gettime
multiplexing_api:epoll
atomicvar_api:c11-builtin
gcc_version:10.2.1
process_id:3057292
process_supervised:no
run_id:afb89e881f54cebc268a5e0924bbb1f360f32ef9
tcp_port:5063
server_time_usec:1704428106714721
uptime_in_seconds:0
uptime_in_days:0
hz:10
configured_hz:10
lru_clock:9929290
executable:/home/snagendra/Fuzzing/redis/src/redis-server
config_file:
io_threads_active:0
listener0:name=tcp,bind=0.0.0.0,port=5063

# Clients
connected_clients:1
cluster_connections:0
maxclients:10000
client_recent_max_input_buffer:0
client_recent_max_output_buffer:0
blocked_clients:0
tracking_clients:0
clients_in_timeout_table:0
total_blocking_keys:0
total_blocking_keys_on_nokey:0

# Memory
used_memory:1816944
used_memory_human:1.73M
used_memory_rss:17940480
used_memory_rss_human:17.11M
used_memory_peak:1816944
used_memory_peak_human:1.73M
used_memory_peak_perc:100.40%
used_memory_overhead:1746664
used_memory_startup:1746480
used_memory_dataset:70280
used_memory_dataset_perc:99.74%
allocator_allocated:2222200
allocator_active:2785280
allocator_resident:10948608
total_system_memory:270388695040
total_system_memory_human:251.82G
used_memory_lua:31744
used_memory_vm_eval:31744
used_memory_lua_human:31.00K
used_memory_scripts_eval:0
number_of_cached_scripts:0
number_of_functions:0
number_of_libraries:0
used_memory_vm_functions:32768
used_memory_vm_total:64512
used_memory_vm_total_human:63.00K
used_memory_functions:184
used_memory_scripts:184
used_memory_scripts_human:184B
maxmemory:0
maxmemory_human:0B
maxmemory_policy:noeviction
allocator_frag_ratio:1.25
allocator_frag_bytes:563080
allocator_rss_ratio:3.93
allocator_rss_bytes:8163328
rss_overhead_ratio:1.64
rss_overhead_bytes:6991872
mem_fragmentation_ratio:10.27
mem_fragmentation_bytes:16193856
mem_not_counted_for_evict:0
mem_replication_backlog:0
mem_total_replication_buffers:0
mem_clients_slaves:0
mem_clients_normal:0
mem_cluster_links:0
mem_aof_buffer:0
mem_allocator:jemalloc-5.3.0
active_defrag_running:0
lazyfree_pending_objects:0
lazyfreed_objects:0

# Persistence
loading:0
async_loading:0
current_cow_peak:0
current_cow_size:0
current_cow_size_age:0
current_fork_perc:0.00
current_save_keys_processed:0
current_save_keys_total:0
rdb_changes_since_last_save:0
rdb_bgsave_in_progress:0
rdb_last_save_time:1704428106
rdb_last_bgsave_status:ok
rdb_last_bgsave_time_sec:-1
rdb_current_bgsave_time_sec:-1
rdb_saves:0
rdb_last_cow_size:0
rdb_last_load_keys_expired:0
rdb_last_load_keys_loaded:0
aof_enabled:0
aof_rewrite_in_progress:0
aof_rewrite_scheduled:0
aof_last_rewrite_time_sec:-1
aof_current_rewrite_time_sec:-1
aof_last_bgrewrite_status:ok
aof_rewrites:0
aof_rewrites_consecutive_failures:0
aof_last_write_status:ok
aof_last_cow_size:0
module_fork_in_progress:0
module_fork_last_cow_size:0

# Stats
total_connections_received:1
total_commands_processed:7
instantaneous_ops_per_sec:23
total_net_input_bytes:33
total_net_output_bytes:5
total_net_repl_input_bytes:0
total_net_repl_output_bytes:0
instantaneous_input_kbps:0.00
instantaneous_output_kbps:0.00
instantaneous_input_repl_kbps:0.00
instantaneous_output_repl_kbps:0.00
rejected_connections:0
sync_full:0
sync_partial_ok:0
sync_partial_err:0
expired_keys:0
expired_stale_perc:0.00
expired_time_cap_reached_count:0
expire_cycle_cpu_milliseconds:0
evicted_keys:0
evicted_clients:0
total_eviction_exceeded_time:0
current_eviction_exceeded_time:0
keyspace_hits:0
keyspace_misses:0
pubsub_channels:0
pubsub_patterns:0
pubsubshard_channels:0
latest_fork_usec:0
total_forks:0
migrate_cached_sockets:0
slave_expires_tracked_keys:0
active_defrag_hits:0
active_defrag_misses:0
active_defrag_key_hits:0
active_defrag_key_misses:0
total_active_defrag_time:0
current_active_defrag_time:0
tracking_total_keys:0
tracking_total_items:0
tracking_total_prefixes:0
unexpected_error_replies:0
total_error_replies:0
dump_payload_sanitizations:0
total_reads_processed:1
total_writes_processed:1
io_threaded_reads_processed:0
io_threaded_writes_processed:0
reply_buffer_shrinks:0
reply_buffer_expands:0
acl_access_denied_auth:0
acl_access_denied_cmd:0
acl_access_denied_key:0
acl_access_denied_channel:0

# Replication
role:master
connected_slaves:0
master_failover_state:no-failover
master_replid:6f0c19ebed22eef4debf555cd320dec0b84bfefd
master_replid2:0000000000000000000000000000000000000000
master_repl_offset:0
second_repl_offset:-1
repl_backlog_active:0
repl_backlog_size:1048576
repl_backlog_first_byte_offset:0
repl_backlog_histlen:0

# CPU
used_cpu_sys:0.009168
used_cpu_user:0.009168
used_cpu_sys_children:0.000000
used_cpu_user_children:0.000000
used_cpu_sys_main_thread:0.008659
used_cpu_user_main_thread:0.008659

# Modules
module:name=raft,ver=1,api=1,filters=1,usedby=[],using=[],options=[]

# Commandstats
cmdstat_config|set:calls=1,usec=11,usec_per_call=11.00,rejected_calls=0,failed_calls=0
cmdstat_config|get:calls=3,usec=5,usec_per_call=1.67,rejected_calls=0,failed_calls=0
cmdstat_auth:calls=1,usec=2,usec_per_call=2.00,rejected_calls=0,failed_calls=0
cmdstat_command:calls=2,usec=1471,usec_per_call=735.50,rejected_calls=0,failed_calls=0

# Errorstats

# Latencystats
latency_percentiles_usec_config|set:p50=11.007,p99=11.007,p99.9=11.007
latency_percentiles_usec_config|get:p50=2.007,p99=2.007,p99.9=2.007
latency_percentiles_usec_auth:p50=2.007,p99=2.007,p99.9=2.007
latency_percentiles_usec_command:p50=700.415,p99=774.143,p99.9=774.143

# Cluster
cluster_enabled:0

# Keyspace

------ CLIENT LIST OUTPUT ------
id=8 addr=127.0.0.1:54420 laddr=127.0.0.1:5063 fd=11 name= age=0 idle=0 flags=N db=0 sub=0 psub=0 ssub=0 multi=-1 qbuf=0 qbuf-free=20474 argv-mem=0 multi-mem=0 rbs=16384 rbp=16384 obl=0 oll=0 omem=0 tot-mem=37760 events=r cmd=auth user=default redir=-1 resp=2 lib-name= lib-ver=

------ MODULES INFO OUTPUT ------
# raft_version
raft_version:255.255.255
raft_git_sha1:b779b199

# raft_general
raft_dbid:348454c62930140c1c220a15d26f03f8
raft_node_id:3
raft_state:up
raft_role:follower
raft_is_voting:no
raft_voted_for:-1
raft_leader_id:-1
raft_current_term:0
raft_num_nodes:1
raft_num_voting_nodes:0

# raft_log
raft_log_entries:0
raft_current_index:0
raft_commit_index:0
raft_last_applied_index:0
raft_file_size:101
raft_cache_memory_size:0
raft_cache_entries:0
raft_client_attached_entries:0
raft_fsync_count:0
raft_fsync_max_microseconds:0
raft_fsync_avg_microseconds:0

# raft_snapshot
raft_snapshot_filename:redis3.rdb
raft_snapshot_last_idx:0
raft_snapshot_last_term:0
raft_snapshot_size:0
raft_snapshot_time_secs:-1
raft_snapshots_created:0
raft_snapshots_received:0
raft_snapshot_in_progress:no
raft_snapshot_in_progress_last_idx:-1
raft_snapshot_in_progress_last_term:-1

# raft_clients
raft_proxy_reqs:0
raft_proxy_failed_reqs:0
raft_proxy_failed_responses:0
raft_proxy_outstanding_reqs:0

# raft_stats
raft_appendreq_received:0
raft_appendreq_with_entry_received:0
raft_snapshotreq_received:0
raft_exec_throttled:0
raft_num_sessions:0

------ CONFIG DEBUG OUTPUT ------
sanitize-dump-payload no
slave-read-only yes
list-compress-depth 0
lazyfree-lazy-server-del no
io-threads 1
lazyfree-lazy-user-del no
lazyfree-lazy-eviction no
lazyfree-lazy-user-flush no
client-query-buffer-limit 1gb
activedefrag no
replica-read-only yes
lazyfree-lazy-expire no
repl-diskless-sync yes
proto-max-bulk-len 512mb
io-threads-do-reads no
repl-diskless-load disabled

------ FAST MEMORY TEST ------
3057292:M 05 Jan 2024 05:15:06.716 # Bio worker thread #0 terminated
3057292:M 05 Jan 2024 05:15:06.716 # Bio worker thread #1 terminated
3057292:M 05 Jan 2024 05:15:06.716 # Bio worker thread #2 terminated
*** Preparing to test memory region 55c37f8a8000 (2273280 bytes)
*** Preparing to test memory region 55c38110e000 (405504 bytes)
*** Preparing to test memory region 7f23c8000000 (135168 bytes)
*** Preparing to test memory region 7f23d0000000 (135168 bytes)
*** Preparing to test memory region 7f23d6ffe000 (8388608 bytes)
*** Preparing to test memory region 7f23d77ff000 (8388608 bytes)
*** Preparing to test memory region 7f23d8000000 (8388608 bytes)
*** Preparing to test memory region 7f23d8800000 (6291456 bytes)
*** Preparing to test memory region 7f23d8ffb000 (8388608 bytes)
*** Preparing to test memory region 7f23d97fc000 (8388608 bytes)
*** Preparing to test memory region 7f23d9ffd000 (8388608 bytes)
*** Preparing to test memory region 7f23da7fe000 (8388608 bytes)
*** Preparing to test memory region 7f23dafff000 (8388608 bytes)
*** Preparing to test memory region 7f23db800000 (8388608 bytes)
*** Preparing to test memory region 7f23dc000000 (135168 bytes)
*** Preparing to test memory region 7f23e0000000 (4194304 bytes)
*** Preparing to test memory region 7f23e04ca000 (8388608 bytes)
*** Preparing to test memory region 7f23e0ccb000 (8388608 bytes)
*** Preparing to test memory region 7f23e14cc000 (8388608 bytes)
*** Preparing to test memory region 7f23e1ccd000 (8388608 bytes)
*** Preparing to test memory region 7f23e24cd000 (2621440 bytes)
*** Preparing to test memory region 7f23e275c000 (8192 bytes)
*** Preparing to test memory region 7f23e2e7f000 (12288 bytes)
*** Preparing to test memory region 7f23e3418000 (16384 bytes)
*** Preparing to test memory region 7f23e3488000 (8192 bytes)
*** Preparing to test memory region 7f23e35ff000 (4096 bytes)
*** Preparing to test memory region 7f23e3e00000 (8388608 bytes)
*** Preparing to test memory region 7f23e46d0000 (12288 bytes)
*** Preparing to test memory region 7f23e4755000 (45056 bytes)
*** Preparing to test memory region 7f23e4934000 (53248 bytes)
*** Preparing to test memory region 7f23e4a51000 (8192 bytes)
.O.O.O.O.O.O.O.O.O.O.O.O.O.O.O.O.O.O.O.
----- Stderr -----
redis-server: /home/snagendra/Fuzzing/redisraft-fuzzing/deps/raft/src/raft_server.c:1702: raft_get_first_entry_idx: Assertion `0 < raft_get_current_idx(me)' failed.



