logs for node: 1

----- Stdout -----
2589794:C 05 Jan 2024 07:27:07.641 # WARNING Memory overcommit must be enabled! Without it, a background save or replication may fail under low memory condition. Being disabled, it can also cause failures without low memory condition, see https://github.com/jemalloc/jemalloc/issues/1328. To fix this issue add 'vm.overcommit_memory = 1' to /etc/sysctl.conf and then reboot or run the command 'sysctl vm.overcommit_memory=1' for this to take effect.
2589794:C 05 Jan 2024 07:27:07.641 * oO0OoO0OoO0Oo Redis is starting oO0OoO0OoO0Oo
2589794:C 05 Jan 2024 07:27:07.641 * Redis version=255.255.255, bits=64, commit=e04ebdb8, modified=1, pid=2589794, just started
2589794:C 05 Jan 2024 07:27:07.641 * Configuration loaded
2589794:M 05 Jan 2024 07:27:07.642 * monotonic clock: POSIX clock_gettime
2589794:M 05 Jan 2024 07:27:07.642 * Running mode=standalone, port=5001.
2589794:M 05 Jan 2024 07:27:07.649 * <raft> RedisRaft version 255.255.255 [b779b199]
2589794:M 05 Jan 2024 07:27:07.653 * <raft> Initializing test network
2589794:M 05 Jan 2024 07:27:07.654 * <raft> Created test network client
2589794:M 05 Jan 2024 07:27:07.655 * <raft> Raft module loaded, state is 'uninitialized'
2589794:M 05 Jan 2024 07:27:07.655 * Module 'raft' loaded from /home/snagendra/Fuzzing/redisraft-fuzzing/redisraft.so
2589794:M 05 Jan 2024 07:27:07.656 * Server initialized
2589794:M 05 Jan 2024 07:27:07.656 . The AOF directory appendonlydir doesn't exist
2589794:M 05 Jan 2024 07:27:07.657 * Ready to accept connections tcp
2589794:M 05 Jan 2024 07:27:07.657 . 0 clients connected (0 replicas), 1726224 bytes in use
2589794:M 05 Jan 2024 07:27:07.667 - Accepted 127.0.0.1:44754
2589794:M 05 Jan 2024 07:27:07.667 # Missing implement of connection type tls
2589794:M 05 Jan 2024 07:27:07.673 * <raft> Cluster Membership: term:0 index:0 nodes: id=1,voting=0,active=1,addr=-
2589794:M 05 Jan 2024 07:27:07.678 * <raft> State change: Node is now a leader, term 1
2589794:M 05 Jan 2024 07:27:07.679 * <raft> Cluster Membership: term:1 index:1 nodes: id=1,voting=0,active=1,addr=-
2589794:M 05 Jan 2024 07:27:07.679 * <raft> Test network starting message polling thread
2589794:M 05 Jan 2024 07:27:07.679 * <raft> Raft Cluster initialized, node id: 1, dbid: 7d368e29e9e738b369429803109fc09c
2589794:M 05 Jan 2024 07:27:07.797 - Accepted 127.0.0.1:44770
2589794:M 05 Jan 2024 07:27:07.797 * <raft> Cluster Membership: term:1 index:3 nodes: id=1,voting=1,active=1,addr=- id=2,voting=0,active=1,addr=localhost:5002
2589794:M 05 Jan 2024 07:27:07.805 - Client closed connection id=9 addr=127.0.0.1:44770 laddr=127.0.0.1:5001 fd=12 name= age=0 idle=0 flags=N db=0 sub=0 psub=0 ssub=0 multi=-1 qbuf=0 qbuf-free=20474 argv-mem=0 multi-mem=0 rbs=16384 rbp=16384 obl=0 oll=0 omem=0 tot-mem=37760 events=r cmd=raft.node user=default redir=-1 resp=2 lib-name= lib-ver=
2589794:M 05 Jan 2024 07:27:07.922 - Accepted 127.0.0.1:44776
2589794:M 05 Jan 2024 07:27:07.922 * <raft> Cluster Membership: term:1 index:4 nodes: id=1,voting=1,active=1,addr=- id=2,voting=0,active=1,addr=localhost:5002 id=3,voting=0,active=1,addr=localhost:5003
2589794:M 05 Jan 2024 07:27:07.930 - Client closed connection id=10 addr=127.0.0.1:44776 laddr=127.0.0.1:5001 fd=13 name= age=0 idle=0 flags=N db=0 sub=0 psub=0 ssub=0 multi=-1 qbuf=0 qbuf-free=20474 argv-mem=0 multi-mem=0 rbs=16384 rbp=16384 obl=0 oll=0 omem=0 tot-mem=37760 events=r cmd=raft.node user=default redir=-1 resp=2 lib-name= lib-ver=
2589794:signal-handler (1704436028) Received SIGINT scheduling shutdown...
2589794:M 05 Jan 2024 07:27:08.058 * User requested shutdown...
2589794:M 05 Jan 2024 07:27:08.058 # Redis is now ready to exit, bye bye...
2590724:C 05 Jan 2024 07:27:09.418 # WARNING Memory overcommit must be enabled! Without it, a background save or replication may fail under low memory condition. Being disabled, it can also cause failures without low memory condition, see https://github.com/jemalloc/jemalloc/issues/1328. To fix this issue add 'vm.overcommit_memory = 1' to /etc/sysctl.conf and then reboot or run the command 'sysctl vm.overcommit_memory=1' for this to take effect.
2590724:C 05 Jan 2024 07:27:09.418 * oO0OoO0OoO0Oo Redis is starting oO0OoO0OoO0Oo
2590724:C 05 Jan 2024 07:27:09.418 * Redis version=255.255.255, bits=64, commit=e04ebdb8, modified=1, pid=2590724, just started
2590724:C 05 Jan 2024 07:27:09.418 * Configuration loaded
2590724:M 05 Jan 2024 07:27:09.418 * monotonic clock: POSIX clock_gettime
2590724:M 05 Jan 2024 07:27:09.419 * Running mode=standalone, port=5001.
2590724:M 05 Jan 2024 07:27:09.425 * <raft> RedisRaft version 255.255.255 [b779b199]
2590724:M 05 Jan 2024 07:27:09.429 * <raft> Initializing test network
2590724:M 05 Jan 2024 07:27:09.430 * <raft> Created test network client
2590724:M 05 Jan 2024 07:27:09.433 * <raft> Raft module loaded, state is 'loading'
2590724:M 05 Jan 2024 07:27:09.433 * Module 'raft' loaded from /home/snagendra/Fuzzing/redisraft-fuzzing/redisraft.so
2590724:M 05 Jan 2024 07:27:09.434 * Server initialized
2590724:M 05 Jan 2024 07:27:09.434 . The AOF directory appendonlydir doesn't exist
2590724:M 05 Jan 2024 07:27:09.434 * Ready to accept connections tcp
2590724:M 05 Jan 2024 07:27:09.434 . 0 clients connected (0 replicas), 1746656 bytes in use
2590724:M 05 Jan 2024 07:27:09.534 * <raft> Loading: Redis loading complete, snapshot NOT LOADED
2590724:M 05 Jan 2024 07:27:09.535 * <raft> Cluster Membership: term:0 index:0 nodes: id=1,voting=0,active=1,addr=-
2590724:M 05 Jan 2024 07:27:09.535 * <raft> Test network starting message polling thread
2590724:M 05 Jan 2024 07:27:09.535 * <raft> Cluster Membership: term:0 index:4 nodes: id=1,voting=1,active=1,addr=- id=2,voting=0,active=1,addr=localhost:5002
2590724:M 05 Jan 2024 07:27:09.535 * <raft> Cluster Membership: term:0 index:4 nodes: id=1,voting=1,active=1,addr=- id=2,voting=0,active=1,addr=localhost:5002 id=3,voting=0,active=1,addr=localhost:5003
2590724:M 05 Jan 2024 07:27:09.535 * <raft> Raft state after loading log: log_count=4, first_idx=1, current_idx=4, last_applied_idx=0
2590724:M 05 Jan 2024 07:27:09.535 . <raft> Raft term=1, vote=-1
2590724:M 05 Jan 2024 07:27:09.541 * <raft> State change: Node is now a leader, term 2
2590724:M 05 Jan 2024 07:27:09.542 * <raft> Cluster Membership: term:2 index:5 nodes: id=1,voting=1,active=1,addr=- id=2,voting=0,active=1,addr=localhost:5002 id=3,voting=0,active=1,addr=localhost:5003
2590724:M 05 Jan 2024 07:27:09.920 - Accepted 127.0.0.1:44792
2590724:M 05 Jan 2024 07:27:09.920 # Missing implement of connection type tls
2590724:signal-handler (1704436029) Received SIGINT scheduling shutdown...
2590724:signal-handler (1704436029) You insist... exiting now.
2591205:C 05 Jan 2024 07:27:10.895 # WARNING Memory overcommit must be enabled! Without it, a background save or replication may fail under low memory condition. Being disabled, it can also cause failures without low memory condition, see https://github.com/jemalloc/jemalloc/issues/1328. To fix this issue add 'vm.overcommit_memory = 1' to /etc/sysctl.conf and then reboot or run the command 'sysctl vm.overcommit_memory=1' for this to take effect.
2591205:C 05 Jan 2024 07:27:10.895 * oO0OoO0OoO0Oo Redis is starting oO0OoO0OoO0Oo
2591205:C 05 Jan 2024 07:27:10.895 * Redis version=255.255.255, bits=64, commit=e04ebdb8, modified=1, pid=2591205, just started
2591205:C 05 Jan 2024 07:27:10.895 * Configuration loaded
2591205:M 05 Jan 2024 07:27:10.896 * monotonic clock: POSIX clock_gettime
2591205:M 05 Jan 2024 07:27:10.896 * Running mode=standalone, port=5001.
2591205:M 05 Jan 2024 07:27:10.903 * <raft> RedisRaft version 255.255.255 [b779b199]
2591205:M 05 Jan 2024 07:27:10.908 * <raft> Initializing test network
2591205:M 05 Jan 2024 07:27:10.908 * <raft> Created test network client
2591205:M 05 Jan 2024 07:27:10.914 * <raft> Raft module loaded, state is 'loading'
2591205:M 05 Jan 2024 07:27:10.914 * Module 'raft' loaded from /home/snagendra/Fuzzing/redisraft-fuzzing/redisraft.so
2591205:M 05 Jan 2024 07:27:10.915 * Server initialized
2591205:M 05 Jan 2024 07:27:10.915 . The AOF directory appendonlydir doesn't exist
2591205:M 05 Jan 2024 07:27:10.915 * Ready to accept connections tcp
2591205:M 05 Jan 2024 07:27:10.915 . 0 clients connected (0 replicas), 1746784 bytes in use
2591205:M 05 Jan 2024 07:27:10.923 - Accepted 127.0.0.1:44818
2591205:M 05 Jan 2024 07:27:10.923 # Missing implement of connection type tls
2591205:M 05 Jan 2024 07:27:11.015 * <raft> Loading: Redis loading complete, snapshot NOT LOADED
2591205:M 05 Jan 2024 07:27:11.015 * <raft> Cluster Membership: term:0 index:0 nodes: id=1,voting=0,active=1,addr=-
2591205:M 05 Jan 2024 07:27:11.016 * <raft> Test network starting message polling thread
2591205:M 05 Jan 2024 07:27:11.016 * <raft> Cluster Membership: term:0 index:5 nodes: id=1,voting=1,active=1,addr=- id=2,voting=0,active=1,addr=localhost:5002
2591205:M 05 Jan 2024 07:27:11.016 * <raft> Cluster Membership: term:0 index:5 nodes: id=1,voting=1,active=1,addr=- id=2,voting=0,active=1,addr=localhost:5002 id=3,voting=0,active=1,addr=localhost:5003
2591205:M 05 Jan 2024 07:27:11.016 * <raft> Raft state after loading log: log_count=5, first_idx=1, current_idx=5, last_applied_idx=0
2591205:M 05 Jan 2024 07:27:11.016 . <raft> Raft term=2, vote=-1
2591205:M 05 Jan 2024 07:27:11.023 * <raft> State change: Node is now a leader, term 3
2591205:M 05 Jan 2024 07:27:11.023 * <raft> Cluster Membership: term:3 index:6 nodes: id=1,voting=1,active=1,addr=- id=2,voting=0,active=1,addr=localhost:5002 id=3,voting=0,active=1,addr=localhost:5003
2591205:signal-handler (1704436031) Received SIGINT scheduling shutdown...
2591205:signal-handler (1704436031) You insist... exiting now.


=== REDIS BUG REPORT START: Cut & paste starting from here ===
2591205:M 05 Jan 2024 07:27:11.116 # Redis 255.255.255 crashed by signal: 11, si_code: 1
2591205:M 05 Jan 2024 07:27:11.116 # Accessing address: 0x18
2591205:M 05 Jan 2024 07:27:11.116 # Crashed running the instruction at: 0x7fa602ae40b0

------ STACK TRACE ------
EIP:
/lib/x86_64-linux-gnu/libc.so.6(__pthread_rwlock_wrlock+0x0)[0x7fa602ae40b0]

Backtrace:
/lib/x86_64-linux-gnu/libc.so.6(+0x3bfd0)[0x7fa602a90fd0]
/lib/x86_64-linux-gnu/libc.so.6(__pthread_rwlock_wrlock+0x0)[0x7fa602ae40b0]
/lib/x86_64-linux-gnu/libcrypto.so.3(CRYPTO_THREAD_write_lock+0x9)[0x7fa600e3df49]
/lib/x86_64-linux-gnu/libcrypto.so.3(ENGINE_get_first+0x3a)[0x7fa600de408a]
/lib/x86_64-linux-gnu/libcrypto.so.3(ENGINE_register_all_complete+0x6)[0x7fa600de3486]
/lib/x86_64-linux-gnu/libssh2.so.1(libssh2_init+0x39)[0x7fa60183b389]
/lib/x86_64-linux-gnu/libcurl-gnutls.so.4(+0x8146b)[0x7fa60194e46b]
/lib/x86_64-linux-gnu/libcurl-gnutls.so.4(+0x22125)[0x7fa6018ef125]
/lib/x86_64-linux-gnu/libcurl-gnutls.so.4(curl_global_init+0x3a)[0x7fa6018ef22a]
/home/snagendra/Fuzzing/redisraft-fuzzing/redisraft.so(redis_test_http_do+0x2c)[0x7fa6019c486c]
/home/snagendra/Fuzzing/redisraft-fuzzing/redisraft.so(redis_test_http_post+0x26)[0x7fa6019c4a86]
/home/snagendra/Fuzzing/redisraft-fuzzing/redisraft.so(redis_test_send_message+0x9d)[0x7fa6019c3efd]
/home/snagendra/Fuzzing/redisraft-fuzzing/redisraft.so(testNetworkSendAppendEntries+0x6a)[0x7fa6019ad19a]
/home/snagendra/Fuzzing/redisraft-fuzzing/redisraft.so(raft_send_appendentries+0x1ea)[0x7fa6019b5baa]
/home/snagendra/Fuzzing/redisraft-fuzzing/redisraft.so(raft_send_appendentries_all+0x4d)[0x7fa6019b5e8d]
/home/snagendra/Fuzzing/redisraft-fuzzing/redisraft.so(raft_periodic_internal+0x240)[0x7fa6019b87e0]
/home/snagendra/Fuzzing/redisraft-fuzzing/redisraft.so(raft_periodic+0x18)[0x7fa6019b8868]
/home/snagendra/Fuzzing/redisraft-fuzzing/redisraft.so(+0x2b765)[0x7fa6019a3765]
/home/snagendra/Fuzzing/redis/src/redis-server 0.0.0.0:5001(moduleTimerHandler+0x21c)[0x556c29f2e98c]
/home/snagendra/Fuzzing/redis/src/redis-server 0.0.0.0:5001(+0x81705)[0x556c29e38705]
/home/snagendra/Fuzzing/redis/src/redis-server 0.0.0.0:5001(aeMain+0x1c8)[0x556c29e42cb8]
/home/snagendra/Fuzzing/redis/src/redis-server 0.0.0.0:5001(main+0x3cd)[0x556c29e37e2d]
/lib/x86_64-linux-gnu/libc.so.6(+0x271ca)[0x7fa602a7c1ca]
/lib/x86_64-linux-gnu/libc.so.6(__libc_start_main+0x85)[0x7fa602a7c285]
/home/snagendra/Fuzzing/redis/src/redis-server 0.0.0.0:5001(_start+0x2a)[0x556c29e385aa]

------ REGISTERS ------
2591205:M 05 Jan 2024 07:27:11.117 # 
RAX:0000000000000001 RBX:0000556c2abf0370
RCX:0000000000000000 RDX:0000000000000000
RDI:0000000000000000 RSI:0000000000000000
RBP:00007fa60107e638 RSP:00007fffcdab4468
R8 :0000000000000000 R9 :0000000000000000
R10:0000000000000000 R11:0000000000000000
R12:00007fffcdab4560 R13:0000556c2abca3b0
R14:0000000000000006 R15:0000000000000003
RIP:00007fa602ae40b0 EFL:0000000000010202
CSGSFS:002b000000000033
2591205:M 05 Jan 2024 07:27:11.117 # (00007fffcdab4477) -> 0000556c2abf0370
2591205:M 05 Jan 2024 07:27:11.117 # (00007fffcdab4476) -> 00007fa6018ef125
2591205:M 05 Jan 2024 07:27:11.117 # (00007fffcdab4475) -> 0000000000000003
2591205:M 05 Jan 2024 07:27:11.117 # (00007fffcdab4474) -> 00007fa60194e46b
2591205:M 05 Jan 2024 07:27:11.117 # (00007fffcdab4473) -> 0000556c2abca3b0
2591205:M 05 Jan 2024 07:27:11.117 # (00007fffcdab4472) -> 00000000cdab4560
2591205:M 05 Jan 2024 07:27:11.117 # (00007fffcdab4471) -> 0000556c2abf5290
2591205:M 05 Jan 2024 07:27:11.117 # (00007fffcdab4470) -> 00007fa60183b389
2591205:M 05 Jan 2024 07:27:11.117 # (00007fffcdab446f) -> 0000556c2abf0370
2591205:M 05 Jan 2024 07:27:11.117 # (00007fffcdab446e) -> 00007fa600de3486
2591205:M 05 Jan 2024 07:27:11.117 # (00007fffcdab446d) -> 0000556c2abf5290
2591205:M 05 Jan 2024 07:27:11.117 # (00007fffcdab446c) -> 0000556c2abf0370
2591205:M 05 Jan 2024 07:27:11.117 # (00007fffcdab446b) -> 00007fffcdab4560
2591205:M 05 Jan 2024 07:27:11.117 # (00007fffcdab446a) -> 00007fa600de408a
2591205:M 05 Jan 2024 07:27:11.117 # (00007fffcdab4469) -> 0000556c2abf0370
2591205:M 05 Jan 2024 07:27:11.117 # (00007fffcdab4468) -> 00007fa600e3df49

------ INFO OUTPUT ------
# Server
redis_version:255.255.255
redis_git_sha1:e04ebdb8
redis_git_dirty:1
redis_build_id:1f78dcc7b4fbdd25
redis_mode:standalone
os:Linux 6.1.60.1.amd64-smp x86_64
arch_bits:64
monotonic_clock:POSIX clock_gettime
multiplexing_api:epoll
atomicvar_api:c11-builtin
gcc_version:10.2.1
process_id:2591205
process_supervised:no
run_id:36c225dd0c1405d812bd90a4f661110c2b9e9dc8
tcp_port:5001
server_time_usec:1704436031116185
uptime_in_seconds:1
uptime_in_days:0
hz:10
configured_hz:10
lru_clock:9937215
executable:/home/snagendra/Fuzzing/redis/src/redis-server
config_file:
io_threads_active:0
listener0:name=tcp,bind=0.0.0.0,port=5001

# Clients
connected_clients:1
cluster_connections:0
maxclients:10000
client_recent_max_input_buffer:20480
client_recent_max_output_buffer:0
blocked_clients:0
tracking_clients:0
clients_in_timeout_table:0
total_blocking_keys:0
total_blocking_keys_on_nokey:0

# Memory
used_memory:1868648
used_memory_human:1.78M
used_memory_rss:18059264
used_memory_rss_human:17.22M
used_memory_peak:1868648
used_memory_peak_human:1.78M
used_memory_peak_perc:100.11%
used_memory_overhead:1784584
used_memory_startup:1746640
used_memory_dataset:84064
used_memory_dataset_perc:68.90%
allocator_allocated:2231624
allocator_active:2822144
allocator_resident:10887168
total_system_memory:270388695040
total_system_memory_human:251.82G
used_memory_lua:31744
used_memory_vm_eval:31744
used_memory_lua_human:31.00K
used_memory_scripts_eval:0
number_of_cached_scripts:0
number_of_functions:0
number_of_libraries:0
used_memory_vm_functions:32768
used_memory_vm_total:64512
used_memory_vm_total_human:63.00K
used_memory_functions:184
used_memory_scripts:184
used_memory_scripts_human:184B
maxmemory:0
maxmemory_human:0B
maxmemory_policy:noeviction
allocator_frag_ratio:1.26
allocator_frag_bytes:590520
allocator_rss_ratio:3.86
allocator_rss_bytes:8065024
rss_overhead_ratio:1.66
rss_overhead_bytes:7172096
mem_fragmentation_ratio:9.67
mem_fragmentation_bytes:16192640
mem_not_counted_for_evict:0
mem_replication_backlog:0
mem_total_replication_buffers:0
mem_clients_slaves:0
mem_clients_normal:37760
mem_cluster_links:0
mem_aof_buffer:0
mem_allocator:jemalloc-5.3.0
active_defrag_running:0
lazyfree_pending_objects:0
lazyfreed_objects:0

# Persistence
loading:0
async_loading:0
current_cow_peak:0
current_cow_size:0
current_cow_size_age:0
current_fork_perc:0.00
current_save_keys_processed:0
current_save_keys_total:0
rdb_changes_since_last_save:0
rdb_bgsave_in_progress:0
rdb_last_save_time:1704436030
rdb_last_bgsave_status:ok
rdb_last_bgsave_time_sec:-1
rdb_current_bgsave_time_sec:-1
rdb_saves:0
rdb_last_cow_size:0
rdb_last_load_keys_expired:0
rdb_last_load_keys_loaded:0
aof_enabled:0
aof_rewrite_in_progress:0
aof_rewrite_scheduled:0
aof_last_rewrite_time_sec:-1
aof_current_rewrite_time_sec:-1
aof_last_bgrewrite_status:ok
aof_rewrites:0
aof_rewrites_consecutive_failures:0
aof_last_write_status:ok
aof_last_cow_size:0
module_fork_in_progress:0
module_fork_last_cow_size:0

# Stats
total_connections_received:1
total_commands_processed:11
instantaneous_ops_per_sec:22
total_net_input_bytes:198
total_net_output_bytes:359
total_net_repl_input_bytes:0
total_net_repl_output_bytes:0
instantaneous_input_kbps:0.11
instantaneous_output_kbps:0.20
instantaneous_input_repl_kbps:0.00
instantaneous_output_repl_kbps:0.00
rejected_connections:0
sync_full:0
sync_partial_ok:0
sync_partial_err:0
expired_keys:0
expired_stale_perc:0.00
expired_time_cap_reached_count:0
expire_cycle_cpu_milliseconds:0
evicted_keys:0
evicted_clients:0
total_eviction_exceeded_time:0
current_eviction_exceeded_time:0
keyspace_hits:0
keyspace_misses:0
pubsub_channels:0
pubsub_patterns:0
pubsubshard_channels:0
latest_fork_usec:0
total_forks:0
migrate_cached_sockets:0
slave_expires_tracked_keys:0
active_defrag_hits:0
active_defrag_misses:0
active_defrag_key_hits:0
active_defrag_key_misses:0
total_active_defrag_time:0
current_active_defrag_time:0
tracking_total_keys:0
tracking_total_items:0
tracking_total_prefixes:0
unexpected_error_replies:0
total_error_replies:2
dump_payload_sanitizations:0
total_reads_processed:5
total_writes_processed:5
io_threaded_reads_processed:0
io_threaded_writes_processed:0
reply_buffer_shrinks:0
reply_buffer_expands:0
acl_access_denied_auth:0
acl_access_denied_cmd:0
acl_access_denied_key:0
acl_access_denied_channel:0

# Replication
role:master
connected_slaves:0
master_failover_state:no-failover
master_replid:38d39b7492999fa24162ad55e85439cbf4c6bf99
master_replid2:0000000000000000000000000000000000000000
master_repl_offset:0
second_repl_offset:-1
repl_backlog_active:0
repl_backlog_size:1048576
repl_backlog_first_byte_offset:0
repl_backlog_histlen:0

# CPU
used_cpu_sys:0.009393
used_cpu_user:0.018787
used_cpu_sys_children:0.000000
used_cpu_user_children:0.000000
used_cpu_sys_main_thread:0.006732
used_cpu_user_main_thread:0.013465

# Modules
module:name=raft,ver=1,api=1,filters=1,usedby=[],using=[],options=[]

# Commandstats
cmdstat_raft:calls=2,usec=11,usec_per_call=5.50,rejected_calls=0,failed_calls=2
cmdstat_client|setinfo:calls=2,usec=0,usec_per_call=0.00,rejected_calls=0,failed_calls=0
cmdstat_config|get:calls=3,usec=5,usec_per_call=1.67,rejected_calls=0,failed_calls=0
cmdstat_config|set:calls=1,usec=12,usec_per_call=12.00,rejected_calls=0,failed_calls=0
cmdstat_command:calls=2,usec=1403,usec_per_call=701.50,rejected_calls=0,failed_calls=0
cmdstat_hello:calls=1,usec=4,usec_per_call=4.00,rejected_calls=0,failed_calls=0

# Errorstats
errorstat_LOADING:count=2

# Latencystats
latency_percentiles_usec_raft:p50=4.015,p99=7.007,p99.9=7.007
latency_percentiles_usec_client|setinfo:p50=0.001,p99=0.001,p99.9=0.001
latency_percentiles_usec_config|get:p50=2.007,p99=2.007,p99.9=2.007
latency_percentiles_usec_config|set:p50=12.031,p99=12.031,p99.9=12.031
latency_percentiles_usec_command:p50=663.551,p99=741.375,p99.9=741.375
latency_percentiles_usec_hello:p50=4.015,p99=4.015,p99.9=4.015

# Cluster
cluster_enabled:0

# Keyspace

------ CLIENT LIST OUTPUT ------
id=8 addr=127.0.0.1:44818 laddr=127.0.0.1:5001 fd=11 name= age=1 idle=1 flags=N db=0 sub=0 psub=0 ssub=0 multi=-1 qbuf=0 qbuf-free=20474 argv-mem=0 multi-mem=0 rbs=16384 rbp=0 obl=0 oll=0 omem=0 tot-mem=37760 events=r cmd=raft user=default redir=-1 resp=3 lib-name=go-redis(,go1.21.4) lib-ver=9.2.1

------ MODULES INFO OUTPUT ------
# raft_version
raft_version:255.255.255
raft_git_sha1:b779b199

# raft_general
raft_dbid:7d368e29e9e738b369429803109fc09c
raft_node_id:1
raft_state:up
raft_role:leader
raft_is_voting:yes
raft_voted_for:-1
raft_leader_id:1
raft_current_term:3
raft_num_nodes:3
raft_num_voting_nodes:1
raft_node1:id=2,state=connected,voting=no,addr=localhost,port=5002,last_conn_secs=0,conn_errors=0,conn_oks=1
raft_node2:id=3,state=connected,voting=no,addr=localhost,port=5003,last_conn_secs=0,conn_errors=0,conn_oks=1

# raft_log
raft_log_entries:6
raft_current_index:6
raft_commit_index:6
raft_last_applied_index:6
raft_file_size:1318
raft_cache_memory_size:56
raft_cache_entries:1
raft_client_attached_entries:0
raft_fsync_count:1
raft_fsync_max_microseconds:6
raft_entry1:term=1,id=0,data_len=0
raft_entry2:term=1,id=946350061,data_len=264
raft_entry3:term=1,id=916791000,data_len=264
raft_entry4:term=1,id=1362590654,data_len=264
raft_entry5:term=2,id=0,data_len=0
raft_fsync_avg_microseconds:6

# raft_snapshot
raft_snapshot_filename:redis1.rdb
raft_snapshot_last_idx:0
raft_snapshot_last_term:0
raft_snapshot_size:0
raft_snapshot_time_secs:-1
raft_snapshots_created:0
raft_snapshots_received:0
raft_snapshot_in_progress:no
raft_snapshot_in_progress_last_idx:-1
raft_snapshot_in_progress_last_term:-1

# raft_clients
raft_proxy_reqs:0
raft_proxy_failed_reqs:0
raft_proxy_failed_responses:0
raft_proxy_outstanding_reqs:0

# raft_stats
raft_appendreq_received:0
raft_appendreq_with_entry_received:0
raft_snapshotreq_received:0
raft_exec_throttled:0
raft_num_sessions:0

------ CONFIG DEBUG OUTPUT ------
replica-read-only yes
client-query-buffer-limit 1gb
sanitize-dump-payload no
repl-diskless-sync yes
io-threads 1
lazyfree-lazy-eviction no
slave-read-only yes
lazyfree-lazy-expire no
list-compress-depth 0
lazyfree-lazy-server-del no
activedefrag no
lazyfree-lazy-user-del no
lazyfree-lazy-user-flush no
io-threads-do-reads no
proto-max-bulk-len 512mb
repl-diskless-load disabled

------ FAST MEMORY TEST ------
2591205:M 05 Jan 2024 07:27:11.117 # Bio worker thread #0 terminated
2591205:M 05 Jan 2024 07:27:11.117 # Bio worker thread #1 terminated
2591205:M 05 Jan 2024 07:27:11.117 # Bio worker thread #2 terminated
*** Preparing to test memory region 556c2a10e000 (2273280 bytes)
*** Preparing to test memory region 556c2ab9e000 (405504 bytes)
*** Preparing to test memory region 7fa5e8000000 (135168 bytes)
*** Preparing to test memory region 7fa5ec000000 (135168 bytes)
*** Preparing to test memory region 7fa5f0000000 (135168 bytes)
*** Preparing to test memory region 7fa5f45fd000 (8388608 bytes)
*** Preparing to test memory region 7fa5f4dfd000 (2097152 bytes)
*** Preparing to test memory region 7fa5f4ffe000 (8388608 bytes)
*** Preparing to test memory region 7fa5f57ff000 (8388608 bytes)
*** Preparing to test memory region 7fa5f6000000 (8388608 bytes)
*** Preparing to test memory region 7fa5f6800000 (6291456 bytes)
*** Preparing to test memory region 7fa5f6fff000 (8388608 bytes)
*** Preparing to test memory region 7fa5f7800000 (8388608 bytes)
*** Preparing to test memory region 7fa5f8000000 (135168 bytes)
*** Preparing to test memory region 7fa5fc000000 (6291456 bytes)
*** Preparing to test memory region 7fa5fc7bb000 (8388608 bytes)
*** Preparing to test memory region 7fa5fcfbc000 (8388608 bytes)
*** Preparing to test memory region 7fa5fd7bd000 (8388608 bytes)
*** Preparing to test memory region 7fa5fdfbe000 (8388608 bytes)
*** Preparing to test memory region 7fa5fe7bf000 (8388608 bytes)
*** Preparing to test memory region 7fa5fefc0000 (8388608 bytes)
*** Preparing to test memory region 7fa5ff7c1000 (8388608 bytes)
*** Preparing to test memory region 7fa5fffc2000 (8388608 bytes)
*** Preparing to test memory region 7fa6007c2000 (2621440 bytes)
*** Preparing to test memory region 7fa600a51000 (8192 bytes)
*** Preparing to test memory region 7fa60107f000 (12288 bytes)
*** Preparing to test memory region 7fa601618000 (16384 bytes)
*** Preparing to test memory region 7fa60176b000 (8192 bytes)
*** Preparing to test memory region 7fa6019fa000 (24576 bytes)
*** Preparing to test memory region 7fa602200000 (8388608 bytes)
*** Preparing to test memory region 7fa602a28000 (4096 bytes)
*** Preparing to test memory region 7fa602a4e000 (28672 bytes)
*** Preparing to test memory region 7fa602c29000 (53248 bytes)
*** Preparing to test memory region 7fa602d46000 (8192 bytes)
.O.O.O.O.O.
----- Stderr -----
libgcov profiling error:/home/snagendra/Fuzzing/redisraft-fuzzing/build/deps/raft/CMakeFiles/raft.dir/src/raft_server_properties.c.gcda:Merge mismatch for function 8
libgcov profiling error:/home/snagendra/Fuzzing/redisraft-fuzzing/build/deps/raft/CMakeFiles/raft.dir/src/raft_server.c.gcda:Merge mismatch for function 36
libgcov profiling error:/home/snagendra/Fuzzing/redisraft-fuzzing/build/deps/raft/CMakeFiles/raft.dir/src/raft_server_properties.c.gcda:Merge mismatch for function 8
libgcov profiling error:/home/snagendra/Fuzzing/redisraft-fuzzing/build/deps/raft/CMakeFiles/raft.dir/src/raft_server.c.gcda:Merge mismatch for function 36
libgcov profiling error:/home/snagendra/Fuzzing/redisraft-fuzzing/build/deps/raft/CMakeFiles/raft.dir/src/raft_server_properties.c.gcda:Merge mismatch for function 8
libgcov profiling error:/home/snagendra/Fuzzing/redisraft-fuzzing/build/deps/raft/CMakeFiles/raft.dir/src/raft_server.c.gcda:Merge mismatch for function 36




logs for node: 2

----- Stdout -----
2589853:C 05 Jan 2024 07:27:07.682 # WARNING Memory overcommit must be enabled! Without it, a background save or replication may fail under low memory condition. Being disabled, it can also cause failures without low memory condition, see https://github.com/jemalloc/jemalloc/issues/1328. To fix this issue add 'vm.overcommit_memory = 1' to /etc/sysctl.conf and then reboot or run the command 'sysctl vm.overcommit_memory=1' for this to take effect.
2589853:C 05 Jan 2024 07:27:07.682 * oO0OoO0OoO0Oo Redis is starting oO0OoO0OoO0Oo
2589853:C 05 Jan 2024 07:27:07.682 * Redis version=255.255.255, bits=64, commit=e04ebdb8, modified=1, pid=2589853, just started
2589853:C 05 Jan 2024 07:27:07.682 * Configuration loaded
2589853:M 05 Jan 2024 07:27:07.682 * monotonic clock: POSIX clock_gettime
2589853:M 05 Jan 2024 07:27:07.683 * Running mode=standalone, port=5002.
2589853:M 05 Jan 2024 07:27:07.689 * <raft> RedisRaft version 255.255.255 [b779b199]
2589853:M 05 Jan 2024 07:27:07.694 * <raft> Initializing test network
2589853:M 05 Jan 2024 07:27:07.695 * <raft> Created test network client
2589853:M 05 Jan 2024 07:27:07.696 * <raft> Raft module loaded, state is 'uninitialized'
2589853:M 05 Jan 2024 07:27:07.696 * Module 'raft' loaded from /home/snagendra/Fuzzing/redisraft-fuzzing/redisraft.so
2589853:M 05 Jan 2024 07:27:07.696 * Server initialized
2589853:M 05 Jan 2024 07:27:07.697 . The AOF directory appendonlydir doesn't exist
2589853:M 05 Jan 2024 07:27:07.697 * Ready to accept connections tcp
2589853:M 05 Jan 2024 07:27:07.698 . 0 clients connected (0 replicas), 1726192 bytes in use
2589853:M 05 Jan 2024 07:27:07.700 - Accepted 127.0.0.1:36788
2589853:M 05 Jan 2024 07:27:07.700 # Missing implement of connection type tls
2589853:M 05 Jan 2024 07:27:07.796 - <raft> join cluster, connecting to localhost:5001
2589853:M 05 Jan 2024 07:27:07.798 * <raft> Joined Raft cluster, node id: 2, dbid: 7d368e29e9e738b369429803109fc09c
2589853:M 05 Jan 2024 07:27:07.805 * <raft> Cluster Membership: term:0 index:0 nodes: id=2,voting=0,active=1,addr=-
2589853:M 05 Jan 2024 07:27:07.805 * <raft> Test network starting message polling thread
2589853:M 05 Jan 2024 07:27:07.857 - Accepted 127.0.0.1:36792
2589853:M 05 Jan 2024 07:27:08.072 - Client closed connection id=9 addr=127.0.0.1:36792 laddr=127.0.0.1:5002 fd=10 name= age=1 idle=1 flags=N db=0 sub=0 psub=0 ssub=0 multi=-1 qbuf=0 qbuf-free=20474 argv-mem=0 multi-mem=0 rbs=1024 rbp=0 obl=0 oll=0 omem=0 tot-mem=22400 events=r cmd=auth user=default redir=-1 resp=2 lib-name= lib-ver=
2589853:M 05 Jan 2024 07:27:08.199 * <raft> State change: Election starting, node is now a pre-candidate, term 0
2589853:M 05 Jan 2024 07:27:08.199 * <raft> Cluster Membership: term:0 index:0 nodes: id=2,voting=0,active=1,addr=-
2589853:signal-handler (1704436028) Received SIGINT scheduling shutdown...
2589853:signal-handler (1704436028) You insist... exiting now.
2590280:C 05 Jan 2024 07:27:08.592 # WARNING Memory overcommit must be enabled! Without it, a background save or replication may fail under low memory condition. Being disabled, it can also cause failures without low memory condition, see https://github.com/jemalloc/jemalloc/issues/1328. To fix this issue add 'vm.overcommit_memory = 1' to /etc/sysctl.conf and then reboot or run the command 'sysctl vm.overcommit_memory=1' for this to take effect.
2590280:C 05 Jan 2024 07:27:08.592 * oO0OoO0OoO0Oo Redis is starting oO0OoO0OoO0Oo
2590280:C 05 Jan 2024 07:27:08.592 * Redis version=255.255.255, bits=64, commit=e04ebdb8, modified=1, pid=2590280, just started
2590280:C 05 Jan 2024 07:27:08.592 * Configuration loaded
2590280:M 05 Jan 2024 07:27:08.593 * monotonic clock: POSIX clock_gettime
2590280:M 05 Jan 2024 07:27:08.593 * Running mode=standalone, port=5002.
2590280:M 05 Jan 2024 07:27:08.600 * <raft> RedisRaft version 255.255.255 [b779b199]
2590280:M 05 Jan 2024 07:27:08.605 * <raft> Initializing test network
2590280:M 05 Jan 2024 07:27:08.606 * <raft> Created test network client
2590280:M 05 Jan 2024 07:27:08.606 * <raft> Raft module loaded, state is 'uninitialized'
2590280:M 05 Jan 2024 07:27:08.606 * Module 'raft' loaded from /home/snagendra/Fuzzing/redisraft-fuzzing/redisraft.so
2590280:M 05 Jan 2024 07:27:08.606 * Server initialized
2590280:M 05 Jan 2024 07:27:08.607 . The AOF directory appendonlydir doesn't exist
2590280:M 05 Jan 2024 07:27:08.607 * Ready to accept connections tcp
2590280:M 05 Jan 2024 07:27:08.607 . 0 clients connected (0 replicas), 1726128 bytes in use
2590280:signal-handler (1704436029) Received SIGINT scheduling shutdown...
2590280:signal-handler (1704436029) You insist... exiting now.
2591154:C 05 Jan 2024 07:27:10.573 # WARNING Memory overcommit must be enabled! Without it, a background save or replication may fail under low memory condition. Being disabled, it can also cause failures without low memory condition, see https://github.com/jemalloc/jemalloc/issues/1328. To fix this issue add 'vm.overcommit_memory = 1' to /etc/sysctl.conf and then reboot or run the command 'sysctl vm.overcommit_memory=1' for this to take effect.
2591154:C 05 Jan 2024 07:27:10.574 * oO0OoO0OoO0Oo Redis is starting oO0OoO0OoO0Oo
2591154:C 05 Jan 2024 07:27:10.574 * Redis version=255.255.255, bits=64, commit=e04ebdb8, modified=1, pid=2591154, just started
2591154:C 05 Jan 2024 07:27:10.574 * Configuration loaded
2591154:M 05 Jan 2024 07:27:10.574 * monotonic clock: POSIX clock_gettime
2591154:M 05 Jan 2024 07:27:10.574 * Running mode=standalone, port=5002.
2591154:M 05 Jan 2024 07:27:10.580 * <raft> RedisRaft version 255.255.255 [b779b199]
2591154:M 05 Jan 2024 07:27:10.585 * <raft> Initializing test network
2591154:M 05 Jan 2024 07:27:10.585 * <raft> Created test network client
2591154:M 05 Jan 2024 07:27:10.586 * <raft> Raft module loaded, state is 'uninitialized'
2591154:M 05 Jan 2024 07:27:10.586 * Module 'raft' loaded from /home/snagendra/Fuzzing/redisraft-fuzzing/redisraft.so
2591154:M 05 Jan 2024 07:27:10.586 * Server initialized
2591154:M 05 Jan 2024 07:27:10.586 . The AOF directory appendonlydir doesn't exist
2591154:M 05 Jan 2024 07:27:10.586 * Ready to accept connections tcp
2591154:M 05 Jan 2024 07:27:10.586 . 0 clients connected (0 replicas), 1726224 bytes in use
2591154:signal-handler (1704436030) Received SIGINT scheduling shutdown...
2591154:signal-handler (1704436030) You insist... exiting now.
2591234:C 05 Jan 2024 07:27:10.957 # WARNING Memory overcommit must be enabled! Without it, a background save or replication may fail under low memory condition. Being disabled, it can also cause failures without low memory condition, see https://github.com/jemalloc/jemalloc/issues/1328. To fix this issue add 'vm.overcommit_memory = 1' to /etc/sysctl.conf and then reboot or run the command 'sysctl vm.overcommit_memory=1' for this to take effect.
2591234:C 05 Jan 2024 07:27:10.957 * oO0OoO0OoO0Oo Redis is starting oO0OoO0OoO0Oo
2591234:C 05 Jan 2024 07:27:10.957 * Redis version=255.255.255, bits=64, commit=e04ebdb8, modified=1, pid=2591234, just started
2591234:C 05 Jan 2024 07:27:10.957 * Configuration loaded
2591234:M 05 Jan 2024 07:27:10.957 * monotonic clock: POSIX clock_gettime
2591234:M 05 Jan 2024 07:27:10.958 * Running mode=standalone, port=5002.
2591234:M 05 Jan 2024 07:27:10.964 * <raft> RedisRaft version 255.255.255 [b779b199]
2591234:M 05 Jan 2024 07:27:10.968 * <raft> Initializing test network
2591234:M 05 Jan 2024 07:27:10.969 * <raft> Created test network client
2591234:M 05 Jan 2024 07:27:10.969 * <raft> Raft module loaded, state is 'uninitialized'
2591234:M 05 Jan 2024 07:27:10.969 * Module 'raft' loaded from /home/snagendra/Fuzzing/redisraft-fuzzing/redisraft.so
2591234:M 05 Jan 2024 07:27:10.970 * Server initialized
2591234:M 05 Jan 2024 07:27:10.970 . The AOF directory appendonlydir doesn't exist
2591234:M 05 Jan 2024 07:27:10.970 * Ready to accept connections tcp
2591234:M 05 Jan 2024 07:27:10.970 . 0 clients connected (0 replicas), 1726352 bytes in use
2591234:M 05 Jan 2024 07:27:11.024 - Accepted 127.0.0.1:36846
2591234:M 05 Jan 2024 07:27:11.024 # Missing implement of connection type tls
2591234:M 05 Jan 2024 07:27:11.130 - Client closed connection id=8 addr=127.0.0.1:36846 laddr=127.0.0.1:5002 fd=9 name= age=0 idle=0 flags=N db=0 sub=0 psub=0 ssub=0 multi=-1 qbuf=0 qbuf-free=20474 argv-mem=0 multi-mem=0 rbs=16384 rbp=0 obl=0 oll=0 omem=0 tot-mem=37760 events=r cmd=auth user=default redir=-1 resp=2 lib-name= lib-ver=
2591234:signal-handler (1704436031) Received SIGINT scheduling shutdown...
2591234:signal-handler (1704436031) You insist... exiting now.

----- Stderr -----
libgcov profiling error:/home/snagendra/Fuzzing/redisraft-fuzzing/build/deps/raft/CMakeFiles/raft.dir/src/raft_server_properties.c.gcda:Merge mismatch for function 8
libgcov profiling error:/home/snagendra/Fuzzing/redisraft-fuzzing/build/deps/raft/CMakeFiles/raft.dir/src/raft_server.c.gcda:Merge mismatch for function 36
libgcov profiling error:/home/snagendra/Fuzzing/redisraft-fuzzing/build/deps/raft/CMakeFiles/raft.dir/src/raft_server_properties.c.gcda:Merge mismatch for function 8
libgcov profiling error:/home/snagendra/Fuzzing/redisraft-fuzzing/build/deps/raft/CMakeFiles/raft.dir/src/raft_server.c.gcda:Merge mismatch for function 36
libgcov profiling error:/home/snagendra/Fuzzing/redisraft-fuzzing/build/deps/raft/CMakeFiles/raft.dir/src/raft_server_properties.c.gcda:Merge mismatch for function 8
libgcov profiling error:/home/snagendra/Fuzzing/redisraft-fuzzing/build/deps/raft/CMakeFiles/raft.dir/src/raft_server.c.gcda:Merge mismatch for function 36
libgcov profiling error:/home/snagendra/Fuzzing/redisraft-fuzzing/build/deps/raft/CMakeFiles/raft.dir/src/raft_server_properties.c.gcda:Merge mismatch for function 8
libgcov profiling error:/home/snagendra/Fuzzing/redisraft-fuzzing/build/deps/raft/CMakeFiles/raft.dir/src/raft_server.c.gcda:Merge mismatch for function 36




logs for node: 3

----- Stdout -----
2589898:C 05 Jan 2024 07:27:07.807 # WARNING Memory overcommit must be enabled! Without it, a background save or replication may fail under low memory condition. Being disabled, it can also cause failures without low memory condition, see https://github.com/jemalloc/jemalloc/issues/1328. To fix this issue add 'vm.overcommit_memory = 1' to /etc/sysctl.conf and then reboot or run the command 'sysctl vm.overcommit_memory=1' for this to take effect.
2589898:C 05 Jan 2024 07:27:07.807 * oO0OoO0OoO0Oo Redis is starting oO0OoO0OoO0Oo
2589898:C 05 Jan 2024 07:27:07.807 * Redis version=255.255.255, bits=64, commit=e04ebdb8, modified=1, pid=2589898, just started
2589898:C 05 Jan 2024 07:27:07.807 * Configuration loaded
2589898:M 05 Jan 2024 07:27:07.808 * monotonic clock: POSIX clock_gettime
2589898:M 05 Jan 2024 07:27:07.808 * Running mode=standalone, port=5003.
2589898:M 05 Jan 2024 07:27:07.815 * <raft> RedisRaft version 255.255.255 [b779b199]
2589898:M 05 Jan 2024 07:27:07.819 * <raft> Initializing test network
2589898:M 05 Jan 2024 07:27:07.820 * <raft> Created test network client
2589898:M 05 Jan 2024 07:27:07.821 * <raft> Raft module loaded, state is 'uninitialized'
2589898:M 05 Jan 2024 07:27:07.821 * Module 'raft' loaded from /home/snagendra/Fuzzing/redisraft-fuzzing/redisraft.so
2589898:M 05 Jan 2024 07:27:07.822 * Server initialized
2589898:M 05 Jan 2024 07:27:07.822 . The AOF directory appendonlydir doesn't exist
2589898:M 05 Jan 2024 07:27:07.823 * Ready to accept connections tcp
2589898:M 05 Jan 2024 07:27:07.823 - Accepted 127.0.0.1:52602
2589898:M 05 Jan 2024 07:27:07.823 # Missing implement of connection type tls
2589898:M 05 Jan 2024 07:27:07.823 . 1 clients connected (0 replicas), 1744056 bytes in use
2589898:M 05 Jan 2024 07:27:07.921 - <raft> join cluster, connecting to localhost:5001
2589898:M 05 Jan 2024 07:27:07.923 * <raft> Joined Raft cluster, node id: 3, dbid: 7d368e29e9e738b369429803109fc09c
2589898:M 05 Jan 2024 07:27:07.930 * <raft> Cluster Membership: term:0 index:0 nodes: id=3,voting=0,active=1,addr=-
2589898:M 05 Jan 2024 07:27:07.930 * <raft> Test network starting message polling thread
2589898:M 05 Jan 2024 07:27:07.958 - Accepted 127.0.0.1:52614
2589898:M 05 Jan 2024 07:27:08.072 - Client closed connection id=9 addr=127.0.0.1:52614 laddr=127.0.0.1:5003 fd=10 name= age=1 idle=1 flags=N db=0 sub=0 psub=0 ssub=0 multi=-1 qbuf=0 qbuf-free=20474 argv-mem=0 multi-mem=0 rbs=16384 rbp=0 obl=0 oll=0 omem=0 tot-mem=37760 events=r cmd=auth user=default redir=-1 resp=2 lib-name= lib-ver=
2589898:M 05 Jan 2024 07:27:08.323 * <raft> State change: Election starting, node is now a pre-candidate, term 1
2589898:M 05 Jan 2024 07:27:08.323 * <raft> Cluster Membership: term:1 index:0 nodes: id=3,voting=0,active=1,addr=-
2589898:signal-handler (1704436028) Received SIGINT scheduling shutdown...
2589898:signal-handler (1704436028) You insist... exiting now.
2590403:C 05 Jan 2024 07:27:08.900 # WARNING Memory overcommit must be enabled! Without it, a background save or replication may fail under low memory condition. Being disabled, it can also cause failures without low memory condition, see https://github.com/jemalloc/jemalloc/issues/1328. To fix this issue add 'vm.overcommit_memory = 1' to /etc/sysctl.conf and then reboot or run the command 'sysctl vm.overcommit_memory=1' for this to take effect.
2590403:C 05 Jan 2024 07:27:08.900 * oO0OoO0OoO0Oo Redis is starting oO0OoO0OoO0Oo
2590403:C 05 Jan 2024 07:27:08.900 * Redis version=255.255.255, bits=64, commit=e04ebdb8, modified=1, pid=2590403, just started
2590403:C 05 Jan 2024 07:27:08.900 * Configuration loaded
2590403:M 05 Jan 2024 07:27:08.900 * monotonic clock: POSIX clock_gettime
2590403:M 05 Jan 2024 07:27:08.901 * Running mode=standalone, port=5003.
2590403:M 05 Jan 2024 07:27:08.907 * <raft> RedisRaft version 255.255.255 [b779b199]
2590403:M 05 Jan 2024 07:27:08.911 * <raft> Initializing test network
2590403:M 05 Jan 2024 07:27:08.912 * <raft> Created test network client
2590403:M 05 Jan 2024 07:27:08.915 * <raft> Raft module loaded, state is 'loading'
2590403:M 05 Jan 2024 07:27:08.915 * Module 'raft' loaded from /home/snagendra/Fuzzing/redisraft-fuzzing/redisraft.so
2590403:M 05 Jan 2024 07:27:08.916 * Server initialized
2590403:M 05 Jan 2024 07:27:08.916 . The AOF directory appendonlydir doesn't exist
2590403:M 05 Jan 2024 07:27:08.916 * Ready to accept connections tcp
2590403:M 05 Jan 2024 07:27:08.916 . 0 clients connected (0 replicas), 1746720 bytes in use
2590403:M 05 Jan 2024 07:27:09.015 * <raft> Loading: Redis loading complete, snapshot NOT LOADED
2590403:M 05 Jan 2024 07:27:09.015 * <raft> Cluster Membership: term:0 index:0 nodes: id=3,voting=0,active=1,addr=-
2590403:M 05 Jan 2024 07:27:09.016 * <raft> Test network starting message polling thread


=== REDIS BUG REPORT START: Cut & paste starting from here ===
2590403:M 05 Jan 2024 07:27:09.016 # Redis 255.255.255 crashed by signal: 6, si_code: -6
2590403:M 05 Jan 2024 07:27:09.016 # Crashed running the instruction at: 0x7eff1c7a6d3c

------ STACK TRACE ------
EIP:
/lib/x86_64-linux-gnu/libc.so.6(+0x8ad3c)[0x7eff1c7a6d3c]

Backtrace:
/lib/x86_64-linux-gnu/libc.so.6(+0x3bfd0)[0x7eff1c757fd0]
/lib/x86_64-linux-gnu/libc.so.6(+0x8ad3c)[0x7eff1c7a6d3c]
/lib/x86_64-linux-gnu/libc.so.6(gsignal+0x12)[0x7eff1c757f32]
/lib/x86_64-linux-gnu/libc.so.6(abort+0xd3)[0x7eff1c742472]
/lib/x86_64-linux-gnu/libc.so.6(+0x26395)[0x7eff1c742395]
/lib/x86_64-linux-gnu/libc.so.6(+0x34e32)[0x7eff1c750e32]
/home/snagendra/Fuzzing/redisraft-fuzzing/redisraft.so(+0x3caea)[0x7eff1c6cbaea]
/home/snagendra/Fuzzing/redisraft-fuzzing/redisraft.so(callRaftPeriodic+0x478)[0x7eff1c6bc088]
/home/snagendra/Fuzzing/redis/src/redis-server 0.0.0.0:5003(moduleTimerHandler+0x21c)[0x557d3815598c]
/home/snagendra/Fuzzing/redis/src/redis-server 0.0.0.0:5003(+0x81705)[0x557d3805f705]
/home/snagendra/Fuzzing/redis/src/redis-server 0.0.0.0:5003(aeMain+0x1c8)[0x557d38069cb8]
/home/snagendra/Fuzzing/redis/src/redis-server 0.0.0.0:5003(main+0x3cd)[0x557d3805ee2d]
/lib/x86_64-linux-gnu/libc.so.6(+0x271ca)[0x7eff1c7431ca]
/lib/x86_64-linux-gnu/libc.so.6(__libc_start_main+0x85)[0x7eff1c743285]
/home/snagendra/Fuzzing/redis/src/redis-server 0.0.0.0:5003(_start+0x2a)[0x557d3805f5aa]

------ REGISTERS ------
2590403:M 05 Jan 2024 07:27:09.017 # 
RAX:0000000000000000 RBX:00000000002786c3
RCX:00007eff1c7a6d3c RDX:0000000000000006
RDI:00000000002786c3 RSI:00000000002786c3
RBP:00007eff1c7181c0 RSP:00007ffd3a0e6b10
R8 :0000000000000007 R9 :0000557d391de820
R10:0000000000000008 R11:0000000000000246
R12:0000000000000006 R13:00000000000006a6
R14:00007eff1c6f805c R15:0000557d381542b0
RIP:00007eff1c7a6d3c EFL:0000000000000246
CSGSFS:002b000000000033
2590403:M 05 Jan 2024 07:27:09.017 # (00007ffd3a0e6b1f) -> 0000557d391de8d0
2590403:M 05 Jan 2024 07:27:09.017 # (00007ffd3a0e6b1e) -> 00007eff1c8eec60
2590403:M 05 Jan 2024 07:27:09.017 # (00007ffd3a0e6b1d) -> 00000000000002b1
2590403:M 05 Jan 2024 07:27:09.017 # (00007ffd3a0e6b1c) -> 0000557d391de820
2590403:M 05 Jan 2024 07:27:09.017 # (00007ffd3a0e6b1b) -> 00000000000006a6
2590403:M 05 Jan 2024 07:27:09.017 # (00007ffd3a0e6b1a) -> 0000000000000020
2590403:M 05 Jan 2024 07:27:09.017 # (00007ffd3a0e6b19) -> 00007eff1c742472
2590403:M 05 Jan 2024 07:27:09.017 # (00007ffd3a0e6b18) -> 00007eff1c8efe70
2590403:M 05 Jan 2024 07:27:09.017 # (00007ffd3a0e6b17) -> 00007eff1c757f32
2590403:M 05 Jan 2024 07:27:09.017 # (00007ffd3a0e6b16) -> 00007eff1c6f805c
2590403:M 05 Jan 2024 07:27:09.017 # (00007ffd3a0e6b15) -> 00000000000006a6
2590403:M 05 Jan 2024 07:27:09.017 # (00007ffd3a0e6b14) -> 00007eff1c6f7720
2590403:M 05 Jan 2024 07:27:09.017 # (00007ffd3a0e6b13) -> 00007eff1c7181c0
2590403:M 05 Jan 2024 07:27:09.017 # (00007ffd3a0e6b12) -> 0000000000000006
2590403:M 05 Jan 2024 07:27:09.017 # (00007ffd3a0e6b11) -> 0751f804a90d4d00
2590403:M 05 Jan 2024 07:27:09.017 # (00007ffd3a0e6b10) -> 0000557d381542b0

------ INFO OUTPUT ------
# Server
redis_version:255.255.255
redis_git_sha1:e04ebdb8
redis_git_dirty:1
redis_build_id:1f78dcc7b4fbdd25
redis_mode:standalone
os:Linux 6.1.60.1.amd64-smp x86_64
arch_bits:64
monotonic_clock:POSIX clock_gettime
multiplexing_api:epoll
atomicvar_api:c11-builtin
gcc_version:10.2.1
process_id:2590403
process_supervised:no
run_id:9b580fb5c69bb498e10bea3fb5d0e5d3d19044b4
tcp_port:5003
server_time_usec:1704436029015459
uptime_in_seconds:1
uptime_in_days:0
hz:10
configured_hz:10
lru_clock:9937212
executable:/home/snagendra/Fuzzing/redis/src/redis-server
config_file:
io_threads_active:0
listener0:name=tcp,bind=0.0.0.0,port=5003

# Clients
connected_clients:0
cluster_connections:0
maxclients:10000
client_recent_max_input_buffer:0
client_recent_max_output_buffer:0
blocked_clients:0
tracking_clients:0
clients_in_timeout_table:0
total_blocking_keys:0
total_blocking_keys_on_nokey:0

# Memory
used_memory:1753936
used_memory_human:1.67M
used_memory_rss:17518592
used_memory_rss_human:16.71M
used_memory_peak:1753936
used_memory_peak_human:1.67M
used_memory_peak_perc:100.41%
used_memory_overhead:1746760
used_memory_startup:1746576
used_memory_dataset:7176
used_memory_dataset_perc:97.50%
allocator_allocated:2088488
allocator_active:2633728
allocator_resident:10768384
total_system_memory:270388695040
total_system_memory_human:251.82G
used_memory_lua:31744
used_memory_vm_eval:31744
used_memory_lua_human:31.00K
used_memory_scripts_eval:0
number_of_cached_scripts:0
number_of_functions:0
number_of_libraries:0
used_memory_vm_functions:32768
used_memory_vm_total:64512
used_memory_vm_total_human:63.00K
used_memory_functions:184
used_memory_scripts:184
used_memory_scripts_human:184B
maxmemory:0
maxmemory_human:0B
maxmemory_policy:noeviction
allocator_frag_ratio:1.26
allocator_frag_bytes:545240
allocator_rss_ratio:4.09
allocator_rss_bytes:8134656
rss_overhead_ratio:1.63
rss_overhead_bytes:6750208
mem_fragmentation_ratio:10.03
mem_fragmentation_bytes:15771872
mem_not_counted_for_evict:0
mem_replication_backlog:0
mem_total_replication_buffers:0
mem_clients_slaves:0
mem_clients_normal:0
mem_cluster_links:0
mem_aof_buffer:0
mem_allocator:jemalloc-5.3.0
active_defrag_running:0
lazyfree_pending_objects:0
lazyfreed_objects:0

# Persistence
loading:0
async_loading:0
current_cow_peak:0
current_cow_size:0
current_cow_size_age:0
current_fork_perc:0.00
current_save_keys_processed:0
current_save_keys_total:0
rdb_changes_since_last_save:0
rdb_bgsave_in_progress:0
rdb_last_save_time:1704436028
rdb_last_bgsave_status:ok
rdb_last_bgsave_time_sec:-1
rdb_current_bgsave_time_sec:-1
rdb_saves:0
rdb_last_cow_size:0
rdb_last_load_keys_expired:0
rdb_last_load_keys_loaded:0
aof_enabled:0
aof_rewrite_in_progress:0
aof_rewrite_scheduled:0
aof_last_rewrite_time_sec:-1
aof_current_rewrite_time_sec:-1
aof_last_bgrewrite_status:ok
aof_rewrites:0
aof_rewrites_consecutive_failures:0
aof_last_write_status:ok
aof_last_cow_size:0
module_fork_in_progress:0
module_fork_last_cow_size:0

# Stats
total_connections_received:0
total_commands_processed:6
instantaneous_ops_per_sec:23
total_net_input_bytes:0
total_net_output_bytes:0
total_net_repl_input_bytes:0
total_net_repl_output_bytes:0
instantaneous_input_kbps:0.00
instantaneous_output_kbps:0.00
instantaneous_input_repl_kbps:0.00
instantaneous_output_repl_kbps:0.00
rejected_connections:0
sync_full:0
sync_partial_ok:0
sync_partial_err:0
expired_keys:0
expired_stale_perc:0.00
expired_time_cap_reached_count:0
expire_cycle_cpu_milliseconds:0
evicted_keys:0
evicted_clients:0
total_eviction_exceeded_time:0
current_eviction_exceeded_time:0
keyspace_hits:0
keyspace_misses:0
pubsub_channels:0
pubsub_patterns:0
pubsubshard_channels:0
latest_fork_usec:0
total_forks:0
migrate_cached_sockets:0
slave_expires_tracked_keys:0
active_defrag_hits:0
active_defrag_misses:0
active_defrag_key_hits:0
active_defrag_key_misses:0
total_active_defrag_time:0
current_active_defrag_time:0
tracking_total_keys:0
tracking_total_items:0
tracking_total_prefixes:0
unexpected_error_replies:0
total_error_replies:0
dump_payload_sanitizations:0
total_reads_processed:0
total_writes_processed:0
io_threaded_reads_processed:0
io_threaded_writes_processed:0
reply_buffer_shrinks:0
reply_buffer_expands:0
acl_access_denied_auth:0
acl_access_denied_cmd:0
acl_access_denied_key:0
acl_access_denied_channel:0

# Replication
role:master
connected_slaves:0
master_failover_state:no-failover
master_replid:689932c3aa2eb9735952337b31b2baba25851591
master_replid2:0000000000000000000000000000000000000000
master_repl_offset:0
second_repl_offset:-1
repl_backlog_active:0
repl_backlog_size:1048576
repl_backlog_first_byte_offset:0
repl_backlog_histlen:0

# CPU
used_cpu_sys:0.005731
used_cpu_user:0.011463
used_cpu_sys_children:0.000000
used_cpu_user_children:0.000000
used_cpu_sys_main_thread:0.005607
used_cpu_user_main_thread:0.011214

# Modules
module:name=raft,ver=1,api=1,filters=1,usedby=[],using=[],options=[]

# Commandstats
cmdstat_config|set:calls=1,usec=6,usec_per_call=6.00,rejected_calls=0,failed_calls=0
cmdstat_config|get:calls=3,usec=5,usec_per_call=1.67,rejected_calls=0,failed_calls=0
cmdstat_command:calls=2,usec=1430,usec_per_call=715.00,rejected_calls=0,failed_calls=0

# Errorstats

# Latencystats
latency_percentiles_usec_config|set:p50=6.015,p99=6.015,p99.9=6.015
latency_percentiles_usec_config|get:p50=2.007,p99=2.007,p99.9=2.007
latency_percentiles_usec_command:p50=700.415,p99=733.183,p99.9=733.183

# Cluster
cluster_enabled:0

# Keyspace

------ CLIENT LIST OUTPUT ------

------ MODULES INFO OUTPUT ------
# raft_version
raft_version:255.255.255
raft_git_sha1:b779b199

# raft_general
raft_dbid:7d368e29e9e738b369429803109fc09c
raft_node_id:3
raft_state:up
raft_role:follower
raft_is_voting:no
raft_voted_for:-1
raft_leader_id:-1
raft_current_term:0
raft_num_nodes:1
raft_num_voting_nodes:0

# raft_log
raft_log_entries:0
raft_current_index:0
raft_commit_index:0
raft_last_applied_index:0
raft_file_size:101
raft_cache_memory_size:0
raft_cache_entries:0
raft_client_attached_entries:0
raft_fsync_count:0
raft_fsync_max_microseconds:0
raft_fsync_avg_microseconds:0

# raft_snapshot
raft_snapshot_filename:redis3.rdb
raft_snapshot_last_idx:0
raft_snapshot_last_term:0
raft_snapshot_size:0
raft_snapshot_time_secs:-1
raft_snapshots_created:0
raft_snapshots_received:0
raft_snapshot_in_progress:no
raft_snapshot_in_progress_last_idx:-1
raft_snapshot_in_progress_last_term:-1

# raft_clients
raft_proxy_reqs:0
raft_proxy_failed_reqs:0
raft_proxy_failed_responses:0
raft_proxy_outstanding_reqs:0

# raft_stats
raft_appendreq_received:0
raft_appendreq_with_entry_received:0
raft_snapshotreq_received:0
raft_exec_throttled:0
raft_num_sessions:0

------ CONFIG DEBUG OUTPUT ------
repl-diskless-load disabled
repl-diskless-sync yes
io-threads 1
lazyfree-lazy-server-del no
list-compress-depth 0
slave-read-only yes
client-query-buffer-limit 1gb
lazyfree-lazy-expire no
lazyfree-lazy-user-del no
lazyfree-lazy-eviction no
proto-max-bulk-len 512mb
replica-read-only yes
activedefrag no
io-threads-do-reads no
sanitize-dump-payload no
lazyfree-lazy-user-flush no

------ FAST MEMORY TEST ------
2590403:M 05 Jan 2024 07:27:09.017 # Bio worker thread #0 terminated
2590403:M 05 Jan 2024 07:27:09.017 # Bio worker thread #1 terminated
2590403:M 05 Jan 2024 07:27:09.017 # Bio worker thread #2 terminated
*** Preparing to test memory region 557d38335000 (2273280 bytes)
*** Preparing to test memory region 557d39189000 (405504 bytes)
*** Preparing to test memory region 7eff0f7ff000 (8388608 bytes)
*** Preparing to test memory region 7eff10000000 (8388608 bytes)
*** Preparing to test memory region 7eff10800000 (6291456 bytes)
*** Preparing to test memory region 7eff10ffb000 (8388608 bytes)
*** Preparing to test memory region 7eff117fc000 (8388608 bytes)
*** Preparing to test memory region 7eff11ffd000 (8388608 bytes)
*** Preparing to test memory region 7eff127fe000 (8388608 bytes)
*** Preparing to test memory region 7eff12fff000 (8388608 bytes)
*** Preparing to test memory region 7eff13800000 (8388608 bytes)
*** Preparing to test memory region 7eff14000000 (135168 bytes)
*** Preparing to test memory region 7eff18486000 (8388608 bytes)
*** Preparing to test memory region 7eff18c87000 (8388608 bytes)
*** Preparing to test memory region 7eff19488000 (8388608 bytes)
*** Preparing to test memory region 7eff19c89000 (8388608 bytes)
*** Preparing to test memory region 7eff1a489000 (2621440 bytes)
*** Preparing to test memory region 7eff1a718000 (8192 bytes)
*** Preparing to test memory region 7eff1ac7f000 (12288 bytes)
*** Preparing to test memory region 7eff1b1fe000 (8192 bytes)
*** Preparing to test memory region 7eff1b418000 (16384 bytes)
*** Preparing to test memory region 7eff1be00000 (8388608 bytes)
*** Preparing to test memory region 7eff1c667000 (4096 bytes)
*** Preparing to test memory region 7eff1c68c000 (12288 bytes)
*** Preparing to test memory region 7eff1c711000 (45056 bytes)
*** Preparing to test memory region 7eff1c8f0000 (53248 bytes)
*** Preparing to test memory region 7eff1ca0d000 (8192 bytes)
.O.O.O.O.O.O.O.O.O.O.O.O.O.O.O.O.O.O.O.O.O.O.O.O.O.O.O
Fast memory test PASSED, however your memory can still be broken. Please run a memory test for several hours if possible.

------ DUMPING CODE AROUND EIP ------
Symbol: (null) (base: (nil))
Module: /lib/x86_64-linux-gnu/libc.so.6 (base 0x7eff1c71c000)
$ xxd -r -p /tmp/dump.hex /tmp/dump.bin
$ objdump --adjust-vma=(nil) -D -b binary -m i386:x86-64 /tmp/dump.bin
------

=== REDIS BUG REPORT END. Make sure to include from START to END. ===

       Please report the crash by opening an issue on github:

           http://github.com/redis/redis/issues

  If a Redis module was involved, please open in the module's repo instead.

  Suspect RAM error? Use redis-server --test-memory to verify it.

  Some other issues could be detected by redis-server --check-system
2591258:C 05 Jan 2024 07:27:10.987 # WARNING Memory overcommit must be enabled! Without it, a background save or replication may fail under low memory condition. Being disabled, it can also cause failures without low memory condition, see https://github.com/jemalloc/jemalloc/issues/1328. To fix this issue add 'vm.overcommit_memory = 1' to /etc/sysctl.conf and then reboot or run the command 'sysctl vm.overcommit_memory=1' for this to take effect.
2591258:C 05 Jan 2024 07:27:10.987 * oO0OoO0OoO0Oo Redis is starting oO0OoO0OoO0Oo
2591258:C 05 Jan 2024 07:27:10.987 * Redis version=255.255.255, bits=64, commit=e04ebdb8, modified=1, pid=2591258, just started
2591258:C 05 Jan 2024 07:27:10.987 * Configuration loaded
2591258:M 05 Jan 2024 07:27:10.987 * monotonic clock: POSIX clock_gettime
2591258:M 05 Jan 2024 07:27:10.988 * Running mode=standalone, port=5003.
2591258:M 05 Jan 2024 07:27:10.994 * <raft> RedisRaft version 255.255.255 [b779b199]
2591258:M 05 Jan 2024 07:27:10.999 * <raft> Initializing test network
2591258:M 05 Jan 2024 07:27:10.999 * <raft> Created test network client
2591258:M 05 Jan 2024 07:27:11.003 * <raft> Raft module loaded, state is 'loading'
2591258:M 05 Jan 2024 07:27:11.003 * Module 'raft' loaded from /home/snagendra/Fuzzing/redisraft-fuzzing/redisraft.so
2591258:M 05 Jan 2024 07:27:11.003 * Server initialized
2591258:M 05 Jan 2024 07:27:11.003 . The AOF directory appendonlydir doesn't exist
2591258:M 05 Jan 2024 07:27:11.003 * Ready to accept connections tcp
2591258:M 05 Jan 2024 07:27:11.004 . 0 clients connected (0 replicas), 1746688 bytes in use
2591258:M 05 Jan 2024 07:27:11.024 - Accepted 127.0.0.1:52672
2591258:M 05 Jan 2024 07:27:11.024 # Missing implement of connection type tls
2591258:M 05 Jan 2024 07:27:11.103 * <raft> Loading: Redis loading complete, snapshot NOT LOADED
2591258:M 05 Jan 2024 07:27:11.104 * <raft> Cluster Membership: term:0 index:0 nodes: id=3,voting=0,active=1,addr=-
2591258:M 05 Jan 2024 07:27:11.104 * <raft> Test network starting message polling thread


=== REDIS BUG REPORT START: Cut & paste starting from here ===
2591258:M 05 Jan 2024 07:27:11.104 # Redis 255.255.255 crashed by signal: 6, si_code: -6
2591258:M 05 Jan 2024 07:27:11.104 # Crashed running the instruction at: 0x7f13a249fd3c

------ STACK TRACE ------
EIP:
/lib/x86_64-linux-gnu/libc.so.6(+0x8ad3c)[0x7f13a249fd3c]

Backtrace:
/lib/x86_64-linux-gnu/libc.so.6(+0x3bfd0)[0x7f13a2450fd0]
/lib/x86_64-linux-gnu/libc.so.6(+0x8ad3c)[0x7f13a249fd3c]
/lib/x86_64-linux-gnu/libc.so.6(gsignal+0x12)[0x7f13a2450f32]
/lib/x86_64-linux-gnu/libc.so.6(abort+0xd3)[0x7f13a243b472]
/lib/x86_64-linux-gnu/libc.so.6(+0x26395)[0x7f13a243b395]
/lib/x86_64-linux-gnu/libc.so.6(+0x34e32)[0x7f13a2449e32]
/home/snagendra/Fuzzing/redisraft-fuzzing/redisraft.so(+0x3caea)[0x7f13a13b4aea]
/home/snagendra/Fuzzing/redisraft-fuzzing/redisraft.so(callRaftPeriodic+0x478)[0x7f13a13a5088]
/home/snagendra/Fuzzing/redis/src/redis-server 0.0.0.0:5003(moduleTimerHandler+0x21c)[0x55f7d457098c]
/home/snagendra/Fuzzing/redis/src/redis-server 0.0.0.0:5003(+0x81705)[0x55f7d447a705]
/home/snagendra/Fuzzing/redis/src/redis-server 0.0.0.0:5003(aeMain+0x1c8)[0x55f7d4484cb8]
/home/snagendra/Fuzzing/redis/src/redis-server 0.0.0.0:5003(main+0x3cd)[0x55f7d4479e2d]
/lib/x86_64-linux-gnu/libc.so.6(+0x271ca)[0x7f13a243c1ca]
/lib/x86_64-linux-gnu/libc.so.6(__libc_start_main+0x85)[0x7f13a243c285]
/home/snagendra/Fuzzing/redis/src/redis-server 0.0.0.0:5003(_start+0x2a)[0x55f7d447a5aa]

------ REGISTERS ------
2591258:M 05 Jan 2024 07:27:11.105 # 
RAX:0000000000000000 RBX:0000000000278a1a
RCX:00007f13a249fd3c RDX:0000000000000006
RDI:0000000000278a1a RSI:0000000000278a1a
RBP:00007f13a24111c0 RSP:00007ffd9b380e90
R8 :0000000000000007 R9 :000055f7d547f820
R10:0000000000000008 R11:0000000000000246
R12:0000000000000006 R13:00000000000006a6
R14:00007f13a13e105c R15:000055f7d456f2b0
RIP:00007f13a249fd3c EFL:0000000000000246
CSGSFS:002b000000000033
2591258:M 05 Jan 2024 07:27:11.105 # (00007ffd9b380e9f) -> 000055f7d547f8d0
2591258:M 05 Jan 2024 07:27:11.105 # (00007ffd9b380e9e) -> 00007f13a25e7c60
2591258:M 05 Jan 2024 07:27:11.105 # (00007ffd9b380e9d) -> 00000000000002b1
2591258:M 05 Jan 2024 07:27:11.105 # (00007ffd9b380e9c) -> 000055f7d547f820
2591258:M 05 Jan 2024 07:27:11.105 # (00007ffd9b380e9b) -> 00000000000006a6
2591258:M 05 Jan 2024 07:27:11.105 # (00007ffd9b380e9a) -> 0000000000000020
2591258:M 05 Jan 2024 07:27:11.105 # (00007ffd9b380e99) -> 00007f13a243b472
2591258:M 05 Jan 2024 07:27:11.105 # (00007ffd9b380e98) -> 00007f13a25e8e70
2591258:M 05 Jan 2024 07:27:11.105 # (00007ffd9b380e97) -> 00007f13a2450f32
2591258:M 05 Jan 2024 07:27:11.105 # (00007ffd9b380e96) -> 00007f13a13e105c
2591258:M 05 Jan 2024 07:27:11.105 # (00007ffd9b380e95) -> 00000000000006a6
2591258:M 05 Jan 2024 07:27:11.105 # (00007ffd9b380e94) -> 00007f13a13e0720
2591258:M 05 Jan 2024 07:27:11.105 # (00007ffd9b380e93) -> 00007f13a24111c0
2591258:M 05 Jan 2024 07:27:11.105 # (00007ffd9b380e92) -> 0000000000000006
2591258:M 05 Jan 2024 07:27:11.105 # (00007ffd9b380e91) -> 63aba883660da500
2591258:M 05 Jan 2024 07:27:11.105 # (00007ffd9b380e90) -> 000055f7d456f2b0

------ INFO OUTPUT ------
# Server
redis_version:255.255.255
redis_git_sha1:e04ebdb8
redis_git_dirty:1
redis_build_id:1f78dcc7b4fbdd25
redis_mode:standalone
os:Linux 6.1.60.1.amd64-smp x86_64
arch_bits:64
monotonic_clock:POSIX clock_gettime
multiplexing_api:epoll
atomicvar_api:c11-builtin
gcc_version:10.2.1
process_id:2591258
process_supervised:no
run_id:7ec08b72f54472fb7323f1e48ac876e324b303da
tcp_port:5003
server_time_usec:1704436031103673
uptime_in_seconds:1
uptime_in_days:0
hz:10
configured_hz:10
lru_clock:9937215
executable:/home/snagendra/Fuzzing/redis/src/redis-server
config_file:
io_threads_active:0
listener0:name=tcp,bind=0.0.0.0,port=5003

# Clients
connected_clients:1
cluster_connections:0
maxclients:10000
client_recent_max_input_buffer:0
client_recent_max_output_buffer:0
blocked_clients:0
tracking_clients:0
clients_in_timeout_table:0
total_blocking_keys:0
total_blocking_keys_on_nokey:0

# Memory
used_memory:1816896
used_memory_human:1.73M
used_memory_rss:17637376
used_memory_rss_human:16.82M
used_memory_peak:1816896
used_memory_peak_human:1.73M
used_memory_peak_perc:100.39%
used_memory_overhead:1746728
used_memory_startup:1746544
used_memory_dataset:70168
used_memory_dataset_perc:99.74%
allocator_allocated:2239056
allocator_active:2781184
allocator_resident:11038720
total_system_memory:270388695040
total_system_memory_human:251.82G
used_memory_lua:31744
used_memory_vm_eval:31744
used_memory_lua_human:31.00K
used_memory_scripts_eval:0
number_of_cached_scripts:0
number_of_functions:0
number_of_libraries:0
used_memory_vm_functions:32768
used_memory_vm_total:64512
used_memory_vm_total_human:63.00K
used_memory_functions:184
used_memory_scripts:184
used_memory_scripts_human:184B
maxmemory:0
maxmemory_human:0B
maxmemory_policy:noeviction
allocator_frag_ratio:1.24
allocator_frag_bytes:542128
allocator_rss_ratio:3.97
allocator_rss_bytes:8257536
rss_overhead_ratio:1.60
rss_overhead_bytes:6598656
mem_fragmentation_ratio:10.10
mem_fragmentation_bytes:15890688
mem_not_counted_for_evict:0
mem_replication_backlog:0
mem_total_replication_buffers:0
mem_clients_slaves:0
mem_clients_normal:0
mem_cluster_links:0
mem_aof_buffer:0
mem_allocator:jemalloc-5.3.0
active_defrag_running:0
lazyfree_pending_objects:0
lazyfreed_objects:0

# Persistence
loading:0
async_loading:0
current_cow_peak:0
current_cow_size:0
current_cow_size_age:0
current_fork_perc:0.00
current_save_keys_processed:0
current_save_keys_total:0
rdb_changes_since_last_save:0
rdb_bgsave_in_progress:0
rdb_last_save_time:1704436030
rdb_last_bgsave_status:ok
rdb_last_bgsave_time_sec:-1
rdb_current_bgsave_time_sec:-1
rdb_saves:0
rdb_last_cow_size:0
rdb_last_load_keys_expired:0
rdb_last_load_keys_loaded:0
aof_enabled:0
aof_rewrite_in_progress:0
aof_rewrite_scheduled:0
aof_last_rewrite_time_sec:-1
aof_current_rewrite_time_sec:-1
aof_last_bgrewrite_status:ok
aof_rewrites:0
aof_rewrites_consecutive_failures:0
aof_last_write_status:ok
aof_last_cow_size:0
module_fork_in_progress:0
module_fork_last_cow_size:0

# Stats
total_connections_received:1
total_commands_processed:7
instantaneous_ops_per_sec:23
total_net_input_bytes:33
total_net_output_bytes:5
total_net_repl_input_bytes:0
total_net_repl_output_bytes:0
instantaneous_input_kbps:0.00
instantaneous_output_kbps:0.00
instantaneous_input_repl_kbps:0.00
instantaneous_output_repl_kbps:0.00
rejected_connections:0
sync_full:0
sync_partial_ok:0
sync_partial_err:0
expired_keys:0
expired_stale_perc:0.00
expired_time_cap_reached_count:0
expire_cycle_cpu_milliseconds:0
evicted_keys:0
evicted_clients:0
total_eviction_exceeded_time:0
current_eviction_exceeded_time:0
keyspace_hits:0
keyspace_misses:0
pubsub_channels:0
pubsub_patterns:0
pubsubshard_channels:0
latest_fork_usec:0
total_forks:0
migrate_cached_sockets:0
slave_expires_tracked_keys:0
active_defrag_hits:0
active_defrag_misses:0
active_defrag_key_hits:0
active_defrag_key_misses:0
total_active_defrag_time:0
current_active_defrag_time:0
tracking_total_keys:0
tracking_total_items:0
tracking_total_prefixes:0
unexpected_error_replies:0
total_error_replies:0
dump_payload_sanitizations:0
total_reads_processed:1
total_writes_processed:1
io_threaded_reads_processed:0
io_threaded_writes_processed:0
reply_buffer_shrinks:0
reply_buffer_expands:0
acl_access_denied_auth:0
acl_access_denied_cmd:0
acl_access_denied_key:0
acl_access_denied_channel:0

# Replication
role:master
connected_slaves:0
master_failover_state:no-failover
master_replid:54569e0afa61d4569bea06fabed9df614487d7c3
master_replid2:0000000000000000000000000000000000000000
master_repl_offset:0
second_repl_offset:-1
repl_backlog_active:0
repl_backlog_size:1048576
repl_backlog_first_byte_offset:0
repl_backlog_histlen:0

# CPU
used_cpu_sys:0.000000
used_cpu_user:0.017334
used_cpu_sys_children:0.000000
used_cpu_user_children:0.000000
used_cpu_sys_main_thread:0.000000
used_cpu_user_main_thread:0.016973

# Modules
module:name=raft,ver=1,api=1,filters=1,usedby=[],using=[],options=[]

# Commandstats
cmdstat_command:calls=2,usec=1543,usec_per_call=771.50,rejected_calls=0,failed_calls=0
cmdstat_config|get:calls=3,usec=5,usec_per_call=1.67,rejected_calls=0,failed_calls=0
cmdstat_config|set:calls=1,usec=6,usec_per_call=6.00,rejected_calls=0,failed_calls=0
cmdstat_auth:calls=1,usec=2,usec_per_call=2.00,rejected_calls=0,failed_calls=0

# Errorstats

# Latencystats
latency_percentiles_usec_command:p50=737.279,p99=811.007,p99.9=811.007
latency_percentiles_usec_config|get:p50=2.007,p99=2.007,p99.9=2.007
latency_percentiles_usec_config|set:p50=6.015,p99=6.015,p99.9=6.015
latency_percentiles_usec_auth:p50=2.007,p99=2.007,p99.9=2.007

# Cluster
cluster_enabled:0

# Keyspace

------ CLIENT LIST OUTPUT ------
id=8 addr=127.0.0.1:52672 laddr=127.0.0.1:5003 fd=11 name= age=0 idle=0 flags=N db=0 sub=0 psub=0 ssub=0 multi=-1 qbuf=0 qbuf-free=20474 argv-mem=0 multi-mem=0 rbs=16384 rbp=16384 obl=0 oll=0 omem=0 tot-mem=37760 events=r cmd=auth user=default redir=-1 resp=2 lib-name= lib-ver=

------ MODULES INFO OUTPUT ------
# raft_version
raft_version:255.255.255
raft_git_sha1:b779b199

# raft_general
raft_dbid:7d368e29e9e738b369429803109fc09c
raft_node_id:3
raft_state:up
raft_role:follower
raft_is_voting:no
raft_voted_for:-1
raft_leader_id:-1
raft_current_term:0
raft_num_nodes:1
raft_num_voting_nodes:0

# raft_log
raft_log_entries:0
raft_current_index:0
raft_commit_index:0
raft_last_applied_index:0
raft_file_size:101
raft_cache_memory_size:0
raft_cache_entries:0
raft_client_attached_entries:0
raft_fsync_count:0
raft_fsync_max_microseconds:0
raft_fsync_avg_microseconds:0

# raft_snapshot
raft_snapshot_filename:redis3.rdb
raft_snapshot_last_idx:0
raft_snapshot_last_term:0
raft_snapshot_size:0
raft_snapshot_time_secs:-1
raft_snapshots_created:0
raft_snapshots_received:0
raft_snapshot_in_progress:no
raft_snapshot_in_progress_last_idx:-1
raft_snapshot_in_progress_last_term:-1

# raft_clients
raft_proxy_reqs:0
raft_proxy_failed_reqs:0
raft_proxy_failed_responses:0
raft_proxy_outstanding_reqs:0

# raft_stats
raft_appendreq_received:0
raft_appendreq_with_entry_received:0
raft_snapshotreq_received:0
raft_exec_throttled:0
raft_num_sessions:0

------ CONFIG DEBUG OUTPUT ------
proto-max-bulk-len 512mb
client-query-buffer-limit 1gb
list-compress-depth 0
activedefrag no
repl-diskless-sync yes
lazyfree-lazy-user-del no
lazyfree-lazy-user-flush no
repl-diskless-load disabled
sanitize-dump-payload no
replica-read-only yes
lazyfree-lazy-expire no
lazyfree-lazy-server-del no
io-threads-do-reads no
io-threads 1
slave-read-only yes
lazyfree-lazy-eviction no

------ FAST MEMORY TEST ------
2591258:M 05 Jan 2024 07:27:11.105 # Bio worker thread #0 terminated
2591258:M 05 Jan 2024 07:27:11.105 # Bio worker thread #1 terminated
2591258:M 05 Jan 2024 07:27:11.105 # Bio worker thread #2 terminated
*** Preparing to test memory region 55f7d4750000 (2273280 bytes)
*** Preparing to test memory region 55f7d542a000 (405504 bytes)
*** Preparing to test memory region 7f13957ff000 (8388608 bytes)
*** Preparing to test memory region 7f1396000000 (8388608 bytes)
*** Preparing to test memory region 7f1396800000 (6291456 bytes)
*** Preparing to test memory region 7f1396fff000 (8388608 bytes)
*** Preparing to test memory region 7f1397800000 (8388608 bytes)
*** Preparing to test memory region 7f1398000000 (135168 bytes)
*** Preparing to test memory region 7f139c16b000 (8388608 bytes)
*** Preparing to test memory region 7f139c96c000 (8388608 bytes)
*** Preparing to test memory region 7f139d16d000 (8388608 bytes)
*** Preparing to test memory region 7f139d96e000 (8388608 bytes)
*** Preparing to test memory region 7f139e16f000 (8388608 bytes)
*** Preparing to test memory region 7f139e970000 (8388608 bytes)
*** Preparing to test memory region 7f139f171000 (8388608 bytes)
*** Preparing to test memory region 7f139f972000 (8388608 bytes)
*** Preparing to test memory region 7f13a0172000 (2621440 bytes)
*** Preparing to test memory region 7f13a0a7f000 (12288 bytes)
*** Preparing to test memory region 7f13a0a9e000 (8192 bytes)
*** Preparing to test memory region 7f13a1018000 (16384 bytes)
*** Preparing to test memory region 7f13a112e000 (8192 bytes)
*** Preparing to test memory region 7f13a12a5000 (4096 bytes)
*** Preparing to test memory region 7f13a13fa000 (24576 bytes)
*** Preparing to test memory region 7f13a1c00000 (8388608 bytes)
*** Preparing to test memory region 7f13a2400000 (12288 bytes)
*** Preparing to test memory region 7f13a2410000 (20480 bytes)
*** Preparing to test memory region 7f13a25e9000 (53248 bytes)
*** Preparing to test memory region 7f13a2706000 (8192 bytes)
.O.O.O.2591258:signal-handler (1704436031) Received SIGINT scheduling shutdown...
2591258:signal-handler (1704436031) You insist... exiting now.

----- Stderr -----
libgcov profiling error:/home/snagendra/Fuzzing/redisraft-fuzzing/build/deps/raft/CMakeFiles/raft.dir/src/raft_server_properties.c.gcda:Merge mismatch for function 8
libgcov profiling error:/home/snagendra/Fuzzing/redisraft-fuzzing/build/deps/raft/CMakeFiles/raft.dir/src/raft_server.c.gcda:Merge mismatch for function 36
redis-server: /home/snagendra/Fuzzing/redisraft-fuzzing/deps/raft/src/raft_server.c:1702: raft_get_first_entry_idx: Assertion `0 < raft_get_current_idx(me)' failed.
redis-server: /home/snagendra/Fuzzing/redisraft-fuzzing/deps/raft/src/raft_server.c:1702: raft_get_first_entry_idx: Assertion `0 < raft_get_current_idx(me)' failed.
libgcov profiling error:/home/snagendra/Fuzzing/redisraft-fuzzing/build/deps/raft/CMakeFiles/raft.dir/src/raft_server_properties.c.gcda:Merge mismatch for function 8
libgcov profiling error:/home/snagendra/Fuzzing/redisraft-fuzzing/build/deps/raft/CMakeFiles/raft.dir/src/raft_server.c.gcda:Merge mismatch for function 36



